[2026-03-23T00:59:00.055+0000] {processor.py:186} INFO - Started process (PID=5769) to work on /home/ec2-user/environment/lab4_model_training/airflow_home/dags/ml_training_pipeline_v2.py
[2026-03-23T00:59:00.056+0000] {processor.py:914} INFO - Processing file /home/ec2-user/environment/lab4_model_training/airflow_home/dags/ml_training_pipeline_v2.py for tasks to queue
[2026-03-23T00:59:00.057+0000] {logging_mixin.py:190} INFO - [2026-03-23T00:59:00.057+0000] {dagbag.py:588} INFO - Filling up the DagBag from /home/ec2-user/environment/lab4_model_training/airflow_home/dags/ml_training_pipeline_v2.py
[2026-03-23T00:59:02.081+0000] {logging_mixin.py:190} INFO - [2026-03-23T00:59:02.075+0000] {dagbag.py:387} ERROR - Failed to import: /home/ec2-user/environment/lab4_model_training/airflow_home/dags/ml_training_pipeline_v2.py
Traceback (most recent call last):
  File "/home/ec2-user/environment/lab4_model_training/venv/lib64/python3.12/site-packages/airflow/models/dagbag.py", line 383, in parse
    loader.exec_module(new_module)
  File "<frozen importlib._bootstrap_external>", line 999, in exec_module
  File "<frozen importlib._bootstrap>", line 488, in _call_with_frames_removed
  File "/home/ec2-user/environment/lab4_model_training/airflow_home/dags/ml_training_pipeline_v2.py", line 42, in <module>
    train_task >> evaluate_task >> promote_task
                  ^^^^^^^^^^^^^
NameError: name 'evaluate_task' is not defined
[2026-03-23T00:59:02.086+0000] {processor.py:927} WARNING - No viable dags retrieved from /home/ec2-user/environment/lab4_model_training/airflow_home/dags/ml_training_pipeline_v2.py
[2026-03-23T00:59:02.098+0000] {processor.py:208} INFO - Processing /home/ec2-user/environment/lab4_model_training/airflow_home/dags/ml_training_pipeline_v2.py took 2.048 seconds
[2026-03-23T01:00:03.916+0000] {processor.py:186} INFO - Started process (PID=5955) to work on /home/ec2-user/environment/lab4_model_training/airflow_home/dags/ml_training_pipeline_v2.py
[2026-03-23T01:00:03.917+0000] {processor.py:914} INFO - Processing file /home/ec2-user/environment/lab4_model_training/airflow_home/dags/ml_training_pipeline_v2.py for tasks to queue
[2026-03-23T01:00:03.919+0000] {logging_mixin.py:190} INFO - [2026-03-23T01:00:03.919+0000] {dagbag.py:588} INFO - Filling up the DagBag from /home/ec2-user/environment/lab4_model_training/airflow_home/dags/ml_training_pipeline_v2.py
[2026-03-23T01:00:05.018+0000] {logging_mixin.py:190} INFO - [2026-03-23T01:00:05.013+0000] {dagbag.py:387} ERROR - Failed to import: /home/ec2-user/environment/lab4_model_training/airflow_home/dags/ml_training_pipeline_v2.py
Traceback (most recent call last):
  File "/home/ec2-user/environment/lab4_model_training/venv/lib64/python3.12/site-packages/airflow/models/dagbag.py", line 383, in parse
    loader.exec_module(new_module)
  File "<frozen importlib._bootstrap_external>", line 999, in exec_module
  File "<frozen importlib._bootstrap>", line 488, in _call_with_frames_removed
  File "/home/ec2-user/environment/lab4_model_training/airflow_home/dags/ml_training_pipeline_v2.py", line 42, in <module>
    train_task >> evaluate_task >> promote_task
                  ^^^^^^^^^^^^^
NameError: name 'evaluate_task' is not defined
[2026-03-23T01:00:05.023+0000] {processor.py:927} WARNING - No viable dags retrieved from /home/ec2-user/environment/lab4_model_training/airflow_home/dags/ml_training_pipeline_v2.py
[2026-03-23T01:00:05.036+0000] {processor.py:208} INFO - Processing /home/ec2-user/environment/lab4_model_training/airflow_home/dags/ml_training_pipeline_v2.py took 1.126 seconds
[2026-03-23T01:00:37.185+0000] {processor.py:186} INFO - Started process (PID=6021) to work on /home/ec2-user/environment/lab4_model_training/airflow_home/dags/ml_training_pipeline_v2.py
[2026-03-23T01:00:37.185+0000] {processor.py:914} INFO - Processing file /home/ec2-user/environment/lab4_model_training/airflow_home/dags/ml_training_pipeline_v2.py for tasks to queue
[2026-03-23T01:00:37.188+0000] {logging_mixin.py:190} INFO - [2026-03-23T01:00:37.187+0000] {dagbag.py:588} INFO - Filling up the DagBag from /home/ec2-user/environment/lab4_model_training/airflow_home/dags/ml_training_pipeline_v2.py
[2026-03-23T01:00:38.299+0000] {logging_mixin.py:190} INFO - [2026-03-23T01:00:38.293+0000] {dagbag.py:387} ERROR - Failed to import: /home/ec2-user/environment/lab4_model_training/airflow_home/dags/ml_training_pipeline_v2.py
Traceback (most recent call last):
  File "/home/ec2-user/environment/lab4_model_training/venv/lib64/python3.12/site-packages/airflow/models/dagbag.py", line 383, in parse
    loader.exec_module(new_module)
  File "<frozen importlib._bootstrap_external>", line 999, in exec_module
  File "<frozen importlib._bootstrap>", line 488, in _call_with_frames_removed
  File "/home/ec2-user/environment/lab4_model_training/airflow_home/dags/ml_training_pipeline_v2.py", line 42, in <module>
    train_task >> evaluate_task >> promote_task
                  ^^^^^^^^^^^^^
NameError: name 'evaluate_task' is not defined
[2026-03-23T01:00:38.304+0000] {processor.py:927} WARNING - No viable dags retrieved from /home/ec2-user/environment/lab4_model_training/airflow_home/dags/ml_training_pipeline_v2.py
[2026-03-23T01:00:38.317+0000] {processor.py:208} INFO - Processing /home/ec2-user/environment/lab4_model_training/airflow_home/dags/ml_training_pipeline_v2.py took 1.138 seconds
[2026-03-23T01:01:09.114+0000] {processor.py:186} INFO - Started process (PID=6162) to work on /home/ec2-user/environment/lab4_model_training/airflow_home/dags/ml_training_pipeline_v2.py
[2026-03-23T01:01:09.114+0000] {processor.py:914} INFO - Processing file /home/ec2-user/environment/lab4_model_training/airflow_home/dags/ml_training_pipeline_v2.py for tasks to queue
[2026-03-23T01:01:09.116+0000] {logging_mixin.py:190} INFO - [2026-03-23T01:01:09.116+0000] {dagbag.py:588} INFO - Filling up the DagBag from /home/ec2-user/environment/lab4_model_training/airflow_home/dags/ml_training_pipeline_v2.py
[2026-03-23T01:01:10.212+0000] {logging_mixin.py:190} INFO - [2026-03-23T01:01:10.205+0000] {dagbag.py:387} ERROR - Failed to import: /home/ec2-user/environment/lab4_model_training/airflow_home/dags/ml_training_pipeline_v2.py
Traceback (most recent call last):
  File "/home/ec2-user/environment/lab4_model_training/venv/lib64/python3.12/site-packages/airflow/models/dagbag.py", line 383, in parse
    loader.exec_module(new_module)
  File "<frozen importlib._bootstrap_external>", line 999, in exec_module
  File "<frozen importlib._bootstrap>", line 488, in _call_with_frames_removed
  File "/home/ec2-user/environment/lab4_model_training/airflow_home/dags/ml_training_pipeline_v2.py", line 42, in <module>
    train_task >> evaluate_task >> promote_task
                  ^^^^^^^^^^^^^
NameError: name 'evaluate_task' is not defined
[2026-03-23T01:01:10.219+0000] {processor.py:927} WARNING - No viable dags retrieved from /home/ec2-user/environment/lab4_model_training/airflow_home/dags/ml_training_pipeline_v2.py
[2026-03-23T01:01:10.233+0000] {processor.py:208} INFO - Processing /home/ec2-user/environment/lab4_model_training/airflow_home/dags/ml_training_pipeline_v2.py took 1.125 seconds
[2026-03-23T01:01:41.176+0000] {processor.py:186} INFO - Started process (PID=6241) to work on /home/ec2-user/environment/lab4_model_training/airflow_home/dags/ml_training_pipeline_v2.py
[2026-03-23T01:01:41.178+0000] {processor.py:914} INFO - Processing file /home/ec2-user/environment/lab4_model_training/airflow_home/dags/ml_training_pipeline_v2.py for tasks to queue
[2026-03-23T01:01:41.180+0000] {logging_mixin.py:190} INFO - [2026-03-23T01:01:41.180+0000] {dagbag.py:588} INFO - Filling up the DagBag from /home/ec2-user/environment/lab4_model_training/airflow_home/dags/ml_training_pipeline_v2.py
[2026-03-23T01:01:42.293+0000] {logging_mixin.py:190} INFO - [2026-03-23T01:01:42.288+0000] {dagbag.py:387} ERROR - Failed to import: /home/ec2-user/environment/lab4_model_training/airflow_home/dags/ml_training_pipeline_v2.py
Traceback (most recent call last):
  File "/home/ec2-user/environment/lab4_model_training/venv/lib64/python3.12/site-packages/airflow/models/dagbag.py", line 383, in parse
    loader.exec_module(new_module)
  File "<frozen importlib._bootstrap_external>", line 999, in exec_module
  File "<frozen importlib._bootstrap>", line 488, in _call_with_frames_removed
  File "/home/ec2-user/environment/lab4_model_training/airflow_home/dags/ml_training_pipeline_v2.py", line 42, in <module>
    train_task >> evaluate_task >> promote_task
                  ^^^^^^^^^^^^^
NameError: name 'evaluate_task' is not defined
[2026-03-23T01:01:42.298+0000] {processor.py:927} WARNING - No viable dags retrieved from /home/ec2-user/environment/lab4_model_training/airflow_home/dags/ml_training_pipeline_v2.py
[2026-03-23T01:01:42.311+0000] {processor.py:208} INFO - Processing /home/ec2-user/environment/lab4_model_training/airflow_home/dags/ml_training_pipeline_v2.py took 1.140 seconds
[2026-03-23T01:02:43.007+0000] {processor.py:186} INFO - Started process (PID=6373) to work on /home/ec2-user/environment/lab4_model_training/airflow_home/dags/ml_training_pipeline_v2.py
[2026-03-23T01:02:43.008+0000] {processor.py:914} INFO - Processing file /home/ec2-user/environment/lab4_model_training/airflow_home/dags/ml_training_pipeline_v2.py for tasks to queue
[2026-03-23T01:02:43.010+0000] {logging_mixin.py:190} INFO - [2026-03-23T01:02:43.010+0000] {dagbag.py:588} INFO - Filling up the DagBag from /home/ec2-user/environment/lab4_model_training/airflow_home/dags/ml_training_pipeline_v2.py
[2026-03-23T01:02:44.136+0000] {logging_mixin.py:190} INFO - [2026-03-23T01:02:44.131+0000] {dagbag.py:387} ERROR - Failed to import: /home/ec2-user/environment/lab4_model_training/airflow_home/dags/ml_training_pipeline_v2.py
Traceback (most recent call last):
  File "/home/ec2-user/environment/lab4_model_training/venv/lib64/python3.12/site-packages/airflow/models/dagbag.py", line 383, in parse
    loader.exec_module(new_module)
  File "<frozen importlib._bootstrap_external>", line 999, in exec_module
  File "<frozen importlib._bootstrap>", line 488, in _call_with_frames_removed
  File "/home/ec2-user/environment/lab4_model_training/airflow_home/dags/ml_training_pipeline_v2.py", line 42, in <module>
    train_task >> evaluate_task >> promote_task
                  ^^^^^^^^^^^^^
NameError: name 'evaluate_task' is not defined
[2026-03-23T01:02:44.141+0000] {processor.py:927} WARNING - No viable dags retrieved from /home/ec2-user/environment/lab4_model_training/airflow_home/dags/ml_training_pipeline_v2.py
[2026-03-23T01:02:44.154+0000] {processor.py:208} INFO - Processing /home/ec2-user/environment/lab4_model_training/airflow_home/dags/ml_training_pipeline_v2.py took 1.152 seconds
[2026-03-23T01:03:16.621+0000] {processor.py:186} INFO - Started process (PID=6524) to work on /home/ec2-user/environment/lab4_model_training/airflow_home/dags/ml_training_pipeline_v2.py
[2026-03-23T01:03:16.622+0000] {processor.py:914} INFO - Processing file /home/ec2-user/environment/lab4_model_training/airflow_home/dags/ml_training_pipeline_v2.py for tasks to queue
[2026-03-23T01:03:16.624+0000] {logging_mixin.py:190} INFO - [2026-03-23T01:03:16.624+0000] {dagbag.py:588} INFO - Filling up the DagBag from /home/ec2-user/environment/lab4_model_training/airflow_home/dags/ml_training_pipeline_v2.py
[2026-03-23T01:03:17.714+0000] {logging_mixin.py:190} INFO - [2026-03-23T01:03:17.709+0000] {dagbag.py:387} ERROR - Failed to import: /home/ec2-user/environment/lab4_model_training/airflow_home/dags/ml_training_pipeline_v2.py
Traceback (most recent call last):
  File "/home/ec2-user/environment/lab4_model_training/venv/lib64/python3.12/site-packages/airflow/models/dagbag.py", line 383, in parse
    loader.exec_module(new_module)
  File "<frozen importlib._bootstrap_external>", line 999, in exec_module
  File "<frozen importlib._bootstrap>", line 488, in _call_with_frames_removed
  File "/home/ec2-user/environment/lab4_model_training/airflow_home/dags/ml_training_pipeline_v2.py", line 42, in <module>
    train_task >> evaluate_task >> promote_task
                  ^^^^^^^^^^^^^
NameError: name 'evaluate_task' is not defined
[2026-03-23T01:03:17.719+0000] {processor.py:927} WARNING - No viable dags retrieved from /home/ec2-user/environment/lab4_model_training/airflow_home/dags/ml_training_pipeline_v2.py
[2026-03-23T01:03:17.733+0000] {processor.py:208} INFO - Processing /home/ec2-user/environment/lab4_model_training/airflow_home/dags/ml_training_pipeline_v2.py took 1.117 seconds
[2026-03-23T01:03:49.733+0000] {processor.py:186} INFO - Started process (PID=6585) to work on /home/ec2-user/environment/lab4_model_training/airflow_home/dags/ml_training_pipeline_v2.py
[2026-03-23T01:03:49.734+0000] {processor.py:914} INFO - Processing file /home/ec2-user/environment/lab4_model_training/airflow_home/dags/ml_training_pipeline_v2.py for tasks to queue
[2026-03-23T01:03:49.736+0000] {logging_mixin.py:190} INFO - [2026-03-23T01:03:49.736+0000] {dagbag.py:588} INFO - Filling up the DagBag from /home/ec2-user/environment/lab4_model_training/airflow_home/dags/ml_training_pipeline_v2.py
[2026-03-23T01:03:50.831+0000] {logging_mixin.py:190} INFO - [2026-03-23T01:03:50.826+0000] {dagbag.py:387} ERROR - Failed to import: /home/ec2-user/environment/lab4_model_training/airflow_home/dags/ml_training_pipeline_v2.py
Traceback (most recent call last):
  File "/home/ec2-user/environment/lab4_model_training/venv/lib64/python3.12/site-packages/airflow/models/dagbag.py", line 383, in parse
    loader.exec_module(new_module)
  File "<frozen importlib._bootstrap_external>", line 999, in exec_module
  File "<frozen importlib._bootstrap>", line 488, in _call_with_frames_removed
  File "/home/ec2-user/environment/lab4_model_training/airflow_home/dags/ml_training_pipeline_v2.py", line 42, in <module>
    train_task >> evaluate_task >> promote_task
                  ^^^^^^^^^^^^^
NameError: name 'evaluate_task' is not defined
[2026-03-23T01:03:50.836+0000] {processor.py:927} WARNING - No viable dags retrieved from /home/ec2-user/environment/lab4_model_training/airflow_home/dags/ml_training_pipeline_v2.py
[2026-03-23T01:03:50.849+0000] {processor.py:208} INFO - Processing /home/ec2-user/environment/lab4_model_training/airflow_home/dags/ml_training_pipeline_v2.py took 1.121 seconds
[2026-03-23T01:04:23.084+0000] {processor.py:186} INFO - Started process (PID=6661) to work on /home/ec2-user/environment/lab4_model_training/airflow_home/dags/ml_training_pipeline_v2.py
[2026-03-23T01:04:23.085+0000] {processor.py:914} INFO - Processing file /home/ec2-user/environment/lab4_model_training/airflow_home/dags/ml_training_pipeline_v2.py for tasks to queue
[2026-03-23T01:04:23.086+0000] {logging_mixin.py:190} INFO - [2026-03-23T01:04:23.086+0000] {dagbag.py:588} INFO - Filling up the DagBag from /home/ec2-user/environment/lab4_model_training/airflow_home/dags/ml_training_pipeline_v2.py
[2026-03-23T01:04:24.177+0000] {logging_mixin.py:190} INFO - [2026-03-23T01:04:24.172+0000] {dagbag.py:387} ERROR - Failed to import: /home/ec2-user/environment/lab4_model_training/airflow_home/dags/ml_training_pipeline_v2.py
Traceback (most recent call last):
  File "/home/ec2-user/environment/lab4_model_training/venv/lib64/python3.12/site-packages/airflow/models/dagbag.py", line 383, in parse
    loader.exec_module(new_module)
  File "<frozen importlib._bootstrap_external>", line 999, in exec_module
  File "<frozen importlib._bootstrap>", line 488, in _call_with_frames_removed
  File "/home/ec2-user/environment/lab4_model_training/airflow_home/dags/ml_training_pipeline_v2.py", line 42, in <module>
    train_task >> evaluate_task >> promote_task
                  ^^^^^^^^^^^^^
NameError: name 'evaluate_task' is not defined
[2026-03-23T01:04:24.182+0000] {processor.py:927} WARNING - No viable dags retrieved from /home/ec2-user/environment/lab4_model_training/airflow_home/dags/ml_training_pipeline_v2.py
[2026-03-23T01:04:24.195+0000] {processor.py:208} INFO - Processing /home/ec2-user/environment/lab4_model_training/airflow_home/dags/ml_training_pipeline_v2.py took 1.117 seconds
[2026-03-23T01:04:54.889+0000] {processor.py:186} INFO - Started process (PID=6761) to work on /home/ec2-user/environment/lab4_model_training/airflow_home/dags/ml_training_pipeline_v2.py
[2026-03-23T01:04:54.890+0000] {processor.py:914} INFO - Processing file /home/ec2-user/environment/lab4_model_training/airflow_home/dags/ml_training_pipeline_v2.py for tasks to queue
[2026-03-23T01:04:54.892+0000] {logging_mixin.py:190} INFO - [2026-03-23T01:04:54.892+0000] {dagbag.py:588} INFO - Filling up the DagBag from /home/ec2-user/environment/lab4_model_training/airflow_home/dags/ml_training_pipeline_v2.py
[2026-03-23T01:04:55.974+0000] {logging_mixin.py:190} INFO - [2026-03-23T01:04:55.969+0000] {dagbag.py:387} ERROR - Failed to import: /home/ec2-user/environment/lab4_model_training/airflow_home/dags/ml_training_pipeline_v2.py
Traceback (most recent call last):
  File "/home/ec2-user/environment/lab4_model_training/venv/lib64/python3.12/site-packages/airflow/models/dagbag.py", line 383, in parse
    loader.exec_module(new_module)
  File "<frozen importlib._bootstrap_external>", line 999, in exec_module
  File "<frozen importlib._bootstrap>", line 488, in _call_with_frames_removed
  File "/home/ec2-user/environment/lab4_model_training/airflow_home/dags/ml_training_pipeline_v2.py", line 42, in <module>
    train_task >> evaluate_task >> promote_task
                  ^^^^^^^^^^^^^
NameError: name 'evaluate_task' is not defined
[2026-03-23T01:04:55.979+0000] {processor.py:927} WARNING - No viable dags retrieved from /home/ec2-user/environment/lab4_model_training/airflow_home/dags/ml_training_pipeline_v2.py
[2026-03-23T01:04:55.992+0000] {processor.py:208} INFO - Processing /home/ec2-user/environment/lab4_model_training/airflow_home/dags/ml_training_pipeline_v2.py took 1.108 seconds
[2026-03-23T01:05:31.676+0000] {processor.py:186} INFO - Started process (PID=6833) to work on /home/ec2-user/environment/lab4_model_training/airflow_home/dags/ml_training_pipeline_v2.py
[2026-03-23T01:05:31.677+0000] {processor.py:914} INFO - Processing file /home/ec2-user/environment/lab4_model_training/airflow_home/dags/ml_training_pipeline_v2.py for tasks to queue
[2026-03-23T01:05:31.679+0000] {logging_mixin.py:190} INFO - [2026-03-23T01:05:31.678+0000] {dagbag.py:588} INFO - Filling up the DagBag from /home/ec2-user/environment/lab4_model_training/airflow_home/dags/ml_training_pipeline_v2.py
[2026-03-23T01:05:32.776+0000] {logging_mixin.py:190} INFO - [2026-03-23T01:05:32.771+0000] {dagbag.py:387} ERROR - Failed to import: /home/ec2-user/environment/lab4_model_training/airflow_home/dags/ml_training_pipeline_v2.py
Traceback (most recent call last):
  File "/home/ec2-user/environment/lab4_model_training/venv/lib64/python3.12/site-packages/airflow/models/dagbag.py", line 383, in parse
    loader.exec_module(new_module)
  File "<frozen importlib._bootstrap_external>", line 999, in exec_module
  File "<frozen importlib._bootstrap>", line 488, in _call_with_frames_removed
  File "/home/ec2-user/environment/lab4_model_training/airflow_home/dags/ml_training_pipeline_v2.py", line 42, in <module>
    train_task >> evaluate_task >> promote_task
                  ^^^^^^^^^^^^^
NameError: name 'evaluate_task' is not defined
[2026-03-23T01:05:32.781+0000] {processor.py:927} WARNING - No viable dags retrieved from /home/ec2-user/environment/lab4_model_training/airflow_home/dags/ml_training_pipeline_v2.py
[2026-03-23T01:05:32.794+0000] {processor.py:208} INFO - Processing /home/ec2-user/environment/lab4_model_training/airflow_home/dags/ml_training_pipeline_v2.py took 1.124 seconds
[2026-03-23T01:06:11.085+0000] {processor.py:186} INFO - Started process (PID=6908) to work on /home/ec2-user/environment/lab4_model_training/airflow_home/dags/ml_training_pipeline_v2.py
[2026-03-23T01:06:11.087+0000] {processor.py:914} INFO - Processing file /home/ec2-user/environment/lab4_model_training/airflow_home/dags/ml_training_pipeline_v2.py for tasks to queue
[2026-03-23T01:06:11.089+0000] {logging_mixin.py:190} INFO - [2026-03-23T01:06:11.089+0000] {dagbag.py:588} INFO - Filling up the DagBag from /home/ec2-user/environment/lab4_model_training/airflow_home/dags/ml_training_pipeline_v2.py
[2026-03-23T01:06:12.175+0000] {logging_mixin.py:190} INFO - [2026-03-23T01:06:12.169+0000] {dagbag.py:387} ERROR - Failed to import: /home/ec2-user/environment/lab4_model_training/airflow_home/dags/ml_training_pipeline_v2.py
Traceback (most recent call last):
  File "/home/ec2-user/environment/lab4_model_training/venv/lib64/python3.12/site-packages/airflow/models/dagbag.py", line 383, in parse
    loader.exec_module(new_module)
  File "<frozen importlib._bootstrap_external>", line 999, in exec_module
  File "<frozen importlib._bootstrap>", line 488, in _call_with_frames_removed
  File "/home/ec2-user/environment/lab4_model_training/airflow_home/dags/ml_training_pipeline_v2.py", line 42, in <module>
    train_task >> evaluate_task >> promote_task
                  ^^^^^^^^^^^^^
NameError: name 'evaluate_task' is not defined
[2026-03-23T01:06:12.179+0000] {processor.py:927} WARNING - No viable dags retrieved from /home/ec2-user/environment/lab4_model_training/airflow_home/dags/ml_training_pipeline_v2.py
[2026-03-23T01:06:12.193+0000] {processor.py:208} INFO - Processing /home/ec2-user/environment/lab4_model_training/airflow_home/dags/ml_training_pipeline_v2.py took 1.113 seconds
[2026-03-23T01:06:49.125+0000] {processor.py:186} INFO - Started process (PID=7035) to work on /home/ec2-user/environment/lab4_model_training/airflow_home/dags/ml_training_pipeline_v2.py
[2026-03-23T01:06:49.127+0000] {processor.py:914} INFO - Processing file /home/ec2-user/environment/lab4_model_training/airflow_home/dags/ml_training_pipeline_v2.py for tasks to queue
[2026-03-23T01:06:49.129+0000] {logging_mixin.py:190} INFO - [2026-03-23T01:06:49.128+0000] {dagbag.py:588} INFO - Filling up the DagBag from /home/ec2-user/environment/lab4_model_training/airflow_home/dags/ml_training_pipeline_v2.py
[2026-03-23T01:06:50.209+0000] {logging_mixin.py:190} INFO - [2026-03-23T01:06:50.203+0000] {dagbag.py:387} ERROR - Failed to import: /home/ec2-user/environment/lab4_model_training/airflow_home/dags/ml_training_pipeline_v2.py
Traceback (most recent call last):
  File "/home/ec2-user/environment/lab4_model_training/venv/lib64/python3.12/site-packages/airflow/models/dagbag.py", line 383, in parse
    loader.exec_module(new_module)
  File "<frozen importlib._bootstrap_external>", line 999, in exec_module
  File "<frozen importlib._bootstrap>", line 488, in _call_with_frames_removed
  File "/home/ec2-user/environment/lab4_model_training/airflow_home/dags/ml_training_pipeline_v2.py", line 42, in <module>
    train_task >> evaluate_task >> promote_task
                  ^^^^^^^^^^^^^
NameError: name 'evaluate_task' is not defined
[2026-03-23T01:06:50.213+0000] {processor.py:927} WARNING - No viable dags retrieved from /home/ec2-user/environment/lab4_model_training/airflow_home/dags/ml_training_pipeline_v2.py
[2026-03-23T01:06:50.226+0000] {processor.py:208} INFO - Processing /home/ec2-user/environment/lab4_model_training/airflow_home/dags/ml_training_pipeline_v2.py took 1.106 seconds
[2026-03-23T01:07:28.523+0000] {processor.py:186} INFO - Started process (PID=7120) to work on /home/ec2-user/environment/lab4_model_training/airflow_home/dags/ml_training_pipeline_v2.py
[2026-03-23T01:07:28.524+0000] {processor.py:914} INFO - Processing file /home/ec2-user/environment/lab4_model_training/airflow_home/dags/ml_training_pipeline_v2.py for tasks to queue
[2026-03-23T01:07:28.527+0000] {logging_mixin.py:190} INFO - [2026-03-23T01:07:28.526+0000] {dagbag.py:588} INFO - Filling up the DagBag from /home/ec2-user/environment/lab4_model_training/airflow_home/dags/ml_training_pipeline_v2.py
[2026-03-23T01:07:29.614+0000] {logging_mixin.py:190} INFO - [2026-03-23T01:07:29.609+0000] {dagbag.py:387} ERROR - Failed to import: /home/ec2-user/environment/lab4_model_training/airflow_home/dags/ml_training_pipeline_v2.py
Traceback (most recent call last):
  File "/home/ec2-user/environment/lab4_model_training/venv/lib64/python3.12/site-packages/airflow/models/dagbag.py", line 383, in parse
    loader.exec_module(new_module)
  File "<frozen importlib._bootstrap_external>", line 999, in exec_module
  File "<frozen importlib._bootstrap>", line 488, in _call_with_frames_removed
  File "/home/ec2-user/environment/lab4_model_training/airflow_home/dags/ml_training_pipeline_v2.py", line 42, in <module>
    train_task >> evaluate_task >> promote_task
                  ^^^^^^^^^^^^^
NameError: name 'evaluate_task' is not defined
[2026-03-23T01:07:29.619+0000] {processor.py:927} WARNING - No viable dags retrieved from /home/ec2-user/environment/lab4_model_training/airflow_home/dags/ml_training_pipeline_v2.py
[2026-03-23T01:07:29.632+0000] {processor.py:208} INFO - Processing /home/ec2-user/environment/lab4_model_training/airflow_home/dags/ml_training_pipeline_v2.py took 1.114 seconds
[2026-03-23T01:08:02.780+0000] {processor.py:186} INFO - Started process (PID=7179) to work on /home/ec2-user/environment/lab4_model_training/airflow_home/dags/ml_training_pipeline_v2.py
[2026-03-23T01:08:02.781+0000] {processor.py:914} INFO - Processing file /home/ec2-user/environment/lab4_model_training/airflow_home/dags/ml_training_pipeline_v2.py for tasks to queue
[2026-03-23T01:08:02.783+0000] {logging_mixin.py:190} INFO - [2026-03-23T01:08:02.783+0000] {dagbag.py:588} INFO - Filling up the DagBag from /home/ec2-user/environment/lab4_model_training/airflow_home/dags/ml_training_pipeline_v2.py
[2026-03-23T01:08:03.877+0000] {logging_mixin.py:190} INFO - [2026-03-23T01:08:03.871+0000] {dagbag.py:387} ERROR - Failed to import: /home/ec2-user/environment/lab4_model_training/airflow_home/dags/ml_training_pipeline_v2.py
Traceback (most recent call last):
  File "/home/ec2-user/environment/lab4_model_training/venv/lib64/python3.12/site-packages/airflow/models/dagbag.py", line 383, in parse
    loader.exec_module(new_module)
  File "<frozen importlib._bootstrap_external>", line 999, in exec_module
  File "<frozen importlib._bootstrap>", line 488, in _call_with_frames_removed
  File "/home/ec2-user/environment/lab4_model_training/airflow_home/dags/ml_training_pipeline_v2.py", line 42, in <module>
    train_task >> evaluate_task >> promote_task
                  ^^^^^^^^^^^^^
NameError: name 'evaluate_task' is not defined
[2026-03-23T01:08:03.881+0000] {processor.py:927} WARNING - No viable dags retrieved from /home/ec2-user/environment/lab4_model_training/airflow_home/dags/ml_training_pipeline_v2.py
[2026-03-23T01:08:03.895+0000] {processor.py:208} INFO - Processing /home/ec2-user/environment/lab4_model_training/airflow_home/dags/ml_training_pipeline_v2.py took 1.120 seconds
[2026-03-23T01:08:37.406+0000] {processor.py:186} INFO - Started process (PID=7228) to work on /home/ec2-user/environment/lab4_model_training/airflow_home/dags/ml_training_pipeline_v2.py
[2026-03-23T01:08:37.408+0000] {processor.py:914} INFO - Processing file /home/ec2-user/environment/lab4_model_training/airflow_home/dags/ml_training_pipeline_v2.py for tasks to queue
[2026-03-23T01:08:37.410+0000] {logging_mixin.py:190} INFO - [2026-03-23T01:08:37.410+0000] {dagbag.py:588} INFO - Filling up the DagBag from /home/ec2-user/environment/lab4_model_training/airflow_home/dags/ml_training_pipeline_v2.py
[2026-03-23T01:08:38.494+0000] {logging_mixin.py:190} INFO - [2026-03-23T01:08:38.488+0000] {dagbag.py:387} ERROR - Failed to import: /home/ec2-user/environment/lab4_model_training/airflow_home/dags/ml_training_pipeline_v2.py
Traceback (most recent call last):
  File "/home/ec2-user/environment/lab4_model_training/venv/lib64/python3.12/site-packages/airflow/models/dagbag.py", line 383, in parse
    loader.exec_module(new_module)
  File "<frozen importlib._bootstrap_external>", line 999, in exec_module
  File "<frozen importlib._bootstrap>", line 488, in _call_with_frames_removed
  File "/home/ec2-user/environment/lab4_model_training/airflow_home/dags/ml_training_pipeline_v2.py", line 42, in <module>
    train_task >> evaluate_task >> promote_task
                  ^^^^^^^^^^^^^
NameError: name 'evaluate_task' is not defined
[2026-03-23T01:08:38.499+0000] {processor.py:927} WARNING - No viable dags retrieved from /home/ec2-user/environment/lab4_model_training/airflow_home/dags/ml_training_pipeline_v2.py
[2026-03-23T01:08:38.513+0000] {processor.py:208} INFO - Processing /home/ec2-user/environment/lab4_model_training/airflow_home/dags/ml_training_pipeline_v2.py took 1.111 seconds
[2026-03-23T01:09:15.033+0000] {processor.py:186} INFO - Started process (PID=7344) to work on /home/ec2-user/environment/lab4_model_training/airflow_home/dags/ml_training_pipeline_v2.py
[2026-03-23T01:09:15.034+0000] {processor.py:914} INFO - Processing file /home/ec2-user/environment/lab4_model_training/airflow_home/dags/ml_training_pipeline_v2.py for tasks to queue
[2026-03-23T01:09:15.036+0000] {logging_mixin.py:190} INFO - [2026-03-23T01:09:15.036+0000] {dagbag.py:588} INFO - Filling up the DagBag from /home/ec2-user/environment/lab4_model_training/airflow_home/dags/ml_training_pipeline_v2.py
[2026-03-23T01:09:16.121+0000] {logging_mixin.py:190} INFO - [2026-03-23T01:09:16.116+0000] {dagbag.py:387} ERROR - Failed to import: /home/ec2-user/environment/lab4_model_training/airflow_home/dags/ml_training_pipeline_v2.py
Traceback (most recent call last):
  File "/home/ec2-user/environment/lab4_model_training/venv/lib64/python3.12/site-packages/airflow/models/dagbag.py", line 383, in parse
    loader.exec_module(new_module)
  File "<frozen importlib._bootstrap_external>", line 999, in exec_module
  File "<frozen importlib._bootstrap>", line 488, in _call_with_frames_removed
  File "/home/ec2-user/environment/lab4_model_training/airflow_home/dags/ml_training_pipeline_v2.py", line 42, in <module>
    train_task >> evaluate_task >> promote_task
                  ^^^^^^^^^^^^^
NameError: name 'evaluate_task' is not defined
[2026-03-23T01:09:16.126+0000] {processor.py:927} WARNING - No viable dags retrieved from /home/ec2-user/environment/lab4_model_training/airflow_home/dags/ml_training_pipeline_v2.py
[2026-03-23T01:09:16.139+0000] {processor.py:208} INFO - Processing /home/ec2-user/environment/lab4_model_training/airflow_home/dags/ml_training_pipeline_v2.py took 1.111 seconds
[2026-03-23T01:09:56.197+0000] {processor.py:186} INFO - Started process (PID=7413) to work on /home/ec2-user/environment/lab4_model_training/airflow_home/dags/ml_training_pipeline_v2.py
[2026-03-23T01:09:56.198+0000] {processor.py:914} INFO - Processing file /home/ec2-user/environment/lab4_model_training/airflow_home/dags/ml_training_pipeline_v2.py for tasks to queue
[2026-03-23T01:09:56.201+0000] {logging_mixin.py:190} INFO - [2026-03-23T01:09:56.200+0000] {dagbag.py:588} INFO - Filling up the DagBag from /home/ec2-user/environment/lab4_model_training/airflow_home/dags/ml_training_pipeline_v2.py
[2026-03-23T01:09:57.280+0000] {logging_mixin.py:190} INFO - [2026-03-23T01:09:57.274+0000] {dagbag.py:387} ERROR - Failed to import: /home/ec2-user/environment/lab4_model_training/airflow_home/dags/ml_training_pipeline_v2.py
Traceback (most recent call last):
  File "/home/ec2-user/environment/lab4_model_training/venv/lib64/python3.12/site-packages/airflow/models/dagbag.py", line 383, in parse
    loader.exec_module(new_module)
  File "<frozen importlib._bootstrap_external>", line 999, in exec_module
  File "<frozen importlib._bootstrap>", line 488, in _call_with_frames_removed
  File "/home/ec2-user/environment/lab4_model_training/airflow_home/dags/ml_training_pipeline_v2.py", line 42, in <module>
    train_task >> evaluate_task >> promote_task
                  ^^^^^^^^^^^^^
NameError: name 'evaluate_task' is not defined
[2026-03-23T01:09:57.285+0000] {processor.py:927} WARNING - No viable dags retrieved from /home/ec2-user/environment/lab4_model_training/airflow_home/dags/ml_training_pipeline_v2.py
[2026-03-23T01:09:57.297+0000] {processor.py:208} INFO - Processing /home/ec2-user/environment/lab4_model_training/airflow_home/dags/ml_training_pipeline_v2.py took 1.106 seconds
[2026-03-23T01:10:34.064+0000] {processor.py:186} INFO - Started process (PID=7549) to work on /home/ec2-user/environment/lab4_model_training/airflow_home/dags/ml_training_pipeline_v2.py
[2026-03-23T01:10:34.065+0000] {processor.py:914} INFO - Processing file /home/ec2-user/environment/lab4_model_training/airflow_home/dags/ml_training_pipeline_v2.py for tasks to queue
[2026-03-23T01:10:34.067+0000] {logging_mixin.py:190} INFO - [2026-03-23T01:10:34.066+0000] {dagbag.py:588} INFO - Filling up the DagBag from /home/ec2-user/environment/lab4_model_training/airflow_home/dags/ml_training_pipeline_v2.py
[2026-03-23T01:10:35.150+0000] {logging_mixin.py:190} INFO - [2026-03-23T01:10:35.144+0000] {dagbag.py:387} ERROR - Failed to import: /home/ec2-user/environment/lab4_model_training/airflow_home/dags/ml_training_pipeline_v2.py
Traceback (most recent call last):
  File "/home/ec2-user/environment/lab4_model_training/venv/lib64/python3.12/site-packages/airflow/models/dagbag.py", line 383, in parse
    loader.exec_module(new_module)
  File "<frozen importlib._bootstrap_external>", line 999, in exec_module
  File "<frozen importlib._bootstrap>", line 488, in _call_with_frames_removed
  File "/home/ec2-user/environment/lab4_model_training/airflow_home/dags/ml_training_pipeline_v2.py", line 42, in <module>
    train_task >> evaluate_task >> promote_task
                  ^^^^^^^^^^^^^
NameError: name 'evaluate_task' is not defined
[2026-03-23T01:10:35.155+0000] {processor.py:927} WARNING - No viable dags retrieved from /home/ec2-user/environment/lab4_model_training/airflow_home/dags/ml_training_pipeline_v2.py
[2026-03-23T01:10:35.168+0000] {processor.py:208} INFO - Processing /home/ec2-user/environment/lab4_model_training/airflow_home/dags/ml_training_pipeline_v2.py took 1.110 seconds
[2026-03-23T01:11:07.930+0000] {processor.py:186} INFO - Started process (PID=7615) to work on /home/ec2-user/environment/lab4_model_training/airflow_home/dags/ml_training_pipeline_v2.py
[2026-03-23T01:11:07.931+0000] {processor.py:914} INFO - Processing file /home/ec2-user/environment/lab4_model_training/airflow_home/dags/ml_training_pipeline_v2.py for tasks to queue
[2026-03-23T01:11:07.934+0000] {logging_mixin.py:190} INFO - [2026-03-23T01:11:07.933+0000] {dagbag.py:588} INFO - Filling up the DagBag from /home/ec2-user/environment/lab4_model_training/airflow_home/dags/ml_training_pipeline_v2.py
[2026-03-23T01:11:09.014+0000] {logging_mixin.py:190} INFO - [2026-03-23T01:11:09.008+0000] {dagbag.py:387} ERROR - Failed to import: /home/ec2-user/environment/lab4_model_training/airflow_home/dags/ml_training_pipeline_v2.py
Traceback (most recent call last):
  File "/home/ec2-user/environment/lab4_model_training/venv/lib64/python3.12/site-packages/airflow/models/dagbag.py", line 383, in parse
    loader.exec_module(new_module)
  File "<frozen importlib._bootstrap_external>", line 999, in exec_module
  File "<frozen importlib._bootstrap>", line 488, in _call_with_frames_removed
  File "/home/ec2-user/environment/lab4_model_training/airflow_home/dags/ml_training_pipeline_v2.py", line 42, in <module>
    train_task >> evaluate_task >> promote_task
                  ^^^^^^^^^^^^^
NameError: name 'evaluate_task' is not defined
[2026-03-23T01:11:09.018+0000] {processor.py:927} WARNING - No viable dags retrieved from /home/ec2-user/environment/lab4_model_training/airflow_home/dags/ml_training_pipeline_v2.py
[2026-03-23T01:11:09.032+0000] {processor.py:208} INFO - Processing /home/ec2-user/environment/lab4_model_training/airflow_home/dags/ml_training_pipeline_v2.py took 1.107 seconds
[2026-03-23T01:12:12.108+0000] {processor.py:186} INFO - Started process (PID=7773) to work on /home/ec2-user/environment/lab4_model_training/airflow_home/dags/ml_training_pipeline_v2.py
[2026-03-23T01:12:12.109+0000] {processor.py:914} INFO - Processing file /home/ec2-user/environment/lab4_model_training/airflow_home/dags/ml_training_pipeline_v2.py for tasks to queue
[2026-03-23T01:12:12.112+0000] {logging_mixin.py:190} INFO - [2026-03-23T01:12:12.111+0000] {dagbag.py:588} INFO - Filling up the DagBag from /home/ec2-user/environment/lab4_model_training/airflow_home/dags/ml_training_pipeline_v2.py
[2026-03-23T01:12:13.198+0000] {logging_mixin.py:190} INFO - [2026-03-23T01:12:13.193+0000] {dagbag.py:387} ERROR - Failed to import: /home/ec2-user/environment/lab4_model_training/airflow_home/dags/ml_training_pipeline_v2.py
Traceback (most recent call last):
  File "/home/ec2-user/environment/lab4_model_training/venv/lib64/python3.12/site-packages/airflow/models/dagbag.py", line 383, in parse
    loader.exec_module(new_module)
  File "<frozen importlib._bootstrap_external>", line 999, in exec_module
  File "<frozen importlib._bootstrap>", line 488, in _call_with_frames_removed
  File "/home/ec2-user/environment/lab4_model_training/airflow_home/dags/ml_training_pipeline_v2.py", line 42, in <module>
    train_task >> evaluate_task >> promote_task
                  ^^^^^^^^^^^^^
NameError: name 'evaluate_task' is not defined
[2026-03-23T01:12:13.202+0000] {processor.py:927} WARNING - No viable dags retrieved from /home/ec2-user/environment/lab4_model_training/airflow_home/dags/ml_training_pipeline_v2.py
[2026-03-23T01:12:13.216+0000] {processor.py:208} INFO - Processing /home/ec2-user/environment/lab4_model_training/airflow_home/dags/ml_training_pipeline_v2.py took 1.113 seconds
[2026-03-23T01:13:15.620+0000] {processor.py:186} INFO - Started process (PID=7881) to work on /home/ec2-user/environment/lab4_model_training/airflow_home/dags/ml_training_pipeline_v2.py
[2026-03-23T01:13:15.622+0000] {processor.py:914} INFO - Processing file /home/ec2-user/environment/lab4_model_training/airflow_home/dags/ml_training_pipeline_v2.py for tasks to queue
[2026-03-23T01:13:15.624+0000] {logging_mixin.py:190} INFO - [2026-03-23T01:13:15.624+0000] {dagbag.py:588} INFO - Filling up the DagBag from /home/ec2-user/environment/lab4_model_training/airflow_home/dags/ml_training_pipeline_v2.py
[2026-03-23T01:13:16.716+0000] {logging_mixin.py:190} INFO - [2026-03-23T01:13:16.710+0000] {dagbag.py:387} ERROR - Failed to import: /home/ec2-user/environment/lab4_model_training/airflow_home/dags/ml_training_pipeline_v2.py
Traceback (most recent call last):
  File "/home/ec2-user/environment/lab4_model_training/venv/lib64/python3.12/site-packages/airflow/models/dagbag.py", line 383, in parse
    loader.exec_module(new_module)
  File "<frozen importlib._bootstrap_external>", line 999, in exec_module
  File "<frozen importlib._bootstrap>", line 488, in _call_with_frames_removed
  File "/home/ec2-user/environment/lab4_model_training/airflow_home/dags/ml_training_pipeline_v2.py", line 42, in <module>
    train_task >> evaluate_task >> promote_task
                  ^^^^^^^^^^^^^
NameError: name 'evaluate_task' is not defined
[2026-03-23T01:13:16.721+0000] {processor.py:927} WARNING - No viable dags retrieved from /home/ec2-user/environment/lab4_model_training/airflow_home/dags/ml_training_pipeline_v2.py
[2026-03-23T01:13:16.734+0000] {processor.py:208} INFO - Processing /home/ec2-user/environment/lab4_model_training/airflow_home/dags/ml_training_pipeline_v2.py took 1.119 seconds
[2026-03-23T01:14:19.308+0000] {processor.py:186} INFO - Started process (PID=8035) to work on /home/ec2-user/environment/lab4_model_training/airflow_home/dags/ml_training_pipeline_v2.py
[2026-03-23T01:14:19.309+0000] {processor.py:914} INFO - Processing file /home/ec2-user/environment/lab4_model_training/airflow_home/dags/ml_training_pipeline_v2.py for tasks to queue
[2026-03-23T01:14:19.311+0000] {logging_mixin.py:190} INFO - [2026-03-23T01:14:19.311+0000] {dagbag.py:588} INFO - Filling up the DagBag from /home/ec2-user/environment/lab4_model_training/airflow_home/dags/ml_training_pipeline_v2.py
[2026-03-23T01:14:20.393+0000] {logging_mixin.py:190} INFO - [2026-03-23T01:14:20.388+0000] {dagbag.py:387} ERROR - Failed to import: /home/ec2-user/environment/lab4_model_training/airflow_home/dags/ml_training_pipeline_v2.py
Traceback (most recent call last):
  File "/home/ec2-user/environment/lab4_model_training/venv/lib64/python3.12/site-packages/airflow/models/dagbag.py", line 383, in parse
    loader.exec_module(new_module)
  File "<frozen importlib._bootstrap_external>", line 999, in exec_module
  File "<frozen importlib._bootstrap>", line 488, in _call_with_frames_removed
  File "/home/ec2-user/environment/lab4_model_training/airflow_home/dags/ml_training_pipeline_v2.py", line 42, in <module>
    train_task >> evaluate_task >> promote_task
                  ^^^^^^^^^^^^^
NameError: name 'evaluate_task' is not defined
[2026-03-23T01:14:20.398+0000] {processor.py:927} WARNING - No viable dags retrieved from /home/ec2-user/environment/lab4_model_training/airflow_home/dags/ml_training_pipeline_v2.py
[2026-03-23T01:14:20.413+0000] {processor.py:208} INFO - Processing /home/ec2-user/environment/lab4_model_training/airflow_home/dags/ml_training_pipeline_v2.py took 1.111 seconds
[2026-03-23T01:14:54.829+0000] {processor.py:186} INFO - Started process (PID=8088) to work on /home/ec2-user/environment/lab4_model_training/airflow_home/dags/ml_training_pipeline_v2.py
[2026-03-23T01:14:54.830+0000] {processor.py:914} INFO - Processing file /home/ec2-user/environment/lab4_model_training/airflow_home/dags/ml_training_pipeline_v2.py for tasks to queue
[2026-03-23T01:14:54.832+0000] {logging_mixin.py:190} INFO - [2026-03-23T01:14:54.831+0000] {dagbag.py:588} INFO - Filling up the DagBag from /home/ec2-user/environment/lab4_model_training/airflow_home/dags/ml_training_pipeline_v2.py
[2026-03-23T01:14:55.913+0000] {logging_mixin.py:190} INFO - [2026-03-23T01:14:55.908+0000] {dagbag.py:387} ERROR - Failed to import: /home/ec2-user/environment/lab4_model_training/airflow_home/dags/ml_training_pipeline_v2.py
Traceback (most recent call last):
  File "/home/ec2-user/environment/lab4_model_training/venv/lib64/python3.12/site-packages/airflow/models/dagbag.py", line 383, in parse
    loader.exec_module(new_module)
  File "<frozen importlib._bootstrap_external>", line 999, in exec_module
  File "<frozen importlib._bootstrap>", line 488, in _call_with_frames_removed
  File "/home/ec2-user/environment/lab4_model_training/airflow_home/dags/ml_training_pipeline_v2.py", line 42, in <module>
    train_task >> evaluate_task >> promote_task
                  ^^^^^^^^^^^^^
NameError: name 'evaluate_task' is not defined
[2026-03-23T01:14:55.918+0000] {processor.py:927} WARNING - No viable dags retrieved from /home/ec2-user/environment/lab4_model_training/airflow_home/dags/ml_training_pipeline_v2.py
[2026-03-23T01:14:55.932+0000] {processor.py:208} INFO - Processing /home/ec2-user/environment/lab4_model_training/airflow_home/dags/ml_training_pipeline_v2.py took 1.109 seconds
[2026-03-23T01:15:29.805+0000] {processor.py:186} INFO - Started process (PID=8150) to work on /home/ec2-user/environment/lab4_model_training/airflow_home/dags/ml_training_pipeline_v2.py
[2026-03-23T01:15:29.806+0000] {processor.py:914} INFO - Processing file /home/ec2-user/environment/lab4_model_training/airflow_home/dags/ml_training_pipeline_v2.py for tasks to queue
[2026-03-23T01:15:29.809+0000] {logging_mixin.py:190} INFO - [2026-03-23T01:15:29.808+0000] {dagbag.py:588} INFO - Filling up the DagBag from /home/ec2-user/environment/lab4_model_training/airflow_home/dags/ml_training_pipeline_v2.py
[2026-03-23T01:15:30.868+0000] {logging_mixin.py:190} INFO - [2026-03-23T01:15:30.863+0000] {dagbag.py:387} ERROR - Failed to import: /home/ec2-user/environment/lab4_model_training/airflow_home/dags/ml_training_pipeline_v2.py
Traceback (most recent call last):
  File "/home/ec2-user/environment/lab4_model_training/venv/lib64/python3.12/site-packages/airflow/models/dagbag.py", line 383, in parse
    loader.exec_module(new_module)
  File "<frozen importlib._bootstrap_external>", line 999, in exec_module
  File "<frozen importlib._bootstrap>", line 488, in _call_with_frames_removed
  File "/home/ec2-user/environment/lab4_model_training/airflow_home/dags/ml_training_pipeline_v2.py", line 42, in <module>
    train_task >> evaluate_task >> promote_task
                  ^^^^^^^^^^^^^
NameError: name 'evaluate_task' is not defined
[2026-03-23T01:15:30.873+0000] {processor.py:927} WARNING - No viable dags retrieved from /home/ec2-user/environment/lab4_model_training/airflow_home/dags/ml_training_pipeline_v2.py
[2026-03-23T01:15:30.886+0000] {processor.py:208} INFO - Processing /home/ec2-user/environment/lab4_model_training/airflow_home/dags/ml_training_pipeline_v2.py took 1.086 seconds
[2026-03-23T01:16:03.382+0000] {processor.py:186} INFO - Started process (PID=8264) to work on /home/ec2-user/environment/lab4_model_training/airflow_home/dags/ml_training_pipeline_v2.py
[2026-03-23T01:16:03.383+0000] {processor.py:914} INFO - Processing file /home/ec2-user/environment/lab4_model_training/airflow_home/dags/ml_training_pipeline_v2.py for tasks to queue
[2026-03-23T01:16:03.385+0000] {logging_mixin.py:190} INFO - [2026-03-23T01:16:03.385+0000] {dagbag.py:588} INFO - Filling up the DagBag from /home/ec2-user/environment/lab4_model_training/airflow_home/dags/ml_training_pipeline_v2.py
[2026-03-23T01:16:04.479+0000] {logging_mixin.py:190} INFO - [2026-03-23T01:16:04.473+0000] {dagbag.py:387} ERROR - Failed to import: /home/ec2-user/environment/lab4_model_training/airflow_home/dags/ml_training_pipeline_v2.py
Traceback (most recent call last):
  File "/home/ec2-user/environment/lab4_model_training/venv/lib64/python3.12/site-packages/airflow/models/dagbag.py", line 383, in parse
    loader.exec_module(new_module)
  File "<frozen importlib._bootstrap_external>", line 999, in exec_module
  File "<frozen importlib._bootstrap>", line 488, in _call_with_frames_removed
  File "/home/ec2-user/environment/lab4_model_training/airflow_home/dags/ml_training_pipeline_v2.py", line 42, in <module>
    train_task >> evaluate_task >> promote_task
                  ^^^^^^^^^^^^^
NameError: name 'evaluate_task' is not defined
[2026-03-23T01:16:04.484+0000] {processor.py:927} WARNING - No viable dags retrieved from /home/ec2-user/environment/lab4_model_training/airflow_home/dags/ml_training_pipeline_v2.py
[2026-03-23T01:16:04.498+0000] {processor.py:208} INFO - Processing /home/ec2-user/environment/lab4_model_training/airflow_home/dags/ml_training_pipeline_v2.py took 1.123 seconds
[2026-03-23T01:16:36.611+0000] {processor.py:186} INFO - Started process (PID=8317) to work on /home/ec2-user/environment/lab4_model_training/airflow_home/dags/ml_training_pipeline_v2.py
[2026-03-23T01:16:36.612+0000] {processor.py:914} INFO - Processing file /home/ec2-user/environment/lab4_model_training/airflow_home/dags/ml_training_pipeline_v2.py for tasks to queue
[2026-03-23T01:16:36.614+0000] {logging_mixin.py:190} INFO - [2026-03-23T01:16:36.614+0000] {dagbag.py:588} INFO - Filling up the DagBag from /home/ec2-user/environment/lab4_model_training/airflow_home/dags/ml_training_pipeline_v2.py
[2026-03-23T01:16:37.694+0000] {logging_mixin.py:190} INFO - [2026-03-23T01:16:37.689+0000] {dagbag.py:387} ERROR - Failed to import: /home/ec2-user/environment/lab4_model_training/airflow_home/dags/ml_training_pipeline_v2.py
Traceback (most recent call last):
  File "/home/ec2-user/environment/lab4_model_training/venv/lib64/python3.12/site-packages/airflow/models/dagbag.py", line 383, in parse
    loader.exec_module(new_module)
  File "<frozen importlib._bootstrap_external>", line 999, in exec_module
  File "<frozen importlib._bootstrap>", line 488, in _call_with_frames_removed
  File "/home/ec2-user/environment/lab4_model_training/airflow_home/dags/ml_training_pipeline_v2.py", line 42, in <module>
    train_task >> evaluate_task >> promote_task
                  ^^^^^^^^^^^^^
NameError: name 'evaluate_task' is not defined
[2026-03-23T01:16:37.699+0000] {processor.py:927} WARNING - No viable dags retrieved from /home/ec2-user/environment/lab4_model_training/airflow_home/dags/ml_training_pipeline_v2.py
[2026-03-23T01:16:37.712+0000] {processor.py:208} INFO - Processing /home/ec2-user/environment/lab4_model_training/airflow_home/dags/ml_training_pipeline_v2.py took 1.108 seconds
[2026-03-23T01:17:40.194+0000] {processor.py:186} INFO - Started process (PID=8428) to work on /home/ec2-user/environment/lab4_model_training/airflow_home/dags/ml_training_pipeline_v2.py
[2026-03-23T01:17:40.195+0000] {processor.py:914} INFO - Processing file /home/ec2-user/environment/lab4_model_training/airflow_home/dags/ml_training_pipeline_v2.py for tasks to queue
[2026-03-23T01:17:40.198+0000] {logging_mixin.py:190} INFO - [2026-03-23T01:17:40.197+0000] {dagbag.py:588} INFO - Filling up the DagBag from /home/ec2-user/environment/lab4_model_training/airflow_home/dags/ml_training_pipeline_v2.py
[2026-03-23T01:17:41.268+0000] {logging_mixin.py:190} INFO - [2026-03-23T01:17:41.263+0000] {dagbag.py:387} ERROR - Failed to import: /home/ec2-user/environment/lab4_model_training/airflow_home/dags/ml_training_pipeline_v2.py
Traceback (most recent call last):
  File "/home/ec2-user/environment/lab4_model_training/venv/lib64/python3.12/site-packages/airflow/models/dagbag.py", line 383, in parse
    loader.exec_module(new_module)
  File "<frozen importlib._bootstrap_external>", line 999, in exec_module
  File "<frozen importlib._bootstrap>", line 488, in _call_with_frames_removed
  File "/home/ec2-user/environment/lab4_model_training/airflow_home/dags/ml_training_pipeline_v2.py", line 42, in <module>
    train_task >> evaluate_task >> promote_task
                  ^^^^^^^^^^^^^
NameError: name 'evaluate_task' is not defined
[2026-03-23T01:17:41.273+0000] {processor.py:927} WARNING - No viable dags retrieved from /home/ec2-user/environment/lab4_model_training/airflow_home/dags/ml_training_pipeline_v2.py
[2026-03-23T01:17:41.286+0000] {processor.py:208} INFO - Processing /home/ec2-user/environment/lab4_model_training/airflow_home/dags/ml_training_pipeline_v2.py took 1.097 seconds
[2026-03-23T01:18:44.045+0000] {processor.py:186} INFO - Started process (PID=8607) to work on /home/ec2-user/environment/lab4_model_training/airflow_home/dags/ml_training_pipeline_v2.py
[2026-03-23T01:18:44.046+0000] {processor.py:914} INFO - Processing file /home/ec2-user/environment/lab4_model_training/airflow_home/dags/ml_training_pipeline_v2.py for tasks to queue
[2026-03-23T01:18:44.049+0000] {logging_mixin.py:190} INFO - [2026-03-23T01:18:44.048+0000] {dagbag.py:588} INFO - Filling up the DagBag from /home/ec2-user/environment/lab4_model_training/airflow_home/dags/ml_training_pipeline_v2.py
[2026-03-23T01:18:45.132+0000] {logging_mixin.py:190} INFO - [2026-03-23T01:18:45.127+0000] {dagbag.py:387} ERROR - Failed to import: /home/ec2-user/environment/lab4_model_training/airflow_home/dags/ml_training_pipeline_v2.py
Traceback (most recent call last):
  File "/home/ec2-user/environment/lab4_model_training/venv/lib64/python3.12/site-packages/airflow/models/dagbag.py", line 383, in parse
    loader.exec_module(new_module)
  File "<frozen importlib._bootstrap_external>", line 999, in exec_module
  File "<frozen importlib._bootstrap>", line 488, in _call_with_frames_removed
  File "/home/ec2-user/environment/lab4_model_training/airflow_home/dags/ml_training_pipeline_v2.py", line 42, in <module>
    train_task >> evaluate_task >> promote_task
                  ^^^^^^^^^^^^^
NameError: name 'evaluate_task' is not defined
[2026-03-23T01:18:45.137+0000] {processor.py:927} WARNING - No viable dags retrieved from /home/ec2-user/environment/lab4_model_training/airflow_home/dags/ml_training_pipeline_v2.py
[2026-03-23T01:18:45.152+0000] {processor.py:208} INFO - Processing /home/ec2-user/environment/lab4_model_training/airflow_home/dags/ml_training_pipeline_v2.py took 1.113 seconds
[2026-03-23T01:19:45.098+0000] {processor.py:186} INFO - Started process (PID=8711) to work on /home/ec2-user/environment/lab4_model_training/airflow_home/dags/ml_training_pipeline_v2.py
[2026-03-23T01:19:45.099+0000] {processor.py:914} INFO - Processing file /home/ec2-user/environment/lab4_model_training/airflow_home/dags/ml_training_pipeline_v2.py for tasks to queue
[2026-03-23T01:19:45.101+0000] {logging_mixin.py:190} INFO - [2026-03-23T01:19:45.101+0000] {dagbag.py:588} INFO - Filling up the DagBag from /home/ec2-user/environment/lab4_model_training/airflow_home/dags/ml_training_pipeline_v2.py
[2026-03-23T01:19:46.235+0000] {logging_mixin.py:190} INFO - [2026-03-23T01:19:46.230+0000] {dagbag.py:387} ERROR - Failed to import: /home/ec2-user/environment/lab4_model_training/airflow_home/dags/ml_training_pipeline_v2.py
Traceback (most recent call last):
  File "/home/ec2-user/environment/lab4_model_training/venv/lib64/python3.12/site-packages/airflow/models/dagbag.py", line 383, in parse
    loader.exec_module(new_module)
  File "<frozen importlib._bootstrap_external>", line 999, in exec_module
  File "<frozen importlib._bootstrap>", line 488, in _call_with_frames_removed
  File "/home/ec2-user/environment/lab4_model_training/airflow_home/dags/ml_training_pipeline_v2.py", line 42, in <module>
    train_task >> evaluate_task >> promote_task
                  ^^^^^^^^^^^^^
NameError: name 'evaluate_task' is not defined
[2026-03-23T01:19:46.240+0000] {processor.py:927} WARNING - No viable dags retrieved from /home/ec2-user/environment/lab4_model_training/airflow_home/dags/ml_training_pipeline_v2.py
[2026-03-23T01:19:46.253+0000] {processor.py:208} INFO - Processing /home/ec2-user/environment/lab4_model_training/airflow_home/dags/ml_training_pipeline_v2.py took 1.160 seconds
[2026-03-23T01:20:50.702+0000] {processor.py:186} INFO - Started process (PID=8867) to work on /home/ec2-user/environment/lab4_model_training/airflow_home/dags/ml_training_pipeline_v2.py
[2026-03-23T01:20:50.703+0000] {processor.py:914} INFO - Processing file /home/ec2-user/environment/lab4_model_training/airflow_home/dags/ml_training_pipeline_v2.py for tasks to queue
[2026-03-23T01:20:50.705+0000] {logging_mixin.py:190} INFO - [2026-03-23T01:20:50.705+0000] {dagbag.py:588} INFO - Filling up the DagBag from /home/ec2-user/environment/lab4_model_training/airflow_home/dags/ml_training_pipeline_v2.py
[2026-03-23T01:20:51.770+0000] {logging_mixin.py:190} INFO - [2026-03-23T01:20:51.765+0000] {dagbag.py:387} ERROR - Failed to import: /home/ec2-user/environment/lab4_model_training/airflow_home/dags/ml_training_pipeline_v2.py
Traceback (most recent call last):
  File "/home/ec2-user/environment/lab4_model_training/venv/lib64/python3.12/site-packages/airflow/models/dagbag.py", line 383, in parse
    loader.exec_module(new_module)
  File "<frozen importlib._bootstrap_external>", line 999, in exec_module
  File "<frozen importlib._bootstrap>", line 488, in _call_with_frames_removed
  File "/home/ec2-user/environment/lab4_model_training/airflow_home/dags/ml_training_pipeline_v2.py", line 42, in <module>
    train_task >> evaluate_task >> promote_task
                  ^^^^^^^^^^^^^
NameError: name 'evaluate_task' is not defined
[2026-03-23T01:20:51.775+0000] {processor.py:927} WARNING - No viable dags retrieved from /home/ec2-user/environment/lab4_model_training/airflow_home/dags/ml_training_pipeline_v2.py
[2026-03-23T01:20:51.787+0000] {processor.py:208} INFO - Processing /home/ec2-user/environment/lab4_model_training/airflow_home/dags/ml_training_pipeline_v2.py took 1.091 seconds
[2026-03-23T01:21:23.791+0000] {processor.py:186} INFO - Started process (PID=8934) to work on /home/ec2-user/environment/lab4_model_training/airflow_home/dags/ml_training_pipeline_v2.py
[2026-03-23T01:21:23.792+0000] {processor.py:914} INFO - Processing file /home/ec2-user/environment/lab4_model_training/airflow_home/dags/ml_training_pipeline_v2.py for tasks to queue
[2026-03-23T01:21:23.794+0000] {logging_mixin.py:190} INFO - [2026-03-23T01:21:23.794+0000] {dagbag.py:588} INFO - Filling up the DagBag from /home/ec2-user/environment/lab4_model_training/airflow_home/dags/ml_training_pipeline_v2.py
[2026-03-23T01:21:25.155+0000] {logging_mixin.py:190} INFO - [2026-03-23T01:21:25.150+0000] {dagbag.py:387} ERROR - Failed to import: /home/ec2-user/environment/lab4_model_training/airflow_home/dags/ml_training_pipeline_v2.py
Traceback (most recent call last):
  File "/home/ec2-user/environment/lab4_model_training/venv/lib64/python3.12/site-packages/airflow/models/dagbag.py", line 383, in parse
    loader.exec_module(new_module)
  File "<frozen importlib._bootstrap_external>", line 999, in exec_module
  File "<frozen importlib._bootstrap>", line 488, in _call_with_frames_removed
  File "/home/ec2-user/environment/lab4_model_training/airflow_home/dags/ml_training_pipeline_v2.py", line 42, in <module>
    train_task >> evaluate_task >> promote_task
                  ^^^^^^^^^^^^^
NameError: name 'evaluate_task' is not defined
[2026-03-23T01:21:25.160+0000] {processor.py:927} WARNING - No viable dags retrieved from /home/ec2-user/environment/lab4_model_training/airflow_home/dags/ml_training_pipeline_v2.py
[2026-03-23T01:21:25.173+0000] {processor.py:208} INFO - Processing /home/ec2-user/environment/lab4_model_training/airflow_home/dags/ml_training_pipeline_v2.py took 1.388 seconds
[2026-03-23T01:21:57.766+0000] {processor.py:186} INFO - Started process (PID=9037) to work on /home/ec2-user/environment/lab4_model_training/airflow_home/dags/ml_training_pipeline_v2.py
[2026-03-23T01:21:57.767+0000] {processor.py:914} INFO - Processing file /home/ec2-user/environment/lab4_model_training/airflow_home/dags/ml_training_pipeline_v2.py for tasks to queue
[2026-03-23T01:21:57.769+0000] {logging_mixin.py:190} INFO - [2026-03-23T01:21:57.769+0000] {dagbag.py:588} INFO - Filling up the DagBag from /home/ec2-user/environment/lab4_model_training/airflow_home/dags/ml_training_pipeline_v2.py
[2026-03-23T01:21:58.856+0000] {logging_mixin.py:190} INFO - [2026-03-23T01:21:58.851+0000] {dagbag.py:387} ERROR - Failed to import: /home/ec2-user/environment/lab4_model_training/airflow_home/dags/ml_training_pipeline_v2.py
Traceback (most recent call last):
  File "/home/ec2-user/environment/lab4_model_training/venv/lib64/python3.12/site-packages/airflow/models/dagbag.py", line 383, in parse
    loader.exec_module(new_module)
  File "<frozen importlib._bootstrap_external>", line 999, in exec_module
  File "<frozen importlib._bootstrap>", line 488, in _call_with_frames_removed
  File "/home/ec2-user/environment/lab4_model_training/airflow_home/dags/ml_training_pipeline_v2.py", line 42, in <module>
    train_task >> evaluate_task >> promote_task
                  ^^^^^^^^^^^^^
NameError: name 'evaluate_task' is not defined
[2026-03-23T01:21:58.861+0000] {processor.py:927} WARNING - No viable dags retrieved from /home/ec2-user/environment/lab4_model_training/airflow_home/dags/ml_training_pipeline_v2.py
[2026-03-23T01:21:58.874+0000] {processor.py:208} INFO - Processing /home/ec2-user/environment/lab4_model_training/airflow_home/dags/ml_training_pipeline_v2.py took 1.113 seconds
[2026-03-23T01:22:31.297+0000] {processor.py:186} INFO - Started process (PID=9104) to work on /home/ec2-user/environment/lab4_model_training/airflow_home/dags/ml_training_pipeline_v2.py
[2026-03-23T01:22:31.298+0000] {processor.py:914} INFO - Processing file /home/ec2-user/environment/lab4_model_training/airflow_home/dags/ml_training_pipeline_v2.py for tasks to queue
[2026-03-23T01:22:31.300+0000] {logging_mixin.py:190} INFO - [2026-03-23T01:22:31.300+0000] {dagbag.py:588} INFO - Filling up the DagBag from /home/ec2-user/environment/lab4_model_training/airflow_home/dags/ml_training_pipeline_v2.py
[2026-03-23T01:22:32.380+0000] {logging_mixin.py:190} INFO - [2026-03-23T01:22:32.374+0000] {dagbag.py:387} ERROR - Failed to import: /home/ec2-user/environment/lab4_model_training/airflow_home/dags/ml_training_pipeline_v2.py
Traceback (most recent call last):
  File "/home/ec2-user/environment/lab4_model_training/venv/lib64/python3.12/site-packages/airflow/models/dagbag.py", line 383, in parse
    loader.exec_module(new_module)
  File "<frozen importlib._bootstrap_external>", line 999, in exec_module
  File "<frozen importlib._bootstrap>", line 488, in _call_with_frames_removed
  File "/home/ec2-user/environment/lab4_model_training/airflow_home/dags/ml_training_pipeline_v2.py", line 42, in <module>
    train_task >> evaluate_task >> promote_task
                  ^^^^^^^^^^^^^
NameError: name 'evaluate_task' is not defined
[2026-03-23T01:22:32.384+0000] {processor.py:927} WARNING - No viable dags retrieved from /home/ec2-user/environment/lab4_model_training/airflow_home/dags/ml_training_pipeline_v2.py
[2026-03-23T01:22:32.398+0000] {processor.py:208} INFO - Processing /home/ec2-user/environment/lab4_model_training/airflow_home/dags/ml_training_pipeline_v2.py took 1.106 seconds
[2026-03-23T01:23:07.581+0000] {processor.py:186} INFO - Started process (PID=9185) to work on /home/ec2-user/environment/lab4_model_training/airflow_home/dags/ml_training_pipeline_v2.py
[2026-03-23T01:23:07.582+0000] {processor.py:914} INFO - Processing file /home/ec2-user/environment/lab4_model_training/airflow_home/dags/ml_training_pipeline_v2.py for tasks to queue
[2026-03-23T01:23:07.585+0000] {logging_mixin.py:190} INFO - [2026-03-23T01:23:07.584+0000] {dagbag.py:588} INFO - Filling up the DagBag from /home/ec2-user/environment/lab4_model_training/airflow_home/dags/ml_training_pipeline_v2.py
[2026-03-23T01:23:08.675+0000] {logging_mixin.py:190} INFO - [2026-03-23T01:23:08.668+0000] {dagbag.py:387} ERROR - Failed to import: /home/ec2-user/environment/lab4_model_training/airflow_home/dags/ml_training_pipeline_v2.py
Traceback (most recent call last):
  File "/home/ec2-user/environment/lab4_model_training/venv/lib64/python3.12/site-packages/airflow/models/dagbag.py", line 383, in parse
    loader.exec_module(new_module)
  File "<frozen importlib._bootstrap_external>", line 999, in exec_module
  File "<frozen importlib._bootstrap>", line 488, in _call_with_frames_removed
  File "/home/ec2-user/environment/lab4_model_training/airflow_home/dags/ml_training_pipeline_v2.py", line 42, in <module>
    train_task >> evaluate_task >> promote_task
                  ^^^^^^^^^^^^^
NameError: name 'evaluate_task' is not defined
[2026-03-23T01:23:08.680+0000] {processor.py:927} WARNING - No viable dags retrieved from /home/ec2-user/environment/lab4_model_training/airflow_home/dags/ml_training_pipeline_v2.py
[2026-03-23T01:23:08.693+0000] {processor.py:208} INFO - Processing /home/ec2-user/environment/lab4_model_training/airflow_home/dags/ml_training_pipeline_v2.py took 1.118 seconds
[2026-03-23T01:23:42.582+0000] {processor.py:186} INFO - Started process (PID=9245) to work on /home/ec2-user/environment/lab4_model_training/airflow_home/dags/ml_training_pipeline_v2.py
[2026-03-23T01:23:42.583+0000] {processor.py:914} INFO - Processing file /home/ec2-user/environment/lab4_model_training/airflow_home/dags/ml_training_pipeline_v2.py for tasks to queue
[2026-03-23T01:23:42.585+0000] {logging_mixin.py:190} INFO - [2026-03-23T01:23:42.585+0000] {dagbag.py:588} INFO - Filling up the DagBag from /home/ec2-user/environment/lab4_model_training/airflow_home/dags/ml_training_pipeline_v2.py
[2026-03-23T01:23:43.690+0000] {logging_mixin.py:190} INFO - [2026-03-23T01:23:43.684+0000] {dagbag.py:387} ERROR - Failed to import: /home/ec2-user/environment/lab4_model_training/airflow_home/dags/ml_training_pipeline_v2.py
Traceback (most recent call last):
  File "/home/ec2-user/environment/lab4_model_training/venv/lib64/python3.12/site-packages/airflow/models/dagbag.py", line 383, in parse
    loader.exec_module(new_module)
  File "<frozen importlib._bootstrap_external>", line 999, in exec_module
  File "<frozen importlib._bootstrap>", line 488, in _call_with_frames_removed
  File "/home/ec2-user/environment/lab4_model_training/airflow_home/dags/ml_training_pipeline_v2.py", line 42, in <module>
    train_task >> evaluate_task >> promote_task
                  ^^^^^^^^^^^^^
NameError: name 'evaluate_task' is not defined
[2026-03-23T01:23:43.695+0000] {processor.py:927} WARNING - No viable dags retrieved from /home/ec2-user/environment/lab4_model_training/airflow_home/dags/ml_training_pipeline_v2.py
[2026-03-23T01:23:43.708+0000] {processor.py:208} INFO - Processing /home/ec2-user/environment/lab4_model_training/airflow_home/dags/ml_training_pipeline_v2.py took 1.132 seconds
[2026-03-23T01:24:49.545+0000] {processor.py:186} INFO - Started process (PID=9456) to work on /home/ec2-user/environment/lab4_model_training/airflow_home/dags/ml_training_pipeline_v2.py
[2026-03-23T01:24:49.546+0000] {processor.py:914} INFO - Processing file /home/ec2-user/environment/lab4_model_training/airflow_home/dags/ml_training_pipeline_v2.py for tasks to queue
[2026-03-23T01:24:49.548+0000] {logging_mixin.py:190} INFO - [2026-03-23T01:24:49.548+0000] {dagbag.py:588} INFO - Filling up the DagBag from /home/ec2-user/environment/lab4_model_training/airflow_home/dags/ml_training_pipeline_v2.py
[2026-03-23T01:24:51.047+0000] {logging_mixin.py:190} INFO - [2026-03-23T01:24:51.038+0000] {dagbag.py:387} ERROR - Failed to import: /home/ec2-user/environment/lab4_model_training/airflow_home/dags/ml_training_pipeline_v2.py
Traceback (most recent call last):
  File "/home/ec2-user/environment/lab4_model_training/venv/lib64/python3.12/site-packages/airflow/models/dagbag.py", line 383, in parse
    loader.exec_module(new_module)
  File "<frozen importlib._bootstrap_external>", line 999, in exec_module
  File "<frozen importlib._bootstrap>", line 488, in _call_with_frames_removed
  File "/home/ec2-user/environment/lab4_model_training/airflow_home/dags/ml_training_pipeline_v2.py", line 42, in <module>
    train_task >> evaluate_task >> promote_task
                  ^^^^^^^^^^^^^
NameError: name 'evaluate_task' is not defined
[2026-03-23T01:24:51.055+0000] {processor.py:927} WARNING - No viable dags retrieved from /home/ec2-user/environment/lab4_model_training/airflow_home/dags/ml_training_pipeline_v2.py
[2026-03-23T01:24:51.086+0000] {processor.py:208} INFO - Processing /home/ec2-user/environment/lab4_model_training/airflow_home/dags/ml_training_pipeline_v2.py took 1.548 seconds
[2026-03-23T01:25:26.343+0000] {processor.py:186} INFO - Started process (PID=9576) to work on /home/ec2-user/environment/lab4_model_training/airflow_home/dags/ml_training_pipeline_v2.py
[2026-03-23T01:25:26.351+0000] {processor.py:914} INFO - Processing file /home/ec2-user/environment/lab4_model_training/airflow_home/dags/ml_training_pipeline_v2.py for tasks to queue
[2026-03-23T01:25:26.354+0000] {logging_mixin.py:190} INFO - [2026-03-23T01:25:26.354+0000] {dagbag.py:588} INFO - Filling up the DagBag from /home/ec2-user/environment/lab4_model_training/airflow_home/dags/ml_training_pipeline_v2.py
[2026-03-23T01:25:30.257+0000] {logging_mixin.py:190} INFO - [2026-03-23T01:25:30.246+0000] {dagbag.py:387} ERROR - Failed to import: /home/ec2-user/environment/lab4_model_training/airflow_home/dags/ml_training_pipeline_v2.py
Traceback (most recent call last):
  File "/home/ec2-user/environment/lab4_model_training/venv/lib64/python3.12/site-packages/airflow/models/dagbag.py", line 383, in parse
    loader.exec_module(new_module)
  File "<frozen importlib._bootstrap_external>", line 999, in exec_module
  File "<frozen importlib._bootstrap>", line 488, in _call_with_frames_removed
  File "/home/ec2-user/environment/lab4_model_training/airflow_home/dags/ml_training_pipeline_v2.py", line 42, in <module>
    train_task >> evaluate_task >> promote_task
                  ^^^^^^^^^^^^^
NameError: name 'evaluate_task' is not defined
[2026-03-23T01:25:30.280+0000] {processor.py:927} WARNING - No viable dags retrieved from /home/ec2-user/environment/lab4_model_training/airflow_home/dags/ml_training_pipeline_v2.py
[2026-03-23T01:25:30.314+0000] {processor.py:208} INFO - Processing /home/ec2-user/environment/lab4_model_training/airflow_home/dags/ml_training_pipeline_v2.py took 3.979 seconds
[2026-03-23T01:26:10.807+0000] {processor.py:186} INFO - Started process (PID=9741) to work on /home/ec2-user/environment/lab4_model_training/airflow_home/dags/ml_training_pipeline_v2.py
[2026-03-23T01:26:10.809+0000] {processor.py:914} INFO - Processing file /home/ec2-user/environment/lab4_model_training/airflow_home/dags/ml_training_pipeline_v2.py for tasks to queue
[2026-03-23T01:26:10.811+0000] {logging_mixin.py:190} INFO - [2026-03-23T01:26:10.811+0000] {dagbag.py:588} INFO - Filling up the DagBag from /home/ec2-user/environment/lab4_model_training/airflow_home/dags/ml_training_pipeline_v2.py
[2026-03-23T01:26:12.503+0000] {logging_mixin.py:190} INFO - [2026-03-23T01:26:12.494+0000] {dagbag.py:387} ERROR - Failed to import: /home/ec2-user/environment/lab4_model_training/airflow_home/dags/ml_training_pipeline_v2.py
Traceback (most recent call last):
  File "/home/ec2-user/environment/lab4_model_training/venv/lib64/python3.12/site-packages/airflow/models/dagbag.py", line 383, in parse
    loader.exec_module(new_module)
  File "<frozen importlib._bootstrap_external>", line 999, in exec_module
  File "<frozen importlib._bootstrap>", line 488, in _call_with_frames_removed
  File "/home/ec2-user/environment/lab4_model_training/airflow_home/dags/ml_training_pipeline_v2.py", line 42, in <module>
    train_task >> evaluate_task >> promote_task
                  ^^^^^^^^^^^^^
NameError: name 'evaluate_task' is not defined
[2026-03-23T01:26:12.512+0000] {processor.py:927} WARNING - No viable dags retrieved from /home/ec2-user/environment/lab4_model_training/airflow_home/dags/ml_training_pipeline_v2.py
[2026-03-23T01:26:12.531+0000] {processor.py:208} INFO - Processing /home/ec2-user/environment/lab4_model_training/airflow_home/dags/ml_training_pipeline_v2.py took 1.731 seconds
[2026-03-23T01:26:52.156+0000] {processor.py:186} INFO - Started process (PID=9878) to work on /home/ec2-user/environment/lab4_model_training/airflow_home/dags/ml_training_pipeline_v2.py
[2026-03-23T01:26:52.157+0000] {processor.py:914} INFO - Processing file /home/ec2-user/environment/lab4_model_training/airflow_home/dags/ml_training_pipeline_v2.py for tasks to queue
[2026-03-23T01:26:52.159+0000] {logging_mixin.py:190} INFO - [2026-03-23T01:26:52.159+0000] {dagbag.py:588} INFO - Filling up the DagBag from /home/ec2-user/environment/lab4_model_training/airflow_home/dags/ml_training_pipeline_v2.py
[2026-03-23T01:26:53.233+0000] {logging_mixin.py:190} INFO - [2026-03-23T01:26:53.228+0000] {dagbag.py:387} ERROR - Failed to import: /home/ec2-user/environment/lab4_model_training/airflow_home/dags/ml_training_pipeline_v2.py
Traceback (most recent call last):
  File "/home/ec2-user/environment/lab4_model_training/venv/lib64/python3.12/site-packages/airflow/models/dagbag.py", line 383, in parse
    loader.exec_module(new_module)
  File "<frozen importlib._bootstrap_external>", line 999, in exec_module
  File "<frozen importlib._bootstrap>", line 488, in _call_with_frames_removed
  File "/home/ec2-user/environment/lab4_model_training/airflow_home/dags/ml_training_pipeline_v2.py", line 42, in <module>
    train_task >> evaluate_task >> promote_task
                  ^^^^^^^^^^^^^
NameError: name 'evaluate_task' is not defined
[2026-03-23T01:26:53.237+0000] {processor.py:927} WARNING - No viable dags retrieved from /home/ec2-user/environment/lab4_model_training/airflow_home/dags/ml_training_pipeline_v2.py
[2026-03-23T01:26:53.251+0000] {processor.py:208} INFO - Processing /home/ec2-user/environment/lab4_model_training/airflow_home/dags/ml_training_pipeline_v2.py took 1.100 seconds
[2026-03-23T01:27:25.980+0000] {processor.py:186} INFO - Started process (PID=9940) to work on /home/ec2-user/environment/lab4_model_training/airflow_home/dags/ml_training_pipeline_v2.py
[2026-03-23T01:27:25.982+0000] {processor.py:914} INFO - Processing file /home/ec2-user/environment/lab4_model_training/airflow_home/dags/ml_training_pipeline_v2.py for tasks to queue
[2026-03-23T01:27:25.984+0000] {logging_mixin.py:190} INFO - [2026-03-23T01:27:25.983+0000] {dagbag.py:588} INFO - Filling up the DagBag from /home/ec2-user/environment/lab4_model_training/airflow_home/dags/ml_training_pipeline_v2.py
[2026-03-23T01:27:27.052+0000] {logging_mixin.py:190} INFO - [2026-03-23T01:27:27.047+0000] {dagbag.py:387} ERROR - Failed to import: /home/ec2-user/environment/lab4_model_training/airflow_home/dags/ml_training_pipeline_v2.py
Traceback (most recent call last):
  File "/home/ec2-user/environment/lab4_model_training/venv/lib64/python3.12/site-packages/airflow/models/dagbag.py", line 383, in parse
    loader.exec_module(new_module)
  File "<frozen importlib._bootstrap_external>", line 999, in exec_module
  File "<frozen importlib._bootstrap>", line 488, in _call_with_frames_removed
  File "/home/ec2-user/environment/lab4_model_training/airflow_home/dags/ml_training_pipeline_v2.py", line 42, in <module>
    train_task >> evaluate_task >> promote_task
                  ^^^^^^^^^^^^^
NameError: name 'evaluate_task' is not defined
[2026-03-23T01:27:27.056+0000] {processor.py:927} WARNING - No viable dags retrieved from /home/ec2-user/environment/lab4_model_training/airflow_home/dags/ml_training_pipeline_v2.py
[2026-03-23T01:27:27.070+0000] {processor.py:208} INFO - Processing /home/ec2-user/environment/lab4_model_training/airflow_home/dags/ml_training_pipeline_v2.py took 1.095 seconds
[2026-03-23T01:28:25.682+0000] {processor.py:186} INFO - Started process (PID=10094) to work on /home/ec2-user/environment/lab4_model_training/airflow_home/dags/ml_training_pipeline_v2.py
[2026-03-23T01:28:25.683+0000] {processor.py:914} INFO - Processing file /home/ec2-user/environment/lab4_model_training/airflow_home/dags/ml_training_pipeline_v2.py for tasks to queue
[2026-03-23T01:28:25.685+0000] {logging_mixin.py:190} INFO - [2026-03-23T01:28:25.685+0000] {dagbag.py:588} INFO - Filling up the DagBag from /home/ec2-user/environment/lab4_model_training/airflow_home/dags/ml_training_pipeline_v2.py
[2026-03-23T01:28:26.769+0000] {logging_mixin.py:190} INFO - [2026-03-23T01:28:26.764+0000] {dagbag.py:387} ERROR - Failed to import: /home/ec2-user/environment/lab4_model_training/airflow_home/dags/ml_training_pipeline_v2.py
Traceback (most recent call last):
  File "/home/ec2-user/environment/lab4_model_training/venv/lib64/python3.12/site-packages/airflow/models/dagbag.py", line 383, in parse
    loader.exec_module(new_module)
  File "<frozen importlib._bootstrap_external>", line 999, in exec_module
  File "<frozen importlib._bootstrap>", line 488, in _call_with_frames_removed
  File "/home/ec2-user/environment/lab4_model_training/airflow_home/dags/ml_training_pipeline_v2.py", line 42, in <module>
    train_task >> evaluate_task >> promote_task
                  ^^^^^^^^^^^^^
NameError: name 'evaluate_task' is not defined
[2026-03-23T01:28:26.774+0000] {processor.py:927} WARNING - No viable dags retrieved from /home/ec2-user/environment/lab4_model_training/airflow_home/dags/ml_training_pipeline_v2.py
[2026-03-23T01:28:26.787+0000] {processor.py:208} INFO - Processing /home/ec2-user/environment/lab4_model_training/airflow_home/dags/ml_training_pipeline_v2.py took 1.110 seconds
[2026-03-23T01:28:59.287+0000] {processor.py:186} INFO - Started process (PID=10155) to work on /home/ec2-user/environment/lab4_model_training/airflow_home/dags/ml_training_pipeline_v2.py
[2026-03-23T01:28:59.288+0000] {processor.py:914} INFO - Processing file /home/ec2-user/environment/lab4_model_training/airflow_home/dags/ml_training_pipeline_v2.py for tasks to queue
[2026-03-23T01:28:59.291+0000] {logging_mixin.py:190} INFO - [2026-03-23T01:28:59.290+0000] {dagbag.py:588} INFO - Filling up the DagBag from /home/ec2-user/environment/lab4_model_training/airflow_home/dags/ml_training_pipeline_v2.py
[2026-03-23T01:29:00.374+0000] {logging_mixin.py:190} INFO - [2026-03-23T01:29:00.369+0000] {dagbag.py:387} ERROR - Failed to import: /home/ec2-user/environment/lab4_model_training/airflow_home/dags/ml_training_pipeline_v2.py
Traceback (most recent call last):
  File "/home/ec2-user/environment/lab4_model_training/venv/lib64/python3.12/site-packages/airflow/models/dagbag.py", line 383, in parse
    loader.exec_module(new_module)
  File "<frozen importlib._bootstrap_external>", line 999, in exec_module
  File "<frozen importlib._bootstrap>", line 488, in _call_with_frames_removed
  File "/home/ec2-user/environment/lab4_model_training/airflow_home/dags/ml_training_pipeline_v2.py", line 42, in <module>
    train_task >> evaluate_task >> promote_task
                  ^^^^^^^^^^^^^
NameError: name 'evaluate_task' is not defined
[2026-03-23T01:29:00.379+0000] {processor.py:927} WARNING - No viable dags retrieved from /home/ec2-user/environment/lab4_model_training/airflow_home/dags/ml_training_pipeline_v2.py
[2026-03-23T01:29:00.394+0000] {processor.py:208} INFO - Processing /home/ec2-user/environment/lab4_model_training/airflow_home/dags/ml_training_pipeline_v2.py took 1.112 seconds
[2026-03-23T01:29:32.318+0000] {processor.py:186} INFO - Started process (PID=10280) to work on /home/ec2-user/environment/lab4_model_training/airflow_home/dags/ml_training_pipeline_v2.py
[2026-03-23T01:29:32.319+0000] {processor.py:914} INFO - Processing file /home/ec2-user/environment/lab4_model_training/airflow_home/dags/ml_training_pipeline_v2.py for tasks to queue
[2026-03-23T01:29:32.321+0000] {logging_mixin.py:190} INFO - [2026-03-23T01:29:32.321+0000] {dagbag.py:588} INFO - Filling up the DagBag from /home/ec2-user/environment/lab4_model_training/airflow_home/dags/ml_training_pipeline_v2.py
[2026-03-23T01:29:33.427+0000] {logging_mixin.py:190} INFO - [2026-03-23T01:29:33.418+0000] {dagbag.py:387} ERROR - Failed to import: /home/ec2-user/environment/lab4_model_training/airflow_home/dags/ml_training_pipeline_v2.py
Traceback (most recent call last):
  File "/home/ec2-user/environment/lab4_model_training/venv/lib64/python3.12/site-packages/airflow/models/dagbag.py", line 383, in parse
    loader.exec_module(new_module)
  File "<frozen importlib._bootstrap_external>", line 999, in exec_module
  File "<frozen importlib._bootstrap>", line 488, in _call_with_frames_removed
  File "/home/ec2-user/environment/lab4_model_training/airflow_home/dags/ml_training_pipeline_v2.py", line 42, in <module>
    train_task >> evaluate_task >> promote_task
                  ^^^^^^^^^^^^^
NameError: name 'evaluate_task' is not defined
[2026-03-23T01:29:33.432+0000] {processor.py:927} WARNING - No viable dags retrieved from /home/ec2-user/environment/lab4_model_training/airflow_home/dags/ml_training_pipeline_v2.py
[2026-03-23T01:29:33.445+0000] {processor.py:208} INFO - Processing /home/ec2-user/environment/lab4_model_training/airflow_home/dags/ml_training_pipeline_v2.py took 1.133 seconds
[2026-03-23T01:30:06.990+0000] {processor.py:186} INFO - Started process (PID=10463) to work on /home/ec2-user/environment/lab4_model_training/airflow_home/dags/ml_training_pipeline_v2.py
[2026-03-23T01:30:06.991+0000] {processor.py:914} INFO - Processing file /home/ec2-user/environment/lab4_model_training/airflow_home/dags/ml_training_pipeline_v2.py for tasks to queue
[2026-03-23T01:30:06.994+0000] {logging_mixin.py:190} INFO - [2026-03-23T01:30:06.993+0000] {dagbag.py:588} INFO - Filling up the DagBag from /home/ec2-user/environment/lab4_model_training/airflow_home/dags/ml_training_pipeline_v2.py
[2026-03-23T01:30:08.099+0000] {logging_mixin.py:190} INFO - [2026-03-23T01:30:08.094+0000] {dagbag.py:387} ERROR - Failed to import: /home/ec2-user/environment/lab4_model_training/airflow_home/dags/ml_training_pipeline_v2.py
Traceback (most recent call last):
  File "/home/ec2-user/environment/lab4_model_training/venv/lib64/python3.12/site-packages/airflow/models/dagbag.py", line 383, in parse
    loader.exec_module(new_module)
  File "<frozen importlib._bootstrap_external>", line 999, in exec_module
  File "<frozen importlib._bootstrap>", line 488, in _call_with_frames_removed
  File "/home/ec2-user/environment/lab4_model_training/airflow_home/dags/ml_training_pipeline_v2.py", line 42, in <module>
    train_task >> evaluate_task >> promote_task
                  ^^^^^^^^^^^^^
NameError: name 'evaluate_task' is not defined
[2026-03-23T01:30:08.104+0000] {processor.py:927} WARNING - No viable dags retrieved from /home/ec2-user/environment/lab4_model_training/airflow_home/dags/ml_training_pipeline_v2.py
[2026-03-23T01:30:08.117+0000] {processor.py:208} INFO - Processing /home/ec2-user/environment/lab4_model_training/airflow_home/dags/ml_training_pipeline_v2.py took 1.134 seconds
[2026-03-23T01:30:40.411+0000] {processor.py:186} INFO - Started process (PID=10513) to work on /home/ec2-user/environment/lab4_model_training/airflow_home/dags/ml_training_pipeline_v2.py
[2026-03-23T01:30:40.412+0000] {processor.py:914} INFO - Processing file /home/ec2-user/environment/lab4_model_training/airflow_home/dags/ml_training_pipeline_v2.py for tasks to queue
[2026-03-23T01:30:40.414+0000] {logging_mixin.py:190} INFO - [2026-03-23T01:30:40.413+0000] {dagbag.py:588} INFO - Filling up the DagBag from /home/ec2-user/environment/lab4_model_training/airflow_home/dags/ml_training_pipeline_v2.py
[2026-03-23T01:30:41.481+0000] {logging_mixin.py:190} INFO - [2026-03-23T01:30:41.476+0000] {dagbag.py:387} ERROR - Failed to import: /home/ec2-user/environment/lab4_model_training/airflow_home/dags/ml_training_pipeline_v2.py
Traceback (most recent call last):
  File "/home/ec2-user/environment/lab4_model_training/venv/lib64/python3.12/site-packages/airflow/models/dagbag.py", line 383, in parse
    loader.exec_module(new_module)
  File "<frozen importlib._bootstrap_external>", line 999, in exec_module
  File "<frozen importlib._bootstrap>", line 488, in _call_with_frames_removed
  File "/home/ec2-user/environment/lab4_model_training/airflow_home/dags/ml_training_pipeline_v2.py", line 42, in <module>
    train_task >> evaluate_task >> promote_task
                  ^^^^^^^^^^^^^
NameError: name 'evaluate_task' is not defined
[2026-03-23T01:30:41.486+0000] {processor.py:927} WARNING - No viable dags retrieved from /home/ec2-user/environment/lab4_model_training/airflow_home/dags/ml_training_pipeline_v2.py
[2026-03-23T01:30:41.499+0000] {processor.py:208} INFO - Processing /home/ec2-user/environment/lab4_model_training/airflow_home/dags/ml_training_pipeline_v2.py took 1.093 seconds
[2026-03-23T01:31:45.281+0000] {processor.py:186} INFO - Started process (PID=10729) to work on /home/ec2-user/environment/lab4_model_training/airflow_home/dags/ml_training_pipeline_v2.py
[2026-03-23T01:31:45.282+0000] {processor.py:914} INFO - Processing file /home/ec2-user/environment/lab4_model_training/airflow_home/dags/ml_training_pipeline_v2.py for tasks to queue
[2026-03-23T01:31:45.284+0000] {logging_mixin.py:190} INFO - [2026-03-23T01:31:45.284+0000] {dagbag.py:588} INFO - Filling up the DagBag from /home/ec2-user/environment/lab4_model_training/airflow_home/dags/ml_training_pipeline_v2.py
[2026-03-23T01:31:46.356+0000] {logging_mixin.py:190} INFO - [2026-03-23T01:31:46.351+0000] {dagbag.py:387} ERROR - Failed to import: /home/ec2-user/environment/lab4_model_training/airflow_home/dags/ml_training_pipeline_v2.py
Traceback (most recent call last):
  File "/home/ec2-user/environment/lab4_model_training/venv/lib64/python3.12/site-packages/airflow/models/dagbag.py", line 383, in parse
    loader.exec_module(new_module)
  File "<frozen importlib._bootstrap_external>", line 999, in exec_module
  File "<frozen importlib._bootstrap>", line 488, in _call_with_frames_removed
  File "/home/ec2-user/environment/lab4_model_training/airflow_home/dags/ml_training_pipeline_v2.py", line 42, in <module>
    train_task >> evaluate_task >> promote_task
                  ^^^^^^^^^^^^^
NameError: name 'evaluate_task' is not defined
[2026-03-23T01:31:46.361+0000] {processor.py:927} WARNING - No viable dags retrieved from /home/ec2-user/environment/lab4_model_training/airflow_home/dags/ml_training_pipeline_v2.py
[2026-03-23T01:31:46.374+0000] {processor.py:208} INFO - Processing /home/ec2-user/environment/lab4_model_training/airflow_home/dags/ml_training_pipeline_v2.py took 1.098 seconds
[2026-03-23T01:32:50.467+0000] {processor.py:186} INFO - Started process (PID=10895) to work on /home/ec2-user/environment/lab4_model_training/airflow_home/dags/ml_training_pipeline_v2.py
[2026-03-23T01:32:50.468+0000] {processor.py:914} INFO - Processing file /home/ec2-user/environment/lab4_model_training/airflow_home/dags/ml_training_pipeline_v2.py for tasks to queue
[2026-03-23T01:32:50.470+0000] {logging_mixin.py:190} INFO - [2026-03-23T01:32:50.470+0000] {dagbag.py:588} INFO - Filling up the DagBag from /home/ec2-user/environment/lab4_model_training/airflow_home/dags/ml_training_pipeline_v2.py
[2026-03-23T01:32:51.541+0000] {logging_mixin.py:190} INFO - [2026-03-23T01:32:51.536+0000] {dagbag.py:387} ERROR - Failed to import: /home/ec2-user/environment/lab4_model_training/airflow_home/dags/ml_training_pipeline_v2.py
Traceback (most recent call last):
  File "/home/ec2-user/environment/lab4_model_training/venv/lib64/python3.12/site-packages/airflow/models/dagbag.py", line 383, in parse
    loader.exec_module(new_module)
  File "<frozen importlib._bootstrap_external>", line 999, in exec_module
  File "<frozen importlib._bootstrap>", line 488, in _call_with_frames_removed
  File "/home/ec2-user/environment/lab4_model_training/airflow_home/dags/ml_training_pipeline_v2.py", line 42, in <module>
    train_task >> evaluate_task >> promote_task
                  ^^^^^^^^^^^^^
NameError: name 'evaluate_task' is not defined
[2026-03-23T01:32:51.546+0000] {processor.py:927} WARNING - No viable dags retrieved from /home/ec2-user/environment/lab4_model_training/airflow_home/dags/ml_training_pipeline_v2.py
[2026-03-23T01:32:51.559+0000] {processor.py:208} INFO - Processing /home/ec2-user/environment/lab4_model_training/airflow_home/dags/ml_training_pipeline_v2.py took 1.098 seconds
[2026-03-23T01:33:23.240+0000] {processor.py:186} INFO - Started process (PID=11033) to work on /home/ec2-user/environment/lab4_model_training/airflow_home/dags/ml_training_pipeline_v2.py
[2026-03-23T01:33:23.242+0000] {processor.py:914} INFO - Processing file /home/ec2-user/environment/lab4_model_training/airflow_home/dags/ml_training_pipeline_v2.py for tasks to queue
[2026-03-23T01:33:23.244+0000] {logging_mixin.py:190} INFO - [2026-03-23T01:33:23.244+0000] {dagbag.py:588} INFO - Filling up the DagBag from /home/ec2-user/environment/lab4_model_training/airflow_home/dags/ml_training_pipeline_v2.py
[2026-03-23T01:33:24.616+0000] {logging_mixin.py:190} INFO - [2026-03-23T01:33:24.607+0000] {dagbag.py:387} ERROR - Failed to import: /home/ec2-user/environment/lab4_model_training/airflow_home/dags/ml_training_pipeline_v2.py
Traceback (most recent call last):
  File "/home/ec2-user/environment/lab4_model_training/venv/lib64/python3.12/site-packages/airflow/models/dagbag.py", line 383, in parse
    loader.exec_module(new_module)
  File "<frozen importlib._bootstrap_external>", line 999, in exec_module
  File "<frozen importlib._bootstrap>", line 488, in _call_with_frames_removed
  File "/home/ec2-user/environment/lab4_model_training/airflow_home/dags/ml_training_pipeline_v2.py", line 42, in <module>
    train_task >> evaluate_task >> promote_task
                  ^^^^^^^^^^^^^
NameError: name 'evaluate_task' is not defined
[2026-03-23T01:33:24.624+0000] {processor.py:927} WARNING - No viable dags retrieved from /home/ec2-user/environment/lab4_model_training/airflow_home/dags/ml_training_pipeline_v2.py
[2026-03-23T01:33:24.642+0000] {processor.py:208} INFO - Processing /home/ec2-user/environment/lab4_model_training/airflow_home/dags/ml_training_pipeline_v2.py took 1.407 seconds
[2026-03-23T01:34:28.972+0000] {processor.py:186} INFO - Started process (PID=11157) to work on /home/ec2-user/environment/lab4_model_training/airflow_home/dags/ml_training_pipeline_v2.py
[2026-03-23T01:34:28.973+0000] {processor.py:914} INFO - Processing file /home/ec2-user/environment/lab4_model_training/airflow_home/dags/ml_training_pipeline_v2.py for tasks to queue
[2026-03-23T01:34:28.975+0000] {logging_mixin.py:190} INFO - [2026-03-23T01:34:28.975+0000] {dagbag.py:588} INFO - Filling up the DagBag from /home/ec2-user/environment/lab4_model_training/airflow_home/dags/ml_training_pipeline_v2.py
[2026-03-23T01:34:30.056+0000] {logging_mixin.py:190} INFO - [2026-03-23T01:34:30.050+0000] {dagbag.py:387} ERROR - Failed to import: /home/ec2-user/environment/lab4_model_training/airflow_home/dags/ml_training_pipeline_v2.py
Traceback (most recent call last):
  File "/home/ec2-user/environment/lab4_model_training/venv/lib64/python3.12/site-packages/airflow/models/dagbag.py", line 383, in parse
    loader.exec_module(new_module)
  File "<frozen importlib._bootstrap_external>", line 999, in exec_module
  File "<frozen importlib._bootstrap>", line 488, in _call_with_frames_removed
  File "/home/ec2-user/environment/lab4_model_training/airflow_home/dags/ml_training_pipeline_v2.py", line 42, in <module>
    train_task >> evaluate_task >> promote_task
                  ^^^^^^^^^^^^^
NameError: name 'evaluate_task' is not defined
[2026-03-23T01:34:30.060+0000] {processor.py:927} WARNING - No viable dags retrieved from /home/ec2-user/environment/lab4_model_training/airflow_home/dags/ml_training_pipeline_v2.py
[2026-03-23T01:34:30.074+0000] {processor.py:208} INFO - Processing /home/ec2-user/environment/lab4_model_training/airflow_home/dags/ml_training_pipeline_v2.py took 1.108 seconds
[2026-03-23T01:35:03.844+0000] {processor.py:186} INFO - Started process (PID=11290) to work on /home/ec2-user/environment/lab4_model_training/airflow_home/dags/ml_training_pipeline_v2.py
[2026-03-23T01:35:03.844+0000] {processor.py:914} INFO - Processing file /home/ec2-user/environment/lab4_model_training/airflow_home/dags/ml_training_pipeline_v2.py for tasks to queue
[2026-03-23T01:35:03.846+0000] {logging_mixin.py:190} INFO - [2026-03-23T01:35:03.846+0000] {dagbag.py:588} INFO - Filling up the DagBag from /home/ec2-user/environment/lab4_model_training/airflow_home/dags/ml_training_pipeline_v2.py
[2026-03-23T01:35:04.923+0000] {logging_mixin.py:190} INFO - [2026-03-23T01:35:04.918+0000] {dagbag.py:387} ERROR - Failed to import: /home/ec2-user/environment/lab4_model_training/airflow_home/dags/ml_training_pipeline_v2.py
Traceback (most recent call last):
  File "/home/ec2-user/environment/lab4_model_training/venv/lib64/python3.12/site-packages/airflow/models/dagbag.py", line 383, in parse
    loader.exec_module(new_module)
  File "<frozen importlib._bootstrap_external>", line 999, in exec_module
  File "<frozen importlib._bootstrap>", line 488, in _call_with_frames_removed
  File "/home/ec2-user/environment/lab4_model_training/airflow_home/dags/ml_training_pipeline_v2.py", line 42, in <module>
    train_task >> evaluate_task >> promote_task
                  ^^^^^^^^^^^^^
NameError: name 'evaluate_task' is not defined
[2026-03-23T01:35:04.928+0000] {processor.py:927} WARNING - No viable dags retrieved from /home/ec2-user/environment/lab4_model_training/airflow_home/dags/ml_training_pipeline_v2.py
[2026-03-23T01:35:04.942+0000] {processor.py:208} INFO - Processing /home/ec2-user/environment/lab4_model_training/airflow_home/dags/ml_training_pipeline_v2.py took 1.104 seconds
