[2026-03-24T06:16:37.420+0000] {processor.py:186} INFO - Started process (PID=2913) to work on /home/ec2-user/environment/lab4_model_training/venv/lib64/python3.12/site-packages/airflow/example_dags/example_short_circuit_operator.py
[2026-03-24T06:16:37.421+0000] {processor.py:914} INFO - Processing file /home/ec2-user/environment/lab4_model_training/venv/lib64/python3.12/site-packages/airflow/example_dags/example_short_circuit_operator.py for tasks to queue
[2026-03-24T06:16:37.423+0000] {logging_mixin.py:190} INFO - [2026-03-24T06:16:37.423+0000] {dagbag.py:588} INFO - Filling up the DagBag from /home/ec2-user/environment/lab4_model_training/venv/lib64/python3.12/site-packages/airflow/example_dags/example_short_circuit_operator.py
[2026-03-24T06:16:37.434+0000] {processor.py:925} INFO - DAG(s) 'example_short_circuit_operator' retrieved from /home/ec2-user/environment/lab4_model_training/venv/lib64/python3.12/site-packages/airflow/example_dags/example_short_circuit_operator.py
[2026-03-24T06:16:37.458+0000] {logging_mixin.py:190} INFO - [2026-03-24T06:16:37.458+0000] {dag.py:3239} INFO - Sync 1 DAGs
[2026-03-24T06:16:37.474+0000] {logging_mixin.py:190} INFO - [2026-03-24T06:16:37.474+0000] {dag.py:4180} INFO - Setting next_dagrun for example_short_circuit_operator to None, run_after=None
[2026-03-24T06:16:37.497+0000] {processor.py:208} INFO - Processing /home/ec2-user/environment/lab4_model_training/venv/lib64/python3.12/site-packages/airflow/example_dags/example_short_circuit_operator.py took 0.082 seconds
[2026-03-24T06:17:48.450+0000] {processor.py:186} INFO - Started process (PID=3250) to work on /home/ec2-user/environment/lab4_model_training/venv/lib64/python3.12/site-packages/airflow/example_dags/example_short_circuit_operator.py
[2026-03-24T06:17:48.451+0000] {processor.py:914} INFO - Processing file /home/ec2-user/environment/lab4_model_training/venv/lib64/python3.12/site-packages/airflow/example_dags/example_short_circuit_operator.py for tasks to queue
[2026-03-24T06:17:48.455+0000] {logging_mixin.py:190} INFO - [2026-03-24T06:17:48.454+0000] {dagbag.py:588} INFO - Filling up the DagBag from /home/ec2-user/environment/lab4_model_training/venv/lib64/python3.12/site-packages/airflow/example_dags/example_short_circuit_operator.py
[2026-03-24T06:17:48.465+0000] {processor.py:925} INFO - DAG(s) 'example_short_circuit_operator' retrieved from /home/ec2-user/environment/lab4_model_training/venv/lib64/python3.12/site-packages/airflow/example_dags/example_short_circuit_operator.py
[2026-03-24T06:17:48.484+0000] {logging_mixin.py:190} INFO - [2026-03-24T06:17:48.484+0000] {dag.py:3239} INFO - Sync 1 DAGs
[2026-03-24T06:17:48.497+0000] {logging_mixin.py:190} INFO - [2026-03-24T06:17:48.497+0000] {dag.py:4180} INFO - Setting next_dagrun for example_short_circuit_operator to None, run_after=None
[2026-03-24T06:17:48.520+0000] {processor.py:208} INFO - Processing /home/ec2-user/environment/lab4_model_training/venv/lib64/python3.12/site-packages/airflow/example_dags/example_short_circuit_operator.py took 0.075 seconds
[2026-03-24T06:18:50.272+0000] {processor.py:186} INFO - Started process (PID=3563) to work on /home/ec2-user/environment/lab4_model_training/venv/lib64/python3.12/site-packages/airflow/example_dags/example_short_circuit_operator.py
[2026-03-24T06:18:50.273+0000] {processor.py:914} INFO - Processing file /home/ec2-user/environment/lab4_model_training/venv/lib64/python3.12/site-packages/airflow/example_dags/example_short_circuit_operator.py for tasks to queue
[2026-03-24T06:18:50.276+0000] {logging_mixin.py:190} INFO - [2026-03-24T06:18:50.275+0000] {dagbag.py:588} INFO - Filling up the DagBag from /home/ec2-user/environment/lab4_model_training/venv/lib64/python3.12/site-packages/airflow/example_dags/example_short_circuit_operator.py
[2026-03-24T06:18:50.286+0000] {processor.py:925} INFO - DAG(s) 'example_short_circuit_operator' retrieved from /home/ec2-user/environment/lab4_model_training/venv/lib64/python3.12/site-packages/airflow/example_dags/example_short_circuit_operator.py
[2026-03-24T06:18:50.305+0000] {logging_mixin.py:190} INFO - [2026-03-24T06:18:50.304+0000] {dag.py:3239} INFO - Sync 1 DAGs
[2026-03-24T06:18:50.318+0000] {logging_mixin.py:190} INFO - [2026-03-24T06:18:50.318+0000] {dag.py:4180} INFO - Setting next_dagrun for example_short_circuit_operator to None, run_after=None
[2026-03-24T06:18:50.340+0000] {processor.py:208} INFO - Processing /home/ec2-user/environment/lab4_model_training/venv/lib64/python3.12/site-packages/airflow/example_dags/example_short_circuit_operator.py took 0.072 seconds
[2026-03-24T06:20:02.062+0000] {processor.py:186} INFO - Started process (PID=3883) to work on /home/ec2-user/environment/lab4_model_training/venv/lib64/python3.12/site-packages/airflow/example_dags/example_short_circuit_operator.py
[2026-03-24T06:20:02.063+0000] {processor.py:914} INFO - Processing file /home/ec2-user/environment/lab4_model_training/venv/lib64/python3.12/site-packages/airflow/example_dags/example_short_circuit_operator.py for tasks to queue
[2026-03-24T06:20:02.066+0000] {logging_mixin.py:190} INFO - [2026-03-24T06:20:02.066+0000] {dagbag.py:588} INFO - Filling up the DagBag from /home/ec2-user/environment/lab4_model_training/venv/lib64/python3.12/site-packages/airflow/example_dags/example_short_circuit_operator.py
[2026-03-24T06:20:02.077+0000] {processor.py:925} INFO - DAG(s) 'example_short_circuit_operator' retrieved from /home/ec2-user/environment/lab4_model_training/venv/lib64/python3.12/site-packages/airflow/example_dags/example_short_circuit_operator.py
[2026-03-24T06:20:02.096+0000] {logging_mixin.py:190} INFO - [2026-03-24T06:20:02.096+0000] {dag.py:3239} INFO - Sync 1 DAGs
[2026-03-24T06:20:02.110+0000] {logging_mixin.py:190} INFO - [2026-03-24T06:20:02.109+0000] {dag.py:4180} INFO - Setting next_dagrun for example_short_circuit_operator to None, run_after=None
[2026-03-24T06:20:02.135+0000] {processor.py:208} INFO - Processing /home/ec2-user/environment/lab4_model_training/venv/lib64/python3.12/site-packages/airflow/example_dags/example_short_circuit_operator.py took 0.078 seconds
[2026-03-24T06:21:09.758+0000] {processor.py:186} INFO - Started process (PID=4257) to work on /home/ec2-user/environment/lab4_model_training/venv/lib64/python3.12/site-packages/airflow/example_dags/example_short_circuit_operator.py
[2026-03-24T06:21:09.759+0000] {processor.py:914} INFO - Processing file /home/ec2-user/environment/lab4_model_training/venv/lib64/python3.12/site-packages/airflow/example_dags/example_short_circuit_operator.py for tasks to queue
[2026-03-24T06:21:09.761+0000] {logging_mixin.py:190} INFO - [2026-03-24T06:21:09.761+0000] {dagbag.py:588} INFO - Filling up the DagBag from /home/ec2-user/environment/lab4_model_training/venv/lib64/python3.12/site-packages/airflow/example_dags/example_short_circuit_operator.py
[2026-03-24T06:21:09.772+0000] {processor.py:925} INFO - DAG(s) 'example_short_circuit_operator' retrieved from /home/ec2-user/environment/lab4_model_training/venv/lib64/python3.12/site-packages/airflow/example_dags/example_short_circuit_operator.py
[2026-03-24T06:21:09.793+0000] {logging_mixin.py:190} INFO - [2026-03-24T06:21:09.793+0000] {dag.py:3239} INFO - Sync 1 DAGs
[2026-03-24T06:21:09.806+0000] {logging_mixin.py:190} INFO - [2026-03-24T06:21:09.806+0000] {dag.py:4180} INFO - Setting next_dagrun for example_short_circuit_operator to None, run_after=None
[2026-03-24T06:21:09.828+0000] {processor.py:208} INFO - Processing /home/ec2-user/environment/lab4_model_training/venv/lib64/python3.12/site-packages/airflow/example_dags/example_short_circuit_operator.py took 0.075 seconds
[2026-03-24T06:22:14.422+0000] {processor.py:186} INFO - Started process (PID=4666) to work on /home/ec2-user/environment/lab4_model_training/venv/lib64/python3.12/site-packages/airflow/example_dags/example_short_circuit_operator.py
[2026-03-24T06:22:14.423+0000] {processor.py:914} INFO - Processing file /home/ec2-user/environment/lab4_model_training/venv/lib64/python3.12/site-packages/airflow/example_dags/example_short_circuit_operator.py for tasks to queue
[2026-03-24T06:22:14.426+0000] {logging_mixin.py:190} INFO - [2026-03-24T06:22:14.426+0000] {dagbag.py:588} INFO - Filling up the DagBag from /home/ec2-user/environment/lab4_model_training/venv/lib64/python3.12/site-packages/airflow/example_dags/example_short_circuit_operator.py
[2026-03-24T06:22:14.436+0000] {processor.py:925} INFO - DAG(s) 'example_short_circuit_operator' retrieved from /home/ec2-user/environment/lab4_model_training/venv/lib64/python3.12/site-packages/airflow/example_dags/example_short_circuit_operator.py
[2026-03-24T06:22:14.454+0000] {logging_mixin.py:190} INFO - [2026-03-24T06:22:14.454+0000] {dag.py:3239} INFO - Sync 1 DAGs
[2026-03-24T06:22:14.468+0000] {logging_mixin.py:190} INFO - [2026-03-24T06:22:14.468+0000] {dag.py:4180} INFO - Setting next_dagrun for example_short_circuit_operator to None, run_after=None
[2026-03-24T06:22:14.489+0000] {processor.py:208} INFO - Processing /home/ec2-user/environment/lab4_model_training/venv/lib64/python3.12/site-packages/airflow/example_dags/example_short_circuit_operator.py took 0.072 seconds
[2026-03-24T06:23:21.545+0000] {processor.py:186} INFO - Started process (PID=5010) to work on /home/ec2-user/environment/lab4_model_training/venv/lib64/python3.12/site-packages/airflow/example_dags/example_short_circuit_operator.py
[2026-03-24T06:23:21.546+0000] {processor.py:914} INFO - Processing file /home/ec2-user/environment/lab4_model_training/venv/lib64/python3.12/site-packages/airflow/example_dags/example_short_circuit_operator.py for tasks to queue
[2026-03-24T06:23:21.550+0000] {logging_mixin.py:190} INFO - [2026-03-24T06:23:21.549+0000] {dagbag.py:588} INFO - Filling up the DagBag from /home/ec2-user/environment/lab4_model_training/venv/lib64/python3.12/site-packages/airflow/example_dags/example_short_circuit_operator.py
[2026-03-24T06:23:21.560+0000] {processor.py:925} INFO - DAG(s) 'example_short_circuit_operator' retrieved from /home/ec2-user/environment/lab4_model_training/venv/lib64/python3.12/site-packages/airflow/example_dags/example_short_circuit_operator.py
[2026-03-24T06:23:21.584+0000] {logging_mixin.py:190} INFO - [2026-03-24T06:23:21.584+0000] {dag.py:3239} INFO - Sync 1 DAGs
[2026-03-24T06:23:21.601+0000] {logging_mixin.py:190} INFO - [2026-03-24T06:23:21.600+0000] {dag.py:4180} INFO - Setting next_dagrun for example_short_circuit_operator to None, run_after=None
[2026-03-24T06:23:21.641+0000] {processor.py:208} INFO - Processing /home/ec2-user/environment/lab4_model_training/venv/lib64/python3.12/site-packages/airflow/example_dags/example_short_circuit_operator.py took 0.102 seconds
[2026-03-24T06:24:35.697+0000] {processor.py:186} INFO - Started process (PID=5384) to work on /home/ec2-user/environment/lab4_model_training/venv/lib64/python3.12/site-packages/airflow/example_dags/example_short_circuit_operator.py
[2026-03-24T06:24:35.698+0000] {processor.py:914} INFO - Processing file /home/ec2-user/environment/lab4_model_training/venv/lib64/python3.12/site-packages/airflow/example_dags/example_short_circuit_operator.py for tasks to queue
[2026-03-24T06:24:35.701+0000] {logging_mixin.py:190} INFO - [2026-03-24T06:24:35.701+0000] {dagbag.py:588} INFO - Filling up the DagBag from /home/ec2-user/environment/lab4_model_training/venv/lib64/python3.12/site-packages/airflow/example_dags/example_short_circuit_operator.py
[2026-03-24T06:24:35.712+0000] {processor.py:925} INFO - DAG(s) 'example_short_circuit_operator' retrieved from /home/ec2-user/environment/lab4_model_training/venv/lib64/python3.12/site-packages/airflow/example_dags/example_short_circuit_operator.py
[2026-03-24T06:24:35.730+0000] {logging_mixin.py:190} INFO - [2026-03-24T06:24:35.730+0000] {dag.py:3239} INFO - Sync 1 DAGs
[2026-03-24T06:24:35.746+0000] {logging_mixin.py:190} INFO - [2026-03-24T06:24:35.746+0000] {dag.py:4180} INFO - Setting next_dagrun for example_short_circuit_operator to None, run_after=None
[2026-03-24T06:24:35.775+0000] {processor.py:208} INFO - Processing /home/ec2-user/environment/lab4_model_training/venv/lib64/python3.12/site-packages/airflow/example_dags/example_short_circuit_operator.py took 0.083 seconds
[2026-03-24T06:25:38.498+0000] {processor.py:186} INFO - Started process (PID=5612) to work on /home/ec2-user/environment/lab4_model_training/venv/lib64/python3.12/site-packages/airflow/example_dags/example_short_circuit_operator.py
[2026-03-24T06:25:38.499+0000] {processor.py:914} INFO - Processing file /home/ec2-user/environment/lab4_model_training/venv/lib64/python3.12/site-packages/airflow/example_dags/example_short_circuit_operator.py for tasks to queue
[2026-03-24T06:25:38.502+0000] {logging_mixin.py:190} INFO - [2026-03-24T06:25:38.502+0000] {dagbag.py:588} INFO - Filling up the DagBag from /home/ec2-user/environment/lab4_model_training/venv/lib64/python3.12/site-packages/airflow/example_dags/example_short_circuit_operator.py
[2026-03-24T06:25:38.513+0000] {processor.py:925} INFO - DAG(s) 'example_short_circuit_operator' retrieved from /home/ec2-user/environment/lab4_model_training/venv/lib64/python3.12/site-packages/airflow/example_dags/example_short_circuit_operator.py
[2026-03-24T06:25:38.532+0000] {logging_mixin.py:190} INFO - [2026-03-24T06:25:38.531+0000] {dag.py:3239} INFO - Sync 1 DAGs
[2026-03-24T06:25:38.549+0000] {logging_mixin.py:190} INFO - [2026-03-24T06:25:38.549+0000] {dag.py:4180} INFO - Setting next_dagrun for example_short_circuit_operator to None, run_after=None
[2026-03-24T06:25:38.573+0000] {processor.py:208} INFO - Processing /home/ec2-user/environment/lab4_model_training/venv/lib64/python3.12/site-packages/airflow/example_dags/example_short_circuit_operator.py took 0.080 seconds
[2026-03-24T06:26:42.563+0000] {processor.py:186} INFO - Started process (PID=5884) to work on /home/ec2-user/environment/lab4_model_training/venv/lib64/python3.12/site-packages/airflow/example_dags/example_short_circuit_operator.py
[2026-03-24T06:26:42.564+0000] {processor.py:914} INFO - Processing file /home/ec2-user/environment/lab4_model_training/venv/lib64/python3.12/site-packages/airflow/example_dags/example_short_circuit_operator.py for tasks to queue
[2026-03-24T06:26:42.568+0000] {logging_mixin.py:190} INFO - [2026-03-24T06:26:42.567+0000] {dagbag.py:588} INFO - Filling up the DagBag from /home/ec2-user/environment/lab4_model_training/venv/lib64/python3.12/site-packages/airflow/example_dags/example_short_circuit_operator.py
[2026-03-24T06:26:42.579+0000] {processor.py:925} INFO - DAG(s) 'example_short_circuit_operator' retrieved from /home/ec2-user/environment/lab4_model_training/venv/lib64/python3.12/site-packages/airflow/example_dags/example_short_circuit_operator.py
[2026-03-24T06:26:42.598+0000] {logging_mixin.py:190} INFO - [2026-03-24T06:26:42.598+0000] {dag.py:3239} INFO - Sync 1 DAGs
[2026-03-24T06:26:42.611+0000] {logging_mixin.py:190} INFO - [2026-03-24T06:26:42.611+0000] {dag.py:4180} INFO - Setting next_dagrun for example_short_circuit_operator to None, run_after=None
[2026-03-24T06:26:42.633+0000] {processor.py:208} INFO - Processing /home/ec2-user/environment/lab4_model_training/venv/lib64/python3.12/site-packages/airflow/example_dags/example_short_circuit_operator.py took 0.074 seconds
[2026-03-24T06:27:51.865+0000] {processor.py:186} INFO - Started process (PID=6175) to work on /home/ec2-user/environment/lab4_model_training/venv/lib64/python3.12/site-packages/airflow/example_dags/example_short_circuit_operator.py
[2026-03-24T06:27:51.866+0000] {processor.py:914} INFO - Processing file /home/ec2-user/environment/lab4_model_training/venv/lib64/python3.12/site-packages/airflow/example_dags/example_short_circuit_operator.py for tasks to queue
[2026-03-24T06:27:51.868+0000] {logging_mixin.py:190} INFO - [2026-03-24T06:27:51.868+0000] {dagbag.py:588} INFO - Filling up the DagBag from /home/ec2-user/environment/lab4_model_training/venv/lib64/python3.12/site-packages/airflow/example_dags/example_short_circuit_operator.py
[2026-03-24T06:27:51.879+0000] {processor.py:925} INFO - DAG(s) 'example_short_circuit_operator' retrieved from /home/ec2-user/environment/lab4_model_training/venv/lib64/python3.12/site-packages/airflow/example_dags/example_short_circuit_operator.py
[2026-03-24T06:27:51.897+0000] {logging_mixin.py:190} INFO - [2026-03-24T06:27:51.897+0000] {dag.py:3239} INFO - Sync 1 DAGs
[2026-03-24T06:27:51.911+0000] {logging_mixin.py:190} INFO - [2026-03-24T06:27:51.911+0000] {dag.py:4180} INFO - Setting next_dagrun for example_short_circuit_operator to None, run_after=None
[2026-03-24T06:27:51.932+0000] {processor.py:208} INFO - Processing /home/ec2-user/environment/lab4_model_training/venv/lib64/python3.12/site-packages/airflow/example_dags/example_short_circuit_operator.py took 0.072 seconds
[2026-03-24T06:28:59.400+0000] {processor.py:186} INFO - Started process (PID=6488) to work on /home/ec2-user/environment/lab4_model_training/venv/lib64/python3.12/site-packages/airflow/example_dags/example_short_circuit_operator.py
[2026-03-24T06:28:59.401+0000] {processor.py:914} INFO - Processing file /home/ec2-user/environment/lab4_model_training/venv/lib64/python3.12/site-packages/airflow/example_dags/example_short_circuit_operator.py for tasks to queue
[2026-03-24T06:28:59.404+0000] {logging_mixin.py:190} INFO - [2026-03-24T06:28:59.403+0000] {dagbag.py:588} INFO - Filling up the DagBag from /home/ec2-user/environment/lab4_model_training/venv/lib64/python3.12/site-packages/airflow/example_dags/example_short_circuit_operator.py
[2026-03-24T06:28:59.415+0000] {processor.py:925} INFO - DAG(s) 'example_short_circuit_operator' retrieved from /home/ec2-user/environment/lab4_model_training/venv/lib64/python3.12/site-packages/airflow/example_dags/example_short_circuit_operator.py
[2026-03-24T06:28:59.435+0000] {logging_mixin.py:190} INFO - [2026-03-24T06:28:59.434+0000] {dag.py:3239} INFO - Sync 1 DAGs
[2026-03-24T06:28:59.447+0000] {logging_mixin.py:190} INFO - [2026-03-24T06:28:59.447+0000] {dag.py:4180} INFO - Setting next_dagrun for example_short_circuit_operator to None, run_after=None
[2026-03-24T06:28:59.470+0000] {processor.py:208} INFO - Processing /home/ec2-user/environment/lab4_model_training/venv/lib64/python3.12/site-packages/airflow/example_dags/example_short_circuit_operator.py took 0.074 seconds
[2026-03-24T06:29:59.950+0000] {processor.py:186} INFO - Started process (PID=6872) to work on /home/ec2-user/environment/lab4_model_training/venv/lib64/python3.12/site-packages/airflow/example_dags/example_short_circuit_operator.py
[2026-03-24T06:29:59.952+0000] {processor.py:914} INFO - Processing file /home/ec2-user/environment/lab4_model_training/venv/lib64/python3.12/site-packages/airflow/example_dags/example_short_circuit_operator.py for tasks to queue
[2026-03-24T06:29:59.954+0000] {logging_mixin.py:190} INFO - [2026-03-24T06:29:59.954+0000] {dagbag.py:588} INFO - Filling up the DagBag from /home/ec2-user/environment/lab4_model_training/venv/lib64/python3.12/site-packages/airflow/example_dags/example_short_circuit_operator.py
[2026-03-24T06:29:59.965+0000] {processor.py:925} INFO - DAG(s) 'example_short_circuit_operator' retrieved from /home/ec2-user/environment/lab4_model_training/venv/lib64/python3.12/site-packages/airflow/example_dags/example_short_circuit_operator.py
[2026-03-24T06:29:59.983+0000] {logging_mixin.py:190} INFO - [2026-03-24T06:29:59.983+0000] {dag.py:3239} INFO - Sync 1 DAGs
[2026-03-24T06:29:59.996+0000] {logging_mixin.py:190} INFO - [2026-03-24T06:29:59.996+0000] {dag.py:4180} INFO - Setting next_dagrun for example_short_circuit_operator to None, run_after=None
[2026-03-24T06:30:00.018+0000] {processor.py:208} INFO - Processing /home/ec2-user/environment/lab4_model_training/venv/lib64/python3.12/site-packages/airflow/example_dags/example_short_circuit_operator.py took 0.072 seconds
[2026-03-24T06:31:00.498+0000] {processor.py:186} INFO - Started process (PID=7138) to work on /home/ec2-user/environment/lab4_model_training/venv/lib64/python3.12/site-packages/airflow/example_dags/example_short_circuit_operator.py
[2026-03-24T06:31:00.499+0000] {processor.py:914} INFO - Processing file /home/ec2-user/environment/lab4_model_training/venv/lib64/python3.12/site-packages/airflow/example_dags/example_short_circuit_operator.py for tasks to queue
[2026-03-24T06:31:00.502+0000] {logging_mixin.py:190} INFO - [2026-03-24T06:31:00.502+0000] {dagbag.py:588} INFO - Filling up the DagBag from /home/ec2-user/environment/lab4_model_training/venv/lib64/python3.12/site-packages/airflow/example_dags/example_short_circuit_operator.py
[2026-03-24T06:31:00.513+0000] {processor.py:925} INFO - DAG(s) 'example_short_circuit_operator' retrieved from /home/ec2-user/environment/lab4_model_training/venv/lib64/python3.12/site-packages/airflow/example_dags/example_short_circuit_operator.py
[2026-03-24T06:31:00.531+0000] {logging_mixin.py:190} INFO - [2026-03-24T06:31:00.531+0000] {dag.py:3239} INFO - Sync 1 DAGs
[2026-03-24T06:31:00.543+0000] {logging_mixin.py:190} INFO - [2026-03-24T06:31:00.543+0000] {dag.py:4180} INFO - Setting next_dagrun for example_short_circuit_operator to None, run_after=None
[2026-03-24T06:31:00.566+0000] {processor.py:208} INFO - Processing /home/ec2-user/environment/lab4_model_training/venv/lib64/python3.12/site-packages/airflow/example_dags/example_short_circuit_operator.py took 0.074 seconds
[2026-03-24T06:32:05.092+0000] {processor.py:186} INFO - Started process (PID=7436) to work on /home/ec2-user/environment/lab4_model_training/venv/lib64/python3.12/site-packages/airflow/example_dags/example_short_circuit_operator.py
[2026-03-24T06:32:05.093+0000] {processor.py:914} INFO - Processing file /home/ec2-user/environment/lab4_model_training/venv/lib64/python3.12/site-packages/airflow/example_dags/example_short_circuit_operator.py for tasks to queue
[2026-03-24T06:32:05.096+0000] {logging_mixin.py:190} INFO - [2026-03-24T06:32:05.096+0000] {dagbag.py:588} INFO - Filling up the DagBag from /home/ec2-user/environment/lab4_model_training/venv/lib64/python3.12/site-packages/airflow/example_dags/example_short_circuit_operator.py
[2026-03-24T06:32:05.107+0000] {processor.py:925} INFO - DAG(s) 'example_short_circuit_operator' retrieved from /home/ec2-user/environment/lab4_model_training/venv/lib64/python3.12/site-packages/airflow/example_dags/example_short_circuit_operator.py
[2026-03-24T06:32:05.137+0000] {logging_mixin.py:190} INFO - [2026-03-24T06:32:05.136+0000] {dag.py:3239} INFO - Sync 1 DAGs
[2026-03-24T06:32:05.160+0000] {logging_mixin.py:190} INFO - [2026-03-24T06:32:05.160+0000] {dag.py:4180} INFO - Setting next_dagrun for example_short_circuit_operator to None, run_after=None
[2026-03-24T06:32:05.196+0000] {processor.py:208} INFO - Processing /home/ec2-user/environment/lab4_model_training/venv/lib64/python3.12/site-packages/airflow/example_dags/example_short_circuit_operator.py took 0.110 seconds
[2026-03-24T06:33:14.325+0000] {processor.py:186} INFO - Started process (PID=7787) to work on /home/ec2-user/environment/lab4_model_training/venv/lib64/python3.12/site-packages/airflow/example_dags/example_short_circuit_operator.py
[2026-03-24T06:33:14.326+0000] {processor.py:914} INFO - Processing file /home/ec2-user/environment/lab4_model_training/venv/lib64/python3.12/site-packages/airflow/example_dags/example_short_circuit_operator.py for tasks to queue
[2026-03-24T06:33:14.328+0000] {logging_mixin.py:190} INFO - [2026-03-24T06:33:14.327+0000] {dagbag.py:588} INFO - Filling up the DagBag from /home/ec2-user/environment/lab4_model_training/venv/lib64/python3.12/site-packages/airflow/example_dags/example_short_circuit_operator.py
[2026-03-24T06:33:14.338+0000] {processor.py:925} INFO - DAG(s) 'example_short_circuit_operator' retrieved from /home/ec2-user/environment/lab4_model_training/venv/lib64/python3.12/site-packages/airflow/example_dags/example_short_circuit_operator.py
[2026-03-24T06:33:14.359+0000] {logging_mixin.py:190} INFO - [2026-03-24T06:33:14.359+0000] {dag.py:3239} INFO - Sync 1 DAGs
[2026-03-24T06:33:14.379+0000] {logging_mixin.py:190} INFO - [2026-03-24T06:33:14.379+0000] {dag.py:4180} INFO - Setting next_dagrun for example_short_circuit_operator to None, run_after=None
[2026-03-24T06:33:14.409+0000] {processor.py:208} INFO - Processing /home/ec2-user/environment/lab4_model_training/venv/lib64/python3.12/site-packages/airflow/example_dags/example_short_circuit_operator.py took 0.089 seconds
[2026-03-24T06:34:15.038+0000] {processor.py:186} INFO - Started process (PID=7996) to work on /home/ec2-user/environment/lab4_model_training/venv/lib64/python3.12/site-packages/airflow/example_dags/example_short_circuit_operator.py
[2026-03-24T06:34:15.039+0000] {processor.py:914} INFO - Processing file /home/ec2-user/environment/lab4_model_training/venv/lib64/python3.12/site-packages/airflow/example_dags/example_short_circuit_operator.py for tasks to queue
[2026-03-24T06:34:15.042+0000] {logging_mixin.py:190} INFO - [2026-03-24T06:34:15.041+0000] {dagbag.py:588} INFO - Filling up the DagBag from /home/ec2-user/environment/lab4_model_training/venv/lib64/python3.12/site-packages/airflow/example_dags/example_short_circuit_operator.py
[2026-03-24T06:34:15.052+0000] {processor.py:925} INFO - DAG(s) 'example_short_circuit_operator' retrieved from /home/ec2-user/environment/lab4_model_training/venv/lib64/python3.12/site-packages/airflow/example_dags/example_short_circuit_operator.py
[2026-03-24T06:34:15.073+0000] {logging_mixin.py:190} INFO - [2026-03-24T06:34:15.072+0000] {dag.py:3239} INFO - Sync 1 DAGs
[2026-03-24T06:34:15.087+0000] {logging_mixin.py:190} INFO - [2026-03-24T06:34:15.087+0000] {dag.py:4180} INFO - Setting next_dagrun for example_short_circuit_operator to None, run_after=None
[2026-03-24T06:34:15.110+0000] {processor.py:208} INFO - Processing /home/ec2-user/environment/lab4_model_training/venv/lib64/python3.12/site-packages/airflow/example_dags/example_short_circuit_operator.py took 0.077 seconds
[2026-03-24T06:35:18.754+0000] {processor.py:186} INFO - Started process (PID=8279) to work on /home/ec2-user/environment/lab4_model_training/venv/lib64/python3.12/site-packages/airflow/example_dags/example_short_circuit_operator.py
[2026-03-24T06:35:18.755+0000] {processor.py:914} INFO - Processing file /home/ec2-user/environment/lab4_model_training/venv/lib64/python3.12/site-packages/airflow/example_dags/example_short_circuit_operator.py for tasks to queue
[2026-03-24T06:35:18.757+0000] {logging_mixin.py:190} INFO - [2026-03-24T06:35:18.757+0000] {dagbag.py:588} INFO - Filling up the DagBag from /home/ec2-user/environment/lab4_model_training/venv/lib64/python3.12/site-packages/airflow/example_dags/example_short_circuit_operator.py
[2026-03-24T06:35:18.768+0000] {processor.py:925} INFO - DAG(s) 'example_short_circuit_operator' retrieved from /home/ec2-user/environment/lab4_model_training/venv/lib64/python3.12/site-packages/airflow/example_dags/example_short_circuit_operator.py
[2026-03-24T06:35:18.788+0000] {logging_mixin.py:190} INFO - [2026-03-24T06:35:18.788+0000] {dag.py:3239} INFO - Sync 1 DAGs
[2026-03-24T06:35:18.800+0000] {logging_mixin.py:190} INFO - [2026-03-24T06:35:18.800+0000] {dag.py:4180} INFO - Setting next_dagrun for example_short_circuit_operator to None, run_after=None
[2026-03-24T06:35:18.822+0000] {processor.py:208} INFO - Processing /home/ec2-user/environment/lab4_model_training/venv/lib64/python3.12/site-packages/airflow/example_dags/example_short_circuit_operator.py took 0.073 seconds
[2026-03-24T06:36:22.674+0000] {processor.py:186} INFO - Started process (PID=8544) to work on /home/ec2-user/environment/lab4_model_training/venv/lib64/python3.12/site-packages/airflow/example_dags/example_short_circuit_operator.py
[2026-03-24T06:36:22.681+0000] {processor.py:914} INFO - Processing file /home/ec2-user/environment/lab4_model_training/venv/lib64/python3.12/site-packages/airflow/example_dags/example_short_circuit_operator.py for tasks to queue
[2026-03-24T06:36:22.689+0000] {logging_mixin.py:190} INFO - [2026-03-24T06:36:22.689+0000] {dagbag.py:588} INFO - Filling up the DagBag from /home/ec2-user/environment/lab4_model_training/venv/lib64/python3.12/site-packages/airflow/example_dags/example_short_circuit_operator.py
[2026-03-24T06:36:22.706+0000] {processor.py:925} INFO - DAG(s) 'example_short_circuit_operator' retrieved from /home/ec2-user/environment/lab4_model_training/venv/lib64/python3.12/site-packages/airflow/example_dags/example_short_circuit_operator.py
[2026-03-24T06:36:22.740+0000] {logging_mixin.py:190} INFO - [2026-03-24T06:36:22.740+0000] {dag.py:3239} INFO - Sync 1 DAGs
[2026-03-24T06:36:22.761+0000] {logging_mixin.py:190} INFO - [2026-03-24T06:36:22.761+0000] {dag.py:4180} INFO - Setting next_dagrun for example_short_circuit_operator to None, run_after=None
[2026-03-24T06:36:22.809+0000] {processor.py:208} INFO - Processing /home/ec2-user/environment/lab4_model_training/venv/lib64/python3.12/site-packages/airflow/example_dags/example_short_circuit_operator.py took 0.141 seconds
[2026-03-24T06:37:30.423+0000] {processor.py:186} INFO - Started process (PID=8917) to work on /home/ec2-user/environment/lab4_model_training/venv/lib64/python3.12/site-packages/airflow/example_dags/example_short_circuit_operator.py
[2026-03-24T06:37:30.425+0000] {processor.py:914} INFO - Processing file /home/ec2-user/environment/lab4_model_training/venv/lib64/python3.12/site-packages/airflow/example_dags/example_short_circuit_operator.py for tasks to queue
[2026-03-24T06:37:30.427+0000] {logging_mixin.py:190} INFO - [2026-03-24T06:37:30.427+0000] {dagbag.py:588} INFO - Filling up the DagBag from /home/ec2-user/environment/lab4_model_training/venv/lib64/python3.12/site-packages/airflow/example_dags/example_short_circuit_operator.py
[2026-03-24T06:37:30.439+0000] {processor.py:925} INFO - DAG(s) 'example_short_circuit_operator' retrieved from /home/ec2-user/environment/lab4_model_training/venv/lib64/python3.12/site-packages/airflow/example_dags/example_short_circuit_operator.py
[2026-03-24T06:37:30.457+0000] {logging_mixin.py:190} INFO - [2026-03-24T06:37:30.457+0000] {dag.py:3239} INFO - Sync 1 DAGs
[2026-03-24T06:37:30.470+0000] {logging_mixin.py:190} INFO - [2026-03-24T06:37:30.470+0000] {dag.py:4180} INFO - Setting next_dagrun for example_short_circuit_operator to None, run_after=None
[2026-03-24T06:37:30.494+0000] {processor.py:208} INFO - Processing /home/ec2-user/environment/lab4_model_training/venv/lib64/python3.12/site-packages/airflow/example_dags/example_short_circuit_operator.py took 0.076 seconds
[2026-03-24T06:38:39.952+0000] {processor.py:186} INFO - Started process (PID=9214) to work on /home/ec2-user/environment/lab4_model_training/venv/lib64/python3.12/site-packages/airflow/example_dags/example_short_circuit_operator.py
[2026-03-24T06:38:39.953+0000] {processor.py:914} INFO - Processing file /home/ec2-user/environment/lab4_model_training/venv/lib64/python3.12/site-packages/airflow/example_dags/example_short_circuit_operator.py for tasks to queue
[2026-03-24T06:38:39.957+0000] {logging_mixin.py:190} INFO - [2026-03-24T06:38:39.956+0000] {dagbag.py:588} INFO - Filling up the DagBag from /home/ec2-user/environment/lab4_model_training/venv/lib64/python3.12/site-packages/airflow/example_dags/example_short_circuit_operator.py
[2026-03-24T06:38:39.968+0000] {processor.py:925} INFO - DAG(s) 'example_short_circuit_operator' retrieved from /home/ec2-user/environment/lab4_model_training/venv/lib64/python3.12/site-packages/airflow/example_dags/example_short_circuit_operator.py
[2026-03-24T06:38:39.986+0000] {logging_mixin.py:190} INFO - [2026-03-24T06:38:39.985+0000] {dag.py:3239} INFO - Sync 1 DAGs
[2026-03-24T06:38:39.998+0000] {logging_mixin.py:190} INFO - [2026-03-24T06:38:39.998+0000] {dag.py:4180} INFO - Setting next_dagrun for example_short_circuit_operator to None, run_after=None
[2026-03-24T06:38:40.020+0000] {processor.py:208} INFO - Processing /home/ec2-user/environment/lab4_model_training/venv/lib64/python3.12/site-packages/airflow/example_dags/example_short_circuit_operator.py took 0.072 seconds
[2026-03-24T06:39:50.442+0000] {processor.py:186} INFO - Started process (PID=9564) to work on /home/ec2-user/environment/lab4_model_training/venv/lib64/python3.12/site-packages/airflow/example_dags/example_short_circuit_operator.py
[2026-03-24T06:39:50.443+0000] {processor.py:914} INFO - Processing file /home/ec2-user/environment/lab4_model_training/venv/lib64/python3.12/site-packages/airflow/example_dags/example_short_circuit_operator.py for tasks to queue
[2026-03-24T06:39:50.446+0000] {logging_mixin.py:190} INFO - [2026-03-24T06:39:50.446+0000] {dagbag.py:588} INFO - Filling up the DagBag from /home/ec2-user/environment/lab4_model_training/venv/lib64/python3.12/site-packages/airflow/example_dags/example_short_circuit_operator.py
[2026-03-24T06:39:50.457+0000] {processor.py:925} INFO - DAG(s) 'example_short_circuit_operator' retrieved from /home/ec2-user/environment/lab4_model_training/venv/lib64/python3.12/site-packages/airflow/example_dags/example_short_circuit_operator.py
[2026-03-24T06:39:50.476+0000] {logging_mixin.py:190} INFO - [2026-03-24T06:39:50.475+0000] {dag.py:3239} INFO - Sync 1 DAGs
[2026-03-24T06:39:50.489+0000] {logging_mixin.py:190} INFO - [2026-03-24T06:39:50.489+0000] {dag.py:4180} INFO - Setting next_dagrun for example_short_circuit_operator to None, run_after=None
[2026-03-24T06:39:50.512+0000] {processor.py:208} INFO - Processing /home/ec2-user/environment/lab4_model_training/venv/lib64/python3.12/site-packages/airflow/example_dags/example_short_circuit_operator.py took 0.074 seconds
[2026-03-24T06:40:59.741+0000] {processor.py:186} INFO - Started process (PID=9889) to work on /home/ec2-user/environment/lab4_model_training/venv/lib64/python3.12/site-packages/airflow/example_dags/example_short_circuit_operator.py
[2026-03-24T06:40:59.748+0000] {processor.py:914} INFO - Processing file /home/ec2-user/environment/lab4_model_training/venv/lib64/python3.12/site-packages/airflow/example_dags/example_short_circuit_operator.py for tasks to queue
[2026-03-24T06:40:59.756+0000] {logging_mixin.py:190} INFO - [2026-03-24T06:40:59.755+0000] {dagbag.py:588} INFO - Filling up the DagBag from /home/ec2-user/environment/lab4_model_training/venv/lib64/python3.12/site-packages/airflow/example_dags/example_short_circuit_operator.py
[2026-03-24T06:40:59.772+0000] {processor.py:925} INFO - DAG(s) 'example_short_circuit_operator' retrieved from /home/ec2-user/environment/lab4_model_training/venv/lib64/python3.12/site-packages/airflow/example_dags/example_short_circuit_operator.py
[2026-03-24T06:40:59.804+0000] {logging_mixin.py:190} INFO - [2026-03-24T06:40:59.803+0000] {dag.py:3239} INFO - Sync 1 DAGs
[2026-03-24T06:40:59.824+0000] {logging_mixin.py:190} INFO - [2026-03-24T06:40:59.824+0000] {dag.py:4180} INFO - Setting next_dagrun for example_short_circuit_operator to None, run_after=None
[2026-03-24T06:40:59.871+0000] {processor.py:208} INFO - Processing /home/ec2-user/environment/lab4_model_training/venv/lib64/python3.12/site-packages/airflow/example_dags/example_short_circuit_operator.py took 0.137 seconds
[2026-03-24T06:42:07.717+0000] {processor.py:186} INFO - Started process (PID=10283) to work on /home/ec2-user/environment/lab4_model_training/venv/lib64/python3.12/site-packages/airflow/example_dags/example_short_circuit_operator.py
[2026-03-24T06:42:07.724+0000] {processor.py:914} INFO - Processing file /home/ec2-user/environment/lab4_model_training/venv/lib64/python3.12/site-packages/airflow/example_dags/example_short_circuit_operator.py for tasks to queue
[2026-03-24T06:42:07.733+0000] {logging_mixin.py:190} INFO - [2026-03-24T06:42:07.732+0000] {dagbag.py:588} INFO - Filling up the DagBag from /home/ec2-user/environment/lab4_model_training/venv/lib64/python3.12/site-packages/airflow/example_dags/example_short_circuit_operator.py
[2026-03-24T06:42:07.744+0000] {processor.py:925} INFO - DAG(s) 'example_short_circuit_operator' retrieved from /home/ec2-user/environment/lab4_model_training/venv/lib64/python3.12/site-packages/airflow/example_dags/example_short_circuit_operator.py
[2026-03-24T06:42:07.772+0000] {logging_mixin.py:190} INFO - [2026-03-24T06:42:07.772+0000] {dag.py:3239} INFO - Sync 1 DAGs
[2026-03-24T06:42:07.789+0000] {logging_mixin.py:190} INFO - [2026-03-24T06:42:07.789+0000] {dag.py:4180} INFO - Setting next_dagrun for example_short_circuit_operator to None, run_after=None
[2026-03-24T06:42:07.825+0000] {processor.py:208} INFO - Processing /home/ec2-user/environment/lab4_model_training/venv/lib64/python3.12/site-packages/airflow/example_dags/example_short_circuit_operator.py took 0.115 seconds
[2026-03-24T06:43:12.687+0000] {processor.py:186} INFO - Started process (PID=10625) to work on /home/ec2-user/environment/lab4_model_training/venv/lib64/python3.12/site-packages/airflow/example_dags/example_short_circuit_operator.py
[2026-03-24T06:43:12.689+0000] {processor.py:914} INFO - Processing file /home/ec2-user/environment/lab4_model_training/venv/lib64/python3.12/site-packages/airflow/example_dags/example_short_circuit_operator.py for tasks to queue
[2026-03-24T06:43:12.692+0000] {logging_mixin.py:190} INFO - [2026-03-24T06:43:12.692+0000] {dagbag.py:588} INFO - Filling up the DagBag from /home/ec2-user/environment/lab4_model_training/venv/lib64/python3.12/site-packages/airflow/example_dags/example_short_circuit_operator.py
[2026-03-24T06:43:12.702+0000] {processor.py:925} INFO - DAG(s) 'example_short_circuit_operator' retrieved from /home/ec2-user/environment/lab4_model_training/venv/lib64/python3.12/site-packages/airflow/example_dags/example_short_circuit_operator.py
[2026-03-24T06:43:12.722+0000] {logging_mixin.py:190} INFO - [2026-03-24T06:43:12.722+0000] {dag.py:3239} INFO - Sync 1 DAGs
[2026-03-24T06:43:12.741+0000] {logging_mixin.py:190} INFO - [2026-03-24T06:43:12.740+0000] {dag.py:4180} INFO - Setting next_dagrun for example_short_circuit_operator to None, run_after=None
[2026-03-24T06:43:12.771+0000] {processor.py:208} INFO - Processing /home/ec2-user/environment/lab4_model_training/venv/lib64/python3.12/site-packages/airflow/example_dags/example_short_circuit_operator.py took 0.088 seconds
[2026-03-24T06:44:19.280+0000] {processor.py:186} INFO - Started process (PID=10943) to work on /home/ec2-user/environment/lab4_model_training/venv/lib64/python3.12/site-packages/airflow/example_dags/example_short_circuit_operator.py
[2026-03-24T06:44:19.281+0000] {processor.py:914} INFO - Processing file /home/ec2-user/environment/lab4_model_training/venv/lib64/python3.12/site-packages/airflow/example_dags/example_short_circuit_operator.py for tasks to queue
[2026-03-24T06:44:19.284+0000] {logging_mixin.py:190} INFO - [2026-03-24T06:44:19.284+0000] {dagbag.py:588} INFO - Filling up the DagBag from /home/ec2-user/environment/lab4_model_training/venv/lib64/python3.12/site-packages/airflow/example_dags/example_short_circuit_operator.py
[2026-03-24T06:44:19.295+0000] {processor.py:925} INFO - DAG(s) 'example_short_circuit_operator' retrieved from /home/ec2-user/environment/lab4_model_training/venv/lib64/python3.12/site-packages/airflow/example_dags/example_short_circuit_operator.py
[2026-03-24T06:44:19.315+0000] {logging_mixin.py:190} INFO - [2026-03-24T06:44:19.314+0000] {dag.py:3239} INFO - Sync 1 DAGs
[2026-03-24T06:44:19.328+0000] {logging_mixin.py:190} INFO - [2026-03-24T06:44:19.328+0000] {dag.py:4180} INFO - Setting next_dagrun for example_short_circuit_operator to None, run_after=None
[2026-03-24T06:44:19.354+0000] {processor.py:208} INFO - Processing /home/ec2-user/environment/lab4_model_training/venv/lib64/python3.12/site-packages/airflow/example_dags/example_short_circuit_operator.py took 0.079 seconds
[2026-03-24T06:45:28.764+0000] {processor.py:186} INFO - Started process (PID=11407) to work on /home/ec2-user/environment/lab4_model_training/venv/lib64/python3.12/site-packages/airflow/example_dags/example_short_circuit_operator.py
[2026-03-24T06:45:28.765+0000] {processor.py:914} INFO - Processing file /home/ec2-user/environment/lab4_model_training/venv/lib64/python3.12/site-packages/airflow/example_dags/example_short_circuit_operator.py for tasks to queue
[2026-03-24T06:45:28.767+0000] {logging_mixin.py:190} INFO - [2026-03-24T06:45:28.767+0000] {dagbag.py:588} INFO - Filling up the DagBag from /home/ec2-user/environment/lab4_model_training/venv/lib64/python3.12/site-packages/airflow/example_dags/example_short_circuit_operator.py
[2026-03-24T06:45:28.777+0000] {processor.py:925} INFO - DAG(s) 'example_short_circuit_operator' retrieved from /home/ec2-user/environment/lab4_model_training/venv/lib64/python3.12/site-packages/airflow/example_dags/example_short_circuit_operator.py
[2026-03-24T06:45:28.798+0000] {logging_mixin.py:190} INFO - [2026-03-24T06:45:28.798+0000] {dag.py:3239} INFO - Sync 1 DAGs
[2026-03-24T06:45:28.810+0000] {logging_mixin.py:190} INFO - [2026-03-24T06:45:28.810+0000] {dag.py:4180} INFO - Setting next_dagrun for example_short_circuit_operator to None, run_after=None
[2026-03-24T06:45:28.832+0000] {processor.py:208} INFO - Processing /home/ec2-user/environment/lab4_model_training/venv/lib64/python3.12/site-packages/airflow/example_dags/example_short_circuit_operator.py took 0.073 seconds
[2026-03-24T06:46:53.476+0000] {processor.py:186} INFO - Started process (PID=11771) to work on /home/ec2-user/environment/lab4_model_training/venv/lib64/python3.12/site-packages/airflow/example_dags/example_short_circuit_operator.py
[2026-03-24T06:46:53.483+0000] {processor.py:914} INFO - Processing file /home/ec2-user/environment/lab4_model_training/venv/lib64/python3.12/site-packages/airflow/example_dags/example_short_circuit_operator.py for tasks to queue
[2026-03-24T06:46:53.485+0000] {logging_mixin.py:190} INFO - [2026-03-24T06:46:53.484+0000] {dagbag.py:588} INFO - Filling up the DagBag from /home/ec2-user/environment/lab4_model_training/venv/lib64/python3.12/site-packages/airflow/example_dags/example_short_circuit_operator.py
[2026-03-24T06:46:53.512+0000] {processor.py:925} INFO - DAG(s) 'example_short_circuit_operator' retrieved from /home/ec2-user/environment/lab4_model_training/venv/lib64/python3.12/site-packages/airflow/example_dags/example_short_circuit_operator.py
[2026-03-24T06:46:53.551+0000] {logging_mixin.py:190} INFO - [2026-03-24T06:46:53.551+0000] {dag.py:3239} INFO - Sync 1 DAGs
[2026-03-24T06:46:53.573+0000] {logging_mixin.py:190} INFO - [2026-03-24T06:46:53.572+0000] {dag.py:4180} INFO - Setting next_dagrun for example_short_circuit_operator to None, run_after=None
[2026-03-24T06:46:53.622+0000] {processor.py:208} INFO - Processing /home/ec2-user/environment/lab4_model_training/venv/lib64/python3.12/site-packages/airflow/example_dags/example_short_circuit_operator.py took 0.152 seconds
[2026-03-24T06:47:59.656+0000] {processor.py:186} INFO - Started process (PID=12051) to work on /home/ec2-user/environment/lab4_model_training/venv/lib64/python3.12/site-packages/airflow/example_dags/example_short_circuit_operator.py
[2026-03-24T06:47:59.658+0000] {processor.py:914} INFO - Processing file /home/ec2-user/environment/lab4_model_training/venv/lib64/python3.12/site-packages/airflow/example_dags/example_short_circuit_operator.py for tasks to queue
[2026-03-24T06:47:59.661+0000] {logging_mixin.py:190} INFO - [2026-03-24T06:47:59.660+0000] {dagbag.py:588} INFO - Filling up the DagBag from /home/ec2-user/environment/lab4_model_training/venv/lib64/python3.12/site-packages/airflow/example_dags/example_short_circuit_operator.py
[2026-03-24T06:47:59.672+0000] {processor.py:925} INFO - DAG(s) 'example_short_circuit_operator' retrieved from /home/ec2-user/environment/lab4_model_training/venv/lib64/python3.12/site-packages/airflow/example_dags/example_short_circuit_operator.py
[2026-03-24T06:47:59.692+0000] {logging_mixin.py:190} INFO - [2026-03-24T06:47:59.692+0000] {dag.py:3239} INFO - Sync 1 DAGs
[2026-03-24T06:47:59.705+0000] {logging_mixin.py:190} INFO - [2026-03-24T06:47:59.705+0000] {dag.py:4180} INFO - Setting next_dagrun for example_short_circuit_operator to None, run_after=None
[2026-03-24T06:47:59.728+0000] {processor.py:208} INFO - Processing /home/ec2-user/environment/lab4_model_training/venv/lib64/python3.12/site-packages/airflow/example_dags/example_short_circuit_operator.py took 0.076 seconds
[2026-03-24T06:49:04.751+0000] {processor.py:186} INFO - Started process (PID=12344) to work on /home/ec2-user/environment/lab4_model_training/venv/lib64/python3.12/site-packages/airflow/example_dags/example_short_circuit_operator.py
[2026-03-24T06:49:04.752+0000] {processor.py:914} INFO - Processing file /home/ec2-user/environment/lab4_model_training/venv/lib64/python3.12/site-packages/airflow/example_dags/example_short_circuit_operator.py for tasks to queue
[2026-03-24T06:49:04.755+0000] {logging_mixin.py:190} INFO - [2026-03-24T06:49:04.754+0000] {dagbag.py:588} INFO - Filling up the DagBag from /home/ec2-user/environment/lab4_model_training/venv/lib64/python3.12/site-packages/airflow/example_dags/example_short_circuit_operator.py
[2026-03-24T06:49:04.765+0000] {processor.py:925} INFO - DAG(s) 'example_short_circuit_operator' retrieved from /home/ec2-user/environment/lab4_model_training/venv/lib64/python3.12/site-packages/airflow/example_dags/example_short_circuit_operator.py
[2026-03-24T06:49:04.786+0000] {logging_mixin.py:190} INFO - [2026-03-24T06:49:04.786+0000] {dag.py:3239} INFO - Sync 1 DAGs
[2026-03-24T06:49:04.798+0000] {logging_mixin.py:190} INFO - [2026-03-24T06:49:04.798+0000] {dag.py:4180} INFO - Setting next_dagrun for example_short_circuit_operator to None, run_after=None
[2026-03-24T06:49:04.819+0000] {processor.py:208} INFO - Processing /home/ec2-user/environment/lab4_model_training/venv/lib64/python3.12/site-packages/airflow/example_dags/example_short_circuit_operator.py took 0.073 seconds
[2026-03-24T06:50:12.096+0000] {processor.py:186} INFO - Started process (PID=12544) to work on /home/ec2-user/environment/lab4_model_training/venv/lib64/python3.12/site-packages/airflow/example_dags/example_short_circuit_operator.py
[2026-03-24T06:50:12.098+0000] {processor.py:914} INFO - Processing file /home/ec2-user/environment/lab4_model_training/venv/lib64/python3.12/site-packages/airflow/example_dags/example_short_circuit_operator.py for tasks to queue
[2026-03-24T06:50:12.100+0000] {logging_mixin.py:190} INFO - [2026-03-24T06:50:12.099+0000] {dagbag.py:588} INFO - Filling up the DagBag from /home/ec2-user/environment/lab4_model_training/venv/lib64/python3.12/site-packages/airflow/example_dags/example_short_circuit_operator.py
[2026-03-24T06:50:12.110+0000] {processor.py:925} INFO - DAG(s) 'example_short_circuit_operator' retrieved from /home/ec2-user/environment/lab4_model_training/venv/lib64/python3.12/site-packages/airflow/example_dags/example_short_circuit_operator.py
[2026-03-24T06:50:12.135+0000] {logging_mixin.py:190} INFO - [2026-03-24T06:50:12.134+0000] {dag.py:3239} INFO - Sync 1 DAGs
[2026-03-24T06:50:12.151+0000] {logging_mixin.py:190} INFO - [2026-03-24T06:50:12.151+0000] {dag.py:4180} INFO - Setting next_dagrun for example_short_circuit_operator to None, run_after=None
[2026-03-24T06:50:12.180+0000] {processor.py:208} INFO - Processing /home/ec2-user/environment/lab4_model_training/venv/lib64/python3.12/site-packages/airflow/example_dags/example_short_circuit_operator.py took 0.088 seconds
[2026-03-24T06:51:21.661+0000] {processor.py:186} INFO - Started process (PID=12856) to work on /home/ec2-user/environment/lab4_model_training/venv/lib64/python3.12/site-packages/airflow/example_dags/example_short_circuit_operator.py
[2026-03-24T06:51:21.668+0000] {processor.py:914} INFO - Processing file /home/ec2-user/environment/lab4_model_training/venv/lib64/python3.12/site-packages/airflow/example_dags/example_short_circuit_operator.py for tasks to queue
[2026-03-24T06:51:21.671+0000] {logging_mixin.py:190} INFO - [2026-03-24T06:51:21.670+0000] {dagbag.py:588} INFO - Filling up the DagBag from /home/ec2-user/environment/lab4_model_training/venv/lib64/python3.12/site-packages/airflow/example_dags/example_short_circuit_operator.py
[2026-03-24T06:51:21.681+0000] {processor.py:925} INFO - DAG(s) 'example_short_circuit_operator' retrieved from /home/ec2-user/environment/lab4_model_training/venv/lib64/python3.12/site-packages/airflow/example_dags/example_short_circuit_operator.py
[2026-03-24T06:51:21.706+0000] {logging_mixin.py:190} INFO - [2026-03-24T06:51:21.706+0000] {dag.py:3239} INFO - Sync 1 DAGs
[2026-03-24T06:51:21.722+0000] {logging_mixin.py:190} INFO - [2026-03-24T06:51:21.722+0000] {dag.py:4180} INFO - Setting next_dagrun for example_short_circuit_operator to None, run_after=None
[2026-03-24T06:51:21.750+0000] {processor.py:208} INFO - Processing /home/ec2-user/environment/lab4_model_training/venv/lib64/python3.12/site-packages/airflow/example_dags/example_short_circuit_operator.py took 0.095 seconds
[2026-03-24T06:52:30.061+0000] {processor.py:186} INFO - Started process (PID=13213) to work on /home/ec2-user/environment/lab4_model_training/venv/lib64/python3.12/site-packages/airflow/example_dags/example_short_circuit_operator.py
[2026-03-24T06:52:30.062+0000] {processor.py:914} INFO - Processing file /home/ec2-user/environment/lab4_model_training/venv/lib64/python3.12/site-packages/airflow/example_dags/example_short_circuit_operator.py for tasks to queue
[2026-03-24T06:52:30.063+0000] {logging_mixin.py:190} INFO - [2026-03-24T06:52:30.063+0000] {dagbag.py:588} INFO - Filling up the DagBag from /home/ec2-user/environment/lab4_model_training/venv/lib64/python3.12/site-packages/airflow/example_dags/example_short_circuit_operator.py
[2026-03-24T06:52:30.074+0000] {processor.py:925} INFO - DAG(s) 'example_short_circuit_operator' retrieved from /home/ec2-user/environment/lab4_model_training/venv/lib64/python3.12/site-packages/airflow/example_dags/example_short_circuit_operator.py
[2026-03-24T06:52:30.091+0000] {logging_mixin.py:190} INFO - [2026-03-24T06:52:30.091+0000] {dag.py:3239} INFO - Sync 1 DAGs
[2026-03-24T06:52:30.104+0000] {logging_mixin.py:190} INFO - [2026-03-24T06:52:30.104+0000] {dag.py:4180} INFO - Setting next_dagrun for example_short_circuit_operator to None, run_after=None
[2026-03-24T06:52:30.126+0000] {processor.py:208} INFO - Processing /home/ec2-user/environment/lab4_model_training/venv/lib64/python3.12/site-packages/airflow/example_dags/example_short_circuit_operator.py took 0.070 seconds
[2026-03-24T06:53:48.151+0000] {processor.py:186} INFO - Started process (PID=13560) to work on /home/ec2-user/environment/lab4_model_training/venv/lib64/python3.12/site-packages/airflow/example_dags/example_short_circuit_operator.py
[2026-03-24T06:53:48.153+0000] {processor.py:914} INFO - Processing file /home/ec2-user/environment/lab4_model_training/venv/lib64/python3.12/site-packages/airflow/example_dags/example_short_circuit_operator.py for tasks to queue
[2026-03-24T06:53:48.154+0000] {logging_mixin.py:190} INFO - [2026-03-24T06:53:48.154+0000] {dagbag.py:588} INFO - Filling up the DagBag from /home/ec2-user/environment/lab4_model_training/venv/lib64/python3.12/site-packages/airflow/example_dags/example_short_circuit_operator.py
[2026-03-24T06:53:48.166+0000] {processor.py:925} INFO - DAG(s) 'example_short_circuit_operator' retrieved from /home/ec2-user/environment/lab4_model_training/venv/lib64/python3.12/site-packages/airflow/example_dags/example_short_circuit_operator.py
[2026-03-24T06:53:48.185+0000] {logging_mixin.py:190} INFO - [2026-03-24T06:53:48.184+0000] {dag.py:3239} INFO - Sync 1 DAGs
[2026-03-24T06:53:48.198+0000] {logging_mixin.py:190} INFO - [2026-03-24T06:53:48.198+0000] {dag.py:4180} INFO - Setting next_dagrun for example_short_circuit_operator to None, run_after=None
[2026-03-24T06:53:48.220+0000] {processor.py:208} INFO - Processing /home/ec2-user/environment/lab4_model_training/venv/lib64/python3.12/site-packages/airflow/example_dags/example_short_circuit_operator.py took 0.074 seconds
[2026-03-24T06:54:56.238+0000] {processor.py:186} INFO - Started process (PID=13874) to work on /home/ec2-user/environment/lab4_model_training/venv/lib64/python3.12/site-packages/airflow/example_dags/example_short_circuit_operator.py
[2026-03-24T06:54:56.239+0000] {processor.py:914} INFO - Processing file /home/ec2-user/environment/lab4_model_training/venv/lib64/python3.12/site-packages/airflow/example_dags/example_short_circuit_operator.py for tasks to queue
[2026-03-24T06:54:56.240+0000] {logging_mixin.py:190} INFO - [2026-03-24T06:54:56.240+0000] {dagbag.py:588} INFO - Filling up the DagBag from /home/ec2-user/environment/lab4_model_training/venv/lib64/python3.12/site-packages/airflow/example_dags/example_short_circuit_operator.py
[2026-03-24T06:54:56.252+0000] {processor.py:925} INFO - DAG(s) 'example_short_circuit_operator' retrieved from /home/ec2-user/environment/lab4_model_training/venv/lib64/python3.12/site-packages/airflow/example_dags/example_short_circuit_operator.py
[2026-03-24T06:54:56.270+0000] {logging_mixin.py:190} INFO - [2026-03-24T06:54:56.270+0000] {dag.py:3239} INFO - Sync 1 DAGs
[2026-03-24T06:54:56.284+0000] {logging_mixin.py:190} INFO - [2026-03-24T06:54:56.284+0000] {dag.py:4180} INFO - Setting next_dagrun for example_short_circuit_operator to None, run_after=None
[2026-03-24T06:54:56.307+0000] {processor.py:208} INFO - Processing /home/ec2-user/environment/lab4_model_training/venv/lib64/python3.12/site-packages/airflow/example_dags/example_short_circuit_operator.py took 0.073 seconds
[2026-03-24T06:56:18.041+0000] {processor.py:186} INFO - Started process (PID=14260) to work on /home/ec2-user/environment/lab4_model_training/venv/lib64/python3.12/site-packages/airflow/example_dags/example_short_circuit_operator.py
[2026-03-24T06:56:18.042+0000] {processor.py:914} INFO - Processing file /home/ec2-user/environment/lab4_model_training/venv/lib64/python3.12/site-packages/airflow/example_dags/example_short_circuit_operator.py for tasks to queue
[2026-03-24T06:56:18.043+0000] {logging_mixin.py:190} INFO - [2026-03-24T06:56:18.043+0000] {dagbag.py:588} INFO - Filling up the DagBag from /home/ec2-user/environment/lab4_model_training/venv/lib64/python3.12/site-packages/airflow/example_dags/example_short_circuit_operator.py
[2026-03-24T06:56:18.054+0000] {processor.py:925} INFO - DAG(s) 'example_short_circuit_operator' retrieved from /home/ec2-user/environment/lab4_model_training/venv/lib64/python3.12/site-packages/airflow/example_dags/example_short_circuit_operator.py
[2026-03-24T06:56:18.071+0000] {logging_mixin.py:190} INFO - [2026-03-24T06:56:18.071+0000] {dag.py:3239} INFO - Sync 1 DAGs
[2026-03-24T06:56:18.084+0000] {logging_mixin.py:190} INFO - [2026-03-24T06:56:18.084+0000] {dag.py:4180} INFO - Setting next_dagrun for example_short_circuit_operator to None, run_after=None
[2026-03-24T06:56:18.105+0000] {processor.py:208} INFO - Processing /home/ec2-user/environment/lab4_model_training/venv/lib64/python3.12/site-packages/airflow/example_dags/example_short_circuit_operator.py took 0.069 seconds
[2026-03-24T06:57:30.033+0000] {processor.py:186} INFO - Started process (PID=14537) to work on /home/ec2-user/environment/lab4_model_training/venv/lib64/python3.12/site-packages/airflow/example_dags/example_short_circuit_operator.py
[2026-03-24T06:57:30.034+0000] {processor.py:914} INFO - Processing file /home/ec2-user/environment/lab4_model_training/venv/lib64/python3.12/site-packages/airflow/example_dags/example_short_circuit_operator.py for tasks to queue
[2026-03-24T06:57:30.036+0000] {logging_mixin.py:190} INFO - [2026-03-24T06:57:30.035+0000] {dagbag.py:588} INFO - Filling up the DagBag from /home/ec2-user/environment/lab4_model_training/venv/lib64/python3.12/site-packages/airflow/example_dags/example_short_circuit_operator.py
[2026-03-24T06:57:30.047+0000] {processor.py:925} INFO - DAG(s) 'example_short_circuit_operator' retrieved from /home/ec2-user/environment/lab4_model_training/venv/lib64/python3.12/site-packages/airflow/example_dags/example_short_circuit_operator.py
[2026-03-24T06:57:30.068+0000] {logging_mixin.py:190} INFO - [2026-03-24T06:57:30.068+0000] {dag.py:3239} INFO - Sync 1 DAGs
[2026-03-24T06:57:30.081+0000] {logging_mixin.py:190} INFO - [2026-03-24T06:57:30.081+0000] {dag.py:4180} INFO - Setting next_dagrun for example_short_circuit_operator to None, run_after=None
[2026-03-24T06:57:30.123+0000] {processor.py:208} INFO - Processing /home/ec2-user/environment/lab4_model_training/venv/lib64/python3.12/site-packages/airflow/example_dags/example_short_circuit_operator.py took 0.094 seconds
[2026-03-24T06:58:32.450+0000] {processor.py:186} INFO - Started process (PID=14851) to work on /home/ec2-user/environment/lab4_model_training/venv/lib64/python3.12/site-packages/airflow/example_dags/example_short_circuit_operator.py
[2026-03-24T06:58:32.451+0000] {processor.py:914} INFO - Processing file /home/ec2-user/environment/lab4_model_training/venv/lib64/python3.12/site-packages/airflow/example_dags/example_short_circuit_operator.py for tasks to queue
[2026-03-24T06:58:32.452+0000] {logging_mixin.py:190} INFO - [2026-03-24T06:58:32.452+0000] {dagbag.py:588} INFO - Filling up the DagBag from /home/ec2-user/environment/lab4_model_training/venv/lib64/python3.12/site-packages/airflow/example_dags/example_short_circuit_operator.py
[2026-03-24T06:58:32.463+0000] {processor.py:925} INFO - DAG(s) 'example_short_circuit_operator' retrieved from /home/ec2-user/environment/lab4_model_training/venv/lib64/python3.12/site-packages/airflow/example_dags/example_short_circuit_operator.py
[2026-03-24T06:58:32.482+0000] {logging_mixin.py:190} INFO - [2026-03-24T06:58:32.482+0000] {dag.py:3239} INFO - Sync 1 DAGs
[2026-03-24T06:58:32.495+0000] {logging_mixin.py:190} INFO - [2026-03-24T06:58:32.495+0000] {dag.py:4180} INFO - Setting next_dagrun for example_short_circuit_operator to None, run_after=None
[2026-03-24T06:58:32.517+0000] {processor.py:208} INFO - Processing /home/ec2-user/environment/lab4_model_training/venv/lib64/python3.12/site-packages/airflow/example_dags/example_short_circuit_operator.py took 0.071 seconds
[2026-03-24T06:59:40.396+0000] {processor.py:186} INFO - Started process (PID=15173) to work on /home/ec2-user/environment/lab4_model_training/venv/lib64/python3.12/site-packages/airflow/example_dags/example_short_circuit_operator.py
[2026-03-24T06:59:40.397+0000] {processor.py:914} INFO - Processing file /home/ec2-user/environment/lab4_model_training/venv/lib64/python3.12/site-packages/airflow/example_dags/example_short_circuit_operator.py for tasks to queue
[2026-03-24T06:59:40.399+0000] {logging_mixin.py:190} INFO - [2026-03-24T06:59:40.398+0000] {dagbag.py:588} INFO - Filling up the DagBag from /home/ec2-user/environment/lab4_model_training/venv/lib64/python3.12/site-packages/airflow/example_dags/example_short_circuit_operator.py
[2026-03-24T06:59:40.410+0000] {processor.py:925} INFO - DAG(s) 'example_short_circuit_operator' retrieved from /home/ec2-user/environment/lab4_model_training/venv/lib64/python3.12/site-packages/airflow/example_dags/example_short_circuit_operator.py
[2026-03-24T06:59:40.435+0000] {logging_mixin.py:190} INFO - [2026-03-24T06:59:40.435+0000] {dag.py:3239} INFO - Sync 1 DAGs
[2026-03-24T06:59:40.455+0000] {logging_mixin.py:190} INFO - [2026-03-24T06:59:40.455+0000] {dag.py:4180} INFO - Setting next_dagrun for example_short_circuit_operator to None, run_after=None
[2026-03-24T06:59:40.628+0000] {processor.py:208} INFO - Processing /home/ec2-user/environment/lab4_model_training/venv/lib64/python3.12/site-packages/airflow/example_dags/example_short_circuit_operator.py took 0.237 seconds
