[2026-03-24T06:16:17.968+0000] {processor.py:186} INFO - Started process (PID=2848) to work on /home/ec2-user/environment/lab4_model_training/venv/lib64/python3.12/site-packages/airflow/example_dags/example_display_name.py
[2026-03-24T06:16:17.969+0000] {processor.py:914} INFO - Processing file /home/ec2-user/environment/lab4_model_training/venv/lib64/python3.12/site-packages/airflow/example_dags/example_display_name.py for tasks to queue
[2026-03-24T06:16:17.971+0000] {logging_mixin.py:190} INFO - [2026-03-24T06:16:17.971+0000] {dagbag.py:588} INFO - Filling up the DagBag from /home/ec2-user/environment/lab4_model_training/venv/lib64/python3.12/site-packages/airflow/example_dags/example_display_name.py
[2026-03-24T06:16:17.980+0000] {processor.py:925} INFO - DAG(s) 'example_display_name' retrieved from /home/ec2-user/environment/lab4_model_training/venv/lib64/python3.12/site-packages/airflow/example_dags/example_display_name.py
[2026-03-24T06:16:18.002+0000] {logging_mixin.py:190} INFO - [2026-03-24T06:16:18.002+0000] {dag.py:3239} INFO - Sync 1 DAGs
[2026-03-24T06:16:18.042+0000] {logging_mixin.py:190} INFO - [2026-03-24T06:16:18.042+0000] {dag.py:4180} INFO - Setting next_dagrun for example_display_name to None, run_after=None
[2026-03-24T06:16:18.077+0000] {processor.py:208} INFO - Processing /home/ec2-user/environment/lab4_model_training/venv/lib64/python3.12/site-packages/airflow/example_dags/example_display_name.py took 0.114 seconds
[2026-03-24T06:17:22.350+0000] {processor.py:186} INFO - Started process (PID=3124) to work on /home/ec2-user/environment/lab4_model_training/venv/lib64/python3.12/site-packages/airflow/example_dags/example_display_name.py
[2026-03-24T06:17:22.351+0000] {processor.py:914} INFO - Processing file /home/ec2-user/environment/lab4_model_training/venv/lib64/python3.12/site-packages/airflow/example_dags/example_display_name.py for tasks to queue
[2026-03-24T06:17:22.353+0000] {logging_mixin.py:190} INFO - [2026-03-24T06:17:22.353+0000] {dagbag.py:588} INFO - Filling up the DagBag from /home/ec2-user/environment/lab4_model_training/venv/lib64/python3.12/site-packages/airflow/example_dags/example_display_name.py
[2026-03-24T06:17:22.362+0000] {processor.py:925} INFO - DAG(s) 'example_display_name' retrieved from /home/ec2-user/environment/lab4_model_training/venv/lib64/python3.12/site-packages/airflow/example_dags/example_display_name.py
[2026-03-24T06:17:22.378+0000] {logging_mixin.py:190} INFO - [2026-03-24T06:17:22.378+0000] {dag.py:3239} INFO - Sync 1 DAGs
[2026-03-24T06:17:22.393+0000] {logging_mixin.py:190} INFO - [2026-03-24T06:17:22.393+0000] {dag.py:4180} INFO - Setting next_dagrun for example_display_name to None, run_after=None
[2026-03-24T06:17:22.415+0000] {processor.py:208} INFO - Processing /home/ec2-user/environment/lab4_model_training/venv/lib64/python3.12/site-packages/airflow/example_dags/example_display_name.py took 0.069 seconds
[2026-03-24T06:18:26.752+0000] {processor.py:186} INFO - Started process (PID=3410) to work on /home/ec2-user/environment/lab4_model_training/venv/lib64/python3.12/site-packages/airflow/example_dags/example_display_name.py
[2026-03-24T06:18:26.753+0000] {processor.py:914} INFO - Processing file /home/ec2-user/environment/lab4_model_training/venv/lib64/python3.12/site-packages/airflow/example_dags/example_display_name.py for tasks to queue
[2026-03-24T06:18:26.756+0000] {logging_mixin.py:190} INFO - [2026-03-24T06:18:26.756+0000] {dagbag.py:588} INFO - Filling up the DagBag from /home/ec2-user/environment/lab4_model_training/venv/lib64/python3.12/site-packages/airflow/example_dags/example_display_name.py
[2026-03-24T06:18:26.766+0000] {processor.py:925} INFO - DAG(s) 'example_display_name' retrieved from /home/ec2-user/environment/lab4_model_training/venv/lib64/python3.12/site-packages/airflow/example_dags/example_display_name.py
[2026-03-24T06:18:26.783+0000] {logging_mixin.py:190} INFO - [2026-03-24T06:18:26.782+0000] {dag.py:3239} INFO - Sync 1 DAGs
[2026-03-24T06:18:26.796+0000] {logging_mixin.py:190} INFO - [2026-03-24T06:18:26.796+0000] {dag.py:4180} INFO - Setting next_dagrun for example_display_name to None, run_after=None
[2026-03-24T06:18:26.820+0000] {processor.py:208} INFO - Processing /home/ec2-user/environment/lab4_model_training/venv/lib64/python3.12/site-packages/airflow/example_dags/example_display_name.py took 0.073 seconds
[2026-03-24T06:19:35.573+0000] {processor.py:186} INFO - Started process (PID=3755) to work on /home/ec2-user/environment/lab4_model_training/venv/lib64/python3.12/site-packages/airflow/example_dags/example_display_name.py
[2026-03-24T06:19:35.575+0000] {processor.py:914} INFO - Processing file /home/ec2-user/environment/lab4_model_training/venv/lib64/python3.12/site-packages/airflow/example_dags/example_display_name.py for tasks to queue
[2026-03-24T06:19:35.577+0000] {logging_mixin.py:190} INFO - [2026-03-24T06:19:35.576+0000] {dagbag.py:588} INFO - Filling up the DagBag from /home/ec2-user/environment/lab4_model_training/venv/lib64/python3.12/site-packages/airflow/example_dags/example_display_name.py
[2026-03-24T06:19:35.586+0000] {processor.py:925} INFO - DAG(s) 'example_display_name' retrieved from /home/ec2-user/environment/lab4_model_training/venv/lib64/python3.12/site-packages/airflow/example_dags/example_display_name.py
[2026-03-24T06:19:35.603+0000] {logging_mixin.py:190} INFO - [2026-03-24T06:19:35.603+0000] {dag.py:3239} INFO - Sync 1 DAGs
[2026-03-24T06:19:35.619+0000] {logging_mixin.py:190} INFO - [2026-03-24T06:19:35.619+0000] {dag.py:4180} INFO - Setting next_dagrun for example_display_name to None, run_after=None
[2026-03-24T06:19:35.649+0000] {processor.py:208} INFO - Processing /home/ec2-user/environment/lab4_model_training/venv/lib64/python3.12/site-packages/airflow/example_dags/example_display_name.py took 0.082 seconds
[2026-03-24T06:20:43.453+0000] {processor.py:186} INFO - Started process (PID=4154) to work on /home/ec2-user/environment/lab4_model_training/venv/lib64/python3.12/site-packages/airflow/example_dags/example_display_name.py
[2026-03-24T06:20:43.455+0000] {processor.py:914} INFO - Processing file /home/ec2-user/environment/lab4_model_training/venv/lib64/python3.12/site-packages/airflow/example_dags/example_display_name.py for tasks to queue
[2026-03-24T06:20:43.457+0000] {logging_mixin.py:190} INFO - [2026-03-24T06:20:43.456+0000] {dagbag.py:588} INFO - Filling up the DagBag from /home/ec2-user/environment/lab4_model_training/venv/lib64/python3.12/site-packages/airflow/example_dags/example_display_name.py
[2026-03-24T06:20:43.466+0000] {processor.py:925} INFO - DAG(s) 'example_display_name' retrieved from /home/ec2-user/environment/lab4_model_training/venv/lib64/python3.12/site-packages/airflow/example_dags/example_display_name.py
[2026-03-24T06:20:43.483+0000] {logging_mixin.py:190} INFO - [2026-03-24T06:20:43.483+0000] {dag.py:3239} INFO - Sync 1 DAGs
[2026-03-24T06:20:43.499+0000] {logging_mixin.py:190} INFO - [2026-03-24T06:20:43.499+0000] {dag.py:4180} INFO - Setting next_dagrun for example_display_name to None, run_after=None
[2026-03-24T06:20:43.525+0000] {processor.py:208} INFO - Processing /home/ec2-user/environment/lab4_model_training/venv/lib64/python3.12/site-packages/airflow/example_dags/example_display_name.py took 0.078 seconds
[2026-03-24T06:21:51.245+0000] {processor.py:186} INFO - Started process (PID=4489) to work on /home/ec2-user/environment/lab4_model_training/venv/lib64/python3.12/site-packages/airflow/example_dags/example_display_name.py
[2026-03-24T06:21:51.246+0000] {processor.py:914} INFO - Processing file /home/ec2-user/environment/lab4_model_training/venv/lib64/python3.12/site-packages/airflow/example_dags/example_display_name.py for tasks to queue
[2026-03-24T06:21:51.249+0000] {logging_mixin.py:190} INFO - [2026-03-24T06:21:51.248+0000] {dagbag.py:588} INFO - Filling up the DagBag from /home/ec2-user/environment/lab4_model_training/venv/lib64/python3.12/site-packages/airflow/example_dags/example_display_name.py
[2026-03-24T06:21:51.258+0000] {processor.py:925} INFO - DAG(s) 'example_display_name' retrieved from /home/ec2-user/environment/lab4_model_training/venv/lib64/python3.12/site-packages/airflow/example_dags/example_display_name.py
[2026-03-24T06:21:51.275+0000] {logging_mixin.py:190} INFO - [2026-03-24T06:21:51.274+0000] {dag.py:3239} INFO - Sync 1 DAGs
[2026-03-24T06:21:51.288+0000] {logging_mixin.py:190} INFO - [2026-03-24T06:21:51.288+0000] {dag.py:4180} INFO - Setting next_dagrun for example_display_name to None, run_after=None
[2026-03-24T06:21:51.310+0000] {processor.py:208} INFO - Processing /home/ec2-user/environment/lab4_model_training/venv/lib64/python3.12/site-packages/airflow/example_dags/example_display_name.py took 0.070 seconds
[2026-03-24T06:22:57.540+0000] {processor.py:186} INFO - Started process (PID=4874) to work on /home/ec2-user/environment/lab4_model_training/venv/lib64/python3.12/site-packages/airflow/example_dags/example_display_name.py
[2026-03-24T06:22:57.541+0000] {processor.py:914} INFO - Processing file /home/ec2-user/environment/lab4_model_training/venv/lib64/python3.12/site-packages/airflow/example_dags/example_display_name.py for tasks to queue
[2026-03-24T06:22:57.544+0000] {logging_mixin.py:190} INFO - [2026-03-24T06:22:57.543+0000] {dagbag.py:588} INFO - Filling up the DagBag from /home/ec2-user/environment/lab4_model_training/venv/lib64/python3.12/site-packages/airflow/example_dags/example_display_name.py
[2026-03-24T06:22:57.555+0000] {processor.py:925} INFO - DAG(s) 'example_display_name' retrieved from /home/ec2-user/environment/lab4_model_training/venv/lib64/python3.12/site-packages/airflow/example_dags/example_display_name.py
[2026-03-24T06:22:57.576+0000] {logging_mixin.py:190} INFO - [2026-03-24T06:22:57.576+0000] {dag.py:3239} INFO - Sync 1 DAGs
[2026-03-24T06:22:57.593+0000] {logging_mixin.py:190} INFO - [2026-03-24T06:22:57.592+0000] {dag.py:4180} INFO - Setting next_dagrun for example_display_name to None, run_after=None
[2026-03-24T06:22:57.619+0000] {processor.py:208} INFO - Processing /home/ec2-user/environment/lab4_model_training/venv/lib64/python3.12/site-packages/airflow/example_dags/example_display_name.py took 0.084 seconds
[2026-03-24T06:24:07.611+0000] {processor.py:186} INFO - Started process (PID=5302) to work on /home/ec2-user/environment/lab4_model_training/venv/lib64/python3.12/site-packages/airflow/example_dags/example_display_name.py
[2026-03-24T06:24:07.613+0000] {processor.py:914} INFO - Processing file /home/ec2-user/environment/lab4_model_training/venv/lib64/python3.12/site-packages/airflow/example_dags/example_display_name.py for tasks to queue
[2026-03-24T06:24:07.615+0000] {logging_mixin.py:190} INFO - [2026-03-24T06:24:07.615+0000] {dagbag.py:588} INFO - Filling up the DagBag from /home/ec2-user/environment/lab4_model_training/venv/lib64/python3.12/site-packages/airflow/example_dags/example_display_name.py
[2026-03-24T06:24:07.625+0000] {processor.py:925} INFO - DAG(s) 'example_display_name' retrieved from /home/ec2-user/environment/lab4_model_training/venv/lib64/python3.12/site-packages/airflow/example_dags/example_display_name.py
[2026-03-24T06:24:07.643+0000] {logging_mixin.py:190} INFO - [2026-03-24T06:24:07.642+0000] {dag.py:3239} INFO - Sync 1 DAGs
[2026-03-24T06:24:07.656+0000] {logging_mixin.py:190} INFO - [2026-03-24T06:24:07.656+0000] {dag.py:4180} INFO - Setting next_dagrun for example_display_name to None, run_after=None
[2026-03-24T06:24:07.679+0000] {processor.py:208} INFO - Processing /home/ec2-user/environment/lab4_model_training/venv/lib64/python3.12/site-packages/airflow/example_dags/example_display_name.py took 0.072 seconds
[2026-03-24T06:25:12.690+0000] {processor.py:186} INFO - Started process (PID=5520) to work on /home/ec2-user/environment/lab4_model_training/venv/lib64/python3.12/site-packages/airflow/example_dags/example_display_name.py
[2026-03-24T06:25:12.692+0000] {processor.py:914} INFO - Processing file /home/ec2-user/environment/lab4_model_training/venv/lib64/python3.12/site-packages/airflow/example_dags/example_display_name.py for tasks to queue
[2026-03-24T06:25:12.694+0000] {logging_mixin.py:190} INFO - [2026-03-24T06:25:12.693+0000] {dagbag.py:588} INFO - Filling up the DagBag from /home/ec2-user/environment/lab4_model_training/venv/lib64/python3.12/site-packages/airflow/example_dags/example_display_name.py
[2026-03-24T06:25:12.703+0000] {processor.py:925} INFO - DAG(s) 'example_display_name' retrieved from /home/ec2-user/environment/lab4_model_training/venv/lib64/python3.12/site-packages/airflow/example_dags/example_display_name.py
[2026-03-24T06:25:12.720+0000] {logging_mixin.py:190} INFO - [2026-03-24T06:25:12.720+0000] {dag.py:3239} INFO - Sync 1 DAGs
[2026-03-24T06:25:12.733+0000] {logging_mixin.py:190} INFO - [2026-03-24T06:25:12.732+0000] {dag.py:4180} INFO - Setting next_dagrun for example_display_name to None, run_after=None
[2026-03-24T06:25:12.755+0000] {processor.py:208} INFO - Processing /home/ec2-user/environment/lab4_model_training/venv/lib64/python3.12/site-packages/airflow/example_dags/example_display_name.py took 0.069 seconds
[2026-03-24T06:26:16.948+0000] {processor.py:186} INFO - Started process (PID=5811) to work on /home/ec2-user/environment/lab4_model_training/venv/lib64/python3.12/site-packages/airflow/example_dags/example_display_name.py
[2026-03-24T06:26:16.949+0000] {processor.py:914} INFO - Processing file /home/ec2-user/environment/lab4_model_training/venv/lib64/python3.12/site-packages/airflow/example_dags/example_display_name.py for tasks to queue
[2026-03-24T06:26:16.951+0000] {logging_mixin.py:190} INFO - [2026-03-24T06:26:16.951+0000] {dagbag.py:588} INFO - Filling up the DagBag from /home/ec2-user/environment/lab4_model_training/venv/lib64/python3.12/site-packages/airflow/example_dags/example_display_name.py
[2026-03-24T06:26:16.960+0000] {processor.py:925} INFO - DAG(s) 'example_display_name' retrieved from /home/ec2-user/environment/lab4_model_training/venv/lib64/python3.12/site-packages/airflow/example_dags/example_display_name.py
[2026-03-24T06:26:16.977+0000] {logging_mixin.py:190} INFO - [2026-03-24T06:26:16.977+0000] {dag.py:3239} INFO - Sync 1 DAGs
[2026-03-24T06:26:16.989+0000] {logging_mixin.py:190} INFO - [2026-03-24T06:26:16.989+0000] {dag.py:4180} INFO - Setting next_dagrun for example_display_name to None, run_after=None
[2026-03-24T06:26:17.011+0000] {processor.py:208} INFO - Processing /home/ec2-user/environment/lab4_model_training/venv/lib64/python3.12/site-packages/airflow/example_dags/example_display_name.py took 0.068 seconds
[2026-03-24T06:27:24.797+0000] {processor.py:186} INFO - Started process (PID=6051) to work on /home/ec2-user/environment/lab4_model_training/venv/lib64/python3.12/site-packages/airflow/example_dags/example_display_name.py
[2026-03-24T06:27:24.798+0000] {processor.py:914} INFO - Processing file /home/ec2-user/environment/lab4_model_training/venv/lib64/python3.12/site-packages/airflow/example_dags/example_display_name.py for tasks to queue
[2026-03-24T06:27:24.801+0000] {logging_mixin.py:190} INFO - [2026-03-24T06:27:24.800+0000] {dagbag.py:588} INFO - Filling up the DagBag from /home/ec2-user/environment/lab4_model_training/venv/lib64/python3.12/site-packages/airflow/example_dags/example_display_name.py
[2026-03-24T06:27:24.810+0000] {processor.py:925} INFO - DAG(s) 'example_display_name' retrieved from /home/ec2-user/environment/lab4_model_training/venv/lib64/python3.12/site-packages/airflow/example_dags/example_display_name.py
[2026-03-24T06:27:24.827+0000] {logging_mixin.py:190} INFO - [2026-03-24T06:27:24.826+0000] {dag.py:3239} INFO - Sync 1 DAGs
[2026-03-24T06:27:24.839+0000] {logging_mixin.py:190} INFO - [2026-03-24T06:27:24.839+0000] {dag.py:4180} INFO - Setting next_dagrun for example_display_name to None, run_after=None
[2026-03-24T06:27:24.861+0000] {processor.py:208} INFO - Processing /home/ec2-user/environment/lab4_model_training/venv/lib64/python3.12/site-packages/airflow/example_dags/example_display_name.py took 0.069 seconds
[2026-03-24T06:28:32.707+0000] {processor.py:186} INFO - Started process (PID=6369) to work on /home/ec2-user/environment/lab4_model_training/venv/lib64/python3.12/site-packages/airflow/example_dags/example_display_name.py
[2026-03-24T06:28:32.708+0000] {processor.py:914} INFO - Processing file /home/ec2-user/environment/lab4_model_training/venv/lib64/python3.12/site-packages/airflow/example_dags/example_display_name.py for tasks to queue
[2026-03-24T06:28:32.710+0000] {logging_mixin.py:190} INFO - [2026-03-24T06:28:32.710+0000] {dagbag.py:588} INFO - Filling up the DagBag from /home/ec2-user/environment/lab4_model_training/venv/lib64/python3.12/site-packages/airflow/example_dags/example_display_name.py
[2026-03-24T06:28:32.719+0000] {processor.py:925} INFO - DAG(s) 'example_display_name' retrieved from /home/ec2-user/environment/lab4_model_training/venv/lib64/python3.12/site-packages/airflow/example_dags/example_display_name.py
[2026-03-24T06:28:32.734+0000] {logging_mixin.py:190} INFO - [2026-03-24T06:28:32.733+0000] {dag.py:3239} INFO - Sync 1 DAGs
[2026-03-24T06:28:32.746+0000] {logging_mixin.py:190} INFO - [2026-03-24T06:28:32.746+0000] {dag.py:4180} INFO - Setting next_dagrun for example_display_name to None, run_after=None
[2026-03-24T06:28:32.770+0000] {processor.py:208} INFO - Processing /home/ec2-user/environment/lab4_model_training/venv/lib64/python3.12/site-packages/airflow/example_dags/example_display_name.py took 0.068 seconds
[2026-03-24T06:29:37.198+0000] {processor.py:186} INFO - Started process (PID=6786) to work on /home/ec2-user/environment/lab4_model_training/venv/lib64/python3.12/site-packages/airflow/example_dags/example_display_name.py
[2026-03-24T06:29:37.199+0000] {processor.py:914} INFO - Processing file /home/ec2-user/environment/lab4_model_training/venv/lib64/python3.12/site-packages/airflow/example_dags/example_display_name.py for tasks to queue
[2026-03-24T06:29:37.201+0000] {logging_mixin.py:190} INFO - [2026-03-24T06:29:37.201+0000] {dagbag.py:588} INFO - Filling up the DagBag from /home/ec2-user/environment/lab4_model_training/venv/lib64/python3.12/site-packages/airflow/example_dags/example_display_name.py
[2026-03-24T06:29:37.210+0000] {processor.py:925} INFO - DAG(s) 'example_display_name' retrieved from /home/ec2-user/environment/lab4_model_training/venv/lib64/python3.12/site-packages/airflow/example_dags/example_display_name.py
[2026-03-24T06:29:37.228+0000] {logging_mixin.py:190} INFO - [2026-03-24T06:29:37.227+0000] {dag.py:3239} INFO - Sync 1 DAGs
[2026-03-24T06:29:37.240+0000] {logging_mixin.py:190} INFO - [2026-03-24T06:29:37.240+0000] {dag.py:4180} INFO - Setting next_dagrun for example_display_name to None, run_after=None
[2026-03-24T06:29:37.262+0000] {processor.py:208} INFO - Processing /home/ec2-user/environment/lab4_model_training/venv/lib64/python3.12/site-packages/airflow/example_dags/example_display_name.py took 0.068 seconds
[2026-03-24T06:30:37.620+0000] {processor.py:186} INFO - Started process (PID=7020) to work on /home/ec2-user/environment/lab4_model_training/venv/lib64/python3.12/site-packages/airflow/example_dags/example_display_name.py
[2026-03-24T06:30:37.622+0000] {processor.py:914} INFO - Processing file /home/ec2-user/environment/lab4_model_training/venv/lib64/python3.12/site-packages/airflow/example_dags/example_display_name.py for tasks to queue
[2026-03-24T06:30:37.625+0000] {logging_mixin.py:190} INFO - [2026-03-24T06:30:37.624+0000] {dagbag.py:588} INFO - Filling up the DagBag from /home/ec2-user/environment/lab4_model_training/venv/lib64/python3.12/site-packages/airflow/example_dags/example_display_name.py
[2026-03-24T06:30:37.633+0000] {processor.py:925} INFO - DAG(s) 'example_display_name' retrieved from /home/ec2-user/environment/lab4_model_training/venv/lib64/python3.12/site-packages/airflow/example_dags/example_display_name.py
[2026-03-24T06:30:37.650+0000] {logging_mixin.py:190} INFO - [2026-03-24T06:30:37.650+0000] {dag.py:3239} INFO - Sync 1 DAGs
[2026-03-24T06:30:37.663+0000] {logging_mixin.py:190} INFO - [2026-03-24T06:30:37.663+0000] {dag.py:4180} INFO - Setting next_dagrun for example_display_name to None, run_after=None
[2026-03-24T06:30:37.691+0000] {processor.py:208} INFO - Processing /home/ec2-user/environment/lab4_model_training/venv/lib64/python3.12/site-packages/airflow/example_dags/example_display_name.py took 0.075 seconds
[2026-03-24T06:31:38.327+0000] {processor.py:186} INFO - Started process (PID=7298) to work on /home/ec2-user/environment/lab4_model_training/venv/lib64/python3.12/site-packages/airflow/example_dags/example_display_name.py
[2026-03-24T06:31:38.328+0000] {processor.py:914} INFO - Processing file /home/ec2-user/environment/lab4_model_training/venv/lib64/python3.12/site-packages/airflow/example_dags/example_display_name.py for tasks to queue
[2026-03-24T06:31:38.330+0000] {logging_mixin.py:190} INFO - [2026-03-24T06:31:38.329+0000] {dagbag.py:588} INFO - Filling up the DagBag from /home/ec2-user/environment/lab4_model_training/venv/lib64/python3.12/site-packages/airflow/example_dags/example_display_name.py
[2026-03-24T06:31:38.338+0000] {processor.py:925} INFO - DAG(s) 'example_display_name' retrieved from /home/ec2-user/environment/lab4_model_training/venv/lib64/python3.12/site-packages/airflow/example_dags/example_display_name.py
[2026-03-24T06:31:38.354+0000] {logging_mixin.py:190} INFO - [2026-03-24T06:31:38.354+0000] {dag.py:3239} INFO - Sync 1 DAGs
[2026-03-24T06:31:38.366+0000] {logging_mixin.py:190} INFO - [2026-03-24T06:31:38.366+0000] {dag.py:4180} INFO - Setting next_dagrun for example_display_name to None, run_after=None
[2026-03-24T06:31:38.388+0000] {processor.py:208} INFO - Processing /home/ec2-user/environment/lab4_model_training/venv/lib64/python3.12/site-packages/airflow/example_dags/example_display_name.py took 0.066 seconds
[2026-03-24T06:32:48.007+0000] {processor.py:186} INFO - Started process (PID=7632) to work on /home/ec2-user/environment/lab4_model_training/venv/lib64/python3.12/site-packages/airflow/example_dags/example_display_name.py
[2026-03-24T06:32:48.008+0000] {processor.py:914} INFO - Processing file /home/ec2-user/environment/lab4_model_training/venv/lib64/python3.12/site-packages/airflow/example_dags/example_display_name.py for tasks to queue
[2026-03-24T06:32:48.010+0000] {logging_mixin.py:190} INFO - [2026-03-24T06:32:48.010+0000] {dagbag.py:588} INFO - Filling up the DagBag from /home/ec2-user/environment/lab4_model_training/venv/lib64/python3.12/site-packages/airflow/example_dags/example_display_name.py
[2026-03-24T06:32:48.019+0000] {processor.py:925} INFO - DAG(s) 'example_display_name' retrieved from /home/ec2-user/environment/lab4_model_training/venv/lib64/python3.12/site-packages/airflow/example_dags/example_display_name.py
[2026-03-24T06:32:48.034+0000] {logging_mixin.py:190} INFO - [2026-03-24T06:32:48.034+0000] {dag.py:3239} INFO - Sync 1 DAGs
[2026-03-24T06:32:48.047+0000] {logging_mixin.py:190} INFO - [2026-03-24T06:32:48.047+0000] {dag.py:4180} INFO - Setting next_dagrun for example_display_name to None, run_after=None
[2026-03-24T06:32:48.069+0000] {processor.py:208} INFO - Processing /home/ec2-user/environment/lab4_model_training/venv/lib64/python3.12/site-packages/airflow/example_dags/example_display_name.py took 0.067 seconds
[2026-03-24T06:33:51.724+0000] {processor.py:186} INFO - Started process (PID=7910) to work on /home/ec2-user/environment/lab4_model_training/venv/lib64/python3.12/site-packages/airflow/example_dags/example_display_name.py
[2026-03-24T06:33:51.725+0000] {processor.py:914} INFO - Processing file /home/ec2-user/environment/lab4_model_training/venv/lib64/python3.12/site-packages/airflow/example_dags/example_display_name.py for tasks to queue
[2026-03-24T06:33:51.728+0000] {logging_mixin.py:190} INFO - [2026-03-24T06:33:51.728+0000] {dagbag.py:588} INFO - Filling up the DagBag from /home/ec2-user/environment/lab4_model_training/venv/lib64/python3.12/site-packages/airflow/example_dags/example_display_name.py
[2026-03-24T06:33:51.739+0000] {processor.py:925} INFO - DAG(s) 'example_display_name' retrieved from /home/ec2-user/environment/lab4_model_training/venv/lib64/python3.12/site-packages/airflow/example_dags/example_display_name.py
[2026-03-24T06:33:51.753+0000] {logging_mixin.py:190} INFO - [2026-03-24T06:33:51.753+0000] {dag.py:3239} INFO - Sync 1 DAGs
[2026-03-24T06:33:51.767+0000] {logging_mixin.py:190} INFO - [2026-03-24T06:33:51.766+0000] {dag.py:4180} INFO - Setting next_dagrun for example_display_name to None, run_after=None
[2026-03-24T06:33:51.788+0000] {processor.py:208} INFO - Processing /home/ec2-user/environment/lab4_model_training/venv/lib64/python3.12/site-packages/airflow/example_dags/example_display_name.py took 0.069 seconds
[2026-03-24T06:34:52.657+0000] {processor.py:186} INFO - Started process (PID=8175) to work on /home/ec2-user/environment/lab4_model_training/venv/lib64/python3.12/site-packages/airflow/example_dags/example_display_name.py
[2026-03-24T06:34:52.658+0000] {processor.py:914} INFO - Processing file /home/ec2-user/environment/lab4_model_training/venv/lib64/python3.12/site-packages/airflow/example_dags/example_display_name.py for tasks to queue
[2026-03-24T06:34:52.660+0000] {logging_mixin.py:190} INFO - [2026-03-24T06:34:52.659+0000] {dagbag.py:588} INFO - Filling up the DagBag from /home/ec2-user/environment/lab4_model_training/venv/lib64/python3.12/site-packages/airflow/example_dags/example_display_name.py
[2026-03-24T06:34:52.669+0000] {processor.py:925} INFO - DAG(s) 'example_display_name' retrieved from /home/ec2-user/environment/lab4_model_training/venv/lib64/python3.12/site-packages/airflow/example_dags/example_display_name.py
[2026-03-24T06:34:52.686+0000] {logging_mixin.py:190} INFO - [2026-03-24T06:34:52.686+0000] {dag.py:3239} INFO - Sync 1 DAGs
[2026-03-24T06:34:52.699+0000] {logging_mixin.py:190} INFO - [2026-03-24T06:34:52.699+0000] {dag.py:4180} INFO - Setting next_dagrun for example_display_name to None, run_after=None
[2026-03-24T06:34:52.720+0000] {processor.py:208} INFO - Processing /home/ec2-user/environment/lab4_model_training/venv/lib64/python3.12/site-packages/airflow/example_dags/example_display_name.py took 0.068 seconds
[2026-03-24T06:36:00.310+0000] {processor.py:186} INFO - Started process (PID=8451) to work on /home/ec2-user/environment/lab4_model_training/venv/lib64/python3.12/site-packages/airflow/example_dags/example_display_name.py
[2026-03-24T06:36:00.311+0000] {processor.py:914} INFO - Processing file /home/ec2-user/environment/lab4_model_training/venv/lib64/python3.12/site-packages/airflow/example_dags/example_display_name.py for tasks to queue
[2026-03-24T06:36:00.313+0000] {logging_mixin.py:190} INFO - [2026-03-24T06:36:00.313+0000] {dagbag.py:588} INFO - Filling up the DagBag from /home/ec2-user/environment/lab4_model_training/venv/lib64/python3.12/site-packages/airflow/example_dags/example_display_name.py
[2026-03-24T06:36:00.322+0000] {processor.py:925} INFO - DAG(s) 'example_display_name' retrieved from /home/ec2-user/environment/lab4_model_training/venv/lib64/python3.12/site-packages/airflow/example_dags/example_display_name.py
[2026-03-24T06:36:00.339+0000] {logging_mixin.py:190} INFO - [2026-03-24T06:36:00.339+0000] {dag.py:3239} INFO - Sync 1 DAGs
[2026-03-24T06:36:00.356+0000] {logging_mixin.py:190} INFO - [2026-03-24T06:36:00.356+0000] {dag.py:4180} INFO - Setting next_dagrun for example_display_name to None, run_after=None
[2026-03-24T06:36:00.394+0000] {processor.py:208} INFO - Processing /home/ec2-user/environment/lab4_model_training/venv/lib64/python3.12/site-packages/airflow/example_dags/example_display_name.py took 0.089 seconds
[2026-03-24T06:37:05.609+0000] {processor.py:186} INFO - Started process (PID=8811) to work on /home/ec2-user/environment/lab4_model_training/venv/lib64/python3.12/site-packages/airflow/example_dags/example_display_name.py
[2026-03-24T06:37:05.611+0000] {processor.py:914} INFO - Processing file /home/ec2-user/environment/lab4_model_training/venv/lib64/python3.12/site-packages/airflow/example_dags/example_display_name.py for tasks to queue
[2026-03-24T06:37:05.613+0000] {logging_mixin.py:190} INFO - [2026-03-24T06:37:05.612+0000] {dagbag.py:588} INFO - Filling up the DagBag from /home/ec2-user/environment/lab4_model_training/venv/lib64/python3.12/site-packages/airflow/example_dags/example_display_name.py
[2026-03-24T06:37:05.622+0000] {processor.py:925} INFO - DAG(s) 'example_display_name' retrieved from /home/ec2-user/environment/lab4_model_training/venv/lib64/python3.12/site-packages/airflow/example_dags/example_display_name.py
[2026-03-24T06:37:05.637+0000] {logging_mixin.py:190} INFO - [2026-03-24T06:37:05.637+0000] {dag.py:3239} INFO - Sync 1 DAGs
[2026-03-24T06:37:05.649+0000] {logging_mixin.py:190} INFO - [2026-03-24T06:37:05.649+0000] {dag.py:4180} INFO - Setting next_dagrun for example_display_name to None, run_after=None
[2026-03-24T06:37:05.670+0000] {processor.py:208} INFO - Processing /home/ec2-user/environment/lab4_model_training/venv/lib64/python3.12/site-packages/airflow/example_dags/example_display_name.py took 0.066 seconds
[2026-03-24T06:38:12.585+0000] {processor.py:186} INFO - Started process (PID=9138) to work on /home/ec2-user/environment/lab4_model_training/venv/lib64/python3.12/site-packages/airflow/example_dags/example_display_name.py
[2026-03-24T06:38:12.587+0000] {processor.py:914} INFO - Processing file /home/ec2-user/environment/lab4_model_training/venv/lib64/python3.12/site-packages/airflow/example_dags/example_display_name.py for tasks to queue
[2026-03-24T06:38:12.589+0000] {logging_mixin.py:190} INFO - [2026-03-24T06:38:12.588+0000] {dagbag.py:588} INFO - Filling up the DagBag from /home/ec2-user/environment/lab4_model_training/venv/lib64/python3.12/site-packages/airflow/example_dags/example_display_name.py
[2026-03-24T06:38:12.597+0000] {processor.py:925} INFO - DAG(s) 'example_display_name' retrieved from /home/ec2-user/environment/lab4_model_training/venv/lib64/python3.12/site-packages/airflow/example_dags/example_display_name.py
[2026-03-24T06:38:12.614+0000] {logging_mixin.py:190} INFO - [2026-03-24T06:38:12.614+0000] {dag.py:3239} INFO - Sync 1 DAGs
[2026-03-24T06:38:12.626+0000] {logging_mixin.py:190} INFO - [2026-03-24T06:38:12.626+0000] {dag.py:4180} INFO - Setting next_dagrun for example_display_name to None, run_after=None
[2026-03-24T06:38:12.647+0000] {processor.py:208} INFO - Processing /home/ec2-user/environment/lab4_model_training/venv/lib64/python3.12/site-packages/airflow/example_dags/example_display_name.py took 0.067 seconds
[2026-03-24T06:39:20.371+0000] {processor.py:186} INFO - Started process (PID=9408) to work on /home/ec2-user/environment/lab4_model_training/venv/lib64/python3.12/site-packages/airflow/example_dags/example_display_name.py
[2026-03-24T06:39:20.372+0000] {processor.py:914} INFO - Processing file /home/ec2-user/environment/lab4_model_training/venv/lib64/python3.12/site-packages/airflow/example_dags/example_display_name.py for tasks to queue
[2026-03-24T06:39:20.374+0000] {logging_mixin.py:190} INFO - [2026-03-24T06:39:20.374+0000] {dagbag.py:588} INFO - Filling up the DagBag from /home/ec2-user/environment/lab4_model_training/venv/lib64/python3.12/site-packages/airflow/example_dags/example_display_name.py
[2026-03-24T06:39:20.383+0000] {processor.py:925} INFO - DAG(s) 'example_display_name' retrieved from /home/ec2-user/environment/lab4_model_training/venv/lib64/python3.12/site-packages/airflow/example_dags/example_display_name.py
[2026-03-24T06:39:20.400+0000] {logging_mixin.py:190} INFO - [2026-03-24T06:39:20.399+0000] {dag.py:3239} INFO - Sync 1 DAGs
[2026-03-24T06:39:20.412+0000] {logging_mixin.py:190} INFO - [2026-03-24T06:39:20.412+0000] {dag.py:4180} INFO - Setting next_dagrun for example_display_name to None, run_after=None
[2026-03-24T06:39:20.433+0000] {processor.py:208} INFO - Processing /home/ec2-user/environment/lab4_model_training/venv/lib64/python3.12/site-packages/airflow/example_dags/example_display_name.py took 0.066 seconds
[2026-03-24T06:40:28.238+0000] {processor.py:186} INFO - Started process (PID=9756) to work on /home/ec2-user/environment/lab4_model_training/venv/lib64/python3.12/site-packages/airflow/example_dags/example_display_name.py
[2026-03-24T06:40:28.241+0000] {processor.py:914} INFO - Processing file /home/ec2-user/environment/lab4_model_training/venv/lib64/python3.12/site-packages/airflow/example_dags/example_display_name.py for tasks to queue
[2026-03-24T06:40:28.265+0000] {logging_mixin.py:190} INFO - [2026-03-24T06:40:28.264+0000] {dagbag.py:588} INFO - Filling up the DagBag from /home/ec2-user/environment/lab4_model_training/venv/lib64/python3.12/site-packages/airflow/example_dags/example_display_name.py
[2026-03-24T06:40:28.290+0000] {processor.py:925} INFO - DAG(s) 'example_display_name' retrieved from /home/ec2-user/environment/lab4_model_training/venv/lib64/python3.12/site-packages/airflow/example_dags/example_display_name.py
[2026-03-24T06:40:28.311+0000] {logging_mixin.py:190} INFO - [2026-03-24T06:40:28.311+0000] {dag.py:3239} INFO - Sync 1 DAGs
[2026-03-24T06:40:28.341+0000] {logging_mixin.py:190} INFO - [2026-03-24T06:40:28.341+0000] {dag.py:4180} INFO - Setting next_dagrun for example_display_name to None, run_after=None
[2026-03-24T06:40:28.373+0000] {processor.py:208} INFO - Processing /home/ec2-user/environment/lab4_model_training/venv/lib64/python3.12/site-packages/airflow/example_dags/example_display_name.py took 0.150 seconds
[2026-03-24T06:41:37.082+0000] {processor.py:186} INFO - Started process (PID=10050) to work on /home/ec2-user/environment/lab4_model_training/venv/lib64/python3.12/site-packages/airflow/example_dags/example_display_name.py
[2026-03-24T06:41:37.084+0000] {processor.py:914} INFO - Processing file /home/ec2-user/environment/lab4_model_training/venv/lib64/python3.12/site-packages/airflow/example_dags/example_display_name.py for tasks to queue
[2026-03-24T06:41:37.086+0000] {logging_mixin.py:190} INFO - [2026-03-24T06:41:37.086+0000] {dagbag.py:588} INFO - Filling up the DagBag from /home/ec2-user/environment/lab4_model_training/venv/lib64/python3.12/site-packages/airflow/example_dags/example_display_name.py
[2026-03-24T06:41:37.096+0000] {processor.py:925} INFO - DAG(s) 'example_display_name' retrieved from /home/ec2-user/environment/lab4_model_training/venv/lib64/python3.12/site-packages/airflow/example_dags/example_display_name.py
[2026-03-24T06:41:37.111+0000] {logging_mixin.py:190} INFO - [2026-03-24T06:41:37.111+0000] {dag.py:3239} INFO - Sync 1 DAGs
[2026-03-24T06:41:37.127+0000] {logging_mixin.py:190} INFO - [2026-03-24T06:41:37.127+0000] {dag.py:4180} INFO - Setting next_dagrun for example_display_name to None, run_after=None
[2026-03-24T06:41:37.148+0000] {processor.py:208} INFO - Processing /home/ec2-user/environment/lab4_model_training/venv/lib64/python3.12/site-packages/airflow/example_dags/example_display_name.py took 0.070 seconds
[2026-03-24T06:42:49.521+0000] {processor.py:186} INFO - Started process (PID=10507) to work on /home/ec2-user/environment/lab4_model_training/venv/lib64/python3.12/site-packages/airflow/example_dags/example_display_name.py
[2026-03-24T06:42:49.529+0000] {processor.py:914} INFO - Processing file /home/ec2-user/environment/lab4_model_training/venv/lib64/python3.12/site-packages/airflow/example_dags/example_display_name.py for tasks to queue
[2026-03-24T06:42:49.537+0000] {logging_mixin.py:190} INFO - [2026-03-24T06:42:49.537+0000] {dagbag.py:588} INFO - Filling up the DagBag from /home/ec2-user/environment/lab4_model_training/venv/lib64/python3.12/site-packages/airflow/example_dags/example_display_name.py
[2026-03-24T06:42:49.552+0000] {processor.py:925} INFO - DAG(s) 'example_display_name' retrieved from /home/ec2-user/environment/lab4_model_training/venv/lib64/python3.12/site-packages/airflow/example_dags/example_display_name.py
[2026-03-24T06:42:49.576+0000] {logging_mixin.py:190} INFO - [2026-03-24T06:42:49.576+0000] {dag.py:3239} INFO - Sync 1 DAGs
[2026-03-24T06:42:49.600+0000] {logging_mixin.py:190} INFO - [2026-03-24T06:42:49.600+0000] {dag.py:4180} INFO - Setting next_dagrun for example_display_name to None, run_after=None
[2026-03-24T06:42:49.651+0000] {processor.py:208} INFO - Processing /home/ec2-user/environment/lab4_model_training/venv/lib64/python3.12/site-packages/airflow/example_dags/example_display_name.py took 0.137 seconds
[2026-03-24T06:43:51.620+0000] {processor.py:186} INFO - Started process (PID=10835) to work on /home/ec2-user/environment/lab4_model_training/venv/lib64/python3.12/site-packages/airflow/example_dags/example_display_name.py
[2026-03-24T06:43:51.621+0000] {processor.py:914} INFO - Processing file /home/ec2-user/environment/lab4_model_training/venv/lib64/python3.12/site-packages/airflow/example_dags/example_display_name.py for tasks to queue
[2026-03-24T06:43:51.624+0000] {logging_mixin.py:190} INFO - [2026-03-24T06:43:51.624+0000] {dagbag.py:588} INFO - Filling up the DagBag from /home/ec2-user/environment/lab4_model_training/venv/lib64/python3.12/site-packages/airflow/example_dags/example_display_name.py
[2026-03-24T06:43:51.634+0000] {processor.py:925} INFO - DAG(s) 'example_display_name' retrieved from /home/ec2-user/environment/lab4_model_training/venv/lib64/python3.12/site-packages/airflow/example_dags/example_display_name.py
[2026-03-24T06:43:51.649+0000] {logging_mixin.py:190} INFO - [2026-03-24T06:43:51.649+0000] {dag.py:3239} INFO - Sync 1 DAGs
[2026-03-24T06:43:51.662+0000] {logging_mixin.py:190} INFO - [2026-03-24T06:43:51.661+0000] {dag.py:4180} INFO - Setting next_dagrun for example_display_name to None, run_after=None
[2026-03-24T06:43:51.684+0000] {processor.py:208} INFO - Processing /home/ec2-user/environment/lab4_model_training/venv/lib64/python3.12/site-packages/airflow/example_dags/example_display_name.py took 0.068 seconds
[2026-03-24T06:45:00.817+0000] {processor.py:186} INFO - Started process (PID=11230) to work on /home/ec2-user/environment/lab4_model_training/venv/lib64/python3.12/site-packages/airflow/example_dags/example_display_name.py
[2026-03-24T06:45:00.819+0000] {processor.py:914} INFO - Processing file /home/ec2-user/environment/lab4_model_training/venv/lib64/python3.12/site-packages/airflow/example_dags/example_display_name.py for tasks to queue
[2026-03-24T06:45:00.822+0000] {logging_mixin.py:190} INFO - [2026-03-24T06:45:00.821+0000] {dagbag.py:588} INFO - Filling up the DagBag from /home/ec2-user/environment/lab4_model_training/venv/lib64/python3.12/site-packages/airflow/example_dags/example_display_name.py
[2026-03-24T06:45:00.831+0000] {processor.py:925} INFO - DAG(s) 'example_display_name' retrieved from /home/ec2-user/environment/lab4_model_training/venv/lib64/python3.12/site-packages/airflow/example_dags/example_display_name.py
[2026-03-24T06:45:00.849+0000] {logging_mixin.py:190} INFO - [2026-03-24T06:45:00.849+0000] {dag.py:3239} INFO - Sync 1 DAGs
[2026-03-24T06:45:00.866+0000] {logging_mixin.py:190} INFO - [2026-03-24T06:45:00.866+0000] {dag.py:4180} INFO - Setting next_dagrun for example_display_name to None, run_after=None
[2026-03-24T06:45:00.896+0000] {processor.py:208} INFO - Processing /home/ec2-user/environment/lab4_model_training/venv/lib64/python3.12/site-packages/airflow/example_dags/example_display_name.py took 0.084 seconds
[2026-03-24T06:46:06.674+0000] {processor.py:186} INFO - Started process (PID=11605) to work on /home/ec2-user/environment/lab4_model_training/venv/lib64/python3.12/site-packages/airflow/example_dags/example_display_name.py
[2026-03-24T06:46:06.675+0000] {processor.py:914} INFO - Processing file /home/ec2-user/environment/lab4_model_training/venv/lib64/python3.12/site-packages/airflow/example_dags/example_display_name.py for tasks to queue
[2026-03-24T06:46:06.678+0000] {logging_mixin.py:190} INFO - [2026-03-24T06:46:06.677+0000] {dagbag.py:588} INFO - Filling up the DagBag from /home/ec2-user/environment/lab4_model_training/venv/lib64/python3.12/site-packages/airflow/example_dags/example_display_name.py
[2026-03-24T06:46:06.687+0000] {processor.py:925} INFO - DAG(s) 'example_display_name' retrieved from /home/ec2-user/environment/lab4_model_training/venv/lib64/python3.12/site-packages/airflow/example_dags/example_display_name.py
[2026-03-24T06:46:06.702+0000] {logging_mixin.py:190} INFO - [2026-03-24T06:46:06.702+0000] {dag.py:3239} INFO - Sync 1 DAGs
[2026-03-24T06:46:06.715+0000] {logging_mixin.py:190} INFO - [2026-03-24T06:46:06.715+0000] {dag.py:4180} INFO - Setting next_dagrun for example_display_name to None, run_after=None
[2026-03-24T06:46:06.737+0000] {processor.py:208} INFO - Processing /home/ec2-user/environment/lab4_model_training/venv/lib64/python3.12/site-packages/airflow/example_dags/example_display_name.py took 0.068 seconds
[2026-03-24T06:47:31.925+0000] {processor.py:186} INFO - Started process (PID=11908) to work on /home/ec2-user/environment/lab4_model_training/venv/lib64/python3.12/site-packages/airflow/example_dags/example_display_name.py
[2026-03-24T06:47:31.926+0000] {processor.py:914} INFO - Processing file /home/ec2-user/environment/lab4_model_training/venv/lib64/python3.12/site-packages/airflow/example_dags/example_display_name.py for tasks to queue
[2026-03-24T06:47:31.928+0000] {logging_mixin.py:190} INFO - [2026-03-24T06:47:31.928+0000] {dagbag.py:588} INFO - Filling up the DagBag from /home/ec2-user/environment/lab4_model_training/venv/lib64/python3.12/site-packages/airflow/example_dags/example_display_name.py
[2026-03-24T06:47:31.937+0000] {processor.py:925} INFO - DAG(s) 'example_display_name' retrieved from /home/ec2-user/environment/lab4_model_training/venv/lib64/python3.12/site-packages/airflow/example_dags/example_display_name.py
[2026-03-24T06:47:31.953+0000] {logging_mixin.py:190} INFO - [2026-03-24T06:47:31.952+0000] {dag.py:3239} INFO - Sync 1 DAGs
[2026-03-24T06:47:31.965+0000] {logging_mixin.py:190} INFO - [2026-03-24T06:47:31.965+0000] {dag.py:4180} INFO - Setting next_dagrun for example_display_name to None, run_after=None
[2026-03-24T06:47:31.988+0000] {processor.py:208} INFO - Processing /home/ec2-user/environment/lab4_model_training/venv/lib64/python3.12/site-packages/airflow/example_dags/example_display_name.py took 0.068 seconds
[2026-03-24T06:48:38.799+0000] {processor.py:186} INFO - Started process (PID=12197) to work on /home/ec2-user/environment/lab4_model_training/venv/lib64/python3.12/site-packages/airflow/example_dags/example_display_name.py
[2026-03-24T06:48:38.800+0000] {processor.py:914} INFO - Processing file /home/ec2-user/environment/lab4_model_training/venv/lib64/python3.12/site-packages/airflow/example_dags/example_display_name.py for tasks to queue
[2026-03-24T06:48:38.802+0000] {logging_mixin.py:190} INFO - [2026-03-24T06:48:38.802+0000] {dagbag.py:588} INFO - Filling up the DagBag from /home/ec2-user/environment/lab4_model_training/venv/lib64/python3.12/site-packages/airflow/example_dags/example_display_name.py
[2026-03-24T06:48:38.811+0000] {processor.py:925} INFO - DAG(s) 'example_display_name' retrieved from /home/ec2-user/environment/lab4_model_training/venv/lib64/python3.12/site-packages/airflow/example_dags/example_display_name.py
[2026-03-24T06:48:38.828+0000] {logging_mixin.py:190} INFO - [2026-03-24T06:48:38.828+0000] {dag.py:3239} INFO - Sync 1 DAGs
[2026-03-24T06:48:38.841+0000] {logging_mixin.py:190} INFO - [2026-03-24T06:48:38.841+0000] {dag.py:4180} INFO - Setting next_dagrun for example_display_name to None, run_after=None
[2026-03-24T06:48:38.863+0000] {processor.py:208} INFO - Processing /home/ec2-user/environment/lab4_model_training/venv/lib64/python3.12/site-packages/airflow/example_dags/example_display_name.py took 0.069 seconds
[2026-03-24T06:49:43.915+0000] {processor.py:186} INFO - Started process (PID=12465) to work on /home/ec2-user/environment/lab4_model_training/venv/lib64/python3.12/site-packages/airflow/example_dags/example_display_name.py
[2026-03-24T06:49:43.916+0000] {processor.py:914} INFO - Processing file /home/ec2-user/environment/lab4_model_training/venv/lib64/python3.12/site-packages/airflow/example_dags/example_display_name.py for tasks to queue
[2026-03-24T06:49:43.918+0000] {logging_mixin.py:190} INFO - [2026-03-24T06:49:43.918+0000] {dagbag.py:588} INFO - Filling up the DagBag from /home/ec2-user/environment/lab4_model_training/venv/lib64/python3.12/site-packages/airflow/example_dags/example_display_name.py
[2026-03-24T06:49:43.927+0000] {processor.py:925} INFO - DAG(s) 'example_display_name' retrieved from /home/ec2-user/environment/lab4_model_training/venv/lib64/python3.12/site-packages/airflow/example_dags/example_display_name.py
[2026-03-24T06:49:43.943+0000] {logging_mixin.py:190} INFO - [2026-03-24T06:49:43.943+0000] {dag.py:3239} INFO - Sync 1 DAGs
[2026-03-24T06:49:43.955+0000] {logging_mixin.py:190} INFO - [2026-03-24T06:49:43.955+0000] {dag.py:4180} INFO - Setting next_dagrun for example_display_name to None, run_after=None
[2026-03-24T06:49:43.977+0000] {processor.py:208} INFO - Processing /home/ec2-user/environment/lab4_model_training/venv/lib64/python3.12/site-packages/airflow/example_dags/example_display_name.py took 0.067 seconds
[2026-03-24T06:50:51.689+0000] {processor.py:186} INFO - Started process (PID=12741) to work on /home/ec2-user/environment/lab4_model_training/venv/lib64/python3.12/site-packages/airflow/example_dags/example_display_name.py
[2026-03-24T06:50:51.690+0000] {processor.py:914} INFO - Processing file /home/ec2-user/environment/lab4_model_training/venv/lib64/python3.12/site-packages/airflow/example_dags/example_display_name.py for tasks to queue
[2026-03-24T06:50:51.692+0000] {logging_mixin.py:190} INFO - [2026-03-24T06:50:51.692+0000] {dagbag.py:588} INFO - Filling up the DagBag from /home/ec2-user/environment/lab4_model_training/venv/lib64/python3.12/site-packages/airflow/example_dags/example_display_name.py
[2026-03-24T06:50:51.701+0000] {processor.py:925} INFO - DAG(s) 'example_display_name' retrieved from /home/ec2-user/environment/lab4_model_training/venv/lib64/python3.12/site-packages/airflow/example_dags/example_display_name.py
[2026-03-24T06:50:51.719+0000] {logging_mixin.py:190} INFO - [2026-03-24T06:50:51.718+0000] {dag.py:3239} INFO - Sync 1 DAGs
[2026-03-24T06:50:51.735+0000] {logging_mixin.py:190} INFO - [2026-03-24T06:50:51.734+0000] {dag.py:4180} INFO - Setting next_dagrun for example_display_name to None, run_after=None
[2026-03-24T06:50:51.768+0000] {processor.py:208} INFO - Processing /home/ec2-user/environment/lab4_model_training/venv/lib64/python3.12/site-packages/airflow/example_dags/example_display_name.py took 0.084 seconds
[2026-03-24T06:52:02.054+0000] {processor.py:186} INFO - Started process (PID=13061) to work on /home/ec2-user/environment/lab4_model_training/venv/lib64/python3.12/site-packages/airflow/example_dags/example_display_name.py
[2026-03-24T06:52:02.055+0000] {processor.py:914} INFO - Processing file /home/ec2-user/environment/lab4_model_training/venv/lib64/python3.12/site-packages/airflow/example_dags/example_display_name.py for tasks to queue
[2026-03-24T06:52:02.057+0000] {logging_mixin.py:190} INFO - [2026-03-24T06:52:02.057+0000] {dagbag.py:588} INFO - Filling up the DagBag from /home/ec2-user/environment/lab4_model_training/venv/lib64/python3.12/site-packages/airflow/example_dags/example_display_name.py
[2026-03-24T06:52:02.066+0000] {processor.py:925} INFO - DAG(s) 'example_display_name' retrieved from /home/ec2-user/environment/lab4_model_training/venv/lib64/python3.12/site-packages/airflow/example_dags/example_display_name.py
[2026-03-24T06:52:02.082+0000] {logging_mixin.py:190} INFO - [2026-03-24T06:52:02.082+0000] {dag.py:3239} INFO - Sync 1 DAGs
[2026-03-24T06:52:02.096+0000] {logging_mixin.py:190} INFO - [2026-03-24T06:52:02.095+0000] {dag.py:4180} INFO - Setting next_dagrun for example_display_name to None, run_after=None
[2026-03-24T06:52:02.121+0000] {processor.py:208} INFO - Processing /home/ec2-user/environment/lab4_model_training/venv/lib64/python3.12/site-packages/airflow/example_dags/example_display_name.py took 0.072 seconds
[2026-03-24T06:53:06.361+0000] {processor.py:186} INFO - Started process (PID=13405) to work on /home/ec2-user/environment/lab4_model_training/venv/lib64/python3.12/site-packages/airflow/example_dags/example_display_name.py
[2026-03-24T06:53:06.362+0000] {processor.py:914} INFO - Processing file /home/ec2-user/environment/lab4_model_training/venv/lib64/python3.12/site-packages/airflow/example_dags/example_display_name.py for tasks to queue
[2026-03-24T06:53:06.364+0000] {logging_mixin.py:190} INFO - [2026-03-24T06:53:06.363+0000] {dagbag.py:588} INFO - Filling up the DagBag from /home/ec2-user/environment/lab4_model_training/venv/lib64/python3.12/site-packages/airflow/example_dags/example_display_name.py
[2026-03-24T06:53:06.373+0000] {processor.py:925} INFO - DAG(s) 'example_display_name' retrieved from /home/ec2-user/environment/lab4_model_training/venv/lib64/python3.12/site-packages/airflow/example_dags/example_display_name.py
[2026-03-24T06:53:06.389+0000] {logging_mixin.py:190} INFO - [2026-03-24T06:53:06.389+0000] {dag.py:3239} INFO - Sync 1 DAGs
[2026-03-24T06:53:06.401+0000] {logging_mixin.py:190} INFO - [2026-03-24T06:53:06.401+0000] {dag.py:4180} INFO - Setting next_dagrun for example_display_name to None, run_after=None
[2026-03-24T06:53:06.423+0000] {processor.py:208} INFO - Processing /home/ec2-user/environment/lab4_model_training/venv/lib64/python3.12/site-packages/airflow/example_dags/example_display_name.py took 0.067 seconds
[2026-03-24T06:54:28.657+0000] {processor.py:186} INFO - Started process (PID=13774) to work on /home/ec2-user/environment/lab4_model_training/venv/lib64/python3.12/site-packages/airflow/example_dags/example_display_name.py
[2026-03-24T06:54:28.664+0000] {processor.py:914} INFO - Processing file /home/ec2-user/environment/lab4_model_training/venv/lib64/python3.12/site-packages/airflow/example_dags/example_display_name.py for tasks to queue
[2026-03-24T06:54:28.666+0000] {logging_mixin.py:190} INFO - [2026-03-24T06:54:28.665+0000] {dagbag.py:588} INFO - Filling up the DagBag from /home/ec2-user/environment/lab4_model_training/venv/lib64/python3.12/site-packages/airflow/example_dags/example_display_name.py
[2026-03-24T06:54:28.677+0000] {processor.py:925} INFO - DAG(s) 'example_display_name' retrieved from /home/ec2-user/environment/lab4_model_training/venv/lib64/python3.12/site-packages/airflow/example_dags/example_display_name.py
[2026-03-24T06:54:28.692+0000] {logging_mixin.py:190} INFO - [2026-03-24T06:54:28.692+0000] {dag.py:3239} INFO - Sync 1 DAGs
[2026-03-24T06:54:28.705+0000] {logging_mixin.py:190} INFO - [2026-03-24T06:54:28.705+0000] {dag.py:4180} INFO - Setting next_dagrun for example_display_name to None, run_after=None
[2026-03-24T06:54:28.726+0000] {processor.py:208} INFO - Processing /home/ec2-user/environment/lab4_model_training/venv/lib64/python3.12/site-packages/airflow/example_dags/example_display_name.py took 0.073 seconds
[2026-03-24T06:55:37.285+0000] {processor.py:186} INFO - Started process (PID=14038) to work on /home/ec2-user/environment/lab4_model_training/venv/lib64/python3.12/site-packages/airflow/example_dags/example_display_name.py
[2026-03-24T06:55:37.286+0000] {processor.py:914} INFO - Processing file /home/ec2-user/environment/lab4_model_training/venv/lib64/python3.12/site-packages/airflow/example_dags/example_display_name.py for tasks to queue
[2026-03-24T06:55:37.287+0000] {logging_mixin.py:190} INFO - [2026-03-24T06:55:37.287+0000] {dagbag.py:588} INFO - Filling up the DagBag from /home/ec2-user/environment/lab4_model_training/venv/lib64/python3.12/site-packages/airflow/example_dags/example_display_name.py
[2026-03-24T06:55:37.296+0000] {processor.py:925} INFO - DAG(s) 'example_display_name' retrieved from /home/ec2-user/environment/lab4_model_training/venv/lib64/python3.12/site-packages/airflow/example_dags/example_display_name.py
[2026-03-24T06:55:37.311+0000] {logging_mixin.py:190} INFO - [2026-03-24T06:55:37.311+0000] {dag.py:3239} INFO - Sync 1 DAGs
[2026-03-24T06:55:37.324+0000] {logging_mixin.py:190} INFO - [2026-03-24T06:55:37.324+0000] {dag.py:4180} INFO - Setting next_dagrun for example_display_name to None, run_after=None
[2026-03-24T06:55:37.345+0000] {processor.py:208} INFO - Processing /home/ec2-user/environment/lab4_model_training/venv/lib64/python3.12/site-packages/airflow/example_dags/example_display_name.py took 0.065 seconds
[2026-03-24T06:57:08.591+0000] {processor.py:186} INFO - Started process (PID=14460) to work on /home/ec2-user/environment/lab4_model_training/venv/lib64/python3.12/site-packages/airflow/example_dags/example_display_name.py
[2026-03-24T06:57:08.592+0000] {processor.py:914} INFO - Processing file /home/ec2-user/environment/lab4_model_training/venv/lib64/python3.12/site-packages/airflow/example_dags/example_display_name.py for tasks to queue
[2026-03-24T06:57:08.594+0000] {logging_mixin.py:190} INFO - [2026-03-24T06:57:08.593+0000] {dagbag.py:588} INFO - Filling up the DagBag from /home/ec2-user/environment/lab4_model_training/venv/lib64/python3.12/site-packages/airflow/example_dags/example_display_name.py
[2026-03-24T06:57:08.603+0000] {processor.py:925} INFO - DAG(s) 'example_display_name' retrieved from /home/ec2-user/environment/lab4_model_training/venv/lib64/python3.12/site-packages/airflow/example_dags/example_display_name.py
[2026-03-24T06:57:08.619+0000] {logging_mixin.py:190} INFO - [2026-03-24T06:57:08.619+0000] {dag.py:3239} INFO - Sync 1 DAGs
[2026-03-24T06:57:08.633+0000] {logging_mixin.py:190} INFO - [2026-03-24T06:57:08.633+0000] {dag.py:4180} INFO - Setting next_dagrun for example_display_name to None, run_after=None
[2026-03-24T06:57:08.656+0000] {processor.py:208} INFO - Processing /home/ec2-user/environment/lab4_model_training/venv/lib64/python3.12/site-packages/airflow/example_dags/example_display_name.py took 0.070 seconds
[2026-03-24T06:58:11.620+0000] {processor.py:186} INFO - Started process (PID=14759) to work on /home/ec2-user/environment/lab4_model_training/venv/lib64/python3.12/site-packages/airflow/example_dags/example_display_name.py
[2026-03-24T06:58:11.621+0000] {processor.py:914} INFO - Processing file /home/ec2-user/environment/lab4_model_training/venv/lib64/python3.12/site-packages/airflow/example_dags/example_display_name.py for tasks to queue
[2026-03-24T06:58:11.623+0000] {logging_mixin.py:190} INFO - [2026-03-24T06:58:11.622+0000] {dagbag.py:588} INFO - Filling up the DagBag from /home/ec2-user/environment/lab4_model_training/venv/lib64/python3.12/site-packages/airflow/example_dags/example_display_name.py
[2026-03-24T06:58:11.632+0000] {processor.py:925} INFO - DAG(s) 'example_display_name' retrieved from /home/ec2-user/environment/lab4_model_training/venv/lib64/python3.12/site-packages/airflow/example_dags/example_display_name.py
[2026-03-24T06:58:11.649+0000] {logging_mixin.py:190} INFO - [2026-03-24T06:58:11.649+0000] {dag.py:3239} INFO - Sync 1 DAGs
[2026-03-24T06:58:11.662+0000] {logging_mixin.py:190} INFO - [2026-03-24T06:58:11.661+0000] {dag.py:4180} INFO - Setting next_dagrun for example_display_name to None, run_after=None
[2026-03-24T06:58:11.684+0000] {processor.py:208} INFO - Processing /home/ec2-user/environment/lab4_model_training/venv/lib64/python3.12/site-packages/airflow/example_dags/example_display_name.py took 0.068 seconds
[2026-03-24T06:59:17.386+0000] {processor.py:186} INFO - Started process (PID=15015) to work on /home/ec2-user/environment/lab4_model_training/venv/lib64/python3.12/site-packages/airflow/example_dags/example_display_name.py
[2026-03-24T06:59:17.388+0000] {processor.py:914} INFO - Processing file /home/ec2-user/environment/lab4_model_training/venv/lib64/python3.12/site-packages/airflow/example_dags/example_display_name.py for tasks to queue
[2026-03-24T06:59:17.389+0000] {logging_mixin.py:190} INFO - [2026-03-24T06:59:17.388+0000] {dagbag.py:588} INFO - Filling up the DagBag from /home/ec2-user/environment/lab4_model_training/venv/lib64/python3.12/site-packages/airflow/example_dags/example_display_name.py
[2026-03-24T06:59:17.397+0000] {processor.py:925} INFO - DAG(s) 'example_display_name' retrieved from /home/ec2-user/environment/lab4_model_training/venv/lib64/python3.12/site-packages/airflow/example_dags/example_display_name.py
[2026-03-24T06:59:17.411+0000] {logging_mixin.py:190} INFO - [2026-03-24T06:59:17.411+0000] {dag.py:3239} INFO - Sync 1 DAGs
[2026-03-24T06:59:17.424+0000] {logging_mixin.py:190} INFO - [2026-03-24T06:59:17.424+0000] {dag.py:4180} INFO - Setting next_dagrun for example_display_name to None, run_after=None
[2026-03-24T06:59:17.446+0000] {processor.py:208} INFO - Processing /home/ec2-user/environment/lab4_model_training/venv/lib64/python3.12/site-packages/airflow/example_dags/example_display_name.py took 0.064 seconds
[2026-03-24T07:00:10.550+0000] {processor.py:186} INFO - Started process (PID=15305) to work on /home/ec2-user/environment/lab4_model_training/venv/lib64/python3.12/site-packages/airflow/example_dags/example_display_name.py
[2026-03-24T07:00:10.552+0000] {processor.py:914} INFO - Processing file /home/ec2-user/environment/lab4_model_training/venv/lib64/python3.12/site-packages/airflow/example_dags/example_display_name.py for tasks to queue
[2026-03-24T07:00:10.554+0000] {logging_mixin.py:190} INFO - [2026-03-24T07:00:10.553+0000] {dagbag.py:588} INFO - Filling up the DagBag from /home/ec2-user/environment/lab4_model_training/venv/lib64/python3.12/site-packages/airflow/example_dags/example_display_name.py
[2026-03-24T07:00:10.564+0000] {processor.py:925} INFO - DAG(s) 'example_display_name' retrieved from /home/ec2-user/environment/lab4_model_training/venv/lib64/python3.12/site-packages/airflow/example_dags/example_display_name.py
[2026-03-24T07:00:10.582+0000] {logging_mixin.py:190} INFO - [2026-03-24T07:00:10.581+0000] {dag.py:3239} INFO - Sync 1 DAGs
[2026-03-24T07:00:10.595+0000] {logging_mixin.py:190} INFO - [2026-03-24T07:00:10.595+0000] {dag.py:4180} INFO - Setting next_dagrun for example_display_name to None, run_after=None
[2026-03-24T07:00:10.617+0000] {processor.py:208} INFO - Processing /home/ec2-user/environment/lab4_model_training/venv/lib64/python3.12/site-packages/airflow/example_dags/example_display_name.py took 0.071 seconds
