[2026-03-24T06:16:41.989+0000] {processor.py:186} INFO - Started process (PID=2926) to work on /home/ec2-user/environment/lab4_model_training/venv/lib64/python3.12/site-packages/airflow/example_dags/example_task_group.py
[2026-03-24T06:16:41.990+0000] {processor.py:914} INFO - Processing file /home/ec2-user/environment/lab4_model_training/venv/lib64/python3.12/site-packages/airflow/example_dags/example_task_group.py for tasks to queue
[2026-03-24T06:16:41.992+0000] {logging_mixin.py:190} INFO - [2026-03-24T06:16:41.992+0000] {dagbag.py:588} INFO - Filling up the DagBag from /home/ec2-user/environment/lab4_model_training/venv/lib64/python3.12/site-packages/airflow/example_dags/example_task_group.py
[2026-03-24T06:16:42.003+0000] {processor.py:925} INFO - DAG(s) 'example_task_group' retrieved from /home/ec2-user/environment/lab4_model_training/venv/lib64/python3.12/site-packages/airflow/example_dags/example_task_group.py
[2026-03-24T06:16:42.021+0000] {logging_mixin.py:190} INFO - [2026-03-24T06:16:42.021+0000] {dag.py:3239} INFO - Sync 1 DAGs
[2026-03-24T06:16:42.034+0000] {logging_mixin.py:190} INFO - [2026-03-24T06:16:42.033+0000] {dag.py:4180} INFO - Setting next_dagrun for example_task_group to None, run_after=None
[2026-03-24T06:16:42.056+0000] {processor.py:208} INFO - Processing /home/ec2-user/environment/lab4_model_training/venv/lib64/python3.12/site-packages/airflow/example_dags/example_task_group.py took 0.073 seconds
[2026-03-24T06:17:52.254+0000] {processor.py:186} INFO - Started process (PID=3263) to work on /home/ec2-user/environment/lab4_model_training/venv/lib64/python3.12/site-packages/airflow/example_dags/example_task_group.py
[2026-03-24T06:17:52.262+0000] {processor.py:914} INFO - Processing file /home/ec2-user/environment/lab4_model_training/venv/lib64/python3.12/site-packages/airflow/example_dags/example_task_group.py for tasks to queue
[2026-03-24T06:17:52.269+0000] {logging_mixin.py:190} INFO - [2026-03-24T06:17:52.266+0000] {dagbag.py:588} INFO - Filling up the DagBag from /home/ec2-user/environment/lab4_model_training/venv/lib64/python3.12/site-packages/airflow/example_dags/example_task_group.py
[2026-03-24T06:17:52.279+0000] {processor.py:925} INFO - DAG(s) 'example_task_group' retrieved from /home/ec2-user/environment/lab4_model_training/venv/lib64/python3.12/site-packages/airflow/example_dags/example_task_group.py
[2026-03-24T06:17:52.302+0000] {logging_mixin.py:190} INFO - [2026-03-24T06:17:52.302+0000] {dag.py:3239} INFO - Sync 1 DAGs
[2026-03-24T06:17:52.317+0000] {logging_mixin.py:190} INFO - [2026-03-24T06:17:52.317+0000] {dag.py:4180} INFO - Setting next_dagrun for example_task_group to None, run_after=None
[2026-03-24T06:17:52.342+0000] {processor.py:208} INFO - Processing /home/ec2-user/environment/lab4_model_training/venv/lib64/python3.12/site-packages/airflow/example_dags/example_task_group.py took 0.094 seconds
[2026-03-24T06:18:54.270+0000] {processor.py:186} INFO - Started process (PID=3572) to work on /home/ec2-user/environment/lab4_model_training/venv/lib64/python3.12/site-packages/airflow/example_dags/example_task_group.py
[2026-03-24T06:18:54.272+0000] {processor.py:914} INFO - Processing file /home/ec2-user/environment/lab4_model_training/venv/lib64/python3.12/site-packages/airflow/example_dags/example_task_group.py for tasks to queue
[2026-03-24T06:18:54.274+0000] {logging_mixin.py:190} INFO - [2026-03-24T06:18:54.273+0000] {dagbag.py:588} INFO - Filling up the DagBag from /home/ec2-user/environment/lab4_model_training/venv/lib64/python3.12/site-packages/airflow/example_dags/example_task_group.py
[2026-03-24T06:18:54.284+0000] {processor.py:925} INFO - DAG(s) 'example_task_group' retrieved from /home/ec2-user/environment/lab4_model_training/venv/lib64/python3.12/site-packages/airflow/example_dags/example_task_group.py
[2026-03-24T06:18:54.302+0000] {logging_mixin.py:190} INFO - [2026-03-24T06:18:54.301+0000] {dag.py:3239} INFO - Sync 1 DAGs
[2026-03-24T06:18:54.315+0000] {logging_mixin.py:190} INFO - [2026-03-24T06:18:54.314+0000] {dag.py:4180} INFO - Setting next_dagrun for example_task_group to None, run_after=None
[2026-03-24T06:18:54.336+0000] {processor.py:208} INFO - Processing /home/ec2-user/environment/lab4_model_training/venv/lib64/python3.12/site-packages/airflow/example_dags/example_task_group.py took 0.071 seconds
[2026-03-24T06:20:05.965+0000] {processor.py:186} INFO - Started process (PID=3915) to work on /home/ec2-user/environment/lab4_model_training/venv/lib64/python3.12/site-packages/airflow/example_dags/example_task_group.py
[2026-03-24T06:20:05.972+0000] {processor.py:914} INFO - Processing file /home/ec2-user/environment/lab4_model_training/venv/lib64/python3.12/site-packages/airflow/example_dags/example_task_group.py for tasks to queue
[2026-03-24T06:20:05.979+0000] {logging_mixin.py:190} INFO - [2026-03-24T06:20:05.979+0000] {dagbag.py:588} INFO - Filling up the DagBag from /home/ec2-user/environment/lab4_model_training/venv/lib64/python3.12/site-packages/airflow/example_dags/example_task_group.py
[2026-03-24T06:20:05.990+0000] {processor.py:925} INFO - DAG(s) 'example_task_group' retrieved from /home/ec2-user/environment/lab4_model_training/venv/lib64/python3.12/site-packages/airflow/example_dags/example_task_group.py
[2026-03-24T06:20:06.024+0000] {logging_mixin.py:190} INFO - [2026-03-24T06:20:06.024+0000] {dag.py:3239} INFO - Sync 1 DAGs
[2026-03-24T06:20:06.045+0000] {logging_mixin.py:190} INFO - [2026-03-24T06:20:06.045+0000] {dag.py:4180} INFO - Setting next_dagrun for example_task_group to None, run_after=None
[2026-03-24T06:20:06.096+0000] {processor.py:208} INFO - Processing /home/ec2-user/environment/lab4_model_training/venv/lib64/python3.12/site-packages/airflow/example_dags/example_task_group.py took 0.138 seconds
[2026-03-24T06:21:13.607+0000] {processor.py:186} INFO - Started process (PID=4272) to work on /home/ec2-user/environment/lab4_model_training/venv/lib64/python3.12/site-packages/airflow/example_dags/example_task_group.py
[2026-03-24T06:21:13.608+0000] {processor.py:914} INFO - Processing file /home/ec2-user/environment/lab4_model_training/venv/lib64/python3.12/site-packages/airflow/example_dags/example_task_group.py for tasks to queue
[2026-03-24T06:21:13.610+0000] {logging_mixin.py:190} INFO - [2026-03-24T06:21:13.610+0000] {dagbag.py:588} INFO - Filling up the DagBag from /home/ec2-user/environment/lab4_model_training/venv/lib64/python3.12/site-packages/airflow/example_dags/example_task_group.py
[2026-03-24T06:21:13.621+0000] {processor.py:925} INFO - DAG(s) 'example_task_group' retrieved from /home/ec2-user/environment/lab4_model_training/venv/lib64/python3.12/site-packages/airflow/example_dags/example_task_group.py
[2026-03-24T06:21:13.642+0000] {logging_mixin.py:190} INFO - [2026-03-24T06:21:13.642+0000] {dag.py:3239} INFO - Sync 1 DAGs
[2026-03-24T06:21:13.655+0000] {logging_mixin.py:190} INFO - [2026-03-24T06:21:13.655+0000] {dag.py:4180} INFO - Setting next_dagrun for example_task_group to None, run_after=None
[2026-03-24T06:21:13.677+0000] {processor.py:208} INFO - Processing /home/ec2-user/environment/lab4_model_training/venv/lib64/python3.12/site-packages/airflow/example_dags/example_task_group.py took 0.075 seconds
[2026-03-24T06:22:18.743+0000] {processor.py:186} INFO - Started process (PID=4686) to work on /home/ec2-user/environment/lab4_model_training/venv/lib64/python3.12/site-packages/airflow/example_dags/example_task_group.py
[2026-03-24T06:22:18.744+0000] {processor.py:914} INFO - Processing file /home/ec2-user/environment/lab4_model_training/venv/lib64/python3.12/site-packages/airflow/example_dags/example_task_group.py for tasks to queue
[2026-03-24T06:22:18.747+0000] {logging_mixin.py:190} INFO - [2026-03-24T06:22:18.747+0000] {dagbag.py:588} INFO - Filling up the DagBag from /home/ec2-user/environment/lab4_model_training/venv/lib64/python3.12/site-packages/airflow/example_dags/example_task_group.py
[2026-03-24T06:22:18.758+0000] {processor.py:925} INFO - DAG(s) 'example_task_group' retrieved from /home/ec2-user/environment/lab4_model_training/venv/lib64/python3.12/site-packages/airflow/example_dags/example_task_group.py
[2026-03-24T06:22:18.776+0000] {logging_mixin.py:190} INFO - [2026-03-24T06:22:18.776+0000] {dag.py:3239} INFO - Sync 1 DAGs
[2026-03-24T06:22:18.789+0000] {logging_mixin.py:190} INFO - [2026-03-24T06:22:18.789+0000] {dag.py:4180} INFO - Setting next_dagrun for example_task_group to None, run_after=None
[2026-03-24T06:22:18.810+0000] {processor.py:208} INFO - Processing /home/ec2-user/environment/lab4_model_training/venv/lib64/python3.12/site-packages/airflow/example_dags/example_task_group.py took 0.071 seconds
[2026-03-24T06:23:25.545+0000] {processor.py:186} INFO - Started process (PID=5026) to work on /home/ec2-user/environment/lab4_model_training/venv/lib64/python3.12/site-packages/airflow/example_dags/example_task_group.py
[2026-03-24T06:23:25.551+0000] {processor.py:914} INFO - Processing file /home/ec2-user/environment/lab4_model_training/venv/lib64/python3.12/site-packages/airflow/example_dags/example_task_group.py for tasks to queue
[2026-03-24T06:23:25.560+0000] {logging_mixin.py:190} INFO - [2026-03-24T06:23:25.559+0000] {dagbag.py:588} INFO - Filling up the DagBag from /home/ec2-user/environment/lab4_model_training/venv/lib64/python3.12/site-packages/airflow/example_dags/example_task_group.py
[2026-03-24T06:23:25.576+0000] {processor.py:925} INFO - DAG(s) 'example_task_group' retrieved from /home/ec2-user/environment/lab4_model_training/venv/lib64/python3.12/site-packages/airflow/example_dags/example_task_group.py
[2026-03-24T06:23:25.603+0000] {logging_mixin.py:190} INFO - [2026-03-24T06:23:25.602+0000] {dag.py:3239} INFO - Sync 1 DAGs
[2026-03-24T06:23:25.623+0000] {logging_mixin.py:190} INFO - [2026-03-24T06:23:25.623+0000] {dag.py:4180} INFO - Setting next_dagrun for example_task_group to None, run_after=None
[2026-03-24T06:23:25.676+0000] {processor.py:208} INFO - Processing /home/ec2-user/environment/lab4_model_training/venv/lib64/python3.12/site-packages/airflow/example_dags/example_task_group.py took 0.138 seconds
[2026-03-24T06:24:39.697+0000] {processor.py:186} INFO - Started process (PID=5403) to work on /home/ec2-user/environment/lab4_model_training/venv/lib64/python3.12/site-packages/airflow/example_dags/example_task_group.py
[2026-03-24T06:24:39.699+0000] {processor.py:914} INFO - Processing file /home/ec2-user/environment/lab4_model_training/venv/lib64/python3.12/site-packages/airflow/example_dags/example_task_group.py for tasks to queue
[2026-03-24T06:24:39.701+0000] {logging_mixin.py:190} INFO - [2026-03-24T06:24:39.700+0000] {dagbag.py:588} INFO - Filling up the DagBag from /home/ec2-user/environment/lab4_model_training/venv/lib64/python3.12/site-packages/airflow/example_dags/example_task_group.py
[2026-03-24T06:24:39.711+0000] {processor.py:925} INFO - DAG(s) 'example_task_group' retrieved from /home/ec2-user/environment/lab4_model_training/venv/lib64/python3.12/site-packages/airflow/example_dags/example_task_group.py
[2026-03-24T06:24:39.730+0000] {logging_mixin.py:190} INFO - [2026-03-24T06:24:39.730+0000] {dag.py:3239} INFO - Sync 1 DAGs
[2026-03-24T06:24:39.743+0000] {logging_mixin.py:190} INFO - [2026-03-24T06:24:39.742+0000] {dag.py:4180} INFO - Setting next_dagrun for example_task_group to None, run_after=None
[2026-03-24T06:24:39.764+0000] {processor.py:208} INFO - Processing /home/ec2-user/environment/lab4_model_training/venv/lib64/python3.12/site-packages/airflow/example_dags/example_task_group.py took 0.072 seconds
[2026-03-24T06:25:42.498+0000] {processor.py:186} INFO - Started process (PID=5631) to work on /home/ec2-user/environment/lab4_model_training/venv/lib64/python3.12/site-packages/airflow/example_dags/example_task_group.py
[2026-03-24T06:25:42.499+0000] {processor.py:914} INFO - Processing file /home/ec2-user/environment/lab4_model_training/venv/lib64/python3.12/site-packages/airflow/example_dags/example_task_group.py for tasks to queue
[2026-03-24T06:25:42.502+0000] {logging_mixin.py:190} INFO - [2026-03-24T06:25:42.501+0000] {dagbag.py:588} INFO - Filling up the DagBag from /home/ec2-user/environment/lab4_model_training/venv/lib64/python3.12/site-packages/airflow/example_dags/example_task_group.py
[2026-03-24T06:25:42.512+0000] {processor.py:925} INFO - DAG(s) 'example_task_group' retrieved from /home/ec2-user/environment/lab4_model_training/venv/lib64/python3.12/site-packages/airflow/example_dags/example_task_group.py
[2026-03-24T06:25:42.529+0000] {logging_mixin.py:190} INFO - [2026-03-24T06:25:42.529+0000] {dag.py:3239} INFO - Sync 1 DAGs
[2026-03-24T06:25:42.542+0000] {logging_mixin.py:190} INFO - [2026-03-24T06:25:42.542+0000] {dag.py:4180} INFO - Setting next_dagrun for example_task_group to None, run_after=None
[2026-03-24T06:25:42.567+0000] {processor.py:208} INFO - Processing /home/ec2-user/environment/lab4_model_training/venv/lib64/python3.12/site-packages/airflow/example_dags/example_task_group.py took 0.074 seconds
[2026-03-24T06:26:46.221+0000] {processor.py:186} INFO - Started process (PID=5903) to work on /home/ec2-user/environment/lab4_model_training/venv/lib64/python3.12/site-packages/airflow/example_dags/example_task_group.py
[2026-03-24T06:26:46.223+0000] {processor.py:914} INFO - Processing file /home/ec2-user/environment/lab4_model_training/venv/lib64/python3.12/site-packages/airflow/example_dags/example_task_group.py for tasks to queue
[2026-03-24T06:26:46.226+0000] {logging_mixin.py:190} INFO - [2026-03-24T06:26:46.226+0000] {dagbag.py:588} INFO - Filling up the DagBag from /home/ec2-user/environment/lab4_model_training/venv/lib64/python3.12/site-packages/airflow/example_dags/example_task_group.py
[2026-03-24T06:26:46.237+0000] {processor.py:925} INFO - DAG(s) 'example_task_group' retrieved from /home/ec2-user/environment/lab4_model_training/venv/lib64/python3.12/site-packages/airflow/example_dags/example_task_group.py
[2026-03-24T06:26:46.255+0000] {logging_mixin.py:190} INFO - [2026-03-24T06:26:46.255+0000] {dag.py:3239} INFO - Sync 1 DAGs
[2026-03-24T06:26:46.268+0000] {logging_mixin.py:190} INFO - [2026-03-24T06:26:46.268+0000] {dag.py:4180} INFO - Setting next_dagrun for example_task_group to None, run_after=None
[2026-03-24T06:26:46.291+0000] {processor.py:208} INFO - Processing /home/ec2-user/environment/lab4_model_training/venv/lib64/python3.12/site-packages/airflow/example_dags/example_task_group.py took 0.074 seconds
[2026-03-24T06:27:55.887+0000] {processor.py:186} INFO - Started process (PID=6183) to work on /home/ec2-user/environment/lab4_model_training/venv/lib64/python3.12/site-packages/airflow/example_dags/example_task_group.py
[2026-03-24T06:27:55.889+0000] {processor.py:914} INFO - Processing file /home/ec2-user/environment/lab4_model_training/venv/lib64/python3.12/site-packages/airflow/example_dags/example_task_group.py for tasks to queue
[2026-03-24T06:27:55.892+0000] {logging_mixin.py:190} INFO - [2026-03-24T06:27:55.891+0000] {dagbag.py:588} INFO - Filling up the DagBag from /home/ec2-user/environment/lab4_model_training/venv/lib64/python3.12/site-packages/airflow/example_dags/example_task_group.py
[2026-03-24T06:27:55.902+0000] {processor.py:925} INFO - DAG(s) 'example_task_group' retrieved from /home/ec2-user/environment/lab4_model_training/venv/lib64/python3.12/site-packages/airflow/example_dags/example_task_group.py
[2026-03-24T06:27:55.924+0000] {logging_mixin.py:190} INFO - [2026-03-24T06:27:55.924+0000] {dag.py:3239} INFO - Sync 1 DAGs
[2026-03-24T06:27:55.937+0000] {logging_mixin.py:190} INFO - [2026-03-24T06:27:55.937+0000] {dag.py:4180} INFO - Setting next_dagrun for example_task_group to None, run_after=None
[2026-03-24T06:27:55.961+0000] {processor.py:208} INFO - Processing /home/ec2-user/environment/lab4_model_training/venv/lib64/python3.12/site-packages/airflow/example_dags/example_task_group.py took 0.081 seconds
[2026-03-24T06:29:03.169+0000] {processor.py:186} INFO - Started process (PID=6519) to work on /home/ec2-user/environment/lab4_model_training/venv/lib64/python3.12/site-packages/airflow/example_dags/example_task_group.py
[2026-03-24T06:29:03.170+0000] {processor.py:914} INFO - Processing file /home/ec2-user/environment/lab4_model_training/venv/lib64/python3.12/site-packages/airflow/example_dags/example_task_group.py for tasks to queue
[2026-03-24T06:29:03.173+0000] {logging_mixin.py:190} INFO - [2026-03-24T06:29:03.172+0000] {dagbag.py:588} INFO - Filling up the DagBag from /home/ec2-user/environment/lab4_model_training/venv/lib64/python3.12/site-packages/airflow/example_dags/example_task_group.py
[2026-03-24T06:29:03.183+0000] {processor.py:925} INFO - DAG(s) 'example_task_group' retrieved from /home/ec2-user/environment/lab4_model_training/venv/lib64/python3.12/site-packages/airflow/example_dags/example_task_group.py
[2026-03-24T06:29:03.200+0000] {logging_mixin.py:190} INFO - [2026-03-24T06:29:03.200+0000] {dag.py:3239} INFO - Sync 1 DAGs
[2026-03-24T06:29:03.213+0000] {logging_mixin.py:190} INFO - [2026-03-24T06:29:03.213+0000] {dag.py:4180} INFO - Setting next_dagrun for example_task_group to None, run_after=None
[2026-03-24T06:29:03.234+0000] {processor.py:208} INFO - Processing /home/ec2-user/environment/lab4_model_training/venv/lib64/python3.12/site-packages/airflow/example_dags/example_task_group.py took 0.070 seconds
[2026-03-24T06:30:02.926+0000] {processor.py:186} INFO - Started process (PID=6899) to work on /home/ec2-user/environment/lab4_model_training/venv/lib64/python3.12/site-packages/airflow/example_dags/example_task_group.py
[2026-03-24T06:30:02.927+0000] {processor.py:914} INFO - Processing file /home/ec2-user/environment/lab4_model_training/venv/lib64/python3.12/site-packages/airflow/example_dags/example_task_group.py for tasks to queue
[2026-03-24T06:30:02.930+0000] {logging_mixin.py:190} INFO - [2026-03-24T06:30:02.929+0000] {dagbag.py:588} INFO - Filling up the DagBag from /home/ec2-user/environment/lab4_model_training/venv/lib64/python3.12/site-packages/airflow/example_dags/example_task_group.py
[2026-03-24T06:30:02.940+0000] {processor.py:925} INFO - DAG(s) 'example_task_group' retrieved from /home/ec2-user/environment/lab4_model_training/venv/lib64/python3.12/site-packages/airflow/example_dags/example_task_group.py
[2026-03-24T06:30:02.958+0000] {logging_mixin.py:190} INFO - [2026-03-24T06:30:02.958+0000] {dag.py:3239} INFO - Sync 1 DAGs
[2026-03-24T06:30:02.971+0000] {logging_mixin.py:190} INFO - [2026-03-24T06:30:02.971+0000] {dag.py:4180} INFO - Setting next_dagrun for example_task_group to None, run_after=None
[2026-03-24T06:30:02.993+0000] {processor.py:208} INFO - Processing /home/ec2-user/environment/lab4_model_training/venv/lib64/python3.12/site-packages/airflow/example_dags/example_task_group.py took 0.072 seconds
[2026-03-24T06:31:04.125+0000] {processor.py:186} INFO - Started process (PID=7162) to work on /home/ec2-user/environment/lab4_model_training/venv/lib64/python3.12/site-packages/airflow/example_dags/example_task_group.py
[2026-03-24T06:31:04.126+0000] {processor.py:914} INFO - Processing file /home/ec2-user/environment/lab4_model_training/venv/lib64/python3.12/site-packages/airflow/example_dags/example_task_group.py for tasks to queue
[2026-03-24T06:31:04.129+0000] {logging_mixin.py:190} INFO - [2026-03-24T06:31:04.128+0000] {dagbag.py:588} INFO - Filling up the DagBag from /home/ec2-user/environment/lab4_model_training/venv/lib64/python3.12/site-packages/airflow/example_dags/example_task_group.py
[2026-03-24T06:31:04.141+0000] {processor.py:925} INFO - DAG(s) 'example_task_group' retrieved from /home/ec2-user/environment/lab4_model_training/venv/lib64/python3.12/site-packages/airflow/example_dags/example_task_group.py
[2026-03-24T06:31:04.159+0000] {logging_mixin.py:190} INFO - [2026-03-24T06:31:04.159+0000] {dag.py:3239} INFO - Sync 1 DAGs
[2026-03-24T06:31:04.171+0000] {logging_mixin.py:190} INFO - [2026-03-24T06:31:04.171+0000] {dag.py:4180} INFO - Setting next_dagrun for example_task_group to None, run_after=None
[2026-03-24T06:31:04.193+0000] {processor.py:208} INFO - Processing /home/ec2-user/environment/lab4_model_training/venv/lib64/python3.12/site-packages/airflow/example_dags/example_task_group.py took 0.074 seconds
[2026-03-24T06:32:09.553+0000] {processor.py:186} INFO - Started process (PID=7465) to work on /home/ec2-user/environment/lab4_model_training/venv/lib64/python3.12/site-packages/airflow/example_dags/example_task_group.py
[2026-03-24T06:32:09.554+0000] {processor.py:914} INFO - Processing file /home/ec2-user/environment/lab4_model_training/venv/lib64/python3.12/site-packages/airflow/example_dags/example_task_group.py for tasks to queue
[2026-03-24T06:32:09.557+0000] {logging_mixin.py:190} INFO - [2026-03-24T06:32:09.556+0000] {dagbag.py:588} INFO - Filling up the DagBag from /home/ec2-user/environment/lab4_model_training/venv/lib64/python3.12/site-packages/airflow/example_dags/example_task_group.py
[2026-03-24T06:32:09.567+0000] {processor.py:925} INFO - DAG(s) 'example_task_group' retrieved from /home/ec2-user/environment/lab4_model_training/venv/lib64/python3.12/site-packages/airflow/example_dags/example_task_group.py
[2026-03-24T06:32:09.584+0000] {logging_mixin.py:190} INFO - [2026-03-24T06:32:09.584+0000] {dag.py:3239} INFO - Sync 1 DAGs
[2026-03-24T06:32:09.597+0000] {logging_mixin.py:190} INFO - [2026-03-24T06:32:09.597+0000] {dag.py:4180} INFO - Setting next_dagrun for example_task_group to None, run_after=None
[2026-03-24T06:32:09.618+0000] {processor.py:208} INFO - Processing /home/ec2-user/environment/lab4_model_training/venv/lib64/python3.12/site-packages/airflow/example_dags/example_task_group.py took 0.070 seconds
[2026-03-24T06:33:18.286+0000] {processor.py:186} INFO - Started process (PID=7794) to work on /home/ec2-user/environment/lab4_model_training/venv/lib64/python3.12/site-packages/airflow/example_dags/example_task_group.py
[2026-03-24T06:33:18.287+0000] {processor.py:914} INFO - Processing file /home/ec2-user/environment/lab4_model_training/venv/lib64/python3.12/site-packages/airflow/example_dags/example_task_group.py for tasks to queue
[2026-03-24T06:33:18.289+0000] {logging_mixin.py:190} INFO - [2026-03-24T06:33:18.289+0000] {dagbag.py:588} INFO - Filling up the DagBag from /home/ec2-user/environment/lab4_model_training/venv/lib64/python3.12/site-packages/airflow/example_dags/example_task_group.py
[2026-03-24T06:33:18.300+0000] {processor.py:925} INFO - DAG(s) 'example_task_group' retrieved from /home/ec2-user/environment/lab4_model_training/venv/lib64/python3.12/site-packages/airflow/example_dags/example_task_group.py
[2026-03-24T06:33:18.316+0000] {logging_mixin.py:190} INFO - [2026-03-24T06:33:18.316+0000] {dag.py:3239} INFO - Sync 1 DAGs
[2026-03-24T06:33:18.329+0000] {logging_mixin.py:190} INFO - [2026-03-24T06:33:18.329+0000] {dag.py:4180} INFO - Setting next_dagrun for example_task_group to None, run_after=None
[2026-03-24T06:33:18.350+0000] {processor.py:208} INFO - Processing /home/ec2-user/environment/lab4_model_training/venv/lib64/python3.12/site-packages/airflow/example_dags/example_task_group.py took 0.069 seconds
[2026-03-24T06:34:18.944+0000] {processor.py:186} INFO - Started process (PID=8009) to work on /home/ec2-user/environment/lab4_model_training/venv/lib64/python3.12/site-packages/airflow/example_dags/example_task_group.py
[2026-03-24T06:34:18.945+0000] {processor.py:914} INFO - Processing file /home/ec2-user/environment/lab4_model_training/venv/lib64/python3.12/site-packages/airflow/example_dags/example_task_group.py for tasks to queue
[2026-03-24T06:34:18.948+0000] {logging_mixin.py:190} INFO - [2026-03-24T06:34:18.948+0000] {dagbag.py:588} INFO - Filling up the DagBag from /home/ec2-user/environment/lab4_model_training/venv/lib64/python3.12/site-packages/airflow/example_dags/example_task_group.py
[2026-03-24T06:34:18.960+0000] {processor.py:925} INFO - DAG(s) 'example_task_group' retrieved from /home/ec2-user/environment/lab4_model_training/venv/lib64/python3.12/site-packages/airflow/example_dags/example_task_group.py
[2026-03-24T06:34:18.979+0000] {logging_mixin.py:190} INFO - [2026-03-24T06:34:18.979+0000] {dag.py:3239} INFO - Sync 1 DAGs
[2026-03-24T06:34:18.995+0000] {logging_mixin.py:190} INFO - [2026-03-24T06:34:18.994+0000] {dag.py:4180} INFO - Setting next_dagrun for example_task_group to None, run_after=None
[2026-03-24T06:34:19.025+0000] {processor.py:208} INFO - Processing /home/ec2-user/environment/lab4_model_training/venv/lib64/python3.12/site-packages/airflow/example_dags/example_task_group.py took 0.086 seconds
[2026-03-24T06:35:22.755+0000] {processor.py:186} INFO - Started process (PID=8289) to work on /home/ec2-user/environment/lab4_model_training/venv/lib64/python3.12/site-packages/airflow/example_dags/example_task_group.py
[2026-03-24T06:35:22.756+0000] {processor.py:914} INFO - Processing file /home/ec2-user/environment/lab4_model_training/venv/lib64/python3.12/site-packages/airflow/example_dags/example_task_group.py for tasks to queue
[2026-03-24T06:35:22.758+0000] {logging_mixin.py:190} INFO - [2026-03-24T06:35:22.758+0000] {dagbag.py:588} INFO - Filling up the DagBag from /home/ec2-user/environment/lab4_model_training/venv/lib64/python3.12/site-packages/airflow/example_dags/example_task_group.py
[2026-03-24T06:35:22.768+0000] {processor.py:925} INFO - DAG(s) 'example_task_group' retrieved from /home/ec2-user/environment/lab4_model_training/venv/lib64/python3.12/site-packages/airflow/example_dags/example_task_group.py
[2026-03-24T06:35:22.786+0000] {logging_mixin.py:190} INFO - [2026-03-24T06:35:22.786+0000] {dag.py:3239} INFO - Sync 1 DAGs
[2026-03-24T06:35:22.799+0000] {logging_mixin.py:190} INFO - [2026-03-24T06:35:22.798+0000] {dag.py:4180} INFO - Setting next_dagrun for example_task_group to None, run_after=None
[2026-03-24T06:35:22.819+0000] {processor.py:208} INFO - Processing /home/ec2-user/environment/lab4_model_training/venv/lib64/python3.12/site-packages/airflow/example_dags/example_task_group.py took 0.069 seconds
[2026-03-24T06:36:27.147+0000] {processor.py:186} INFO - Started process (PID=8559) to work on /home/ec2-user/environment/lab4_model_training/venv/lib64/python3.12/site-packages/airflow/example_dags/example_task_group.py
[2026-03-24T06:36:27.148+0000] {processor.py:914} INFO - Processing file /home/ec2-user/environment/lab4_model_training/venv/lib64/python3.12/site-packages/airflow/example_dags/example_task_group.py for tasks to queue
[2026-03-24T06:36:27.152+0000] {logging_mixin.py:190} INFO - [2026-03-24T06:36:27.151+0000] {dagbag.py:588} INFO - Filling up the DagBag from /home/ec2-user/environment/lab4_model_training/venv/lib64/python3.12/site-packages/airflow/example_dags/example_task_group.py
[2026-03-24T06:36:27.162+0000] {processor.py:925} INFO - DAG(s) 'example_task_group' retrieved from /home/ec2-user/environment/lab4_model_training/venv/lib64/python3.12/site-packages/airflow/example_dags/example_task_group.py
[2026-03-24T06:36:27.178+0000] {logging_mixin.py:190} INFO - [2026-03-24T06:36:27.178+0000] {dag.py:3239} INFO - Sync 1 DAGs
[2026-03-24T06:36:27.192+0000] {logging_mixin.py:190} INFO - [2026-03-24T06:36:27.191+0000] {dag.py:4180} INFO - Setting next_dagrun for example_task_group to None, run_after=None
[2026-03-24T06:36:27.213+0000] {processor.py:208} INFO - Processing /home/ec2-user/environment/lab4_model_training/venv/lib64/python3.12/site-packages/airflow/example_dags/example_task_group.py took 0.070 seconds
[2026-03-24T06:37:34.438+0000] {processor.py:186} INFO - Started process (PID=8936) to work on /home/ec2-user/environment/lab4_model_training/venv/lib64/python3.12/site-packages/airflow/example_dags/example_task_group.py
[2026-03-24T06:37:34.444+0000] {processor.py:914} INFO - Processing file /home/ec2-user/environment/lab4_model_training/venv/lib64/python3.12/site-packages/airflow/example_dags/example_task_group.py for tasks to queue
[2026-03-24T06:37:34.446+0000] {logging_mixin.py:190} INFO - [2026-03-24T06:37:34.446+0000] {dagbag.py:588} INFO - Filling up the DagBag from /home/ec2-user/environment/lab4_model_training/venv/lib64/python3.12/site-packages/airflow/example_dags/example_task_group.py
[2026-03-24T06:37:34.469+0000] {processor.py:925} INFO - DAG(s) 'example_task_group' retrieved from /home/ec2-user/environment/lab4_model_training/venv/lib64/python3.12/site-packages/airflow/example_dags/example_task_group.py
[2026-03-24T06:37:34.498+0000] {logging_mixin.py:190} INFO - [2026-03-24T06:37:34.498+0000] {dag.py:3239} INFO - Sync 1 DAGs
[2026-03-24T06:37:34.519+0000] {logging_mixin.py:190} INFO - [2026-03-24T06:37:34.519+0000] {dag.py:4180} INFO - Setting next_dagrun for example_task_group to None, run_after=None
[2026-03-24T06:37:34.561+0000] {processor.py:208} INFO - Processing /home/ec2-user/environment/lab4_model_training/venv/lib64/python3.12/site-packages/airflow/example_dags/example_task_group.py took 0.129 seconds
[2026-03-24T06:38:44.278+0000] {processor.py:186} INFO - Started process (PID=9218) to work on /home/ec2-user/environment/lab4_model_training/venv/lib64/python3.12/site-packages/airflow/example_dags/example_task_group.py
[2026-03-24T06:38:44.279+0000] {processor.py:914} INFO - Processing file /home/ec2-user/environment/lab4_model_training/venv/lib64/python3.12/site-packages/airflow/example_dags/example_task_group.py for tasks to queue
[2026-03-24T06:38:44.282+0000] {logging_mixin.py:190} INFO - [2026-03-24T06:38:44.282+0000] {dagbag.py:588} INFO - Filling up the DagBag from /home/ec2-user/environment/lab4_model_training/venv/lib64/python3.12/site-packages/airflow/example_dags/example_task_group.py
[2026-03-24T06:38:44.292+0000] {processor.py:925} INFO - DAG(s) 'example_task_group' retrieved from /home/ec2-user/environment/lab4_model_training/venv/lib64/python3.12/site-packages/airflow/example_dags/example_task_group.py
[2026-03-24T06:38:44.309+0000] {logging_mixin.py:190} INFO - [2026-03-24T06:38:44.309+0000] {dag.py:3239} INFO - Sync 1 DAGs
[2026-03-24T06:38:44.321+0000] {logging_mixin.py:190} INFO - [2026-03-24T06:38:44.321+0000] {dag.py:4180} INFO - Setting next_dagrun for example_task_group to None, run_after=None
[2026-03-24T06:38:44.342+0000] {processor.py:208} INFO - Processing /home/ec2-user/environment/lab4_model_training/venv/lib64/python3.12/site-packages/airflow/example_dags/example_task_group.py took 0.069 seconds
[2026-03-24T06:39:53.310+0000] {processor.py:186} INFO - Started process (PID=9568) to work on /home/ec2-user/environment/lab4_model_training/venv/lib64/python3.12/site-packages/airflow/example_dags/example_task_group.py
[2026-03-24T06:39:53.312+0000] {processor.py:914} INFO - Processing file /home/ec2-user/environment/lab4_model_training/venv/lib64/python3.12/site-packages/airflow/example_dags/example_task_group.py for tasks to queue
[2026-03-24T06:39:53.314+0000] {logging_mixin.py:190} INFO - [2026-03-24T06:39:53.314+0000] {dagbag.py:588} INFO - Filling up the DagBag from /home/ec2-user/environment/lab4_model_training/venv/lib64/python3.12/site-packages/airflow/example_dags/example_task_group.py
[2026-03-24T06:39:53.324+0000] {processor.py:925} INFO - DAG(s) 'example_task_group' retrieved from /home/ec2-user/environment/lab4_model_training/venv/lib64/python3.12/site-packages/airflow/example_dags/example_task_group.py
[2026-03-24T06:39:53.346+0000] {logging_mixin.py:190} INFO - [2026-03-24T06:39:53.346+0000] {dag.py:3239} INFO - Sync 1 DAGs
[2026-03-24T06:39:53.359+0000] {logging_mixin.py:190} INFO - [2026-03-24T06:39:53.359+0000] {dag.py:4180} INFO - Setting next_dagrun for example_task_group to None, run_after=None
[2026-03-24T06:39:53.380+0000] {processor.py:208} INFO - Processing /home/ec2-user/environment/lab4_model_training/venv/lib64/python3.12/site-packages/airflow/example_dags/example_task_group.py took 0.074 seconds
[2026-03-24T06:41:03.221+0000] {processor.py:186} INFO - Started process (PID=9910) to work on /home/ec2-user/environment/lab4_model_training/venv/lib64/python3.12/site-packages/airflow/example_dags/example_task_group.py
[2026-03-24T06:41:03.222+0000] {processor.py:914} INFO - Processing file /home/ec2-user/environment/lab4_model_training/venv/lib64/python3.12/site-packages/airflow/example_dags/example_task_group.py for tasks to queue
[2026-03-24T06:41:03.225+0000] {logging_mixin.py:190} INFO - [2026-03-24T06:41:03.224+0000] {dagbag.py:588} INFO - Filling up the DagBag from /home/ec2-user/environment/lab4_model_training/venv/lib64/python3.12/site-packages/airflow/example_dags/example_task_group.py
[2026-03-24T06:41:03.235+0000] {processor.py:925} INFO - DAG(s) 'example_task_group' retrieved from /home/ec2-user/environment/lab4_model_training/venv/lib64/python3.12/site-packages/airflow/example_dags/example_task_group.py
[2026-03-24T06:41:03.252+0000] {logging_mixin.py:190} INFO - [2026-03-24T06:41:03.252+0000] {dag.py:3239} INFO - Sync 1 DAGs
[2026-03-24T06:41:03.265+0000] {logging_mixin.py:190} INFO - [2026-03-24T06:41:03.265+0000] {dag.py:4180} INFO - Setting next_dagrun for example_task_group to None, run_after=None
[2026-03-24T06:41:03.288+0000] {processor.py:208} INFO - Processing /home/ec2-user/environment/lab4_model_training/venv/lib64/python3.12/site-packages/airflow/example_dags/example_task_group.py took 0.071 seconds
[2026-03-24T06:42:12.115+0000] {processor.py:186} INFO - Started process (PID=10298) to work on /home/ec2-user/environment/lab4_model_training/venv/lib64/python3.12/site-packages/airflow/example_dags/example_task_group.py
[2026-03-24T06:42:12.116+0000] {processor.py:914} INFO - Processing file /home/ec2-user/environment/lab4_model_training/venv/lib64/python3.12/site-packages/airflow/example_dags/example_task_group.py for tasks to queue
[2026-03-24T06:42:12.118+0000] {logging_mixin.py:190} INFO - [2026-03-24T06:42:12.118+0000] {dagbag.py:588} INFO - Filling up the DagBag from /home/ec2-user/environment/lab4_model_training/venv/lib64/python3.12/site-packages/airflow/example_dags/example_task_group.py
[2026-03-24T06:42:12.129+0000] {processor.py:925} INFO - DAG(s) 'example_task_group' retrieved from /home/ec2-user/environment/lab4_model_training/venv/lib64/python3.12/site-packages/airflow/example_dags/example_task_group.py
[2026-03-24T06:42:12.147+0000] {logging_mixin.py:190} INFO - [2026-03-24T06:42:12.147+0000] {dag.py:3239} INFO - Sync 1 DAGs
[2026-03-24T06:42:12.161+0000] {logging_mixin.py:190} INFO - [2026-03-24T06:42:12.160+0000] {dag.py:4180} INFO - Setting next_dagrun for example_task_group to None, run_after=None
[2026-03-24T06:42:12.183+0000] {processor.py:208} INFO - Processing /home/ec2-user/environment/lab4_model_training/venv/lib64/python3.12/site-packages/airflow/example_dags/example_task_group.py took 0.073 seconds
[2026-03-24T06:43:16.687+0000] {processor.py:186} INFO - Started process (PID=10642) to work on /home/ec2-user/environment/lab4_model_training/venv/lib64/python3.12/site-packages/airflow/example_dags/example_task_group.py
[2026-03-24T06:43:16.688+0000] {processor.py:914} INFO - Processing file /home/ec2-user/environment/lab4_model_training/venv/lib64/python3.12/site-packages/airflow/example_dags/example_task_group.py for tasks to queue
[2026-03-24T06:43:16.691+0000] {logging_mixin.py:190} INFO - [2026-03-24T06:43:16.691+0000] {dagbag.py:588} INFO - Filling up the DagBag from /home/ec2-user/environment/lab4_model_training/venv/lib64/python3.12/site-packages/airflow/example_dags/example_task_group.py
[2026-03-24T06:43:16.701+0000] {processor.py:925} INFO - DAG(s) 'example_task_group' retrieved from /home/ec2-user/environment/lab4_model_training/venv/lib64/python3.12/site-packages/airflow/example_dags/example_task_group.py
[2026-03-24T06:43:16.720+0000] {logging_mixin.py:190} INFO - [2026-03-24T06:43:16.720+0000] {dag.py:3239} INFO - Sync 1 DAGs
[2026-03-24T06:43:16.732+0000] {logging_mixin.py:190} INFO - [2026-03-24T06:43:16.732+0000] {dag.py:4180} INFO - Setting next_dagrun for example_task_group to None, run_after=None
[2026-03-24T06:43:16.754+0000] {processor.py:208} INFO - Processing /home/ec2-user/environment/lab4_model_training/venv/lib64/python3.12/site-packages/airflow/example_dags/example_task_group.py took 0.071 seconds
[2026-03-24T06:44:23.701+0000] {processor.py:186} INFO - Started process (PID=10976) to work on /home/ec2-user/environment/lab4_model_training/venv/lib64/python3.12/site-packages/airflow/example_dags/example_task_group.py
[2026-03-24T06:44:23.703+0000] {processor.py:914} INFO - Processing file /home/ec2-user/environment/lab4_model_training/venv/lib64/python3.12/site-packages/airflow/example_dags/example_task_group.py for tasks to queue
[2026-03-24T06:44:23.705+0000] {logging_mixin.py:190} INFO - [2026-03-24T06:44:23.704+0000] {dagbag.py:588} INFO - Filling up the DagBag from /home/ec2-user/environment/lab4_model_training/venv/lib64/python3.12/site-packages/airflow/example_dags/example_task_group.py
[2026-03-24T06:44:23.715+0000] {processor.py:925} INFO - DAG(s) 'example_task_group' retrieved from /home/ec2-user/environment/lab4_model_training/venv/lib64/python3.12/site-packages/airflow/example_dags/example_task_group.py
[2026-03-24T06:44:23.733+0000] {logging_mixin.py:190} INFO - [2026-03-24T06:44:23.733+0000] {dag.py:3239} INFO - Sync 1 DAGs
[2026-03-24T06:44:23.747+0000] {logging_mixin.py:190} INFO - [2026-03-24T06:44:23.747+0000] {dag.py:4180} INFO - Setting next_dagrun for example_task_group to None, run_after=None
[2026-03-24T06:44:23.770+0000] {processor.py:208} INFO - Processing /home/ec2-user/environment/lab4_model_training/venv/lib64/python3.12/site-packages/airflow/example_dags/example_task_group.py took 0.073 seconds
[2026-03-24T06:45:31.544+0000] {processor.py:186} INFO - Started process (PID=11414) to work on /home/ec2-user/environment/lab4_model_training/venv/lib64/python3.12/site-packages/airflow/example_dags/example_task_group.py
[2026-03-24T06:45:31.545+0000] {processor.py:914} INFO - Processing file /home/ec2-user/environment/lab4_model_training/venv/lib64/python3.12/site-packages/airflow/example_dags/example_task_group.py for tasks to queue
[2026-03-24T06:45:31.548+0000] {logging_mixin.py:190} INFO - [2026-03-24T06:45:31.548+0000] {dagbag.py:588} INFO - Filling up the DagBag from /home/ec2-user/environment/lab4_model_training/venv/lib64/python3.12/site-packages/airflow/example_dags/example_task_group.py
[2026-03-24T06:45:31.559+0000] {processor.py:925} INFO - DAG(s) 'example_task_group' retrieved from /home/ec2-user/environment/lab4_model_training/venv/lib64/python3.12/site-packages/airflow/example_dags/example_task_group.py
[2026-03-24T06:45:31.577+0000] {logging_mixin.py:190} INFO - [2026-03-24T06:45:31.577+0000] {dag.py:3239} INFO - Sync 1 DAGs
[2026-03-24T06:45:31.590+0000] {logging_mixin.py:190} INFO - [2026-03-24T06:45:31.589+0000] {dag.py:4180} INFO - Setting next_dagrun for example_task_group to None, run_after=None
[2026-03-24T06:45:31.611+0000] {processor.py:208} INFO - Processing /home/ec2-user/environment/lab4_model_training/venv/lib64/python3.12/site-packages/airflow/example_dags/example_task_group.py took 0.072 seconds
[2026-03-24T06:46:57.291+0000] {processor.py:186} INFO - Started process (PID=11788) to work on /home/ec2-user/environment/lab4_model_training/venv/lib64/python3.12/site-packages/airflow/example_dags/example_task_group.py
[2026-03-24T06:46:57.292+0000] {processor.py:914} INFO - Processing file /home/ec2-user/environment/lab4_model_training/venv/lib64/python3.12/site-packages/airflow/example_dags/example_task_group.py for tasks to queue
[2026-03-24T06:46:57.295+0000] {logging_mixin.py:190} INFO - [2026-03-24T06:46:57.294+0000] {dagbag.py:588} INFO - Filling up the DagBag from /home/ec2-user/environment/lab4_model_training/venv/lib64/python3.12/site-packages/airflow/example_dags/example_task_group.py
[2026-03-24T06:46:57.306+0000] {processor.py:925} INFO - DAG(s) 'example_task_group' retrieved from /home/ec2-user/environment/lab4_model_training/venv/lib64/python3.12/site-packages/airflow/example_dags/example_task_group.py
[2026-03-24T06:46:57.324+0000] {logging_mixin.py:190} INFO - [2026-03-24T06:46:57.324+0000] {dag.py:3239} INFO - Sync 1 DAGs
[2026-03-24T06:46:57.337+0000] {logging_mixin.py:190} INFO - [2026-03-24T06:46:57.337+0000] {dag.py:4180} INFO - Setting next_dagrun for example_task_group to None, run_after=None
[2026-03-24T06:46:57.359+0000] {processor.py:208} INFO - Processing /home/ec2-user/environment/lab4_model_training/venv/lib64/python3.12/site-packages/airflow/example_dags/example_task_group.py took 0.073 seconds
[2026-03-24T06:48:04.309+0000] {processor.py:186} INFO - Started process (PID=12082) to work on /home/ec2-user/environment/lab4_model_training/venv/lib64/python3.12/site-packages/airflow/example_dags/example_task_group.py
[2026-03-24T06:48:04.310+0000] {processor.py:914} INFO - Processing file /home/ec2-user/environment/lab4_model_training/venv/lib64/python3.12/site-packages/airflow/example_dags/example_task_group.py for tasks to queue
[2026-03-24T06:48:04.312+0000] {logging_mixin.py:190} INFO - [2026-03-24T06:48:04.312+0000] {dagbag.py:588} INFO - Filling up the DagBag from /home/ec2-user/environment/lab4_model_training/venv/lib64/python3.12/site-packages/airflow/example_dags/example_task_group.py
[2026-03-24T06:48:04.323+0000] {processor.py:925} INFO - DAG(s) 'example_task_group' retrieved from /home/ec2-user/environment/lab4_model_training/venv/lib64/python3.12/site-packages/airflow/example_dags/example_task_group.py
[2026-03-24T06:48:04.340+0000] {logging_mixin.py:190} INFO - [2026-03-24T06:48:04.340+0000] {dag.py:3239} INFO - Sync 1 DAGs
[2026-03-24T06:48:04.354+0000] {logging_mixin.py:190} INFO - [2026-03-24T06:48:04.354+0000] {dag.py:4180} INFO - Setting next_dagrun for example_task_group to None, run_after=None
[2026-03-24T06:48:04.376+0000] {processor.py:208} INFO - Processing /home/ec2-user/environment/lab4_model_training/venv/lib64/python3.12/site-packages/airflow/example_dags/example_task_group.py took 0.072 seconds
[2026-03-24T06:49:07.937+0000] {processor.py:186} INFO - Started process (PID=12359) to work on /home/ec2-user/environment/lab4_model_training/venv/lib64/python3.12/site-packages/airflow/example_dags/example_task_group.py
[2026-03-24T06:49:07.939+0000] {processor.py:914} INFO - Processing file /home/ec2-user/environment/lab4_model_training/venv/lib64/python3.12/site-packages/airflow/example_dags/example_task_group.py for tasks to queue
[2026-03-24T06:49:07.941+0000] {logging_mixin.py:190} INFO - [2026-03-24T06:49:07.941+0000] {dagbag.py:588} INFO - Filling up the DagBag from /home/ec2-user/environment/lab4_model_training/venv/lib64/python3.12/site-packages/airflow/example_dags/example_task_group.py
[2026-03-24T06:49:07.952+0000] {processor.py:925} INFO - DAG(s) 'example_task_group' retrieved from /home/ec2-user/environment/lab4_model_training/venv/lib64/python3.12/site-packages/airflow/example_dags/example_task_group.py
[2026-03-24T06:49:07.970+0000] {logging_mixin.py:190} INFO - [2026-03-24T06:49:07.970+0000] {dag.py:3239} INFO - Sync 1 DAGs
[2026-03-24T06:49:07.982+0000] {logging_mixin.py:190} INFO - [2026-03-24T06:49:07.982+0000] {dag.py:4180} INFO - Setting next_dagrun for example_task_group to None, run_after=None
[2026-03-24T06:49:08.002+0000] {processor.py:208} INFO - Processing /home/ec2-user/environment/lab4_model_training/venv/lib64/python3.12/site-packages/airflow/example_dags/example_task_group.py took 0.069 seconds
[2026-03-24T06:50:15.865+0000] {processor.py:186} INFO - Started process (PID=12559) to work on /home/ec2-user/environment/lab4_model_training/venv/lib64/python3.12/site-packages/airflow/example_dags/example_task_group.py
[2026-03-24T06:50:15.866+0000] {processor.py:914} INFO - Processing file /home/ec2-user/environment/lab4_model_training/venv/lib64/python3.12/site-packages/airflow/example_dags/example_task_group.py for tasks to queue
[2026-03-24T06:50:15.869+0000] {logging_mixin.py:190} INFO - [2026-03-24T06:50:15.868+0000] {dagbag.py:588} INFO - Filling up the DagBag from /home/ec2-user/environment/lab4_model_training/venv/lib64/python3.12/site-packages/airflow/example_dags/example_task_group.py
[2026-03-24T06:50:15.880+0000] {processor.py:925} INFO - DAG(s) 'example_task_group' retrieved from /home/ec2-user/environment/lab4_model_training/venv/lib64/python3.12/site-packages/airflow/example_dags/example_task_group.py
[2026-03-24T06:50:15.896+0000] {logging_mixin.py:190} INFO - [2026-03-24T06:50:15.896+0000] {dag.py:3239} INFO - Sync 1 DAGs
[2026-03-24T06:50:15.908+0000] {logging_mixin.py:190} INFO - [2026-03-24T06:50:15.908+0000] {dag.py:4180} INFO - Setting next_dagrun for example_task_group to None, run_after=None
[2026-03-24T06:50:15.930+0000] {processor.py:208} INFO - Processing /home/ec2-user/environment/lab4_model_training/venv/lib64/python3.12/site-packages/airflow/example_dags/example_task_group.py took 0.070 seconds
[2026-03-24T06:51:25.605+0000] {processor.py:186} INFO - Started process (PID=12873) to work on /home/ec2-user/environment/lab4_model_training/venv/lib64/python3.12/site-packages/airflow/example_dags/example_task_group.py
[2026-03-24T06:51:25.607+0000] {processor.py:914} INFO - Processing file /home/ec2-user/environment/lab4_model_training/venv/lib64/python3.12/site-packages/airflow/example_dags/example_task_group.py for tasks to queue
[2026-03-24T06:51:25.610+0000] {logging_mixin.py:190} INFO - [2026-03-24T06:51:25.609+0000] {dagbag.py:588} INFO - Filling up the DagBag from /home/ec2-user/environment/lab4_model_training/venv/lib64/python3.12/site-packages/airflow/example_dags/example_task_group.py
[2026-03-24T06:51:25.623+0000] {processor.py:925} INFO - DAG(s) 'example_task_group' retrieved from /home/ec2-user/environment/lab4_model_training/venv/lib64/python3.12/site-packages/airflow/example_dags/example_task_group.py
[2026-03-24T06:51:25.646+0000] {logging_mixin.py:190} INFO - [2026-03-24T06:51:25.646+0000] {dag.py:3239} INFO - Sync 1 DAGs
[2026-03-24T06:51:25.663+0000] {logging_mixin.py:190} INFO - [2026-03-24T06:51:25.662+0000] {dag.py:4180} INFO - Setting next_dagrun for example_task_group to None, run_after=None
[2026-03-24T06:51:25.690+0000] {processor.py:208} INFO - Processing /home/ec2-user/environment/lab4_model_training/venv/lib64/python3.12/site-packages/airflow/example_dags/example_task_group.py took 0.091 seconds
[2026-03-24T06:52:33.807+0000] {processor.py:186} INFO - Started process (PID=13229) to work on /home/ec2-user/environment/lab4_model_training/venv/lib64/python3.12/site-packages/airflow/example_dags/example_task_group.py
[2026-03-24T06:52:33.808+0000] {processor.py:914} INFO - Processing file /home/ec2-user/environment/lab4_model_training/venv/lib64/python3.12/site-packages/airflow/example_dags/example_task_group.py for tasks to queue
[2026-03-24T06:52:33.809+0000] {logging_mixin.py:190} INFO - [2026-03-24T06:52:33.809+0000] {dagbag.py:588} INFO - Filling up the DagBag from /home/ec2-user/environment/lab4_model_training/venv/lib64/python3.12/site-packages/airflow/example_dags/example_task_group.py
[2026-03-24T06:52:33.820+0000] {processor.py:925} INFO - DAG(s) 'example_task_group' retrieved from /home/ec2-user/environment/lab4_model_training/venv/lib64/python3.12/site-packages/airflow/example_dags/example_task_group.py
[2026-03-24T06:52:33.851+0000] {logging_mixin.py:190} INFO - [2026-03-24T06:52:33.850+0000] {dag.py:3239} INFO - Sync 1 DAGs
[2026-03-24T06:52:33.867+0000] {logging_mixin.py:190} INFO - [2026-03-24T06:52:33.867+0000] {dag.py:4180} INFO - Setting next_dagrun for example_task_group to None, run_after=None
[2026-03-24T06:52:33.900+0000] {processor.py:208} INFO - Processing /home/ec2-user/environment/lab4_model_training/venv/lib64/python3.12/site-packages/airflow/example_dags/example_task_group.py took 0.100 seconds
[2026-03-24T06:53:52.153+0000] {processor.py:186} INFO - Started process (PID=13625) to work on /home/ec2-user/environment/lab4_model_training/venv/lib64/python3.12/site-packages/airflow/example_dags/example_task_group.py
[2026-03-24T06:53:52.154+0000] {processor.py:914} INFO - Processing file /home/ec2-user/environment/lab4_model_training/venv/lib64/python3.12/site-packages/airflow/example_dags/example_task_group.py for tasks to queue
[2026-03-24T06:53:52.156+0000] {logging_mixin.py:190} INFO - [2026-03-24T06:53:52.155+0000] {dagbag.py:588} INFO - Filling up the DagBag from /home/ec2-user/environment/lab4_model_training/venv/lib64/python3.12/site-packages/airflow/example_dags/example_task_group.py
[2026-03-24T06:53:52.168+0000] {processor.py:925} INFO - DAG(s) 'example_task_group' retrieved from /home/ec2-user/environment/lab4_model_training/venv/lib64/python3.12/site-packages/airflow/example_dags/example_task_group.py
[2026-03-24T06:53:52.185+0000] {logging_mixin.py:190} INFO - [2026-03-24T06:53:52.185+0000] {dag.py:3239} INFO - Sync 1 DAGs
[2026-03-24T06:53:52.198+0000] {logging_mixin.py:190} INFO - [2026-03-24T06:53:52.198+0000] {dag.py:4180} INFO - Setting next_dagrun for example_task_group to None, run_after=None
[2026-03-24T06:53:52.221+0000] {processor.py:208} INFO - Processing /home/ec2-user/environment/lab4_model_training/venv/lib64/python3.12/site-packages/airflow/example_dags/example_task_group.py took 0.073 seconds
[2026-03-24T06:55:00.317+0000] {processor.py:186} INFO - Started process (PID=13885) to work on /home/ec2-user/environment/lab4_model_training/venv/lib64/python3.12/site-packages/airflow/example_dags/example_task_group.py
[2026-03-24T06:55:00.318+0000] {processor.py:914} INFO - Processing file /home/ec2-user/environment/lab4_model_training/venv/lib64/python3.12/site-packages/airflow/example_dags/example_task_group.py for tasks to queue
[2026-03-24T06:55:00.320+0000] {logging_mixin.py:190} INFO - [2026-03-24T06:55:00.319+0000] {dagbag.py:588} INFO - Filling up the DagBag from /home/ec2-user/environment/lab4_model_training/venv/lib64/python3.12/site-packages/airflow/example_dags/example_task_group.py
[2026-03-24T06:55:00.330+0000] {processor.py:925} INFO - DAG(s) 'example_task_group' retrieved from /home/ec2-user/environment/lab4_model_training/venv/lib64/python3.12/site-packages/airflow/example_dags/example_task_group.py
[2026-03-24T06:55:00.346+0000] {logging_mixin.py:190} INFO - [2026-03-24T06:55:00.346+0000] {dag.py:3239} INFO - Sync 1 DAGs
[2026-03-24T06:55:00.360+0000] {logging_mixin.py:190} INFO - [2026-03-24T06:55:00.359+0000] {dag.py:4180} INFO - Setting next_dagrun for example_task_group to None, run_after=None
[2026-03-24T06:55:00.381+0000] {processor.py:208} INFO - Processing /home/ec2-user/environment/lab4_model_training/venv/lib64/python3.12/site-packages/airflow/example_dags/example_task_group.py took 0.069 seconds
[2026-03-24T06:56:22.830+0000] {processor.py:186} INFO - Started process (PID=14273) to work on /home/ec2-user/environment/lab4_model_training/venv/lib64/python3.12/site-packages/airflow/example_dags/example_task_group.py
[2026-03-24T06:56:22.831+0000] {processor.py:914} INFO - Processing file /home/ec2-user/environment/lab4_model_training/venv/lib64/python3.12/site-packages/airflow/example_dags/example_task_group.py for tasks to queue
[2026-03-24T06:56:22.832+0000] {logging_mixin.py:190} INFO - [2026-03-24T06:56:22.832+0000] {dagbag.py:588} INFO - Filling up the DagBag from /home/ec2-user/environment/lab4_model_training/venv/lib64/python3.12/site-packages/airflow/example_dags/example_task_group.py
[2026-03-24T06:56:22.843+0000] {processor.py:925} INFO - DAG(s) 'example_task_group' retrieved from /home/ec2-user/environment/lab4_model_training/venv/lib64/python3.12/site-packages/airflow/example_dags/example_task_group.py
[2026-03-24T06:56:22.859+0000] {logging_mixin.py:190} INFO - [2026-03-24T06:56:22.859+0000] {dag.py:3239} INFO - Sync 1 DAGs
[2026-03-24T06:56:22.872+0000] {logging_mixin.py:190} INFO - [2026-03-24T06:56:22.872+0000] {dag.py:4180} INFO - Setting next_dagrun for example_task_group to None, run_after=None
[2026-03-24T06:56:22.894+0000] {processor.py:208} INFO - Processing /home/ec2-user/environment/lab4_model_training/venv/lib64/python3.12/site-packages/airflow/example_dags/example_task_group.py took 0.069 seconds
[2026-03-24T06:57:44.234+0000] {processor.py:186} INFO - Started process (PID=14589) to work on /home/ec2-user/environment/lab4_model_training/venv/lib64/python3.12/site-packages/airflow/example_dags/example_task_group.py
[2026-03-24T06:57:44.235+0000] {processor.py:914} INFO - Processing file /home/ec2-user/environment/lab4_model_training/venv/lib64/python3.12/site-packages/airflow/example_dags/example_task_group.py for tasks to queue
[2026-03-24T06:57:44.236+0000] {logging_mixin.py:190} INFO - [2026-03-24T06:57:44.236+0000] {dagbag.py:588} INFO - Filling up the DagBag from /home/ec2-user/environment/lab4_model_training/venv/lib64/python3.12/site-packages/airflow/example_dags/example_task_group.py
[2026-03-24T06:57:44.247+0000] {processor.py:925} INFO - DAG(s) 'example_task_group' retrieved from /home/ec2-user/environment/lab4_model_training/venv/lib64/python3.12/site-packages/airflow/example_dags/example_task_group.py
[2026-03-24T06:57:44.264+0000] {logging_mixin.py:190} INFO - [2026-03-24T06:57:44.264+0000] {dag.py:3239} INFO - Sync 1 DAGs
[2026-03-24T06:57:44.277+0000] {logging_mixin.py:190} INFO - [2026-03-24T06:57:44.277+0000] {dag.py:4180} INFO - Setting next_dagrun for example_task_group to None, run_after=None
[2026-03-24T06:57:44.298+0000] {processor.py:208} INFO - Processing /home/ec2-user/environment/lab4_model_training/venv/lib64/python3.12/site-packages/airflow/example_dags/example_task_group.py took 0.069 seconds
[2026-03-24T06:58:46.067+0000] {processor.py:186} INFO - Started process (PID=14901) to work on /home/ec2-user/environment/lab4_model_training/venv/lib64/python3.12/site-packages/airflow/example_dags/example_task_group.py
[2026-03-24T06:58:46.068+0000] {processor.py:914} INFO - Processing file /home/ec2-user/environment/lab4_model_training/venv/lib64/python3.12/site-packages/airflow/example_dags/example_task_group.py for tasks to queue
[2026-03-24T06:58:46.069+0000] {logging_mixin.py:190} INFO - [2026-03-24T06:58:46.069+0000] {dagbag.py:588} INFO - Filling up the DagBag from /home/ec2-user/environment/lab4_model_training/venv/lib64/python3.12/site-packages/airflow/example_dags/example_task_group.py
[2026-03-24T06:58:46.079+0000] {processor.py:925} INFO - DAG(s) 'example_task_group' retrieved from /home/ec2-user/environment/lab4_model_training/venv/lib64/python3.12/site-packages/airflow/example_dags/example_task_group.py
[2026-03-24T06:58:46.096+0000] {logging_mixin.py:190} INFO - [2026-03-24T06:58:46.096+0000] {dag.py:3239} INFO - Sync 1 DAGs
[2026-03-24T06:58:46.109+0000] {logging_mixin.py:190} INFO - [2026-03-24T06:58:46.109+0000] {dag.py:4180} INFO - Setting next_dagrun for example_task_group to None, run_after=None
[2026-03-24T06:58:46.131+0000] {processor.py:208} INFO - Processing /home/ec2-user/environment/lab4_model_training/venv/lib64/python3.12/site-packages/airflow/example_dags/example_task_group.py took 0.069 seconds
[2026-03-24T07:00:13.971+0000] {processor.py:186} INFO - Started process (PID=15311) to work on /home/ec2-user/environment/lab4_model_training/venv/lib64/python3.12/site-packages/airflow/example_dags/example_task_group.py
[2026-03-24T07:00:13.972+0000] {processor.py:914} INFO - Processing file /home/ec2-user/environment/lab4_model_training/venv/lib64/python3.12/site-packages/airflow/example_dags/example_task_group.py for tasks to queue
[2026-03-24T07:00:13.973+0000] {logging_mixin.py:190} INFO - [2026-03-24T07:00:13.973+0000] {dagbag.py:588} INFO - Filling up the DagBag from /home/ec2-user/environment/lab4_model_training/venv/lib64/python3.12/site-packages/airflow/example_dags/example_task_group.py
[2026-03-24T07:00:13.984+0000] {processor.py:925} INFO - DAG(s) 'example_task_group' retrieved from /home/ec2-user/environment/lab4_model_training/venv/lib64/python3.12/site-packages/airflow/example_dags/example_task_group.py
[2026-03-24T07:00:14.001+0000] {logging_mixin.py:190} INFO - [2026-03-24T07:00:14.001+0000] {dag.py:3239} INFO - Sync 1 DAGs
[2026-03-24T07:00:14.015+0000] {logging_mixin.py:190} INFO - [2026-03-24T07:00:14.015+0000] {dag.py:4180} INFO - Setting next_dagrun for example_task_group to None, run_after=None
[2026-03-24T07:00:14.037+0000] {processor.py:208} INFO - Processing /home/ec2-user/environment/lab4_model_training/venv/lib64/python3.12/site-packages/airflow/example_dags/example_task_group.py took 0.071 seconds
