[2026-03-24T06:16:38.565+0000] {processor.py:186} INFO - Started process (PID=2922) to work on /home/ec2-user/environment/lab4_model_training/venv/lib64/python3.12/site-packages/airflow/example_dags/example_skip_dag.py
[2026-03-24T06:16:38.566+0000] {processor.py:914} INFO - Processing file /home/ec2-user/environment/lab4_model_training/venv/lib64/python3.12/site-packages/airflow/example_dags/example_skip_dag.py for tasks to queue
[2026-03-24T06:16:38.569+0000] {logging_mixin.py:190} INFO - [2026-03-24T06:16:38.569+0000] {dagbag.py:588} INFO - Filling up the DagBag from /home/ec2-user/environment/lab4_model_training/venv/lib64/python3.12/site-packages/airflow/example_dags/example_skip_dag.py
[2026-03-24T06:16:38.578+0000] {processor.py:925} INFO - DAG(s) 'example_skip_dag' retrieved from /home/ec2-user/environment/lab4_model_training/venv/lib64/python3.12/site-packages/airflow/example_dags/example_skip_dag.py
[2026-03-24T06:16:38.599+0000] {logging_mixin.py:190} INFO - [2026-03-24T06:16:38.599+0000] {dag.py:3239} INFO - Sync 1 DAGs
[2026-03-24T06:16:38.617+0000] {logging_mixin.py:190} INFO - [2026-03-24T06:16:38.617+0000] {dag.py:4180} INFO - Setting next_dagrun for example_skip_dag to 2026-03-23 00:00:00+00:00, run_after=2026-03-24 00:00:00+00:00
[2026-03-24T06:16:38.639+0000] {processor.py:208} INFO - Processing /home/ec2-user/environment/lab4_model_training/venv/lib64/python3.12/site-packages/airflow/example_dags/example_skip_dag.py took 0.079 seconds
[2026-03-24T06:17:49.587+0000] {processor.py:186} INFO - Started process (PID=3252) to work on /home/ec2-user/environment/lab4_model_training/venv/lib64/python3.12/site-packages/airflow/example_dags/example_skip_dag.py
[2026-03-24T06:17:49.589+0000] {processor.py:914} INFO - Processing file /home/ec2-user/environment/lab4_model_training/venv/lib64/python3.12/site-packages/airflow/example_dags/example_skip_dag.py for tasks to queue
[2026-03-24T06:17:49.591+0000] {logging_mixin.py:190} INFO - [2026-03-24T06:17:49.591+0000] {dagbag.py:588} INFO - Filling up the DagBag from /home/ec2-user/environment/lab4_model_training/venv/lib64/python3.12/site-packages/airflow/example_dags/example_skip_dag.py
[2026-03-24T06:17:49.600+0000] {processor.py:925} INFO - DAG(s) 'example_skip_dag' retrieved from /home/ec2-user/environment/lab4_model_training/venv/lib64/python3.12/site-packages/airflow/example_dags/example_skip_dag.py
[2026-03-24T06:17:49.619+0000] {logging_mixin.py:190} INFO - [2026-03-24T06:17:49.619+0000] {dag.py:3239} INFO - Sync 1 DAGs
[2026-03-24T06:17:49.643+0000] {logging_mixin.py:190} INFO - [2026-03-24T06:17:49.643+0000] {dag.py:4180} INFO - Setting next_dagrun for example_skip_dag to 2026-03-23 00:00:00+00:00, run_after=2026-03-24 00:00:00+00:00
[2026-03-24T06:17:49.667+0000] {processor.py:208} INFO - Processing /home/ec2-user/environment/lab4_model_training/venv/lib64/python3.12/site-packages/airflow/example_dags/example_skip_dag.py took 0.084 seconds
[2026-03-24T06:18:51.415+0000] {processor.py:186} INFO - Started process (PID=3569) to work on /home/ec2-user/environment/lab4_model_training/venv/lib64/python3.12/site-packages/airflow/example_dags/example_skip_dag.py
[2026-03-24T06:18:51.422+0000] {processor.py:914} INFO - Processing file /home/ec2-user/environment/lab4_model_training/venv/lib64/python3.12/site-packages/airflow/example_dags/example_skip_dag.py for tasks to queue
[2026-03-24T06:18:51.432+0000] {logging_mixin.py:190} INFO - [2026-03-24T06:18:51.431+0000] {dagbag.py:588} INFO - Filling up the DagBag from /home/ec2-user/environment/lab4_model_training/venv/lib64/python3.12/site-packages/airflow/example_dags/example_skip_dag.py
[2026-03-24T06:18:51.441+0000] {processor.py:925} INFO - DAG(s) 'example_skip_dag' retrieved from /home/ec2-user/environment/lab4_model_training/venv/lib64/python3.12/site-packages/airflow/example_dags/example_skip_dag.py
[2026-03-24T06:18:51.481+0000] {logging_mixin.py:190} INFO - [2026-03-24T06:18:51.481+0000] {dag.py:3239} INFO - Sync 1 DAGs
[2026-03-24T06:18:51.525+0000] {logging_mixin.py:190} INFO - [2026-03-24T06:18:51.525+0000] {dag.py:4180} INFO - Setting next_dagrun for example_skip_dag to 2026-03-23 00:00:00+00:00, run_after=2026-03-24 00:00:00+00:00
[2026-03-24T06:18:51.567+0000] {processor.py:208} INFO - Processing /home/ec2-user/environment/lab4_model_training/venv/lib64/python3.12/site-packages/airflow/example_dags/example_skip_dag.py took 0.158 seconds
[2026-03-24T06:20:03.213+0000] {processor.py:186} INFO - Started process (PID=3891) to work on /home/ec2-user/environment/lab4_model_training/venv/lib64/python3.12/site-packages/airflow/example_dags/example_skip_dag.py
[2026-03-24T06:20:03.221+0000] {processor.py:914} INFO - Processing file /home/ec2-user/environment/lab4_model_training/venv/lib64/python3.12/site-packages/airflow/example_dags/example_skip_dag.py for tasks to queue
[2026-03-24T06:20:03.227+0000] {logging_mixin.py:190} INFO - [2026-03-24T06:20:03.226+0000] {dagbag.py:588} INFO - Filling up the DagBag from /home/ec2-user/environment/lab4_model_training/venv/lib64/python3.12/site-packages/airflow/example_dags/example_skip_dag.py
[2026-03-24T06:20:03.252+0000] {processor.py:925} INFO - DAG(s) 'example_skip_dag' retrieved from /home/ec2-user/environment/lab4_model_training/venv/lib64/python3.12/site-packages/airflow/example_dags/example_skip_dag.py
[2026-03-24T06:20:03.287+0000] {logging_mixin.py:190} INFO - [2026-03-24T06:20:03.287+0000] {dag.py:3239} INFO - Sync 1 DAGs
[2026-03-24T06:20:03.322+0000] {logging_mixin.py:190} INFO - [2026-03-24T06:20:03.322+0000] {dag.py:4180} INFO - Setting next_dagrun for example_skip_dag to 2026-03-23 00:00:00+00:00, run_after=2026-03-24 00:00:00+00:00
[2026-03-24T06:20:03.366+0000] {processor.py:208} INFO - Processing /home/ec2-user/environment/lab4_model_training/venv/lib64/python3.12/site-packages/airflow/example_dags/example_skip_dag.py took 0.159 seconds
[2026-03-24T06:21:10.904+0000] {processor.py:186} INFO - Started process (PID=4258) to work on /home/ec2-user/environment/lab4_model_training/venv/lib64/python3.12/site-packages/airflow/example_dags/example_skip_dag.py
[2026-03-24T06:21:10.905+0000] {processor.py:914} INFO - Processing file /home/ec2-user/environment/lab4_model_training/venv/lib64/python3.12/site-packages/airflow/example_dags/example_skip_dag.py for tasks to queue
[2026-03-24T06:21:10.908+0000] {logging_mixin.py:190} INFO - [2026-03-24T06:21:10.908+0000] {dagbag.py:588} INFO - Filling up the DagBag from /home/ec2-user/environment/lab4_model_training/venv/lib64/python3.12/site-packages/airflow/example_dags/example_skip_dag.py
[2026-03-24T06:21:10.919+0000] {processor.py:925} INFO - DAG(s) 'example_skip_dag' retrieved from /home/ec2-user/environment/lab4_model_training/venv/lib64/python3.12/site-packages/airflow/example_dags/example_skip_dag.py
[2026-03-24T06:21:10.936+0000] {logging_mixin.py:190} INFO - [2026-03-24T06:21:10.936+0000] {dag.py:3239} INFO - Sync 1 DAGs
[2026-03-24T06:21:10.957+0000] {logging_mixin.py:190} INFO - [2026-03-24T06:21:10.957+0000] {dag.py:4180} INFO - Setting next_dagrun for example_skip_dag to 2026-03-23 00:00:00+00:00, run_after=2026-03-24 00:00:00+00:00
[2026-03-24T06:21:10.979+0000] {processor.py:208} INFO - Processing /home/ec2-user/environment/lab4_model_training/venv/lib64/python3.12/site-packages/airflow/example_dags/example_skip_dag.py took 0.080 seconds
[2026-03-24T06:22:15.571+0000] {processor.py:186} INFO - Started process (PID=4671) to work on /home/ec2-user/environment/lab4_model_training/venv/lib64/python3.12/site-packages/airflow/example_dags/example_skip_dag.py
[2026-03-24T06:22:15.573+0000] {processor.py:914} INFO - Processing file /home/ec2-user/environment/lab4_model_training/venv/lib64/python3.12/site-packages/airflow/example_dags/example_skip_dag.py for tasks to queue
[2026-03-24T06:22:15.575+0000] {logging_mixin.py:190} INFO - [2026-03-24T06:22:15.575+0000] {dagbag.py:588} INFO - Filling up the DagBag from /home/ec2-user/environment/lab4_model_training/venv/lib64/python3.12/site-packages/airflow/example_dags/example_skip_dag.py
[2026-03-24T06:22:15.584+0000] {processor.py:925} INFO - DAG(s) 'example_skip_dag' retrieved from /home/ec2-user/environment/lab4_model_training/venv/lib64/python3.12/site-packages/airflow/example_dags/example_skip_dag.py
[2026-03-24T06:22:15.601+0000] {logging_mixin.py:190} INFO - [2026-03-24T06:22:15.601+0000] {dag.py:3239} INFO - Sync 1 DAGs
[2026-03-24T06:22:15.621+0000] {logging_mixin.py:190} INFO - [2026-03-24T06:22:15.620+0000] {dag.py:4180} INFO - Setting next_dagrun for example_skip_dag to 2026-03-23 00:00:00+00:00, run_after=2026-03-24 00:00:00+00:00
[2026-03-24T06:22:15.644+0000] {processor.py:208} INFO - Processing /home/ec2-user/environment/lab4_model_training/venv/lib64/python3.12/site-packages/airflow/example_dags/example_skip_dag.py took 0.079 seconds
[2026-03-24T06:23:22.784+0000] {processor.py:186} INFO - Started process (PID=5017) to work on /home/ec2-user/environment/lab4_model_training/venv/lib64/python3.12/site-packages/airflow/example_dags/example_skip_dag.py
[2026-03-24T06:23:22.785+0000] {processor.py:914} INFO - Processing file /home/ec2-user/environment/lab4_model_training/venv/lib64/python3.12/site-packages/airflow/example_dags/example_skip_dag.py for tasks to queue
[2026-03-24T06:23:22.789+0000] {logging_mixin.py:190} INFO - [2026-03-24T06:23:22.788+0000] {dagbag.py:588} INFO - Filling up the DagBag from /home/ec2-user/environment/lab4_model_training/venv/lib64/python3.12/site-packages/airflow/example_dags/example_skip_dag.py
[2026-03-24T06:23:22.799+0000] {processor.py:925} INFO - DAG(s) 'example_skip_dag' retrieved from /home/ec2-user/environment/lab4_model_training/venv/lib64/python3.12/site-packages/airflow/example_dags/example_skip_dag.py
[2026-03-24T06:23:22.818+0000] {logging_mixin.py:190} INFO - [2026-03-24T06:23:22.817+0000] {dag.py:3239} INFO - Sync 1 DAGs
[2026-03-24T06:23:22.843+0000] {logging_mixin.py:190} INFO - [2026-03-24T06:23:22.843+0000] {dag.py:4180} INFO - Setting next_dagrun for example_skip_dag to 2026-03-23 00:00:00+00:00, run_after=2026-03-24 00:00:00+00:00
[2026-03-24T06:23:22.875+0000] {processor.py:208} INFO - Processing /home/ec2-user/environment/lab4_model_training/venv/lib64/python3.12/site-packages/airflow/example_dags/example_skip_dag.py took 0.095 seconds
[2026-03-24T06:24:36.832+0000] {processor.py:186} INFO - Started process (PID=5394) to work on /home/ec2-user/environment/lab4_model_training/venv/lib64/python3.12/site-packages/airflow/example_dags/example_skip_dag.py
[2026-03-24T06:24:36.834+0000] {processor.py:914} INFO - Processing file /home/ec2-user/environment/lab4_model_training/venv/lib64/python3.12/site-packages/airflow/example_dags/example_skip_dag.py for tasks to queue
[2026-03-24T06:24:36.836+0000] {logging_mixin.py:190} INFO - [2026-03-24T06:24:36.836+0000] {dagbag.py:588} INFO - Filling up the DagBag from /home/ec2-user/environment/lab4_model_training/venv/lib64/python3.12/site-packages/airflow/example_dags/example_skip_dag.py
[2026-03-24T06:24:36.845+0000] {processor.py:925} INFO - DAG(s) 'example_skip_dag' retrieved from /home/ec2-user/environment/lab4_model_training/venv/lib64/python3.12/site-packages/airflow/example_dags/example_skip_dag.py
[2026-03-24T06:24:36.865+0000] {logging_mixin.py:190} INFO - [2026-03-24T06:24:36.865+0000] {dag.py:3239} INFO - Sync 1 DAGs
[2026-03-24T06:24:36.884+0000] {logging_mixin.py:190} INFO - [2026-03-24T06:24:36.883+0000] {dag.py:4180} INFO - Setting next_dagrun for example_skip_dag to 2026-03-23 00:00:00+00:00, run_after=2026-03-24 00:00:00+00:00
[2026-03-24T06:24:36.905+0000] {processor.py:208} INFO - Processing /home/ec2-user/environment/lab4_model_training/venv/lib64/python3.12/site-packages/airflow/example_dags/example_skip_dag.py took 0.077 seconds
[2026-03-24T06:25:39.633+0000] {processor.py:186} INFO - Started process (PID=5613) to work on /home/ec2-user/environment/lab4_model_training/venv/lib64/python3.12/site-packages/airflow/example_dags/example_skip_dag.py
[2026-03-24T06:25:39.634+0000] {processor.py:914} INFO - Processing file /home/ec2-user/environment/lab4_model_training/venv/lib64/python3.12/site-packages/airflow/example_dags/example_skip_dag.py for tasks to queue
[2026-03-24T06:25:39.637+0000] {logging_mixin.py:190} INFO - [2026-03-24T06:25:39.637+0000] {dagbag.py:588} INFO - Filling up the DagBag from /home/ec2-user/environment/lab4_model_training/venv/lib64/python3.12/site-packages/airflow/example_dags/example_skip_dag.py
[2026-03-24T06:25:39.647+0000] {processor.py:925} INFO - DAG(s) 'example_skip_dag' retrieved from /home/ec2-user/environment/lab4_model_training/venv/lib64/python3.12/site-packages/airflow/example_dags/example_skip_dag.py
[2026-03-24T06:25:39.664+0000] {logging_mixin.py:190} INFO - [2026-03-24T06:25:39.664+0000] {dag.py:3239} INFO - Sync 1 DAGs
[2026-03-24T06:25:39.683+0000] {logging_mixin.py:190} INFO - [2026-03-24T06:25:39.683+0000] {dag.py:4180} INFO - Setting next_dagrun for example_skip_dag to 2026-03-23 00:00:00+00:00, run_after=2026-03-24 00:00:00+00:00
[2026-03-24T06:25:39.704+0000] {processor.py:208} INFO - Processing /home/ec2-user/environment/lab4_model_training/venv/lib64/python3.12/site-packages/airflow/example_dags/example_skip_dag.py took 0.076 seconds
[2026-03-24T06:26:43.699+0000] {processor.py:186} INFO - Started process (PID=5893) to work on /home/ec2-user/environment/lab4_model_training/venv/lib64/python3.12/site-packages/airflow/example_dags/example_skip_dag.py
[2026-03-24T06:26:43.701+0000] {processor.py:914} INFO - Processing file /home/ec2-user/environment/lab4_model_training/venv/lib64/python3.12/site-packages/airflow/example_dags/example_skip_dag.py for tasks to queue
[2026-03-24T06:26:43.703+0000] {logging_mixin.py:190} INFO - [2026-03-24T06:26:43.703+0000] {dagbag.py:588} INFO - Filling up the DagBag from /home/ec2-user/environment/lab4_model_training/venv/lib64/python3.12/site-packages/airflow/example_dags/example_skip_dag.py
[2026-03-24T06:26:43.712+0000] {processor.py:925} INFO - DAG(s) 'example_skip_dag' retrieved from /home/ec2-user/environment/lab4_model_training/venv/lib64/python3.12/site-packages/airflow/example_dags/example_skip_dag.py
[2026-03-24T06:26:43.729+0000] {logging_mixin.py:190} INFO - [2026-03-24T06:26:43.729+0000] {dag.py:3239} INFO - Sync 1 DAGs
[2026-03-24T06:26:43.750+0000] {logging_mixin.py:190} INFO - [2026-03-24T06:26:43.749+0000] {dag.py:4180} INFO - Setting next_dagrun for example_skip_dag to 2026-03-23 00:00:00+00:00, run_after=2026-03-24 00:00:00+00:00
[2026-03-24T06:26:43.773+0000] {processor.py:208} INFO - Processing /home/ec2-user/environment/lab4_model_training/venv/lib64/python3.12/site-packages/airflow/example_dags/example_skip_dag.py took 0.078 seconds
[2026-03-24T06:27:53.001+0000] {processor.py:186} INFO - Started process (PID=6176) to work on /home/ec2-user/environment/lab4_model_training/venv/lib64/python3.12/site-packages/airflow/example_dags/example_skip_dag.py
[2026-03-24T06:27:53.002+0000] {processor.py:914} INFO - Processing file /home/ec2-user/environment/lab4_model_training/venv/lib64/python3.12/site-packages/airflow/example_dags/example_skip_dag.py for tasks to queue
[2026-03-24T06:27:53.004+0000] {logging_mixin.py:190} INFO - [2026-03-24T06:27:53.004+0000] {dagbag.py:588} INFO - Filling up the DagBag from /home/ec2-user/environment/lab4_model_training/venv/lib64/python3.12/site-packages/airflow/example_dags/example_skip_dag.py
[2026-03-24T06:27:53.014+0000] {processor.py:925} INFO - DAG(s) 'example_skip_dag' retrieved from /home/ec2-user/environment/lab4_model_training/venv/lib64/python3.12/site-packages/airflow/example_dags/example_skip_dag.py
[2026-03-24T06:27:53.032+0000] {logging_mixin.py:190} INFO - [2026-03-24T06:27:53.031+0000] {dag.py:3239} INFO - Sync 1 DAGs
[2026-03-24T06:27:53.051+0000] {logging_mixin.py:190} INFO - [2026-03-24T06:27:53.051+0000] {dag.py:4180} INFO - Setting next_dagrun for example_skip_dag to 2026-03-23 00:00:00+00:00, run_after=2026-03-24 00:00:00+00:00
[2026-03-24T06:27:53.081+0000] {processor.py:208} INFO - Processing /home/ec2-user/environment/lab4_model_training/venv/lib64/python3.12/site-packages/airflow/example_dags/example_skip_dag.py took 0.085 seconds
[2026-03-24T06:29:00.004+0000] {processor.py:186} INFO - Started process (PID=6490) to work on /home/ec2-user/environment/lab4_model_training/venv/lib64/python3.12/site-packages/airflow/example_dags/example_skip_dag.py
[2026-03-24T06:29:00.011+0000] {processor.py:914} INFO - Processing file /home/ec2-user/environment/lab4_model_training/venv/lib64/python3.12/site-packages/airflow/example_dags/example_skip_dag.py for tasks to queue
[2026-03-24T06:29:00.019+0000] {logging_mixin.py:190} INFO - [2026-03-24T06:29:00.019+0000] {dagbag.py:588} INFO - Filling up the DagBag from /home/ec2-user/environment/lab4_model_training/venv/lib64/python3.12/site-packages/airflow/example_dags/example_skip_dag.py
[2026-03-24T06:29:00.034+0000] {processor.py:925} INFO - DAG(s) 'example_skip_dag' retrieved from /home/ec2-user/environment/lab4_model_training/venv/lib64/python3.12/site-packages/airflow/example_dags/example_skip_dag.py
[2026-03-24T06:29:00.064+0000] {logging_mixin.py:190} INFO - [2026-03-24T06:29:00.063+0000] {dag.py:3239} INFO - Sync 1 DAGs
[2026-03-24T06:29:00.100+0000] {logging_mixin.py:190} INFO - [2026-03-24T06:29:00.100+0000] {dag.py:4180} INFO - Setting next_dagrun for example_skip_dag to 2026-03-23 00:00:00+00:00, run_after=2026-03-24 00:00:00+00:00
[2026-03-24T06:29:00.141+0000] {processor.py:208} INFO - Processing /home/ec2-user/environment/lab4_model_training/venv/lib64/python3.12/site-packages/airflow/example_dags/example_skip_dag.py took 0.143 seconds
[2026-03-24T06:30:01.088+0000] {processor.py:186} INFO - Started process (PID=6881) to work on /home/ec2-user/environment/lab4_model_training/venv/lib64/python3.12/site-packages/airflow/example_dags/example_skip_dag.py
[2026-03-24T06:30:01.090+0000] {processor.py:914} INFO - Processing file /home/ec2-user/environment/lab4_model_training/venv/lib64/python3.12/site-packages/airflow/example_dags/example_skip_dag.py for tasks to queue
[2026-03-24T06:30:01.092+0000] {logging_mixin.py:190} INFO - [2026-03-24T06:30:01.092+0000] {dagbag.py:588} INFO - Filling up the DagBag from /home/ec2-user/environment/lab4_model_training/venv/lib64/python3.12/site-packages/airflow/example_dags/example_skip_dag.py
[2026-03-24T06:30:01.101+0000] {processor.py:925} INFO - DAG(s) 'example_skip_dag' retrieved from /home/ec2-user/environment/lab4_model_training/venv/lib64/python3.12/site-packages/airflow/example_dags/example_skip_dag.py
[2026-03-24T06:30:01.118+0000] {logging_mixin.py:190} INFO - [2026-03-24T06:30:01.118+0000] {dag.py:3239} INFO - Sync 1 DAGs
[2026-03-24T06:30:01.143+0000] {logging_mixin.py:190} INFO - [2026-03-24T06:30:01.143+0000] {dag.py:4180} INFO - Setting next_dagrun for example_skip_dag to 2026-03-23 00:00:00+00:00, run_after=2026-03-24 00:00:00+00:00
[2026-03-24T06:30:01.167+0000] {processor.py:208} INFO - Processing /home/ec2-user/environment/lab4_model_training/venv/lib64/python3.12/site-packages/airflow/example_dags/example_skip_dag.py took 0.084 seconds
[2026-03-24T06:31:01.635+0000] {processor.py:186} INFO - Started process (PID=7139) to work on /home/ec2-user/environment/lab4_model_training/venv/lib64/python3.12/site-packages/airflow/example_dags/example_skip_dag.py
[2026-03-24T06:31:01.636+0000] {processor.py:914} INFO - Processing file /home/ec2-user/environment/lab4_model_training/venv/lib64/python3.12/site-packages/airflow/example_dags/example_skip_dag.py for tasks to queue
[2026-03-24T06:31:01.641+0000] {logging_mixin.py:190} INFO - [2026-03-24T06:31:01.640+0000] {dagbag.py:588} INFO - Filling up the DagBag from /home/ec2-user/environment/lab4_model_training/venv/lib64/python3.12/site-packages/airflow/example_dags/example_skip_dag.py
[2026-03-24T06:31:01.651+0000] {processor.py:925} INFO - DAG(s) 'example_skip_dag' retrieved from /home/ec2-user/environment/lab4_model_training/venv/lib64/python3.12/site-packages/airflow/example_dags/example_skip_dag.py
[2026-03-24T06:31:01.667+0000] {logging_mixin.py:190} INFO - [2026-03-24T06:31:01.667+0000] {dag.py:3239} INFO - Sync 1 DAGs
[2026-03-24T06:31:01.687+0000] {logging_mixin.py:190} INFO - [2026-03-24T06:31:01.687+0000] {dag.py:4180} INFO - Setting next_dagrun for example_skip_dag to 2026-03-23 00:00:00+00:00, run_after=2026-03-24 00:00:00+00:00
[2026-03-24T06:31:01.713+0000] {processor.py:208} INFO - Processing /home/ec2-user/environment/lab4_model_training/venv/lib64/python3.12/site-packages/airflow/example_dags/example_skip_dag.py took 0.082 seconds
[2026-03-24T06:32:06.238+0000] {processor.py:186} INFO - Started process (PID=7450) to work on /home/ec2-user/environment/lab4_model_training/venv/lib64/python3.12/site-packages/airflow/example_dags/example_skip_dag.py
[2026-03-24T06:32:06.239+0000] {processor.py:914} INFO - Processing file /home/ec2-user/environment/lab4_model_training/venv/lib64/python3.12/site-packages/airflow/example_dags/example_skip_dag.py for tasks to queue
[2026-03-24T06:32:06.242+0000] {logging_mixin.py:190} INFO - [2026-03-24T06:32:06.242+0000] {dagbag.py:588} INFO - Filling up the DagBag from /home/ec2-user/environment/lab4_model_training/venv/lib64/python3.12/site-packages/airflow/example_dags/example_skip_dag.py
[2026-03-24T06:32:06.252+0000] {processor.py:925} INFO - DAG(s) 'example_skip_dag' retrieved from /home/ec2-user/environment/lab4_model_training/venv/lib64/python3.12/site-packages/airflow/example_dags/example_skip_dag.py
[2026-03-24T06:32:06.271+0000] {logging_mixin.py:190} INFO - [2026-03-24T06:32:06.271+0000] {dag.py:3239} INFO - Sync 1 DAGs
[2026-03-24T06:32:06.289+0000] {logging_mixin.py:190} INFO - [2026-03-24T06:32:06.289+0000] {dag.py:4180} INFO - Setting next_dagrun for example_skip_dag to 2026-03-23 00:00:00+00:00, run_after=2026-03-24 00:00:00+00:00
[2026-03-24T06:32:06.311+0000] {processor.py:208} INFO - Processing /home/ec2-user/environment/lab4_model_training/venv/lib64/python3.12/site-packages/airflow/example_dags/example_skip_dag.py took 0.077 seconds
[2026-03-24T06:33:15.470+0000] {processor.py:186} INFO - Started process (PID=7791) to work on /home/ec2-user/environment/lab4_model_training/venv/lib64/python3.12/site-packages/airflow/example_dags/example_skip_dag.py
[2026-03-24T06:33:15.471+0000] {processor.py:914} INFO - Processing file /home/ec2-user/environment/lab4_model_training/venv/lib64/python3.12/site-packages/airflow/example_dags/example_skip_dag.py for tasks to queue
[2026-03-24T06:33:15.473+0000] {logging_mixin.py:190} INFO - [2026-03-24T06:33:15.473+0000] {dagbag.py:588} INFO - Filling up the DagBag from /home/ec2-user/environment/lab4_model_training/venv/lib64/python3.12/site-packages/airflow/example_dags/example_skip_dag.py
[2026-03-24T06:33:15.483+0000] {processor.py:925} INFO - DAG(s) 'example_skip_dag' retrieved from /home/ec2-user/environment/lab4_model_training/venv/lib64/python3.12/site-packages/airflow/example_dags/example_skip_dag.py
[2026-03-24T06:33:15.500+0000] {logging_mixin.py:190} INFO - [2026-03-24T06:33:15.500+0000] {dag.py:3239} INFO - Sync 1 DAGs
[2026-03-24T06:33:15.519+0000] {logging_mixin.py:190} INFO - [2026-03-24T06:33:15.519+0000] {dag.py:4180} INFO - Setting next_dagrun for example_skip_dag to 2026-03-23 00:00:00+00:00, run_after=2026-03-24 00:00:00+00:00
[2026-03-24T06:33:15.540+0000] {processor.py:208} INFO - Processing /home/ec2-user/environment/lab4_model_training/venv/lib64/python3.12/site-packages/airflow/example_dags/example_skip_dag.py took 0.075 seconds
[2026-03-24T06:34:16.173+0000] {processor.py:186} INFO - Started process (PID=7997) to work on /home/ec2-user/environment/lab4_model_training/venv/lib64/python3.12/site-packages/airflow/example_dags/example_skip_dag.py
[2026-03-24T06:34:16.174+0000] {processor.py:914} INFO - Processing file /home/ec2-user/environment/lab4_model_training/venv/lib64/python3.12/site-packages/airflow/example_dags/example_skip_dag.py for tasks to queue
[2026-03-24T06:34:16.177+0000] {logging_mixin.py:190} INFO - [2026-03-24T06:34:16.177+0000] {dagbag.py:588} INFO - Filling up the DagBag from /home/ec2-user/environment/lab4_model_training/venv/lib64/python3.12/site-packages/airflow/example_dags/example_skip_dag.py
[2026-03-24T06:34:16.186+0000] {processor.py:925} INFO - DAG(s) 'example_skip_dag' retrieved from /home/ec2-user/environment/lab4_model_training/venv/lib64/python3.12/site-packages/airflow/example_dags/example_skip_dag.py
[2026-03-24T06:34:16.203+0000] {logging_mixin.py:190} INFO - [2026-03-24T06:34:16.203+0000] {dag.py:3239} INFO - Sync 1 DAGs
[2026-03-24T06:34:16.223+0000] {logging_mixin.py:190} INFO - [2026-03-24T06:34:16.223+0000] {dag.py:4180} INFO - Setting next_dagrun for example_skip_dag to 2026-03-23 00:00:00+00:00, run_after=2026-03-24 00:00:00+00:00
[2026-03-24T06:34:16.245+0000] {processor.py:208} INFO - Processing /home/ec2-user/environment/lab4_model_training/venv/lib64/python3.12/site-packages/airflow/example_dags/example_skip_dag.py took 0.076 seconds
[2026-03-24T06:35:19.613+0000] {processor.py:186} INFO - Started process (PID=8286) to work on /home/ec2-user/environment/lab4_model_training/venv/lib64/python3.12/site-packages/airflow/example_dags/example_skip_dag.py
[2026-03-24T06:35:19.614+0000] {processor.py:914} INFO - Processing file /home/ec2-user/environment/lab4_model_training/venv/lib64/python3.12/site-packages/airflow/example_dags/example_skip_dag.py for tasks to queue
[2026-03-24T06:35:19.617+0000] {logging_mixin.py:190} INFO - [2026-03-24T06:35:19.617+0000] {dagbag.py:588} INFO - Filling up the DagBag from /home/ec2-user/environment/lab4_model_training/venv/lib64/python3.12/site-packages/airflow/example_dags/example_skip_dag.py
[2026-03-24T06:35:19.627+0000] {processor.py:925} INFO - DAG(s) 'example_skip_dag' retrieved from /home/ec2-user/environment/lab4_model_training/venv/lib64/python3.12/site-packages/airflow/example_dags/example_skip_dag.py
[2026-03-24T06:35:19.644+0000] {logging_mixin.py:190} INFO - [2026-03-24T06:35:19.644+0000] {dag.py:3239} INFO - Sync 1 DAGs
[2026-03-24T06:35:19.663+0000] {logging_mixin.py:190} INFO - [2026-03-24T06:35:19.662+0000] {dag.py:4180} INFO - Setting next_dagrun for example_skip_dag to 2026-03-23 00:00:00+00:00, run_after=2026-03-24 00:00:00+00:00
[2026-03-24T06:35:19.684+0000] {processor.py:208} INFO - Processing /home/ec2-user/environment/lab4_model_training/venv/lib64/python3.12/site-packages/airflow/example_dags/example_skip_dag.py took 0.076 seconds
[2026-03-24T06:36:23.906+0000] {processor.py:186} INFO - Started process (PID=8545) to work on /home/ec2-user/environment/lab4_model_training/venv/lib64/python3.12/site-packages/airflow/example_dags/example_skip_dag.py
[2026-03-24T06:36:23.907+0000] {processor.py:914} INFO - Processing file /home/ec2-user/environment/lab4_model_training/venv/lib64/python3.12/site-packages/airflow/example_dags/example_skip_dag.py for tasks to queue
[2026-03-24T06:36:23.910+0000] {logging_mixin.py:190} INFO - [2026-03-24T06:36:23.909+0000] {dagbag.py:588} INFO - Filling up the DagBag from /home/ec2-user/environment/lab4_model_training/venv/lib64/python3.12/site-packages/airflow/example_dags/example_skip_dag.py
[2026-03-24T06:36:23.919+0000] {processor.py:925} INFO - DAG(s) 'example_skip_dag' retrieved from /home/ec2-user/environment/lab4_model_training/venv/lib64/python3.12/site-packages/airflow/example_dags/example_skip_dag.py
[2026-03-24T06:36:23.939+0000] {logging_mixin.py:190} INFO - [2026-03-24T06:36:23.939+0000] {dag.py:3239} INFO - Sync 1 DAGs
[2026-03-24T06:36:23.958+0000] {logging_mixin.py:190} INFO - [2026-03-24T06:36:23.958+0000] {dag.py:4180} INFO - Setting next_dagrun for example_skip_dag to 2026-03-23 00:00:00+00:00, run_after=2026-03-24 00:00:00+00:00
[2026-03-24T06:36:23.979+0000] {processor.py:208} INFO - Processing /home/ec2-user/environment/lab4_model_training/venv/lib64/python3.12/site-packages/airflow/example_dags/example_skip_dag.py took 0.078 seconds
[2026-03-24T06:37:31.558+0000] {processor.py:186} INFO - Started process (PID=8920) to work on /home/ec2-user/environment/lab4_model_training/venv/lib64/python3.12/site-packages/airflow/example_dags/example_skip_dag.py
[2026-03-24T06:37:31.559+0000] {processor.py:914} INFO - Processing file /home/ec2-user/environment/lab4_model_training/venv/lib64/python3.12/site-packages/airflow/example_dags/example_skip_dag.py for tasks to queue
[2026-03-24T06:37:31.562+0000] {logging_mixin.py:190} INFO - [2026-03-24T06:37:31.562+0000] {dagbag.py:588} INFO - Filling up the DagBag from /home/ec2-user/environment/lab4_model_training/venv/lib64/python3.12/site-packages/airflow/example_dags/example_skip_dag.py
[2026-03-24T06:37:31.571+0000] {processor.py:925} INFO - DAG(s) 'example_skip_dag' retrieved from /home/ec2-user/environment/lab4_model_training/venv/lib64/python3.12/site-packages/airflow/example_dags/example_skip_dag.py
[2026-03-24T06:37:31.588+0000] {logging_mixin.py:190} INFO - [2026-03-24T06:37:31.588+0000] {dag.py:3239} INFO - Sync 1 DAGs
[2026-03-24T06:37:31.608+0000] {logging_mixin.py:190} INFO - [2026-03-24T06:37:31.608+0000] {dag.py:4180} INFO - Setting next_dagrun for example_skip_dag to 2026-03-23 00:00:00+00:00, run_after=2026-03-24 00:00:00+00:00
[2026-03-24T06:37:31.630+0000] {processor.py:208} INFO - Processing /home/ec2-user/environment/lab4_model_training/venv/lib64/python3.12/site-packages/airflow/example_dags/example_skip_dag.py took 0.076 seconds
[2026-03-24T06:38:41.087+0000] {processor.py:186} INFO - Started process (PID=9215) to work on /home/ec2-user/environment/lab4_model_training/venv/lib64/python3.12/site-packages/airflow/example_dags/example_skip_dag.py
[2026-03-24T06:38:41.088+0000] {processor.py:914} INFO - Processing file /home/ec2-user/environment/lab4_model_training/venv/lib64/python3.12/site-packages/airflow/example_dags/example_skip_dag.py for tasks to queue
[2026-03-24T06:38:41.090+0000] {logging_mixin.py:190} INFO - [2026-03-24T06:38:41.090+0000] {dagbag.py:588} INFO - Filling up the DagBag from /home/ec2-user/environment/lab4_model_training/venv/lib64/python3.12/site-packages/airflow/example_dags/example_skip_dag.py
[2026-03-24T06:38:41.099+0000] {processor.py:925} INFO - DAG(s) 'example_skip_dag' retrieved from /home/ec2-user/environment/lab4_model_training/venv/lib64/python3.12/site-packages/airflow/example_dags/example_skip_dag.py
[2026-03-24T06:38:41.118+0000] {logging_mixin.py:190} INFO - [2026-03-24T06:38:41.118+0000] {dag.py:3239} INFO - Sync 1 DAGs
[2026-03-24T06:38:41.137+0000] {logging_mixin.py:190} INFO - [2026-03-24T06:38:41.136+0000] {dag.py:4180} INFO - Setting next_dagrun for example_skip_dag to 2026-03-23 00:00:00+00:00, run_after=2026-03-24 00:00:00+00:00
[2026-03-24T06:38:41.158+0000] {processor.py:208} INFO - Processing /home/ec2-user/environment/lab4_model_training/venv/lib64/python3.12/site-packages/airflow/example_dags/example_skip_dag.py took 0.076 seconds
[2026-03-24T06:39:50.830+0000] {processor.py:186} INFO - Started process (PID=9565) to work on /home/ec2-user/environment/lab4_model_training/venv/lib64/python3.12/site-packages/airflow/example_dags/example_skip_dag.py
[2026-03-24T06:39:50.831+0000] {processor.py:914} INFO - Processing file /home/ec2-user/environment/lab4_model_training/venv/lib64/python3.12/site-packages/airflow/example_dags/example_skip_dag.py for tasks to queue
[2026-03-24T06:39:50.834+0000] {logging_mixin.py:190} INFO - [2026-03-24T06:39:50.833+0000] {dagbag.py:588} INFO - Filling up the DagBag from /home/ec2-user/environment/lab4_model_training/venv/lib64/python3.12/site-packages/airflow/example_dags/example_skip_dag.py
[2026-03-24T06:39:50.843+0000] {processor.py:925} INFO - DAG(s) 'example_skip_dag' retrieved from /home/ec2-user/environment/lab4_model_training/venv/lib64/python3.12/site-packages/airflow/example_dags/example_skip_dag.py
[2026-03-24T06:39:50.860+0000] {logging_mixin.py:190} INFO - [2026-03-24T06:39:50.860+0000] {dag.py:3239} INFO - Sync 1 DAGs
[2026-03-24T06:39:50.879+0000] {logging_mixin.py:190} INFO - [2026-03-24T06:39:50.879+0000] {dag.py:4180} INFO - Setting next_dagrun for example_skip_dag to 2026-03-23 00:00:00+00:00, run_after=2026-03-24 00:00:00+00:00
[2026-03-24T06:39:50.902+0000] {processor.py:208} INFO - Processing /home/ec2-user/environment/lab4_model_training/venv/lib64/python3.12/site-packages/airflow/example_dags/example_skip_dag.py took 0.077 seconds
[2026-03-24T06:41:00.324+0000] {processor.py:186} INFO - Started process (PID=9890) to work on /home/ec2-user/environment/lab4_model_training/venv/lib64/python3.12/site-packages/airflow/example_dags/example_skip_dag.py
[2026-03-24T06:41:00.331+0000] {processor.py:914} INFO - Processing file /home/ec2-user/environment/lab4_model_training/venv/lib64/python3.12/site-packages/airflow/example_dags/example_skip_dag.py for tasks to queue
[2026-03-24T06:41:00.338+0000] {logging_mixin.py:190} INFO - [2026-03-24T06:41:00.338+0000] {dagbag.py:588} INFO - Filling up the DagBag from /home/ec2-user/environment/lab4_model_training/venv/lib64/python3.12/site-packages/airflow/example_dags/example_skip_dag.py
[2026-03-24T06:41:00.348+0000] {processor.py:925} INFO - DAG(s) 'example_skip_dag' retrieved from /home/ec2-user/environment/lab4_model_training/venv/lib64/python3.12/site-packages/airflow/example_dags/example_skip_dag.py
[2026-03-24T06:41:00.370+0000] {logging_mixin.py:190} INFO - [2026-03-24T06:41:00.370+0000] {dag.py:3239} INFO - Sync 1 DAGs
[2026-03-24T06:41:00.395+0000] {logging_mixin.py:190} INFO - [2026-03-24T06:41:00.395+0000] {dag.py:4180} INFO - Setting next_dagrun for example_skip_dag to 2026-03-23 00:00:00+00:00, run_after=2026-03-24 00:00:00+00:00
[2026-03-24T06:41:00.423+0000] {processor.py:208} INFO - Processing /home/ec2-user/environment/lab4_model_training/venv/lib64/python3.12/site-packages/airflow/example_dags/example_skip_dag.py took 0.106 seconds
[2026-03-24T06:42:08.964+0000] {processor.py:186} INFO - Started process (PID=10286) to work on /home/ec2-user/environment/lab4_model_training/venv/lib64/python3.12/site-packages/airflow/example_dags/example_skip_dag.py
[2026-03-24T06:42:08.965+0000] {processor.py:914} INFO - Processing file /home/ec2-user/environment/lab4_model_training/venv/lib64/python3.12/site-packages/airflow/example_dags/example_skip_dag.py for tasks to queue
[2026-03-24T06:42:08.968+0000] {logging_mixin.py:190} INFO - [2026-03-24T06:42:08.968+0000] {dagbag.py:588} INFO - Filling up the DagBag from /home/ec2-user/environment/lab4_model_training/venv/lib64/python3.12/site-packages/airflow/example_dags/example_skip_dag.py
[2026-03-24T06:42:08.978+0000] {processor.py:925} INFO - DAG(s) 'example_skip_dag' retrieved from /home/ec2-user/environment/lab4_model_training/venv/lib64/python3.12/site-packages/airflow/example_dags/example_skip_dag.py
[2026-03-24T06:42:08.996+0000] {logging_mixin.py:190} INFO - [2026-03-24T06:42:08.996+0000] {dag.py:3239} INFO - Sync 1 DAGs
[2026-03-24T06:42:09.015+0000] {logging_mixin.py:190} INFO - [2026-03-24T06:42:09.015+0000] {dag.py:4180} INFO - Setting next_dagrun for example_skip_dag to 2026-03-23 00:00:00+00:00, run_after=2026-03-24 00:00:00+00:00
[2026-03-24T06:42:09.040+0000] {processor.py:208} INFO - Processing /home/ec2-user/environment/lab4_model_training/venv/lib64/python3.12/site-packages/airflow/example_dags/example_skip_dag.py took 0.081 seconds
[2026-03-24T06:43:13.823+0000] {processor.py:186} INFO - Started process (PID=10638) to work on /home/ec2-user/environment/lab4_model_training/venv/lib64/python3.12/site-packages/airflow/example_dags/example_skip_dag.py
[2026-03-24T06:43:13.825+0000] {processor.py:914} INFO - Processing file /home/ec2-user/environment/lab4_model_training/venv/lib64/python3.12/site-packages/airflow/example_dags/example_skip_dag.py for tasks to queue
[2026-03-24T06:43:13.828+0000] {logging_mixin.py:190} INFO - [2026-03-24T06:43:13.828+0000] {dagbag.py:588} INFO - Filling up the DagBag from /home/ec2-user/environment/lab4_model_training/venv/lib64/python3.12/site-packages/airflow/example_dags/example_skip_dag.py
[2026-03-24T06:43:13.838+0000] {processor.py:925} INFO - DAG(s) 'example_skip_dag' retrieved from /home/ec2-user/environment/lab4_model_training/venv/lib64/python3.12/site-packages/airflow/example_dags/example_skip_dag.py
[2026-03-24T06:43:13.855+0000] {logging_mixin.py:190} INFO - [2026-03-24T06:43:13.855+0000] {dag.py:3239} INFO - Sync 1 DAGs
[2026-03-24T06:43:13.874+0000] {logging_mixin.py:190} INFO - [2026-03-24T06:43:13.874+0000] {dag.py:4180} INFO - Setting next_dagrun for example_skip_dag to 2026-03-23 00:00:00+00:00, run_after=2026-03-24 00:00:00+00:00
[2026-03-24T06:43:13.896+0000] {processor.py:208} INFO - Processing /home/ec2-user/environment/lab4_model_training/venv/lib64/python3.12/site-packages/airflow/example_dags/example_skip_dag.py took 0.077 seconds
[2026-03-24T06:44:20.068+0000] {processor.py:186} INFO - Started process (PID=10953) to work on /home/ec2-user/environment/lab4_model_training/venv/lib64/python3.12/site-packages/airflow/example_dags/example_skip_dag.py
[2026-03-24T06:44:20.069+0000] {processor.py:914} INFO - Processing file /home/ec2-user/environment/lab4_model_training/venv/lib64/python3.12/site-packages/airflow/example_dags/example_skip_dag.py for tasks to queue
[2026-03-24T06:44:20.072+0000] {logging_mixin.py:190} INFO - [2026-03-24T06:44:20.071+0000] {dagbag.py:588} INFO - Filling up the DagBag from /home/ec2-user/environment/lab4_model_training/venv/lib64/python3.12/site-packages/airflow/example_dags/example_skip_dag.py
[2026-03-24T06:44:20.081+0000] {processor.py:925} INFO - DAG(s) 'example_skip_dag' retrieved from /home/ec2-user/environment/lab4_model_training/venv/lib64/python3.12/site-packages/airflow/example_dags/example_skip_dag.py
[2026-03-24T06:44:20.103+0000] {logging_mixin.py:190} INFO - [2026-03-24T06:44:20.102+0000] {dag.py:3239} INFO - Sync 1 DAGs
[2026-03-24T06:44:20.126+0000] {logging_mixin.py:190} INFO - [2026-03-24T06:44:20.126+0000] {dag.py:4180} INFO - Setting next_dagrun for example_skip_dag to 2026-03-23 00:00:00+00:00, run_after=2026-03-24 00:00:00+00:00
[2026-03-24T06:44:20.154+0000] {processor.py:208} INFO - Processing /home/ec2-user/environment/lab4_model_training/venv/lib64/python3.12/site-packages/airflow/example_dags/example_skip_dag.py took 0.090 seconds
[2026-03-24T06:45:29.235+0000] {processor.py:186} INFO - Started process (PID=11409) to work on /home/ec2-user/environment/lab4_model_training/venv/lib64/python3.12/site-packages/airflow/example_dags/example_skip_dag.py
[2026-03-24T06:45:29.236+0000] {processor.py:914} INFO - Processing file /home/ec2-user/environment/lab4_model_training/venv/lib64/python3.12/site-packages/airflow/example_dags/example_skip_dag.py for tasks to queue
[2026-03-24T06:45:29.239+0000] {logging_mixin.py:190} INFO - [2026-03-24T06:45:29.238+0000] {dagbag.py:588} INFO - Filling up the DagBag from /home/ec2-user/environment/lab4_model_training/venv/lib64/python3.12/site-packages/airflow/example_dags/example_skip_dag.py
[2026-03-24T06:45:29.248+0000] {processor.py:925} INFO - DAG(s) 'example_skip_dag' retrieved from /home/ec2-user/environment/lab4_model_training/venv/lib64/python3.12/site-packages/airflow/example_dags/example_skip_dag.py
[2026-03-24T06:45:29.265+0000] {logging_mixin.py:190} INFO - [2026-03-24T06:45:29.265+0000] {dag.py:3239} INFO - Sync 1 DAGs
[2026-03-24T06:45:29.285+0000] {logging_mixin.py:190} INFO - [2026-03-24T06:45:29.285+0000] {dag.py:4180} INFO - Setting next_dagrun for example_skip_dag to 2026-03-23 00:00:00+00:00, run_after=2026-03-24 00:00:00+00:00
[2026-03-24T06:45:29.307+0000] {processor.py:208} INFO - Processing /home/ec2-user/environment/lab4_model_training/venv/lib64/python3.12/site-packages/airflow/example_dags/example_skip_dag.py took 0.076 seconds
[2026-03-24T06:46:54.715+0000] {processor.py:186} INFO - Started process (PID=11781) to work on /home/ec2-user/environment/lab4_model_training/venv/lib64/python3.12/site-packages/airflow/example_dags/example_skip_dag.py
[2026-03-24T06:46:54.716+0000] {processor.py:914} INFO - Processing file /home/ec2-user/environment/lab4_model_training/venv/lib64/python3.12/site-packages/airflow/example_dags/example_skip_dag.py for tasks to queue
[2026-03-24T06:46:54.718+0000] {logging_mixin.py:190} INFO - [2026-03-24T06:46:54.718+0000] {dagbag.py:588} INFO - Filling up the DagBag from /home/ec2-user/environment/lab4_model_training/venv/lib64/python3.12/site-packages/airflow/example_dags/example_skip_dag.py
[2026-03-24T06:46:54.727+0000] {processor.py:925} INFO - DAG(s) 'example_skip_dag' retrieved from /home/ec2-user/environment/lab4_model_training/venv/lib64/python3.12/site-packages/airflow/example_dags/example_skip_dag.py
[2026-03-24T06:46:54.745+0000] {logging_mixin.py:190} INFO - [2026-03-24T06:46:54.744+0000] {dag.py:3239} INFO - Sync 1 DAGs
[2026-03-24T06:46:54.764+0000] {logging_mixin.py:190} INFO - [2026-03-24T06:46:54.763+0000] {dag.py:4180} INFO - Setting next_dagrun for example_skip_dag to 2026-03-23 00:00:00+00:00, run_after=2026-03-24 00:00:00+00:00
[2026-03-24T06:46:54.788+0000] {processor.py:208} INFO - Processing /home/ec2-user/environment/lab4_model_training/venv/lib64/python3.12/site-packages/airflow/example_dags/example_skip_dag.py took 0.078 seconds
[2026-03-24T06:48:00.802+0000] {processor.py:186} INFO - Started process (PID=12056) to work on /home/ec2-user/environment/lab4_model_training/venv/lib64/python3.12/site-packages/airflow/example_dags/example_skip_dag.py
[2026-03-24T06:48:00.804+0000] {processor.py:914} INFO - Processing file /home/ec2-user/environment/lab4_model_training/venv/lib64/python3.12/site-packages/airflow/example_dags/example_skip_dag.py for tasks to queue
[2026-03-24T06:48:00.806+0000] {logging_mixin.py:190} INFO - [2026-03-24T06:48:00.805+0000] {dagbag.py:588} INFO - Filling up the DagBag from /home/ec2-user/environment/lab4_model_training/venv/lib64/python3.12/site-packages/airflow/example_dags/example_skip_dag.py
[2026-03-24T06:48:00.815+0000] {processor.py:925} INFO - DAG(s) 'example_skip_dag' retrieved from /home/ec2-user/environment/lab4_model_training/venv/lib64/python3.12/site-packages/airflow/example_dags/example_skip_dag.py
[2026-03-24T06:48:00.833+0000] {logging_mixin.py:190} INFO - [2026-03-24T06:48:00.832+0000] {dag.py:3239} INFO - Sync 1 DAGs
[2026-03-24T06:48:00.852+0000] {logging_mixin.py:190} INFO - [2026-03-24T06:48:00.851+0000] {dag.py:4180} INFO - Setting next_dagrun for example_skip_dag to 2026-03-23 00:00:00+00:00, run_after=2026-03-24 00:00:00+00:00
[2026-03-24T06:48:00.875+0000] {processor.py:208} INFO - Processing /home/ec2-user/environment/lab4_model_training/venv/lib64/python3.12/site-packages/airflow/example_dags/example_skip_dag.py took 0.077 seconds
[2026-03-24T06:49:05.895+0000] {processor.py:186} INFO - Started process (PID=12353) to work on /home/ec2-user/environment/lab4_model_training/venv/lib64/python3.12/site-packages/airflow/example_dags/example_skip_dag.py
[2026-03-24T06:49:05.897+0000] {processor.py:914} INFO - Processing file /home/ec2-user/environment/lab4_model_training/venv/lib64/python3.12/site-packages/airflow/example_dags/example_skip_dag.py for tasks to queue
[2026-03-24T06:49:05.899+0000] {logging_mixin.py:190} INFO - [2026-03-24T06:49:05.898+0000] {dagbag.py:588} INFO - Filling up the DagBag from /home/ec2-user/environment/lab4_model_training/venv/lib64/python3.12/site-packages/airflow/example_dags/example_skip_dag.py
[2026-03-24T06:49:05.908+0000] {processor.py:925} INFO - DAG(s) 'example_skip_dag' retrieved from /home/ec2-user/environment/lab4_model_training/venv/lib64/python3.12/site-packages/airflow/example_dags/example_skip_dag.py
[2026-03-24T06:49:05.926+0000] {logging_mixin.py:190} INFO - [2026-03-24T06:49:05.926+0000] {dag.py:3239} INFO - Sync 1 DAGs
[2026-03-24T06:49:05.944+0000] {logging_mixin.py:190} INFO - [2026-03-24T06:49:05.944+0000] {dag.py:4180} INFO - Setting next_dagrun for example_skip_dag to 2026-03-23 00:00:00+00:00, run_after=2026-03-24 00:00:00+00:00
[2026-03-24T06:49:05.968+0000] {processor.py:208} INFO - Processing /home/ec2-user/environment/lab4_model_training/venv/lib64/python3.12/site-packages/airflow/example_dags/example_skip_dag.py took 0.080 seconds
[2026-03-24T06:50:12.346+0000] {processor.py:186} INFO - Started process (PID=12553) to work on /home/ec2-user/environment/lab4_model_training/venv/lib64/python3.12/site-packages/airflow/example_dags/example_skip_dag.py
[2026-03-24T06:50:12.348+0000] {processor.py:914} INFO - Processing file /home/ec2-user/environment/lab4_model_training/venv/lib64/python3.12/site-packages/airflow/example_dags/example_skip_dag.py for tasks to queue
[2026-03-24T06:50:12.350+0000] {logging_mixin.py:190} INFO - [2026-03-24T06:50:12.350+0000] {dagbag.py:588} INFO - Filling up the DagBag from /home/ec2-user/environment/lab4_model_training/venv/lib64/python3.12/site-packages/airflow/example_dags/example_skip_dag.py
[2026-03-24T06:50:12.360+0000] {processor.py:925} INFO - DAG(s) 'example_skip_dag' retrieved from /home/ec2-user/environment/lab4_model_training/venv/lib64/python3.12/site-packages/airflow/example_dags/example_skip_dag.py
[2026-03-24T06:50:12.379+0000] {logging_mixin.py:190} INFO - [2026-03-24T06:50:12.379+0000] {dag.py:3239} INFO - Sync 1 DAGs
[2026-03-24T06:50:12.399+0000] {logging_mixin.py:190} INFO - [2026-03-24T06:50:12.398+0000] {dag.py:4180} INFO - Setting next_dagrun for example_skip_dag to 2026-03-23 00:00:00+00:00, run_after=2026-03-24 00:00:00+00:00
[2026-03-24T06:50:12.421+0000] {processor.py:208} INFO - Processing /home/ec2-user/environment/lab4_model_training/venv/lib64/python3.12/site-packages/airflow/example_dags/example_skip_dag.py took 0.080 seconds
[2026-03-24T06:51:22.817+0000] {processor.py:186} INFO - Started process (PID=12857) to work on /home/ec2-user/environment/lab4_model_training/venv/lib64/python3.12/site-packages/airflow/example_dags/example_skip_dag.py
[2026-03-24T06:51:22.818+0000] {processor.py:914} INFO - Processing file /home/ec2-user/environment/lab4_model_training/venv/lib64/python3.12/site-packages/airflow/example_dags/example_skip_dag.py for tasks to queue
[2026-03-24T06:51:22.821+0000] {logging_mixin.py:190} INFO - [2026-03-24T06:51:22.820+0000] {dagbag.py:588} INFO - Filling up the DagBag from /home/ec2-user/environment/lab4_model_training/venv/lib64/python3.12/site-packages/airflow/example_dags/example_skip_dag.py
[2026-03-24T06:51:22.831+0000] {processor.py:925} INFO - DAG(s) 'example_skip_dag' retrieved from /home/ec2-user/environment/lab4_model_training/venv/lib64/python3.12/site-packages/airflow/example_dags/example_skip_dag.py
[2026-03-24T06:51:22.848+0000] {logging_mixin.py:190} INFO - [2026-03-24T06:51:22.848+0000] {dag.py:3239} INFO - Sync 1 DAGs
[2026-03-24T06:51:22.868+0000] {logging_mixin.py:190} INFO - [2026-03-24T06:51:22.868+0000] {dag.py:4180} INFO - Setting next_dagrun for example_skip_dag to 2026-03-23 00:00:00+00:00, run_after=2026-03-24 00:00:00+00:00
[2026-03-24T06:51:22.891+0000] {processor.py:208} INFO - Processing /home/ec2-user/environment/lab4_model_training/venv/lib64/python3.12/site-packages/airflow/example_dags/example_skip_dag.py took 0.079 seconds
[2026-03-24T06:52:31.195+0000] {processor.py:186} INFO - Started process (PID=13215) to work on /home/ec2-user/environment/lab4_model_training/venv/lib64/python3.12/site-packages/airflow/example_dags/example_skip_dag.py
[2026-03-24T06:52:31.197+0000] {processor.py:914} INFO - Processing file /home/ec2-user/environment/lab4_model_training/venv/lib64/python3.12/site-packages/airflow/example_dags/example_skip_dag.py for tasks to queue
[2026-03-24T06:52:31.198+0000] {logging_mixin.py:190} INFO - [2026-03-24T06:52:31.198+0000] {dagbag.py:588} INFO - Filling up the DagBag from /home/ec2-user/environment/lab4_model_training/venv/lib64/python3.12/site-packages/airflow/example_dags/example_skip_dag.py
[2026-03-24T06:52:31.209+0000] {processor.py:925} INFO - DAG(s) 'example_skip_dag' retrieved from /home/ec2-user/environment/lab4_model_training/venv/lib64/python3.12/site-packages/airflow/example_dags/example_skip_dag.py
[2026-03-24T06:52:31.228+0000] {logging_mixin.py:190} INFO - [2026-03-24T06:52:31.227+0000] {dag.py:3239} INFO - Sync 1 DAGs
[2026-03-24T06:52:31.246+0000] {logging_mixin.py:190} INFO - [2026-03-24T06:52:31.246+0000] {dag.py:4180} INFO - Setting next_dagrun for example_skip_dag to 2026-03-23 00:00:00+00:00, run_after=2026-03-24 00:00:00+00:00
[2026-03-24T06:52:31.267+0000] {processor.py:208} INFO - Processing /home/ec2-user/environment/lab4_model_training/venv/lib64/python3.12/site-packages/airflow/example_dags/example_skip_dag.py took 0.076 seconds
[2026-03-24T06:53:49.297+0000] {processor.py:186} INFO - Started process (PID=13561) to work on /home/ec2-user/environment/lab4_model_training/venv/lib64/python3.12/site-packages/airflow/example_dags/example_skip_dag.py
[2026-03-24T06:53:49.298+0000] {processor.py:914} INFO - Processing file /home/ec2-user/environment/lab4_model_training/venv/lib64/python3.12/site-packages/airflow/example_dags/example_skip_dag.py for tasks to queue
[2026-03-24T06:53:49.300+0000] {logging_mixin.py:190} INFO - [2026-03-24T06:53:49.299+0000] {dagbag.py:588} INFO - Filling up the DagBag from /home/ec2-user/environment/lab4_model_training/venv/lib64/python3.12/site-packages/airflow/example_dags/example_skip_dag.py
[2026-03-24T06:53:49.310+0000] {processor.py:925} INFO - DAG(s) 'example_skip_dag' retrieved from /home/ec2-user/environment/lab4_model_training/venv/lib64/python3.12/site-packages/airflow/example_dags/example_skip_dag.py
[2026-03-24T06:53:49.331+0000] {logging_mixin.py:190} INFO - [2026-03-24T06:53:49.331+0000] {dag.py:3239} INFO - Sync 1 DAGs
[2026-03-24T06:53:49.354+0000] {logging_mixin.py:190} INFO - [2026-03-24T06:53:49.354+0000] {dag.py:4180} INFO - Setting next_dagrun for example_skip_dag to 2026-03-23 00:00:00+00:00, run_after=2026-03-24 00:00:00+00:00
[2026-03-24T06:53:49.378+0000] {processor.py:208} INFO - Processing /home/ec2-user/environment/lab4_model_training/venv/lib64/python3.12/site-packages/airflow/example_dags/example_skip_dag.py took 0.086 seconds
[2026-03-24T06:54:57.267+0000] {processor.py:186} INFO - Started process (PID=13878) to work on /home/ec2-user/environment/lab4_model_training/venv/lib64/python3.12/site-packages/airflow/example_dags/example_skip_dag.py
[2026-03-24T06:54:57.268+0000] {processor.py:914} INFO - Processing file /home/ec2-user/environment/lab4_model_training/venv/lib64/python3.12/site-packages/airflow/example_dags/example_skip_dag.py for tasks to queue
[2026-03-24T06:54:57.269+0000] {logging_mixin.py:190} INFO - [2026-03-24T06:54:57.269+0000] {dagbag.py:588} INFO - Filling up the DagBag from /home/ec2-user/environment/lab4_model_training/venv/lib64/python3.12/site-packages/airflow/example_dags/example_skip_dag.py
[2026-03-24T06:54:57.279+0000] {processor.py:925} INFO - DAG(s) 'example_skip_dag' retrieved from /home/ec2-user/environment/lab4_model_training/venv/lib64/python3.12/site-packages/airflow/example_dags/example_skip_dag.py
[2026-03-24T06:54:57.295+0000] {logging_mixin.py:190} INFO - [2026-03-24T06:54:57.295+0000] {dag.py:3239} INFO - Sync 1 DAGs
[2026-03-24T06:54:57.315+0000] {logging_mixin.py:190} INFO - [2026-03-24T06:54:57.315+0000] {dag.py:4180} INFO - Setting next_dagrun for example_skip_dag to 2026-03-23 00:00:00+00:00, run_after=2026-03-24 00:00:00+00:00
[2026-03-24T06:54:57.337+0000] {processor.py:208} INFO - Processing /home/ec2-user/environment/lab4_model_training/venv/lib64/python3.12/site-packages/airflow/example_dags/example_skip_dag.py took 0.075 seconds
[2026-03-24T06:56:19.203+0000] {processor.py:186} INFO - Started process (PID=14261) to work on /home/ec2-user/environment/lab4_model_training/venv/lib64/python3.12/site-packages/airflow/example_dags/example_skip_dag.py
[2026-03-24T06:56:19.204+0000] {processor.py:914} INFO - Processing file /home/ec2-user/environment/lab4_model_training/venv/lib64/python3.12/site-packages/airflow/example_dags/example_skip_dag.py for tasks to queue
[2026-03-24T06:56:19.205+0000] {logging_mixin.py:190} INFO - [2026-03-24T06:56:19.205+0000] {dagbag.py:588} INFO - Filling up the DagBag from /home/ec2-user/environment/lab4_model_training/venv/lib64/python3.12/site-packages/airflow/example_dags/example_skip_dag.py
[2026-03-24T06:56:19.215+0000] {processor.py:925} INFO - DAG(s) 'example_skip_dag' retrieved from /home/ec2-user/environment/lab4_model_training/venv/lib64/python3.12/site-packages/airflow/example_dags/example_skip_dag.py
[2026-03-24T06:56:19.232+0000] {logging_mixin.py:190} INFO - [2026-03-24T06:56:19.232+0000] {dag.py:3239} INFO - Sync 1 DAGs
[2026-03-24T06:56:19.252+0000] {logging_mixin.py:190} INFO - [2026-03-24T06:56:19.251+0000] {dag.py:4180} INFO - Setting next_dagrun for example_skip_dag to 2026-03-23 00:00:00+00:00, run_after=2026-03-24 00:00:00+00:00
[2026-03-24T06:56:19.275+0000] {processor.py:208} INFO - Processing /home/ec2-user/environment/lab4_model_training/venv/lib64/python3.12/site-packages/airflow/example_dags/example_skip_dag.py took 0.077 seconds
[2026-03-24T06:57:30.302+0000] {processor.py:186} INFO - Started process (PID=14538) to work on /home/ec2-user/environment/lab4_model_training/venv/lib64/python3.12/site-packages/airflow/example_dags/example_skip_dag.py
[2026-03-24T06:57:30.304+0000] {processor.py:914} INFO - Processing file /home/ec2-user/environment/lab4_model_training/venv/lib64/python3.12/site-packages/airflow/example_dags/example_skip_dag.py for tasks to queue
[2026-03-24T06:57:30.305+0000] {logging_mixin.py:190} INFO - [2026-03-24T06:57:30.304+0000] {dagbag.py:588} INFO - Filling up the DagBag from /home/ec2-user/environment/lab4_model_training/venv/lib64/python3.12/site-packages/airflow/example_dags/example_skip_dag.py
[2026-03-24T06:57:30.315+0000] {processor.py:925} INFO - DAG(s) 'example_skip_dag' retrieved from /home/ec2-user/environment/lab4_model_training/venv/lib64/python3.12/site-packages/airflow/example_dags/example_skip_dag.py
[2026-03-24T06:57:30.332+0000] {logging_mixin.py:190} INFO - [2026-03-24T06:57:30.332+0000] {dag.py:3239} INFO - Sync 1 DAGs
[2026-03-24T06:57:30.350+0000] {logging_mixin.py:190} INFO - [2026-03-24T06:57:30.350+0000] {dag.py:4180} INFO - Setting next_dagrun for example_skip_dag to 2026-03-23 00:00:00+00:00, run_after=2026-03-24 00:00:00+00:00
[2026-03-24T06:57:30.380+0000] {processor.py:208} INFO - Processing /home/ec2-user/environment/lab4_model_training/venv/lib64/python3.12/site-packages/airflow/example_dags/example_skip_dag.py took 0.082 seconds
[2026-03-24T06:58:33.606+0000] {processor.py:186} INFO - Started process (PID=14852) to work on /home/ec2-user/environment/lab4_model_training/venv/lib64/python3.12/site-packages/airflow/example_dags/example_skip_dag.py
[2026-03-24T06:58:33.607+0000] {processor.py:914} INFO - Processing file /home/ec2-user/environment/lab4_model_training/venv/lib64/python3.12/site-packages/airflow/example_dags/example_skip_dag.py for tasks to queue
[2026-03-24T06:58:33.609+0000] {logging_mixin.py:190} INFO - [2026-03-24T06:58:33.609+0000] {dagbag.py:588} INFO - Filling up the DagBag from /home/ec2-user/environment/lab4_model_training/venv/lib64/python3.12/site-packages/airflow/example_dags/example_skip_dag.py
[2026-03-24T06:58:33.622+0000] {processor.py:925} INFO - DAG(s) 'example_skip_dag' retrieved from /home/ec2-user/environment/lab4_model_training/venv/lib64/python3.12/site-packages/airflow/example_dags/example_skip_dag.py
[2026-03-24T06:58:33.639+0000] {logging_mixin.py:190} INFO - [2026-03-24T06:58:33.639+0000] {dag.py:3239} INFO - Sync 1 DAGs
[2026-03-24T06:58:33.658+0000] {logging_mixin.py:190} INFO - [2026-03-24T06:58:33.658+0000] {dag.py:4180} INFO - Setting next_dagrun for example_skip_dag to 2026-03-23 00:00:00+00:00, run_after=2026-03-24 00:00:00+00:00
[2026-03-24T06:58:33.680+0000] {processor.py:208} INFO - Processing /home/ec2-user/environment/lab4_model_training/venv/lib64/python3.12/site-packages/airflow/example_dags/example_skip_dag.py took 0.079 seconds
[2026-03-24T06:59:41.102+0000] {processor.py:186} INFO - Started process (PID=15177) to work on /home/ec2-user/environment/lab4_model_training/venv/lib64/python3.12/site-packages/airflow/example_dags/example_skip_dag.py
[2026-03-24T06:59:41.104+0000] {processor.py:914} INFO - Processing file /home/ec2-user/environment/lab4_model_training/venv/lib64/python3.12/site-packages/airflow/example_dags/example_skip_dag.py for tasks to queue
[2026-03-24T06:59:41.105+0000] {logging_mixin.py:190} INFO - [2026-03-24T06:59:41.104+0000] {dagbag.py:588} INFO - Filling up the DagBag from /home/ec2-user/environment/lab4_model_training/venv/lib64/python3.12/site-packages/airflow/example_dags/example_skip_dag.py
[2026-03-24T06:59:41.115+0000] {processor.py:925} INFO - DAG(s) 'example_skip_dag' retrieved from /home/ec2-user/environment/lab4_model_training/venv/lib64/python3.12/site-packages/airflow/example_dags/example_skip_dag.py
[2026-03-24T06:59:41.132+0000] {logging_mixin.py:190} INFO - [2026-03-24T06:59:41.132+0000] {dag.py:3239} INFO - Sync 1 DAGs
[2026-03-24T06:59:41.152+0000] {logging_mixin.py:190} INFO - [2026-03-24T06:59:41.152+0000] {dag.py:4180} INFO - Setting next_dagrun for example_skip_dag to 2026-03-23 00:00:00+00:00, run_after=2026-03-24 00:00:00+00:00
[2026-03-24T06:59:41.306+0000] {processor.py:208} INFO - Processing /home/ec2-user/environment/lab4_model_training/venv/lib64/python3.12/site-packages/airflow/example_dags/example_skip_dag.py took 0.208 seconds
