[2026-03-24T06:17:01.520+0000] {processor.py:186} INFO - Started process (PID=3037) to work on /home/ec2-user/environment/lab4_model_training/venv/lib64/python3.12/site-packages/airflow/example_dags/example_bash_operator.py
[2026-03-24T06:17:01.521+0000] {processor.py:914} INFO - Processing file /home/ec2-user/environment/lab4_model_training/venv/lib64/python3.12/site-packages/airflow/example_dags/example_bash_operator.py for tasks to queue
[2026-03-24T06:17:01.523+0000] {logging_mixin.py:190} INFO - [2026-03-24T06:17:01.522+0000] {dagbag.py:588} INFO - Filling up the DagBag from /home/ec2-user/environment/lab4_model_training/venv/lib64/python3.12/site-packages/airflow/example_dags/example_bash_operator.py
[2026-03-24T06:17:01.539+0000] {processor.py:925} INFO - DAG(s) 'example_bash_operator' retrieved from /home/ec2-user/environment/lab4_model_training/venv/lib64/python3.12/site-packages/airflow/example_dags/example_bash_operator.py
[2026-03-24T06:17:01.567+0000] {logging_mixin.py:190} INFO - [2026-03-24T06:17:01.567+0000] {dag.py:3239} INFO - Sync 1 DAGs
[2026-03-24T06:17:01.593+0000] {logging_mixin.py:190} INFO - [2026-03-24T06:17:01.593+0000] {dag.py:4180} INFO - Setting next_dagrun for example_bash_operator to 2026-03-23 00:00:00+00:00, run_after=2026-03-24 00:00:00+00:00
[2026-03-24T06:17:01.622+0000] {processor.py:208} INFO - Processing /home/ec2-user/environment/lab4_model_training/venv/lib64/python3.12/site-packages/airflow/example_dags/example_bash_operator.py took 0.108 seconds
[2026-03-24T06:18:08.728+0000] {processor.py:186} INFO - Started process (PID=3336) to work on /home/ec2-user/environment/lab4_model_training/venv/lib64/python3.12/site-packages/airflow/example_dags/example_bash_operator.py
[2026-03-24T06:18:08.735+0000] {processor.py:914} INFO - Processing file /home/ec2-user/environment/lab4_model_training/venv/lib64/python3.12/site-packages/airflow/example_dags/example_bash_operator.py for tasks to queue
[2026-03-24T06:18:08.742+0000] {logging_mixin.py:190} INFO - [2026-03-24T06:18:08.742+0000] {dagbag.py:588} INFO - Filling up the DagBag from /home/ec2-user/environment/lab4_model_training/venv/lib64/python3.12/site-packages/airflow/example_dags/example_bash_operator.py
[2026-03-24T06:18:08.766+0000] {processor.py:925} INFO - DAG(s) 'example_bash_operator' retrieved from /home/ec2-user/environment/lab4_model_training/venv/lib64/python3.12/site-packages/airflow/example_dags/example_bash_operator.py
[2026-03-24T06:18:08.801+0000] {logging_mixin.py:190} INFO - [2026-03-24T06:18:08.801+0000] {dag.py:3239} INFO - Sync 1 DAGs
[2026-03-24T06:18:08.834+0000] {logging_mixin.py:190} INFO - [2026-03-24T06:18:08.833+0000] {dag.py:4180} INFO - Setting next_dagrun for example_bash_operator to 2026-03-23 00:00:00+00:00, run_after=2026-03-24 00:00:00+00:00
[2026-03-24T06:18:08.868+0000] {processor.py:208} INFO - Processing /home/ec2-user/environment/lab4_model_training/venv/lib64/python3.12/site-packages/airflow/example_dags/example_bash_operator.py took 0.146 seconds
[2026-03-24T06:19:14.379+0000] {processor.py:186} INFO - Started process (PID=3652) to work on /home/ec2-user/environment/lab4_model_training/venv/lib64/python3.12/site-packages/airflow/example_dags/example_bash_operator.py
[2026-03-24T06:19:14.380+0000] {processor.py:914} INFO - Processing file /home/ec2-user/environment/lab4_model_training/venv/lib64/python3.12/site-packages/airflow/example_dags/example_bash_operator.py for tasks to queue
[2026-03-24T06:19:14.382+0000] {logging_mixin.py:190} INFO - [2026-03-24T06:19:14.382+0000] {dagbag.py:588} INFO - Filling up the DagBag from /home/ec2-user/environment/lab4_model_training/venv/lib64/python3.12/site-packages/airflow/example_dags/example_bash_operator.py
[2026-03-24T06:19:14.398+0000] {processor.py:925} INFO - DAG(s) 'example_bash_operator' retrieved from /home/ec2-user/environment/lab4_model_training/venv/lib64/python3.12/site-packages/airflow/example_dags/example_bash_operator.py
[2026-03-24T06:19:14.420+0000] {logging_mixin.py:190} INFO - [2026-03-24T06:19:14.420+0000] {dag.py:3239} INFO - Sync 1 DAGs
[2026-03-24T06:19:14.439+0000] {logging_mixin.py:190} INFO - [2026-03-24T06:19:14.439+0000] {dag.py:4180} INFO - Setting next_dagrun for example_bash_operator to 2026-03-23 00:00:00+00:00, run_after=2026-03-24 00:00:00+00:00
[2026-03-24T06:19:14.463+0000] {processor.py:208} INFO - Processing /home/ec2-user/environment/lab4_model_training/venv/lib64/python3.12/site-packages/airflow/example_dags/example_bash_operator.py took 0.088 seconds
[2026-03-24T06:20:24.729+0000] {processor.py:186} INFO - Started process (PID=3982) to work on /home/ec2-user/environment/lab4_model_training/venv/lib64/python3.12/site-packages/airflow/example_dags/example_bash_operator.py
[2026-03-24T06:20:24.730+0000] {processor.py:914} INFO - Processing file /home/ec2-user/environment/lab4_model_training/venv/lib64/python3.12/site-packages/airflow/example_dags/example_bash_operator.py for tasks to queue
[2026-03-24T06:20:24.732+0000] {logging_mixin.py:190} INFO - [2026-03-24T06:20:24.732+0000] {dagbag.py:588} INFO - Filling up the DagBag from /home/ec2-user/environment/lab4_model_training/venv/lib64/python3.12/site-packages/airflow/example_dags/example_bash_operator.py
[2026-03-24T06:20:24.749+0000] {processor.py:925} INFO - DAG(s) 'example_bash_operator' retrieved from /home/ec2-user/environment/lab4_model_training/venv/lib64/python3.12/site-packages/airflow/example_dags/example_bash_operator.py
[2026-03-24T06:20:24.771+0000] {logging_mixin.py:190} INFO - [2026-03-24T06:20:24.770+0000] {dag.py:3239} INFO - Sync 1 DAGs
[2026-03-24T06:20:24.791+0000] {logging_mixin.py:190} INFO - [2026-03-24T06:20:24.791+0000] {dag.py:4180} INFO - Setting next_dagrun for example_bash_operator to 2026-03-23 00:00:00+00:00, run_after=2026-03-24 00:00:00+00:00
[2026-03-24T06:20:24.813+0000] {processor.py:208} INFO - Processing /home/ec2-user/environment/lab4_model_training/venv/lib64/python3.12/site-packages/airflow/example_dags/example_bash_operator.py took 0.089 seconds
[2026-03-24T06:21:31.485+0000] {processor.py:186} INFO - Started process (PID=4357) to work on /home/ec2-user/environment/lab4_model_training/venv/lib64/python3.12/site-packages/airflow/example_dags/example_bash_operator.py
[2026-03-24T06:21:31.486+0000] {processor.py:914} INFO - Processing file /home/ec2-user/environment/lab4_model_training/venv/lib64/python3.12/site-packages/airflow/example_dags/example_bash_operator.py for tasks to queue
[2026-03-24T06:21:31.488+0000] {logging_mixin.py:190} INFO - [2026-03-24T06:21:31.488+0000] {dagbag.py:588} INFO - Filling up the DagBag from /home/ec2-user/environment/lab4_model_training/venv/lib64/python3.12/site-packages/airflow/example_dags/example_bash_operator.py
[2026-03-24T06:21:31.504+0000] {processor.py:925} INFO - DAG(s) 'example_bash_operator' retrieved from /home/ec2-user/environment/lab4_model_training/venv/lib64/python3.12/site-packages/airflow/example_dags/example_bash_operator.py
[2026-03-24T06:21:31.524+0000] {logging_mixin.py:190} INFO - [2026-03-24T06:21:31.524+0000] {dag.py:3239} INFO - Sync 1 DAGs
[2026-03-24T06:21:31.543+0000] {logging_mixin.py:190} INFO - [2026-03-24T06:21:31.543+0000] {dag.py:4180} INFO - Setting next_dagrun for example_bash_operator to 2026-03-23 00:00:00+00:00, run_after=2026-03-24 00:00:00+00:00
[2026-03-24T06:21:31.564+0000] {processor.py:208} INFO - Processing /home/ec2-user/environment/lab4_model_training/venv/lib64/python3.12/site-packages/airflow/example_dags/example_bash_operator.py took 0.083 seconds
[2026-03-24T06:22:38.133+0000] {processor.py:186} INFO - Started process (PID=4786) to work on /home/ec2-user/environment/lab4_model_training/venv/lib64/python3.12/site-packages/airflow/example_dags/example_bash_operator.py
[2026-03-24T06:22:38.134+0000] {processor.py:914} INFO - Processing file /home/ec2-user/environment/lab4_model_training/venv/lib64/python3.12/site-packages/airflow/example_dags/example_bash_operator.py for tasks to queue
[2026-03-24T06:22:38.136+0000] {logging_mixin.py:190} INFO - [2026-03-24T06:22:38.136+0000] {dagbag.py:588} INFO - Filling up the DagBag from /home/ec2-user/environment/lab4_model_training/venv/lib64/python3.12/site-packages/airflow/example_dags/example_bash_operator.py
[2026-03-24T06:22:38.152+0000] {processor.py:925} INFO - DAG(s) 'example_bash_operator' retrieved from /home/ec2-user/environment/lab4_model_training/venv/lib64/python3.12/site-packages/airflow/example_dags/example_bash_operator.py
[2026-03-24T06:22:38.174+0000] {logging_mixin.py:190} INFO - [2026-03-24T06:22:38.174+0000] {dag.py:3239} INFO - Sync 1 DAGs
[2026-03-24T06:22:38.193+0000] {logging_mixin.py:190} INFO - [2026-03-24T06:22:38.193+0000] {dag.py:4180} INFO - Setting next_dagrun for example_bash_operator to 2026-03-23 00:00:00+00:00, run_after=2026-03-24 00:00:00+00:00
[2026-03-24T06:22:38.215+0000] {processor.py:208} INFO - Processing /home/ec2-user/environment/lab4_model_training/venv/lib64/python3.12/site-packages/airflow/example_dags/example_bash_operator.py took 0.086 seconds
[2026-03-24T06:23:44.610+0000] {processor.py:186} INFO - Started process (PID=5131) to work on /home/ec2-user/environment/lab4_model_training/venv/lib64/python3.12/site-packages/airflow/example_dags/example_bash_operator.py
[2026-03-24T06:23:44.616+0000] {processor.py:914} INFO - Processing file /home/ec2-user/environment/lab4_model_training/venv/lib64/python3.12/site-packages/airflow/example_dags/example_bash_operator.py for tasks to queue
[2026-03-24T06:23:44.624+0000] {logging_mixin.py:190} INFO - [2026-03-24T06:23:44.623+0000] {dagbag.py:588} INFO - Filling up the DagBag from /home/ec2-user/environment/lab4_model_training/venv/lib64/python3.12/site-packages/airflow/example_dags/example_bash_operator.py
[2026-03-24T06:23:44.638+0000] {processor.py:925} INFO - DAG(s) 'example_bash_operator' retrieved from /home/ec2-user/environment/lab4_model_training/venv/lib64/python3.12/site-packages/airflow/example_dags/example_bash_operator.py
[2026-03-24T06:23:44.659+0000] {logging_mixin.py:190} INFO - [2026-03-24T06:23:44.659+0000] {dag.py:3239} INFO - Sync 1 DAGs
[2026-03-24T06:23:44.679+0000] {logging_mixin.py:190} INFO - [2026-03-24T06:23:44.678+0000] {dag.py:4180} INFO - Setting next_dagrun for example_bash_operator to 2026-03-23 00:00:00+00:00, run_after=2026-03-24 00:00:00+00:00
[2026-03-24T06:23:44.700+0000] {processor.py:208} INFO - Processing /home/ec2-user/environment/lab4_model_training/venv/lib64/python3.12/site-packages/airflow/example_dags/example_bash_operator.py took 0.096 seconds
[2026-03-24T06:24:57.554+0000] {processor.py:186} INFO - Started process (PID=5459) to work on /home/ec2-user/environment/lab4_model_training/venv/lib64/python3.12/site-packages/airflow/example_dags/example_bash_operator.py
[2026-03-24T06:24:57.555+0000] {processor.py:914} INFO - Processing file /home/ec2-user/environment/lab4_model_training/venv/lib64/python3.12/site-packages/airflow/example_dags/example_bash_operator.py for tasks to queue
[2026-03-24T06:24:57.557+0000] {logging_mixin.py:190} INFO - [2026-03-24T06:24:57.557+0000] {dagbag.py:588} INFO - Filling up the DagBag from /home/ec2-user/environment/lab4_model_training/venv/lib64/python3.12/site-packages/airflow/example_dags/example_bash_operator.py
[2026-03-24T06:24:57.573+0000] {processor.py:925} INFO - DAG(s) 'example_bash_operator' retrieved from /home/ec2-user/environment/lab4_model_training/venv/lib64/python3.12/site-packages/airflow/example_dags/example_bash_operator.py
[2026-03-24T06:24:57.594+0000] {logging_mixin.py:190} INFO - [2026-03-24T06:24:57.594+0000] {dag.py:3239} INFO - Sync 1 DAGs
[2026-03-24T06:24:57.614+0000] {logging_mixin.py:190} INFO - [2026-03-24T06:24:57.614+0000] {dag.py:4180} INFO - Setting next_dagrun for example_bash_operator to 2026-03-23 00:00:00+00:00, run_after=2026-03-24 00:00:00+00:00
[2026-03-24T06:24:57.635+0000] {processor.py:208} INFO - Processing /home/ec2-user/environment/lab4_model_training/venv/lib64/python3.12/site-packages/airflow/example_dags/example_bash_operator.py took 0.086 seconds
[2026-03-24T06:26:01.418+0000] {processor.py:186} INFO - Started process (PID=5727) to work on /home/ec2-user/environment/lab4_model_training/venv/lib64/python3.12/site-packages/airflow/example_dags/example_bash_operator.py
[2026-03-24T06:26:01.419+0000] {processor.py:914} INFO - Processing file /home/ec2-user/environment/lab4_model_training/venv/lib64/python3.12/site-packages/airflow/example_dags/example_bash_operator.py for tasks to queue
[2026-03-24T06:26:01.421+0000] {logging_mixin.py:190} INFO - [2026-03-24T06:26:01.421+0000] {dagbag.py:588} INFO - Filling up the DagBag from /home/ec2-user/environment/lab4_model_training/venv/lib64/python3.12/site-packages/airflow/example_dags/example_bash_operator.py
[2026-03-24T06:26:01.438+0000] {processor.py:925} INFO - DAG(s) 'example_bash_operator' retrieved from /home/ec2-user/environment/lab4_model_training/venv/lib64/python3.12/site-packages/airflow/example_dags/example_bash_operator.py
[2026-03-24T06:26:01.460+0000] {logging_mixin.py:190} INFO - [2026-03-24T06:26:01.459+0000] {dag.py:3239} INFO - Sync 1 DAGs
[2026-03-24T06:26:01.479+0000] {logging_mixin.py:190} INFO - [2026-03-24T06:26:01.479+0000] {dag.py:4180} INFO - Setting next_dagrun for example_bash_operator to 2026-03-23 00:00:00+00:00, run_after=2026-03-24 00:00:00+00:00
[2026-03-24T06:26:01.501+0000] {processor.py:208} INFO - Processing /home/ec2-user/environment/lab4_model_training/venv/lib64/python3.12/site-packages/airflow/example_dags/example_bash_operator.py took 0.087 seconds
[2026-03-24T06:27:05.533+0000] {processor.py:186} INFO - Started process (PID=5971) to work on /home/ec2-user/environment/lab4_model_training/venv/lib64/python3.12/site-packages/airflow/example_dags/example_bash_operator.py
[2026-03-24T06:27:05.534+0000] {processor.py:914} INFO - Processing file /home/ec2-user/environment/lab4_model_training/venv/lib64/python3.12/site-packages/airflow/example_dags/example_bash_operator.py for tasks to queue
[2026-03-24T06:27:05.536+0000] {logging_mixin.py:190} INFO - [2026-03-24T06:27:05.536+0000] {dagbag.py:588} INFO - Filling up the DagBag from /home/ec2-user/environment/lab4_model_training/venv/lib64/python3.12/site-packages/airflow/example_dags/example_bash_operator.py
[2026-03-24T06:27:05.552+0000] {processor.py:925} INFO - DAG(s) 'example_bash_operator' retrieved from /home/ec2-user/environment/lab4_model_training/venv/lib64/python3.12/site-packages/airflow/example_dags/example_bash_operator.py
[2026-03-24T06:27:05.573+0000] {logging_mixin.py:190} INFO - [2026-03-24T06:27:05.573+0000] {dag.py:3239} INFO - Sync 1 DAGs
[2026-03-24T06:27:05.592+0000] {logging_mixin.py:190} INFO - [2026-03-24T06:27:05.592+0000] {dag.py:4180} INFO - Setting next_dagrun for example_bash_operator to 2026-03-23 00:00:00+00:00, run_after=2026-03-24 00:00:00+00:00
[2026-03-24T06:27:05.613+0000] {processor.py:208} INFO - Processing /home/ec2-user/environment/lab4_model_training/venv/lib64/python3.12/site-packages/airflow/example_dags/example_bash_operator.py took 0.085 seconds
[2026-03-24T06:28:13.845+0000] {processor.py:186} INFO - Started process (PID=6289) to work on /home/ec2-user/environment/lab4_model_training/venv/lib64/python3.12/site-packages/airflow/example_dags/example_bash_operator.py
[2026-03-24T06:28:13.852+0000] {processor.py:914} INFO - Processing file /home/ec2-user/environment/lab4_model_training/venv/lib64/python3.12/site-packages/airflow/example_dags/example_bash_operator.py for tasks to queue
[2026-03-24T06:28:13.858+0000] {logging_mixin.py:190} INFO - [2026-03-24T06:28:13.858+0000] {dagbag.py:588} INFO - Filling up the DagBag from /home/ec2-user/environment/lab4_model_training/venv/lib64/python3.12/site-packages/airflow/example_dags/example_bash_operator.py
[2026-03-24T06:28:13.886+0000] {processor.py:925} INFO - DAG(s) 'example_bash_operator' retrieved from /home/ec2-user/environment/lab4_model_training/venv/lib64/python3.12/site-packages/airflow/example_dags/example_bash_operator.py
[2026-03-24T06:28:13.921+0000] {logging_mixin.py:190} INFO - [2026-03-24T06:28:13.921+0000] {dag.py:3239} INFO - Sync 1 DAGs
[2026-03-24T06:28:13.961+0000] {logging_mixin.py:190} INFO - [2026-03-24T06:28:13.961+0000] {dag.py:4180} INFO - Setting next_dagrun for example_bash_operator to 2026-03-23 00:00:00+00:00, run_after=2026-03-24 00:00:00+00:00
[2026-03-24T06:28:14.008+0000] {processor.py:208} INFO - Processing /home/ec2-user/environment/lab4_model_training/venv/lib64/python3.12/site-packages/airflow/example_dags/example_bash_operator.py took 0.169 seconds
[2026-03-24T06:29:20.700+0000] {processor.py:186} INFO - Started process (PID=6633) to work on /home/ec2-user/environment/lab4_model_training/venv/lib64/python3.12/site-packages/airflow/example_dags/example_bash_operator.py
[2026-03-24T06:29:20.707+0000] {processor.py:914} INFO - Processing file /home/ec2-user/environment/lab4_model_training/venv/lib64/python3.12/site-packages/airflow/example_dags/example_bash_operator.py for tasks to queue
[2026-03-24T06:29:20.714+0000] {logging_mixin.py:190} INFO - [2026-03-24T06:29:20.714+0000] {dagbag.py:588} INFO - Filling up the DagBag from /home/ec2-user/environment/lab4_model_training/venv/lib64/python3.12/site-packages/airflow/example_dags/example_bash_operator.py
[2026-03-24T06:29:20.744+0000] {processor.py:925} INFO - DAG(s) 'example_bash_operator' retrieved from /home/ec2-user/environment/lab4_model_training/venv/lib64/python3.12/site-packages/airflow/example_dags/example_bash_operator.py
[2026-03-24T06:29:20.800+0000] {logging_mixin.py:190} INFO - [2026-03-24T06:29:20.800+0000] {dag.py:3239} INFO - Sync 1 DAGs
[2026-03-24T06:29:20.819+0000] {logging_mixin.py:190} INFO - [2026-03-24T06:29:20.819+0000] {dag.py:4180} INFO - Setting next_dagrun for example_bash_operator to 2026-03-23 00:00:00+00:00, run_after=2026-03-24 00:00:00+00:00
[2026-03-24T06:29:20.842+0000] {processor.py:208} INFO - Processing /home/ec2-user/environment/lab4_model_training/venv/lib64/python3.12/site-packages/airflow/example_dags/example_bash_operator.py took 0.148 seconds
[2026-03-24T06:30:21.775+0000] {processor.py:186} INFO - Started process (PID=6965) to work on /home/ec2-user/environment/lab4_model_training/venv/lib64/python3.12/site-packages/airflow/example_dags/example_bash_operator.py
[2026-03-24T06:30:21.777+0000] {processor.py:914} INFO - Processing file /home/ec2-user/environment/lab4_model_training/venv/lib64/python3.12/site-packages/airflow/example_dags/example_bash_operator.py for tasks to queue
[2026-03-24T06:30:21.779+0000] {logging_mixin.py:190} INFO - [2026-03-24T06:30:21.778+0000] {dagbag.py:588} INFO - Filling up the DagBag from /home/ec2-user/environment/lab4_model_training/venv/lib64/python3.12/site-packages/airflow/example_dags/example_bash_operator.py
[2026-03-24T06:30:21.794+0000] {processor.py:925} INFO - DAG(s) 'example_bash_operator' retrieved from /home/ec2-user/environment/lab4_model_training/venv/lib64/python3.12/site-packages/airflow/example_dags/example_bash_operator.py
[2026-03-24T06:30:21.815+0000] {logging_mixin.py:190} INFO - [2026-03-24T06:30:21.815+0000] {dag.py:3239} INFO - Sync 1 DAGs
[2026-03-24T06:30:21.834+0000] {logging_mixin.py:190} INFO - [2026-03-24T06:30:21.834+0000] {dag.py:4180} INFO - Setting next_dagrun for example_bash_operator to 2026-03-23 00:00:00+00:00, run_after=2026-03-24 00:00:00+00:00
[2026-03-24T06:30:21.855+0000] {processor.py:208} INFO - Processing /home/ec2-user/environment/lab4_model_training/venv/lib64/python3.12/site-packages/airflow/example_dags/example_bash_operator.py took 0.084 seconds
[2026-03-24T06:31:21.529+0000] {processor.py:186} INFO - Started process (PID=7227) to work on /home/ec2-user/environment/lab4_model_training/venv/lib64/python3.12/site-packages/airflow/example_dags/example_bash_operator.py
[2026-03-24T06:31:21.530+0000] {processor.py:914} INFO - Processing file /home/ec2-user/environment/lab4_model_training/venv/lib64/python3.12/site-packages/airflow/example_dags/example_bash_operator.py for tasks to queue
[2026-03-24T06:31:21.533+0000] {logging_mixin.py:190} INFO - [2026-03-24T06:31:21.532+0000] {dagbag.py:588} INFO - Filling up the DagBag from /home/ec2-user/environment/lab4_model_training/venv/lib64/python3.12/site-packages/airflow/example_dags/example_bash_operator.py
[2026-03-24T06:31:21.549+0000] {processor.py:925} INFO - DAG(s) 'example_bash_operator' retrieved from /home/ec2-user/environment/lab4_model_training/venv/lib64/python3.12/site-packages/airflow/example_dags/example_bash_operator.py
[2026-03-24T06:31:21.570+0000] {logging_mixin.py:190} INFO - [2026-03-24T06:31:21.570+0000] {dag.py:3239} INFO - Sync 1 DAGs
[2026-03-24T06:31:21.590+0000] {logging_mixin.py:190} INFO - [2026-03-24T06:31:21.589+0000] {dag.py:4180} INFO - Setting next_dagrun for example_bash_operator to 2026-03-23 00:00:00+00:00, run_after=2026-03-24 00:00:00+00:00
[2026-03-24T06:31:21.611+0000] {processor.py:208} INFO - Processing /home/ec2-user/environment/lab4_model_training/venv/lib64/python3.12/site-packages/airflow/example_dags/example_bash_operator.py took 0.087 seconds
[2026-03-24T06:32:27.651+0000] {processor.py:186} INFO - Started process (PID=7539) to work on /home/ec2-user/environment/lab4_model_training/venv/lib64/python3.12/site-packages/airflow/example_dags/example_bash_operator.py
[2026-03-24T06:32:27.653+0000] {processor.py:914} INFO - Processing file /home/ec2-user/environment/lab4_model_training/venv/lib64/python3.12/site-packages/airflow/example_dags/example_bash_operator.py for tasks to queue
[2026-03-24T06:32:27.655+0000] {logging_mixin.py:190} INFO - [2026-03-24T06:32:27.655+0000] {dagbag.py:588} INFO - Filling up the DagBag from /home/ec2-user/environment/lab4_model_training/venv/lib64/python3.12/site-packages/airflow/example_dags/example_bash_operator.py
[2026-03-24T06:32:27.671+0000] {processor.py:925} INFO - DAG(s) 'example_bash_operator' retrieved from /home/ec2-user/environment/lab4_model_training/venv/lib64/python3.12/site-packages/airflow/example_dags/example_bash_operator.py
[2026-03-24T06:32:27.693+0000] {logging_mixin.py:190} INFO - [2026-03-24T06:32:27.693+0000] {dag.py:3239} INFO - Sync 1 DAGs
[2026-03-24T06:32:27.718+0000] {logging_mixin.py:190} INFO - [2026-03-24T06:32:27.718+0000] {dag.py:4180} INFO - Setting next_dagrun for example_bash_operator to 2026-03-23 00:00:00+00:00, run_after=2026-03-24 00:00:00+00:00
[2026-03-24T06:32:27.742+0000] {processor.py:208} INFO - Processing /home/ec2-user/environment/lab4_model_training/venv/lib64/python3.12/site-packages/airflow/example_dags/example_bash_operator.py took 0.096 seconds
[2026-03-24T06:33:35.915+0000] {processor.py:186} INFO - Started process (PID=7850) to work on /home/ec2-user/environment/lab4_model_training/venv/lib64/python3.12/site-packages/airflow/example_dags/example_bash_operator.py
[2026-03-24T06:33:35.917+0000] {processor.py:914} INFO - Processing file /home/ec2-user/environment/lab4_model_training/venv/lib64/python3.12/site-packages/airflow/example_dags/example_bash_operator.py for tasks to queue
[2026-03-24T06:33:35.919+0000] {logging_mixin.py:190} INFO - [2026-03-24T06:33:35.918+0000] {dagbag.py:588} INFO - Filling up the DagBag from /home/ec2-user/environment/lab4_model_training/venv/lib64/python3.12/site-packages/airflow/example_dags/example_bash_operator.py
[2026-03-24T06:33:35.935+0000] {processor.py:925} INFO - DAG(s) 'example_bash_operator' retrieved from /home/ec2-user/environment/lab4_model_training/venv/lib64/python3.12/site-packages/airflow/example_dags/example_bash_operator.py
[2026-03-24T06:33:35.958+0000] {logging_mixin.py:190} INFO - [2026-03-24T06:33:35.957+0000] {dag.py:3239} INFO - Sync 1 DAGs
[2026-03-24T06:33:35.977+0000] {logging_mixin.py:190} INFO - [2026-03-24T06:33:35.977+0000] {dag.py:4180} INFO - Setting next_dagrun for example_bash_operator to 2026-03-23 00:00:00+00:00, run_after=2026-03-24 00:00:00+00:00
[2026-03-24T06:33:35.999+0000] {processor.py:208} INFO - Processing /home/ec2-user/environment/lab4_model_training/venv/lib64/python3.12/site-packages/airflow/example_dags/example_bash_operator.py took 0.088 seconds
[2026-03-24T06:34:36.359+0000] {processor.py:186} INFO - Started process (PID=8067) to work on /home/ec2-user/environment/lab4_model_training/venv/lib64/python3.12/site-packages/airflow/example_dags/example_bash_operator.py
[2026-03-24T06:34:36.360+0000] {processor.py:914} INFO - Processing file /home/ec2-user/environment/lab4_model_training/venv/lib64/python3.12/site-packages/airflow/example_dags/example_bash_operator.py for tasks to queue
[2026-03-24T06:34:36.363+0000] {logging_mixin.py:190} INFO - [2026-03-24T06:34:36.362+0000] {dagbag.py:588} INFO - Filling up the DagBag from /home/ec2-user/environment/lab4_model_training/venv/lib64/python3.12/site-packages/airflow/example_dags/example_bash_operator.py
[2026-03-24T06:34:36.378+0000] {processor.py:925} INFO - DAG(s) 'example_bash_operator' retrieved from /home/ec2-user/environment/lab4_model_training/venv/lib64/python3.12/site-packages/airflow/example_dags/example_bash_operator.py
[2026-03-24T06:34:36.399+0000] {logging_mixin.py:190} INFO - [2026-03-24T06:34:36.399+0000] {dag.py:3239} INFO - Sync 1 DAGs
[2026-03-24T06:34:36.420+0000] {logging_mixin.py:190} INFO - [2026-03-24T06:34:36.420+0000] {dag.py:4180} INFO - Setting next_dagrun for example_bash_operator to 2026-03-23 00:00:00+00:00, run_after=2026-03-24 00:00:00+00:00
[2026-03-24T06:34:36.442+0000] {processor.py:208} INFO - Processing /home/ec2-user/environment/lab4_model_training/venv/lib64/python3.12/site-packages/airflow/example_dags/example_bash_operator.py took 0.088 seconds
[2026-03-24T06:35:41.036+0000] {processor.py:186} INFO - Started process (PID=8353) to work on /home/ec2-user/environment/lab4_model_training/venv/lib64/python3.12/site-packages/airflow/example_dags/example_bash_operator.py
[2026-03-24T06:35:41.037+0000] {processor.py:914} INFO - Processing file /home/ec2-user/environment/lab4_model_training/venv/lib64/python3.12/site-packages/airflow/example_dags/example_bash_operator.py for tasks to queue
[2026-03-24T06:35:41.040+0000] {logging_mixin.py:190} INFO - [2026-03-24T06:35:41.040+0000] {dagbag.py:588} INFO - Filling up the DagBag from /home/ec2-user/environment/lab4_model_training/venv/lib64/python3.12/site-packages/airflow/example_dags/example_bash_operator.py
[2026-03-24T06:35:41.057+0000] {processor.py:925} INFO - DAG(s) 'example_bash_operator' retrieved from /home/ec2-user/environment/lab4_model_training/venv/lib64/python3.12/site-packages/airflow/example_dags/example_bash_operator.py
[2026-03-24T06:35:41.079+0000] {logging_mixin.py:190} INFO - [2026-03-24T06:35:41.078+0000] {dag.py:3239} INFO - Sync 1 DAGs
[2026-03-24T06:35:41.098+0000] {logging_mixin.py:190} INFO - [2026-03-24T06:35:41.097+0000] {dag.py:4180} INFO - Setting next_dagrun for example_bash_operator to 2026-03-23 00:00:00+00:00, run_after=2026-03-24 00:00:00+00:00
[2026-03-24T06:35:41.120+0000] {processor.py:208} INFO - Processing /home/ec2-user/environment/lab4_model_training/venv/lib64/python3.12/site-packages/airflow/example_dags/example_bash_operator.py took 0.088 seconds
[2026-03-24T06:36:45.338+0000] {processor.py:186} INFO - Started process (PID=8620) to work on /home/ec2-user/environment/lab4_model_training/venv/lib64/python3.12/site-packages/airflow/example_dags/example_bash_operator.py
[2026-03-24T06:36:45.339+0000] {processor.py:914} INFO - Processing file /home/ec2-user/environment/lab4_model_training/venv/lib64/python3.12/site-packages/airflow/example_dags/example_bash_operator.py for tasks to queue
[2026-03-24T06:36:45.341+0000] {logging_mixin.py:190} INFO - [2026-03-24T06:36:45.341+0000] {dagbag.py:588} INFO - Filling up the DagBag from /home/ec2-user/environment/lab4_model_training/venv/lib64/python3.12/site-packages/airflow/example_dags/example_bash_operator.py
[2026-03-24T06:36:45.357+0000] {processor.py:925} INFO - DAG(s) 'example_bash_operator' retrieved from /home/ec2-user/environment/lab4_model_training/venv/lib64/python3.12/site-packages/airflow/example_dags/example_bash_operator.py
[2026-03-24T06:36:45.380+0000] {logging_mixin.py:190} INFO - [2026-03-24T06:36:45.379+0000] {dag.py:3239} INFO - Sync 1 DAGs
[2026-03-24T06:36:45.399+0000] {logging_mixin.py:190} INFO - [2026-03-24T06:36:45.399+0000] {dag.py:4180} INFO - Setting next_dagrun for example_bash_operator to 2026-03-23 00:00:00+00:00, run_after=2026-03-24 00:00:00+00:00
[2026-03-24T06:36:45.421+0000] {processor.py:208} INFO - Processing /home/ec2-user/environment/lab4_model_training/venv/lib64/python3.12/site-packages/airflow/example_dags/example_bash_operator.py took 0.087 seconds
[2026-03-24T06:37:53.864+0000] {processor.py:186} INFO - Started process (PID=9041) to work on /home/ec2-user/environment/lab4_model_training/venv/lib64/python3.12/site-packages/airflow/example_dags/example_bash_operator.py
[2026-03-24T06:37:53.865+0000] {processor.py:914} INFO - Processing file /home/ec2-user/environment/lab4_model_training/venv/lib64/python3.12/site-packages/airflow/example_dags/example_bash_operator.py for tasks to queue
[2026-03-24T06:37:53.867+0000] {logging_mixin.py:190} INFO - [2026-03-24T06:37:53.867+0000] {dagbag.py:588} INFO - Filling up the DagBag from /home/ec2-user/environment/lab4_model_training/venv/lib64/python3.12/site-packages/airflow/example_dags/example_bash_operator.py
[2026-03-24T06:37:53.883+0000] {processor.py:925} INFO - DAG(s) 'example_bash_operator' retrieved from /home/ec2-user/environment/lab4_model_training/venv/lib64/python3.12/site-packages/airflow/example_dags/example_bash_operator.py
[2026-03-24T06:37:53.904+0000] {logging_mixin.py:190} INFO - [2026-03-24T06:37:53.903+0000] {dag.py:3239} INFO - Sync 1 DAGs
[2026-03-24T06:37:53.923+0000] {logging_mixin.py:190} INFO - [2026-03-24T06:37:53.923+0000] {dag.py:4180} INFO - Setting next_dagrun for example_bash_operator to 2026-03-23 00:00:00+00:00, run_after=2026-03-24 00:00:00+00:00
[2026-03-24T06:37:53.944+0000] {processor.py:208} INFO - Processing /home/ec2-user/environment/lab4_model_training/venv/lib64/python3.12/site-packages/airflow/example_dags/example_bash_operator.py took 0.085 seconds
[2026-03-24T06:39:03.749+0000] {processor.py:186} INFO - Started process (PID=9346) to work on /home/ec2-user/environment/lab4_model_training/venv/lib64/python3.12/site-packages/airflow/example_dags/example_bash_operator.py
[2026-03-24T06:39:03.751+0000] {processor.py:914} INFO - Processing file /home/ec2-user/environment/lab4_model_training/venv/lib64/python3.12/site-packages/airflow/example_dags/example_bash_operator.py for tasks to queue
[2026-03-24T06:39:03.753+0000] {logging_mixin.py:190} INFO - [2026-03-24T06:39:03.753+0000] {dagbag.py:588} INFO - Filling up the DagBag from /home/ec2-user/environment/lab4_model_training/venv/lib64/python3.12/site-packages/airflow/example_dags/example_bash_operator.py
[2026-03-24T06:39:03.772+0000] {processor.py:925} INFO - DAG(s) 'example_bash_operator' retrieved from /home/ec2-user/environment/lab4_model_training/venv/lib64/python3.12/site-packages/airflow/example_dags/example_bash_operator.py
[2026-03-24T06:39:03.794+0000] {logging_mixin.py:190} INFO - [2026-03-24T06:39:03.793+0000] {dag.py:3239} INFO - Sync 1 DAGs
[2026-03-24T06:39:03.812+0000] {logging_mixin.py:190} INFO - [2026-03-24T06:39:03.812+0000] {dag.py:4180} INFO - Setting next_dagrun for example_bash_operator to 2026-03-23 00:00:00+00:00, run_after=2026-03-24 00:00:00+00:00
[2026-03-24T06:39:03.834+0000] {processor.py:208} INFO - Processing /home/ec2-user/environment/lab4_model_training/venv/lib64/python3.12/site-packages/airflow/example_dags/example_bash_operator.py took 0.090 seconds
[2026-03-24T06:40:11.753+0000] {processor.py:186} INFO - Started process (PID=9657) to work on /home/ec2-user/environment/lab4_model_training/venv/lib64/python3.12/site-packages/airflow/example_dags/example_bash_operator.py
[2026-03-24T06:40:11.754+0000] {processor.py:914} INFO - Processing file /home/ec2-user/environment/lab4_model_training/venv/lib64/python3.12/site-packages/airflow/example_dags/example_bash_operator.py for tasks to queue
[2026-03-24T06:40:11.757+0000] {logging_mixin.py:190} INFO - [2026-03-24T06:40:11.756+0000] {dagbag.py:588} INFO - Filling up the DagBag from /home/ec2-user/environment/lab4_model_training/venv/lib64/python3.12/site-packages/airflow/example_dags/example_bash_operator.py
[2026-03-24T06:40:11.774+0000] {processor.py:925} INFO - DAG(s) 'example_bash_operator' retrieved from /home/ec2-user/environment/lab4_model_training/venv/lib64/python3.12/site-packages/airflow/example_dags/example_bash_operator.py
[2026-03-24T06:40:11.795+0000] {logging_mixin.py:190} INFO - [2026-03-24T06:40:11.795+0000] {dag.py:3239} INFO - Sync 1 DAGs
[2026-03-24T06:40:11.816+0000] {logging_mixin.py:190} INFO - [2026-03-24T06:40:11.816+0000] {dag.py:4180} INFO - Setting next_dagrun for example_bash_operator to 2026-03-23 00:00:00+00:00, run_after=2026-03-24 00:00:00+00:00
[2026-03-24T06:40:11.837+0000] {processor.py:208} INFO - Processing /home/ec2-user/environment/lab4_model_training/venv/lib64/python3.12/site-packages/airflow/example_dags/example_bash_operator.py took 0.088 seconds
[2026-03-24T06:41:21.085+0000] {processor.py:186} INFO - Started process (PID=9992) to work on /home/ec2-user/environment/lab4_model_training/venv/lib64/python3.12/site-packages/airflow/example_dags/example_bash_operator.py
[2026-03-24T06:41:21.087+0000] {processor.py:914} INFO - Processing file /home/ec2-user/environment/lab4_model_training/venv/lib64/python3.12/site-packages/airflow/example_dags/example_bash_operator.py for tasks to queue
[2026-03-24T06:41:21.089+0000] {logging_mixin.py:190} INFO - [2026-03-24T06:41:21.088+0000] {dagbag.py:588} INFO - Filling up the DagBag from /home/ec2-user/environment/lab4_model_training/venv/lib64/python3.12/site-packages/airflow/example_dags/example_bash_operator.py
[2026-03-24T06:41:21.106+0000] {processor.py:925} INFO - DAG(s) 'example_bash_operator' retrieved from /home/ec2-user/environment/lab4_model_training/venv/lib64/python3.12/site-packages/airflow/example_dags/example_bash_operator.py
[2026-03-24T06:41:21.129+0000] {logging_mixin.py:190} INFO - [2026-03-24T06:41:21.128+0000] {dag.py:3239} INFO - Sync 1 DAGs
[2026-03-24T06:41:21.148+0000] {logging_mixin.py:190} INFO - [2026-03-24T06:41:21.148+0000] {dag.py:4180} INFO - Setting next_dagrun for example_bash_operator to 2026-03-23 00:00:00+00:00, run_after=2026-03-24 00:00:00+00:00
[2026-03-24T06:41:21.170+0000] {processor.py:208} INFO - Processing /home/ec2-user/environment/lab4_model_training/venv/lib64/python3.12/site-packages/airflow/example_dags/example_bash_operator.py took 0.089 seconds
[2026-03-24T06:42:31.453+0000] {processor.py:186} INFO - Started process (PID=10422) to work on /home/ec2-user/environment/lab4_model_training/venv/lib64/python3.12/site-packages/airflow/example_dags/example_bash_operator.py
[2026-03-24T06:42:31.460+0000] {processor.py:914} INFO - Processing file /home/ec2-user/environment/lab4_model_training/venv/lib64/python3.12/site-packages/airflow/example_dags/example_bash_operator.py for tasks to queue
[2026-03-24T06:42:31.468+0000] {logging_mixin.py:190} INFO - [2026-03-24T06:42:31.468+0000] {dagbag.py:588} INFO - Filling up the DagBag from /home/ec2-user/environment/lab4_model_training/venv/lib64/python3.12/site-packages/airflow/example_dags/example_bash_operator.py
[2026-03-24T06:42:31.493+0000] {processor.py:925} INFO - DAG(s) 'example_bash_operator' retrieved from /home/ec2-user/environment/lab4_model_training/venv/lib64/python3.12/site-packages/airflow/example_dags/example_bash_operator.py
[2026-03-24T06:42:31.529+0000] {logging_mixin.py:190} INFO - [2026-03-24T06:42:31.529+0000] {dag.py:3239} INFO - Sync 1 DAGs
[2026-03-24T06:42:31.564+0000] {logging_mixin.py:190} INFO - [2026-03-24T06:42:31.564+0000] {dag.py:4180} INFO - Setting next_dagrun for example_bash_operator to 2026-03-23 00:00:00+00:00, run_after=2026-03-24 00:00:00+00:00
[2026-03-24T06:42:31.613+0000] {processor.py:208} INFO - Processing /home/ec2-user/environment/lab4_model_training/venv/lib64/python3.12/site-packages/airflow/example_dags/example_bash_operator.py took 0.167 seconds
[2026-03-24T06:43:35.640+0000] {processor.py:186} INFO - Started process (PID=10708) to work on /home/ec2-user/environment/lab4_model_training/venv/lib64/python3.12/site-packages/airflow/example_dags/example_bash_operator.py
[2026-03-24T06:43:35.641+0000] {processor.py:914} INFO - Processing file /home/ec2-user/environment/lab4_model_training/venv/lib64/python3.12/site-packages/airflow/example_dags/example_bash_operator.py for tasks to queue
[2026-03-24T06:43:35.643+0000] {logging_mixin.py:190} INFO - [2026-03-24T06:43:35.643+0000] {dagbag.py:588} INFO - Filling up the DagBag from /home/ec2-user/environment/lab4_model_training/venv/lib64/python3.12/site-packages/airflow/example_dags/example_bash_operator.py
[2026-03-24T06:43:35.659+0000] {processor.py:925} INFO - DAG(s) 'example_bash_operator' retrieved from /home/ec2-user/environment/lab4_model_training/venv/lib64/python3.12/site-packages/airflow/example_dags/example_bash_operator.py
[2026-03-24T06:43:35.682+0000] {logging_mixin.py:190} INFO - [2026-03-24T06:43:35.682+0000] {dag.py:3239} INFO - Sync 1 DAGs
[2026-03-24T06:43:35.702+0000] {logging_mixin.py:190} INFO - [2026-03-24T06:43:35.702+0000] {dag.py:4180} INFO - Setting next_dagrun for example_bash_operator to 2026-03-23 00:00:00+00:00, run_after=2026-03-24 00:00:00+00:00
[2026-03-24T06:43:35.727+0000] {processor.py:208} INFO - Processing /home/ec2-user/environment/lab4_model_training/venv/lib64/python3.12/site-packages/airflow/example_dags/example_bash_operator.py took 0.092 seconds
[2026-03-24T06:44:43.092+0000] {processor.py:186} INFO - Started process (PID=11116) to work on /home/ec2-user/environment/lab4_model_training/venv/lib64/python3.12/site-packages/airflow/example_dags/example_bash_operator.py
[2026-03-24T06:44:43.093+0000] {processor.py:914} INFO - Processing file /home/ec2-user/environment/lab4_model_training/venv/lib64/python3.12/site-packages/airflow/example_dags/example_bash_operator.py for tasks to queue
[2026-03-24T06:44:43.095+0000] {logging_mixin.py:190} INFO - [2026-03-24T06:44:43.095+0000] {dagbag.py:588} INFO - Filling up the DagBag from /home/ec2-user/environment/lab4_model_training/venv/lib64/python3.12/site-packages/airflow/example_dags/example_bash_operator.py
[2026-03-24T06:44:43.113+0000] {processor.py:925} INFO - DAG(s) 'example_bash_operator' retrieved from /home/ec2-user/environment/lab4_model_training/venv/lib64/python3.12/site-packages/airflow/example_dags/example_bash_operator.py
[2026-03-24T06:44:43.135+0000] {logging_mixin.py:190} INFO - [2026-03-24T06:44:43.135+0000] {dag.py:3239} INFO - Sync 1 DAGs
[2026-03-24T06:44:43.155+0000] {logging_mixin.py:190} INFO - [2026-03-24T06:44:43.155+0000] {dag.py:4180} INFO - Setting next_dagrun for example_bash_operator to 2026-03-23 00:00:00+00:00, run_after=2026-03-24 00:00:00+00:00
[2026-03-24T06:44:43.178+0000] {processor.py:208} INFO - Processing /home/ec2-user/environment/lab4_model_training/venv/lib64/python3.12/site-packages/airflow/example_dags/example_bash_operator.py took 0.092 seconds
[2026-03-24T06:45:50.681+0000] {processor.py:186} INFO - Started process (PID=11526) to work on /home/ec2-user/environment/lab4_model_training/venv/lib64/python3.12/site-packages/airflow/example_dags/example_bash_operator.py
[2026-03-24T06:45:50.683+0000] {processor.py:914} INFO - Processing file /home/ec2-user/environment/lab4_model_training/venv/lib64/python3.12/site-packages/airflow/example_dags/example_bash_operator.py for tasks to queue
[2026-03-24T06:45:50.685+0000] {logging_mixin.py:190} INFO - [2026-03-24T06:45:50.684+0000] {dagbag.py:588} INFO - Filling up the DagBag from /home/ec2-user/environment/lab4_model_training/venv/lib64/python3.12/site-packages/airflow/example_dags/example_bash_operator.py
[2026-03-24T06:45:50.701+0000] {processor.py:925} INFO - DAG(s) 'example_bash_operator' retrieved from /home/ec2-user/environment/lab4_model_training/venv/lib64/python3.12/site-packages/airflow/example_dags/example_bash_operator.py
[2026-03-24T06:45:50.723+0000] {logging_mixin.py:190} INFO - [2026-03-24T06:45:50.723+0000] {dag.py:3239} INFO - Sync 1 DAGs
[2026-03-24T06:45:50.743+0000] {logging_mixin.py:190} INFO - [2026-03-24T06:45:50.743+0000] {dag.py:4180} INFO - Setting next_dagrun for example_bash_operator to 2026-03-23 00:00:00+00:00, run_after=2026-03-24 00:00:00+00:00
[2026-03-24T06:45:50.767+0000] {processor.py:208} INFO - Processing /home/ec2-user/environment/lab4_model_training/venv/lib64/python3.12/site-packages/airflow/example_dags/example_bash_operator.py took 0.090 seconds
[2026-03-24T06:47:16.131+0000] {processor.py:186} INFO - Started process (PID=11849) to work on /home/ec2-user/environment/lab4_model_training/venv/lib64/python3.12/site-packages/airflow/example_dags/example_bash_operator.py
[2026-03-24T06:47:16.133+0000] {processor.py:914} INFO - Processing file /home/ec2-user/environment/lab4_model_training/venv/lib64/python3.12/site-packages/airflow/example_dags/example_bash_operator.py for tasks to queue
[2026-03-24T06:47:16.135+0000] {logging_mixin.py:190} INFO - [2026-03-24T06:47:16.134+0000] {dagbag.py:588} INFO - Filling up the DagBag from /home/ec2-user/environment/lab4_model_training/venv/lib64/python3.12/site-packages/airflow/example_dags/example_bash_operator.py
[2026-03-24T06:47:16.151+0000] {processor.py:925} INFO - DAG(s) 'example_bash_operator' retrieved from /home/ec2-user/environment/lab4_model_training/venv/lib64/python3.12/site-packages/airflow/example_dags/example_bash_operator.py
[2026-03-24T06:47:16.173+0000] {logging_mixin.py:190} INFO - [2026-03-24T06:47:16.173+0000] {dag.py:3239} INFO - Sync 1 DAGs
[2026-03-24T06:47:16.193+0000] {logging_mixin.py:190} INFO - [2026-03-24T06:47:16.193+0000] {dag.py:4180} INFO - Setting next_dagrun for example_bash_operator to 2026-03-23 00:00:00+00:00, run_after=2026-03-24 00:00:00+00:00
[2026-03-24T06:47:16.214+0000] {processor.py:208} INFO - Processing /home/ec2-user/environment/lab4_model_training/venv/lib64/python3.12/site-packages/airflow/example_dags/example_bash_operator.py took 0.088 seconds
[2026-03-24T06:48:22.522+0000] {processor.py:186} INFO - Started process (PID=12144) to work on /home/ec2-user/environment/lab4_model_training/venv/lib64/python3.12/site-packages/airflow/example_dags/example_bash_operator.py
[2026-03-24T06:48:22.524+0000] {processor.py:914} INFO - Processing file /home/ec2-user/environment/lab4_model_training/venv/lib64/python3.12/site-packages/airflow/example_dags/example_bash_operator.py for tasks to queue
[2026-03-24T06:48:22.526+0000] {logging_mixin.py:190} INFO - [2026-03-24T06:48:22.526+0000] {dagbag.py:588} INFO - Filling up the DagBag from /home/ec2-user/environment/lab4_model_training/venv/lib64/python3.12/site-packages/airflow/example_dags/example_bash_operator.py
[2026-03-24T06:48:22.543+0000] {processor.py:925} INFO - DAG(s) 'example_bash_operator' retrieved from /home/ec2-user/environment/lab4_model_training/venv/lib64/python3.12/site-packages/airflow/example_dags/example_bash_operator.py
[2026-03-24T06:48:22.564+0000] {logging_mixin.py:190} INFO - [2026-03-24T06:48:22.564+0000] {dag.py:3239} INFO - Sync 1 DAGs
[2026-03-24T06:48:22.585+0000] {logging_mixin.py:190} INFO - [2026-03-24T06:48:22.584+0000] {dag.py:4180} INFO - Setting next_dagrun for example_bash_operator to 2026-03-23 00:00:00+00:00, run_after=2026-03-24 00:00:00+00:00
[2026-03-24T06:48:22.607+0000] {processor.py:208} INFO - Processing /home/ec2-user/environment/lab4_model_training/venv/lib64/python3.12/site-packages/airflow/example_dags/example_bash_operator.py took 0.089 seconds
[2026-03-24T06:49:27.232+0000] {processor.py:186} INFO - Started process (PID=12410) to work on /home/ec2-user/environment/lab4_model_training/venv/lib64/python3.12/site-packages/airflow/example_dags/example_bash_operator.py
[2026-03-24T06:49:27.233+0000] {processor.py:914} INFO - Processing file /home/ec2-user/environment/lab4_model_training/venv/lib64/python3.12/site-packages/airflow/example_dags/example_bash_operator.py for tasks to queue
[2026-03-24T06:49:27.235+0000] {logging_mixin.py:190} INFO - [2026-03-24T06:49:27.235+0000] {dagbag.py:588} INFO - Filling up the DagBag from /home/ec2-user/environment/lab4_model_training/venv/lib64/python3.12/site-packages/airflow/example_dags/example_bash_operator.py
[2026-03-24T06:49:27.251+0000] {processor.py:925} INFO - DAG(s) 'example_bash_operator' retrieved from /home/ec2-user/environment/lab4_model_training/venv/lib64/python3.12/site-packages/airflow/example_dags/example_bash_operator.py
[2026-03-24T06:49:27.272+0000] {logging_mixin.py:190} INFO - [2026-03-24T06:49:27.271+0000] {dag.py:3239} INFO - Sync 1 DAGs
[2026-03-24T06:49:27.292+0000] {logging_mixin.py:190} INFO - [2026-03-24T06:49:27.292+0000] {dag.py:4180} INFO - Setting next_dagrun for example_bash_operator to 2026-03-23 00:00:00+00:00, run_after=2026-03-24 00:00:00+00:00
[2026-03-24T06:49:27.313+0000] {processor.py:208} INFO - Processing /home/ec2-user/environment/lab4_model_training/venv/lib64/python3.12/site-packages/airflow/example_dags/example_bash_operator.py took 0.086 seconds
[2026-03-24T06:50:35.304+0000] {processor.py:186} INFO - Started process (PID=12691) to work on /home/ec2-user/environment/lab4_model_training/venv/lib64/python3.12/site-packages/airflow/example_dags/example_bash_operator.py
[2026-03-24T06:50:35.305+0000] {processor.py:914} INFO - Processing file /home/ec2-user/environment/lab4_model_training/venv/lib64/python3.12/site-packages/airflow/example_dags/example_bash_operator.py for tasks to queue
[2026-03-24T06:50:35.308+0000] {logging_mixin.py:190} INFO - [2026-03-24T06:50:35.308+0000] {dagbag.py:588} INFO - Filling up the DagBag from /home/ec2-user/environment/lab4_model_training/venv/lib64/python3.12/site-packages/airflow/example_dags/example_bash_operator.py
[2026-03-24T06:50:35.324+0000] {processor.py:925} INFO - DAG(s) 'example_bash_operator' retrieved from /home/ec2-user/environment/lab4_model_training/venv/lib64/python3.12/site-packages/airflow/example_dags/example_bash_operator.py
[2026-03-24T06:50:35.345+0000] {logging_mixin.py:190} INFO - [2026-03-24T06:50:35.345+0000] {dag.py:3239} INFO - Sync 1 DAGs
[2026-03-24T06:50:35.364+0000] {logging_mixin.py:190} INFO - [2026-03-24T06:50:35.364+0000] {dag.py:4180} INFO - Setting next_dagrun for example_bash_operator to 2026-03-23 00:00:00+00:00, run_after=2026-03-24 00:00:00+00:00
[2026-03-24T06:50:35.386+0000] {processor.py:208} INFO - Processing /home/ec2-user/environment/lab4_model_training/venv/lib64/python3.12/site-packages/airflow/example_dags/example_bash_operator.py took 0.087 seconds
[2026-03-24T06:51:44.358+0000] {processor.py:186} INFO - Started process (PID=12949) to work on /home/ec2-user/environment/lab4_model_training/venv/lib64/python3.12/site-packages/airflow/example_dags/example_bash_operator.py
[2026-03-24T06:51:44.359+0000] {processor.py:914} INFO - Processing file /home/ec2-user/environment/lab4_model_training/venv/lib64/python3.12/site-packages/airflow/example_dags/example_bash_operator.py for tasks to queue
[2026-03-24T06:51:44.361+0000] {logging_mixin.py:190} INFO - [2026-03-24T06:51:44.361+0000] {dagbag.py:588} INFO - Filling up the DagBag from /home/ec2-user/environment/lab4_model_training/venv/lib64/python3.12/site-packages/airflow/example_dags/example_bash_operator.py
[2026-03-24T06:51:44.378+0000] {processor.py:925} INFO - DAG(s) 'example_bash_operator' retrieved from /home/ec2-user/environment/lab4_model_training/venv/lib64/python3.12/site-packages/airflow/example_dags/example_bash_operator.py
[2026-03-24T06:51:44.400+0000] {logging_mixin.py:190} INFO - [2026-03-24T06:51:44.400+0000] {dag.py:3239} INFO - Sync 1 DAGs
[2026-03-24T06:51:44.420+0000] {logging_mixin.py:190} INFO - [2026-03-24T06:51:44.420+0000] {dag.py:4180} INFO - Setting next_dagrun for example_bash_operator to 2026-03-23 00:00:00+00:00, run_after=2026-03-24 00:00:00+00:00
[2026-03-24T06:51:44.441+0000] {processor.py:208} INFO - Processing /home/ec2-user/environment/lab4_model_training/venv/lib64/python3.12/site-packages/airflow/example_dags/example_bash_operator.py took 0.088 seconds
[2026-03-24T06:52:51.702+0000] {processor.py:186} INFO - Started process (PID=13330) to work on /home/ec2-user/environment/lab4_model_training/venv/lib64/python3.12/site-packages/airflow/example_dags/example_bash_operator.py
[2026-03-24T06:52:51.703+0000] {processor.py:914} INFO - Processing file /home/ec2-user/environment/lab4_model_training/venv/lib64/python3.12/site-packages/airflow/example_dags/example_bash_operator.py for tasks to queue
[2026-03-24T06:52:51.705+0000] {logging_mixin.py:190} INFO - [2026-03-24T06:52:51.704+0000] {dagbag.py:588} INFO - Filling up the DagBag from /home/ec2-user/environment/lab4_model_training/venv/lib64/python3.12/site-packages/airflow/example_dags/example_bash_operator.py
[2026-03-24T06:52:51.719+0000] {processor.py:925} INFO - DAG(s) 'example_bash_operator' retrieved from /home/ec2-user/environment/lab4_model_training/venv/lib64/python3.12/site-packages/airflow/example_dags/example_bash_operator.py
[2026-03-24T06:52:51.739+0000] {logging_mixin.py:190} INFO - [2026-03-24T06:52:51.739+0000] {dag.py:3239} INFO - Sync 1 DAGs
[2026-03-24T06:52:51.759+0000] {logging_mixin.py:190} INFO - [2026-03-24T06:52:51.759+0000] {dag.py:4180} INFO - Setting next_dagrun for example_bash_operator to 2026-03-23 00:00:00+00:00, run_after=2026-03-24 00:00:00+00:00
[2026-03-24T06:52:51.780+0000] {processor.py:208} INFO - Processing /home/ec2-user/environment/lab4_model_training/venv/lib64/python3.12/site-packages/airflow/example_dags/example_bash_operator.py took 0.082 seconds
[2026-03-24T06:54:11.561+0000] {processor.py:186} INFO - Started process (PID=13699) to work on /home/ec2-user/environment/lab4_model_training/venv/lib64/python3.12/site-packages/airflow/example_dags/example_bash_operator.py
[2026-03-24T06:54:11.562+0000] {processor.py:914} INFO - Processing file /home/ec2-user/environment/lab4_model_training/venv/lib64/python3.12/site-packages/airflow/example_dags/example_bash_operator.py for tasks to queue
[2026-03-24T06:54:11.563+0000] {logging_mixin.py:190} INFO - [2026-03-24T06:54:11.563+0000] {dagbag.py:588} INFO - Filling up the DagBag from /home/ec2-user/environment/lab4_model_training/venv/lib64/python3.12/site-packages/airflow/example_dags/example_bash_operator.py
[2026-03-24T06:54:11.580+0000] {processor.py:925} INFO - DAG(s) 'example_bash_operator' retrieved from /home/ec2-user/environment/lab4_model_training/venv/lib64/python3.12/site-packages/airflow/example_dags/example_bash_operator.py
[2026-03-24T06:54:11.609+0000] {logging_mixin.py:190} INFO - [2026-03-24T06:54:11.609+0000] {dag.py:3239} INFO - Sync 1 DAGs
[2026-03-24T06:54:11.632+0000] {logging_mixin.py:190} INFO - [2026-03-24T06:54:11.632+0000] {dag.py:4180} INFO - Setting next_dagrun for example_bash_operator to 2026-03-23 00:00:00+00:00, run_after=2026-03-24 00:00:00+00:00
[2026-03-24T06:54:11.653+0000] {processor.py:208} INFO - Processing /home/ec2-user/environment/lab4_model_training/venv/lib64/python3.12/site-packages/airflow/example_dags/example_bash_operator.py took 0.097 seconds
[2026-03-24T06:55:19.015+0000] {processor.py:186} INFO - Started process (PID=13967) to work on /home/ec2-user/environment/lab4_model_training/venv/lib64/python3.12/site-packages/airflow/example_dags/example_bash_operator.py
[2026-03-24T06:55:19.016+0000] {processor.py:914} INFO - Processing file /home/ec2-user/environment/lab4_model_training/venv/lib64/python3.12/site-packages/airflow/example_dags/example_bash_operator.py for tasks to queue
[2026-03-24T06:55:19.018+0000] {logging_mixin.py:190} INFO - [2026-03-24T06:55:19.017+0000] {dagbag.py:588} INFO - Filling up the DagBag from /home/ec2-user/environment/lab4_model_training/venv/lib64/python3.12/site-packages/airflow/example_dags/example_bash_operator.py
[2026-03-24T06:55:19.032+0000] {processor.py:925} INFO - DAG(s) 'example_bash_operator' retrieved from /home/ec2-user/environment/lab4_model_training/venv/lib64/python3.12/site-packages/airflow/example_dags/example_bash_operator.py
[2026-03-24T06:55:19.054+0000] {logging_mixin.py:190} INFO - [2026-03-24T06:55:19.054+0000] {dag.py:3239} INFO - Sync 1 DAGs
[2026-03-24T06:55:19.074+0000] {logging_mixin.py:190} INFO - [2026-03-24T06:55:19.074+0000] {dag.py:4180} INFO - Setting next_dagrun for example_bash_operator to 2026-03-23 00:00:00+00:00, run_after=2026-03-24 00:00:00+00:00
[2026-03-24T06:55:19.095+0000] {processor.py:208} INFO - Processing /home/ec2-user/environment/lab4_model_training/venv/lib64/python3.12/site-packages/airflow/example_dags/example_bash_operator.py took 0.085 seconds
[2026-03-24T06:56:47.309+0000] {processor.py:186} INFO - Started process (PID=14365) to work on /home/ec2-user/environment/lab4_model_training/venv/lib64/python3.12/site-packages/airflow/example_dags/example_bash_operator.py
[2026-03-24T06:56:47.310+0000] {processor.py:914} INFO - Processing file /home/ec2-user/environment/lab4_model_training/venv/lib64/python3.12/site-packages/airflow/example_dags/example_bash_operator.py for tasks to queue
[2026-03-24T06:56:47.311+0000] {logging_mixin.py:190} INFO - [2026-03-24T06:56:47.311+0000] {dagbag.py:588} INFO - Filling up the DagBag from /home/ec2-user/environment/lab4_model_training/venv/lib64/python3.12/site-packages/airflow/example_dags/example_bash_operator.py
[2026-03-24T06:56:47.327+0000] {processor.py:925} INFO - DAG(s) 'example_bash_operator' retrieved from /home/ec2-user/environment/lab4_model_training/venv/lib64/python3.12/site-packages/airflow/example_dags/example_bash_operator.py
[2026-03-24T06:56:47.348+0000] {logging_mixin.py:190} INFO - [2026-03-24T06:56:47.348+0000] {dag.py:3239} INFO - Sync 1 DAGs
[2026-03-24T06:56:47.489+0000] {logging_mixin.py:190} INFO - [2026-03-24T06:56:47.489+0000] {dag.py:4180} INFO - Setting next_dagrun for example_bash_operator to 2026-03-23 00:00:00+00:00, run_after=2026-03-24 00:00:00+00:00
[2026-03-24T06:56:47.510+0000] {processor.py:208} INFO - Processing /home/ec2-user/environment/lab4_model_training/venv/lib64/python3.12/site-packages/airflow/example_dags/example_bash_operator.py took 0.206 seconds
[2026-03-24T06:58:01.532+0000] {processor.py:186} INFO - Started process (PID=14710) to work on /home/ec2-user/environment/lab4_model_training/venv/lib64/python3.12/site-packages/airflow/example_dags/example_bash_operator.py
[2026-03-24T06:58:01.533+0000] {processor.py:914} INFO - Processing file /home/ec2-user/environment/lab4_model_training/venv/lib64/python3.12/site-packages/airflow/example_dags/example_bash_operator.py for tasks to queue
[2026-03-24T06:58:01.535+0000] {logging_mixin.py:190} INFO - [2026-03-24T06:58:01.534+0000] {dagbag.py:588} INFO - Filling up the DagBag from /home/ec2-user/environment/lab4_model_training/venv/lib64/python3.12/site-packages/airflow/example_dags/example_bash_operator.py
[2026-03-24T06:58:01.551+0000] {processor.py:925} INFO - DAG(s) 'example_bash_operator' retrieved from /home/ec2-user/environment/lab4_model_training/venv/lib64/python3.12/site-packages/airflow/example_dags/example_bash_operator.py
[2026-03-24T06:58:01.578+0000] {logging_mixin.py:190} INFO - [2026-03-24T06:58:01.578+0000] {dag.py:3239} INFO - Sync 1 DAGs
[2026-03-24T06:58:01.604+0000] {logging_mixin.py:190} INFO - [2026-03-24T06:58:01.604+0000] {dag.py:4180} INFO - Setting next_dagrun for example_bash_operator to 2026-03-23 00:00:00+00:00, run_after=2026-03-24 00:00:00+00:00
[2026-03-24T06:58:01.763+0000] {processor.py:208} INFO - Processing /home/ec2-user/environment/lab4_model_training/venv/lib64/python3.12/site-packages/airflow/example_dags/example_bash_operator.py took 0.236 seconds
[2026-03-24T06:59:04.287+0000] {processor.py:186} INFO - Started process (PID=14976) to work on /home/ec2-user/environment/lab4_model_training/venv/lib64/python3.12/site-packages/airflow/example_dags/example_bash_operator.py
[2026-03-24T06:59:04.289+0000] {processor.py:914} INFO - Processing file /home/ec2-user/environment/lab4_model_training/venv/lib64/python3.12/site-packages/airflow/example_dags/example_bash_operator.py for tasks to queue
[2026-03-24T06:59:04.291+0000] {logging_mixin.py:190} INFO - [2026-03-24T06:59:04.290+0000] {dagbag.py:588} INFO - Filling up the DagBag from /home/ec2-user/environment/lab4_model_training/venv/lib64/python3.12/site-packages/airflow/example_dags/example_bash_operator.py
[2026-03-24T06:59:04.307+0000] {processor.py:925} INFO - DAG(s) 'example_bash_operator' retrieved from /home/ec2-user/environment/lab4_model_training/venv/lib64/python3.12/site-packages/airflow/example_dags/example_bash_operator.py
[2026-03-24T06:59:04.329+0000] {logging_mixin.py:190} INFO - [2026-03-24T06:59:04.329+0000] {dag.py:3239} INFO - Sync 1 DAGs
[2026-03-24T06:59:04.349+0000] {logging_mixin.py:190} INFO - [2026-03-24T06:59:04.349+0000] {dag.py:4180} INFO - Setting next_dagrun for example_bash_operator to 2026-03-23 00:00:00+00:00, run_after=2026-03-24 00:00:00+00:00
[2026-03-24T06:59:04.371+0000] {processor.py:208} INFO - Processing /home/ec2-user/environment/lab4_model_training/venv/lib64/python3.12/site-packages/airflow/example_dags/example_bash_operator.py took 0.089 seconds
[2026-03-24T07:00:32.203+0000] {processor.py:186} INFO - Started process (PID=15403) to work on /home/ec2-user/environment/lab4_model_training/venv/lib64/python3.12/site-packages/airflow/example_dags/example_bash_operator.py
[2026-03-24T07:00:32.204+0000] {processor.py:914} INFO - Processing file /home/ec2-user/environment/lab4_model_training/venv/lib64/python3.12/site-packages/airflow/example_dags/example_bash_operator.py for tasks to queue
[2026-03-24T07:00:32.206+0000] {logging_mixin.py:190} INFO - [2026-03-24T07:00:32.206+0000] {dagbag.py:588} INFO - Filling up the DagBag from /home/ec2-user/environment/lab4_model_training/venv/lib64/python3.12/site-packages/airflow/example_dags/example_bash_operator.py
[2026-03-24T07:00:32.222+0000] {processor.py:925} INFO - DAG(s) 'example_bash_operator' retrieved from /home/ec2-user/environment/lab4_model_training/venv/lib64/python3.12/site-packages/airflow/example_dags/example_bash_operator.py
[2026-03-24T07:00:32.250+0000] {logging_mixin.py:190} INFO - [2026-03-24T07:00:32.250+0000] {dag.py:3239} INFO - Sync 1 DAGs
[2026-03-24T07:00:32.270+0000] {logging_mixin.py:190} INFO - [2026-03-24T07:00:32.270+0000] {dag.py:4180} INFO - Setting next_dagrun for example_bash_operator to 2026-03-23 00:00:00+00:00, run_after=2026-03-24 00:00:00+00:00
[2026-03-24T07:00:32.291+0000] {processor.py:208} INFO - Processing /home/ec2-user/environment/lab4_model_training/venv/lib64/python3.12/site-packages/airflow/example_dags/example_bash_operator.py took 0.093 seconds
