[2026-03-24T06:16:23.115+0000] {processor.py:186} INFO - Started process (PID=2867) to work on /home/ec2-user/environment/lab4_model_training/venv/lib64/python3.12/site-packages/airflow/example_dags/example_latest_only.py
[2026-03-24T06:16:23.116+0000] {processor.py:914} INFO - Processing file /home/ec2-user/environment/lab4_model_training/venv/lib64/python3.12/site-packages/airflow/example_dags/example_latest_only.py for tasks to queue
[2026-03-24T06:16:23.118+0000] {logging_mixin.py:190} INFO - [2026-03-24T06:16:23.118+0000] {dagbag.py:588} INFO - Filling up the DagBag from /home/ec2-user/environment/lab4_model_training/venv/lib64/python3.12/site-packages/airflow/example_dags/example_latest_only.py
[2026-03-24T06:16:23.129+0000] {processor.py:925} INFO - DAG(s) 'latest_only' retrieved from /home/ec2-user/environment/lab4_model_training/venv/lib64/python3.12/site-packages/airflow/example_dags/example_latest_only.py
[2026-03-24T06:16:23.143+0000] {logging_mixin.py:190} INFO - [2026-03-24T06:16:23.143+0000] {dag.py:3239} INFO - Sync 1 DAGs
[2026-03-24T06:16:23.162+0000] {logging_mixin.py:190} INFO - [2026-03-24T06:16:23.162+0000] {dag.py:4180} INFO - Setting next_dagrun for latest_only to 2026-03-24 00:00:00+00:00, run_after=2026-03-24 04:00:00+00:00
[2026-03-24T06:16:23.184+0000] {processor.py:208} INFO - Processing /home/ec2-user/environment/lab4_model_training/venv/lib64/python3.12/site-packages/airflow/example_dags/example_latest_only.py took 0.075 seconds
[2026-03-24T06:17:28.529+0000] {processor.py:186} INFO - Started process (PID=3141) to work on /home/ec2-user/environment/lab4_model_training/venv/lib64/python3.12/site-packages/airflow/example_dags/example_latest_only.py
[2026-03-24T06:17:28.530+0000] {processor.py:914} INFO - Processing file /home/ec2-user/environment/lab4_model_training/venv/lib64/python3.12/site-packages/airflow/example_dags/example_latest_only.py for tasks to queue
[2026-03-24T06:17:28.533+0000] {logging_mixin.py:190} INFO - [2026-03-24T06:17:28.532+0000] {dagbag.py:588} INFO - Filling up the DagBag from /home/ec2-user/environment/lab4_model_training/venv/lib64/python3.12/site-packages/airflow/example_dags/example_latest_only.py
[2026-03-24T06:17:28.541+0000] {processor.py:925} INFO - DAG(s) 'latest_only' retrieved from /home/ec2-user/environment/lab4_model_training/venv/lib64/python3.12/site-packages/airflow/example_dags/example_latest_only.py
[2026-03-24T06:17:28.557+0000] {logging_mixin.py:190} INFO - [2026-03-24T06:17:28.557+0000] {dag.py:3239} INFO - Sync 1 DAGs
[2026-03-24T06:17:28.576+0000] {logging_mixin.py:190} INFO - [2026-03-24T06:17:28.576+0000] {dag.py:4180} INFO - Setting next_dagrun for latest_only to 2026-03-24 00:00:00+00:00, run_after=2026-03-24 04:00:00+00:00
[2026-03-24T06:17:28.599+0000] {processor.py:208} INFO - Processing /home/ec2-user/environment/lab4_model_training/venv/lib64/python3.12/site-packages/airflow/example_dags/example_latest_only.py took 0.074 seconds
[2026-03-24T06:18:33.041+0000] {processor.py:186} INFO - Started process (PID=3426) to work on /home/ec2-user/environment/lab4_model_training/venv/lib64/python3.12/site-packages/airflow/example_dags/example_latest_only.py
[2026-03-24T06:18:33.042+0000] {processor.py:914} INFO - Processing file /home/ec2-user/environment/lab4_model_training/venv/lib64/python3.12/site-packages/airflow/example_dags/example_latest_only.py for tasks to queue
[2026-03-24T06:18:33.044+0000] {logging_mixin.py:190} INFO - [2026-03-24T06:18:33.044+0000] {dagbag.py:588} INFO - Filling up the DagBag from /home/ec2-user/environment/lab4_model_training/venv/lib64/python3.12/site-packages/airflow/example_dags/example_latest_only.py
[2026-03-24T06:18:33.052+0000] {processor.py:925} INFO - DAG(s) 'latest_only' retrieved from /home/ec2-user/environment/lab4_model_training/venv/lib64/python3.12/site-packages/airflow/example_dags/example_latest_only.py
[2026-03-24T06:18:33.073+0000] {logging_mixin.py:190} INFO - [2026-03-24T06:18:33.073+0000] {dag.py:3239} INFO - Sync 1 DAGs
[2026-03-24T06:18:33.105+0000] {logging_mixin.py:190} INFO - [2026-03-24T06:18:33.104+0000] {dag.py:4180} INFO - Setting next_dagrun for latest_only to 2026-03-24 00:00:00+00:00, run_after=2026-03-24 04:00:00+00:00
[2026-03-24T06:18:33.127+0000] {processor.py:208} INFO - Processing /home/ec2-user/environment/lab4_model_training/venv/lib64/python3.12/site-packages/airflow/example_dags/example_latest_only.py took 0.090 seconds
[2026-03-24T06:19:40.678+0000] {processor.py:186} INFO - Started process (PID=3788) to work on /home/ec2-user/environment/lab4_model_training/venv/lib64/python3.12/site-packages/airflow/example_dags/example_latest_only.py
[2026-03-24T06:19:40.679+0000] {processor.py:914} INFO - Processing file /home/ec2-user/environment/lab4_model_training/venv/lib64/python3.12/site-packages/airflow/example_dags/example_latest_only.py for tasks to queue
[2026-03-24T06:19:40.682+0000] {logging_mixin.py:190} INFO - [2026-03-24T06:19:40.682+0000] {dagbag.py:588} INFO - Filling up the DagBag from /home/ec2-user/environment/lab4_model_training/venv/lib64/python3.12/site-packages/airflow/example_dags/example_latest_only.py
[2026-03-24T06:19:40.691+0000] {processor.py:925} INFO - DAG(s) 'latest_only' retrieved from /home/ec2-user/environment/lab4_model_training/venv/lib64/python3.12/site-packages/airflow/example_dags/example_latest_only.py
[2026-03-24T06:19:40.710+0000] {logging_mixin.py:190} INFO - [2026-03-24T06:19:40.709+0000] {dag.py:3239} INFO - Sync 1 DAGs
[2026-03-24T06:19:40.736+0000] {logging_mixin.py:190} INFO - [2026-03-24T06:19:40.736+0000] {dag.py:4180} INFO - Setting next_dagrun for latest_only to 2026-03-24 00:00:00+00:00, run_after=2026-03-24 04:00:00+00:00
[2026-03-24T06:19:40.766+0000] {processor.py:208} INFO - Processing /home/ec2-user/environment/lab4_model_training/venv/lib64/python3.12/site-packages/airflow/example_dags/example_latest_only.py took 0.094 seconds
[2026-03-24T06:20:49.755+0000] {processor.py:186} INFO - Started process (PID=4164) to work on /home/ec2-user/environment/lab4_model_training/venv/lib64/python3.12/site-packages/airflow/example_dags/example_latest_only.py
[2026-03-24T06:20:49.756+0000] {processor.py:914} INFO - Processing file /home/ec2-user/environment/lab4_model_training/venv/lib64/python3.12/site-packages/airflow/example_dags/example_latest_only.py for tasks to queue
[2026-03-24T06:20:49.759+0000] {logging_mixin.py:190} INFO - [2026-03-24T06:20:49.758+0000] {dagbag.py:588} INFO - Filling up the DagBag from /home/ec2-user/environment/lab4_model_training/venv/lib64/python3.12/site-packages/airflow/example_dags/example_latest_only.py
[2026-03-24T06:20:49.767+0000] {processor.py:925} INFO - DAG(s) 'latest_only' retrieved from /home/ec2-user/environment/lab4_model_training/venv/lib64/python3.12/site-packages/airflow/example_dags/example_latest_only.py
[2026-03-24T06:20:49.785+0000] {logging_mixin.py:190} INFO - [2026-03-24T06:20:49.785+0000] {dag.py:3239} INFO - Sync 1 DAGs
[2026-03-24T06:20:49.804+0000] {logging_mixin.py:190} INFO - [2026-03-24T06:20:49.804+0000] {dag.py:4180} INFO - Setting next_dagrun for latest_only to 2026-03-24 00:00:00+00:00, run_after=2026-03-24 04:00:00+00:00
[2026-03-24T06:20:49.826+0000] {processor.py:208} INFO - Processing /home/ec2-user/environment/lab4_model_training/venv/lib64/python3.12/site-packages/airflow/example_dags/example_latest_only.py took 0.076 seconds
[2026-03-24T06:21:56.429+0000] {processor.py:186} INFO - Started process (PID=4521) to work on /home/ec2-user/environment/lab4_model_training/venv/lib64/python3.12/site-packages/airflow/example_dags/example_latest_only.py
[2026-03-24T06:21:56.435+0000] {processor.py:914} INFO - Processing file /home/ec2-user/environment/lab4_model_training/venv/lib64/python3.12/site-packages/airflow/example_dags/example_latest_only.py for tasks to queue
[2026-03-24T06:21:56.443+0000] {logging_mixin.py:190} INFO - [2026-03-24T06:21:56.443+0000] {dagbag.py:588} INFO - Filling up the DagBag from /home/ec2-user/environment/lab4_model_training/venv/lib64/python3.12/site-packages/airflow/example_dags/example_latest_only.py
[2026-03-24T06:21:56.451+0000] {processor.py:925} INFO - DAG(s) 'latest_only' retrieved from /home/ec2-user/environment/lab4_model_training/venv/lib64/python3.12/site-packages/airflow/example_dags/example_latest_only.py
[2026-03-24T06:21:56.482+0000] {logging_mixin.py:190} INFO - [2026-03-24T06:21:56.481+0000] {dag.py:3239} INFO - Sync 1 DAGs
[2026-03-24T06:21:56.513+0000] {logging_mixin.py:190} INFO - [2026-03-24T06:21:56.512+0000] {dag.py:4180} INFO - Setting next_dagrun for latest_only to 2026-03-24 00:00:00+00:00, run_after=2026-03-24 04:00:00+00:00
[2026-03-24T06:21:56.558+0000] {processor.py:208} INFO - Processing /home/ec2-user/environment/lab4_model_training/venv/lib64/python3.12/site-packages/airflow/example_dags/example_latest_only.py took 0.136 seconds
[2026-03-24T06:23:03.660+0000] {processor.py:186} INFO - Started process (PID=4932) to work on /home/ec2-user/environment/lab4_model_training/venv/lib64/python3.12/site-packages/airflow/example_dags/example_latest_only.py
[2026-03-24T06:23:03.661+0000] {processor.py:914} INFO - Processing file /home/ec2-user/environment/lab4_model_training/venv/lib64/python3.12/site-packages/airflow/example_dags/example_latest_only.py for tasks to queue
[2026-03-24T06:23:03.663+0000] {logging_mixin.py:190} INFO - [2026-03-24T06:23:03.663+0000] {dagbag.py:588} INFO - Filling up the DagBag from /home/ec2-user/environment/lab4_model_training/venv/lib64/python3.12/site-packages/airflow/example_dags/example_latest_only.py
[2026-03-24T06:23:03.671+0000] {processor.py:925} INFO - DAG(s) 'latest_only' retrieved from /home/ec2-user/environment/lab4_model_training/venv/lib64/python3.12/site-packages/airflow/example_dags/example_latest_only.py
[2026-03-24T06:23:03.690+0000] {logging_mixin.py:190} INFO - [2026-03-24T06:23:03.690+0000] {dag.py:3239} INFO - Sync 1 DAGs
[2026-03-24T06:23:03.710+0000] {logging_mixin.py:190} INFO - [2026-03-24T06:23:03.709+0000] {dag.py:4180} INFO - Setting next_dagrun for latest_only to 2026-03-24 00:00:00+00:00, run_after=2026-03-24 04:00:00+00:00
[2026-03-24T06:23:03.734+0000] {processor.py:208} INFO - Processing /home/ec2-user/environment/lab4_model_training/venv/lib64/python3.12/site-packages/airflow/example_dags/example_latest_only.py took 0.079 seconds
[2026-03-24T06:24:13.043+0000] {processor.py:186} INFO - Started process (PID=5319) to work on /home/ec2-user/environment/lab4_model_training/venv/lib64/python3.12/site-packages/airflow/example_dags/example_latest_only.py
[2026-03-24T06:24:13.044+0000] {processor.py:914} INFO - Processing file /home/ec2-user/environment/lab4_model_training/venv/lib64/python3.12/site-packages/airflow/example_dags/example_latest_only.py for tasks to queue
[2026-03-24T06:24:13.046+0000] {logging_mixin.py:190} INFO - [2026-03-24T06:24:13.046+0000] {dagbag.py:588} INFO - Filling up the DagBag from /home/ec2-user/environment/lab4_model_training/venv/lib64/python3.12/site-packages/airflow/example_dags/example_latest_only.py
[2026-03-24T06:24:13.054+0000] {processor.py:925} INFO - DAG(s) 'latest_only' retrieved from /home/ec2-user/environment/lab4_model_training/venv/lib64/python3.12/site-packages/airflow/example_dags/example_latest_only.py
[2026-03-24T06:24:13.071+0000] {logging_mixin.py:190} INFO - [2026-03-24T06:24:13.070+0000] {dag.py:3239} INFO - Sync 1 DAGs
[2026-03-24T06:24:13.090+0000] {logging_mixin.py:190} INFO - [2026-03-24T06:24:13.090+0000] {dag.py:4180} INFO - Setting next_dagrun for latest_only to 2026-03-24 00:00:00+00:00, run_after=2026-03-24 04:00:00+00:00
[2026-03-24T06:24:13.113+0000] {processor.py:208} INFO - Processing /home/ec2-user/environment/lab4_model_training/venv/lib64/python3.12/site-packages/airflow/example_dags/example_latest_only.py took 0.075 seconds
[2026-03-24T06:25:19.054+0000] {processor.py:186} INFO - Started process (PID=5537) to work on /home/ec2-user/environment/lab4_model_training/venv/lib64/python3.12/site-packages/airflow/example_dags/example_latest_only.py
[2026-03-24T06:25:19.056+0000] {processor.py:914} INFO - Processing file /home/ec2-user/environment/lab4_model_training/venv/lib64/python3.12/site-packages/airflow/example_dags/example_latest_only.py for tasks to queue
[2026-03-24T06:25:19.058+0000] {logging_mixin.py:190} INFO - [2026-03-24T06:25:19.058+0000] {dagbag.py:588} INFO - Filling up the DagBag from /home/ec2-user/environment/lab4_model_training/venv/lib64/python3.12/site-packages/airflow/example_dags/example_latest_only.py
[2026-03-24T06:25:19.067+0000] {processor.py:925} INFO - DAG(s) 'latest_only' retrieved from /home/ec2-user/environment/lab4_model_training/venv/lib64/python3.12/site-packages/airflow/example_dags/example_latest_only.py
[2026-03-24T06:25:19.082+0000] {logging_mixin.py:190} INFO - [2026-03-24T06:25:19.082+0000] {dag.py:3239} INFO - Sync 1 DAGs
[2026-03-24T06:25:19.101+0000] {logging_mixin.py:190} INFO - [2026-03-24T06:25:19.101+0000] {dag.py:4180} INFO - Setting next_dagrun for latest_only to 2026-03-24 00:00:00+00:00, run_after=2026-03-24 04:00:00+00:00
[2026-03-24T06:25:19.122+0000] {processor.py:208} INFO - Processing /home/ec2-user/environment/lab4_model_training/venv/lib64/python3.12/site-packages/airflow/example_dags/example_latest_only.py took 0.073 seconds
[2026-03-24T06:26:23.134+0000] {processor.py:186} INFO - Started process (PID=5832) to work on /home/ec2-user/environment/lab4_model_training/venv/lib64/python3.12/site-packages/airflow/example_dags/example_latest_only.py
[2026-03-24T06:26:23.135+0000] {processor.py:914} INFO - Processing file /home/ec2-user/environment/lab4_model_training/venv/lib64/python3.12/site-packages/airflow/example_dags/example_latest_only.py for tasks to queue
[2026-03-24T06:26:23.137+0000] {logging_mixin.py:190} INFO - [2026-03-24T06:26:23.136+0000] {dagbag.py:588} INFO - Filling up the DagBag from /home/ec2-user/environment/lab4_model_training/venv/lib64/python3.12/site-packages/airflow/example_dags/example_latest_only.py
[2026-03-24T06:26:23.145+0000] {processor.py:925} INFO - DAG(s) 'latest_only' retrieved from /home/ec2-user/environment/lab4_model_training/venv/lib64/python3.12/site-packages/airflow/example_dags/example_latest_only.py
[2026-03-24T06:26:23.161+0000] {logging_mixin.py:190} INFO - [2026-03-24T06:26:23.161+0000] {dag.py:3239} INFO - Sync 1 DAGs
[2026-03-24T06:26:23.181+0000] {logging_mixin.py:190} INFO - [2026-03-24T06:26:23.181+0000] {dag.py:4180} INFO - Setting next_dagrun for latest_only to 2026-03-24 00:00:00+00:00, run_after=2026-03-24 04:00:00+00:00
[2026-03-24T06:26:23.203+0000] {processor.py:208} INFO - Processing /home/ec2-user/environment/lab4_model_training/venv/lib64/python3.12/site-packages/airflow/example_dags/example_latest_only.py took 0.074 seconds
[2026-03-24T06:27:29.943+0000] {processor.py:186} INFO - Started process (PID=6057) to work on /home/ec2-user/environment/lab4_model_training/venv/lib64/python3.12/site-packages/airflow/example_dags/example_latest_only.py
[2026-03-24T06:27:29.944+0000] {processor.py:914} INFO - Processing file /home/ec2-user/environment/lab4_model_training/venv/lib64/python3.12/site-packages/airflow/example_dags/example_latest_only.py for tasks to queue
[2026-03-24T06:27:29.947+0000] {logging_mixin.py:190} INFO - [2026-03-24T06:27:29.946+0000] {dagbag.py:588} INFO - Filling up the DagBag from /home/ec2-user/environment/lab4_model_training/venv/lib64/python3.12/site-packages/airflow/example_dags/example_latest_only.py
[2026-03-24T06:27:29.955+0000] {processor.py:925} INFO - DAG(s) 'latest_only' retrieved from /home/ec2-user/environment/lab4_model_training/venv/lib64/python3.12/site-packages/airflow/example_dags/example_latest_only.py
[2026-03-24T06:27:29.971+0000] {logging_mixin.py:190} INFO - [2026-03-24T06:27:29.971+0000] {dag.py:3239} INFO - Sync 1 DAGs
[2026-03-24T06:27:29.990+0000] {logging_mixin.py:190} INFO - [2026-03-24T06:27:29.990+0000] {dag.py:4180} INFO - Setting next_dagrun for latest_only to 2026-03-24 00:00:00+00:00, run_after=2026-03-24 04:00:00+00:00
[2026-03-24T06:27:30.012+0000] {processor.py:208} INFO - Processing /home/ec2-user/environment/lab4_model_training/venv/lib64/python3.12/site-packages/airflow/example_dags/example_latest_only.py took 0.073 seconds
[2026-03-24T06:28:38.998+0000] {processor.py:186} INFO - Started process (PID=6398) to work on /home/ec2-user/environment/lab4_model_training/venv/lib64/python3.12/site-packages/airflow/example_dags/example_latest_only.py
[2026-03-24T06:28:39.000+0000] {processor.py:914} INFO - Processing file /home/ec2-user/environment/lab4_model_training/venv/lib64/python3.12/site-packages/airflow/example_dags/example_latest_only.py for tasks to queue
[2026-03-24T06:28:39.002+0000] {logging_mixin.py:190} INFO - [2026-03-24T06:28:39.001+0000] {dagbag.py:588} INFO - Filling up the DagBag from /home/ec2-user/environment/lab4_model_training/venv/lib64/python3.12/site-packages/airflow/example_dags/example_latest_only.py
[2026-03-24T06:28:39.010+0000] {processor.py:925} INFO - DAG(s) 'latest_only' retrieved from /home/ec2-user/environment/lab4_model_training/venv/lib64/python3.12/site-packages/airflow/example_dags/example_latest_only.py
[2026-03-24T06:28:39.026+0000] {logging_mixin.py:190} INFO - [2026-03-24T06:28:39.026+0000] {dag.py:3239} INFO - Sync 1 DAGs
[2026-03-24T06:28:39.050+0000] {logging_mixin.py:190} INFO - [2026-03-24T06:28:39.050+0000] {dag.py:4180} INFO - Setting next_dagrun for latest_only to 2026-03-24 00:00:00+00:00, run_after=2026-03-24 04:00:00+00:00
[2026-03-24T06:28:39.089+0000] {processor.py:208} INFO - Processing /home/ec2-user/environment/lab4_model_training/venv/lib64/python3.12/site-packages/airflow/example_dags/example_latest_only.py took 0.095 seconds
[2026-03-24T06:29:42.342+0000] {processor.py:186} INFO - Started process (PID=6814) to work on /home/ec2-user/environment/lab4_model_training/venv/lib64/python3.12/site-packages/airflow/example_dags/example_latest_only.py
[2026-03-24T06:29:42.343+0000] {processor.py:914} INFO - Processing file /home/ec2-user/environment/lab4_model_training/venv/lib64/python3.12/site-packages/airflow/example_dags/example_latest_only.py for tasks to queue
[2026-03-24T06:29:42.345+0000] {logging_mixin.py:190} INFO - [2026-03-24T06:29:42.345+0000] {dagbag.py:588} INFO - Filling up the DagBag from /home/ec2-user/environment/lab4_model_training/venv/lib64/python3.12/site-packages/airflow/example_dags/example_latest_only.py
[2026-03-24T06:29:42.353+0000] {processor.py:925} INFO - DAG(s) 'latest_only' retrieved from /home/ec2-user/environment/lab4_model_training/venv/lib64/python3.12/site-packages/airflow/example_dags/example_latest_only.py
[2026-03-24T06:29:42.370+0000] {logging_mixin.py:190} INFO - [2026-03-24T06:29:42.370+0000] {dag.py:3239} INFO - Sync 1 DAGs
[2026-03-24T06:29:42.389+0000] {logging_mixin.py:190} INFO - [2026-03-24T06:29:42.389+0000] {dag.py:4180} INFO - Setting next_dagrun for latest_only to 2026-03-24 00:00:00+00:00, run_after=2026-03-24 04:00:00+00:00
[2026-03-24T06:29:42.412+0000] {processor.py:208} INFO - Processing /home/ec2-user/environment/lab4_model_training/venv/lib64/python3.12/site-packages/airflow/example_dags/example_latest_only.py took 0.075 seconds
[2026-03-24T06:30:43.699+0000] {processor.py:186} INFO - Started process (PID=7044) to work on /home/ec2-user/environment/lab4_model_training/venv/lib64/python3.12/site-packages/airflow/example_dags/example_latest_only.py
[2026-03-24T06:30:43.701+0000] {processor.py:914} INFO - Processing file /home/ec2-user/environment/lab4_model_training/venv/lib64/python3.12/site-packages/airflow/example_dags/example_latest_only.py for tasks to queue
[2026-03-24T06:30:43.703+0000] {logging_mixin.py:190} INFO - [2026-03-24T06:30:43.702+0000] {dagbag.py:588} INFO - Filling up the DagBag from /home/ec2-user/environment/lab4_model_training/venv/lib64/python3.12/site-packages/airflow/example_dags/example_latest_only.py
[2026-03-24T06:30:43.711+0000] {processor.py:925} INFO - DAG(s) 'latest_only' retrieved from /home/ec2-user/environment/lab4_model_training/venv/lib64/python3.12/site-packages/airflow/example_dags/example_latest_only.py
[2026-03-24T06:30:43.729+0000] {logging_mixin.py:190} INFO - [2026-03-24T06:30:43.729+0000] {dag.py:3239} INFO - Sync 1 DAGs
[2026-03-24T06:30:43.748+0000] {logging_mixin.py:190} INFO - [2026-03-24T06:30:43.748+0000] {dag.py:4180} INFO - Setting next_dagrun for latest_only to 2026-03-24 00:00:00+00:00, run_after=2026-03-24 04:00:00+00:00
[2026-03-24T06:30:43.771+0000] {processor.py:208} INFO - Processing /home/ec2-user/environment/lab4_model_training/venv/lib64/python3.12/site-packages/airflow/example_dags/example_latest_only.py took 0.076 seconds
[2026-03-24T06:31:44.637+0000] {processor.py:186} INFO - Started process (PID=7329) to work on /home/ec2-user/environment/lab4_model_training/venv/lib64/python3.12/site-packages/airflow/example_dags/example_latest_only.py
[2026-03-24T06:31:44.645+0000] {processor.py:914} INFO - Processing file /home/ec2-user/environment/lab4_model_training/venv/lib64/python3.12/site-packages/airflow/example_dags/example_latest_only.py for tasks to queue
[2026-03-24T06:31:44.647+0000] {logging_mixin.py:190} INFO - [2026-03-24T06:31:44.646+0000] {dagbag.py:588} INFO - Filling up the DagBag from /home/ec2-user/environment/lab4_model_training/venv/lib64/python3.12/site-packages/airflow/example_dags/example_latest_only.py
[2026-03-24T06:31:44.667+0000] {processor.py:925} INFO - DAG(s) 'latest_only' retrieved from /home/ec2-user/environment/lab4_model_training/venv/lib64/python3.12/site-packages/airflow/example_dags/example_latest_only.py
[2026-03-24T06:31:44.691+0000] {logging_mixin.py:190} INFO - [2026-03-24T06:31:44.691+0000] {dag.py:3239} INFO - Sync 1 DAGs
[2026-03-24T06:31:44.723+0000] {logging_mixin.py:190} INFO - [2026-03-24T06:31:44.723+0000] {dag.py:4180} INFO - Setting next_dagrun for latest_only to 2026-03-24 00:00:00+00:00, run_after=2026-03-24 04:00:00+00:00
[2026-03-24T06:31:44.750+0000] {processor.py:208} INFO - Processing /home/ec2-user/environment/lab4_model_training/venv/lib64/python3.12/site-packages/airflow/example_dags/example_latest_only.py took 0.119 seconds
[2026-03-24T06:32:53.444+0000] {processor.py:186} INFO - Started process (PID=7697) to work on /home/ec2-user/environment/lab4_model_training/venv/lib64/python3.12/site-packages/airflow/example_dags/example_latest_only.py
[2026-03-24T06:32:53.445+0000] {processor.py:914} INFO - Processing file /home/ec2-user/environment/lab4_model_training/venv/lib64/python3.12/site-packages/airflow/example_dags/example_latest_only.py for tasks to queue
[2026-03-24T06:32:53.448+0000] {logging_mixin.py:190} INFO - [2026-03-24T06:32:53.448+0000] {dagbag.py:588} INFO - Filling up the DagBag from /home/ec2-user/environment/lab4_model_training/venv/lib64/python3.12/site-packages/airflow/example_dags/example_latest_only.py
[2026-03-24T06:32:53.457+0000] {processor.py:925} INFO - DAG(s) 'latest_only' retrieved from /home/ec2-user/environment/lab4_model_training/venv/lib64/python3.12/site-packages/airflow/example_dags/example_latest_only.py
[2026-03-24T06:32:53.474+0000] {logging_mixin.py:190} INFO - [2026-03-24T06:32:53.473+0000] {dag.py:3239} INFO - Sync 1 DAGs
[2026-03-24T06:32:53.493+0000] {logging_mixin.py:190} INFO - [2026-03-24T06:32:53.492+0000] {dag.py:4180} INFO - Setting next_dagrun for latest_only to 2026-03-24 00:00:00+00:00, run_after=2026-03-24 04:00:00+00:00
[2026-03-24T06:32:53.517+0000] {processor.py:208} INFO - Processing /home/ec2-user/environment/lab4_model_training/venv/lib64/python3.12/site-packages/airflow/example_dags/example_latest_only.py took 0.077 seconds
[2026-03-24T06:33:58.005+0000] {processor.py:186} INFO - Started process (PID=7935) to work on /home/ec2-user/environment/lab4_model_training/venv/lib64/python3.12/site-packages/airflow/example_dags/example_latest_only.py
[2026-03-24T06:33:58.006+0000] {processor.py:914} INFO - Processing file /home/ec2-user/environment/lab4_model_training/venv/lib64/python3.12/site-packages/airflow/example_dags/example_latest_only.py for tasks to queue
[2026-03-24T06:33:58.008+0000] {logging_mixin.py:190} INFO - [2026-03-24T06:33:58.008+0000] {dagbag.py:588} INFO - Filling up the DagBag from /home/ec2-user/environment/lab4_model_training/venv/lib64/python3.12/site-packages/airflow/example_dags/example_latest_only.py
[2026-03-24T06:33:58.016+0000] {processor.py:925} INFO - DAG(s) 'latest_only' retrieved from /home/ec2-user/environment/lab4_model_training/venv/lib64/python3.12/site-packages/airflow/example_dags/example_latest_only.py
[2026-03-24T06:33:58.033+0000] {logging_mixin.py:190} INFO - [2026-03-24T06:33:58.033+0000] {dag.py:3239} INFO - Sync 1 DAGs
[2026-03-24T06:33:58.061+0000] {logging_mixin.py:190} INFO - [2026-03-24T06:33:58.060+0000] {dag.py:4180} INFO - Setting next_dagrun for latest_only to 2026-03-24 00:00:00+00:00, run_after=2026-03-24 04:00:00+00:00
[2026-03-24T06:33:58.088+0000] {processor.py:208} INFO - Processing /home/ec2-user/environment/lab4_model_training/venv/lib64/python3.12/site-packages/airflow/example_dags/example_latest_only.py took 0.088 seconds
[2026-03-24T06:34:58.915+0000] {processor.py:186} INFO - Started process (PID=8192) to work on /home/ec2-user/environment/lab4_model_training/venv/lib64/python3.12/site-packages/airflow/example_dags/example_latest_only.py
[2026-03-24T06:34:58.916+0000] {processor.py:914} INFO - Processing file /home/ec2-user/environment/lab4_model_training/venv/lib64/python3.12/site-packages/airflow/example_dags/example_latest_only.py for tasks to queue
[2026-03-24T06:34:58.918+0000] {logging_mixin.py:190} INFO - [2026-03-24T06:34:58.918+0000] {dagbag.py:588} INFO - Filling up the DagBag from /home/ec2-user/environment/lab4_model_training/venv/lib64/python3.12/site-packages/airflow/example_dags/example_latest_only.py
[2026-03-24T06:34:58.926+0000] {processor.py:925} INFO - DAG(s) 'latest_only' retrieved from /home/ec2-user/environment/lab4_model_training/venv/lib64/python3.12/site-packages/airflow/example_dags/example_latest_only.py
[2026-03-24T06:34:58.942+0000] {logging_mixin.py:190} INFO - [2026-03-24T06:34:58.942+0000] {dag.py:3239} INFO - Sync 1 DAGs
[2026-03-24T06:34:58.960+0000] {logging_mixin.py:190} INFO - [2026-03-24T06:34:58.960+0000] {dag.py:4180} INFO - Setting next_dagrun for latest_only to 2026-03-24 00:00:00+00:00, run_after=2026-03-24 04:00:00+00:00
[2026-03-24T06:34:58.981+0000] {processor.py:208} INFO - Processing /home/ec2-user/environment/lab4_model_training/venv/lib64/python3.12/site-packages/airflow/example_dags/example_latest_only.py took 0.071 seconds
[2026-03-24T06:36:05.114+0000] {processor.py:186} INFO - Started process (PID=8489) to work on /home/ec2-user/environment/lab4_model_training/venv/lib64/python3.12/site-packages/airflow/example_dags/example_latest_only.py
[2026-03-24T06:36:05.115+0000] {processor.py:914} INFO - Processing file /home/ec2-user/environment/lab4_model_training/venv/lib64/python3.12/site-packages/airflow/example_dags/example_latest_only.py for tasks to queue
[2026-03-24T06:36:05.118+0000] {logging_mixin.py:190} INFO - [2026-03-24T06:36:05.117+0000] {dagbag.py:588} INFO - Filling up the DagBag from /home/ec2-user/environment/lab4_model_training/venv/lib64/python3.12/site-packages/airflow/example_dags/example_latest_only.py
[2026-03-24T06:36:05.126+0000] {processor.py:925} INFO - DAG(s) 'latest_only' retrieved from /home/ec2-user/environment/lab4_model_training/venv/lib64/python3.12/site-packages/airflow/example_dags/example_latest_only.py
[2026-03-24T06:36:05.166+0000] {logging_mixin.py:190} INFO - [2026-03-24T06:36:05.166+0000] {dag.py:3239} INFO - Sync 1 DAGs
[2026-03-24T06:36:05.197+0000] {logging_mixin.py:190} INFO - [2026-03-24T06:36:05.196+0000] {dag.py:4180} INFO - Setting next_dagrun for latest_only to 2026-03-24 00:00:00+00:00, run_after=2026-03-24 04:00:00+00:00
[2026-03-24T06:36:05.238+0000] {processor.py:208} INFO - Processing /home/ec2-user/environment/lab4_model_training/venv/lib64/python3.12/site-packages/airflow/example_dags/example_latest_only.py took 0.130 seconds
[2026-03-24T06:37:09.831+0000] {processor.py:186} INFO - Started process (PID=8826) to work on /home/ec2-user/environment/lab4_model_training/venv/lib64/python3.12/site-packages/airflow/example_dags/example_latest_only.py
[2026-03-24T06:37:09.832+0000] {processor.py:914} INFO - Processing file /home/ec2-user/environment/lab4_model_training/venv/lib64/python3.12/site-packages/airflow/example_dags/example_latest_only.py for tasks to queue
[2026-03-24T06:37:09.834+0000] {logging_mixin.py:190} INFO - [2026-03-24T06:37:09.834+0000] {dagbag.py:588} INFO - Filling up the DagBag from /home/ec2-user/environment/lab4_model_training/venv/lib64/python3.12/site-packages/airflow/example_dags/example_latest_only.py
[2026-03-24T06:37:09.842+0000] {processor.py:925} INFO - DAG(s) 'latest_only' retrieved from /home/ec2-user/environment/lab4_model_training/venv/lib64/python3.12/site-packages/airflow/example_dags/example_latest_only.py
[2026-03-24T06:37:09.860+0000] {logging_mixin.py:190} INFO - [2026-03-24T06:37:09.859+0000] {dag.py:3239} INFO - Sync 1 DAGs
[2026-03-24T06:37:09.885+0000] {logging_mixin.py:190} INFO - [2026-03-24T06:37:09.884+0000] {dag.py:4180} INFO - Setting next_dagrun for latest_only to 2026-03-24 00:00:00+00:00, run_after=2026-03-24 04:00:00+00:00
[2026-03-24T06:37:09.911+0000] {processor.py:208} INFO - Processing /home/ec2-user/environment/lab4_model_training/venv/lib64/python3.12/site-packages/airflow/example_dags/example_latest_only.py took 0.085 seconds
[2026-03-24T06:38:18.542+0000] {processor.py:186} INFO - Started process (PID=9155) to work on /home/ec2-user/environment/lab4_model_training/venv/lib64/python3.12/site-packages/airflow/example_dags/example_latest_only.py
[2026-03-24T06:38:18.543+0000] {processor.py:914} INFO - Processing file /home/ec2-user/environment/lab4_model_training/venv/lib64/python3.12/site-packages/airflow/example_dags/example_latest_only.py for tasks to queue
[2026-03-24T06:38:18.546+0000] {logging_mixin.py:190} INFO - [2026-03-24T06:38:18.546+0000] {dagbag.py:588} INFO - Filling up the DagBag from /home/ec2-user/environment/lab4_model_training/venv/lib64/python3.12/site-packages/airflow/example_dags/example_latest_only.py
[2026-03-24T06:38:18.554+0000] {processor.py:925} INFO - DAG(s) 'latest_only' retrieved from /home/ec2-user/environment/lab4_model_training/venv/lib64/python3.12/site-packages/airflow/example_dags/example_latest_only.py
[2026-03-24T06:38:18.570+0000] {logging_mixin.py:190} INFO - [2026-03-24T06:38:18.570+0000] {dag.py:3239} INFO - Sync 1 DAGs
[2026-03-24T06:38:18.589+0000] {logging_mixin.py:190} INFO - [2026-03-24T06:38:18.589+0000] {dag.py:4180} INFO - Setting next_dagrun for latest_only to 2026-03-24 00:00:00+00:00, run_after=2026-03-24 04:00:00+00:00
[2026-03-24T06:38:18.612+0000] {processor.py:208} INFO - Processing /home/ec2-user/environment/lab4_model_training/venv/lib64/python3.12/site-packages/airflow/example_dags/example_latest_only.py took 0.075 seconds
[2026-03-24T06:39:26.405+0000] {processor.py:186} INFO - Started process (PID=9428) to work on /home/ec2-user/environment/lab4_model_training/venv/lib64/python3.12/site-packages/airflow/example_dags/example_latest_only.py
[2026-03-24T06:39:26.407+0000] {processor.py:914} INFO - Processing file /home/ec2-user/environment/lab4_model_training/venv/lib64/python3.12/site-packages/airflow/example_dags/example_latest_only.py for tasks to queue
[2026-03-24T06:39:26.409+0000] {logging_mixin.py:190} INFO - [2026-03-24T06:39:26.408+0000] {dagbag.py:588} INFO - Filling up the DagBag from /home/ec2-user/environment/lab4_model_training/venv/lib64/python3.12/site-packages/airflow/example_dags/example_latest_only.py
[2026-03-24T06:39:26.417+0000] {processor.py:925} INFO - DAG(s) 'latest_only' retrieved from /home/ec2-user/environment/lab4_model_training/venv/lib64/python3.12/site-packages/airflow/example_dags/example_latest_only.py
[2026-03-24T06:39:26.433+0000] {logging_mixin.py:190} INFO - [2026-03-24T06:39:26.433+0000] {dag.py:3239} INFO - Sync 1 DAGs
[2026-03-24T06:39:26.457+0000] {logging_mixin.py:190} INFO - [2026-03-24T06:39:26.457+0000] {dag.py:4180} INFO - Setting next_dagrun for latest_only to 2026-03-24 00:00:00+00:00, run_after=2026-03-24 04:00:00+00:00
[2026-03-24T06:39:26.487+0000] {processor.py:208} INFO - Processing /home/ec2-user/environment/lab4_model_training/venv/lib64/python3.12/site-packages/airflow/example_dags/example_latest_only.py took 0.086 seconds
[2026-03-24T06:40:34.625+0000] {processor.py:186} INFO - Started process (PID=9799) to work on /home/ec2-user/environment/lab4_model_training/venv/lib64/python3.12/site-packages/airflow/example_dags/example_latest_only.py
[2026-03-24T06:40:34.627+0000] {processor.py:914} INFO - Processing file /home/ec2-user/environment/lab4_model_training/venv/lib64/python3.12/site-packages/airflow/example_dags/example_latest_only.py for tasks to queue
[2026-03-24T06:40:34.629+0000] {logging_mixin.py:190} INFO - [2026-03-24T06:40:34.629+0000] {dagbag.py:588} INFO - Filling up the DagBag from /home/ec2-user/environment/lab4_model_training/venv/lib64/python3.12/site-packages/airflow/example_dags/example_latest_only.py
[2026-03-24T06:40:34.639+0000] {processor.py:925} INFO - DAG(s) 'latest_only' retrieved from /home/ec2-user/environment/lab4_model_training/venv/lib64/python3.12/site-packages/airflow/example_dags/example_latest_only.py
[2026-03-24T06:40:34.655+0000] {logging_mixin.py:190} INFO - [2026-03-24T06:40:34.655+0000] {dag.py:3239} INFO - Sync 1 DAGs
[2026-03-24T06:40:34.679+0000] {logging_mixin.py:190} INFO - [2026-03-24T06:40:34.679+0000] {dag.py:4180} INFO - Setting next_dagrun for latest_only to 2026-03-24 00:00:00+00:00, run_after=2026-03-24 04:00:00+00:00
[2026-03-24T06:40:34.702+0000] {processor.py:208} INFO - Processing /home/ec2-user/environment/lab4_model_training/venv/lib64/python3.12/site-packages/airflow/example_dags/example_latest_only.py took 0.082 seconds
[2026-03-24T06:41:42.886+0000] {processor.py:186} INFO - Started process (PID=10074) to work on /home/ec2-user/environment/lab4_model_training/venv/lib64/python3.12/site-packages/airflow/example_dags/example_latest_only.py
[2026-03-24T06:41:42.888+0000] {processor.py:914} INFO - Processing file /home/ec2-user/environment/lab4_model_training/venv/lib64/python3.12/site-packages/airflow/example_dags/example_latest_only.py for tasks to queue
[2026-03-24T06:41:42.890+0000] {logging_mixin.py:190} INFO - [2026-03-24T06:41:42.889+0000] {dagbag.py:588} INFO - Filling up the DagBag from /home/ec2-user/environment/lab4_model_training/venv/lib64/python3.12/site-packages/airflow/example_dags/example_latest_only.py
[2026-03-24T06:41:42.898+0000] {processor.py:925} INFO - DAG(s) 'latest_only' retrieved from /home/ec2-user/environment/lab4_model_training/venv/lib64/python3.12/site-packages/airflow/example_dags/example_latest_only.py
[2026-03-24T06:41:42.914+0000] {logging_mixin.py:190} INFO - [2026-03-24T06:41:42.914+0000] {dag.py:3239} INFO - Sync 1 DAGs
[2026-03-24T06:41:42.933+0000] {logging_mixin.py:190} INFO - [2026-03-24T06:41:42.933+0000] {dag.py:4180} INFO - Setting next_dagrun for latest_only to 2026-03-24 00:00:00+00:00, run_after=2026-03-24 04:00:00+00:00
[2026-03-24T06:41:42.954+0000] {processor.py:208} INFO - Processing /home/ec2-user/environment/lab4_model_training/venv/lib64/python3.12/site-packages/airflow/example_dags/example_latest_only.py took 0.072 seconds
[2026-03-24T06:42:55.597+0000] {processor.py:186} INFO - Started process (PID=10538) to work on /home/ec2-user/environment/lab4_model_training/venv/lib64/python3.12/site-packages/airflow/example_dags/example_latest_only.py
[2026-03-24T06:42:55.598+0000] {processor.py:914} INFO - Processing file /home/ec2-user/environment/lab4_model_training/venv/lib64/python3.12/site-packages/airflow/example_dags/example_latest_only.py for tasks to queue
[2026-03-24T06:42:55.600+0000] {logging_mixin.py:190} INFO - [2026-03-24T06:42:55.600+0000] {dagbag.py:588} INFO - Filling up the DagBag from /home/ec2-user/environment/lab4_model_training/venv/lib64/python3.12/site-packages/airflow/example_dags/example_latest_only.py
[2026-03-24T06:42:55.609+0000] {processor.py:925} INFO - DAG(s) 'latest_only' retrieved from /home/ec2-user/environment/lab4_model_training/venv/lib64/python3.12/site-packages/airflow/example_dags/example_latest_only.py
[2026-03-24T06:42:55.625+0000] {logging_mixin.py:190} INFO - [2026-03-24T06:42:55.625+0000] {dag.py:3239} INFO - Sync 1 DAGs
[2026-03-24T06:42:55.644+0000] {logging_mixin.py:190} INFO - [2026-03-24T06:42:55.644+0000] {dag.py:4180} INFO - Setting next_dagrun for latest_only to 2026-03-24 00:00:00+00:00, run_after=2026-03-24 04:00:00+00:00
[2026-03-24T06:42:55.667+0000] {processor.py:208} INFO - Processing /home/ec2-user/environment/lab4_model_training/venv/lib64/python3.12/site-packages/airflow/example_dags/example_latest_only.py took 0.074 seconds
[2026-03-24T06:43:57.868+0000] {processor.py:186} INFO - Started process (PID=10862) to work on /home/ec2-user/environment/lab4_model_training/venv/lib64/python3.12/site-packages/airflow/example_dags/example_latest_only.py
[2026-03-24T06:43:57.870+0000] {processor.py:914} INFO - Processing file /home/ec2-user/environment/lab4_model_training/venv/lib64/python3.12/site-packages/airflow/example_dags/example_latest_only.py for tasks to queue
[2026-03-24T06:43:57.872+0000] {logging_mixin.py:190} INFO - [2026-03-24T06:43:57.872+0000] {dagbag.py:588} INFO - Filling up the DagBag from /home/ec2-user/environment/lab4_model_training/venv/lib64/python3.12/site-packages/airflow/example_dags/example_latest_only.py
[2026-03-24T06:43:57.881+0000] {processor.py:925} INFO - DAG(s) 'latest_only' retrieved from /home/ec2-user/environment/lab4_model_training/venv/lib64/python3.12/site-packages/airflow/example_dags/example_latest_only.py
[2026-03-24T06:43:57.897+0000] {logging_mixin.py:190} INFO - [2026-03-24T06:43:57.896+0000] {dag.py:3239} INFO - Sync 1 DAGs
[2026-03-24T06:43:57.916+0000] {logging_mixin.py:190} INFO - [2026-03-24T06:43:57.916+0000] {dag.py:4180} INFO - Setting next_dagrun for latest_only to 2026-03-24 00:00:00+00:00, run_after=2026-03-24 04:00:00+00:00
[2026-03-24T06:43:57.938+0000] {processor.py:208} INFO - Processing /home/ec2-user/environment/lab4_model_training/venv/lib64/python3.12/site-packages/airflow/example_dags/example_latest_only.py took 0.074 seconds
[2026-03-24T06:45:06.931+0000] {processor.py:186} INFO - Started process (PID=11284) to work on /home/ec2-user/environment/lab4_model_training/venv/lib64/python3.12/site-packages/airflow/example_dags/example_latest_only.py
[2026-03-24T06:45:06.932+0000] {processor.py:914} INFO - Processing file /home/ec2-user/environment/lab4_model_training/venv/lib64/python3.12/site-packages/airflow/example_dags/example_latest_only.py for tasks to queue
[2026-03-24T06:45:06.935+0000] {logging_mixin.py:190} INFO - [2026-03-24T06:45:06.935+0000] {dagbag.py:588} INFO - Filling up the DagBag from /home/ec2-user/environment/lab4_model_training/venv/lib64/python3.12/site-packages/airflow/example_dags/example_latest_only.py
[2026-03-24T06:45:06.944+0000] {processor.py:925} INFO - DAG(s) 'latest_only' retrieved from /home/ec2-user/environment/lab4_model_training/venv/lib64/python3.12/site-packages/airflow/example_dags/example_latest_only.py
[2026-03-24T06:45:06.960+0000] {logging_mixin.py:190} INFO - [2026-03-24T06:45:06.960+0000] {dag.py:3239} INFO - Sync 1 DAGs
[2026-03-24T06:45:06.980+0000] {logging_mixin.py:190} INFO - [2026-03-24T06:45:06.979+0000] {dag.py:4180} INFO - Setting next_dagrun for latest_only to 2026-03-24 00:00:00+00:00, run_after=2026-03-24 04:00:00+00:00
[2026-03-24T06:45:07.002+0000] {processor.py:208} INFO - Processing /home/ec2-user/environment/lab4_model_training/venv/lib64/python3.12/site-packages/airflow/example_dags/example_latest_only.py took 0.076 seconds
[2026-03-24T06:46:11.062+0000] {processor.py:186} INFO - Started process (PID=11615) to work on /home/ec2-user/environment/lab4_model_training/venv/lib64/python3.12/site-packages/airflow/example_dags/example_latest_only.py
[2026-03-24T06:46:11.063+0000] {processor.py:914} INFO - Processing file /home/ec2-user/environment/lab4_model_training/venv/lib64/python3.12/site-packages/airflow/example_dags/example_latest_only.py for tasks to queue
[2026-03-24T06:46:11.065+0000] {logging_mixin.py:190} INFO - [2026-03-24T06:46:11.065+0000] {dagbag.py:588} INFO - Filling up the DagBag from /home/ec2-user/environment/lab4_model_training/venv/lib64/python3.12/site-packages/airflow/example_dags/example_latest_only.py
[2026-03-24T06:46:11.073+0000] {processor.py:925} INFO - DAG(s) 'latest_only' retrieved from /home/ec2-user/environment/lab4_model_training/venv/lib64/python3.12/site-packages/airflow/example_dags/example_latest_only.py
[2026-03-24T06:46:11.090+0000] {logging_mixin.py:190} INFO - [2026-03-24T06:46:11.090+0000] {dag.py:3239} INFO - Sync 1 DAGs
[2026-03-24T06:46:11.111+0000] {logging_mixin.py:190} INFO - [2026-03-24T06:46:11.111+0000] {dag.py:4180} INFO - Setting next_dagrun for latest_only to 2026-03-24 00:00:00+00:00, run_after=2026-03-24 04:00:00+00:00
[2026-03-24T06:46:11.134+0000] {processor.py:208} INFO - Processing /home/ec2-user/environment/lab4_model_training/venv/lib64/python3.12/site-packages/airflow/example_dags/example_latest_only.py took 0.077 seconds
[2026-03-24T06:47:37.501+0000] {processor.py:186} INFO - Started process (PID=11922) to work on /home/ec2-user/environment/lab4_model_training/venv/lib64/python3.12/site-packages/airflow/example_dags/example_latest_only.py
[2026-03-24T06:47:37.502+0000] {processor.py:914} INFO - Processing file /home/ec2-user/environment/lab4_model_training/venv/lib64/python3.12/site-packages/airflow/example_dags/example_latest_only.py for tasks to queue
[2026-03-24T06:47:37.504+0000] {logging_mixin.py:190} INFO - [2026-03-24T06:47:37.503+0000] {dagbag.py:588} INFO - Filling up the DagBag from /home/ec2-user/environment/lab4_model_training/venv/lib64/python3.12/site-packages/airflow/example_dags/example_latest_only.py
[2026-03-24T06:47:37.512+0000] {processor.py:925} INFO - DAG(s) 'latest_only' retrieved from /home/ec2-user/environment/lab4_model_training/venv/lib64/python3.12/site-packages/airflow/example_dags/example_latest_only.py
[2026-03-24T06:47:37.529+0000] {logging_mixin.py:190} INFO - [2026-03-24T06:47:37.529+0000] {dag.py:3239} INFO - Sync 1 DAGs
[2026-03-24T06:47:37.555+0000] {logging_mixin.py:190} INFO - [2026-03-24T06:47:37.554+0000] {dag.py:4180} INFO - Setting next_dagrun for latest_only to 2026-03-24 00:00:00+00:00, run_after=2026-03-24 04:00:00+00:00
[2026-03-24T06:47:37.580+0000] {processor.py:208} INFO - Processing /home/ec2-user/environment/lab4_model_training/venv/lib64/python3.12/site-packages/airflow/example_dags/example_latest_only.py took 0.084 seconds
[2026-03-24T06:48:45.111+0000] {processor.py:186} INFO - Started process (PID=12214) to work on /home/ec2-user/environment/lab4_model_training/venv/lib64/python3.12/site-packages/airflow/example_dags/example_latest_only.py
[2026-03-24T06:48:45.112+0000] {processor.py:914} INFO - Processing file /home/ec2-user/environment/lab4_model_training/venv/lib64/python3.12/site-packages/airflow/example_dags/example_latest_only.py for tasks to queue
[2026-03-24T06:48:45.115+0000] {logging_mixin.py:190} INFO - [2026-03-24T06:48:45.114+0000] {dagbag.py:588} INFO - Filling up the DagBag from /home/ec2-user/environment/lab4_model_training/venv/lib64/python3.12/site-packages/airflow/example_dags/example_latest_only.py
[2026-03-24T06:48:45.123+0000] {processor.py:925} INFO - DAG(s) 'latest_only' retrieved from /home/ec2-user/environment/lab4_model_training/venv/lib64/python3.12/site-packages/airflow/example_dags/example_latest_only.py
[2026-03-24T06:48:45.138+0000] {logging_mixin.py:190} INFO - [2026-03-24T06:48:45.138+0000] {dag.py:3239} INFO - Sync 1 DAGs
[2026-03-24T06:48:45.157+0000] {logging_mixin.py:190} INFO - [2026-03-24T06:48:45.157+0000] {dag.py:4180} INFO - Setting next_dagrun for latest_only to 2026-03-24 00:00:00+00:00, run_after=2026-03-24 04:00:00+00:00
[2026-03-24T06:48:45.178+0000] {processor.py:208} INFO - Processing /home/ec2-user/environment/lab4_model_training/venv/lib64/python3.12/site-packages/airflow/example_dags/example_latest_only.py took 0.072 seconds
[2026-03-24T06:49:49.791+0000] {processor.py:186} INFO - Started process (PID=12483) to work on /home/ec2-user/environment/lab4_model_training/venv/lib64/python3.12/site-packages/airflow/example_dags/example_latest_only.py
[2026-03-24T06:49:49.793+0000] {processor.py:914} INFO - Processing file /home/ec2-user/environment/lab4_model_training/venv/lib64/python3.12/site-packages/airflow/example_dags/example_latest_only.py for tasks to queue
[2026-03-24T06:49:49.796+0000] {logging_mixin.py:190} INFO - [2026-03-24T06:49:49.795+0000] {dagbag.py:588} INFO - Filling up the DagBag from /home/ec2-user/environment/lab4_model_training/venv/lib64/python3.12/site-packages/airflow/example_dags/example_latest_only.py
[2026-03-24T06:49:49.805+0000] {processor.py:925} INFO - DAG(s) 'latest_only' retrieved from /home/ec2-user/environment/lab4_model_training/venv/lib64/python3.12/site-packages/airflow/example_dags/example_latest_only.py
[2026-03-24T06:49:49.820+0000] {logging_mixin.py:190} INFO - [2026-03-24T06:49:49.820+0000] {dag.py:3239} INFO - Sync 1 DAGs
[2026-03-24T06:49:49.838+0000] {logging_mixin.py:190} INFO - [2026-03-24T06:49:49.838+0000] {dag.py:4180} INFO - Setting next_dagrun for latest_only to 2026-03-24 00:00:00+00:00, run_after=2026-03-24 04:00:00+00:00
[2026-03-24T06:49:49.861+0000] {processor.py:208} INFO - Processing /home/ec2-user/environment/lab4_model_training/venv/lib64/python3.12/site-packages/airflow/example_dags/example_latest_only.py took 0.074 seconds
[2026-03-24T06:50:58.094+0000] {processor.py:186} INFO - Started process (PID=12772) to work on /home/ec2-user/environment/lab4_model_training/venv/lib64/python3.12/site-packages/airflow/example_dags/example_latest_only.py
[2026-03-24T06:50:58.095+0000] {processor.py:914} INFO - Processing file /home/ec2-user/environment/lab4_model_training/venv/lib64/python3.12/site-packages/airflow/example_dags/example_latest_only.py for tasks to queue
[2026-03-24T06:50:58.097+0000] {logging_mixin.py:190} INFO - [2026-03-24T06:50:58.097+0000] {dagbag.py:588} INFO - Filling up the DagBag from /home/ec2-user/environment/lab4_model_training/venv/lib64/python3.12/site-packages/airflow/example_dags/example_latest_only.py
[2026-03-24T06:50:58.105+0000] {processor.py:925} INFO - DAG(s) 'latest_only' retrieved from /home/ec2-user/environment/lab4_model_training/venv/lib64/python3.12/site-packages/airflow/example_dags/example_latest_only.py
[2026-03-24T06:50:58.121+0000] {logging_mixin.py:190} INFO - [2026-03-24T06:50:58.121+0000] {dag.py:3239} INFO - Sync 1 DAGs
[2026-03-24T06:50:58.145+0000] {logging_mixin.py:190} INFO - [2026-03-24T06:50:58.145+0000] {dag.py:4180} INFO - Setting next_dagrun for latest_only to 2026-03-24 00:00:00+00:00, run_after=2026-03-24 04:00:00+00:00
[2026-03-24T06:50:58.176+0000] {processor.py:208} INFO - Processing /home/ec2-user/environment/lab4_model_training/venv/lib64/python3.12/site-packages/airflow/example_dags/example_latest_only.py took 0.086 seconds
[2026-03-24T06:52:07.969+0000] {processor.py:186} INFO - Started process (PID=13095) to work on /home/ec2-user/environment/lab4_model_training/venv/lib64/python3.12/site-packages/airflow/example_dags/example_latest_only.py
[2026-03-24T06:52:07.970+0000] {processor.py:914} INFO - Processing file /home/ec2-user/environment/lab4_model_training/venv/lib64/python3.12/site-packages/airflow/example_dags/example_latest_only.py for tasks to queue
[2026-03-24T06:52:07.972+0000] {logging_mixin.py:190} INFO - [2026-03-24T06:52:07.972+0000] {dagbag.py:588} INFO - Filling up the DagBag from /home/ec2-user/environment/lab4_model_training/venv/lib64/python3.12/site-packages/airflow/example_dags/example_latest_only.py
[2026-03-24T06:52:07.980+0000] {processor.py:925} INFO - DAG(s) 'latest_only' retrieved from /home/ec2-user/environment/lab4_model_training/venv/lib64/python3.12/site-packages/airflow/example_dags/example_latest_only.py
[2026-03-24T06:52:07.996+0000] {logging_mixin.py:190} INFO - [2026-03-24T06:52:07.996+0000] {dag.py:3239} INFO - Sync 1 DAGs
[2026-03-24T06:52:08.015+0000] {logging_mixin.py:190} INFO - [2026-03-24T06:52:08.015+0000] {dag.py:4180} INFO - Setting next_dagrun for latest_only to 2026-03-24 00:00:00+00:00, run_after=2026-03-24 04:00:00+00:00
[2026-03-24T06:52:08.037+0000] {processor.py:208} INFO - Processing /home/ec2-user/environment/lab4_model_training/venv/lib64/python3.12/site-packages/airflow/example_dags/example_latest_only.py took 0.072 seconds
[2026-03-24T06:53:19.041+0000] {processor.py:186} INFO - Started process (PID=13450) to work on /home/ec2-user/environment/lab4_model_training/venv/lib64/python3.12/site-packages/airflow/example_dags/example_latest_only.py
[2026-03-24T06:53:19.043+0000] {processor.py:914} INFO - Processing file /home/ec2-user/environment/lab4_model_training/venv/lib64/python3.12/site-packages/airflow/example_dags/example_latest_only.py for tasks to queue
[2026-03-24T06:53:19.044+0000] {logging_mixin.py:190} INFO - [2026-03-24T06:53:19.043+0000] {dagbag.py:588} INFO - Filling up the DagBag from /home/ec2-user/environment/lab4_model_training/venv/lib64/python3.12/site-packages/airflow/example_dags/example_latest_only.py
[2026-03-24T06:53:19.053+0000] {processor.py:925} INFO - DAG(s) 'latest_only' retrieved from /home/ec2-user/environment/lab4_model_training/venv/lib64/python3.12/site-packages/airflow/example_dags/example_latest_only.py
[2026-03-24T06:53:19.069+0000] {logging_mixin.py:190} INFO - [2026-03-24T06:53:19.069+0000] {dag.py:3239} INFO - Sync 1 DAGs
[2026-03-24T06:53:19.089+0000] {logging_mixin.py:190} INFO - [2026-03-24T06:53:19.089+0000] {dag.py:4180} INFO - Setting next_dagrun for latest_only to 2026-03-24 00:00:00+00:00, run_after=2026-03-24 04:00:00+00:00
[2026-03-24T06:53:19.125+0000] {processor.py:208} INFO - Processing /home/ec2-user/environment/lab4_model_training/venv/lib64/python3.12/site-packages/airflow/example_dags/example_latest_only.py took 0.088 seconds
[2026-03-24T06:54:34.618+0000] {processor.py:186} INFO - Started process (PID=13791) to work on /home/ec2-user/environment/lab4_model_training/venv/lib64/python3.12/site-packages/airflow/example_dags/example_latest_only.py
[2026-03-24T06:54:34.619+0000] {processor.py:914} INFO - Processing file /home/ec2-user/environment/lab4_model_training/venv/lib64/python3.12/site-packages/airflow/example_dags/example_latest_only.py for tasks to queue
[2026-03-24T06:54:34.620+0000] {logging_mixin.py:190} INFO - [2026-03-24T06:54:34.620+0000] {dagbag.py:588} INFO - Filling up the DagBag from /home/ec2-user/environment/lab4_model_training/venv/lib64/python3.12/site-packages/airflow/example_dags/example_latest_only.py
[2026-03-24T06:54:34.629+0000] {processor.py:925} INFO - DAG(s) 'latest_only' retrieved from /home/ec2-user/environment/lab4_model_training/venv/lib64/python3.12/site-packages/airflow/example_dags/example_latest_only.py
[2026-03-24T06:54:34.644+0000] {logging_mixin.py:190} INFO - [2026-03-24T06:54:34.644+0000] {dag.py:3239} INFO - Sync 1 DAGs
[2026-03-24T06:54:34.664+0000] {logging_mixin.py:190} INFO - [2026-03-24T06:54:34.663+0000] {dag.py:4180} INFO - Setting next_dagrun for latest_only to 2026-03-24 00:00:00+00:00, run_after=2026-03-24 04:00:00+00:00
[2026-03-24T06:54:34.685+0000] {processor.py:208} INFO - Processing /home/ec2-user/environment/lab4_model_training/venv/lib64/python3.12/site-packages/airflow/example_dags/example_latest_only.py took 0.072 seconds
[2026-03-24T06:55:43.386+0000] {processor.py:186} INFO - Started process (PID=14056) to work on /home/ec2-user/environment/lab4_model_training/venv/lib64/python3.12/site-packages/airflow/example_dags/example_latest_only.py
[2026-03-24T06:55:43.387+0000] {processor.py:914} INFO - Processing file /home/ec2-user/environment/lab4_model_training/venv/lib64/python3.12/site-packages/airflow/example_dags/example_latest_only.py for tasks to queue
[2026-03-24T06:55:43.388+0000] {logging_mixin.py:190} INFO - [2026-03-24T06:55:43.388+0000] {dagbag.py:588} INFO - Filling up the DagBag from /home/ec2-user/environment/lab4_model_training/venv/lib64/python3.12/site-packages/airflow/example_dags/example_latest_only.py
[2026-03-24T06:55:43.398+0000] {processor.py:925} INFO - DAG(s) 'latest_only' retrieved from /home/ec2-user/environment/lab4_model_training/venv/lib64/python3.12/site-packages/airflow/example_dags/example_latest_only.py
[2026-03-24T06:55:43.416+0000] {logging_mixin.py:190} INFO - [2026-03-24T06:55:43.415+0000] {dag.py:3239} INFO - Sync 1 DAGs
[2026-03-24T06:55:43.435+0000] {logging_mixin.py:190} INFO - [2026-03-24T06:55:43.435+0000] {dag.py:4180} INFO - Setting next_dagrun for latest_only to 2026-03-24 00:00:00+00:00, run_after=2026-03-24 04:00:00+00:00
[2026-03-24T06:55:43.459+0000] {processor.py:208} INFO - Processing /home/ec2-user/environment/lab4_model_training/venv/lib64/python3.12/site-packages/airflow/example_dags/example_latest_only.py took 0.078 seconds
[2026-03-24T06:57:14.894+0000] {processor.py:186} INFO - Started process (PID=14478) to work on /home/ec2-user/environment/lab4_model_training/venv/lib64/python3.12/site-packages/airflow/example_dags/example_latest_only.py
[2026-03-24T06:57:14.895+0000] {processor.py:914} INFO - Processing file /home/ec2-user/environment/lab4_model_training/venv/lib64/python3.12/site-packages/airflow/example_dags/example_latest_only.py for tasks to queue
[2026-03-24T06:57:14.897+0000] {logging_mixin.py:190} INFO - [2026-03-24T06:57:14.896+0000] {dagbag.py:588} INFO - Filling up the DagBag from /home/ec2-user/environment/lab4_model_training/venv/lib64/python3.12/site-packages/airflow/example_dags/example_latest_only.py
[2026-03-24T06:57:14.906+0000] {processor.py:925} INFO - DAG(s) 'latest_only' retrieved from /home/ec2-user/environment/lab4_model_training/venv/lib64/python3.12/site-packages/airflow/example_dags/example_latest_only.py
[2026-03-24T06:57:14.922+0000] {logging_mixin.py:190} INFO - [2026-03-24T06:57:14.922+0000] {dag.py:3239} INFO - Sync 1 DAGs
[2026-03-24T06:57:14.941+0000] {logging_mixin.py:190} INFO - [2026-03-24T06:57:14.941+0000] {dag.py:4180} INFO - Setting next_dagrun for latest_only to 2026-03-24 00:00:00+00:00, run_after=2026-03-24 04:00:00+00:00
[2026-03-24T06:57:14.962+0000] {processor.py:208} INFO - Processing /home/ec2-user/environment/lab4_model_training/venv/lib64/python3.12/site-packages/airflow/example_dags/example_latest_only.py took 0.073 seconds
[2026-03-24T06:58:17.947+0000] {processor.py:186} INFO - Started process (PID=14777) to work on /home/ec2-user/environment/lab4_model_training/venv/lib64/python3.12/site-packages/airflow/example_dags/example_latest_only.py
[2026-03-24T06:58:17.948+0000] {processor.py:914} INFO - Processing file /home/ec2-user/environment/lab4_model_training/venv/lib64/python3.12/site-packages/airflow/example_dags/example_latest_only.py for tasks to queue
[2026-03-24T06:58:17.950+0000] {logging_mixin.py:190} INFO - [2026-03-24T06:58:17.949+0000] {dagbag.py:588} INFO - Filling up the DagBag from /home/ec2-user/environment/lab4_model_training/venv/lib64/python3.12/site-packages/airflow/example_dags/example_latest_only.py
[2026-03-24T06:58:17.960+0000] {processor.py:925} INFO - DAG(s) 'latest_only' retrieved from /home/ec2-user/environment/lab4_model_training/venv/lib64/python3.12/site-packages/airflow/example_dags/example_latest_only.py
[2026-03-24T06:58:17.975+0000] {logging_mixin.py:190} INFO - [2026-03-24T06:58:17.974+0000] {dag.py:3239} INFO - Sync 1 DAGs
[2026-03-24T06:58:18.138+0000] {logging_mixin.py:190} INFO - [2026-03-24T06:58:18.137+0000] {dag.py:4180} INFO - Setting next_dagrun for latest_only to 2026-03-24 00:00:00+00:00, run_after=2026-03-24 04:00:00+00:00
[2026-03-24T06:58:18.164+0000] {processor.py:208} INFO - Processing /home/ec2-user/environment/lab4_model_training/venv/lib64/python3.12/site-packages/airflow/example_dags/example_latest_only.py took 0.222 seconds
[2026-03-24T06:59:23.162+0000] {processor.py:186} INFO - Started process (PID=15044) to work on /home/ec2-user/environment/lab4_model_training/venv/lib64/python3.12/site-packages/airflow/example_dags/example_latest_only.py
[2026-03-24T06:59:23.163+0000] {processor.py:914} INFO - Processing file /home/ec2-user/environment/lab4_model_training/venv/lib64/python3.12/site-packages/airflow/example_dags/example_latest_only.py for tasks to queue
[2026-03-24T06:59:23.165+0000] {logging_mixin.py:190} INFO - [2026-03-24T06:59:23.165+0000] {dagbag.py:588} INFO - Filling up the DagBag from /home/ec2-user/environment/lab4_model_training/venv/lib64/python3.12/site-packages/airflow/example_dags/example_latest_only.py
[2026-03-24T06:59:23.174+0000] {processor.py:925} INFO - DAG(s) 'latest_only' retrieved from /home/ec2-user/environment/lab4_model_training/venv/lib64/python3.12/site-packages/airflow/example_dags/example_latest_only.py
[2026-03-24T06:59:23.189+0000] {logging_mixin.py:190} INFO - [2026-03-24T06:59:23.189+0000] {dag.py:3239} INFO - Sync 1 DAGs
[2026-03-24T06:59:23.208+0000] {logging_mixin.py:190} INFO - [2026-03-24T06:59:23.208+0000] {dag.py:4180} INFO - Setting next_dagrun for latest_only to 2026-03-24 00:00:00+00:00, run_after=2026-03-24 04:00:00+00:00
[2026-03-24T06:59:23.230+0000] {processor.py:208} INFO - Processing /home/ec2-user/environment/lab4_model_training/venv/lib64/python3.12/site-packages/airflow/example_dags/example_latest_only.py took 0.072 seconds
