[2026-03-24T06:16:33.426+0000] {processor.py:186} INFO - Started process (PID=2902) to work on /home/ec2-user/environment/lab4_model_training/venv/lib64/python3.12/site-packages/airflow/example_dags/example_sensors.py
[2026-03-24T06:16:33.427+0000] {processor.py:914} INFO - Processing file /home/ec2-user/environment/lab4_model_training/venv/lib64/python3.12/site-packages/airflow/example_dags/example_sensors.py for tasks to queue
[2026-03-24T06:16:33.429+0000] {logging_mixin.py:190} INFO - [2026-03-24T06:16:33.429+0000] {dagbag.py:588} INFO - Filling up the DagBag from /home/ec2-user/environment/lab4_model_training/venv/lib64/python3.12/site-packages/airflow/example_dags/example_sensors.py
[2026-03-24T06:16:33.443+0000] {processor.py:925} INFO - DAG(s) 'example_sensors' retrieved from /home/ec2-user/environment/lab4_model_training/venv/lib64/python3.12/site-packages/airflow/example_dags/example_sensors.py
[2026-03-24T06:16:33.464+0000] {logging_mixin.py:190} INFO - [2026-03-24T06:16:33.464+0000] {dag.py:3239} INFO - Sync 1 DAGs
[2026-03-24T06:16:33.475+0000] {logging_mixin.py:190} INFO - [2026-03-24T06:16:33.475+0000] {dag.py:4180} INFO - Setting next_dagrun for example_sensors to None, run_after=None
[2026-03-24T06:16:33.497+0000] {processor.py:208} INFO - Processing /home/ec2-user/environment/lab4_model_training/venv/lib64/python3.12/site-packages/airflow/example_dags/example_sensors.py took 0.076 seconds
[2026-03-24T06:17:40.000+0000] {processor.py:186} INFO - Started process (PID=3192) to work on /home/ec2-user/environment/lab4_model_training/venv/lib64/python3.12/site-packages/airflow/example_dags/example_sensors.py
[2026-03-24T06:17:40.014+0000] {processor.py:914} INFO - Processing file /home/ec2-user/environment/lab4_model_training/venv/lib64/python3.12/site-packages/airflow/example_dags/example_sensors.py for tasks to queue
[2026-03-24T06:17:40.016+0000] {logging_mixin.py:190} INFO - [2026-03-24T06:17:40.015+0000] {dagbag.py:588} INFO - Filling up the DagBag from /home/ec2-user/environment/lab4_model_training/venv/lib64/python3.12/site-packages/airflow/example_dags/example_sensors.py
[2026-03-24T06:17:40.041+0000] {processor.py:925} INFO - DAG(s) 'example_sensors' retrieved from /home/ec2-user/environment/lab4_model_training/venv/lib64/python3.12/site-packages/airflow/example_dags/example_sensors.py
[2026-03-24T06:17:40.096+0000] {logging_mixin.py:190} INFO - [2026-03-24T06:17:40.095+0000] {dag.py:3239} INFO - Sync 1 DAGs
[2026-03-24T06:17:40.111+0000] {logging_mixin.py:190} INFO - [2026-03-24T06:17:40.111+0000] {dag.py:4180} INFO - Setting next_dagrun for example_sensors to None, run_after=None
[2026-03-24T06:17:40.138+0000] {processor.py:208} INFO - Processing /home/ec2-user/environment/lab4_model_training/venv/lib64/python3.12/site-packages/airflow/example_dags/example_sensors.py took 0.144 seconds
[2026-03-24T06:18:43.342+0000] {processor.py:186} INFO - Started process (PID=3472) to work on /home/ec2-user/environment/lab4_model_training/venv/lib64/python3.12/site-packages/airflow/example_dags/example_sensors.py
[2026-03-24T06:18:43.349+0000] {processor.py:914} INFO - Processing file /home/ec2-user/environment/lab4_model_training/venv/lib64/python3.12/site-packages/airflow/example_dags/example_sensors.py for tasks to queue
[2026-03-24T06:18:43.354+0000] {logging_mixin.py:190} INFO - [2026-03-24T06:18:43.354+0000] {dagbag.py:588} INFO - Filling up the DagBag from /home/ec2-user/environment/lab4_model_training/venv/lib64/python3.12/site-packages/airflow/example_dags/example_sensors.py
[2026-03-24T06:18:43.376+0000] {processor.py:925} INFO - DAG(s) 'example_sensors' retrieved from /home/ec2-user/environment/lab4_model_training/venv/lib64/python3.12/site-packages/airflow/example_dags/example_sensors.py
[2026-03-24T06:18:43.410+0000] {logging_mixin.py:190} INFO - [2026-03-24T06:18:43.410+0000] {dag.py:3239} INFO - Sync 1 DAGs
[2026-03-24T06:18:43.466+0000] {logging_mixin.py:190} INFO - [2026-03-24T06:18:43.466+0000] {dag.py:4180} INFO - Setting next_dagrun for example_sensors to None, run_after=None
[2026-03-24T06:18:43.514+0000] {processor.py:208} INFO - Processing /home/ec2-user/environment/lab4_model_training/venv/lib64/python3.12/site-packages/airflow/example_dags/example_sensors.py took 0.179 seconds
[2026-03-24T06:19:51.965+0000] {processor.py:186} INFO - Started process (PID=3837) to work on /home/ec2-user/environment/lab4_model_training/venv/lib64/python3.12/site-packages/airflow/example_dags/example_sensors.py
[2026-03-24T06:19:51.968+0000] {processor.py:914} INFO - Processing file /home/ec2-user/environment/lab4_model_training/venv/lib64/python3.12/site-packages/airflow/example_dags/example_sensors.py for tasks to queue
[2026-03-24T06:19:51.970+0000] {logging_mixin.py:190} INFO - [2026-03-24T06:19:51.970+0000] {dagbag.py:588} INFO - Filling up the DagBag from /home/ec2-user/environment/lab4_model_training/venv/lib64/python3.12/site-packages/airflow/example_dags/example_sensors.py
[2026-03-24T06:19:51.983+0000] {processor.py:925} INFO - DAG(s) 'example_sensors' retrieved from /home/ec2-user/environment/lab4_model_training/venv/lib64/python3.12/site-packages/airflow/example_dags/example_sensors.py
[2026-03-24T06:19:52.011+0000] {logging_mixin.py:190} INFO - [2026-03-24T06:19:52.011+0000] {dag.py:3239} INFO - Sync 1 DAGs
[2026-03-24T06:19:52.027+0000] {logging_mixin.py:190} INFO - [2026-03-24T06:19:52.027+0000] {dag.py:4180} INFO - Setting next_dagrun for example_sensors to None, run_after=None
[2026-03-24T06:19:52.051+0000] {processor.py:208} INFO - Processing /home/ec2-user/environment/lab4_model_training/venv/lib64/python3.12/site-packages/airflow/example_dags/example_sensors.py took 0.093 seconds
[2026-03-24T06:21:00.051+0000] {processor.py:186} INFO - Started process (PID=4193) to work on /home/ec2-user/environment/lab4_model_training/venv/lib64/python3.12/site-packages/airflow/example_dags/example_sensors.py
[2026-03-24T06:21:00.052+0000] {processor.py:914} INFO - Processing file /home/ec2-user/environment/lab4_model_training/venv/lib64/python3.12/site-packages/airflow/example_dags/example_sensors.py for tasks to queue
[2026-03-24T06:21:00.055+0000] {logging_mixin.py:190} INFO - [2026-03-24T06:21:00.055+0000] {dagbag.py:588} INFO - Filling up the DagBag from /home/ec2-user/environment/lab4_model_training/venv/lib64/python3.12/site-packages/airflow/example_dags/example_sensors.py
[2026-03-24T06:21:00.070+0000] {processor.py:925} INFO - DAG(s) 'example_sensors' retrieved from /home/ec2-user/environment/lab4_model_training/venv/lib64/python3.12/site-packages/airflow/example_dags/example_sensors.py
[2026-03-24T06:21:00.091+0000] {logging_mixin.py:190} INFO - [2026-03-24T06:21:00.090+0000] {dag.py:3239} INFO - Sync 1 DAGs
[2026-03-24T06:21:00.111+0000] {logging_mixin.py:190} INFO - [2026-03-24T06:21:00.111+0000] {dag.py:4180} INFO - Setting next_dagrun for example_sensors to None, run_after=None
[2026-03-24T06:21:00.152+0000] {processor.py:208} INFO - Processing /home/ec2-user/environment/lab4_model_training/venv/lib64/python3.12/site-packages/airflow/example_dags/example_sensors.py took 0.106 seconds
[2026-03-24T06:22:06.559+0000] {processor.py:186} INFO - Started process (PID=4617) to work on /home/ec2-user/environment/lab4_model_training/venv/lib64/python3.12/site-packages/airflow/example_dags/example_sensors.py
[2026-03-24T06:22:06.561+0000] {processor.py:914} INFO - Processing file /home/ec2-user/environment/lab4_model_training/venv/lib64/python3.12/site-packages/airflow/example_dags/example_sensors.py for tasks to queue
[2026-03-24T06:22:06.563+0000] {logging_mixin.py:190} INFO - [2026-03-24T06:22:06.563+0000] {dagbag.py:588} INFO - Filling up the DagBag from /home/ec2-user/environment/lab4_model_training/venv/lib64/python3.12/site-packages/airflow/example_dags/example_sensors.py
[2026-03-24T06:22:06.578+0000] {processor.py:925} INFO - DAG(s) 'example_sensors' retrieved from /home/ec2-user/environment/lab4_model_training/venv/lib64/python3.12/site-packages/airflow/example_dags/example_sensors.py
[2026-03-24T06:22:06.599+0000] {logging_mixin.py:190} INFO - [2026-03-24T06:22:06.599+0000] {dag.py:3239} INFO - Sync 1 DAGs
[2026-03-24T06:22:06.612+0000] {logging_mixin.py:190} INFO - [2026-03-24T06:22:06.611+0000] {dag.py:4180} INFO - Setting next_dagrun for example_sensors to None, run_after=None
[2026-03-24T06:22:06.634+0000] {processor.py:208} INFO - Processing /home/ec2-user/environment/lab4_model_training/venv/lib64/python3.12/site-packages/airflow/example_dags/example_sensors.py took 0.079 seconds
[2026-03-24T06:23:13.927+0000] {processor.py:186} INFO - Started process (PID=4985) to work on /home/ec2-user/environment/lab4_model_training/venv/lib64/python3.12/site-packages/airflow/example_dags/example_sensors.py
[2026-03-24T06:23:13.928+0000] {processor.py:914} INFO - Processing file /home/ec2-user/environment/lab4_model_training/venv/lib64/python3.12/site-packages/airflow/example_dags/example_sensors.py for tasks to queue
[2026-03-24T06:23:13.931+0000] {logging_mixin.py:190} INFO - [2026-03-24T06:23:13.930+0000] {dagbag.py:588} INFO - Filling up the DagBag from /home/ec2-user/environment/lab4_model_training/venv/lib64/python3.12/site-packages/airflow/example_dags/example_sensors.py
[2026-03-24T06:23:13.945+0000] {processor.py:925} INFO - DAG(s) 'example_sensors' retrieved from /home/ec2-user/environment/lab4_model_training/venv/lib64/python3.12/site-packages/airflow/example_dags/example_sensors.py
[2026-03-24T06:23:13.965+0000] {logging_mixin.py:190} INFO - [2026-03-24T06:23:13.965+0000] {dag.py:3239} INFO - Sync 1 DAGs
[2026-03-24T06:23:13.977+0000] {logging_mixin.py:190} INFO - [2026-03-24T06:23:13.977+0000] {dag.py:4180} INFO - Setting next_dagrun for example_sensors to None, run_after=None
[2026-03-24T06:23:14.000+0000] {processor.py:208} INFO - Processing /home/ec2-user/environment/lab4_model_training/venv/lib64/python3.12/site-packages/airflow/example_dags/example_sensors.py took 0.078 seconds
[2026-03-24T06:24:24.479+0000] {processor.py:186} INFO - Started process (PID=5356) to work on /home/ec2-user/environment/lab4_model_training/venv/lib64/python3.12/site-packages/airflow/example_dags/example_sensors.py
[2026-03-24T06:24:24.481+0000] {processor.py:914} INFO - Processing file /home/ec2-user/environment/lab4_model_training/venv/lib64/python3.12/site-packages/airflow/example_dags/example_sensors.py for tasks to queue
[2026-03-24T06:24:24.483+0000] {logging_mixin.py:190} INFO - [2026-03-24T06:24:24.483+0000] {dagbag.py:588} INFO - Filling up the DagBag from /home/ec2-user/environment/lab4_model_training/venv/lib64/python3.12/site-packages/airflow/example_dags/example_sensors.py
[2026-03-24T06:24:24.497+0000] {processor.py:925} INFO - DAG(s) 'example_sensors' retrieved from /home/ec2-user/environment/lab4_model_training/venv/lib64/python3.12/site-packages/airflow/example_dags/example_sensors.py
[2026-03-24T06:24:24.518+0000] {logging_mixin.py:190} INFO - [2026-03-24T06:24:24.518+0000] {dag.py:3239} INFO - Sync 1 DAGs
[2026-03-24T06:24:24.530+0000] {logging_mixin.py:190} INFO - [2026-03-24T06:24:24.530+0000] {dag.py:4180} INFO - Setting next_dagrun for example_sensors to None, run_after=None
[2026-03-24T06:24:24.552+0000] {processor.py:208} INFO - Processing /home/ec2-user/environment/lab4_model_training/venv/lib64/python3.12/site-packages/airflow/example_dags/example_sensors.py took 0.077 seconds
[2026-03-24T06:25:29.344+0000] {processor.py:186} INFO - Started process (PID=5575) to work on /home/ec2-user/environment/lab4_model_training/venv/lib64/python3.12/site-packages/airflow/example_dags/example_sensors.py
[2026-03-24T06:25:29.345+0000] {processor.py:914} INFO - Processing file /home/ec2-user/environment/lab4_model_training/venv/lib64/python3.12/site-packages/airflow/example_dags/example_sensors.py for tasks to queue
[2026-03-24T06:25:29.348+0000] {logging_mixin.py:190} INFO - [2026-03-24T06:25:29.348+0000] {dagbag.py:588} INFO - Filling up the DagBag from /home/ec2-user/environment/lab4_model_training/venv/lib64/python3.12/site-packages/airflow/example_dags/example_sensors.py
[2026-03-24T06:25:29.362+0000] {processor.py:925} INFO - DAG(s) 'example_sensors' retrieved from /home/ec2-user/environment/lab4_model_training/venv/lib64/python3.12/site-packages/airflow/example_dags/example_sensors.py
[2026-03-24T06:25:29.383+0000] {logging_mixin.py:190} INFO - [2026-03-24T06:25:29.383+0000] {dag.py:3239} INFO - Sync 1 DAGs
[2026-03-24T06:25:29.396+0000] {logging_mixin.py:190} INFO - [2026-03-24T06:25:29.395+0000] {dag.py:4180} INFO - Setting next_dagrun for example_sensors to None, run_after=None
[2026-03-24T06:25:29.418+0000] {processor.py:208} INFO - Processing /home/ec2-user/environment/lab4_model_training/venv/lib64/python3.12/site-packages/airflow/example_dags/example_sensors.py took 0.078 seconds
[2026-03-24T06:26:33.420+0000] {processor.py:186} INFO - Started process (PID=5858) to work on /home/ec2-user/environment/lab4_model_training/venv/lib64/python3.12/site-packages/airflow/example_dags/example_sensors.py
[2026-03-24T06:26:33.421+0000] {processor.py:914} INFO - Processing file /home/ec2-user/environment/lab4_model_training/venv/lib64/python3.12/site-packages/airflow/example_dags/example_sensors.py for tasks to queue
[2026-03-24T06:26:33.423+0000] {logging_mixin.py:190} INFO - [2026-03-24T06:26:33.423+0000] {dagbag.py:588} INFO - Filling up the DagBag from /home/ec2-user/environment/lab4_model_training/venv/lib64/python3.12/site-packages/airflow/example_dags/example_sensors.py
[2026-03-24T06:26:33.436+0000] {processor.py:925} INFO - DAG(s) 'example_sensors' retrieved from /home/ec2-user/environment/lab4_model_training/venv/lib64/python3.12/site-packages/airflow/example_dags/example_sensors.py
[2026-03-24T06:26:33.458+0000] {logging_mixin.py:190} INFO - [2026-03-24T06:26:33.458+0000] {dag.py:3239} INFO - Sync 1 DAGs
[2026-03-24T06:26:33.470+0000] {logging_mixin.py:190} INFO - [2026-03-24T06:26:33.470+0000] {dag.py:4180} INFO - Setting next_dagrun for example_sensors to None, run_after=None
[2026-03-24T06:26:33.492+0000] {processor.py:208} INFO - Processing /home/ec2-user/environment/lab4_model_training/venv/lib64/python3.12/site-packages/airflow/example_dags/example_sensors.py took 0.077 seconds
[2026-03-24T06:27:41.470+0000] {processor.py:186} INFO - Started process (PID=6100) to work on /home/ec2-user/environment/lab4_model_training/venv/lib64/python3.12/site-packages/airflow/example_dags/example_sensors.py
[2026-03-24T06:27:41.472+0000] {processor.py:914} INFO - Processing file /home/ec2-user/environment/lab4_model_training/venv/lib64/python3.12/site-packages/airflow/example_dags/example_sensors.py for tasks to queue
[2026-03-24T06:27:41.474+0000] {logging_mixin.py:190} INFO - [2026-03-24T06:27:41.473+0000] {dagbag.py:588} INFO - Filling up the DagBag from /home/ec2-user/environment/lab4_model_training/venv/lib64/python3.12/site-packages/airflow/example_dags/example_sensors.py
[2026-03-24T06:27:41.487+0000] {processor.py:925} INFO - DAG(s) 'example_sensors' retrieved from /home/ec2-user/environment/lab4_model_training/venv/lib64/python3.12/site-packages/airflow/example_dags/example_sensors.py
[2026-03-24T06:27:41.507+0000] {logging_mixin.py:190} INFO - [2026-03-24T06:27:41.507+0000] {dag.py:3239} INFO - Sync 1 DAGs
[2026-03-24T06:27:41.519+0000] {logging_mixin.py:190} INFO - [2026-03-24T06:27:41.519+0000] {dag.py:4180} INFO - Setting next_dagrun for example_sensors to None, run_after=None
[2026-03-24T06:27:41.541+0000] {processor.py:208} INFO - Processing /home/ec2-user/environment/lab4_model_training/venv/lib64/python3.12/site-packages/airflow/example_dags/example_sensors.py took 0.075 seconds
[2026-03-24T06:28:49.413+0000] {processor.py:186} INFO - Started process (PID=6446) to work on /home/ec2-user/environment/lab4_model_training/venv/lib64/python3.12/site-packages/airflow/example_dags/example_sensors.py
[2026-03-24T06:28:49.415+0000] {processor.py:914} INFO - Processing file /home/ec2-user/environment/lab4_model_training/venv/lib64/python3.12/site-packages/airflow/example_dags/example_sensors.py for tasks to queue
[2026-03-24T06:28:49.418+0000] {logging_mixin.py:190} INFO - [2026-03-24T06:28:49.417+0000] {dagbag.py:588} INFO - Filling up the DagBag from /home/ec2-user/environment/lab4_model_training/venv/lib64/python3.12/site-packages/airflow/example_dags/example_sensors.py
[2026-03-24T06:28:49.432+0000] {processor.py:925} INFO - DAG(s) 'example_sensors' retrieved from /home/ec2-user/environment/lab4_model_training/venv/lib64/python3.12/site-packages/airflow/example_dags/example_sensors.py
[2026-03-24T06:28:49.452+0000] {logging_mixin.py:190} INFO - [2026-03-24T06:28:49.452+0000] {dag.py:3239} INFO - Sync 1 DAGs
[2026-03-24T06:28:49.464+0000] {logging_mixin.py:190} INFO - [2026-03-24T06:28:49.464+0000] {dag.py:4180} INFO - Setting next_dagrun for example_sensors to None, run_after=None
[2026-03-24T06:28:49.486+0000] {processor.py:208} INFO - Processing /home/ec2-user/environment/lab4_model_training/venv/lib64/python3.12/site-packages/airflow/example_dags/example_sensors.py took 0.078 seconds
[2026-03-24T06:29:52.337+0000] {processor.py:186} INFO - Started process (PID=6853) to work on /home/ec2-user/environment/lab4_model_training/venv/lib64/python3.12/site-packages/airflow/example_dags/example_sensors.py
[2026-03-24T06:29:52.339+0000] {processor.py:914} INFO - Processing file /home/ec2-user/environment/lab4_model_training/venv/lib64/python3.12/site-packages/airflow/example_dags/example_sensors.py for tasks to queue
[2026-03-24T06:29:52.341+0000] {logging_mixin.py:190} INFO - [2026-03-24T06:29:52.340+0000] {dagbag.py:588} INFO - Filling up the DagBag from /home/ec2-user/environment/lab4_model_training/venv/lib64/python3.12/site-packages/airflow/example_dags/example_sensors.py
[2026-03-24T06:29:52.354+0000] {processor.py:925} INFO - DAG(s) 'example_sensors' retrieved from /home/ec2-user/environment/lab4_model_training/venv/lib64/python3.12/site-packages/airflow/example_dags/example_sensors.py
[2026-03-24T06:29:52.377+0000] {logging_mixin.py:190} INFO - [2026-03-24T06:29:52.376+0000] {dag.py:3239} INFO - Sync 1 DAGs
[2026-03-24T06:29:52.389+0000] {logging_mixin.py:190} INFO - [2026-03-24T06:29:52.389+0000] {dag.py:4180} INFO - Setting next_dagrun for example_sensors to None, run_after=None
[2026-03-24T06:29:52.411+0000] {processor.py:208} INFO - Processing /home/ec2-user/environment/lab4_model_training/venv/lib64/python3.12/site-packages/airflow/example_dags/example_sensors.py took 0.078 seconds
[2026-03-24T06:30:54.097+0000] {processor.py:186} INFO - Started process (PID=7118) to work on /home/ec2-user/environment/lab4_model_training/venv/lib64/python3.12/site-packages/airflow/example_dags/example_sensors.py
[2026-03-24T06:30:54.099+0000] {processor.py:914} INFO - Processing file /home/ec2-user/environment/lab4_model_training/venv/lib64/python3.12/site-packages/airflow/example_dags/example_sensors.py for tasks to queue
[2026-03-24T06:30:54.101+0000] {logging_mixin.py:190} INFO - [2026-03-24T06:30:54.100+0000] {dagbag.py:588} INFO - Filling up the DagBag from /home/ec2-user/environment/lab4_model_training/venv/lib64/python3.12/site-packages/airflow/example_dags/example_sensors.py
[2026-03-24T06:30:54.114+0000] {processor.py:925} INFO - DAG(s) 'example_sensors' retrieved from /home/ec2-user/environment/lab4_model_training/venv/lib64/python3.12/site-packages/airflow/example_dags/example_sensors.py
[2026-03-24T06:30:54.136+0000] {logging_mixin.py:190} INFO - [2026-03-24T06:30:54.135+0000] {dag.py:3239} INFO - Sync 1 DAGs
[2026-03-24T06:30:54.148+0000] {logging_mixin.py:190} INFO - [2026-03-24T06:30:54.148+0000] {dag.py:4180} INFO - Setting next_dagrun for example_sensors to None, run_after=None
[2026-03-24T06:30:54.170+0000] {processor.py:208} INFO - Processing /home/ec2-user/environment/lab4_model_training/venv/lib64/python3.12/site-packages/airflow/example_dags/example_sensors.py took 0.078 seconds
[2026-03-24T06:31:54.961+0000] {processor.py:186} INFO - Started process (PID=7379) to work on /home/ec2-user/environment/lab4_model_training/venv/lib64/python3.12/site-packages/airflow/example_dags/example_sensors.py
[2026-03-24T06:31:54.963+0000] {processor.py:914} INFO - Processing file /home/ec2-user/environment/lab4_model_training/venv/lib64/python3.12/site-packages/airflow/example_dags/example_sensors.py for tasks to queue
[2026-03-24T06:31:54.966+0000] {logging_mixin.py:190} INFO - [2026-03-24T06:31:54.965+0000] {dagbag.py:588} INFO - Filling up the DagBag from /home/ec2-user/environment/lab4_model_training/venv/lib64/python3.12/site-packages/airflow/example_dags/example_sensors.py
[2026-03-24T06:31:54.980+0000] {processor.py:925} INFO - DAG(s) 'example_sensors' retrieved from /home/ec2-user/environment/lab4_model_training/venv/lib64/python3.12/site-packages/airflow/example_dags/example_sensors.py
[2026-03-24T06:31:55.000+0000] {logging_mixin.py:190} INFO - [2026-03-24T06:31:55.000+0000] {dag.py:3239} INFO - Sync 1 DAGs
[2026-03-24T06:31:55.012+0000] {logging_mixin.py:190} INFO - [2026-03-24T06:31:55.012+0000] {dag.py:4180} INFO - Setting next_dagrun for example_sensors to None, run_after=None
[2026-03-24T06:31:55.042+0000] {processor.py:208} INFO - Processing /home/ec2-user/environment/lab4_model_training/venv/lib64/python3.12/site-packages/airflow/example_dags/example_sensors.py took 0.085 seconds
[2026-03-24T06:33:04.889+0000] {processor.py:186} INFO - Started process (PID=7748) to work on /home/ec2-user/environment/lab4_model_training/venv/lib64/python3.12/site-packages/airflow/example_dags/example_sensors.py
[2026-03-24T06:33:04.890+0000] {processor.py:914} INFO - Processing file /home/ec2-user/environment/lab4_model_training/venv/lib64/python3.12/site-packages/airflow/example_dags/example_sensors.py for tasks to queue
[2026-03-24T06:33:04.893+0000] {logging_mixin.py:190} INFO - [2026-03-24T06:33:04.892+0000] {dagbag.py:588} INFO - Filling up the DagBag from /home/ec2-user/environment/lab4_model_training/venv/lib64/python3.12/site-packages/airflow/example_dags/example_sensors.py
[2026-03-24T06:33:04.907+0000] {processor.py:925} INFO - DAG(s) 'example_sensors' retrieved from /home/ec2-user/environment/lab4_model_training/venv/lib64/python3.12/site-packages/airflow/example_dags/example_sensors.py
[2026-03-24T06:33:04.929+0000] {logging_mixin.py:190} INFO - [2026-03-24T06:33:04.928+0000] {dag.py:3239} INFO - Sync 1 DAGs
[2026-03-24T06:33:04.941+0000] {logging_mixin.py:190} INFO - [2026-03-24T06:33:04.941+0000] {dag.py:4180} INFO - Setting next_dagrun for example_sensors to None, run_after=None
[2026-03-24T06:33:04.965+0000] {processor.py:208} INFO - Processing /home/ec2-user/environment/lab4_model_training/venv/lib64/python3.12/site-packages/airflow/example_dags/example_sensors.py took 0.081 seconds
[2026-03-24T06:34:06.114+0000] {processor.py:186} INFO - Started process (PID=7965) to work on /home/ec2-user/environment/lab4_model_training/venv/lib64/python3.12/site-packages/airflow/example_dags/example_sensors.py
[2026-03-24T06:34:06.115+0000] {processor.py:914} INFO - Processing file /home/ec2-user/environment/lab4_model_training/venv/lib64/python3.12/site-packages/airflow/example_dags/example_sensors.py for tasks to queue
[2026-03-24T06:34:06.118+0000] {logging_mixin.py:190} INFO - [2026-03-24T06:34:06.118+0000] {dagbag.py:588} INFO - Filling up the DagBag from /home/ec2-user/environment/lab4_model_training/venv/lib64/python3.12/site-packages/airflow/example_dags/example_sensors.py
[2026-03-24T06:34:06.132+0000] {processor.py:925} INFO - DAG(s) 'example_sensors' retrieved from /home/ec2-user/environment/lab4_model_training/venv/lib64/python3.12/site-packages/airflow/example_dags/example_sensors.py
[2026-03-24T06:34:06.153+0000] {logging_mixin.py:190} INFO - [2026-03-24T06:34:06.153+0000] {dag.py:3239} INFO - Sync 1 DAGs
[2026-03-24T06:34:06.165+0000] {logging_mixin.py:190} INFO - [2026-03-24T06:34:06.165+0000] {dag.py:4180} INFO - Setting next_dagrun for example_sensors to None, run_after=None
[2026-03-24T06:34:06.187+0000] {processor.py:208} INFO - Processing /home/ec2-user/environment/lab4_model_training/venv/lib64/python3.12/site-packages/airflow/example_dags/example_sensors.py took 0.078 seconds
[2026-03-24T06:35:09.178+0000] {processor.py:186} INFO - Started process (PID=8243) to work on /home/ec2-user/environment/lab4_model_training/venv/lib64/python3.12/site-packages/airflow/example_dags/example_sensors.py
[2026-03-24T06:35:09.179+0000] {processor.py:914} INFO - Processing file /home/ec2-user/environment/lab4_model_training/venv/lib64/python3.12/site-packages/airflow/example_dags/example_sensors.py for tasks to queue
[2026-03-24T06:35:09.181+0000] {logging_mixin.py:190} INFO - [2026-03-24T06:35:09.181+0000] {dagbag.py:588} INFO - Filling up the DagBag from /home/ec2-user/environment/lab4_model_training/venv/lib64/python3.12/site-packages/airflow/example_dags/example_sensors.py
[2026-03-24T06:35:09.195+0000] {processor.py:925} INFO - DAG(s) 'example_sensors' retrieved from /home/ec2-user/environment/lab4_model_training/venv/lib64/python3.12/site-packages/airflow/example_dags/example_sensors.py
[2026-03-24T06:35:09.216+0000] {logging_mixin.py:190} INFO - [2026-03-24T06:35:09.216+0000] {dag.py:3239} INFO - Sync 1 DAGs
[2026-03-24T06:35:09.228+0000] {logging_mixin.py:190} INFO - [2026-03-24T06:35:09.228+0000] {dag.py:4180} INFO - Setting next_dagrun for example_sensors to None, run_after=None
[2026-03-24T06:35:09.251+0000] {processor.py:208} INFO - Processing /home/ec2-user/environment/lab4_model_training/venv/lib64/python3.12/site-packages/airflow/example_dags/example_sensors.py took 0.079 seconds
[2026-03-24T06:36:15.745+0000] {processor.py:186} INFO - Started process (PID=8511) to work on /home/ec2-user/environment/lab4_model_training/venv/lib64/python3.12/site-packages/airflow/example_dags/example_sensors.py
[2026-03-24T06:36:15.747+0000] {processor.py:914} INFO - Processing file /home/ec2-user/environment/lab4_model_training/venv/lib64/python3.12/site-packages/airflow/example_dags/example_sensors.py for tasks to queue
[2026-03-24T06:36:15.749+0000] {logging_mixin.py:190} INFO - [2026-03-24T06:36:15.748+0000] {dagbag.py:588} INFO - Filling up the DagBag from /home/ec2-user/environment/lab4_model_training/venv/lib64/python3.12/site-packages/airflow/example_dags/example_sensors.py
[2026-03-24T06:36:15.762+0000] {processor.py:925} INFO - DAG(s) 'example_sensors' retrieved from /home/ec2-user/environment/lab4_model_training/venv/lib64/python3.12/site-packages/airflow/example_dags/example_sensors.py
[2026-03-24T06:36:15.783+0000] {logging_mixin.py:190} INFO - [2026-03-24T06:36:15.783+0000] {dag.py:3239} INFO - Sync 1 DAGs
[2026-03-24T06:36:15.796+0000] {logging_mixin.py:190} INFO - [2026-03-24T06:36:15.796+0000] {dag.py:4180} INFO - Setting next_dagrun for example_sensors to None, run_after=None
[2026-03-24T06:36:15.819+0000] {processor.py:208} INFO - Processing /home/ec2-user/environment/lab4_model_training/venv/lib64/python3.12/site-packages/airflow/example_dags/example_sensors.py took 0.078 seconds
[2026-03-24T06:37:21.113+0000] {processor.py:186} INFO - Started process (PID=8863) to work on /home/ec2-user/environment/lab4_model_training/venv/lib64/python3.12/site-packages/airflow/example_dags/example_sensors.py
[2026-03-24T06:37:21.115+0000] {processor.py:914} INFO - Processing file /home/ec2-user/environment/lab4_model_training/venv/lib64/python3.12/site-packages/airflow/example_dags/example_sensors.py for tasks to queue
[2026-03-24T06:37:21.117+0000] {logging_mixin.py:190} INFO - [2026-03-24T06:37:21.117+0000] {dagbag.py:588} INFO - Filling up the DagBag from /home/ec2-user/environment/lab4_model_training/venv/lib64/python3.12/site-packages/airflow/example_dags/example_sensors.py
[2026-03-24T06:37:21.130+0000] {processor.py:925} INFO - DAG(s) 'example_sensors' retrieved from /home/ec2-user/environment/lab4_model_training/venv/lib64/python3.12/site-packages/airflow/example_dags/example_sensors.py
[2026-03-24T06:37:21.150+0000] {logging_mixin.py:190} INFO - [2026-03-24T06:37:21.150+0000] {dag.py:3239} INFO - Sync 1 DAGs
[2026-03-24T06:37:21.162+0000] {logging_mixin.py:190} INFO - [2026-03-24T06:37:21.162+0000] {dag.py:4180} INFO - Setting next_dagrun for example_sensors to None, run_after=None
[2026-03-24T06:37:21.185+0000] {processor.py:208} INFO - Processing /home/ec2-user/environment/lab4_model_training/venv/lib64/python3.12/site-packages/airflow/example_dags/example_sensors.py took 0.076 seconds
[2026-03-24T06:38:29.816+0000] {processor.py:186} INFO - Started process (PID=9198) to work on /home/ec2-user/environment/lab4_model_training/venv/lib64/python3.12/site-packages/airflow/example_dags/example_sensors.py
[2026-03-24T06:38:29.818+0000] {processor.py:914} INFO - Processing file /home/ec2-user/environment/lab4_model_training/venv/lib64/python3.12/site-packages/airflow/example_dags/example_sensors.py for tasks to queue
[2026-03-24T06:38:29.820+0000] {logging_mixin.py:190} INFO - [2026-03-24T06:38:29.819+0000] {dagbag.py:588} INFO - Filling up the DagBag from /home/ec2-user/environment/lab4_model_training/venv/lib64/python3.12/site-packages/airflow/example_dags/example_sensors.py
[2026-03-24T06:38:29.833+0000] {processor.py:925} INFO - DAG(s) 'example_sensors' retrieved from /home/ec2-user/environment/lab4_model_training/venv/lib64/python3.12/site-packages/airflow/example_dags/example_sensors.py
[2026-03-24T06:38:29.854+0000] {logging_mixin.py:190} INFO - [2026-03-24T06:38:29.854+0000] {dag.py:3239} INFO - Sync 1 DAGs
[2026-03-24T06:38:29.867+0000] {logging_mixin.py:190} INFO - [2026-03-24T06:38:29.866+0000] {dag.py:4180} INFO - Setting next_dagrun for example_sensors to None, run_after=None
[2026-03-24T06:38:29.888+0000] {processor.py:208} INFO - Processing /home/ec2-user/environment/lab4_model_training/venv/lib64/python3.12/site-packages/airflow/example_dags/example_sensors.py took 0.076 seconds
[2026-03-24T06:39:37.867+0000] {processor.py:186} INFO - Started process (PID=9501) to work on /home/ec2-user/environment/lab4_model_training/venv/lib64/python3.12/site-packages/airflow/example_dags/example_sensors.py
[2026-03-24T06:39:37.874+0000] {processor.py:914} INFO - Processing file /home/ec2-user/environment/lab4_model_training/venv/lib64/python3.12/site-packages/airflow/example_dags/example_sensors.py for tasks to queue
[2026-03-24T06:39:37.882+0000] {logging_mixin.py:190} INFO - [2026-03-24T06:39:37.882+0000] {dagbag.py:588} INFO - Filling up the DagBag from /home/ec2-user/environment/lab4_model_training/venv/lib64/python3.12/site-packages/airflow/example_dags/example_sensors.py
[2026-03-24T06:39:37.895+0000] {processor.py:925} INFO - DAG(s) 'example_sensors' retrieved from /home/ec2-user/environment/lab4_model_training/venv/lib64/python3.12/site-packages/airflow/example_dags/example_sensors.py
[2026-03-24T06:39:37.924+0000] {logging_mixin.py:190} INFO - [2026-03-24T06:39:37.924+0000] {dag.py:3239} INFO - Sync 1 DAGs
[2026-03-24T06:39:37.940+0000] {logging_mixin.py:190} INFO - [2026-03-24T06:39:37.939+0000] {dag.py:4180} INFO - Setting next_dagrun for example_sensors to None, run_after=None
[2026-03-24T06:39:37.967+0000] {processor.py:208} INFO - Processing /home/ec2-user/environment/lab4_model_training/venv/lib64/python3.12/site-packages/airflow/example_dags/example_sensors.py took 0.106 seconds
[2026-03-24T06:40:46.156+0000] {processor.py:186} INFO - Started process (PID=9825) to work on /home/ec2-user/environment/lab4_model_training/venv/lib64/python3.12/site-packages/airflow/example_dags/example_sensors.py
[2026-03-24T06:40:46.157+0000] {processor.py:914} INFO - Processing file /home/ec2-user/environment/lab4_model_training/venv/lib64/python3.12/site-packages/airflow/example_dags/example_sensors.py for tasks to queue
[2026-03-24T06:40:46.159+0000] {logging_mixin.py:190} INFO - [2026-03-24T06:40:46.159+0000] {dagbag.py:588} INFO - Filling up the DagBag from /home/ec2-user/environment/lab4_model_training/venv/lib64/python3.12/site-packages/airflow/example_dags/example_sensors.py
[2026-03-24T06:40:46.173+0000] {processor.py:925} INFO - DAG(s) 'example_sensors' retrieved from /home/ec2-user/environment/lab4_model_training/venv/lib64/python3.12/site-packages/airflow/example_dags/example_sensors.py
[2026-03-24T06:40:46.194+0000] {logging_mixin.py:190} INFO - [2026-03-24T06:40:46.194+0000] {dag.py:3239} INFO - Sync 1 DAGs
[2026-03-24T06:40:46.207+0000] {logging_mixin.py:190} INFO - [2026-03-24T06:40:46.207+0000] {dag.py:4180} INFO - Setting next_dagrun for example_sensors to None, run_after=None
[2026-03-24T06:40:46.228+0000] {processor.py:208} INFO - Processing /home/ec2-user/environment/lab4_model_training/venv/lib64/python3.12/site-packages/airflow/example_dags/example_sensors.py took 0.077 seconds
[2026-03-24T06:41:53.752+0000] {processor.py:186} INFO - Started process (PID=10197) to work on /home/ec2-user/environment/lab4_model_training/venv/lib64/python3.12/site-packages/airflow/example_dags/example_sensors.py
[2026-03-24T06:41:53.753+0000] {processor.py:914} INFO - Processing file /home/ec2-user/environment/lab4_model_training/venv/lib64/python3.12/site-packages/airflow/example_dags/example_sensors.py for tasks to queue
[2026-03-24T06:41:53.756+0000] {logging_mixin.py:190} INFO - [2026-03-24T06:41:53.756+0000] {dagbag.py:588} INFO - Filling up the DagBag from /home/ec2-user/environment/lab4_model_training/venv/lib64/python3.12/site-packages/airflow/example_dags/example_sensors.py
[2026-03-24T06:41:53.770+0000] {processor.py:925} INFO - DAG(s) 'example_sensors' retrieved from /home/ec2-user/environment/lab4_model_training/venv/lib64/python3.12/site-packages/airflow/example_dags/example_sensors.py
[2026-03-24T06:41:53.791+0000] {logging_mixin.py:190} INFO - [2026-03-24T06:41:53.791+0000] {dag.py:3239} INFO - Sync 1 DAGs
[2026-03-24T06:41:53.804+0000] {logging_mixin.py:190} INFO - [2026-03-24T06:41:53.804+0000] {dag.py:4180} INFO - Setting next_dagrun for example_sensors to None, run_after=None
[2026-03-24T06:41:53.827+0000] {processor.py:208} INFO - Processing /home/ec2-user/environment/lab4_model_training/venv/lib64/python3.12/site-packages/airflow/example_dags/example_sensors.py took 0.079 seconds
[2026-03-24T06:43:04.775+0000] {processor.py:186} INFO - Started process (PID=10594) to work on /home/ec2-user/environment/lab4_model_training/venv/lib64/python3.12/site-packages/airflow/example_dags/example_sensors.py
[2026-03-24T06:43:04.783+0000] {processor.py:914} INFO - Processing file /home/ec2-user/environment/lab4_model_training/venv/lib64/python3.12/site-packages/airflow/example_dags/example_sensors.py for tasks to queue
[2026-03-24T06:43:04.786+0000] {logging_mixin.py:190} INFO - [2026-03-24T06:43:04.785+0000] {dagbag.py:588} INFO - Filling up the DagBag from /home/ec2-user/environment/lab4_model_training/venv/lib64/python3.12/site-packages/airflow/example_dags/example_sensors.py
[2026-03-24T06:43:04.812+0000] {processor.py:925} INFO - DAG(s) 'example_sensors' retrieved from /home/ec2-user/environment/lab4_model_training/venv/lib64/python3.12/site-packages/airflow/example_dags/example_sensors.py
[2026-03-24T06:43:04.853+0000] {logging_mixin.py:190} INFO - [2026-03-24T06:43:04.853+0000] {dag.py:3239} INFO - Sync 1 DAGs
[2026-03-24T06:43:04.875+0000] {logging_mixin.py:190} INFO - [2026-03-24T06:43:04.874+0000] {dag.py:4180} INFO - Setting next_dagrun for example_sensors to None, run_after=None
[2026-03-24T06:43:04.917+0000] {processor.py:208} INFO - Processing /home/ec2-user/environment/lab4_model_training/venv/lib64/python3.12/site-packages/airflow/example_dags/example_sensors.py took 0.149 seconds
[2026-03-24T06:44:08.006+0000] {processor.py:186} INFO - Started process (PID=10907) to work on /home/ec2-user/environment/lab4_model_training/venv/lib64/python3.12/site-packages/airflow/example_dags/example_sensors.py
[2026-03-24T06:44:08.007+0000] {processor.py:914} INFO - Processing file /home/ec2-user/environment/lab4_model_training/venv/lib64/python3.12/site-packages/airflow/example_dags/example_sensors.py for tasks to queue
[2026-03-24T06:44:08.009+0000] {logging_mixin.py:190} INFO - [2026-03-24T06:44:08.009+0000] {dagbag.py:588} INFO - Filling up the DagBag from /home/ec2-user/environment/lab4_model_training/venv/lib64/python3.12/site-packages/airflow/example_dags/example_sensors.py
[2026-03-24T06:44:08.023+0000] {processor.py:925} INFO - DAG(s) 'example_sensors' retrieved from /home/ec2-user/environment/lab4_model_training/venv/lib64/python3.12/site-packages/airflow/example_dags/example_sensors.py
[2026-03-24T06:44:08.043+0000] {logging_mixin.py:190} INFO - [2026-03-24T06:44:08.043+0000] {dag.py:3239} INFO - Sync 1 DAGs
[2026-03-24T06:44:08.055+0000] {logging_mixin.py:190} INFO - [2026-03-24T06:44:08.055+0000] {dag.py:4180} INFO - Setting next_dagrun for example_sensors to None, run_after=None
[2026-03-24T06:44:08.076+0000] {processor.py:208} INFO - Processing /home/ec2-user/environment/lab4_model_training/venv/lib64/python3.12/site-packages/airflow/example_dags/example_sensors.py took 0.075 seconds
[2026-03-24T06:45:17.098+0000] {processor.py:186} INFO - Started process (PID=11336) to work on /home/ec2-user/environment/lab4_model_training/venv/lib64/python3.12/site-packages/airflow/example_dags/example_sensors.py
[2026-03-24T06:45:17.100+0000] {processor.py:914} INFO - Processing file /home/ec2-user/environment/lab4_model_training/venv/lib64/python3.12/site-packages/airflow/example_dags/example_sensors.py for tasks to queue
[2026-03-24T06:45:17.102+0000] {logging_mixin.py:190} INFO - [2026-03-24T06:45:17.101+0000] {dagbag.py:588} INFO - Filling up the DagBag from /home/ec2-user/environment/lab4_model_training/venv/lib64/python3.12/site-packages/airflow/example_dags/example_sensors.py
[2026-03-24T06:45:17.116+0000] {processor.py:925} INFO - DAG(s) 'example_sensors' retrieved from /home/ec2-user/environment/lab4_model_training/venv/lib64/python3.12/site-packages/airflow/example_dags/example_sensors.py
[2026-03-24T06:45:17.137+0000] {logging_mixin.py:190} INFO - [2026-03-24T06:45:17.137+0000] {dag.py:3239} INFO - Sync 1 DAGs
[2026-03-24T06:45:17.152+0000] {logging_mixin.py:190} INFO - [2026-03-24T06:45:17.152+0000] {dag.py:4180} INFO - Setting next_dagrun for example_sensors to None, run_after=None
[2026-03-24T06:45:17.178+0000] {processor.py:208} INFO - Processing /home/ec2-user/environment/lab4_model_training/venv/lib64/python3.12/site-packages/airflow/example_dags/example_sensors.py took 0.085 seconds
[2026-03-24T06:46:22.226+0000] {processor.py:186} INFO - Started process (PID=11643) to work on /home/ec2-user/environment/lab4_model_training/venv/lib64/python3.12/site-packages/airflow/example_dags/example_sensors.py
[2026-03-24T06:46:22.227+0000] {processor.py:914} INFO - Processing file /home/ec2-user/environment/lab4_model_training/venv/lib64/python3.12/site-packages/airflow/example_dags/example_sensors.py for tasks to queue
[2026-03-24T06:46:22.229+0000] {logging_mixin.py:190} INFO - [2026-03-24T06:46:22.228+0000] {dagbag.py:588} INFO - Filling up the DagBag from /home/ec2-user/environment/lab4_model_training/venv/lib64/python3.12/site-packages/airflow/example_dags/example_sensors.py
[2026-03-24T06:46:22.242+0000] {processor.py:925} INFO - DAG(s) 'example_sensors' retrieved from /home/ec2-user/environment/lab4_model_training/venv/lib64/python3.12/site-packages/airflow/example_dags/example_sensors.py
[2026-03-24T06:46:22.262+0000] {logging_mixin.py:190} INFO - [2026-03-24T06:46:22.262+0000] {dag.py:3239} INFO - Sync 1 DAGs
[2026-03-24T06:46:22.275+0000] {logging_mixin.py:190} INFO - [2026-03-24T06:46:22.274+0000] {dag.py:4180} INFO - Setting next_dagrun for example_sensors to None, run_after=None
[2026-03-24T06:46:22.297+0000] {processor.py:208} INFO - Processing /home/ec2-user/environment/lab4_model_training/venv/lib64/python3.12/site-packages/airflow/example_dags/example_sensors.py took 0.076 seconds
[2026-03-24T06:47:47.686+0000] {processor.py:186} INFO - Started process (PID=12008) to work on /home/ec2-user/environment/lab4_model_training/venv/lib64/python3.12/site-packages/airflow/example_dags/example_sensors.py
[2026-03-24T06:47:47.687+0000] {processor.py:914} INFO - Processing file /home/ec2-user/environment/lab4_model_training/venv/lib64/python3.12/site-packages/airflow/example_dags/example_sensors.py for tasks to queue
[2026-03-24T06:47:47.689+0000] {logging_mixin.py:190} INFO - [2026-03-24T06:47:47.688+0000] {dagbag.py:588} INFO - Filling up the DagBag from /home/ec2-user/environment/lab4_model_training/venv/lib64/python3.12/site-packages/airflow/example_dags/example_sensors.py
[2026-03-24T06:47:47.703+0000] {processor.py:925} INFO - DAG(s) 'example_sensors' retrieved from /home/ec2-user/environment/lab4_model_training/venv/lib64/python3.12/site-packages/airflow/example_dags/example_sensors.py
[2026-03-24T06:47:47.724+0000] {logging_mixin.py:190} INFO - [2026-03-24T06:47:47.724+0000] {dag.py:3239} INFO - Sync 1 DAGs
[2026-03-24T06:47:47.736+0000] {logging_mixin.py:190} INFO - [2026-03-24T06:47:47.736+0000] {dag.py:4180} INFO - Setting next_dagrun for example_sensors to None, run_after=None
[2026-03-24T06:47:47.758+0000] {processor.py:208} INFO - Processing /home/ec2-user/environment/lab4_model_training/venv/lib64/python3.12/site-packages/airflow/example_dags/example_sensors.py took 0.077 seconds
[2026-03-24T06:48:55.073+0000] {processor.py:186} INFO - Started process (PID=12307) to work on /home/ec2-user/environment/lab4_model_training/venv/lib64/python3.12/site-packages/airflow/example_dags/example_sensors.py
[2026-03-24T06:48:55.074+0000] {processor.py:914} INFO - Processing file /home/ec2-user/environment/lab4_model_training/venv/lib64/python3.12/site-packages/airflow/example_dags/example_sensors.py for tasks to queue
[2026-03-24T06:48:55.077+0000] {logging_mixin.py:190} INFO - [2026-03-24T06:48:55.076+0000] {dagbag.py:588} INFO - Filling up the DagBag from /home/ec2-user/environment/lab4_model_training/venv/lib64/python3.12/site-packages/airflow/example_dags/example_sensors.py
[2026-03-24T06:48:55.091+0000] {processor.py:925} INFO - DAG(s) 'example_sensors' retrieved from /home/ec2-user/environment/lab4_model_training/venv/lib64/python3.12/site-packages/airflow/example_dags/example_sensors.py
[2026-03-24T06:48:55.112+0000] {logging_mixin.py:190} INFO - [2026-03-24T06:48:55.112+0000] {dag.py:3239} INFO - Sync 1 DAGs
[2026-03-24T06:48:55.126+0000] {logging_mixin.py:190} INFO - [2026-03-24T06:48:55.125+0000] {dag.py:4180} INFO - Setting next_dagrun for example_sensors to None, run_after=None
[2026-03-24T06:48:55.150+0000] {processor.py:208} INFO - Processing /home/ec2-user/environment/lab4_model_training/venv/lib64/python3.12/site-packages/airflow/example_dags/example_sensors.py took 0.082 seconds
[2026-03-24T06:49:59.921+0000] {processor.py:186} INFO - Started process (PID=12515) to work on /home/ec2-user/environment/lab4_model_training/venv/lib64/python3.12/site-packages/airflow/example_dags/example_sensors.py
[2026-03-24T06:49:59.922+0000] {processor.py:914} INFO - Processing file /home/ec2-user/environment/lab4_model_training/venv/lib64/python3.12/site-packages/airflow/example_dags/example_sensors.py for tasks to queue
[2026-03-24T06:49:59.924+0000] {logging_mixin.py:190} INFO - [2026-03-24T06:49:59.924+0000] {dagbag.py:588} INFO - Filling up the DagBag from /home/ec2-user/environment/lab4_model_training/venv/lib64/python3.12/site-packages/airflow/example_dags/example_sensors.py
[2026-03-24T06:49:59.937+0000] {processor.py:925} INFO - DAG(s) 'example_sensors' retrieved from /home/ec2-user/environment/lab4_model_training/venv/lib64/python3.12/site-packages/airflow/example_dags/example_sensors.py
[2026-03-24T06:49:59.958+0000] {logging_mixin.py:190} INFO - [2026-03-24T06:49:59.957+0000] {dag.py:3239} INFO - Sync 1 DAGs
[2026-03-24T06:49:59.970+0000] {logging_mixin.py:190} INFO - [2026-03-24T06:49:59.970+0000] {dag.py:4180} INFO - Setting next_dagrun for example_sensors to None, run_after=None
[2026-03-24T06:49:59.992+0000] {processor.py:208} INFO - Processing /home/ec2-user/environment/lab4_model_training/venv/lib64/python3.12/site-packages/airflow/example_dags/example_sensors.py took 0.076 seconds
[2026-03-24T06:51:09.230+0000] {processor.py:186} INFO - Started process (PID=12824) to work on /home/ec2-user/environment/lab4_model_training/venv/lib64/python3.12/site-packages/airflow/example_dags/example_sensors.py
[2026-03-24T06:51:09.231+0000] {processor.py:914} INFO - Processing file /home/ec2-user/environment/lab4_model_training/venv/lib64/python3.12/site-packages/airflow/example_dags/example_sensors.py for tasks to queue
[2026-03-24T06:51:09.234+0000] {logging_mixin.py:190} INFO - [2026-03-24T06:51:09.233+0000] {dagbag.py:588} INFO - Filling up the DagBag from /home/ec2-user/environment/lab4_model_training/venv/lib64/python3.12/site-packages/airflow/example_dags/example_sensors.py
[2026-03-24T06:51:09.247+0000] {processor.py:925} INFO - DAG(s) 'example_sensors' retrieved from /home/ec2-user/environment/lab4_model_training/venv/lib64/python3.12/site-packages/airflow/example_dags/example_sensors.py
[2026-03-24T06:51:09.275+0000] {logging_mixin.py:190} INFO - [2026-03-24T06:51:09.275+0000] {dag.py:3239} INFO - Sync 1 DAGs
[2026-03-24T06:51:09.287+0000] {logging_mixin.py:190} INFO - [2026-03-24T06:51:09.287+0000] {dag.py:4180} INFO - Setting next_dagrun for example_sensors to None, run_after=None
[2026-03-24T06:51:09.309+0000] {processor.py:208} INFO - Processing /home/ec2-user/environment/lab4_model_training/venv/lib64/python3.12/site-packages/airflow/example_dags/example_sensors.py took 0.084 seconds
[2026-03-24T06:52:18.386+0000] {processor.py:186} INFO - Started process (PID=13133) to work on /home/ec2-user/environment/lab4_model_training/venv/lib64/python3.12/site-packages/airflow/example_dags/example_sensors.py
[2026-03-24T06:52:18.387+0000] {processor.py:914} INFO - Processing file /home/ec2-user/environment/lab4_model_training/venv/lib64/python3.12/site-packages/airflow/example_dags/example_sensors.py for tasks to queue
[2026-03-24T06:52:18.389+0000] {logging_mixin.py:190} INFO - [2026-03-24T06:52:18.389+0000] {dagbag.py:588} INFO - Filling up the DagBag from /home/ec2-user/environment/lab4_model_training/venv/lib64/python3.12/site-packages/airflow/example_dags/example_sensors.py
[2026-03-24T06:52:18.403+0000] {processor.py:925} INFO - DAG(s) 'example_sensors' retrieved from /home/ec2-user/environment/lab4_model_training/venv/lib64/python3.12/site-packages/airflow/example_dags/example_sensors.py
[2026-03-24T06:52:18.424+0000] {logging_mixin.py:190} INFO - [2026-03-24T06:52:18.424+0000] {dag.py:3239} INFO - Sync 1 DAGs
[2026-03-24T06:52:18.436+0000] {logging_mixin.py:190} INFO - [2026-03-24T06:52:18.436+0000] {dag.py:4180} INFO - Setting next_dagrun for example_sensors to None, run_after=None
[2026-03-24T06:52:18.458+0000] {processor.py:208} INFO - Processing /home/ec2-user/environment/lab4_model_training/venv/lib64/python3.12/site-packages/airflow/example_dags/example_sensors.py took 0.077 seconds
[2026-03-24T06:53:29.326+0000] {processor.py:186} INFO - Started process (PID=13493) to work on /home/ec2-user/environment/lab4_model_training/venv/lib64/python3.12/site-packages/airflow/example_dags/example_sensors.py
[2026-03-24T06:53:29.327+0000] {processor.py:914} INFO - Processing file /home/ec2-user/environment/lab4_model_training/venv/lib64/python3.12/site-packages/airflow/example_dags/example_sensors.py for tasks to queue
[2026-03-24T06:53:29.329+0000] {logging_mixin.py:190} INFO - [2026-03-24T06:53:29.329+0000] {dagbag.py:588} INFO - Filling up the DagBag from /home/ec2-user/environment/lab4_model_training/venv/lib64/python3.12/site-packages/airflow/example_dags/example_sensors.py
[2026-03-24T06:53:29.344+0000] {processor.py:925} INFO - DAG(s) 'example_sensors' retrieved from /home/ec2-user/environment/lab4_model_training/venv/lib64/python3.12/site-packages/airflow/example_dags/example_sensors.py
[2026-03-24T06:53:29.365+0000] {logging_mixin.py:190} INFO - [2026-03-24T06:53:29.365+0000] {dag.py:3239} INFO - Sync 1 DAGs
[2026-03-24T06:53:29.377+0000] {logging_mixin.py:190} INFO - [2026-03-24T06:53:29.377+0000] {dag.py:4180} INFO - Setting next_dagrun for example_sensors to None, run_after=None
[2026-03-24T06:53:29.400+0000] {processor.py:208} INFO - Processing /home/ec2-user/environment/lab4_model_training/venv/lib64/python3.12/site-packages/airflow/example_dags/example_sensors.py took 0.078 seconds
[2026-03-24T06:54:45.173+0000] {processor.py:186} INFO - Started process (PID=13835) to work on /home/ec2-user/environment/lab4_model_training/venv/lib64/python3.12/site-packages/airflow/example_dags/example_sensors.py
[2026-03-24T06:54:45.174+0000] {processor.py:914} INFO - Processing file /home/ec2-user/environment/lab4_model_training/venv/lib64/python3.12/site-packages/airflow/example_dags/example_sensors.py for tasks to queue
[2026-03-24T06:54:45.176+0000] {logging_mixin.py:190} INFO - [2026-03-24T06:54:45.175+0000] {dagbag.py:588} INFO - Filling up the DagBag from /home/ec2-user/environment/lab4_model_training/venv/lib64/python3.12/site-packages/airflow/example_dags/example_sensors.py
[2026-03-24T06:54:45.190+0000] {processor.py:925} INFO - DAG(s) 'example_sensors' retrieved from /home/ec2-user/environment/lab4_model_training/venv/lib64/python3.12/site-packages/airflow/example_dags/example_sensors.py
[2026-03-24T06:54:45.218+0000] {logging_mixin.py:190} INFO - [2026-03-24T06:54:45.218+0000] {dag.py:3239} INFO - Sync 1 DAGs
[2026-03-24T06:54:45.234+0000] {logging_mixin.py:190} INFO - [2026-03-24T06:54:45.234+0000] {dag.py:4180} INFO - Setting next_dagrun for example_sensors to None, run_after=None
[2026-03-24T06:54:45.267+0000] {processor.py:208} INFO - Processing /home/ec2-user/environment/lab4_model_training/venv/lib64/python3.12/site-packages/airflow/example_dags/example_sensors.py took 0.101 seconds
[2026-03-24T06:55:54.252+0000] {processor.py:186} INFO - Started process (PID=14146) to work on /home/ec2-user/environment/lab4_model_training/venv/lib64/python3.12/site-packages/airflow/example_dags/example_sensors.py
[2026-03-24T06:55:54.253+0000] {processor.py:914} INFO - Processing file /home/ec2-user/environment/lab4_model_training/venv/lib64/python3.12/site-packages/airflow/example_dags/example_sensors.py for tasks to queue
[2026-03-24T06:55:54.255+0000] {logging_mixin.py:190} INFO - [2026-03-24T06:55:54.254+0000] {dagbag.py:588} INFO - Filling up the DagBag from /home/ec2-user/environment/lab4_model_training/venv/lib64/python3.12/site-packages/airflow/example_dags/example_sensors.py
[2026-03-24T06:55:54.270+0000] {processor.py:925} INFO - DAG(s) 'example_sensors' retrieved from /home/ec2-user/environment/lab4_model_training/venv/lib64/python3.12/site-packages/airflow/example_dags/example_sensors.py
[2026-03-24T06:55:54.292+0000] {logging_mixin.py:190} INFO - [2026-03-24T06:55:54.292+0000] {dag.py:3239} INFO - Sync 1 DAGs
[2026-03-24T06:55:54.304+0000] {logging_mixin.py:190} INFO - [2026-03-24T06:55:54.304+0000] {dag.py:4180} INFO - Setting next_dagrun for example_sensors to None, run_after=None
[2026-03-24T06:55:54.326+0000] {processor.py:208} INFO - Processing /home/ec2-user/environment/lab4_model_training/venv/lib64/python3.12/site-packages/airflow/example_dags/example_sensors.py took 0.079 seconds
[2026-03-24T06:57:26.306+0000] {processor.py:186} INFO - Started process (PID=14524) to work on /home/ec2-user/environment/lab4_model_training/venv/lib64/python3.12/site-packages/airflow/example_dags/example_sensors.py
[2026-03-24T06:57:26.307+0000] {processor.py:914} INFO - Processing file /home/ec2-user/environment/lab4_model_training/venv/lib64/python3.12/site-packages/airflow/example_dags/example_sensors.py for tasks to queue
[2026-03-24T06:57:26.309+0000] {logging_mixin.py:190} INFO - [2026-03-24T06:57:26.308+0000] {dagbag.py:588} INFO - Filling up the DagBag from /home/ec2-user/environment/lab4_model_training/venv/lib64/python3.12/site-packages/airflow/example_dags/example_sensors.py
[2026-03-24T06:57:26.324+0000] {processor.py:925} INFO - DAG(s) 'example_sensors' retrieved from /home/ec2-user/environment/lab4_model_training/venv/lib64/python3.12/site-packages/airflow/example_dags/example_sensors.py
[2026-03-24T06:57:26.345+0000] {logging_mixin.py:190} INFO - [2026-03-24T06:57:26.345+0000] {dag.py:3239} INFO - Sync 1 DAGs
[2026-03-24T06:57:26.358+0000] {logging_mixin.py:190} INFO - [2026-03-24T06:57:26.357+0000] {dag.py:4180} INFO - Setting next_dagrun for example_sensors to None, run_after=None
[2026-03-24T06:57:26.380+0000] {processor.py:208} INFO - Processing /home/ec2-user/environment/lab4_model_training/venv/lib64/python3.12/site-packages/airflow/example_dags/example_sensors.py took 0.079 seconds
[2026-03-24T06:58:29.271+0000] {processor.py:186} INFO - Started process (PID=14830) to work on /home/ec2-user/environment/lab4_model_training/venv/lib64/python3.12/site-packages/airflow/example_dags/example_sensors.py
[2026-03-24T06:58:29.272+0000] {processor.py:914} INFO - Processing file /home/ec2-user/environment/lab4_model_training/venv/lib64/python3.12/site-packages/airflow/example_dags/example_sensors.py for tasks to queue
[2026-03-24T06:58:29.274+0000] {logging_mixin.py:190} INFO - [2026-03-24T06:58:29.273+0000] {dagbag.py:588} INFO - Filling up the DagBag from /home/ec2-user/environment/lab4_model_training/venv/lib64/python3.12/site-packages/airflow/example_dags/example_sensors.py
[2026-03-24T06:58:29.286+0000] {processor.py:925} INFO - DAG(s) 'example_sensors' retrieved from /home/ec2-user/environment/lab4_model_training/venv/lib64/python3.12/site-packages/airflow/example_dags/example_sensors.py
[2026-03-24T06:58:29.306+0000] {logging_mixin.py:190} INFO - [2026-03-24T06:58:29.306+0000] {dag.py:3239} INFO - Sync 1 DAGs
[2026-03-24T06:58:29.318+0000] {logging_mixin.py:190} INFO - [2026-03-24T06:58:29.318+0000] {dag.py:4180} INFO - Setting next_dagrun for example_sensors to None, run_after=None
[2026-03-24T06:58:29.339+0000] {processor.py:208} INFO - Processing /home/ec2-user/environment/lab4_model_training/venv/lib64/python3.12/site-packages/airflow/example_dags/example_sensors.py took 0.073 seconds
[2026-03-24T06:59:35.034+0000] {processor.py:186} INFO - Started process (PID=15157) to work on /home/ec2-user/environment/lab4_model_training/venv/lib64/python3.12/site-packages/airflow/example_dags/example_sensors.py
[2026-03-24T06:59:35.035+0000] {processor.py:914} INFO - Processing file /home/ec2-user/environment/lab4_model_training/venv/lib64/python3.12/site-packages/airflow/example_dags/example_sensors.py for tasks to queue
[2026-03-24T06:59:35.036+0000] {logging_mixin.py:190} INFO - [2026-03-24T06:59:35.036+0000] {dagbag.py:588} INFO - Filling up the DagBag from /home/ec2-user/environment/lab4_model_training/venv/lib64/python3.12/site-packages/airflow/example_dags/example_sensors.py
[2026-03-24T06:59:35.049+0000] {processor.py:925} INFO - DAG(s) 'example_sensors' retrieved from /home/ec2-user/environment/lab4_model_training/venv/lib64/python3.12/site-packages/airflow/example_dags/example_sensors.py
[2026-03-24T06:59:35.069+0000] {logging_mixin.py:190} INFO - [2026-03-24T06:59:35.069+0000] {dag.py:3239} INFO - Sync 1 DAGs
[2026-03-24T06:59:35.083+0000] {logging_mixin.py:190} INFO - [2026-03-24T06:59:35.082+0000] {dag.py:4180} INFO - Setting next_dagrun for example_sensors to None, run_after=None
[2026-03-24T06:59:35.236+0000] {processor.py:208} INFO - Processing /home/ec2-user/environment/lab4_model_training/venv/lib64/python3.12/site-packages/airflow/example_dags/example_sensors.py took 0.206 seconds
