[2026-03-24T06:16:31.851+0000] {processor.py:186} INFO - Started process (PID=2886) to work on /home/ec2-user/environment/lab4_model_training/venv/lib64/python3.12/site-packages/airflow/example_dags/example_python_operator.py
[2026-03-24T06:16:31.852+0000] {processor.py:914} INFO - Processing file /home/ec2-user/environment/lab4_model_training/venv/lib64/python3.12/site-packages/airflow/example_dags/example_python_operator.py for tasks to queue
[2026-03-24T06:16:31.854+0000] {logging_mixin.py:190} INFO - [2026-03-24T06:16:31.854+0000] {dagbag.py:588} INFO - Filling up the DagBag from /home/ec2-user/environment/lab4_model_training/venv/lib64/python3.12/site-packages/airflow/example_dags/example_python_operator.py
[2026-03-24T06:16:31.862+0000] {logging_mixin.py:190} INFO - [2026-03-24T06:16:31.862+0000] {example_python_operator.py:93} WARNING - The virtalenv_python example task requires virtualenv, please install it.
[2026-03-24T06:16:31.865+0000] {processor.py:925} INFO - DAG(s) 'example_python_operator' retrieved from /home/ec2-user/environment/lab4_model_training/venv/lib64/python3.12/site-packages/airflow/example_dags/example_python_operator.py
[2026-03-24T06:16:31.882+0000] {logging_mixin.py:190} INFO - [2026-03-24T06:16:31.882+0000] {dag.py:3239} INFO - Sync 1 DAGs
[2026-03-24T06:16:31.895+0000] {logging_mixin.py:190} INFO - [2026-03-24T06:16:31.895+0000] {dag.py:4180} INFO - Setting next_dagrun for example_python_operator to None, run_after=None
[2026-03-24T06:16:31.917+0000] {processor.py:208} INFO - Processing /home/ec2-user/environment/lab4_model_training/venv/lib64/python3.12/site-packages/airflow/example_dags/example_python_operator.py took 0.071 seconds
[2026-03-24T06:17:37.707+0000] {processor.py:186} INFO - Started process (PID=3178) to work on /home/ec2-user/environment/lab4_model_training/venv/lib64/python3.12/site-packages/airflow/example_dags/example_python_operator.py
[2026-03-24T06:17:37.708+0000] {processor.py:914} INFO - Processing file /home/ec2-user/environment/lab4_model_training/venv/lib64/python3.12/site-packages/airflow/example_dags/example_python_operator.py for tasks to queue
[2026-03-24T06:17:37.710+0000] {logging_mixin.py:190} INFO - [2026-03-24T06:17:37.710+0000] {dagbag.py:588} INFO - Filling up the DagBag from /home/ec2-user/environment/lab4_model_training/venv/lib64/python3.12/site-packages/airflow/example_dags/example_python_operator.py
[2026-03-24T06:17:37.718+0000] {logging_mixin.py:190} INFO - [2026-03-24T06:17:37.718+0000] {example_python_operator.py:93} WARNING - The virtalenv_python example task requires virtualenv, please install it.
[2026-03-24T06:17:37.721+0000] {processor.py:925} INFO - DAG(s) 'example_python_operator' retrieved from /home/ec2-user/environment/lab4_model_training/venv/lib64/python3.12/site-packages/airflow/example_dags/example_python_operator.py
[2026-03-24T06:17:37.739+0000] {logging_mixin.py:190} INFO - [2026-03-24T06:17:37.739+0000] {dag.py:3239} INFO - Sync 1 DAGs
[2026-03-24T06:17:37.752+0000] {logging_mixin.py:190} INFO - [2026-03-24T06:17:37.752+0000] {dag.py:4180} INFO - Setting next_dagrun for example_python_operator to None, run_after=None
[2026-03-24T06:17:37.774+0000] {processor.py:208} INFO - Processing /home/ec2-user/environment/lab4_model_training/venv/lib64/python3.12/site-packages/airflow/example_dags/example_python_operator.py took 0.071 seconds
[2026-03-24T06:18:41.064+0000] {processor.py:186} INFO - Started process (PID=3459) to work on /home/ec2-user/environment/lab4_model_training/venv/lib64/python3.12/site-packages/airflow/example_dags/example_python_operator.py
[2026-03-24T06:18:41.065+0000] {processor.py:914} INFO - Processing file /home/ec2-user/environment/lab4_model_training/venv/lib64/python3.12/site-packages/airflow/example_dags/example_python_operator.py for tasks to queue
[2026-03-24T06:18:41.067+0000] {logging_mixin.py:190} INFO - [2026-03-24T06:18:41.067+0000] {dagbag.py:588} INFO - Filling up the DagBag from /home/ec2-user/environment/lab4_model_training/venv/lib64/python3.12/site-packages/airflow/example_dags/example_python_operator.py
[2026-03-24T06:18:41.075+0000] {logging_mixin.py:190} INFO - [2026-03-24T06:18:41.075+0000] {example_python_operator.py:93} WARNING - The virtalenv_python example task requires virtualenv, please install it.
[2026-03-24T06:18:41.078+0000] {processor.py:925} INFO - DAG(s) 'example_python_operator' retrieved from /home/ec2-user/environment/lab4_model_training/venv/lib64/python3.12/site-packages/airflow/example_dags/example_python_operator.py
[2026-03-24T06:18:41.097+0000] {logging_mixin.py:190} INFO - [2026-03-24T06:18:41.097+0000] {dag.py:3239} INFO - Sync 1 DAGs
[2026-03-24T06:18:41.111+0000] {logging_mixin.py:190} INFO - [2026-03-24T06:18:41.111+0000] {dag.py:4180} INFO - Setting next_dagrun for example_python_operator to None, run_after=None
[2026-03-24T06:18:41.148+0000] {processor.py:208} INFO - Processing /home/ec2-user/environment/lab4_model_training/venv/lib64/python3.12/site-packages/airflow/example_dags/example_python_operator.py took 0.088 seconds
[2026-03-24T06:19:49.681+0000] {processor.py:186} INFO - Started process (PID=3826) to work on /home/ec2-user/environment/lab4_model_training/venv/lib64/python3.12/site-packages/airflow/example_dags/example_python_operator.py
[2026-03-24T06:19:49.683+0000] {processor.py:914} INFO - Processing file /home/ec2-user/environment/lab4_model_training/venv/lib64/python3.12/site-packages/airflow/example_dags/example_python_operator.py for tasks to queue
[2026-03-24T06:19:49.686+0000] {logging_mixin.py:190} INFO - [2026-03-24T06:19:49.685+0000] {dagbag.py:588} INFO - Filling up the DagBag from /home/ec2-user/environment/lab4_model_training/venv/lib64/python3.12/site-packages/airflow/example_dags/example_python_operator.py
[2026-03-24T06:19:49.694+0000] {logging_mixin.py:190} INFO - [2026-03-24T06:19:49.694+0000] {example_python_operator.py:93} WARNING - The virtalenv_python example task requires virtualenv, please install it.
[2026-03-24T06:19:49.697+0000] {processor.py:925} INFO - DAG(s) 'example_python_operator' retrieved from /home/ec2-user/environment/lab4_model_training/venv/lib64/python3.12/site-packages/airflow/example_dags/example_python_operator.py
[2026-03-24T06:19:49.720+0000] {logging_mixin.py:190} INFO - [2026-03-24T06:19:49.720+0000] {dag.py:3239} INFO - Sync 1 DAGs
[2026-03-24T06:19:49.737+0000] {logging_mixin.py:190} INFO - [2026-03-24T06:19:49.737+0000] {dag.py:4180} INFO - Setting next_dagrun for example_python_operator to None, run_after=None
[2026-03-24T06:19:49.764+0000] {processor.py:208} INFO - Processing /home/ec2-user/environment/lab4_model_training/venv/lib64/python3.12/site-packages/airflow/example_dags/example_python_operator.py took 0.089 seconds
[2026-03-24T06:20:58.543+0000] {processor.py:186} INFO - Started process (PID=4188) to work on /home/ec2-user/environment/lab4_model_training/venv/lib64/python3.12/site-packages/airflow/example_dags/example_python_operator.py
[2026-03-24T06:20:58.545+0000] {processor.py:914} INFO - Processing file /home/ec2-user/environment/lab4_model_training/venv/lib64/python3.12/site-packages/airflow/example_dags/example_python_operator.py for tasks to queue
[2026-03-24T06:20:58.547+0000] {logging_mixin.py:190} INFO - [2026-03-24T06:20:58.546+0000] {dagbag.py:588} INFO - Filling up the DagBag from /home/ec2-user/environment/lab4_model_training/venv/lib64/python3.12/site-packages/airflow/example_dags/example_python_operator.py
[2026-03-24T06:20:58.555+0000] {logging_mixin.py:190} INFO - [2026-03-24T06:20:58.555+0000] {example_python_operator.py:93} WARNING - The virtalenv_python example task requires virtualenv, please install it.
[2026-03-24T06:20:58.565+0000] {processor.py:925} INFO - DAG(s) 'example_python_operator' retrieved from /home/ec2-user/environment/lab4_model_training/venv/lib64/python3.12/site-packages/airflow/example_dags/example_python_operator.py
[2026-03-24T06:20:58.582+0000] {logging_mixin.py:190} INFO - [2026-03-24T06:20:58.582+0000] {dag.py:3239} INFO - Sync 1 DAGs
[2026-03-24T06:20:58.594+0000] {logging_mixin.py:190} INFO - [2026-03-24T06:20:58.594+0000] {dag.py:4180} INFO - Setting next_dagrun for example_python_operator to None, run_after=None
[2026-03-24T06:20:58.616+0000] {processor.py:208} INFO - Processing /home/ec2-user/environment/lab4_model_training/venv/lib64/python3.12/site-packages/airflow/example_dags/example_python_operator.py took 0.077 seconds
[2026-03-24T06:22:04.286+0000] {processor.py:186} INFO - Started process (PID=4611) to work on /home/ec2-user/environment/lab4_model_training/venv/lib64/python3.12/site-packages/airflow/example_dags/example_python_operator.py
[2026-03-24T06:22:04.287+0000] {processor.py:914} INFO - Processing file /home/ec2-user/environment/lab4_model_training/venv/lib64/python3.12/site-packages/airflow/example_dags/example_python_operator.py for tasks to queue
[2026-03-24T06:22:04.290+0000] {logging_mixin.py:190} INFO - [2026-03-24T06:22:04.290+0000] {dagbag.py:588} INFO - Filling up the DagBag from /home/ec2-user/environment/lab4_model_training/venv/lib64/python3.12/site-packages/airflow/example_dags/example_python_operator.py
[2026-03-24T06:22:04.298+0000] {logging_mixin.py:190} INFO - [2026-03-24T06:22:04.298+0000] {example_python_operator.py:93} WARNING - The virtalenv_python example task requires virtualenv, please install it.
[2026-03-24T06:22:04.301+0000] {processor.py:925} INFO - DAG(s) 'example_python_operator' retrieved from /home/ec2-user/environment/lab4_model_training/venv/lib64/python3.12/site-packages/airflow/example_dags/example_python_operator.py
[2026-03-24T06:22:04.319+0000] {logging_mixin.py:190} INFO - [2026-03-24T06:22:04.319+0000] {dag.py:3239} INFO - Sync 1 DAGs
[2026-03-24T06:22:04.332+0000] {logging_mixin.py:190} INFO - [2026-03-24T06:22:04.332+0000] {dag.py:4180} INFO - Setting next_dagrun for example_python_operator to None, run_after=None
[2026-03-24T06:22:04.354+0000] {processor.py:208} INFO - Processing /home/ec2-user/environment/lab4_model_training/venv/lib64/python3.12/site-packages/airflow/example_dags/example_python_operator.py took 0.072 seconds
[2026-03-24T06:23:11.656+0000] {processor.py:186} INFO - Started process (PID=4983) to work on /home/ec2-user/environment/lab4_model_training/venv/lib64/python3.12/site-packages/airflow/example_dags/example_python_operator.py
[2026-03-24T06:23:11.657+0000] {processor.py:914} INFO - Processing file /home/ec2-user/environment/lab4_model_training/venv/lib64/python3.12/site-packages/airflow/example_dags/example_python_operator.py for tasks to queue
[2026-03-24T06:23:11.660+0000] {logging_mixin.py:190} INFO - [2026-03-24T06:23:11.660+0000] {dagbag.py:588} INFO - Filling up the DagBag from /home/ec2-user/environment/lab4_model_training/venv/lib64/python3.12/site-packages/airflow/example_dags/example_python_operator.py
[2026-03-24T06:23:11.668+0000] {logging_mixin.py:190} INFO - [2026-03-24T06:23:11.668+0000] {example_python_operator.py:93} WARNING - The virtalenv_python example task requires virtualenv, please install it.
[2026-03-24T06:23:11.671+0000] {processor.py:925} INFO - DAG(s) 'example_python_operator' retrieved from /home/ec2-user/environment/lab4_model_training/venv/lib64/python3.12/site-packages/airflow/example_dags/example_python_operator.py
[2026-03-24T06:23:11.689+0000] {logging_mixin.py:190} INFO - [2026-03-24T06:23:11.689+0000] {dag.py:3239} INFO - Sync 1 DAGs
[2026-03-24T06:23:11.702+0000] {logging_mixin.py:190} INFO - [2026-03-24T06:23:11.701+0000] {dag.py:4180} INFO - Setting next_dagrun for example_python_operator to None, run_after=None
[2026-03-24T06:23:11.723+0000] {processor.py:208} INFO - Processing /home/ec2-user/environment/lab4_model_training/venv/lib64/python3.12/site-packages/airflow/example_dags/example_python_operator.py took 0.072 seconds
[2026-03-24T06:24:22.363+0000] {processor.py:186} INFO - Started process (PID=5350) to work on /home/ec2-user/environment/lab4_model_training/venv/lib64/python3.12/site-packages/airflow/example_dags/example_python_operator.py
[2026-03-24T06:24:22.364+0000] {processor.py:914} INFO - Processing file /home/ec2-user/environment/lab4_model_training/venv/lib64/python3.12/site-packages/airflow/example_dags/example_python_operator.py for tasks to queue
[2026-03-24T06:24:22.367+0000] {logging_mixin.py:190} INFO - [2026-03-24T06:24:22.366+0000] {dagbag.py:588} INFO - Filling up the DagBag from /home/ec2-user/environment/lab4_model_training/venv/lib64/python3.12/site-packages/airflow/example_dags/example_python_operator.py
[2026-03-24T06:24:22.375+0000] {logging_mixin.py:190} INFO - [2026-03-24T06:24:22.375+0000] {example_python_operator.py:93} WARNING - The virtalenv_python example task requires virtualenv, please install it.
[2026-03-24T06:24:22.378+0000] {processor.py:925} INFO - DAG(s) 'example_python_operator' retrieved from /home/ec2-user/environment/lab4_model_training/venv/lib64/python3.12/site-packages/airflow/example_dags/example_python_operator.py
[2026-03-24T06:24:22.396+0000] {logging_mixin.py:190} INFO - [2026-03-24T06:24:22.396+0000] {dag.py:3239} INFO - Sync 1 DAGs
[2026-03-24T06:24:22.409+0000] {logging_mixin.py:190} INFO - [2026-03-24T06:24:22.409+0000] {dag.py:4180} INFO - Setting next_dagrun for example_python_operator to None, run_after=None
[2026-03-24T06:24:22.431+0000] {processor.py:208} INFO - Processing /home/ec2-user/environment/lab4_model_training/venv/lib64/python3.12/site-packages/airflow/example_dags/example_python_operator.py took 0.073 seconds
[2026-03-24T06:25:27.064+0000] {processor.py:186} INFO - Started process (PID=5572) to work on /home/ec2-user/environment/lab4_model_training/venv/lib64/python3.12/site-packages/airflow/example_dags/example_python_operator.py
[2026-03-24T06:25:27.065+0000] {processor.py:914} INFO - Processing file /home/ec2-user/environment/lab4_model_training/venv/lib64/python3.12/site-packages/airflow/example_dags/example_python_operator.py for tasks to queue
[2026-03-24T06:25:27.067+0000] {logging_mixin.py:190} INFO - [2026-03-24T06:25:27.067+0000] {dagbag.py:588} INFO - Filling up the DagBag from /home/ec2-user/environment/lab4_model_training/venv/lib64/python3.12/site-packages/airflow/example_dags/example_python_operator.py
[2026-03-24T06:25:27.075+0000] {logging_mixin.py:190} INFO - [2026-03-24T06:25:27.075+0000] {example_python_operator.py:93} WARNING - The virtalenv_python example task requires virtualenv, please install it.
[2026-03-24T06:25:27.078+0000] {processor.py:925} INFO - DAG(s) 'example_python_operator' retrieved from /home/ec2-user/environment/lab4_model_training/venv/lib64/python3.12/site-packages/airflow/example_dags/example_python_operator.py
[2026-03-24T06:25:27.094+0000] {logging_mixin.py:190} INFO - [2026-03-24T06:25:27.094+0000] {dag.py:3239} INFO - Sync 1 DAGs
[2026-03-24T06:25:27.107+0000] {logging_mixin.py:190} INFO - [2026-03-24T06:25:27.107+0000] {dag.py:4180} INFO - Setting next_dagrun for example_python_operator to None, run_after=None
[2026-03-24T06:25:27.129+0000] {processor.py:208} INFO - Processing /home/ec2-user/environment/lab4_model_training/venv/lib64/python3.12/site-packages/airflow/example_dags/example_python_operator.py took 0.069 seconds
[2026-03-24T06:26:31.150+0000] {processor.py:186} INFO - Started process (PID=5856) to work on /home/ec2-user/environment/lab4_model_training/venv/lib64/python3.12/site-packages/airflow/example_dags/example_python_operator.py
[2026-03-24T06:26:31.151+0000] {processor.py:914} INFO - Processing file /home/ec2-user/environment/lab4_model_training/venv/lib64/python3.12/site-packages/airflow/example_dags/example_python_operator.py for tasks to queue
[2026-03-24T06:26:31.154+0000] {logging_mixin.py:190} INFO - [2026-03-24T06:26:31.154+0000] {dagbag.py:588} INFO - Filling up the DagBag from /home/ec2-user/environment/lab4_model_training/venv/lib64/python3.12/site-packages/airflow/example_dags/example_python_operator.py
[2026-03-24T06:26:31.162+0000] {logging_mixin.py:190} INFO - [2026-03-24T06:26:31.162+0000] {example_python_operator.py:93} WARNING - The virtalenv_python example task requires virtualenv, please install it.
[2026-03-24T06:26:31.165+0000] {processor.py:925} INFO - DAG(s) 'example_python_operator' retrieved from /home/ec2-user/environment/lab4_model_training/venv/lib64/python3.12/site-packages/airflow/example_dags/example_python_operator.py
[2026-03-24T06:26:31.183+0000] {logging_mixin.py:190} INFO - [2026-03-24T06:26:31.183+0000] {dag.py:3239} INFO - Sync 1 DAGs
[2026-03-24T06:26:31.196+0000] {logging_mixin.py:190} INFO - [2026-03-24T06:26:31.196+0000] {dag.py:4180} INFO - Setting next_dagrun for example_python_operator to None, run_after=None
[2026-03-24T06:26:31.221+0000] {processor.py:208} INFO - Processing /home/ec2-user/environment/lab4_model_training/venv/lib64/python3.12/site-packages/airflow/example_dags/example_python_operator.py took 0.076 seconds
[2026-03-24T06:27:39.188+0000] {processor.py:186} INFO - Started process (PID=6098) to work on /home/ec2-user/environment/lab4_model_training/venv/lib64/python3.12/site-packages/airflow/example_dags/example_python_operator.py
[2026-03-24T06:27:39.190+0000] {processor.py:914} INFO - Processing file /home/ec2-user/environment/lab4_model_training/venv/lib64/python3.12/site-packages/airflow/example_dags/example_python_operator.py for tasks to queue
[2026-03-24T06:27:39.192+0000] {logging_mixin.py:190} INFO - [2026-03-24T06:27:39.191+0000] {dagbag.py:588} INFO - Filling up the DagBag from /home/ec2-user/environment/lab4_model_training/venv/lib64/python3.12/site-packages/airflow/example_dags/example_python_operator.py
[2026-03-24T06:27:39.200+0000] {logging_mixin.py:190} INFO - [2026-03-24T06:27:39.200+0000] {example_python_operator.py:93} WARNING - The virtalenv_python example task requires virtualenv, please install it.
[2026-03-24T06:27:39.204+0000] {processor.py:925} INFO - DAG(s) 'example_python_operator' retrieved from /home/ec2-user/environment/lab4_model_training/venv/lib64/python3.12/site-packages/airflow/example_dags/example_python_operator.py
[2026-03-24T06:27:39.223+0000] {logging_mixin.py:190} INFO - [2026-03-24T06:27:39.223+0000] {dag.py:3239} INFO - Sync 1 DAGs
[2026-03-24T06:27:39.236+0000] {logging_mixin.py:190} INFO - [2026-03-24T06:27:39.236+0000] {dag.py:4180} INFO - Setting next_dagrun for example_python_operator to None, run_after=None
[2026-03-24T06:27:39.258+0000] {processor.py:208} INFO - Processing /home/ec2-user/environment/lab4_model_training/venv/lib64/python3.12/site-packages/airflow/example_dags/example_python_operator.py took 0.074 seconds
[2026-03-24T06:28:47.672+0000] {processor.py:186} INFO - Started process (PID=6438) to work on /home/ec2-user/environment/lab4_model_training/venv/lib64/python3.12/site-packages/airflow/example_dags/example_python_operator.py
[2026-03-24T06:28:47.674+0000] {processor.py:914} INFO - Processing file /home/ec2-user/environment/lab4_model_training/venv/lib64/python3.12/site-packages/airflow/example_dags/example_python_operator.py for tasks to queue
[2026-03-24T06:28:47.677+0000] {logging_mixin.py:190} INFO - [2026-03-24T06:28:47.676+0000] {dagbag.py:588} INFO - Filling up the DagBag from /home/ec2-user/environment/lab4_model_training/venv/lib64/python3.12/site-packages/airflow/example_dags/example_python_operator.py
[2026-03-24T06:28:47.685+0000] {logging_mixin.py:190} INFO - [2026-03-24T06:28:47.684+0000] {example_python_operator.py:93} WARNING - The virtalenv_python example task requires virtualenv, please install it.
[2026-03-24T06:28:47.688+0000] {processor.py:925} INFO - DAG(s) 'example_python_operator' retrieved from /home/ec2-user/environment/lab4_model_training/venv/lib64/python3.12/site-packages/airflow/example_dags/example_python_operator.py
[2026-03-24T06:28:47.706+0000] {logging_mixin.py:190} INFO - [2026-03-24T06:28:47.705+0000] {dag.py:3239} INFO - Sync 1 DAGs
[2026-03-24T06:28:47.718+0000] {logging_mixin.py:190} INFO - [2026-03-24T06:28:47.718+0000] {dag.py:4180} INFO - Setting next_dagrun for example_python_operator to None, run_after=None
[2026-03-24T06:28:47.740+0000] {processor.py:208} INFO - Processing /home/ec2-user/environment/lab4_model_training/venv/lib64/python3.12/site-packages/airflow/example_dags/example_python_operator.py took 0.072 seconds
[2026-03-24T06:29:50.904+0000] {processor.py:186} INFO - Started process (PID=6840) to work on /home/ec2-user/environment/lab4_model_training/venv/lib64/python3.12/site-packages/airflow/example_dags/example_python_operator.py
[2026-03-24T06:29:50.905+0000] {processor.py:914} INFO - Processing file /home/ec2-user/environment/lab4_model_training/venv/lib64/python3.12/site-packages/airflow/example_dags/example_python_operator.py for tasks to queue
[2026-03-24T06:29:50.915+0000] {logging_mixin.py:190} INFO - [2026-03-24T06:29:50.914+0000] {dagbag.py:588} INFO - Filling up the DagBag from /home/ec2-user/environment/lab4_model_training/venv/lib64/python3.12/site-packages/airflow/example_dags/example_python_operator.py
[2026-03-24T06:29:50.923+0000] {logging_mixin.py:190} INFO - [2026-03-24T06:29:50.922+0000] {example_python_operator.py:93} WARNING - The virtalenv_python example task requires virtualenv, please install it.
[2026-03-24T06:29:50.934+0000] {processor.py:925} INFO - DAG(s) 'example_python_operator' retrieved from /home/ec2-user/environment/lab4_model_training/venv/lib64/python3.12/site-packages/airflow/example_dags/example_python_operator.py
[2026-03-24T06:29:50.958+0000] {logging_mixin.py:190} INFO - [2026-03-24T06:29:50.958+0000] {dag.py:3239} INFO - Sync 1 DAGs
[2026-03-24T06:29:50.977+0000] {logging_mixin.py:190} INFO - [2026-03-24T06:29:50.977+0000] {dag.py:4180} INFO - Setting next_dagrun for example_python_operator to None, run_after=None
[2026-03-24T06:29:51.000+0000] {processor.py:208} INFO - Processing /home/ec2-user/environment/lab4_model_training/venv/lib64/python3.12/site-packages/airflow/example_dags/example_python_operator.py took 0.101 seconds
[2026-03-24T06:30:51.828+0000] {processor.py:186} INFO - Started process (PID=7116) to work on /home/ec2-user/environment/lab4_model_training/venv/lib64/python3.12/site-packages/airflow/example_dags/example_python_operator.py
[2026-03-24T06:30:51.829+0000] {processor.py:914} INFO - Processing file /home/ec2-user/environment/lab4_model_training/venv/lib64/python3.12/site-packages/airflow/example_dags/example_python_operator.py for tasks to queue
[2026-03-24T06:30:51.831+0000] {logging_mixin.py:190} INFO - [2026-03-24T06:30:51.831+0000] {dagbag.py:588} INFO - Filling up the DagBag from /home/ec2-user/environment/lab4_model_training/venv/lib64/python3.12/site-packages/airflow/example_dags/example_python_operator.py
[2026-03-24T06:30:51.839+0000] {logging_mixin.py:190} INFO - [2026-03-24T06:30:51.839+0000] {example_python_operator.py:93} WARNING - The virtalenv_python example task requires virtualenv, please install it.
[2026-03-24T06:30:51.841+0000] {processor.py:925} INFO - DAG(s) 'example_python_operator' retrieved from /home/ec2-user/environment/lab4_model_training/venv/lib64/python3.12/site-packages/airflow/example_dags/example_python_operator.py
[2026-03-24T06:30:51.858+0000] {logging_mixin.py:190} INFO - [2026-03-24T06:30:51.858+0000] {dag.py:3239} INFO - Sync 1 DAGs
[2026-03-24T06:30:51.871+0000] {logging_mixin.py:190} INFO - [2026-03-24T06:30:51.871+0000] {dag.py:4180} INFO - Setting next_dagrun for example_python_operator to None, run_after=None
[2026-03-24T06:30:51.893+0000] {processor.py:208} INFO - Processing /home/ec2-user/environment/lab4_model_training/venv/lib64/python3.12/site-packages/airflow/example_dags/example_python_operator.py took 0.070 seconds
[2026-03-24T06:31:52.670+0000] {processor.py:186} INFO - Started process (PID=7369) to work on /home/ec2-user/environment/lab4_model_training/venv/lib64/python3.12/site-packages/airflow/example_dags/example_python_operator.py
[2026-03-24T06:31:52.671+0000] {processor.py:914} INFO - Processing file /home/ec2-user/environment/lab4_model_training/venv/lib64/python3.12/site-packages/airflow/example_dags/example_python_operator.py for tasks to queue
[2026-03-24T06:31:52.673+0000] {logging_mixin.py:190} INFO - [2026-03-24T06:31:52.672+0000] {dagbag.py:588} INFO - Filling up the DagBag from /home/ec2-user/environment/lab4_model_training/venv/lib64/python3.12/site-packages/airflow/example_dags/example_python_operator.py
[2026-03-24T06:31:52.681+0000] {logging_mixin.py:190} INFO - [2026-03-24T06:31:52.680+0000] {example_python_operator.py:93} WARNING - The virtalenv_python example task requires virtualenv, please install it.
[2026-03-24T06:31:52.683+0000] {processor.py:925} INFO - DAG(s) 'example_python_operator' retrieved from /home/ec2-user/environment/lab4_model_training/venv/lib64/python3.12/site-packages/airflow/example_dags/example_python_operator.py
[2026-03-24T06:31:52.702+0000] {logging_mixin.py:190} INFO - [2026-03-24T06:31:52.702+0000] {dag.py:3239} INFO - Sync 1 DAGs
[2026-03-24T06:31:52.714+0000] {logging_mixin.py:190} INFO - [2026-03-24T06:31:52.714+0000] {dag.py:4180} INFO - Setting next_dagrun for example_python_operator to None, run_after=None
[2026-03-24T06:31:52.736+0000] {processor.py:208} INFO - Processing /home/ec2-user/environment/lab4_model_training/venv/lib64/python3.12/site-packages/airflow/example_dags/example_python_operator.py took 0.072 seconds
[2026-03-24T06:33:03.144+0000] {processor.py:186} INFO - Started process (PID=7746) to work on /home/ec2-user/environment/lab4_model_training/venv/lib64/python3.12/site-packages/airflow/example_dags/example_python_operator.py
[2026-03-24T06:33:03.145+0000] {processor.py:914} INFO - Processing file /home/ec2-user/environment/lab4_model_training/venv/lib64/python3.12/site-packages/airflow/example_dags/example_python_operator.py for tasks to queue
[2026-03-24T06:33:03.147+0000] {logging_mixin.py:190} INFO - [2026-03-24T06:33:03.147+0000] {dagbag.py:588} INFO - Filling up the DagBag from /home/ec2-user/environment/lab4_model_training/venv/lib64/python3.12/site-packages/airflow/example_dags/example_python_operator.py
[2026-03-24T06:33:03.155+0000] {logging_mixin.py:190} INFO - [2026-03-24T06:33:03.155+0000] {example_python_operator.py:93} WARNING - The virtalenv_python example task requires virtualenv, please install it.
[2026-03-24T06:33:03.158+0000] {processor.py:925} INFO - DAG(s) 'example_python_operator' retrieved from /home/ec2-user/environment/lab4_model_training/venv/lib64/python3.12/site-packages/airflow/example_dags/example_python_operator.py
[2026-03-24T06:33:03.175+0000] {logging_mixin.py:190} INFO - [2026-03-24T06:33:03.174+0000] {dag.py:3239} INFO - Sync 1 DAGs
[2026-03-24T06:33:03.188+0000] {logging_mixin.py:190} INFO - [2026-03-24T06:33:03.187+0000] {dag.py:4180} INFO - Setting next_dagrun for example_python_operator to None, run_after=None
[2026-03-24T06:33:03.209+0000] {processor.py:208} INFO - Processing /home/ec2-user/environment/lab4_model_training/venv/lib64/python3.12/site-packages/airflow/example_dags/example_python_operator.py took 0.070 seconds
[2026-03-24T06:34:04.944+0000] {processor.py:186} INFO - Started process (PID=7963) to work on /home/ec2-user/environment/lab4_model_training/venv/lib64/python3.12/site-packages/airflow/example_dags/example_python_operator.py
[2026-03-24T06:34:04.946+0000] {processor.py:914} INFO - Processing file /home/ec2-user/environment/lab4_model_training/venv/lib64/python3.12/site-packages/airflow/example_dags/example_python_operator.py for tasks to queue
[2026-03-24T06:34:04.948+0000] {logging_mixin.py:190} INFO - [2026-03-24T06:34:04.948+0000] {dagbag.py:588} INFO - Filling up the DagBag from /home/ec2-user/environment/lab4_model_training/venv/lib64/python3.12/site-packages/airflow/example_dags/example_python_operator.py
[2026-03-24T06:34:04.957+0000] {logging_mixin.py:190} INFO - [2026-03-24T06:34:04.957+0000] {example_python_operator.py:93} WARNING - The virtalenv_python example task requires virtualenv, please install it.
[2026-03-24T06:34:04.960+0000] {processor.py:925} INFO - DAG(s) 'example_python_operator' retrieved from /home/ec2-user/environment/lab4_model_training/venv/lib64/python3.12/site-packages/airflow/example_dags/example_python_operator.py
[2026-03-24T06:34:04.980+0000] {logging_mixin.py:190} INFO - [2026-03-24T06:34:04.980+0000] {dag.py:3239} INFO - Sync 1 DAGs
[2026-03-24T06:34:04.994+0000] {logging_mixin.py:190} INFO - [2026-03-24T06:34:04.994+0000] {dag.py:4180} INFO - Setting next_dagrun for example_python_operator to None, run_after=None
[2026-03-24T06:34:05.017+0000] {processor.py:208} INFO - Processing /home/ec2-user/environment/lab4_model_training/venv/lib64/python3.12/site-packages/airflow/example_dags/example_python_operator.py took 0.077 seconds
[2026-03-24T06:35:07.882+0000] {processor.py:186} INFO - Started process (PID=8241) to work on /home/ec2-user/environment/lab4_model_training/venv/lib64/python3.12/site-packages/airflow/example_dags/example_python_operator.py
[2026-03-24T06:35:07.883+0000] {processor.py:914} INFO - Processing file /home/ec2-user/environment/lab4_model_training/venv/lib64/python3.12/site-packages/airflow/example_dags/example_python_operator.py for tasks to queue
[2026-03-24T06:35:07.885+0000] {logging_mixin.py:190} INFO - [2026-03-24T06:35:07.885+0000] {dagbag.py:588} INFO - Filling up the DagBag from /home/ec2-user/environment/lab4_model_training/venv/lib64/python3.12/site-packages/airflow/example_dags/example_python_operator.py
[2026-03-24T06:35:07.893+0000] {logging_mixin.py:190} INFO - [2026-03-24T06:35:07.893+0000] {example_python_operator.py:93} WARNING - The virtalenv_python example task requires virtualenv, please install it.
[2026-03-24T06:35:07.896+0000] {processor.py:925} INFO - DAG(s) 'example_python_operator' retrieved from /home/ec2-user/environment/lab4_model_training/venv/lib64/python3.12/site-packages/airflow/example_dags/example_python_operator.py
[2026-03-24T06:35:07.912+0000] {logging_mixin.py:190} INFO - [2026-03-24T06:35:07.912+0000] {dag.py:3239} INFO - Sync 1 DAGs
[2026-03-24T06:35:07.925+0000] {logging_mixin.py:190} INFO - [2026-03-24T06:35:07.925+0000] {dag.py:4180} INFO - Setting next_dagrun for example_python_operator to None, run_after=None
[2026-03-24T06:35:07.946+0000] {processor.py:208} INFO - Processing /home/ec2-user/environment/lab4_model_training/venv/lib64/python3.12/site-packages/airflow/example_dags/example_python_operator.py took 0.069 seconds
[2026-03-24T06:36:13.466+0000] {processor.py:186} INFO - Started process (PID=8509) to work on /home/ec2-user/environment/lab4_model_training/venv/lib64/python3.12/site-packages/airflow/example_dags/example_python_operator.py
[2026-03-24T06:36:13.467+0000] {processor.py:914} INFO - Processing file /home/ec2-user/environment/lab4_model_training/venv/lib64/python3.12/site-packages/airflow/example_dags/example_python_operator.py for tasks to queue
[2026-03-24T06:36:13.470+0000] {logging_mixin.py:190} INFO - [2026-03-24T06:36:13.469+0000] {dagbag.py:588} INFO - Filling up the DagBag from /home/ec2-user/environment/lab4_model_training/venv/lib64/python3.12/site-packages/airflow/example_dags/example_python_operator.py
[2026-03-24T06:36:13.478+0000] {logging_mixin.py:190} INFO - [2026-03-24T06:36:13.478+0000] {example_python_operator.py:93} WARNING - The virtalenv_python example task requires virtualenv, please install it.
[2026-03-24T06:36:13.481+0000] {processor.py:925} INFO - DAG(s) 'example_python_operator' retrieved from /home/ec2-user/environment/lab4_model_training/venv/lib64/python3.12/site-packages/airflow/example_dags/example_python_operator.py
[2026-03-24T06:36:13.501+0000] {logging_mixin.py:190} INFO - [2026-03-24T06:36:13.501+0000] {dag.py:3239} INFO - Sync 1 DAGs
[2026-03-24T06:36:13.514+0000] {logging_mixin.py:190} INFO - [2026-03-24T06:36:13.513+0000] {dag.py:4180} INFO - Setting next_dagrun for example_python_operator to None, run_after=None
[2026-03-24T06:36:13.535+0000] {processor.py:208} INFO - Processing /home/ec2-user/environment/lab4_model_training/venv/lib64/python3.12/site-packages/airflow/example_dags/example_python_operator.py took 0.074 seconds
[2026-03-24T06:37:18.833+0000] {processor.py:186} INFO - Started process (PID=8856) to work on /home/ec2-user/environment/lab4_model_training/venv/lib64/python3.12/site-packages/airflow/example_dags/example_python_operator.py
[2026-03-24T06:37:18.834+0000] {processor.py:914} INFO - Processing file /home/ec2-user/environment/lab4_model_training/venv/lib64/python3.12/site-packages/airflow/example_dags/example_python_operator.py for tasks to queue
[2026-03-24T06:37:18.836+0000] {logging_mixin.py:190} INFO - [2026-03-24T06:37:18.836+0000] {dagbag.py:588} INFO - Filling up the DagBag from /home/ec2-user/environment/lab4_model_training/venv/lib64/python3.12/site-packages/airflow/example_dags/example_python_operator.py
[2026-03-24T06:37:18.844+0000] {logging_mixin.py:190} INFO - [2026-03-24T06:37:18.843+0000] {example_python_operator.py:93} WARNING - The virtalenv_python example task requires virtualenv, please install it.
[2026-03-24T06:37:18.846+0000] {processor.py:925} INFO - DAG(s) 'example_python_operator' retrieved from /home/ec2-user/environment/lab4_model_training/venv/lib64/python3.12/site-packages/airflow/example_dags/example_python_operator.py
[2026-03-24T06:37:18.863+0000] {logging_mixin.py:190} INFO - [2026-03-24T06:37:18.863+0000] {dag.py:3239} INFO - Sync 1 DAGs
[2026-03-24T06:37:18.876+0000] {logging_mixin.py:190} INFO - [2026-03-24T06:37:18.876+0000] {dag.py:4180} INFO - Setting next_dagrun for example_python_operator to None, run_after=None
[2026-03-24T06:37:18.898+0000] {processor.py:208} INFO - Processing /home/ec2-user/environment/lab4_model_training/venv/lib64/python3.12/site-packages/airflow/example_dags/example_python_operator.py took 0.070 seconds
[2026-03-24T06:38:27.919+0000] {processor.py:186} INFO - Started process (PID=9194) to work on /home/ec2-user/environment/lab4_model_training/venv/lib64/python3.12/site-packages/airflow/example_dags/example_python_operator.py
[2026-03-24T06:38:27.920+0000] {processor.py:914} INFO - Processing file /home/ec2-user/environment/lab4_model_training/venv/lib64/python3.12/site-packages/airflow/example_dags/example_python_operator.py for tasks to queue
[2026-03-24T06:38:27.923+0000] {logging_mixin.py:190} INFO - [2026-03-24T06:38:27.922+0000] {dagbag.py:588} INFO - Filling up the DagBag from /home/ec2-user/environment/lab4_model_training/venv/lib64/python3.12/site-packages/airflow/example_dags/example_python_operator.py
[2026-03-24T06:38:27.931+0000] {logging_mixin.py:190} INFO - [2026-03-24T06:38:27.931+0000] {example_python_operator.py:93} WARNING - The virtalenv_python example task requires virtualenv, please install it.
[2026-03-24T06:38:27.935+0000] {processor.py:925} INFO - DAG(s) 'example_python_operator' retrieved from /home/ec2-user/environment/lab4_model_training/venv/lib64/python3.12/site-packages/airflow/example_dags/example_python_operator.py
[2026-03-24T06:38:27.953+0000] {logging_mixin.py:190} INFO - [2026-03-24T06:38:27.952+0000] {dag.py:3239} INFO - Sync 1 DAGs
[2026-03-24T06:38:27.967+0000] {logging_mixin.py:190} INFO - [2026-03-24T06:38:27.967+0000] {dag.py:4180} INFO - Setting next_dagrun for example_python_operator to None, run_after=None
[2026-03-24T06:38:27.994+0000] {processor.py:208} INFO - Processing /home/ec2-user/environment/lab4_model_training/venv/lib64/python3.12/site-packages/airflow/example_dags/example_python_operator.py took 0.080 seconds
[2026-03-24T06:39:35.560+0000] {processor.py:186} INFO - Started process (PID=9474) to work on /home/ec2-user/environment/lab4_model_training/venv/lib64/python3.12/site-packages/airflow/example_dags/example_python_operator.py
[2026-03-24T06:39:35.561+0000] {processor.py:914} INFO - Processing file /home/ec2-user/environment/lab4_model_training/venv/lib64/python3.12/site-packages/airflow/example_dags/example_python_operator.py for tasks to queue
[2026-03-24T06:39:35.563+0000] {logging_mixin.py:190} INFO - [2026-03-24T06:39:35.563+0000] {dagbag.py:588} INFO - Filling up the DagBag from /home/ec2-user/environment/lab4_model_training/venv/lib64/python3.12/site-packages/airflow/example_dags/example_python_operator.py
[2026-03-24T06:39:35.571+0000] {logging_mixin.py:190} INFO - [2026-03-24T06:39:35.571+0000] {example_python_operator.py:93} WARNING - The virtalenv_python example task requires virtualenv, please install it.
[2026-03-24T06:39:35.574+0000] {processor.py:925} INFO - DAG(s) 'example_python_operator' retrieved from /home/ec2-user/environment/lab4_model_training/venv/lib64/python3.12/site-packages/airflow/example_dags/example_python_operator.py
[2026-03-24T06:39:35.591+0000] {logging_mixin.py:190} INFO - [2026-03-24T06:39:35.591+0000] {dag.py:3239} INFO - Sync 1 DAGs
[2026-03-24T06:39:35.607+0000] {logging_mixin.py:190} INFO - [2026-03-24T06:39:35.606+0000] {dag.py:4180} INFO - Setting next_dagrun for example_python_operator to None, run_after=None
[2026-03-24T06:39:35.634+0000] {processor.py:208} INFO - Processing /home/ec2-user/environment/lab4_model_training/venv/lib64/python3.12/site-packages/airflow/example_dags/example_python_operator.py took 0.079 seconds
[2026-03-24T06:40:43.876+0000] {processor.py:186} INFO - Started process (PID=9823) to work on /home/ec2-user/environment/lab4_model_training/venv/lib64/python3.12/site-packages/airflow/example_dags/example_python_operator.py
[2026-03-24T06:40:43.877+0000] {processor.py:914} INFO - Processing file /home/ec2-user/environment/lab4_model_training/venv/lib64/python3.12/site-packages/airflow/example_dags/example_python_operator.py for tasks to queue
[2026-03-24T06:40:43.880+0000] {logging_mixin.py:190} INFO - [2026-03-24T06:40:43.880+0000] {dagbag.py:588} INFO - Filling up the DagBag from /home/ec2-user/environment/lab4_model_training/venv/lib64/python3.12/site-packages/airflow/example_dags/example_python_operator.py
[2026-03-24T06:40:43.889+0000] {logging_mixin.py:190} INFO - [2026-03-24T06:40:43.888+0000] {example_python_operator.py:93} WARNING - The virtalenv_python example task requires virtualenv, please install it.
[2026-03-24T06:40:43.892+0000] {processor.py:925} INFO - DAG(s) 'example_python_operator' retrieved from /home/ec2-user/environment/lab4_model_training/venv/lib64/python3.12/site-packages/airflow/example_dags/example_python_operator.py
[2026-03-24T06:40:43.909+0000] {logging_mixin.py:190} INFO - [2026-03-24T06:40:43.909+0000] {dag.py:3239} INFO - Sync 1 DAGs
[2026-03-24T06:40:43.922+0000] {logging_mixin.py:190} INFO - [2026-03-24T06:40:43.922+0000] {dag.py:4180} INFO - Setting next_dagrun for example_python_operator to None, run_after=None
[2026-03-24T06:40:43.944+0000] {processor.py:208} INFO - Processing /home/ec2-user/environment/lab4_model_training/venv/lib64/python3.12/site-packages/airflow/example_dags/example_python_operator.py took 0.073 seconds
[2026-03-24T06:41:52.735+0000] {processor.py:186} INFO - Started process (PID=10195) to work on /home/ec2-user/environment/lab4_model_training/venv/lib64/python3.12/site-packages/airflow/example_dags/example_python_operator.py
[2026-03-24T06:41:52.742+0000] {processor.py:914} INFO - Processing file /home/ec2-user/environment/lab4_model_training/venv/lib64/python3.12/site-packages/airflow/example_dags/example_python_operator.py for tasks to queue
[2026-03-24T06:41:52.749+0000] {logging_mixin.py:190} INFO - [2026-03-24T06:41:52.749+0000] {dagbag.py:588} INFO - Filling up the DagBag from /home/ec2-user/environment/lab4_model_training/venv/lib64/python3.12/site-packages/airflow/example_dags/example_python_operator.py
[2026-03-24T06:41:52.763+0000] {logging_mixin.py:190} INFO - [2026-03-24T06:41:52.763+0000] {example_python_operator.py:93} WARNING - The virtalenv_python example task requires virtualenv, please install it.
[2026-03-24T06:41:52.772+0000] {processor.py:925} INFO - DAG(s) 'example_python_operator' retrieved from /home/ec2-user/environment/lab4_model_training/venv/lib64/python3.12/site-packages/airflow/example_dags/example_python_operator.py
[2026-03-24T06:41:52.799+0000] {logging_mixin.py:190} INFO - [2026-03-24T06:41:52.799+0000] {dag.py:3239} INFO - Sync 1 DAGs
[2026-03-24T06:41:52.819+0000] {logging_mixin.py:190} INFO - [2026-03-24T06:41:52.819+0000] {dag.py:4180} INFO - Setting next_dagrun for example_python_operator to None, run_after=None
[2026-03-24T06:41:52.862+0000] {processor.py:208} INFO - Processing /home/ec2-user/environment/lab4_model_training/venv/lib64/python3.12/site-packages/airflow/example_dags/example_python_operator.py took 0.133 seconds
[2026-03-24T06:43:02.492+0000] {processor.py:186} INFO - Started process (PID=10586) to work on /home/ec2-user/environment/lab4_model_training/venv/lib64/python3.12/site-packages/airflow/example_dags/example_python_operator.py
[2026-03-24T06:43:02.493+0000] {processor.py:914} INFO - Processing file /home/ec2-user/environment/lab4_model_training/venv/lib64/python3.12/site-packages/airflow/example_dags/example_python_operator.py for tasks to queue
[2026-03-24T06:43:02.495+0000] {logging_mixin.py:190} INFO - [2026-03-24T06:43:02.495+0000] {dagbag.py:588} INFO - Filling up the DagBag from /home/ec2-user/environment/lab4_model_training/venv/lib64/python3.12/site-packages/airflow/example_dags/example_python_operator.py
[2026-03-24T06:43:02.503+0000] {logging_mixin.py:190} INFO - [2026-03-24T06:43:02.503+0000] {example_python_operator.py:93} WARNING - The virtalenv_python example task requires virtualenv, please install it.
[2026-03-24T06:43:02.506+0000] {processor.py:925} INFO - DAG(s) 'example_python_operator' retrieved from /home/ec2-user/environment/lab4_model_training/venv/lib64/python3.12/site-packages/airflow/example_dags/example_python_operator.py
[2026-03-24T06:43:02.526+0000] {logging_mixin.py:190} INFO - [2026-03-24T06:43:02.526+0000] {dag.py:3239} INFO - Sync 1 DAGs
[2026-03-24T06:43:02.542+0000] {logging_mixin.py:190} INFO - [2026-03-24T06:43:02.542+0000] {dag.py:4180} INFO - Setting next_dagrun for example_python_operator to None, run_after=None
[2026-03-24T06:43:02.568+0000] {processor.py:208} INFO - Processing /home/ec2-user/environment/lab4_model_training/venv/lib64/python3.12/site-packages/airflow/example_dags/example_python_operator.py took 0.083 seconds
[2026-03-24T06:44:06.401+0000] {processor.py:186} INFO - Started process (PID=10905) to work on /home/ec2-user/environment/lab4_model_training/venv/lib64/python3.12/site-packages/airflow/example_dags/example_python_operator.py
[2026-03-24T06:44:06.402+0000] {processor.py:914} INFO - Processing file /home/ec2-user/environment/lab4_model_training/venv/lib64/python3.12/site-packages/airflow/example_dags/example_python_operator.py for tasks to queue
[2026-03-24T06:44:06.404+0000] {logging_mixin.py:190} INFO - [2026-03-24T06:44:06.404+0000] {dagbag.py:588} INFO - Filling up the DagBag from /home/ec2-user/environment/lab4_model_training/venv/lib64/python3.12/site-packages/airflow/example_dags/example_python_operator.py
[2026-03-24T06:44:06.412+0000] {logging_mixin.py:190} INFO - [2026-03-24T06:44:06.412+0000] {example_python_operator.py:93} WARNING - The virtalenv_python example task requires virtualenv, please install it.
[2026-03-24T06:44:06.415+0000] {processor.py:925} INFO - DAG(s) 'example_python_operator' retrieved from /home/ec2-user/environment/lab4_model_training/venv/lib64/python3.12/site-packages/airflow/example_dags/example_python_operator.py
[2026-03-24T06:44:06.432+0000] {logging_mixin.py:190} INFO - [2026-03-24T06:44:06.432+0000] {dag.py:3239} INFO - Sync 1 DAGs
[2026-03-24T06:44:06.445+0000] {logging_mixin.py:190} INFO - [2026-03-24T06:44:06.445+0000] {dag.py:4180} INFO - Setting next_dagrun for example_python_operator to None, run_after=None
[2026-03-24T06:44:06.469+0000] {processor.py:208} INFO - Processing /home/ec2-user/environment/lab4_model_training/venv/lib64/python3.12/site-packages/airflow/example_dags/example_python_operator.py took 0.073 seconds
[2026-03-24T06:45:14.821+0000] {processor.py:186} INFO - Started process (PID=11326) to work on /home/ec2-user/environment/lab4_model_training/venv/lib64/python3.12/site-packages/airflow/example_dags/example_python_operator.py
[2026-03-24T06:45:14.822+0000] {processor.py:914} INFO - Processing file /home/ec2-user/environment/lab4_model_training/venv/lib64/python3.12/site-packages/airflow/example_dags/example_python_operator.py for tasks to queue
[2026-03-24T06:45:14.824+0000] {logging_mixin.py:190} INFO - [2026-03-24T06:45:14.824+0000] {dagbag.py:588} INFO - Filling up the DagBag from /home/ec2-user/environment/lab4_model_training/venv/lib64/python3.12/site-packages/airflow/example_dags/example_python_operator.py
[2026-03-24T06:45:14.832+0000] {logging_mixin.py:190} INFO - [2026-03-24T06:45:14.832+0000] {example_python_operator.py:93} WARNING - The virtalenv_python example task requires virtualenv, please install it.
[2026-03-24T06:45:14.835+0000] {processor.py:925} INFO - DAG(s) 'example_python_operator' retrieved from /home/ec2-user/environment/lab4_model_training/venv/lib64/python3.12/site-packages/airflow/example_dags/example_python_operator.py
[2026-03-24T06:45:14.852+0000] {logging_mixin.py:190} INFO - [2026-03-24T06:45:14.852+0000] {dag.py:3239} INFO - Sync 1 DAGs
[2026-03-24T06:45:14.864+0000] {logging_mixin.py:190} INFO - [2026-03-24T06:45:14.864+0000] {dag.py:4180} INFO - Setting next_dagrun for example_python_operator to None, run_after=None
[2026-03-24T06:45:14.887+0000] {processor.py:208} INFO - Processing /home/ec2-user/environment/lab4_model_training/venv/lib64/python3.12/site-packages/airflow/example_dags/example_python_operator.py took 0.070 seconds
[2026-03-24T06:46:20.573+0000] {processor.py:186} INFO - Started process (PID=11635) to work on /home/ec2-user/environment/lab4_model_training/venv/lib64/python3.12/site-packages/airflow/example_dags/example_python_operator.py
[2026-03-24T06:46:20.574+0000] {processor.py:914} INFO - Processing file /home/ec2-user/environment/lab4_model_training/venv/lib64/python3.12/site-packages/airflow/example_dags/example_python_operator.py for tasks to queue
[2026-03-24T06:46:20.577+0000] {logging_mixin.py:190} INFO - [2026-03-24T06:46:20.576+0000] {dagbag.py:588} INFO - Filling up the DagBag from /home/ec2-user/environment/lab4_model_training/venv/lib64/python3.12/site-packages/airflow/example_dags/example_python_operator.py
[2026-03-24T06:46:20.586+0000] {logging_mixin.py:190} INFO - [2026-03-24T06:46:20.585+0000] {example_python_operator.py:93} WARNING - The virtalenv_python example task requires virtualenv, please install it.
[2026-03-24T06:46:20.589+0000] {processor.py:925} INFO - DAG(s) 'example_python_operator' retrieved from /home/ec2-user/environment/lab4_model_training/venv/lib64/python3.12/site-packages/airflow/example_dags/example_python_operator.py
[2026-03-24T06:46:20.607+0000] {logging_mixin.py:190} INFO - [2026-03-24T06:46:20.607+0000] {dag.py:3239} INFO - Sync 1 DAGs
[2026-03-24T06:46:20.621+0000] {logging_mixin.py:190} INFO - [2026-03-24T06:46:20.621+0000] {dag.py:4180} INFO - Setting next_dagrun for example_python_operator to None, run_after=None
[2026-03-24T06:46:20.643+0000] {processor.py:208} INFO - Processing /home/ec2-user/environment/lab4_model_training/venv/lib64/python3.12/site-packages/airflow/example_dags/example_python_operator.py took 0.075 seconds
[2026-03-24T06:47:45.406+0000] {processor.py:186} INFO - Started process (PID=11998) to work on /home/ec2-user/environment/lab4_model_training/venv/lib64/python3.12/site-packages/airflow/example_dags/example_python_operator.py
[2026-03-24T06:47:45.407+0000] {processor.py:914} INFO - Processing file /home/ec2-user/environment/lab4_model_training/venv/lib64/python3.12/site-packages/airflow/example_dags/example_python_operator.py for tasks to queue
[2026-03-24T06:47:45.409+0000] {logging_mixin.py:190} INFO - [2026-03-24T06:47:45.409+0000] {dagbag.py:588} INFO - Filling up the DagBag from /home/ec2-user/environment/lab4_model_training/venv/lib64/python3.12/site-packages/airflow/example_dags/example_python_operator.py
[2026-03-24T06:47:45.417+0000] {logging_mixin.py:190} INFO - [2026-03-24T06:47:45.417+0000] {example_python_operator.py:93} WARNING - The virtalenv_python example task requires virtualenv, please install it.
[2026-03-24T06:47:45.420+0000] {processor.py:925} INFO - DAG(s) 'example_python_operator' retrieved from /home/ec2-user/environment/lab4_model_training/venv/lib64/python3.12/site-packages/airflow/example_dags/example_python_operator.py
[2026-03-24T06:47:45.437+0000] {logging_mixin.py:190} INFO - [2026-03-24T06:47:45.437+0000] {dag.py:3239} INFO - Sync 1 DAGs
[2026-03-24T06:47:45.449+0000] {logging_mixin.py:190} INFO - [2026-03-24T06:47:45.449+0000] {dag.py:4180} INFO - Setting next_dagrun for example_python_operator to None, run_after=None
[2026-03-24T06:47:45.470+0000] {processor.py:208} INFO - Processing /home/ec2-user/environment/lab4_model_training/venv/lib64/python3.12/site-packages/airflow/example_dags/example_python_operator.py took 0.069 seconds
[2026-03-24T06:48:52.799+0000] {processor.py:186} INFO - Started process (PID=12288) to work on /home/ec2-user/environment/lab4_model_training/venv/lib64/python3.12/site-packages/airflow/example_dags/example_python_operator.py
[2026-03-24T06:48:52.800+0000] {processor.py:914} INFO - Processing file /home/ec2-user/environment/lab4_model_training/venv/lib64/python3.12/site-packages/airflow/example_dags/example_python_operator.py for tasks to queue
[2026-03-24T06:48:52.803+0000] {logging_mixin.py:190} INFO - [2026-03-24T06:48:52.803+0000] {dagbag.py:588} INFO - Filling up the DagBag from /home/ec2-user/environment/lab4_model_training/venv/lib64/python3.12/site-packages/airflow/example_dags/example_python_operator.py
[2026-03-24T06:48:52.812+0000] {logging_mixin.py:190} INFO - [2026-03-24T06:48:52.812+0000] {example_python_operator.py:93} WARNING - The virtalenv_python example task requires virtualenv, please install it.
[2026-03-24T06:48:52.815+0000] {processor.py:925} INFO - DAG(s) 'example_python_operator' retrieved from /home/ec2-user/environment/lab4_model_training/venv/lib64/python3.12/site-packages/airflow/example_dags/example_python_operator.py
[2026-03-24T06:48:52.832+0000] {logging_mixin.py:190} INFO - [2026-03-24T06:48:52.832+0000] {dag.py:3239} INFO - Sync 1 DAGs
[2026-03-24T06:48:52.845+0000] {logging_mixin.py:190} INFO - [2026-03-24T06:48:52.844+0000] {dag.py:4180} INFO - Setting next_dagrun for example_python_operator to None, run_after=None
[2026-03-24T06:48:52.880+0000] {processor.py:208} INFO - Processing /home/ec2-user/environment/lab4_model_training/venv/lib64/python3.12/site-packages/airflow/example_dags/example_python_operator.py took 0.086 seconds
[2026-03-24T06:49:57.649+0000] {processor.py:186} INFO - Started process (PID=12510) to work on /home/ec2-user/environment/lab4_model_training/venv/lib64/python3.12/site-packages/airflow/example_dags/example_python_operator.py
[2026-03-24T06:49:57.650+0000] {processor.py:914} INFO - Processing file /home/ec2-user/environment/lab4_model_training/venv/lib64/python3.12/site-packages/airflow/example_dags/example_python_operator.py for tasks to queue
[2026-03-24T06:49:57.652+0000] {logging_mixin.py:190} INFO - [2026-03-24T06:49:57.651+0000] {dagbag.py:588} INFO - Filling up the DagBag from /home/ec2-user/environment/lab4_model_training/venv/lib64/python3.12/site-packages/airflow/example_dags/example_python_operator.py
[2026-03-24T06:49:57.660+0000] {logging_mixin.py:190} INFO - [2026-03-24T06:49:57.660+0000] {example_python_operator.py:93} WARNING - The virtalenv_python example task requires virtualenv, please install it.
[2026-03-24T06:49:57.663+0000] {processor.py:925} INFO - DAG(s) 'example_python_operator' retrieved from /home/ec2-user/environment/lab4_model_training/venv/lib64/python3.12/site-packages/airflow/example_dags/example_python_operator.py
[2026-03-24T06:49:57.679+0000] {logging_mixin.py:190} INFO - [2026-03-24T06:49:57.679+0000] {dag.py:3239} INFO - Sync 1 DAGs
[2026-03-24T06:49:57.692+0000] {logging_mixin.py:190} INFO - [2026-03-24T06:49:57.692+0000] {dag.py:4180} INFO - Setting next_dagrun for example_python_operator to None, run_after=None
[2026-03-24T06:49:57.714+0000] {processor.py:208} INFO - Processing /home/ec2-user/environment/lab4_model_training/venv/lib64/python3.12/site-packages/airflow/example_dags/example_python_operator.py took 0.070 seconds
[2026-03-24T06:51:07.300+0000] {processor.py:186} INFO - Started process (PID=12817) to work on /home/ec2-user/environment/lab4_model_training/venv/lib64/python3.12/site-packages/airflow/example_dags/example_python_operator.py
[2026-03-24T06:51:07.307+0000] {processor.py:914} INFO - Processing file /home/ec2-user/environment/lab4_model_training/venv/lib64/python3.12/site-packages/airflow/example_dags/example_python_operator.py for tasks to queue
[2026-03-24T06:51:07.316+0000] {logging_mixin.py:190} INFO - [2026-03-24T06:51:07.315+0000] {dagbag.py:588} INFO - Filling up the DagBag from /home/ec2-user/environment/lab4_model_training/venv/lib64/python3.12/site-packages/airflow/example_dags/example_python_operator.py
[2026-03-24T06:51:07.330+0000] {logging_mixin.py:190} INFO - [2026-03-24T06:51:07.330+0000] {example_python_operator.py:93} WARNING - The virtalenv_python example task requires virtualenv, please install it.
[2026-03-24T06:51:07.333+0000] {processor.py:925} INFO - DAG(s) 'example_python_operator' retrieved from /home/ec2-user/environment/lab4_model_training/venv/lib64/python3.12/site-packages/airflow/example_dags/example_python_operator.py
[2026-03-24T06:51:07.367+0000] {logging_mixin.py:190} INFO - [2026-03-24T06:51:07.367+0000] {dag.py:3239} INFO - Sync 1 DAGs
[2026-03-24T06:51:07.384+0000] {logging_mixin.py:190} INFO - [2026-03-24T06:51:07.383+0000] {dag.py:4180} INFO - Setting next_dagrun for example_python_operator to None, run_after=None
[2026-03-24T06:51:07.415+0000] {processor.py:208} INFO - Processing /home/ec2-user/environment/lab4_model_training/venv/lib64/python3.12/site-packages/airflow/example_dags/example_python_operator.py took 0.122 seconds
[2026-03-24T06:52:16.657+0000] {processor.py:186} INFO - Started process (PID=13131) to work on /home/ec2-user/environment/lab4_model_training/venv/lib64/python3.12/site-packages/airflow/example_dags/example_python_operator.py
[2026-03-24T06:52:16.658+0000] {processor.py:914} INFO - Processing file /home/ec2-user/environment/lab4_model_training/venv/lib64/python3.12/site-packages/airflow/example_dags/example_python_operator.py for tasks to queue
[2026-03-24T06:52:16.661+0000] {logging_mixin.py:190} INFO - [2026-03-24T06:52:16.660+0000] {dagbag.py:588} INFO - Filling up the DagBag from /home/ec2-user/environment/lab4_model_training/venv/lib64/python3.12/site-packages/airflow/example_dags/example_python_operator.py
[2026-03-24T06:52:16.668+0000] {logging_mixin.py:190} INFO - [2026-03-24T06:52:16.668+0000] {example_python_operator.py:93} WARNING - The virtalenv_python example task requires virtualenv, please install it.
[2026-03-24T06:52:16.671+0000] {processor.py:925} INFO - DAG(s) 'example_python_operator' retrieved from /home/ec2-user/environment/lab4_model_training/venv/lib64/python3.12/site-packages/airflow/example_dags/example_python_operator.py
[2026-03-24T06:52:16.688+0000] {logging_mixin.py:190} INFO - [2026-03-24T06:52:16.688+0000] {dag.py:3239} INFO - Sync 1 DAGs
[2026-03-24T06:52:16.701+0000] {logging_mixin.py:190} INFO - [2026-03-24T06:52:16.700+0000] {dag.py:4180} INFO - Setting next_dagrun for example_python_operator to None, run_after=None
[2026-03-24T06:52:16.724+0000] {processor.py:208} INFO - Processing /home/ec2-user/environment/lab4_model_training/venv/lib64/python3.12/site-packages/airflow/example_dags/example_python_operator.py took 0.071 seconds
[2026-03-24T06:53:27.889+0000] {processor.py:186} INFO - Started process (PID=13491) to work on /home/ec2-user/environment/lab4_model_training/venv/lib64/python3.12/site-packages/airflow/example_dags/example_python_operator.py
[2026-03-24T06:53:27.891+0000] {processor.py:914} INFO - Processing file /home/ec2-user/environment/lab4_model_training/venv/lib64/python3.12/site-packages/airflow/example_dags/example_python_operator.py for tasks to queue
[2026-03-24T06:53:27.892+0000] {logging_mixin.py:190} INFO - [2026-03-24T06:53:27.891+0000] {dagbag.py:588} INFO - Filling up the DagBag from /home/ec2-user/environment/lab4_model_training/venv/lib64/python3.12/site-packages/airflow/example_dags/example_python_operator.py
[2026-03-24T06:53:27.901+0000] {logging_mixin.py:190} INFO - [2026-03-24T06:53:27.901+0000] {example_python_operator.py:93} WARNING - The virtalenv_python example task requires virtualenv, please install it.
[2026-03-24T06:53:27.904+0000] {processor.py:925} INFO - DAG(s) 'example_python_operator' retrieved from /home/ec2-user/environment/lab4_model_training/venv/lib64/python3.12/site-packages/airflow/example_dags/example_python_operator.py
[2026-03-24T06:53:27.925+0000] {logging_mixin.py:190} INFO - [2026-03-24T06:53:27.924+0000] {dag.py:3239} INFO - Sync 1 DAGs
[2026-03-24T06:53:27.938+0000] {logging_mixin.py:190} INFO - [2026-03-24T06:53:27.938+0000] {dag.py:4180} INFO - Setting next_dagrun for example_python_operator to None, run_after=None
[2026-03-24T06:53:27.959+0000] {processor.py:208} INFO - Processing /home/ec2-user/environment/lab4_model_training/venv/lib64/python3.12/site-packages/airflow/example_dags/example_python_operator.py took 0.075 seconds
[2026-03-24T06:54:43.775+0000] {processor.py:186} INFO - Started process (PID=13832) to work on /home/ec2-user/environment/lab4_model_training/venv/lib64/python3.12/site-packages/airflow/example_dags/example_python_operator.py
[2026-03-24T06:54:43.777+0000] {processor.py:914} INFO - Processing file /home/ec2-user/environment/lab4_model_training/venv/lib64/python3.12/site-packages/airflow/example_dags/example_python_operator.py for tasks to queue
[2026-03-24T06:54:43.779+0000] {logging_mixin.py:190} INFO - [2026-03-24T06:54:43.778+0000] {dagbag.py:588} INFO - Filling up the DagBag from /home/ec2-user/environment/lab4_model_training/venv/lib64/python3.12/site-packages/airflow/example_dags/example_python_operator.py
[2026-03-24T06:54:43.787+0000] {logging_mixin.py:190} INFO - [2026-03-24T06:54:43.787+0000] {example_python_operator.py:93} WARNING - The virtalenv_python example task requires virtualenv, please install it.
[2026-03-24T06:54:43.790+0000] {processor.py:925} INFO - DAG(s) 'example_python_operator' retrieved from /home/ec2-user/environment/lab4_model_training/venv/lib64/python3.12/site-packages/airflow/example_dags/example_python_operator.py
[2026-03-24T06:54:43.809+0000] {logging_mixin.py:190} INFO - [2026-03-24T06:54:43.809+0000] {dag.py:3239} INFO - Sync 1 DAGs
[2026-03-24T06:54:43.822+0000] {logging_mixin.py:190} INFO - [2026-03-24T06:54:43.822+0000] {dag.py:4180} INFO - Setting next_dagrun for example_python_operator to None, run_after=None
[2026-03-24T06:54:43.845+0000] {processor.py:208} INFO - Processing /home/ec2-user/environment/lab4_model_training/venv/lib64/python3.12/site-packages/airflow/example_dags/example_python_operator.py took 0.074 seconds
[2026-03-24T06:55:52.544+0000] {processor.py:186} INFO - Started process (PID=14144) to work on /home/ec2-user/environment/lab4_model_training/venv/lib64/python3.12/site-packages/airflow/example_dags/example_python_operator.py
[2026-03-24T06:55:52.545+0000] {processor.py:914} INFO - Processing file /home/ec2-user/environment/lab4_model_training/venv/lib64/python3.12/site-packages/airflow/example_dags/example_python_operator.py for tasks to queue
[2026-03-24T06:55:52.547+0000] {logging_mixin.py:190} INFO - [2026-03-24T06:55:52.546+0000] {dagbag.py:588} INFO - Filling up the DagBag from /home/ec2-user/environment/lab4_model_training/venv/lib64/python3.12/site-packages/airflow/example_dags/example_python_operator.py
[2026-03-24T06:55:52.554+0000] {logging_mixin.py:190} INFO - [2026-03-24T06:55:52.554+0000] {example_python_operator.py:93} WARNING - The virtalenv_python example task requires virtualenv, please install it.
[2026-03-24T06:55:52.557+0000] {processor.py:925} INFO - DAG(s) 'example_python_operator' retrieved from /home/ec2-user/environment/lab4_model_training/venv/lib64/python3.12/site-packages/airflow/example_dags/example_python_operator.py
[2026-03-24T06:55:52.584+0000] {logging_mixin.py:190} INFO - [2026-03-24T06:55:52.584+0000] {dag.py:3239} INFO - Sync 1 DAGs
[2026-03-24T06:55:52.600+0000] {logging_mixin.py:190} INFO - [2026-03-24T06:55:52.600+0000] {dag.py:4180} INFO - Setting next_dagrun for example_python_operator to None, run_after=None
[2026-03-24T06:55:52.623+0000] {processor.py:208} INFO - Processing /home/ec2-user/environment/lab4_model_training/venv/lib64/python3.12/site-packages/airflow/example_dags/example_python_operator.py took 0.083 seconds
[2026-03-24T06:57:24.584+0000] {processor.py:186} INFO - Started process (PID=14514) to work on /home/ec2-user/environment/lab4_model_training/venv/lib64/python3.12/site-packages/airflow/example_dags/example_python_operator.py
[2026-03-24T06:57:24.585+0000] {processor.py:914} INFO - Processing file /home/ec2-user/environment/lab4_model_training/venv/lib64/python3.12/site-packages/airflow/example_dags/example_python_operator.py for tasks to queue
[2026-03-24T06:57:24.587+0000] {logging_mixin.py:190} INFO - [2026-03-24T06:57:24.587+0000] {dagbag.py:588} INFO - Filling up the DagBag from /home/ec2-user/environment/lab4_model_training/venv/lib64/python3.12/site-packages/airflow/example_dags/example_python_operator.py
[2026-03-24T06:57:24.596+0000] {logging_mixin.py:190} INFO - [2026-03-24T06:57:24.595+0000] {example_python_operator.py:93} WARNING - The virtalenv_python example task requires virtualenv, please install it.
[2026-03-24T06:57:24.599+0000] {processor.py:925} INFO - DAG(s) 'example_python_operator' retrieved from /home/ec2-user/environment/lab4_model_training/venv/lib64/python3.12/site-packages/airflow/example_dags/example_python_operator.py
[2026-03-24T06:57:24.618+0000] {logging_mixin.py:190} INFO - [2026-03-24T06:57:24.618+0000] {dag.py:3239} INFO - Sync 1 DAGs
[2026-03-24T06:57:24.633+0000] {logging_mixin.py:190} INFO - [2026-03-24T06:57:24.633+0000] {dag.py:4180} INFO - Setting next_dagrun for example_python_operator to None, run_after=None
[2026-03-24T06:57:24.656+0000] {processor.py:208} INFO - Processing /home/ec2-user/environment/lab4_model_training/venv/lib64/python3.12/site-packages/airflow/example_dags/example_python_operator.py took 0.077 seconds
[2026-03-24T06:58:27.295+0000] {processor.py:186} INFO - Started process (PID=14828) to work on /home/ec2-user/environment/lab4_model_training/venv/lib64/python3.12/site-packages/airflow/example_dags/example_python_operator.py
[2026-03-24T06:58:27.296+0000] {processor.py:914} INFO - Processing file /home/ec2-user/environment/lab4_model_training/venv/lib64/python3.12/site-packages/airflow/example_dags/example_python_operator.py for tasks to queue
[2026-03-24T06:58:27.297+0000] {logging_mixin.py:190} INFO - [2026-03-24T06:58:27.297+0000] {dagbag.py:588} INFO - Filling up the DagBag from /home/ec2-user/environment/lab4_model_training/venv/lib64/python3.12/site-packages/airflow/example_dags/example_python_operator.py
[2026-03-24T06:58:27.305+0000] {logging_mixin.py:190} INFO - [2026-03-24T06:58:27.305+0000] {example_python_operator.py:93} WARNING - The virtalenv_python example task requires virtualenv, please install it.
[2026-03-24T06:58:27.308+0000] {processor.py:925} INFO - DAG(s) 'example_python_operator' retrieved from /home/ec2-user/environment/lab4_model_training/venv/lib64/python3.12/site-packages/airflow/example_dags/example_python_operator.py
[2026-03-24T06:58:27.326+0000] {logging_mixin.py:190} INFO - [2026-03-24T06:58:27.326+0000] {dag.py:3239} INFO - Sync 1 DAGs
[2026-03-24T06:58:27.342+0000] {logging_mixin.py:190} INFO - [2026-03-24T06:58:27.342+0000] {dag.py:4180} INFO - Setting next_dagrun for example_python_operator to None, run_after=None
[2026-03-24T06:58:27.362+0000] {processor.py:208} INFO - Processing /home/ec2-user/environment/lab4_model_training/venv/lib64/python3.12/site-packages/airflow/example_dags/example_python_operator.py took 0.072 seconds
[2026-03-24T06:59:32.527+0000] {processor.py:186} INFO - Started process (PID=15068) to work on /home/ec2-user/environment/lab4_model_training/venv/lib64/python3.12/site-packages/airflow/example_dags/example_python_operator.py
[2026-03-24T06:59:32.529+0000] {processor.py:914} INFO - Processing file /home/ec2-user/environment/lab4_model_training/venv/lib64/python3.12/site-packages/airflow/example_dags/example_python_operator.py for tasks to queue
[2026-03-24T06:59:32.530+0000] {logging_mixin.py:190} INFO - [2026-03-24T06:59:32.529+0000] {dagbag.py:588} INFO - Filling up the DagBag from /home/ec2-user/environment/lab4_model_training/venv/lib64/python3.12/site-packages/airflow/example_dags/example_python_operator.py
[2026-03-24T06:59:32.537+0000] {logging_mixin.py:190} INFO - [2026-03-24T06:59:32.537+0000] {example_python_operator.py:93} WARNING - The virtalenv_python example task requires virtualenv, please install it.
[2026-03-24T06:59:32.540+0000] {processor.py:925} INFO - DAG(s) 'example_python_operator' retrieved from /home/ec2-user/environment/lab4_model_training/venv/lib64/python3.12/site-packages/airflow/example_dags/example_python_operator.py
[2026-03-24T06:59:32.557+0000] {logging_mixin.py:190} INFO - [2026-03-24T06:59:32.557+0000] {dag.py:3239} INFO - Sync 1 DAGs
[2026-03-24T06:59:32.570+0000] {logging_mixin.py:190} INFO - [2026-03-24T06:59:32.570+0000] {dag.py:4180} INFO - Setting next_dagrun for example_python_operator to None, run_after=None
[2026-03-24T06:59:32.723+0000] {processor.py:208} INFO - Processing /home/ec2-user/environment/lab4_model_training/venv/lib64/python3.12/site-packages/airflow/example_dags/example_python_operator.py took 0.200 seconds
