[2026-03-24T06:16:11.561+0000] {processor.py:186} INFO - Started process (PID=2825) to work on /home/ec2-user/environment/lab4_model_training/venv/lib64/python3.12/site-packages/airflow/example_dags/example_branch_python_dop_operator_3.py
[2026-03-24T06:16:11.562+0000] {processor.py:914} INFO - Processing file /home/ec2-user/environment/lab4_model_training/venv/lib64/python3.12/site-packages/airflow/example_dags/example_branch_python_dop_operator_3.py for tasks to queue
[2026-03-24T06:16:11.564+0000] {logging_mixin.py:190} INFO - [2026-03-24T06:16:11.563+0000] {dagbag.py:588} INFO - Filling up the DagBag from /home/ec2-user/environment/lab4_model_training/venv/lib64/python3.12/site-packages/airflow/example_dags/example_branch_python_dop_operator_3.py
[2026-03-24T06:16:11.573+0000] {processor.py:925} INFO - DAG(s) 'example_branch_dop_operator_v3' retrieved from /home/ec2-user/environment/lab4_model_training/venv/lib64/python3.12/site-packages/airflow/example_dags/example_branch_python_dop_operator_3.py
[2026-03-24T06:16:11.595+0000] {logging_mixin.py:190} INFO - [2026-03-24T06:16:11.595+0000] {dag.py:3239} INFO - Sync 1 DAGs
[2026-03-24T06:16:11.618+0000] {logging_mixin.py:190} INFO - [2026-03-24T06:16:11.618+0000] {dag.py:4180} INFO - Setting next_dagrun for example_branch_dop_operator_v3 to 2026-03-24 06:15:00+00:00, run_after=2026-03-24 06:16:00+00:00
[2026-03-24T06:16:11.640+0000] {processor.py:208} INFO - Processing /home/ec2-user/environment/lab4_model_training/venv/lib64/python3.12/site-packages/airflow/example_dags/example_branch_python_dop_operator_3.py took 0.083 seconds
[2026-03-24T06:17:15.868+0000] {processor.py:186} INFO - Started process (PID=3104) to work on /home/ec2-user/environment/lab4_model_training/venv/lib64/python3.12/site-packages/airflow/example_dags/example_branch_python_dop_operator_3.py
[2026-03-24T06:17:15.869+0000] {processor.py:914} INFO - Processing file /home/ec2-user/environment/lab4_model_training/venv/lib64/python3.12/site-packages/airflow/example_dags/example_branch_python_dop_operator_3.py for tasks to queue
[2026-03-24T06:17:15.872+0000] {logging_mixin.py:190} INFO - [2026-03-24T06:17:15.871+0000] {dagbag.py:588} INFO - Filling up the DagBag from /home/ec2-user/environment/lab4_model_training/venv/lib64/python3.12/site-packages/airflow/example_dags/example_branch_python_dop_operator_3.py
[2026-03-24T06:17:15.885+0000] {processor.py:925} INFO - DAG(s) 'example_branch_dop_operator_v3' retrieved from /home/ec2-user/environment/lab4_model_training/venv/lib64/python3.12/site-packages/airflow/example_dags/example_branch_python_dop_operator_3.py
[2026-03-24T06:17:15.901+0000] {logging_mixin.py:190} INFO - [2026-03-24T06:17:15.901+0000] {dag.py:3239} INFO - Sync 1 DAGs
[2026-03-24T06:17:15.924+0000] {logging_mixin.py:190} INFO - [2026-03-24T06:17:15.924+0000] {dag.py:4180} INFO - Setting next_dagrun for example_branch_dop_operator_v3 to 2026-03-24 06:16:00+00:00, run_after=2026-03-24 06:17:00+00:00
[2026-03-24T06:17:15.948+0000] {processor.py:208} INFO - Processing /home/ec2-user/environment/lab4_model_training/venv/lib64/python3.12/site-packages/airflow/example_dags/example_branch_python_dop_operator_3.py took 0.085 seconds
[2026-03-24T06:18:19.861+0000] {processor.py:186} INFO - Started process (PID=3377) to work on /home/ec2-user/environment/lab4_model_training/venv/lib64/python3.12/site-packages/airflow/example_dags/example_branch_python_dop_operator_3.py
[2026-03-24T06:18:19.862+0000] {processor.py:914} INFO - Processing file /home/ec2-user/environment/lab4_model_training/venv/lib64/python3.12/site-packages/airflow/example_dags/example_branch_python_dop_operator_3.py for tasks to queue
[2026-03-24T06:18:19.865+0000] {logging_mixin.py:190} INFO - [2026-03-24T06:18:19.865+0000] {dagbag.py:588} INFO - Filling up the DagBag from /home/ec2-user/environment/lab4_model_training/venv/lib64/python3.12/site-packages/airflow/example_dags/example_branch_python_dop_operator_3.py
[2026-03-24T06:18:19.877+0000] {processor.py:925} INFO - DAG(s) 'example_branch_dop_operator_v3' retrieved from /home/ec2-user/environment/lab4_model_training/venv/lib64/python3.12/site-packages/airflow/example_dags/example_branch_python_dop_operator_3.py
[2026-03-24T06:18:19.896+0000] {logging_mixin.py:190} INFO - [2026-03-24T06:18:19.896+0000] {dag.py:3239} INFO - Sync 1 DAGs
[2026-03-24T06:18:19.926+0000] {logging_mixin.py:190} INFO - [2026-03-24T06:18:19.926+0000] {dag.py:4180} INFO - Setting next_dagrun for example_branch_dop_operator_v3 to 2026-03-24 06:17:00+00:00, run_after=2026-03-24 06:18:00+00:00
[2026-03-24T06:18:19.951+0000] {processor.py:208} INFO - Processing /home/ec2-user/environment/lab4_model_training/venv/lib64/python3.12/site-packages/airflow/example_dags/example_branch_python_dop_operator_3.py took 0.094 seconds
[2026-03-24T06:19:28.241+0000] {processor.py:186} INFO - Started process (PID=3721) to work on /home/ec2-user/environment/lab4_model_training/venv/lib64/python3.12/site-packages/airflow/example_dags/example_branch_python_dop_operator_3.py
[2026-03-24T06:19:28.243+0000] {processor.py:914} INFO - Processing file /home/ec2-user/environment/lab4_model_training/venv/lib64/python3.12/site-packages/airflow/example_dags/example_branch_python_dop_operator_3.py for tasks to queue
[2026-03-24T06:19:28.245+0000] {logging_mixin.py:190} INFO - [2026-03-24T06:19:28.244+0000] {dagbag.py:588} INFO - Filling up the DagBag from /home/ec2-user/environment/lab4_model_training/venv/lib64/python3.12/site-packages/airflow/example_dags/example_branch_python_dop_operator_3.py
[2026-03-24T06:19:28.257+0000] {processor.py:925} INFO - DAG(s) 'example_branch_dop_operator_v3' retrieved from /home/ec2-user/environment/lab4_model_training/venv/lib64/python3.12/site-packages/airflow/example_dags/example_branch_python_dop_operator_3.py
[2026-03-24T06:19:28.274+0000] {logging_mixin.py:190} INFO - [2026-03-24T06:19:28.274+0000] {dag.py:3239} INFO - Sync 1 DAGs
[2026-03-24T06:19:28.305+0000] {logging_mixin.py:190} INFO - [2026-03-24T06:19:28.305+0000] {dag.py:4180} INFO - Setting next_dagrun for example_branch_dop_operator_v3 to 2026-03-24 06:18:00+00:00, run_after=2026-03-24 06:19:00+00:00
[2026-03-24T06:19:28.329+0000] {processor.py:208} INFO - Processing /home/ec2-user/environment/lab4_model_training/venv/lib64/python3.12/site-packages/airflow/example_dags/example_branch_python_dop_operator_3.py took 0.093 seconds
[2026-03-24T06:20:37.516+0000] {processor.py:186} INFO - Started process (PID=4117) to work on /home/ec2-user/environment/lab4_model_training/venv/lib64/python3.12/site-packages/airflow/example_dags/example_branch_python_dop_operator_3.py
[2026-03-24T06:20:37.518+0000] {processor.py:914} INFO - Processing file /home/ec2-user/environment/lab4_model_training/venv/lib64/python3.12/site-packages/airflow/example_dags/example_branch_python_dop_operator_3.py for tasks to queue
[2026-03-24T06:20:37.521+0000] {logging_mixin.py:190} INFO - [2026-03-24T06:20:37.520+0000] {dagbag.py:588} INFO - Filling up the DagBag from /home/ec2-user/environment/lab4_model_training/venv/lib64/python3.12/site-packages/airflow/example_dags/example_branch_python_dop_operator_3.py
[2026-03-24T06:20:37.534+0000] {processor.py:925} INFO - DAG(s) 'example_branch_dop_operator_v3' retrieved from /home/ec2-user/environment/lab4_model_training/venv/lib64/python3.12/site-packages/airflow/example_dags/example_branch_python_dop_operator_3.py
[2026-03-24T06:20:37.550+0000] {logging_mixin.py:190} INFO - [2026-03-24T06:20:37.550+0000] {dag.py:3239} INFO - Sync 1 DAGs
[2026-03-24T06:20:37.572+0000] {logging_mixin.py:190} INFO - [2026-03-24T06:20:37.572+0000] {dag.py:4180} INFO - Setting next_dagrun for example_branch_dop_operator_v3 to 2026-03-24 06:19:00+00:00, run_after=2026-03-24 06:20:00+00:00
[2026-03-24T06:20:37.595+0000] {processor.py:208} INFO - Processing /home/ec2-user/environment/lab4_model_training/venv/lib64/python3.12/site-packages/airflow/example_dags/example_branch_python_dop_operator_3.py took 0.085 seconds
[2026-03-24T06:21:43.784+0000] {processor.py:186} INFO - Started process (PID=4415) to work on /home/ec2-user/environment/lab4_model_training/venv/lib64/python3.12/site-packages/airflow/example_dags/example_branch_python_dop_operator_3.py
[2026-03-24T06:21:43.792+0000] {processor.py:914} INFO - Processing file /home/ec2-user/environment/lab4_model_training/venv/lib64/python3.12/site-packages/airflow/example_dags/example_branch_python_dop_operator_3.py for tasks to queue
[2026-03-24T06:21:43.795+0000] {logging_mixin.py:190} INFO - [2026-03-24T06:21:43.794+0000] {dagbag.py:588} INFO - Filling up the DagBag from /home/ec2-user/environment/lab4_model_training/venv/lib64/python3.12/site-packages/airflow/example_dags/example_branch_python_dop_operator_3.py
[2026-03-24T06:21:43.808+0000] {processor.py:925} INFO - DAG(s) 'example_branch_dop_operator_v3' retrieved from /home/ec2-user/environment/lab4_model_training/venv/lib64/python3.12/site-packages/airflow/example_dags/example_branch_python_dop_operator_3.py
[2026-03-24T06:21:43.829+0000] {logging_mixin.py:190} INFO - [2026-03-24T06:21:43.829+0000] {dag.py:3239} INFO - Sync 1 DAGs
[2026-03-24T06:21:43.860+0000] {logging_mixin.py:190} INFO - [2026-03-24T06:21:43.860+0000] {dag.py:4180} INFO - Setting next_dagrun for example_branch_dop_operator_v3 to 2026-03-24 06:20:00+00:00, run_after=2026-03-24 06:21:00+00:00
[2026-03-24T06:21:43.888+0000] {processor.py:208} INFO - Processing /home/ec2-user/environment/lab4_model_training/venv/lib64/python3.12/site-packages/airflow/example_dags/example_branch_python_dop_operator_3.py took 0.116 seconds
[2026-03-24T06:22:51.738+0000] {processor.py:186} INFO - Started process (PID=4849) to work on /home/ec2-user/environment/lab4_model_training/venv/lib64/python3.12/site-packages/airflow/example_dags/example_branch_python_dop_operator_3.py
[2026-03-24T06:22:51.746+0000] {processor.py:914} INFO - Processing file /home/ec2-user/environment/lab4_model_training/venv/lib64/python3.12/site-packages/airflow/example_dags/example_branch_python_dop_operator_3.py for tasks to queue
[2026-03-24T06:22:51.749+0000] {logging_mixin.py:190} INFO - [2026-03-24T06:22:51.748+0000] {dagbag.py:588} INFO - Filling up the DagBag from /home/ec2-user/environment/lab4_model_training/venv/lib64/python3.12/site-packages/airflow/example_dags/example_branch_python_dop_operator_3.py
[2026-03-24T06:22:51.781+0000] {processor.py:925} INFO - DAG(s) 'example_branch_dop_operator_v3' retrieved from /home/ec2-user/environment/lab4_model_training/venv/lib64/python3.12/site-packages/airflow/example_dags/example_branch_python_dop_operator_3.py
[2026-03-24T06:22:51.807+0000] {logging_mixin.py:190} INFO - [2026-03-24T06:22:51.807+0000] {dag.py:3239} INFO - Sync 1 DAGs
[2026-03-24T06:22:51.844+0000] {logging_mixin.py:190} INFO - [2026-03-24T06:22:51.844+0000] {dag.py:4180} INFO - Setting next_dagrun for example_branch_dop_operator_v3 to 2026-03-24 06:21:00+00:00, run_after=2026-03-24 06:22:00+00:00
[2026-03-24T06:22:51.892+0000] {processor.py:208} INFO - Processing /home/ec2-user/environment/lab4_model_training/venv/lib64/python3.12/site-packages/airflow/example_dags/example_branch_python_dop_operator_3.py took 0.160 seconds
[2026-03-24T06:24:00.955+0000] {processor.py:186} INFO - Started process (PID=5263) to work on /home/ec2-user/environment/lab4_model_training/venv/lib64/python3.12/site-packages/airflow/example_dags/example_branch_python_dop_operator_3.py
[2026-03-24T06:24:00.956+0000] {processor.py:914} INFO - Processing file /home/ec2-user/environment/lab4_model_training/venv/lib64/python3.12/site-packages/airflow/example_dags/example_branch_python_dop_operator_3.py for tasks to queue
[2026-03-24T06:24:00.959+0000] {logging_mixin.py:190} INFO - [2026-03-24T06:24:00.958+0000] {dagbag.py:588} INFO - Filling up the DagBag from /home/ec2-user/environment/lab4_model_training/venv/lib64/python3.12/site-packages/airflow/example_dags/example_branch_python_dop_operator_3.py
[2026-03-24T06:24:00.972+0000] {processor.py:925} INFO - DAG(s) 'example_branch_dop_operator_v3' retrieved from /home/ec2-user/environment/lab4_model_training/venv/lib64/python3.12/site-packages/airflow/example_dags/example_branch_python_dop_operator_3.py
[2026-03-24T06:24:00.987+0000] {logging_mixin.py:190} INFO - [2026-03-24T06:24:00.987+0000] {dag.py:3239} INFO - Sync 1 DAGs
[2026-03-24T06:24:01.009+0000] {logging_mixin.py:190} INFO - [2026-03-24T06:24:01.009+0000] {dag.py:4180} INFO - Setting next_dagrun for example_branch_dop_operator_v3 to 2026-03-24 06:23:00+00:00, run_after=2026-03-24 06:24:00+00:00
[2026-03-24T06:24:01.031+0000] {processor.py:208} INFO - Processing /home/ec2-user/environment/lab4_model_training/venv/lib64/python3.12/site-packages/airflow/example_dags/example_branch_python_dop_operator_3.py took 0.081 seconds
[2026-03-24T06:25:06.384+0000] {processor.py:186} INFO - Started process (PID=5499) to work on /home/ec2-user/environment/lab4_model_training/venv/lib64/python3.12/site-packages/airflow/example_dags/example_branch_python_dop_operator_3.py
[2026-03-24T06:25:06.385+0000] {processor.py:914} INFO - Processing file /home/ec2-user/environment/lab4_model_training/venv/lib64/python3.12/site-packages/airflow/example_dags/example_branch_python_dop_operator_3.py for tasks to queue
[2026-03-24T06:25:06.387+0000] {logging_mixin.py:190} INFO - [2026-03-24T06:25:06.387+0000] {dagbag.py:588} INFO - Filling up the DagBag from /home/ec2-user/environment/lab4_model_training/venv/lib64/python3.12/site-packages/airflow/example_dags/example_branch_python_dop_operator_3.py
[2026-03-24T06:25:06.400+0000] {processor.py:925} INFO - DAG(s) 'example_branch_dop_operator_v3' retrieved from /home/ec2-user/environment/lab4_model_training/venv/lib64/python3.12/site-packages/airflow/example_dags/example_branch_python_dop_operator_3.py
[2026-03-24T06:25:06.415+0000] {logging_mixin.py:190} INFO - [2026-03-24T06:25:06.415+0000] {dag.py:3239} INFO - Sync 1 DAGs
[2026-03-24T06:25:06.437+0000] {logging_mixin.py:190} INFO - [2026-03-24T06:25:06.437+0000] {dag.py:4180} INFO - Setting next_dagrun for example_branch_dop_operator_v3 to 2026-03-24 06:24:00+00:00, run_after=2026-03-24 06:25:00+00:00
[2026-03-24T06:25:06.459+0000] {processor.py:208} INFO - Processing /home/ec2-user/environment/lab4_model_training/venv/lib64/python3.12/site-packages/airflow/example_dags/example_branch_python_dop_operator_3.py took 0.080 seconds
[2026-03-24T06:26:10.602+0000] {processor.py:186} INFO - Started process (PID=5787) to work on /home/ec2-user/environment/lab4_model_training/venv/lib64/python3.12/site-packages/airflow/example_dags/example_branch_python_dop_operator_3.py
[2026-03-24T06:26:10.603+0000] {processor.py:914} INFO - Processing file /home/ec2-user/environment/lab4_model_training/venv/lib64/python3.12/site-packages/airflow/example_dags/example_branch_python_dop_operator_3.py for tasks to queue
[2026-03-24T06:26:10.614+0000] {logging_mixin.py:190} INFO - [2026-03-24T06:26:10.614+0000] {dagbag.py:588} INFO - Filling up the DagBag from /home/ec2-user/environment/lab4_model_training/venv/lib64/python3.12/site-packages/airflow/example_dags/example_branch_python_dop_operator_3.py
[2026-03-24T06:26:10.627+0000] {processor.py:925} INFO - DAG(s) 'example_branch_dop_operator_v3' retrieved from /home/ec2-user/environment/lab4_model_training/venv/lib64/python3.12/site-packages/airflow/example_dags/example_branch_python_dop_operator_3.py
[2026-03-24T06:26:10.646+0000] {logging_mixin.py:190} INFO - [2026-03-24T06:26:10.646+0000] {dag.py:3239} INFO - Sync 1 DAGs
[2026-03-24T06:26:10.671+0000] {logging_mixin.py:190} INFO - [2026-03-24T06:26:10.671+0000] {dag.py:4180} INFO - Setting next_dagrun for example_branch_dop_operator_v3 to 2026-03-24 06:25:00+00:00, run_after=2026-03-24 06:26:00+00:00
[2026-03-24T06:26:10.693+0000] {processor.py:208} INFO - Processing /home/ec2-user/environment/lab4_model_training/venv/lib64/python3.12/site-packages/airflow/example_dags/example_branch_python_dop_operator_3.py took 0.096 seconds
[2026-03-24T06:27:18.406+0000] {processor.py:186} INFO - Started process (PID=6031) to work on /home/ec2-user/environment/lab4_model_training/venv/lib64/python3.12/site-packages/airflow/example_dags/example_branch_python_dop_operator_3.py
[2026-03-24T06:27:18.407+0000] {processor.py:914} INFO - Processing file /home/ec2-user/environment/lab4_model_training/venv/lib64/python3.12/site-packages/airflow/example_dags/example_branch_python_dop_operator_3.py for tasks to queue
[2026-03-24T06:27:18.410+0000] {logging_mixin.py:190} INFO - [2026-03-24T06:27:18.409+0000] {dagbag.py:588} INFO - Filling up the DagBag from /home/ec2-user/environment/lab4_model_training/venv/lib64/python3.12/site-packages/airflow/example_dags/example_branch_python_dop_operator_3.py
[2026-03-24T06:27:18.422+0000] {processor.py:925} INFO - DAG(s) 'example_branch_dop_operator_v3' retrieved from /home/ec2-user/environment/lab4_model_training/venv/lib64/python3.12/site-packages/airflow/example_dags/example_branch_python_dop_operator_3.py
[2026-03-24T06:27:18.440+0000] {logging_mixin.py:190} INFO - [2026-03-24T06:27:18.440+0000] {dag.py:3239} INFO - Sync 1 DAGs
[2026-03-24T06:27:18.470+0000] {logging_mixin.py:190} INFO - [2026-03-24T06:27:18.470+0000] {dag.py:4180} INFO - Setting next_dagrun for example_branch_dop_operator_v3 to 2026-03-24 06:26:00+00:00, run_after=2026-03-24 06:27:00+00:00
[2026-03-24T06:27:18.493+0000] {processor.py:208} INFO - Processing /home/ec2-user/environment/lab4_model_training/venv/lib64/python3.12/site-packages/airflow/example_dags/example_branch_python_dop_operator_3.py took 0.092 seconds
[2026-03-24T06:28:27.012+0000] {processor.py:186} INFO - Started process (PID=6350) to work on /home/ec2-user/environment/lab4_model_training/venv/lib64/python3.12/site-packages/airflow/example_dags/example_branch_python_dop_operator_3.py
[2026-03-24T06:28:27.013+0000] {processor.py:914} INFO - Processing file /home/ec2-user/environment/lab4_model_training/venv/lib64/python3.12/site-packages/airflow/example_dags/example_branch_python_dop_operator_3.py for tasks to queue
[2026-03-24T06:28:27.015+0000] {logging_mixin.py:190} INFO - [2026-03-24T06:28:27.015+0000] {dagbag.py:588} INFO - Filling up the DagBag from /home/ec2-user/environment/lab4_model_training/venv/lib64/python3.12/site-packages/airflow/example_dags/example_branch_python_dop_operator_3.py
[2026-03-24T06:28:27.027+0000] {processor.py:925} INFO - DAG(s) 'example_branch_dop_operator_v3' retrieved from /home/ec2-user/environment/lab4_model_training/venv/lib64/python3.12/site-packages/airflow/example_dags/example_branch_python_dop_operator_3.py
[2026-03-24T06:28:27.044+0000] {logging_mixin.py:190} INFO - [2026-03-24T06:28:27.044+0000] {dag.py:3239} INFO - Sync 1 DAGs
[2026-03-24T06:28:27.073+0000] {logging_mixin.py:190} INFO - [2026-03-24T06:28:27.073+0000] {dag.py:4180} INFO - Setting next_dagrun for example_branch_dop_operator_v3 to 2026-03-24 06:27:00+00:00, run_after=2026-03-24 06:28:00+00:00
[2026-03-24T06:28:27.097+0000] {processor.py:208} INFO - Processing /home/ec2-user/environment/lab4_model_training/venv/lib64/python3.12/site-packages/airflow/example_dags/example_branch_python_dop_operator_3.py took 0.090 seconds
[2026-03-24T06:29:30.813+0000] {processor.py:186} INFO - Started process (PID=6685) to work on /home/ec2-user/environment/lab4_model_training/venv/lib64/python3.12/site-packages/airflow/example_dags/example_branch_python_dop_operator_3.py
[2026-03-24T06:29:30.814+0000] {processor.py:914} INFO - Processing file /home/ec2-user/environment/lab4_model_training/venv/lib64/python3.12/site-packages/airflow/example_dags/example_branch_python_dop_operator_3.py for tasks to queue
[2026-03-24T06:29:30.817+0000] {logging_mixin.py:190} INFO - [2026-03-24T06:29:30.816+0000] {dagbag.py:588} INFO - Filling up the DagBag from /home/ec2-user/environment/lab4_model_training/venv/lib64/python3.12/site-packages/airflow/example_dags/example_branch_python_dop_operator_3.py
[2026-03-24T06:29:30.830+0000] {processor.py:925} INFO - DAG(s) 'example_branch_dop_operator_v3' retrieved from /home/ec2-user/environment/lab4_model_training/venv/lib64/python3.12/site-packages/airflow/example_dags/example_branch_python_dop_operator_3.py
[2026-03-24T06:29:30.853+0000] {logging_mixin.py:190} INFO - [2026-03-24T06:29:30.853+0000] {dag.py:3239} INFO - Sync 1 DAGs
[2026-03-24T06:29:30.882+0000] {logging_mixin.py:190} INFO - [2026-03-24T06:29:30.882+0000] {dag.py:4180} INFO - Setting next_dagrun for example_branch_dop_operator_v3 to 2026-03-24 06:28:00+00:00, run_after=2026-03-24 06:29:00+00:00
[2026-03-24T06:29:30.904+0000] {processor.py:208} INFO - Processing /home/ec2-user/environment/lab4_model_training/venv/lib64/python3.12/site-packages/airflow/example_dags/example_branch_python_dop_operator_3.py took 0.096 seconds
[2026-03-24T06:30:31.361+0000] {processor.py:186} INFO - Started process (PID=6999) to work on /home/ec2-user/environment/lab4_model_training/venv/lib64/python3.12/site-packages/airflow/example_dags/example_branch_python_dop_operator_3.py
[2026-03-24T06:30:31.363+0000] {processor.py:914} INFO - Processing file /home/ec2-user/environment/lab4_model_training/venv/lib64/python3.12/site-packages/airflow/example_dags/example_branch_python_dop_operator_3.py for tasks to queue
[2026-03-24T06:30:31.365+0000] {logging_mixin.py:190} INFO - [2026-03-24T06:30:31.364+0000] {dagbag.py:588} INFO - Filling up the DagBag from /home/ec2-user/environment/lab4_model_training/venv/lib64/python3.12/site-packages/airflow/example_dags/example_branch_python_dop_operator_3.py
[2026-03-24T06:30:31.377+0000] {processor.py:925} INFO - DAG(s) 'example_branch_dop_operator_v3' retrieved from /home/ec2-user/environment/lab4_model_training/venv/lib64/python3.12/site-packages/airflow/example_dags/example_branch_python_dop_operator_3.py
[2026-03-24T06:30:31.394+0000] {logging_mixin.py:190} INFO - [2026-03-24T06:30:31.394+0000] {dag.py:3239} INFO - Sync 1 DAGs
[2026-03-24T06:30:31.416+0000] {logging_mixin.py:190} INFO - [2026-03-24T06:30:31.415+0000] {dag.py:4180} INFO - Setting next_dagrun for example_branch_dop_operator_v3 to 2026-03-24 06:29:00+00:00, run_after=2026-03-24 06:30:00+00:00
[2026-03-24T06:30:31.438+0000] {processor.py:208} INFO - Processing /home/ec2-user/environment/lab4_model_training/venv/lib64/python3.12/site-packages/airflow/example_dags/example_branch_python_dop_operator_3.py took 0.081 seconds
[2026-03-24T06:31:31.917+0000] {processor.py:186} INFO - Started process (PID=7263) to work on /home/ec2-user/environment/lab4_model_training/venv/lib64/python3.12/site-packages/airflow/example_dags/example_branch_python_dop_operator_3.py
[2026-03-24T06:31:31.918+0000] {processor.py:914} INFO - Processing file /home/ec2-user/environment/lab4_model_training/venv/lib64/python3.12/site-packages/airflow/example_dags/example_branch_python_dop_operator_3.py for tasks to queue
[2026-03-24T06:31:31.921+0000] {logging_mixin.py:190} INFO - [2026-03-24T06:31:31.920+0000] {dagbag.py:588} INFO - Filling up the DagBag from /home/ec2-user/environment/lab4_model_training/venv/lib64/python3.12/site-packages/airflow/example_dags/example_branch_python_dop_operator_3.py
[2026-03-24T06:31:31.934+0000] {processor.py:925} INFO - DAG(s) 'example_branch_dop_operator_v3' retrieved from /home/ec2-user/environment/lab4_model_training/venv/lib64/python3.12/site-packages/airflow/example_dags/example_branch_python_dop_operator_3.py
[2026-03-24T06:31:31.952+0000] {logging_mixin.py:190} INFO - [2026-03-24T06:31:31.952+0000] {dag.py:3239} INFO - Sync 1 DAGs
[2026-03-24T06:31:31.974+0000] {logging_mixin.py:190} INFO - [2026-03-24T06:31:31.974+0000] {dag.py:4180} INFO - Setting next_dagrun for example_branch_dop_operator_v3 to 2026-03-24 06:30:00+00:00, run_after=2026-03-24 06:31:00+00:00
[2026-03-24T06:31:31.996+0000] {processor.py:208} INFO - Processing /home/ec2-user/environment/lab4_model_training/venv/lib64/python3.12/site-packages/airflow/example_dags/example_branch_python_dop_operator_3.py took 0.083 seconds
[2026-03-24T06:32:42.560+0000] {processor.py:186} INFO - Started process (PID=7615) to work on /home/ec2-user/environment/lab4_model_training/venv/lib64/python3.12/site-packages/airflow/example_dags/example_branch_python_dop_operator_3.py
[2026-03-24T06:32:42.562+0000] {processor.py:914} INFO - Processing file /home/ec2-user/environment/lab4_model_training/venv/lib64/python3.12/site-packages/airflow/example_dags/example_branch_python_dop_operator_3.py for tasks to queue
[2026-03-24T06:32:42.564+0000] {logging_mixin.py:190} INFO - [2026-03-24T06:32:42.563+0000] {dagbag.py:588} INFO - Filling up the DagBag from /home/ec2-user/environment/lab4_model_training/venv/lib64/python3.12/site-packages/airflow/example_dags/example_branch_python_dop_operator_3.py
[2026-03-24T06:32:42.576+0000] {processor.py:925} INFO - DAG(s) 'example_branch_dop_operator_v3' retrieved from /home/ec2-user/environment/lab4_model_training/venv/lib64/python3.12/site-packages/airflow/example_dags/example_branch_python_dop_operator_3.py
[2026-03-24T06:32:42.591+0000] {logging_mixin.py:190} INFO - [2026-03-24T06:32:42.591+0000] {dag.py:3239} INFO - Sync 1 DAGs
[2026-03-24T06:32:42.614+0000] {logging_mixin.py:190} INFO - [2026-03-24T06:32:42.614+0000] {dag.py:4180} INFO - Setting next_dagrun for example_branch_dop_operator_v3 to 2026-03-24 06:31:00+00:00, run_after=2026-03-24 06:32:00+00:00
[2026-03-24T06:32:42.635+0000] {processor.py:208} INFO - Processing /home/ec2-user/environment/lab4_model_training/venv/lib64/python3.12/site-packages/airflow/example_dags/example_branch_python_dop_operator_3.py took 0.079 seconds
[2026-03-24T06:33:46.481+0000] {processor.py:186} INFO - Started process (PID=7892) to work on /home/ec2-user/environment/lab4_model_training/venv/lib64/python3.12/site-packages/airflow/example_dags/example_branch_python_dop_operator_3.py
[2026-03-24T06:33:46.482+0000] {processor.py:914} INFO - Processing file /home/ec2-user/environment/lab4_model_training/venv/lib64/python3.12/site-packages/airflow/example_dags/example_branch_python_dop_operator_3.py for tasks to queue
[2026-03-24T06:33:46.484+0000] {logging_mixin.py:190} INFO - [2026-03-24T06:33:46.484+0000] {dagbag.py:588} INFO - Filling up the DagBag from /home/ec2-user/environment/lab4_model_training/venv/lib64/python3.12/site-packages/airflow/example_dags/example_branch_python_dop_operator_3.py
[2026-03-24T06:33:46.496+0000] {processor.py:925} INFO - DAG(s) 'example_branch_dop_operator_v3' retrieved from /home/ec2-user/environment/lab4_model_training/venv/lib64/python3.12/site-packages/airflow/example_dags/example_branch_python_dop_operator_3.py
[2026-03-24T06:33:46.511+0000] {logging_mixin.py:190} INFO - [2026-03-24T06:33:46.511+0000] {dag.py:3239} INFO - Sync 1 DAGs
[2026-03-24T06:33:46.533+0000] {logging_mixin.py:190} INFO - [2026-03-24T06:33:46.533+0000] {dag.py:4180} INFO - Setting next_dagrun for example_branch_dop_operator_v3 to 2026-03-24 06:32:00+00:00, run_after=2026-03-24 06:33:00+00:00
[2026-03-24T06:33:46.555+0000] {processor.py:208} INFO - Processing /home/ec2-user/environment/lab4_model_training/venv/lib64/python3.12/site-packages/airflow/example_dags/example_branch_python_dop_operator_3.py took 0.078 seconds
[2026-03-24T06:34:46.797+0000] {processor.py:186} INFO - Started process (PID=8105) to work on /home/ec2-user/environment/lab4_model_training/venv/lib64/python3.12/site-packages/airflow/example_dags/example_branch_python_dop_operator_3.py
[2026-03-24T06:34:46.798+0000] {processor.py:914} INFO - Processing file /home/ec2-user/environment/lab4_model_training/venv/lib64/python3.12/site-packages/airflow/example_dags/example_branch_python_dop_operator_3.py for tasks to queue
[2026-03-24T06:34:46.800+0000] {logging_mixin.py:190} INFO - [2026-03-24T06:34:46.800+0000] {dagbag.py:588} INFO - Filling up the DagBag from /home/ec2-user/environment/lab4_model_training/venv/lib64/python3.12/site-packages/airflow/example_dags/example_branch_python_dop_operator_3.py
[2026-03-24T06:34:46.813+0000] {processor.py:925} INFO - DAG(s) 'example_branch_dop_operator_v3' retrieved from /home/ec2-user/environment/lab4_model_training/venv/lib64/python3.12/site-packages/airflow/example_dags/example_branch_python_dop_operator_3.py
[2026-03-24T06:34:46.828+0000] {logging_mixin.py:190} INFO - [2026-03-24T06:34:46.828+0000] {dag.py:3239} INFO - Sync 1 DAGs
[2026-03-24T06:34:46.850+0000] {logging_mixin.py:190} INFO - [2026-03-24T06:34:46.850+0000] {dag.py:4180} INFO - Setting next_dagrun for example_branch_dop_operator_v3 to 2026-03-24 06:33:00+00:00, run_after=2026-03-24 06:34:00+00:00
[2026-03-24T06:34:46.871+0000] {processor.py:208} INFO - Processing /home/ec2-user/environment/lab4_model_training/venv/lib64/python3.12/site-packages/airflow/example_dags/example_branch_python_dop_operator_3.py took 0.079 seconds
[2026-03-24T06:35:53.807+0000] {processor.py:186} INFO - Started process (PID=8425) to work on /home/ec2-user/environment/lab4_model_training/venv/lib64/python3.12/site-packages/airflow/example_dags/example_branch_python_dop_operator_3.py
[2026-03-24T06:35:53.809+0000] {processor.py:914} INFO - Processing file /home/ec2-user/environment/lab4_model_training/venv/lib64/python3.12/site-packages/airflow/example_dags/example_branch_python_dop_operator_3.py for tasks to queue
[2026-03-24T06:35:53.811+0000] {logging_mixin.py:190} INFO - [2026-03-24T06:35:53.811+0000] {dagbag.py:588} INFO - Filling up the DagBag from /home/ec2-user/environment/lab4_model_training/venv/lib64/python3.12/site-packages/airflow/example_dags/example_branch_python_dop_operator_3.py
[2026-03-24T06:35:53.824+0000] {processor.py:925} INFO - DAG(s) 'example_branch_dop_operator_v3' retrieved from /home/ec2-user/environment/lab4_model_training/venv/lib64/python3.12/site-packages/airflow/example_dags/example_branch_python_dop_operator_3.py
[2026-03-24T06:35:53.839+0000] {logging_mixin.py:190} INFO - [2026-03-24T06:35:53.839+0000] {dag.py:3239} INFO - Sync 1 DAGs
[2026-03-24T06:35:53.861+0000] {logging_mixin.py:190} INFO - [2026-03-24T06:35:53.861+0000] {dag.py:4180} INFO - Setting next_dagrun for example_branch_dop_operator_v3 to 2026-03-24 06:34:00+00:00, run_after=2026-03-24 06:35:00+00:00
[2026-03-24T06:35:53.883+0000] {processor.py:208} INFO - Processing /home/ec2-user/environment/lab4_model_training/venv/lib64/python3.12/site-packages/airflow/example_dags/example_branch_python_dop_operator_3.py took 0.081 seconds
[2026-03-24T06:36:58.559+0000] {processor.py:186} INFO - Started process (PID=8746) to work on /home/ec2-user/environment/lab4_model_training/venv/lib64/python3.12/site-packages/airflow/example_dags/example_branch_python_dop_operator_3.py
[2026-03-24T06:36:58.560+0000] {processor.py:914} INFO - Processing file /home/ec2-user/environment/lab4_model_training/venv/lib64/python3.12/site-packages/airflow/example_dags/example_branch_python_dop_operator_3.py for tasks to queue
[2026-03-24T06:36:58.562+0000] {logging_mixin.py:190} INFO - [2026-03-24T06:36:58.562+0000] {dagbag.py:588} INFO - Filling up the DagBag from /home/ec2-user/environment/lab4_model_training/venv/lib64/python3.12/site-packages/airflow/example_dags/example_branch_python_dop_operator_3.py
[2026-03-24T06:36:58.575+0000] {processor.py:925} INFO - DAG(s) 'example_branch_dop_operator_v3' retrieved from /home/ec2-user/environment/lab4_model_training/venv/lib64/python3.12/site-packages/airflow/example_dags/example_branch_python_dop_operator_3.py
[2026-03-24T06:36:58.590+0000] {logging_mixin.py:190} INFO - [2026-03-24T06:36:58.589+0000] {dag.py:3239} INFO - Sync 1 DAGs
[2026-03-24T06:36:58.611+0000] {logging_mixin.py:190} INFO - [2026-03-24T06:36:58.611+0000] {dag.py:4180} INFO - Setting next_dagrun for example_branch_dop_operator_v3 to 2026-03-24 06:35:00+00:00, run_after=2026-03-24 06:36:00+00:00
[2026-03-24T06:36:58.633+0000] {processor.py:208} INFO - Processing /home/ec2-user/environment/lab4_model_training/venv/lib64/python3.12/site-packages/airflow/example_dags/example_branch_python_dop_operator_3.py took 0.079 seconds
[2026-03-24T06:38:06.018+0000] {processor.py:186} INFO - Started process (PID=9110) to work on /home/ec2-user/environment/lab4_model_training/venv/lib64/python3.12/site-packages/airflow/example_dags/example_branch_python_dop_operator_3.py
[2026-03-24T06:38:06.019+0000] {processor.py:914} INFO - Processing file /home/ec2-user/environment/lab4_model_training/venv/lib64/python3.12/site-packages/airflow/example_dags/example_branch_python_dop_operator_3.py for tasks to queue
[2026-03-24T06:38:06.021+0000] {logging_mixin.py:190} INFO - [2026-03-24T06:38:06.021+0000] {dagbag.py:588} INFO - Filling up the DagBag from /home/ec2-user/environment/lab4_model_training/venv/lib64/python3.12/site-packages/airflow/example_dags/example_branch_python_dop_operator_3.py
[2026-03-24T06:38:06.034+0000] {processor.py:925} INFO - DAG(s) 'example_branch_dop_operator_v3' retrieved from /home/ec2-user/environment/lab4_model_training/venv/lib64/python3.12/site-packages/airflow/example_dags/example_branch_python_dop_operator_3.py
[2026-03-24T06:38:06.053+0000] {logging_mixin.py:190} INFO - [2026-03-24T06:38:06.053+0000] {dag.py:3239} INFO - Sync 1 DAGs
[2026-03-24T06:38:06.083+0000] {logging_mixin.py:190} INFO - [2026-03-24T06:38:06.083+0000] {dag.py:4180} INFO - Setting next_dagrun for example_branch_dop_operator_v3 to 2026-03-24 06:37:00+00:00, run_after=2026-03-24 06:38:00+00:00
[2026-03-24T06:38:06.108+0000] {processor.py:208} INFO - Processing /home/ec2-user/environment/lab4_model_training/venv/lib64/python3.12/site-packages/airflow/example_dags/example_branch_python_dop_operator_3.py took 0.095 seconds
[2026-03-24T06:39:14.882+0000] {processor.py:186} INFO - Started process (PID=9385) to work on /home/ec2-user/environment/lab4_model_training/venv/lib64/python3.12/site-packages/airflow/example_dags/example_branch_python_dop_operator_3.py
[2026-03-24T06:39:14.883+0000] {processor.py:914} INFO - Processing file /home/ec2-user/environment/lab4_model_training/venv/lib64/python3.12/site-packages/airflow/example_dags/example_branch_python_dop_operator_3.py for tasks to queue
[2026-03-24T06:39:14.885+0000] {logging_mixin.py:190} INFO - [2026-03-24T06:39:14.885+0000] {dagbag.py:588} INFO - Filling up the DagBag from /home/ec2-user/environment/lab4_model_training/venv/lib64/python3.12/site-packages/airflow/example_dags/example_branch_python_dop_operator_3.py
[2026-03-24T06:39:14.897+0000] {processor.py:925} INFO - DAG(s) 'example_branch_dop_operator_v3' retrieved from /home/ec2-user/environment/lab4_model_training/venv/lib64/python3.12/site-packages/airflow/example_dags/example_branch_python_dop_operator_3.py
[2026-03-24T06:39:14.913+0000] {logging_mixin.py:190} INFO - [2026-03-24T06:39:14.912+0000] {dag.py:3239} INFO - Sync 1 DAGs
[2026-03-24T06:39:14.933+0000] {logging_mixin.py:190} INFO - [2026-03-24T06:39:14.933+0000] {dag.py:4180} INFO - Setting next_dagrun for example_branch_dop_operator_v3 to 2026-03-24 06:38:00+00:00, run_after=2026-03-24 06:39:00+00:00
[2026-03-24T06:39:14.955+0000] {processor.py:208} INFO - Processing /home/ec2-user/environment/lab4_model_training/venv/lib64/python3.12/site-packages/airflow/example_dags/example_branch_python_dop_operator_3.py took 0.078 seconds
[2026-03-24T06:40:22.496+0000] {processor.py:186} INFO - Started process (PID=9696) to work on /home/ec2-user/environment/lab4_model_training/venv/lib64/python3.12/site-packages/airflow/example_dags/example_branch_python_dop_operator_3.py
[2026-03-24T06:40:22.498+0000] {processor.py:914} INFO - Processing file /home/ec2-user/environment/lab4_model_training/venv/lib64/python3.12/site-packages/airflow/example_dags/example_branch_python_dop_operator_3.py for tasks to queue
[2026-03-24T06:40:22.500+0000] {logging_mixin.py:190} INFO - [2026-03-24T06:40:22.499+0000] {dagbag.py:588} INFO - Filling up the DagBag from /home/ec2-user/environment/lab4_model_training/venv/lib64/python3.12/site-packages/airflow/example_dags/example_branch_python_dop_operator_3.py
[2026-03-24T06:40:22.512+0000] {processor.py:925} INFO - DAG(s) 'example_branch_dop_operator_v3' retrieved from /home/ec2-user/environment/lab4_model_training/venv/lib64/python3.12/site-packages/airflow/example_dags/example_branch_python_dop_operator_3.py
[2026-03-24T06:40:22.528+0000] {logging_mixin.py:190} INFO - [2026-03-24T06:40:22.528+0000] {dag.py:3239} INFO - Sync 1 DAGs
[2026-03-24T06:40:22.551+0000] {logging_mixin.py:190} INFO - [2026-03-24T06:40:22.551+0000] {dag.py:4180} INFO - Setting next_dagrun for example_branch_dop_operator_v3 to 2026-03-24 06:39:00+00:00, run_after=2026-03-24 06:40:00+00:00
[2026-03-24T06:40:22.573+0000] {processor.py:208} INFO - Processing /home/ec2-user/environment/lab4_model_training/venv/lib64/python3.12/site-packages/airflow/example_dags/example_branch_python_dop_operator_3.py took 0.081 seconds
[2026-03-24T06:41:30.659+0000] {processor.py:186} INFO - Started process (PID=10031) to work on /home/ec2-user/environment/lab4_model_training/venv/lib64/python3.12/site-packages/airflow/example_dags/example_branch_python_dop_operator_3.py
[2026-03-24T06:41:30.661+0000] {processor.py:914} INFO - Processing file /home/ec2-user/environment/lab4_model_training/venv/lib64/python3.12/site-packages/airflow/example_dags/example_branch_python_dop_operator_3.py for tasks to queue
[2026-03-24T06:41:30.663+0000] {logging_mixin.py:190} INFO - [2026-03-24T06:41:30.662+0000] {dagbag.py:588} INFO - Filling up the DagBag from /home/ec2-user/environment/lab4_model_training/venv/lib64/python3.12/site-packages/airflow/example_dags/example_branch_python_dop_operator_3.py
[2026-03-24T06:41:30.676+0000] {processor.py:925} INFO - DAG(s) 'example_branch_dop_operator_v3' retrieved from /home/ec2-user/environment/lab4_model_training/venv/lib64/python3.12/site-packages/airflow/example_dags/example_branch_python_dop_operator_3.py
[2026-03-24T06:41:30.692+0000] {logging_mixin.py:190} INFO - [2026-03-24T06:41:30.692+0000] {dag.py:3239} INFO - Sync 1 DAGs
[2026-03-24T06:41:30.715+0000] {logging_mixin.py:190} INFO - [2026-03-24T06:41:30.715+0000] {dag.py:4180} INFO - Setting next_dagrun for example_branch_dop_operator_v3 to 2026-03-24 06:40:00+00:00, run_after=2026-03-24 06:41:00+00:00
[2026-03-24T06:41:30.738+0000] {processor.py:208} INFO - Processing /home/ec2-user/environment/lab4_model_training/venv/lib64/python3.12/site-packages/airflow/example_dags/example_branch_python_dop_operator_3.py took 0.084 seconds
[2026-03-24T06:42:42.413+0000] {processor.py:186} INFO - Started process (PID=10479) to work on /home/ec2-user/environment/lab4_model_training/venv/lib64/python3.12/site-packages/airflow/example_dags/example_branch_python_dop_operator_3.py
[2026-03-24T06:42:42.414+0000] {processor.py:914} INFO - Processing file /home/ec2-user/environment/lab4_model_training/venv/lib64/python3.12/site-packages/airflow/example_dags/example_branch_python_dop_operator_3.py for tasks to queue
[2026-03-24T06:42:42.416+0000] {logging_mixin.py:190} INFO - [2026-03-24T06:42:42.416+0000] {dagbag.py:588} INFO - Filling up the DagBag from /home/ec2-user/environment/lab4_model_training/venv/lib64/python3.12/site-packages/airflow/example_dags/example_branch_python_dop_operator_3.py
[2026-03-24T06:42:42.429+0000] {processor.py:925} INFO - DAG(s) 'example_branch_dop_operator_v3' retrieved from /home/ec2-user/environment/lab4_model_training/venv/lib64/python3.12/site-packages/airflow/example_dags/example_branch_python_dop_operator_3.py
[2026-03-24T06:42:42.448+0000] {logging_mixin.py:190} INFO - [2026-03-24T06:42:42.448+0000] {dag.py:3239} INFO - Sync 1 DAGs
[2026-03-24T06:42:42.480+0000] {logging_mixin.py:190} INFO - [2026-03-24T06:42:42.480+0000] {dag.py:4180} INFO - Setting next_dagrun for example_branch_dop_operator_v3 to 2026-03-24 06:41:00+00:00, run_after=2026-03-24 06:42:00+00:00
[2026-03-24T06:42:42.506+0000] {processor.py:208} INFO - Processing /home/ec2-user/environment/lab4_model_training/venv/lib64/python3.12/site-packages/airflow/example_dags/example_branch_python_dop_operator_3.py took 0.101 seconds
[2026-03-24T06:43:46.248+0000] {processor.py:186} INFO - Started process (PID=10759) to work on /home/ec2-user/environment/lab4_model_training/venv/lib64/python3.12/site-packages/airflow/example_dags/example_branch_python_dop_operator_3.py
[2026-03-24T06:43:46.249+0000] {processor.py:914} INFO - Processing file /home/ec2-user/environment/lab4_model_training/venv/lib64/python3.12/site-packages/airflow/example_dags/example_branch_python_dop_operator_3.py for tasks to queue
[2026-03-24T06:43:46.252+0000] {logging_mixin.py:190} INFO - [2026-03-24T06:43:46.251+0000] {dagbag.py:588} INFO - Filling up the DagBag from /home/ec2-user/environment/lab4_model_training/venv/lib64/python3.12/site-packages/airflow/example_dags/example_branch_python_dop_operator_3.py
[2026-03-24T06:43:46.264+0000] {processor.py:925} INFO - DAG(s) 'example_branch_dop_operator_v3' retrieved from /home/ec2-user/environment/lab4_model_training/venv/lib64/python3.12/site-packages/airflow/example_dags/example_branch_python_dop_operator_3.py
[2026-03-24T06:43:46.281+0000] {logging_mixin.py:190} INFO - [2026-03-24T06:43:46.281+0000] {dag.py:3239} INFO - Sync 1 DAGs
[2026-03-24T06:43:46.302+0000] {logging_mixin.py:190} INFO - [2026-03-24T06:43:46.302+0000] {dag.py:4180} INFO - Setting next_dagrun for example_branch_dop_operator_v3 to 2026-03-24 06:42:00+00:00, run_after=2026-03-24 06:43:00+00:00
[2026-03-24T06:43:46.325+0000] {processor.py:208} INFO - Processing /home/ec2-user/environment/lab4_model_training/venv/lib64/python3.12/site-packages/airflow/example_dags/example_branch_python_dop_operator_3.py took 0.082 seconds
[2026-03-24T06:44:54.250+0000] {processor.py:186} INFO - Started process (PID=11182) to work on /home/ec2-user/environment/lab4_model_training/venv/lib64/python3.12/site-packages/airflow/example_dags/example_branch_python_dop_operator_3.py
[2026-03-24T06:44:54.252+0000] {processor.py:914} INFO - Processing file /home/ec2-user/environment/lab4_model_training/venv/lib64/python3.12/site-packages/airflow/example_dags/example_branch_python_dop_operator_3.py for tasks to queue
[2026-03-24T06:44:54.254+0000] {logging_mixin.py:190} INFO - [2026-03-24T06:44:54.253+0000] {dagbag.py:588} INFO - Filling up the DagBag from /home/ec2-user/environment/lab4_model_training/venv/lib64/python3.12/site-packages/airflow/example_dags/example_branch_python_dop_operator_3.py
[2026-03-24T06:44:54.266+0000] {processor.py:925} INFO - DAG(s) 'example_branch_dop_operator_v3' retrieved from /home/ec2-user/environment/lab4_model_training/venv/lib64/python3.12/site-packages/airflow/example_dags/example_branch_python_dop_operator_3.py
[2026-03-24T06:44:54.282+0000] {logging_mixin.py:190} INFO - [2026-03-24T06:44:54.282+0000] {dag.py:3239} INFO - Sync 1 DAGs
[2026-03-24T06:44:54.304+0000] {logging_mixin.py:190} INFO - [2026-03-24T06:44:54.304+0000] {dag.py:4180} INFO - Setting next_dagrun for example_branch_dop_operator_v3 to 2026-03-24 06:43:00+00:00, run_after=2026-03-24 06:44:00+00:00
[2026-03-24T06:44:54.326+0000] {processor.py:208} INFO - Processing /home/ec2-user/environment/lab4_model_training/venv/lib64/python3.12/site-packages/airflow/example_dags/example_branch_python_dop_operator_3.py took 0.081 seconds
[2026-03-24T06:46:00.212+0000] {processor.py:186} INFO - Started process (PID=11574) to work on /home/ec2-user/environment/lab4_model_training/venv/lib64/python3.12/site-packages/airflow/example_dags/example_branch_python_dop_operator_3.py
[2026-03-24T06:46:00.219+0000] {processor.py:914} INFO - Processing file /home/ec2-user/environment/lab4_model_training/venv/lib64/python3.12/site-packages/airflow/example_dags/example_branch_python_dop_operator_3.py for tasks to queue
[2026-03-24T06:46:00.224+0000] {logging_mixin.py:190} INFO - [2026-03-24T06:46:00.224+0000] {dagbag.py:588} INFO - Filling up the DagBag from /home/ec2-user/environment/lab4_model_training/venv/lib64/python3.12/site-packages/airflow/example_dags/example_branch_python_dop_operator_3.py
[2026-03-24T06:46:00.245+0000] {processor.py:925} INFO - DAG(s) 'example_branch_dop_operator_v3' retrieved from /home/ec2-user/environment/lab4_model_training/venv/lib64/python3.12/site-packages/airflow/example_dags/example_branch_python_dop_operator_3.py
[2026-03-24T06:46:00.270+0000] {logging_mixin.py:190} INFO - [2026-03-24T06:46:00.270+0000] {dag.py:3239} INFO - Sync 1 DAGs
[2026-03-24T06:46:00.312+0000] {logging_mixin.py:190} INFO - [2026-03-24T06:46:00.312+0000] {dag.py:4180} INFO - Setting next_dagrun for example_branch_dop_operator_v3 to 2026-03-24 06:45:00+00:00, run_after=2026-03-24 06:46:00+00:00
[2026-03-24T06:46:00.355+0000] {processor.py:208} INFO - Processing /home/ec2-user/environment/lab4_model_training/venv/lib64/python3.12/site-packages/airflow/example_dags/example_branch_python_dop_operator_3.py took 0.150 seconds
[2026-03-24T06:46:47.040+0000] {processor.py:186} INFO - Started process (PID=11740) to work on /home/ec2-user/environment/lab4_model_training/venv/lib64/python3.12/site-packages/airflow/example_dags/example_branch_python_dop_operator_3.py
[2026-03-24T06:46:47.041+0000] {processor.py:914} INFO - Processing file /home/ec2-user/environment/lab4_model_training/venv/lib64/python3.12/site-packages/airflow/example_dags/example_branch_python_dop_operator_3.py for tasks to queue
[2026-03-24T06:46:47.043+0000] {logging_mixin.py:190} INFO - [2026-03-24T06:46:47.043+0000] {dagbag.py:588} INFO - Filling up the DagBag from /home/ec2-user/environment/lab4_model_training/venv/lib64/python3.12/site-packages/airflow/example_dags/example_branch_python_dop_operator_3.py
[2026-03-24T06:46:47.056+0000] {processor.py:925} INFO - DAG(s) 'example_branch_dop_operator_v3' retrieved from /home/ec2-user/environment/lab4_model_training/venv/lib64/python3.12/site-packages/airflow/example_dags/example_branch_python_dop_operator_3.py
[2026-03-24T06:46:47.072+0000] {logging_mixin.py:190} INFO - [2026-03-24T06:46:47.072+0000] {dag.py:3239} INFO - Sync 1 DAGs
[2026-03-24T06:46:47.094+0000] {logging_mixin.py:190} INFO - [2026-03-24T06:46:47.094+0000] {dag.py:4180} INFO - Setting next_dagrun for example_branch_dop_operator_v3 to 2026-03-24 06:45:00+00:00, run_after=2026-03-24 06:46:00+00:00
[2026-03-24T06:46:47.117+0000] {processor.py:208} INFO - Processing /home/ec2-user/environment/lab4_model_training/venv/lib64/python3.12/site-packages/airflow/example_dags/example_branch_python_dop_operator_3.py took 0.082 seconds
[2026-03-24T06:47:29.653+0000] {processor.py:186} INFO - Started process (PID=11895) to work on /home/ec2-user/environment/lab4_model_training/venv/lib64/python3.12/site-packages/airflow/example_dags/example_branch_python_dop_operator_3.py
[2026-03-24T06:47:29.654+0000] {processor.py:914} INFO - Processing file /home/ec2-user/environment/lab4_model_training/venv/lib64/python3.12/site-packages/airflow/example_dags/example_branch_python_dop_operator_3.py for tasks to queue
[2026-03-24T06:47:29.656+0000] {logging_mixin.py:190} INFO - [2026-03-24T06:47:29.656+0000] {dagbag.py:588} INFO - Filling up the DagBag from /home/ec2-user/environment/lab4_model_training/venv/lib64/python3.12/site-packages/airflow/example_dags/example_branch_python_dop_operator_3.py
[2026-03-24T06:47:29.669+0000] {processor.py:925} INFO - DAG(s) 'example_branch_dop_operator_v3' retrieved from /home/ec2-user/environment/lab4_model_training/venv/lib64/python3.12/site-packages/airflow/example_dags/example_branch_python_dop_operator_3.py
[2026-03-24T06:47:29.684+0000] {logging_mixin.py:190} INFO - [2026-03-24T06:47:29.684+0000] {dag.py:3239} INFO - Sync 1 DAGs
[2026-03-24T06:47:29.706+0000] {logging_mixin.py:190} INFO - [2026-03-24T06:47:29.706+0000] {dag.py:4180} INFO - Setting next_dagrun for example_branch_dop_operator_v3 to 2026-03-24 06:46:00+00:00, run_after=2026-03-24 06:47:00+00:00
[2026-03-24T06:47:29.729+0000] {processor.py:208} INFO - Processing /home/ec2-user/environment/lab4_model_training/venv/lib64/python3.12/site-packages/airflow/example_dags/example_branch_python_dop_operator_3.py took 0.080 seconds
[2026-03-24T06:48:36.535+0000] {processor.py:186} INFO - Started process (PID=12192) to work on /home/ec2-user/environment/lab4_model_training/venv/lib64/python3.12/site-packages/airflow/example_dags/example_branch_python_dop_operator_3.py
[2026-03-24T06:48:36.536+0000] {processor.py:914} INFO - Processing file /home/ec2-user/environment/lab4_model_training/venv/lib64/python3.12/site-packages/airflow/example_dags/example_branch_python_dop_operator_3.py for tasks to queue
[2026-03-24T06:48:36.539+0000] {logging_mixin.py:190} INFO - [2026-03-24T06:48:36.539+0000] {dagbag.py:588} INFO - Filling up the DagBag from /home/ec2-user/environment/lab4_model_training/venv/lib64/python3.12/site-packages/airflow/example_dags/example_branch_python_dop_operator_3.py
[2026-03-24T06:48:36.552+0000] {processor.py:925} INFO - DAG(s) 'example_branch_dop_operator_v3' retrieved from /home/ec2-user/environment/lab4_model_training/venv/lib64/python3.12/site-packages/airflow/example_dags/example_branch_python_dop_operator_3.py
[2026-03-24T06:48:36.573+0000] {logging_mixin.py:190} INFO - [2026-03-24T06:48:36.573+0000] {dag.py:3239} INFO - Sync 1 DAGs
[2026-03-24T06:48:36.596+0000] {logging_mixin.py:190} INFO - [2026-03-24T06:48:36.596+0000] {dag.py:4180} INFO - Setting next_dagrun for example_branch_dop_operator_v3 to 2026-03-24 06:47:00+00:00, run_after=2026-03-24 06:48:00+00:00
[2026-03-24T06:48:36.623+0000] {processor.py:208} INFO - Processing /home/ec2-user/environment/lab4_model_training/venv/lib64/python3.12/site-packages/airflow/example_dags/example_branch_python_dop_operator_3.py took 0.093 seconds
[2026-03-24T06:49:41.644+0000] {processor.py:186} INFO - Started process (PID=12463) to work on /home/ec2-user/environment/lab4_model_training/venv/lib64/python3.12/site-packages/airflow/example_dags/example_branch_python_dop_operator_3.py
[2026-03-24T06:49:41.645+0000] {processor.py:914} INFO - Processing file /home/ec2-user/environment/lab4_model_training/venv/lib64/python3.12/site-packages/airflow/example_dags/example_branch_python_dop_operator_3.py for tasks to queue
[2026-03-24T06:49:41.647+0000] {logging_mixin.py:190} INFO - [2026-03-24T06:49:41.647+0000] {dagbag.py:588} INFO - Filling up the DagBag from /home/ec2-user/environment/lab4_model_training/venv/lib64/python3.12/site-packages/airflow/example_dags/example_branch_python_dop_operator_3.py
[2026-03-24T06:49:41.659+0000] {processor.py:925} INFO - DAG(s) 'example_branch_dop_operator_v3' retrieved from /home/ec2-user/environment/lab4_model_training/venv/lib64/python3.12/site-packages/airflow/example_dags/example_branch_python_dop_operator_3.py
[2026-03-24T06:49:41.677+0000] {logging_mixin.py:190} INFO - [2026-03-24T06:49:41.676+0000] {dag.py:3239} INFO - Sync 1 DAGs
[2026-03-24T06:49:41.699+0000] {logging_mixin.py:190} INFO - [2026-03-24T06:49:41.699+0000] {dag.py:4180} INFO - Setting next_dagrun for example_branch_dop_operator_v3 to 2026-03-24 06:48:00+00:00, run_after=2026-03-24 06:49:00+00:00
[2026-03-24T06:49:41.722+0000] {processor.py:208} INFO - Processing /home/ec2-user/environment/lab4_model_training/venv/lib64/python3.12/site-packages/airflow/example_dags/example_branch_python_dop_operator_3.py took 0.082 seconds
[2026-03-24T06:50:49.408+0000] {processor.py:186} INFO - Started process (PID=12739) to work on /home/ec2-user/environment/lab4_model_training/venv/lib64/python3.12/site-packages/airflow/example_dags/example_branch_python_dop_operator_3.py
[2026-03-24T06:50:49.410+0000] {processor.py:914} INFO - Processing file /home/ec2-user/environment/lab4_model_training/venv/lib64/python3.12/site-packages/airflow/example_dags/example_branch_python_dop_operator_3.py for tasks to queue
[2026-03-24T06:50:49.412+0000] {logging_mixin.py:190} INFO - [2026-03-24T06:50:49.411+0000] {dagbag.py:588} INFO - Filling up the DagBag from /home/ec2-user/environment/lab4_model_training/venv/lib64/python3.12/site-packages/airflow/example_dags/example_branch_python_dop_operator_3.py
[2026-03-24T06:50:49.424+0000] {processor.py:925} INFO - DAG(s) 'example_branch_dop_operator_v3' retrieved from /home/ec2-user/environment/lab4_model_training/venv/lib64/python3.12/site-packages/airflow/example_dags/example_branch_python_dop_operator_3.py
[2026-03-24T06:50:49.441+0000] {logging_mixin.py:190} INFO - [2026-03-24T06:50:49.441+0000] {dag.py:3239} INFO - Sync 1 DAGs
[2026-03-24T06:50:49.464+0000] {logging_mixin.py:190} INFO - [2026-03-24T06:50:49.464+0000] {dag.py:4180} INFO - Setting next_dagrun for example_branch_dop_operator_v3 to 2026-03-24 06:49:00+00:00, run_after=2026-03-24 06:50:00+00:00
[2026-03-24T06:50:49.486+0000] {processor.py:208} INFO - Processing /home/ec2-user/environment/lab4_model_training/venv/lib64/python3.12/site-packages/airflow/example_dags/example_branch_python_dop_operator_3.py took 0.082 seconds
[2026-03-24T06:51:58.918+0000] {processor.py:186} INFO - Started process (PID=13046) to work on /home/ec2-user/environment/lab4_model_training/venv/lib64/python3.12/site-packages/airflow/example_dags/example_branch_python_dop_operator_3.py
[2026-03-24T06:51:58.919+0000] {processor.py:914} INFO - Processing file /home/ec2-user/environment/lab4_model_training/venv/lib64/python3.12/site-packages/airflow/example_dags/example_branch_python_dop_operator_3.py for tasks to queue
[2026-03-24T06:51:58.921+0000] {logging_mixin.py:190} INFO - [2026-03-24T06:51:58.921+0000] {dagbag.py:588} INFO - Filling up the DagBag from /home/ec2-user/environment/lab4_model_training/venv/lib64/python3.12/site-packages/airflow/example_dags/example_branch_python_dop_operator_3.py
[2026-03-24T06:51:58.934+0000] {processor.py:925} INFO - DAG(s) 'example_branch_dop_operator_v3' retrieved from /home/ec2-user/environment/lab4_model_training/venv/lib64/python3.12/site-packages/airflow/example_dags/example_branch_python_dop_operator_3.py
[2026-03-24T06:51:58.949+0000] {logging_mixin.py:190} INFO - [2026-03-24T06:51:58.949+0000] {dag.py:3239} INFO - Sync 1 DAGs
[2026-03-24T06:51:58.971+0000] {logging_mixin.py:190} INFO - [2026-03-24T06:51:58.971+0000] {dag.py:4180} INFO - Setting next_dagrun for example_branch_dop_operator_v3 to 2026-03-24 06:50:00+00:00, run_after=2026-03-24 06:51:00+00:00
[2026-03-24T06:51:58.994+0000] {processor.py:208} INFO - Processing /home/ec2-user/environment/lab4_model_training/venv/lib64/python3.12/site-packages/airflow/example_dags/example_branch_python_dop_operator_3.py took 0.081 seconds
[2026-03-24T06:53:02.976+0000] {processor.py:186} INFO - Started process (PID=13391) to work on /home/ec2-user/environment/lab4_model_training/venv/lib64/python3.12/site-packages/airflow/example_dags/example_branch_python_dop_operator_3.py
[2026-03-24T06:53:02.978+0000] {processor.py:914} INFO - Processing file /home/ec2-user/environment/lab4_model_training/venv/lib64/python3.12/site-packages/airflow/example_dags/example_branch_python_dop_operator_3.py for tasks to queue
[2026-03-24T06:53:02.979+0000] {logging_mixin.py:190} INFO - [2026-03-24T06:53:02.978+0000] {dagbag.py:588} INFO - Filling up the DagBag from /home/ec2-user/environment/lab4_model_training/venv/lib64/python3.12/site-packages/airflow/example_dags/example_branch_python_dop_operator_3.py
[2026-03-24T06:53:02.991+0000] {processor.py:925} INFO - DAG(s) 'example_branch_dop_operator_v3' retrieved from /home/ec2-user/environment/lab4_model_training/venv/lib64/python3.12/site-packages/airflow/example_dags/example_branch_python_dop_operator_3.py
[2026-03-24T06:53:03.006+0000] {logging_mixin.py:190} INFO - [2026-03-24T06:53:03.006+0000] {dag.py:3239} INFO - Sync 1 DAGs
[2026-03-24T06:53:03.028+0000] {logging_mixin.py:190} INFO - [2026-03-24T06:53:03.028+0000] {dag.py:4180} INFO - Setting next_dagrun for example_branch_dop_operator_v3 to 2026-03-24 06:52:00+00:00, run_after=2026-03-24 06:53:00+00:00
[2026-03-24T06:53:03.051+0000] {processor.py:208} INFO - Processing /home/ec2-user/environment/lab4_model_training/venv/lib64/python3.12/site-packages/airflow/example_dags/example_branch_python_dop_operator_3.py took 0.079 seconds
[2026-03-24T06:53:44.185+0000] {processor.py:186} INFO - Started process (PID=13545) to work on /home/ec2-user/environment/lab4_model_training/venv/lib64/python3.12/site-packages/airflow/example_dags/example_branch_python_dop_operator_3.py
[2026-03-24T06:53:44.186+0000] {processor.py:914} INFO - Processing file /home/ec2-user/environment/lab4_model_training/venv/lib64/python3.12/site-packages/airflow/example_dags/example_branch_python_dop_operator_3.py for tasks to queue
[2026-03-24T06:53:44.188+0000] {logging_mixin.py:190} INFO - [2026-03-24T06:53:44.187+0000] {dagbag.py:588} INFO - Filling up the DagBag from /home/ec2-user/environment/lab4_model_training/venv/lib64/python3.12/site-packages/airflow/example_dags/example_branch_python_dop_operator_3.py
[2026-03-24T06:53:44.200+0000] {processor.py:925} INFO - DAG(s) 'example_branch_dop_operator_v3' retrieved from /home/ec2-user/environment/lab4_model_training/venv/lib64/python3.12/site-packages/airflow/example_dags/example_branch_python_dop_operator_3.py
[2026-03-24T06:53:44.217+0000] {logging_mixin.py:190} INFO - [2026-03-24T06:53:44.217+0000] {dag.py:3239} INFO - Sync 1 DAGs
[2026-03-24T06:53:44.239+0000] {logging_mixin.py:190} INFO - [2026-03-24T06:53:44.239+0000] {dag.py:4180} INFO - Setting next_dagrun for example_branch_dop_operator_v3 to 2026-03-24 06:52:00+00:00, run_after=2026-03-24 06:53:00+00:00
[2026-03-24T06:53:44.261+0000] {processor.py:208} INFO - Processing /home/ec2-user/environment/lab4_model_training/venv/lib64/python3.12/site-packages/airflow/example_dags/example_branch_python_dop_operator_3.py took 0.081 seconds
[2026-03-24T06:54:25.788+0000] {processor.py:186} INFO - Started process (PID=13756) to work on /home/ec2-user/environment/lab4_model_training/venv/lib64/python3.12/site-packages/airflow/example_dags/example_branch_python_dop_operator_3.py
[2026-03-24T06:54:25.789+0000] {processor.py:914} INFO - Processing file /home/ec2-user/environment/lab4_model_training/venv/lib64/python3.12/site-packages/airflow/example_dags/example_branch_python_dop_operator_3.py for tasks to queue
[2026-03-24T06:54:25.791+0000] {logging_mixin.py:190} INFO - [2026-03-24T06:54:25.790+0000] {dagbag.py:588} INFO - Filling up the DagBag from /home/ec2-user/environment/lab4_model_training/venv/lib64/python3.12/site-packages/airflow/example_dags/example_branch_python_dop_operator_3.py
[2026-03-24T06:54:25.802+0000] {processor.py:925} INFO - DAG(s) 'example_branch_dop_operator_v3' retrieved from /home/ec2-user/environment/lab4_model_training/venv/lib64/python3.12/site-packages/airflow/example_dags/example_branch_python_dop_operator_3.py
[2026-03-24T06:54:25.817+0000] {logging_mixin.py:190} INFO - [2026-03-24T06:54:25.817+0000] {dag.py:3239} INFO - Sync 1 DAGs
[2026-03-24T06:54:25.840+0000] {logging_mixin.py:190} INFO - [2026-03-24T06:54:25.840+0000] {dag.py:4180} INFO - Setting next_dagrun for example_branch_dop_operator_v3 to 2026-03-24 06:53:00+00:00, run_after=2026-03-24 06:54:00+00:00
[2026-03-24T06:54:25.862+0000] {processor.py:208} INFO - Processing /home/ec2-user/environment/lab4_model_training/venv/lib64/python3.12/site-packages/airflow/example_dags/example_branch_python_dop_operator_3.py took 0.078 seconds
[2026-03-24T06:55:33.637+0000] {processor.py:186} INFO - Started process (PID=14025) to work on /home/ec2-user/environment/lab4_model_training/venv/lib64/python3.12/site-packages/airflow/example_dags/example_branch_python_dop_operator_3.py
[2026-03-24T06:55:33.638+0000] {processor.py:914} INFO - Processing file /home/ec2-user/environment/lab4_model_training/venv/lib64/python3.12/site-packages/airflow/example_dags/example_branch_python_dop_operator_3.py for tasks to queue
[2026-03-24T06:55:33.640+0000] {logging_mixin.py:190} INFO - [2026-03-24T06:55:33.639+0000] {dagbag.py:588} INFO - Filling up the DagBag from /home/ec2-user/environment/lab4_model_training/venv/lib64/python3.12/site-packages/airflow/example_dags/example_branch_python_dop_operator_3.py
[2026-03-24T06:55:33.653+0000] {processor.py:925} INFO - DAG(s) 'example_branch_dop_operator_v3' retrieved from /home/ec2-user/environment/lab4_model_training/venv/lib64/python3.12/site-packages/airflow/example_dags/example_branch_python_dop_operator_3.py
[2026-03-24T06:55:33.670+0000] {logging_mixin.py:190} INFO - [2026-03-24T06:55:33.670+0000] {dag.py:3239} INFO - Sync 1 DAGs
[2026-03-24T06:55:33.693+0000] {logging_mixin.py:190} INFO - [2026-03-24T06:55:33.693+0000] {dag.py:4180} INFO - Setting next_dagrun for example_branch_dop_operator_v3 to 2026-03-24 06:54:00+00:00, run_after=2026-03-24 06:55:00+00:00
[2026-03-24T06:55:33.714+0000] {processor.py:208} INFO - Processing /home/ec2-user/environment/lab4_model_training/venv/lib64/python3.12/site-packages/airflow/example_dags/example_branch_python_dop_operator_3.py took 0.082 seconds
[2026-03-24T06:57:02.096+0000] {processor.py:186} INFO - Started process (PID=14434) to work on /home/ec2-user/environment/lab4_model_training/venv/lib64/python3.12/site-packages/airflow/example_dags/example_branch_python_dop_operator_3.py
[2026-03-24T06:57:02.097+0000] {processor.py:914} INFO - Processing file /home/ec2-user/environment/lab4_model_training/venv/lib64/python3.12/site-packages/airflow/example_dags/example_branch_python_dop_operator_3.py for tasks to queue
[2026-03-24T06:57:02.098+0000] {logging_mixin.py:190} INFO - [2026-03-24T06:57:02.098+0000] {dagbag.py:588} INFO - Filling up the DagBag from /home/ec2-user/environment/lab4_model_training/venv/lib64/python3.12/site-packages/airflow/example_dags/example_branch_python_dop_operator_3.py
[2026-03-24T06:57:02.110+0000] {processor.py:925} INFO - DAG(s) 'example_branch_dop_operator_v3' retrieved from /home/ec2-user/environment/lab4_model_training/venv/lib64/python3.12/site-packages/airflow/example_dags/example_branch_python_dop_operator_3.py
[2026-03-24T06:57:02.125+0000] {logging_mixin.py:190} INFO - [2026-03-24T06:57:02.125+0000] {dag.py:3239} INFO - Sync 1 DAGs
[2026-03-24T06:57:02.291+0000] {logging_mixin.py:190} INFO - [2026-03-24T06:57:02.290+0000] {dag.py:4180} INFO - Setting next_dagrun for example_branch_dop_operator_v3 to 2026-03-24 06:56:00+00:00, run_after=2026-03-24 06:57:00+00:00
[2026-03-24T06:57:02.317+0000] {processor.py:208} INFO - Processing /home/ec2-user/environment/lab4_model_training/venv/lib64/python3.12/site-packages/airflow/example_dags/example_branch_python_dop_operator_3.py took 0.226 seconds
[2026-03-24T06:58:06.465+0000] {processor.py:186} INFO - Started process (PID=14742) to work on /home/ec2-user/environment/lab4_model_training/venv/lib64/python3.12/site-packages/airflow/example_dags/example_branch_python_dop_operator_3.py
[2026-03-24T06:58:06.466+0000] {processor.py:914} INFO - Processing file /home/ec2-user/environment/lab4_model_training/venv/lib64/python3.12/site-packages/airflow/example_dags/example_branch_python_dop_operator_3.py for tasks to queue
[2026-03-24T06:58:06.467+0000] {logging_mixin.py:190} INFO - [2026-03-24T06:58:06.467+0000] {dagbag.py:588} INFO - Filling up the DagBag from /home/ec2-user/environment/lab4_model_training/venv/lib64/python3.12/site-packages/airflow/example_dags/example_branch_python_dop_operator_3.py
[2026-03-24T06:58:06.479+0000] {processor.py:925} INFO - DAG(s) 'example_branch_dop_operator_v3' retrieved from /home/ec2-user/environment/lab4_model_training/venv/lib64/python3.12/site-packages/airflow/example_dags/example_branch_python_dop_operator_3.py
[2026-03-24T06:58:06.498+0000] {logging_mixin.py:190} INFO - [2026-03-24T06:58:06.497+0000] {dag.py:3239} INFO - Sync 1 DAGs
[2026-03-24T06:58:06.520+0000] {logging_mixin.py:190} INFO - [2026-03-24T06:58:06.520+0000] {dag.py:4180} INFO - Setting next_dagrun for example_branch_dop_operator_v3 to 2026-03-24 06:57:00+00:00, run_after=2026-03-24 06:58:00+00:00
[2026-03-24T06:58:06.542+0000] {processor.py:208} INFO - Processing /home/ec2-user/environment/lab4_model_training/venv/lib64/python3.12/site-packages/airflow/example_dags/example_branch_python_dop_operator_3.py took 0.082 seconds
[2026-03-24T06:59:11.606+0000] {processor.py:186} INFO - Started process (PID=14998) to work on /home/ec2-user/environment/lab4_model_training/venv/lib64/python3.12/site-packages/airflow/example_dags/example_branch_python_dop_operator_3.py
[2026-03-24T06:59:11.608+0000] {processor.py:914} INFO - Processing file /home/ec2-user/environment/lab4_model_training/venv/lib64/python3.12/site-packages/airflow/example_dags/example_branch_python_dop_operator_3.py for tasks to queue
[2026-03-24T06:59:11.609+0000] {logging_mixin.py:190} INFO - [2026-03-24T06:59:11.608+0000] {dagbag.py:588} INFO - Filling up the DagBag from /home/ec2-user/environment/lab4_model_training/venv/lib64/python3.12/site-packages/airflow/example_dags/example_branch_python_dop_operator_3.py
[2026-03-24T06:59:11.626+0000] {processor.py:925} INFO - DAG(s) 'example_branch_dop_operator_v3' retrieved from /home/ec2-user/environment/lab4_model_training/venv/lib64/python3.12/site-packages/airflow/example_dags/example_branch_python_dop_operator_3.py
[2026-03-24T06:59:11.642+0000] {logging_mixin.py:190} INFO - [2026-03-24T06:59:11.641+0000] {dag.py:3239} INFO - Sync 1 DAGs
[2026-03-24T06:59:11.665+0000] {logging_mixin.py:190} INFO - [2026-03-24T06:59:11.664+0000] {dag.py:4180} INFO - Setting next_dagrun for example_branch_dop_operator_v3 to 2026-03-24 06:58:00+00:00, run_after=2026-03-24 06:59:00+00:00
[2026-03-24T06:59:11.687+0000] {processor.py:208} INFO - Processing /home/ec2-user/environment/lab4_model_training/venv/lib64/python3.12/site-packages/airflow/example_dags/example_branch_python_dop_operator_3.py took 0.086 seconds
[2026-03-24T07:00:04.772+0000] {processor.py:186} INFO - Started process (PID=15276) to work on /home/ec2-user/environment/lab4_model_training/venv/lib64/python3.12/site-packages/airflow/example_dags/example_branch_python_dop_operator_3.py
[2026-03-24T07:00:04.774+0000] {processor.py:914} INFO - Processing file /home/ec2-user/environment/lab4_model_training/venv/lib64/python3.12/site-packages/airflow/example_dags/example_branch_python_dop_operator_3.py for tasks to queue
[2026-03-24T07:00:04.775+0000] {logging_mixin.py:190} INFO - [2026-03-24T07:00:04.774+0000] {dagbag.py:588} INFO - Filling up the DagBag from /home/ec2-user/environment/lab4_model_training/venv/lib64/python3.12/site-packages/airflow/example_dags/example_branch_python_dop_operator_3.py
[2026-03-24T07:00:04.787+0000] {processor.py:925} INFO - DAG(s) 'example_branch_dop_operator_v3' retrieved from /home/ec2-user/environment/lab4_model_training/venv/lib64/python3.12/site-packages/airflow/example_dags/example_branch_python_dop_operator_3.py
[2026-03-24T07:00:04.803+0000] {logging_mixin.py:190} INFO - [2026-03-24T07:00:04.803+0000] {dag.py:3239} INFO - Sync 1 DAGs
[2026-03-24T07:00:04.946+0000] {logging_mixin.py:190} INFO - [2026-03-24T07:00:04.946+0000] {dag.py:4180} INFO - Setting next_dagrun for example_branch_dop_operator_v3 to 2026-03-24 06:59:00+00:00, run_after=2026-03-24 07:00:00+00:00
[2026-03-24T07:00:04.966+0000] {processor.py:208} INFO - Processing /home/ec2-user/environment/lab4_model_training/venv/lib64/python3.12/site-packages/airflow/example_dags/example_branch_python_dop_operator_3.py took 0.198 seconds
