[2026-03-24T06:16:51.124+0000] {processor.py:186} INFO - Started process (PID=2997) to work on /home/ec2-user/environment/lab4_model_training/venv/lib64/python3.12/site-packages/airflow/example_dags/tutorial_dag.py
[2026-03-24T06:16:51.125+0000] {processor.py:914} INFO - Processing file /home/ec2-user/environment/lab4_model_training/venv/lib64/python3.12/site-packages/airflow/example_dags/tutorial_dag.py for tasks to queue
[2026-03-24T06:16:51.127+0000] {logging_mixin.py:190} INFO - [2026-03-24T06:16:51.127+0000] {dagbag.py:588} INFO - Filling up the DagBag from /home/ec2-user/environment/lab4_model_training/venv/lib64/python3.12/site-packages/airflow/example_dags/tutorial_dag.py
[2026-03-24T06:16:51.136+0000] {processor.py:925} INFO - DAG(s) 'tutorial_dag' retrieved from /home/ec2-user/environment/lab4_model_training/venv/lib64/python3.12/site-packages/airflow/example_dags/tutorial_dag.py
[2026-03-24T06:16:51.153+0000] {logging_mixin.py:190} INFO - [2026-03-24T06:16:51.153+0000] {dag.py:3239} INFO - Sync 1 DAGs
[2026-03-24T06:16:51.165+0000] {logging_mixin.py:190} INFO - [2026-03-24T06:16:51.165+0000] {dag.py:4180} INFO - Setting next_dagrun for tutorial_dag to None, run_after=None
[2026-03-24T06:16:51.188+0000] {processor.py:208} INFO - Processing /home/ec2-user/environment/lab4_model_training/venv/lib64/python3.12/site-packages/airflow/example_dags/tutorial_dag.py took 0.069 seconds
[2026-03-24T06:18:01.295+0000] {processor.py:186} INFO - Started process (PID=3300) to work on /home/ec2-user/environment/lab4_model_training/venv/lib64/python3.12/site-packages/airflow/example_dags/tutorial_dag.py
[2026-03-24T06:18:01.296+0000] {processor.py:914} INFO - Processing file /home/ec2-user/environment/lab4_model_training/venv/lib64/python3.12/site-packages/airflow/example_dags/tutorial_dag.py for tasks to queue
[2026-03-24T06:18:01.299+0000] {logging_mixin.py:190} INFO - [2026-03-24T06:18:01.298+0000] {dagbag.py:588} INFO - Filling up the DagBag from /home/ec2-user/environment/lab4_model_training/venv/lib64/python3.12/site-packages/airflow/example_dags/tutorial_dag.py
[2026-03-24T06:18:01.307+0000] {processor.py:925} INFO - DAG(s) 'tutorial_dag' retrieved from /home/ec2-user/environment/lab4_model_training/venv/lib64/python3.12/site-packages/airflow/example_dags/tutorial_dag.py
[2026-03-24T06:18:01.325+0000] {logging_mixin.py:190} INFO - [2026-03-24T06:18:01.325+0000] {dag.py:3239} INFO - Sync 1 DAGs
[2026-03-24T06:18:01.338+0000] {logging_mixin.py:190} INFO - [2026-03-24T06:18:01.338+0000] {dag.py:4180} INFO - Setting next_dagrun for tutorial_dag to None, run_after=None
[2026-03-24T06:18:01.361+0000] {processor.py:208} INFO - Processing /home/ec2-user/environment/lab4_model_training/venv/lib64/python3.12/site-packages/airflow/example_dags/tutorial_dag.py took 0.071 seconds
[2026-03-24T06:19:04.209+0000] {processor.py:186} INFO - Started process (PID=3606) to work on /home/ec2-user/environment/lab4_model_training/venv/lib64/python3.12/site-packages/airflow/example_dags/tutorial_dag.py
[2026-03-24T06:19:04.210+0000] {processor.py:914} INFO - Processing file /home/ec2-user/environment/lab4_model_training/venv/lib64/python3.12/site-packages/airflow/example_dags/tutorial_dag.py for tasks to queue
[2026-03-24T06:19:04.213+0000] {logging_mixin.py:190} INFO - [2026-03-24T06:19:04.213+0000] {dagbag.py:588} INFO - Filling up the DagBag from /home/ec2-user/environment/lab4_model_training/venv/lib64/python3.12/site-packages/airflow/example_dags/tutorial_dag.py
[2026-03-24T06:19:04.221+0000] {processor.py:925} INFO - DAG(s) 'tutorial_dag' retrieved from /home/ec2-user/environment/lab4_model_training/venv/lib64/python3.12/site-packages/airflow/example_dags/tutorial_dag.py
[2026-03-24T06:19:04.240+0000] {logging_mixin.py:190} INFO - [2026-03-24T06:19:04.239+0000] {dag.py:3239} INFO - Sync 1 DAGs
[2026-03-24T06:19:04.257+0000] {logging_mixin.py:190} INFO - [2026-03-24T06:19:04.257+0000] {dag.py:4180} INFO - Setting next_dagrun for tutorial_dag to None, run_after=None
[2026-03-24T06:19:04.299+0000] {processor.py:208} INFO - Processing /home/ec2-user/environment/lab4_model_training/venv/lib64/python3.12/site-packages/airflow/example_dags/tutorial_dag.py took 0.096 seconds
[2026-03-24T06:20:15.000+0000] {processor.py:186} INFO - Started process (PID=3946) to work on /home/ec2-user/environment/lab4_model_training/venv/lib64/python3.12/site-packages/airflow/example_dags/tutorial_dag.py
[2026-03-24T06:20:15.001+0000] {processor.py:914} INFO - Processing file /home/ec2-user/environment/lab4_model_training/venv/lib64/python3.12/site-packages/airflow/example_dags/tutorial_dag.py for tasks to queue
[2026-03-24T06:20:15.004+0000] {logging_mixin.py:190} INFO - [2026-03-24T06:20:15.003+0000] {dagbag.py:588} INFO - Filling up the DagBag from /home/ec2-user/environment/lab4_model_training/venv/lib64/python3.12/site-packages/airflow/example_dags/tutorial_dag.py
[2026-03-24T06:20:15.013+0000] {processor.py:925} INFO - DAG(s) 'tutorial_dag' retrieved from /home/ec2-user/environment/lab4_model_training/venv/lib64/python3.12/site-packages/airflow/example_dags/tutorial_dag.py
[2026-03-24T06:20:15.028+0000] {logging_mixin.py:190} INFO - [2026-03-24T06:20:15.028+0000] {dag.py:3239} INFO - Sync 1 DAGs
[2026-03-24T06:20:15.040+0000] {logging_mixin.py:190} INFO - [2026-03-24T06:20:15.040+0000] {dag.py:4180} INFO - Setting next_dagrun for tutorial_dag to None, run_after=None
[2026-03-24T06:20:15.061+0000] {processor.py:208} INFO - Processing /home/ec2-user/environment/lab4_model_training/venv/lib64/python3.12/site-packages/airflow/example_dags/tutorial_dag.py took 0.067 seconds
[2026-03-24T06:21:21.906+0000] {processor.py:186} INFO - Started process (PID=4317) to work on /home/ec2-user/environment/lab4_model_training/venv/lib64/python3.12/site-packages/airflow/example_dags/tutorial_dag.py
[2026-03-24T06:21:21.913+0000] {processor.py:914} INFO - Processing file /home/ec2-user/environment/lab4_model_training/venv/lib64/python3.12/site-packages/airflow/example_dags/tutorial_dag.py for tasks to queue
[2026-03-24T06:21:21.920+0000] {logging_mixin.py:190} INFO - [2026-03-24T06:21:21.920+0000] {dagbag.py:588} INFO - Filling up the DagBag from /home/ec2-user/environment/lab4_model_training/venv/lib64/python3.12/site-packages/airflow/example_dags/tutorial_dag.py
[2026-03-24T06:21:21.931+0000] {processor.py:925} INFO - DAG(s) 'tutorial_dag' retrieved from /home/ec2-user/environment/lab4_model_training/venv/lib64/python3.12/site-packages/airflow/example_dags/tutorial_dag.py
[2026-03-24T06:21:21.952+0000] {logging_mixin.py:190} INFO - [2026-03-24T06:21:21.952+0000] {dag.py:3239} INFO - Sync 1 DAGs
[2026-03-24T06:21:21.964+0000] {logging_mixin.py:190} INFO - [2026-03-24T06:21:21.964+0000] {dag.py:4180} INFO - Setting next_dagrun for tutorial_dag to None, run_after=None
[2026-03-24T06:21:21.985+0000] {processor.py:208} INFO - Processing /home/ec2-user/environment/lab4_model_training/venv/lib64/python3.12/site-packages/airflow/example_dags/tutorial_dag.py took 0.085 seconds
[2026-03-24T06:22:27.887+0000] {processor.py:186} INFO - Started process (PID=4722) to work on /home/ec2-user/environment/lab4_model_training/venv/lib64/python3.12/site-packages/airflow/example_dags/tutorial_dag.py
[2026-03-24T06:22:27.888+0000] {processor.py:914} INFO - Processing file /home/ec2-user/environment/lab4_model_training/venv/lib64/python3.12/site-packages/airflow/example_dags/tutorial_dag.py for tasks to queue
[2026-03-24T06:22:27.891+0000] {logging_mixin.py:190} INFO - [2026-03-24T06:22:27.891+0000] {dagbag.py:588} INFO - Filling up the DagBag from /home/ec2-user/environment/lab4_model_training/venv/lib64/python3.12/site-packages/airflow/example_dags/tutorial_dag.py
[2026-03-24T06:22:27.900+0000] {processor.py:925} INFO - DAG(s) 'tutorial_dag' retrieved from /home/ec2-user/environment/lab4_model_training/venv/lib64/python3.12/site-packages/airflow/example_dags/tutorial_dag.py
[2026-03-24T06:22:27.916+0000] {logging_mixin.py:190} INFO - [2026-03-24T06:22:27.916+0000] {dag.py:3239} INFO - Sync 1 DAGs
[2026-03-24T06:22:27.929+0000] {logging_mixin.py:190} INFO - [2026-03-24T06:22:27.929+0000] {dag.py:4180} INFO - Setting next_dagrun for tutorial_dag to None, run_after=None
[2026-03-24T06:22:27.950+0000] {processor.py:208} INFO - Processing /home/ec2-user/environment/lab4_model_training/venv/lib64/python3.12/site-packages/airflow/example_dags/tutorial_dag.py took 0.068 seconds
[2026-03-24T06:23:35.461+0000] {processor.py:186} INFO - Started process (PID=5074) to work on /home/ec2-user/environment/lab4_model_training/venv/lib64/python3.12/site-packages/airflow/example_dags/tutorial_dag.py
[2026-03-24T06:23:35.468+0000] {processor.py:914} INFO - Processing file /home/ec2-user/environment/lab4_model_training/venv/lib64/python3.12/site-packages/airflow/example_dags/tutorial_dag.py for tasks to queue
[2026-03-24T06:23:35.475+0000] {logging_mixin.py:190} INFO - [2026-03-24T06:23:35.475+0000] {dagbag.py:588} INFO - Filling up the DagBag from /home/ec2-user/environment/lab4_model_training/venv/lib64/python3.12/site-packages/airflow/example_dags/tutorial_dag.py
[2026-03-24T06:23:35.492+0000] {processor.py:925} INFO - DAG(s) 'tutorial_dag' retrieved from /home/ec2-user/environment/lab4_model_training/venv/lib64/python3.12/site-packages/airflow/example_dags/tutorial_dag.py
[2026-03-24T06:23:35.517+0000] {logging_mixin.py:190} INFO - [2026-03-24T06:23:35.517+0000] {dag.py:3239} INFO - Sync 1 DAGs
[2026-03-24T06:23:35.539+0000] {logging_mixin.py:190} INFO - [2026-03-24T06:23:35.538+0000] {dag.py:4180} INFO - Setting next_dagrun for tutorial_dag to None, run_after=None
[2026-03-24T06:23:35.583+0000] {processor.py:208} INFO - Processing /home/ec2-user/environment/lab4_model_training/venv/lib64/python3.12/site-packages/airflow/example_dags/tutorial_dag.py took 0.128 seconds
[2026-03-24T06:24:49.353+0000] {processor.py:186} INFO - Started process (PID=5423) to work on /home/ec2-user/environment/lab4_model_training/venv/lib64/python3.12/site-packages/airflow/example_dags/tutorial_dag.py
[2026-03-24T06:24:49.354+0000] {processor.py:914} INFO - Processing file /home/ec2-user/environment/lab4_model_training/venv/lib64/python3.12/site-packages/airflow/example_dags/tutorial_dag.py for tasks to queue
[2026-03-24T06:24:49.357+0000] {logging_mixin.py:190} INFO - [2026-03-24T06:24:49.357+0000] {dagbag.py:588} INFO - Filling up the DagBag from /home/ec2-user/environment/lab4_model_training/venv/lib64/python3.12/site-packages/airflow/example_dags/tutorial_dag.py
[2026-03-24T06:24:49.367+0000] {processor.py:925} INFO - DAG(s) 'tutorial_dag' retrieved from /home/ec2-user/environment/lab4_model_training/venv/lib64/python3.12/site-packages/airflow/example_dags/tutorial_dag.py
[2026-03-24T06:24:49.384+0000] {logging_mixin.py:190} INFO - [2026-03-24T06:24:49.383+0000] {dag.py:3239} INFO - Sync 1 DAGs
[2026-03-24T06:24:49.396+0000] {logging_mixin.py:190} INFO - [2026-03-24T06:24:49.396+0000] {dag.py:4180} INFO - Setting next_dagrun for tutorial_dag to None, run_after=None
[2026-03-24T06:24:49.418+0000] {processor.py:208} INFO - Processing /home/ec2-user/environment/lab4_model_training/venv/lib64/python3.12/site-packages/airflow/example_dags/tutorial_dag.py took 0.070 seconds
[2026-03-24T06:25:52.269+0000] {processor.py:186} INFO - Started process (PID=5691) to work on /home/ec2-user/environment/lab4_model_training/venv/lib64/python3.12/site-packages/airflow/example_dags/tutorial_dag.py
[2026-03-24T06:25:52.270+0000] {processor.py:914} INFO - Processing file /home/ec2-user/environment/lab4_model_training/venv/lib64/python3.12/site-packages/airflow/example_dags/tutorial_dag.py for tasks to queue
[2026-03-24T06:25:52.273+0000] {logging_mixin.py:190} INFO - [2026-03-24T06:25:52.272+0000] {dagbag.py:588} INFO - Filling up the DagBag from /home/ec2-user/environment/lab4_model_training/venv/lib64/python3.12/site-packages/airflow/example_dags/tutorial_dag.py
[2026-03-24T06:25:52.281+0000] {processor.py:925} INFO - DAG(s) 'tutorial_dag' retrieved from /home/ec2-user/environment/lab4_model_training/venv/lib64/python3.12/site-packages/airflow/example_dags/tutorial_dag.py
[2026-03-24T06:25:52.298+0000] {logging_mixin.py:190} INFO - [2026-03-24T06:25:52.297+0000] {dag.py:3239} INFO - Sync 1 DAGs
[2026-03-24T06:25:52.331+0000] {logging_mixin.py:190} INFO - [2026-03-24T06:25:52.331+0000] {dag.py:4180} INFO - Setting next_dagrun for tutorial_dag to None, run_after=None
[2026-03-24T06:25:52.353+0000] {processor.py:208} INFO - Processing /home/ec2-user/environment/lab4_model_training/venv/lib64/python3.12/site-packages/airflow/example_dags/tutorial_dag.py took 0.088 seconds
[2026-03-24T06:26:55.831+0000] {processor.py:186} INFO - Started process (PID=5923) to work on /home/ec2-user/environment/lab4_model_training/venv/lib64/python3.12/site-packages/airflow/example_dags/tutorial_dag.py
[2026-03-24T06:26:55.832+0000] {processor.py:914} INFO - Processing file /home/ec2-user/environment/lab4_model_training/venv/lib64/python3.12/site-packages/airflow/example_dags/tutorial_dag.py for tasks to queue
[2026-03-24T06:26:55.834+0000] {logging_mixin.py:190} INFO - [2026-03-24T06:26:55.834+0000] {dagbag.py:588} INFO - Filling up the DagBag from /home/ec2-user/environment/lab4_model_training/venv/lib64/python3.12/site-packages/airflow/example_dags/tutorial_dag.py
[2026-03-24T06:26:55.843+0000] {processor.py:925} INFO - DAG(s) 'tutorial_dag' retrieved from /home/ec2-user/environment/lab4_model_training/venv/lib64/python3.12/site-packages/airflow/example_dags/tutorial_dag.py
[2026-03-24T06:26:55.859+0000] {logging_mixin.py:190} INFO - [2026-03-24T06:26:55.859+0000] {dag.py:3239} INFO - Sync 1 DAGs
[2026-03-24T06:26:55.873+0000] {logging_mixin.py:190} INFO - [2026-03-24T06:26:55.873+0000] {dag.py:4180} INFO - Setting next_dagrun for tutorial_dag to None, run_after=None
[2026-03-24T06:26:55.895+0000] {processor.py:208} INFO - Processing /home/ec2-user/environment/lab4_model_training/venv/lib64/python3.12/site-packages/airflow/example_dags/tutorial_dag.py took 0.068 seconds
[2026-03-24T06:28:04.532+0000] {processor.py:186} INFO - Started process (PID=6227) to work on /home/ec2-user/environment/lab4_model_training/venv/lib64/python3.12/site-packages/airflow/example_dags/tutorial_dag.py
[2026-03-24T06:28:04.533+0000] {processor.py:914} INFO - Processing file /home/ec2-user/environment/lab4_model_training/venv/lib64/python3.12/site-packages/airflow/example_dags/tutorial_dag.py for tasks to queue
[2026-03-24T06:28:04.535+0000] {logging_mixin.py:190} INFO - [2026-03-24T06:28:04.535+0000] {dagbag.py:588} INFO - Filling up the DagBag from /home/ec2-user/environment/lab4_model_training/venv/lib64/python3.12/site-packages/airflow/example_dags/tutorial_dag.py
[2026-03-24T06:28:04.543+0000] {processor.py:925} INFO - DAG(s) 'tutorial_dag' retrieved from /home/ec2-user/environment/lab4_model_training/venv/lib64/python3.12/site-packages/airflow/example_dags/tutorial_dag.py
[2026-03-24T06:28:04.562+0000] {logging_mixin.py:190} INFO - [2026-03-24T06:28:04.562+0000] {dag.py:3239} INFO - Sync 1 DAGs
[2026-03-24T06:28:04.575+0000] {logging_mixin.py:190} INFO - [2026-03-24T06:28:04.575+0000] {dag.py:4180} INFO - Setting next_dagrun for tutorial_dag to None, run_after=None
[2026-03-24T06:28:04.598+0000] {processor.py:208} INFO - Processing /home/ec2-user/environment/lab4_model_training/venv/lib64/python3.12/site-packages/airflow/example_dags/tutorial_dag.py took 0.071 seconds
[2026-03-24T06:29:10.822+0000] {processor.py:186} INFO - Started process (PID=6574) to work on /home/ec2-user/environment/lab4_model_training/venv/lib64/python3.12/site-packages/airflow/example_dags/tutorial_dag.py
[2026-03-24T06:29:10.824+0000] {processor.py:914} INFO - Processing file /home/ec2-user/environment/lab4_model_training/venv/lib64/python3.12/site-packages/airflow/example_dags/tutorial_dag.py for tasks to queue
[2026-03-24T06:29:10.827+0000] {logging_mixin.py:190} INFO - [2026-03-24T06:29:10.826+0000] {dagbag.py:588} INFO - Filling up the DagBag from /home/ec2-user/environment/lab4_model_training/venv/lib64/python3.12/site-packages/airflow/example_dags/tutorial_dag.py
[2026-03-24T06:29:10.836+0000] {processor.py:925} INFO - DAG(s) 'tutorial_dag' retrieved from /home/ec2-user/environment/lab4_model_training/venv/lib64/python3.12/site-packages/airflow/example_dags/tutorial_dag.py
[2026-03-24T06:29:10.851+0000] {logging_mixin.py:190} INFO - [2026-03-24T06:29:10.851+0000] {dag.py:3239} INFO - Sync 1 DAGs
[2026-03-24T06:29:10.864+0000] {logging_mixin.py:190} INFO - [2026-03-24T06:29:10.864+0000] {dag.py:4180} INFO - Setting next_dagrun for tutorial_dag to None, run_after=None
[2026-03-24T06:29:10.886+0000] {processor.py:208} INFO - Processing /home/ec2-user/environment/lab4_model_training/venv/lib64/python3.12/site-packages/airflow/example_dags/tutorial_dag.py took 0.068 seconds
[2026-03-24T06:30:11.490+0000] {processor.py:186} INFO - Started process (PID=6929) to work on /home/ec2-user/environment/lab4_model_training/venv/lib64/python3.12/site-packages/airflow/example_dags/tutorial_dag.py
[2026-03-24T06:30:11.491+0000] {processor.py:914} INFO - Processing file /home/ec2-user/environment/lab4_model_training/venv/lib64/python3.12/site-packages/airflow/example_dags/tutorial_dag.py for tasks to queue
[2026-03-24T06:30:11.493+0000] {logging_mixin.py:190} INFO - [2026-03-24T06:30:11.493+0000] {dagbag.py:588} INFO - Filling up the DagBag from /home/ec2-user/environment/lab4_model_training/venv/lib64/python3.12/site-packages/airflow/example_dags/tutorial_dag.py
[2026-03-24T06:30:11.502+0000] {processor.py:925} INFO - DAG(s) 'tutorial_dag' retrieved from /home/ec2-user/environment/lab4_model_training/venv/lib64/python3.12/site-packages/airflow/example_dags/tutorial_dag.py
[2026-03-24T06:30:11.518+0000] {logging_mixin.py:190} INFO - [2026-03-24T06:30:11.517+0000] {dag.py:3239} INFO - Sync 1 DAGs
[2026-03-24T06:30:11.530+0000] {logging_mixin.py:190} INFO - [2026-03-24T06:30:11.530+0000] {dag.py:4180} INFO - Setting next_dagrun for tutorial_dag to None, run_after=None
[2026-03-24T06:30:11.551+0000] {processor.py:208} INFO - Processing /home/ec2-user/environment/lab4_model_training/venv/lib64/python3.12/site-packages/airflow/example_dags/tutorial_dag.py took 0.065 seconds
[2026-03-24T06:31:12.374+0000] {processor.py:186} INFO - Started process (PID=7195) to work on /home/ec2-user/environment/lab4_model_training/venv/lib64/python3.12/site-packages/airflow/example_dags/tutorial_dag.py
[2026-03-24T06:31:12.376+0000] {processor.py:914} INFO - Processing file /home/ec2-user/environment/lab4_model_training/venv/lib64/python3.12/site-packages/airflow/example_dags/tutorial_dag.py for tasks to queue
[2026-03-24T06:31:12.378+0000] {logging_mixin.py:190} INFO - [2026-03-24T06:31:12.377+0000] {dagbag.py:588} INFO - Filling up the DagBag from /home/ec2-user/environment/lab4_model_training/venv/lib64/python3.12/site-packages/airflow/example_dags/tutorial_dag.py
[2026-03-24T06:31:12.386+0000] {processor.py:925} INFO - DAG(s) 'tutorial_dag' retrieved from /home/ec2-user/environment/lab4_model_training/venv/lib64/python3.12/site-packages/airflow/example_dags/tutorial_dag.py
[2026-03-24T06:31:12.402+0000] {logging_mixin.py:190} INFO - [2026-03-24T06:31:12.402+0000] {dag.py:3239} INFO - Sync 1 DAGs
[2026-03-24T06:31:12.414+0000] {logging_mixin.py:190} INFO - [2026-03-24T06:31:12.414+0000] {dag.py:4180} INFO - Setting next_dagrun for tutorial_dag to None, run_after=None
[2026-03-24T06:31:12.436+0000] {processor.py:208} INFO - Processing /home/ec2-user/environment/lab4_model_training/venv/lib64/python3.12/site-packages/airflow/example_dags/tutorial_dag.py took 0.066 seconds
[2026-03-24T06:32:17.450+0000] {processor.py:186} INFO - Started process (PID=7495) to work on /home/ec2-user/environment/lab4_model_training/venv/lib64/python3.12/site-packages/airflow/example_dags/tutorial_dag.py
[2026-03-24T06:32:17.451+0000] {processor.py:914} INFO - Processing file /home/ec2-user/environment/lab4_model_training/venv/lib64/python3.12/site-packages/airflow/example_dags/tutorial_dag.py for tasks to queue
[2026-03-24T06:32:17.454+0000] {logging_mixin.py:190} INFO - [2026-03-24T06:32:17.453+0000] {dagbag.py:588} INFO - Filling up the DagBag from /home/ec2-user/environment/lab4_model_training/venv/lib64/python3.12/site-packages/airflow/example_dags/tutorial_dag.py
[2026-03-24T06:32:17.462+0000] {processor.py:925} INFO - DAG(s) 'tutorial_dag' retrieved from /home/ec2-user/environment/lab4_model_training/venv/lib64/python3.12/site-packages/airflow/example_dags/tutorial_dag.py
[2026-03-24T06:32:17.478+0000] {logging_mixin.py:190} INFO - [2026-03-24T06:32:17.478+0000] {dag.py:3239} INFO - Sync 1 DAGs
[2026-03-24T06:32:17.490+0000] {logging_mixin.py:190} INFO - [2026-03-24T06:32:17.490+0000] {dag.py:4180} INFO - Setting next_dagrun for tutorial_dag to None, run_after=None
[2026-03-24T06:32:17.513+0000] {processor.py:208} INFO - Processing /home/ec2-user/environment/lab4_model_training/venv/lib64/python3.12/site-packages/airflow/example_dags/tutorial_dag.py took 0.067 seconds
[2026-03-24T06:33:27.896+0000] {processor.py:186} INFO - Started process (PID=7829) to work on /home/ec2-user/environment/lab4_model_training/venv/lib64/python3.12/site-packages/airflow/example_dags/tutorial_dag.py
[2026-03-24T06:33:27.898+0000] {processor.py:914} INFO - Processing file /home/ec2-user/environment/lab4_model_training/venv/lib64/python3.12/site-packages/airflow/example_dags/tutorial_dag.py for tasks to queue
[2026-03-24T06:33:27.900+0000] {logging_mixin.py:190} INFO - [2026-03-24T06:33:27.899+0000] {dagbag.py:588} INFO - Filling up the DagBag from /home/ec2-user/environment/lab4_model_training/venv/lib64/python3.12/site-packages/airflow/example_dags/tutorial_dag.py
[2026-03-24T06:33:27.908+0000] {processor.py:925} INFO - DAG(s) 'tutorial_dag' retrieved from /home/ec2-user/environment/lab4_model_training/venv/lib64/python3.12/site-packages/airflow/example_dags/tutorial_dag.py
[2026-03-24T06:33:27.926+0000] {logging_mixin.py:190} INFO - [2026-03-24T06:33:27.925+0000] {dag.py:3239} INFO - Sync 1 DAGs
[2026-03-24T06:33:27.938+0000] {logging_mixin.py:190} INFO - [2026-03-24T06:33:27.938+0000] {dag.py:4180} INFO - Setting next_dagrun for tutorial_dag to None, run_after=None
[2026-03-24T06:33:27.959+0000] {processor.py:208} INFO - Processing /home/ec2-user/environment/lab4_model_training/venv/lib64/python3.12/site-packages/airflow/example_dags/tutorial_dag.py took 0.067 seconds
[2026-03-24T06:34:26.946+0000] {processor.py:186} INFO - Started process (PID=8031) to work on /home/ec2-user/environment/lab4_model_training/venv/lib64/python3.12/site-packages/airflow/example_dags/tutorial_dag.py
[2026-03-24T06:34:26.948+0000] {processor.py:914} INFO - Processing file /home/ec2-user/environment/lab4_model_training/venv/lib64/python3.12/site-packages/airflow/example_dags/tutorial_dag.py for tasks to queue
[2026-03-24T06:34:26.950+0000] {logging_mixin.py:190} INFO - [2026-03-24T06:34:26.949+0000] {dagbag.py:588} INFO - Filling up the DagBag from /home/ec2-user/environment/lab4_model_training/venv/lib64/python3.12/site-packages/airflow/example_dags/tutorial_dag.py
[2026-03-24T06:34:26.958+0000] {processor.py:925} INFO - DAG(s) 'tutorial_dag' retrieved from /home/ec2-user/environment/lab4_model_training/venv/lib64/python3.12/site-packages/airflow/example_dags/tutorial_dag.py
[2026-03-24T06:34:26.976+0000] {logging_mixin.py:190} INFO - [2026-03-24T06:34:26.976+0000] {dag.py:3239} INFO - Sync 1 DAGs
[2026-03-24T06:34:26.990+0000] {logging_mixin.py:190} INFO - [2026-03-24T06:34:26.990+0000] {dag.py:4180} INFO - Setting next_dagrun for tutorial_dag to None, run_after=None
[2026-03-24T06:34:27.013+0000] {processor.py:208} INFO - Processing /home/ec2-user/environment/lab4_model_training/venv/lib64/python3.12/site-packages/airflow/example_dags/tutorial_dag.py took 0.071 seconds
[2026-03-24T06:35:30.760+0000] {processor.py:186} INFO - Started process (PID=8309) to work on /home/ec2-user/environment/lab4_model_training/venv/lib64/python3.12/site-packages/airflow/example_dags/tutorial_dag.py
[2026-03-24T06:35:30.761+0000] {processor.py:914} INFO - Processing file /home/ec2-user/environment/lab4_model_training/venv/lib64/python3.12/site-packages/airflow/example_dags/tutorial_dag.py for tasks to queue
[2026-03-24T06:35:30.763+0000] {logging_mixin.py:190} INFO - [2026-03-24T06:35:30.763+0000] {dagbag.py:588} INFO - Filling up the DagBag from /home/ec2-user/environment/lab4_model_training/venv/lib64/python3.12/site-packages/airflow/example_dags/tutorial_dag.py
[2026-03-24T06:35:30.772+0000] {processor.py:925} INFO - DAG(s) 'tutorial_dag' retrieved from /home/ec2-user/environment/lab4_model_training/venv/lib64/python3.12/site-packages/airflow/example_dags/tutorial_dag.py
[2026-03-24T06:35:30.788+0000] {logging_mixin.py:190} INFO - [2026-03-24T06:35:30.787+0000] {dag.py:3239} INFO - Sync 1 DAGs
[2026-03-24T06:35:30.800+0000] {logging_mixin.py:190} INFO - [2026-03-24T06:35:30.800+0000] {dag.py:4180} INFO - Setting next_dagrun for tutorial_dag to None, run_after=None
[2026-03-24T06:35:30.821+0000] {processor.py:208} INFO - Processing /home/ec2-user/environment/lab4_model_training/venv/lib64/python3.12/site-packages/airflow/example_dags/tutorial_dag.py took 0.066 seconds
[2026-03-24T06:36:35.528+0000] {processor.py:186} INFO - Started process (PID=8584) to work on /home/ec2-user/environment/lab4_model_training/venv/lib64/python3.12/site-packages/airflow/example_dags/tutorial_dag.py
[2026-03-24T06:36:35.529+0000] {processor.py:914} INFO - Processing file /home/ec2-user/environment/lab4_model_training/venv/lib64/python3.12/site-packages/airflow/example_dags/tutorial_dag.py for tasks to queue
[2026-03-24T06:36:35.532+0000] {logging_mixin.py:190} INFO - [2026-03-24T06:36:35.531+0000] {dagbag.py:588} INFO - Filling up the DagBag from /home/ec2-user/environment/lab4_model_training/venv/lib64/python3.12/site-packages/airflow/example_dags/tutorial_dag.py
[2026-03-24T06:36:35.541+0000] {processor.py:925} INFO - DAG(s) 'tutorial_dag' retrieved from /home/ec2-user/environment/lab4_model_training/venv/lib64/python3.12/site-packages/airflow/example_dags/tutorial_dag.py
[2026-03-24T06:36:35.557+0000] {logging_mixin.py:190} INFO - [2026-03-24T06:36:35.557+0000] {dag.py:3239} INFO - Sync 1 DAGs
[2026-03-24T06:36:35.569+0000] {logging_mixin.py:190} INFO - [2026-03-24T06:36:35.569+0000] {dag.py:4180} INFO - Setting next_dagrun for tutorial_dag to None, run_after=None
[2026-03-24T06:36:35.591+0000] {processor.py:208} INFO - Processing /home/ec2-user/environment/lab4_model_training/venv/lib64/python3.12/site-packages/airflow/example_dags/tutorial_dag.py took 0.067 seconds
[2026-03-24T06:37:43.574+0000] {processor.py:186} INFO - Started process (PID=8975) to work on /home/ec2-user/environment/lab4_model_training/venv/lib64/python3.12/site-packages/airflow/example_dags/tutorial_dag.py
[2026-03-24T06:37:43.575+0000] {processor.py:914} INFO - Processing file /home/ec2-user/environment/lab4_model_training/venv/lib64/python3.12/site-packages/airflow/example_dags/tutorial_dag.py for tasks to queue
[2026-03-24T06:37:43.577+0000] {logging_mixin.py:190} INFO - [2026-03-24T06:37:43.577+0000] {dagbag.py:588} INFO - Filling up the DagBag from /home/ec2-user/environment/lab4_model_training/venv/lib64/python3.12/site-packages/airflow/example_dags/tutorial_dag.py
[2026-03-24T06:37:43.586+0000] {processor.py:925} INFO - DAG(s) 'tutorial_dag' retrieved from /home/ec2-user/environment/lab4_model_training/venv/lib64/python3.12/site-packages/airflow/example_dags/tutorial_dag.py
[2026-03-24T06:37:43.600+0000] {logging_mixin.py:190} INFO - [2026-03-24T06:37:43.600+0000] {dag.py:3239} INFO - Sync 1 DAGs
[2026-03-24T06:37:43.613+0000] {logging_mixin.py:190} INFO - [2026-03-24T06:37:43.613+0000] {dag.py:4180} INFO - Setting next_dagrun for tutorial_dag to None, run_after=None
[2026-03-24T06:37:43.638+0000] {processor.py:208} INFO - Processing /home/ec2-user/environment/lab4_model_training/venv/lib64/python3.12/site-packages/airflow/example_dags/tutorial_dag.py took 0.069 seconds
[2026-03-24T06:38:53.587+0000] {processor.py:186} INFO - Started process (PID=9302) to work on /home/ec2-user/environment/lab4_model_training/venv/lib64/python3.12/site-packages/airflow/example_dags/tutorial_dag.py
[2026-03-24T06:38:53.588+0000] {processor.py:914} INFO - Processing file /home/ec2-user/environment/lab4_model_training/venv/lib64/python3.12/site-packages/airflow/example_dags/tutorial_dag.py for tasks to queue
[2026-03-24T06:38:53.591+0000] {logging_mixin.py:190} INFO - [2026-03-24T06:38:53.591+0000] {dagbag.py:588} INFO - Filling up the DagBag from /home/ec2-user/environment/lab4_model_training/venv/lib64/python3.12/site-packages/airflow/example_dags/tutorial_dag.py
[2026-03-24T06:38:53.601+0000] {processor.py:925} INFO - DAG(s) 'tutorial_dag' retrieved from /home/ec2-user/environment/lab4_model_training/venv/lib64/python3.12/site-packages/airflow/example_dags/tutorial_dag.py
[2026-03-24T06:38:53.616+0000] {logging_mixin.py:190} INFO - [2026-03-24T06:38:53.616+0000] {dag.py:3239} INFO - Sync 1 DAGs
[2026-03-24T06:38:53.629+0000] {logging_mixin.py:190} INFO - [2026-03-24T06:38:53.629+0000] {dag.py:4180} INFO - Setting next_dagrun for tutorial_dag to None, run_after=None
[2026-03-24T06:38:53.651+0000] {processor.py:208} INFO - Processing /home/ec2-user/environment/lab4_model_training/venv/lib64/python3.12/site-packages/airflow/example_dags/tutorial_dag.py took 0.069 seconds
[2026-03-24T06:40:02.591+0000] {processor.py:186} INFO - Started process (PID=9628) to work on /home/ec2-user/environment/lab4_model_training/venv/lib64/python3.12/site-packages/airflow/example_dags/tutorial_dag.py
[2026-03-24T06:40:02.592+0000] {processor.py:914} INFO - Processing file /home/ec2-user/environment/lab4_model_training/venv/lib64/python3.12/site-packages/airflow/example_dags/tutorial_dag.py for tasks to queue
[2026-03-24T06:40:02.595+0000] {logging_mixin.py:190} INFO - [2026-03-24T06:40:02.594+0000] {dagbag.py:588} INFO - Filling up the DagBag from /home/ec2-user/environment/lab4_model_training/venv/lib64/python3.12/site-packages/airflow/example_dags/tutorial_dag.py
[2026-03-24T06:40:02.604+0000] {processor.py:925} INFO - DAG(s) 'tutorial_dag' retrieved from /home/ec2-user/environment/lab4_model_training/venv/lib64/python3.12/site-packages/airflow/example_dags/tutorial_dag.py
[2026-03-24T06:40:02.620+0000] {logging_mixin.py:190} INFO - [2026-03-24T06:40:02.620+0000] {dag.py:3239} INFO - Sync 1 DAGs
[2026-03-24T06:40:02.633+0000] {logging_mixin.py:190} INFO - [2026-03-24T06:40:02.633+0000] {dag.py:4180} INFO - Setting next_dagrun for tutorial_dag to None, run_after=None
[2026-03-24T06:40:02.656+0000] {processor.py:208} INFO - Processing /home/ec2-user/environment/lab4_model_training/venv/lib64/python3.12/site-packages/airflow/example_dags/tutorial_dag.py took 0.069 seconds
[2026-03-24T06:41:11.943+0000] {processor.py:186} INFO - Started process (PID=9940) to work on /home/ec2-user/environment/lab4_model_training/venv/lib64/python3.12/site-packages/airflow/example_dags/tutorial_dag.py
[2026-03-24T06:41:11.944+0000] {processor.py:914} INFO - Processing file /home/ec2-user/environment/lab4_model_training/venv/lib64/python3.12/site-packages/airflow/example_dags/tutorial_dag.py for tasks to queue
[2026-03-24T06:41:11.947+0000] {logging_mixin.py:190} INFO - [2026-03-24T06:41:11.946+0000] {dagbag.py:588} INFO - Filling up the DagBag from /home/ec2-user/environment/lab4_model_training/venv/lib64/python3.12/site-packages/airflow/example_dags/tutorial_dag.py
[2026-03-24T06:41:11.956+0000] {processor.py:925} INFO - DAG(s) 'tutorial_dag' retrieved from /home/ec2-user/environment/lab4_model_training/venv/lib64/python3.12/site-packages/airflow/example_dags/tutorial_dag.py
[2026-03-24T06:41:11.971+0000] {logging_mixin.py:190} INFO - [2026-03-24T06:41:11.971+0000] {dag.py:3239} INFO - Sync 1 DAGs
[2026-03-24T06:41:11.984+0000] {logging_mixin.py:190} INFO - [2026-03-24T06:41:11.984+0000] {dag.py:4180} INFO - Setting next_dagrun for tutorial_dag to None, run_after=None
[2026-03-24T06:41:12.006+0000] {processor.py:208} INFO - Processing /home/ec2-user/environment/lab4_model_training/venv/lib64/python3.12/site-packages/airflow/example_dags/tutorial_dag.py took 0.069 seconds
[2026-03-24T06:42:21.155+0000] {processor.py:186} INFO - Started process (PID=10346) to work on /home/ec2-user/environment/lab4_model_training/venv/lib64/python3.12/site-packages/airflow/example_dags/tutorial_dag.py
[2026-03-24T06:42:21.156+0000] {processor.py:914} INFO - Processing file /home/ec2-user/environment/lab4_model_training/venv/lib64/python3.12/site-packages/airflow/example_dags/tutorial_dag.py for tasks to queue
[2026-03-24T06:42:21.159+0000] {logging_mixin.py:190} INFO - [2026-03-24T06:42:21.159+0000] {dagbag.py:588} INFO - Filling up the DagBag from /home/ec2-user/environment/lab4_model_training/venv/lib64/python3.12/site-packages/airflow/example_dags/tutorial_dag.py
[2026-03-24T06:42:21.170+0000] {processor.py:925} INFO - DAG(s) 'tutorial_dag' retrieved from /home/ec2-user/environment/lab4_model_training/venv/lib64/python3.12/site-packages/airflow/example_dags/tutorial_dag.py
[2026-03-24T06:42:21.186+0000] {logging_mixin.py:190} INFO - [2026-03-24T06:42:21.186+0000] {dag.py:3239} INFO - Sync 1 DAGs
[2026-03-24T06:42:21.199+0000] {logging_mixin.py:190} INFO - [2026-03-24T06:42:21.199+0000] {dag.py:4180} INFO - Setting next_dagrun for tutorial_dag to None, run_after=None
[2026-03-24T06:42:21.227+0000] {processor.py:208} INFO - Processing /home/ec2-user/environment/lab4_model_training/venv/lib64/python3.12/site-packages/airflow/example_dags/tutorial_dag.py took 0.077 seconds
[2026-03-24T06:43:26.336+0000] {processor.py:186} INFO - Started process (PID=10668) to work on /home/ec2-user/environment/lab4_model_training/venv/lib64/python3.12/site-packages/airflow/example_dags/tutorial_dag.py
[2026-03-24T06:43:26.338+0000] {processor.py:914} INFO - Processing file /home/ec2-user/environment/lab4_model_training/venv/lib64/python3.12/site-packages/airflow/example_dags/tutorial_dag.py for tasks to queue
[2026-03-24T06:43:26.340+0000] {logging_mixin.py:190} INFO - [2026-03-24T06:43:26.339+0000] {dagbag.py:588} INFO - Filling up the DagBag from /home/ec2-user/environment/lab4_model_training/venv/lib64/python3.12/site-packages/airflow/example_dags/tutorial_dag.py
[2026-03-24T06:43:26.349+0000] {processor.py:925} INFO - DAG(s) 'tutorial_dag' retrieved from /home/ec2-user/environment/lab4_model_training/venv/lib64/python3.12/site-packages/airflow/example_dags/tutorial_dag.py
[2026-03-24T06:43:26.364+0000] {logging_mixin.py:190} INFO - [2026-03-24T06:43:26.364+0000] {dag.py:3239} INFO - Sync 1 DAGs
[2026-03-24T06:43:26.377+0000] {logging_mixin.py:190} INFO - [2026-03-24T06:43:26.377+0000] {dag.py:4180} INFO - Setting next_dagrun for tutorial_dag to None, run_after=None
[2026-03-24T06:43:26.399+0000] {processor.py:208} INFO - Processing /home/ec2-user/environment/lab4_model_training/venv/lib64/python3.12/site-packages/airflow/example_dags/tutorial_dag.py took 0.067 seconds
[2026-03-24T06:44:32.805+0000] {processor.py:186} INFO - Started process (PID=11053) to work on /home/ec2-user/environment/lab4_model_training/venv/lib64/python3.12/site-packages/airflow/example_dags/tutorial_dag.py
[2026-03-24T06:44:32.806+0000] {processor.py:914} INFO - Processing file /home/ec2-user/environment/lab4_model_training/venv/lib64/python3.12/site-packages/airflow/example_dags/tutorial_dag.py for tasks to queue
[2026-03-24T06:44:32.809+0000] {logging_mixin.py:190} INFO - [2026-03-24T06:44:32.808+0000] {dagbag.py:588} INFO - Filling up the DagBag from /home/ec2-user/environment/lab4_model_training/venv/lib64/python3.12/site-packages/airflow/example_dags/tutorial_dag.py
[2026-03-24T06:44:32.817+0000] {processor.py:925} INFO - DAG(s) 'tutorial_dag' retrieved from /home/ec2-user/environment/lab4_model_training/venv/lib64/python3.12/site-packages/airflow/example_dags/tutorial_dag.py
[2026-03-24T06:44:32.836+0000] {logging_mixin.py:190} INFO - [2026-03-24T06:44:32.835+0000] {dag.py:3239} INFO - Sync 1 DAGs
[2026-03-24T06:44:32.857+0000] {logging_mixin.py:190} INFO - [2026-03-24T06:44:32.857+0000] {dag.py:4180} INFO - Setting next_dagrun for tutorial_dag to None, run_after=None
[2026-03-24T06:44:32.905+0000] {processor.py:208} INFO - Processing /home/ec2-user/environment/lab4_model_training/venv/lib64/python3.12/site-packages/airflow/example_dags/tutorial_dag.py took 0.106 seconds
[2026-03-24T06:45:40.544+0000] {processor.py:186} INFO - Started process (PID=11439) to work on /home/ec2-user/environment/lab4_model_training/venv/lib64/python3.12/site-packages/airflow/example_dags/tutorial_dag.py
[2026-03-24T06:45:40.546+0000] {processor.py:914} INFO - Processing file /home/ec2-user/environment/lab4_model_training/venv/lib64/python3.12/site-packages/airflow/example_dags/tutorial_dag.py for tasks to queue
[2026-03-24T06:45:40.548+0000] {logging_mixin.py:190} INFO - [2026-03-24T06:45:40.547+0000] {dagbag.py:588} INFO - Filling up the DagBag from /home/ec2-user/environment/lab4_model_training/venv/lib64/python3.12/site-packages/airflow/example_dags/tutorial_dag.py
[2026-03-24T06:45:40.556+0000] {processor.py:925} INFO - DAG(s) 'tutorial_dag' retrieved from /home/ec2-user/environment/lab4_model_training/venv/lib64/python3.12/site-packages/airflow/example_dags/tutorial_dag.py
[2026-03-24T06:45:40.572+0000] {logging_mixin.py:190} INFO - [2026-03-24T06:45:40.572+0000] {dag.py:3239} INFO - Sync 1 DAGs
[2026-03-24T06:45:40.585+0000] {logging_mixin.py:190} INFO - [2026-03-24T06:45:40.585+0000] {dag.py:4180} INFO - Setting next_dagrun for tutorial_dag to None, run_after=None
[2026-03-24T06:45:40.607+0000] {processor.py:208} INFO - Processing /home/ec2-user/environment/lab4_model_training/venv/lib64/python3.12/site-packages/airflow/example_dags/tutorial_dag.py took 0.067 seconds
[2026-03-24T06:47:06.125+0000] {processor.py:186} INFO - Started process (PID=11813) to work on /home/ec2-user/environment/lab4_model_training/venv/lib64/python3.12/site-packages/airflow/example_dags/tutorial_dag.py
[2026-03-24T06:47:06.126+0000] {processor.py:914} INFO - Processing file /home/ec2-user/environment/lab4_model_training/venv/lib64/python3.12/site-packages/airflow/example_dags/tutorial_dag.py for tasks to queue
[2026-03-24T06:47:06.128+0000] {logging_mixin.py:190} INFO - [2026-03-24T06:47:06.128+0000] {dagbag.py:588} INFO - Filling up the DagBag from /home/ec2-user/environment/lab4_model_training/venv/lib64/python3.12/site-packages/airflow/example_dags/tutorial_dag.py
[2026-03-24T06:47:06.137+0000] {processor.py:925} INFO - DAG(s) 'tutorial_dag' retrieved from /home/ec2-user/environment/lab4_model_training/venv/lib64/python3.12/site-packages/airflow/example_dags/tutorial_dag.py
[2026-03-24T06:47:06.152+0000] {logging_mixin.py:190} INFO - [2026-03-24T06:47:06.152+0000] {dag.py:3239} INFO - Sync 1 DAGs
[2026-03-24T06:47:06.165+0000] {logging_mixin.py:190} INFO - [2026-03-24T06:47:06.165+0000] {dag.py:4180} INFO - Setting next_dagrun for tutorial_dag to None, run_after=None
[2026-03-24T06:47:06.187+0000] {processor.py:208} INFO - Processing /home/ec2-user/environment/lab4_model_training/venv/lib64/python3.12/site-packages/airflow/example_dags/tutorial_dag.py took 0.066 seconds
[2026-03-24T06:48:12.230+0000] {processor.py:186} INFO - Started process (PID=12102) to work on /home/ec2-user/environment/lab4_model_training/venv/lib64/python3.12/site-packages/airflow/example_dags/tutorial_dag.py
[2026-03-24T06:48:12.231+0000] {processor.py:914} INFO - Processing file /home/ec2-user/environment/lab4_model_training/venv/lib64/python3.12/site-packages/airflow/example_dags/tutorial_dag.py for tasks to queue
[2026-03-24T06:48:12.234+0000] {logging_mixin.py:190} INFO - [2026-03-24T06:48:12.233+0000] {dagbag.py:588} INFO - Filling up the DagBag from /home/ec2-user/environment/lab4_model_training/venv/lib64/python3.12/site-packages/airflow/example_dags/tutorial_dag.py
[2026-03-24T06:48:12.242+0000] {processor.py:925} INFO - DAG(s) 'tutorial_dag' retrieved from /home/ec2-user/environment/lab4_model_training/venv/lib64/python3.12/site-packages/airflow/example_dags/tutorial_dag.py
[2026-03-24T06:48:12.258+0000] {logging_mixin.py:190} INFO - [2026-03-24T06:48:12.258+0000] {dag.py:3239} INFO - Sync 1 DAGs
[2026-03-24T06:48:12.270+0000] {logging_mixin.py:190} INFO - [2026-03-24T06:48:12.270+0000] {dag.py:4180} INFO - Setting next_dagrun for tutorial_dag to None, run_after=None
[2026-03-24T06:48:12.292+0000] {processor.py:208} INFO - Processing /home/ec2-user/environment/lab4_model_training/venv/lib64/python3.12/site-packages/airflow/example_dags/tutorial_dag.py took 0.067 seconds
[2026-03-24T06:49:17.095+0000] {processor.py:186} INFO - Started process (PID=12368) to work on /home/ec2-user/environment/lab4_model_training/venv/lib64/python3.12/site-packages/airflow/example_dags/tutorial_dag.py
[2026-03-24T06:49:17.096+0000] {processor.py:914} INFO - Processing file /home/ec2-user/environment/lab4_model_training/venv/lib64/python3.12/site-packages/airflow/example_dags/tutorial_dag.py for tasks to queue
[2026-03-24T06:49:17.100+0000] {logging_mixin.py:190} INFO - [2026-03-24T06:49:17.099+0000] {dagbag.py:588} INFO - Filling up the DagBag from /home/ec2-user/environment/lab4_model_training/venv/lib64/python3.12/site-packages/airflow/example_dags/tutorial_dag.py
[2026-03-24T06:49:17.109+0000] {processor.py:925} INFO - DAG(s) 'tutorial_dag' retrieved from /home/ec2-user/environment/lab4_model_training/venv/lib64/python3.12/site-packages/airflow/example_dags/tutorial_dag.py
[2026-03-24T06:49:17.124+0000] {logging_mixin.py:190} INFO - [2026-03-24T06:49:17.124+0000] {dag.py:3239} INFO - Sync 1 DAGs
[2026-03-24T06:49:17.137+0000] {logging_mixin.py:190} INFO - [2026-03-24T06:49:17.137+0000] {dag.py:4180} INFO - Setting next_dagrun for tutorial_dag to None, run_after=None
[2026-03-24T06:49:17.159+0000] {processor.py:208} INFO - Processing /home/ec2-user/environment/lab4_model_training/venv/lib64/python3.12/site-packages/airflow/example_dags/tutorial_dag.py took 0.069 seconds
[2026-03-24T06:50:24.933+0000] {processor.py:186} INFO - Started process (PID=12597) to work on /home/ec2-user/environment/lab4_model_training/venv/lib64/python3.12/site-packages/airflow/example_dags/tutorial_dag.py
[2026-03-24T06:50:24.934+0000] {processor.py:914} INFO - Processing file /home/ec2-user/environment/lab4_model_training/venv/lib64/python3.12/site-packages/airflow/example_dags/tutorial_dag.py for tasks to queue
[2026-03-24T06:50:24.937+0000] {logging_mixin.py:190} INFO - [2026-03-24T06:50:24.936+0000] {dagbag.py:588} INFO - Filling up the DagBag from /home/ec2-user/environment/lab4_model_training/venv/lib64/python3.12/site-packages/airflow/example_dags/tutorial_dag.py
[2026-03-24T06:50:24.945+0000] {processor.py:925} INFO - DAG(s) 'tutorial_dag' retrieved from /home/ec2-user/environment/lab4_model_training/venv/lib64/python3.12/site-packages/airflow/example_dags/tutorial_dag.py
[2026-03-24T06:50:24.961+0000] {logging_mixin.py:190} INFO - [2026-03-24T06:50:24.961+0000] {dag.py:3239} INFO - Sync 1 DAGs
[2026-03-24T06:50:24.974+0000] {logging_mixin.py:190} INFO - [2026-03-24T06:50:24.974+0000] {dag.py:4180} INFO - Setting next_dagrun for tutorial_dag to None, run_after=None
[2026-03-24T06:50:24.998+0000] {processor.py:208} INFO - Processing /home/ec2-user/environment/lab4_model_training/venv/lib64/python3.12/site-packages/airflow/example_dags/tutorial_dag.py took 0.070 seconds
[2026-03-24T06:51:35.201+0000] {processor.py:186} INFO - Started process (PID=12909) to work on /home/ec2-user/environment/lab4_model_training/venv/lib64/python3.12/site-packages/airflow/example_dags/tutorial_dag.py
[2026-03-24T06:51:35.202+0000] {processor.py:914} INFO - Processing file /home/ec2-user/environment/lab4_model_training/venv/lib64/python3.12/site-packages/airflow/example_dags/tutorial_dag.py for tasks to queue
[2026-03-24T06:51:35.205+0000] {logging_mixin.py:190} INFO - [2026-03-24T06:51:35.205+0000] {dagbag.py:588} INFO - Filling up the DagBag from /home/ec2-user/environment/lab4_model_training/venv/lib64/python3.12/site-packages/airflow/example_dags/tutorial_dag.py
[2026-03-24T06:51:35.213+0000] {processor.py:925} INFO - DAG(s) 'tutorial_dag' retrieved from /home/ec2-user/environment/lab4_model_training/venv/lib64/python3.12/site-packages/airflow/example_dags/tutorial_dag.py
[2026-03-24T06:51:35.230+0000] {logging_mixin.py:190} INFO - [2026-03-24T06:51:35.229+0000] {dag.py:3239} INFO - Sync 1 DAGs
[2026-03-24T06:51:35.244+0000] {logging_mixin.py:190} INFO - [2026-03-24T06:51:35.244+0000] {dag.py:4180} INFO - Setting next_dagrun for tutorial_dag to None, run_after=None
[2026-03-24T06:51:35.266+0000] {processor.py:208} INFO - Processing /home/ec2-user/environment/lab4_model_training/venv/lib64/python3.12/site-packages/airflow/example_dags/tutorial_dag.py took 0.070 seconds
[2026-03-24T06:52:41.565+0000] {processor.py:186} INFO - Started process (PID=13285) to work on /home/ec2-user/environment/lab4_model_training/venv/lib64/python3.12/site-packages/airflow/example_dags/tutorial_dag.py
[2026-03-24T06:52:41.566+0000] {processor.py:914} INFO - Processing file /home/ec2-user/environment/lab4_model_training/venv/lib64/python3.12/site-packages/airflow/example_dags/tutorial_dag.py for tasks to queue
[2026-03-24T06:52:41.568+0000] {logging_mixin.py:190} INFO - [2026-03-24T06:52:41.567+0000] {dagbag.py:588} INFO - Filling up the DagBag from /home/ec2-user/environment/lab4_model_training/venv/lib64/python3.12/site-packages/airflow/example_dags/tutorial_dag.py
[2026-03-24T06:52:41.576+0000] {processor.py:925} INFO - DAG(s) 'tutorial_dag' retrieved from /home/ec2-user/environment/lab4_model_training/venv/lib64/python3.12/site-packages/airflow/example_dags/tutorial_dag.py
[2026-03-24T06:52:41.590+0000] {logging_mixin.py:190} INFO - [2026-03-24T06:52:41.590+0000] {dag.py:3239} INFO - Sync 1 DAGs
[2026-03-24T06:52:41.603+0000] {logging_mixin.py:190} INFO - [2026-03-24T06:52:41.602+0000] {dag.py:4180} INFO - Setting next_dagrun for tutorial_dag to None, run_after=None
[2026-03-24T06:52:41.624+0000] {processor.py:208} INFO - Processing /home/ec2-user/environment/lab4_model_training/venv/lib64/python3.12/site-packages/airflow/example_dags/tutorial_dag.py took 0.064 seconds
[2026-03-24T06:54:01.235+0000] {processor.py:186} INFO - Started process (PID=13666) to work on /home/ec2-user/environment/lab4_model_training/venv/lib64/python3.12/site-packages/airflow/example_dags/tutorial_dag.py
[2026-03-24T06:54:01.236+0000] {processor.py:914} INFO - Processing file /home/ec2-user/environment/lab4_model_training/venv/lib64/python3.12/site-packages/airflow/example_dags/tutorial_dag.py for tasks to queue
[2026-03-24T06:54:01.237+0000] {logging_mixin.py:190} INFO - [2026-03-24T06:54:01.237+0000] {dagbag.py:588} INFO - Filling up the DagBag from /home/ec2-user/environment/lab4_model_training/venv/lib64/python3.12/site-packages/airflow/example_dags/tutorial_dag.py
[2026-03-24T06:54:01.246+0000] {processor.py:925} INFO - DAG(s) 'tutorial_dag' retrieved from /home/ec2-user/environment/lab4_model_training/venv/lib64/python3.12/site-packages/airflow/example_dags/tutorial_dag.py
[2026-03-24T06:54:01.260+0000] {logging_mixin.py:190} INFO - [2026-03-24T06:54:01.260+0000] {dag.py:3239} INFO - Sync 1 DAGs
[2026-03-24T06:54:01.273+0000] {logging_mixin.py:190} INFO - [2026-03-24T06:54:01.273+0000] {dag.py:4180} INFO - Setting next_dagrun for tutorial_dag to None, run_after=None
[2026-03-24T06:54:01.295+0000] {processor.py:208} INFO - Processing /home/ec2-user/environment/lab4_model_training/venv/lib64/python3.12/site-packages/airflow/example_dags/tutorial_dag.py took 0.065 seconds
[2026-03-24T06:55:09.850+0000] {processor.py:186} INFO - Started process (PID=13930) to work on /home/ec2-user/environment/lab4_model_training/venv/lib64/python3.12/site-packages/airflow/example_dags/tutorial_dag.py
[2026-03-24T06:55:09.851+0000] {processor.py:914} INFO - Processing file /home/ec2-user/environment/lab4_model_training/venv/lib64/python3.12/site-packages/airflow/example_dags/tutorial_dag.py for tasks to queue
[2026-03-24T06:55:09.853+0000] {logging_mixin.py:190} INFO - [2026-03-24T06:55:09.853+0000] {dagbag.py:588} INFO - Filling up the DagBag from /home/ec2-user/environment/lab4_model_training/venv/lib64/python3.12/site-packages/airflow/example_dags/tutorial_dag.py
[2026-03-24T06:55:09.863+0000] {processor.py:925} INFO - DAG(s) 'tutorial_dag' retrieved from /home/ec2-user/environment/lab4_model_training/venv/lib64/python3.12/site-packages/airflow/example_dags/tutorial_dag.py
[2026-03-24T06:55:09.881+0000] {logging_mixin.py:190} INFO - [2026-03-24T06:55:09.880+0000] {dag.py:3239} INFO - Sync 1 DAGs
[2026-03-24T06:55:09.894+0000] {logging_mixin.py:190} INFO - [2026-03-24T06:55:09.894+0000] {dag.py:4180} INFO - Setting next_dagrun for tutorial_dag to None, run_after=None
[2026-03-24T06:55:09.916+0000] {processor.py:208} INFO - Processing /home/ec2-user/environment/lab4_model_training/venv/lib64/python3.12/site-packages/airflow/example_dags/tutorial_dag.py took 0.070 seconds
[2026-03-24T06:56:31.795+0000] {processor.py:186} INFO - Started process (PID=14305) to work on /home/ec2-user/environment/lab4_model_training/venv/lib64/python3.12/site-packages/airflow/example_dags/tutorial_dag.py
[2026-03-24T06:56:31.796+0000] {processor.py:914} INFO - Processing file /home/ec2-user/environment/lab4_model_training/venv/lib64/python3.12/site-packages/airflow/example_dags/tutorial_dag.py for tasks to queue
[2026-03-24T06:56:31.797+0000] {logging_mixin.py:190} INFO - [2026-03-24T06:56:31.797+0000] {dagbag.py:588} INFO - Filling up the DagBag from /home/ec2-user/environment/lab4_model_training/venv/lib64/python3.12/site-packages/airflow/example_dags/tutorial_dag.py
[2026-03-24T06:56:31.806+0000] {processor.py:925} INFO - DAG(s) 'tutorial_dag' retrieved from /home/ec2-user/environment/lab4_model_training/venv/lib64/python3.12/site-packages/airflow/example_dags/tutorial_dag.py
[2026-03-24T06:56:31.824+0000] {logging_mixin.py:190} INFO - [2026-03-24T06:56:31.824+0000] {dag.py:3239} INFO - Sync 1 DAGs
[2026-03-24T06:56:31.837+0000] {logging_mixin.py:190} INFO - [2026-03-24T06:56:31.837+0000] {dag.py:4180} INFO - Setting next_dagrun for tutorial_dag to None, run_after=None
[2026-03-24T06:56:31.859+0000] {processor.py:208} INFO - Processing /home/ec2-user/environment/lab4_model_training/venv/lib64/python3.12/site-packages/airflow/example_dags/tutorial_dag.py took 0.069 seconds
[2026-03-24T06:57:52.160+0000] {processor.py:186} INFO - Started process (PID=14671) to work on /home/ec2-user/environment/lab4_model_training/venv/lib64/python3.12/site-packages/airflow/example_dags/tutorial_dag.py
[2026-03-24T06:57:52.167+0000] {processor.py:914} INFO - Processing file /home/ec2-user/environment/lab4_model_training/venv/lib64/python3.12/site-packages/airflow/example_dags/tutorial_dag.py for tasks to queue
[2026-03-24T06:57:52.168+0000] {logging_mixin.py:190} INFO - [2026-03-24T06:57:52.168+0000] {dagbag.py:588} INFO - Filling up the DagBag from /home/ec2-user/environment/lab4_model_training/venv/lib64/python3.12/site-packages/airflow/example_dags/tutorial_dag.py
[2026-03-24T06:57:52.183+0000] {processor.py:925} INFO - DAG(s) 'tutorial_dag' retrieved from /home/ec2-user/environment/lab4_model_training/venv/lib64/python3.12/site-packages/airflow/example_dags/tutorial_dag.py
[2026-03-24T06:57:52.222+0000] {logging_mixin.py:190} INFO - [2026-03-24T06:57:52.222+0000] {dag.py:3239} INFO - Sync 1 DAGs
[2026-03-24T06:57:52.245+0000] {logging_mixin.py:190} INFO - [2026-03-24T06:57:52.244+0000] {dag.py:4180} INFO - Setting next_dagrun for tutorial_dag to None, run_after=None
[2026-03-24T06:57:52.286+0000] {processor.py:208} INFO - Processing /home/ec2-user/environment/lab4_model_training/venv/lib64/python3.12/site-packages/airflow/example_dags/tutorial_dag.py took 0.133 seconds
[2026-03-24T06:58:55.136+0000] {processor.py:186} INFO - Started process (PID=14934) to work on /home/ec2-user/environment/lab4_model_training/venv/lib64/python3.12/site-packages/airflow/example_dags/tutorial_dag.py
[2026-03-24T06:58:55.137+0000] {processor.py:914} INFO - Processing file /home/ec2-user/environment/lab4_model_training/venv/lib64/python3.12/site-packages/airflow/example_dags/tutorial_dag.py for tasks to queue
[2026-03-24T06:58:55.138+0000] {logging_mixin.py:190} INFO - [2026-03-24T06:58:55.138+0000] {dagbag.py:588} INFO - Filling up the DagBag from /home/ec2-user/environment/lab4_model_training/venv/lib64/python3.12/site-packages/airflow/example_dags/tutorial_dag.py
[2026-03-24T06:58:55.147+0000] {processor.py:925} INFO - DAG(s) 'tutorial_dag' retrieved from /home/ec2-user/environment/lab4_model_training/venv/lib64/python3.12/site-packages/airflow/example_dags/tutorial_dag.py
[2026-03-24T06:58:55.162+0000] {logging_mixin.py:190} INFO - [2026-03-24T06:58:55.162+0000] {dag.py:3239} INFO - Sync 1 DAGs
[2026-03-24T06:58:55.175+0000] {logging_mixin.py:190} INFO - [2026-03-24T06:58:55.175+0000] {dag.py:4180} INFO - Setting next_dagrun for tutorial_dag to None, run_after=None
[2026-03-24T06:58:55.196+0000] {processor.py:208} INFO - Processing /home/ec2-user/environment/lab4_model_training/venv/lib64/python3.12/site-packages/airflow/example_dags/tutorial_dag.py took 0.065 seconds
[2026-03-24T07:00:21.993+0000] {processor.py:186} INFO - Started process (PID=15345) to work on /home/ec2-user/environment/lab4_model_training/venv/lib64/python3.12/site-packages/airflow/example_dags/tutorial_dag.py
[2026-03-24T07:00:21.994+0000] {processor.py:914} INFO - Processing file /home/ec2-user/environment/lab4_model_training/venv/lib64/python3.12/site-packages/airflow/example_dags/tutorial_dag.py for tasks to queue
[2026-03-24T07:00:21.996+0000] {logging_mixin.py:190} INFO - [2026-03-24T07:00:21.995+0000] {dagbag.py:588} INFO - Filling up the DagBag from /home/ec2-user/environment/lab4_model_training/venv/lib64/python3.12/site-packages/airflow/example_dags/tutorial_dag.py
[2026-03-24T07:00:22.005+0000] {processor.py:925} INFO - DAG(s) 'tutorial_dag' retrieved from /home/ec2-user/environment/lab4_model_training/venv/lib64/python3.12/site-packages/airflow/example_dags/tutorial_dag.py
[2026-03-24T07:00:22.020+0000] {logging_mixin.py:190} INFO - [2026-03-24T07:00:22.019+0000] {dag.py:3239} INFO - Sync 1 DAGs
[2026-03-24T07:00:22.032+0000] {logging_mixin.py:190} INFO - [2026-03-24T07:00:22.032+0000] {dag.py:4180} INFO - Setting next_dagrun for tutorial_dag to None, run_after=None
[2026-03-24T07:00:22.053+0000] {processor.py:208} INFO - Processing /home/ec2-user/environment/lab4_model_training/venv/lib64/python3.12/site-packages/airflow/example_dags/tutorial_dag.py took 0.065 seconds
