[2026-03-24T06:16:52.855+0000] {processor.py:186} INFO - Started process (PID=2999) to work on /home/ec2-user/environment/lab4_model_training/venv/lib64/python3.12/site-packages/airflow/example_dags/tutorial_taskflow_api.py
[2026-03-24T06:16:52.855+0000] {processor.py:914} INFO - Processing file /home/ec2-user/environment/lab4_model_training/venv/lib64/python3.12/site-packages/airflow/example_dags/tutorial_taskflow_api.py for tasks to queue
[2026-03-24T06:16:52.858+0000] {logging_mixin.py:190} INFO - [2026-03-24T06:16:52.857+0000] {dagbag.py:588} INFO - Filling up the DagBag from /home/ec2-user/environment/lab4_model_training/venv/lib64/python3.12/site-packages/airflow/example_dags/tutorial_taskflow_api.py
[2026-03-24T06:16:52.867+0000] {processor.py:925} INFO - DAG(s) 'tutorial_taskflow_api' retrieved from /home/ec2-user/environment/lab4_model_training/venv/lib64/python3.12/site-packages/airflow/example_dags/tutorial_taskflow_api.py
[2026-03-24T06:16:52.882+0000] {logging_mixin.py:190} INFO - [2026-03-24T06:16:52.882+0000] {dag.py:3239} INFO - Sync 1 DAGs
[2026-03-24T06:16:52.895+0000] {logging_mixin.py:190} INFO - [2026-03-24T06:16:52.894+0000] {dag.py:4180} INFO - Setting next_dagrun for tutorial_taskflow_api to None, run_after=None
[2026-03-24T06:16:52.916+0000] {processor.py:208} INFO - Processing /home/ec2-user/environment/lab4_model_training/venv/lib64/python3.12/site-packages/airflow/example_dags/tutorial_taskflow_api.py took 0.067 seconds
[2026-03-24T06:18:01.773+0000] {processor.py:186} INFO - Started process (PID=3303) to work on /home/ec2-user/environment/lab4_model_training/venv/lib64/python3.12/site-packages/airflow/example_dags/tutorial_taskflow_api.py
[2026-03-24T06:18:01.774+0000] {processor.py:914} INFO - Processing file /home/ec2-user/environment/lab4_model_training/venv/lib64/python3.12/site-packages/airflow/example_dags/tutorial_taskflow_api.py for tasks to queue
[2026-03-24T06:18:01.777+0000] {logging_mixin.py:190} INFO - [2026-03-24T06:18:01.777+0000] {dagbag.py:588} INFO - Filling up the DagBag from /home/ec2-user/environment/lab4_model_training/venv/lib64/python3.12/site-packages/airflow/example_dags/tutorial_taskflow_api.py
[2026-03-24T06:18:01.787+0000] {processor.py:925} INFO - DAG(s) 'tutorial_taskflow_api' retrieved from /home/ec2-user/environment/lab4_model_training/venv/lib64/python3.12/site-packages/airflow/example_dags/tutorial_taskflow_api.py
[2026-03-24T06:18:01.806+0000] {logging_mixin.py:190} INFO - [2026-03-24T06:18:01.806+0000] {dag.py:3239} INFO - Sync 1 DAGs
[2026-03-24T06:18:01.823+0000] {logging_mixin.py:190} INFO - [2026-03-24T06:18:01.823+0000] {dag.py:4180} INFO - Setting next_dagrun for tutorial_taskflow_api to None, run_after=None
[2026-03-24T06:18:01.849+0000] {processor.py:208} INFO - Processing /home/ec2-user/environment/lab4_model_training/venv/lib64/python3.12/site-packages/airflow/example_dags/tutorial_taskflow_api.py took 0.083 seconds
[2026-03-24T06:19:05.810+0000] {processor.py:186} INFO - Started process (PID=3612) to work on /home/ec2-user/environment/lab4_model_training/venv/lib64/python3.12/site-packages/airflow/example_dags/tutorial_taskflow_api.py
[2026-03-24T06:19:05.812+0000] {processor.py:914} INFO - Processing file /home/ec2-user/environment/lab4_model_training/venv/lib64/python3.12/site-packages/airflow/example_dags/tutorial_taskflow_api.py for tasks to queue
[2026-03-24T06:19:05.814+0000] {logging_mixin.py:190} INFO - [2026-03-24T06:19:05.813+0000] {dagbag.py:588} INFO - Filling up the DagBag from /home/ec2-user/environment/lab4_model_training/venv/lib64/python3.12/site-packages/airflow/example_dags/tutorial_taskflow_api.py
[2026-03-24T06:19:05.824+0000] {processor.py:925} INFO - DAG(s) 'tutorial_taskflow_api' retrieved from /home/ec2-user/environment/lab4_model_training/venv/lib64/python3.12/site-packages/airflow/example_dags/tutorial_taskflow_api.py
[2026-03-24T06:19:05.842+0000] {logging_mixin.py:190} INFO - [2026-03-24T06:19:05.841+0000] {dag.py:3239} INFO - Sync 1 DAGs
[2026-03-24T06:19:05.858+0000] {logging_mixin.py:190} INFO - [2026-03-24T06:19:05.858+0000] {dag.py:4180} INFO - Setting next_dagrun for tutorial_taskflow_api to None, run_after=None
[2026-03-24T06:19:05.883+0000] {processor.py:208} INFO - Processing /home/ec2-user/environment/lab4_model_training/venv/lib64/python3.12/site-packages/airflow/example_dags/tutorial_taskflow_api.py took 0.079 seconds
[2026-03-24T06:20:16.532+0000] {processor.py:186} INFO - Started process (PID=3952) to work on /home/ec2-user/environment/lab4_model_training/venv/lib64/python3.12/site-packages/airflow/example_dags/tutorial_taskflow_api.py
[2026-03-24T06:20:16.533+0000] {processor.py:914} INFO - Processing file /home/ec2-user/environment/lab4_model_training/venv/lib64/python3.12/site-packages/airflow/example_dags/tutorial_taskflow_api.py for tasks to queue
[2026-03-24T06:20:16.536+0000] {logging_mixin.py:190} INFO - [2026-03-24T06:20:16.536+0000] {dagbag.py:588} INFO - Filling up the DagBag from /home/ec2-user/environment/lab4_model_training/venv/lib64/python3.12/site-packages/airflow/example_dags/tutorial_taskflow_api.py
[2026-03-24T06:20:16.546+0000] {processor.py:925} INFO - DAG(s) 'tutorial_taskflow_api' retrieved from /home/ec2-user/environment/lab4_model_training/venv/lib64/python3.12/site-packages/airflow/example_dags/tutorial_taskflow_api.py
[2026-03-24T06:20:16.562+0000] {logging_mixin.py:190} INFO - [2026-03-24T06:20:16.561+0000] {dag.py:3239} INFO - Sync 1 DAGs
[2026-03-24T06:20:16.574+0000] {logging_mixin.py:190} INFO - [2026-03-24T06:20:16.574+0000] {dag.py:4180} INFO - Setting next_dagrun for tutorial_taskflow_api to None, run_after=None
[2026-03-24T06:20:16.595+0000] {processor.py:208} INFO - Processing /home/ec2-user/environment/lab4_model_training/venv/lib64/python3.12/site-packages/airflow/example_dags/tutorial_taskflow_api.py took 0.067 seconds
[2026-03-24T06:21:23.751+0000] {processor.py:186} INFO - Started process (PID=4320) to work on /home/ec2-user/environment/lab4_model_training/venv/lib64/python3.12/site-packages/airflow/example_dags/tutorial_taskflow_api.py
[2026-03-24T06:21:23.753+0000] {processor.py:914} INFO - Processing file /home/ec2-user/environment/lab4_model_training/venv/lib64/python3.12/site-packages/airflow/example_dags/tutorial_taskflow_api.py for tasks to queue
[2026-03-24T06:21:23.755+0000] {logging_mixin.py:190} INFO - [2026-03-24T06:21:23.755+0000] {dagbag.py:588} INFO - Filling up the DagBag from /home/ec2-user/environment/lab4_model_training/venv/lib64/python3.12/site-packages/airflow/example_dags/tutorial_taskflow_api.py
[2026-03-24T06:21:23.765+0000] {processor.py:925} INFO - DAG(s) 'tutorial_taskflow_api' retrieved from /home/ec2-user/environment/lab4_model_training/venv/lib64/python3.12/site-packages/airflow/example_dags/tutorial_taskflow_api.py
[2026-03-24T06:21:23.783+0000] {logging_mixin.py:190} INFO - [2026-03-24T06:21:23.783+0000] {dag.py:3239} INFO - Sync 1 DAGs
[2026-03-24T06:21:23.800+0000] {logging_mixin.py:190} INFO - [2026-03-24T06:21:23.799+0000] {dag.py:4180} INFO - Setting next_dagrun for tutorial_taskflow_api to None, run_after=None
[2026-03-24T06:21:23.825+0000] {processor.py:208} INFO - Processing /home/ec2-user/environment/lab4_model_training/venv/lib64/python3.12/site-packages/airflow/example_dags/tutorial_taskflow_api.py took 0.080 seconds
[2026-03-24T06:22:30.174+0000] {processor.py:186} INFO - Started process (PID=4735) to work on /home/ec2-user/environment/lab4_model_training/venv/lib64/python3.12/site-packages/airflow/example_dags/tutorial_taskflow_api.py
[2026-03-24T06:22:30.175+0000] {processor.py:914} INFO - Processing file /home/ec2-user/environment/lab4_model_training/venv/lib64/python3.12/site-packages/airflow/example_dags/tutorial_taskflow_api.py for tasks to queue
[2026-03-24T06:22:30.178+0000] {logging_mixin.py:190} INFO - [2026-03-24T06:22:30.177+0000] {dagbag.py:588} INFO - Filling up the DagBag from /home/ec2-user/environment/lab4_model_training/venv/lib64/python3.12/site-packages/airflow/example_dags/tutorial_taskflow_api.py
[2026-03-24T06:22:30.188+0000] {processor.py:925} INFO - DAG(s) 'tutorial_taskflow_api' retrieved from /home/ec2-user/environment/lab4_model_training/venv/lib64/python3.12/site-packages/airflow/example_dags/tutorial_taskflow_api.py
[2026-03-24T06:22:30.206+0000] {logging_mixin.py:190} INFO - [2026-03-24T06:22:30.206+0000] {dag.py:3239} INFO - Sync 1 DAGs
[2026-03-24T06:22:30.223+0000] {logging_mixin.py:190} INFO - [2026-03-24T06:22:30.222+0000] {dag.py:4180} INFO - Setting next_dagrun for tutorial_taskflow_api to None, run_after=None
[2026-03-24T06:22:30.249+0000] {processor.py:208} INFO - Processing /home/ec2-user/environment/lab4_model_training/venv/lib64/python3.12/site-packages/airflow/example_dags/tutorial_taskflow_api.py took 0.081 seconds
[2026-03-24T06:23:37.176+0000] {processor.py:186} INFO - Started process (PID=5081) to work on /home/ec2-user/environment/lab4_model_training/venv/lib64/python3.12/site-packages/airflow/example_dags/tutorial_taskflow_api.py
[2026-03-24T06:23:37.177+0000] {processor.py:914} INFO - Processing file /home/ec2-user/environment/lab4_model_training/venv/lib64/python3.12/site-packages/airflow/example_dags/tutorial_taskflow_api.py for tasks to queue
[2026-03-24T06:23:37.179+0000] {logging_mixin.py:190} INFO - [2026-03-24T06:23:37.179+0000] {dagbag.py:588} INFO - Filling up the DagBag from /home/ec2-user/environment/lab4_model_training/venv/lib64/python3.12/site-packages/airflow/example_dags/tutorial_taskflow_api.py
[2026-03-24T06:23:37.188+0000] {processor.py:925} INFO - DAG(s) 'tutorial_taskflow_api' retrieved from /home/ec2-user/environment/lab4_model_training/venv/lib64/python3.12/site-packages/airflow/example_dags/tutorial_taskflow_api.py
[2026-03-24T06:23:37.204+0000] {logging_mixin.py:190} INFO - [2026-03-24T06:23:37.204+0000] {dag.py:3239} INFO - Sync 1 DAGs
[2026-03-24T06:23:37.217+0000] {logging_mixin.py:190} INFO - [2026-03-24T06:23:37.217+0000] {dag.py:4180} INFO - Setting next_dagrun for tutorial_taskflow_api to None, run_after=None
[2026-03-24T06:23:37.242+0000] {processor.py:208} INFO - Processing /home/ec2-user/environment/lab4_model_training/venv/lib64/python3.12/site-packages/airflow/example_dags/tutorial_taskflow_api.py took 0.070 seconds
[2026-03-24T06:24:51.091+0000] {processor.py:186} INFO - Started process (PID=5436) to work on /home/ec2-user/environment/lab4_model_training/venv/lib64/python3.12/site-packages/airflow/example_dags/tutorial_taskflow_api.py
[2026-03-24T06:24:51.093+0000] {processor.py:914} INFO - Processing file /home/ec2-user/environment/lab4_model_training/venv/lib64/python3.12/site-packages/airflow/example_dags/tutorial_taskflow_api.py for tasks to queue
[2026-03-24T06:24:51.095+0000] {logging_mixin.py:190} INFO - [2026-03-24T06:24:51.094+0000] {dagbag.py:588} INFO - Filling up the DagBag from /home/ec2-user/environment/lab4_model_training/venv/lib64/python3.12/site-packages/airflow/example_dags/tutorial_taskflow_api.py
[2026-03-24T06:24:51.104+0000] {processor.py:925} INFO - DAG(s) 'tutorial_taskflow_api' retrieved from /home/ec2-user/environment/lab4_model_training/venv/lib64/python3.12/site-packages/airflow/example_dags/tutorial_taskflow_api.py
[2026-03-24T06:24:51.119+0000] {logging_mixin.py:190} INFO - [2026-03-24T06:24:51.119+0000] {dag.py:3239} INFO - Sync 1 DAGs
[2026-03-24T06:24:51.131+0000] {logging_mixin.py:190} INFO - [2026-03-24T06:24:51.131+0000] {dag.py:4180} INFO - Setting next_dagrun for tutorial_taskflow_api to None, run_after=None
[2026-03-24T06:24:51.152+0000] {processor.py:208} INFO - Processing /home/ec2-user/environment/lab4_model_training/venv/lib64/python3.12/site-packages/airflow/example_dags/tutorial_taskflow_api.py took 0.065 seconds
[2026-03-24T06:25:54.003+0000] {processor.py:186} INFO - Started process (PID=5693) to work on /home/ec2-user/environment/lab4_model_training/venv/lib64/python3.12/site-packages/airflow/example_dags/tutorial_taskflow_api.py
[2026-03-24T06:25:54.004+0000] {processor.py:914} INFO - Processing file /home/ec2-user/environment/lab4_model_training/venv/lib64/python3.12/site-packages/airflow/example_dags/tutorial_taskflow_api.py for tasks to queue
[2026-03-24T06:25:54.007+0000] {logging_mixin.py:190} INFO - [2026-03-24T06:25:54.006+0000] {dagbag.py:588} INFO - Filling up the DagBag from /home/ec2-user/environment/lab4_model_training/venv/lib64/python3.12/site-packages/airflow/example_dags/tutorial_taskflow_api.py
[2026-03-24T06:25:54.017+0000] {processor.py:925} INFO - DAG(s) 'tutorial_taskflow_api' retrieved from /home/ec2-user/environment/lab4_model_training/venv/lib64/python3.12/site-packages/airflow/example_dags/tutorial_taskflow_api.py
[2026-03-24T06:25:54.034+0000] {logging_mixin.py:190} INFO - [2026-03-24T06:25:54.034+0000] {dag.py:3239} INFO - Sync 1 DAGs
[2026-03-24T06:25:54.047+0000] {logging_mixin.py:190} INFO - [2026-03-24T06:25:54.047+0000] {dag.py:4180} INFO - Setting next_dagrun for tutorial_taskflow_api to None, run_after=None
[2026-03-24T06:25:54.069+0000] {processor.py:208} INFO - Processing /home/ec2-user/environment/lab4_model_training/venv/lib64/python3.12/site-packages/airflow/example_dags/tutorial_taskflow_api.py took 0.070 seconds
[2026-03-24T06:26:57.496+0000] {processor.py:186} INFO - Started process (PID=5925) to work on /home/ec2-user/environment/lab4_model_training/venv/lib64/python3.12/site-packages/airflow/example_dags/tutorial_taskflow_api.py
[2026-03-24T06:26:57.497+0000] {processor.py:914} INFO - Processing file /home/ec2-user/environment/lab4_model_training/venv/lib64/python3.12/site-packages/airflow/example_dags/tutorial_taskflow_api.py for tasks to queue
[2026-03-24T06:26:57.500+0000] {logging_mixin.py:190} INFO - [2026-03-24T06:26:57.500+0000] {dagbag.py:588} INFO - Filling up the DagBag from /home/ec2-user/environment/lab4_model_training/venv/lib64/python3.12/site-packages/airflow/example_dags/tutorial_taskflow_api.py
[2026-03-24T06:26:57.510+0000] {processor.py:925} INFO - DAG(s) 'tutorial_taskflow_api' retrieved from /home/ec2-user/environment/lab4_model_training/venv/lib64/python3.12/site-packages/airflow/example_dags/tutorial_taskflow_api.py
[2026-03-24T06:26:57.527+0000] {logging_mixin.py:190} INFO - [2026-03-24T06:26:57.527+0000] {dag.py:3239} INFO - Sync 1 DAGs
[2026-03-24T06:26:57.541+0000] {logging_mixin.py:190} INFO - [2026-03-24T06:26:57.541+0000] {dag.py:4180} INFO - Setting next_dagrun for tutorial_taskflow_api to None, run_after=None
[2026-03-24T06:26:57.573+0000] {processor.py:208} INFO - Processing /home/ec2-user/environment/lab4_model_training/venv/lib64/python3.12/site-packages/airflow/example_dags/tutorial_taskflow_api.py took 0.082 seconds
[2026-03-24T06:28:06.128+0000] {processor.py:186} INFO - Started process (PID=6232) to work on /home/ec2-user/environment/lab4_model_training/venv/lib64/python3.12/site-packages/airflow/example_dags/tutorial_taskflow_api.py
[2026-03-24T06:28:06.129+0000] {processor.py:914} INFO - Processing file /home/ec2-user/environment/lab4_model_training/venv/lib64/python3.12/site-packages/airflow/example_dags/tutorial_taskflow_api.py for tasks to queue
[2026-03-24T06:28:06.131+0000] {logging_mixin.py:190} INFO - [2026-03-24T06:28:06.131+0000] {dagbag.py:588} INFO - Filling up the DagBag from /home/ec2-user/environment/lab4_model_training/venv/lib64/python3.12/site-packages/airflow/example_dags/tutorial_taskflow_api.py
[2026-03-24T06:28:06.141+0000] {processor.py:925} INFO - DAG(s) 'tutorial_taskflow_api' retrieved from /home/ec2-user/environment/lab4_model_training/venv/lib64/python3.12/site-packages/airflow/example_dags/tutorial_taskflow_api.py
[2026-03-24T06:28:06.156+0000] {logging_mixin.py:190} INFO - [2026-03-24T06:28:06.156+0000] {dag.py:3239} INFO - Sync 1 DAGs
[2026-03-24T06:28:06.169+0000] {logging_mixin.py:190} INFO - [2026-03-24T06:28:06.168+0000] {dag.py:4180} INFO - Setting next_dagrun for tutorial_taskflow_api to None, run_after=None
[2026-03-24T06:28:06.189+0000] {processor.py:208} INFO - Processing /home/ec2-user/environment/lab4_model_training/venv/lib64/python3.12/site-packages/airflow/example_dags/tutorial_taskflow_api.py took 0.066 seconds
[2026-03-24T06:29:13.101+0000] {processor.py:186} INFO - Started process (PID=6579) to work on /home/ec2-user/environment/lab4_model_training/venv/lib64/python3.12/site-packages/airflow/example_dags/tutorial_taskflow_api.py
[2026-03-24T06:29:13.102+0000] {processor.py:914} INFO - Processing file /home/ec2-user/environment/lab4_model_training/venv/lib64/python3.12/site-packages/airflow/example_dags/tutorial_taskflow_api.py for tasks to queue
[2026-03-24T06:29:13.105+0000] {logging_mixin.py:190} INFO - [2026-03-24T06:29:13.104+0000] {dagbag.py:588} INFO - Filling up the DagBag from /home/ec2-user/environment/lab4_model_training/venv/lib64/python3.12/site-packages/airflow/example_dags/tutorial_taskflow_api.py
[2026-03-24T06:29:13.114+0000] {processor.py:925} INFO - DAG(s) 'tutorial_taskflow_api' retrieved from /home/ec2-user/environment/lab4_model_training/venv/lib64/python3.12/site-packages/airflow/example_dags/tutorial_taskflow_api.py
[2026-03-24T06:29:13.129+0000] {logging_mixin.py:190} INFO - [2026-03-24T06:29:13.129+0000] {dag.py:3239} INFO - Sync 1 DAGs
[2026-03-24T06:29:13.142+0000] {logging_mixin.py:190} INFO - [2026-03-24T06:29:13.142+0000] {dag.py:4180} INFO - Setting next_dagrun for tutorial_taskflow_api to None, run_after=None
[2026-03-24T06:29:13.163+0000] {processor.py:208} INFO - Processing /home/ec2-user/environment/lab4_model_training/venv/lib64/python3.12/site-packages/airflow/example_dags/tutorial_taskflow_api.py took 0.066 seconds
[2026-03-24T06:30:13.215+0000] {processor.py:186} INFO - Started process (PID=6931) to work on /home/ec2-user/environment/lab4_model_training/venv/lib64/python3.12/site-packages/airflow/example_dags/tutorial_taskflow_api.py
[2026-03-24T06:30:13.216+0000] {processor.py:914} INFO - Processing file /home/ec2-user/environment/lab4_model_training/venv/lib64/python3.12/site-packages/airflow/example_dags/tutorial_taskflow_api.py for tasks to queue
[2026-03-24T06:30:13.218+0000] {logging_mixin.py:190} INFO - [2026-03-24T06:30:13.218+0000] {dagbag.py:588} INFO - Filling up the DagBag from /home/ec2-user/environment/lab4_model_training/venv/lib64/python3.12/site-packages/airflow/example_dags/tutorial_taskflow_api.py
[2026-03-24T06:30:13.228+0000] {processor.py:925} INFO - DAG(s) 'tutorial_taskflow_api' retrieved from /home/ec2-user/environment/lab4_model_training/venv/lib64/python3.12/site-packages/airflow/example_dags/tutorial_taskflow_api.py
[2026-03-24T06:30:13.243+0000] {logging_mixin.py:190} INFO - [2026-03-24T06:30:13.243+0000] {dag.py:3239} INFO - Sync 1 DAGs
[2026-03-24T06:30:13.256+0000] {logging_mixin.py:190} INFO - [2026-03-24T06:30:13.255+0000] {dag.py:4180} INFO - Setting next_dagrun for tutorial_taskflow_api to None, run_after=None
[2026-03-24T06:30:13.277+0000] {processor.py:208} INFO - Processing /home/ec2-user/environment/lab4_model_training/venv/lib64/python3.12/site-packages/airflow/example_dags/tutorial_taskflow_api.py took 0.067 seconds
[2026-03-24T06:31:14.560+0000] {processor.py:186} INFO - Started process (PID=7205) to work on /home/ec2-user/environment/lab4_model_training/venv/lib64/python3.12/site-packages/airflow/example_dags/tutorial_taskflow_api.py
[2026-03-24T06:31:14.561+0000] {processor.py:914} INFO - Processing file /home/ec2-user/environment/lab4_model_training/venv/lib64/python3.12/site-packages/airflow/example_dags/tutorial_taskflow_api.py for tasks to queue
[2026-03-24T06:31:14.563+0000] {logging_mixin.py:190} INFO - [2026-03-24T06:31:14.563+0000] {dagbag.py:588} INFO - Filling up the DagBag from /home/ec2-user/environment/lab4_model_training/venv/lib64/python3.12/site-packages/airflow/example_dags/tutorial_taskflow_api.py
[2026-03-24T06:31:14.573+0000] {processor.py:925} INFO - DAG(s) 'tutorial_taskflow_api' retrieved from /home/ec2-user/environment/lab4_model_training/venv/lib64/python3.12/site-packages/airflow/example_dags/tutorial_taskflow_api.py
[2026-03-24T06:31:14.589+0000] {logging_mixin.py:190} INFO - [2026-03-24T06:31:14.589+0000] {dag.py:3239} INFO - Sync 1 DAGs
[2026-03-24T06:31:14.602+0000] {logging_mixin.py:190} INFO - [2026-03-24T06:31:14.601+0000] {dag.py:4180} INFO - Setting next_dagrun for tutorial_taskflow_api to None, run_after=None
[2026-03-24T06:31:14.625+0000] {processor.py:208} INFO - Processing /home/ec2-user/environment/lab4_model_training/venv/lib64/python3.12/site-packages/airflow/example_dags/tutorial_taskflow_api.py took 0.070 seconds
[2026-03-24T06:32:19.730+0000] {processor.py:186} INFO - Started process (PID=7497) to work on /home/ec2-user/environment/lab4_model_training/venv/lib64/python3.12/site-packages/airflow/example_dags/tutorial_taskflow_api.py
[2026-03-24T06:32:19.731+0000] {processor.py:914} INFO - Processing file /home/ec2-user/environment/lab4_model_training/venv/lib64/python3.12/site-packages/airflow/example_dags/tutorial_taskflow_api.py for tasks to queue
[2026-03-24T06:32:19.734+0000] {logging_mixin.py:190} INFO - [2026-03-24T06:32:19.734+0000] {dagbag.py:588} INFO - Filling up the DagBag from /home/ec2-user/environment/lab4_model_training/venv/lib64/python3.12/site-packages/airflow/example_dags/tutorial_taskflow_api.py
[2026-03-24T06:32:19.745+0000] {processor.py:925} INFO - DAG(s) 'tutorial_taskflow_api' retrieved from /home/ec2-user/environment/lab4_model_training/venv/lib64/python3.12/site-packages/airflow/example_dags/tutorial_taskflow_api.py
[2026-03-24T06:32:19.760+0000] {logging_mixin.py:190} INFO - [2026-03-24T06:32:19.760+0000] {dag.py:3239} INFO - Sync 1 DAGs
[2026-03-24T06:32:19.776+0000] {logging_mixin.py:190} INFO - [2026-03-24T06:32:19.776+0000] {dag.py:4180} INFO - Setting next_dagrun for tutorial_taskflow_api to None, run_after=None
[2026-03-24T06:32:19.804+0000] {processor.py:208} INFO - Processing /home/ec2-user/environment/lab4_model_training/venv/lib64/python3.12/site-packages/airflow/example_dags/tutorial_taskflow_api.py took 0.078 seconds
[2026-03-24T06:33:29.474+0000] {processor.py:186} INFO - Started process (PID=7831) to work on /home/ec2-user/environment/lab4_model_training/venv/lib64/python3.12/site-packages/airflow/example_dags/tutorial_taskflow_api.py
[2026-03-24T06:33:29.475+0000] {processor.py:914} INFO - Processing file /home/ec2-user/environment/lab4_model_training/venv/lib64/python3.12/site-packages/airflow/example_dags/tutorial_taskflow_api.py for tasks to queue
[2026-03-24T06:33:29.477+0000] {logging_mixin.py:190} INFO - [2026-03-24T06:33:29.477+0000] {dagbag.py:588} INFO - Filling up the DagBag from /home/ec2-user/environment/lab4_model_training/venv/lib64/python3.12/site-packages/airflow/example_dags/tutorial_taskflow_api.py
[2026-03-24T06:33:29.486+0000] {processor.py:925} INFO - DAG(s) 'tutorial_taskflow_api' retrieved from /home/ec2-user/environment/lab4_model_training/venv/lib64/python3.12/site-packages/airflow/example_dags/tutorial_taskflow_api.py
[2026-03-24T06:33:29.504+0000] {logging_mixin.py:190} INFO - [2026-03-24T06:33:29.503+0000] {dag.py:3239} INFO - Sync 1 DAGs
[2026-03-24T06:33:29.516+0000] {logging_mixin.py:190} INFO - [2026-03-24T06:33:29.516+0000] {dag.py:4180} INFO - Setting next_dagrun for tutorial_taskflow_api to None, run_after=None
[2026-03-24T06:33:29.537+0000] {processor.py:208} INFO - Processing /home/ec2-user/environment/lab4_model_training/venv/lib64/python3.12/site-packages/airflow/example_dags/tutorial_taskflow_api.py took 0.068 seconds
[2026-03-24T06:34:29.227+0000] {processor.py:186} INFO - Started process (PID=8044) to work on /home/ec2-user/environment/lab4_model_training/venv/lib64/python3.12/site-packages/airflow/example_dags/tutorial_taskflow_api.py
[2026-03-24T06:34:29.228+0000] {processor.py:914} INFO - Processing file /home/ec2-user/environment/lab4_model_training/venv/lib64/python3.12/site-packages/airflow/example_dags/tutorial_taskflow_api.py for tasks to queue
[2026-03-24T06:34:29.230+0000] {logging_mixin.py:190} INFO - [2026-03-24T06:34:29.230+0000] {dagbag.py:588} INFO - Filling up the DagBag from /home/ec2-user/environment/lab4_model_training/venv/lib64/python3.12/site-packages/airflow/example_dags/tutorial_taskflow_api.py
[2026-03-24T06:34:29.241+0000] {processor.py:925} INFO - DAG(s) 'tutorial_taskflow_api' retrieved from /home/ec2-user/environment/lab4_model_training/venv/lib64/python3.12/site-packages/airflow/example_dags/tutorial_taskflow_api.py
[2026-03-24T06:34:29.257+0000] {logging_mixin.py:190} INFO - [2026-03-24T06:34:29.257+0000] {dag.py:3239} INFO - Sync 1 DAGs
[2026-03-24T06:34:29.270+0000] {logging_mixin.py:190} INFO - [2026-03-24T06:34:29.270+0000] {dag.py:4180} INFO - Setting next_dagrun for tutorial_taskflow_api to None, run_after=None
[2026-03-24T06:34:29.292+0000] {processor.py:208} INFO - Processing /home/ec2-user/environment/lab4_model_training/venv/lib64/python3.12/site-packages/airflow/example_dags/tutorial_taskflow_api.py took 0.070 seconds
[2026-03-24T06:35:33.040+0000] {processor.py:186} INFO - Started process (PID=8311) to work on /home/ec2-user/environment/lab4_model_training/venv/lib64/python3.12/site-packages/airflow/example_dags/tutorial_taskflow_api.py
[2026-03-24T06:35:33.041+0000] {processor.py:914} INFO - Processing file /home/ec2-user/environment/lab4_model_training/venv/lib64/python3.12/site-packages/airflow/example_dags/tutorial_taskflow_api.py for tasks to queue
[2026-03-24T06:35:33.044+0000] {logging_mixin.py:190} INFO - [2026-03-24T06:35:33.043+0000] {dagbag.py:588} INFO - Filling up the DagBag from /home/ec2-user/environment/lab4_model_training/venv/lib64/python3.12/site-packages/airflow/example_dags/tutorial_taskflow_api.py
[2026-03-24T06:35:33.054+0000] {processor.py:925} INFO - DAG(s) 'tutorial_taskflow_api' retrieved from /home/ec2-user/environment/lab4_model_training/venv/lib64/python3.12/site-packages/airflow/example_dags/tutorial_taskflow_api.py
[2026-03-24T06:35:33.072+0000] {logging_mixin.py:190} INFO - [2026-03-24T06:35:33.072+0000] {dag.py:3239} INFO - Sync 1 DAGs
[2026-03-24T06:35:33.088+0000] {logging_mixin.py:190} INFO - [2026-03-24T06:35:33.087+0000] {dag.py:4180} INFO - Setting next_dagrun for tutorial_taskflow_api to None, run_after=None
[2026-03-24T06:35:33.113+0000] {processor.py:208} INFO - Processing /home/ec2-user/environment/lab4_model_training/venv/lib64/python3.12/site-packages/airflow/example_dags/tutorial_taskflow_api.py took 0.078 seconds
[2026-03-24T06:36:37.284+0000] {processor.py:186} INFO - Started process (PID=8599) to work on /home/ec2-user/environment/lab4_model_training/venv/lib64/python3.12/site-packages/airflow/example_dags/tutorial_taskflow_api.py
[2026-03-24T06:36:37.286+0000] {processor.py:914} INFO - Processing file /home/ec2-user/environment/lab4_model_training/venv/lib64/python3.12/site-packages/airflow/example_dags/tutorial_taskflow_api.py for tasks to queue
[2026-03-24T06:36:37.288+0000] {logging_mixin.py:190} INFO - [2026-03-24T06:36:37.288+0000] {dagbag.py:588} INFO - Filling up the DagBag from /home/ec2-user/environment/lab4_model_training/venv/lib64/python3.12/site-packages/airflow/example_dags/tutorial_taskflow_api.py
[2026-03-24T06:36:37.299+0000] {processor.py:925} INFO - DAG(s) 'tutorial_taskflow_api' retrieved from /home/ec2-user/environment/lab4_model_training/venv/lib64/python3.12/site-packages/airflow/example_dags/tutorial_taskflow_api.py
[2026-03-24T06:36:37.313+0000] {logging_mixin.py:190} INFO - [2026-03-24T06:36:37.313+0000] {dag.py:3239} INFO - Sync 1 DAGs
[2026-03-24T06:36:37.327+0000] {logging_mixin.py:190} INFO - [2026-03-24T06:36:37.327+0000] {dag.py:4180} INFO - Setting next_dagrun for tutorial_taskflow_api to None, run_after=None
[2026-03-24T06:36:37.348+0000] {processor.py:208} INFO - Processing /home/ec2-user/environment/lab4_model_training/venv/lib64/python3.12/site-packages/airflow/example_dags/tutorial_taskflow_api.py took 0.068 seconds
[2026-03-24T06:37:45.879+0000] {processor.py:186} INFO - Started process (PID=8994) to work on /home/ec2-user/environment/lab4_model_training/venv/lib64/python3.12/site-packages/airflow/example_dags/tutorial_taskflow_api.py
[2026-03-24T06:37:45.881+0000] {processor.py:914} INFO - Processing file /home/ec2-user/environment/lab4_model_training/venv/lib64/python3.12/site-packages/airflow/example_dags/tutorial_taskflow_api.py for tasks to queue
[2026-03-24T06:37:45.884+0000] {logging_mixin.py:190} INFO - [2026-03-24T06:37:45.883+0000] {dagbag.py:588} INFO - Filling up the DagBag from /home/ec2-user/environment/lab4_model_training/venv/lib64/python3.12/site-packages/airflow/example_dags/tutorial_taskflow_api.py
[2026-03-24T06:37:45.894+0000] {processor.py:925} INFO - DAG(s) 'tutorial_taskflow_api' retrieved from /home/ec2-user/environment/lab4_model_training/venv/lib64/python3.12/site-packages/airflow/example_dags/tutorial_taskflow_api.py
[2026-03-24T06:37:45.913+0000] {logging_mixin.py:190} INFO - [2026-03-24T06:37:45.912+0000] {dag.py:3239} INFO - Sync 1 DAGs
[2026-03-24T06:37:45.929+0000] {logging_mixin.py:190} INFO - [2026-03-24T06:37:45.929+0000] {dag.py:4180} INFO - Setting next_dagrun for tutorial_taskflow_api to None, run_after=None
[2026-03-24T06:37:45.956+0000] {processor.py:208} INFO - Processing /home/ec2-user/environment/lab4_model_training/venv/lib64/python3.12/site-packages/airflow/example_dags/tutorial_taskflow_api.py took 0.084 seconds
[2026-03-24T06:38:55.857+0000] {processor.py:186} INFO - Started process (PID=9313) to work on /home/ec2-user/environment/lab4_model_training/venv/lib64/python3.12/site-packages/airflow/example_dags/tutorial_taskflow_api.py
[2026-03-24T06:38:55.858+0000] {processor.py:914} INFO - Processing file /home/ec2-user/environment/lab4_model_training/venv/lib64/python3.12/site-packages/airflow/example_dags/tutorial_taskflow_api.py for tasks to queue
[2026-03-24T06:38:55.861+0000] {logging_mixin.py:190} INFO - [2026-03-24T06:38:55.861+0000] {dagbag.py:588} INFO - Filling up the DagBag from /home/ec2-user/environment/lab4_model_training/venv/lib64/python3.12/site-packages/airflow/example_dags/tutorial_taskflow_api.py
[2026-03-24T06:38:55.871+0000] {processor.py:925} INFO - DAG(s) 'tutorial_taskflow_api' retrieved from /home/ec2-user/environment/lab4_model_training/venv/lib64/python3.12/site-packages/airflow/example_dags/tutorial_taskflow_api.py
[2026-03-24T06:38:55.886+0000] {logging_mixin.py:190} INFO - [2026-03-24T06:38:55.886+0000] {dag.py:3239} INFO - Sync 1 DAGs
[2026-03-24T06:38:55.899+0000] {logging_mixin.py:190} INFO - [2026-03-24T06:38:55.899+0000] {dag.py:4180} INFO - Setting next_dagrun for tutorial_taskflow_api to None, run_after=None
[2026-03-24T06:38:55.920+0000] {processor.py:208} INFO - Processing /home/ec2-user/environment/lab4_model_training/venv/lib64/python3.12/site-packages/airflow/example_dags/tutorial_taskflow_api.py took 0.068 seconds
[2026-03-24T06:40:04.893+0000] {processor.py:186} INFO - Started process (PID=9634) to work on /home/ec2-user/environment/lab4_model_training/venv/lib64/python3.12/site-packages/airflow/example_dags/tutorial_taskflow_api.py
[2026-03-24T06:40:04.895+0000] {processor.py:914} INFO - Processing file /home/ec2-user/environment/lab4_model_training/venv/lib64/python3.12/site-packages/airflow/example_dags/tutorial_taskflow_api.py for tasks to queue
[2026-03-24T06:40:04.897+0000] {logging_mixin.py:190} INFO - [2026-03-24T06:40:04.897+0000] {dagbag.py:588} INFO - Filling up the DagBag from /home/ec2-user/environment/lab4_model_training/venv/lib64/python3.12/site-packages/airflow/example_dags/tutorial_taskflow_api.py
[2026-03-24T06:40:04.908+0000] {processor.py:925} INFO - DAG(s) 'tutorial_taskflow_api' retrieved from /home/ec2-user/environment/lab4_model_training/venv/lib64/python3.12/site-packages/airflow/example_dags/tutorial_taskflow_api.py
[2026-03-24T06:40:04.944+0000] {logging_mixin.py:190} INFO - [2026-03-24T06:40:04.944+0000] {dag.py:3239} INFO - Sync 1 DAGs
[2026-03-24T06:40:04.966+0000] {logging_mixin.py:190} INFO - [2026-03-24T06:40:04.966+0000] {dag.py:4180} INFO - Setting next_dagrun for tutorial_taskflow_api to None, run_after=None
[2026-03-24T06:40:05.009+0000] {processor.py:208} INFO - Processing /home/ec2-user/environment/lab4_model_training/venv/lib64/python3.12/site-packages/airflow/example_dags/tutorial_taskflow_api.py took 0.122 seconds
[2026-03-24T06:41:13.417+0000] {processor.py:186} INFO - Started process (PID=9945) to work on /home/ec2-user/environment/lab4_model_training/venv/lib64/python3.12/site-packages/airflow/example_dags/tutorial_taskflow_api.py
[2026-03-24T06:41:13.419+0000] {processor.py:914} INFO - Processing file /home/ec2-user/environment/lab4_model_training/venv/lib64/python3.12/site-packages/airflow/example_dags/tutorial_taskflow_api.py for tasks to queue
[2026-03-24T06:41:13.421+0000] {logging_mixin.py:190} INFO - [2026-03-24T06:41:13.420+0000] {dagbag.py:588} INFO - Filling up the DagBag from /home/ec2-user/environment/lab4_model_training/venv/lib64/python3.12/site-packages/airflow/example_dags/tutorial_taskflow_api.py
[2026-03-24T06:41:13.431+0000] {processor.py:925} INFO - DAG(s) 'tutorial_taskflow_api' retrieved from /home/ec2-user/environment/lab4_model_training/venv/lib64/python3.12/site-packages/airflow/example_dags/tutorial_taskflow_api.py
[2026-03-24T06:41:13.449+0000] {logging_mixin.py:190} INFO - [2026-03-24T06:41:13.449+0000] {dag.py:3239} INFO - Sync 1 DAGs
[2026-03-24T06:41:13.465+0000] {logging_mixin.py:190} INFO - [2026-03-24T06:41:13.465+0000] {dag.py:4180} INFO - Setting next_dagrun for tutorial_taskflow_api to None, run_after=None
[2026-03-24T06:41:13.491+0000] {processor.py:208} INFO - Processing /home/ec2-user/environment/lab4_model_training/venv/lib64/python3.12/site-packages/airflow/example_dags/tutorial_taskflow_api.py took 0.079 seconds
[2026-03-24T06:42:23.440+0000] {processor.py:186} INFO - Started process (PID=10362) to work on /home/ec2-user/environment/lab4_model_training/venv/lib64/python3.12/site-packages/airflow/example_dags/tutorial_taskflow_api.py
[2026-03-24T06:42:23.441+0000] {processor.py:914} INFO - Processing file /home/ec2-user/environment/lab4_model_training/venv/lib64/python3.12/site-packages/airflow/example_dags/tutorial_taskflow_api.py for tasks to queue
[2026-03-24T06:42:23.444+0000] {logging_mixin.py:190} INFO - [2026-03-24T06:42:23.443+0000] {dagbag.py:588} INFO - Filling up the DagBag from /home/ec2-user/environment/lab4_model_training/venv/lib64/python3.12/site-packages/airflow/example_dags/tutorial_taskflow_api.py
[2026-03-24T06:42:23.454+0000] {processor.py:925} INFO - DAG(s) 'tutorial_taskflow_api' retrieved from /home/ec2-user/environment/lab4_model_training/venv/lib64/python3.12/site-packages/airflow/example_dags/tutorial_taskflow_api.py
[2026-03-24T06:42:23.472+0000] {logging_mixin.py:190} INFO - [2026-03-24T06:42:23.472+0000] {dag.py:3239} INFO - Sync 1 DAGs
[2026-03-24T06:42:23.487+0000] {logging_mixin.py:190} INFO - [2026-03-24T06:42:23.487+0000] {dag.py:4180} INFO - Setting next_dagrun for tutorial_taskflow_api to None, run_after=None
[2026-03-24T06:42:23.516+0000] {processor.py:208} INFO - Processing /home/ec2-user/environment/lab4_model_training/venv/lib64/python3.12/site-packages/airflow/example_dags/tutorial_taskflow_api.py took 0.081 seconds
[2026-03-24T06:43:27.076+0000] {processor.py:186} INFO - Started process (PID=10670) to work on /home/ec2-user/environment/lab4_model_training/venv/lib64/python3.12/site-packages/airflow/example_dags/tutorial_taskflow_api.py
[2026-03-24T06:43:27.078+0000] {processor.py:914} INFO - Processing file /home/ec2-user/environment/lab4_model_training/venv/lib64/python3.12/site-packages/airflow/example_dags/tutorial_taskflow_api.py for tasks to queue
[2026-03-24T06:43:27.080+0000] {logging_mixin.py:190} INFO - [2026-03-24T06:43:27.079+0000] {dagbag.py:588} INFO - Filling up the DagBag from /home/ec2-user/environment/lab4_model_training/venv/lib64/python3.12/site-packages/airflow/example_dags/tutorial_taskflow_api.py
[2026-03-24T06:43:27.090+0000] {processor.py:925} INFO - DAG(s) 'tutorial_taskflow_api' retrieved from /home/ec2-user/environment/lab4_model_training/venv/lib64/python3.12/site-packages/airflow/example_dags/tutorial_taskflow_api.py
[2026-03-24T06:43:27.106+0000] {logging_mixin.py:190} INFO - [2026-03-24T06:43:27.106+0000] {dag.py:3239} INFO - Sync 1 DAGs
[2026-03-24T06:43:27.119+0000] {logging_mixin.py:190} INFO - [2026-03-24T06:43:27.118+0000] {dag.py:4180} INFO - Setting next_dagrun for tutorial_taskflow_api to None, run_after=None
[2026-03-24T06:43:27.141+0000] {processor.py:208} INFO - Processing /home/ec2-user/environment/lab4_model_training/venv/lib64/python3.12/site-packages/airflow/example_dags/tutorial_taskflow_api.py took 0.069 seconds
[2026-03-24T06:44:35.182+0000] {processor.py:186} INFO - Started process (PID=11073) to work on /home/ec2-user/environment/lab4_model_training/venv/lib64/python3.12/site-packages/airflow/example_dags/tutorial_taskflow_api.py
[2026-03-24T06:44:35.189+0000] {processor.py:914} INFO - Processing file /home/ec2-user/environment/lab4_model_training/venv/lib64/python3.12/site-packages/airflow/example_dags/tutorial_taskflow_api.py for tasks to queue
[2026-03-24T06:44:35.194+0000] {logging_mixin.py:190} INFO - [2026-03-24T06:44:35.194+0000] {dagbag.py:588} INFO - Filling up the DagBag from /home/ec2-user/environment/lab4_model_training/venv/lib64/python3.12/site-packages/airflow/example_dags/tutorial_taskflow_api.py
[2026-03-24T06:44:35.214+0000] {processor.py:925} INFO - DAG(s) 'tutorial_taskflow_api' retrieved from /home/ec2-user/environment/lab4_model_training/venv/lib64/python3.12/site-packages/airflow/example_dags/tutorial_taskflow_api.py
[2026-03-24T06:44:35.241+0000] {logging_mixin.py:190} INFO - [2026-03-24T06:44:35.240+0000] {dag.py:3239} INFO - Sync 1 DAGs
[2026-03-24T06:44:35.263+0000] {logging_mixin.py:190} INFO - [2026-03-24T06:44:35.263+0000] {dag.py:4180} INFO - Setting next_dagrun for tutorial_taskflow_api to None, run_after=None
[2026-03-24T06:44:35.308+0000] {processor.py:208} INFO - Processing /home/ec2-user/environment/lab4_model_training/venv/lib64/python3.12/site-packages/airflow/example_dags/tutorial_taskflow_api.py took 0.132 seconds
[2026-03-24T06:45:42.817+0000] {processor.py:186} INFO - Started process (PID=11441) to work on /home/ec2-user/environment/lab4_model_training/venv/lib64/python3.12/site-packages/airflow/example_dags/tutorial_taskflow_api.py
[2026-03-24T06:45:42.818+0000] {processor.py:914} INFO - Processing file /home/ec2-user/environment/lab4_model_training/venv/lib64/python3.12/site-packages/airflow/example_dags/tutorial_taskflow_api.py for tasks to queue
[2026-03-24T06:45:42.820+0000] {logging_mixin.py:190} INFO - [2026-03-24T06:45:42.820+0000] {dagbag.py:588} INFO - Filling up the DagBag from /home/ec2-user/environment/lab4_model_training/venv/lib64/python3.12/site-packages/airflow/example_dags/tutorial_taskflow_api.py
[2026-03-24T06:45:42.831+0000] {processor.py:925} INFO - DAG(s) 'tutorial_taskflow_api' retrieved from /home/ec2-user/environment/lab4_model_training/venv/lib64/python3.12/site-packages/airflow/example_dags/tutorial_taskflow_api.py
[2026-03-24T06:45:42.846+0000] {logging_mixin.py:190} INFO - [2026-03-24T06:45:42.846+0000] {dag.py:3239} INFO - Sync 1 DAGs
[2026-03-24T06:45:42.863+0000] {logging_mixin.py:190} INFO - [2026-03-24T06:45:42.862+0000] {dag.py:4180} INFO - Setting next_dagrun for tutorial_taskflow_api to None, run_after=None
[2026-03-24T06:45:42.888+0000] {processor.py:208} INFO - Processing /home/ec2-user/environment/lab4_model_training/venv/lib64/python3.12/site-packages/airflow/example_dags/tutorial_taskflow_api.py took 0.076 seconds
[2026-03-24T06:47:07.585+0000] {processor.py:186} INFO - Started process (PID=11815) to work on /home/ec2-user/environment/lab4_model_training/venv/lib64/python3.12/site-packages/airflow/example_dags/tutorial_taskflow_api.py
[2026-03-24T06:47:07.586+0000] {processor.py:914} INFO - Processing file /home/ec2-user/environment/lab4_model_training/venv/lib64/python3.12/site-packages/airflow/example_dags/tutorial_taskflow_api.py for tasks to queue
[2026-03-24T06:47:07.589+0000] {logging_mixin.py:190} INFO - [2026-03-24T06:47:07.588+0000] {dagbag.py:588} INFO - Filling up the DagBag from /home/ec2-user/environment/lab4_model_training/venv/lib64/python3.12/site-packages/airflow/example_dags/tutorial_taskflow_api.py
[2026-03-24T06:47:07.600+0000] {processor.py:925} INFO - DAG(s) 'tutorial_taskflow_api' retrieved from /home/ec2-user/environment/lab4_model_training/venv/lib64/python3.12/site-packages/airflow/example_dags/tutorial_taskflow_api.py
[2026-03-24T06:47:07.615+0000] {logging_mixin.py:190} INFO - [2026-03-24T06:47:07.615+0000] {dag.py:3239} INFO - Sync 1 DAGs
[2026-03-24T06:47:07.628+0000] {logging_mixin.py:190} INFO - [2026-03-24T06:47:07.628+0000] {dag.py:4180} INFO - Setting next_dagrun for tutorial_taskflow_api to None, run_after=None
[2026-03-24T06:47:07.652+0000] {processor.py:208} INFO - Processing /home/ec2-user/environment/lab4_model_training/venv/lib64/python3.12/site-packages/airflow/example_dags/tutorial_taskflow_api.py took 0.072 seconds
[2026-03-24T06:48:14.500+0000] {processor.py:186} INFO - Started process (PID=12104) to work on /home/ec2-user/environment/lab4_model_training/venv/lib64/python3.12/site-packages/airflow/example_dags/tutorial_taskflow_api.py
[2026-03-24T06:48:14.502+0000] {processor.py:914} INFO - Processing file /home/ec2-user/environment/lab4_model_training/venv/lib64/python3.12/site-packages/airflow/example_dags/tutorial_taskflow_api.py for tasks to queue
[2026-03-24T06:48:14.504+0000] {logging_mixin.py:190} INFO - [2026-03-24T06:48:14.504+0000] {dagbag.py:588} INFO - Filling up the DagBag from /home/ec2-user/environment/lab4_model_training/venv/lib64/python3.12/site-packages/airflow/example_dags/tutorial_taskflow_api.py
[2026-03-24T06:48:14.514+0000] {processor.py:925} INFO - DAG(s) 'tutorial_taskflow_api' retrieved from /home/ec2-user/environment/lab4_model_training/venv/lib64/python3.12/site-packages/airflow/example_dags/tutorial_taskflow_api.py
[2026-03-24T06:48:14.531+0000] {logging_mixin.py:190} INFO - [2026-03-24T06:48:14.531+0000] {dag.py:3239} INFO - Sync 1 DAGs
[2026-03-24T06:48:14.548+0000] {logging_mixin.py:190} INFO - [2026-03-24T06:48:14.547+0000] {dag.py:4180} INFO - Setting next_dagrun for tutorial_taskflow_api to None, run_after=None
[2026-03-24T06:48:14.577+0000] {processor.py:208} INFO - Processing /home/ec2-user/environment/lab4_model_training/venv/lib64/python3.12/site-packages/airflow/example_dags/tutorial_taskflow_api.py took 0.081 seconds
[2026-03-24T06:49:19.160+0000] {processor.py:186} INFO - Started process (PID=12370) to work on /home/ec2-user/environment/lab4_model_training/venv/lib64/python3.12/site-packages/airflow/example_dags/tutorial_taskflow_api.py
[2026-03-24T06:49:19.162+0000] {processor.py:914} INFO - Processing file /home/ec2-user/environment/lab4_model_training/venv/lib64/python3.12/site-packages/airflow/example_dags/tutorial_taskflow_api.py for tasks to queue
[2026-03-24T06:49:19.164+0000] {logging_mixin.py:190} INFO - [2026-03-24T06:49:19.164+0000] {dagbag.py:588} INFO - Filling up the DagBag from /home/ec2-user/environment/lab4_model_training/venv/lib64/python3.12/site-packages/airflow/example_dags/tutorial_taskflow_api.py
[2026-03-24T06:49:19.175+0000] {processor.py:925} INFO - DAG(s) 'tutorial_taskflow_api' retrieved from /home/ec2-user/environment/lab4_model_training/venv/lib64/python3.12/site-packages/airflow/example_dags/tutorial_taskflow_api.py
[2026-03-24T06:49:19.191+0000] {logging_mixin.py:190} INFO - [2026-03-24T06:49:19.191+0000] {dag.py:3239} INFO - Sync 1 DAGs
[2026-03-24T06:49:19.205+0000] {logging_mixin.py:190} INFO - [2026-03-24T06:49:19.205+0000] {dag.py:4180} INFO - Setting next_dagrun for tutorial_taskflow_api to None, run_after=None
[2026-03-24T06:49:19.234+0000] {processor.py:208} INFO - Processing /home/ec2-user/environment/lab4_model_training/venv/lib64/python3.12/site-packages/airflow/example_dags/tutorial_taskflow_api.py took 0.078 seconds
[2026-03-24T06:50:27.203+0000] {processor.py:186} INFO - Started process (PID=12605) to work on /home/ec2-user/environment/lab4_model_training/venv/lib64/python3.12/site-packages/airflow/example_dags/tutorial_taskflow_api.py
[2026-03-24T06:50:27.205+0000] {processor.py:914} INFO - Processing file /home/ec2-user/environment/lab4_model_training/venv/lib64/python3.12/site-packages/airflow/example_dags/tutorial_taskflow_api.py for tasks to queue
[2026-03-24T06:50:27.207+0000] {logging_mixin.py:190} INFO - [2026-03-24T06:50:27.206+0000] {dagbag.py:588} INFO - Filling up the DagBag from /home/ec2-user/environment/lab4_model_training/venv/lib64/python3.12/site-packages/airflow/example_dags/tutorial_taskflow_api.py
[2026-03-24T06:50:27.216+0000] {processor.py:925} INFO - DAG(s) 'tutorial_taskflow_api' retrieved from /home/ec2-user/environment/lab4_model_training/venv/lib64/python3.12/site-packages/airflow/example_dags/tutorial_taskflow_api.py
[2026-03-24T06:50:27.232+0000] {logging_mixin.py:190} INFO - [2026-03-24T06:50:27.231+0000] {dag.py:3239} INFO - Sync 1 DAGs
[2026-03-24T06:50:27.244+0000] {logging_mixin.py:190} INFO - [2026-03-24T06:50:27.244+0000] {dag.py:4180} INFO - Setting next_dagrun for tutorial_taskflow_api to None, run_after=None
[2026-03-24T06:50:27.266+0000] {processor.py:208} INFO - Processing /home/ec2-user/environment/lab4_model_training/venv/lib64/python3.12/site-packages/airflow/example_dags/tutorial_taskflow_api.py took 0.067 seconds
[2026-03-24T06:51:36.942+0000] {processor.py:186} INFO - Started process (PID=12913) to work on /home/ec2-user/environment/lab4_model_training/venv/lib64/python3.12/site-packages/airflow/example_dags/tutorial_taskflow_api.py
[2026-03-24T06:51:36.943+0000] {processor.py:914} INFO - Processing file /home/ec2-user/environment/lab4_model_training/venv/lib64/python3.12/site-packages/airflow/example_dags/tutorial_taskflow_api.py for tasks to queue
[2026-03-24T06:51:36.946+0000] {logging_mixin.py:190} INFO - [2026-03-24T06:51:36.945+0000] {dagbag.py:588} INFO - Filling up the DagBag from /home/ec2-user/environment/lab4_model_training/venv/lib64/python3.12/site-packages/airflow/example_dags/tutorial_taskflow_api.py
[2026-03-24T06:51:36.955+0000] {processor.py:925} INFO - DAG(s) 'tutorial_taskflow_api' retrieved from /home/ec2-user/environment/lab4_model_training/venv/lib64/python3.12/site-packages/airflow/example_dags/tutorial_taskflow_api.py
[2026-03-24T06:51:36.973+0000] {logging_mixin.py:190} INFO - [2026-03-24T06:51:36.973+0000] {dag.py:3239} INFO - Sync 1 DAGs
[2026-03-24T06:51:36.986+0000] {logging_mixin.py:190} INFO - [2026-03-24T06:51:36.986+0000] {dag.py:4180} INFO - Setting next_dagrun for tutorial_taskflow_api to None, run_after=None
[2026-03-24T06:51:37.008+0000] {processor.py:208} INFO - Processing /home/ec2-user/environment/lab4_model_training/venv/lib64/python3.12/site-packages/airflow/example_dags/tutorial_taskflow_api.py took 0.070 seconds
[2026-03-24T06:52:43.853+0000] {processor.py:186} INFO - Started process (PID=13290) to work on /home/ec2-user/environment/lab4_model_training/venv/lib64/python3.12/site-packages/airflow/example_dags/tutorial_taskflow_api.py
[2026-03-24T06:52:43.854+0000] {processor.py:914} INFO - Processing file /home/ec2-user/environment/lab4_model_training/venv/lib64/python3.12/site-packages/airflow/example_dags/tutorial_taskflow_api.py for tasks to queue
[2026-03-24T06:52:43.856+0000] {logging_mixin.py:190} INFO - [2026-03-24T06:52:43.856+0000] {dagbag.py:588} INFO - Filling up the DagBag from /home/ec2-user/environment/lab4_model_training/venv/lib64/python3.12/site-packages/airflow/example_dags/tutorial_taskflow_api.py
[2026-03-24T06:52:43.867+0000] {processor.py:925} INFO - DAG(s) 'tutorial_taskflow_api' retrieved from /home/ec2-user/environment/lab4_model_training/venv/lib64/python3.12/site-packages/airflow/example_dags/tutorial_taskflow_api.py
[2026-03-24T06:52:43.883+0000] {logging_mixin.py:190} INFO - [2026-03-24T06:52:43.883+0000] {dag.py:3239} INFO - Sync 1 DAGs
[2026-03-24T06:52:43.895+0000] {logging_mixin.py:190} INFO - [2026-03-24T06:52:43.895+0000] {dag.py:4180} INFO - Setting next_dagrun for tutorial_taskflow_api to None, run_after=None
[2026-03-24T06:52:43.918+0000] {processor.py:208} INFO - Processing /home/ec2-user/environment/lab4_model_training/venv/lib64/python3.12/site-packages/airflow/example_dags/tutorial_taskflow_api.py took 0.070 seconds
[2026-03-24T06:54:03.529+0000] {processor.py:186} INFO - Started process (PID=13680) to work on /home/ec2-user/environment/lab4_model_training/venv/lib64/python3.12/site-packages/airflow/example_dags/tutorial_taskflow_api.py
[2026-03-24T06:54:03.530+0000] {processor.py:914} INFO - Processing file /home/ec2-user/environment/lab4_model_training/venv/lib64/python3.12/site-packages/airflow/example_dags/tutorial_taskflow_api.py for tasks to queue
[2026-03-24T06:54:03.531+0000] {logging_mixin.py:190} INFO - [2026-03-24T06:54:03.531+0000] {dagbag.py:588} INFO - Filling up the DagBag from /home/ec2-user/environment/lab4_model_training/venv/lib64/python3.12/site-packages/airflow/example_dags/tutorial_taskflow_api.py
[2026-03-24T06:54:03.541+0000] {processor.py:925} INFO - DAG(s) 'tutorial_taskflow_api' retrieved from /home/ec2-user/environment/lab4_model_training/venv/lib64/python3.12/site-packages/airflow/example_dags/tutorial_taskflow_api.py
[2026-03-24T06:54:03.559+0000] {logging_mixin.py:190} INFO - [2026-03-24T06:54:03.558+0000] {dag.py:3239} INFO - Sync 1 DAGs
[2026-03-24T06:54:03.572+0000] {logging_mixin.py:190} INFO - [2026-03-24T06:54:03.571+0000] {dag.py:4180} INFO - Setting next_dagrun for tutorial_taskflow_api to None, run_after=None
[2026-03-24T06:54:03.593+0000] {processor.py:208} INFO - Processing /home/ec2-user/environment/lab4_model_training/venv/lib64/python3.12/site-packages/airflow/example_dags/tutorial_taskflow_api.py took 0.069 seconds
[2026-03-24T06:55:12.149+0000] {processor.py:186} INFO - Started process (PID=13943) to work on /home/ec2-user/environment/lab4_model_training/venv/lib64/python3.12/site-packages/airflow/example_dags/tutorial_taskflow_api.py
[2026-03-24T06:55:12.150+0000] {processor.py:914} INFO - Processing file /home/ec2-user/environment/lab4_model_training/venv/lib64/python3.12/site-packages/airflow/example_dags/tutorial_taskflow_api.py for tasks to queue
[2026-03-24T06:55:12.151+0000] {logging_mixin.py:190} INFO - [2026-03-24T06:55:12.151+0000] {dagbag.py:588} INFO - Filling up the DagBag from /home/ec2-user/environment/lab4_model_training/venv/lib64/python3.12/site-packages/airflow/example_dags/tutorial_taskflow_api.py
[2026-03-24T06:55:12.161+0000] {processor.py:925} INFO - DAG(s) 'tutorial_taskflow_api' retrieved from /home/ec2-user/environment/lab4_model_training/venv/lib64/python3.12/site-packages/airflow/example_dags/tutorial_taskflow_api.py
[2026-03-24T06:55:12.177+0000] {logging_mixin.py:190} INFO - [2026-03-24T06:55:12.177+0000] {dag.py:3239} INFO - Sync 1 DAGs
[2026-03-24T06:55:12.191+0000] {logging_mixin.py:190} INFO - [2026-03-24T06:55:12.191+0000] {dag.py:4180} INFO - Setting next_dagrun for tutorial_taskflow_api to None, run_after=None
[2026-03-24T06:55:12.212+0000] {processor.py:208} INFO - Processing /home/ec2-user/environment/lab4_model_training/venv/lib64/python3.12/site-packages/airflow/example_dags/tutorial_taskflow_api.py took 0.068 seconds
[2026-03-24T06:56:37.153+0000] {processor.py:186} INFO - Started process (PID=14325) to work on /home/ec2-user/environment/lab4_model_training/venv/lib64/python3.12/site-packages/airflow/example_dags/tutorial_taskflow_api.py
[2026-03-24T06:56:37.154+0000] {processor.py:914} INFO - Processing file /home/ec2-user/environment/lab4_model_training/venv/lib64/python3.12/site-packages/airflow/example_dags/tutorial_taskflow_api.py for tasks to queue
[2026-03-24T06:56:37.155+0000] {logging_mixin.py:190} INFO - [2026-03-24T06:56:37.155+0000] {dagbag.py:588} INFO - Filling up the DagBag from /home/ec2-user/environment/lab4_model_training/venv/lib64/python3.12/site-packages/airflow/example_dags/tutorial_taskflow_api.py
[2026-03-24T06:56:37.165+0000] {processor.py:925} INFO - DAG(s) 'tutorial_taskflow_api' retrieved from /home/ec2-user/environment/lab4_model_training/venv/lib64/python3.12/site-packages/airflow/example_dags/tutorial_taskflow_api.py
[2026-03-24T06:56:37.182+0000] {logging_mixin.py:190} INFO - [2026-03-24T06:56:37.182+0000] {dag.py:3239} INFO - Sync 1 DAGs
[2026-03-24T06:56:37.197+0000] {logging_mixin.py:190} INFO - [2026-03-24T06:56:37.196+0000] {dag.py:4180} INFO - Setting next_dagrun for tutorial_taskflow_api to None, run_after=None
[2026-03-24T06:56:37.220+0000] {processor.py:208} INFO - Processing /home/ec2-user/environment/lab4_model_training/venv/lib64/python3.12/site-packages/airflow/example_dags/tutorial_taskflow_api.py took 0.072 seconds
[2026-03-24T06:57:54.566+0000] {processor.py:186} INFO - Started process (PID=14673) to work on /home/ec2-user/environment/lab4_model_training/venv/lib64/python3.12/site-packages/airflow/example_dags/tutorial_taskflow_api.py
[2026-03-24T06:57:54.568+0000] {processor.py:914} INFO - Processing file /home/ec2-user/environment/lab4_model_training/venv/lib64/python3.12/site-packages/airflow/example_dags/tutorial_taskflow_api.py for tasks to queue
[2026-03-24T06:57:54.570+0000] {logging_mixin.py:190} INFO - [2026-03-24T06:57:54.569+0000] {dagbag.py:588} INFO - Filling up the DagBag from /home/ec2-user/environment/lab4_model_training/venv/lib64/python3.12/site-packages/airflow/example_dags/tutorial_taskflow_api.py
[2026-03-24T06:57:54.580+0000] {processor.py:925} INFO - DAG(s) 'tutorial_taskflow_api' retrieved from /home/ec2-user/environment/lab4_model_training/venv/lib64/python3.12/site-packages/airflow/example_dags/tutorial_taskflow_api.py
[2026-03-24T06:57:54.597+0000] {logging_mixin.py:190} INFO - [2026-03-24T06:57:54.597+0000] {dag.py:3239} INFO - Sync 1 DAGs
[2026-03-24T06:57:54.615+0000] {logging_mixin.py:190} INFO - [2026-03-24T06:57:54.614+0000] {dag.py:4180} INFO - Setting next_dagrun for tutorial_taskflow_api to None, run_after=None
[2026-03-24T06:57:54.640+0000] {processor.py:208} INFO - Processing /home/ec2-user/environment/lab4_model_training/venv/lib64/python3.12/site-packages/airflow/example_dags/tutorial_taskflow_api.py took 0.078 seconds
[2026-03-24T06:58:57.428+0000] {processor.py:186} INFO - Started process (PID=14939) to work on /home/ec2-user/environment/lab4_model_training/venv/lib64/python3.12/site-packages/airflow/example_dags/tutorial_taskflow_api.py
[2026-03-24T06:58:57.429+0000] {processor.py:914} INFO - Processing file /home/ec2-user/environment/lab4_model_training/venv/lib64/python3.12/site-packages/airflow/example_dags/tutorial_taskflow_api.py for tasks to queue
[2026-03-24T06:58:57.431+0000] {logging_mixin.py:190} INFO - [2026-03-24T06:58:57.430+0000] {dagbag.py:588} INFO - Filling up the DagBag from /home/ec2-user/environment/lab4_model_training/venv/lib64/python3.12/site-packages/airflow/example_dags/tutorial_taskflow_api.py
[2026-03-24T06:58:57.441+0000] {processor.py:925} INFO - DAG(s) 'tutorial_taskflow_api' retrieved from /home/ec2-user/environment/lab4_model_training/venv/lib64/python3.12/site-packages/airflow/example_dags/tutorial_taskflow_api.py
[2026-03-24T06:58:57.458+0000] {logging_mixin.py:190} INFO - [2026-03-24T06:58:57.458+0000] {dag.py:3239} INFO - Sync 1 DAGs
[2026-03-24T06:58:57.471+0000] {logging_mixin.py:190} INFO - [2026-03-24T06:58:57.471+0000] {dag.py:4180} INFO - Setting next_dagrun for tutorial_taskflow_api to None, run_after=None
[2026-03-24T06:58:57.492+0000] {processor.py:208} INFO - Processing /home/ec2-user/environment/lab4_model_training/venv/lib64/python3.12/site-packages/airflow/example_dags/tutorial_taskflow_api.py took 0.069 seconds
[2026-03-24T07:00:24.264+0000] {processor.py:186} INFO - Started process (PID=15349) to work on /home/ec2-user/environment/lab4_model_training/venv/lib64/python3.12/site-packages/airflow/example_dags/tutorial_taskflow_api.py
[2026-03-24T07:00:24.265+0000] {processor.py:914} INFO - Processing file /home/ec2-user/environment/lab4_model_training/venv/lib64/python3.12/site-packages/airflow/example_dags/tutorial_taskflow_api.py for tasks to queue
[2026-03-24T07:00:24.267+0000] {logging_mixin.py:190} INFO - [2026-03-24T07:00:24.266+0000] {dagbag.py:588} INFO - Filling up the DagBag from /home/ec2-user/environment/lab4_model_training/venv/lib64/python3.12/site-packages/airflow/example_dags/tutorial_taskflow_api.py
[2026-03-24T07:00:24.277+0000] {processor.py:925} INFO - DAG(s) 'tutorial_taskflow_api' retrieved from /home/ec2-user/environment/lab4_model_training/venv/lib64/python3.12/site-packages/airflow/example_dags/tutorial_taskflow_api.py
[2026-03-24T07:00:24.291+0000] {logging_mixin.py:190} INFO - [2026-03-24T07:00:24.291+0000] {dag.py:3239} INFO - Sync 1 DAGs
[2026-03-24T07:00:24.304+0000] {logging_mixin.py:190} INFO - [2026-03-24T07:00:24.304+0000] {dag.py:4180} INFO - Setting next_dagrun for tutorial_taskflow_api to None, run_after=None
[2026-03-24T07:00:24.326+0000] {processor.py:208} INFO - Processing /home/ec2-user/environment/lab4_model_training/venv/lib64/python3.12/site-packages/airflow/example_dags/tutorial_taskflow_api.py took 0.066 seconds
