[2026-03-24T06:16:49.990+0000] {processor.py:186} INFO - Started process (PID=2996) to work on /home/ec2-user/environment/lab4_model_training/venv/lib64/python3.12/site-packages/airflow/example_dags/tutorial.py
[2026-03-24T06:16:49.991+0000] {processor.py:914} INFO - Processing file /home/ec2-user/environment/lab4_model_training/venv/lib64/python3.12/site-packages/airflow/example_dags/tutorial.py for tasks to queue
[2026-03-24T06:16:49.993+0000] {logging_mixin.py:190} INFO - [2026-03-24T06:16:49.993+0000] {dagbag.py:588} INFO - Filling up the DagBag from /home/ec2-user/environment/lab4_model_training/venv/lib64/python3.12/site-packages/airflow/example_dags/tutorial.py
[2026-03-24T06:16:50.003+0000] {processor.py:925} INFO - DAG(s) 'tutorial' retrieved from /home/ec2-user/environment/lab4_model_training/venv/lib64/python3.12/site-packages/airflow/example_dags/tutorial.py
[2026-03-24T06:16:50.019+0000] {logging_mixin.py:190} INFO - [2026-03-24T06:16:50.019+0000] {dag.py:3239} INFO - Sync 1 DAGs
[2026-03-24T06:16:50.039+0000] {logging_mixin.py:190} INFO - [2026-03-24T06:16:50.039+0000] {dag.py:4180} INFO - Setting next_dagrun for tutorial to 2026-03-23 00:00:00+00:00, run_after=2026-03-24 00:00:00+00:00
[2026-03-24T06:16:50.063+0000] {processor.py:208} INFO - Processing /home/ec2-user/environment/lab4_model_training/venv/lib64/python3.12/site-packages/airflow/example_dags/tutorial.py took 0.079 seconds
[2026-03-24T06:18:00.807+0000] {processor.py:186} INFO - Started process (PID=3287) to work on /home/ec2-user/environment/lab4_model_training/venv/lib64/python3.12/site-packages/airflow/example_dags/tutorial.py
[2026-03-24T06:18:00.808+0000] {processor.py:914} INFO - Processing file /home/ec2-user/environment/lab4_model_training/venv/lib64/python3.12/site-packages/airflow/example_dags/tutorial.py for tasks to queue
[2026-03-24T06:18:00.810+0000] {logging_mixin.py:190} INFO - [2026-03-24T06:18:00.810+0000] {dagbag.py:588} INFO - Filling up the DagBag from /home/ec2-user/environment/lab4_model_training/venv/lib64/python3.12/site-packages/airflow/example_dags/tutorial.py
[2026-03-24T06:18:00.819+0000] {processor.py:925} INFO - DAG(s) 'tutorial' retrieved from /home/ec2-user/environment/lab4_model_training/venv/lib64/python3.12/site-packages/airflow/example_dags/tutorial.py
[2026-03-24T06:18:00.837+0000] {logging_mixin.py:190} INFO - [2026-03-24T06:18:00.837+0000] {dag.py:3239} INFO - Sync 1 DAGs
[2026-03-24T06:18:00.865+0000] {logging_mixin.py:190} INFO - [2026-03-24T06:18:00.865+0000] {dag.py:4180} INFO - Setting next_dagrun for tutorial to 2026-03-23 00:00:00+00:00, run_after=2026-03-24 00:00:00+00:00
[2026-03-24T06:18:00.889+0000] {processor.py:208} INFO - Processing /home/ec2-user/environment/lab4_model_training/venv/lib64/python3.12/site-packages/airflow/example_dags/tutorial.py took 0.087 seconds
[2026-03-24T06:19:03.067+0000] {processor.py:186} INFO - Started process (PID=3596) to work on /home/ec2-user/environment/lab4_model_training/venv/lib64/python3.12/site-packages/airflow/example_dags/tutorial.py
[2026-03-24T06:19:03.068+0000] {processor.py:914} INFO - Processing file /home/ec2-user/environment/lab4_model_training/venv/lib64/python3.12/site-packages/airflow/example_dags/tutorial.py for tasks to queue
[2026-03-24T06:19:03.070+0000] {logging_mixin.py:190} INFO - [2026-03-24T06:19:03.070+0000] {dagbag.py:588} INFO - Filling up the DagBag from /home/ec2-user/environment/lab4_model_training/venv/lib64/python3.12/site-packages/airflow/example_dags/tutorial.py
[2026-03-24T06:19:03.079+0000] {processor.py:925} INFO - DAG(s) 'tutorial' retrieved from /home/ec2-user/environment/lab4_model_training/venv/lib64/python3.12/site-packages/airflow/example_dags/tutorial.py
[2026-03-24T06:19:03.097+0000] {logging_mixin.py:190} INFO - [2026-03-24T06:19:03.097+0000] {dag.py:3239} INFO - Sync 1 DAGs
[2026-03-24T06:19:03.119+0000] {logging_mixin.py:190} INFO - [2026-03-24T06:19:03.118+0000] {dag.py:4180} INFO - Setting next_dagrun for tutorial to 2026-03-23 00:00:00+00:00, run_after=2026-03-24 00:00:00+00:00
[2026-03-24T06:19:03.143+0000] {processor.py:208} INFO - Processing /home/ec2-user/environment/lab4_model_training/venv/lib64/python3.12/site-packages/airflow/example_dags/tutorial.py took 0.081 seconds
[2026-03-24T06:20:13.760+0000] {processor.py:186} INFO - Started process (PID=3945) to work on /home/ec2-user/environment/lab4_model_training/venv/lib64/python3.12/site-packages/airflow/example_dags/tutorial.py
[2026-03-24T06:20:13.767+0000] {processor.py:914} INFO - Processing file /home/ec2-user/environment/lab4_model_training/venv/lib64/python3.12/site-packages/airflow/example_dags/tutorial.py for tasks to queue
[2026-03-24T06:20:13.770+0000] {logging_mixin.py:190} INFO - [2026-03-24T06:20:13.769+0000] {dagbag.py:588} INFO - Filling up the DagBag from /home/ec2-user/environment/lab4_model_training/venv/lib64/python3.12/site-packages/airflow/example_dags/tutorial.py
[2026-03-24T06:20:13.789+0000] {processor.py:925} INFO - DAG(s) 'tutorial' retrieved from /home/ec2-user/environment/lab4_model_training/venv/lib64/python3.12/site-packages/airflow/example_dags/tutorial.py
[2026-03-24T06:20:13.814+0000] {logging_mixin.py:190} INFO - [2026-03-24T06:20:13.814+0000] {dag.py:3239} INFO - Sync 1 DAGs
[2026-03-24T06:20:13.845+0000] {logging_mixin.py:190} INFO - [2026-03-24T06:20:13.845+0000] {dag.py:4180} INFO - Setting next_dagrun for tutorial to 2026-03-23 00:00:00+00:00, run_after=2026-03-24 00:00:00+00:00
[2026-03-24T06:20:13.889+0000] {processor.py:208} INFO - Processing /home/ec2-user/environment/lab4_model_training/venv/lib64/python3.12/site-packages/airflow/example_dags/tutorial.py took 0.135 seconds
[2026-03-24T06:21:21.201+0000] {processor.py:186} INFO - Started process (PID=4310) to work on /home/ec2-user/environment/lab4_model_training/venv/lib64/python3.12/site-packages/airflow/example_dags/tutorial.py
[2026-03-24T06:21:21.208+0000] {processor.py:914} INFO - Processing file /home/ec2-user/environment/lab4_model_training/venv/lib64/python3.12/site-packages/airflow/example_dags/tutorial.py for tasks to queue
[2026-03-24T06:21:21.213+0000] {logging_mixin.py:190} INFO - [2026-03-24T06:21:21.213+0000] {dagbag.py:588} INFO - Filling up the DagBag from /home/ec2-user/environment/lab4_model_training/venv/lib64/python3.12/site-packages/airflow/example_dags/tutorial.py
[2026-03-24T06:21:21.223+0000] {processor.py:925} INFO - DAG(s) 'tutorial' retrieved from /home/ec2-user/environment/lab4_model_training/venv/lib64/python3.12/site-packages/airflow/example_dags/tutorial.py
[2026-03-24T06:21:21.261+0000] {logging_mixin.py:190} INFO - [2026-03-24T06:21:21.260+0000] {dag.py:3239} INFO - Sync 1 DAGs
[2026-03-24T06:21:21.292+0000] {logging_mixin.py:190} INFO - [2026-03-24T06:21:21.292+0000] {dag.py:4180} INFO - Setting next_dagrun for tutorial to 2026-03-23 00:00:00+00:00, run_after=2026-03-24 00:00:00+00:00
[2026-03-24T06:21:21.329+0000] {processor.py:208} INFO - Processing /home/ec2-user/environment/lab4_model_training/venv/lib64/python3.12/site-packages/airflow/example_dags/tutorial.py took 0.135 seconds
[2026-03-24T06:22:26.839+0000] {processor.py:186} INFO - Started process (PID=4721) to work on /home/ec2-user/environment/lab4_model_training/venv/lib64/python3.12/site-packages/airflow/example_dags/tutorial.py
[2026-03-24T06:22:26.841+0000] {processor.py:914} INFO - Processing file /home/ec2-user/environment/lab4_model_training/venv/lib64/python3.12/site-packages/airflow/example_dags/tutorial.py for tasks to queue
[2026-03-24T06:22:26.843+0000] {logging_mixin.py:190} INFO - [2026-03-24T06:22:26.843+0000] {dagbag.py:588} INFO - Filling up the DagBag from /home/ec2-user/environment/lab4_model_training/venv/lib64/python3.12/site-packages/airflow/example_dags/tutorial.py
[2026-03-24T06:22:26.853+0000] {processor.py:925} INFO - DAG(s) 'tutorial' retrieved from /home/ec2-user/environment/lab4_model_training/venv/lib64/python3.12/site-packages/airflow/example_dags/tutorial.py
[2026-03-24T06:22:26.869+0000] {logging_mixin.py:190} INFO - [2026-03-24T06:22:26.869+0000] {dag.py:3239} INFO - Sync 1 DAGs
[2026-03-24T06:22:26.888+0000] {logging_mixin.py:190} INFO - [2026-03-24T06:22:26.887+0000] {dag.py:4180} INFO - Setting next_dagrun for tutorial to 2026-03-23 00:00:00+00:00, run_after=2026-03-24 00:00:00+00:00
[2026-03-24T06:22:26.909+0000] {processor.py:208} INFO - Processing /home/ec2-user/environment/lab4_model_training/venv/lib64/python3.12/site-packages/airflow/example_dags/tutorial.py took 0.074 seconds
[2026-03-24T06:23:34.308+0000] {processor.py:186} INFO - Started process (PID=5052) to work on /home/ec2-user/environment/lab4_model_training/venv/lib64/python3.12/site-packages/airflow/example_dags/tutorial.py
[2026-03-24T06:23:34.310+0000] {processor.py:914} INFO - Processing file /home/ec2-user/environment/lab4_model_training/venv/lib64/python3.12/site-packages/airflow/example_dags/tutorial.py for tasks to queue
[2026-03-24T06:23:34.312+0000] {logging_mixin.py:190} INFO - [2026-03-24T06:23:34.311+0000] {dagbag.py:588} INFO - Filling up the DagBag from /home/ec2-user/environment/lab4_model_training/venv/lib64/python3.12/site-packages/airflow/example_dags/tutorial.py
[2026-03-24T06:23:34.321+0000] {processor.py:925} INFO - DAG(s) 'tutorial' retrieved from /home/ec2-user/environment/lab4_model_training/venv/lib64/python3.12/site-packages/airflow/example_dags/tutorial.py
[2026-03-24T06:23:34.339+0000] {logging_mixin.py:190} INFO - [2026-03-24T06:23:34.339+0000] {dag.py:3239} INFO - Sync 1 DAGs
[2026-03-24T06:23:34.368+0000] {logging_mixin.py:190} INFO - [2026-03-24T06:23:34.368+0000] {dag.py:4180} INFO - Setting next_dagrun for tutorial to 2026-03-23 00:00:00+00:00, run_after=2026-03-24 00:00:00+00:00
[2026-03-24T06:23:34.393+0000] {processor.py:208} INFO - Processing /home/ec2-user/environment/lab4_model_training/venv/lib64/python3.12/site-packages/airflow/example_dags/tutorial.py took 0.091 seconds
[2026-03-24T06:24:48.213+0000] {processor.py:186} INFO - Started process (PID=5422) to work on /home/ec2-user/environment/lab4_model_training/venv/lib64/python3.12/site-packages/airflow/example_dags/tutorial.py
[2026-03-24T06:24:48.214+0000] {processor.py:914} INFO - Processing file /home/ec2-user/environment/lab4_model_training/venv/lib64/python3.12/site-packages/airflow/example_dags/tutorial.py for tasks to queue
[2026-03-24T06:24:48.216+0000] {logging_mixin.py:190} INFO - [2026-03-24T06:24:48.216+0000] {dagbag.py:588} INFO - Filling up the DagBag from /home/ec2-user/environment/lab4_model_training/venv/lib64/python3.12/site-packages/airflow/example_dags/tutorial.py
[2026-03-24T06:24:48.234+0000] {processor.py:925} INFO - DAG(s) 'tutorial' retrieved from /home/ec2-user/environment/lab4_model_training/venv/lib64/python3.12/site-packages/airflow/example_dags/tutorial.py
[2026-03-24T06:24:48.248+0000] {logging_mixin.py:190} INFO - [2026-03-24T06:24:48.248+0000] {dag.py:3239} INFO - Sync 1 DAGs
[2026-03-24T06:24:48.267+0000] {logging_mixin.py:190} INFO - [2026-03-24T06:24:48.267+0000] {dag.py:4180} INFO - Setting next_dagrun for tutorial to 2026-03-23 00:00:00+00:00, run_after=2026-03-24 00:00:00+00:00
[2026-03-24T06:24:48.288+0000] {processor.py:208} INFO - Processing /home/ec2-user/environment/lab4_model_training/venv/lib64/python3.12/site-packages/airflow/example_dags/tutorial.py took 0.080 seconds
[2026-03-24T06:25:51.134+0000] {processor.py:186} INFO - Started process (PID=5689) to work on /home/ec2-user/environment/lab4_model_training/venv/lib64/python3.12/site-packages/airflow/example_dags/tutorial.py
[2026-03-24T06:25:51.135+0000] {processor.py:914} INFO - Processing file /home/ec2-user/environment/lab4_model_training/venv/lib64/python3.12/site-packages/airflow/example_dags/tutorial.py for tasks to queue
[2026-03-24T06:25:51.137+0000] {logging_mixin.py:190} INFO - [2026-03-24T06:25:51.137+0000] {dagbag.py:588} INFO - Filling up the DagBag from /home/ec2-user/environment/lab4_model_training/venv/lib64/python3.12/site-packages/airflow/example_dags/tutorial.py
[2026-03-24T06:25:51.147+0000] {processor.py:925} INFO - DAG(s) 'tutorial' retrieved from /home/ec2-user/environment/lab4_model_training/venv/lib64/python3.12/site-packages/airflow/example_dags/tutorial.py
[2026-03-24T06:25:51.163+0000] {logging_mixin.py:190} INFO - [2026-03-24T06:25:51.163+0000] {dag.py:3239} INFO - Sync 1 DAGs
[2026-03-24T06:25:51.184+0000] {logging_mixin.py:190} INFO - [2026-03-24T06:25:51.183+0000] {dag.py:4180} INFO - Setting next_dagrun for tutorial to 2026-03-23 00:00:00+00:00, run_after=2026-03-24 00:00:00+00:00
[2026-03-24T06:25:51.205+0000] {processor.py:208} INFO - Processing /home/ec2-user/environment/lab4_model_training/venv/lib64/python3.12/site-packages/airflow/example_dags/tutorial.py took 0.076 seconds
[2026-03-24T06:26:55.346+0000] {processor.py:186} INFO - Started process (PID=5922) to work on /home/ec2-user/environment/lab4_model_training/venv/lib64/python3.12/site-packages/airflow/example_dags/tutorial.py
[2026-03-24T06:26:55.347+0000] {processor.py:914} INFO - Processing file /home/ec2-user/environment/lab4_model_training/venv/lib64/python3.12/site-packages/airflow/example_dags/tutorial.py for tasks to queue
[2026-03-24T06:26:55.349+0000] {logging_mixin.py:190} INFO - [2026-03-24T06:26:55.349+0000] {dagbag.py:588} INFO - Filling up the DagBag from /home/ec2-user/environment/lab4_model_training/venv/lib64/python3.12/site-packages/airflow/example_dags/tutorial.py
[2026-03-24T06:26:55.359+0000] {processor.py:925} INFO - DAG(s) 'tutorial' retrieved from /home/ec2-user/environment/lab4_model_training/venv/lib64/python3.12/site-packages/airflow/example_dags/tutorial.py
[2026-03-24T06:26:55.375+0000] {logging_mixin.py:190} INFO - [2026-03-24T06:26:55.374+0000] {dag.py:3239} INFO - Sync 1 DAGs
[2026-03-24T06:26:55.394+0000] {logging_mixin.py:190} INFO - [2026-03-24T06:26:55.394+0000] {dag.py:4180} INFO - Setting next_dagrun for tutorial to 2026-03-23 00:00:00+00:00, run_after=2026-03-24 00:00:00+00:00
[2026-03-24T06:26:55.416+0000] {processor.py:208} INFO - Processing /home/ec2-user/environment/lab4_model_training/venv/lib64/python3.12/site-packages/airflow/example_dags/tutorial.py took 0.074 seconds
[2026-03-24T06:28:04.075+0000] {processor.py:186} INFO - Started process (PID=6226) to work on /home/ec2-user/environment/lab4_model_training/venv/lib64/python3.12/site-packages/airflow/example_dags/tutorial.py
[2026-03-24T06:28:04.076+0000] {processor.py:914} INFO - Processing file /home/ec2-user/environment/lab4_model_training/venv/lib64/python3.12/site-packages/airflow/example_dags/tutorial.py for tasks to queue
[2026-03-24T06:28:04.078+0000] {logging_mixin.py:190} INFO - [2026-03-24T06:28:04.078+0000] {dagbag.py:588} INFO - Filling up the DagBag from /home/ec2-user/environment/lab4_model_training/venv/lib64/python3.12/site-packages/airflow/example_dags/tutorial.py
[2026-03-24T06:28:04.087+0000] {processor.py:925} INFO - DAG(s) 'tutorial' retrieved from /home/ec2-user/environment/lab4_model_training/venv/lib64/python3.12/site-packages/airflow/example_dags/tutorial.py
[2026-03-24T06:28:04.103+0000] {logging_mixin.py:190} INFO - [2026-03-24T06:28:04.103+0000] {dag.py:3239} INFO - Sync 1 DAGs
[2026-03-24T06:28:04.121+0000] {logging_mixin.py:190} INFO - [2026-03-24T06:28:04.121+0000] {dag.py:4180} INFO - Setting next_dagrun for tutorial to 2026-03-23 00:00:00+00:00, run_after=2026-03-24 00:00:00+00:00
[2026-03-24T06:28:04.143+0000] {processor.py:208} INFO - Processing /home/ec2-user/environment/lab4_model_training/venv/lib64/python3.12/site-packages/airflow/example_dags/tutorial.py took 0.073 seconds
[2026-03-24T06:29:10.403+0000] {processor.py:186} INFO - Started process (PID=6573) to work on /home/ec2-user/environment/lab4_model_training/venv/lib64/python3.12/site-packages/airflow/example_dags/tutorial.py
[2026-03-24T06:29:10.404+0000] {processor.py:914} INFO - Processing file /home/ec2-user/environment/lab4_model_training/venv/lib64/python3.12/site-packages/airflow/example_dags/tutorial.py for tasks to queue
[2026-03-24T06:29:10.407+0000] {logging_mixin.py:190} INFO - [2026-03-24T06:29:10.407+0000] {dagbag.py:588} INFO - Filling up the DagBag from /home/ec2-user/environment/lab4_model_training/venv/lib64/python3.12/site-packages/airflow/example_dags/tutorial.py
[2026-03-24T06:29:10.418+0000] {processor.py:925} INFO - DAG(s) 'tutorial' retrieved from /home/ec2-user/environment/lab4_model_training/venv/lib64/python3.12/site-packages/airflow/example_dags/tutorial.py
[2026-03-24T06:29:10.434+0000] {logging_mixin.py:190} INFO - [2026-03-24T06:29:10.434+0000] {dag.py:3239} INFO - Sync 1 DAGs
[2026-03-24T06:29:10.452+0000] {logging_mixin.py:190} INFO - [2026-03-24T06:29:10.452+0000] {dag.py:4180} INFO - Setting next_dagrun for tutorial to 2026-03-23 00:00:00+00:00, run_after=2026-03-24 00:00:00+00:00
[2026-03-24T06:29:10.473+0000] {processor.py:208} INFO - Processing /home/ec2-user/environment/lab4_model_training/venv/lib64/python3.12/site-packages/airflow/example_dags/tutorial.py took 0.075 seconds
[2026-03-24T06:30:10.355+0000] {processor.py:186} INFO - Started process (PID=6928) to work on /home/ec2-user/environment/lab4_model_training/venv/lib64/python3.12/site-packages/airflow/example_dags/tutorial.py
[2026-03-24T06:30:10.357+0000] {processor.py:914} INFO - Processing file /home/ec2-user/environment/lab4_model_training/venv/lib64/python3.12/site-packages/airflow/example_dags/tutorial.py for tasks to queue
[2026-03-24T06:30:10.359+0000] {logging_mixin.py:190} INFO - [2026-03-24T06:30:10.358+0000] {dagbag.py:588} INFO - Filling up the DagBag from /home/ec2-user/environment/lab4_model_training/venv/lib64/python3.12/site-packages/airflow/example_dags/tutorial.py
[2026-03-24T06:30:10.368+0000] {processor.py:925} INFO - DAG(s) 'tutorial' retrieved from /home/ec2-user/environment/lab4_model_training/venv/lib64/python3.12/site-packages/airflow/example_dags/tutorial.py
[2026-03-24T06:30:10.384+0000] {logging_mixin.py:190} INFO - [2026-03-24T06:30:10.384+0000] {dag.py:3239} INFO - Sync 1 DAGs
[2026-03-24T06:30:10.408+0000] {logging_mixin.py:190} INFO - [2026-03-24T06:30:10.408+0000] {dag.py:4180} INFO - Setting next_dagrun for tutorial to 2026-03-23 00:00:00+00:00, run_after=2026-03-24 00:00:00+00:00
[2026-03-24T06:30:10.430+0000] {processor.py:208} INFO - Processing /home/ec2-user/environment/lab4_model_training/venv/lib64/python3.12/site-packages/airflow/example_dags/tutorial.py took 0.079 seconds
[2026-03-24T06:31:11.239+0000] {processor.py:186} INFO - Started process (PID=7194) to work on /home/ec2-user/environment/lab4_model_training/venv/lib64/python3.12/site-packages/airflow/example_dags/tutorial.py
[2026-03-24T06:31:11.241+0000] {processor.py:914} INFO - Processing file /home/ec2-user/environment/lab4_model_training/venv/lib64/python3.12/site-packages/airflow/example_dags/tutorial.py for tasks to queue
[2026-03-24T06:31:11.244+0000] {logging_mixin.py:190} INFO - [2026-03-24T06:31:11.243+0000] {dagbag.py:588} INFO - Filling up the DagBag from /home/ec2-user/environment/lab4_model_training/venv/lib64/python3.12/site-packages/airflow/example_dags/tutorial.py
[2026-03-24T06:31:11.254+0000] {processor.py:925} INFO - DAG(s) 'tutorial' retrieved from /home/ec2-user/environment/lab4_model_training/venv/lib64/python3.12/site-packages/airflow/example_dags/tutorial.py
[2026-03-24T06:31:11.269+0000] {logging_mixin.py:190} INFO - [2026-03-24T06:31:11.269+0000] {dag.py:3239} INFO - Sync 1 DAGs
[2026-03-24T06:31:11.288+0000] {logging_mixin.py:190} INFO - [2026-03-24T06:31:11.288+0000] {dag.py:4180} INFO - Setting next_dagrun for tutorial to 2026-03-23 00:00:00+00:00, run_after=2026-03-24 00:00:00+00:00
[2026-03-24T06:31:11.310+0000] {processor.py:208} INFO - Processing /home/ec2-user/environment/lab4_model_training/venv/lib64/python3.12/site-packages/airflow/example_dags/tutorial.py took 0.075 seconds
[2026-03-24T06:32:17.159+0000] {processor.py:186} INFO - Started process (PID=7494) to work on /home/ec2-user/environment/lab4_model_training/venv/lib64/python3.12/site-packages/airflow/example_dags/tutorial.py
[2026-03-24T06:32:17.160+0000] {processor.py:914} INFO - Processing file /home/ec2-user/environment/lab4_model_training/venv/lib64/python3.12/site-packages/airflow/example_dags/tutorial.py for tasks to queue
[2026-03-24T06:32:17.163+0000] {logging_mixin.py:190} INFO - [2026-03-24T06:32:17.162+0000] {dagbag.py:588} INFO - Filling up the DagBag from /home/ec2-user/environment/lab4_model_training/venv/lib64/python3.12/site-packages/airflow/example_dags/tutorial.py
[2026-03-24T06:32:17.172+0000] {processor.py:925} INFO - DAG(s) 'tutorial' retrieved from /home/ec2-user/environment/lab4_model_training/venv/lib64/python3.12/site-packages/airflow/example_dags/tutorial.py
[2026-03-24T06:32:17.188+0000] {logging_mixin.py:190} INFO - [2026-03-24T06:32:17.188+0000] {dag.py:3239} INFO - Sync 1 DAGs
[2026-03-24T06:32:17.208+0000] {logging_mixin.py:190} INFO - [2026-03-24T06:32:17.208+0000] {dag.py:4180} INFO - Setting next_dagrun for tutorial to 2026-03-23 00:00:00+00:00, run_after=2026-03-24 00:00:00+00:00
[2026-03-24T06:32:17.230+0000] {processor.py:208} INFO - Processing /home/ec2-user/environment/lab4_model_training/venv/lib64/python3.12/site-packages/airflow/example_dags/tutorial.py took 0.076 seconds
[2026-03-24T06:33:26.762+0000] {processor.py:186} INFO - Started process (PID=7822) to work on /home/ec2-user/environment/lab4_model_training/venv/lib64/python3.12/site-packages/airflow/example_dags/tutorial.py
[2026-03-24T06:33:26.763+0000] {processor.py:914} INFO - Processing file /home/ec2-user/environment/lab4_model_training/venv/lib64/python3.12/site-packages/airflow/example_dags/tutorial.py for tasks to queue
[2026-03-24T06:33:26.766+0000] {logging_mixin.py:190} INFO - [2026-03-24T06:33:26.766+0000] {dagbag.py:588} INFO - Filling up the DagBag from /home/ec2-user/environment/lab4_model_training/venv/lib64/python3.12/site-packages/airflow/example_dags/tutorial.py
[2026-03-24T06:33:26.776+0000] {processor.py:925} INFO - DAG(s) 'tutorial' retrieved from /home/ec2-user/environment/lab4_model_training/venv/lib64/python3.12/site-packages/airflow/example_dags/tutorial.py
[2026-03-24T06:33:26.791+0000] {logging_mixin.py:190} INFO - [2026-03-24T06:33:26.791+0000] {dag.py:3239} INFO - Sync 1 DAGs
[2026-03-24T06:33:26.809+0000] {logging_mixin.py:190} INFO - [2026-03-24T06:33:26.809+0000] {dag.py:4180} INFO - Setting next_dagrun for tutorial to 2026-03-23 00:00:00+00:00, run_after=2026-03-24 00:00:00+00:00
[2026-03-24T06:33:26.831+0000] {processor.py:208} INFO - Processing /home/ec2-user/environment/lab4_model_training/venv/lib64/python3.12/site-packages/airflow/example_dags/tutorial.py took 0.073 seconds
[2026-03-24T06:34:26.454+0000] {processor.py:186} INFO - Started process (PID=8030) to work on /home/ec2-user/environment/lab4_model_training/venv/lib64/python3.12/site-packages/airflow/example_dags/tutorial.py
[2026-03-24T06:34:26.455+0000] {processor.py:914} INFO - Processing file /home/ec2-user/environment/lab4_model_training/venv/lib64/python3.12/site-packages/airflow/example_dags/tutorial.py for tasks to queue
[2026-03-24T06:34:26.457+0000] {logging_mixin.py:190} INFO - [2026-03-24T06:34:26.457+0000] {dagbag.py:588} INFO - Filling up the DagBag from /home/ec2-user/environment/lab4_model_training/venv/lib64/python3.12/site-packages/airflow/example_dags/tutorial.py
[2026-03-24T06:34:26.466+0000] {processor.py:925} INFO - DAG(s) 'tutorial' retrieved from /home/ec2-user/environment/lab4_model_training/venv/lib64/python3.12/site-packages/airflow/example_dags/tutorial.py
[2026-03-24T06:34:26.484+0000] {logging_mixin.py:190} INFO - [2026-03-24T06:34:26.484+0000] {dag.py:3239} INFO - Sync 1 DAGs
[2026-03-24T06:34:26.503+0000] {logging_mixin.py:190} INFO - [2026-03-24T06:34:26.503+0000] {dag.py:4180} INFO - Setting next_dagrun for tutorial to 2026-03-23 00:00:00+00:00, run_after=2026-03-24 00:00:00+00:00
[2026-03-24T06:34:26.524+0000] {processor.py:208} INFO - Processing /home/ec2-user/environment/lab4_model_training/venv/lib64/python3.12/site-packages/airflow/example_dags/tutorial.py took 0.075 seconds
[2026-03-24T06:35:30.268+0000] {processor.py:186} INFO - Started process (PID=8308) to work on /home/ec2-user/environment/lab4_model_training/venv/lib64/python3.12/site-packages/airflow/example_dags/tutorial.py
[2026-03-24T06:35:30.269+0000] {processor.py:914} INFO - Processing file /home/ec2-user/environment/lab4_model_training/venv/lib64/python3.12/site-packages/airflow/example_dags/tutorial.py for tasks to queue
[2026-03-24T06:35:30.272+0000] {logging_mixin.py:190} INFO - [2026-03-24T06:35:30.271+0000] {dagbag.py:588} INFO - Filling up the DagBag from /home/ec2-user/environment/lab4_model_training/venv/lib64/python3.12/site-packages/airflow/example_dags/tutorial.py
[2026-03-24T06:35:30.282+0000] {processor.py:925} INFO - DAG(s) 'tutorial' retrieved from /home/ec2-user/environment/lab4_model_training/venv/lib64/python3.12/site-packages/airflow/example_dags/tutorial.py
[2026-03-24T06:35:30.298+0000] {logging_mixin.py:190} INFO - [2026-03-24T06:35:30.298+0000] {dag.py:3239} INFO - Sync 1 DAGs
[2026-03-24T06:35:30.317+0000] {logging_mixin.py:190} INFO - [2026-03-24T06:35:30.317+0000] {dag.py:4180} INFO - Setting next_dagrun for tutorial to 2026-03-23 00:00:00+00:00, run_after=2026-03-24 00:00:00+00:00
[2026-03-24T06:35:30.338+0000] {processor.py:208} INFO - Processing /home/ec2-user/environment/lab4_model_training/venv/lib64/python3.12/site-packages/airflow/example_dags/tutorial.py took 0.075 seconds
[2026-03-24T06:36:35.048+0000] {processor.py:186} INFO - Started process (PID=8579) to work on /home/ec2-user/environment/lab4_model_training/venv/lib64/python3.12/site-packages/airflow/example_dags/tutorial.py
[2026-03-24T06:36:35.049+0000] {processor.py:914} INFO - Processing file /home/ec2-user/environment/lab4_model_training/venv/lib64/python3.12/site-packages/airflow/example_dags/tutorial.py for tasks to queue
[2026-03-24T06:36:35.052+0000] {logging_mixin.py:190} INFO - [2026-03-24T06:36:35.051+0000] {dagbag.py:588} INFO - Filling up the DagBag from /home/ec2-user/environment/lab4_model_training/venv/lib64/python3.12/site-packages/airflow/example_dags/tutorial.py
[2026-03-24T06:36:35.061+0000] {processor.py:925} INFO - DAG(s) 'tutorial' retrieved from /home/ec2-user/environment/lab4_model_training/venv/lib64/python3.12/site-packages/airflow/example_dags/tutorial.py
[2026-03-24T06:36:35.079+0000] {logging_mixin.py:190} INFO - [2026-03-24T06:36:35.078+0000] {dag.py:3239} INFO - Sync 1 DAGs
[2026-03-24T06:36:35.098+0000] {logging_mixin.py:190} INFO - [2026-03-24T06:36:35.097+0000] {dag.py:4180} INFO - Setting next_dagrun for tutorial to 2026-03-23 00:00:00+00:00, run_after=2026-03-24 00:00:00+00:00
[2026-03-24T06:36:35.120+0000] {processor.py:208} INFO - Processing /home/ec2-user/environment/lab4_model_training/venv/lib64/python3.12/site-packages/airflow/example_dags/tutorial.py took 0.076 seconds
[2026-03-24T06:37:43.096+0000] {processor.py:186} INFO - Started process (PID=8972) to work on /home/ec2-user/environment/lab4_model_training/venv/lib64/python3.12/site-packages/airflow/example_dags/tutorial.py
[2026-03-24T06:37:43.097+0000] {processor.py:914} INFO - Processing file /home/ec2-user/environment/lab4_model_training/venv/lib64/python3.12/site-packages/airflow/example_dags/tutorial.py for tasks to queue
[2026-03-24T06:37:43.100+0000] {logging_mixin.py:190} INFO - [2026-03-24T06:37:43.100+0000] {dagbag.py:588} INFO - Filling up the DagBag from /home/ec2-user/environment/lab4_model_training/venv/lib64/python3.12/site-packages/airflow/example_dags/tutorial.py
[2026-03-24T06:37:43.109+0000] {processor.py:925} INFO - DAG(s) 'tutorial' retrieved from /home/ec2-user/environment/lab4_model_training/venv/lib64/python3.12/site-packages/airflow/example_dags/tutorial.py
[2026-03-24T06:37:43.127+0000] {logging_mixin.py:190} INFO - [2026-03-24T06:37:43.127+0000] {dag.py:3239} INFO - Sync 1 DAGs
[2026-03-24T06:37:43.146+0000] {logging_mixin.py:190} INFO - [2026-03-24T06:37:43.145+0000] {dag.py:4180} INFO - Setting next_dagrun for tutorial to 2026-03-23 00:00:00+00:00, run_after=2026-03-24 00:00:00+00:00
[2026-03-24T06:37:43.167+0000] {processor.py:208} INFO - Processing /home/ec2-user/environment/lab4_model_training/venv/lib64/python3.12/site-packages/airflow/example_dags/tutorial.py took 0.075 seconds
[2026-03-24T06:38:52.440+0000] {processor.py:186} INFO - Started process (PID=9297) to work on /home/ec2-user/environment/lab4_model_training/venv/lib64/python3.12/site-packages/airflow/example_dags/tutorial.py
[2026-03-24T06:38:52.442+0000] {processor.py:914} INFO - Processing file /home/ec2-user/environment/lab4_model_training/venv/lib64/python3.12/site-packages/airflow/example_dags/tutorial.py for tasks to queue
[2026-03-24T06:38:52.444+0000] {logging_mixin.py:190} INFO - [2026-03-24T06:38:52.443+0000] {dagbag.py:588} INFO - Filling up the DagBag from /home/ec2-user/environment/lab4_model_training/venv/lib64/python3.12/site-packages/airflow/example_dags/tutorial.py
[2026-03-24T06:38:52.453+0000] {processor.py:925} INFO - DAG(s) 'tutorial' retrieved from /home/ec2-user/environment/lab4_model_training/venv/lib64/python3.12/site-packages/airflow/example_dags/tutorial.py
[2026-03-24T06:38:52.469+0000] {logging_mixin.py:190} INFO - [2026-03-24T06:38:52.469+0000] {dag.py:3239} INFO - Sync 1 DAGs
[2026-03-24T06:38:52.487+0000] {logging_mixin.py:190} INFO - [2026-03-24T06:38:52.487+0000] {dag.py:4180} INFO - Setting next_dagrun for tutorial to 2026-03-23 00:00:00+00:00, run_after=2026-03-24 00:00:00+00:00
[2026-03-24T06:38:52.509+0000] {processor.py:208} INFO - Processing /home/ec2-user/environment/lab4_model_training/venv/lib64/python3.12/site-packages/airflow/example_dags/tutorial.py took 0.073 seconds
[2026-03-24T06:40:01.442+0000] {processor.py:186} INFO - Started process (PID=9623) to work on /home/ec2-user/environment/lab4_model_training/venv/lib64/python3.12/site-packages/airflow/example_dags/tutorial.py
[2026-03-24T06:40:01.443+0000] {processor.py:914} INFO - Processing file /home/ec2-user/environment/lab4_model_training/venv/lib64/python3.12/site-packages/airflow/example_dags/tutorial.py for tasks to queue
[2026-03-24T06:40:01.445+0000] {logging_mixin.py:190} INFO - [2026-03-24T06:40:01.445+0000] {dagbag.py:588} INFO - Filling up the DagBag from /home/ec2-user/environment/lab4_model_training/venv/lib64/python3.12/site-packages/airflow/example_dags/tutorial.py
[2026-03-24T06:40:01.454+0000] {processor.py:925} INFO - DAG(s) 'tutorial' retrieved from /home/ec2-user/environment/lab4_model_training/venv/lib64/python3.12/site-packages/airflow/example_dags/tutorial.py
[2026-03-24T06:40:01.472+0000] {logging_mixin.py:190} INFO - [2026-03-24T06:40:01.471+0000] {dag.py:3239} INFO - Sync 1 DAGs
[2026-03-24T06:40:01.495+0000] {logging_mixin.py:190} INFO - [2026-03-24T06:40:01.495+0000] {dag.py:4180} INFO - Setting next_dagrun for tutorial to 2026-03-23 00:00:00+00:00, run_after=2026-03-24 00:00:00+00:00
[2026-03-24T06:40:01.518+0000] {processor.py:208} INFO - Processing /home/ec2-user/environment/lab4_model_training/venv/lib64/python3.12/site-packages/airflow/example_dags/tutorial.py took 0.082 seconds
[2026-03-24T06:41:10.683+0000] {processor.py:186} INFO - Started process (PID=9939) to work on /home/ec2-user/environment/lab4_model_training/venv/lib64/python3.12/site-packages/airflow/example_dags/tutorial.py
[2026-03-24T06:41:10.689+0000] {processor.py:914} INFO - Processing file /home/ec2-user/environment/lab4_model_training/venv/lib64/python3.12/site-packages/airflow/example_dags/tutorial.py for tasks to queue
[2026-03-24T06:41:10.696+0000] {logging_mixin.py:190} INFO - [2026-03-24T06:41:10.696+0000] {dagbag.py:588} INFO - Filling up the DagBag from /home/ec2-user/environment/lab4_model_training/venv/lib64/python3.12/site-packages/airflow/example_dags/tutorial.py
[2026-03-24T06:41:10.711+0000] {processor.py:925} INFO - DAG(s) 'tutorial' retrieved from /home/ec2-user/environment/lab4_model_training/venv/lib64/python3.12/site-packages/airflow/example_dags/tutorial.py
[2026-03-24T06:41:10.744+0000] {logging_mixin.py:190} INFO - [2026-03-24T06:41:10.744+0000] {dag.py:3239} INFO - Sync 1 DAGs
[2026-03-24T06:41:10.775+0000] {logging_mixin.py:190} INFO - [2026-03-24T06:41:10.775+0000] {dag.py:4180} INFO - Setting next_dagrun for tutorial to 2026-03-23 00:00:00+00:00, run_after=2026-03-24 00:00:00+00:00
[2026-03-24T06:41:10.818+0000] {processor.py:208} INFO - Processing /home/ec2-user/environment/lab4_model_training/venv/lib64/python3.12/site-packages/airflow/example_dags/tutorial.py took 0.142 seconds
[2026-03-24T06:42:20.004+0000] {processor.py:186} INFO - Started process (PID=10333) to work on /home/ec2-user/environment/lab4_model_training/venv/lib64/python3.12/site-packages/airflow/example_dags/tutorial.py
[2026-03-24T06:42:20.005+0000] {processor.py:914} INFO - Processing file /home/ec2-user/environment/lab4_model_training/venv/lib64/python3.12/site-packages/airflow/example_dags/tutorial.py for tasks to queue
[2026-03-24T06:42:20.008+0000] {logging_mixin.py:190} INFO - [2026-03-24T06:42:20.008+0000] {dagbag.py:588} INFO - Filling up the DagBag from /home/ec2-user/environment/lab4_model_training/venv/lib64/python3.12/site-packages/airflow/example_dags/tutorial.py
[2026-03-24T06:42:20.017+0000] {processor.py:925} INFO - DAG(s) 'tutorial' retrieved from /home/ec2-user/environment/lab4_model_training/venv/lib64/python3.12/site-packages/airflow/example_dags/tutorial.py
[2026-03-24T06:42:20.035+0000] {logging_mixin.py:190} INFO - [2026-03-24T06:42:20.035+0000] {dag.py:3239} INFO - Sync 1 DAGs
[2026-03-24T06:42:20.055+0000] {logging_mixin.py:190} INFO - [2026-03-24T06:42:20.054+0000] {dag.py:4180} INFO - Setting next_dagrun for tutorial to 2026-03-23 00:00:00+00:00, run_after=2026-03-24 00:00:00+00:00
[2026-03-24T06:42:20.079+0000] {processor.py:208} INFO - Processing /home/ec2-user/environment/lab4_model_training/venv/lib64/python3.12/site-packages/airflow/example_dags/tutorial.py took 0.080 seconds
[2026-03-24T06:43:25.347+0000] {processor.py:186} INFO - Started process (PID=10667) to work on /home/ec2-user/environment/lab4_model_training/venv/lib64/python3.12/site-packages/airflow/example_dags/tutorial.py
[2026-03-24T06:43:25.348+0000] {processor.py:914} INFO - Processing file /home/ec2-user/environment/lab4_model_training/venv/lib64/python3.12/site-packages/airflow/example_dags/tutorial.py for tasks to queue
[2026-03-24T06:43:25.351+0000] {logging_mixin.py:190} INFO - [2026-03-24T06:43:25.350+0000] {dagbag.py:588} INFO - Filling up the DagBag from /home/ec2-user/environment/lab4_model_training/venv/lib64/python3.12/site-packages/airflow/example_dags/tutorial.py
[2026-03-24T06:43:25.360+0000] {processor.py:925} INFO - DAG(s) 'tutorial' retrieved from /home/ec2-user/environment/lab4_model_training/venv/lib64/python3.12/site-packages/airflow/example_dags/tutorial.py
[2026-03-24T06:43:25.376+0000] {logging_mixin.py:190} INFO - [2026-03-24T06:43:25.376+0000] {dag.py:3239} INFO - Sync 1 DAGs
[2026-03-24T06:43:25.394+0000] {logging_mixin.py:190} INFO - [2026-03-24T06:43:25.394+0000] {dag.py:4180} INFO - Setting next_dagrun for tutorial to 2026-03-23 00:00:00+00:00, run_after=2026-03-24 00:00:00+00:00
[2026-03-24T06:43:25.417+0000] {processor.py:208} INFO - Processing /home/ec2-user/environment/lab4_model_training/venv/lib64/python3.12/site-packages/airflow/example_dags/tutorial.py took 0.074 seconds
[2026-03-24T06:44:31.647+0000] {processor.py:186} INFO - Started process (PID=11034) to work on /home/ec2-user/environment/lab4_model_training/venv/lib64/python3.12/site-packages/airflow/example_dags/tutorial.py
[2026-03-24T06:44:31.649+0000] {processor.py:914} INFO - Processing file /home/ec2-user/environment/lab4_model_training/venv/lib64/python3.12/site-packages/airflow/example_dags/tutorial.py for tasks to queue
[2026-03-24T06:44:31.652+0000] {logging_mixin.py:190} INFO - [2026-03-24T06:44:31.651+0000] {dagbag.py:588} INFO - Filling up the DagBag from /home/ec2-user/environment/lab4_model_training/venv/lib64/python3.12/site-packages/airflow/example_dags/tutorial.py
[2026-03-24T06:44:31.661+0000] {processor.py:925} INFO - DAG(s) 'tutorial' retrieved from /home/ec2-user/environment/lab4_model_training/venv/lib64/python3.12/site-packages/airflow/example_dags/tutorial.py
[2026-03-24T06:44:31.677+0000] {logging_mixin.py:190} INFO - [2026-03-24T06:44:31.677+0000] {dag.py:3239} INFO - Sync 1 DAGs
[2026-03-24T06:44:31.704+0000] {logging_mixin.py:190} INFO - [2026-03-24T06:44:31.704+0000] {dag.py:4180} INFO - Setting next_dagrun for tutorial to 2026-03-23 00:00:00+00:00, run_after=2026-03-24 00:00:00+00:00
[2026-03-24T06:44:31.730+0000] {processor.py:208} INFO - Processing /home/ec2-user/environment/lab4_model_training/venv/lib64/python3.12/site-packages/airflow/example_dags/tutorial.py took 0.087 seconds
[2026-03-24T06:45:39.524+0000] {processor.py:186} INFO - Started process (PID=11434) to work on /home/ec2-user/environment/lab4_model_training/venv/lib64/python3.12/site-packages/airflow/example_dags/tutorial.py
[2026-03-24T06:45:39.525+0000] {processor.py:914} INFO - Processing file /home/ec2-user/environment/lab4_model_training/venv/lib64/python3.12/site-packages/airflow/example_dags/tutorial.py for tasks to queue
[2026-03-24T06:45:39.528+0000] {logging_mixin.py:190} INFO - [2026-03-24T06:45:39.528+0000] {dagbag.py:588} INFO - Filling up the DagBag from /home/ec2-user/environment/lab4_model_training/venv/lib64/python3.12/site-packages/airflow/example_dags/tutorial.py
[2026-03-24T06:45:39.537+0000] {processor.py:925} INFO - DAG(s) 'tutorial' retrieved from /home/ec2-user/environment/lab4_model_training/venv/lib64/python3.12/site-packages/airflow/example_dags/tutorial.py
[2026-03-24T06:45:39.553+0000] {logging_mixin.py:190} INFO - [2026-03-24T06:45:39.553+0000] {dag.py:3239} INFO - Sync 1 DAGs
[2026-03-24T06:45:39.574+0000] {logging_mixin.py:190} INFO - [2026-03-24T06:45:39.574+0000] {dag.py:4180} INFO - Setting next_dagrun for tutorial to 2026-03-23 00:00:00+00:00, run_after=2026-03-24 00:00:00+00:00
[2026-03-24T06:45:39.597+0000] {processor.py:208} INFO - Processing /home/ec2-user/environment/lab4_model_training/venv/lib64/python3.12/site-packages/airflow/example_dags/tutorial.py took 0.077 seconds
[2026-03-24T06:47:04.986+0000] {processor.py:186} INFO - Started process (PID=11812) to work on /home/ec2-user/environment/lab4_model_training/venv/lib64/python3.12/site-packages/airflow/example_dags/tutorial.py
[2026-03-24T06:47:04.987+0000] {processor.py:914} INFO - Processing file /home/ec2-user/environment/lab4_model_training/venv/lib64/python3.12/site-packages/airflow/example_dags/tutorial.py for tasks to queue
[2026-03-24T06:47:04.990+0000] {logging_mixin.py:190} INFO - [2026-03-24T06:47:04.989+0000] {dagbag.py:588} INFO - Filling up the DagBag from /home/ec2-user/environment/lab4_model_training/venv/lib64/python3.12/site-packages/airflow/example_dags/tutorial.py
[2026-03-24T06:47:04.999+0000] {processor.py:925} INFO - DAG(s) 'tutorial' retrieved from /home/ec2-user/environment/lab4_model_training/venv/lib64/python3.12/site-packages/airflow/example_dags/tutorial.py
[2026-03-24T06:47:05.015+0000] {logging_mixin.py:190} INFO - [2026-03-24T06:47:05.015+0000] {dag.py:3239} INFO - Sync 1 DAGs
[2026-03-24T06:47:05.034+0000] {logging_mixin.py:190} INFO - [2026-03-24T06:47:05.034+0000] {dag.py:4180} INFO - Setting next_dagrun for tutorial to 2026-03-23 00:00:00+00:00, run_after=2026-03-24 00:00:00+00:00
[2026-03-24T06:47:05.055+0000] {processor.py:208} INFO - Processing /home/ec2-user/environment/lab4_model_training/venv/lib64/python3.12/site-packages/airflow/example_dags/tutorial.py took 0.074 seconds
[2026-03-24T06:48:11.094+0000] {processor.py:186} INFO - Started process (PID=12101) to work on /home/ec2-user/environment/lab4_model_training/venv/lib64/python3.12/site-packages/airflow/example_dags/tutorial.py
[2026-03-24T06:48:11.096+0000] {processor.py:914} INFO - Processing file /home/ec2-user/environment/lab4_model_training/venv/lib64/python3.12/site-packages/airflow/example_dags/tutorial.py for tasks to queue
[2026-03-24T06:48:11.099+0000] {logging_mixin.py:190} INFO - [2026-03-24T06:48:11.099+0000] {dagbag.py:588} INFO - Filling up the DagBag from /home/ec2-user/environment/lab4_model_training/venv/lib64/python3.12/site-packages/airflow/example_dags/tutorial.py
[2026-03-24T06:48:11.109+0000] {processor.py:925} INFO - DAG(s) 'tutorial' retrieved from /home/ec2-user/environment/lab4_model_training/venv/lib64/python3.12/site-packages/airflow/example_dags/tutorial.py
[2026-03-24T06:48:11.126+0000] {logging_mixin.py:190} INFO - [2026-03-24T06:48:11.126+0000] {dag.py:3239} INFO - Sync 1 DAGs
[2026-03-24T06:48:11.146+0000] {logging_mixin.py:190} INFO - [2026-03-24T06:48:11.145+0000] {dag.py:4180} INFO - Setting next_dagrun for tutorial to 2026-03-23 00:00:00+00:00, run_after=2026-03-24 00:00:00+00:00
[2026-03-24T06:48:11.168+0000] {processor.py:208} INFO - Processing /home/ec2-user/environment/lab4_model_training/venv/lib64/python3.12/site-packages/airflow/example_dags/tutorial.py took 0.078 seconds
[2026-03-24T06:49:16.286+0000] {processor.py:186} INFO - Started process (PID=12367) to work on /home/ec2-user/environment/lab4_model_training/venv/lib64/python3.12/site-packages/airflow/example_dags/tutorial.py
[2026-03-24T06:49:16.287+0000] {processor.py:914} INFO - Processing file /home/ec2-user/environment/lab4_model_training/venv/lib64/python3.12/site-packages/airflow/example_dags/tutorial.py for tasks to queue
[2026-03-24T06:49:16.289+0000] {logging_mixin.py:190} INFO - [2026-03-24T06:49:16.289+0000] {dagbag.py:588} INFO - Filling up the DagBag from /home/ec2-user/environment/lab4_model_training/venv/lib64/python3.12/site-packages/airflow/example_dags/tutorial.py
[2026-03-24T06:49:16.298+0000] {processor.py:925} INFO - DAG(s) 'tutorial' retrieved from /home/ec2-user/environment/lab4_model_training/venv/lib64/python3.12/site-packages/airflow/example_dags/tutorial.py
[2026-03-24T06:49:16.314+0000] {logging_mixin.py:190} INFO - [2026-03-24T06:49:16.314+0000] {dag.py:3239} INFO - Sync 1 DAGs
[2026-03-24T06:49:16.333+0000] {logging_mixin.py:190} INFO - [2026-03-24T06:49:16.333+0000] {dag.py:4180} INFO - Setting next_dagrun for tutorial to 2026-03-23 00:00:00+00:00, run_after=2026-03-24 00:00:00+00:00
[2026-03-24T06:49:16.364+0000] {processor.py:208} INFO - Processing /home/ec2-user/environment/lab4_model_training/venv/lib64/python3.12/site-packages/airflow/example_dags/tutorial.py took 0.083 seconds
[2026-03-24T06:50:23.792+0000] {processor.py:186} INFO - Started process (PID=12596) to work on /home/ec2-user/environment/lab4_model_training/venv/lib64/python3.12/site-packages/airflow/example_dags/tutorial.py
[2026-03-24T06:50:23.794+0000] {processor.py:914} INFO - Processing file /home/ec2-user/environment/lab4_model_training/venv/lib64/python3.12/site-packages/airflow/example_dags/tutorial.py for tasks to queue
[2026-03-24T06:50:23.797+0000] {logging_mixin.py:190} INFO - [2026-03-24T06:50:23.797+0000] {dagbag.py:588} INFO - Filling up the DagBag from /home/ec2-user/environment/lab4_model_training/venv/lib64/python3.12/site-packages/airflow/example_dags/tutorial.py
[2026-03-24T06:50:23.806+0000] {processor.py:925} INFO - DAG(s) 'tutorial' retrieved from /home/ec2-user/environment/lab4_model_training/venv/lib64/python3.12/site-packages/airflow/example_dags/tutorial.py
[2026-03-24T06:50:23.822+0000] {logging_mixin.py:190} INFO - [2026-03-24T06:50:23.822+0000] {dag.py:3239} INFO - Sync 1 DAGs
[2026-03-24T06:50:23.841+0000] {logging_mixin.py:190} INFO - [2026-03-24T06:50:23.841+0000] {dag.py:4180} INFO - Setting next_dagrun for tutorial to 2026-03-23 00:00:00+00:00, run_after=2026-03-24 00:00:00+00:00
[2026-03-24T06:50:23.862+0000] {processor.py:208} INFO - Processing /home/ec2-user/environment/lab4_model_training/venv/lib64/python3.12/site-packages/airflow/example_dags/tutorial.py took 0.074 seconds
[2026-03-24T06:51:34.066+0000] {processor.py:186} INFO - Started process (PID=12908) to work on /home/ec2-user/environment/lab4_model_training/venv/lib64/python3.12/site-packages/airflow/example_dags/tutorial.py
[2026-03-24T06:51:34.067+0000] {processor.py:914} INFO - Processing file /home/ec2-user/environment/lab4_model_training/venv/lib64/python3.12/site-packages/airflow/example_dags/tutorial.py for tasks to queue
[2026-03-24T06:51:34.070+0000] {logging_mixin.py:190} INFO - [2026-03-24T06:51:34.069+0000] {dagbag.py:588} INFO - Filling up the DagBag from /home/ec2-user/environment/lab4_model_training/venv/lib64/python3.12/site-packages/airflow/example_dags/tutorial.py
[2026-03-24T06:51:34.080+0000] {processor.py:925} INFO - DAG(s) 'tutorial' retrieved from /home/ec2-user/environment/lab4_model_training/venv/lib64/python3.12/site-packages/airflow/example_dags/tutorial.py
[2026-03-24T06:51:34.097+0000] {logging_mixin.py:190} INFO - [2026-03-24T06:51:34.097+0000] {dag.py:3239} INFO - Sync 1 DAGs
[2026-03-24T06:51:34.116+0000] {logging_mixin.py:190} INFO - [2026-03-24T06:51:34.116+0000] {dag.py:4180} INFO - Setting next_dagrun for tutorial to 2026-03-23 00:00:00+00:00, run_after=2026-03-24 00:00:00+00:00
[2026-03-24T06:51:34.140+0000] {processor.py:208} INFO - Processing /home/ec2-user/environment/lab4_model_training/venv/lib64/python3.12/site-packages/airflow/example_dags/tutorial.py took 0.079 seconds
[2026-03-24T06:52:41.160+0000] {processor.py:186} INFO - Started process (PID=13282) to work on /home/ec2-user/environment/lab4_model_training/venv/lib64/python3.12/site-packages/airflow/example_dags/tutorial.py
[2026-03-24T06:52:41.161+0000] {processor.py:914} INFO - Processing file /home/ec2-user/environment/lab4_model_training/venv/lib64/python3.12/site-packages/airflow/example_dags/tutorial.py for tasks to queue
[2026-03-24T06:52:41.162+0000] {logging_mixin.py:190} INFO - [2026-03-24T06:52:41.162+0000] {dagbag.py:588} INFO - Filling up the DagBag from /home/ec2-user/environment/lab4_model_training/venv/lib64/python3.12/site-packages/airflow/example_dags/tutorial.py
[2026-03-24T06:52:41.172+0000] {processor.py:925} INFO - DAG(s) 'tutorial' retrieved from /home/ec2-user/environment/lab4_model_training/venv/lib64/python3.12/site-packages/airflow/example_dags/tutorial.py
[2026-03-24T06:52:41.186+0000] {logging_mixin.py:190} INFO - [2026-03-24T06:52:41.186+0000] {dag.py:3239} INFO - Sync 1 DAGs
[2026-03-24T06:52:41.205+0000] {logging_mixin.py:190} INFO - [2026-03-24T06:52:41.205+0000] {dag.py:4180} INFO - Setting next_dagrun for tutorial to 2026-03-23 00:00:00+00:00, run_after=2026-03-24 00:00:00+00:00
[2026-03-24T06:52:41.226+0000] {processor.py:208} INFO - Processing /home/ec2-user/environment/lab4_model_training/venv/lib64/python3.12/site-packages/airflow/example_dags/tutorial.py took 0.071 seconds
[2026-03-24T06:54:00.067+0000] {processor.py:186} INFO - Started process (PID=13654) to work on /home/ec2-user/environment/lab4_model_training/venv/lib64/python3.12/site-packages/airflow/example_dags/tutorial.py
[2026-03-24T06:54:00.068+0000] {processor.py:914} INFO - Processing file /home/ec2-user/environment/lab4_model_training/venv/lib64/python3.12/site-packages/airflow/example_dags/tutorial.py for tasks to queue
[2026-03-24T06:54:00.069+0000] {logging_mixin.py:190} INFO - [2026-03-24T06:54:00.069+0000] {dagbag.py:588} INFO - Filling up the DagBag from /home/ec2-user/environment/lab4_model_training/venv/lib64/python3.12/site-packages/airflow/example_dags/tutorial.py
[2026-03-24T06:54:00.079+0000] {processor.py:925} INFO - DAG(s) 'tutorial' retrieved from /home/ec2-user/environment/lab4_model_training/venv/lib64/python3.12/site-packages/airflow/example_dags/tutorial.py
[2026-03-24T06:54:00.097+0000] {logging_mixin.py:190} INFO - [2026-03-24T06:54:00.097+0000] {dag.py:3239} INFO - Sync 1 DAGs
[2026-03-24T06:54:00.117+0000] {logging_mixin.py:190} INFO - [2026-03-24T06:54:00.116+0000] {dag.py:4180} INFO - Setting next_dagrun for tutorial to 2026-03-23 00:00:00+00:00, run_after=2026-03-24 00:00:00+00:00
[2026-03-24T06:54:00.139+0000] {processor.py:208} INFO - Processing /home/ec2-user/environment/lab4_model_training/venv/lib64/python3.12/site-packages/airflow/example_dags/tutorial.py took 0.077 seconds
[2026-03-24T06:55:08.701+0000] {processor.py:186} INFO - Started process (PID=13929) to work on /home/ec2-user/environment/lab4_model_training/venv/lib64/python3.12/site-packages/airflow/example_dags/tutorial.py
[2026-03-24T06:55:08.703+0000] {processor.py:914} INFO - Processing file /home/ec2-user/environment/lab4_model_training/venv/lib64/python3.12/site-packages/airflow/example_dags/tutorial.py for tasks to queue
[2026-03-24T06:55:08.704+0000] {logging_mixin.py:190} INFO - [2026-03-24T06:55:08.704+0000] {dagbag.py:588} INFO - Filling up the DagBag from /home/ec2-user/environment/lab4_model_training/venv/lib64/python3.12/site-packages/airflow/example_dags/tutorial.py
[2026-03-24T06:55:08.716+0000] {processor.py:925} INFO - DAG(s) 'tutorial' retrieved from /home/ec2-user/environment/lab4_model_training/venv/lib64/python3.12/site-packages/airflow/example_dags/tutorial.py
[2026-03-24T06:55:08.734+0000] {logging_mixin.py:190} INFO - [2026-03-24T06:55:08.734+0000] {dag.py:3239} INFO - Sync 1 DAGs
[2026-03-24T06:55:08.754+0000] {logging_mixin.py:190} INFO - [2026-03-24T06:55:08.754+0000] {dag.py:4180} INFO - Setting next_dagrun for tutorial to 2026-03-23 00:00:00+00:00, run_after=2026-03-24 00:00:00+00:00
[2026-03-24T06:55:08.776+0000] {processor.py:208} INFO - Processing /home/ec2-user/environment/lab4_model_training/venv/lib64/python3.12/site-packages/airflow/example_dags/tutorial.py took 0.080 seconds
[2026-03-24T06:56:30.612+0000] {processor.py:186} INFO - Started process (PID=14300) to work on /home/ec2-user/environment/lab4_model_training/venv/lib64/python3.12/site-packages/airflow/example_dags/tutorial.py
[2026-03-24T06:56:30.614+0000] {processor.py:914} INFO - Processing file /home/ec2-user/environment/lab4_model_training/venv/lib64/python3.12/site-packages/airflow/example_dags/tutorial.py for tasks to queue
[2026-03-24T06:56:30.615+0000] {logging_mixin.py:190} INFO - [2026-03-24T06:56:30.614+0000] {dagbag.py:588} INFO - Filling up the DagBag from /home/ec2-user/environment/lab4_model_training/venv/lib64/python3.12/site-packages/airflow/example_dags/tutorial.py
[2026-03-24T06:56:30.625+0000] {processor.py:925} INFO - DAG(s) 'tutorial' retrieved from /home/ec2-user/environment/lab4_model_training/venv/lib64/python3.12/site-packages/airflow/example_dags/tutorial.py
[2026-03-24T06:56:30.642+0000] {logging_mixin.py:190} INFO - [2026-03-24T06:56:30.642+0000] {dag.py:3239} INFO - Sync 1 DAGs
[2026-03-24T06:56:30.662+0000] {logging_mixin.py:190} INFO - [2026-03-24T06:56:30.661+0000] {dag.py:4180} INFO - Setting next_dagrun for tutorial to 2026-03-23 00:00:00+00:00, run_after=2026-03-24 00:00:00+00:00
[2026-03-24T06:56:30.685+0000] {processor.py:208} INFO - Processing /home/ec2-user/environment/lab4_model_training/venv/lib64/python3.12/site-packages/airflow/example_dags/tutorial.py took 0.078 seconds
[2026-03-24T06:57:50.996+0000] {processor.py:186} INFO - Started process (PID=14668) to work on /home/ec2-user/environment/lab4_model_training/venv/lib64/python3.12/site-packages/airflow/example_dags/tutorial.py
[2026-03-24T06:57:50.997+0000] {processor.py:914} INFO - Processing file /home/ec2-user/environment/lab4_model_training/venv/lib64/python3.12/site-packages/airflow/example_dags/tutorial.py for tasks to queue
[2026-03-24T06:57:50.998+0000] {logging_mixin.py:190} INFO - [2026-03-24T06:57:50.998+0000] {dagbag.py:588} INFO - Filling up the DagBag from /home/ec2-user/environment/lab4_model_training/venv/lib64/python3.12/site-packages/airflow/example_dags/tutorial.py
[2026-03-24T06:57:51.008+0000] {processor.py:925} INFO - DAG(s) 'tutorial' retrieved from /home/ec2-user/environment/lab4_model_training/venv/lib64/python3.12/site-packages/airflow/example_dags/tutorial.py
[2026-03-24T06:57:51.022+0000] {logging_mixin.py:190} INFO - [2026-03-24T06:57:51.022+0000] {dag.py:3239} INFO - Sync 1 DAGs
[2026-03-24T06:57:51.041+0000] {logging_mixin.py:190} INFO - [2026-03-24T06:57:51.041+0000] {dag.py:4180} INFO - Setting next_dagrun for tutorial to 2026-03-23 00:00:00+00:00, run_after=2026-03-24 00:00:00+00:00
[2026-03-24T06:57:51.062+0000] {processor.py:208} INFO - Processing /home/ec2-user/environment/lab4_model_training/venv/lib64/python3.12/site-packages/airflow/example_dags/tutorial.py took 0.070 seconds
[2026-03-24T06:58:53.975+0000] {processor.py:186} INFO - Started process (PID=14925) to work on /home/ec2-user/environment/lab4_model_training/venv/lib64/python3.12/site-packages/airflow/example_dags/tutorial.py
[2026-03-24T06:58:53.977+0000] {processor.py:914} INFO - Processing file /home/ec2-user/environment/lab4_model_training/venv/lib64/python3.12/site-packages/airflow/example_dags/tutorial.py for tasks to queue
[2026-03-24T06:58:53.978+0000] {logging_mixin.py:190} INFO - [2026-03-24T06:58:53.977+0000] {dagbag.py:588} INFO - Filling up the DagBag from /home/ec2-user/environment/lab4_model_training/venv/lib64/python3.12/site-packages/airflow/example_dags/tutorial.py
[2026-03-24T06:58:53.988+0000] {processor.py:925} INFO - DAG(s) 'tutorial' retrieved from /home/ec2-user/environment/lab4_model_training/venv/lib64/python3.12/site-packages/airflow/example_dags/tutorial.py
[2026-03-24T06:58:54.005+0000] {logging_mixin.py:190} INFO - [2026-03-24T06:58:54.005+0000] {dag.py:3239} INFO - Sync 1 DAGs
[2026-03-24T06:58:54.024+0000] {logging_mixin.py:190} INFO - [2026-03-24T06:58:54.024+0000] {dag.py:4180} INFO - Setting next_dagrun for tutorial to 2026-03-23 00:00:00+00:00, run_after=2026-03-24 00:00:00+00:00
[2026-03-24T06:58:54.045+0000] {processor.py:208} INFO - Processing /home/ec2-user/environment/lab4_model_training/venv/lib64/python3.12/site-packages/airflow/example_dags/tutorial.py took 0.074 seconds
[2026-03-24T07:00:20.848+0000] {processor.py:186} INFO - Started process (PID=15339) to work on /home/ec2-user/environment/lab4_model_training/venv/lib64/python3.12/site-packages/airflow/example_dags/tutorial.py
[2026-03-24T07:00:20.849+0000] {processor.py:914} INFO - Processing file /home/ec2-user/environment/lab4_model_training/venv/lib64/python3.12/site-packages/airflow/example_dags/tutorial.py for tasks to queue
[2026-03-24T07:00:20.850+0000] {logging_mixin.py:190} INFO - [2026-03-24T07:00:20.850+0000] {dagbag.py:588} INFO - Filling up the DagBag from /home/ec2-user/environment/lab4_model_training/venv/lib64/python3.12/site-packages/airflow/example_dags/tutorial.py
[2026-03-24T07:00:20.860+0000] {processor.py:925} INFO - DAG(s) 'tutorial' retrieved from /home/ec2-user/environment/lab4_model_training/venv/lib64/python3.12/site-packages/airflow/example_dags/tutorial.py
[2026-03-24T07:00:20.875+0000] {logging_mixin.py:190} INFO - [2026-03-24T07:00:20.874+0000] {dag.py:3239} INFO - Sync 1 DAGs
[2026-03-24T07:00:20.894+0000] {logging_mixin.py:190} INFO - [2026-03-24T07:00:20.893+0000] {dag.py:4180} INFO - Setting next_dagrun for tutorial to 2026-03-23 00:00:00+00:00, run_after=2026-03-24 00:00:00+00:00
[2026-03-24T07:00:20.916+0000] {processor.py:208} INFO - Processing /home/ec2-user/environment/lab4_model_training/venv/lib64/python3.12/site-packages/airflow/example_dags/tutorial.py took 0.073 seconds
