[2026-03-12T01:04:40.771+0000] {local_task_job_runner.py:123} INFO - ::group::Pre task execution logs
[2026-03-12T01:04:40.779+0000] {taskinstance.py:2612} INFO - Dependencies all met for dep_context=non-requeueable deps ti=<TaskInstance: train_model_only.train_model manual__2026-03-12T01:04:36.401058+00:00 [queued]>
[2026-03-12T01:04:40.784+0000] {taskinstance.py:2612} INFO - Dependencies all met for dep_context=requeueable deps ti=<TaskInstance: train_model_only.train_model manual__2026-03-12T01:04:36.401058+00:00 [queued]>
[2026-03-12T01:04:40.784+0000] {taskinstance.py:2865} INFO - Starting attempt 1 of 2
[2026-03-12T01:04:40.797+0000] {taskinstance.py:2888} INFO - Executing <Task(PythonOperator): train_model> on 2026-03-12 01:04:36.401058+00:00
[2026-03-12T01:04:40.802+0000] {standard_task_runner.py:72} INFO - Started process 14486 to run task
[2026-03-12T01:04:40.806+0000] {standard_task_runner.py:104} INFO - Running: ['airflow', 'tasks', 'run', 'train_model_only', 'train_model', 'manual__2026-03-12T01:04:36.401058+00:00', '--job-id', '9', '--raw', '--subdir', 'DAGS_FOLDER/train_model_dag.py', '--cfg-path', '/tmp/tmpdt3crwyd']
[2026-03-12T01:04:40.806+0000] {standard_task_runner.py:105} INFO - Job 9: Subtask train_model
[2026-03-12T01:04:40.836+0000] {task_command.py:467} INFO - Running <TaskInstance: train_model_only.train_model manual__2026-03-12T01:04:36.401058+00:00 [running]> on host ip-172-31-67-97.ec2.internal
[2026-03-12T01:04:40.885+0000] {taskinstance.py:3131} INFO - Exporting env vars: AIRFLOW_CTX_DAG_OWNER='airflow' AIRFLOW_CTX_DAG_ID='train_model_only' AIRFLOW_CTX_TASK_ID='train_model' AIRFLOW_CTX_EXECUTION_DATE='2026-03-12T01:04:36.401058+00:00' AIRFLOW_CTX_TRY_NUMBER='1' AIRFLOW_CTX_DAG_RUN_ID='manual__2026-03-12T01:04:36.401058+00:00'
[2026-03-12T01:04:40.886+0000] {logging_mixin.py:190} INFO - Task instance is in running state
[2026-03-12T01:04:40.886+0000] {logging_mixin.py:190} INFO -  Previous state of the Task instance: queued
[2026-03-12T01:04:40.886+0000] {logging_mixin.py:190} INFO - Current task name:train_model state:running start_date:2026-03-12 01:04:40.779916+00:00
[2026-03-12T01:04:40.886+0000] {logging_mixin.py:190} INFO - Dag name:train_model_only and current dag run status:running
[2026-03-12T01:04:40.886+0000] {taskinstance.py:731} INFO - ::endgroup::
[2026-03-12T01:04:40.921+0000] {logging_mixin.py:190} INFO - [ml_pipeline.model] Model accuracy: 1.0000
[2026-03-12T01:04:40.924+0000] {logging_mixin.py:190} INFO - [ml_pipeline.model] Saved model to models/iris_model.pkl
[2026-03-12T01:04:40.924+0000] {python.py:240} INFO - Done. Returned value was: 1.0
[2026-03-12T01:04:40.950+0000] {taskinstance.py:340} INFO - ::group::Post task execution logs
[2026-03-12T01:04:40.950+0000] {taskinstance.py:352} INFO - Marking task as SUCCESS. dag_id=train_model_only, task_id=train_model, run_id=manual__2026-03-12T01:04:36.401058+00:00, execution_date=20260312T010436, start_date=20260312T010440, end_date=20260312T010440
[2026-03-12T01:04:40.970+0000] {logging_mixin.py:190} INFO - Task instance in success state
[2026-03-12T01:04:40.970+0000] {logging_mixin.py:190} INFO -  Previous state of the Task instance: running
[2026-03-12T01:04:40.970+0000] {logging_mixin.py:190} INFO - Dag name:train_model_only queued_at:2026-03-12 01:04:36.416054+00:00
[2026-03-12T01:04:40.971+0000] {logging_mixin.py:190} INFO - Task hostname:ip-172-31-67-97.ec2.internal operator:PythonOperator
[2026-03-12T01:04:40.978+0000] {local_task_job_runner.py:266} INFO - Task exited with return code 0
[2026-03-12T01:04:40.988+0000] {taskinstance.py:3900} INFO - 0 downstream tasks scheduled from follow-on schedule check
[2026-03-12T01:04:40.989+0000] {local_task_job_runner.py:245} INFO - ::endgroup::
