[2026-03-12T00:34:51.878+0000] {processor.py:186} INFO - Started process (PID=6677) to work on /home/ec2-user/environment/lab4_model_training/venv/lib64/python3.12/site-packages/airflow/example_dags/example_task_group_decorator.py
[2026-03-12T00:34:51.879+0000] {processor.py:914} INFO - Processing file /home/ec2-user/environment/lab4_model_training/venv/lib64/python3.12/site-packages/airflow/example_dags/example_task_group_decorator.py for tasks to queue
[2026-03-12T00:34:51.881+0000] {logging_mixin.py:190} INFO - [2026-03-12T00:34:51.881+0000] {dagbag.py:588} INFO - Filling up the DagBag from /home/ec2-user/environment/lab4_model_training/venv/lib64/python3.12/site-packages/airflow/example_dags/example_task_group_decorator.py
[2026-03-12T00:34:51.903+0000] {processor.py:925} INFO - DAG(s) 'example_task_group_decorator' retrieved from /home/ec2-user/environment/lab4_model_training/venv/lib64/python3.12/site-packages/airflow/example_dags/example_task_group_decorator.py
[2026-03-12T00:34:52.000+0000] {logging_mixin.py:190} INFO - [2026-03-12T00:34:51.999+0000] {override.py:1930} INFO - Created Permission View: can delete on DAG:example_task_group_decorator
[2026-03-12T00:34:52.014+0000] {logging_mixin.py:190} INFO - [2026-03-12T00:34:52.014+0000] {override.py:1930} INFO - Created Permission View: can edit on DAG:example_task_group_decorator
[2026-03-12T00:34:52.026+0000] {logging_mixin.py:190} INFO - [2026-03-12T00:34:52.025+0000] {override.py:1930} INFO - Created Permission View: can read on DAG:example_task_group_decorator
[2026-03-12T00:34:52.042+0000] {logging_mixin.py:190} INFO - [2026-03-12T00:34:52.042+0000] {override.py:1930} INFO - Created Permission View: menu access on DAG Run:example_task_group_decorator
[2026-03-12T00:34:52.053+0000] {logging_mixin.py:190} INFO - [2026-03-12T00:34:52.053+0000] {override.py:1930} INFO - Created Permission View: can create on DAG Run:example_task_group_decorator
[2026-03-12T00:34:52.064+0000] {logging_mixin.py:190} INFO - [2026-03-12T00:34:52.064+0000] {override.py:1930} INFO - Created Permission View: can delete on DAG Run:example_task_group_decorator
[2026-03-12T00:34:52.075+0000] {logging_mixin.py:190} INFO - [2026-03-12T00:34:52.075+0000] {override.py:1930} INFO - Created Permission View: can read on DAG Run:example_task_group_decorator
[2026-03-12T00:34:52.076+0000] {logging_mixin.py:190} INFO - [2026-03-12T00:34:52.075+0000] {dag.py:3239} INFO - Sync 1 DAGs
[2026-03-12T00:34:52.094+0000] {logging_mixin.py:190} INFO - [2026-03-12T00:34:52.094+0000] {dag.py:3262} INFO - Creating ORM DAG for example_task_group_decorator
[2026-03-12T00:34:52.095+0000] {logging_mixin.py:190} INFO - [2026-03-12T00:34:52.095+0000] {dag.py:4180} INFO - Setting next_dagrun for example_task_group_decorator to None, run_after=None
[2026-03-12T00:34:52.118+0000] {processor.py:208} INFO - Processing /home/ec2-user/environment/lab4_model_training/venv/lib64/python3.12/site-packages/airflow/example_dags/example_task_group_decorator.py took 0.247 seconds
[2026-03-12T00:35:40.508+0000] {processor.py:186} INFO - Started process (PID=6868) to work on /home/ec2-user/environment/lab4_model_training/venv/lib64/python3.12/site-packages/airflow/example_dags/example_task_group_decorator.py
[2026-03-12T00:35:40.509+0000] {processor.py:914} INFO - Processing file /home/ec2-user/environment/lab4_model_training/venv/lib64/python3.12/site-packages/airflow/example_dags/example_task_group_decorator.py for tasks to queue
[2026-03-12T00:35:40.512+0000] {logging_mixin.py:190} INFO - [2026-03-12T00:35:40.511+0000] {dagbag.py:588} INFO - Filling up the DagBag from /home/ec2-user/environment/lab4_model_training/venv/lib64/python3.12/site-packages/airflow/example_dags/example_task_group_decorator.py
[2026-03-12T00:35:40.534+0000] {processor.py:925} INFO - DAG(s) 'example_task_group_decorator' retrieved from /home/ec2-user/environment/lab4_model_training/venv/lib64/python3.12/site-packages/airflow/example_dags/example_task_group_decorator.py
[2026-03-12T00:35:40.556+0000] {logging_mixin.py:190} INFO - [2026-03-12T00:35:40.556+0000] {dag.py:3239} INFO - Sync 1 DAGs
[2026-03-12T00:35:40.569+0000] {logging_mixin.py:190} INFO - [2026-03-12T00:35:40.569+0000] {dag.py:4180} INFO - Setting next_dagrun for example_task_group_decorator to None, run_after=None
[2026-03-12T00:35:40.589+0000] {processor.py:208} INFO - Processing /home/ec2-user/environment/lab4_model_training/venv/lib64/python3.12/site-packages/airflow/example_dags/example_task_group_decorator.py took 0.086 seconds
[2026-03-12T00:36:46.612+0000] {processor.py:186} INFO - Started process (PID=7205) to work on /home/ec2-user/environment/lab4_model_training/venv/lib64/python3.12/site-packages/airflow/example_dags/example_task_group_decorator.py
[2026-03-12T00:36:46.613+0000] {processor.py:914} INFO - Processing file /home/ec2-user/environment/lab4_model_training/venv/lib64/python3.12/site-packages/airflow/example_dags/example_task_group_decorator.py for tasks to queue
[2026-03-12T00:36:46.616+0000] {logging_mixin.py:190} INFO - [2026-03-12T00:36:46.615+0000] {dagbag.py:588} INFO - Filling up the DagBag from /home/ec2-user/environment/lab4_model_training/venv/lib64/python3.12/site-packages/airflow/example_dags/example_task_group_decorator.py
[2026-03-12T00:36:46.639+0000] {processor.py:925} INFO - DAG(s) 'example_task_group_decorator' retrieved from /home/ec2-user/environment/lab4_model_training/venv/lib64/python3.12/site-packages/airflow/example_dags/example_task_group_decorator.py
[2026-03-12T00:36:46.662+0000] {logging_mixin.py:190} INFO - [2026-03-12T00:36:46.662+0000] {dag.py:3239} INFO - Sync 1 DAGs
[2026-03-12T00:36:46.677+0000] {logging_mixin.py:190} INFO - [2026-03-12T00:36:46.677+0000] {dag.py:4180} INFO - Setting next_dagrun for example_task_group_decorator to None, run_after=None
[2026-03-12T00:36:46.699+0000] {processor.py:208} INFO - Processing /home/ec2-user/environment/lab4_model_training/venv/lib64/python3.12/site-packages/airflow/example_dags/example_task_group_decorator.py took 0.092 seconds
[2026-03-12T00:38:17.054+0000] {processor.py:186} INFO - Started process (PID=7507) to work on /home/ec2-user/environment/lab4_model_training/venv/lib64/python3.12/site-packages/airflow/example_dags/example_task_group_decorator.py
[2026-03-12T00:38:17.056+0000] {processor.py:914} INFO - Processing file /home/ec2-user/environment/lab4_model_training/venv/lib64/python3.12/site-packages/airflow/example_dags/example_task_group_decorator.py for tasks to queue
[2026-03-12T00:38:17.058+0000] {logging_mixin.py:190} INFO - [2026-03-12T00:38:17.057+0000] {dagbag.py:588} INFO - Filling up the DagBag from /home/ec2-user/environment/lab4_model_training/venv/lib64/python3.12/site-packages/airflow/example_dags/example_task_group_decorator.py
[2026-03-12T00:38:17.078+0000] {processor.py:925} INFO - DAG(s) 'example_task_group_decorator' retrieved from /home/ec2-user/environment/lab4_model_training/venv/lib64/python3.12/site-packages/airflow/example_dags/example_task_group_decorator.py
[2026-03-12T00:38:17.108+0000] {logging_mixin.py:190} INFO - [2026-03-12T00:38:17.107+0000] {dag.py:3239} INFO - Sync 1 DAGs
[2026-03-12T00:38:17.123+0000] {logging_mixin.py:190} INFO - [2026-03-12T00:38:17.123+0000] {dag.py:4180} INFO - Setting next_dagrun for example_task_group_decorator to None, run_after=None
[2026-03-12T00:38:17.147+0000] {processor.py:208} INFO - Processing /home/ec2-user/environment/lab4_model_training/venv/lib64/python3.12/site-packages/airflow/example_dags/example_task_group_decorator.py took 0.098 seconds
[2026-03-12T00:39:13.334+0000] {processor.py:186} INFO - Started process (PID=7741) to work on /home/ec2-user/environment/lab4_model_training/venv/lib64/python3.12/site-packages/airflow/example_dags/example_task_group_decorator.py
[2026-03-12T00:39:13.335+0000] {processor.py:914} INFO - Processing file /home/ec2-user/environment/lab4_model_training/venv/lib64/python3.12/site-packages/airflow/example_dags/example_task_group_decorator.py for tasks to queue
[2026-03-12T00:39:13.337+0000] {logging_mixin.py:190} INFO - [2026-03-12T00:39:13.337+0000] {dagbag.py:588} INFO - Filling up the DagBag from /home/ec2-user/environment/lab4_model_training/venv/lib64/python3.12/site-packages/airflow/example_dags/example_task_group_decorator.py
[2026-03-12T00:39:13.358+0000] {processor.py:925} INFO - DAG(s) 'example_task_group_decorator' retrieved from /home/ec2-user/environment/lab4_model_training/venv/lib64/python3.12/site-packages/airflow/example_dags/example_task_group_decorator.py
[2026-03-12T00:39:13.386+0000] {logging_mixin.py:190} INFO - [2026-03-12T00:39:13.386+0000] {dag.py:3239} INFO - Sync 1 DAGs
[2026-03-12T00:39:13.402+0000] {logging_mixin.py:190} INFO - [2026-03-12T00:39:13.402+0000] {dag.py:4180} INFO - Setting next_dagrun for example_task_group_decorator to None, run_after=None
[2026-03-12T00:39:13.425+0000] {processor.py:208} INFO - Processing /home/ec2-user/environment/lab4_model_training/venv/lib64/python3.12/site-packages/airflow/example_dags/example_task_group_decorator.py took 0.096 seconds
[2026-03-12T00:40:19.263+0000] {processor.py:186} INFO - Started process (PID=8038) to work on /home/ec2-user/environment/lab4_model_training/venv/lib64/python3.12/site-packages/airflow/example_dags/example_task_group_decorator.py
[2026-03-12T00:40:19.264+0000] {processor.py:914} INFO - Processing file /home/ec2-user/environment/lab4_model_training/venv/lib64/python3.12/site-packages/airflow/example_dags/example_task_group_decorator.py for tasks to queue
[2026-03-12T00:40:19.266+0000] {logging_mixin.py:190} INFO - [2026-03-12T00:40:19.266+0000] {dagbag.py:588} INFO - Filling up the DagBag from /home/ec2-user/environment/lab4_model_training/venv/lib64/python3.12/site-packages/airflow/example_dags/example_task_group_decorator.py
[2026-03-12T00:40:19.286+0000] {processor.py:925} INFO - DAG(s) 'example_task_group_decorator' retrieved from /home/ec2-user/environment/lab4_model_training/venv/lib64/python3.12/site-packages/airflow/example_dags/example_task_group_decorator.py
[2026-03-12T00:40:19.314+0000] {logging_mixin.py:190} INFO - [2026-03-12T00:40:19.314+0000] {dag.py:3239} INFO - Sync 1 DAGs
[2026-03-12T00:40:19.329+0000] {logging_mixin.py:190} INFO - [2026-03-12T00:40:19.328+0000] {dag.py:4180} INFO - Setting next_dagrun for example_task_group_decorator to None, run_after=None
[2026-03-12T00:40:19.351+0000] {processor.py:208} INFO - Processing /home/ec2-user/environment/lab4_model_training/venv/lib64/python3.12/site-packages/airflow/example_dags/example_task_group_decorator.py took 0.093 seconds
[2026-03-12T00:41:18.895+0000] {processor.py:186} INFO - Started process (PID=8322) to work on /home/ec2-user/environment/lab4_model_training/venv/lib64/python3.12/site-packages/airflow/example_dags/example_task_group_decorator.py
[2026-03-12T00:41:18.896+0000] {processor.py:914} INFO - Processing file /home/ec2-user/environment/lab4_model_training/venv/lib64/python3.12/site-packages/airflow/example_dags/example_task_group_decorator.py for tasks to queue
[2026-03-12T00:41:18.898+0000] {logging_mixin.py:190} INFO - [2026-03-12T00:41:18.897+0000] {dagbag.py:588} INFO - Filling up the DagBag from /home/ec2-user/environment/lab4_model_training/venv/lib64/python3.12/site-packages/airflow/example_dags/example_task_group_decorator.py
[2026-03-12T00:41:18.917+0000] {processor.py:925} INFO - DAG(s) 'example_task_group_decorator' retrieved from /home/ec2-user/environment/lab4_model_training/venv/lib64/python3.12/site-packages/airflow/example_dags/example_task_group_decorator.py
[2026-03-12T00:41:18.945+0000] {logging_mixin.py:190} INFO - [2026-03-12T00:41:18.944+0000] {dag.py:3239} INFO - Sync 1 DAGs
[2026-03-12T00:41:18.959+0000] {logging_mixin.py:190} INFO - [2026-03-12T00:41:18.959+0000] {dag.py:4180} INFO - Setting next_dagrun for example_task_group_decorator to None, run_after=None
[2026-03-12T00:41:18.981+0000] {processor.py:208} INFO - Processing /home/ec2-user/environment/lab4_model_training/venv/lib64/python3.12/site-packages/airflow/example_dags/example_task_group_decorator.py took 0.092 seconds
[2026-03-12T00:42:23.012+0000] {processor.py:186} INFO - Started process (PID=8571) to work on /home/ec2-user/environment/lab4_model_training/venv/lib64/python3.12/site-packages/airflow/example_dags/example_task_group_decorator.py
[2026-03-12T00:42:23.014+0000] {processor.py:914} INFO - Processing file /home/ec2-user/environment/lab4_model_training/venv/lib64/python3.12/site-packages/airflow/example_dags/example_task_group_decorator.py for tasks to queue
[2026-03-12T00:42:23.016+0000] {logging_mixin.py:190} INFO - [2026-03-12T00:42:23.016+0000] {dagbag.py:588} INFO - Filling up the DagBag from /home/ec2-user/environment/lab4_model_training/venv/lib64/python3.12/site-packages/airflow/example_dags/example_task_group_decorator.py
[2026-03-12T00:42:23.037+0000] {processor.py:925} INFO - DAG(s) 'example_task_group_decorator' retrieved from /home/ec2-user/environment/lab4_model_training/venv/lib64/python3.12/site-packages/airflow/example_dags/example_task_group_decorator.py
[2026-03-12T00:42:23.062+0000] {logging_mixin.py:190} INFO - [2026-03-12T00:42:23.062+0000] {dag.py:3239} INFO - Sync 1 DAGs
[2026-03-12T00:42:23.076+0000] {logging_mixin.py:190} INFO - [2026-03-12T00:42:23.076+0000] {dag.py:4180} INFO - Setting next_dagrun for example_task_group_decorator to None, run_after=None
[2026-03-12T00:42:23.098+0000] {processor.py:208} INFO - Processing /home/ec2-user/environment/lab4_model_training/venv/lib64/python3.12/site-packages/airflow/example_dags/example_task_group_decorator.py took 0.090 seconds
[2026-03-12T00:43:20.909+0000] {processor.py:186} INFO - Started process (PID=8852) to work on /home/ec2-user/environment/lab4_model_training/venv/lib64/python3.12/site-packages/airflow/example_dags/example_task_group_decorator.py
[2026-03-12T00:43:20.910+0000] {processor.py:914} INFO - Processing file /home/ec2-user/environment/lab4_model_training/venv/lib64/python3.12/site-packages/airflow/example_dags/example_task_group_decorator.py for tasks to queue
[2026-03-12T00:43:20.913+0000] {logging_mixin.py:190} INFO - [2026-03-12T00:43:20.913+0000] {dagbag.py:588} INFO - Filling up the DagBag from /home/ec2-user/environment/lab4_model_training/venv/lib64/python3.12/site-packages/airflow/example_dags/example_task_group_decorator.py
[2026-03-12T00:43:20.934+0000] {processor.py:925} INFO - DAG(s) 'example_task_group_decorator' retrieved from /home/ec2-user/environment/lab4_model_training/venv/lib64/python3.12/site-packages/airflow/example_dags/example_task_group_decorator.py
[2026-03-12T00:43:20.957+0000] {logging_mixin.py:190} INFO - [2026-03-12T00:43:20.957+0000] {dag.py:3239} INFO - Sync 1 DAGs
[2026-03-12T00:43:20.972+0000] {logging_mixin.py:190} INFO - [2026-03-12T00:43:20.972+0000] {dag.py:4180} INFO - Setting next_dagrun for example_task_group_decorator to None, run_after=None
[2026-03-12T00:43:20.995+0000] {processor.py:208} INFO - Processing /home/ec2-user/environment/lab4_model_training/venv/lib64/python3.12/site-packages/airflow/example_dags/example_task_group_decorator.py took 0.091 seconds
[2026-03-12T00:44:26.327+0000] {processor.py:186} INFO - Started process (PID=9181) to work on /home/ec2-user/environment/lab4_model_training/venv/lib64/python3.12/site-packages/airflow/example_dags/example_task_group_decorator.py
[2026-03-12T00:44:26.328+0000] {processor.py:914} INFO - Processing file /home/ec2-user/environment/lab4_model_training/venv/lib64/python3.12/site-packages/airflow/example_dags/example_task_group_decorator.py for tasks to queue
[2026-03-12T00:44:26.330+0000] {logging_mixin.py:190} INFO - [2026-03-12T00:44:26.330+0000] {dagbag.py:588} INFO - Filling up the DagBag from /home/ec2-user/environment/lab4_model_training/venv/lib64/python3.12/site-packages/airflow/example_dags/example_task_group_decorator.py
[2026-03-12T00:44:26.350+0000] {processor.py:925} INFO - DAG(s) 'example_task_group_decorator' retrieved from /home/ec2-user/environment/lab4_model_training/venv/lib64/python3.12/site-packages/airflow/example_dags/example_task_group_decorator.py
[2026-03-12T00:44:26.378+0000] {logging_mixin.py:190} INFO - [2026-03-12T00:44:26.378+0000] {dag.py:3239} INFO - Sync 1 DAGs
[2026-03-12T00:44:26.393+0000] {logging_mixin.py:190} INFO - [2026-03-12T00:44:26.392+0000] {dag.py:4180} INFO - Setting next_dagrun for example_task_group_decorator to None, run_after=None
[2026-03-12T00:44:26.414+0000] {processor.py:208} INFO - Processing /home/ec2-user/environment/lab4_model_training/venv/lib64/python3.12/site-packages/airflow/example_dags/example_task_group_decorator.py took 0.092 seconds
[2026-03-12T00:46:13.946+0000] {processor.py:186} INFO - Started process (PID=9642) to work on /home/ec2-user/environment/lab4_model_training/venv/lib64/python3.12/site-packages/airflow/example_dags/example_task_group_decorator.py
[2026-03-12T00:46:13.947+0000] {processor.py:914} INFO - Processing file /home/ec2-user/environment/lab4_model_training/venv/lib64/python3.12/site-packages/airflow/example_dags/example_task_group_decorator.py for tasks to queue
[2026-03-12T00:46:13.950+0000] {logging_mixin.py:190} INFO - [2026-03-12T00:46:13.950+0000] {dagbag.py:588} INFO - Filling up the DagBag from /home/ec2-user/environment/lab4_model_training/venv/lib64/python3.12/site-packages/airflow/example_dags/example_task_group_decorator.py
[2026-03-12T00:46:13.972+0000] {processor.py:925} INFO - DAG(s) 'example_task_group_decorator' retrieved from /home/ec2-user/environment/lab4_model_training/venv/lib64/python3.12/site-packages/airflow/example_dags/example_task_group_decorator.py
[2026-03-12T00:46:14.001+0000] {logging_mixin.py:190} INFO - [2026-03-12T00:46:14.001+0000] {dag.py:3239} INFO - Sync 1 DAGs
[2026-03-12T00:46:14.016+0000] {logging_mixin.py:190} INFO - [2026-03-12T00:46:14.016+0000] {dag.py:4180} INFO - Setting next_dagrun for example_task_group_decorator to None, run_after=None
[2026-03-12T00:46:14.039+0000] {processor.py:208} INFO - Processing /home/ec2-user/environment/lab4_model_training/venv/lib64/python3.12/site-packages/airflow/example_dags/example_task_group_decorator.py took 0.098 seconds
[2026-03-12T00:47:56.236+0000] {processor.py:186} INFO - Started process (PID=10091) to work on /home/ec2-user/environment/lab4_model_training/venv/lib64/python3.12/site-packages/airflow/example_dags/example_task_group_decorator.py
[2026-03-12T00:47:56.237+0000] {processor.py:914} INFO - Processing file /home/ec2-user/environment/lab4_model_training/venv/lib64/python3.12/site-packages/airflow/example_dags/example_task_group_decorator.py for tasks to queue
[2026-03-12T00:47:56.239+0000] {logging_mixin.py:190} INFO - [2026-03-12T00:47:56.239+0000] {dagbag.py:588} INFO - Filling up the DagBag from /home/ec2-user/environment/lab4_model_training/venv/lib64/python3.12/site-packages/airflow/example_dags/example_task_group_decorator.py
[2026-03-12T00:47:56.259+0000] {processor.py:925} INFO - DAG(s) 'example_task_group_decorator' retrieved from /home/ec2-user/environment/lab4_model_training/venv/lib64/python3.12/site-packages/airflow/example_dags/example_task_group_decorator.py
[2026-03-12T00:47:56.288+0000] {logging_mixin.py:190} INFO - [2026-03-12T00:47:56.288+0000] {dag.py:3239} INFO - Sync 1 DAGs
[2026-03-12T00:47:56.302+0000] {logging_mixin.py:190} INFO - [2026-03-12T00:47:56.302+0000] {dag.py:4180} INFO - Setting next_dagrun for example_task_group_decorator to None, run_after=None
[2026-03-12T00:47:56.324+0000] {processor.py:208} INFO - Processing /home/ec2-user/environment/lab4_model_training/venv/lib64/python3.12/site-packages/airflow/example_dags/example_task_group_decorator.py took 0.093 seconds
[2026-03-12T00:49:04.565+0000] {processor.py:186} INFO - Started process (PID=10358) to work on /home/ec2-user/environment/lab4_model_training/venv/lib64/python3.12/site-packages/airflow/example_dags/example_task_group_decorator.py
[2026-03-12T00:49:04.566+0000] {processor.py:914} INFO - Processing file /home/ec2-user/environment/lab4_model_training/venv/lib64/python3.12/site-packages/airflow/example_dags/example_task_group_decorator.py for tasks to queue
[2026-03-12T00:49:04.568+0000] {logging_mixin.py:190} INFO - [2026-03-12T00:49:04.567+0000] {dagbag.py:588} INFO - Filling up the DagBag from /home/ec2-user/environment/lab4_model_training/venv/lib64/python3.12/site-packages/airflow/example_dags/example_task_group_decorator.py
[2026-03-12T00:49:04.588+0000] {processor.py:925} INFO - DAG(s) 'example_task_group_decorator' retrieved from /home/ec2-user/environment/lab4_model_training/venv/lib64/python3.12/site-packages/airflow/example_dags/example_task_group_decorator.py
[2026-03-12T00:49:04.615+0000] {logging_mixin.py:190} INFO - [2026-03-12T00:49:04.615+0000] {dag.py:3239} INFO - Sync 1 DAGs
[2026-03-12T00:49:04.630+0000] {logging_mixin.py:190} INFO - [2026-03-12T00:49:04.629+0000] {dag.py:4180} INFO - Setting next_dagrun for example_task_group_decorator to None, run_after=None
[2026-03-12T00:49:04.651+0000] {processor.py:208} INFO - Processing /home/ec2-user/environment/lab4_model_training/venv/lib64/python3.12/site-packages/airflow/example_dags/example_task_group_decorator.py took 0.091 seconds
[2026-03-12T00:50:10.206+0000] {processor.py:186} INFO - Started process (PID=10693) to work on /home/ec2-user/environment/lab4_model_training/venv/lib64/python3.12/site-packages/airflow/example_dags/example_task_group_decorator.py
[2026-03-12T00:50:10.207+0000] {processor.py:914} INFO - Processing file /home/ec2-user/environment/lab4_model_training/venv/lib64/python3.12/site-packages/airflow/example_dags/example_task_group_decorator.py for tasks to queue
[2026-03-12T00:50:10.210+0000] {logging_mixin.py:190} INFO - [2026-03-12T00:50:10.210+0000] {dagbag.py:588} INFO - Filling up the DagBag from /home/ec2-user/environment/lab4_model_training/venv/lib64/python3.12/site-packages/airflow/example_dags/example_task_group_decorator.py
[2026-03-12T00:50:10.232+0000] {processor.py:925} INFO - DAG(s) 'example_task_group_decorator' retrieved from /home/ec2-user/environment/lab4_model_training/venv/lib64/python3.12/site-packages/airflow/example_dags/example_task_group_decorator.py
[2026-03-12T00:50:10.259+0000] {logging_mixin.py:190} INFO - [2026-03-12T00:50:10.259+0000] {dag.py:3239} INFO - Sync 1 DAGs
[2026-03-12T00:50:10.274+0000] {logging_mixin.py:190} INFO - [2026-03-12T00:50:10.273+0000] {dag.py:4180} INFO - Setting next_dagrun for example_task_group_decorator to None, run_after=None
[2026-03-12T00:50:10.297+0000] {processor.py:208} INFO - Processing /home/ec2-user/environment/lab4_model_training/venv/lib64/python3.12/site-packages/airflow/example_dags/example_task_group_decorator.py took 0.095 seconds
[2026-03-12T00:51:10.333+0000] {processor.py:186} INFO - Started process (PID=10985) to work on /home/ec2-user/environment/lab4_model_training/venv/lib64/python3.12/site-packages/airflow/example_dags/example_task_group_decorator.py
[2026-03-12T00:51:10.334+0000] {processor.py:914} INFO - Processing file /home/ec2-user/environment/lab4_model_training/venv/lib64/python3.12/site-packages/airflow/example_dags/example_task_group_decorator.py for tasks to queue
[2026-03-12T00:51:10.336+0000] {logging_mixin.py:190} INFO - [2026-03-12T00:51:10.336+0000] {dagbag.py:588} INFO - Filling up the DagBag from /home/ec2-user/environment/lab4_model_training/venv/lib64/python3.12/site-packages/airflow/example_dags/example_task_group_decorator.py
[2026-03-12T00:51:10.356+0000] {processor.py:925} INFO - DAG(s) 'example_task_group_decorator' retrieved from /home/ec2-user/environment/lab4_model_training/venv/lib64/python3.12/site-packages/airflow/example_dags/example_task_group_decorator.py
[2026-03-12T00:51:10.383+0000] {logging_mixin.py:190} INFO - [2026-03-12T00:51:10.382+0000] {dag.py:3239} INFO - Sync 1 DAGs
[2026-03-12T00:51:10.398+0000] {logging_mixin.py:190} INFO - [2026-03-12T00:51:10.398+0000] {dag.py:4180} INFO - Setting next_dagrun for example_task_group_decorator to None, run_after=None
[2026-03-12T00:51:10.420+0000] {processor.py:208} INFO - Processing /home/ec2-user/environment/lab4_model_training/venv/lib64/python3.12/site-packages/airflow/example_dags/example_task_group_decorator.py took 0.091 seconds
[2026-03-12T00:52:11.837+0000] {processor.py:186} INFO - Started process (PID=11248) to work on /home/ec2-user/environment/lab4_model_training/venv/lib64/python3.12/site-packages/airflow/example_dags/example_task_group_decorator.py
[2026-03-12T00:52:11.838+0000] {processor.py:914} INFO - Processing file /home/ec2-user/environment/lab4_model_training/venv/lib64/python3.12/site-packages/airflow/example_dags/example_task_group_decorator.py for tasks to queue
[2026-03-12T00:52:11.840+0000] {logging_mixin.py:190} INFO - [2026-03-12T00:52:11.840+0000] {dagbag.py:588} INFO - Filling up the DagBag from /home/ec2-user/environment/lab4_model_training/venv/lib64/python3.12/site-packages/airflow/example_dags/example_task_group_decorator.py
[2026-03-12T00:52:11.860+0000] {processor.py:925} INFO - DAG(s) 'example_task_group_decorator' retrieved from /home/ec2-user/environment/lab4_model_training/venv/lib64/python3.12/site-packages/airflow/example_dags/example_task_group_decorator.py
[2026-03-12T00:52:11.887+0000] {logging_mixin.py:190} INFO - [2026-03-12T00:52:11.887+0000] {dag.py:3239} INFO - Sync 1 DAGs
[2026-03-12T00:52:11.902+0000] {logging_mixin.py:190} INFO - [2026-03-12T00:52:11.902+0000] {dag.py:4180} INFO - Setting next_dagrun for example_task_group_decorator to None, run_after=None
[2026-03-12T00:52:11.925+0000] {processor.py:208} INFO - Processing /home/ec2-user/environment/lab4_model_training/venv/lib64/python3.12/site-packages/airflow/example_dags/example_task_group_decorator.py took 0.093 seconds
[2026-03-12T00:53:12.340+0000] {processor.py:186} INFO - Started process (PID=11544) to work on /home/ec2-user/environment/lab4_model_training/venv/lib64/python3.12/site-packages/airflow/example_dags/example_task_group_decorator.py
[2026-03-12T00:53:12.341+0000] {processor.py:914} INFO - Processing file /home/ec2-user/environment/lab4_model_training/venv/lib64/python3.12/site-packages/airflow/example_dags/example_task_group_decorator.py for tasks to queue
[2026-03-12T00:53:12.343+0000] {logging_mixin.py:190} INFO - [2026-03-12T00:53:12.343+0000] {dagbag.py:588} INFO - Filling up the DagBag from /home/ec2-user/environment/lab4_model_training/venv/lib64/python3.12/site-packages/airflow/example_dags/example_task_group_decorator.py
[2026-03-12T00:53:12.363+0000] {processor.py:925} INFO - DAG(s) 'example_task_group_decorator' retrieved from /home/ec2-user/environment/lab4_model_training/venv/lib64/python3.12/site-packages/airflow/example_dags/example_task_group_decorator.py
[2026-03-12T00:53:12.392+0000] {logging_mixin.py:190} INFO - [2026-03-12T00:53:12.392+0000] {dag.py:3239} INFO - Sync 1 DAGs
[2026-03-12T00:53:12.408+0000] {logging_mixin.py:190} INFO - [2026-03-12T00:53:12.408+0000] {dag.py:4180} INFO - Setting next_dagrun for example_task_group_decorator to None, run_after=None
[2026-03-12T00:53:12.432+0000] {processor.py:208} INFO - Processing /home/ec2-user/environment/lab4_model_training/venv/lib64/python3.12/site-packages/airflow/example_dags/example_task_group_decorator.py took 0.098 seconds
[2026-03-12T00:54:12.469+0000] {processor.py:186} INFO - Started process (PID=11777) to work on /home/ec2-user/environment/lab4_model_training/venv/lib64/python3.12/site-packages/airflow/example_dags/example_task_group_decorator.py
[2026-03-12T00:54:12.470+0000] {processor.py:914} INFO - Processing file /home/ec2-user/environment/lab4_model_training/venv/lib64/python3.12/site-packages/airflow/example_dags/example_task_group_decorator.py for tasks to queue
[2026-03-12T00:54:12.472+0000] {logging_mixin.py:190} INFO - [2026-03-12T00:54:12.472+0000] {dagbag.py:588} INFO - Filling up the DagBag from /home/ec2-user/environment/lab4_model_training/venv/lib64/python3.12/site-packages/airflow/example_dags/example_task_group_decorator.py
[2026-03-12T00:54:12.492+0000] {processor.py:925} INFO - DAG(s) 'example_task_group_decorator' retrieved from /home/ec2-user/environment/lab4_model_training/venv/lib64/python3.12/site-packages/airflow/example_dags/example_task_group_decorator.py
[2026-03-12T00:54:12.527+0000] {logging_mixin.py:190} INFO - [2026-03-12T00:54:12.526+0000] {dag.py:3239} INFO - Sync 1 DAGs
[2026-03-12T00:54:12.541+0000] {logging_mixin.py:190} INFO - [2026-03-12T00:54:12.541+0000] {dag.py:4180} INFO - Setting next_dagrun for example_task_group_decorator to None, run_after=None
[2026-03-12T00:54:12.563+0000] {processor.py:208} INFO - Processing /home/ec2-user/environment/lab4_model_training/venv/lib64/python3.12/site-packages/airflow/example_dags/example_task_group_decorator.py took 0.100 seconds
[2026-03-12T00:55:11.864+0000] {processor.py:186} INFO - Started process (PID=12040) to work on /home/ec2-user/environment/lab4_model_training/venv/lib64/python3.12/site-packages/airflow/example_dags/example_task_group_decorator.py
[2026-03-12T00:55:11.865+0000] {processor.py:914} INFO - Processing file /home/ec2-user/environment/lab4_model_training/venv/lib64/python3.12/site-packages/airflow/example_dags/example_task_group_decorator.py for tasks to queue
[2026-03-12T00:55:11.868+0000] {logging_mixin.py:190} INFO - [2026-03-12T00:55:11.868+0000] {dagbag.py:588} INFO - Filling up the DagBag from /home/ec2-user/environment/lab4_model_training/venv/lib64/python3.12/site-packages/airflow/example_dags/example_task_group_decorator.py
[2026-03-12T00:55:11.899+0000] {processor.py:925} INFO - DAG(s) 'example_task_group_decorator' retrieved from /home/ec2-user/environment/lab4_model_training/venv/lib64/python3.12/site-packages/airflow/example_dags/example_task_group_decorator.py
[2026-03-12T00:55:11.922+0000] {logging_mixin.py:190} INFO - [2026-03-12T00:55:11.922+0000] {dag.py:3239} INFO - Sync 1 DAGs
[2026-03-12T00:55:11.937+0000] {logging_mixin.py:190} INFO - [2026-03-12T00:55:11.937+0000] {dag.py:4180} INFO - Setting next_dagrun for example_task_group_decorator to None, run_after=None
[2026-03-12T00:55:11.959+0000] {processor.py:208} INFO - Processing /home/ec2-user/environment/lab4_model_training/venv/lib64/python3.12/site-packages/airflow/example_dags/example_task_group_decorator.py took 0.101 seconds
[2026-03-12T00:56:15.007+0000] {processor.py:186} INFO - Started process (PID=12276) to work on /home/ec2-user/environment/lab4_model_training/venv/lib64/python3.12/site-packages/airflow/example_dags/example_task_group_decorator.py
[2026-03-12T00:56:15.008+0000] {processor.py:914} INFO - Processing file /home/ec2-user/environment/lab4_model_training/venv/lib64/python3.12/site-packages/airflow/example_dags/example_task_group_decorator.py for tasks to queue
[2026-03-12T00:56:15.011+0000] {logging_mixin.py:190} INFO - [2026-03-12T00:56:15.010+0000] {dagbag.py:588} INFO - Filling up the DagBag from /home/ec2-user/environment/lab4_model_training/venv/lib64/python3.12/site-packages/airflow/example_dags/example_task_group_decorator.py
[2026-03-12T00:56:15.031+0000] {processor.py:925} INFO - DAG(s) 'example_task_group_decorator' retrieved from /home/ec2-user/environment/lab4_model_training/venv/lib64/python3.12/site-packages/airflow/example_dags/example_task_group_decorator.py
[2026-03-12T00:56:15.056+0000] {logging_mixin.py:190} INFO - [2026-03-12T00:56:15.056+0000] {dag.py:3239} INFO - Sync 1 DAGs
[2026-03-12T00:56:15.070+0000] {logging_mixin.py:190} INFO - [2026-03-12T00:56:15.070+0000] {dag.py:4180} INFO - Setting next_dagrun for example_task_group_decorator to None, run_after=None
[2026-03-12T00:56:15.093+0000] {processor.py:208} INFO - Processing /home/ec2-user/environment/lab4_model_training/venv/lib64/python3.12/site-packages/airflow/example_dags/example_task_group_decorator.py took 0.092 seconds
[2026-03-12T00:57:19.487+0000] {processor.py:186} INFO - Started process (PID=12576) to work on /home/ec2-user/environment/lab4_model_training/venv/lib64/python3.12/site-packages/airflow/example_dags/example_task_group_decorator.py
[2026-03-12T00:57:19.488+0000] {processor.py:914} INFO - Processing file /home/ec2-user/environment/lab4_model_training/venv/lib64/python3.12/site-packages/airflow/example_dags/example_task_group_decorator.py for tasks to queue
[2026-03-12T00:57:19.491+0000] {logging_mixin.py:190} INFO - [2026-03-12T00:57:19.491+0000] {dagbag.py:588} INFO - Filling up the DagBag from /home/ec2-user/environment/lab4_model_training/venv/lib64/python3.12/site-packages/airflow/example_dags/example_task_group_decorator.py
[2026-03-12T00:57:19.511+0000] {processor.py:925} INFO - DAG(s) 'example_task_group_decorator' retrieved from /home/ec2-user/environment/lab4_model_training/venv/lib64/python3.12/site-packages/airflow/example_dags/example_task_group_decorator.py
[2026-03-12T00:57:19.539+0000] {logging_mixin.py:190} INFO - [2026-03-12T00:57:19.539+0000] {dag.py:3239} INFO - Sync 1 DAGs
[2026-03-12T00:57:19.556+0000] {logging_mixin.py:190} INFO - [2026-03-12T00:57:19.556+0000] {dag.py:4180} INFO - Setting next_dagrun for example_task_group_decorator to None, run_after=None
[2026-03-12T00:57:19.580+0000] {processor.py:208} INFO - Processing /home/ec2-user/environment/lab4_model_training/venv/lib64/python3.12/site-packages/airflow/example_dags/example_task_group_decorator.py took 0.098 seconds
[2026-03-12T00:58:21.137+0000] {processor.py:186} INFO - Started process (PID=12815) to work on /home/ec2-user/environment/lab4_model_training/venv/lib64/python3.12/site-packages/airflow/example_dags/example_task_group_decorator.py
[2026-03-12T00:58:21.138+0000] {processor.py:914} INFO - Processing file /home/ec2-user/environment/lab4_model_training/venv/lib64/python3.12/site-packages/airflow/example_dags/example_task_group_decorator.py for tasks to queue
[2026-03-12T00:58:21.140+0000] {logging_mixin.py:190} INFO - [2026-03-12T00:58:21.140+0000] {dagbag.py:588} INFO - Filling up the DagBag from /home/ec2-user/environment/lab4_model_training/venv/lib64/python3.12/site-packages/airflow/example_dags/example_task_group_decorator.py
[2026-03-12T00:58:21.161+0000] {processor.py:925} INFO - DAG(s) 'example_task_group_decorator' retrieved from /home/ec2-user/environment/lab4_model_training/venv/lib64/python3.12/site-packages/airflow/example_dags/example_task_group_decorator.py
[2026-03-12T00:58:21.188+0000] {logging_mixin.py:190} INFO - [2026-03-12T00:58:21.188+0000] {dag.py:3239} INFO - Sync 1 DAGs
[2026-03-12T00:58:21.203+0000] {logging_mixin.py:190} INFO - [2026-03-12T00:58:21.203+0000] {dag.py:4180} INFO - Setting next_dagrun for example_task_group_decorator to None, run_after=None
[2026-03-12T00:58:21.226+0000] {processor.py:208} INFO - Processing /home/ec2-user/environment/lab4_model_training/venv/lib64/python3.12/site-packages/airflow/example_dags/example_task_group_decorator.py took 0.094 seconds
[2026-03-12T00:59:22.546+0000] {processor.py:186} INFO - Started process (PID=13115) to work on /home/ec2-user/environment/lab4_model_training/venv/lib64/python3.12/site-packages/airflow/example_dags/example_task_group_decorator.py
[2026-03-12T00:59:22.549+0000] {processor.py:914} INFO - Processing file /home/ec2-user/environment/lab4_model_training/venv/lib64/python3.12/site-packages/airflow/example_dags/example_task_group_decorator.py for tasks to queue
[2026-03-12T00:59:22.551+0000] {logging_mixin.py:190} INFO - [2026-03-12T00:59:22.550+0000] {dagbag.py:588} INFO - Filling up the DagBag from /home/ec2-user/environment/lab4_model_training/venv/lib64/python3.12/site-packages/airflow/example_dags/example_task_group_decorator.py
[2026-03-12T00:59:22.571+0000] {processor.py:925} INFO - DAG(s) 'example_task_group_decorator' retrieved from /home/ec2-user/environment/lab4_model_training/venv/lib64/python3.12/site-packages/airflow/example_dags/example_task_group_decorator.py
[2026-03-12T00:59:22.602+0000] {logging_mixin.py:190} INFO - [2026-03-12T00:59:22.602+0000] {dag.py:3239} INFO - Sync 1 DAGs
[2026-03-12T00:59:22.618+0000] {logging_mixin.py:190} INFO - [2026-03-12T00:59:22.618+0000] {dag.py:4180} INFO - Setting next_dagrun for example_task_group_decorator to None, run_after=None
[2026-03-12T00:59:22.641+0000] {processor.py:208} INFO - Processing /home/ec2-user/environment/lab4_model_training/venv/lib64/python3.12/site-packages/airflow/example_dags/example_task_group_decorator.py took 0.104 seconds
[2026-03-12T01:00:28.247+0000] {processor.py:186} INFO - Started process (PID=13413) to work on /home/ec2-user/environment/lab4_model_training/venv/lib64/python3.12/site-packages/airflow/example_dags/example_task_group_decorator.py
[2026-03-12T01:00:28.249+0000] {processor.py:914} INFO - Processing file /home/ec2-user/environment/lab4_model_training/venv/lib64/python3.12/site-packages/airflow/example_dags/example_task_group_decorator.py for tasks to queue
[2026-03-12T01:00:28.252+0000] {logging_mixin.py:190} INFO - [2026-03-12T01:00:28.251+0000] {dagbag.py:588} INFO - Filling up the DagBag from /home/ec2-user/environment/lab4_model_training/venv/lib64/python3.12/site-packages/airflow/example_dags/example_task_group_decorator.py
[2026-03-12T01:00:28.274+0000] {processor.py:925} INFO - DAG(s) 'example_task_group_decorator' retrieved from /home/ec2-user/environment/lab4_model_training/venv/lib64/python3.12/site-packages/airflow/example_dags/example_task_group_decorator.py
[2026-03-12T01:00:28.298+0000] {logging_mixin.py:190} INFO - [2026-03-12T01:00:28.298+0000] {dag.py:3239} INFO - Sync 1 DAGs
[2026-03-12T01:00:28.313+0000] {logging_mixin.py:190} INFO - [2026-03-12T01:00:28.313+0000] {dag.py:4180} INFO - Setting next_dagrun for example_task_group_decorator to None, run_after=None
[2026-03-12T01:00:28.337+0000] {processor.py:208} INFO - Processing /home/ec2-user/environment/lab4_model_training/venv/lib64/python3.12/site-packages/airflow/example_dags/example_task_group_decorator.py took 0.095 seconds
[2026-03-12T01:01:31.108+0000] {processor.py:186} INFO - Started process (PID=13664) to work on /home/ec2-user/environment/lab4_model_training/venv/lib64/python3.12/site-packages/airflow/example_dags/example_task_group_decorator.py
[2026-03-12T01:01:31.109+0000] {processor.py:914} INFO - Processing file /home/ec2-user/environment/lab4_model_training/venv/lib64/python3.12/site-packages/airflow/example_dags/example_task_group_decorator.py for tasks to queue
[2026-03-12T01:01:31.113+0000] {logging_mixin.py:190} INFO - [2026-03-12T01:01:31.112+0000] {dagbag.py:588} INFO - Filling up the DagBag from /home/ec2-user/environment/lab4_model_training/venv/lib64/python3.12/site-packages/airflow/example_dags/example_task_group_decorator.py
[2026-03-12T01:01:31.134+0000] {processor.py:925} INFO - DAG(s) 'example_task_group_decorator' retrieved from /home/ec2-user/environment/lab4_model_training/venv/lib64/python3.12/site-packages/airflow/example_dags/example_task_group_decorator.py
[2026-03-12T01:01:31.158+0000] {logging_mixin.py:190} INFO - [2026-03-12T01:01:31.158+0000] {dag.py:3239} INFO - Sync 1 DAGs
[2026-03-12T01:01:31.174+0000] {logging_mixin.py:190} INFO - [2026-03-12T01:01:31.174+0000] {dag.py:4180} INFO - Setting next_dagrun for example_task_group_decorator to None, run_after=None
[2026-03-12T01:01:31.197+0000] {processor.py:208} INFO - Processing /home/ec2-user/environment/lab4_model_training/venv/lib64/python3.12/site-packages/airflow/example_dags/example_task_group_decorator.py took 0.094 seconds
[2026-03-12T01:02:36.381+0000] {processor.py:186} INFO - Started process (PID=13960) to work on /home/ec2-user/environment/lab4_model_training/venv/lib64/python3.12/site-packages/airflow/example_dags/example_task_group_decorator.py
[2026-03-12T01:02:36.382+0000] {processor.py:914} INFO - Processing file /home/ec2-user/environment/lab4_model_training/venv/lib64/python3.12/site-packages/airflow/example_dags/example_task_group_decorator.py for tasks to queue
[2026-03-12T01:02:36.384+0000] {logging_mixin.py:190} INFO - [2026-03-12T01:02:36.384+0000] {dagbag.py:588} INFO - Filling up the DagBag from /home/ec2-user/environment/lab4_model_training/venv/lib64/python3.12/site-packages/airflow/example_dags/example_task_group_decorator.py
[2026-03-12T01:02:36.406+0000] {processor.py:925} INFO - DAG(s) 'example_task_group_decorator' retrieved from /home/ec2-user/environment/lab4_model_training/venv/lib64/python3.12/site-packages/airflow/example_dags/example_task_group_decorator.py
[2026-03-12T01:02:36.433+0000] {logging_mixin.py:190} INFO - [2026-03-12T01:02:36.433+0000] {dag.py:3239} INFO - Sync 1 DAGs
[2026-03-12T01:02:36.447+0000] {logging_mixin.py:190} INFO - [2026-03-12T01:02:36.447+0000] {dag.py:4180} INFO - Setting next_dagrun for example_task_group_decorator to None, run_after=None
[2026-03-12T01:02:36.491+0000] {processor.py:208} INFO - Processing /home/ec2-user/environment/lab4_model_training/venv/lib64/python3.12/site-packages/airflow/example_dags/example_task_group_decorator.py took 0.116 seconds
[2026-03-12T01:03:38.325+0000] {processor.py:186} INFO - Started process (PID=14195) to work on /home/ec2-user/environment/lab4_model_training/venv/lib64/python3.12/site-packages/airflow/example_dags/example_task_group_decorator.py
[2026-03-12T01:03:38.326+0000] {processor.py:914} INFO - Processing file /home/ec2-user/environment/lab4_model_training/venv/lib64/python3.12/site-packages/airflow/example_dags/example_task_group_decorator.py for tasks to queue
[2026-03-12T01:03:38.328+0000] {logging_mixin.py:190} INFO - [2026-03-12T01:03:38.328+0000] {dagbag.py:588} INFO - Filling up the DagBag from /home/ec2-user/environment/lab4_model_training/venv/lib64/python3.12/site-packages/airflow/example_dags/example_task_group_decorator.py
[2026-03-12T01:03:38.348+0000] {processor.py:925} INFO - DAG(s) 'example_task_group_decorator' retrieved from /home/ec2-user/environment/lab4_model_training/venv/lib64/python3.12/site-packages/airflow/example_dags/example_task_group_decorator.py
[2026-03-12T01:03:38.375+0000] {logging_mixin.py:190} INFO - [2026-03-12T01:03:38.375+0000] {dag.py:3239} INFO - Sync 1 DAGs
[2026-03-12T01:03:38.389+0000] {logging_mixin.py:190} INFO - [2026-03-12T01:03:38.389+0000] {dag.py:4180} INFO - Setting next_dagrun for example_task_group_decorator to None, run_after=None
[2026-03-12T01:03:38.411+0000] {processor.py:208} INFO - Processing /home/ec2-user/environment/lab4_model_training/venv/lib64/python3.12/site-packages/airflow/example_dags/example_task_group_decorator.py took 0.092 seconds
[2026-03-12T01:04:50.151+0000] {processor.py:186} INFO - Started process (PID=14523) to work on /home/ec2-user/environment/lab4_model_training/venv/lib64/python3.12/site-packages/airflow/example_dags/example_task_group_decorator.py
[2026-03-12T01:04:50.152+0000] {processor.py:914} INFO - Processing file /home/ec2-user/environment/lab4_model_training/venv/lib64/python3.12/site-packages/airflow/example_dags/example_task_group_decorator.py for tasks to queue
[2026-03-12T01:04:50.154+0000] {logging_mixin.py:190} INFO - [2026-03-12T01:04:50.154+0000] {dagbag.py:588} INFO - Filling up the DagBag from /home/ec2-user/environment/lab4_model_training/venv/lib64/python3.12/site-packages/airflow/example_dags/example_task_group_decorator.py
[2026-03-12T01:04:50.174+0000] {processor.py:925} INFO - DAG(s) 'example_task_group_decorator' retrieved from /home/ec2-user/environment/lab4_model_training/venv/lib64/python3.12/site-packages/airflow/example_dags/example_task_group_decorator.py
[2026-03-12T01:04:50.200+0000] {logging_mixin.py:190} INFO - [2026-03-12T01:04:50.200+0000] {dag.py:3239} INFO - Sync 1 DAGs
[2026-03-12T01:04:50.216+0000] {logging_mixin.py:190} INFO - [2026-03-12T01:04:50.216+0000] {dag.py:4180} INFO - Setting next_dagrun for example_task_group_decorator to None, run_after=None
[2026-03-12T01:04:50.238+0000] {processor.py:208} INFO - Processing /home/ec2-user/environment/lab4_model_training/venv/lib64/python3.12/site-packages/airflow/example_dags/example_task_group_decorator.py took 0.092 seconds
[2026-03-12T01:05:47.959+0000] {processor.py:186} INFO - Started process (PID=14751) to work on /home/ec2-user/environment/lab4_model_training/venv/lib64/python3.12/site-packages/airflow/example_dags/example_task_group_decorator.py
[2026-03-12T01:05:47.961+0000] {processor.py:914} INFO - Processing file /home/ec2-user/environment/lab4_model_training/venv/lib64/python3.12/site-packages/airflow/example_dags/example_task_group_decorator.py for tasks to queue
[2026-03-12T01:05:47.964+0000] {logging_mixin.py:190} INFO - [2026-03-12T01:05:47.963+0000] {dagbag.py:588} INFO - Filling up the DagBag from /home/ec2-user/environment/lab4_model_training/venv/lib64/python3.12/site-packages/airflow/example_dags/example_task_group_decorator.py
[2026-03-12T01:05:47.988+0000] {processor.py:925} INFO - DAG(s) 'example_task_group_decorator' retrieved from /home/ec2-user/environment/lab4_model_training/venv/lib64/python3.12/site-packages/airflow/example_dags/example_task_group_decorator.py
[2026-03-12T01:05:48.010+0000] {logging_mixin.py:190} INFO - [2026-03-12T01:05:48.009+0000] {dag.py:3239} INFO - Sync 1 DAGs
[2026-03-12T01:05:48.024+0000] {logging_mixin.py:190} INFO - [2026-03-12T01:05:48.024+0000] {dag.py:4180} INFO - Setting next_dagrun for example_task_group_decorator to None, run_after=None
[2026-03-12T01:05:48.047+0000] {processor.py:208} INFO - Processing /home/ec2-user/environment/lab4_model_training/venv/lib64/python3.12/site-packages/airflow/example_dags/example_task_group_decorator.py took 0.093 seconds
[2026-03-12T01:06:48.708+0000] {processor.py:186} INFO - Started process (PID=15046) to work on /home/ec2-user/environment/lab4_model_training/venv/lib64/python3.12/site-packages/airflow/example_dags/example_task_group_decorator.py
[2026-03-12T01:06:48.709+0000] {processor.py:914} INFO - Processing file /home/ec2-user/environment/lab4_model_training/venv/lib64/python3.12/site-packages/airflow/example_dags/example_task_group_decorator.py for tasks to queue
[2026-03-12T01:06:48.711+0000] {logging_mixin.py:190} INFO - [2026-03-12T01:06:48.711+0000] {dagbag.py:588} INFO - Filling up the DagBag from /home/ec2-user/environment/lab4_model_training/venv/lib64/python3.12/site-packages/airflow/example_dags/example_task_group_decorator.py
[2026-03-12T01:06:48.731+0000] {processor.py:925} INFO - DAG(s) 'example_task_group_decorator' retrieved from /home/ec2-user/environment/lab4_model_training/venv/lib64/python3.12/site-packages/airflow/example_dags/example_task_group_decorator.py
[2026-03-12T01:06:48.758+0000] {logging_mixin.py:190} INFO - [2026-03-12T01:06:48.757+0000] {dag.py:3239} INFO - Sync 1 DAGs
[2026-03-12T01:06:48.772+0000] {logging_mixin.py:190} INFO - [2026-03-12T01:06:48.772+0000] {dag.py:4180} INFO - Setting next_dagrun for example_task_group_decorator to None, run_after=None
[2026-03-12T01:06:48.793+0000] {processor.py:208} INFO - Processing /home/ec2-user/environment/lab4_model_training/venv/lib64/python3.12/site-packages/airflow/example_dags/example_task_group_decorator.py took 0.091 seconds
[2026-03-12T01:07:50.099+0000] {processor.py:186} INFO - Started process (PID=15331) to work on /home/ec2-user/environment/lab4_model_training/venv/lib64/python3.12/site-packages/airflow/example_dags/example_task_group_decorator.py
[2026-03-12T01:07:50.100+0000] {processor.py:914} INFO - Processing file /home/ec2-user/environment/lab4_model_training/venv/lib64/python3.12/site-packages/airflow/example_dags/example_task_group_decorator.py for tasks to queue
[2026-03-12T01:07:50.104+0000] {logging_mixin.py:190} INFO - [2026-03-12T01:07:50.103+0000] {dagbag.py:588} INFO - Filling up the DagBag from /home/ec2-user/environment/lab4_model_training/venv/lib64/python3.12/site-packages/airflow/example_dags/example_task_group_decorator.py
[2026-03-12T01:07:50.127+0000] {processor.py:925} INFO - DAG(s) 'example_task_group_decorator' retrieved from /home/ec2-user/environment/lab4_model_training/venv/lib64/python3.12/site-packages/airflow/example_dags/example_task_group_decorator.py
[2026-03-12T01:07:50.149+0000] {logging_mixin.py:190} INFO - [2026-03-12T01:07:50.149+0000] {dag.py:3239} INFO - Sync 1 DAGs
[2026-03-12T01:07:50.165+0000] {logging_mixin.py:190} INFO - [2026-03-12T01:07:50.165+0000] {dag.py:4180} INFO - Setting next_dagrun for example_task_group_decorator to None, run_after=None
[2026-03-12T01:07:50.187+0000] {processor.py:208} INFO - Processing /home/ec2-user/environment/lab4_model_training/venv/lib64/python3.12/site-packages/airflow/example_dags/example_task_group_decorator.py took 0.094 seconds
[2026-03-12T01:08:53.599+0000] {processor.py:186} INFO - Started process (PID=15567) to work on /home/ec2-user/environment/lab4_model_training/venv/lib64/python3.12/site-packages/airflow/example_dags/example_task_group_decorator.py
[2026-03-12T01:08:53.600+0000] {processor.py:914} INFO - Processing file /home/ec2-user/environment/lab4_model_training/venv/lib64/python3.12/site-packages/airflow/example_dags/example_task_group_decorator.py for tasks to queue
[2026-03-12T01:08:53.603+0000] {logging_mixin.py:190} INFO - [2026-03-12T01:08:53.603+0000] {dagbag.py:588} INFO - Filling up the DagBag from /home/ec2-user/environment/lab4_model_training/venv/lib64/python3.12/site-packages/airflow/example_dags/example_task_group_decorator.py
[2026-03-12T01:08:53.624+0000] {processor.py:925} INFO - DAG(s) 'example_task_group_decorator' retrieved from /home/ec2-user/environment/lab4_model_training/venv/lib64/python3.12/site-packages/airflow/example_dags/example_task_group_decorator.py
[2026-03-12T01:08:53.649+0000] {logging_mixin.py:190} INFO - [2026-03-12T01:08:53.649+0000] {dag.py:3239} INFO - Sync 1 DAGs
[2026-03-12T01:08:53.663+0000] {logging_mixin.py:190} INFO - [2026-03-12T01:08:53.663+0000] {dag.py:4180} INFO - Setting next_dagrun for example_task_group_decorator to None, run_after=None
[2026-03-12T01:08:53.685+0000] {processor.py:208} INFO - Processing /home/ec2-user/environment/lab4_model_training/venv/lib64/python3.12/site-packages/airflow/example_dags/example_task_group_decorator.py took 0.092 seconds
[2026-03-12T01:09:54.513+0000] {processor.py:186} INFO - Started process (PID=15855) to work on /home/ec2-user/environment/lab4_model_training/venv/lib64/python3.12/site-packages/airflow/example_dags/example_task_group_decorator.py
[2026-03-12T01:09:54.514+0000] {processor.py:914} INFO - Processing file /home/ec2-user/environment/lab4_model_training/venv/lib64/python3.12/site-packages/airflow/example_dags/example_task_group_decorator.py for tasks to queue
[2026-03-12T01:09:54.517+0000] {logging_mixin.py:190} INFO - [2026-03-12T01:09:54.517+0000] {dagbag.py:588} INFO - Filling up the DagBag from /home/ec2-user/environment/lab4_model_training/venv/lib64/python3.12/site-packages/airflow/example_dags/example_task_group_decorator.py
[2026-03-12T01:09:54.539+0000] {processor.py:925} INFO - DAG(s) 'example_task_group_decorator' retrieved from /home/ec2-user/environment/lab4_model_training/venv/lib64/python3.12/site-packages/airflow/example_dags/example_task_group_decorator.py
[2026-03-12T01:09:54.563+0000] {logging_mixin.py:190} INFO - [2026-03-12T01:09:54.563+0000] {dag.py:3239} INFO - Sync 1 DAGs
[2026-03-12T01:09:54.579+0000] {logging_mixin.py:190} INFO - [2026-03-12T01:09:54.579+0000] {dag.py:4180} INFO - Setting next_dagrun for example_task_group_decorator to None, run_after=None
[2026-03-12T01:09:54.601+0000] {processor.py:208} INFO - Processing /home/ec2-user/environment/lab4_model_training/venv/lib64/python3.12/site-packages/airflow/example_dags/example_task_group_decorator.py took 0.093 seconds
[2026-03-12T01:11:00.971+0000] {processor.py:186} INFO - Started process (PID=16162) to work on /home/ec2-user/environment/lab4_model_training/venv/lib64/python3.12/site-packages/airflow/example_dags/example_task_group_decorator.py
[2026-03-12T01:11:00.974+0000] {processor.py:914} INFO - Processing file /home/ec2-user/environment/lab4_model_training/venv/lib64/python3.12/site-packages/airflow/example_dags/example_task_group_decorator.py for tasks to queue
[2026-03-12T01:11:00.977+0000] {logging_mixin.py:190} INFO - [2026-03-12T01:11:00.976+0000] {dagbag.py:588} INFO - Filling up the DagBag from /home/ec2-user/environment/lab4_model_training/venv/lib64/python3.12/site-packages/airflow/example_dags/example_task_group_decorator.py
[2026-03-12T01:11:00.997+0000] {processor.py:925} INFO - DAG(s) 'example_task_group_decorator' retrieved from /home/ec2-user/environment/lab4_model_training/venv/lib64/python3.12/site-packages/airflow/example_dags/example_task_group_decorator.py
[2026-03-12T01:11:01.025+0000] {logging_mixin.py:190} INFO - [2026-03-12T01:11:01.024+0000] {dag.py:3239} INFO - Sync 1 DAGs
[2026-03-12T01:11:01.041+0000] {logging_mixin.py:190} INFO - [2026-03-12T01:11:01.040+0000] {dag.py:4180} INFO - Setting next_dagrun for example_task_group_decorator to None, run_after=None
[2026-03-12T01:11:01.065+0000] {processor.py:208} INFO - Processing /home/ec2-user/environment/lab4_model_training/venv/lib64/python3.12/site-packages/airflow/example_dags/example_task_group_decorator.py took 0.101 seconds
[2026-03-12T01:12:07.241+0000] {processor.py:186} INFO - Started process (PID=16427) to work on /home/ec2-user/environment/lab4_model_training/venv/lib64/python3.12/site-packages/airflow/example_dags/example_task_group_decorator.py
[2026-03-12T01:12:07.242+0000] {processor.py:914} INFO - Processing file /home/ec2-user/environment/lab4_model_training/venv/lib64/python3.12/site-packages/airflow/example_dags/example_task_group_decorator.py for tasks to queue
[2026-03-12T01:12:07.245+0000] {logging_mixin.py:190} INFO - [2026-03-12T01:12:07.244+0000] {dagbag.py:588} INFO - Filling up the DagBag from /home/ec2-user/environment/lab4_model_training/venv/lib64/python3.12/site-packages/airflow/example_dags/example_task_group_decorator.py
[2026-03-12T01:12:07.266+0000] {processor.py:925} INFO - DAG(s) 'example_task_group_decorator' retrieved from /home/ec2-user/environment/lab4_model_training/venv/lib64/python3.12/site-packages/airflow/example_dags/example_task_group_decorator.py
[2026-03-12T01:12:07.293+0000] {logging_mixin.py:190} INFO - [2026-03-12T01:12:07.293+0000] {dag.py:3239} INFO - Sync 1 DAGs
[2026-03-12T01:12:07.308+0000] {logging_mixin.py:190} INFO - [2026-03-12T01:12:07.308+0000] {dag.py:4180} INFO - Setting next_dagrun for example_task_group_decorator to None, run_after=None
[2026-03-12T01:12:07.335+0000] {processor.py:208} INFO - Processing /home/ec2-user/environment/lab4_model_training/venv/lib64/python3.12/site-packages/airflow/example_dags/example_task_group_decorator.py took 0.100 seconds
[2026-03-12T01:13:09.442+0000] {processor.py:186} INFO - Started process (PID=16713) to work on /home/ec2-user/environment/lab4_model_training/venv/lib64/python3.12/site-packages/airflow/example_dags/example_task_group_decorator.py
[2026-03-12T01:13:09.443+0000] {processor.py:914} INFO - Processing file /home/ec2-user/environment/lab4_model_training/venv/lib64/python3.12/site-packages/airflow/example_dags/example_task_group_decorator.py for tasks to queue
[2026-03-12T01:13:09.446+0000] {logging_mixin.py:190} INFO - [2026-03-12T01:13:09.446+0000] {dagbag.py:588} INFO - Filling up the DagBag from /home/ec2-user/environment/lab4_model_training/venv/lib64/python3.12/site-packages/airflow/example_dags/example_task_group_decorator.py
[2026-03-12T01:13:09.467+0000] {processor.py:925} INFO - DAG(s) 'example_task_group_decorator' retrieved from /home/ec2-user/environment/lab4_model_training/venv/lib64/python3.12/site-packages/airflow/example_dags/example_task_group_decorator.py
[2026-03-12T01:13:09.494+0000] {logging_mixin.py:190} INFO - [2026-03-12T01:13:09.494+0000] {dag.py:3239} INFO - Sync 1 DAGs
[2026-03-12T01:13:09.509+0000] {logging_mixin.py:190} INFO - [2026-03-12T01:13:09.509+0000] {dag.py:4180} INFO - Setting next_dagrun for example_task_group_decorator to None, run_after=None
[2026-03-12T01:13:09.532+0000] {processor.py:208} INFO - Processing /home/ec2-user/environment/lab4_model_training/venv/lib64/python3.12/site-packages/airflow/example_dags/example_task_group_decorator.py took 0.096 seconds
[2026-03-12T01:14:14.415+0000] {processor.py:186} INFO - Started process (PID=17034) to work on /home/ec2-user/environment/lab4_model_training/venv/lib64/python3.12/site-packages/airflow/example_dags/example_task_group_decorator.py
[2026-03-12T01:14:14.417+0000] {processor.py:914} INFO - Processing file /home/ec2-user/environment/lab4_model_training/venv/lib64/python3.12/site-packages/airflow/example_dags/example_task_group_decorator.py for tasks to queue
[2026-03-12T01:14:14.420+0000] {logging_mixin.py:190} INFO - [2026-03-12T01:14:14.419+0000] {dagbag.py:588} INFO - Filling up the DagBag from /home/ec2-user/environment/lab4_model_training/venv/lib64/python3.12/site-packages/airflow/example_dags/example_task_group_decorator.py
[2026-03-12T01:14:14.443+0000] {processor.py:925} INFO - DAG(s) 'example_task_group_decorator' retrieved from /home/ec2-user/environment/lab4_model_training/venv/lib64/python3.12/site-packages/airflow/example_dags/example_task_group_decorator.py
[2026-03-12T01:14:14.466+0000] {logging_mixin.py:190} INFO - [2026-03-12T01:14:14.466+0000] {dag.py:3239} INFO - Sync 1 DAGs
[2026-03-12T01:14:14.481+0000] {logging_mixin.py:190} INFO - [2026-03-12T01:14:14.481+0000] {dag.py:4180} INFO - Setting next_dagrun for example_task_group_decorator to None, run_after=None
[2026-03-12T01:14:14.504+0000] {processor.py:208} INFO - Processing /home/ec2-user/environment/lab4_model_training/venv/lib64/python3.12/site-packages/airflow/example_dags/example_task_group_decorator.py took 0.094 seconds
[2026-03-12T01:15:17.417+0000] {processor.py:186} INFO - Started process (PID=17324) to work on /home/ec2-user/environment/lab4_model_training/venv/lib64/python3.12/site-packages/airflow/example_dags/example_task_group_decorator.py
[2026-03-12T01:15:17.419+0000] {processor.py:914} INFO - Processing file /home/ec2-user/environment/lab4_model_training/venv/lib64/python3.12/site-packages/airflow/example_dags/example_task_group_decorator.py for tasks to queue
[2026-03-12T01:15:17.421+0000] {logging_mixin.py:190} INFO - [2026-03-12T01:15:17.421+0000] {dagbag.py:588} INFO - Filling up the DagBag from /home/ec2-user/environment/lab4_model_training/venv/lib64/python3.12/site-packages/airflow/example_dags/example_task_group_decorator.py
[2026-03-12T01:15:17.442+0000] {processor.py:925} INFO - DAG(s) 'example_task_group_decorator' retrieved from /home/ec2-user/environment/lab4_model_training/venv/lib64/python3.12/site-packages/airflow/example_dags/example_task_group_decorator.py
[2026-03-12T01:15:17.468+0000] {logging_mixin.py:190} INFO - [2026-03-12T01:15:17.468+0000] {dag.py:3239} INFO - Sync 1 DAGs
[2026-03-12T01:15:17.482+0000] {logging_mixin.py:190} INFO - [2026-03-12T01:15:17.482+0000] {dag.py:4180} INFO - Setting next_dagrun for example_task_group_decorator to None, run_after=None
[2026-03-12T01:15:17.505+0000] {processor.py:208} INFO - Processing /home/ec2-user/environment/lab4_model_training/venv/lib64/python3.12/site-packages/airflow/example_dags/example_task_group_decorator.py took 0.094 seconds
[2026-03-12T01:16:17.710+0000] {processor.py:186} INFO - Started process (PID=17610) to work on /home/ec2-user/environment/lab4_model_training/venv/lib64/python3.12/site-packages/airflow/example_dags/example_task_group_decorator.py
[2026-03-12T01:16:17.711+0000] {processor.py:914} INFO - Processing file /home/ec2-user/environment/lab4_model_training/venv/lib64/python3.12/site-packages/airflow/example_dags/example_task_group_decorator.py for tasks to queue
[2026-03-12T01:16:17.713+0000] {logging_mixin.py:190} INFO - [2026-03-12T01:16:17.713+0000] {dagbag.py:588} INFO - Filling up the DagBag from /home/ec2-user/environment/lab4_model_training/venv/lib64/python3.12/site-packages/airflow/example_dags/example_task_group_decorator.py
[2026-03-12T01:16:17.733+0000] {processor.py:925} INFO - DAG(s) 'example_task_group_decorator' retrieved from /home/ec2-user/environment/lab4_model_training/venv/lib64/python3.12/site-packages/airflow/example_dags/example_task_group_decorator.py
[2026-03-12T01:16:17.761+0000] {logging_mixin.py:190} INFO - [2026-03-12T01:16:17.761+0000] {dag.py:3239} INFO - Sync 1 DAGs
[2026-03-12T01:16:17.776+0000] {logging_mixin.py:190} INFO - [2026-03-12T01:16:17.776+0000] {dag.py:4180} INFO - Setting next_dagrun for example_task_group_decorator to None, run_after=None
[2026-03-12T01:16:17.799+0000] {processor.py:208} INFO - Processing /home/ec2-user/environment/lab4_model_training/venv/lib64/python3.12/site-packages/airflow/example_dags/example_task_group_decorator.py took 0.095 seconds
[2026-03-12T01:17:24.442+0000] {processor.py:186} INFO - Started process (PID=17915) to work on /home/ec2-user/environment/lab4_model_training/venv/lib64/python3.12/site-packages/airflow/example_dags/example_task_group_decorator.py
[2026-03-12T01:17:24.443+0000] {processor.py:914} INFO - Processing file /home/ec2-user/environment/lab4_model_training/venv/lib64/python3.12/site-packages/airflow/example_dags/example_task_group_decorator.py for tasks to queue
[2026-03-12T01:17:24.445+0000] {logging_mixin.py:190} INFO - [2026-03-12T01:17:24.445+0000] {dagbag.py:588} INFO - Filling up the DagBag from /home/ec2-user/environment/lab4_model_training/venv/lib64/python3.12/site-packages/airflow/example_dags/example_task_group_decorator.py
[2026-03-12T01:17:24.465+0000] {processor.py:925} INFO - DAG(s) 'example_task_group_decorator' retrieved from /home/ec2-user/environment/lab4_model_training/venv/lib64/python3.12/site-packages/airflow/example_dags/example_task_group_decorator.py
[2026-03-12T01:17:24.492+0000] {logging_mixin.py:190} INFO - [2026-03-12T01:17:24.492+0000] {dag.py:3239} INFO - Sync 1 DAGs
[2026-03-12T01:17:24.507+0000] {logging_mixin.py:190} INFO - [2026-03-12T01:17:24.506+0000] {dag.py:4180} INFO - Setting next_dagrun for example_task_group_decorator to None, run_after=None
[2026-03-12T01:17:24.529+0000] {processor.py:208} INFO - Processing /home/ec2-user/environment/lab4_model_training/venv/lib64/python3.12/site-packages/airflow/example_dags/example_task_group_decorator.py took 0.092 seconds
[2026-03-12T01:18:25.585+0000] {processor.py:186} INFO - Started process (PID=18143) to work on /home/ec2-user/environment/lab4_model_training/venv/lib64/python3.12/site-packages/airflow/example_dags/example_task_group_decorator.py
[2026-03-12T01:18:25.597+0000] {processor.py:914} INFO - Processing file /home/ec2-user/environment/lab4_model_training/venv/lib64/python3.12/site-packages/airflow/example_dags/example_task_group_decorator.py for tasks to queue
[2026-03-12T01:18:25.600+0000] {logging_mixin.py:190} INFO - [2026-03-12T01:18:25.599+0000] {dagbag.py:588} INFO - Filling up the DagBag from /home/ec2-user/environment/lab4_model_training/venv/lib64/python3.12/site-packages/airflow/example_dags/example_task_group_decorator.py
[2026-03-12T01:18:25.628+0000] {processor.py:925} INFO - DAG(s) 'example_task_group_decorator' retrieved from /home/ec2-user/environment/lab4_model_training/venv/lib64/python3.12/site-packages/airflow/example_dags/example_task_group_decorator.py
[2026-03-12T01:18:25.656+0000] {logging_mixin.py:190} INFO - [2026-03-12T01:18:25.656+0000] {dag.py:3239} INFO - Sync 1 DAGs
[2026-03-12T01:18:25.671+0000] {logging_mixin.py:190} INFO - [2026-03-12T01:18:25.671+0000] {dag.py:4180} INFO - Setting next_dagrun for example_task_group_decorator to None, run_after=None
[2026-03-12T01:18:25.694+0000] {processor.py:208} INFO - Processing /home/ec2-user/environment/lab4_model_training/venv/lib64/python3.12/site-packages/airflow/example_dags/example_task_group_decorator.py took 0.118 seconds
[2026-03-12T01:19:33.074+0000] {processor.py:186} INFO - Started process (PID=18459) to work on /home/ec2-user/environment/lab4_model_training/venv/lib64/python3.12/site-packages/airflow/example_dags/example_task_group_decorator.py
[2026-03-12T01:19:33.075+0000] {processor.py:914} INFO - Processing file /home/ec2-user/environment/lab4_model_training/venv/lib64/python3.12/site-packages/airflow/example_dags/example_task_group_decorator.py for tasks to queue
[2026-03-12T01:19:33.077+0000] {logging_mixin.py:190} INFO - [2026-03-12T01:19:33.077+0000] {dagbag.py:588} INFO - Filling up the DagBag from /home/ec2-user/environment/lab4_model_training/venv/lib64/python3.12/site-packages/airflow/example_dags/example_task_group_decorator.py
[2026-03-12T01:19:33.097+0000] {processor.py:925} INFO - DAG(s) 'example_task_group_decorator' retrieved from /home/ec2-user/environment/lab4_model_training/venv/lib64/python3.12/site-packages/airflow/example_dags/example_task_group_decorator.py
[2026-03-12T01:19:33.123+0000] {logging_mixin.py:190} INFO - [2026-03-12T01:19:33.123+0000] {dag.py:3239} INFO - Sync 1 DAGs
[2026-03-12T01:19:33.140+0000] {logging_mixin.py:190} INFO - [2026-03-12T01:19:33.140+0000] {dag.py:4180} INFO - Setting next_dagrun for example_task_group_decorator to None, run_after=None
[2026-03-12T01:19:33.287+0000] {processor.py:208} INFO - Processing /home/ec2-user/environment/lab4_model_training/venv/lib64/python3.12/site-packages/airflow/example_dags/example_task_group_decorator.py took 0.219 seconds
[2026-03-12T01:20:38.945+0000] {processor.py:186} INFO - Started process (PID=18761) to work on /home/ec2-user/environment/lab4_model_training/venv/lib64/python3.12/site-packages/airflow/example_dags/example_task_group_decorator.py
[2026-03-12T01:20:38.946+0000] {processor.py:914} INFO - Processing file /home/ec2-user/environment/lab4_model_training/venv/lib64/python3.12/site-packages/airflow/example_dags/example_task_group_decorator.py for tasks to queue
[2026-03-12T01:20:38.948+0000] {logging_mixin.py:190} INFO - [2026-03-12T01:20:38.948+0000] {dagbag.py:588} INFO - Filling up the DagBag from /home/ec2-user/environment/lab4_model_training/venv/lib64/python3.12/site-packages/airflow/example_dags/example_task_group_decorator.py
[2026-03-12T01:20:38.968+0000] {processor.py:925} INFO - DAG(s) 'example_task_group_decorator' retrieved from /home/ec2-user/environment/lab4_model_training/venv/lib64/python3.12/site-packages/airflow/example_dags/example_task_group_decorator.py
[2026-03-12T01:20:38.991+0000] {logging_mixin.py:190} INFO - [2026-03-12T01:20:38.991+0000] {dag.py:3239} INFO - Sync 1 DAGs
[2026-03-12T01:20:39.005+0000] {logging_mixin.py:190} INFO - [2026-03-12T01:20:39.005+0000] {dag.py:4180} INFO - Setting next_dagrun for example_task_group_decorator to None, run_after=None
[2026-03-12T01:20:39.042+0000] {processor.py:208} INFO - Processing /home/ec2-user/environment/lab4_model_training/venv/lib64/python3.12/site-packages/airflow/example_dags/example_task_group_decorator.py took 0.103 seconds
[2026-03-12T01:21:47.680+0000] {processor.py:186} INFO - Started process (PID=19039) to work on /home/ec2-user/environment/lab4_model_training/venv/lib64/python3.12/site-packages/airflow/example_dags/example_task_group_decorator.py
[2026-03-12T01:21:47.682+0000] {processor.py:914} INFO - Processing file /home/ec2-user/environment/lab4_model_training/venv/lib64/python3.12/site-packages/airflow/example_dags/example_task_group_decorator.py for tasks to queue
[2026-03-12T01:21:47.685+0000] {logging_mixin.py:190} INFO - [2026-03-12T01:21:47.684+0000] {dagbag.py:588} INFO - Filling up the DagBag from /home/ec2-user/environment/lab4_model_training/venv/lib64/python3.12/site-packages/airflow/example_dags/example_task_group_decorator.py
[2026-03-12T01:21:47.708+0000] {processor.py:925} INFO - DAG(s) 'example_task_group_decorator' retrieved from /home/ec2-user/environment/lab4_model_training/venv/lib64/python3.12/site-packages/airflow/example_dags/example_task_group_decorator.py
[2026-03-12T01:21:47.732+0000] {logging_mixin.py:190} INFO - [2026-03-12T01:21:47.732+0000] {dag.py:3239} INFO - Sync 1 DAGs
[2026-03-12T01:21:47.748+0000] {logging_mixin.py:190} INFO - [2026-03-12T01:21:47.748+0000] {dag.py:4180} INFO - Setting next_dagrun for example_task_group_decorator to None, run_after=None
[2026-03-12T01:21:47.771+0000] {processor.py:208} INFO - Processing /home/ec2-user/environment/lab4_model_training/venv/lib64/python3.12/site-packages/airflow/example_dags/example_task_group_decorator.py took 0.100 seconds
[2026-03-12T01:22:55.726+0000] {processor.py:186} INFO - Started process (PID=19337) to work on /home/ec2-user/environment/lab4_model_training/venv/lib64/python3.12/site-packages/airflow/example_dags/example_task_group_decorator.py
[2026-03-12T01:22:55.727+0000] {processor.py:914} INFO - Processing file /home/ec2-user/environment/lab4_model_training/venv/lib64/python3.12/site-packages/airflow/example_dags/example_task_group_decorator.py for tasks to queue
[2026-03-12T01:22:55.730+0000] {logging_mixin.py:190} INFO - [2026-03-12T01:22:55.729+0000] {dagbag.py:588} INFO - Filling up the DagBag from /home/ec2-user/environment/lab4_model_training/venv/lib64/python3.12/site-packages/airflow/example_dags/example_task_group_decorator.py
[2026-03-12T01:22:55.753+0000] {processor.py:925} INFO - DAG(s) 'example_task_group_decorator' retrieved from /home/ec2-user/environment/lab4_model_training/venv/lib64/python3.12/site-packages/airflow/example_dags/example_task_group_decorator.py
[2026-03-12T01:22:55.776+0000] {logging_mixin.py:190} INFO - [2026-03-12T01:22:55.776+0000] {dag.py:3239} INFO - Sync 1 DAGs
[2026-03-12T01:22:55.792+0000] {logging_mixin.py:190} INFO - [2026-03-12T01:22:55.792+0000] {dag.py:4180} INFO - Setting next_dagrun for example_task_group_decorator to None, run_after=None
[2026-03-12T01:22:55.817+0000] {processor.py:208} INFO - Processing /home/ec2-user/environment/lab4_model_training/venv/lib64/python3.12/site-packages/airflow/example_dags/example_task_group_decorator.py took 0.097 seconds
[2026-03-12T01:24:04.255+0000] {processor.py:186} INFO - Started process (PID=19606) to work on /home/ec2-user/environment/lab4_model_training/venv/lib64/python3.12/site-packages/airflow/example_dags/example_task_group_decorator.py
[2026-03-12T01:24:04.256+0000] {processor.py:914} INFO - Processing file /home/ec2-user/environment/lab4_model_training/venv/lib64/python3.12/site-packages/airflow/example_dags/example_task_group_decorator.py for tasks to queue
[2026-03-12T01:24:04.259+0000] {logging_mixin.py:190} INFO - [2026-03-12T01:24:04.259+0000] {dagbag.py:588} INFO - Filling up the DagBag from /home/ec2-user/environment/lab4_model_training/venv/lib64/python3.12/site-packages/airflow/example_dags/example_task_group_decorator.py
[2026-03-12T01:24:04.281+0000] {processor.py:925} INFO - DAG(s) 'example_task_group_decorator' retrieved from /home/ec2-user/environment/lab4_model_training/venv/lib64/python3.12/site-packages/airflow/example_dags/example_task_group_decorator.py
[2026-03-12T01:24:04.309+0000] {logging_mixin.py:190} INFO - [2026-03-12T01:24:04.309+0000] {dag.py:3239} INFO - Sync 1 DAGs
[2026-03-12T01:24:04.463+0000] {logging_mixin.py:190} INFO - [2026-03-12T01:24:04.463+0000] {dag.py:4180} INFO - Setting next_dagrun for example_task_group_decorator to None, run_after=None
[2026-03-12T01:24:04.491+0000] {processor.py:208} INFO - Processing /home/ec2-user/environment/lab4_model_training/venv/lib64/python3.12/site-packages/airflow/example_dags/example_task_group_decorator.py took 0.241 seconds
[2026-03-12T01:25:17.969+0000] {processor.py:186} INFO - Started process (PID=19944) to work on /home/ec2-user/environment/lab4_model_training/venv/lib64/python3.12/site-packages/airflow/example_dags/example_task_group_decorator.py
[2026-03-12T01:25:17.970+0000] {processor.py:914} INFO - Processing file /home/ec2-user/environment/lab4_model_training/venv/lib64/python3.12/site-packages/airflow/example_dags/example_task_group_decorator.py for tasks to queue
[2026-03-12T01:25:17.972+0000] {logging_mixin.py:190} INFO - [2026-03-12T01:25:17.972+0000] {dagbag.py:588} INFO - Filling up the DagBag from /home/ec2-user/environment/lab4_model_training/venv/lib64/python3.12/site-packages/airflow/example_dags/example_task_group_decorator.py
[2026-03-12T01:25:17.995+0000] {processor.py:925} INFO - DAG(s) 'example_task_group_decorator' retrieved from /home/ec2-user/environment/lab4_model_training/venv/lib64/python3.12/site-packages/airflow/example_dags/example_task_group_decorator.py
[2026-03-12T01:25:18.025+0000] {logging_mixin.py:190} INFO - [2026-03-12T01:25:18.025+0000] {dag.py:3239} INFO - Sync 1 DAGs
[2026-03-12T01:25:18.040+0000] {logging_mixin.py:190} INFO - [2026-03-12T01:25:18.040+0000] {dag.py:4180} INFO - Setting next_dagrun for example_task_group_decorator to None, run_after=None
[2026-03-12T01:25:18.064+0000] {processor.py:208} INFO - Processing /home/ec2-user/environment/lab4_model_training/venv/lib64/python3.12/site-packages/airflow/example_dags/example_task_group_decorator.py took 0.101 seconds
[2026-03-12T01:26:28.243+0000] {processor.py:186} INFO - Started process (PID=20249) to work on /home/ec2-user/environment/lab4_model_training/venv/lib64/python3.12/site-packages/airflow/example_dags/example_task_group_decorator.py
[2026-03-12T01:26:28.244+0000] {processor.py:914} INFO - Processing file /home/ec2-user/environment/lab4_model_training/venv/lib64/python3.12/site-packages/airflow/example_dags/example_task_group_decorator.py for tasks to queue
[2026-03-12T01:26:28.246+0000] {logging_mixin.py:190} INFO - [2026-03-12T01:26:28.246+0000] {dagbag.py:588} INFO - Filling up the DagBag from /home/ec2-user/environment/lab4_model_training/venv/lib64/python3.12/site-packages/airflow/example_dags/example_task_group_decorator.py
[2026-03-12T01:26:28.266+0000] {processor.py:925} INFO - DAG(s) 'example_task_group_decorator' retrieved from /home/ec2-user/environment/lab4_model_training/venv/lib64/python3.12/site-packages/airflow/example_dags/example_task_group_decorator.py
[2026-03-12T01:26:28.294+0000] {logging_mixin.py:190} INFO - [2026-03-12T01:26:28.293+0000] {dag.py:3239} INFO - Sync 1 DAGs
[2026-03-12T01:26:28.308+0000] {logging_mixin.py:190} INFO - [2026-03-12T01:26:28.308+0000] {dag.py:4180} INFO - Setting next_dagrun for example_task_group_decorator to None, run_after=None
[2026-03-12T01:26:28.330+0000] {processor.py:208} INFO - Processing /home/ec2-user/environment/lab4_model_training/venv/lib64/python3.12/site-packages/airflow/example_dags/example_task_group_decorator.py took 0.093 seconds
[2026-03-12T01:27:29.810+0000] {processor.py:186} INFO - Started process (PID=20485) to work on /home/ec2-user/environment/lab4_model_training/venv/lib64/python3.12/site-packages/airflow/example_dags/example_task_group_decorator.py
[2026-03-12T01:27:29.812+0000] {processor.py:914} INFO - Processing file /home/ec2-user/environment/lab4_model_training/venv/lib64/python3.12/site-packages/airflow/example_dags/example_task_group_decorator.py for tasks to queue
[2026-03-12T01:27:29.815+0000] {logging_mixin.py:190} INFO - [2026-03-12T01:27:29.814+0000] {dagbag.py:588} INFO - Filling up the DagBag from /home/ec2-user/environment/lab4_model_training/venv/lib64/python3.12/site-packages/airflow/example_dags/example_task_group_decorator.py
[2026-03-12T01:27:29.835+0000] {processor.py:925} INFO - DAG(s) 'example_task_group_decorator' retrieved from /home/ec2-user/environment/lab4_model_training/venv/lib64/python3.12/site-packages/airflow/example_dags/example_task_group_decorator.py
[2026-03-12T01:27:29.863+0000] {logging_mixin.py:190} INFO - [2026-03-12T01:27:29.863+0000] {dag.py:3239} INFO - Sync 1 DAGs
[2026-03-12T01:27:29.877+0000] {logging_mixin.py:190} INFO - [2026-03-12T01:27:29.877+0000] {dag.py:4180} INFO - Setting next_dagrun for example_task_group_decorator to None, run_after=None
[2026-03-12T01:27:29.899+0000] {processor.py:208} INFO - Processing /home/ec2-user/environment/lab4_model_training/venv/lib64/python3.12/site-packages/airflow/example_dags/example_task_group_decorator.py took 0.095 seconds
[2026-03-12T01:28:30.004+0000] {processor.py:186} INFO - Started process (PID=20763) to work on /home/ec2-user/environment/lab4_model_training/venv/lib64/python3.12/site-packages/airflow/example_dags/example_task_group_decorator.py
[2026-03-12T01:28:30.005+0000] {processor.py:914} INFO - Processing file /home/ec2-user/environment/lab4_model_training/venv/lib64/python3.12/site-packages/airflow/example_dags/example_task_group_decorator.py for tasks to queue
[2026-03-12T01:28:30.008+0000] {logging_mixin.py:190} INFO - [2026-03-12T01:28:30.007+0000] {dagbag.py:588} INFO - Filling up the DagBag from /home/ec2-user/environment/lab4_model_training/venv/lib64/python3.12/site-packages/airflow/example_dags/example_task_group_decorator.py
[2026-03-12T01:28:30.029+0000] {processor.py:925} INFO - DAG(s) 'example_task_group_decorator' retrieved from /home/ec2-user/environment/lab4_model_training/venv/lib64/python3.12/site-packages/airflow/example_dags/example_task_group_decorator.py
[2026-03-12T01:28:30.056+0000] {logging_mixin.py:190} INFO - [2026-03-12T01:28:30.056+0000] {dag.py:3239} INFO - Sync 1 DAGs
[2026-03-12T01:28:30.071+0000] {logging_mixin.py:190} INFO - [2026-03-12T01:28:30.071+0000] {dag.py:4180} INFO - Setting next_dagrun for example_task_group_decorator to None, run_after=None
[2026-03-12T01:28:30.094+0000] {processor.py:208} INFO - Processing /home/ec2-user/environment/lab4_model_training/venv/lib64/python3.12/site-packages/airflow/example_dags/example_task_group_decorator.py took 0.097 seconds
[2026-03-12T01:29:34.082+0000] {processor.py:186} INFO - Started process (PID=21022) to work on /home/ec2-user/environment/lab4_model_training/venv/lib64/python3.12/site-packages/airflow/example_dags/example_task_group_decorator.py
[2026-03-12T01:29:34.084+0000] {processor.py:914} INFO - Processing file /home/ec2-user/environment/lab4_model_training/venv/lib64/python3.12/site-packages/airflow/example_dags/example_task_group_decorator.py for tasks to queue
[2026-03-12T01:29:34.086+0000] {logging_mixin.py:190} INFO - [2026-03-12T01:29:34.085+0000] {dagbag.py:588} INFO - Filling up the DagBag from /home/ec2-user/environment/lab4_model_training/venv/lib64/python3.12/site-packages/airflow/example_dags/example_task_group_decorator.py
[2026-03-12T01:29:34.106+0000] {processor.py:925} INFO - DAG(s) 'example_task_group_decorator' retrieved from /home/ec2-user/environment/lab4_model_training/venv/lib64/python3.12/site-packages/airflow/example_dags/example_task_group_decorator.py
[2026-03-12T01:29:34.135+0000] {logging_mixin.py:190} INFO - [2026-03-12T01:29:34.135+0000] {dag.py:3239} INFO - Sync 1 DAGs
[2026-03-12T01:29:34.152+0000] {logging_mixin.py:190} INFO - [2026-03-12T01:29:34.152+0000] {dag.py:4180} INFO - Setting next_dagrun for example_task_group_decorator to None, run_after=None
[2026-03-12T01:29:34.176+0000] {processor.py:208} INFO - Processing /home/ec2-user/environment/lab4_model_training/venv/lib64/python3.12/site-packages/airflow/example_dags/example_task_group_decorator.py took 0.099 seconds
[2026-03-12T01:30:34.357+0000] {processor.py:186} INFO - Started process (PID=21414) to work on /home/ec2-user/environment/lab4_model_training/venv/lib64/python3.12/site-packages/airflow/example_dags/example_task_group_decorator.py
[2026-03-12T01:30:34.359+0000] {processor.py:914} INFO - Processing file /home/ec2-user/environment/lab4_model_training/venv/lib64/python3.12/site-packages/airflow/example_dags/example_task_group_decorator.py for tasks to queue
[2026-03-12T01:30:34.361+0000] {logging_mixin.py:190} INFO - [2026-03-12T01:30:34.360+0000] {dagbag.py:588} INFO - Filling up the DagBag from /home/ec2-user/environment/lab4_model_training/venv/lib64/python3.12/site-packages/airflow/example_dags/example_task_group_decorator.py
[2026-03-12T01:30:34.381+0000] {processor.py:925} INFO - DAG(s) 'example_task_group_decorator' retrieved from /home/ec2-user/environment/lab4_model_training/venv/lib64/python3.12/site-packages/airflow/example_dags/example_task_group_decorator.py
[2026-03-12T01:30:34.408+0000] {logging_mixin.py:190} INFO - [2026-03-12T01:30:34.408+0000] {dag.py:3239} INFO - Sync 1 DAGs
[2026-03-12T01:30:34.422+0000] {logging_mixin.py:190} INFO - [2026-03-12T01:30:34.422+0000] {dag.py:4180} INFO - Setting next_dagrun for example_task_group_decorator to None, run_after=None
[2026-03-12T01:30:34.444+0000] {processor.py:208} INFO - Processing /home/ec2-user/environment/lab4_model_training/venv/lib64/python3.12/site-packages/airflow/example_dags/example_task_group_decorator.py took 0.093 seconds
[2026-03-12T01:31:37.096+0000] {processor.py:186} INFO - Started process (PID=21699) to work on /home/ec2-user/environment/lab4_model_training/venv/lib64/python3.12/site-packages/airflow/example_dags/example_task_group_decorator.py
[2026-03-12T01:31:37.097+0000] {processor.py:914} INFO - Processing file /home/ec2-user/environment/lab4_model_training/venv/lib64/python3.12/site-packages/airflow/example_dags/example_task_group_decorator.py for tasks to queue
[2026-03-12T01:31:37.099+0000] {logging_mixin.py:190} INFO - [2026-03-12T01:31:37.099+0000] {dagbag.py:588} INFO - Filling up the DagBag from /home/ec2-user/environment/lab4_model_training/venv/lib64/python3.12/site-packages/airflow/example_dags/example_task_group_decorator.py
[2026-03-12T01:31:37.119+0000] {processor.py:925} INFO - DAG(s) 'example_task_group_decorator' retrieved from /home/ec2-user/environment/lab4_model_training/venv/lib64/python3.12/site-packages/airflow/example_dags/example_task_group_decorator.py
[2026-03-12T01:31:37.145+0000] {logging_mixin.py:190} INFO - [2026-03-12T01:31:37.145+0000] {dag.py:3239} INFO - Sync 1 DAGs
[2026-03-12T01:31:37.161+0000] {logging_mixin.py:190} INFO - [2026-03-12T01:31:37.161+0000] {dag.py:4180} INFO - Setting next_dagrun for example_task_group_decorator to None, run_after=None
[2026-03-12T01:31:37.183+0000] {processor.py:208} INFO - Processing /home/ec2-user/environment/lab4_model_training/venv/lib64/python3.12/site-packages/airflow/example_dags/example_task_group_decorator.py took 0.094 seconds
[2026-03-12T01:32:37.712+0000] {processor.py:186} INFO - Started process (PID=21938) to work on /home/ec2-user/environment/lab4_model_training/venv/lib64/python3.12/site-packages/airflow/example_dags/example_task_group_decorator.py
[2026-03-12T01:32:37.713+0000] {processor.py:914} INFO - Processing file /home/ec2-user/environment/lab4_model_training/venv/lib64/python3.12/site-packages/airflow/example_dags/example_task_group_decorator.py for tasks to queue
[2026-03-12T01:32:37.716+0000] {logging_mixin.py:190} INFO - [2026-03-12T01:32:37.715+0000] {dagbag.py:588} INFO - Filling up the DagBag from /home/ec2-user/environment/lab4_model_training/venv/lib64/python3.12/site-packages/airflow/example_dags/example_task_group_decorator.py
[2026-03-12T01:32:37.736+0000] {processor.py:925} INFO - DAG(s) 'example_task_group_decorator' retrieved from /home/ec2-user/environment/lab4_model_training/venv/lib64/python3.12/site-packages/airflow/example_dags/example_task_group_decorator.py
[2026-03-12T01:32:37.763+0000] {logging_mixin.py:190} INFO - [2026-03-12T01:32:37.763+0000] {dag.py:3239} INFO - Sync 1 DAGs
[2026-03-12T01:32:37.778+0000] {logging_mixin.py:190} INFO - [2026-03-12T01:32:37.777+0000] {dag.py:4180} INFO - Setting next_dagrun for example_task_group_decorator to None, run_after=None
[2026-03-12T01:32:37.801+0000] {processor.py:208} INFO - Processing /home/ec2-user/environment/lab4_model_training/venv/lib64/python3.12/site-packages/airflow/example_dags/example_task_group_decorator.py took 0.094 seconds
[2026-03-12T01:33:36.933+0000] {processor.py:186} INFO - Started process (PID=22204) to work on /home/ec2-user/environment/lab4_model_training/venv/lib64/python3.12/site-packages/airflow/example_dags/example_task_group_decorator.py
[2026-03-12T01:33:36.934+0000] {processor.py:914} INFO - Processing file /home/ec2-user/environment/lab4_model_training/venv/lib64/python3.12/site-packages/airflow/example_dags/example_task_group_decorator.py for tasks to queue
[2026-03-12T01:33:36.936+0000] {logging_mixin.py:190} INFO - [2026-03-12T01:33:36.936+0000] {dagbag.py:588} INFO - Filling up the DagBag from /home/ec2-user/environment/lab4_model_training/venv/lib64/python3.12/site-packages/airflow/example_dags/example_task_group_decorator.py
[2026-03-12T01:33:36.956+0000] {processor.py:925} INFO - DAG(s) 'example_task_group_decorator' retrieved from /home/ec2-user/environment/lab4_model_training/venv/lib64/python3.12/site-packages/airflow/example_dags/example_task_group_decorator.py
[2026-03-12T01:33:36.984+0000] {logging_mixin.py:190} INFO - [2026-03-12T01:33:36.984+0000] {dag.py:3239} INFO - Sync 1 DAGs
[2026-03-12T01:33:37.000+0000] {logging_mixin.py:190} INFO - [2026-03-12T01:33:36.999+0000] {dag.py:4180} INFO - Setting next_dagrun for example_task_group_decorator to None, run_after=None
[2026-03-12T01:33:37.021+0000] {processor.py:208} INFO - Processing /home/ec2-user/environment/lab4_model_training/venv/lib64/python3.12/site-packages/airflow/example_dags/example_task_group_decorator.py took 0.094 seconds
