[2026-03-12T00:34:27.170+0000] {processor.py:186} INFO - Started process (PID=6595) to work on /home/ec2-user/environment/lab4_model_training/venv/lib64/python3.12/site-packages/airflow/example_dags/example_latest_only.py
[2026-03-12T00:34:27.171+0000] {processor.py:914} INFO - Processing file /home/ec2-user/environment/lab4_model_training/venv/lib64/python3.12/site-packages/airflow/example_dags/example_latest_only.py for tasks to queue
[2026-03-12T00:34:27.173+0000] {logging_mixin.py:190} INFO - [2026-03-12T00:34:27.173+0000] {dagbag.py:588} INFO - Filling up the DagBag from /home/ec2-user/environment/lab4_model_training/venv/lib64/python3.12/site-packages/airflow/example_dags/example_latest_only.py
[2026-03-12T00:34:27.184+0000] {processor.py:925} INFO - DAG(s) 'latest_only' retrieved from /home/ec2-user/environment/lab4_model_training/venv/lib64/python3.12/site-packages/airflow/example_dags/example_latest_only.py
[2026-03-12T00:34:27.275+0000] {logging_mixin.py:190} INFO - [2026-03-12T00:34:27.274+0000] {override.py:1930} INFO - Created Permission View: can delete on DAG:latest_only
[2026-03-12T00:34:27.289+0000] {logging_mixin.py:190} INFO - [2026-03-12T00:34:27.288+0000] {override.py:1930} INFO - Created Permission View: can edit on DAG:latest_only
[2026-03-12T00:34:27.300+0000] {logging_mixin.py:190} INFO - [2026-03-12T00:34:27.299+0000] {override.py:1930} INFO - Created Permission View: can read on DAG:latest_only
[2026-03-12T00:34:27.314+0000] {logging_mixin.py:190} INFO - [2026-03-12T00:34:27.314+0000] {override.py:1930} INFO - Created Permission View: menu access on DAG Run:latest_only
[2026-03-12T00:34:27.324+0000] {logging_mixin.py:190} INFO - [2026-03-12T00:34:27.324+0000] {override.py:1930} INFO - Created Permission View: can create on DAG Run:latest_only
[2026-03-12T00:34:27.337+0000] {logging_mixin.py:190} INFO - [2026-03-12T00:34:27.337+0000] {override.py:1930} INFO - Created Permission View: can delete on DAG Run:latest_only
[2026-03-12T00:34:27.346+0000] {logging_mixin.py:190} INFO - [2026-03-12T00:34:27.346+0000] {override.py:1930} INFO - Created Permission View: can read on DAG Run:latest_only
[2026-03-12T00:34:27.346+0000] {logging_mixin.py:190} INFO - [2026-03-12T00:34:27.346+0000] {dag.py:3239} INFO - Sync 1 DAGs
[2026-03-12T00:34:27.360+0000] {logging_mixin.py:190} INFO - [2026-03-12T00:34:27.360+0000] {dag.py:3262} INFO - Creating ORM DAG for latest_only
[2026-03-12T00:34:27.369+0000] {logging_mixin.py:190} INFO - [2026-03-12T00:34:27.369+0000] {dag.py:4180} INFO - Setting next_dagrun for latest_only to 2026-03-11 20:00:00+00:00, run_after=2026-03-12 00:00:00+00:00
[2026-03-12T00:34:27.389+0000] {processor.py:208} INFO - Processing /home/ec2-user/environment/lab4_model_training/venv/lib64/python3.12/site-packages/airflow/example_dags/example_latest_only.py took 0.224 seconds
[2026-03-12T00:35:22.211+0000] {processor.py:186} INFO - Started process (PID=6816) to work on /home/ec2-user/environment/lab4_model_training/venv/lib64/python3.12/site-packages/airflow/example_dags/example_latest_only.py
[2026-03-12T00:35:22.212+0000] {processor.py:914} INFO - Processing file /home/ec2-user/environment/lab4_model_training/venv/lib64/python3.12/site-packages/airflow/example_dags/example_latest_only.py for tasks to queue
[2026-03-12T00:35:22.214+0000] {logging_mixin.py:190} INFO - [2026-03-12T00:35:22.214+0000] {dagbag.py:588} INFO - Filling up the DagBag from /home/ec2-user/environment/lab4_model_training/venv/lib64/python3.12/site-packages/airflow/example_dags/example_latest_only.py
[2026-03-12T00:35:22.225+0000] {processor.py:925} INFO - DAG(s) 'latest_only' retrieved from /home/ec2-user/environment/lab4_model_training/venv/lib64/python3.12/site-packages/airflow/example_dags/example_latest_only.py
[2026-03-12T00:35:22.241+0000] {logging_mixin.py:190} INFO - [2026-03-12T00:35:22.241+0000] {dag.py:3239} INFO - Sync 1 DAGs
[2026-03-12T00:35:22.261+0000] {logging_mixin.py:190} INFO - [2026-03-12T00:35:22.261+0000] {dag.py:4180} INFO - Setting next_dagrun for latest_only to 2026-03-11 20:00:00+00:00, run_after=2026-03-12 00:00:00+00:00
[2026-03-12T00:35:22.283+0000] {processor.py:208} INFO - Processing /home/ec2-user/environment/lab4_model_training/venv/lib64/python3.12/site-packages/airflow/example_dags/example_latest_only.py took 0.077 seconds
[2026-03-12T00:36:24.732+0000] {processor.py:186} INFO - Started process (PID=7108) to work on /home/ec2-user/environment/lab4_model_training/venv/lib64/python3.12/site-packages/airflow/example_dags/example_latest_only.py
[2026-03-12T00:36:24.733+0000] {processor.py:914} INFO - Processing file /home/ec2-user/environment/lab4_model_training/venv/lib64/python3.12/site-packages/airflow/example_dags/example_latest_only.py for tasks to queue
[2026-03-12T00:36:24.736+0000] {logging_mixin.py:190} INFO - [2026-03-12T00:36:24.736+0000] {dagbag.py:588} INFO - Filling up the DagBag from /home/ec2-user/environment/lab4_model_training/venv/lib64/python3.12/site-packages/airflow/example_dags/example_latest_only.py
[2026-03-12T00:36:24.745+0000] {processor.py:925} INFO - DAG(s) 'latest_only' retrieved from /home/ec2-user/environment/lab4_model_training/venv/lib64/python3.12/site-packages/airflow/example_dags/example_latest_only.py
[2026-03-12T00:36:24.774+0000] {logging_mixin.py:190} INFO - [2026-03-12T00:36:24.773+0000] {dag.py:3239} INFO - Sync 1 DAGs
[2026-03-12T00:36:24.814+0000] {logging_mixin.py:190} INFO - [2026-03-12T00:36:24.814+0000] {dag.py:4180} INFO - Setting next_dagrun for latest_only to 2026-03-11 20:00:00+00:00, run_after=2026-03-12 00:00:00+00:00
[2026-03-12T00:36:24.837+0000] {processor.py:208} INFO - Processing /home/ec2-user/environment/lab4_model_training/venv/lib64/python3.12/site-packages/airflow/example_dags/example_latest_only.py took 0.109 seconds
[2026-03-12T00:37:56.661+0000] {processor.py:186} INFO - Started process (PID=7415) to work on /home/ec2-user/environment/lab4_model_training/venv/lib64/python3.12/site-packages/airflow/example_dags/example_latest_only.py
[2026-03-12T00:37:56.663+0000] {processor.py:914} INFO - Processing file /home/ec2-user/environment/lab4_model_training/venv/lib64/python3.12/site-packages/airflow/example_dags/example_latest_only.py for tasks to queue
[2026-03-12T00:37:56.666+0000] {logging_mixin.py:190} INFO - [2026-03-12T00:37:56.665+0000] {dagbag.py:588} INFO - Filling up the DagBag from /home/ec2-user/environment/lab4_model_training/venv/lib64/python3.12/site-packages/airflow/example_dags/example_latest_only.py
[2026-03-12T00:37:56.682+0000] {processor.py:925} INFO - DAG(s) 'latest_only' retrieved from /home/ec2-user/environment/lab4_model_training/venv/lib64/python3.12/site-packages/airflow/example_dags/example_latest_only.py
[2026-03-12T00:37:56.703+0000] {logging_mixin.py:190} INFO - [2026-03-12T00:37:56.703+0000] {dag.py:3239} INFO - Sync 1 DAGs
[2026-03-12T00:37:56.726+0000] {logging_mixin.py:190} INFO - [2026-03-12T00:37:56.726+0000] {dag.py:4180} INFO - Setting next_dagrun for latest_only to 2026-03-11 20:00:00+00:00, run_after=2026-03-12 00:00:00+00:00
[2026-03-12T00:37:56.749+0000] {processor.py:208} INFO - Processing /home/ec2-user/environment/lab4_model_training/venv/lib64/python3.12/site-packages/airflow/example_dags/example_latest_only.py took 0.092 seconds
[2026-03-12T00:38:52.732+0000] {processor.py:186} INFO - Started process (PID=7655) to work on /home/ec2-user/environment/lab4_model_training/venv/lib64/python3.12/site-packages/airflow/example_dags/example_latest_only.py
[2026-03-12T00:38:52.733+0000] {processor.py:914} INFO - Processing file /home/ec2-user/environment/lab4_model_training/venv/lib64/python3.12/site-packages/airflow/example_dags/example_latest_only.py for tasks to queue
[2026-03-12T00:38:52.735+0000] {logging_mixin.py:190} INFO - [2026-03-12T00:38:52.734+0000] {dagbag.py:588} INFO - Filling up the DagBag from /home/ec2-user/environment/lab4_model_training/venv/lib64/python3.12/site-packages/airflow/example_dags/example_latest_only.py
[2026-03-12T00:38:52.746+0000] {processor.py:925} INFO - DAG(s) 'latest_only' retrieved from /home/ec2-user/environment/lab4_model_training/venv/lib64/python3.12/site-packages/airflow/example_dags/example_latest_only.py
[2026-03-12T00:38:52.764+0000] {logging_mixin.py:190} INFO - [2026-03-12T00:38:52.764+0000] {dag.py:3239} INFO - Sync 1 DAGs
[2026-03-12T00:38:52.789+0000] {logging_mixin.py:190} INFO - [2026-03-12T00:38:52.789+0000] {dag.py:4180} INFO - Setting next_dagrun for latest_only to 2026-03-11 20:00:00+00:00, run_after=2026-03-12 00:00:00+00:00
[2026-03-12T00:38:52.812+0000] {processor.py:208} INFO - Processing /home/ec2-user/environment/lab4_model_training/venv/lib64/python3.12/site-packages/airflow/example_dags/example_latest_only.py took 0.084 seconds
[2026-03-12T00:39:55.543+0000] {processor.py:186} INFO - Started process (PID=7938) to work on /home/ec2-user/environment/lab4_model_training/venv/lib64/python3.12/site-packages/airflow/example_dags/example_latest_only.py
[2026-03-12T00:39:55.544+0000] {processor.py:914} INFO - Processing file /home/ec2-user/environment/lab4_model_training/venv/lib64/python3.12/site-packages/airflow/example_dags/example_latest_only.py for tasks to queue
[2026-03-12T00:39:55.547+0000] {logging_mixin.py:190} INFO - [2026-03-12T00:39:55.547+0000] {dagbag.py:588} INFO - Filling up the DagBag from /home/ec2-user/environment/lab4_model_training/venv/lib64/python3.12/site-packages/airflow/example_dags/example_latest_only.py
[2026-03-12T00:39:55.556+0000] {processor.py:925} INFO - DAG(s) 'latest_only' retrieved from /home/ec2-user/environment/lab4_model_training/venv/lib64/python3.12/site-packages/airflow/example_dags/example_latest_only.py
[2026-03-12T00:39:55.577+0000] {logging_mixin.py:190} INFO - [2026-03-12T00:39:55.576+0000] {dag.py:3239} INFO - Sync 1 DAGs
[2026-03-12T00:39:55.601+0000] {logging_mixin.py:190} INFO - [2026-03-12T00:39:55.601+0000] {dag.py:4180} INFO - Setting next_dagrun for latest_only to 2026-03-11 20:00:00+00:00, run_after=2026-03-12 00:00:00+00:00
[2026-03-12T00:39:55.624+0000] {processor.py:208} INFO - Processing /home/ec2-user/environment/lab4_model_training/venv/lib64/python3.12/site-packages/airflow/example_dags/example_latest_only.py took 0.085 seconds
[2026-03-12T00:40:55.233+0000] {processor.py:186} INFO - Started process (PID=8222) to work on /home/ec2-user/environment/lab4_model_training/venv/lib64/python3.12/site-packages/airflow/example_dags/example_latest_only.py
[2026-03-12T00:40:55.235+0000] {processor.py:914} INFO - Processing file /home/ec2-user/environment/lab4_model_training/venv/lib64/python3.12/site-packages/airflow/example_dags/example_latest_only.py for tasks to queue
[2026-03-12T00:40:55.237+0000] {logging_mixin.py:190} INFO - [2026-03-12T00:40:55.237+0000] {dagbag.py:588} INFO - Filling up the DagBag from /home/ec2-user/environment/lab4_model_training/venv/lib64/python3.12/site-packages/airflow/example_dags/example_latest_only.py
[2026-03-12T00:40:55.246+0000] {processor.py:925} INFO - DAG(s) 'latest_only' retrieved from /home/ec2-user/environment/lab4_model_training/venv/lib64/python3.12/site-packages/airflow/example_dags/example_latest_only.py
[2026-03-12T00:40:55.264+0000] {logging_mixin.py:190} INFO - [2026-03-12T00:40:55.263+0000] {dag.py:3239} INFO - Sync 1 DAGs
[2026-03-12T00:40:55.290+0000] {logging_mixin.py:190} INFO - [2026-03-12T00:40:55.290+0000] {dag.py:4180} INFO - Setting next_dagrun for latest_only to 2026-03-11 20:00:00+00:00, run_after=2026-03-12 00:00:00+00:00
[2026-03-12T00:40:55.313+0000] {processor.py:208} INFO - Processing /home/ec2-user/environment/lab4_model_training/venv/lib64/python3.12/site-packages/airflow/example_dags/example_latest_only.py took 0.084 seconds
[2026-03-12T00:42:00.459+0000] {processor.py:186} INFO - Started process (PID=8471) to work on /home/ec2-user/environment/lab4_model_training/venv/lib64/python3.12/site-packages/airflow/example_dags/example_latest_only.py
[2026-03-12T00:42:00.460+0000] {processor.py:914} INFO - Processing file /home/ec2-user/environment/lab4_model_training/venv/lib64/python3.12/site-packages/airflow/example_dags/example_latest_only.py for tasks to queue
[2026-03-12T00:42:00.463+0000] {logging_mixin.py:190} INFO - [2026-03-12T00:42:00.462+0000] {dagbag.py:588} INFO - Filling up the DagBag from /home/ec2-user/environment/lab4_model_training/venv/lib64/python3.12/site-packages/airflow/example_dags/example_latest_only.py
[2026-03-12T00:42:00.472+0000] {processor.py:925} INFO - DAG(s) 'latest_only' retrieved from /home/ec2-user/environment/lab4_model_training/venv/lib64/python3.12/site-packages/airflow/example_dags/example_latest_only.py
[2026-03-12T00:42:00.493+0000] {logging_mixin.py:190} INFO - [2026-03-12T00:42:00.493+0000] {dag.py:3239} INFO - Sync 1 DAGs
[2026-03-12T00:42:00.517+0000] {logging_mixin.py:190} INFO - [2026-03-12T00:42:00.517+0000] {dag.py:4180} INFO - Setting next_dagrun for latest_only to 2026-03-11 20:00:00+00:00, run_after=2026-03-12 00:00:00+00:00
[2026-03-12T00:42:00.541+0000] {processor.py:208} INFO - Processing /home/ec2-user/environment/lab4_model_training/venv/lib64/python3.12/site-packages/airflow/example_dags/example_latest_only.py took 0.087 seconds
[2026-03-12T00:43:00.080+0000] {processor.py:186} INFO - Started process (PID=8750) to work on /home/ec2-user/environment/lab4_model_training/venv/lib64/python3.12/site-packages/airflow/example_dags/example_latest_only.py
[2026-03-12T00:43:00.081+0000] {processor.py:914} INFO - Processing file /home/ec2-user/environment/lab4_model_training/venv/lib64/python3.12/site-packages/airflow/example_dags/example_latest_only.py for tasks to queue
[2026-03-12T00:43:00.083+0000] {logging_mixin.py:190} INFO - [2026-03-12T00:43:00.083+0000] {dagbag.py:588} INFO - Filling up the DagBag from /home/ec2-user/environment/lab4_model_training/venv/lib64/python3.12/site-packages/airflow/example_dags/example_latest_only.py
[2026-03-12T00:43:00.091+0000] {processor.py:925} INFO - DAG(s) 'latest_only' retrieved from /home/ec2-user/environment/lab4_model_training/venv/lib64/python3.12/site-packages/airflow/example_dags/example_latest_only.py
[2026-03-12T00:43:00.109+0000] {logging_mixin.py:190} INFO - [2026-03-12T00:43:00.109+0000] {dag.py:3239} INFO - Sync 1 DAGs
[2026-03-12T00:43:00.133+0000] {logging_mixin.py:190} INFO - [2026-03-12T00:43:00.133+0000] {dag.py:4180} INFO - Setting next_dagrun for latest_only to 2026-03-11 20:00:00+00:00, run_after=2026-03-12 00:00:00+00:00
[2026-03-12T00:43:00.155+0000] {processor.py:208} INFO - Processing /home/ec2-user/environment/lab4_model_training/venv/lib64/python3.12/site-packages/airflow/example_dags/example_latest_only.py took 0.080 seconds
[2026-03-12T00:44:05.638+0000] {processor.py:186} INFO - Started process (PID=9113) to work on /home/ec2-user/environment/lab4_model_training/venv/lib64/python3.12/site-packages/airflow/example_dags/example_latest_only.py
[2026-03-12T00:44:05.640+0000] {processor.py:914} INFO - Processing file /home/ec2-user/environment/lab4_model_training/venv/lib64/python3.12/site-packages/airflow/example_dags/example_latest_only.py for tasks to queue
[2026-03-12T00:44:05.643+0000] {logging_mixin.py:190} INFO - [2026-03-12T00:44:05.642+0000] {dagbag.py:588} INFO - Filling up the DagBag from /home/ec2-user/environment/lab4_model_training/venv/lib64/python3.12/site-packages/airflow/example_dags/example_latest_only.py
[2026-03-12T00:44:05.655+0000] {processor.py:925} INFO - DAG(s) 'latest_only' retrieved from /home/ec2-user/environment/lab4_model_training/venv/lib64/python3.12/site-packages/airflow/example_dags/example_latest_only.py
[2026-03-12T00:44:05.677+0000] {logging_mixin.py:190} INFO - [2026-03-12T00:44:05.676+0000] {dag.py:3239} INFO - Sync 1 DAGs
[2026-03-12T00:44:05.699+0000] {logging_mixin.py:190} INFO - [2026-03-12T00:44:05.699+0000] {dag.py:4180} INFO - Setting next_dagrun for latest_only to 2026-03-11 20:00:00+00:00, run_after=2026-03-12 00:00:00+00:00
[2026-03-12T00:44:05.723+0000] {processor.py:208} INFO - Processing /home/ec2-user/environment/lab4_model_training/venv/lib64/python3.12/site-packages/airflow/example_dags/example_latest_only.py took 0.089 seconds
[2026-03-12T00:45:55.569+0000] {processor.py:186} INFO - Started process (PID=9567) to work on /home/ec2-user/environment/lab4_model_training/venv/lib64/python3.12/site-packages/airflow/example_dags/example_latest_only.py
[2026-03-12T00:45:55.570+0000] {processor.py:914} INFO - Processing file /home/ec2-user/environment/lab4_model_training/venv/lib64/python3.12/site-packages/airflow/example_dags/example_latest_only.py for tasks to queue
[2026-03-12T00:45:55.573+0000] {logging_mixin.py:190} INFO - [2026-03-12T00:45:55.572+0000] {dagbag.py:588} INFO - Filling up the DagBag from /home/ec2-user/environment/lab4_model_training/venv/lib64/python3.12/site-packages/airflow/example_dags/example_latest_only.py
[2026-03-12T00:45:55.583+0000] {processor.py:925} INFO - DAG(s) 'latest_only' retrieved from /home/ec2-user/environment/lab4_model_training/venv/lib64/python3.12/site-packages/airflow/example_dags/example_latest_only.py
[2026-03-12T00:45:55.601+0000] {logging_mixin.py:190} INFO - [2026-03-12T00:45:55.601+0000] {dag.py:3239} INFO - Sync 1 DAGs
[2026-03-12T00:45:55.623+0000] {logging_mixin.py:190} INFO - [2026-03-12T00:45:55.623+0000] {dag.py:4180} INFO - Setting next_dagrun for latest_only to 2026-03-11 20:00:00+00:00, run_after=2026-03-12 00:00:00+00:00
[2026-03-12T00:45:55.662+0000] {processor.py:208} INFO - Processing /home/ec2-user/environment/lab4_model_training/venv/lib64/python3.12/site-packages/airflow/example_dags/example_latest_only.py took 0.097 seconds
[2026-03-12T00:46:57.278+0000] {processor.py:186} INFO - Started process (PID=9801) to work on /home/ec2-user/environment/lab4_model_training/venv/lib64/python3.12/site-packages/airflow/example_dags/example_latest_only.py
[2026-03-12T00:46:57.280+0000] {processor.py:914} INFO - Processing file /home/ec2-user/environment/lab4_model_training/venv/lib64/python3.12/site-packages/airflow/example_dags/example_latest_only.py for tasks to queue
[2026-03-12T00:46:57.283+0000] {logging_mixin.py:190} INFO - [2026-03-12T00:46:57.282+0000] {dagbag.py:588} INFO - Filling up the DagBag from /home/ec2-user/environment/lab4_model_training/venv/lib64/python3.12/site-packages/airflow/example_dags/example_latest_only.py
[2026-03-12T00:46:57.291+0000] {processor.py:925} INFO - DAG(s) 'latest_only' retrieved from /home/ec2-user/environment/lab4_model_training/venv/lib64/python3.12/site-packages/airflow/example_dags/example_latest_only.py
[2026-03-12T00:46:57.312+0000] {logging_mixin.py:190} INFO - [2026-03-12T00:46:57.312+0000] {dag.py:3239} INFO - Sync 1 DAGs
[2026-03-12T00:46:57.336+0000] {logging_mixin.py:190} INFO - [2026-03-12T00:46:57.336+0000] {dag.py:4180} INFO - Setting next_dagrun for latest_only to 2026-03-11 20:00:00+00:00, run_after=2026-03-12 00:00:00+00:00
[2026-03-12T00:46:57.359+0000] {processor.py:208} INFO - Processing /home/ec2-user/environment/lab4_model_training/venv/lib64/python3.12/site-packages/airflow/example_dags/example_latest_only.py took 0.085 seconds
[2026-03-12T00:47:34.431+0000] {processor.py:186} INFO - Started process (PID=9998) to work on /home/ec2-user/environment/lab4_model_training/venv/lib64/python3.12/site-packages/airflow/example_dags/example_latest_only.py
[2026-03-12T00:47:34.432+0000] {processor.py:914} INFO - Processing file /home/ec2-user/environment/lab4_model_training/venv/lib64/python3.12/site-packages/airflow/example_dags/example_latest_only.py for tasks to queue
[2026-03-12T00:47:34.435+0000] {logging_mixin.py:190} INFO - [2026-03-12T00:47:34.434+0000] {dagbag.py:588} INFO - Filling up the DagBag from /home/ec2-user/environment/lab4_model_training/venv/lib64/python3.12/site-packages/airflow/example_dags/example_latest_only.py
[2026-03-12T00:47:34.446+0000] {processor.py:925} INFO - DAG(s) 'latest_only' retrieved from /home/ec2-user/environment/lab4_model_training/venv/lib64/python3.12/site-packages/airflow/example_dags/example_latest_only.py
[2026-03-12T00:47:34.466+0000] {logging_mixin.py:190} INFO - [2026-03-12T00:47:34.466+0000] {dag.py:3239} INFO - Sync 1 DAGs
[2026-03-12T00:47:34.492+0000] {logging_mixin.py:190} INFO - [2026-03-12T00:47:34.491+0000] {dag.py:4180} INFO - Setting next_dagrun for latest_only to 2026-03-11 20:00:00+00:00, run_after=2026-03-12 00:00:00+00:00
[2026-03-12T00:47:34.515+0000] {processor.py:208} INFO - Processing /home/ec2-user/environment/lab4_model_training/venv/lib64/python3.12/site-packages/airflow/example_dags/example_latest_only.py took 0.088 seconds
[2026-03-12T00:48:38.908+0000] {processor.py:186} INFO - Started process (PID=10249) to work on /home/ec2-user/environment/lab4_model_training/venv/lib64/python3.12/site-packages/airflow/example_dags/example_latest_only.py
[2026-03-12T00:48:38.910+0000] {processor.py:914} INFO - Processing file /home/ec2-user/environment/lab4_model_training/venv/lib64/python3.12/site-packages/airflow/example_dags/example_latest_only.py for tasks to queue
[2026-03-12T00:48:38.913+0000] {logging_mixin.py:190} INFO - [2026-03-12T00:48:38.912+0000] {dagbag.py:588} INFO - Filling up the DagBag from /home/ec2-user/environment/lab4_model_training/venv/lib64/python3.12/site-packages/airflow/example_dags/example_latest_only.py
[2026-03-12T00:48:38.921+0000] {processor.py:925} INFO - DAG(s) 'latest_only' retrieved from /home/ec2-user/environment/lab4_model_training/venv/lib64/python3.12/site-packages/airflow/example_dags/example_latest_only.py
[2026-03-12T00:48:38.942+0000] {logging_mixin.py:190} INFO - [2026-03-12T00:48:38.941+0000] {dag.py:3239} INFO - Sync 1 DAGs
[2026-03-12T00:48:38.967+0000] {logging_mixin.py:190} INFO - [2026-03-12T00:48:38.967+0000] {dag.py:4180} INFO - Setting next_dagrun for latest_only to 2026-03-11 20:00:00+00:00, run_after=2026-03-12 00:00:00+00:00
[2026-03-12T00:48:38.990+0000] {processor.py:208} INFO - Processing /home/ec2-user/environment/lab4_model_training/venv/lib64/python3.12/site-packages/airflow/example_dags/example_latest_only.py took 0.086 seconds
[2026-03-12T00:49:44.948+0000] {processor.py:186} INFO - Started process (PID=10588) to work on /home/ec2-user/environment/lab4_model_training/venv/lib64/python3.12/site-packages/airflow/example_dags/example_latest_only.py
[2026-03-12T00:49:44.950+0000] {processor.py:914} INFO - Processing file /home/ec2-user/environment/lab4_model_training/venv/lib64/python3.12/site-packages/airflow/example_dags/example_latest_only.py for tasks to queue
[2026-03-12T00:49:44.953+0000] {logging_mixin.py:190} INFO - [2026-03-12T00:49:44.952+0000] {dagbag.py:588} INFO - Filling up the DagBag from /home/ec2-user/environment/lab4_model_training/venv/lib64/python3.12/site-packages/airflow/example_dags/example_latest_only.py
[2026-03-12T00:49:44.962+0000] {processor.py:925} INFO - DAG(s) 'latest_only' retrieved from /home/ec2-user/environment/lab4_model_training/venv/lib64/python3.12/site-packages/airflow/example_dags/example_latest_only.py
[2026-03-12T00:49:44.983+0000] {logging_mixin.py:190} INFO - [2026-03-12T00:49:44.983+0000] {dag.py:3239} INFO - Sync 1 DAGs
[2026-03-12T00:49:45.007+0000] {logging_mixin.py:190} INFO - [2026-03-12T00:49:45.007+0000] {dag.py:4180} INFO - Setting next_dagrun for latest_only to 2026-03-11 20:00:00+00:00, run_after=2026-03-12 00:00:00+00:00
[2026-03-12T00:49:45.030+0000] {processor.py:208} INFO - Processing /home/ec2-user/environment/lab4_model_training/venv/lib64/python3.12/site-packages/airflow/example_dags/example_latest_only.py took 0.086 seconds
[2026-03-12T00:50:48.032+0000] {processor.py:186} INFO - Started process (PID=10838) to work on /home/ec2-user/environment/lab4_model_training/venv/lib64/python3.12/site-packages/airflow/example_dags/example_latest_only.py
[2026-03-12T00:50:48.033+0000] {processor.py:914} INFO - Processing file /home/ec2-user/environment/lab4_model_training/venv/lib64/python3.12/site-packages/airflow/example_dags/example_latest_only.py for tasks to queue
[2026-03-12T00:50:48.036+0000] {logging_mixin.py:190} INFO - [2026-03-12T00:50:48.036+0000] {dagbag.py:588} INFO - Filling up the DagBag from /home/ec2-user/environment/lab4_model_training/venv/lib64/python3.12/site-packages/airflow/example_dags/example_latest_only.py
[2026-03-12T00:50:48.045+0000] {processor.py:925} INFO - DAG(s) 'latest_only' retrieved from /home/ec2-user/environment/lab4_model_training/venv/lib64/python3.12/site-packages/airflow/example_dags/example_latest_only.py
[2026-03-12T00:50:48.064+0000] {logging_mixin.py:190} INFO - [2026-03-12T00:50:48.064+0000] {dag.py:3239} INFO - Sync 1 DAGs
[2026-03-12T00:50:48.089+0000] {logging_mixin.py:190} INFO - [2026-03-12T00:50:48.089+0000] {dag.py:4180} INFO - Setting next_dagrun for latest_only to 2026-03-11 20:00:00+00:00, run_after=2026-03-12 00:00:00+00:00
[2026-03-12T00:50:48.111+0000] {processor.py:208} INFO - Processing /home/ec2-user/environment/lab4_model_training/venv/lib64/python3.12/site-packages/airflow/example_dags/example_latest_only.py took 0.084 seconds
[2026-03-12T00:51:48.915+0000] {processor.py:186} INFO - Started process (PID=11148) to work on /home/ec2-user/environment/lab4_model_training/venv/lib64/python3.12/site-packages/airflow/example_dags/example_latest_only.py
[2026-03-12T00:51:48.916+0000] {processor.py:914} INFO - Processing file /home/ec2-user/environment/lab4_model_training/venv/lib64/python3.12/site-packages/airflow/example_dags/example_latest_only.py for tasks to queue
[2026-03-12T00:51:48.918+0000] {logging_mixin.py:190} INFO - [2026-03-12T00:51:48.917+0000] {dagbag.py:588} INFO - Filling up the DagBag from /home/ec2-user/environment/lab4_model_training/venv/lib64/python3.12/site-packages/airflow/example_dags/example_latest_only.py
[2026-03-12T00:51:48.926+0000] {processor.py:925} INFO - DAG(s) 'latest_only' retrieved from /home/ec2-user/environment/lab4_model_training/venv/lib64/python3.12/site-packages/airflow/example_dags/example_latest_only.py
[2026-03-12T00:51:48.944+0000] {logging_mixin.py:190} INFO - [2026-03-12T00:51:48.944+0000] {dag.py:3239} INFO - Sync 1 DAGs
[2026-03-12T00:51:48.968+0000] {logging_mixin.py:190} INFO - [2026-03-12T00:51:48.968+0000] {dag.py:4180} INFO - Setting next_dagrun for latest_only to 2026-03-11 20:00:00+00:00, run_after=2026-03-12 00:00:00+00:00
[2026-03-12T00:51:48.994+0000] {processor.py:208} INFO - Processing /home/ec2-user/environment/lab4_model_training/venv/lib64/python3.12/site-packages/airflow/example_dags/example_latest_only.py took 0.084 seconds
[2026-03-12T00:52:47.956+0000] {processor.py:186} INFO - Started process (PID=11446) to work on /home/ec2-user/environment/lab4_model_training/venv/lib64/python3.12/site-packages/airflow/example_dags/example_latest_only.py
[2026-03-12T00:52:47.957+0000] {processor.py:914} INFO - Processing file /home/ec2-user/environment/lab4_model_training/venv/lib64/python3.12/site-packages/airflow/example_dags/example_latest_only.py for tasks to queue
[2026-03-12T00:52:47.959+0000] {logging_mixin.py:190} INFO - [2026-03-12T00:52:47.959+0000] {dagbag.py:588} INFO - Filling up the DagBag from /home/ec2-user/environment/lab4_model_training/venv/lib64/python3.12/site-packages/airflow/example_dags/example_latest_only.py
[2026-03-12T00:52:47.967+0000] {processor.py:925} INFO - DAG(s) 'latest_only' retrieved from /home/ec2-user/environment/lab4_model_training/venv/lib64/python3.12/site-packages/airflow/example_dags/example_latest_only.py
[2026-03-12T00:52:47.988+0000] {logging_mixin.py:190} INFO - [2026-03-12T00:52:47.988+0000] {dag.py:3239} INFO - Sync 1 DAGs
[2026-03-12T00:52:48.014+0000] {logging_mixin.py:190} INFO - [2026-03-12T00:52:48.013+0000] {dag.py:4180} INFO - Setting next_dagrun for latest_only to 2026-03-11 20:00:00+00:00, run_after=2026-03-12 00:00:00+00:00
[2026-03-12T00:52:48.037+0000] {processor.py:208} INFO - Processing /home/ec2-user/environment/lab4_model_training/venv/lib64/python3.12/site-packages/airflow/example_dags/example_latest_only.py took 0.089 seconds
[2026-03-12T00:53:47.272+0000] {processor.py:186} INFO - Started process (PID=11679) to work on /home/ec2-user/environment/lab4_model_training/venv/lib64/python3.12/site-packages/airflow/example_dags/example_latest_only.py
[2026-03-12T00:53:47.273+0000] {processor.py:914} INFO - Processing file /home/ec2-user/environment/lab4_model_training/venv/lib64/python3.12/site-packages/airflow/example_dags/example_latest_only.py for tasks to queue
[2026-03-12T00:53:47.276+0000] {logging_mixin.py:190} INFO - [2026-03-12T00:53:47.276+0000] {dagbag.py:588} INFO - Filling up the DagBag from /home/ec2-user/environment/lab4_model_training/venv/lib64/python3.12/site-packages/airflow/example_dags/example_latest_only.py
[2026-03-12T00:53:47.285+0000] {processor.py:925} INFO - DAG(s) 'latest_only' retrieved from /home/ec2-user/environment/lab4_model_training/venv/lib64/python3.12/site-packages/airflow/example_dags/example_latest_only.py
[2026-03-12T00:53:47.305+0000] {logging_mixin.py:190} INFO - [2026-03-12T00:53:47.305+0000] {dag.py:3239} INFO - Sync 1 DAGs
[2026-03-12T00:53:47.331+0000] {logging_mixin.py:190} INFO - [2026-03-12T00:53:47.331+0000] {dag.py:4180} INFO - Setting next_dagrun for latest_only to 2026-03-11 20:00:00+00:00, run_after=2026-03-12 00:00:00+00:00
[2026-03-12T00:53:47.356+0000] {processor.py:208} INFO - Processing /home/ec2-user/environment/lab4_model_training/venv/lib64/python3.12/site-packages/airflow/example_dags/example_latest_only.py took 0.089 seconds
[2026-03-12T00:54:48.474+0000] {processor.py:186} INFO - Started process (PID=11956) to work on /home/ec2-user/environment/lab4_model_training/venv/lib64/python3.12/site-packages/airflow/example_dags/example_latest_only.py
[2026-03-12T00:54:48.475+0000] {processor.py:914} INFO - Processing file /home/ec2-user/environment/lab4_model_training/venv/lib64/python3.12/site-packages/airflow/example_dags/example_latest_only.py for tasks to queue
[2026-03-12T00:54:48.478+0000] {logging_mixin.py:190} INFO - [2026-03-12T00:54:48.478+0000] {dagbag.py:588} INFO - Filling up the DagBag from /home/ec2-user/environment/lab4_model_training/venv/lib64/python3.12/site-packages/airflow/example_dags/example_latest_only.py
[2026-03-12T00:54:48.487+0000] {processor.py:925} INFO - DAG(s) 'latest_only' retrieved from /home/ec2-user/environment/lab4_model_training/venv/lib64/python3.12/site-packages/airflow/example_dags/example_latest_only.py
[2026-03-12T00:54:48.507+0000] {logging_mixin.py:190} INFO - [2026-03-12T00:54:48.507+0000] {dag.py:3239} INFO - Sync 1 DAGs
[2026-03-12T00:54:48.532+0000] {logging_mixin.py:190} INFO - [2026-03-12T00:54:48.532+0000] {dag.py:4180} INFO - Setting next_dagrun for latest_only to 2026-03-11 20:00:00+00:00, run_after=2026-03-12 00:00:00+00:00
[2026-03-12T00:54:48.558+0000] {processor.py:208} INFO - Processing /home/ec2-user/environment/lab4_model_training/venv/lib64/python3.12/site-packages/airflow/example_dags/example_latest_only.py took 0.089 seconds
[2026-03-12T00:55:54.323+0000] {processor.py:186} INFO - Started process (PID=12194) to work on /home/ec2-user/environment/lab4_model_training/venv/lib64/python3.12/site-packages/airflow/example_dags/example_latest_only.py
[2026-03-12T00:55:54.324+0000] {processor.py:914} INFO - Processing file /home/ec2-user/environment/lab4_model_training/venv/lib64/python3.12/site-packages/airflow/example_dags/example_latest_only.py for tasks to queue
[2026-03-12T00:55:54.326+0000] {logging_mixin.py:190} INFO - [2026-03-12T00:55:54.326+0000] {dagbag.py:588} INFO - Filling up the DagBag from /home/ec2-user/environment/lab4_model_training/venv/lib64/python3.12/site-packages/airflow/example_dags/example_latest_only.py
[2026-03-12T00:55:54.334+0000] {processor.py:925} INFO - DAG(s) 'latest_only' retrieved from /home/ec2-user/environment/lab4_model_training/venv/lib64/python3.12/site-packages/airflow/example_dags/example_latest_only.py
[2026-03-12T00:55:54.351+0000] {logging_mixin.py:190} INFO - [2026-03-12T00:55:54.351+0000] {dag.py:3239} INFO - Sync 1 DAGs
[2026-03-12T00:55:54.376+0000] {logging_mixin.py:190} INFO - [2026-03-12T00:55:54.375+0000] {dag.py:4180} INFO - Setting next_dagrun for latest_only to 2026-03-11 20:00:00+00:00, run_after=2026-03-12 00:00:00+00:00
[2026-03-12T00:55:54.400+0000] {processor.py:208} INFO - Processing /home/ec2-user/environment/lab4_model_training/venv/lib64/python3.12/site-packages/airflow/example_dags/example_latest_only.py took 0.083 seconds
[2026-03-12T00:56:57.463+0000] {processor.py:186} INFO - Started process (PID=12478) to work on /home/ec2-user/environment/lab4_model_training/venv/lib64/python3.12/site-packages/airflow/example_dags/example_latest_only.py
[2026-03-12T00:56:57.464+0000] {processor.py:914} INFO - Processing file /home/ec2-user/environment/lab4_model_training/venv/lib64/python3.12/site-packages/airflow/example_dags/example_latest_only.py for tasks to queue
[2026-03-12T00:56:57.468+0000] {logging_mixin.py:190} INFO - [2026-03-12T00:56:57.467+0000] {dagbag.py:588} INFO - Filling up the DagBag from /home/ec2-user/environment/lab4_model_training/venv/lib64/python3.12/site-packages/airflow/example_dags/example_latest_only.py
[2026-03-12T00:56:57.476+0000] {processor.py:925} INFO - DAG(s) 'latest_only' retrieved from /home/ec2-user/environment/lab4_model_training/venv/lib64/python3.12/site-packages/airflow/example_dags/example_latest_only.py
[2026-03-12T00:56:57.497+0000] {logging_mixin.py:190} INFO - [2026-03-12T00:56:57.497+0000] {dag.py:3239} INFO - Sync 1 DAGs
[2026-03-12T00:56:57.522+0000] {logging_mixin.py:190} INFO - [2026-03-12T00:56:57.522+0000] {dag.py:4180} INFO - Setting next_dagrun for latest_only to 2026-03-11 20:00:00+00:00, run_after=2026-03-12 00:00:00+00:00
[2026-03-12T00:56:57.546+0000] {processor.py:208} INFO - Processing /home/ec2-user/environment/lab4_model_training/venv/lib64/python3.12/site-packages/airflow/example_dags/example_latest_only.py took 0.088 seconds
[2026-03-12T00:57:58.921+0000] {processor.py:186} INFO - Started process (PID=12714) to work on /home/ec2-user/environment/lab4_model_training/venv/lib64/python3.12/site-packages/airflow/example_dags/example_latest_only.py
[2026-03-12T00:57:58.923+0000] {processor.py:914} INFO - Processing file /home/ec2-user/environment/lab4_model_training/venv/lib64/python3.12/site-packages/airflow/example_dags/example_latest_only.py for tasks to queue
[2026-03-12T00:57:58.926+0000] {logging_mixin.py:190} INFO - [2026-03-12T00:57:58.925+0000] {dagbag.py:588} INFO - Filling up the DagBag from /home/ec2-user/environment/lab4_model_training/venv/lib64/python3.12/site-packages/airflow/example_dags/example_latest_only.py
[2026-03-12T00:57:58.934+0000] {processor.py:925} INFO - DAG(s) 'latest_only' retrieved from /home/ec2-user/environment/lab4_model_training/venv/lib64/python3.12/site-packages/airflow/example_dags/example_latest_only.py
[2026-03-12T00:57:58.952+0000] {logging_mixin.py:190} INFO - [2026-03-12T00:57:58.952+0000] {dag.py:3239} INFO - Sync 1 DAGs
[2026-03-12T00:57:58.977+0000] {logging_mixin.py:190} INFO - [2026-03-12T00:57:58.977+0000] {dag.py:4180} INFO - Setting next_dagrun for latest_only to 2026-03-11 20:00:00+00:00, run_after=2026-03-12 00:00:00+00:00
[2026-03-12T00:57:59.000+0000] {processor.py:208} INFO - Processing /home/ec2-user/environment/lab4_model_training/venv/lib64/python3.12/site-packages/airflow/example_dags/example_latest_only.py took 0.084 seconds
[2026-03-12T00:59:00.351+0000] {processor.py:186} INFO - Started process (PID=13021) to work on /home/ec2-user/environment/lab4_model_training/venv/lib64/python3.12/site-packages/airflow/example_dags/example_latest_only.py
[2026-03-12T00:59:00.352+0000] {processor.py:914} INFO - Processing file /home/ec2-user/environment/lab4_model_training/venv/lib64/python3.12/site-packages/airflow/example_dags/example_latest_only.py for tasks to queue
[2026-03-12T00:59:00.354+0000] {logging_mixin.py:190} INFO - [2026-03-12T00:59:00.354+0000] {dagbag.py:588} INFO - Filling up the DagBag from /home/ec2-user/environment/lab4_model_training/venv/lib64/python3.12/site-packages/airflow/example_dags/example_latest_only.py
[2026-03-12T00:59:00.362+0000] {processor.py:925} INFO - DAG(s) 'latest_only' retrieved from /home/ec2-user/environment/lab4_model_training/venv/lib64/python3.12/site-packages/airflow/example_dags/example_latest_only.py
[2026-03-12T00:59:00.379+0000] {logging_mixin.py:190} INFO - [2026-03-12T00:59:00.379+0000] {dag.py:3239} INFO - Sync 1 DAGs
[2026-03-12T00:59:00.404+0000] {logging_mixin.py:190} INFO - [2026-03-12T00:59:00.404+0000] {dag.py:4180} INFO - Setting next_dagrun for latest_only to 2026-03-11 20:00:00+00:00, run_after=2026-03-12 00:00:00+00:00
[2026-03-12T00:59:00.426+0000] {processor.py:208} INFO - Processing /home/ec2-user/environment/lab4_model_training/venv/lib64/python3.12/site-packages/airflow/example_dags/example_latest_only.py took 0.081 seconds
[2026-03-12T01:00:04.007+0000] {processor.py:186} INFO - Started process (PID=13273) to work on /home/ec2-user/environment/lab4_model_training/venv/lib64/python3.12/site-packages/airflow/example_dags/example_latest_only.py
[2026-03-12T01:00:04.008+0000] {processor.py:914} INFO - Processing file /home/ec2-user/environment/lab4_model_training/venv/lib64/python3.12/site-packages/airflow/example_dags/example_latest_only.py for tasks to queue
[2026-03-12T01:00:04.012+0000] {logging_mixin.py:190} INFO - [2026-03-12T01:00:04.011+0000] {dagbag.py:588} INFO - Filling up the DagBag from /home/ec2-user/environment/lab4_model_training/venv/lib64/python3.12/site-packages/airflow/example_dags/example_latest_only.py
[2026-03-12T01:00:04.020+0000] {processor.py:925} INFO - DAG(s) 'latest_only' retrieved from /home/ec2-user/environment/lab4_model_training/venv/lib64/python3.12/site-packages/airflow/example_dags/example_latest_only.py
[2026-03-12T01:00:04.040+0000] {logging_mixin.py:190} INFO - [2026-03-12T01:00:04.039+0000] {dag.py:3239} INFO - Sync 1 DAGs
[2026-03-12T01:00:04.064+0000] {logging_mixin.py:190} INFO - [2026-03-12T01:00:04.063+0000] {dag.py:4180} INFO - Setting next_dagrun for latest_only to 2026-03-11 20:00:00+00:00, run_after=2026-03-12 00:00:00+00:00
[2026-03-12T01:00:04.087+0000] {processor.py:208} INFO - Processing /home/ec2-user/environment/lab4_model_training/venv/lib64/python3.12/site-packages/airflow/example_dags/example_latest_only.py took 0.086 seconds
[2026-03-12T01:01:08.048+0000] {processor.py:186} INFO - Started process (PID=13586) to work on /home/ec2-user/environment/lab4_model_training/venv/lib64/python3.12/site-packages/airflow/example_dags/example_latest_only.py
[2026-03-12T01:01:08.049+0000] {processor.py:914} INFO - Processing file /home/ec2-user/environment/lab4_model_training/venv/lib64/python3.12/site-packages/airflow/example_dags/example_latest_only.py for tasks to queue
[2026-03-12T01:01:08.051+0000] {logging_mixin.py:190} INFO - [2026-03-12T01:01:08.051+0000] {dagbag.py:588} INFO - Filling up the DagBag from /home/ec2-user/environment/lab4_model_training/venv/lib64/python3.12/site-packages/airflow/example_dags/example_latest_only.py
[2026-03-12T01:01:08.059+0000] {processor.py:925} INFO - DAG(s) 'latest_only' retrieved from /home/ec2-user/environment/lab4_model_training/venv/lib64/python3.12/site-packages/airflow/example_dags/example_latest_only.py
[2026-03-12T01:01:08.076+0000] {logging_mixin.py:190} INFO - [2026-03-12T01:01:08.076+0000] {dag.py:3239} INFO - Sync 1 DAGs
[2026-03-12T01:01:08.101+0000] {logging_mixin.py:190} INFO - [2026-03-12T01:01:08.101+0000] {dag.py:4180} INFO - Setting next_dagrun for latest_only to 2026-03-11 20:00:00+00:00, run_after=2026-03-12 00:00:00+00:00
[2026-03-12T01:01:08.125+0000] {processor.py:208} INFO - Processing /home/ec2-user/environment/lab4_model_training/venv/lib64/python3.12/site-packages/airflow/example_dags/example_latest_only.py took 0.083 seconds
[2026-03-12T01:02:10.989+0000] {processor.py:186} INFO - Started process (PID=13822) to work on /home/ec2-user/environment/lab4_model_training/venv/lib64/python3.12/site-packages/airflow/example_dags/example_latest_only.py
[2026-03-12T01:02:10.990+0000] {processor.py:914} INFO - Processing file /home/ec2-user/environment/lab4_model_training/venv/lib64/python3.12/site-packages/airflow/example_dags/example_latest_only.py for tasks to queue
[2026-03-12T01:02:10.994+0000] {logging_mixin.py:190} INFO - [2026-03-12T01:02:10.993+0000] {dagbag.py:588} INFO - Filling up the DagBag from /home/ec2-user/environment/lab4_model_training/venv/lib64/python3.12/site-packages/airflow/example_dags/example_latest_only.py
[2026-03-12T01:02:11.002+0000] {processor.py:925} INFO - DAG(s) 'latest_only' retrieved from /home/ec2-user/environment/lab4_model_training/venv/lib64/python3.12/site-packages/airflow/example_dags/example_latest_only.py
[2026-03-12T01:02:11.021+0000] {logging_mixin.py:190} INFO - [2026-03-12T01:02:11.020+0000] {dag.py:3239} INFO - Sync 1 DAGs
[2026-03-12T01:02:11.046+0000] {logging_mixin.py:190} INFO - [2026-03-12T01:02:11.045+0000] {dag.py:4180} INFO - Setting next_dagrun for latest_only to 2026-03-11 20:00:00+00:00, run_after=2026-03-12 00:00:00+00:00
[2026-03-12T01:02:11.068+0000] {processor.py:208} INFO - Processing /home/ec2-user/environment/lab4_model_training/venv/lib64/python3.12/site-packages/airflow/example_dags/example_latest_only.py took 0.084 seconds
[2026-03-12T01:03:16.465+0000] {processor.py:186} INFO - Started process (PID=14115) to work on /home/ec2-user/environment/lab4_model_training/venv/lib64/python3.12/site-packages/airflow/example_dags/example_latest_only.py
[2026-03-12T01:03:16.466+0000] {processor.py:914} INFO - Processing file /home/ec2-user/environment/lab4_model_training/venv/lib64/python3.12/site-packages/airflow/example_dags/example_latest_only.py for tasks to queue
[2026-03-12T01:03:16.468+0000] {logging_mixin.py:190} INFO - [2026-03-12T01:03:16.468+0000] {dagbag.py:588} INFO - Filling up the DagBag from /home/ec2-user/environment/lab4_model_training/venv/lib64/python3.12/site-packages/airflow/example_dags/example_latest_only.py
[2026-03-12T01:03:16.476+0000] {processor.py:925} INFO - DAG(s) 'latest_only' retrieved from /home/ec2-user/environment/lab4_model_training/venv/lib64/python3.12/site-packages/airflow/example_dags/example_latest_only.py
[2026-03-12T01:03:16.494+0000] {logging_mixin.py:190} INFO - [2026-03-12T01:03:16.494+0000] {dag.py:3239} INFO - Sync 1 DAGs
[2026-03-12T01:03:16.517+0000] {logging_mixin.py:190} INFO - [2026-03-12T01:03:16.517+0000] {dag.py:4180} INFO - Setting next_dagrun for latest_only to 2026-03-11 20:00:00+00:00, run_after=2026-03-12 00:00:00+00:00
[2026-03-12T01:03:16.540+0000] {processor.py:208} INFO - Processing /home/ec2-user/environment/lab4_model_training/venv/lib64/python3.12/site-packages/airflow/example_dags/example_latest_only.py took 0.081 seconds
[2026-03-12T01:04:19.575+0000] {processor.py:186} INFO - Started process (PID=14361) to work on /home/ec2-user/environment/lab4_model_training/venv/lib64/python3.12/site-packages/airflow/example_dags/example_latest_only.py
[2026-03-12T01:04:19.576+0000] {processor.py:914} INFO - Processing file /home/ec2-user/environment/lab4_model_training/venv/lib64/python3.12/site-packages/airflow/example_dags/example_latest_only.py for tasks to queue
[2026-03-12T01:04:19.578+0000] {logging_mixin.py:190} INFO - [2026-03-12T01:04:19.578+0000] {dagbag.py:588} INFO - Filling up the DagBag from /home/ec2-user/environment/lab4_model_training/venv/lib64/python3.12/site-packages/airflow/example_dags/example_latest_only.py
[2026-03-12T01:04:19.586+0000] {processor.py:925} INFO - DAG(s) 'latest_only' retrieved from /home/ec2-user/environment/lab4_model_training/venv/lib64/python3.12/site-packages/airflow/example_dags/example_latest_only.py
[2026-03-12T01:04:19.603+0000] {logging_mixin.py:190} INFO - [2026-03-12T01:04:19.603+0000] {dag.py:3239} INFO - Sync 1 DAGs
[2026-03-12T01:04:19.628+0000] {logging_mixin.py:190} INFO - [2026-03-12T01:04:19.628+0000] {dag.py:4180} INFO - Setting next_dagrun for latest_only to 2026-03-11 20:00:00+00:00, run_after=2026-03-12 00:00:00+00:00
[2026-03-12T01:04:19.652+0000] {processor.py:208} INFO - Processing /home/ec2-user/environment/lab4_model_training/venv/lib64/python3.12/site-packages/airflow/example_dags/example_latest_only.py took 0.082 seconds
[2026-03-12T01:05:27.909+0000] {processor.py:186} INFO - Started process (PID=14675) to work on /home/ec2-user/environment/lab4_model_training/venv/lib64/python3.12/site-packages/airflow/example_dags/example_latest_only.py
[2026-03-12T01:05:27.910+0000] {processor.py:914} INFO - Processing file /home/ec2-user/environment/lab4_model_training/venv/lib64/python3.12/site-packages/airflow/example_dags/example_latest_only.py for tasks to queue
[2026-03-12T01:05:27.912+0000] {logging_mixin.py:190} INFO - [2026-03-12T01:05:27.912+0000] {dagbag.py:588} INFO - Filling up the DagBag from /home/ec2-user/environment/lab4_model_training/venv/lib64/python3.12/site-packages/airflow/example_dags/example_latest_only.py
[2026-03-12T01:05:27.920+0000] {processor.py:925} INFO - DAG(s) 'latest_only' retrieved from /home/ec2-user/environment/lab4_model_training/venv/lib64/python3.12/site-packages/airflow/example_dags/example_latest_only.py
[2026-03-12T01:05:27.937+0000] {logging_mixin.py:190} INFO - [2026-03-12T01:05:27.937+0000] {dag.py:3239} INFO - Sync 1 DAGs
[2026-03-12T01:05:27.961+0000] {logging_mixin.py:190} INFO - [2026-03-12T01:05:27.961+0000] {dag.py:4180} INFO - Setting next_dagrun for latest_only to 2026-03-11 20:00:00+00:00, run_after=2026-03-12 00:00:00+00:00
[2026-03-12T01:05:27.984+0000] {processor.py:208} INFO - Processing /home/ec2-user/environment/lab4_model_training/venv/lib64/python3.12/site-packages/airflow/example_dags/example_latest_only.py took 0.080 seconds
[2026-03-12T01:06:27.670+0000] {processor.py:186} INFO - Started process (PID=14968) to work on /home/ec2-user/environment/lab4_model_training/venv/lib64/python3.12/site-packages/airflow/example_dags/example_latest_only.py
[2026-03-12T01:06:27.671+0000] {processor.py:914} INFO - Processing file /home/ec2-user/environment/lab4_model_training/venv/lib64/python3.12/site-packages/airflow/example_dags/example_latest_only.py for tasks to queue
[2026-03-12T01:06:27.674+0000] {logging_mixin.py:190} INFO - [2026-03-12T01:06:27.673+0000] {dagbag.py:588} INFO - Filling up the DagBag from /home/ec2-user/environment/lab4_model_training/venv/lib64/python3.12/site-packages/airflow/example_dags/example_latest_only.py
[2026-03-12T01:06:27.681+0000] {processor.py:925} INFO - DAG(s) 'latest_only' retrieved from /home/ec2-user/environment/lab4_model_training/venv/lib64/python3.12/site-packages/airflow/example_dags/example_latest_only.py
[2026-03-12T01:06:27.698+0000] {logging_mixin.py:190} INFO - [2026-03-12T01:06:27.698+0000] {dag.py:3239} INFO - Sync 1 DAGs
[2026-03-12T01:06:27.723+0000] {logging_mixin.py:190} INFO - [2026-03-12T01:06:27.722+0000] {dag.py:4180} INFO - Setting next_dagrun for latest_only to 2026-03-11 20:00:00+00:00, run_after=2026-03-12 00:00:00+00:00
[2026-03-12T01:06:27.744+0000] {processor.py:208} INFO - Processing /home/ec2-user/environment/lab4_model_training/venv/lib64/python3.12/site-packages/airflow/example_dags/example_latest_only.py took 0.079 seconds
[2026-03-12T01:07:27.281+0000] {processor.py:186} INFO - Started process (PID=15238) to work on /home/ec2-user/environment/lab4_model_training/venv/lib64/python3.12/site-packages/airflow/example_dags/example_latest_only.py
[2026-03-12T01:07:27.282+0000] {processor.py:914} INFO - Processing file /home/ec2-user/environment/lab4_model_training/venv/lib64/python3.12/site-packages/airflow/example_dags/example_latest_only.py for tasks to queue
[2026-03-12T01:07:27.285+0000] {logging_mixin.py:190} INFO - [2026-03-12T01:07:27.285+0000] {dagbag.py:588} INFO - Filling up the DagBag from /home/ec2-user/environment/lab4_model_training/venv/lib64/python3.12/site-packages/airflow/example_dags/example_latest_only.py
[2026-03-12T01:07:27.293+0000] {processor.py:925} INFO - DAG(s) 'latest_only' retrieved from /home/ec2-user/environment/lab4_model_training/venv/lib64/python3.12/site-packages/airflow/example_dags/example_latest_only.py
[2026-03-12T01:07:27.311+0000] {logging_mixin.py:190} INFO - [2026-03-12T01:07:27.311+0000] {dag.py:3239} INFO - Sync 1 DAGs
[2026-03-12T01:07:27.336+0000] {logging_mixin.py:190} INFO - [2026-03-12T01:07:27.336+0000] {dag.py:4180} INFO - Setting next_dagrun for latest_only to 2026-03-11 20:00:00+00:00, run_after=2026-03-12 00:00:00+00:00
[2026-03-12T01:07:27.360+0000] {processor.py:208} INFO - Processing /home/ec2-user/environment/lab4_model_training/venv/lib64/python3.12/site-packages/airflow/example_dags/example_latest_only.py took 0.084 seconds
[2026-03-12T01:08:30.396+0000] {processor.py:186} INFO - Started process (PID=15486) to work on /home/ec2-user/environment/lab4_model_training/venv/lib64/python3.12/site-packages/airflow/example_dags/example_latest_only.py
[2026-03-12T01:08:30.397+0000] {processor.py:914} INFO - Processing file /home/ec2-user/environment/lab4_model_training/venv/lib64/python3.12/site-packages/airflow/example_dags/example_latest_only.py for tasks to queue
[2026-03-12T01:08:30.401+0000] {logging_mixin.py:190} INFO - [2026-03-12T01:08:30.400+0000] {dagbag.py:588} INFO - Filling up the DagBag from /home/ec2-user/environment/lab4_model_training/venv/lib64/python3.12/site-packages/airflow/example_dags/example_latest_only.py
[2026-03-12T01:08:30.409+0000] {processor.py:925} INFO - DAG(s) 'latest_only' retrieved from /home/ec2-user/environment/lab4_model_training/venv/lib64/python3.12/site-packages/airflow/example_dags/example_latest_only.py
[2026-03-12T01:08:30.431+0000] {logging_mixin.py:190} INFO - [2026-03-12T01:08:30.430+0000] {dag.py:3239} INFO - Sync 1 DAGs
[2026-03-12T01:08:30.455+0000] {logging_mixin.py:190} INFO - [2026-03-12T01:08:30.455+0000] {dag.py:4180} INFO - Setting next_dagrun for latest_only to 2026-03-11 20:00:00+00:00, run_after=2026-03-12 00:00:00+00:00
[2026-03-12T01:08:30.481+0000] {processor.py:208} INFO - Processing /home/ec2-user/environment/lab4_model_training/venv/lib64/python3.12/site-packages/airflow/example_dags/example_latest_only.py took 0.091 seconds
[2026-03-12T01:09:32.283+0000] {processor.py:186} INFO - Started process (PID=15774) to work on /home/ec2-user/environment/lab4_model_training/venv/lib64/python3.12/site-packages/airflow/example_dags/example_latest_only.py
[2026-03-12T01:09:32.284+0000] {processor.py:914} INFO - Processing file /home/ec2-user/environment/lab4_model_training/venv/lib64/python3.12/site-packages/airflow/example_dags/example_latest_only.py for tasks to queue
[2026-03-12T01:09:32.288+0000] {logging_mixin.py:190} INFO - [2026-03-12T01:09:32.287+0000] {dagbag.py:588} INFO - Filling up the DagBag from /home/ec2-user/environment/lab4_model_training/venv/lib64/python3.12/site-packages/airflow/example_dags/example_latest_only.py
[2026-03-12T01:09:32.296+0000] {processor.py:925} INFO - DAG(s) 'latest_only' retrieved from /home/ec2-user/environment/lab4_model_training/venv/lib64/python3.12/site-packages/airflow/example_dags/example_latest_only.py
[2026-03-12T01:09:32.316+0000] {logging_mixin.py:190} INFO - [2026-03-12T01:09:32.315+0000] {dag.py:3239} INFO - Sync 1 DAGs
[2026-03-12T01:09:32.342+0000] {logging_mixin.py:190} INFO - [2026-03-12T01:09:32.342+0000] {dag.py:4180} INFO - Setting next_dagrun for latest_only to 2026-03-11 20:00:00+00:00, run_after=2026-03-12 00:00:00+00:00
[2026-03-12T01:09:32.367+0000] {processor.py:208} INFO - Processing /home/ec2-user/environment/lab4_model_training/venv/lib64/python3.12/site-packages/airflow/example_dags/example_latest_only.py took 0.089 seconds
[2026-03-12T01:10:37.439+0000] {processor.py:186} INFO - Started process (PID=16023) to work on /home/ec2-user/environment/lab4_model_training/venv/lib64/python3.12/site-packages/airflow/example_dags/example_latest_only.py
[2026-03-12T01:10:37.440+0000] {processor.py:914} INFO - Processing file /home/ec2-user/environment/lab4_model_training/venv/lib64/python3.12/site-packages/airflow/example_dags/example_latest_only.py for tasks to queue
[2026-03-12T01:10:37.444+0000] {logging_mixin.py:190} INFO - [2026-03-12T01:10:37.443+0000] {dagbag.py:588} INFO - Filling up the DagBag from /home/ec2-user/environment/lab4_model_training/venv/lib64/python3.12/site-packages/airflow/example_dags/example_latest_only.py
[2026-03-12T01:10:37.452+0000] {processor.py:925} INFO - DAG(s) 'latest_only' retrieved from /home/ec2-user/environment/lab4_model_training/venv/lib64/python3.12/site-packages/airflow/example_dags/example_latest_only.py
[2026-03-12T01:10:37.470+0000] {logging_mixin.py:190} INFO - [2026-03-12T01:10:37.470+0000] {dag.py:3239} INFO - Sync 1 DAGs
[2026-03-12T01:10:37.497+0000] {logging_mixin.py:190} INFO - [2026-03-12T01:10:37.496+0000] {dag.py:4180} INFO - Setting next_dagrun for latest_only to 2026-03-11 20:00:00+00:00, run_after=2026-03-12 00:00:00+00:00
[2026-03-12T01:10:37.520+0000] {processor.py:208} INFO - Processing /home/ec2-user/environment/lab4_model_training/venv/lib64/python3.12/site-packages/airflow/example_dags/example_latest_only.py took 0.087 seconds
[2026-03-12T01:11:43.222+0000] {processor.py:186} INFO - Started process (PID=16322) to work on /home/ec2-user/environment/lab4_model_training/venv/lib64/python3.12/site-packages/airflow/example_dags/example_latest_only.py
[2026-03-12T01:11:43.223+0000] {processor.py:914} INFO - Processing file /home/ec2-user/environment/lab4_model_training/venv/lib64/python3.12/site-packages/airflow/example_dags/example_latest_only.py for tasks to queue
[2026-03-12T01:11:43.227+0000] {logging_mixin.py:190} INFO - [2026-03-12T01:11:43.226+0000] {dagbag.py:588} INFO - Filling up the DagBag from /home/ec2-user/environment/lab4_model_training/venv/lib64/python3.12/site-packages/airflow/example_dags/example_latest_only.py
[2026-03-12T01:11:43.236+0000] {processor.py:925} INFO - DAG(s) 'latest_only' retrieved from /home/ec2-user/environment/lab4_model_training/venv/lib64/python3.12/site-packages/airflow/example_dags/example_latest_only.py
[2026-03-12T01:11:43.255+0000] {logging_mixin.py:190} INFO - [2026-03-12T01:11:43.255+0000] {dag.py:3239} INFO - Sync 1 DAGs
[2026-03-12T01:11:43.280+0000] {logging_mixin.py:190} INFO - [2026-03-12T01:11:43.280+0000] {dag.py:4180} INFO - Setting next_dagrun for latest_only to 2026-03-11 20:00:00+00:00, run_after=2026-03-12 00:00:00+00:00
[2026-03-12T01:11:43.303+0000] {processor.py:208} INFO - Processing /home/ec2-user/environment/lab4_model_training/venv/lib64/python3.12/site-packages/airflow/example_dags/example_latest_only.py took 0.086 seconds
[2026-03-12T01:12:45.445+0000] {processor.py:186} INFO - Started process (PID=16608) to work on /home/ec2-user/environment/lab4_model_training/venv/lib64/python3.12/site-packages/airflow/example_dags/example_latest_only.py
[2026-03-12T01:12:45.446+0000] {processor.py:914} INFO - Processing file /home/ec2-user/environment/lab4_model_training/venv/lib64/python3.12/site-packages/airflow/example_dags/example_latest_only.py for tasks to queue
[2026-03-12T01:12:45.450+0000] {logging_mixin.py:190} INFO - [2026-03-12T01:12:45.449+0000] {dagbag.py:588} INFO - Filling up the DagBag from /home/ec2-user/environment/lab4_model_training/venv/lib64/python3.12/site-packages/airflow/example_dags/example_latest_only.py
[2026-03-12T01:12:45.459+0000] {processor.py:925} INFO - DAG(s) 'latest_only' retrieved from /home/ec2-user/environment/lab4_model_training/venv/lib64/python3.12/site-packages/airflow/example_dags/example_latest_only.py
[2026-03-12T01:12:45.478+0000] {logging_mixin.py:190} INFO - [2026-03-12T01:12:45.478+0000] {dag.py:3239} INFO - Sync 1 DAGs
[2026-03-12T01:12:45.502+0000] {logging_mixin.py:190} INFO - [2026-03-12T01:12:45.502+0000] {dag.py:4180} INFO - Setting next_dagrun for latest_only to 2026-03-11 20:00:00+00:00, run_after=2026-03-12 00:00:00+00:00
[2026-03-12T01:12:45.524+0000] {processor.py:208} INFO - Processing /home/ec2-user/environment/lab4_model_training/venv/lib64/python3.12/site-packages/airflow/example_dags/example_latest_only.py took 0.085 seconds
[2026-03-12T01:13:51.155+0000] {processor.py:186} INFO - Started process (PID=16913) to work on /home/ec2-user/environment/lab4_model_training/venv/lib64/python3.12/site-packages/airflow/example_dags/example_latest_only.py
[2026-03-12T01:13:51.156+0000] {processor.py:914} INFO - Processing file /home/ec2-user/environment/lab4_model_training/venv/lib64/python3.12/site-packages/airflow/example_dags/example_latest_only.py for tasks to queue
[2026-03-12T01:13:51.159+0000] {logging_mixin.py:190} INFO - [2026-03-12T01:13:51.159+0000] {dagbag.py:588} INFO - Filling up the DagBag from /home/ec2-user/environment/lab4_model_training/venv/lib64/python3.12/site-packages/airflow/example_dags/example_latest_only.py
[2026-03-12T01:13:51.168+0000] {processor.py:925} INFO - DAG(s) 'latest_only' retrieved from /home/ec2-user/environment/lab4_model_training/venv/lib64/python3.12/site-packages/airflow/example_dags/example_latest_only.py
[2026-03-12T01:13:51.188+0000] {logging_mixin.py:190} INFO - [2026-03-12T01:13:51.187+0000] {dag.py:3239} INFO - Sync 1 DAGs
[2026-03-12T01:13:51.214+0000] {logging_mixin.py:190} INFO - [2026-03-12T01:13:51.213+0000] {dag.py:4180} INFO - Setting next_dagrun for latest_only to 2026-03-11 20:00:00+00:00, run_after=2026-03-12 00:00:00+00:00
[2026-03-12T01:13:51.237+0000] {processor.py:208} INFO - Processing /home/ec2-user/environment/lab4_model_training/venv/lib64/python3.12/site-packages/airflow/example_dags/example_latest_only.py took 0.087 seconds
[2026-03-12T01:14:55.407+0000] {processor.py:186} INFO - Started process (PID=17237) to work on /home/ec2-user/environment/lab4_model_training/venv/lib64/python3.12/site-packages/airflow/example_dags/example_latest_only.py
[2026-03-12T01:14:55.408+0000] {processor.py:914} INFO - Processing file /home/ec2-user/environment/lab4_model_training/venv/lib64/python3.12/site-packages/airflow/example_dags/example_latest_only.py for tasks to queue
[2026-03-12T01:14:55.410+0000] {logging_mixin.py:190} INFO - [2026-03-12T01:14:55.410+0000] {dagbag.py:588} INFO - Filling up the DagBag from /home/ec2-user/environment/lab4_model_training/venv/lib64/python3.12/site-packages/airflow/example_dags/example_latest_only.py
[2026-03-12T01:14:55.418+0000] {processor.py:925} INFO - DAG(s) 'latest_only' retrieved from /home/ec2-user/environment/lab4_model_training/venv/lib64/python3.12/site-packages/airflow/example_dags/example_latest_only.py
[2026-03-12T01:14:55.436+0000] {logging_mixin.py:190} INFO - [2026-03-12T01:14:55.435+0000] {dag.py:3239} INFO - Sync 1 DAGs
[2026-03-12T01:14:55.458+0000] {logging_mixin.py:190} INFO - [2026-03-12T01:14:55.458+0000] {dag.py:4180} INFO - Setting next_dagrun for latest_only to 2026-03-11 20:00:00+00:00, run_after=2026-03-12 00:00:00+00:00
[2026-03-12T01:14:55.480+0000] {processor.py:208} INFO - Processing /home/ec2-user/environment/lab4_model_training/venv/lib64/python3.12/site-packages/airflow/example_dags/example_latest_only.py took 0.079 seconds
[2026-03-12T01:15:56.296+0000] {processor.py:186} INFO - Started process (PID=17473) to work on /home/ec2-user/environment/lab4_model_training/venv/lib64/python3.12/site-packages/airflow/example_dags/example_latest_only.py
[2026-03-12T01:15:56.297+0000] {processor.py:914} INFO - Processing file /home/ec2-user/environment/lab4_model_training/venv/lib64/python3.12/site-packages/airflow/example_dags/example_latest_only.py for tasks to queue
[2026-03-12T01:15:56.299+0000] {logging_mixin.py:190} INFO - [2026-03-12T01:15:56.299+0000] {dagbag.py:588} INFO - Filling up the DagBag from /home/ec2-user/environment/lab4_model_training/venv/lib64/python3.12/site-packages/airflow/example_dags/example_latest_only.py
[2026-03-12T01:15:56.307+0000] {processor.py:925} INFO - DAG(s) 'latest_only' retrieved from /home/ec2-user/environment/lab4_model_training/venv/lib64/python3.12/site-packages/airflow/example_dags/example_latest_only.py
[2026-03-12T01:15:56.325+0000] {logging_mixin.py:190} INFO - [2026-03-12T01:15:56.325+0000] {dag.py:3239} INFO - Sync 1 DAGs
[2026-03-12T01:15:56.348+0000] {logging_mixin.py:190} INFO - [2026-03-12T01:15:56.348+0000] {dag.py:4180} INFO - Setting next_dagrun for latest_only to 2026-03-11 20:00:00+00:00, run_after=2026-03-12 00:00:00+00:00
[2026-03-12T01:15:56.373+0000] {processor.py:208} INFO - Processing /home/ec2-user/environment/lab4_model_training/venv/lib64/python3.12/site-packages/airflow/example_dags/example_latest_only.py took 0.083 seconds
[2026-03-12T01:17:05.055+0000] {processor.py:186} INFO - Started process (PID=17808) to work on /home/ec2-user/environment/lab4_model_training/venv/lib64/python3.12/site-packages/airflow/example_dags/example_latest_only.py
[2026-03-12T01:17:05.056+0000] {processor.py:914} INFO - Processing file /home/ec2-user/environment/lab4_model_training/venv/lib64/python3.12/site-packages/airflow/example_dags/example_latest_only.py for tasks to queue
[2026-03-12T01:17:05.058+0000] {logging_mixin.py:190} INFO - [2026-03-12T01:17:05.058+0000] {dagbag.py:588} INFO - Filling up the DagBag from /home/ec2-user/environment/lab4_model_training/venv/lib64/python3.12/site-packages/airflow/example_dags/example_latest_only.py
[2026-03-12T01:17:05.066+0000] {processor.py:925} INFO - DAG(s) 'latest_only' retrieved from /home/ec2-user/environment/lab4_model_training/venv/lib64/python3.12/site-packages/airflow/example_dags/example_latest_only.py
[2026-03-12T01:17:05.085+0000] {logging_mixin.py:190} INFO - [2026-03-12T01:17:05.084+0000] {dag.py:3239} INFO - Sync 1 DAGs
[2026-03-12T01:17:05.110+0000] {logging_mixin.py:190} INFO - [2026-03-12T01:17:05.110+0000] {dag.py:4180} INFO - Setting next_dagrun for latest_only to 2026-03-11 20:00:00+00:00, run_after=2026-03-12 00:00:00+00:00
[2026-03-12T01:17:05.132+0000] {processor.py:208} INFO - Processing /home/ec2-user/environment/lab4_model_training/venv/lib64/python3.12/site-packages/airflow/example_dags/example_latest_only.py took 0.083 seconds
[2026-03-12T01:18:07.265+0000] {processor.py:186} INFO - Started process (PID=18081) to work on /home/ec2-user/environment/lab4_model_training/venv/lib64/python3.12/site-packages/airflow/example_dags/example_latest_only.py
[2026-03-12T01:18:07.266+0000] {processor.py:914} INFO - Processing file /home/ec2-user/environment/lab4_model_training/venv/lib64/python3.12/site-packages/airflow/example_dags/example_latest_only.py for tasks to queue
[2026-03-12T01:18:07.270+0000] {logging_mixin.py:190} INFO - [2026-03-12T01:18:07.269+0000] {dagbag.py:588} INFO - Filling up the DagBag from /home/ec2-user/environment/lab4_model_training/venv/lib64/python3.12/site-packages/airflow/example_dags/example_latest_only.py
[2026-03-12T01:18:07.278+0000] {processor.py:925} INFO - DAG(s) 'latest_only' retrieved from /home/ec2-user/environment/lab4_model_training/venv/lib64/python3.12/site-packages/airflow/example_dags/example_latest_only.py
[2026-03-12T01:18:07.297+0000] {logging_mixin.py:190} INFO - [2026-03-12T01:18:07.297+0000] {dag.py:3239} INFO - Sync 1 DAGs
[2026-03-12T01:18:07.324+0000] {logging_mixin.py:190} INFO - [2026-03-12T01:18:07.324+0000] {dag.py:4180} INFO - Setting next_dagrun for latest_only to 2026-03-11 20:00:00+00:00, run_after=2026-03-12 00:00:00+00:00
[2026-03-12T01:18:07.348+0000] {processor.py:208} INFO - Processing /home/ec2-user/environment/lab4_model_training/venv/lib64/python3.12/site-packages/airflow/example_dags/example_latest_only.py took 0.088 seconds
[2026-03-12T01:19:09.683+0000] {processor.py:186} INFO - Started process (PID=18368) to work on /home/ec2-user/environment/lab4_model_training/venv/lib64/python3.12/site-packages/airflow/example_dags/example_latest_only.py
[2026-03-12T01:19:09.684+0000] {processor.py:914} INFO - Processing file /home/ec2-user/environment/lab4_model_training/venv/lib64/python3.12/site-packages/airflow/example_dags/example_latest_only.py for tasks to queue
[2026-03-12T01:19:09.688+0000] {logging_mixin.py:190} INFO - [2026-03-12T01:19:09.687+0000] {dagbag.py:588} INFO - Filling up the DagBag from /home/ec2-user/environment/lab4_model_training/venv/lib64/python3.12/site-packages/airflow/example_dags/example_latest_only.py
[2026-03-12T01:19:09.696+0000] {processor.py:925} INFO - DAG(s) 'latest_only' retrieved from /home/ec2-user/environment/lab4_model_training/venv/lib64/python3.12/site-packages/airflow/example_dags/example_latest_only.py
[2026-03-12T01:19:09.716+0000] {logging_mixin.py:190} INFO - [2026-03-12T01:19:09.715+0000] {dag.py:3239} INFO - Sync 1 DAGs
[2026-03-12T01:19:09.738+0000] {logging_mixin.py:190} INFO - [2026-03-12T01:19:09.738+0000] {dag.py:4180} INFO - Setting next_dagrun for latest_only to 2026-03-11 20:00:00+00:00, run_after=2026-03-12 00:00:00+00:00
[2026-03-12T01:19:09.769+0000] {processor.py:208} INFO - Processing /home/ec2-user/environment/lab4_model_training/venv/lib64/python3.12/site-packages/airflow/example_dags/example_latest_only.py took 0.092 seconds
[2026-03-12T01:20:18.480+0000] {processor.py:186} INFO - Started process (PID=18637) to work on /home/ec2-user/environment/lab4_model_training/venv/lib64/python3.12/site-packages/airflow/example_dags/example_latest_only.py
[2026-03-12T01:20:18.481+0000] {processor.py:914} INFO - Processing file /home/ec2-user/environment/lab4_model_training/venv/lib64/python3.12/site-packages/airflow/example_dags/example_latest_only.py for tasks to queue
[2026-03-12T01:20:18.485+0000] {logging_mixin.py:190} INFO - [2026-03-12T01:20:18.484+0000] {dagbag.py:588} INFO - Filling up the DagBag from /home/ec2-user/environment/lab4_model_training/venv/lib64/python3.12/site-packages/airflow/example_dags/example_latest_only.py
[2026-03-12T01:20:18.493+0000] {processor.py:925} INFO - DAG(s) 'latest_only' retrieved from /home/ec2-user/environment/lab4_model_training/venv/lib64/python3.12/site-packages/airflow/example_dags/example_latest_only.py
[2026-03-12T01:20:18.523+0000] {logging_mixin.py:190} INFO - [2026-03-12T01:20:18.522+0000] {dag.py:3239} INFO - Sync 1 DAGs
[2026-03-12T01:20:18.546+0000] {logging_mixin.py:190} INFO - [2026-03-12T01:20:18.546+0000] {dag.py:4180} INFO - Setting next_dagrun for latest_only to 2026-03-11 20:00:00+00:00, run_after=2026-03-12 00:00:00+00:00
[2026-03-12T01:20:18.572+0000] {processor.py:208} INFO - Processing /home/ec2-user/environment/lab4_model_training/venv/lib64/python3.12/site-packages/airflow/example_dags/example_latest_only.py took 0.097 seconds
[2026-03-12T01:21:28.255+0000] {processor.py:186} INFO - Started process (PID=18971) to work on /home/ec2-user/environment/lab4_model_training/venv/lib64/python3.12/site-packages/airflow/example_dags/example_latest_only.py
[2026-03-12T01:21:28.256+0000] {processor.py:914} INFO - Processing file /home/ec2-user/environment/lab4_model_training/venv/lib64/python3.12/site-packages/airflow/example_dags/example_latest_only.py for tasks to queue
[2026-03-12T01:21:28.259+0000] {logging_mixin.py:190} INFO - [2026-03-12T01:21:28.258+0000] {dagbag.py:588} INFO - Filling up the DagBag from /home/ec2-user/environment/lab4_model_training/venv/lib64/python3.12/site-packages/airflow/example_dags/example_latest_only.py
[2026-03-12T01:21:28.267+0000] {processor.py:925} INFO - DAG(s) 'latest_only' retrieved from /home/ec2-user/environment/lab4_model_training/venv/lib64/python3.12/site-packages/airflow/example_dags/example_latest_only.py
[2026-03-12T01:21:28.285+0000] {logging_mixin.py:190} INFO - [2026-03-12T01:21:28.285+0000] {dag.py:3239} INFO - Sync 1 DAGs
[2026-03-12T01:21:28.307+0000] {logging_mixin.py:190} INFO - [2026-03-12T01:21:28.307+0000] {dag.py:4180} INFO - Setting next_dagrun for latest_only to 2026-03-11 20:00:00+00:00, run_after=2026-03-12 00:00:00+00:00
[2026-03-12T01:21:28.331+0000] {processor.py:208} INFO - Processing /home/ec2-user/environment/lab4_model_training/venv/lib64/python3.12/site-packages/airflow/example_dags/example_latest_only.py took 0.081 seconds
[2026-03-12T01:22:33.917+0000] {processor.py:186} INFO - Started process (PID=19255) to work on /home/ec2-user/environment/lab4_model_training/venv/lib64/python3.12/site-packages/airflow/example_dags/example_latest_only.py
[2026-03-12T01:22:33.918+0000] {processor.py:914} INFO - Processing file /home/ec2-user/environment/lab4_model_training/venv/lib64/python3.12/site-packages/airflow/example_dags/example_latest_only.py for tasks to queue
[2026-03-12T01:22:33.922+0000] {logging_mixin.py:190} INFO - [2026-03-12T01:22:33.922+0000] {dagbag.py:588} INFO - Filling up the DagBag from /home/ec2-user/environment/lab4_model_training/venv/lib64/python3.12/site-packages/airflow/example_dags/example_latest_only.py
[2026-03-12T01:22:33.931+0000] {processor.py:925} INFO - DAG(s) 'latest_only' retrieved from /home/ec2-user/environment/lab4_model_training/venv/lib64/python3.12/site-packages/airflow/example_dags/example_latest_only.py
[2026-03-12T01:22:33.951+0000] {logging_mixin.py:190} INFO - [2026-03-12T01:22:33.950+0000] {dag.py:3239} INFO - Sync 1 DAGs
[2026-03-12T01:22:34.097+0000] {logging_mixin.py:190} INFO - [2026-03-12T01:22:34.097+0000] {dag.py:4180} INFO - Setting next_dagrun for latest_only to 2026-03-11 20:00:00+00:00, run_after=2026-03-12 00:00:00+00:00
[2026-03-12T01:22:34.120+0000] {processor.py:208} INFO - Processing /home/ec2-user/environment/lab4_model_training/venv/lib64/python3.12/site-packages/airflow/example_dags/example_latest_only.py took 0.209 seconds
[2026-03-12T01:23:39.404+0000] {processor.py:186} INFO - Started process (PID=19510) to work on /home/ec2-user/environment/lab4_model_training/venv/lib64/python3.12/site-packages/airflow/example_dags/example_latest_only.py
[2026-03-12T01:23:39.406+0000] {processor.py:914} INFO - Processing file /home/ec2-user/environment/lab4_model_training/venv/lib64/python3.12/site-packages/airflow/example_dags/example_latest_only.py for tasks to queue
[2026-03-12T01:23:39.408+0000] {logging_mixin.py:190} INFO - [2026-03-12T01:23:39.408+0000] {dagbag.py:588} INFO - Filling up the DagBag from /home/ec2-user/environment/lab4_model_training/venv/lib64/python3.12/site-packages/airflow/example_dags/example_latest_only.py
[2026-03-12T01:23:39.416+0000] {processor.py:925} INFO - DAG(s) 'latest_only' retrieved from /home/ec2-user/environment/lab4_model_training/venv/lib64/python3.12/site-packages/airflow/example_dags/example_latest_only.py
[2026-03-12T01:23:39.433+0000] {logging_mixin.py:190} INFO - [2026-03-12T01:23:39.433+0000] {dag.py:3239} INFO - Sync 1 DAGs
[2026-03-12T01:23:39.457+0000] {logging_mixin.py:190} INFO - [2026-03-12T01:23:39.457+0000] {dag.py:4180} INFO - Setting next_dagrun for latest_only to 2026-03-11 20:00:00+00:00, run_after=2026-03-12 00:00:00+00:00
[2026-03-12T01:23:39.598+0000] {processor.py:208} INFO - Processing /home/ec2-user/environment/lab4_model_training/venv/lib64/python3.12/site-packages/airflow/example_dags/example_latest_only.py took 0.199 seconds
[2026-03-12T01:24:58.575+0000] {processor.py:186} INFO - Started process (PID=19858) to work on /home/ec2-user/environment/lab4_model_training/venv/lib64/python3.12/site-packages/airflow/example_dags/example_latest_only.py
[2026-03-12T01:24:58.577+0000] {processor.py:914} INFO - Processing file /home/ec2-user/environment/lab4_model_training/venv/lib64/python3.12/site-packages/airflow/example_dags/example_latest_only.py for tasks to queue
[2026-03-12T01:24:58.580+0000] {logging_mixin.py:190} INFO - [2026-03-12T01:24:58.579+0000] {dagbag.py:588} INFO - Filling up the DagBag from /home/ec2-user/environment/lab4_model_training/venv/lib64/python3.12/site-packages/airflow/example_dags/example_latest_only.py
[2026-03-12T01:24:58.588+0000] {processor.py:925} INFO - DAG(s) 'latest_only' retrieved from /home/ec2-user/environment/lab4_model_training/venv/lib64/python3.12/site-packages/airflow/example_dags/example_latest_only.py
[2026-03-12T01:24:58.606+0000] {logging_mixin.py:190} INFO - [2026-03-12T01:24:58.606+0000] {dag.py:3239} INFO - Sync 1 DAGs
[2026-03-12T01:24:58.631+0000] {logging_mixin.py:190} INFO - [2026-03-12T01:24:58.631+0000] {dag.py:4180} INFO - Setting next_dagrun for latest_only to 2026-03-11 20:00:00+00:00, run_after=2026-03-12 00:00:00+00:00
[2026-03-12T01:24:58.654+0000] {processor.py:208} INFO - Processing /home/ec2-user/environment/lab4_model_training/venv/lib64/python3.12/site-packages/airflow/example_dags/example_latest_only.py took 0.084 seconds
[2026-03-12T01:26:08.598+0000] {processor.py:186} INFO - Started process (PID=20122) to work on /home/ec2-user/environment/lab4_model_training/venv/lib64/python3.12/site-packages/airflow/example_dags/example_latest_only.py
[2026-03-12T01:26:08.599+0000] {processor.py:914} INFO - Processing file /home/ec2-user/environment/lab4_model_training/venv/lib64/python3.12/site-packages/airflow/example_dags/example_latest_only.py for tasks to queue
[2026-03-12T01:26:08.603+0000] {logging_mixin.py:190} INFO - [2026-03-12T01:26:08.602+0000] {dagbag.py:588} INFO - Filling up the DagBag from /home/ec2-user/environment/lab4_model_training/venv/lib64/python3.12/site-packages/airflow/example_dags/example_latest_only.py
[2026-03-12T01:26:08.611+0000] {processor.py:925} INFO - DAG(s) 'latest_only' retrieved from /home/ec2-user/environment/lab4_model_training/venv/lib64/python3.12/site-packages/airflow/example_dags/example_latest_only.py
[2026-03-12T01:26:08.767+0000] {logging_mixin.py:190} INFO - [2026-03-12T01:26:08.767+0000] {dag.py:3239} INFO - Sync 1 DAGs
[2026-03-12T01:26:08.790+0000] {logging_mixin.py:190} INFO - [2026-03-12T01:26:08.790+0000] {dag.py:4180} INFO - Setting next_dagrun for latest_only to 2026-03-11 20:00:00+00:00, run_after=2026-03-12 00:00:00+00:00
[2026-03-12T01:26:08.819+0000] {processor.py:208} INFO - Processing /home/ec2-user/environment/lab4_model_training/venv/lib64/python3.12/site-packages/airflow/example_dags/example_latest_only.py took 0.226 seconds
[2026-03-12T01:27:10.274+0000] {processor.py:186} INFO - Started process (PID=20407) to work on /home/ec2-user/environment/lab4_model_training/venv/lib64/python3.12/site-packages/airflow/example_dags/example_latest_only.py
[2026-03-12T01:27:10.275+0000] {processor.py:914} INFO - Processing file /home/ec2-user/environment/lab4_model_training/venv/lib64/python3.12/site-packages/airflow/example_dags/example_latest_only.py for tasks to queue
[2026-03-12T01:27:10.278+0000] {logging_mixin.py:190} INFO - [2026-03-12T01:27:10.278+0000] {dagbag.py:588} INFO - Filling up the DagBag from /home/ec2-user/environment/lab4_model_training/venv/lib64/python3.12/site-packages/airflow/example_dags/example_latest_only.py
[2026-03-12T01:27:10.287+0000] {processor.py:925} INFO - DAG(s) 'latest_only' retrieved from /home/ec2-user/environment/lab4_model_training/venv/lib64/python3.12/site-packages/airflow/example_dags/example_latest_only.py
[2026-03-12T01:27:10.307+0000] {logging_mixin.py:190} INFO - [2026-03-12T01:27:10.307+0000] {dag.py:3239} INFO - Sync 1 DAGs
[2026-03-12T01:27:10.335+0000] {logging_mixin.py:190} INFO - [2026-03-12T01:27:10.335+0000] {dag.py:4180} INFO - Setting next_dagrun for latest_only to 2026-03-11 20:00:00+00:00, run_after=2026-03-12 00:00:00+00:00
[2026-03-12T01:27:10.360+0000] {processor.py:208} INFO - Processing /home/ec2-user/environment/lab4_model_training/venv/lib64/python3.12/site-packages/airflow/example_dags/example_latest_only.py took 0.091 seconds
[2026-03-12T01:28:11.592+0000] {processor.py:186} INFO - Started process (PID=20642) to work on /home/ec2-user/environment/lab4_model_training/venv/lib64/python3.12/site-packages/airflow/example_dags/example_latest_only.py
[2026-03-12T01:28:11.593+0000] {processor.py:914} INFO - Processing file /home/ec2-user/environment/lab4_model_training/venv/lib64/python3.12/site-packages/airflow/example_dags/example_latest_only.py for tasks to queue
[2026-03-12T01:28:11.597+0000] {logging_mixin.py:190} INFO - [2026-03-12T01:28:11.596+0000] {dagbag.py:588} INFO - Filling up the DagBag from /home/ec2-user/environment/lab4_model_training/venv/lib64/python3.12/site-packages/airflow/example_dags/example_latest_only.py
[2026-03-12T01:28:11.605+0000] {processor.py:925} INFO - DAG(s) 'latest_only' retrieved from /home/ec2-user/environment/lab4_model_training/venv/lib64/python3.12/site-packages/airflow/example_dags/example_latest_only.py
[2026-03-12T01:28:11.625+0000] {logging_mixin.py:190} INFO - [2026-03-12T01:28:11.625+0000] {dag.py:3239} INFO - Sync 1 DAGs
[2026-03-12T01:28:11.648+0000] {logging_mixin.py:190} INFO - [2026-03-12T01:28:11.647+0000] {dag.py:4180} INFO - Setting next_dagrun for latest_only to 2026-03-11 20:00:00+00:00, run_after=2026-03-12 00:00:00+00:00
[2026-03-12T01:28:11.672+0000] {processor.py:208} INFO - Processing /home/ec2-user/environment/lab4_model_training/venv/lib64/python3.12/site-packages/airflow/example_dags/example_latest_only.py took 0.085 seconds
[2026-03-12T01:29:14.449+0000] {processor.py:186} INFO - Started process (PID=20948) to work on /home/ec2-user/environment/lab4_model_training/venv/lib64/python3.12/site-packages/airflow/example_dags/example_latest_only.py
[2026-03-12T01:29:14.450+0000] {processor.py:914} INFO - Processing file /home/ec2-user/environment/lab4_model_training/venv/lib64/python3.12/site-packages/airflow/example_dags/example_latest_only.py for tasks to queue
[2026-03-12T01:29:14.453+0000] {logging_mixin.py:190} INFO - [2026-03-12T01:29:14.453+0000] {dagbag.py:588} INFO - Filling up the DagBag from /home/ec2-user/environment/lab4_model_training/venv/lib64/python3.12/site-packages/airflow/example_dags/example_latest_only.py
[2026-03-12T01:29:14.461+0000] {processor.py:925} INFO - DAG(s) 'latest_only' retrieved from /home/ec2-user/environment/lab4_model_training/venv/lib64/python3.12/site-packages/airflow/example_dags/example_latest_only.py
[2026-03-12T01:29:14.480+0000] {logging_mixin.py:190} INFO - [2026-03-12T01:29:14.480+0000] {dag.py:3239} INFO - Sync 1 DAGs
[2026-03-12T01:29:14.507+0000] {logging_mixin.py:190} INFO - [2026-03-12T01:29:14.507+0000] {dag.py:4180} INFO - Setting next_dagrun for latest_only to 2026-03-11 20:00:00+00:00, run_after=2026-03-12 00:00:00+00:00
[2026-03-12T01:29:14.529+0000] {processor.py:208} INFO - Processing /home/ec2-user/environment/lab4_model_training/venv/lib64/python3.12/site-packages/airflow/example_dags/example_latest_only.py took 0.086 seconds
[2026-03-12T01:30:15.028+0000] {processor.py:186} INFO - Started process (PID=21348) to work on /home/ec2-user/environment/lab4_model_training/venv/lib64/python3.12/site-packages/airflow/example_dags/example_latest_only.py
[2026-03-12T01:30:15.030+0000] {processor.py:914} INFO - Processing file /home/ec2-user/environment/lab4_model_training/venv/lib64/python3.12/site-packages/airflow/example_dags/example_latest_only.py for tasks to queue
[2026-03-12T01:30:15.033+0000] {logging_mixin.py:190} INFO - [2026-03-12T01:30:15.033+0000] {dagbag.py:588} INFO - Filling up the DagBag from /home/ec2-user/environment/lab4_model_training/venv/lib64/python3.12/site-packages/airflow/example_dags/example_latest_only.py
[2026-03-12T01:30:15.041+0000] {processor.py:925} INFO - DAG(s) 'latest_only' retrieved from /home/ec2-user/environment/lab4_model_training/venv/lib64/python3.12/site-packages/airflow/example_dags/example_latest_only.py
[2026-03-12T01:30:15.061+0000] {logging_mixin.py:190} INFO - [2026-03-12T01:30:15.061+0000] {dag.py:3239} INFO - Sync 1 DAGs
[2026-03-12T01:30:15.086+0000] {logging_mixin.py:190} INFO - [2026-03-12T01:30:15.086+0000] {dag.py:4180} INFO - Setting next_dagrun for latest_only to 2026-03-11 20:00:00+00:00, run_after=2026-03-12 00:00:00+00:00
[2026-03-12T01:30:15.110+0000] {processor.py:208} INFO - Processing /home/ec2-user/environment/lab4_model_training/venv/lib64/python3.12/site-packages/airflow/example_dags/example_latest_only.py took 0.088 seconds
[2026-03-12T01:31:17.662+0000] {processor.py:186} INFO - Started process (PID=21584) to work on /home/ec2-user/environment/lab4_model_training/venv/lib64/python3.12/site-packages/airflow/example_dags/example_latest_only.py
[2026-03-12T01:31:17.663+0000] {processor.py:914} INFO - Processing file /home/ec2-user/environment/lab4_model_training/venv/lib64/python3.12/site-packages/airflow/example_dags/example_latest_only.py for tasks to queue
[2026-03-12T01:31:17.665+0000] {logging_mixin.py:190} INFO - [2026-03-12T01:31:17.665+0000] {dagbag.py:588} INFO - Filling up the DagBag from /home/ec2-user/environment/lab4_model_training/venv/lib64/python3.12/site-packages/airflow/example_dags/example_latest_only.py
[2026-03-12T01:31:17.673+0000] {processor.py:925} INFO - DAG(s) 'latest_only' retrieved from /home/ec2-user/environment/lab4_model_training/venv/lib64/python3.12/site-packages/airflow/example_dags/example_latest_only.py
[2026-03-12T01:31:17.691+0000] {logging_mixin.py:190} INFO - [2026-03-12T01:31:17.690+0000] {dag.py:3239} INFO - Sync 1 DAGs
[2026-03-12T01:31:17.715+0000] {logging_mixin.py:190} INFO - [2026-03-12T01:31:17.715+0000] {dag.py:4180} INFO - Setting next_dagrun for latest_only to 2026-03-11 20:00:00+00:00, run_after=2026-03-12 00:00:00+00:00
[2026-03-12T01:31:17.739+0000] {processor.py:208} INFO - Processing /home/ec2-user/environment/lab4_model_training/venv/lib64/python3.12/site-packages/airflow/example_dags/example_latest_only.py took 0.082 seconds
[2026-03-12T01:32:17.395+0000] {processor.py:186} INFO - Started process (PID=21860) to work on /home/ec2-user/environment/lab4_model_training/venv/lib64/python3.12/site-packages/airflow/example_dags/example_latest_only.py
[2026-03-12T01:32:17.396+0000] {processor.py:914} INFO - Processing file /home/ec2-user/environment/lab4_model_training/venv/lib64/python3.12/site-packages/airflow/example_dags/example_latest_only.py for tasks to queue
[2026-03-12T01:32:17.400+0000] {logging_mixin.py:190} INFO - [2026-03-12T01:32:17.399+0000] {dagbag.py:588} INFO - Filling up the DagBag from /home/ec2-user/environment/lab4_model_training/venv/lib64/python3.12/site-packages/airflow/example_dags/example_latest_only.py
[2026-03-12T01:32:17.409+0000] {processor.py:925} INFO - DAG(s) 'latest_only' retrieved from /home/ec2-user/environment/lab4_model_training/venv/lib64/python3.12/site-packages/airflow/example_dags/example_latest_only.py
[2026-03-12T01:32:17.430+0000] {logging_mixin.py:190} INFO - [2026-03-12T01:32:17.430+0000] {dag.py:3239} INFO - Sync 1 DAGs
[2026-03-12T01:32:17.454+0000] {logging_mixin.py:190} INFO - [2026-03-12T01:32:17.454+0000] {dag.py:4180} INFO - Setting next_dagrun for latest_only to 2026-03-11 20:00:00+00:00, run_after=2026-03-12 00:00:00+00:00
[2026-03-12T01:32:17.478+0000] {processor.py:208} INFO - Processing /home/ec2-user/environment/lab4_model_training/venv/lib64/python3.12/site-packages/airflow/example_dags/example_latest_only.py took 0.088 seconds
[2026-03-12T01:33:17.473+0000] {processor.py:186} INFO - Started process (PID=22089) to work on /home/ec2-user/environment/lab4_model_training/venv/lib64/python3.12/site-packages/airflow/example_dags/example_latest_only.py
[2026-03-12T01:33:17.474+0000] {processor.py:914} INFO - Processing file /home/ec2-user/environment/lab4_model_training/venv/lib64/python3.12/site-packages/airflow/example_dags/example_latest_only.py for tasks to queue
[2026-03-12T01:33:17.478+0000] {logging_mixin.py:190} INFO - [2026-03-12T01:33:17.477+0000] {dagbag.py:588} INFO - Filling up the DagBag from /home/ec2-user/environment/lab4_model_training/venv/lib64/python3.12/site-packages/airflow/example_dags/example_latest_only.py
[2026-03-12T01:33:17.487+0000] {processor.py:925} INFO - DAG(s) 'latest_only' retrieved from /home/ec2-user/environment/lab4_model_training/venv/lib64/python3.12/site-packages/airflow/example_dags/example_latest_only.py
[2026-03-12T01:33:17.507+0000] {logging_mixin.py:190} INFO - [2026-03-12T01:33:17.507+0000] {dag.py:3239} INFO - Sync 1 DAGs
[2026-03-12T01:33:17.544+0000] {logging_mixin.py:190} INFO - [2026-03-12T01:33:17.544+0000] {dag.py:4180} INFO - Setting next_dagrun for latest_only to 2026-03-11 20:00:00+00:00, run_after=2026-03-12 00:00:00+00:00
[2026-03-12T01:33:17.576+0000] {processor.py:208} INFO - Processing /home/ec2-user/environment/lab4_model_training/venv/lib64/python3.12/site-packages/airflow/example_dags/example_latest_only.py took 0.109 seconds
