[2026-03-12T00:34:33.866+0000] {processor.py:186} INFO - Started process (PID=6611) to work on /home/ec2-user/environment/lab4_model_training/venv/lib64/python3.12/site-packages/airflow/example_dags/example_params_trigger_ui.py
[2026-03-12T00:34:33.866+0000] {processor.py:914} INFO - Processing file /home/ec2-user/environment/lab4_model_training/venv/lib64/python3.12/site-packages/airflow/example_dags/example_params_trigger_ui.py for tasks to queue
[2026-03-12T00:34:33.869+0000] {logging_mixin.py:190} INFO - [2026-03-12T00:34:33.868+0000] {dagbag.py:588} INFO - Filling up the DagBag from /home/ec2-user/environment/lab4_model_training/venv/lib64/python3.12/site-packages/airflow/example_dags/example_params_trigger_ui.py
[2026-03-12T00:34:33.882+0000] {processor.py:925} INFO - DAG(s) 'example_params_trigger_ui' retrieved from /home/ec2-user/environment/lab4_model_training/venv/lib64/python3.12/site-packages/airflow/example_dags/example_params_trigger_ui.py
[2026-03-12T00:34:33.999+0000] {logging_mixin.py:190} INFO - [2026-03-12T00:34:33.998+0000] {override.py:1930} INFO - Created Permission View: can delete on DAG:example_params_trigger_ui
[2026-03-12T00:34:34.011+0000] {logging_mixin.py:190} INFO - [2026-03-12T00:34:34.011+0000] {override.py:1930} INFO - Created Permission View: can edit on DAG:example_params_trigger_ui
[2026-03-12T00:34:34.022+0000] {logging_mixin.py:190} INFO - [2026-03-12T00:34:34.021+0000] {override.py:1930} INFO - Created Permission View: can read on DAG:example_params_trigger_ui
[2026-03-12T00:34:34.037+0000] {logging_mixin.py:190} INFO - [2026-03-12T00:34:34.037+0000] {override.py:1930} INFO - Created Permission View: menu access on DAG Run:example_params_trigger_ui
[2026-03-12T00:34:34.047+0000] {logging_mixin.py:190} INFO - [2026-03-12T00:34:34.046+0000] {override.py:1930} INFO - Created Permission View: can create on DAG Run:example_params_trigger_ui
[2026-03-12T00:34:34.056+0000] {logging_mixin.py:190} INFO - [2026-03-12T00:34:34.056+0000] {override.py:1930} INFO - Created Permission View: can delete on DAG Run:example_params_trigger_ui
[2026-03-12T00:34:34.066+0000] {logging_mixin.py:190} INFO - [2026-03-12T00:34:34.065+0000] {override.py:1930} INFO - Created Permission View: can read on DAG Run:example_params_trigger_ui
[2026-03-12T00:34:34.066+0000] {logging_mixin.py:190} INFO - [2026-03-12T00:34:34.066+0000] {dag.py:3239} INFO - Sync 1 DAGs
[2026-03-12T00:34:34.080+0000] {logging_mixin.py:190} INFO - [2026-03-12T00:34:34.080+0000] {dag.py:3262} INFO - Creating ORM DAG for example_params_trigger_ui
[2026-03-12T00:34:34.081+0000] {logging_mixin.py:190} INFO - [2026-03-12T00:34:34.081+0000] {dag.py:4180} INFO - Setting next_dagrun for example_params_trigger_ui to None, run_after=None
[2026-03-12T00:34:34.101+0000] {processor.py:208} INFO - Processing /home/ec2-user/environment/lab4_model_training/venv/lib64/python3.12/site-packages/airflow/example_dags/example_params_trigger_ui.py took 0.241 seconds
[2026-03-12T00:35:26.318+0000] {processor.py:186} INFO - Started process (PID=6838) to work on /home/ec2-user/environment/lab4_model_training/venv/lib64/python3.12/site-packages/airflow/example_dags/example_params_trigger_ui.py
[2026-03-12T00:35:26.319+0000] {processor.py:914} INFO - Processing file /home/ec2-user/environment/lab4_model_training/venv/lib64/python3.12/site-packages/airflow/example_dags/example_params_trigger_ui.py for tasks to queue
[2026-03-12T00:35:26.321+0000] {logging_mixin.py:190} INFO - [2026-03-12T00:35:26.321+0000] {dagbag.py:588} INFO - Filling up the DagBag from /home/ec2-user/environment/lab4_model_training/venv/lib64/python3.12/site-packages/airflow/example_dags/example_params_trigger_ui.py
[2026-03-12T00:35:26.335+0000] {processor.py:925} INFO - DAG(s) 'example_params_trigger_ui' retrieved from /home/ec2-user/environment/lab4_model_training/venv/lib64/python3.12/site-packages/airflow/example_dags/example_params_trigger_ui.py
[2026-03-12T00:35:26.375+0000] {logging_mixin.py:190} INFO - [2026-03-12T00:35:26.375+0000] {dag.py:3239} INFO - Sync 1 DAGs
[2026-03-12T00:35:26.388+0000] {logging_mixin.py:190} INFO - [2026-03-12T00:35:26.388+0000] {dag.py:4180} INFO - Setting next_dagrun for example_params_trigger_ui to None, run_after=None
[2026-03-12T00:35:26.410+0000] {processor.py:208} INFO - Processing /home/ec2-user/environment/lab4_model_training/venv/lib64/python3.12/site-packages/airflow/example_dags/example_params_trigger_ui.py took 0.096 seconds
[2026-03-12T00:36:29.862+0000] {processor.py:186} INFO - Started process (PID=7142) to work on /home/ec2-user/environment/lab4_model_training/venv/lib64/python3.12/site-packages/airflow/example_dags/example_params_trigger_ui.py
[2026-03-12T00:36:29.863+0000] {processor.py:914} INFO - Processing file /home/ec2-user/environment/lab4_model_training/venv/lib64/python3.12/site-packages/airflow/example_dags/example_params_trigger_ui.py for tasks to queue
[2026-03-12T00:36:29.865+0000] {logging_mixin.py:190} INFO - [2026-03-12T00:36:29.865+0000] {dagbag.py:588} INFO - Filling up the DagBag from /home/ec2-user/environment/lab4_model_training/venv/lib64/python3.12/site-packages/airflow/example_dags/example_params_trigger_ui.py
[2026-03-12T00:36:29.880+0000] {processor.py:925} INFO - DAG(s) 'example_params_trigger_ui' retrieved from /home/ec2-user/environment/lab4_model_training/venv/lib64/python3.12/site-packages/airflow/example_dags/example_params_trigger_ui.py
[2026-03-12T00:36:29.931+0000] {logging_mixin.py:190} INFO - [2026-03-12T00:36:29.931+0000] {dag.py:3239} INFO - Sync 1 DAGs
[2026-03-12T00:36:29.948+0000] {logging_mixin.py:190} INFO - [2026-03-12T00:36:29.948+0000] {dag.py:4180} INFO - Setting next_dagrun for example_params_trigger_ui to None, run_after=None
[2026-03-12T00:36:29.977+0000] {processor.py:208} INFO - Processing /home/ec2-user/environment/lab4_model_training/venv/lib64/python3.12/site-packages/airflow/example_dags/example_params_trigger_ui.py took 0.119 seconds
[2026-03-12T00:38:01.765+0000] {processor.py:186} INFO - Started process (PID=7453) to work on /home/ec2-user/environment/lab4_model_training/venv/lib64/python3.12/site-packages/airflow/example_dags/example_params_trigger_ui.py
[2026-03-12T00:38:01.767+0000] {processor.py:914} INFO - Processing file /home/ec2-user/environment/lab4_model_training/venv/lib64/python3.12/site-packages/airflow/example_dags/example_params_trigger_ui.py for tasks to queue
[2026-03-12T00:38:01.770+0000] {logging_mixin.py:190} INFO - [2026-03-12T00:38:01.769+0000] {dagbag.py:588} INFO - Filling up the DagBag from /home/ec2-user/environment/lab4_model_training/venv/lib64/python3.12/site-packages/airflow/example_dags/example_params_trigger_ui.py
[2026-03-12T00:38:01.785+0000] {processor.py:925} INFO - DAG(s) 'example_params_trigger_ui' retrieved from /home/ec2-user/environment/lab4_model_training/venv/lib64/python3.12/site-packages/airflow/example_dags/example_params_trigger_ui.py
[2026-03-12T00:38:01.828+0000] {logging_mixin.py:190} INFO - [2026-03-12T00:38:01.827+0000] {dag.py:3239} INFO - Sync 1 DAGs
[2026-03-12T00:38:01.843+0000] {logging_mixin.py:190} INFO - [2026-03-12T00:38:01.843+0000] {dag.py:4180} INFO - Setting next_dagrun for example_params_trigger_ui to None, run_after=None
[2026-03-12T00:38:01.868+0000] {processor.py:208} INFO - Processing /home/ec2-user/environment/lab4_model_training/venv/lib64/python3.12/site-packages/airflow/example_dags/example_params_trigger_ui.py took 0.107 seconds
[2026-03-12T00:38:57.887+0000] {processor.py:186} INFO - Started process (PID=7677) to work on /home/ec2-user/environment/lab4_model_training/venv/lib64/python3.12/site-packages/airflow/example_dags/example_params_trigger_ui.py
[2026-03-12T00:38:57.888+0000] {processor.py:914} INFO - Processing file /home/ec2-user/environment/lab4_model_training/venv/lib64/python3.12/site-packages/airflow/example_dags/example_params_trigger_ui.py for tasks to queue
[2026-03-12T00:38:57.891+0000] {logging_mixin.py:190} INFO - [2026-03-12T00:38:57.891+0000] {dagbag.py:588} INFO - Filling up the DagBag from /home/ec2-user/environment/lab4_model_training/venv/lib64/python3.12/site-packages/airflow/example_dags/example_params_trigger_ui.py
[2026-03-12T00:38:57.907+0000] {processor.py:925} INFO - DAG(s) 'example_params_trigger_ui' retrieved from /home/ec2-user/environment/lab4_model_training/venv/lib64/python3.12/site-packages/airflow/example_dags/example_params_trigger_ui.py
[2026-03-12T00:38:57.949+0000] {logging_mixin.py:190} INFO - [2026-03-12T00:38:57.949+0000] {dag.py:3239} INFO - Sync 1 DAGs
[2026-03-12T00:38:57.965+0000] {logging_mixin.py:190} INFO - [2026-03-12T00:38:57.965+0000] {dag.py:4180} INFO - Setting next_dagrun for example_params_trigger_ui to None, run_after=None
[2026-03-12T00:38:57.987+0000] {processor.py:208} INFO - Processing /home/ec2-user/environment/lab4_model_training/venv/lib64/python3.12/site-packages/airflow/example_dags/example_params_trigger_ui.py took 0.105 seconds
[2026-03-12T00:40:00.945+0000] {processor.py:186} INFO - Started process (PID=7960) to work on /home/ec2-user/environment/lab4_model_training/venv/lib64/python3.12/site-packages/airflow/example_dags/example_params_trigger_ui.py
[2026-03-12T00:40:00.946+0000] {processor.py:914} INFO - Processing file /home/ec2-user/environment/lab4_model_training/venv/lib64/python3.12/site-packages/airflow/example_dags/example_params_trigger_ui.py for tasks to queue
[2026-03-12T00:40:00.949+0000] {logging_mixin.py:190} INFO - [2026-03-12T00:40:00.948+0000] {dagbag.py:588} INFO - Filling up the DagBag from /home/ec2-user/environment/lab4_model_training/venv/lib64/python3.12/site-packages/airflow/example_dags/example_params_trigger_ui.py
[2026-03-12T00:40:00.962+0000] {processor.py:925} INFO - DAG(s) 'example_params_trigger_ui' retrieved from /home/ec2-user/environment/lab4_model_training/venv/lib64/python3.12/site-packages/airflow/example_dags/example_params_trigger_ui.py
[2026-03-12T00:40:01.008+0000] {logging_mixin.py:190} INFO - [2026-03-12T00:40:01.008+0000] {dag.py:3239} INFO - Sync 1 DAGs
[2026-03-12T00:40:01.023+0000] {logging_mixin.py:190} INFO - [2026-03-12T00:40:01.023+0000] {dag.py:4180} INFO - Setting next_dagrun for example_params_trigger_ui to None, run_after=None
[2026-03-12T00:40:01.064+0000] {processor.py:208} INFO - Processing /home/ec2-user/environment/lab4_model_training/venv/lib64/python3.12/site-packages/airflow/example_dags/example_params_trigger_ui.py took 0.123 seconds
[2026-03-12T00:41:00.379+0000] {processor.py:186} INFO - Started process (PID=8238) to work on /home/ec2-user/environment/lab4_model_training/venv/lib64/python3.12/site-packages/airflow/example_dags/example_params_trigger_ui.py
[2026-03-12T00:41:00.380+0000] {processor.py:914} INFO - Processing file /home/ec2-user/environment/lab4_model_training/venv/lib64/python3.12/site-packages/airflow/example_dags/example_params_trigger_ui.py for tasks to queue
[2026-03-12T00:41:00.382+0000] {logging_mixin.py:190} INFO - [2026-03-12T00:41:00.381+0000] {dagbag.py:588} INFO - Filling up the DagBag from /home/ec2-user/environment/lab4_model_training/venv/lib64/python3.12/site-packages/airflow/example_dags/example_params_trigger_ui.py
[2026-03-12T00:41:00.395+0000] {processor.py:925} INFO - DAG(s) 'example_params_trigger_ui' retrieved from /home/ec2-user/environment/lab4_model_training/venv/lib64/python3.12/site-packages/airflow/example_dags/example_params_trigger_ui.py
[2026-03-12T00:41:00.439+0000] {logging_mixin.py:190} INFO - [2026-03-12T00:41:00.439+0000] {dag.py:3239} INFO - Sync 1 DAGs
[2026-03-12T00:41:00.454+0000] {logging_mixin.py:190} INFO - [2026-03-12T00:41:00.454+0000] {dag.py:4180} INFO - Setting next_dagrun for example_params_trigger_ui to None, run_after=None
[2026-03-12T00:41:00.477+0000] {processor.py:208} INFO - Processing /home/ec2-user/environment/lab4_model_training/venv/lib64/python3.12/site-packages/airflow/example_dags/example_params_trigger_ui.py took 0.102 seconds
[2026-03-12T00:42:05.446+0000] {processor.py:186} INFO - Started process (PID=8505) to work on /home/ec2-user/environment/lab4_model_training/venv/lib64/python3.12/site-packages/airflow/example_dags/example_params_trigger_ui.py
[2026-03-12T00:42:05.447+0000] {processor.py:914} INFO - Processing file /home/ec2-user/environment/lab4_model_training/venv/lib64/python3.12/site-packages/airflow/example_dags/example_params_trigger_ui.py for tasks to queue
[2026-03-12T00:42:05.449+0000] {logging_mixin.py:190} INFO - [2026-03-12T00:42:05.449+0000] {dagbag.py:588} INFO - Filling up the DagBag from /home/ec2-user/environment/lab4_model_training/venv/lib64/python3.12/site-packages/airflow/example_dags/example_params_trigger_ui.py
[2026-03-12T00:42:05.463+0000] {processor.py:925} INFO - DAG(s) 'example_params_trigger_ui' retrieved from /home/ec2-user/environment/lab4_model_training/venv/lib64/python3.12/site-packages/airflow/example_dags/example_params_trigger_ui.py
[2026-03-12T00:42:05.505+0000] {logging_mixin.py:190} INFO - [2026-03-12T00:42:05.505+0000] {dag.py:3239} INFO - Sync 1 DAGs
[2026-03-12T00:42:05.520+0000] {logging_mixin.py:190} INFO - [2026-03-12T00:42:05.520+0000] {dag.py:4180} INFO - Setting next_dagrun for example_params_trigger_ui to None, run_after=None
[2026-03-12T00:42:05.544+0000] {processor.py:208} INFO - Processing /home/ec2-user/environment/lab4_model_training/venv/lib64/python3.12/site-packages/airflow/example_dags/example_params_trigger_ui.py took 0.103 seconds
[2026-03-12T00:43:04.888+0000] {processor.py:186} INFO - Started process (PID=8788) to work on /home/ec2-user/environment/lab4_model_training/venv/lib64/python3.12/site-packages/airflow/example_dags/example_params_trigger_ui.py
[2026-03-12T00:43:04.889+0000] {processor.py:914} INFO - Processing file /home/ec2-user/environment/lab4_model_training/venv/lib64/python3.12/site-packages/airflow/example_dags/example_params_trigger_ui.py for tasks to queue
[2026-03-12T00:43:04.892+0000] {logging_mixin.py:190} INFO - [2026-03-12T00:43:04.892+0000] {dagbag.py:588} INFO - Filling up the DagBag from /home/ec2-user/environment/lab4_model_training/venv/lib64/python3.12/site-packages/airflow/example_dags/example_params_trigger_ui.py
[2026-03-12T00:43:04.908+0000] {processor.py:925} INFO - DAG(s) 'example_params_trigger_ui' retrieved from /home/ec2-user/environment/lab4_model_training/venv/lib64/python3.12/site-packages/airflow/example_dags/example_params_trigger_ui.py
[2026-03-12T00:43:04.951+0000] {logging_mixin.py:190} INFO - [2026-03-12T00:43:04.951+0000] {dag.py:3239} INFO - Sync 1 DAGs
[2026-03-12T00:43:04.967+0000] {logging_mixin.py:190} INFO - [2026-03-12T00:43:04.967+0000] {dag.py:4180} INFO - Setting next_dagrun for example_params_trigger_ui to None, run_after=None
[2026-03-12T00:43:04.992+0000] {processor.py:208} INFO - Processing /home/ec2-user/environment/lab4_model_training/venv/lib64/python3.12/site-packages/airflow/example_dags/example_params_trigger_ui.py took 0.109 seconds
[2026-03-12T00:44:10.793+0000] {processor.py:186} INFO - Started process (PID=9129) to work on /home/ec2-user/environment/lab4_model_training/venv/lib64/python3.12/site-packages/airflow/example_dags/example_params_trigger_ui.py
[2026-03-12T00:44:10.794+0000] {processor.py:914} INFO - Processing file /home/ec2-user/environment/lab4_model_training/venv/lib64/python3.12/site-packages/airflow/example_dags/example_params_trigger_ui.py for tasks to queue
[2026-03-12T00:44:10.796+0000] {logging_mixin.py:190} INFO - [2026-03-12T00:44:10.796+0000] {dagbag.py:588} INFO - Filling up the DagBag from /home/ec2-user/environment/lab4_model_training/venv/lib64/python3.12/site-packages/airflow/example_dags/example_params_trigger_ui.py
[2026-03-12T00:44:10.810+0000] {processor.py:925} INFO - DAG(s) 'example_params_trigger_ui' retrieved from /home/ec2-user/environment/lab4_model_training/venv/lib64/python3.12/site-packages/airflow/example_dags/example_params_trigger_ui.py
[2026-03-12T00:44:10.856+0000] {logging_mixin.py:190} INFO - [2026-03-12T00:44:10.856+0000] {dag.py:3239} INFO - Sync 1 DAGs
[2026-03-12T00:44:10.871+0000] {logging_mixin.py:190} INFO - [2026-03-12T00:44:10.871+0000] {dag.py:4180} INFO - Setting next_dagrun for example_params_trigger_ui to None, run_after=None
[2026-03-12T00:44:10.897+0000] {processor.py:208} INFO - Processing /home/ec2-user/environment/lab4_model_training/venv/lib64/python3.12/site-packages/airflow/example_dags/example_params_trigger_ui.py took 0.109 seconds
[2026-03-12T00:45:59.655+0000] {processor.py:186} INFO - Started process (PID=9580) to work on /home/ec2-user/environment/lab4_model_training/venv/lib64/python3.12/site-packages/airflow/example_dags/example_params_trigger_ui.py
[2026-03-12T00:45:59.657+0000] {processor.py:914} INFO - Processing file /home/ec2-user/environment/lab4_model_training/venv/lib64/python3.12/site-packages/airflow/example_dags/example_params_trigger_ui.py for tasks to queue
[2026-03-12T00:45:59.660+0000] {logging_mixin.py:190} INFO - [2026-03-12T00:45:59.659+0000] {dagbag.py:588} INFO - Filling up the DagBag from /home/ec2-user/environment/lab4_model_training/venv/lib64/python3.12/site-packages/airflow/example_dags/example_params_trigger_ui.py
[2026-03-12T00:45:59.675+0000] {processor.py:925} INFO - DAG(s) 'example_params_trigger_ui' retrieved from /home/ec2-user/environment/lab4_model_training/venv/lib64/python3.12/site-packages/airflow/example_dags/example_params_trigger_ui.py
[2026-03-12T00:45:59.719+0000] {logging_mixin.py:190} INFO - [2026-03-12T00:45:59.719+0000] {dag.py:3239} INFO - Sync 1 DAGs
[2026-03-12T00:45:59.734+0000] {logging_mixin.py:190} INFO - [2026-03-12T00:45:59.734+0000] {dag.py:4180} INFO - Setting next_dagrun for example_params_trigger_ui to None, run_after=None
[2026-03-12T00:45:59.758+0000] {processor.py:208} INFO - Processing /home/ec2-user/environment/lab4_model_training/venv/lib64/python3.12/site-packages/airflow/example_dags/example_params_trigger_ui.py took 0.107 seconds
[2026-03-12T00:47:39.699+0000] {processor.py:186} INFO - Started process (PID=10028) to work on /home/ec2-user/environment/lab4_model_training/venv/lib64/python3.12/site-packages/airflow/example_dags/example_params_trigger_ui.py
[2026-03-12T00:47:39.709+0000] {processor.py:914} INFO - Processing file /home/ec2-user/environment/lab4_model_training/venv/lib64/python3.12/site-packages/airflow/example_dags/example_params_trigger_ui.py for tasks to queue
[2026-03-12T00:47:39.712+0000] {logging_mixin.py:190} INFO - [2026-03-12T00:47:39.711+0000] {dagbag.py:588} INFO - Filling up the DagBag from /home/ec2-user/environment/lab4_model_training/venv/lib64/python3.12/site-packages/airflow/example_dags/example_params_trigger_ui.py
[2026-03-12T00:47:39.737+0000] {processor.py:925} INFO - DAG(s) 'example_params_trigger_ui' retrieved from /home/ec2-user/environment/lab4_model_training/venv/lib64/python3.12/site-packages/airflow/example_dags/example_params_trigger_ui.py
[2026-03-12T00:47:39.821+0000] {logging_mixin.py:190} INFO - [2026-03-12T00:47:39.820+0000] {dag.py:3239} INFO - Sync 1 DAGs
[2026-03-12T00:47:39.847+0000] {logging_mixin.py:190} INFO - [2026-03-12T00:47:39.847+0000] {dag.py:4180} INFO - Setting next_dagrun for example_params_trigger_ui to None, run_after=None
[2026-03-12T00:47:39.912+0000] {processor.py:208} INFO - Processing /home/ec2-user/environment/lab4_model_training/venv/lib64/python3.12/site-packages/airflow/example_dags/example_params_trigger_ui.py took 0.219 seconds
[2026-03-12T00:48:44.053+0000] {processor.py:186} INFO - Started process (PID=10276) to work on /home/ec2-user/environment/lab4_model_training/venv/lib64/python3.12/site-packages/airflow/example_dags/example_params_trigger_ui.py
[2026-03-12T00:48:44.054+0000] {processor.py:914} INFO - Processing file /home/ec2-user/environment/lab4_model_training/venv/lib64/python3.12/site-packages/airflow/example_dags/example_params_trigger_ui.py for tasks to queue
[2026-03-12T00:48:44.056+0000] {logging_mixin.py:190} INFO - [2026-03-12T00:48:44.056+0000] {dagbag.py:588} INFO - Filling up the DagBag from /home/ec2-user/environment/lab4_model_training/venv/lib64/python3.12/site-packages/airflow/example_dags/example_params_trigger_ui.py
[2026-03-12T00:48:44.070+0000] {processor.py:925} INFO - DAG(s) 'example_params_trigger_ui' retrieved from /home/ec2-user/environment/lab4_model_training/venv/lib64/python3.12/site-packages/airflow/example_dags/example_params_trigger_ui.py
[2026-03-12T00:48:44.111+0000] {logging_mixin.py:190} INFO - [2026-03-12T00:48:44.111+0000] {dag.py:3239} INFO - Sync 1 DAGs
[2026-03-12T00:48:44.126+0000] {logging_mixin.py:190} INFO - [2026-03-12T00:48:44.126+0000] {dag.py:4180} INFO - Setting next_dagrun for example_params_trigger_ui to None, run_after=None
[2026-03-12T00:48:44.148+0000] {processor.py:208} INFO - Processing /home/ec2-user/environment/lab4_model_training/venv/lib64/python3.12/site-packages/airflow/example_dags/example_params_trigger_ui.py took 0.100 seconds
[2026-03-12T00:49:49.820+0000] {processor.py:186} INFO - Started process (PID=10615) to work on /home/ec2-user/environment/lab4_model_training/venv/lib64/python3.12/site-packages/airflow/example_dags/example_params_trigger_ui.py
[2026-03-12T00:49:49.821+0000] {processor.py:914} INFO - Processing file /home/ec2-user/environment/lab4_model_training/venv/lib64/python3.12/site-packages/airflow/example_dags/example_params_trigger_ui.py for tasks to queue
[2026-03-12T00:49:49.823+0000] {logging_mixin.py:190} INFO - [2026-03-12T00:49:49.822+0000] {dagbag.py:588} INFO - Filling up the DagBag from /home/ec2-user/environment/lab4_model_training/venv/lib64/python3.12/site-packages/airflow/example_dags/example_params_trigger_ui.py
[2026-03-12T00:49:49.836+0000] {processor.py:925} INFO - DAG(s) 'example_params_trigger_ui' retrieved from /home/ec2-user/environment/lab4_model_training/venv/lib64/python3.12/site-packages/airflow/example_dags/example_params_trigger_ui.py
[2026-03-12T00:49:49.882+0000] {logging_mixin.py:190} INFO - [2026-03-12T00:49:49.882+0000] {dag.py:3239} INFO - Sync 1 DAGs
[2026-03-12T00:49:49.897+0000] {logging_mixin.py:190} INFO - [2026-03-12T00:49:49.897+0000] {dag.py:4180} INFO - Setting next_dagrun for example_params_trigger_ui to None, run_after=None
[2026-03-12T00:49:49.919+0000] {processor.py:208} INFO - Processing /home/ec2-user/environment/lab4_model_training/venv/lib64/python3.12/site-packages/airflow/example_dags/example_params_trigger_ui.py took 0.104 seconds
[2026-03-12T00:50:51.900+0000] {processor.py:186} INFO - Started process (PID=10851) to work on /home/ec2-user/environment/lab4_model_training/venv/lib64/python3.12/site-packages/airflow/example_dags/example_params_trigger_ui.py
[2026-03-12T00:50:51.902+0000] {processor.py:914} INFO - Processing file /home/ec2-user/environment/lab4_model_training/venv/lib64/python3.12/site-packages/airflow/example_dags/example_params_trigger_ui.py for tasks to queue
[2026-03-12T00:50:51.904+0000] {logging_mixin.py:190} INFO - [2026-03-12T00:50:51.903+0000] {dagbag.py:588} INFO - Filling up the DagBag from /home/ec2-user/environment/lab4_model_training/venv/lib64/python3.12/site-packages/airflow/example_dags/example_params_trigger_ui.py
[2026-03-12T00:50:51.917+0000] {processor.py:925} INFO - DAG(s) 'example_params_trigger_ui' retrieved from /home/ec2-user/environment/lab4_model_training/venv/lib64/python3.12/site-packages/airflow/example_dags/example_params_trigger_ui.py
[2026-03-12T00:50:51.968+0000] {logging_mixin.py:190} INFO - [2026-03-12T00:50:51.968+0000] {dag.py:3239} INFO - Sync 1 DAGs
[2026-03-12T00:50:51.983+0000] {logging_mixin.py:190} INFO - [2026-03-12T00:50:51.983+0000] {dag.py:4180} INFO - Setting next_dagrun for example_params_trigger_ui to None, run_after=None
[2026-03-12T00:50:52.005+0000] {processor.py:208} INFO - Processing /home/ec2-user/environment/lab4_model_training/venv/lib64/python3.12/site-packages/airflow/example_dags/example_params_trigger_ui.py took 0.109 seconds
[2026-03-12T00:51:52.874+0000] {processor.py:186} INFO - Started process (PID=11166) to work on /home/ec2-user/environment/lab4_model_training/venv/lib64/python3.12/site-packages/airflow/example_dags/example_params_trigger_ui.py
[2026-03-12T00:51:52.875+0000] {processor.py:914} INFO - Processing file /home/ec2-user/environment/lab4_model_training/venv/lib64/python3.12/site-packages/airflow/example_dags/example_params_trigger_ui.py for tasks to queue
[2026-03-12T00:51:52.877+0000] {logging_mixin.py:190} INFO - [2026-03-12T00:51:52.877+0000] {dagbag.py:588} INFO - Filling up the DagBag from /home/ec2-user/environment/lab4_model_training/venv/lib64/python3.12/site-packages/airflow/example_dags/example_params_trigger_ui.py
[2026-03-12T00:51:52.890+0000] {processor.py:925} INFO - DAG(s) 'example_params_trigger_ui' retrieved from /home/ec2-user/environment/lab4_model_training/venv/lib64/python3.12/site-packages/airflow/example_dags/example_params_trigger_ui.py
[2026-03-12T00:51:52.934+0000] {logging_mixin.py:190} INFO - [2026-03-12T00:51:52.934+0000] {dag.py:3239} INFO - Sync 1 DAGs
[2026-03-12T00:51:52.949+0000] {logging_mixin.py:190} INFO - [2026-03-12T00:51:52.949+0000] {dag.py:4180} INFO - Setting next_dagrun for example_params_trigger_ui to None, run_after=None
[2026-03-12T00:51:52.975+0000] {processor.py:208} INFO - Processing /home/ec2-user/environment/lab4_model_training/venv/lib64/python3.12/site-packages/airflow/example_dags/example_params_trigger_ui.py took 0.105 seconds
[2026-03-12T00:52:52.267+0000] {processor.py:186} INFO - Started process (PID=11454) to work on /home/ec2-user/environment/lab4_model_training/venv/lib64/python3.12/site-packages/airflow/example_dags/example_params_trigger_ui.py
[2026-03-12T00:52:52.268+0000] {processor.py:914} INFO - Processing file /home/ec2-user/environment/lab4_model_training/venv/lib64/python3.12/site-packages/airflow/example_dags/example_params_trigger_ui.py for tasks to queue
[2026-03-12T00:52:52.270+0000] {logging_mixin.py:190} INFO - [2026-03-12T00:52:52.270+0000] {dagbag.py:588} INFO - Filling up the DagBag from /home/ec2-user/environment/lab4_model_training/venv/lib64/python3.12/site-packages/airflow/example_dags/example_params_trigger_ui.py
[2026-03-12T00:52:52.283+0000] {processor.py:925} INFO - DAG(s) 'example_params_trigger_ui' retrieved from /home/ec2-user/environment/lab4_model_training/venv/lib64/python3.12/site-packages/airflow/example_dags/example_params_trigger_ui.py
[2026-03-12T00:52:52.326+0000] {logging_mixin.py:190} INFO - [2026-03-12T00:52:52.326+0000] {dag.py:3239} INFO - Sync 1 DAGs
[2026-03-12T00:52:52.341+0000] {logging_mixin.py:190} INFO - [2026-03-12T00:52:52.341+0000] {dag.py:4180} INFO - Setting next_dagrun for example_params_trigger_ui to None, run_after=None
[2026-03-12T00:52:52.365+0000] {processor.py:208} INFO - Processing /home/ec2-user/environment/lab4_model_training/venv/lib64/python3.12/site-packages/airflow/example_dags/example_params_trigger_ui.py took 0.104 seconds
[2026-03-12T00:53:52.417+0000] {processor.py:186} INFO - Started process (PID=11696) to work on /home/ec2-user/environment/lab4_model_training/venv/lib64/python3.12/site-packages/airflow/example_dags/example_params_trigger_ui.py
[2026-03-12T00:53:52.418+0000] {processor.py:914} INFO - Processing file /home/ec2-user/environment/lab4_model_training/venv/lib64/python3.12/site-packages/airflow/example_dags/example_params_trigger_ui.py for tasks to queue
[2026-03-12T00:53:52.421+0000] {logging_mixin.py:190} INFO - [2026-03-12T00:53:52.421+0000] {dagbag.py:588} INFO - Filling up the DagBag from /home/ec2-user/environment/lab4_model_training/venv/lib64/python3.12/site-packages/airflow/example_dags/example_params_trigger_ui.py
[2026-03-12T00:53:52.436+0000] {processor.py:925} INFO - DAG(s) 'example_params_trigger_ui' retrieved from /home/ec2-user/environment/lab4_model_training/venv/lib64/python3.12/site-packages/airflow/example_dags/example_params_trigger_ui.py
[2026-03-12T00:53:52.475+0000] {logging_mixin.py:190} INFO - [2026-03-12T00:53:52.475+0000] {dag.py:3239} INFO - Sync 1 DAGs
[2026-03-12T00:53:52.490+0000] {logging_mixin.py:190} INFO - [2026-03-12T00:53:52.490+0000] {dag.py:4180} INFO - Setting next_dagrun for example_params_trigger_ui to None, run_after=None
[2026-03-12T00:53:52.513+0000] {processor.py:208} INFO - Processing /home/ec2-user/environment/lab4_model_training/venv/lib64/python3.12/site-packages/airflow/example_dags/example_params_trigger_ui.py took 0.102 seconds
[2026-03-12T00:54:53.317+0000] {processor.py:186} INFO - Started process (PID=11972) to work on /home/ec2-user/environment/lab4_model_training/venv/lib64/python3.12/site-packages/airflow/example_dags/example_params_trigger_ui.py
[2026-03-12T00:54:53.318+0000] {processor.py:914} INFO - Processing file /home/ec2-user/environment/lab4_model_training/venv/lib64/python3.12/site-packages/airflow/example_dags/example_params_trigger_ui.py for tasks to queue
[2026-03-12T00:54:53.320+0000] {logging_mixin.py:190} INFO - [2026-03-12T00:54:53.320+0000] {dagbag.py:588} INFO - Filling up the DagBag from /home/ec2-user/environment/lab4_model_training/venv/lib64/python3.12/site-packages/airflow/example_dags/example_params_trigger_ui.py
[2026-03-12T00:54:53.334+0000] {processor.py:925} INFO - DAG(s) 'example_params_trigger_ui' retrieved from /home/ec2-user/environment/lab4_model_training/venv/lib64/python3.12/site-packages/airflow/example_dags/example_params_trigger_ui.py
[2026-03-12T00:54:53.377+0000] {logging_mixin.py:190} INFO - [2026-03-12T00:54:53.377+0000] {dag.py:3239} INFO - Sync 1 DAGs
[2026-03-12T00:54:53.393+0000] {logging_mixin.py:190} INFO - [2026-03-12T00:54:53.393+0000] {dag.py:4180} INFO - Setting next_dagrun for example_params_trigger_ui to None, run_after=None
[2026-03-12T00:54:53.416+0000] {processor.py:208} INFO - Processing /home/ec2-user/environment/lab4_model_training/venv/lib64/python3.12/site-packages/airflow/example_dags/example_params_trigger_ui.py took 0.105 seconds
[2026-03-12T00:55:58.323+0000] {processor.py:186} INFO - Started process (PID=12210) to work on /home/ec2-user/environment/lab4_model_training/venv/lib64/python3.12/site-packages/airflow/example_dags/example_params_trigger_ui.py
[2026-03-12T00:55:58.324+0000] {processor.py:914} INFO - Processing file /home/ec2-user/environment/lab4_model_training/venv/lib64/python3.12/site-packages/airflow/example_dags/example_params_trigger_ui.py for tasks to queue
[2026-03-12T00:55:58.326+0000] {logging_mixin.py:190} INFO - [2026-03-12T00:55:58.326+0000] {dagbag.py:588} INFO - Filling up the DagBag from /home/ec2-user/environment/lab4_model_training/venv/lib64/python3.12/site-packages/airflow/example_dags/example_params_trigger_ui.py
[2026-03-12T00:55:58.340+0000] {processor.py:925} INFO - DAG(s) 'example_params_trigger_ui' retrieved from /home/ec2-user/environment/lab4_model_training/venv/lib64/python3.12/site-packages/airflow/example_dags/example_params_trigger_ui.py
[2026-03-12T00:55:58.385+0000] {logging_mixin.py:190} INFO - [2026-03-12T00:55:58.385+0000] {dag.py:3239} INFO - Sync 1 DAGs
[2026-03-12T00:55:58.400+0000] {logging_mixin.py:190} INFO - [2026-03-12T00:55:58.400+0000] {dag.py:4180} INFO - Setting next_dagrun for example_params_trigger_ui to None, run_after=None
[2026-03-12T00:55:58.423+0000] {processor.py:208} INFO - Processing /home/ec2-user/environment/lab4_model_training/venv/lib64/python3.12/site-packages/airflow/example_dags/example_params_trigger_ui.py took 0.105 seconds
[2026-03-12T00:57:02.709+0000] {processor.py:186} INFO - Started process (PID=12506) to work on /home/ec2-user/environment/lab4_model_training/venv/lib64/python3.12/site-packages/airflow/example_dags/example_params_trigger_ui.py
[2026-03-12T00:57:02.710+0000] {processor.py:914} INFO - Processing file /home/ec2-user/environment/lab4_model_training/venv/lib64/python3.12/site-packages/airflow/example_dags/example_params_trigger_ui.py for tasks to queue
[2026-03-12T00:57:02.714+0000] {logging_mixin.py:190} INFO - [2026-03-12T00:57:02.713+0000] {dagbag.py:588} INFO - Filling up the DagBag from /home/ec2-user/environment/lab4_model_training/venv/lib64/python3.12/site-packages/airflow/example_dags/example_params_trigger_ui.py
[2026-03-12T00:57:02.729+0000] {processor.py:925} INFO - DAG(s) 'example_params_trigger_ui' retrieved from /home/ec2-user/environment/lab4_model_training/venv/lib64/python3.12/site-packages/airflow/example_dags/example_params_trigger_ui.py
[2026-03-12T00:57:02.774+0000] {logging_mixin.py:190} INFO - [2026-03-12T00:57:02.773+0000] {dag.py:3239} INFO - Sync 1 DAGs
[2026-03-12T00:57:02.789+0000] {logging_mixin.py:190} INFO - [2026-03-12T00:57:02.789+0000] {dag.py:4180} INFO - Setting next_dagrun for example_params_trigger_ui to None, run_after=None
[2026-03-12T00:57:02.812+0000] {processor.py:208} INFO - Processing /home/ec2-user/environment/lab4_model_training/venv/lib64/python3.12/site-packages/airflow/example_dags/example_params_trigger_ui.py took 0.108 seconds
[2026-03-12T00:58:04.065+0000] {processor.py:186} INFO - Started process (PID=12742) to work on /home/ec2-user/environment/lab4_model_training/venv/lib64/python3.12/site-packages/airflow/example_dags/example_params_trigger_ui.py
[2026-03-12T00:58:04.066+0000] {processor.py:914} INFO - Processing file /home/ec2-user/environment/lab4_model_training/venv/lib64/python3.12/site-packages/airflow/example_dags/example_params_trigger_ui.py for tasks to queue
[2026-03-12T00:58:04.069+0000] {logging_mixin.py:190} INFO - [2026-03-12T00:58:04.068+0000] {dagbag.py:588} INFO - Filling up the DagBag from /home/ec2-user/environment/lab4_model_training/venv/lib64/python3.12/site-packages/airflow/example_dags/example_params_trigger_ui.py
[2026-03-12T00:58:04.082+0000] {processor.py:925} INFO - DAG(s) 'example_params_trigger_ui' retrieved from /home/ec2-user/environment/lab4_model_training/venv/lib64/python3.12/site-packages/airflow/example_dags/example_params_trigger_ui.py
[2026-03-12T00:58:04.128+0000] {logging_mixin.py:190} INFO - [2026-03-12T00:58:04.128+0000] {dag.py:3239} INFO - Sync 1 DAGs
[2026-03-12T00:58:04.144+0000] {logging_mixin.py:190} INFO - [2026-03-12T00:58:04.143+0000] {dag.py:4180} INFO - Setting next_dagrun for example_params_trigger_ui to None, run_after=None
[2026-03-12T00:58:04.166+0000] {processor.py:208} INFO - Processing /home/ec2-user/environment/lab4_model_training/venv/lib64/python3.12/site-packages/airflow/example_dags/example_params_trigger_ui.py took 0.106 seconds
[2026-03-12T00:59:05.598+0000] {processor.py:186} INFO - Started process (PID=13052) to work on /home/ec2-user/environment/lab4_model_training/venv/lib64/python3.12/site-packages/airflow/example_dags/example_params_trigger_ui.py
[2026-03-12T00:59:05.599+0000] {processor.py:914} INFO - Processing file /home/ec2-user/environment/lab4_model_training/venv/lib64/python3.12/site-packages/airflow/example_dags/example_params_trigger_ui.py for tasks to queue
[2026-03-12T00:59:05.603+0000] {logging_mixin.py:190} INFO - [2026-03-12T00:59:05.602+0000] {dagbag.py:588} INFO - Filling up the DagBag from /home/ec2-user/environment/lab4_model_training/venv/lib64/python3.12/site-packages/airflow/example_dags/example_params_trigger_ui.py
[2026-03-12T00:59:05.618+0000] {processor.py:925} INFO - DAG(s) 'example_params_trigger_ui' retrieved from /home/ec2-user/environment/lab4_model_training/venv/lib64/python3.12/site-packages/airflow/example_dags/example_params_trigger_ui.py
[2026-03-12T00:59:05.660+0000] {logging_mixin.py:190} INFO - [2026-03-12T00:59:05.660+0000] {dag.py:3239} INFO - Sync 1 DAGs
[2026-03-12T00:59:05.676+0000] {logging_mixin.py:190} INFO - [2026-03-12T00:59:05.676+0000] {dag.py:4180} INFO - Setting next_dagrun for example_params_trigger_ui to None, run_after=None
[2026-03-12T00:59:05.699+0000] {processor.py:208} INFO - Processing /home/ec2-user/environment/lab4_model_training/venv/lib64/python3.12/site-packages/airflow/example_dags/example_params_trigger_ui.py took 0.107 seconds
[2026-03-12T01:00:09.649+0000] {processor.py:186} INFO - Started process (PID=13289) to work on /home/ec2-user/environment/lab4_model_training/venv/lib64/python3.12/site-packages/airflow/example_dags/example_params_trigger_ui.py
[2026-03-12T01:00:09.651+0000] {processor.py:914} INFO - Processing file /home/ec2-user/environment/lab4_model_training/venv/lib64/python3.12/site-packages/airflow/example_dags/example_params_trigger_ui.py for tasks to queue
[2026-03-12T01:00:09.654+0000] {logging_mixin.py:190} INFO - [2026-03-12T01:00:09.653+0000] {dagbag.py:588} INFO - Filling up the DagBag from /home/ec2-user/environment/lab4_model_training/venv/lib64/python3.12/site-packages/airflow/example_dags/example_params_trigger_ui.py
[2026-03-12T01:00:09.669+0000] {processor.py:925} INFO - DAG(s) 'example_params_trigger_ui' retrieved from /home/ec2-user/environment/lab4_model_training/venv/lib64/python3.12/site-packages/airflow/example_dags/example_params_trigger_ui.py
[2026-03-12T01:00:09.711+0000] {logging_mixin.py:190} INFO - [2026-03-12T01:00:09.710+0000] {dag.py:3239} INFO - Sync 1 DAGs
[2026-03-12T01:00:09.727+0000] {logging_mixin.py:190} INFO - [2026-03-12T01:00:09.727+0000] {dag.py:4180} INFO - Setting next_dagrun for example_params_trigger_ui to None, run_after=None
[2026-03-12T01:00:09.753+0000] {processor.py:208} INFO - Processing /home/ec2-user/environment/lab4_model_training/venv/lib64/python3.12/site-packages/airflow/example_dags/example_params_trigger_ui.py took 0.109 seconds
[2026-03-12T01:01:13.195+0000] {processor.py:186} INFO - Started process (PID=13602) to work on /home/ec2-user/environment/lab4_model_training/venv/lib64/python3.12/site-packages/airflow/example_dags/example_params_trigger_ui.py
[2026-03-12T01:01:13.196+0000] {processor.py:914} INFO - Processing file /home/ec2-user/environment/lab4_model_training/venv/lib64/python3.12/site-packages/airflow/example_dags/example_params_trigger_ui.py for tasks to queue
[2026-03-12T01:01:13.199+0000] {logging_mixin.py:190} INFO - [2026-03-12T01:01:13.198+0000] {dagbag.py:588} INFO - Filling up the DagBag from /home/ec2-user/environment/lab4_model_training/venv/lib64/python3.12/site-packages/airflow/example_dags/example_params_trigger_ui.py
[2026-03-12T01:01:13.213+0000] {processor.py:925} INFO - DAG(s) 'example_params_trigger_ui' retrieved from /home/ec2-user/environment/lab4_model_training/venv/lib64/python3.12/site-packages/airflow/example_dags/example_params_trigger_ui.py
[2026-03-12T01:01:13.254+0000] {logging_mixin.py:190} INFO - [2026-03-12T01:01:13.254+0000] {dag.py:3239} INFO - Sync 1 DAGs
[2026-03-12T01:01:13.269+0000] {logging_mixin.py:190} INFO - [2026-03-12T01:01:13.269+0000] {dag.py:4180} INFO - Setting next_dagrun for example_params_trigger_ui to None, run_after=None
[2026-03-12T01:01:13.292+0000] {processor.py:208} INFO - Processing /home/ec2-user/environment/lab4_model_training/venv/lib64/python3.12/site-packages/airflow/example_dags/example_params_trigger_ui.py took 0.103 seconds
[2026-03-12T01:02:15.940+0000] {processor.py:186} INFO - Started process (PID=13838) to work on /home/ec2-user/environment/lab4_model_training/venv/lib64/python3.12/site-packages/airflow/example_dags/example_params_trigger_ui.py
[2026-03-12T01:02:15.941+0000] {processor.py:914} INFO - Processing file /home/ec2-user/environment/lab4_model_training/venv/lib64/python3.12/site-packages/airflow/example_dags/example_params_trigger_ui.py for tasks to queue
[2026-03-12T01:02:15.945+0000] {logging_mixin.py:190} INFO - [2026-03-12T01:02:15.944+0000] {dagbag.py:588} INFO - Filling up the DagBag from /home/ec2-user/environment/lab4_model_training/venv/lib64/python3.12/site-packages/airflow/example_dags/example_params_trigger_ui.py
[2026-03-12T01:02:15.960+0000] {processor.py:925} INFO - DAG(s) 'example_params_trigger_ui' retrieved from /home/ec2-user/environment/lab4_model_training/venv/lib64/python3.12/site-packages/airflow/example_dags/example_params_trigger_ui.py
[2026-03-12T01:02:16.003+0000] {logging_mixin.py:190} INFO - [2026-03-12T01:02:16.003+0000] {dag.py:3239} INFO - Sync 1 DAGs
[2026-03-12T01:02:16.018+0000] {logging_mixin.py:190} INFO - [2026-03-12T01:02:16.018+0000] {dag.py:4180} INFO - Setting next_dagrun for example_params_trigger_ui to None, run_after=None
[2026-03-12T01:02:16.042+0000] {processor.py:208} INFO - Processing /home/ec2-user/environment/lab4_model_training/venv/lib64/python3.12/site-packages/airflow/example_dags/example_params_trigger_ui.py took 0.107 seconds
[2026-03-12T01:03:21.248+0000] {processor.py:186} INFO - Started process (PID=14131) to work on /home/ec2-user/environment/lab4_model_training/venv/lib64/python3.12/site-packages/airflow/example_dags/example_params_trigger_ui.py
[2026-03-12T01:03:21.249+0000] {processor.py:914} INFO - Processing file /home/ec2-user/environment/lab4_model_training/venv/lib64/python3.12/site-packages/airflow/example_dags/example_params_trigger_ui.py for tasks to queue
[2026-03-12T01:03:21.251+0000] {logging_mixin.py:190} INFO - [2026-03-12T01:03:21.251+0000] {dagbag.py:588} INFO - Filling up the DagBag from /home/ec2-user/environment/lab4_model_training/venv/lib64/python3.12/site-packages/airflow/example_dags/example_params_trigger_ui.py
[2026-03-12T01:03:21.264+0000] {processor.py:925} INFO - DAG(s) 'example_params_trigger_ui' retrieved from /home/ec2-user/environment/lab4_model_training/venv/lib64/python3.12/site-packages/airflow/example_dags/example_params_trigger_ui.py
[2026-03-12T01:03:21.316+0000] {logging_mixin.py:190} INFO - [2026-03-12T01:03:21.315+0000] {dag.py:3239} INFO - Sync 1 DAGs
[2026-03-12T01:03:21.330+0000] {logging_mixin.py:190} INFO - [2026-03-12T01:03:21.330+0000] {dag.py:4180} INFO - Setting next_dagrun for example_params_trigger_ui to None, run_after=None
[2026-03-12T01:03:21.353+0000] {processor.py:208} INFO - Processing /home/ec2-user/environment/lab4_model_training/venv/lib64/python3.12/site-packages/airflow/example_dags/example_params_trigger_ui.py took 0.110 seconds
[2026-03-12T01:04:24.721+0000] {processor.py:186} INFO - Started process (PID=14377) to work on /home/ec2-user/environment/lab4_model_training/venv/lib64/python3.12/site-packages/airflow/example_dags/example_params_trigger_ui.py
[2026-03-12T01:04:24.722+0000] {processor.py:914} INFO - Processing file /home/ec2-user/environment/lab4_model_training/venv/lib64/python3.12/site-packages/airflow/example_dags/example_params_trigger_ui.py for tasks to queue
[2026-03-12T01:04:24.726+0000] {logging_mixin.py:190} INFO - [2026-03-12T01:04:24.725+0000] {dagbag.py:588} INFO - Filling up the DagBag from /home/ec2-user/environment/lab4_model_training/venv/lib64/python3.12/site-packages/airflow/example_dags/example_params_trigger_ui.py
[2026-03-12T01:04:24.741+0000] {processor.py:925} INFO - DAG(s) 'example_params_trigger_ui' retrieved from /home/ec2-user/environment/lab4_model_training/venv/lib64/python3.12/site-packages/airflow/example_dags/example_params_trigger_ui.py
[2026-03-12T01:04:24.782+0000] {logging_mixin.py:190} INFO - [2026-03-12T01:04:24.782+0000] {dag.py:3239} INFO - Sync 1 DAGs
[2026-03-12T01:04:24.796+0000] {logging_mixin.py:190} INFO - [2026-03-12T01:04:24.796+0000] {dag.py:4180} INFO - Setting next_dagrun for example_params_trigger_ui to None, run_after=None
[2026-03-12T01:04:24.818+0000] {processor.py:208} INFO - Processing /home/ec2-user/environment/lab4_model_training/venv/lib64/python3.12/site-packages/airflow/example_dags/example_params_trigger_ui.py took 0.102 seconds
[2026-03-12T01:05:32.823+0000] {processor.py:186} INFO - Started process (PID=14691) to work on /home/ec2-user/environment/lab4_model_training/venv/lib64/python3.12/site-packages/airflow/example_dags/example_params_trigger_ui.py
[2026-03-12T01:05:32.824+0000] {processor.py:914} INFO - Processing file /home/ec2-user/environment/lab4_model_training/venv/lib64/python3.12/site-packages/airflow/example_dags/example_params_trigger_ui.py for tasks to queue
[2026-03-12T01:05:32.826+0000] {logging_mixin.py:190} INFO - [2026-03-12T01:05:32.826+0000] {dagbag.py:588} INFO - Filling up the DagBag from /home/ec2-user/environment/lab4_model_training/venv/lib64/python3.12/site-packages/airflow/example_dags/example_params_trigger_ui.py
[2026-03-12T01:05:32.840+0000] {processor.py:925} INFO - DAG(s) 'example_params_trigger_ui' retrieved from /home/ec2-user/environment/lab4_model_training/venv/lib64/python3.12/site-packages/airflow/example_dags/example_params_trigger_ui.py
[2026-03-12T01:05:32.883+0000] {logging_mixin.py:190} INFO - [2026-03-12T01:05:32.882+0000] {dag.py:3239} INFO - Sync 1 DAGs
[2026-03-12T01:05:32.898+0000] {logging_mixin.py:190} INFO - [2026-03-12T01:05:32.897+0000] {dag.py:4180} INFO - Setting next_dagrun for example_params_trigger_ui to None, run_after=None
[2026-03-12T01:05:32.920+0000] {processor.py:208} INFO - Processing /home/ec2-user/environment/lab4_model_training/venv/lib64/python3.12/site-packages/airflow/example_dags/example_params_trigger_ui.py took 0.102 seconds
[2026-03-12T01:06:32.337+0000] {processor.py:186} INFO - Started process (PID=14983) to work on /home/ec2-user/environment/lab4_model_training/venv/lib64/python3.12/site-packages/airflow/example_dags/example_params_trigger_ui.py
[2026-03-12T01:06:32.339+0000] {processor.py:914} INFO - Processing file /home/ec2-user/environment/lab4_model_training/venv/lib64/python3.12/site-packages/airflow/example_dags/example_params_trigger_ui.py for tasks to queue
[2026-03-12T01:06:32.342+0000] {logging_mixin.py:190} INFO - [2026-03-12T01:06:32.341+0000] {dagbag.py:588} INFO - Filling up the DagBag from /home/ec2-user/environment/lab4_model_training/venv/lib64/python3.12/site-packages/airflow/example_dags/example_params_trigger_ui.py
[2026-03-12T01:06:32.356+0000] {processor.py:925} INFO - DAG(s) 'example_params_trigger_ui' retrieved from /home/ec2-user/environment/lab4_model_training/venv/lib64/python3.12/site-packages/airflow/example_dags/example_params_trigger_ui.py
[2026-03-12T01:06:32.398+0000] {logging_mixin.py:190} INFO - [2026-03-12T01:06:32.398+0000] {dag.py:3239} INFO - Sync 1 DAGs
[2026-03-12T01:06:32.413+0000] {logging_mixin.py:190} INFO - [2026-03-12T01:06:32.412+0000] {dag.py:4180} INFO - Setting next_dagrun for example_params_trigger_ui to None, run_after=None
[2026-03-12T01:06:32.435+0000] {processor.py:208} INFO - Processing /home/ec2-user/environment/lab4_model_training/venv/lib64/python3.12/site-packages/airflow/example_dags/example_params_trigger_ui.py took 0.104 seconds
[2026-03-12T01:07:33.033+0000] {processor.py:186} INFO - Started process (PID=15268) to work on /home/ec2-user/environment/lab4_model_training/venv/lib64/python3.12/site-packages/airflow/example_dags/example_params_trigger_ui.py
[2026-03-12T01:07:33.035+0000] {processor.py:914} INFO - Processing file /home/ec2-user/environment/lab4_model_training/venv/lib64/python3.12/site-packages/airflow/example_dags/example_params_trigger_ui.py for tasks to queue
[2026-03-12T01:07:33.037+0000] {logging_mixin.py:190} INFO - [2026-03-12T01:07:33.036+0000] {dagbag.py:588} INFO - Filling up the DagBag from /home/ec2-user/environment/lab4_model_training/venv/lib64/python3.12/site-packages/airflow/example_dags/example_params_trigger_ui.py
[2026-03-12T01:07:33.057+0000] {processor.py:925} INFO - DAG(s) 'example_params_trigger_ui' retrieved from /home/ec2-user/environment/lab4_model_training/venv/lib64/python3.12/site-packages/airflow/example_dags/example_params_trigger_ui.py
[2026-03-12T01:07:33.097+0000] {logging_mixin.py:190} INFO - [2026-03-12T01:07:33.097+0000] {dag.py:3239} INFO - Sync 1 DAGs
[2026-03-12T01:07:33.114+0000] {logging_mixin.py:190} INFO - [2026-03-12T01:07:33.114+0000] {dag.py:4180} INFO - Setting next_dagrun for example_params_trigger_ui to None, run_after=None
[2026-03-12T01:07:33.138+0000] {processor.py:208} INFO - Processing /home/ec2-user/environment/lab4_model_training/venv/lib64/python3.12/site-packages/airflow/example_dags/example_params_trigger_ui.py took 0.109 seconds
[2026-03-12T01:08:34.930+0000] {processor.py:186} INFO - Started process (PID=15506) to work on /home/ec2-user/environment/lab4_model_training/venv/lib64/python3.12/site-packages/airflow/example_dags/example_params_trigger_ui.py
[2026-03-12T01:08:34.931+0000] {processor.py:914} INFO - Processing file /home/ec2-user/environment/lab4_model_training/venv/lib64/python3.12/site-packages/airflow/example_dags/example_params_trigger_ui.py for tasks to queue
[2026-03-12T01:08:34.933+0000] {logging_mixin.py:190} INFO - [2026-03-12T01:08:34.933+0000] {dagbag.py:588} INFO - Filling up the DagBag from /home/ec2-user/environment/lab4_model_training/venv/lib64/python3.12/site-packages/airflow/example_dags/example_params_trigger_ui.py
[2026-03-12T01:08:34.947+0000] {processor.py:925} INFO - DAG(s) 'example_params_trigger_ui' retrieved from /home/ec2-user/environment/lab4_model_training/venv/lib64/python3.12/site-packages/airflow/example_dags/example_params_trigger_ui.py
[2026-03-12T01:08:34.994+0000] {logging_mixin.py:190} INFO - [2026-03-12T01:08:34.994+0000] {dag.py:3239} INFO - Sync 1 DAGs
[2026-03-12T01:08:35.009+0000] {logging_mixin.py:190} INFO - [2026-03-12T01:08:35.009+0000] {dag.py:4180} INFO - Setting next_dagrun for example_params_trigger_ui to None, run_after=None
[2026-03-12T01:08:35.032+0000] {processor.py:208} INFO - Processing /home/ec2-user/environment/lab4_model_training/venv/lib64/python3.12/site-packages/airflow/example_dags/example_params_trigger_ui.py took 0.108 seconds
[2026-03-12T01:09:36.731+0000] {processor.py:186} INFO - Started process (PID=15790) to work on /home/ec2-user/environment/lab4_model_training/venv/lib64/python3.12/site-packages/airflow/example_dags/example_params_trigger_ui.py
[2026-03-12T01:09:36.732+0000] {processor.py:914} INFO - Processing file /home/ec2-user/environment/lab4_model_training/venv/lib64/python3.12/site-packages/airflow/example_dags/example_params_trigger_ui.py for tasks to queue
[2026-03-12T01:09:36.734+0000] {logging_mixin.py:190} INFO - [2026-03-12T01:09:36.734+0000] {dagbag.py:588} INFO - Filling up the DagBag from /home/ec2-user/environment/lab4_model_training/venv/lib64/python3.12/site-packages/airflow/example_dags/example_params_trigger_ui.py
[2026-03-12T01:09:36.747+0000] {processor.py:925} INFO - DAG(s) 'example_params_trigger_ui' retrieved from /home/ec2-user/environment/lab4_model_training/venv/lib64/python3.12/site-packages/airflow/example_dags/example_params_trigger_ui.py
[2026-03-12T01:09:36.793+0000] {logging_mixin.py:190} INFO - [2026-03-12T01:09:36.792+0000] {dag.py:3239} INFO - Sync 1 DAGs
[2026-03-12T01:09:36.807+0000] {logging_mixin.py:190} INFO - [2026-03-12T01:09:36.807+0000] {dag.py:4180} INFO - Setting next_dagrun for example_params_trigger_ui to None, run_after=None
[2026-03-12T01:09:36.831+0000] {processor.py:208} INFO - Processing /home/ec2-user/environment/lab4_model_training/venv/lib64/python3.12/site-packages/airflow/example_dags/example_params_trigger_ui.py took 0.106 seconds
[2026-03-12T01:10:42.770+0000] {processor.py:186} INFO - Started process (PID=16043) to work on /home/ec2-user/environment/lab4_model_training/venv/lib64/python3.12/site-packages/airflow/example_dags/example_params_trigger_ui.py
[2026-03-12T01:10:42.771+0000] {processor.py:914} INFO - Processing file /home/ec2-user/environment/lab4_model_training/venv/lib64/python3.12/site-packages/airflow/example_dags/example_params_trigger_ui.py for tasks to queue
[2026-03-12T01:10:42.774+0000] {logging_mixin.py:190} INFO - [2026-03-12T01:10:42.774+0000] {dagbag.py:588} INFO - Filling up the DagBag from /home/ec2-user/environment/lab4_model_training/venv/lib64/python3.12/site-packages/airflow/example_dags/example_params_trigger_ui.py
[2026-03-12T01:10:42.790+0000] {processor.py:925} INFO - DAG(s) 'example_params_trigger_ui' retrieved from /home/ec2-user/environment/lab4_model_training/venv/lib64/python3.12/site-packages/airflow/example_dags/example_params_trigger_ui.py
[2026-03-12T01:10:42.839+0000] {logging_mixin.py:190} INFO - [2026-03-12T01:10:42.839+0000] {dag.py:3239} INFO - Sync 1 DAGs
[2026-03-12T01:10:42.856+0000] {logging_mixin.py:190} INFO - [2026-03-12T01:10:42.856+0000] {dag.py:4180} INFO - Setting next_dagrun for example_params_trigger_ui to None, run_after=None
[2026-03-12T01:10:42.881+0000] {processor.py:208} INFO - Processing /home/ec2-user/environment/lab4_model_training/venv/lib64/python3.12/site-packages/airflow/example_dags/example_params_trigger_ui.py took 0.116 seconds
[2026-03-12T01:11:48.367+0000] {processor.py:186} INFO - Started process (PID=16348) to work on /home/ec2-user/environment/lab4_model_training/venv/lib64/python3.12/site-packages/airflow/example_dags/example_params_trigger_ui.py
[2026-03-12T01:11:48.368+0000] {processor.py:914} INFO - Processing file /home/ec2-user/environment/lab4_model_training/venv/lib64/python3.12/site-packages/airflow/example_dags/example_params_trigger_ui.py for tasks to queue
[2026-03-12T01:11:48.372+0000] {logging_mixin.py:190} INFO - [2026-03-12T01:11:48.371+0000] {dagbag.py:588} INFO - Filling up the DagBag from /home/ec2-user/environment/lab4_model_training/venv/lib64/python3.12/site-packages/airflow/example_dags/example_params_trigger_ui.py
[2026-03-12T01:11:48.386+0000] {processor.py:925} INFO - DAG(s) 'example_params_trigger_ui' retrieved from /home/ec2-user/environment/lab4_model_training/venv/lib64/python3.12/site-packages/airflow/example_dags/example_params_trigger_ui.py
[2026-03-12T01:11:48.430+0000] {logging_mixin.py:190} INFO - [2026-03-12T01:11:48.430+0000] {dag.py:3239} INFO - Sync 1 DAGs
[2026-03-12T01:11:48.445+0000] {logging_mixin.py:190} INFO - [2026-03-12T01:11:48.445+0000] {dag.py:4180} INFO - Setting next_dagrun for example_params_trigger_ui to None, run_after=None
[2026-03-12T01:11:48.468+0000] {processor.py:208} INFO - Processing /home/ec2-user/environment/lab4_model_training/venv/lib64/python3.12/site-packages/airflow/example_dags/example_params_trigger_ui.py took 0.106 seconds
[2026-03-12T01:12:50.471+0000] {processor.py:186} INFO - Started process (PID=16634) to work on /home/ec2-user/environment/lab4_model_training/venv/lib64/python3.12/site-packages/airflow/example_dags/example_params_trigger_ui.py
[2026-03-12T01:12:50.472+0000] {processor.py:914} INFO - Processing file /home/ec2-user/environment/lab4_model_training/venv/lib64/python3.12/site-packages/airflow/example_dags/example_params_trigger_ui.py for tasks to queue
[2026-03-12T01:12:50.475+0000] {logging_mixin.py:190} INFO - [2026-03-12T01:12:50.474+0000] {dagbag.py:588} INFO - Filling up the DagBag from /home/ec2-user/environment/lab4_model_training/venv/lib64/python3.12/site-packages/airflow/example_dags/example_params_trigger_ui.py
[2026-03-12T01:12:50.490+0000] {processor.py:925} INFO - DAG(s) 'example_params_trigger_ui' retrieved from /home/ec2-user/environment/lab4_model_training/venv/lib64/python3.12/site-packages/airflow/example_dags/example_params_trigger_ui.py
[2026-03-12T01:12:50.532+0000] {logging_mixin.py:190} INFO - [2026-03-12T01:12:50.532+0000] {dag.py:3239} INFO - Sync 1 DAGs
[2026-03-12T01:12:50.549+0000] {logging_mixin.py:190} INFO - [2026-03-12T01:12:50.549+0000] {dag.py:4180} INFO - Setting next_dagrun for example_params_trigger_ui to None, run_after=None
[2026-03-12T01:12:50.573+0000] {processor.py:208} INFO - Processing /home/ec2-user/environment/lab4_model_training/venv/lib64/python3.12/site-packages/airflow/example_dags/example_params_trigger_ui.py took 0.108 seconds
[2026-03-12T01:13:55.716+0000] {processor.py:186} INFO - Started process (PID=16955) to work on /home/ec2-user/environment/lab4_model_training/venv/lib64/python3.12/site-packages/airflow/example_dags/example_params_trigger_ui.py
[2026-03-12T01:13:55.717+0000] {processor.py:914} INFO - Processing file /home/ec2-user/environment/lab4_model_training/venv/lib64/python3.12/site-packages/airflow/example_dags/example_params_trigger_ui.py for tasks to queue
[2026-03-12T01:13:55.719+0000] {logging_mixin.py:190} INFO - [2026-03-12T01:13:55.719+0000] {dagbag.py:588} INFO - Filling up the DagBag from /home/ec2-user/environment/lab4_model_training/venv/lib64/python3.12/site-packages/airflow/example_dags/example_params_trigger_ui.py
[2026-03-12T01:13:55.733+0000] {processor.py:925} INFO - DAG(s) 'example_params_trigger_ui' retrieved from /home/ec2-user/environment/lab4_model_training/venv/lib64/python3.12/site-packages/airflow/example_dags/example_params_trigger_ui.py
[2026-03-12T01:13:55.778+0000] {logging_mixin.py:190} INFO - [2026-03-12T01:13:55.778+0000] {dag.py:3239} INFO - Sync 1 DAGs
[2026-03-12T01:13:55.793+0000] {logging_mixin.py:190} INFO - [2026-03-12T01:13:55.793+0000] {dag.py:4180} INFO - Setting next_dagrun for example_params_trigger_ui to None, run_after=None
[2026-03-12T01:13:55.814+0000] {processor.py:208} INFO - Processing /home/ec2-user/environment/lab4_model_training/venv/lib64/python3.12/site-packages/airflow/example_dags/example_params_trigger_ui.py took 0.104 seconds
[2026-03-12T01:15:00.249+0000] {processor.py:186} INFO - Started process (PID=17257) to work on /home/ec2-user/environment/lab4_model_training/venv/lib64/python3.12/site-packages/airflow/example_dags/example_params_trigger_ui.py
[2026-03-12T01:15:00.250+0000] {processor.py:914} INFO - Processing file /home/ec2-user/environment/lab4_model_training/venv/lib64/python3.12/site-packages/airflow/example_dags/example_params_trigger_ui.py for tasks to queue
[2026-03-12T01:15:00.252+0000] {logging_mixin.py:190} INFO - [2026-03-12T01:15:00.252+0000] {dagbag.py:588} INFO - Filling up the DagBag from /home/ec2-user/environment/lab4_model_training/venv/lib64/python3.12/site-packages/airflow/example_dags/example_params_trigger_ui.py
[2026-03-12T01:15:00.266+0000] {processor.py:925} INFO - DAG(s) 'example_params_trigger_ui' retrieved from /home/ec2-user/environment/lab4_model_training/venv/lib64/python3.12/site-packages/airflow/example_dags/example_params_trigger_ui.py
[2026-03-12T01:15:00.309+0000] {logging_mixin.py:190} INFO - [2026-03-12T01:15:00.309+0000] {dag.py:3239} INFO - Sync 1 DAGs
[2026-03-12T01:15:00.325+0000] {logging_mixin.py:190} INFO - [2026-03-12T01:15:00.325+0000] {dag.py:4180} INFO - Setting next_dagrun for example_params_trigger_ui to None, run_after=None
[2026-03-12T01:15:00.348+0000] {processor.py:208} INFO - Processing /home/ec2-user/environment/lab4_model_training/venv/lib64/python3.12/site-packages/airflow/example_dags/example_params_trigger_ui.py took 0.105 seconds
[2026-03-12T01:16:01.235+0000] {processor.py:186} INFO - Started process (PID=17544) to work on /home/ec2-user/environment/lab4_model_training/venv/lib64/python3.12/site-packages/airflow/example_dags/example_params_trigger_ui.py
[2026-03-12T01:16:01.236+0000] {processor.py:914} INFO - Processing file /home/ec2-user/environment/lab4_model_training/venv/lib64/python3.12/site-packages/airflow/example_dags/example_params_trigger_ui.py for tasks to queue
[2026-03-12T01:16:01.239+0000] {logging_mixin.py:190} INFO - [2026-03-12T01:16:01.239+0000] {dagbag.py:588} INFO - Filling up the DagBag from /home/ec2-user/environment/lab4_model_training/venv/lib64/python3.12/site-packages/airflow/example_dags/example_params_trigger_ui.py
[2026-03-12T01:16:01.254+0000] {processor.py:925} INFO - DAG(s) 'example_params_trigger_ui' retrieved from /home/ec2-user/environment/lab4_model_training/venv/lib64/python3.12/site-packages/airflow/example_dags/example_params_trigger_ui.py
[2026-03-12T01:16:01.312+0000] {logging_mixin.py:190} INFO - [2026-03-12T01:16:01.312+0000] {dag.py:3239} INFO - Sync 1 DAGs
[2026-03-12T01:16:01.330+0000] {logging_mixin.py:190} INFO - [2026-03-12T01:16:01.330+0000] {dag.py:4180} INFO - Setting next_dagrun for example_params_trigger_ui to None, run_after=None
[2026-03-12T01:16:01.364+0000] {processor.py:208} INFO - Processing /home/ec2-user/environment/lab4_model_training/venv/lib64/python3.12/site-packages/airflow/example_dags/example_params_trigger_ui.py took 0.134 seconds
[2026-03-12T01:17:09.446+0000] {processor.py:186} INFO - Started process (PID=17818) to work on /home/ec2-user/environment/lab4_model_training/venv/lib64/python3.12/site-packages/airflow/example_dags/example_params_trigger_ui.py
[2026-03-12T01:17:09.447+0000] {processor.py:914} INFO - Processing file /home/ec2-user/environment/lab4_model_training/venv/lib64/python3.12/site-packages/airflow/example_dags/example_params_trigger_ui.py for tasks to queue
[2026-03-12T01:17:09.449+0000] {logging_mixin.py:190} INFO - [2026-03-12T01:17:09.449+0000] {dagbag.py:588} INFO - Filling up the DagBag from /home/ec2-user/environment/lab4_model_training/venv/lib64/python3.12/site-packages/airflow/example_dags/example_params_trigger_ui.py
[2026-03-12T01:17:09.463+0000] {processor.py:925} INFO - DAG(s) 'example_params_trigger_ui' retrieved from /home/ec2-user/environment/lab4_model_training/venv/lib64/python3.12/site-packages/airflow/example_dags/example_params_trigger_ui.py
[2026-03-12T01:17:09.506+0000] {logging_mixin.py:190} INFO - [2026-03-12T01:17:09.506+0000] {dag.py:3239} INFO - Sync 1 DAGs
[2026-03-12T01:17:09.521+0000] {logging_mixin.py:190} INFO - [2026-03-12T01:17:09.521+0000] {dag.py:4180} INFO - Setting next_dagrun for example_params_trigger_ui to None, run_after=None
[2026-03-12T01:17:09.546+0000] {processor.py:208} INFO - Processing /home/ec2-user/environment/lab4_model_training/venv/lib64/python3.12/site-packages/airflow/example_dags/example_params_trigger_ui.py took 0.105 seconds
[2026-03-12T01:18:10.871+0000] {processor.py:186} INFO - Started process (PID=18099) to work on /home/ec2-user/environment/lab4_model_training/venv/lib64/python3.12/site-packages/airflow/example_dags/example_params_trigger_ui.py
[2026-03-12T01:18:10.872+0000] {processor.py:914} INFO - Processing file /home/ec2-user/environment/lab4_model_training/venv/lib64/python3.12/site-packages/airflow/example_dags/example_params_trigger_ui.py for tasks to queue
[2026-03-12T01:18:10.875+0000] {logging_mixin.py:190} INFO - [2026-03-12T01:18:10.874+0000] {dagbag.py:588} INFO - Filling up the DagBag from /home/ec2-user/environment/lab4_model_training/venv/lib64/python3.12/site-packages/airflow/example_dags/example_params_trigger_ui.py
[2026-03-12T01:18:10.889+0000] {processor.py:925} INFO - DAG(s) 'example_params_trigger_ui' retrieved from /home/ec2-user/environment/lab4_model_training/venv/lib64/python3.12/site-packages/airflow/example_dags/example_params_trigger_ui.py
[2026-03-12T01:18:10.932+0000] {logging_mixin.py:190} INFO - [2026-03-12T01:18:10.932+0000] {dag.py:3239} INFO - Sync 1 DAGs
[2026-03-12T01:18:10.947+0000] {logging_mixin.py:190} INFO - [2026-03-12T01:18:10.947+0000] {dag.py:4180} INFO - Setting next_dagrun for example_params_trigger_ui to None, run_after=None
[2026-03-12T01:18:10.975+0000] {processor.py:208} INFO - Processing /home/ec2-user/environment/lab4_model_training/venv/lib64/python3.12/site-packages/airflow/example_dags/example_params_trigger_ui.py took 0.110 seconds
[2026-03-12T01:19:14.834+0000] {processor.py:186} INFO - Started process (PID=18388) to work on /home/ec2-user/environment/lab4_model_training/venv/lib64/python3.12/site-packages/airflow/example_dags/example_params_trigger_ui.py
[2026-03-12T01:19:14.835+0000] {processor.py:914} INFO - Processing file /home/ec2-user/environment/lab4_model_training/venv/lib64/python3.12/site-packages/airflow/example_dags/example_params_trigger_ui.py for tasks to queue
[2026-03-12T01:19:14.838+0000] {logging_mixin.py:190} INFO - [2026-03-12T01:19:14.838+0000] {dagbag.py:588} INFO - Filling up the DagBag from /home/ec2-user/environment/lab4_model_training/venv/lib64/python3.12/site-packages/airflow/example_dags/example_params_trigger_ui.py
[2026-03-12T01:19:14.852+0000] {processor.py:925} INFO - DAG(s) 'example_params_trigger_ui' retrieved from /home/ec2-user/environment/lab4_model_training/venv/lib64/python3.12/site-packages/airflow/example_dags/example_params_trigger_ui.py
[2026-03-12T01:19:14.892+0000] {logging_mixin.py:190} INFO - [2026-03-12T01:19:14.892+0000] {dag.py:3239} INFO - Sync 1 DAGs
[2026-03-12T01:19:14.907+0000] {logging_mixin.py:190} INFO - [2026-03-12T01:19:14.907+0000] {dag.py:4180} INFO - Setting next_dagrun for example_params_trigger_ui to None, run_after=None
[2026-03-12T01:19:14.931+0000] {processor.py:208} INFO - Processing /home/ec2-user/environment/lab4_model_training/venv/lib64/python3.12/site-packages/airflow/example_dags/example_params_trigger_ui.py took 0.102 seconds
[2026-03-12T01:20:23.477+0000] {processor.py:186} INFO - Started process (PID=18653) to work on /home/ec2-user/environment/lab4_model_training/venv/lib64/python3.12/site-packages/airflow/example_dags/example_params_trigger_ui.py
[2026-03-12T01:20:23.478+0000] {processor.py:914} INFO - Processing file /home/ec2-user/environment/lab4_model_training/venv/lib64/python3.12/site-packages/airflow/example_dags/example_params_trigger_ui.py for tasks to queue
[2026-03-12T01:20:23.480+0000] {logging_mixin.py:190} INFO - [2026-03-12T01:20:23.480+0000] {dagbag.py:588} INFO - Filling up the DagBag from /home/ec2-user/environment/lab4_model_training/venv/lib64/python3.12/site-packages/airflow/example_dags/example_params_trigger_ui.py
[2026-03-12T01:20:23.494+0000] {processor.py:925} INFO - DAG(s) 'example_params_trigger_ui' retrieved from /home/ec2-user/environment/lab4_model_training/venv/lib64/python3.12/site-packages/airflow/example_dags/example_params_trigger_ui.py
[2026-03-12T01:20:23.539+0000] {logging_mixin.py:190} INFO - [2026-03-12T01:20:23.538+0000] {dag.py:3239} INFO - Sync 1 DAGs
[2026-03-12T01:20:23.559+0000] {logging_mixin.py:190} INFO - [2026-03-12T01:20:23.559+0000] {dag.py:4180} INFO - Setting next_dagrun for example_params_trigger_ui to None, run_after=None
[2026-03-12T01:20:23.582+0000] {processor.py:208} INFO - Processing /home/ec2-user/environment/lab4_model_training/venv/lib64/python3.12/site-packages/airflow/example_dags/example_params_trigger_ui.py took 0.110 seconds
[2026-03-12T01:21:32.256+0000] {processor.py:186} INFO - Started process (PID=18976) to work on /home/ec2-user/environment/lab4_model_training/venv/lib64/python3.12/site-packages/airflow/example_dags/example_params_trigger_ui.py
[2026-03-12T01:21:32.257+0000] {processor.py:914} INFO - Processing file /home/ec2-user/environment/lab4_model_training/venv/lib64/python3.12/site-packages/airflow/example_dags/example_params_trigger_ui.py for tasks to queue
[2026-03-12T01:21:32.260+0000] {logging_mixin.py:190} INFO - [2026-03-12T01:21:32.259+0000] {dagbag.py:588} INFO - Filling up the DagBag from /home/ec2-user/environment/lab4_model_training/venv/lib64/python3.12/site-packages/airflow/example_dags/example_params_trigger_ui.py
[2026-03-12T01:21:32.275+0000] {processor.py:925} INFO - DAG(s) 'example_params_trigger_ui' retrieved from /home/ec2-user/environment/lab4_model_training/venv/lib64/python3.12/site-packages/airflow/example_dags/example_params_trigger_ui.py
[2026-03-12T01:21:32.319+0000] {logging_mixin.py:190} INFO - [2026-03-12T01:21:32.319+0000] {dag.py:3239} INFO - Sync 1 DAGs
[2026-03-12T01:21:32.334+0000] {logging_mixin.py:190} INFO - [2026-03-12T01:21:32.334+0000] {dag.py:4180} INFO - Setting next_dagrun for example_params_trigger_ui to None, run_after=None
[2026-03-12T01:21:32.357+0000] {processor.py:208} INFO - Processing /home/ec2-user/environment/lab4_model_training/venv/lib64/python3.12/site-packages/airflow/example_dags/example_params_trigger_ui.py took 0.107 seconds
[2026-03-12T01:22:40.072+0000] {processor.py:186} INFO - Started process (PID=19277) to work on /home/ec2-user/environment/lab4_model_training/venv/lib64/python3.12/site-packages/airflow/example_dags/example_params_trigger_ui.py
[2026-03-12T01:22:40.074+0000] {processor.py:914} INFO - Processing file /home/ec2-user/environment/lab4_model_training/venv/lib64/python3.12/site-packages/airflow/example_dags/example_params_trigger_ui.py for tasks to queue
[2026-03-12T01:22:40.077+0000] {logging_mixin.py:190} INFO - [2026-03-12T01:22:40.076+0000] {dagbag.py:588} INFO - Filling up the DagBag from /home/ec2-user/environment/lab4_model_training/venv/lib64/python3.12/site-packages/airflow/example_dags/example_params_trigger_ui.py
[2026-03-12T01:22:40.091+0000] {processor.py:925} INFO - DAG(s) 'example_params_trigger_ui' retrieved from /home/ec2-user/environment/lab4_model_training/venv/lib64/python3.12/site-packages/airflow/example_dags/example_params_trigger_ui.py
[2026-03-12T01:22:40.134+0000] {logging_mixin.py:190} INFO - [2026-03-12T01:22:40.134+0000] {dag.py:3239} INFO - Sync 1 DAGs
[2026-03-12T01:22:40.280+0000] {logging_mixin.py:190} INFO - [2026-03-12T01:22:40.279+0000] {dag.py:4180} INFO - Setting next_dagrun for example_params_trigger_ui to None, run_after=None
[2026-03-12T01:22:40.302+0000] {processor.py:208} INFO - Processing /home/ec2-user/environment/lab4_model_training/venv/lib64/python3.12/site-packages/airflow/example_dags/example_params_trigger_ui.py took 0.235 seconds
[2026-03-12T01:23:45.805+0000] {processor.py:186} INFO - Started process (PID=19531) to work on /home/ec2-user/environment/lab4_model_training/venv/lib64/python3.12/site-packages/airflow/example_dags/example_params_trigger_ui.py
[2026-03-12T01:23:45.807+0000] {processor.py:914} INFO - Processing file /home/ec2-user/environment/lab4_model_training/venv/lib64/python3.12/site-packages/airflow/example_dags/example_params_trigger_ui.py for tasks to queue
[2026-03-12T01:23:45.809+0000] {logging_mixin.py:190} INFO - [2026-03-12T01:23:45.808+0000] {dagbag.py:588} INFO - Filling up the DagBag from /home/ec2-user/environment/lab4_model_training/venv/lib64/python3.12/site-packages/airflow/example_dags/example_params_trigger_ui.py
[2026-03-12T01:23:45.822+0000] {processor.py:925} INFO - DAG(s) 'example_params_trigger_ui' retrieved from /home/ec2-user/environment/lab4_model_training/venv/lib64/python3.12/site-packages/airflow/example_dags/example_params_trigger_ui.py
[2026-03-12T01:23:45.870+0000] {logging_mixin.py:190} INFO - [2026-03-12T01:23:45.870+0000] {dag.py:3239} INFO - Sync 1 DAGs
[2026-03-12T01:23:45.887+0000] {logging_mixin.py:190} INFO - [2026-03-12T01:23:45.887+0000] {dag.py:4180} INFO - Setting next_dagrun for example_params_trigger_ui to None, run_after=None
[2026-03-12T01:23:46.057+0000] {processor.py:208} INFO - Processing /home/ec2-user/environment/lab4_model_training/venv/lib64/python3.12/site-packages/airflow/example_dags/example_params_trigger_ui.py took 0.257 seconds
[2026-03-12T01:25:03.679+0000] {processor.py:186} INFO - Started process (PID=19888) to work on /home/ec2-user/environment/lab4_model_training/venv/lib64/python3.12/site-packages/airflow/example_dags/example_params_trigger_ui.py
[2026-03-12T01:25:03.680+0000] {processor.py:914} INFO - Processing file /home/ec2-user/environment/lab4_model_training/venv/lib64/python3.12/site-packages/airflow/example_dags/example_params_trigger_ui.py for tasks to queue
[2026-03-12T01:25:03.682+0000] {logging_mixin.py:190} INFO - [2026-03-12T01:25:03.682+0000] {dagbag.py:588} INFO - Filling up the DagBag from /home/ec2-user/environment/lab4_model_training/venv/lib64/python3.12/site-packages/airflow/example_dags/example_params_trigger_ui.py
[2026-03-12T01:25:03.696+0000] {processor.py:925} INFO - DAG(s) 'example_params_trigger_ui' retrieved from /home/ec2-user/environment/lab4_model_training/venv/lib64/python3.12/site-packages/airflow/example_dags/example_params_trigger_ui.py
[2026-03-12T01:25:03.740+0000] {logging_mixin.py:190} INFO - [2026-03-12T01:25:03.740+0000] {dag.py:3239} INFO - Sync 1 DAGs
[2026-03-12T01:25:03.755+0000] {logging_mixin.py:190} INFO - [2026-03-12T01:25:03.755+0000] {dag.py:4180} INFO - Setting next_dagrun for example_params_trigger_ui to None, run_after=None
[2026-03-12T01:25:03.779+0000] {processor.py:208} INFO - Processing /home/ec2-user/environment/lab4_model_training/venv/lib64/python3.12/site-packages/airflow/example_dags/example_params_trigger_ui.py took 0.106 seconds
[2026-03-12T01:26:13.797+0000] {processor.py:186} INFO - Started process (PID=20148) to work on /home/ec2-user/environment/lab4_model_training/venv/lib64/python3.12/site-packages/airflow/example_dags/example_params_trigger_ui.py
[2026-03-12T01:26:13.798+0000] {processor.py:914} INFO - Processing file /home/ec2-user/environment/lab4_model_training/venv/lib64/python3.12/site-packages/airflow/example_dags/example_params_trigger_ui.py for tasks to queue
[2026-03-12T01:26:13.943+0000] {logging_mixin.py:190} INFO - [2026-03-12T01:26:13.943+0000] {dagbag.py:588} INFO - Filling up the DagBag from /home/ec2-user/environment/lab4_model_training/venv/lib64/python3.12/site-packages/airflow/example_dags/example_params_trigger_ui.py
[2026-03-12T01:26:13.954+0000] {processor.py:925} INFO - DAG(s) 'example_params_trigger_ui' retrieved from /home/ec2-user/environment/lab4_model_training/venv/lib64/python3.12/site-packages/airflow/example_dags/example_params_trigger_ui.py
[2026-03-12T01:26:14.001+0000] {logging_mixin.py:190} INFO - [2026-03-12T01:26:14.001+0000] {dag.py:3239} INFO - Sync 1 DAGs
[2026-03-12T01:26:14.015+0000] {logging_mixin.py:190} INFO - [2026-03-12T01:26:14.015+0000] {dag.py:4180} INFO - Setting next_dagrun for example_params_trigger_ui to None, run_after=None
[2026-03-12T01:26:14.036+0000] {processor.py:208} INFO - Processing /home/ec2-user/environment/lab4_model_training/venv/lib64/python3.12/site-packages/airflow/example_dags/example_params_trigger_ui.py took 0.245 seconds
[2026-03-12T01:27:15.032+0000] {processor.py:186} INFO - Started process (PID=20433) to work on /home/ec2-user/environment/lab4_model_training/venv/lib64/python3.12/site-packages/airflow/example_dags/example_params_trigger_ui.py
[2026-03-12T01:27:15.033+0000] {processor.py:914} INFO - Processing file /home/ec2-user/environment/lab4_model_training/venv/lib64/python3.12/site-packages/airflow/example_dags/example_params_trigger_ui.py for tasks to queue
[2026-03-12T01:27:15.036+0000] {logging_mixin.py:190} INFO - [2026-03-12T01:27:15.036+0000] {dagbag.py:588} INFO - Filling up the DagBag from /home/ec2-user/environment/lab4_model_training/venv/lib64/python3.12/site-packages/airflow/example_dags/example_params_trigger_ui.py
[2026-03-12T01:27:15.050+0000] {processor.py:925} INFO - DAG(s) 'example_params_trigger_ui' retrieved from /home/ec2-user/environment/lab4_model_training/venv/lib64/python3.12/site-packages/airflow/example_dags/example_params_trigger_ui.py
[2026-03-12T01:27:15.091+0000] {logging_mixin.py:190} INFO - [2026-03-12T01:27:15.090+0000] {dag.py:3239} INFO - Sync 1 DAGs
[2026-03-12T01:27:15.105+0000] {logging_mixin.py:190} INFO - [2026-03-12T01:27:15.105+0000] {dag.py:4180} INFO - Setting next_dagrun for example_params_trigger_ui to None, run_after=None
[2026-03-12T01:27:15.128+0000] {processor.py:208} INFO - Processing /home/ec2-user/environment/lab4_model_training/venv/lib64/python3.12/site-packages/airflow/example_dags/example_params_trigger_ui.py took 0.102 seconds
[2026-03-12T01:28:16.738+0000] {processor.py:186} INFO - Started process (PID=20658) to work on /home/ec2-user/environment/lab4_model_training/venv/lib64/python3.12/site-packages/airflow/example_dags/example_params_trigger_ui.py
[2026-03-12T01:28:16.739+0000] {processor.py:914} INFO - Processing file /home/ec2-user/environment/lab4_model_training/venv/lib64/python3.12/site-packages/airflow/example_dags/example_params_trigger_ui.py for tasks to queue
[2026-03-12T01:28:16.742+0000] {logging_mixin.py:190} INFO - [2026-03-12T01:28:16.742+0000] {dagbag.py:588} INFO - Filling up the DagBag from /home/ec2-user/environment/lab4_model_training/venv/lib64/python3.12/site-packages/airflow/example_dags/example_params_trigger_ui.py
[2026-03-12T01:28:16.758+0000] {processor.py:925} INFO - DAG(s) 'example_params_trigger_ui' retrieved from /home/ec2-user/environment/lab4_model_training/venv/lib64/python3.12/site-packages/airflow/example_dags/example_params_trigger_ui.py
[2026-03-12T01:28:16.799+0000] {logging_mixin.py:190} INFO - [2026-03-12T01:28:16.799+0000] {dag.py:3239} INFO - Sync 1 DAGs
[2026-03-12T01:28:16.815+0000] {logging_mixin.py:190} INFO - [2026-03-12T01:28:16.815+0000] {dag.py:4180} INFO - Setting next_dagrun for example_params_trigger_ui to None, run_after=None
[2026-03-12T01:28:16.838+0000] {processor.py:208} INFO - Processing /home/ec2-user/environment/lab4_model_training/venv/lib64/python3.12/site-packages/airflow/example_dags/example_params_trigger_ui.py took 0.106 seconds
[2026-03-12T01:29:19.482+0000] {processor.py:186} INFO - Started process (PID=20970) to work on /home/ec2-user/environment/lab4_model_training/venv/lib64/python3.12/site-packages/airflow/example_dags/example_params_trigger_ui.py
[2026-03-12T01:29:19.483+0000] {processor.py:914} INFO - Processing file /home/ec2-user/environment/lab4_model_training/venv/lib64/python3.12/site-packages/airflow/example_dags/example_params_trigger_ui.py for tasks to queue
[2026-03-12T01:29:19.485+0000] {logging_mixin.py:190} INFO - [2026-03-12T01:29:19.485+0000] {dagbag.py:588} INFO - Filling up the DagBag from /home/ec2-user/environment/lab4_model_training/venv/lib64/python3.12/site-packages/airflow/example_dags/example_params_trigger_ui.py
[2026-03-12T01:29:19.499+0000] {processor.py:925} INFO - DAG(s) 'example_params_trigger_ui' retrieved from /home/ec2-user/environment/lab4_model_training/venv/lib64/python3.12/site-packages/airflow/example_dags/example_params_trigger_ui.py
[2026-03-12T01:29:19.543+0000] {logging_mixin.py:190} INFO - [2026-03-12T01:29:19.543+0000] {dag.py:3239} INFO - Sync 1 DAGs
[2026-03-12T01:29:19.559+0000] {logging_mixin.py:190} INFO - [2026-03-12T01:29:19.559+0000] {dag.py:4180} INFO - Setting next_dagrun for example_params_trigger_ui to None, run_after=None
[2026-03-12T01:29:19.582+0000] {processor.py:208} INFO - Processing /home/ec2-user/environment/lab4_model_training/venv/lib64/python3.12/site-packages/airflow/example_dags/example_params_trigger_ui.py took 0.106 seconds
[2026-03-12T01:30:19.468+0000] {processor.py:186} INFO - Started process (PID=21356) to work on /home/ec2-user/environment/lab4_model_training/venv/lib64/python3.12/site-packages/airflow/example_dags/example_params_trigger_ui.py
[2026-03-12T01:30:19.469+0000] {processor.py:914} INFO - Processing file /home/ec2-user/environment/lab4_model_training/venv/lib64/python3.12/site-packages/airflow/example_dags/example_params_trigger_ui.py for tasks to queue
[2026-03-12T01:30:19.472+0000] {logging_mixin.py:190} INFO - [2026-03-12T01:30:19.472+0000] {dagbag.py:588} INFO - Filling up the DagBag from /home/ec2-user/environment/lab4_model_training/venv/lib64/python3.12/site-packages/airflow/example_dags/example_params_trigger_ui.py
[2026-03-12T01:30:19.487+0000] {processor.py:925} INFO - DAG(s) 'example_params_trigger_ui' retrieved from /home/ec2-user/environment/lab4_model_training/venv/lib64/python3.12/site-packages/airflow/example_dags/example_params_trigger_ui.py
[2026-03-12T01:30:19.530+0000] {logging_mixin.py:190} INFO - [2026-03-12T01:30:19.530+0000] {dag.py:3239} INFO - Sync 1 DAGs
[2026-03-12T01:30:19.545+0000] {logging_mixin.py:190} INFO - [2026-03-12T01:30:19.545+0000] {dag.py:4180} INFO - Setting next_dagrun for example_params_trigger_ui to None, run_after=None
[2026-03-12T01:30:19.571+0000] {processor.py:208} INFO - Processing /home/ec2-user/environment/lab4_model_training/venv/lib64/python3.12/site-packages/airflow/example_dags/example_params_trigger_ui.py took 0.108 seconds
[2026-03-12T01:31:21.859+0000] {processor.py:186} INFO - Started process (PID=21592) to work on /home/ec2-user/environment/lab4_model_training/venv/lib64/python3.12/site-packages/airflow/example_dags/example_params_trigger_ui.py
[2026-03-12T01:31:21.860+0000] {processor.py:914} INFO - Processing file /home/ec2-user/environment/lab4_model_training/venv/lib64/python3.12/site-packages/airflow/example_dags/example_params_trigger_ui.py for tasks to queue
[2026-03-12T01:31:21.864+0000] {logging_mixin.py:190} INFO - [2026-03-12T01:31:21.863+0000] {dagbag.py:588} INFO - Filling up the DagBag from /home/ec2-user/environment/lab4_model_training/venv/lib64/python3.12/site-packages/airflow/example_dags/example_params_trigger_ui.py
[2026-03-12T01:31:21.877+0000] {processor.py:925} INFO - DAG(s) 'example_params_trigger_ui' retrieved from /home/ec2-user/environment/lab4_model_training/venv/lib64/python3.12/site-packages/airflow/example_dags/example_params_trigger_ui.py
[2026-03-12T01:31:21.922+0000] {logging_mixin.py:190} INFO - [2026-03-12T01:31:21.922+0000] {dag.py:3239} INFO - Sync 1 DAGs
[2026-03-12T01:31:21.937+0000] {logging_mixin.py:190} INFO - [2026-03-12T01:31:21.937+0000] {dag.py:4180} INFO - Setting next_dagrun for example_params_trigger_ui to None, run_after=None
[2026-03-12T01:31:21.963+0000] {processor.py:208} INFO - Processing /home/ec2-user/environment/lab4_model_training/venv/lib64/python3.12/site-packages/airflow/example_dags/example_params_trigger_ui.py took 0.110 seconds
[2026-03-12T01:32:22.235+0000] {processor.py:186} INFO - Started process (PID=21876) to work on /home/ec2-user/environment/lab4_model_training/venv/lib64/python3.12/site-packages/airflow/example_dags/example_params_trigger_ui.py
[2026-03-12T01:32:22.237+0000] {processor.py:914} INFO - Processing file /home/ec2-user/environment/lab4_model_training/venv/lib64/python3.12/site-packages/airflow/example_dags/example_params_trigger_ui.py for tasks to queue
[2026-03-12T01:32:22.239+0000] {logging_mixin.py:190} INFO - [2026-03-12T01:32:22.238+0000] {dagbag.py:588} INFO - Filling up the DagBag from /home/ec2-user/environment/lab4_model_training/venv/lib64/python3.12/site-packages/airflow/example_dags/example_params_trigger_ui.py
[2026-03-12T01:32:22.252+0000] {processor.py:925} INFO - DAG(s) 'example_params_trigger_ui' retrieved from /home/ec2-user/environment/lab4_model_training/venv/lib64/python3.12/site-packages/airflow/example_dags/example_params_trigger_ui.py
[2026-03-12T01:32:22.296+0000] {logging_mixin.py:190} INFO - [2026-03-12T01:32:22.296+0000] {dag.py:3239} INFO - Sync 1 DAGs
[2026-03-12T01:32:22.311+0000] {logging_mixin.py:190} INFO - [2026-03-12T01:32:22.311+0000] {dag.py:4180} INFO - Setting next_dagrun for example_params_trigger_ui to None, run_after=None
[2026-03-12T01:32:22.340+0000] {processor.py:208} INFO - Processing /home/ec2-user/environment/lab4_model_training/venv/lib64/python3.12/site-packages/airflow/example_dags/example_params_trigger_ui.py took 0.110 seconds
[2026-03-12T01:33:22.719+0000] {processor.py:186} INFO - Started process (PID=22109) to work on /home/ec2-user/environment/lab4_model_training/venv/lib64/python3.12/site-packages/airflow/example_dags/example_params_trigger_ui.py
[2026-03-12T01:33:22.720+0000] {processor.py:914} INFO - Processing file /home/ec2-user/environment/lab4_model_training/venv/lib64/python3.12/site-packages/airflow/example_dags/example_params_trigger_ui.py for tasks to queue
[2026-03-12T01:33:22.723+0000] {logging_mixin.py:190} INFO - [2026-03-12T01:33:22.723+0000] {dagbag.py:588} INFO - Filling up the DagBag from /home/ec2-user/environment/lab4_model_training/venv/lib64/python3.12/site-packages/airflow/example_dags/example_params_trigger_ui.py
[2026-03-12T01:33:22.738+0000] {processor.py:925} INFO - DAG(s) 'example_params_trigger_ui' retrieved from /home/ec2-user/environment/lab4_model_training/venv/lib64/python3.12/site-packages/airflow/example_dags/example_params_trigger_ui.py
[2026-03-12T01:33:22.781+0000] {logging_mixin.py:190} INFO - [2026-03-12T01:33:22.781+0000] {dag.py:3239} INFO - Sync 1 DAGs
[2026-03-12T01:33:22.796+0000] {logging_mixin.py:190} INFO - [2026-03-12T01:33:22.796+0000] {dag.py:4180} INFO - Setting next_dagrun for example_params_trigger_ui to None, run_after=None
[2026-03-12T01:33:22.819+0000] {processor.py:208} INFO - Processing /home/ec2-user/environment/lab4_model_training/venv/lib64/python3.12/site-packages/airflow/example_dags/example_params_trigger_ui.py took 0.106 seconds
