[2026-03-12T00:34:51.237+0000] {processor.py:186} INFO - Started process (PID=6676) to work on /home/ec2-user/environment/lab4_model_training/venv/lib64/python3.12/site-packages/airflow/example_dags/example_task_group.py
[2026-03-12T00:34:51.237+0000] {processor.py:914} INFO - Processing file /home/ec2-user/environment/lab4_model_training/venv/lib64/python3.12/site-packages/airflow/example_dags/example_task_group.py for tasks to queue
[2026-03-12T00:34:51.241+0000] {logging_mixin.py:190} INFO - [2026-03-12T00:34:51.241+0000] {dagbag.py:588} INFO - Filling up the DagBag from /home/ec2-user/environment/lab4_model_training/venv/lib64/python3.12/site-packages/airflow/example_dags/example_task_group.py
[2026-03-12T00:34:51.253+0000] {processor.py:925} INFO - DAG(s) 'example_task_group' retrieved from /home/ec2-user/environment/lab4_model_training/venv/lib64/python3.12/site-packages/airflow/example_dags/example_task_group.py
[2026-03-12T00:34:51.350+0000] {logging_mixin.py:190} INFO - [2026-03-12T00:34:51.349+0000] {override.py:1930} INFO - Created Permission View: can delete on DAG:example_task_group
[2026-03-12T00:34:51.364+0000] {logging_mixin.py:190} INFO - [2026-03-12T00:34:51.363+0000] {override.py:1930} INFO - Created Permission View: can edit on DAG:example_task_group
[2026-03-12T00:34:51.375+0000] {logging_mixin.py:190} INFO - [2026-03-12T00:34:51.374+0000] {override.py:1930} INFO - Created Permission View: can read on DAG:example_task_group
[2026-03-12T00:34:51.391+0000] {logging_mixin.py:190} INFO - [2026-03-12T00:34:51.390+0000] {override.py:1930} INFO - Created Permission View: menu access on DAG Run:example_task_group
[2026-03-12T00:34:51.402+0000] {logging_mixin.py:190} INFO - [2026-03-12T00:34:51.401+0000] {override.py:1930} INFO - Created Permission View: can create on DAG Run:example_task_group
[2026-03-12T00:34:51.412+0000] {logging_mixin.py:190} INFO - [2026-03-12T00:34:51.412+0000] {override.py:1930} INFO - Created Permission View: can delete on DAG Run:example_task_group
[2026-03-12T00:34:51.422+0000] {logging_mixin.py:190} INFO - [2026-03-12T00:34:51.422+0000] {override.py:1930} INFO - Created Permission View: can read on DAG Run:example_task_group
[2026-03-12T00:34:51.422+0000] {logging_mixin.py:190} INFO - [2026-03-12T00:34:51.422+0000] {dag.py:3239} INFO - Sync 1 DAGs
[2026-03-12T00:34:51.439+0000] {logging_mixin.py:190} INFO - [2026-03-12T00:34:51.439+0000] {dag.py:3262} INFO - Creating ORM DAG for example_task_group
[2026-03-12T00:34:51.440+0000] {logging_mixin.py:190} INFO - [2026-03-12T00:34:51.440+0000] {dag.py:4180} INFO - Setting next_dagrun for example_task_group to None, run_after=None
[2026-03-12T00:34:51.460+0000] {processor.py:208} INFO - Processing /home/ec2-user/environment/lab4_model_training/venv/lib64/python3.12/site-packages/airflow/example_dags/example_task_group.py took 0.230 seconds
[2026-03-12T00:35:39.363+0000] {processor.py:186} INFO - Started process (PID=6867) to work on /home/ec2-user/environment/lab4_model_training/venv/lib64/python3.12/site-packages/airflow/example_dags/example_task_group.py
[2026-03-12T00:35:39.364+0000] {processor.py:914} INFO - Processing file /home/ec2-user/environment/lab4_model_training/venv/lib64/python3.12/site-packages/airflow/example_dags/example_task_group.py for tasks to queue
[2026-03-12T00:35:39.366+0000] {logging_mixin.py:190} INFO - [2026-03-12T00:35:39.366+0000] {dagbag.py:588} INFO - Filling up the DagBag from /home/ec2-user/environment/lab4_model_training/venv/lib64/python3.12/site-packages/airflow/example_dags/example_task_group.py
[2026-03-12T00:35:39.377+0000] {processor.py:925} INFO - DAG(s) 'example_task_group' retrieved from /home/ec2-user/environment/lab4_model_training/venv/lib64/python3.12/site-packages/airflow/example_dags/example_task_group.py
[2026-03-12T00:35:39.397+0000] {logging_mixin.py:190} INFO - [2026-03-12T00:35:39.396+0000] {dag.py:3239} INFO - Sync 1 DAGs
[2026-03-12T00:35:39.410+0000] {logging_mixin.py:190} INFO - [2026-03-12T00:35:39.410+0000] {dag.py:4180} INFO - Setting next_dagrun for example_task_group to None, run_after=None
[2026-03-12T00:35:39.432+0000] {processor.py:208} INFO - Processing /home/ec2-user/environment/lab4_model_training/venv/lib64/python3.12/site-packages/airflow/example_dags/example_task_group.py took 0.074 seconds
[2026-03-12T00:36:45.474+0000] {processor.py:186} INFO - Started process (PID=7201) to work on /home/ec2-user/environment/lab4_model_training/venv/lib64/python3.12/site-packages/airflow/example_dags/example_task_group.py
[2026-03-12T00:36:45.475+0000] {processor.py:914} INFO - Processing file /home/ec2-user/environment/lab4_model_training/venv/lib64/python3.12/site-packages/airflow/example_dags/example_task_group.py for tasks to queue
[2026-03-12T00:36:45.478+0000] {logging_mixin.py:190} INFO - [2026-03-12T00:36:45.477+0000] {dagbag.py:588} INFO - Filling up the DagBag from /home/ec2-user/environment/lab4_model_training/venv/lib64/python3.12/site-packages/airflow/example_dags/example_task_group.py
[2026-03-12T00:36:45.488+0000] {processor.py:925} INFO - DAG(s) 'example_task_group' retrieved from /home/ec2-user/environment/lab4_model_training/venv/lib64/python3.12/site-packages/airflow/example_dags/example_task_group.py
[2026-03-12T00:36:45.513+0000] {logging_mixin.py:190} INFO - [2026-03-12T00:36:45.512+0000] {dag.py:3239} INFO - Sync 1 DAGs
[2026-03-12T00:36:45.528+0000] {logging_mixin.py:190} INFO - [2026-03-12T00:36:45.528+0000] {dag.py:4180} INFO - Setting next_dagrun for example_task_group to None, run_after=None
[2026-03-12T00:36:45.551+0000] {processor.py:208} INFO - Processing /home/ec2-user/environment/lab4_model_training/venv/lib64/python3.12/site-packages/airflow/example_dags/example_task_group.py took 0.081 seconds
[2026-03-12T00:38:15.919+0000] {processor.py:186} INFO - Started process (PID=7499) to work on /home/ec2-user/environment/lab4_model_training/venv/lib64/python3.12/site-packages/airflow/example_dags/example_task_group.py
[2026-03-12T00:38:15.921+0000] {processor.py:914} INFO - Processing file /home/ec2-user/environment/lab4_model_training/venv/lib64/python3.12/site-packages/airflow/example_dags/example_task_group.py for tasks to queue
[2026-03-12T00:38:15.924+0000] {logging_mixin.py:190} INFO - [2026-03-12T00:38:15.924+0000] {dagbag.py:588} INFO - Filling up the DagBag from /home/ec2-user/environment/lab4_model_training/venv/lib64/python3.12/site-packages/airflow/example_dags/example_task_group.py
[2026-03-12T00:38:15.935+0000] {processor.py:925} INFO - DAG(s) 'example_task_group' retrieved from /home/ec2-user/environment/lab4_model_training/venv/lib64/python3.12/site-packages/airflow/example_dags/example_task_group.py
[2026-03-12T00:38:15.962+0000] {logging_mixin.py:190} INFO - [2026-03-12T00:38:15.962+0000] {dag.py:3239} INFO - Sync 1 DAGs
[2026-03-12T00:38:15.978+0000] {logging_mixin.py:190} INFO - [2026-03-12T00:38:15.977+0000] {dag.py:4180} INFO - Setting next_dagrun for example_task_group to None, run_after=None
[2026-03-12T00:38:16.000+0000] {processor.py:208} INFO - Processing /home/ec2-user/environment/lab4_model_training/venv/lib64/python3.12/site-packages/airflow/example_dags/example_task_group.py took 0.086 seconds
[2026-03-12T00:39:12.198+0000] {processor.py:186} INFO - Started process (PID=7740) to work on /home/ec2-user/environment/lab4_model_training/venv/lib64/python3.12/site-packages/airflow/example_dags/example_task_group.py
[2026-03-12T00:39:12.201+0000] {processor.py:914} INFO - Processing file /home/ec2-user/environment/lab4_model_training/venv/lib64/python3.12/site-packages/airflow/example_dags/example_task_group.py for tasks to queue
[2026-03-12T00:39:12.203+0000] {logging_mixin.py:190} INFO - [2026-03-12T00:39:12.203+0000] {dagbag.py:588} INFO - Filling up the DagBag from /home/ec2-user/environment/lab4_model_training/venv/lib64/python3.12/site-packages/airflow/example_dags/example_task_group.py
[2026-03-12T00:39:12.215+0000] {processor.py:925} INFO - DAG(s) 'example_task_group' retrieved from /home/ec2-user/environment/lab4_model_training/venv/lib64/python3.12/site-packages/airflow/example_dags/example_task_group.py
[2026-03-12T00:39:12.239+0000] {logging_mixin.py:190} INFO - [2026-03-12T00:39:12.238+0000] {dag.py:3239} INFO - Sync 1 DAGs
[2026-03-12T00:39:12.255+0000] {logging_mixin.py:190} INFO - [2026-03-12T00:39:12.255+0000] {dag.py:4180} INFO - Setting next_dagrun for example_task_group to None, run_after=None
[2026-03-12T00:39:12.278+0000] {processor.py:208} INFO - Processing /home/ec2-user/environment/lab4_model_training/venv/lib64/python3.12/site-packages/airflow/example_dags/example_task_group.py took 0.084 seconds
[2026-03-12T00:40:18.117+0000] {processor.py:186} INFO - Started process (PID=8037) to work on /home/ec2-user/environment/lab4_model_training/venv/lib64/python3.12/site-packages/airflow/example_dags/example_task_group.py
[2026-03-12T00:40:18.118+0000] {processor.py:914} INFO - Processing file /home/ec2-user/environment/lab4_model_training/venv/lib64/python3.12/site-packages/airflow/example_dags/example_task_group.py for tasks to queue
[2026-03-12T00:40:18.121+0000] {logging_mixin.py:190} INFO - [2026-03-12T00:40:18.120+0000] {dagbag.py:588} INFO - Filling up the DagBag from /home/ec2-user/environment/lab4_model_training/venv/lib64/python3.12/site-packages/airflow/example_dags/example_task_group.py
[2026-03-12T00:40:18.131+0000] {processor.py:925} INFO - DAG(s) 'example_task_group' retrieved from /home/ec2-user/environment/lab4_model_training/venv/lib64/python3.12/site-packages/airflow/example_dags/example_task_group.py
[2026-03-12T00:40:18.152+0000] {logging_mixin.py:190} INFO - [2026-03-12T00:40:18.152+0000] {dag.py:3239} INFO - Sync 1 DAGs
[2026-03-12T00:40:18.168+0000] {logging_mixin.py:190} INFO - [2026-03-12T00:40:18.168+0000] {dag.py:4180} INFO - Setting next_dagrun for example_task_group to None, run_after=None
[2026-03-12T00:40:18.191+0000] {processor.py:208} INFO - Processing /home/ec2-user/environment/lab4_model_training/venv/lib64/python3.12/site-packages/airflow/example_dags/example_task_group.py took 0.078 seconds
[2026-03-12T00:41:17.759+0000] {processor.py:186} INFO - Started process (PID=8319) to work on /home/ec2-user/environment/lab4_model_training/venv/lib64/python3.12/site-packages/airflow/example_dags/example_task_group.py
[2026-03-12T00:41:17.760+0000] {processor.py:914} INFO - Processing file /home/ec2-user/environment/lab4_model_training/venv/lib64/python3.12/site-packages/airflow/example_dags/example_task_group.py for tasks to queue
[2026-03-12T00:41:17.763+0000] {logging_mixin.py:190} INFO - [2026-03-12T00:41:17.762+0000] {dagbag.py:588} INFO - Filling up the DagBag from /home/ec2-user/environment/lab4_model_training/venv/lib64/python3.12/site-packages/airflow/example_dags/example_task_group.py
[2026-03-12T00:41:17.773+0000] {processor.py:925} INFO - DAG(s) 'example_task_group' retrieved from /home/ec2-user/environment/lab4_model_training/venv/lib64/python3.12/site-packages/airflow/example_dags/example_task_group.py
[2026-03-12T00:41:17.794+0000] {logging_mixin.py:190} INFO - [2026-03-12T00:41:17.793+0000] {dag.py:3239} INFO - Sync 1 DAGs
[2026-03-12T00:41:17.810+0000] {logging_mixin.py:190} INFO - [2026-03-12T00:41:17.810+0000] {dag.py:4180} INFO - Setting next_dagrun for example_task_group to None, run_after=None
[2026-03-12T00:41:17.842+0000] {processor.py:208} INFO - Processing /home/ec2-user/environment/lab4_model_training/venv/lib64/python3.12/site-packages/airflow/example_dags/example_task_group.py took 0.088 seconds
[2026-03-12T00:42:21.875+0000] {processor.py:186} INFO - Started process (PID=8559) to work on /home/ec2-user/environment/lab4_model_training/venv/lib64/python3.12/site-packages/airflow/example_dags/example_task_group.py
[2026-03-12T00:42:21.877+0000] {processor.py:914} INFO - Processing file /home/ec2-user/environment/lab4_model_training/venv/lib64/python3.12/site-packages/airflow/example_dags/example_task_group.py for tasks to queue
[2026-03-12T00:42:21.879+0000] {logging_mixin.py:190} INFO - [2026-03-12T00:42:21.879+0000] {dagbag.py:588} INFO - Filling up the DagBag from /home/ec2-user/environment/lab4_model_training/venv/lib64/python3.12/site-packages/airflow/example_dags/example_task_group.py
[2026-03-12T00:42:21.889+0000] {processor.py:925} INFO - DAG(s) 'example_task_group' retrieved from /home/ec2-user/environment/lab4_model_training/venv/lib64/python3.12/site-packages/airflow/example_dags/example_task_group.py
[2026-03-12T00:42:21.910+0000] {logging_mixin.py:190} INFO - [2026-03-12T00:42:21.910+0000] {dag.py:3239} INFO - Sync 1 DAGs
[2026-03-12T00:42:21.925+0000] {logging_mixin.py:190} INFO - [2026-03-12T00:42:21.925+0000] {dag.py:4180} INFO - Setting next_dagrun for example_task_group to None, run_after=None
[2026-03-12T00:42:21.949+0000] {processor.py:208} INFO - Processing /home/ec2-user/environment/lab4_model_training/venv/lib64/python3.12/site-packages/airflow/example_dags/example_task_group.py took 0.079 seconds
[2026-03-12T00:43:20.355+0000] {processor.py:186} INFO - Started process (PID=8851) to work on /home/ec2-user/environment/lab4_model_training/venv/lib64/python3.12/site-packages/airflow/example_dags/example_task_group.py
[2026-03-12T00:43:20.357+0000] {processor.py:914} INFO - Processing file /home/ec2-user/environment/lab4_model_training/venv/lib64/python3.12/site-packages/airflow/example_dags/example_task_group.py for tasks to queue
[2026-03-12T00:43:20.361+0000] {logging_mixin.py:190} INFO - [2026-03-12T00:43:20.360+0000] {dagbag.py:588} INFO - Filling up the DagBag from /home/ec2-user/environment/lab4_model_training/venv/lib64/python3.12/site-packages/airflow/example_dags/example_task_group.py
[2026-03-12T00:43:20.372+0000] {processor.py:925} INFO - DAG(s) 'example_task_group' retrieved from /home/ec2-user/environment/lab4_model_training/venv/lib64/python3.12/site-packages/airflow/example_dags/example_task_group.py
[2026-03-12T00:43:20.394+0000] {logging_mixin.py:190} INFO - [2026-03-12T00:43:20.394+0000] {dag.py:3239} INFO - Sync 1 DAGs
[2026-03-12T00:43:20.411+0000] {logging_mixin.py:190} INFO - [2026-03-12T00:43:20.411+0000] {dag.py:4180} INFO - Setting next_dagrun for example_task_group to None, run_after=None
[2026-03-12T00:43:20.434+0000] {processor.py:208} INFO - Processing /home/ec2-user/environment/lab4_model_training/venv/lib64/python3.12/site-packages/airflow/example_dags/example_task_group.py took 0.083 seconds
[2026-03-12T00:44:25.192+0000] {processor.py:186} INFO - Started process (PID=9180) to work on /home/ec2-user/environment/lab4_model_training/venv/lib64/python3.12/site-packages/airflow/example_dags/example_task_group.py
[2026-03-12T00:44:25.194+0000] {processor.py:914} INFO - Processing file /home/ec2-user/environment/lab4_model_training/venv/lib64/python3.12/site-packages/airflow/example_dags/example_task_group.py for tasks to queue
[2026-03-12T00:44:25.197+0000] {logging_mixin.py:190} INFO - [2026-03-12T00:44:25.196+0000] {dagbag.py:588} INFO - Filling up the DagBag from /home/ec2-user/environment/lab4_model_training/venv/lib64/python3.12/site-packages/airflow/example_dags/example_task_group.py
[2026-03-12T00:44:25.209+0000] {processor.py:925} INFO - DAG(s) 'example_task_group' retrieved from /home/ec2-user/environment/lab4_model_training/venv/lib64/python3.12/site-packages/airflow/example_dags/example_task_group.py
[2026-03-12T00:44:25.234+0000] {logging_mixin.py:190} INFO - [2026-03-12T00:44:25.234+0000] {dag.py:3239} INFO - Sync 1 DAGs
[2026-03-12T00:44:25.250+0000] {logging_mixin.py:190} INFO - [2026-03-12T00:44:25.250+0000] {dag.py:4180} INFO - Setting next_dagrun for example_task_group to None, run_after=None
[2026-03-12T00:44:25.273+0000] {processor.py:208} INFO - Processing /home/ec2-user/environment/lab4_model_training/venv/lib64/python3.12/site-packages/airflow/example_dags/example_task_group.py took 0.086 seconds
[2026-03-12T00:46:13.563+0000] {processor.py:186} INFO - Started process (PID=9641) to work on /home/ec2-user/environment/lab4_model_training/venv/lib64/python3.12/site-packages/airflow/example_dags/example_task_group.py
[2026-03-12T00:46:13.565+0000] {processor.py:914} INFO - Processing file /home/ec2-user/environment/lab4_model_training/venv/lib64/python3.12/site-packages/airflow/example_dags/example_task_group.py for tasks to queue
[2026-03-12T00:46:13.568+0000] {logging_mixin.py:190} INFO - [2026-03-12T00:46:13.567+0000] {dagbag.py:588} INFO - Filling up the DagBag from /home/ec2-user/environment/lab4_model_training/venv/lib64/python3.12/site-packages/airflow/example_dags/example_task_group.py
[2026-03-12T00:46:13.579+0000] {processor.py:925} INFO - DAG(s) 'example_task_group' retrieved from /home/ec2-user/environment/lab4_model_training/venv/lib64/python3.12/site-packages/airflow/example_dags/example_task_group.py
[2026-03-12T00:46:13.603+0000] {logging_mixin.py:190} INFO - [2026-03-12T00:46:13.603+0000] {dag.py:3239} INFO - Sync 1 DAGs
[2026-03-12T00:46:13.619+0000] {logging_mixin.py:190} INFO - [2026-03-12T00:46:13.618+0000] {dag.py:4180} INFO - Setting next_dagrun for example_task_group to None, run_after=None
[2026-03-12T00:46:13.645+0000] {processor.py:208} INFO - Processing /home/ec2-user/environment/lab4_model_training/venv/lib64/python3.12/site-packages/airflow/example_dags/example_task_group.py took 0.086 seconds
[2026-03-12T00:47:55.275+0000] {processor.py:186} INFO - Started process (PID=10075) to work on /home/ec2-user/environment/lab4_model_training/venv/lib64/python3.12/site-packages/airflow/example_dags/example_task_group.py
[2026-03-12T00:47:55.277+0000] {processor.py:914} INFO - Processing file /home/ec2-user/environment/lab4_model_training/venv/lib64/python3.12/site-packages/airflow/example_dags/example_task_group.py for tasks to queue
[2026-03-12T00:47:55.279+0000] {logging_mixin.py:190} INFO - [2026-03-12T00:47:55.278+0000] {dagbag.py:588} INFO - Filling up the DagBag from /home/ec2-user/environment/lab4_model_training/venv/lib64/python3.12/site-packages/airflow/example_dags/example_task_group.py
[2026-03-12T00:47:55.289+0000] {processor.py:925} INFO - DAG(s) 'example_task_group' retrieved from /home/ec2-user/environment/lab4_model_training/venv/lib64/python3.12/site-packages/airflow/example_dags/example_task_group.py
[2026-03-12T00:47:55.311+0000] {logging_mixin.py:190} INFO - [2026-03-12T00:47:55.311+0000] {dag.py:3239} INFO - Sync 1 DAGs
[2026-03-12T00:47:55.329+0000] {logging_mixin.py:190} INFO - [2026-03-12T00:47:55.329+0000] {dag.py:4180} INFO - Setting next_dagrun for example_task_group to None, run_after=None
[2026-03-12T00:47:55.359+0000] {processor.py:208} INFO - Processing /home/ec2-user/environment/lab4_model_training/venv/lib64/python3.12/site-packages/airflow/example_dags/example_task_group.py took 0.089 seconds
[2026-03-12T00:49:03.429+0000] {processor.py:186} INFO - Started process (PID=10357) to work on /home/ec2-user/environment/lab4_model_training/venv/lib64/python3.12/site-packages/airflow/example_dags/example_task_group.py
[2026-03-12T00:49:03.430+0000] {processor.py:914} INFO - Processing file /home/ec2-user/environment/lab4_model_training/venv/lib64/python3.12/site-packages/airflow/example_dags/example_task_group.py for tasks to queue
[2026-03-12T00:49:03.432+0000] {logging_mixin.py:190} INFO - [2026-03-12T00:49:03.432+0000] {dagbag.py:588} INFO - Filling up the DagBag from /home/ec2-user/environment/lab4_model_training/venv/lib64/python3.12/site-packages/airflow/example_dags/example_task_group.py
[2026-03-12T00:49:03.443+0000] {processor.py:925} INFO - DAG(s) 'example_task_group' retrieved from /home/ec2-user/environment/lab4_model_training/venv/lib64/python3.12/site-packages/airflow/example_dags/example_task_group.py
[2026-03-12T00:49:03.465+0000] {logging_mixin.py:190} INFO - [2026-03-12T00:49:03.464+0000] {dag.py:3239} INFO - Sync 1 DAGs
[2026-03-12T00:49:03.480+0000] {logging_mixin.py:190} INFO - [2026-03-12T00:49:03.480+0000] {dag.py:4180} INFO - Setting next_dagrun for example_task_group to None, run_after=None
[2026-03-12T00:49:03.507+0000] {processor.py:208} INFO - Processing /home/ec2-user/environment/lab4_model_training/venv/lib64/python3.12/site-packages/airflow/example_dags/example_task_group.py took 0.082 seconds
[2026-03-12T00:50:09.069+0000] {processor.py:186} INFO - Started process (PID=10686) to work on /home/ec2-user/environment/lab4_model_training/venv/lib64/python3.12/site-packages/airflow/example_dags/example_task_group.py
[2026-03-12T00:50:09.070+0000] {processor.py:914} INFO - Processing file /home/ec2-user/environment/lab4_model_training/venv/lib64/python3.12/site-packages/airflow/example_dags/example_task_group.py for tasks to queue
[2026-03-12T00:50:09.072+0000] {logging_mixin.py:190} INFO - [2026-03-12T00:50:09.072+0000] {dagbag.py:588} INFO - Filling up the DagBag from /home/ec2-user/environment/lab4_model_training/venv/lib64/python3.12/site-packages/airflow/example_dags/example_task_group.py
[2026-03-12T00:50:09.082+0000] {processor.py:925} INFO - DAG(s) 'example_task_group' retrieved from /home/ec2-user/environment/lab4_model_training/venv/lib64/python3.12/site-packages/airflow/example_dags/example_task_group.py
[2026-03-12T00:50:09.104+0000] {logging_mixin.py:190} INFO - [2026-03-12T00:50:09.104+0000] {dag.py:3239} INFO - Sync 1 DAGs
[2026-03-12T00:50:09.119+0000] {logging_mixin.py:190} INFO - [2026-03-12T00:50:09.119+0000] {dag.py:4180} INFO - Setting next_dagrun for example_task_group to None, run_after=None
[2026-03-12T00:50:09.143+0000] {processor.py:208} INFO - Processing /home/ec2-user/environment/lab4_model_training/venv/lib64/python3.12/site-packages/airflow/example_dags/example_task_group.py took 0.079 seconds
[2026-03-12T00:51:09.839+0000] {processor.py:186} INFO - Started process (PID=10978) to work on /home/ec2-user/environment/lab4_model_training/venv/lib64/python3.12/site-packages/airflow/example_dags/example_task_group.py
[2026-03-12T00:51:09.840+0000] {processor.py:914} INFO - Processing file /home/ec2-user/environment/lab4_model_training/venv/lib64/python3.12/site-packages/airflow/example_dags/example_task_group.py for tasks to queue
[2026-03-12T00:51:09.842+0000] {logging_mixin.py:190} INFO - [2026-03-12T00:51:09.842+0000] {dagbag.py:588} INFO - Filling up the DagBag from /home/ec2-user/environment/lab4_model_training/venv/lib64/python3.12/site-packages/airflow/example_dags/example_task_group.py
[2026-03-12T00:51:09.853+0000] {processor.py:925} INFO - DAG(s) 'example_task_group' retrieved from /home/ec2-user/environment/lab4_model_training/venv/lib64/python3.12/site-packages/airflow/example_dags/example_task_group.py
[2026-03-12T00:51:09.874+0000] {logging_mixin.py:190} INFO - [2026-03-12T00:51:09.873+0000] {dag.py:3239} INFO - Sync 1 DAGs
[2026-03-12T00:51:09.890+0000] {logging_mixin.py:190} INFO - [2026-03-12T00:51:09.890+0000] {dag.py:4180} INFO - Setting next_dagrun for example_task_group to None, run_after=None
[2026-03-12T00:51:09.914+0000] {processor.py:208} INFO - Processing /home/ec2-user/environment/lab4_model_training/venv/lib64/python3.12/site-packages/airflow/example_dags/example_task_group.py took 0.080 seconds
[2026-03-12T00:52:10.702+0000] {processor.py:186} INFO - Started process (PID=11241) to work on /home/ec2-user/environment/lab4_model_training/venv/lib64/python3.12/site-packages/airflow/example_dags/example_task_group.py
[2026-03-12T00:52:10.703+0000] {processor.py:914} INFO - Processing file /home/ec2-user/environment/lab4_model_training/venv/lib64/python3.12/site-packages/airflow/example_dags/example_task_group.py for tasks to queue
[2026-03-12T00:52:10.705+0000] {logging_mixin.py:190} INFO - [2026-03-12T00:52:10.705+0000] {dagbag.py:588} INFO - Filling up the DagBag from /home/ec2-user/environment/lab4_model_training/venv/lib64/python3.12/site-packages/airflow/example_dags/example_task_group.py
[2026-03-12T00:52:10.716+0000] {processor.py:925} INFO - DAG(s) 'example_task_group' retrieved from /home/ec2-user/environment/lab4_model_training/venv/lib64/python3.12/site-packages/airflow/example_dags/example_task_group.py
[2026-03-12T00:52:10.737+0000] {logging_mixin.py:190} INFO - [2026-03-12T00:52:10.737+0000] {dag.py:3239} INFO - Sync 1 DAGs
[2026-03-12T00:52:10.752+0000] {logging_mixin.py:190} INFO - [2026-03-12T00:52:10.752+0000] {dag.py:4180} INFO - Setting next_dagrun for example_task_group to None, run_after=None
[2026-03-12T00:52:10.777+0000] {processor.py:208} INFO - Processing /home/ec2-user/environment/lab4_model_training/venv/lib64/python3.12/site-packages/airflow/example_dags/example_task_group.py took 0.080 seconds
[2026-03-12T00:53:11.205+0000] {processor.py:186} INFO - Started process (PID=11537) to work on /home/ec2-user/environment/lab4_model_training/venv/lib64/python3.12/site-packages/airflow/example_dags/example_task_group.py
[2026-03-12T00:53:11.206+0000] {processor.py:914} INFO - Processing file /home/ec2-user/environment/lab4_model_training/venv/lib64/python3.12/site-packages/airflow/example_dags/example_task_group.py for tasks to queue
[2026-03-12T00:53:11.208+0000] {logging_mixin.py:190} INFO - [2026-03-12T00:53:11.208+0000] {dagbag.py:588} INFO - Filling up the DagBag from /home/ec2-user/environment/lab4_model_training/venv/lib64/python3.12/site-packages/airflow/example_dags/example_task_group.py
[2026-03-12T00:53:11.218+0000] {processor.py:925} INFO - DAG(s) 'example_task_group' retrieved from /home/ec2-user/environment/lab4_model_training/venv/lib64/python3.12/site-packages/airflow/example_dags/example_task_group.py
[2026-03-12T00:53:11.239+0000] {logging_mixin.py:190} INFO - [2026-03-12T00:53:11.239+0000] {dag.py:3239} INFO - Sync 1 DAGs
[2026-03-12T00:53:11.256+0000] {logging_mixin.py:190} INFO - [2026-03-12T00:53:11.255+0000] {dag.py:4180} INFO - Setting next_dagrun for example_task_group to None, run_after=None
[2026-03-12T00:53:11.280+0000] {processor.py:208} INFO - Processing /home/ec2-user/environment/lab4_model_training/venv/lib64/python3.12/site-packages/airflow/example_dags/example_task_group.py took 0.081 seconds
[2026-03-12T00:54:11.334+0000] {processor.py:186} INFO - Started process (PID=11770) to work on /home/ec2-user/environment/lab4_model_training/venv/lib64/python3.12/site-packages/airflow/example_dags/example_task_group.py
[2026-03-12T00:54:11.336+0000] {processor.py:914} INFO - Processing file /home/ec2-user/environment/lab4_model_training/venv/lib64/python3.12/site-packages/airflow/example_dags/example_task_group.py for tasks to queue
[2026-03-12T00:54:11.339+0000] {logging_mixin.py:190} INFO - [2026-03-12T00:54:11.338+0000] {dagbag.py:588} INFO - Filling up the DagBag from /home/ec2-user/environment/lab4_model_training/venv/lib64/python3.12/site-packages/airflow/example_dags/example_task_group.py
[2026-03-12T00:54:11.351+0000] {processor.py:925} INFO - DAG(s) 'example_task_group' retrieved from /home/ec2-user/environment/lab4_model_training/venv/lib64/python3.12/site-packages/airflow/example_dags/example_task_group.py
[2026-03-12T00:54:11.376+0000] {logging_mixin.py:190} INFO - [2026-03-12T00:54:11.375+0000] {dag.py:3239} INFO - Sync 1 DAGs
[2026-03-12T00:54:11.393+0000] {logging_mixin.py:190} INFO - [2026-03-12T00:54:11.393+0000] {dag.py:4180} INFO - Setting next_dagrun for example_task_group to None, run_after=None
[2026-03-12T00:54:11.417+0000] {processor.py:208} INFO - Processing /home/ec2-user/environment/lab4_model_training/venv/lib64/python3.12/site-packages/airflow/example_dags/example_task_group.py took 0.088 seconds
[2026-03-12T00:55:10.718+0000] {processor.py:186} INFO - Started process (PID=12039) to work on /home/ec2-user/environment/lab4_model_training/venv/lib64/python3.12/site-packages/airflow/example_dags/example_task_group.py
[2026-03-12T00:55:10.719+0000] {processor.py:914} INFO - Processing file /home/ec2-user/environment/lab4_model_training/venv/lib64/python3.12/site-packages/airflow/example_dags/example_task_group.py for tasks to queue
[2026-03-12T00:55:10.722+0000] {logging_mixin.py:190} INFO - [2026-03-12T00:55:10.721+0000] {dagbag.py:588} INFO - Filling up the DagBag from /home/ec2-user/environment/lab4_model_training/venv/lib64/python3.12/site-packages/airflow/example_dags/example_task_group.py
[2026-03-12T00:55:10.732+0000] {processor.py:925} INFO - DAG(s) 'example_task_group' retrieved from /home/ec2-user/environment/lab4_model_training/venv/lib64/python3.12/site-packages/airflow/example_dags/example_task_group.py
[2026-03-12T00:55:10.753+0000] {logging_mixin.py:190} INFO - [2026-03-12T00:55:10.752+0000] {dag.py:3239} INFO - Sync 1 DAGs
[2026-03-12T00:55:10.768+0000] {logging_mixin.py:190} INFO - [2026-03-12T00:55:10.768+0000] {dag.py:4180} INFO - Setting next_dagrun for example_task_group to None, run_after=None
[2026-03-12T00:55:10.794+0000] {processor.py:208} INFO - Processing /home/ec2-user/environment/lab4_model_training/venv/lib64/python3.12/site-packages/airflow/example_dags/example_task_group.py took 0.082 seconds
[2026-03-12T00:56:13.862+0000] {processor.py:186} INFO - Started process (PID=12275) to work on /home/ec2-user/environment/lab4_model_training/venv/lib64/python3.12/site-packages/airflow/example_dags/example_task_group.py
[2026-03-12T00:56:13.863+0000] {processor.py:914} INFO - Processing file /home/ec2-user/environment/lab4_model_training/venv/lib64/python3.12/site-packages/airflow/example_dags/example_task_group.py for tasks to queue
[2026-03-12T00:56:13.865+0000] {logging_mixin.py:190} INFO - [2026-03-12T00:56:13.865+0000] {dagbag.py:588} INFO - Filling up the DagBag from /home/ec2-user/environment/lab4_model_training/venv/lib64/python3.12/site-packages/airflow/example_dags/example_task_group.py
[2026-03-12T00:56:13.875+0000] {processor.py:925} INFO - DAG(s) 'example_task_group' retrieved from /home/ec2-user/environment/lab4_model_training/venv/lib64/python3.12/site-packages/airflow/example_dags/example_task_group.py
[2026-03-12T00:56:13.896+0000] {logging_mixin.py:190} INFO - [2026-03-12T00:56:13.896+0000] {dag.py:3239} INFO - Sync 1 DAGs
[2026-03-12T00:56:13.911+0000] {logging_mixin.py:190} INFO - [2026-03-12T00:56:13.911+0000] {dag.py:4180} INFO - Setting next_dagrun for example_task_group to None, run_after=None
[2026-03-12T00:56:13.936+0000] {processor.py:208} INFO - Processing /home/ec2-user/environment/lab4_model_training/venv/lib64/python3.12/site-packages/airflow/example_dags/example_task_group.py took 0.080 seconds
[2026-03-12T00:57:18.350+0000] {processor.py:186} INFO - Started process (PID=12567) to work on /home/ec2-user/environment/lab4_model_training/venv/lib64/python3.12/site-packages/airflow/example_dags/example_task_group.py
[2026-03-12T00:57:18.351+0000] {processor.py:914} INFO - Processing file /home/ec2-user/environment/lab4_model_training/venv/lib64/python3.12/site-packages/airflow/example_dags/example_task_group.py for tasks to queue
[2026-03-12T00:57:18.354+0000] {logging_mixin.py:190} INFO - [2026-03-12T00:57:18.354+0000] {dagbag.py:588} INFO - Filling up the DagBag from /home/ec2-user/environment/lab4_model_training/venv/lib64/python3.12/site-packages/airflow/example_dags/example_task_group.py
[2026-03-12T00:57:18.366+0000] {processor.py:925} INFO - DAG(s) 'example_task_group' retrieved from /home/ec2-user/environment/lab4_model_training/venv/lib64/python3.12/site-packages/airflow/example_dags/example_task_group.py
[2026-03-12T00:57:18.389+0000] {logging_mixin.py:190} INFO - [2026-03-12T00:57:18.389+0000] {dag.py:3239} INFO - Sync 1 DAGs
[2026-03-12T00:57:18.407+0000] {logging_mixin.py:190} INFO - [2026-03-12T00:57:18.406+0000] {dag.py:4180} INFO - Setting next_dagrun for example_task_group to None, run_after=None
[2026-03-12T00:57:18.431+0000] {processor.py:208} INFO - Processing /home/ec2-user/environment/lab4_model_training/venv/lib64/python3.12/site-packages/airflow/example_dags/example_task_group.py took 0.087 seconds
[2026-03-12T00:58:20.000+0000] {processor.py:186} INFO - Started process (PID=12811) to work on /home/ec2-user/environment/lab4_model_training/venv/lib64/python3.12/site-packages/airflow/example_dags/example_task_group.py
[2026-03-12T00:58:20.001+0000] {processor.py:914} INFO - Processing file /home/ec2-user/environment/lab4_model_training/venv/lib64/python3.12/site-packages/airflow/example_dags/example_task_group.py for tasks to queue
[2026-03-12T00:58:20.004+0000] {logging_mixin.py:190} INFO - [2026-03-12T00:58:20.004+0000] {dagbag.py:588} INFO - Filling up the DagBag from /home/ec2-user/environment/lab4_model_training/venv/lib64/python3.12/site-packages/airflow/example_dags/example_task_group.py
[2026-03-12T00:58:20.015+0000] {processor.py:925} INFO - DAG(s) 'example_task_group' retrieved from /home/ec2-user/environment/lab4_model_training/venv/lib64/python3.12/site-packages/airflow/example_dags/example_task_group.py
[2026-03-12T00:58:20.038+0000] {logging_mixin.py:190} INFO - [2026-03-12T00:58:20.038+0000] {dag.py:3239} INFO - Sync 1 DAGs
[2026-03-12T00:58:20.052+0000] {logging_mixin.py:190} INFO - [2026-03-12T00:58:20.052+0000] {dag.py:4180} INFO - Setting next_dagrun for example_task_group to None, run_after=None
[2026-03-12T00:58:20.074+0000] {processor.py:208} INFO - Processing /home/ec2-user/environment/lab4_model_training/venv/lib64/python3.12/site-packages/airflow/example_dags/example_task_group.py took 0.080 seconds
[2026-03-12T00:59:21.764+0000] {processor.py:186} INFO - Started process (PID=13106) to work on /home/ec2-user/environment/lab4_model_training/venv/lib64/python3.12/site-packages/airflow/example_dags/example_task_group.py
[2026-03-12T00:59:21.765+0000] {processor.py:914} INFO - Processing file /home/ec2-user/environment/lab4_model_training/venv/lib64/python3.12/site-packages/airflow/example_dags/example_task_group.py for tasks to queue
[2026-03-12T00:59:21.767+0000] {logging_mixin.py:190} INFO - [2026-03-12T00:59:21.766+0000] {dagbag.py:588} INFO - Filling up the DagBag from /home/ec2-user/environment/lab4_model_training/venv/lib64/python3.12/site-packages/airflow/example_dags/example_task_group.py
[2026-03-12T00:59:21.777+0000] {processor.py:925} INFO - DAG(s) 'example_task_group' retrieved from /home/ec2-user/environment/lab4_model_training/venv/lib64/python3.12/site-packages/airflow/example_dags/example_task_group.py
[2026-03-12T00:59:21.800+0000] {logging_mixin.py:190} INFO - [2026-03-12T00:59:21.800+0000] {dag.py:3239} INFO - Sync 1 DAGs
[2026-03-12T00:59:21.815+0000] {logging_mixin.py:190} INFO - [2026-03-12T00:59:21.815+0000] {dag.py:4180} INFO - Setting next_dagrun for example_task_group to None, run_after=None
[2026-03-12T00:59:21.839+0000] {processor.py:208} INFO - Processing /home/ec2-user/environment/lab4_model_training/venv/lib64/python3.12/site-packages/airflow/example_dags/example_task_group.py took 0.081 seconds
[2026-03-12T01:00:27.113+0000] {processor.py:186} INFO - Started process (PID=13409) to work on /home/ec2-user/environment/lab4_model_training/venv/lib64/python3.12/site-packages/airflow/example_dags/example_task_group.py
[2026-03-12T01:00:27.114+0000] {processor.py:914} INFO - Processing file /home/ec2-user/environment/lab4_model_training/venv/lib64/python3.12/site-packages/airflow/example_dags/example_task_group.py for tasks to queue
[2026-03-12T01:00:27.117+0000] {logging_mixin.py:190} INFO - [2026-03-12T01:00:27.116+0000] {dagbag.py:588} INFO - Filling up the DagBag from /home/ec2-user/environment/lab4_model_training/venv/lib64/python3.12/site-packages/airflow/example_dags/example_task_group.py
[2026-03-12T01:00:27.129+0000] {processor.py:925} INFO - DAG(s) 'example_task_group' retrieved from /home/ec2-user/environment/lab4_model_training/venv/lib64/python3.12/site-packages/airflow/example_dags/example_task_group.py
[2026-03-12T01:00:27.153+0000] {logging_mixin.py:190} INFO - [2026-03-12T01:00:27.153+0000] {dag.py:3239} INFO - Sync 1 DAGs
[2026-03-12T01:00:27.170+0000] {logging_mixin.py:190} INFO - [2026-03-12T01:00:27.170+0000] {dag.py:4180} INFO - Setting next_dagrun for example_task_group to None, run_after=None
[2026-03-12T01:00:27.193+0000] {processor.py:208} INFO - Processing /home/ec2-user/environment/lab4_model_training/venv/lib64/python3.12/site-packages/airflow/example_dags/example_task_group.py took 0.086 seconds
[2026-03-12T01:01:29.973+0000] {processor.py:186} INFO - Started process (PID=13663) to work on /home/ec2-user/environment/lab4_model_training/venv/lib64/python3.12/site-packages/airflow/example_dags/example_task_group.py
[2026-03-12T01:01:29.975+0000] {processor.py:914} INFO - Processing file /home/ec2-user/environment/lab4_model_training/venv/lib64/python3.12/site-packages/airflow/example_dags/example_task_group.py for tasks to queue
[2026-03-12T01:01:29.978+0000] {logging_mixin.py:190} INFO - [2026-03-12T01:01:29.977+0000] {dagbag.py:588} INFO - Filling up the DagBag from /home/ec2-user/environment/lab4_model_training/venv/lib64/python3.12/site-packages/airflow/example_dags/example_task_group.py
[2026-03-12T01:01:29.990+0000] {processor.py:925} INFO - DAG(s) 'example_task_group' retrieved from /home/ec2-user/environment/lab4_model_training/venv/lib64/python3.12/site-packages/airflow/example_dags/example_task_group.py
[2026-03-12T01:01:30.013+0000] {logging_mixin.py:190} INFO - [2026-03-12T01:01:30.013+0000] {dag.py:3239} INFO - Sync 1 DAGs
[2026-03-12T01:01:30.028+0000] {logging_mixin.py:190} INFO - [2026-03-12T01:01:30.028+0000] {dag.py:4180} INFO - Setting next_dagrun for example_task_group to None, run_after=None
[2026-03-12T01:01:30.052+0000] {processor.py:208} INFO - Processing /home/ec2-user/environment/lab4_model_training/venv/lib64/python3.12/site-packages/airflow/example_dags/example_task_group.py took 0.084 seconds
[2026-03-12T01:02:35.242+0000] {processor.py:186} INFO - Started process (PID=13959) to work on /home/ec2-user/environment/lab4_model_training/venv/lib64/python3.12/site-packages/airflow/example_dags/example_task_group.py
[2026-03-12T01:02:35.243+0000] {processor.py:914} INFO - Processing file /home/ec2-user/environment/lab4_model_training/venv/lib64/python3.12/site-packages/airflow/example_dags/example_task_group.py for tasks to queue
[2026-03-12T01:02:35.245+0000] {logging_mixin.py:190} INFO - [2026-03-12T01:02:35.245+0000] {dagbag.py:588} INFO - Filling up the DagBag from /home/ec2-user/environment/lab4_model_training/venv/lib64/python3.12/site-packages/airflow/example_dags/example_task_group.py
[2026-03-12T01:02:35.255+0000] {processor.py:925} INFO - DAG(s) 'example_task_group' retrieved from /home/ec2-user/environment/lab4_model_training/venv/lib64/python3.12/site-packages/airflow/example_dags/example_task_group.py
[2026-03-12T01:02:35.276+0000] {logging_mixin.py:190} INFO - [2026-03-12T01:02:35.276+0000] {dag.py:3239} INFO - Sync 1 DAGs
[2026-03-12T01:02:35.292+0000] {logging_mixin.py:190} INFO - [2026-03-12T01:02:35.292+0000] {dag.py:4180} INFO - Setting next_dagrun for example_task_group to None, run_after=None
[2026-03-12T01:02:35.314+0000] {processor.py:208} INFO - Processing /home/ec2-user/environment/lab4_model_training/venv/lib64/python3.12/site-packages/airflow/example_dags/example_task_group.py took 0.078 seconds
[2026-03-12T01:03:37.188+0000] {processor.py:186} INFO - Started process (PID=14194) to work on /home/ec2-user/environment/lab4_model_training/venv/lib64/python3.12/site-packages/airflow/example_dags/example_task_group.py
[2026-03-12T01:03:37.189+0000] {processor.py:914} INFO - Processing file /home/ec2-user/environment/lab4_model_training/venv/lib64/python3.12/site-packages/airflow/example_dags/example_task_group.py for tasks to queue
[2026-03-12T01:03:37.191+0000] {logging_mixin.py:190} INFO - [2026-03-12T01:03:37.191+0000] {dagbag.py:588} INFO - Filling up the DagBag from /home/ec2-user/environment/lab4_model_training/venv/lib64/python3.12/site-packages/airflow/example_dags/example_task_group.py
[2026-03-12T01:03:37.201+0000] {processor.py:925} INFO - DAG(s) 'example_task_group' retrieved from /home/ec2-user/environment/lab4_model_training/venv/lib64/python3.12/site-packages/airflow/example_dags/example_task_group.py
[2026-03-12T01:03:37.222+0000] {logging_mixin.py:190} INFO - [2026-03-12T01:03:37.222+0000] {dag.py:3239} INFO - Sync 1 DAGs
[2026-03-12T01:03:37.238+0000] {logging_mixin.py:190} INFO - [2026-03-12T01:03:37.238+0000] {dag.py:4180} INFO - Setting next_dagrun for example_task_group to None, run_after=None
[2026-03-12T01:03:37.262+0000] {processor.py:208} INFO - Processing /home/ec2-user/environment/lab4_model_training/venv/lib64/python3.12/site-packages/airflow/example_dags/example_task_group.py took 0.080 seconds
[2026-03-12T01:04:48.920+0000] {processor.py:186} INFO - Started process (PID=14507) to work on /home/ec2-user/environment/lab4_model_training/venv/lib64/python3.12/site-packages/airflow/example_dags/example_task_group.py
[2026-03-12T01:04:48.929+0000] {processor.py:914} INFO - Processing file /home/ec2-user/environment/lab4_model_training/venv/lib64/python3.12/site-packages/airflow/example_dags/example_task_group.py for tasks to queue
[2026-03-12T01:04:48.931+0000] {logging_mixin.py:190} INFO - [2026-03-12T01:04:48.931+0000] {dagbag.py:588} INFO - Filling up the DagBag from /home/ec2-user/environment/lab4_model_training/venv/lib64/python3.12/site-packages/airflow/example_dags/example_task_group.py
[2026-03-12T01:04:48.953+0000] {processor.py:925} INFO - DAG(s) 'example_task_group' retrieved from /home/ec2-user/environment/lab4_model_training/venv/lib64/python3.12/site-packages/airflow/example_dags/example_task_group.py
[2026-03-12T01:04:48.975+0000] {logging_mixin.py:190} INFO - [2026-03-12T01:04:48.975+0000] {dag.py:3239} INFO - Sync 1 DAGs
[2026-03-12T01:04:48.991+0000] {logging_mixin.py:190} INFO - [2026-03-12T01:04:48.991+0000] {dag.py:4180} INFO - Setting next_dagrun for example_task_group to None, run_after=None
[2026-03-12T01:04:49.014+0000] {processor.py:208} INFO - Processing /home/ec2-user/environment/lab4_model_training/venv/lib64/python3.12/site-packages/airflow/example_dags/example_task_group.py took 0.103 seconds
[2026-03-12T01:05:46.822+0000] {processor.py:186} INFO - Started process (PID=14750) to work on /home/ec2-user/environment/lab4_model_training/venv/lib64/python3.12/site-packages/airflow/example_dags/example_task_group.py
[2026-03-12T01:05:46.823+0000] {processor.py:914} INFO - Processing file /home/ec2-user/environment/lab4_model_training/venv/lib64/python3.12/site-packages/airflow/example_dags/example_task_group.py for tasks to queue
[2026-03-12T01:05:46.825+0000] {logging_mixin.py:190} INFO - [2026-03-12T01:05:46.825+0000] {dagbag.py:588} INFO - Filling up the DagBag from /home/ec2-user/environment/lab4_model_training/venv/lib64/python3.12/site-packages/airflow/example_dags/example_task_group.py
[2026-03-12T01:05:46.835+0000] {processor.py:925} INFO - DAG(s) 'example_task_group' retrieved from /home/ec2-user/environment/lab4_model_training/venv/lib64/python3.12/site-packages/airflow/example_dags/example_task_group.py
[2026-03-12T01:05:46.855+0000] {logging_mixin.py:190} INFO - [2026-03-12T01:05:46.855+0000] {dag.py:3239} INFO - Sync 1 DAGs
[2026-03-12T01:05:46.871+0000] {logging_mixin.py:190} INFO - [2026-03-12T01:05:46.871+0000] {dag.py:4180} INFO - Setting next_dagrun for example_task_group to None, run_after=None
[2026-03-12T01:05:46.897+0000] {processor.py:208} INFO - Processing /home/ec2-user/environment/lab4_model_training/venv/lib64/python3.12/site-packages/airflow/example_dags/example_task_group.py took 0.081 seconds
[2026-03-12T01:06:47.573+0000] {processor.py:186} INFO - Started process (PID=15042) to work on /home/ec2-user/environment/lab4_model_training/venv/lib64/python3.12/site-packages/airflow/example_dags/example_task_group.py
[2026-03-12T01:06:47.575+0000] {processor.py:914} INFO - Processing file /home/ec2-user/environment/lab4_model_training/venv/lib64/python3.12/site-packages/airflow/example_dags/example_task_group.py for tasks to queue
[2026-03-12T01:06:47.578+0000] {logging_mixin.py:190} INFO - [2026-03-12T01:06:47.577+0000] {dagbag.py:588} INFO - Filling up the DagBag from /home/ec2-user/environment/lab4_model_training/venv/lib64/python3.12/site-packages/airflow/example_dags/example_task_group.py
[2026-03-12T01:06:47.590+0000] {processor.py:925} INFO - DAG(s) 'example_task_group' retrieved from /home/ec2-user/environment/lab4_model_training/venv/lib64/python3.12/site-packages/airflow/example_dags/example_task_group.py
[2026-03-12T01:06:47.613+0000] {logging_mixin.py:190} INFO - [2026-03-12T01:06:47.613+0000] {dag.py:3239} INFO - Sync 1 DAGs
[2026-03-12T01:06:47.629+0000] {logging_mixin.py:190} INFO - [2026-03-12T01:06:47.628+0000] {dag.py:4180} INFO - Setting next_dagrun for example_task_group to None, run_after=None
[2026-03-12T01:06:47.650+0000] {processor.py:208} INFO - Processing /home/ec2-user/environment/lab4_model_training/venv/lib64/python3.12/site-packages/airflow/example_dags/example_task_group.py took 0.083 seconds
[2026-03-12T01:07:48.953+0000] {processor.py:186} INFO - Started process (PID=15328) to work on /home/ec2-user/environment/lab4_model_training/venv/lib64/python3.12/site-packages/airflow/example_dags/example_task_group.py
[2026-03-12T01:07:48.954+0000] {processor.py:914} INFO - Processing file /home/ec2-user/environment/lab4_model_training/venv/lib64/python3.12/site-packages/airflow/example_dags/example_task_group.py for tasks to queue
[2026-03-12T01:07:48.957+0000] {logging_mixin.py:190} INFO - [2026-03-12T01:07:48.957+0000] {dagbag.py:588} INFO - Filling up the DagBag from /home/ec2-user/environment/lab4_model_training/venv/lib64/python3.12/site-packages/airflow/example_dags/example_task_group.py
[2026-03-12T01:07:48.969+0000] {processor.py:925} INFO - DAG(s) 'example_task_group' retrieved from /home/ec2-user/environment/lab4_model_training/venv/lib64/python3.12/site-packages/airflow/example_dags/example_task_group.py
[2026-03-12T01:07:48.996+0000] {logging_mixin.py:190} INFO - [2026-03-12T01:07:48.995+0000] {dag.py:3239} INFO - Sync 1 DAGs
[2026-03-12T01:07:49.013+0000] {logging_mixin.py:190} INFO - [2026-03-12T01:07:49.013+0000] {dag.py:4180} INFO - Setting next_dagrun for example_task_group to None, run_after=None
[2026-03-12T01:07:49.038+0000] {processor.py:208} INFO - Processing /home/ec2-user/environment/lab4_model_training/venv/lib64/python3.12/site-packages/airflow/example_dags/example_task_group.py took 0.090 seconds
[2026-03-12T01:08:52.464+0000] {processor.py:186} INFO - Started process (PID=15566) to work on /home/ec2-user/environment/lab4_model_training/venv/lib64/python3.12/site-packages/airflow/example_dags/example_task_group.py
[2026-03-12T01:08:52.465+0000] {processor.py:914} INFO - Processing file /home/ec2-user/environment/lab4_model_training/venv/lib64/python3.12/site-packages/airflow/example_dags/example_task_group.py for tasks to queue
[2026-03-12T01:08:52.468+0000] {logging_mixin.py:190} INFO - [2026-03-12T01:08:52.468+0000] {dagbag.py:588} INFO - Filling up the DagBag from /home/ec2-user/environment/lab4_model_training/venv/lib64/python3.12/site-packages/airflow/example_dags/example_task_group.py
[2026-03-12T01:08:52.479+0000] {processor.py:925} INFO - DAG(s) 'example_task_group' retrieved from /home/ec2-user/environment/lab4_model_training/venv/lib64/python3.12/site-packages/airflow/example_dags/example_task_group.py
[2026-03-12T01:08:52.502+0000] {logging_mixin.py:190} INFO - [2026-03-12T01:08:52.502+0000] {dag.py:3239} INFO - Sync 1 DAGs
[2026-03-12T01:08:52.519+0000] {logging_mixin.py:190} INFO - [2026-03-12T01:08:52.518+0000] {dag.py:4180} INFO - Setting next_dagrun for example_task_group to None, run_after=None
[2026-03-12T01:08:52.542+0000] {processor.py:208} INFO - Processing /home/ec2-user/environment/lab4_model_training/venv/lib64/python3.12/site-packages/airflow/example_dags/example_task_group.py took 0.083 seconds
[2026-03-12T01:09:53.369+0000] {processor.py:186} INFO - Started process (PID=15854) to work on /home/ec2-user/environment/lab4_model_training/venv/lib64/python3.12/site-packages/airflow/example_dags/example_task_group.py
[2026-03-12T01:09:53.370+0000] {processor.py:914} INFO - Processing file /home/ec2-user/environment/lab4_model_training/venv/lib64/python3.12/site-packages/airflow/example_dags/example_task_group.py for tasks to queue
[2026-03-12T01:09:53.372+0000] {logging_mixin.py:190} INFO - [2026-03-12T01:09:53.372+0000] {dagbag.py:588} INFO - Filling up the DagBag from /home/ec2-user/environment/lab4_model_training/venv/lib64/python3.12/site-packages/airflow/example_dags/example_task_group.py
[2026-03-12T01:09:53.382+0000] {processor.py:925} INFO - DAG(s) 'example_task_group' retrieved from /home/ec2-user/environment/lab4_model_training/venv/lib64/python3.12/site-packages/airflow/example_dags/example_task_group.py
[2026-03-12T01:09:53.402+0000] {logging_mixin.py:190} INFO - [2026-03-12T01:09:53.402+0000] {dag.py:3239} INFO - Sync 1 DAGs
[2026-03-12T01:09:53.418+0000] {logging_mixin.py:190} INFO - [2026-03-12T01:09:53.418+0000] {dag.py:4180} INFO - Setting next_dagrun for example_task_group to None, run_after=None
[2026-03-12T01:09:53.442+0000] {processor.py:208} INFO - Processing /home/ec2-user/environment/lab4_model_training/venv/lib64/python3.12/site-packages/airflow/example_dags/example_task_group.py took 0.079 seconds
[2026-03-12T01:11:00.476+0000] {processor.py:186} INFO - Started process (PID=16153) to work on /home/ec2-user/environment/lab4_model_training/venv/lib64/python3.12/site-packages/airflow/example_dags/example_task_group.py
[2026-03-12T01:11:00.477+0000] {processor.py:914} INFO - Processing file /home/ec2-user/environment/lab4_model_training/venv/lib64/python3.12/site-packages/airflow/example_dags/example_task_group.py for tasks to queue
[2026-03-12T01:11:00.479+0000] {logging_mixin.py:190} INFO - [2026-03-12T01:11:00.479+0000] {dagbag.py:588} INFO - Filling up the DagBag from /home/ec2-user/environment/lab4_model_training/venv/lib64/python3.12/site-packages/airflow/example_dags/example_task_group.py
[2026-03-12T01:11:00.489+0000] {processor.py:925} INFO - DAG(s) 'example_task_group' retrieved from /home/ec2-user/environment/lab4_model_training/venv/lib64/python3.12/site-packages/airflow/example_dags/example_task_group.py
[2026-03-12T01:11:00.510+0000] {logging_mixin.py:190} INFO - [2026-03-12T01:11:00.510+0000] {dag.py:3239} INFO - Sync 1 DAGs
[2026-03-12T01:11:00.529+0000] {logging_mixin.py:190} INFO - [2026-03-12T01:11:00.529+0000] {dag.py:4180} INFO - Setting next_dagrun for example_task_group to None, run_after=None
[2026-03-12T01:11:00.560+0000] {processor.py:208} INFO - Processing /home/ec2-user/environment/lab4_model_training/venv/lib64/python3.12/site-packages/airflow/example_dags/example_task_group.py took 0.090 seconds
[2026-03-12T01:12:06.092+0000] {processor.py:186} INFO - Started process (PID=16415) to work on /home/ec2-user/environment/lab4_model_training/venv/lib64/python3.12/site-packages/airflow/example_dags/example_task_group.py
[2026-03-12T01:12:06.093+0000] {processor.py:914} INFO - Processing file /home/ec2-user/environment/lab4_model_training/venv/lib64/python3.12/site-packages/airflow/example_dags/example_task_group.py for tasks to queue
[2026-03-12T01:12:06.097+0000] {logging_mixin.py:190} INFO - [2026-03-12T01:12:06.096+0000] {dagbag.py:588} INFO - Filling up the DagBag from /home/ec2-user/environment/lab4_model_training/venv/lib64/python3.12/site-packages/airflow/example_dags/example_task_group.py
[2026-03-12T01:12:06.108+0000] {processor.py:925} INFO - DAG(s) 'example_task_group' retrieved from /home/ec2-user/environment/lab4_model_training/venv/lib64/python3.12/site-packages/airflow/example_dags/example_task_group.py
[2026-03-12T01:12:06.130+0000] {logging_mixin.py:190} INFO - [2026-03-12T01:12:06.130+0000] {dag.py:3239} INFO - Sync 1 DAGs
[2026-03-12T01:12:06.146+0000] {logging_mixin.py:190} INFO - [2026-03-12T01:12:06.146+0000] {dag.py:4180} INFO - Setting next_dagrun for example_task_group to None, run_after=None
[2026-03-12T01:12:06.179+0000] {processor.py:208} INFO - Processing /home/ec2-user/environment/lab4_model_training/venv/lib64/python3.12/site-packages/airflow/example_dags/example_task_group.py took 0.093 seconds
[2026-03-12T01:13:08.307+0000] {processor.py:186} INFO - Started process (PID=16712) to work on /home/ec2-user/environment/lab4_model_training/venv/lib64/python3.12/site-packages/airflow/example_dags/example_task_group.py
[2026-03-12T01:13:08.309+0000] {processor.py:914} INFO - Processing file /home/ec2-user/environment/lab4_model_training/venv/lib64/python3.12/site-packages/airflow/example_dags/example_task_group.py for tasks to queue
[2026-03-12T01:13:08.311+0000] {logging_mixin.py:190} INFO - [2026-03-12T01:13:08.311+0000] {dagbag.py:588} INFO - Filling up the DagBag from /home/ec2-user/environment/lab4_model_training/venv/lib64/python3.12/site-packages/airflow/example_dags/example_task_group.py
[2026-03-12T01:13:08.324+0000] {processor.py:925} INFO - DAG(s) 'example_task_group' retrieved from /home/ec2-user/environment/lab4_model_training/venv/lib64/python3.12/site-packages/airflow/example_dags/example_task_group.py
[2026-03-12T01:13:08.347+0000] {logging_mixin.py:190} INFO - [2026-03-12T01:13:08.347+0000] {dag.py:3239} INFO - Sync 1 DAGs
[2026-03-12T01:13:08.363+0000] {logging_mixin.py:190} INFO - [2026-03-12T01:13:08.363+0000] {dag.py:4180} INFO - Setting next_dagrun for example_task_group to None, run_after=None
[2026-03-12T01:13:08.386+0000] {processor.py:208} INFO - Processing /home/ec2-user/environment/lab4_model_training/venv/lib64/python3.12/site-packages/airflow/example_dags/example_task_group.py took 0.084 seconds
[2026-03-12T01:14:13.279+0000] {processor.py:186} INFO - Started process (PID=17022) to work on /home/ec2-user/environment/lab4_model_training/venv/lib64/python3.12/site-packages/airflow/example_dags/example_task_group.py
[2026-03-12T01:14:13.280+0000] {processor.py:914} INFO - Processing file /home/ec2-user/environment/lab4_model_training/venv/lib64/python3.12/site-packages/airflow/example_dags/example_task_group.py for tasks to queue
[2026-03-12T01:14:13.283+0000] {logging_mixin.py:190} INFO - [2026-03-12T01:14:13.282+0000] {dagbag.py:588} INFO - Filling up the DagBag from /home/ec2-user/environment/lab4_model_training/venv/lib64/python3.12/site-packages/airflow/example_dags/example_task_group.py
[2026-03-12T01:14:13.295+0000] {processor.py:925} INFO - DAG(s) 'example_task_group' retrieved from /home/ec2-user/environment/lab4_model_training/venv/lib64/python3.12/site-packages/airflow/example_dags/example_task_group.py
[2026-03-12T01:14:13.319+0000] {logging_mixin.py:190} INFO - [2026-03-12T01:14:13.318+0000] {dag.py:3239} INFO - Sync 1 DAGs
[2026-03-12T01:14:13.333+0000] {logging_mixin.py:190} INFO - [2026-03-12T01:14:13.333+0000] {dag.py:4180} INFO - Setting next_dagrun for example_task_group to None, run_after=None
[2026-03-12T01:14:13.359+0000] {processor.py:208} INFO - Processing /home/ec2-user/environment/lab4_model_training/venv/lib64/python3.12/site-packages/airflow/example_dags/example_task_group.py took 0.086 seconds
[2026-03-12T01:15:17.019+0000] {processor.py:186} INFO - Started process (PID=17323) to work on /home/ec2-user/environment/lab4_model_training/venv/lib64/python3.12/site-packages/airflow/example_dags/example_task_group.py
[2026-03-12T01:15:17.020+0000] {processor.py:914} INFO - Processing file /home/ec2-user/environment/lab4_model_training/venv/lib64/python3.12/site-packages/airflow/example_dags/example_task_group.py for tasks to queue
[2026-03-12T01:15:17.023+0000] {logging_mixin.py:190} INFO - [2026-03-12T01:15:17.022+0000] {dagbag.py:588} INFO - Filling up the DagBag from /home/ec2-user/environment/lab4_model_training/venv/lib64/python3.12/site-packages/airflow/example_dags/example_task_group.py
[2026-03-12T01:15:17.034+0000] {processor.py:925} INFO - DAG(s) 'example_task_group' retrieved from /home/ec2-user/environment/lab4_model_training/venv/lib64/python3.12/site-packages/airflow/example_dags/example_task_group.py
[2026-03-12T01:15:17.056+0000] {logging_mixin.py:190} INFO - [2026-03-12T01:15:17.056+0000] {dag.py:3239} INFO - Sync 1 DAGs
[2026-03-12T01:15:17.071+0000] {logging_mixin.py:190} INFO - [2026-03-12T01:15:17.071+0000] {dag.py:4180} INFO - Setting next_dagrun for example_task_group to None, run_after=None
[2026-03-12T01:15:17.094+0000] {processor.py:208} INFO - Processing /home/ec2-user/environment/lab4_model_training/venv/lib64/python3.12/site-packages/airflow/example_dags/example_task_group.py took 0.082 seconds
[2026-03-12T01:16:16.572+0000] {processor.py:186} INFO - Started process (PID=17605) to work on /home/ec2-user/environment/lab4_model_training/venv/lib64/python3.12/site-packages/airflow/example_dags/example_task_group.py
[2026-03-12T01:16:16.573+0000] {processor.py:914} INFO - Processing file /home/ec2-user/environment/lab4_model_training/venv/lib64/python3.12/site-packages/airflow/example_dags/example_task_group.py for tasks to queue
[2026-03-12T01:16:16.575+0000] {logging_mixin.py:190} INFO - [2026-03-12T01:16:16.575+0000] {dagbag.py:588} INFO - Filling up the DagBag from /home/ec2-user/environment/lab4_model_training/venv/lib64/python3.12/site-packages/airflow/example_dags/example_task_group.py
[2026-03-12T01:16:16.586+0000] {processor.py:925} INFO - DAG(s) 'example_task_group' retrieved from /home/ec2-user/environment/lab4_model_training/venv/lib64/python3.12/site-packages/airflow/example_dags/example_task_group.py
[2026-03-12T01:16:16.607+0000] {logging_mixin.py:190} INFO - [2026-03-12T01:16:16.607+0000] {dag.py:3239} INFO - Sync 1 DAGs
[2026-03-12T01:16:16.624+0000] {logging_mixin.py:190} INFO - [2026-03-12T01:16:16.623+0000] {dag.py:4180} INFO - Setting next_dagrun for example_task_group to None, run_after=None
[2026-03-12T01:16:16.649+0000] {processor.py:208} INFO - Processing /home/ec2-user/environment/lab4_model_training/venv/lib64/python3.12/site-packages/airflow/example_dags/example_task_group.py took 0.083 seconds
[2026-03-12T01:17:24.105+0000] {processor.py:186} INFO - Started process (PID=17914) to work on /home/ec2-user/environment/lab4_model_training/venv/lib64/python3.12/site-packages/airflow/example_dags/example_task_group.py
[2026-03-12T01:17:24.106+0000] {processor.py:914} INFO - Processing file /home/ec2-user/environment/lab4_model_training/venv/lib64/python3.12/site-packages/airflow/example_dags/example_task_group.py for tasks to queue
[2026-03-12T01:17:24.109+0000] {logging_mixin.py:190} INFO - [2026-03-12T01:17:24.108+0000] {dagbag.py:588} INFO - Filling up the DagBag from /home/ec2-user/environment/lab4_model_training/venv/lib64/python3.12/site-packages/airflow/example_dags/example_task_group.py
[2026-03-12T01:17:24.119+0000] {processor.py:925} INFO - DAG(s) 'example_task_group' retrieved from /home/ec2-user/environment/lab4_model_training/venv/lib64/python3.12/site-packages/airflow/example_dags/example_task_group.py
[2026-03-12T01:17:24.141+0000] {logging_mixin.py:190} INFO - [2026-03-12T01:17:24.141+0000] {dag.py:3239} INFO - Sync 1 DAGs
[2026-03-12T01:17:24.158+0000] {logging_mixin.py:190} INFO - [2026-03-12T01:17:24.158+0000] {dag.py:4180} INFO - Setting next_dagrun for example_task_group to None, run_after=None
[2026-03-12T01:17:24.181+0000] {processor.py:208} INFO - Processing /home/ec2-user/environment/lab4_model_training/venv/lib64/python3.12/site-packages/airflow/example_dags/example_task_group.py took 0.082 seconds
[2026-03-12T01:18:24.443+0000] {processor.py:186} INFO - Started process (PID=18137) to work on /home/ec2-user/environment/lab4_model_training/venv/lib64/python3.12/site-packages/airflow/example_dags/example_task_group.py
[2026-03-12T01:18:24.445+0000] {processor.py:914} INFO - Processing file /home/ec2-user/environment/lab4_model_training/venv/lib64/python3.12/site-packages/airflow/example_dags/example_task_group.py for tasks to queue
[2026-03-12T01:18:24.447+0000] {logging_mixin.py:190} INFO - [2026-03-12T01:18:24.447+0000] {dagbag.py:588} INFO - Filling up the DagBag from /home/ec2-user/environment/lab4_model_training/venv/lib64/python3.12/site-packages/airflow/example_dags/example_task_group.py
[2026-03-12T01:18:24.457+0000] {processor.py:925} INFO - DAG(s) 'example_task_group' retrieved from /home/ec2-user/environment/lab4_model_training/venv/lib64/python3.12/site-packages/airflow/example_dags/example_task_group.py
[2026-03-12T01:18:24.478+0000] {logging_mixin.py:190} INFO - [2026-03-12T01:18:24.478+0000] {dag.py:3239} INFO - Sync 1 DAGs
[2026-03-12T01:18:24.495+0000] {logging_mixin.py:190} INFO - [2026-03-12T01:18:24.495+0000] {dag.py:4180} INFO - Setting next_dagrun for example_task_group to None, run_after=None
[2026-03-12T01:18:24.519+0000] {processor.py:208} INFO - Processing /home/ec2-user/environment/lab4_model_training/venv/lib64/python3.12/site-packages/airflow/example_dags/example_task_group.py took 0.082 seconds
[2026-03-12T01:19:32.020+0000] {processor.py:186} INFO - Started process (PID=18458) to work on /home/ec2-user/environment/lab4_model_training/venv/lib64/python3.12/site-packages/airflow/example_dags/example_task_group.py
[2026-03-12T01:19:32.022+0000] {processor.py:914} INFO - Processing file /home/ec2-user/environment/lab4_model_training/venv/lib64/python3.12/site-packages/airflow/example_dags/example_task_group.py for tasks to queue
[2026-03-12T01:19:32.025+0000] {logging_mixin.py:190} INFO - [2026-03-12T01:19:32.024+0000] {dagbag.py:588} INFO - Filling up the DagBag from /home/ec2-user/environment/lab4_model_training/venv/lib64/python3.12/site-packages/airflow/example_dags/example_task_group.py
[2026-03-12T01:19:32.037+0000] {processor.py:925} INFO - DAG(s) 'example_task_group' retrieved from /home/ec2-user/environment/lab4_model_training/venv/lib64/python3.12/site-packages/airflow/example_dags/example_task_group.py
[2026-03-12T01:19:32.061+0000] {logging_mixin.py:190} INFO - [2026-03-12T01:19:32.061+0000] {dag.py:3239} INFO - Sync 1 DAGs
[2026-03-12T01:19:32.078+0000] {logging_mixin.py:190} INFO - [2026-03-12T01:19:32.078+0000] {dag.py:4180} INFO - Setting next_dagrun for example_task_group to None, run_after=None
[2026-03-12T01:19:32.239+0000] {processor.py:208} INFO - Processing /home/ec2-user/environment/lab4_model_training/venv/lib64/python3.12/site-packages/airflow/example_dags/example_task_group.py took 0.225 seconds
[2026-03-12T01:20:38.455+0000] {processor.py:186} INFO - Started process (PID=18760) to work on /home/ec2-user/environment/lab4_model_training/venv/lib64/python3.12/site-packages/airflow/example_dags/example_task_group.py
[2026-03-12T01:20:38.456+0000] {processor.py:914} INFO - Processing file /home/ec2-user/environment/lab4_model_training/venv/lib64/python3.12/site-packages/airflow/example_dags/example_task_group.py for tasks to queue
[2026-03-12T01:20:38.458+0000] {logging_mixin.py:190} INFO - [2026-03-12T01:20:38.457+0000] {dagbag.py:588} INFO - Filling up the DagBag from /home/ec2-user/environment/lab4_model_training/venv/lib64/python3.12/site-packages/airflow/example_dags/example_task_group.py
[2026-03-12T01:20:38.468+0000] {processor.py:925} INFO - DAG(s) 'example_task_group' retrieved from /home/ec2-user/environment/lab4_model_training/venv/lib64/python3.12/site-packages/airflow/example_dags/example_task_group.py
[2026-03-12T01:20:38.488+0000] {logging_mixin.py:190} INFO - [2026-03-12T01:20:38.488+0000] {dag.py:3239} INFO - Sync 1 DAGs
[2026-03-12T01:20:38.504+0000] {logging_mixin.py:190} INFO - [2026-03-12T01:20:38.504+0000] {dag.py:4180} INFO - Setting next_dagrun for example_task_group to None, run_after=None
[2026-03-12T01:20:38.529+0000] {processor.py:208} INFO - Processing /home/ec2-user/environment/lab4_model_training/venv/lib64/python3.12/site-packages/airflow/example_dags/example_task_group.py took 0.080 seconds
[2026-03-12T01:21:46.529+0000] {processor.py:186} INFO - Started process (PID=19033) to work on /home/ec2-user/environment/lab4_model_training/venv/lib64/python3.12/site-packages/airflow/example_dags/example_task_group.py
[2026-03-12T01:21:46.530+0000] {processor.py:914} INFO - Processing file /home/ec2-user/environment/lab4_model_training/venv/lib64/python3.12/site-packages/airflow/example_dags/example_task_group.py for tasks to queue
[2026-03-12T01:21:46.532+0000] {logging_mixin.py:190} INFO - [2026-03-12T01:21:46.532+0000] {dagbag.py:588} INFO - Filling up the DagBag from /home/ec2-user/environment/lab4_model_training/venv/lib64/python3.12/site-packages/airflow/example_dags/example_task_group.py
[2026-03-12T01:21:46.542+0000] {processor.py:925} INFO - DAG(s) 'example_task_group' retrieved from /home/ec2-user/environment/lab4_model_training/venv/lib64/python3.12/site-packages/airflow/example_dags/example_task_group.py
[2026-03-12T01:21:46.563+0000] {logging_mixin.py:190} INFO - [2026-03-12T01:21:46.563+0000] {dag.py:3239} INFO - Sync 1 DAGs
[2026-03-12T01:21:46.579+0000] {logging_mixin.py:190} INFO - [2026-03-12T01:21:46.579+0000] {dag.py:4180} INFO - Setting next_dagrun for example_task_group to None, run_after=None
[2026-03-12T01:21:46.603+0000] {processor.py:208} INFO - Processing /home/ec2-user/environment/lab4_model_training/venv/lib64/python3.12/site-packages/airflow/example_dags/example_task_group.py took 0.080 seconds
[2026-03-12T01:22:55.238+0000] {processor.py:186} INFO - Started process (PID=19328) to work on /home/ec2-user/environment/lab4_model_training/venv/lib64/python3.12/site-packages/airflow/example_dags/example_task_group.py
[2026-03-12T01:22:55.239+0000] {processor.py:914} INFO - Processing file /home/ec2-user/environment/lab4_model_training/venv/lib64/python3.12/site-packages/airflow/example_dags/example_task_group.py for tasks to queue
[2026-03-12T01:22:55.241+0000] {logging_mixin.py:190} INFO - [2026-03-12T01:22:55.241+0000] {dagbag.py:588} INFO - Filling up the DagBag from /home/ec2-user/environment/lab4_model_training/venv/lib64/python3.12/site-packages/airflow/example_dags/example_task_group.py
[2026-03-12T01:22:55.251+0000] {processor.py:925} INFO - DAG(s) 'example_task_group' retrieved from /home/ec2-user/environment/lab4_model_training/venv/lib64/python3.12/site-packages/airflow/example_dags/example_task_group.py
[2026-03-12T01:22:55.273+0000] {logging_mixin.py:190} INFO - [2026-03-12T01:22:55.272+0000] {dag.py:3239} INFO - Sync 1 DAGs
[2026-03-12T01:22:55.288+0000] {logging_mixin.py:190} INFO - [2026-03-12T01:22:55.287+0000] {dag.py:4180} INFO - Setting next_dagrun for example_task_group to None, run_after=None
[2026-03-12T01:22:55.311+0000] {processor.py:208} INFO - Processing /home/ec2-user/environment/lab4_model_training/venv/lib64/python3.12/site-packages/airflow/example_dags/example_task_group.py took 0.079 seconds
[2026-03-12T01:24:03.816+0000] {processor.py:186} INFO - Started process (PID=19605) to work on /home/ec2-user/environment/lab4_model_training/venv/lib64/python3.12/site-packages/airflow/example_dags/example_task_group.py
[2026-03-12T01:24:03.818+0000] {processor.py:914} INFO - Processing file /home/ec2-user/environment/lab4_model_training/venv/lib64/python3.12/site-packages/airflow/example_dags/example_task_group.py for tasks to queue
[2026-03-12T01:24:03.821+0000] {logging_mixin.py:190} INFO - [2026-03-12T01:24:03.820+0000] {dagbag.py:588} INFO - Filling up the DagBag from /home/ec2-user/environment/lab4_model_training/venv/lib64/python3.12/site-packages/airflow/example_dags/example_task_group.py
[2026-03-12T01:24:03.833+0000] {processor.py:925} INFO - DAG(s) 'example_task_group' retrieved from /home/ec2-user/environment/lab4_model_training/venv/lib64/python3.12/site-packages/airflow/example_dags/example_task_group.py
[2026-03-12T01:24:03.858+0000] {logging_mixin.py:190} INFO - [2026-03-12T01:24:03.858+0000] {dag.py:3239} INFO - Sync 1 DAGs
[2026-03-12T01:24:04.024+0000] {logging_mixin.py:190} INFO - [2026-03-12T01:24:04.024+0000] {dag.py:4180} INFO - Setting next_dagrun for example_task_group to None, run_after=None
[2026-03-12T01:24:04.048+0000] {processor.py:208} INFO - Processing /home/ec2-user/environment/lab4_model_training/venv/lib64/python3.12/site-packages/airflow/example_dags/example_task_group.py took 0.237 seconds
[2026-03-12T01:25:17.218+0000] {processor.py:186} INFO - Started process (PID=19943) to work on /home/ec2-user/environment/lab4_model_training/venv/lib64/python3.12/site-packages/airflow/example_dags/example_task_group.py
[2026-03-12T01:25:17.219+0000] {processor.py:914} INFO - Processing file /home/ec2-user/environment/lab4_model_training/venv/lib64/python3.12/site-packages/airflow/example_dags/example_task_group.py for tasks to queue
[2026-03-12T01:25:17.221+0000] {logging_mixin.py:190} INFO - [2026-03-12T01:25:17.221+0000] {dagbag.py:588} INFO - Filling up the DagBag from /home/ec2-user/environment/lab4_model_training/venv/lib64/python3.12/site-packages/airflow/example_dags/example_task_group.py
[2026-03-12T01:25:17.231+0000] {processor.py:925} INFO - DAG(s) 'example_task_group' retrieved from /home/ec2-user/environment/lab4_model_training/venv/lib64/python3.12/site-packages/airflow/example_dags/example_task_group.py
[2026-03-12T01:25:17.258+0000] {logging_mixin.py:190} INFO - [2026-03-12T01:25:17.258+0000] {dag.py:3239} INFO - Sync 1 DAGs
[2026-03-12T01:25:17.273+0000] {logging_mixin.py:190} INFO - [2026-03-12T01:25:17.273+0000] {dag.py:4180} INFO - Setting next_dagrun for example_task_group to None, run_after=None
[2026-03-12T01:25:17.296+0000] {processor.py:208} INFO - Processing /home/ec2-user/environment/lab4_model_training/venv/lib64/python3.12/site-packages/airflow/example_dags/example_task_group.py took 0.085 seconds
[2026-03-12T01:26:27.098+0000] {processor.py:186} INFO - Started process (PID=20248) to work on /home/ec2-user/environment/lab4_model_training/venv/lib64/python3.12/site-packages/airflow/example_dags/example_task_group.py
[2026-03-12T01:26:27.099+0000] {processor.py:914} INFO - Processing file /home/ec2-user/environment/lab4_model_training/venv/lib64/python3.12/site-packages/airflow/example_dags/example_task_group.py for tasks to queue
[2026-03-12T01:26:27.102+0000] {logging_mixin.py:190} INFO - [2026-03-12T01:26:27.101+0000] {dagbag.py:588} INFO - Filling up the DagBag from /home/ec2-user/environment/lab4_model_training/venv/lib64/python3.12/site-packages/airflow/example_dags/example_task_group.py
[2026-03-12T01:26:27.112+0000] {processor.py:925} INFO - DAG(s) 'example_task_group' retrieved from /home/ec2-user/environment/lab4_model_training/venv/lib64/python3.12/site-packages/airflow/example_dags/example_task_group.py
[2026-03-12T01:26:27.132+0000] {logging_mixin.py:190} INFO - [2026-03-12T01:26:27.132+0000] {dag.py:3239} INFO - Sync 1 DAGs
[2026-03-12T01:26:27.148+0000] {logging_mixin.py:190} INFO - [2026-03-12T01:26:27.148+0000] {dag.py:4180} INFO - Setting next_dagrun for example_task_group to None, run_after=None
[2026-03-12T01:26:27.172+0000] {processor.py:208} INFO - Processing /home/ec2-user/environment/lab4_model_training/venv/lib64/python3.12/site-packages/airflow/example_dags/example_task_group.py took 0.080 seconds
[2026-03-12T01:27:28.779+0000] {processor.py:186} INFO - Started process (PID=20480) to work on /home/ec2-user/environment/lab4_model_training/venv/lib64/python3.12/site-packages/airflow/example_dags/example_task_group.py
[2026-03-12T01:27:28.781+0000] {processor.py:914} INFO - Processing file /home/ec2-user/environment/lab4_model_training/venv/lib64/python3.12/site-packages/airflow/example_dags/example_task_group.py for tasks to queue
[2026-03-12T01:27:28.783+0000] {logging_mixin.py:190} INFO - [2026-03-12T01:27:28.782+0000] {dagbag.py:588} INFO - Filling up the DagBag from /home/ec2-user/environment/lab4_model_training/venv/lib64/python3.12/site-packages/airflow/example_dags/example_task_group.py
[2026-03-12T01:27:28.793+0000] {processor.py:925} INFO - DAG(s) 'example_task_group' retrieved from /home/ec2-user/environment/lab4_model_training/venv/lib64/python3.12/site-packages/airflow/example_dags/example_task_group.py
[2026-03-12T01:27:28.813+0000] {logging_mixin.py:190} INFO - [2026-03-12T01:27:28.813+0000] {dag.py:3239} INFO - Sync 1 DAGs
[2026-03-12T01:27:28.829+0000] {logging_mixin.py:190} INFO - [2026-03-12T01:27:28.829+0000] {dag.py:4180} INFO - Setting next_dagrun for example_task_group to None, run_after=None
[2026-03-12T01:27:28.851+0000] {processor.py:208} INFO - Processing /home/ec2-user/environment/lab4_model_training/venv/lib64/python3.12/site-packages/airflow/example_dags/example_task_group.py took 0.077 seconds
[2026-03-12T01:28:28.862+0000] {processor.py:186} INFO - Started process (PID=20752) to work on /home/ec2-user/environment/lab4_model_training/venv/lib64/python3.12/site-packages/airflow/example_dags/example_task_group.py
[2026-03-12T01:28:28.863+0000] {processor.py:914} INFO - Processing file /home/ec2-user/environment/lab4_model_training/venv/lib64/python3.12/site-packages/airflow/example_dags/example_task_group.py for tasks to queue
[2026-03-12T01:28:28.865+0000] {logging_mixin.py:190} INFO - [2026-03-12T01:28:28.865+0000] {dagbag.py:588} INFO - Filling up the DagBag from /home/ec2-user/environment/lab4_model_training/venv/lib64/python3.12/site-packages/airflow/example_dags/example_task_group.py
[2026-03-12T01:28:28.876+0000] {processor.py:925} INFO - DAG(s) 'example_task_group' retrieved from /home/ec2-user/environment/lab4_model_training/venv/lib64/python3.12/site-packages/airflow/example_dags/example_task_group.py
[2026-03-12T01:28:28.897+0000] {logging_mixin.py:190} INFO - [2026-03-12T01:28:28.897+0000] {dag.py:3239} INFO - Sync 1 DAGs
[2026-03-12T01:28:28.914+0000] {logging_mixin.py:190} INFO - [2026-03-12T01:28:28.913+0000] {dag.py:4180} INFO - Setting next_dagrun for example_task_group to None, run_after=None
[2026-03-12T01:28:28.938+0000] {processor.py:208} INFO - Processing /home/ec2-user/environment/lab4_model_training/venv/lib64/python3.12/site-packages/airflow/example_dags/example_task_group.py took 0.082 seconds
[2026-03-12T01:29:32.948+0000] {processor.py:186} INFO - Started process (PID=21021) to work on /home/ec2-user/environment/lab4_model_training/venv/lib64/python3.12/site-packages/airflow/example_dags/example_task_group.py
[2026-03-12T01:29:32.949+0000] {processor.py:914} INFO - Processing file /home/ec2-user/environment/lab4_model_training/venv/lib64/python3.12/site-packages/airflow/example_dags/example_task_group.py for tasks to queue
[2026-03-12T01:29:32.951+0000] {logging_mixin.py:190} INFO - [2026-03-12T01:29:32.951+0000] {dagbag.py:588} INFO - Filling up the DagBag from /home/ec2-user/environment/lab4_model_training/venv/lib64/python3.12/site-packages/airflow/example_dags/example_task_group.py
[2026-03-12T01:29:32.961+0000] {processor.py:925} INFO - DAG(s) 'example_task_group' retrieved from /home/ec2-user/environment/lab4_model_training/venv/lib64/python3.12/site-packages/airflow/example_dags/example_task_group.py
[2026-03-12T01:29:32.981+0000] {logging_mixin.py:190} INFO - [2026-03-12T01:29:32.981+0000] {dag.py:3239} INFO - Sync 1 DAGs
[2026-03-12T01:29:32.996+0000] {logging_mixin.py:190} INFO - [2026-03-12T01:29:32.996+0000] {dag.py:4180} INFO - Setting next_dagrun for example_task_group to None, run_after=None
[2026-03-12T01:29:33.022+0000] {processor.py:208} INFO - Processing /home/ec2-user/environment/lab4_model_training/venv/lib64/python3.12/site-packages/airflow/example_dags/example_task_group.py took 0.080 seconds
[2026-03-12T01:30:33.213+0000] {processor.py:186} INFO - Started process (PID=21413) to work on /home/ec2-user/environment/lab4_model_training/venv/lib64/python3.12/site-packages/airflow/example_dags/example_task_group.py
[2026-03-12T01:30:33.214+0000] {processor.py:914} INFO - Processing file /home/ec2-user/environment/lab4_model_training/venv/lib64/python3.12/site-packages/airflow/example_dags/example_task_group.py for tasks to queue
[2026-03-12T01:30:33.217+0000] {logging_mixin.py:190} INFO - [2026-03-12T01:30:33.217+0000] {dagbag.py:588} INFO - Filling up the DagBag from /home/ec2-user/environment/lab4_model_training/venv/lib64/python3.12/site-packages/airflow/example_dags/example_task_group.py
[2026-03-12T01:30:33.229+0000] {processor.py:925} INFO - DAG(s) 'example_task_group' retrieved from /home/ec2-user/environment/lab4_model_training/venv/lib64/python3.12/site-packages/airflow/example_dags/example_task_group.py
[2026-03-12T01:30:33.253+0000] {logging_mixin.py:190} INFO - [2026-03-12T01:30:33.253+0000] {dag.py:3239} INFO - Sync 1 DAGs
[2026-03-12T01:30:33.267+0000] {logging_mixin.py:190} INFO - [2026-03-12T01:30:33.267+0000] {dag.py:4180} INFO - Setting next_dagrun for example_task_group to None, run_after=None
[2026-03-12T01:30:33.289+0000] {processor.py:208} INFO - Processing /home/ec2-user/environment/lab4_model_training/venv/lib64/python3.12/site-packages/airflow/example_dags/example_task_group.py took 0.083 seconds
[2026-03-12T01:31:35.968+0000] {processor.py:186} INFO - Started process (PID=21698) to work on /home/ec2-user/environment/lab4_model_training/venv/lib64/python3.12/site-packages/airflow/example_dags/example_task_group.py
[2026-03-12T01:31:35.969+0000] {processor.py:914} INFO - Processing file /home/ec2-user/environment/lab4_model_training/venv/lib64/python3.12/site-packages/airflow/example_dags/example_task_group.py for tasks to queue
[2026-03-12T01:31:35.973+0000] {logging_mixin.py:190} INFO - [2026-03-12T01:31:35.972+0000] {dagbag.py:588} INFO - Filling up the DagBag from /home/ec2-user/environment/lab4_model_training/venv/lib64/python3.12/site-packages/airflow/example_dags/example_task_group.py
[2026-03-12T01:31:35.984+0000] {processor.py:925} INFO - DAG(s) 'example_task_group' retrieved from /home/ec2-user/environment/lab4_model_training/venv/lib64/python3.12/site-packages/airflow/example_dags/example_task_group.py
[2026-03-12T01:31:36.007+0000] {logging_mixin.py:190} INFO - [2026-03-12T01:31:36.007+0000] {dag.py:3239} INFO - Sync 1 DAGs
[2026-03-12T01:31:36.023+0000] {logging_mixin.py:190} INFO - [2026-03-12T01:31:36.023+0000] {dag.py:4180} INFO - Setting next_dagrun for example_task_group to None, run_after=None
[2026-03-12T01:31:36.047+0000] {processor.py:208} INFO - Processing /home/ec2-user/environment/lab4_model_training/venv/lib64/python3.12/site-packages/airflow/example_dags/example_task_group.py took 0.085 seconds
[2026-03-12T01:32:36.577+0000] {processor.py:186} INFO - Started process (PID=21937) to work on /home/ec2-user/environment/lab4_model_training/venv/lib64/python3.12/site-packages/airflow/example_dags/example_task_group.py
[2026-03-12T01:32:36.578+0000] {processor.py:914} INFO - Processing file /home/ec2-user/environment/lab4_model_training/venv/lib64/python3.12/site-packages/airflow/example_dags/example_task_group.py for tasks to queue
[2026-03-12T01:32:36.581+0000] {logging_mixin.py:190} INFO - [2026-03-12T01:32:36.580+0000] {dagbag.py:588} INFO - Filling up the DagBag from /home/ec2-user/environment/lab4_model_training/venv/lib64/python3.12/site-packages/airflow/example_dags/example_task_group.py
[2026-03-12T01:32:36.592+0000] {processor.py:925} INFO - DAG(s) 'example_task_group' retrieved from /home/ec2-user/environment/lab4_model_training/venv/lib64/python3.12/site-packages/airflow/example_dags/example_task_group.py
[2026-03-12T01:32:36.613+0000] {logging_mixin.py:190} INFO - [2026-03-12T01:32:36.613+0000] {dag.py:3239} INFO - Sync 1 DAGs
[2026-03-12T01:32:36.630+0000] {logging_mixin.py:190} INFO - [2026-03-12T01:32:36.630+0000] {dag.py:4180} INFO - Setting next_dagrun for example_task_group to None, run_after=None
[2026-03-12T01:32:36.654+0000] {processor.py:208} INFO - Processing /home/ec2-user/environment/lab4_model_training/venv/lib64/python3.12/site-packages/airflow/example_dags/example_task_group.py took 0.084 seconds
[2026-03-12T01:33:35.787+0000] {processor.py:186} INFO - Started process (PID=22203) to work on /home/ec2-user/environment/lab4_model_training/venv/lib64/python3.12/site-packages/airflow/example_dags/example_task_group.py
[2026-03-12T01:33:35.788+0000] {processor.py:914} INFO - Processing file /home/ec2-user/environment/lab4_model_training/venv/lib64/python3.12/site-packages/airflow/example_dags/example_task_group.py for tasks to queue
[2026-03-12T01:33:35.791+0000] {logging_mixin.py:190} INFO - [2026-03-12T01:33:35.791+0000] {dagbag.py:588} INFO - Filling up the DagBag from /home/ec2-user/environment/lab4_model_training/venv/lib64/python3.12/site-packages/airflow/example_dags/example_task_group.py
[2026-03-12T01:33:35.802+0000] {processor.py:925} INFO - DAG(s) 'example_task_group' retrieved from /home/ec2-user/environment/lab4_model_training/venv/lib64/python3.12/site-packages/airflow/example_dags/example_task_group.py
[2026-03-12T01:33:35.824+0000] {logging_mixin.py:190} INFO - [2026-03-12T01:33:35.824+0000] {dag.py:3239} INFO - Sync 1 DAGs
[2026-03-12T01:33:35.839+0000] {logging_mixin.py:190} INFO - [2026-03-12T01:33:35.839+0000] {dag.py:4180} INFO - Setting next_dagrun for example_task_group to None, run_after=None
[2026-03-12T01:33:35.862+0000] {processor.py:208} INFO - Processing /home/ec2-user/environment/lab4_model_training/venv/lib64/python3.12/site-packages/airflow/example_dags/example_task_group.py took 0.080 seconds
