[2026-03-12T00:34:47.223+0000] {processor.py:186} INFO - Started process (PID=6662) to work on /home/ec2-user/environment/lab4_model_training/venv/lib64/python3.12/site-packages/airflow/example_dags/example_skip_dag.py
[2026-03-12T00:34:47.224+0000] {processor.py:914} INFO - Processing file /home/ec2-user/environment/lab4_model_training/venv/lib64/python3.12/site-packages/airflow/example_dags/example_skip_dag.py for tasks to queue
[2026-03-12T00:34:47.226+0000] {logging_mixin.py:190} INFO - [2026-03-12T00:34:47.226+0000] {dagbag.py:588} INFO - Filling up the DagBag from /home/ec2-user/environment/lab4_model_training/venv/lib64/python3.12/site-packages/airflow/example_dags/example_skip_dag.py
[2026-03-12T00:34:47.236+0000] {processor.py:925} INFO - DAG(s) 'example_skip_dag' retrieved from /home/ec2-user/environment/lab4_model_training/venv/lib64/python3.12/site-packages/airflow/example_dags/example_skip_dag.py
[2026-03-12T00:34:47.341+0000] {logging_mixin.py:190} INFO - [2026-03-12T00:34:47.340+0000] {override.py:1930} INFO - Created Permission View: can delete on DAG:example_skip_dag
[2026-03-12T00:34:47.354+0000] {logging_mixin.py:190} INFO - [2026-03-12T00:34:47.354+0000] {override.py:1930} INFO - Created Permission View: can edit on DAG:example_skip_dag
[2026-03-12T00:34:47.367+0000] {logging_mixin.py:190} INFO - [2026-03-12T00:34:47.366+0000] {override.py:1930} INFO - Created Permission View: can read on DAG:example_skip_dag
[2026-03-12T00:34:47.384+0000] {logging_mixin.py:190} INFO - [2026-03-12T00:34:47.384+0000] {override.py:1930} INFO - Created Permission View: menu access on DAG Run:example_skip_dag
[2026-03-12T00:34:47.392+0000] {logging_mixin.py:190} INFO - [2026-03-12T00:34:47.392+0000] {override.py:1930} INFO - Created Permission View: can create on DAG Run:example_skip_dag
[2026-03-12T00:34:47.403+0000] {logging_mixin.py:190} INFO - [2026-03-12T00:34:47.403+0000] {override.py:1930} INFO - Created Permission View: can delete on DAG Run:example_skip_dag
[2026-03-12T00:34:47.414+0000] {logging_mixin.py:190} INFO - [2026-03-12T00:34:47.414+0000] {override.py:1930} INFO - Created Permission View: can read on DAG Run:example_skip_dag
[2026-03-12T00:34:47.415+0000] {logging_mixin.py:190} INFO - [2026-03-12T00:34:47.414+0000] {dag.py:3239} INFO - Sync 1 DAGs
[2026-03-12T00:34:47.432+0000] {logging_mixin.py:190} INFO - [2026-03-12T00:34:47.432+0000] {dag.py:3262} INFO - Creating ORM DAG for example_skip_dag
[2026-03-12T00:34:47.443+0000] {logging_mixin.py:190} INFO - [2026-03-12T00:34:47.443+0000] {dag.py:4180} INFO - Setting next_dagrun for example_skip_dag to 2026-03-11 00:00:00+00:00, run_after=2026-03-12 00:00:00+00:00
[2026-03-12T00:34:47.463+0000] {processor.py:208} INFO - Processing /home/ec2-user/environment/lab4_model_training/venv/lib64/python3.12/site-packages/airflow/example_dags/example_skip_dag.py took 0.246 seconds
[2026-03-12T00:35:36.498+0000] {processor.py:186} INFO - Started process (PID=6864) to work on /home/ec2-user/environment/lab4_model_training/venv/lib64/python3.12/site-packages/airflow/example_dags/example_skip_dag.py
[2026-03-12T00:35:36.499+0000] {processor.py:914} INFO - Processing file /home/ec2-user/environment/lab4_model_training/venv/lib64/python3.12/site-packages/airflow/example_dags/example_skip_dag.py for tasks to queue
[2026-03-12T00:35:36.502+0000] {logging_mixin.py:190} INFO - [2026-03-12T00:35:36.502+0000] {dagbag.py:588} INFO - Filling up the DagBag from /home/ec2-user/environment/lab4_model_training/venv/lib64/python3.12/site-packages/airflow/example_dags/example_skip_dag.py
[2026-03-12T00:35:36.512+0000] {processor.py:925} INFO - DAG(s) 'example_skip_dag' retrieved from /home/ec2-user/environment/lab4_model_training/venv/lib64/python3.12/site-packages/airflow/example_dags/example_skip_dag.py
[2026-03-12T00:35:36.535+0000] {logging_mixin.py:190} INFO - [2026-03-12T00:35:36.534+0000] {dag.py:3239} INFO - Sync 1 DAGs
[2026-03-12T00:35:36.554+0000] {logging_mixin.py:190} INFO - [2026-03-12T00:35:36.554+0000] {dag.py:4180} INFO - Setting next_dagrun for example_skip_dag to 2026-03-11 00:00:00+00:00, run_after=2026-03-12 00:00:00+00:00
[2026-03-12T00:35:36.577+0000] {processor.py:208} INFO - Processing /home/ec2-user/environment/lab4_model_training/venv/lib64/python3.12/site-packages/airflow/example_dags/example_skip_dag.py took 0.084 seconds
[2026-03-12T00:36:38.941+0000] {processor.py:186} INFO - Started process (PID=7167) to work on /home/ec2-user/environment/lab4_model_training/venv/lib64/python3.12/site-packages/airflow/example_dags/example_skip_dag.py
[2026-03-12T00:36:38.963+0000] {processor.py:914} INFO - Processing file /home/ec2-user/environment/lab4_model_training/venv/lib64/python3.12/site-packages/airflow/example_dags/example_skip_dag.py for tasks to queue
[2026-03-12T00:36:38.966+0000] {logging_mixin.py:190} INFO - [2026-03-12T00:36:38.966+0000] {dagbag.py:588} INFO - Filling up the DagBag from /home/ec2-user/environment/lab4_model_training/venv/lib64/python3.12/site-packages/airflow/example_dags/example_skip_dag.py
[2026-03-12T00:36:38.995+0000] {processor.py:925} INFO - DAG(s) 'example_skip_dag' retrieved from /home/ec2-user/environment/lab4_model_training/venv/lib64/python3.12/site-packages/airflow/example_dags/example_skip_dag.py
[2026-03-12T00:36:39.051+0000] {logging_mixin.py:190} INFO - [2026-03-12T00:36:39.051+0000] {dag.py:3239} INFO - Sync 1 DAGs
[2026-03-12T00:36:39.131+0000] {logging_mixin.py:190} INFO - [2026-03-12T00:36:39.131+0000] {dag.py:4180} INFO - Setting next_dagrun for example_skip_dag to 2026-03-11 00:00:00+00:00, run_after=2026-03-12 00:00:00+00:00
[2026-03-12T00:36:39.206+0000] {processor.py:208} INFO - Processing /home/ec2-user/environment/lab4_model_training/venv/lib64/python3.12/site-packages/airflow/example_dags/example_skip_dag.py took 0.270 seconds
[2026-03-12T00:38:12.964+0000] {processor.py:186} INFO - Started process (PID=7488) to work on /home/ec2-user/environment/lab4_model_training/venv/lib64/python3.12/site-packages/airflow/example_dags/example_skip_dag.py
[2026-03-12T00:38:12.972+0000] {processor.py:914} INFO - Processing file /home/ec2-user/environment/lab4_model_training/venv/lib64/python3.12/site-packages/airflow/example_dags/example_skip_dag.py for tasks to queue
[2026-03-12T00:38:12.976+0000] {logging_mixin.py:190} INFO - [2026-03-12T00:38:12.976+0000] {dagbag.py:588} INFO - Filling up the DagBag from /home/ec2-user/environment/lab4_model_training/venv/lib64/python3.12/site-packages/airflow/example_dags/example_skip_dag.py
[2026-03-12T00:38:12.996+0000] {processor.py:925} INFO - DAG(s) 'example_skip_dag' retrieved from /home/ec2-user/environment/lab4_model_training/venv/lib64/python3.12/site-packages/airflow/example_dags/example_skip_dag.py
[2026-03-12T00:38:13.038+0000] {logging_mixin.py:190} INFO - [2026-03-12T00:38:13.038+0000] {dag.py:3239} INFO - Sync 1 DAGs
[2026-03-12T00:38:13.101+0000] {logging_mixin.py:190} INFO - [2026-03-12T00:38:13.101+0000] {dag.py:4180} INFO - Setting next_dagrun for example_skip_dag to 2026-03-11 00:00:00+00:00, run_after=2026-03-12 00:00:00+00:00
[2026-03-12T00:38:13.169+0000] {processor.py:208} INFO - Processing /home/ec2-user/environment/lab4_model_training/venv/lib64/python3.12/site-packages/airflow/example_dags/example_skip_dag.py took 0.210 seconds
[2026-03-12T00:39:09.239+0000] {processor.py:186} INFO - Started process (PID=7726) to work on /home/ec2-user/environment/lab4_model_training/venv/lib64/python3.12/site-packages/airflow/example_dags/example_skip_dag.py
[2026-03-12T00:39:09.241+0000] {processor.py:914} INFO - Processing file /home/ec2-user/environment/lab4_model_training/venv/lib64/python3.12/site-packages/airflow/example_dags/example_skip_dag.py for tasks to queue
[2026-03-12T00:39:09.243+0000] {logging_mixin.py:190} INFO - [2026-03-12T00:39:09.243+0000] {dagbag.py:588} INFO - Filling up the DagBag from /home/ec2-user/environment/lab4_model_training/venv/lib64/python3.12/site-packages/airflow/example_dags/example_skip_dag.py
[2026-03-12T00:39:09.253+0000] {processor.py:925} INFO - DAG(s) 'example_skip_dag' retrieved from /home/ec2-user/environment/lab4_model_training/venv/lib64/python3.12/site-packages/airflow/example_dags/example_skip_dag.py
[2026-03-12T00:39:09.276+0000] {logging_mixin.py:190} INFO - [2026-03-12T00:39:09.276+0000] {dag.py:3239} INFO - Sync 1 DAGs
[2026-03-12T00:39:09.300+0000] {logging_mixin.py:190} INFO - [2026-03-12T00:39:09.300+0000] {dag.py:4180} INFO - Setting next_dagrun for example_skip_dag to 2026-03-11 00:00:00+00:00, run_after=2026-03-12 00:00:00+00:00
[2026-03-12T00:39:09.324+0000] {processor.py:208} INFO - Processing /home/ec2-user/environment/lab4_model_training/venv/lib64/python3.12/site-packages/airflow/example_dags/example_skip_dag.py took 0.090 seconds
[2026-03-12T00:40:15.252+0000] {processor.py:186} INFO - Started process (PID=8023) to work on /home/ec2-user/environment/lab4_model_training/venv/lib64/python3.12/site-packages/airflow/example_dags/example_skip_dag.py
[2026-03-12T00:40:15.253+0000] {processor.py:914} INFO - Processing file /home/ec2-user/environment/lab4_model_training/venv/lib64/python3.12/site-packages/airflow/example_dags/example_skip_dag.py for tasks to queue
[2026-03-12T00:40:15.257+0000] {logging_mixin.py:190} INFO - [2026-03-12T00:40:15.257+0000] {dagbag.py:588} INFO - Filling up the DagBag from /home/ec2-user/environment/lab4_model_training/venv/lib64/python3.12/site-packages/airflow/example_dags/example_skip_dag.py
[2026-03-12T00:40:15.267+0000] {processor.py:925} INFO - DAG(s) 'example_skip_dag' retrieved from /home/ec2-user/environment/lab4_model_training/venv/lib64/python3.12/site-packages/airflow/example_dags/example_skip_dag.py
[2026-03-12T00:40:15.291+0000] {logging_mixin.py:190} INFO - [2026-03-12T00:40:15.291+0000] {dag.py:3239} INFO - Sync 1 DAGs
[2026-03-12T00:40:15.314+0000] {logging_mixin.py:190} INFO - [2026-03-12T00:40:15.314+0000] {dag.py:4180} INFO - Setting next_dagrun for example_skip_dag to 2026-03-11 00:00:00+00:00, run_after=2026-03-12 00:00:00+00:00
[2026-03-12T00:40:15.337+0000] {processor.py:208} INFO - Processing /home/ec2-user/environment/lab4_model_training/venv/lib64/python3.12/site-packages/airflow/example_dags/example_skip_dag.py took 0.089 seconds
[2026-03-12T00:41:15.439+0000] {processor.py:186} INFO - Started process (PID=8307) to work on /home/ec2-user/environment/lab4_model_training/venv/lib64/python3.12/site-packages/airflow/example_dags/example_skip_dag.py
[2026-03-12T00:41:15.440+0000] {processor.py:914} INFO - Processing file /home/ec2-user/environment/lab4_model_training/venv/lib64/python3.12/site-packages/airflow/example_dags/example_skip_dag.py for tasks to queue
[2026-03-12T00:41:15.444+0000] {logging_mixin.py:190} INFO - [2026-03-12T00:41:15.443+0000] {dagbag.py:588} INFO - Filling up the DagBag from /home/ec2-user/environment/lab4_model_training/venv/lib64/python3.12/site-packages/airflow/example_dags/example_skip_dag.py
[2026-03-12T00:41:15.453+0000] {processor.py:925} INFO - DAG(s) 'example_skip_dag' retrieved from /home/ec2-user/environment/lab4_model_training/venv/lib64/python3.12/site-packages/airflow/example_dags/example_skip_dag.py
[2026-03-12T00:41:15.475+0000] {logging_mixin.py:190} INFO - [2026-03-12T00:41:15.475+0000] {dag.py:3239} INFO - Sync 1 DAGs
[2026-03-12T00:41:15.502+0000] {logging_mixin.py:190} INFO - [2026-03-12T00:41:15.502+0000] {dag.py:4180} INFO - Setting next_dagrun for example_skip_dag to 2026-03-11 00:00:00+00:00, run_after=2026-03-12 00:00:00+00:00
[2026-03-12T00:41:15.525+0000] {processor.py:208} INFO - Processing /home/ec2-user/environment/lab4_model_training/venv/lib64/python3.12/site-packages/airflow/example_dags/example_skip_dag.py took 0.091 seconds
[2026-03-12T00:42:18.356+0000] {processor.py:186} INFO - Started process (PID=8556) to work on /home/ec2-user/environment/lab4_model_training/venv/lib64/python3.12/site-packages/airflow/example_dags/example_skip_dag.py
[2026-03-12T00:42:18.357+0000] {processor.py:914} INFO - Processing file /home/ec2-user/environment/lab4_model_training/venv/lib64/python3.12/site-packages/airflow/example_dags/example_skip_dag.py for tasks to queue
[2026-03-12T00:42:18.361+0000] {logging_mixin.py:190} INFO - [2026-03-12T00:42:18.361+0000] {dagbag.py:588} INFO - Filling up the DagBag from /home/ec2-user/environment/lab4_model_training/venv/lib64/python3.12/site-packages/airflow/example_dags/example_skip_dag.py
[2026-03-12T00:42:18.371+0000] {processor.py:925} INFO - DAG(s) 'example_skip_dag' retrieved from /home/ec2-user/environment/lab4_model_training/venv/lib64/python3.12/site-packages/airflow/example_dags/example_skip_dag.py
[2026-03-12T00:42:18.392+0000] {logging_mixin.py:190} INFO - [2026-03-12T00:42:18.392+0000] {dag.py:3239} INFO - Sync 1 DAGs
[2026-03-12T00:42:18.418+0000] {logging_mixin.py:190} INFO - [2026-03-12T00:42:18.418+0000] {dag.py:4180} INFO - Setting next_dagrun for example_skip_dag to 2026-03-11 00:00:00+00:00, run_after=2026-03-12 00:00:00+00:00
[2026-03-12T00:42:18.441+0000] {processor.py:208} INFO - Processing /home/ec2-user/environment/lab4_model_training/venv/lib64/python3.12/site-packages/airflow/example_dags/example_skip_dag.py took 0.089 seconds
[2026-03-12T00:43:16.909+0000] {processor.py:186} INFO - Started process (PID=8832) to work on /home/ec2-user/environment/lab4_model_training/venv/lib64/python3.12/site-packages/airflow/example_dags/example_skip_dag.py
[2026-03-12T00:43:16.910+0000] {processor.py:914} INFO - Processing file /home/ec2-user/environment/lab4_model_training/venv/lib64/python3.12/site-packages/airflow/example_dags/example_skip_dag.py for tasks to queue
[2026-03-12T00:43:16.914+0000] {logging_mixin.py:190} INFO - [2026-03-12T00:43:16.913+0000] {dagbag.py:588} INFO - Filling up the DagBag from /home/ec2-user/environment/lab4_model_training/venv/lib64/python3.12/site-packages/airflow/example_dags/example_skip_dag.py
[2026-03-12T00:43:16.923+0000] {processor.py:925} INFO - DAG(s) 'example_skip_dag' retrieved from /home/ec2-user/environment/lab4_model_training/venv/lib64/python3.12/site-packages/airflow/example_dags/example_skip_dag.py
[2026-03-12T00:43:16.947+0000] {logging_mixin.py:190} INFO - [2026-03-12T00:43:16.947+0000] {dag.py:3239} INFO - Sync 1 DAGs
[2026-03-12T00:43:16.968+0000] {logging_mixin.py:190} INFO - [2026-03-12T00:43:16.968+0000] {dag.py:4180} INFO - Setting next_dagrun for example_skip_dag to 2026-03-11 00:00:00+00:00, run_after=2026-03-12 00:00:00+00:00
[2026-03-12T00:43:16.991+0000] {processor.py:208} INFO - Processing /home/ec2-user/environment/lab4_model_training/venv/lib64/python3.12/site-packages/airflow/example_dags/example_skip_dag.py took 0.087 seconds
[2026-03-12T00:44:22.220+0000] {processor.py:186} INFO - Started process (PID=9166) to work on /home/ec2-user/environment/lab4_model_training/venv/lib64/python3.12/site-packages/airflow/example_dags/example_skip_dag.py
[2026-03-12T00:44:22.222+0000] {processor.py:914} INFO - Processing file /home/ec2-user/environment/lab4_model_training/venv/lib64/python3.12/site-packages/airflow/example_dags/example_skip_dag.py for tasks to queue
[2026-03-12T00:44:22.225+0000] {logging_mixin.py:190} INFO - [2026-03-12T00:44:22.225+0000] {dagbag.py:588} INFO - Filling up the DagBag from /home/ec2-user/environment/lab4_model_training/venv/lib64/python3.12/site-packages/airflow/example_dags/example_skip_dag.py
[2026-03-12T00:44:22.235+0000] {processor.py:925} INFO - DAG(s) 'example_skip_dag' retrieved from /home/ec2-user/environment/lab4_model_training/venv/lib64/python3.12/site-packages/airflow/example_dags/example_skip_dag.py
[2026-03-12T00:44:22.258+0000] {logging_mixin.py:190} INFO - [2026-03-12T00:44:22.257+0000] {dag.py:3239} INFO - Sync 1 DAGs
[2026-03-12T00:44:22.279+0000] {logging_mixin.py:190} INFO - [2026-03-12T00:44:22.279+0000] {dag.py:4180} INFO - Setting next_dagrun for example_skip_dag to 2026-03-11 00:00:00+00:00, run_after=2026-03-12 00:00:00+00:00
[2026-03-12T00:44:22.303+0000] {processor.py:208} INFO - Processing /home/ec2-user/environment/lab4_model_training/venv/lib64/python3.12/site-packages/airflow/example_dags/example_skip_dag.py took 0.087 seconds
[2026-03-12T00:46:09.946+0000] {processor.py:186} INFO - Started process (PID=9635) to work on /home/ec2-user/environment/lab4_model_training/venv/lib64/python3.12/site-packages/airflow/example_dags/example_skip_dag.py
[2026-03-12T00:46:09.947+0000] {processor.py:914} INFO - Processing file /home/ec2-user/environment/lab4_model_training/venv/lib64/python3.12/site-packages/airflow/example_dags/example_skip_dag.py for tasks to queue
[2026-03-12T00:46:09.950+0000] {logging_mixin.py:190} INFO - [2026-03-12T00:46:09.949+0000] {dagbag.py:588} INFO - Filling up the DagBag from /home/ec2-user/environment/lab4_model_training/venv/lib64/python3.12/site-packages/airflow/example_dags/example_skip_dag.py
[2026-03-12T00:46:09.959+0000] {processor.py:925} INFO - DAG(s) 'example_skip_dag' retrieved from /home/ec2-user/environment/lab4_model_training/venv/lib64/python3.12/site-packages/airflow/example_dags/example_skip_dag.py
[2026-03-12T00:46:09.984+0000] {logging_mixin.py:190} INFO - [2026-03-12T00:46:09.984+0000] {dag.py:3239} INFO - Sync 1 DAGs
[2026-03-12T00:46:10.020+0000] {logging_mixin.py:190} INFO - [2026-03-12T00:46:10.020+0000] {dag.py:4180} INFO - Setting next_dagrun for example_skip_dag to 2026-03-11 00:00:00+00:00, run_after=2026-03-12 00:00:00+00:00
[2026-03-12T00:46:10.044+0000] {processor.py:208} INFO - Processing /home/ec2-user/environment/lab4_model_training/venv/lib64/python3.12/site-packages/airflow/example_dags/example_skip_dag.py took 0.103 seconds
[2026-03-12T00:47:51.151+0000] {processor.py:186} INFO - Started process (PID=10066) to work on /home/ec2-user/environment/lab4_model_training/venv/lib64/python3.12/site-packages/airflow/example_dags/example_skip_dag.py
[2026-03-12T00:47:51.153+0000] {processor.py:914} INFO - Processing file /home/ec2-user/environment/lab4_model_training/venv/lib64/python3.12/site-packages/airflow/example_dags/example_skip_dag.py for tasks to queue
[2026-03-12T00:47:51.155+0000] {logging_mixin.py:190} INFO - [2026-03-12T00:47:51.155+0000] {dagbag.py:588} INFO - Filling up the DagBag from /home/ec2-user/environment/lab4_model_training/venv/lib64/python3.12/site-packages/airflow/example_dags/example_skip_dag.py
[2026-03-12T00:47:51.165+0000] {processor.py:925} INFO - DAG(s) 'example_skip_dag' retrieved from /home/ec2-user/environment/lab4_model_training/venv/lib64/python3.12/site-packages/airflow/example_dags/example_skip_dag.py
[2026-03-12T00:47:51.193+0000] {logging_mixin.py:190} INFO - [2026-03-12T00:47:51.193+0000] {dag.py:3239} INFO - Sync 1 DAGs
[2026-03-12T00:47:51.236+0000] {logging_mixin.py:190} INFO - [2026-03-12T00:47:51.235+0000] {dag.py:4180} INFO - Setting next_dagrun for example_skip_dag to 2026-03-11 00:00:00+00:00, run_after=2026-03-12 00:00:00+00:00
[2026-03-12T00:47:51.375+0000] {processor.py:208} INFO - Processing /home/ec2-user/environment/lab4_model_training/venv/lib64/python3.12/site-packages/airflow/example_dags/example_skip_dag.py took 0.230 seconds
[2026-03-12T00:48:55.589+0000] {processor.py:186} INFO - Started process (PID=10309) to work on /home/ec2-user/environment/lab4_model_training/venv/lib64/python3.12/site-packages/airflow/example_dags/example_skip_dag.py
[2026-03-12T00:48:55.590+0000] {processor.py:914} INFO - Processing file /home/ec2-user/environment/lab4_model_training/venv/lib64/python3.12/site-packages/airflow/example_dags/example_skip_dag.py for tasks to queue
[2026-03-12T00:48:55.593+0000] {logging_mixin.py:190} INFO - [2026-03-12T00:48:55.592+0000] {dagbag.py:588} INFO - Filling up the DagBag from /home/ec2-user/environment/lab4_model_training/venv/lib64/python3.12/site-packages/airflow/example_dags/example_skip_dag.py
[2026-03-12T00:48:55.601+0000] {processor.py:925} INFO - DAG(s) 'example_skip_dag' retrieved from /home/ec2-user/environment/lab4_model_training/venv/lib64/python3.12/site-packages/airflow/example_dags/example_skip_dag.py
[2026-03-12T00:48:55.622+0000] {logging_mixin.py:190} INFO - [2026-03-12T00:48:55.622+0000] {dag.py:3239} INFO - Sync 1 DAGs
[2026-03-12T00:48:55.645+0000] {logging_mixin.py:190} INFO - [2026-03-12T00:48:55.645+0000] {dag.py:4180} INFO - Setting next_dagrun for example_skip_dag to 2026-03-11 00:00:00+00:00, run_after=2026-03-12 00:00:00+00:00
[2026-03-12T00:48:55.667+0000] {processor.py:208} INFO - Processing /home/ec2-user/environment/lab4_model_training/venv/lib64/python3.12/site-packages/airflow/example_dags/example_skip_dag.py took 0.082 seconds
[2026-03-12T00:50:01.204+0000] {processor.py:186} INFO - Started process (PID=10655) to work on /home/ec2-user/environment/lab4_model_training/venv/lib64/python3.12/site-packages/airflow/example_dags/example_skip_dag.py
[2026-03-12T00:50:01.205+0000] {processor.py:914} INFO - Processing file /home/ec2-user/environment/lab4_model_training/venv/lib64/python3.12/site-packages/airflow/example_dags/example_skip_dag.py for tasks to queue
[2026-03-12T00:50:01.209+0000] {logging_mixin.py:190} INFO - [2026-03-12T00:50:01.208+0000] {dagbag.py:588} INFO - Filling up the DagBag from /home/ec2-user/environment/lab4_model_training/venv/lib64/python3.12/site-packages/airflow/example_dags/example_skip_dag.py
[2026-03-12T00:50:01.218+0000] {processor.py:925} INFO - DAG(s) 'example_skip_dag' retrieved from /home/ec2-user/environment/lab4_model_training/venv/lib64/python3.12/site-packages/airflow/example_dags/example_skip_dag.py
[2026-03-12T00:50:01.242+0000] {logging_mixin.py:190} INFO - [2026-03-12T00:50:01.241+0000] {dag.py:3239} INFO - Sync 1 DAGs
[2026-03-12T00:50:01.263+0000] {logging_mixin.py:190} INFO - [2026-03-12T00:50:01.263+0000] {dag.py:4180} INFO - Setting next_dagrun for example_skip_dag to 2026-03-11 00:00:00+00:00, run_after=2026-03-12 00:00:00+00:00
[2026-03-12T00:50:01.289+0000] {processor.py:208} INFO - Processing /home/ec2-user/environment/lab4_model_training/venv/lib64/python3.12/site-packages/airflow/example_dags/example_skip_dag.py took 0.090 seconds
[2026-03-12T00:51:03.178+0000] {processor.py:186} INFO - Started process (PID=10956) to work on /home/ec2-user/environment/lab4_model_training/venv/lib64/python3.12/site-packages/airflow/example_dags/example_skip_dag.py
[2026-03-12T00:51:03.179+0000] {processor.py:914} INFO - Processing file /home/ec2-user/environment/lab4_model_training/venv/lib64/python3.12/site-packages/airflow/example_dags/example_skip_dag.py for tasks to queue
[2026-03-12T00:51:03.182+0000] {logging_mixin.py:190} INFO - [2026-03-12T00:51:03.181+0000] {dagbag.py:588} INFO - Filling up the DagBag from /home/ec2-user/environment/lab4_model_training/venv/lib64/python3.12/site-packages/airflow/example_dags/example_skip_dag.py
[2026-03-12T00:51:03.191+0000] {processor.py:925} INFO - DAG(s) 'example_skip_dag' retrieved from /home/ec2-user/environment/lab4_model_training/venv/lib64/python3.12/site-packages/airflow/example_dags/example_skip_dag.py
[2026-03-12T00:51:03.212+0000] {logging_mixin.py:190} INFO - [2026-03-12T00:51:03.212+0000] {dag.py:3239} INFO - Sync 1 DAGs
[2026-03-12T00:51:03.237+0000] {logging_mixin.py:190} INFO - [2026-03-12T00:51:03.237+0000] {dag.py:4180} INFO - Setting next_dagrun for example_skip_dag to 2026-03-11 00:00:00+00:00, run_after=2026-03-12 00:00:00+00:00
[2026-03-12T00:51:03.261+0000] {processor.py:208} INFO - Processing /home/ec2-user/environment/lab4_model_training/venv/lib64/python3.12/site-packages/airflow/example_dags/example_skip_dag.py took 0.088 seconds
[2026-03-12T00:52:03.183+0000] {processor.py:186} INFO - Started process (PID=11213) to work on /home/ec2-user/environment/lab4_model_training/venv/lib64/python3.12/site-packages/airflow/example_dags/example_skip_dag.py
[2026-03-12T00:52:03.184+0000] {processor.py:914} INFO - Processing file /home/ec2-user/environment/lab4_model_training/venv/lib64/python3.12/site-packages/airflow/example_dags/example_skip_dag.py for tasks to queue
[2026-03-12T00:52:03.186+0000] {logging_mixin.py:190} INFO - [2026-03-12T00:52:03.186+0000] {dagbag.py:588} INFO - Filling up the DagBag from /home/ec2-user/environment/lab4_model_training/venv/lib64/python3.12/site-packages/airflow/example_dags/example_skip_dag.py
[2026-03-12T00:52:03.195+0000] {processor.py:925} INFO - DAG(s) 'example_skip_dag' retrieved from /home/ec2-user/environment/lab4_model_training/venv/lib64/python3.12/site-packages/airflow/example_dags/example_skip_dag.py
[2026-03-12T00:52:03.217+0000] {logging_mixin.py:190} INFO - [2026-03-12T00:52:03.216+0000] {dag.py:3239} INFO - Sync 1 DAGs
[2026-03-12T00:52:03.240+0000] {logging_mixin.py:190} INFO - [2026-03-12T00:52:03.240+0000] {dag.py:4180} INFO - Setting next_dagrun for example_skip_dag to 2026-03-11 00:00:00+00:00, run_after=2026-03-12 00:00:00+00:00
[2026-03-12T00:52:03.263+0000] {processor.py:208} INFO - Processing /home/ec2-user/environment/lab4_model_training/venv/lib64/python3.12/site-packages/airflow/example_dags/example_skip_dag.py took 0.085 seconds
[2026-03-12T00:53:03.573+0000] {processor.py:186} INFO - Started process (PID=11514) to work on /home/ec2-user/environment/lab4_model_training/venv/lib64/python3.12/site-packages/airflow/example_dags/example_skip_dag.py
[2026-03-12T00:53:03.575+0000] {processor.py:914} INFO - Processing file /home/ec2-user/environment/lab4_model_training/venv/lib64/python3.12/site-packages/airflow/example_dags/example_skip_dag.py for tasks to queue
[2026-03-12T00:53:03.578+0000] {logging_mixin.py:190} INFO - [2026-03-12T00:53:03.577+0000] {dagbag.py:588} INFO - Filling up the DagBag from /home/ec2-user/environment/lab4_model_training/venv/lib64/python3.12/site-packages/airflow/example_dags/example_skip_dag.py
[2026-03-12T00:53:03.589+0000] {processor.py:925} INFO - DAG(s) 'example_skip_dag' retrieved from /home/ec2-user/environment/lab4_model_training/venv/lib64/python3.12/site-packages/airflow/example_dags/example_skip_dag.py
[2026-03-12T00:53:03.614+0000] {logging_mixin.py:190} INFO - [2026-03-12T00:53:03.613+0000] {dag.py:3239} INFO - Sync 1 DAGs
[2026-03-12T00:53:03.637+0000] {logging_mixin.py:190} INFO - [2026-03-12T00:53:03.637+0000] {dag.py:4180} INFO - Setting next_dagrun for example_skip_dag to 2026-03-11 00:00:00+00:00, run_after=2026-03-12 00:00:00+00:00
[2026-03-12T00:53:03.661+0000] {processor.py:208} INFO - Processing /home/ec2-user/environment/lab4_model_training/venv/lib64/python3.12/site-packages/airflow/example_dags/example_skip_dag.py took 0.093 seconds
[2026-03-12T00:54:03.862+0000] {processor.py:186} INFO - Started process (PID=11737) to work on /home/ec2-user/environment/lab4_model_training/venv/lib64/python3.12/site-packages/airflow/example_dags/example_skip_dag.py
[2026-03-12T00:54:03.863+0000] {processor.py:914} INFO - Processing file /home/ec2-user/environment/lab4_model_training/venv/lib64/python3.12/site-packages/airflow/example_dags/example_skip_dag.py for tasks to queue
[2026-03-12T00:54:03.866+0000] {logging_mixin.py:190} INFO - [2026-03-12T00:54:03.866+0000] {dagbag.py:588} INFO - Filling up the DagBag from /home/ec2-user/environment/lab4_model_training/venv/lib64/python3.12/site-packages/airflow/example_dags/example_skip_dag.py
[2026-03-12T00:54:03.876+0000] {processor.py:925} INFO - DAG(s) 'example_skip_dag' retrieved from /home/ec2-user/environment/lab4_model_training/venv/lib64/python3.12/site-packages/airflow/example_dags/example_skip_dag.py
[2026-03-12T00:54:03.898+0000] {logging_mixin.py:190} INFO - [2026-03-12T00:54:03.898+0000] {dag.py:3239} INFO - Sync 1 DAGs
[2026-03-12T00:54:03.922+0000] {logging_mixin.py:190} INFO - [2026-03-12T00:54:03.922+0000] {dag.py:4180} INFO - Setting next_dagrun for example_skip_dag to 2026-03-11 00:00:00+00:00, run_after=2026-03-12 00:00:00+00:00
[2026-03-12T00:54:03.946+0000] {processor.py:208} INFO - Processing /home/ec2-user/environment/lab4_model_training/venv/lib64/python3.12/site-packages/airflow/example_dags/example_skip_dag.py took 0.090 seconds
[2026-03-12T00:55:03.908+0000] {processor.py:186} INFO - Started process (PID=12021) to work on /home/ec2-user/environment/lab4_model_training/venv/lib64/python3.12/site-packages/airflow/example_dags/example_skip_dag.py
[2026-03-12T00:55:03.909+0000] {processor.py:914} INFO - Processing file /home/ec2-user/environment/lab4_model_training/venv/lib64/python3.12/site-packages/airflow/example_dags/example_skip_dag.py for tasks to queue
[2026-03-12T00:55:03.911+0000] {logging_mixin.py:190} INFO - [2026-03-12T00:55:03.911+0000] {dagbag.py:588} INFO - Filling up the DagBag from /home/ec2-user/environment/lab4_model_training/venv/lib64/python3.12/site-packages/airflow/example_dags/example_skip_dag.py
[2026-03-12T00:55:03.920+0000] {processor.py:925} INFO - DAG(s) 'example_skip_dag' retrieved from /home/ec2-user/environment/lab4_model_training/venv/lib64/python3.12/site-packages/airflow/example_dags/example_skip_dag.py
[2026-03-12T00:55:03.941+0000] {logging_mixin.py:190} INFO - [2026-03-12T00:55:03.941+0000] {dag.py:3239} INFO - Sync 1 DAGs
[2026-03-12T00:55:03.968+0000] {logging_mixin.py:190} INFO - [2026-03-12T00:55:03.967+0000] {dag.py:4180} INFO - Setting next_dagrun for example_skip_dag to 2026-03-11 00:00:00+00:00, run_after=2026-03-12 00:00:00+00:00
[2026-03-12T00:55:03.992+0000] {processor.py:208} INFO - Processing /home/ec2-user/environment/lab4_model_training/venv/lib64/python3.12/site-packages/airflow/example_dags/example_skip_dag.py took 0.090 seconds
[2026-03-12T00:56:08.714+0000] {processor.py:186} INFO - Started process (PID=12259) to work on /home/ec2-user/environment/lab4_model_training/venv/lib64/python3.12/site-packages/airflow/example_dags/example_skip_dag.py
[2026-03-12T00:56:08.716+0000] {processor.py:914} INFO - Processing file /home/ec2-user/environment/lab4_model_training/venv/lib64/python3.12/site-packages/airflow/example_dags/example_skip_dag.py for tasks to queue
[2026-03-12T00:56:08.719+0000] {logging_mixin.py:190} INFO - [2026-03-12T00:56:08.718+0000] {dagbag.py:588} INFO - Filling up the DagBag from /home/ec2-user/environment/lab4_model_training/venv/lib64/python3.12/site-packages/airflow/example_dags/example_skip_dag.py
[2026-03-12T00:56:08.728+0000] {processor.py:925} INFO - DAG(s) 'example_skip_dag' retrieved from /home/ec2-user/environment/lab4_model_training/venv/lib64/python3.12/site-packages/airflow/example_dags/example_skip_dag.py
[2026-03-12T00:56:08.751+0000] {logging_mixin.py:190} INFO - [2026-03-12T00:56:08.751+0000] {dag.py:3239} INFO - Sync 1 DAGs
[2026-03-12T00:56:08.776+0000] {logging_mixin.py:190} INFO - [2026-03-12T00:56:08.776+0000] {dag.py:4180} INFO - Setting next_dagrun for example_skip_dag to 2026-03-11 00:00:00+00:00, run_after=2026-03-12 00:00:00+00:00
[2026-03-12T00:56:08.799+0000] {processor.py:208} INFO - Processing /home/ec2-user/environment/lab4_model_training/venv/lib64/python3.12/site-packages/airflow/example_dags/example_skip_dag.py took 0.090 seconds
[2026-03-12T00:57:13.000+0000] {processor.py:186} INFO - Started process (PID=12543) to work on /home/ec2-user/environment/lab4_model_training/venv/lib64/python3.12/site-packages/airflow/example_dags/example_skip_dag.py
[2026-03-12T00:57:13.001+0000] {processor.py:914} INFO - Processing file /home/ec2-user/environment/lab4_model_training/venv/lib64/python3.12/site-packages/airflow/example_dags/example_skip_dag.py for tasks to queue
[2026-03-12T00:57:13.004+0000] {logging_mixin.py:190} INFO - [2026-03-12T00:57:13.004+0000] {dagbag.py:588} INFO - Filling up the DagBag from /home/ec2-user/environment/lab4_model_training/venv/lib64/python3.12/site-packages/airflow/example_dags/example_skip_dag.py
[2026-03-12T00:57:13.013+0000] {processor.py:925} INFO - DAG(s) 'example_skip_dag' retrieved from /home/ec2-user/environment/lab4_model_training/venv/lib64/python3.12/site-packages/airflow/example_dags/example_skip_dag.py
[2026-03-12T00:57:13.036+0000] {logging_mixin.py:190} INFO - [2026-03-12T00:57:13.035+0000] {dag.py:3239} INFO - Sync 1 DAGs
[2026-03-12T00:57:13.059+0000] {logging_mixin.py:190} INFO - [2026-03-12T00:57:13.059+0000] {dag.py:4180} INFO - Setting next_dagrun for example_skip_dag to 2026-03-11 00:00:00+00:00, run_after=2026-03-12 00:00:00+00:00
[2026-03-12T00:57:13.081+0000] {processor.py:208} INFO - Processing /home/ec2-user/environment/lab4_model_training/venv/lib64/python3.12/site-packages/airflow/example_dags/example_skip_dag.py took 0.087 seconds
[2026-03-12T00:58:14.412+0000] {processor.py:186} INFO - Started process (PID=12779) to work on /home/ec2-user/environment/lab4_model_training/venv/lib64/python3.12/site-packages/airflow/example_dags/example_skip_dag.py
[2026-03-12T00:58:14.413+0000] {processor.py:914} INFO - Processing file /home/ec2-user/environment/lab4_model_training/venv/lib64/python3.12/site-packages/airflow/example_dags/example_skip_dag.py for tasks to queue
[2026-03-12T00:58:14.416+0000] {logging_mixin.py:190} INFO - [2026-03-12T00:58:14.415+0000] {dagbag.py:588} INFO - Filling up the DagBag from /home/ec2-user/environment/lab4_model_training/venv/lib64/python3.12/site-packages/airflow/example_dags/example_skip_dag.py
[2026-03-12T00:58:14.424+0000] {processor.py:925} INFO - DAG(s) 'example_skip_dag' retrieved from /home/ec2-user/environment/lab4_model_training/venv/lib64/python3.12/site-packages/airflow/example_dags/example_skip_dag.py
[2026-03-12T00:58:14.445+0000] {logging_mixin.py:190} INFO - [2026-03-12T00:58:14.445+0000] {dag.py:3239} INFO - Sync 1 DAGs
[2026-03-12T00:58:14.468+0000] {logging_mixin.py:190} INFO - [2026-03-12T00:58:14.468+0000] {dag.py:4180} INFO - Setting next_dagrun for example_skip_dag to 2026-03-11 00:00:00+00:00, run_after=2026-03-12 00:00:00+00:00
[2026-03-12T00:58:14.490+0000] {processor.py:208} INFO - Processing /home/ec2-user/environment/lab4_model_training/venv/lib64/python3.12/site-packages/airflow/example_dags/example_skip_dag.py took 0.083 seconds
[2026-03-12T00:59:15.695+0000] {processor.py:186} INFO - Started process (PID=13089) to work on /home/ec2-user/environment/lab4_model_training/venv/lib64/python3.12/site-packages/airflow/example_dags/example_skip_dag.py
[2026-03-12T00:59:15.696+0000] {processor.py:914} INFO - Processing file /home/ec2-user/environment/lab4_model_training/venv/lib64/python3.12/site-packages/airflow/example_dags/example_skip_dag.py for tasks to queue
[2026-03-12T00:59:15.699+0000] {logging_mixin.py:190} INFO - [2026-03-12T00:59:15.698+0000] {dagbag.py:588} INFO - Filling up the DagBag from /home/ec2-user/environment/lab4_model_training/venv/lib64/python3.12/site-packages/airflow/example_dags/example_skip_dag.py
[2026-03-12T00:59:15.708+0000] {processor.py:925} INFO - DAG(s) 'example_skip_dag' retrieved from /home/ec2-user/environment/lab4_model_training/venv/lib64/python3.12/site-packages/airflow/example_dags/example_skip_dag.py
[2026-03-12T00:59:15.728+0000] {logging_mixin.py:190} INFO - [2026-03-12T00:59:15.728+0000] {dag.py:3239} INFO - Sync 1 DAGs
[2026-03-12T00:59:15.751+0000] {logging_mixin.py:190} INFO - [2026-03-12T00:59:15.751+0000] {dag.py:4180} INFO - Setting next_dagrun for example_skip_dag to 2026-03-11 00:00:00+00:00, run_after=2026-03-12 00:00:00+00:00
[2026-03-12T00:59:15.773+0000] {processor.py:208} INFO - Processing /home/ec2-user/environment/lab4_model_training/venv/lib64/python3.12/site-packages/airflow/example_dags/example_skip_dag.py took 0.083 seconds
[2026-03-12T01:00:20.524+0000] {processor.py:186} INFO - Started process (PID=13326) to work on /home/ec2-user/environment/lab4_model_training/venv/lib64/python3.12/site-packages/airflow/example_dags/example_skip_dag.py
[2026-03-12T01:00:20.525+0000] {processor.py:914} INFO - Processing file /home/ec2-user/environment/lab4_model_training/venv/lib64/python3.12/site-packages/airflow/example_dags/example_skip_dag.py for tasks to queue
[2026-03-12T01:00:20.527+0000] {logging_mixin.py:190} INFO - [2026-03-12T01:00:20.527+0000] {dagbag.py:588} INFO - Filling up the DagBag from /home/ec2-user/environment/lab4_model_training/venv/lib64/python3.12/site-packages/airflow/example_dags/example_skip_dag.py
[2026-03-12T01:00:20.536+0000] {processor.py:925} INFO - DAG(s) 'example_skip_dag' retrieved from /home/ec2-user/environment/lab4_model_training/venv/lib64/python3.12/site-packages/airflow/example_dags/example_skip_dag.py
[2026-03-12T01:00:20.557+0000] {logging_mixin.py:190} INFO - [2026-03-12T01:00:20.557+0000] {dag.py:3239} INFO - Sync 1 DAGs
[2026-03-12T01:00:20.580+0000] {logging_mixin.py:190} INFO - [2026-03-12T01:00:20.580+0000] {dag.py:4180} INFO - Setting next_dagrun for example_skip_dag to 2026-03-11 00:00:00+00:00, run_after=2026-03-12 00:00:00+00:00
[2026-03-12T01:00:20.601+0000] {processor.py:208} INFO - Processing /home/ec2-user/environment/lab4_model_training/venv/lib64/python3.12/site-packages/airflow/example_dags/example_skip_dag.py took 0.083 seconds
[2026-03-12T01:01:23.584+0000] {processor.py:186} INFO - Started process (PID=13640) to work on /home/ec2-user/environment/lab4_model_training/venv/lib64/python3.12/site-packages/airflow/example_dags/example_skip_dag.py
[2026-03-12T01:01:23.586+0000] {processor.py:914} INFO - Processing file /home/ec2-user/environment/lab4_model_training/venv/lib64/python3.12/site-packages/airflow/example_dags/example_skip_dag.py for tasks to queue
[2026-03-12T01:01:23.589+0000] {logging_mixin.py:190} INFO - [2026-03-12T01:01:23.588+0000] {dagbag.py:588} INFO - Filling up the DagBag from /home/ec2-user/environment/lab4_model_training/venv/lib64/python3.12/site-packages/airflow/example_dags/example_skip_dag.py
[2026-03-12T01:01:23.598+0000] {processor.py:925} INFO - DAG(s) 'example_skip_dag' retrieved from /home/ec2-user/environment/lab4_model_training/venv/lib64/python3.12/site-packages/airflow/example_dags/example_skip_dag.py
[2026-03-12T01:01:23.619+0000] {logging_mixin.py:190} INFO - [2026-03-12T01:01:23.619+0000] {dag.py:3239} INFO - Sync 1 DAGs
[2026-03-12T01:01:23.644+0000] {logging_mixin.py:190} INFO - [2026-03-12T01:01:23.644+0000] {dag.py:4180} INFO - Setting next_dagrun for example_skip_dag to 2026-03-11 00:00:00+00:00, run_after=2026-03-12 00:00:00+00:00
[2026-03-12T01:01:23.666+0000] {processor.py:208} INFO - Processing /home/ec2-user/environment/lab4_model_training/venv/lib64/python3.12/site-packages/airflow/example_dags/example_skip_dag.py took 0.087 seconds
[2026-03-12T01:02:26.892+0000] {processor.py:186} INFO - Started process (PID=13903) to work on /home/ec2-user/environment/lab4_model_training/venv/lib64/python3.12/site-packages/airflow/example_dags/example_skip_dag.py
[2026-03-12T01:02:26.898+0000] {processor.py:914} INFO - Processing file /home/ec2-user/environment/lab4_model_training/venv/lib64/python3.12/site-packages/airflow/example_dags/example_skip_dag.py for tasks to queue
[2026-03-12T01:02:26.901+0000] {logging_mixin.py:190} INFO - [2026-03-12T01:02:26.900+0000] {dagbag.py:588} INFO - Filling up the DagBag from /home/ec2-user/environment/lab4_model_training/venv/lib64/python3.12/site-packages/airflow/example_dags/example_skip_dag.py
[2026-03-12T01:02:26.913+0000] {processor.py:925} INFO - DAG(s) 'example_skip_dag' retrieved from /home/ec2-user/environment/lab4_model_training/venv/lib64/python3.12/site-packages/airflow/example_dags/example_skip_dag.py
[2026-03-12T01:02:26.941+0000] {logging_mixin.py:190} INFO - [2026-03-12T01:02:26.941+0000] {dag.py:3239} INFO - Sync 1 DAGs
[2026-03-12T01:02:26.968+0000] {logging_mixin.py:190} INFO - [2026-03-12T01:02:26.968+0000] {dag.py:4180} INFO - Setting next_dagrun for example_skip_dag to 2026-03-11 00:00:00+00:00, run_after=2026-03-12 00:00:00+00:00
[2026-03-12T01:02:26.991+0000] {processor.py:208} INFO - Processing /home/ec2-user/environment/lab4_model_training/venv/lib64/python3.12/site-packages/airflow/example_dags/example_skip_dag.py took 0.110 seconds
[2026-03-12T01:03:31.434+0000] {processor.py:186} INFO - Started process (PID=14174) to work on /home/ec2-user/environment/lab4_model_training/venv/lib64/python3.12/site-packages/airflow/example_dags/example_skip_dag.py
[2026-03-12T01:03:31.435+0000] {processor.py:914} INFO - Processing file /home/ec2-user/environment/lab4_model_training/venv/lib64/python3.12/site-packages/airflow/example_dags/example_skip_dag.py for tasks to queue
[2026-03-12T01:03:31.438+0000] {logging_mixin.py:190} INFO - [2026-03-12T01:03:31.437+0000] {dagbag.py:588} INFO - Filling up the DagBag from /home/ec2-user/environment/lab4_model_training/venv/lib64/python3.12/site-packages/airflow/example_dags/example_skip_dag.py
[2026-03-12T01:03:31.447+0000] {processor.py:925} INFO - DAG(s) 'example_skip_dag' retrieved from /home/ec2-user/environment/lab4_model_training/venv/lib64/python3.12/site-packages/airflow/example_dags/example_skip_dag.py
[2026-03-12T01:03:31.468+0000] {logging_mixin.py:190} INFO - [2026-03-12T01:03:31.468+0000] {dag.py:3239} INFO - Sync 1 DAGs
[2026-03-12T01:03:31.490+0000] {logging_mixin.py:190} INFO - [2026-03-12T01:03:31.490+0000] {dag.py:4180} INFO - Setting next_dagrun for example_skip_dag to 2026-03-11 00:00:00+00:00, run_after=2026-03-12 00:00:00+00:00
[2026-03-12T01:03:31.518+0000] {processor.py:208} INFO - Processing /home/ec2-user/environment/lab4_model_training/venv/lib64/python3.12/site-packages/airflow/example_dags/example_skip_dag.py took 0.090 seconds
[2026-03-12T01:04:35.059+0000] {processor.py:186} INFO - Started process (PID=14468) to work on /home/ec2-user/environment/lab4_model_training/venv/lib64/python3.12/site-packages/airflow/example_dags/example_skip_dag.py
[2026-03-12T01:04:35.060+0000] {processor.py:914} INFO - Processing file /home/ec2-user/environment/lab4_model_training/venv/lib64/python3.12/site-packages/airflow/example_dags/example_skip_dag.py for tasks to queue
[2026-03-12T01:04:35.063+0000] {logging_mixin.py:190} INFO - [2026-03-12T01:04:35.063+0000] {dagbag.py:588} INFO - Filling up the DagBag from /home/ec2-user/environment/lab4_model_training/venv/lib64/python3.12/site-packages/airflow/example_dags/example_skip_dag.py
[2026-03-12T01:04:35.073+0000] {processor.py:925} INFO - DAG(s) 'example_skip_dag' retrieved from /home/ec2-user/environment/lab4_model_training/venv/lib64/python3.12/site-packages/airflow/example_dags/example_skip_dag.py
[2026-03-12T01:04:35.097+0000] {logging_mixin.py:190} INFO - [2026-03-12T01:04:35.096+0000] {dag.py:3239} INFO - Sync 1 DAGs
[2026-03-12T01:04:35.119+0000] {logging_mixin.py:190} INFO - [2026-03-12T01:04:35.119+0000] {dag.py:4180} INFO - Setting next_dagrun for example_skip_dag to 2026-03-11 00:00:00+00:00, run_after=2026-03-12 00:00:00+00:00
[2026-03-12T01:04:35.143+0000] {processor.py:208} INFO - Processing /home/ec2-user/environment/lab4_model_training/venv/lib64/python3.12/site-packages/airflow/example_dags/example_skip_dag.py took 0.090 seconds
[2026-03-12T01:05:43.301+0000] {processor.py:186} INFO - Started process (PID=14734) to work on /home/ec2-user/environment/lab4_model_training/venv/lib64/python3.12/site-packages/airflow/example_dags/example_skip_dag.py
[2026-03-12T01:05:43.302+0000] {processor.py:914} INFO - Processing file /home/ec2-user/environment/lab4_model_training/venv/lib64/python3.12/site-packages/airflow/example_dags/example_skip_dag.py for tasks to queue
[2026-03-12T01:05:43.305+0000] {logging_mixin.py:190} INFO - [2026-03-12T01:05:43.305+0000] {dagbag.py:588} INFO - Filling up the DagBag from /home/ec2-user/environment/lab4_model_training/venv/lib64/python3.12/site-packages/airflow/example_dags/example_skip_dag.py
[2026-03-12T01:05:43.314+0000] {processor.py:925} INFO - DAG(s) 'example_skip_dag' retrieved from /home/ec2-user/environment/lab4_model_training/venv/lib64/python3.12/site-packages/airflow/example_dags/example_skip_dag.py
[2026-03-12T01:05:43.334+0000] {logging_mixin.py:190} INFO - [2026-03-12T01:05:43.334+0000] {dag.py:3239} INFO - Sync 1 DAGs
[2026-03-12T01:05:43.357+0000] {logging_mixin.py:190} INFO - [2026-03-12T01:05:43.357+0000] {dag.py:4180} INFO - Setting next_dagrun for example_skip_dag to 2026-03-11 00:00:00+00:00, run_after=2026-03-12 00:00:00+00:00
[2026-03-12T01:05:43.378+0000] {processor.py:208} INFO - Processing /home/ec2-user/environment/lab4_model_training/venv/lib64/python3.12/site-packages/airflow/example_dags/example_skip_dag.py took 0.083 seconds
[2026-03-12T01:06:45.493+0000] {processor.py:186} INFO - Started process (PID=15031) to work on /home/ec2-user/environment/lab4_model_training/venv/lib64/python3.12/site-packages/airflow/example_dags/example_skip_dag.py
[2026-03-12T01:06:45.494+0000] {processor.py:914} INFO - Processing file /home/ec2-user/environment/lab4_model_training/venv/lib64/python3.12/site-packages/airflow/example_dags/example_skip_dag.py for tasks to queue
[2026-03-12T01:06:45.497+0000] {logging_mixin.py:190} INFO - [2026-03-12T01:06:45.496+0000] {dagbag.py:588} INFO - Filling up the DagBag from /home/ec2-user/environment/lab4_model_training/venv/lib64/python3.12/site-packages/airflow/example_dags/example_skip_dag.py
[2026-03-12T01:06:45.505+0000] {processor.py:925} INFO - DAG(s) 'example_skip_dag' retrieved from /home/ec2-user/environment/lab4_model_training/venv/lib64/python3.12/site-packages/airflow/example_dags/example_skip_dag.py
[2026-03-12T01:06:45.537+0000] {logging_mixin.py:190} INFO - [2026-03-12T01:06:45.537+0000] {dag.py:3239} INFO - Sync 1 DAGs
[2026-03-12T01:06:45.558+0000] {logging_mixin.py:190} INFO - [2026-03-12T01:06:45.558+0000] {dag.py:4180} INFO - Setting next_dagrun for example_skip_dag to 2026-03-11 00:00:00+00:00, run_after=2026-03-12 00:00:00+00:00
[2026-03-12T01:06:45.580+0000] {processor.py:208} INFO - Processing /home/ec2-user/environment/lab4_model_training/venv/lib64/python3.12/site-packages/airflow/example_dags/example_skip_dag.py took 0.092 seconds
[2026-03-12T01:07:46.518+0000] {processor.py:186} INFO - Started process (PID=15316) to work on /home/ec2-user/environment/lab4_model_training/venv/lib64/python3.12/site-packages/airflow/example_dags/example_skip_dag.py
[2026-03-12T01:07:46.519+0000] {processor.py:914} INFO - Processing file /home/ec2-user/environment/lab4_model_training/venv/lib64/python3.12/site-packages/airflow/example_dags/example_skip_dag.py for tasks to queue
[2026-03-12T01:07:46.522+0000] {logging_mixin.py:190} INFO - [2026-03-12T01:07:46.522+0000] {dagbag.py:588} INFO - Filling up the DagBag from /home/ec2-user/environment/lab4_model_training/venv/lib64/python3.12/site-packages/airflow/example_dags/example_skip_dag.py
[2026-03-12T01:07:46.533+0000] {processor.py:925} INFO - DAG(s) 'example_skip_dag' retrieved from /home/ec2-user/environment/lab4_model_training/venv/lib64/python3.12/site-packages/airflow/example_dags/example_skip_dag.py
[2026-03-12T01:07:46.556+0000] {logging_mixin.py:190} INFO - [2026-03-12T01:07:46.556+0000] {dag.py:3239} INFO - Sync 1 DAGs
[2026-03-12T01:07:46.578+0000] {logging_mixin.py:190} INFO - [2026-03-12T01:07:46.578+0000] {dag.py:4180} INFO - Setting next_dagrun for example_skip_dag to 2026-03-11 00:00:00+00:00, run_after=2026-03-12 00:00:00+00:00
[2026-03-12T01:07:46.600+0000] {processor.py:208} INFO - Processing /home/ec2-user/environment/lab4_model_training/venv/lib64/python3.12/site-packages/airflow/example_dags/example_skip_dag.py took 0.088 seconds
[2026-03-12T01:08:48.940+0000] {processor.py:186} INFO - Started process (PID=15550) to work on /home/ec2-user/environment/lab4_model_training/venv/lib64/python3.12/site-packages/airflow/example_dags/example_skip_dag.py
[2026-03-12T01:08:48.941+0000] {processor.py:914} INFO - Processing file /home/ec2-user/environment/lab4_model_training/venv/lib64/python3.12/site-packages/airflow/example_dags/example_skip_dag.py for tasks to queue
[2026-03-12T01:08:48.944+0000] {logging_mixin.py:190} INFO - [2026-03-12T01:08:48.943+0000] {dagbag.py:588} INFO - Filling up the DagBag from /home/ec2-user/environment/lab4_model_training/venv/lib64/python3.12/site-packages/airflow/example_dags/example_skip_dag.py
[2026-03-12T01:08:48.954+0000] {processor.py:925} INFO - DAG(s) 'example_skip_dag' retrieved from /home/ec2-user/environment/lab4_model_training/venv/lib64/python3.12/site-packages/airflow/example_dags/example_skip_dag.py
[2026-03-12T01:08:48.975+0000] {logging_mixin.py:190} INFO - [2026-03-12T01:08:48.975+0000] {dag.py:3239} INFO - Sync 1 DAGs
[2026-03-12T01:08:49.001+0000] {logging_mixin.py:190} INFO - [2026-03-12T01:08:49.000+0000] {dag.py:4180} INFO - Setting next_dagrun for example_skip_dag to 2026-03-11 00:00:00+00:00, run_after=2026-03-12 00:00:00+00:00
[2026-03-12T01:08:49.027+0000] {processor.py:208} INFO - Processing /home/ec2-user/environment/lab4_model_training/venv/lib64/python3.12/site-packages/airflow/example_dags/example_skip_dag.py took 0.095 seconds
[2026-03-12T01:09:50.607+0000] {processor.py:186} INFO - Started process (PID=15845) to work on /home/ec2-user/environment/lab4_model_training/venv/lib64/python3.12/site-packages/airflow/example_dags/example_skip_dag.py
[2026-03-12T01:09:50.608+0000] {processor.py:914} INFO - Processing file /home/ec2-user/environment/lab4_model_training/venv/lib64/python3.12/site-packages/airflow/example_dags/example_skip_dag.py for tasks to queue
[2026-03-12T01:09:50.611+0000] {logging_mixin.py:190} INFO - [2026-03-12T01:09:50.611+0000] {dagbag.py:588} INFO - Filling up the DagBag from /home/ec2-user/environment/lab4_model_training/venv/lib64/python3.12/site-packages/airflow/example_dags/example_skip_dag.py
[2026-03-12T01:09:50.620+0000] {processor.py:925} INFO - DAG(s) 'example_skip_dag' retrieved from /home/ec2-user/environment/lab4_model_training/venv/lib64/python3.12/site-packages/airflow/example_dags/example_skip_dag.py
[2026-03-12T01:09:50.642+0000] {logging_mixin.py:190} INFO - [2026-03-12T01:09:50.642+0000] {dag.py:3239} INFO - Sync 1 DAGs
[2026-03-12T01:09:50.667+0000] {logging_mixin.py:190} INFO - [2026-03-12T01:09:50.666+0000] {dag.py:4180} INFO - Setting next_dagrun for example_skip_dag to 2026-03-11 00:00:00+00:00, run_after=2026-03-12 00:00:00+00:00
[2026-03-12T01:09:50.690+0000] {processor.py:208} INFO - Processing /home/ec2-user/environment/lab4_model_training/venv/lib64/python3.12/site-packages/airflow/example_dags/example_skip_dag.py took 0.089 seconds
[2026-03-12T01:10:56.969+0000] {processor.py:186} INFO - Started process (PID=16150) to work on /home/ec2-user/environment/lab4_model_training/venv/lib64/python3.12/site-packages/airflow/example_dags/example_skip_dag.py
[2026-03-12T01:10:56.970+0000] {processor.py:914} INFO - Processing file /home/ec2-user/environment/lab4_model_training/venv/lib64/python3.12/site-packages/airflow/example_dags/example_skip_dag.py for tasks to queue
[2026-03-12T01:10:56.973+0000] {logging_mixin.py:190} INFO - [2026-03-12T01:10:56.972+0000] {dagbag.py:588} INFO - Filling up the DagBag from /home/ec2-user/environment/lab4_model_training/venv/lib64/python3.12/site-packages/airflow/example_dags/example_skip_dag.py
[2026-03-12T01:10:56.982+0000] {processor.py:925} INFO - DAG(s) 'example_skip_dag' retrieved from /home/ec2-user/environment/lab4_model_training/venv/lib64/python3.12/site-packages/airflow/example_dags/example_skip_dag.py
[2026-03-12T01:10:57.002+0000] {logging_mixin.py:190} INFO - [2026-03-12T01:10:57.002+0000] {dag.py:3239} INFO - Sync 1 DAGs
[2026-03-12T01:10:57.025+0000] {logging_mixin.py:190} INFO - [2026-03-12T01:10:57.025+0000] {dag.py:4180} INFO - Setting next_dagrun for example_skip_dag to 2026-03-11 00:00:00+00:00, run_after=2026-03-12 00:00:00+00:00
[2026-03-12T01:10:57.048+0000] {processor.py:208} INFO - Processing /home/ec2-user/environment/lab4_model_training/venv/lib64/python3.12/site-packages/airflow/example_dags/example_skip_dag.py took 0.084 seconds
[2026-03-12T01:12:03.653+0000] {processor.py:186} INFO - Started process (PID=16412) to work on /home/ec2-user/environment/lab4_model_training/venv/lib64/python3.12/site-packages/airflow/example_dags/example_skip_dag.py
[2026-03-12T01:12:03.654+0000] {processor.py:914} INFO - Processing file /home/ec2-user/environment/lab4_model_training/venv/lib64/python3.12/site-packages/airflow/example_dags/example_skip_dag.py for tasks to queue
[2026-03-12T01:12:03.658+0000] {logging_mixin.py:190} INFO - [2026-03-12T01:12:03.657+0000] {dagbag.py:588} INFO - Filling up the DagBag from /home/ec2-user/environment/lab4_model_training/venv/lib64/python3.12/site-packages/airflow/example_dags/example_skip_dag.py
[2026-03-12T01:12:03.669+0000] {processor.py:925} INFO - DAG(s) 'example_skip_dag' retrieved from /home/ec2-user/environment/lab4_model_training/venv/lib64/python3.12/site-packages/airflow/example_dags/example_skip_dag.py
[2026-03-12T01:12:03.693+0000] {logging_mixin.py:190} INFO - [2026-03-12T01:12:03.693+0000] {dag.py:3239} INFO - Sync 1 DAGs
[2026-03-12T01:12:03.718+0000] {logging_mixin.py:190} INFO - [2026-03-12T01:12:03.718+0000] {dag.py:4180} INFO - Setting next_dagrun for example_skip_dag to 2026-03-11 00:00:00+00:00, run_after=2026-03-12 00:00:00+00:00
[2026-03-12T01:12:03.742+0000] {processor.py:208} INFO - Processing /home/ec2-user/environment/lab4_model_training/venv/lib64/python3.12/site-packages/airflow/example_dags/example_skip_dag.py took 0.094 seconds
[2026-03-12T01:13:05.635+0000] {processor.py:186} INFO - Started process (PID=16698) to work on /home/ec2-user/environment/lab4_model_training/venv/lib64/python3.12/site-packages/airflow/example_dags/example_skip_dag.py
[2026-03-12T01:13:05.636+0000] {processor.py:914} INFO - Processing file /home/ec2-user/environment/lab4_model_training/venv/lib64/python3.12/site-packages/airflow/example_dags/example_skip_dag.py for tasks to queue
[2026-03-12T01:13:05.640+0000] {logging_mixin.py:190} INFO - [2026-03-12T01:13:05.639+0000] {dagbag.py:588} INFO - Filling up the DagBag from /home/ec2-user/environment/lab4_model_training/venv/lib64/python3.12/site-packages/airflow/example_dags/example_skip_dag.py
[2026-03-12T01:13:05.651+0000] {processor.py:925} INFO - DAG(s) 'example_skip_dag' retrieved from /home/ec2-user/environment/lab4_model_training/venv/lib64/python3.12/site-packages/airflow/example_dags/example_skip_dag.py
[2026-03-12T01:13:05.675+0000] {logging_mixin.py:190} INFO - [2026-03-12T01:13:05.675+0000] {dag.py:3239} INFO - Sync 1 DAGs
[2026-03-12T01:13:05.705+0000] {logging_mixin.py:190} INFO - [2026-03-12T01:13:05.704+0000] {dag.py:4180} INFO - Setting next_dagrun for example_skip_dag to 2026-03-11 00:00:00+00:00, run_after=2026-03-12 00:00:00+00:00
[2026-03-12T01:13:05.730+0000] {processor.py:208} INFO - Processing /home/ec2-user/environment/lab4_model_training/venv/lib64/python3.12/site-packages/airflow/example_dags/example_skip_dag.py took 0.100 seconds
[2026-03-12T01:14:10.005+0000] {processor.py:186} INFO - Started process (PID=17019) to work on /home/ec2-user/environment/lab4_model_training/venv/lib64/python3.12/site-packages/airflow/example_dags/example_skip_dag.py
[2026-03-12T01:14:10.006+0000] {processor.py:914} INFO - Processing file /home/ec2-user/environment/lab4_model_training/venv/lib64/python3.12/site-packages/airflow/example_dags/example_skip_dag.py for tasks to queue
[2026-03-12T01:14:10.009+0000] {logging_mixin.py:190} INFO - [2026-03-12T01:14:10.009+0000] {dagbag.py:588} INFO - Filling up the DagBag from /home/ec2-user/environment/lab4_model_training/venv/lib64/python3.12/site-packages/airflow/example_dags/example_skip_dag.py
[2026-03-12T01:14:10.019+0000] {processor.py:925} INFO - DAG(s) 'example_skip_dag' retrieved from /home/ec2-user/environment/lab4_model_training/venv/lib64/python3.12/site-packages/airflow/example_dags/example_skip_dag.py
[2026-03-12T01:14:10.043+0000] {logging_mixin.py:190} INFO - [2026-03-12T01:14:10.043+0000] {dag.py:3239} INFO - Sync 1 DAGs
[2026-03-12T01:14:10.066+0000] {logging_mixin.py:190} INFO - [2026-03-12T01:14:10.066+0000] {dag.py:4180} INFO - Setting next_dagrun for example_skip_dag to 2026-03-11 00:00:00+00:00, run_after=2026-03-12 00:00:00+00:00
[2026-03-12T01:14:10.090+0000] {processor.py:208} INFO - Processing /home/ec2-user/environment/lab4_model_training/venv/lib64/python3.12/site-packages/airflow/example_dags/example_skip_dag.py took 0.091 seconds
[2026-03-12T01:15:13.417+0000] {processor.py:186} INFO - Started process (PID=17309) to work on /home/ec2-user/environment/lab4_model_training/venv/lib64/python3.12/site-packages/airflow/example_dags/example_skip_dag.py
[2026-03-12T01:15:13.418+0000] {processor.py:914} INFO - Processing file /home/ec2-user/environment/lab4_model_training/venv/lib64/python3.12/site-packages/airflow/example_dags/example_skip_dag.py for tasks to queue
[2026-03-12T01:15:13.422+0000] {logging_mixin.py:190} INFO - [2026-03-12T01:15:13.421+0000] {dagbag.py:588} INFO - Filling up the DagBag from /home/ec2-user/environment/lab4_model_training/venv/lib64/python3.12/site-packages/airflow/example_dags/example_skip_dag.py
[2026-03-12T01:15:13.432+0000] {processor.py:925} INFO - DAG(s) 'example_skip_dag' retrieved from /home/ec2-user/environment/lab4_model_training/venv/lib64/python3.12/site-packages/airflow/example_dags/example_skip_dag.py
[2026-03-12T01:15:13.456+0000] {logging_mixin.py:190} INFO - [2026-03-12T01:15:13.456+0000] {dag.py:3239} INFO - Sync 1 DAGs
[2026-03-12T01:15:13.479+0000] {logging_mixin.py:190} INFO - [2026-03-12T01:15:13.479+0000] {dag.py:4180} INFO - Setting next_dagrun for example_skip_dag to 2026-03-11 00:00:00+00:00, run_after=2026-03-12 00:00:00+00:00
[2026-03-12T01:15:13.503+0000] {processor.py:208} INFO - Processing /home/ec2-user/environment/lab4_model_training/venv/lib64/python3.12/site-packages/airflow/example_dags/example_skip_dag.py took 0.091 seconds
[2026-03-12T01:16:13.697+0000] {processor.py:186} INFO - Started process (PID=17591) to work on /home/ec2-user/environment/lab4_model_training/venv/lib64/python3.12/site-packages/airflow/example_dags/example_skip_dag.py
[2026-03-12T01:16:13.698+0000] {processor.py:914} INFO - Processing file /home/ec2-user/environment/lab4_model_training/venv/lib64/python3.12/site-packages/airflow/example_dags/example_skip_dag.py for tasks to queue
[2026-03-12T01:16:13.701+0000] {logging_mixin.py:190} INFO - [2026-03-12T01:16:13.701+0000] {dagbag.py:588} INFO - Filling up the DagBag from /home/ec2-user/environment/lab4_model_training/venv/lib64/python3.12/site-packages/airflow/example_dags/example_skip_dag.py
[2026-03-12T01:16:13.711+0000] {processor.py:925} INFO - DAG(s) 'example_skip_dag' retrieved from /home/ec2-user/environment/lab4_model_training/venv/lib64/python3.12/site-packages/airflow/example_dags/example_skip_dag.py
[2026-03-12T01:16:13.734+0000] {logging_mixin.py:190} INFO - [2026-03-12T01:16:13.734+0000] {dag.py:3239} INFO - Sync 1 DAGs
[2026-03-12T01:16:13.759+0000] {logging_mixin.py:190} INFO - [2026-03-12T01:16:13.759+0000] {dag.py:4180} INFO - Setting next_dagrun for example_skip_dag to 2026-03-11 00:00:00+00:00, run_after=2026-03-12 00:00:00+00:00
[2026-03-12T01:16:13.782+0000] {processor.py:208} INFO - Processing /home/ec2-user/environment/lab4_model_training/venv/lib64/python3.12/site-packages/airflow/example_dags/example_skip_dag.py took 0.091 seconds
[2026-03-12T01:17:20.601+0000] {processor.py:186} INFO - Started process (PID=17899) to work on /home/ec2-user/environment/lab4_model_training/venv/lib64/python3.12/site-packages/airflow/example_dags/example_skip_dag.py
[2026-03-12T01:17:20.602+0000] {processor.py:914} INFO - Processing file /home/ec2-user/environment/lab4_model_training/venv/lib64/python3.12/site-packages/airflow/example_dags/example_skip_dag.py for tasks to queue
[2026-03-12T01:17:20.605+0000] {logging_mixin.py:190} INFO - [2026-03-12T01:17:20.604+0000] {dagbag.py:588} INFO - Filling up the DagBag from /home/ec2-user/environment/lab4_model_training/venv/lib64/python3.12/site-packages/airflow/example_dags/example_skip_dag.py
[2026-03-12T01:17:20.614+0000] {processor.py:925} INFO - DAG(s) 'example_skip_dag' retrieved from /home/ec2-user/environment/lab4_model_training/venv/lib64/python3.12/site-packages/airflow/example_dags/example_skip_dag.py
[2026-03-12T01:17:20.635+0000] {logging_mixin.py:190} INFO - [2026-03-12T01:17:20.634+0000] {dag.py:3239} INFO - Sync 1 DAGs
[2026-03-12T01:17:20.657+0000] {logging_mixin.py:190} INFO - [2026-03-12T01:17:20.657+0000] {dag.py:4180} INFO - Setting next_dagrun for example_skip_dag to 2026-03-11 00:00:00+00:00, run_after=2026-03-12 00:00:00+00:00
[2026-03-12T01:17:20.680+0000] {processor.py:208} INFO - Processing /home/ec2-user/environment/lab4_model_training/venv/lib64/python3.12/site-packages/airflow/example_dags/example_skip_dag.py took 0.085 seconds
[2026-03-12T01:18:21.763+0000] {processor.py:186} INFO - Started process (PID=18134) to work on /home/ec2-user/environment/lab4_model_training/venv/lib64/python3.12/site-packages/airflow/example_dags/example_skip_dag.py
[2026-03-12T01:18:21.765+0000] {processor.py:914} INFO - Processing file /home/ec2-user/environment/lab4_model_training/venv/lib64/python3.12/site-packages/airflow/example_dags/example_skip_dag.py for tasks to queue
[2026-03-12T01:18:21.768+0000] {logging_mixin.py:190} INFO - [2026-03-12T01:18:21.767+0000] {dagbag.py:588} INFO - Filling up the DagBag from /home/ec2-user/environment/lab4_model_training/venv/lib64/python3.12/site-packages/airflow/example_dags/example_skip_dag.py
[2026-03-12T01:18:21.777+0000] {processor.py:925} INFO - DAG(s) 'example_skip_dag' retrieved from /home/ec2-user/environment/lab4_model_training/venv/lib64/python3.12/site-packages/airflow/example_dags/example_skip_dag.py
[2026-03-12T01:18:21.799+0000] {logging_mixin.py:190} INFO - [2026-03-12T01:18:21.799+0000] {dag.py:3239} INFO - Sync 1 DAGs
[2026-03-12T01:18:21.823+0000] {logging_mixin.py:190} INFO - [2026-03-12T01:18:21.823+0000] {dag.py:4180} INFO - Setting next_dagrun for example_skip_dag to 2026-03-11 00:00:00+00:00, run_after=2026-03-12 00:00:00+00:00
[2026-03-12T01:18:21.846+0000] {processor.py:208} INFO - Processing /home/ec2-user/environment/lab4_model_training/venv/lib64/python3.12/site-packages/airflow/example_dags/example_skip_dag.py took 0.088 seconds
[2026-03-12T01:19:28.006+0000] {processor.py:186} INFO - Started process (PID=18434) to work on /home/ec2-user/environment/lab4_model_training/venv/lib64/python3.12/site-packages/airflow/example_dags/example_skip_dag.py
[2026-03-12T01:19:28.007+0000] {processor.py:914} INFO - Processing file /home/ec2-user/environment/lab4_model_training/venv/lib64/python3.12/site-packages/airflow/example_dags/example_skip_dag.py for tasks to queue
[2026-03-12T01:19:28.010+0000] {logging_mixin.py:190} INFO - [2026-03-12T01:19:28.010+0000] {dagbag.py:588} INFO - Filling up the DagBag from /home/ec2-user/environment/lab4_model_training/venv/lib64/python3.12/site-packages/airflow/example_dags/example_skip_dag.py
[2026-03-12T01:19:28.020+0000] {processor.py:925} INFO - DAG(s) 'example_skip_dag' retrieved from /home/ec2-user/environment/lab4_model_training/venv/lib64/python3.12/site-packages/airflow/example_dags/example_skip_dag.py
[2026-03-12T01:19:28.041+0000] {logging_mixin.py:190} INFO - [2026-03-12T01:19:28.041+0000] {dag.py:3239} INFO - Sync 1 DAGs
[2026-03-12T01:19:28.065+0000] {logging_mixin.py:190} INFO - [2026-03-12T01:19:28.064+0000] {dag.py:4180} INFO - Setting next_dagrun for example_skip_dag to 2026-03-11 00:00:00+00:00, run_after=2026-03-12 00:00:00+00:00
[2026-03-12T01:19:28.219+0000] {processor.py:208} INFO - Processing /home/ec2-user/environment/lab4_model_training/venv/lib64/python3.12/site-packages/airflow/example_dags/example_skip_dag.py took 0.218 seconds
[2026-03-12T01:20:34.945+0000] {processor.py:186} INFO - Started process (PID=18746) to work on /home/ec2-user/environment/lab4_model_training/venv/lib64/python3.12/site-packages/airflow/example_dags/example_skip_dag.py
[2026-03-12T01:20:34.946+0000] {processor.py:914} INFO - Processing file /home/ec2-user/environment/lab4_model_training/venv/lib64/python3.12/site-packages/airflow/example_dags/example_skip_dag.py for tasks to queue
[2026-03-12T01:20:34.949+0000] {logging_mixin.py:190} INFO - [2026-03-12T01:20:34.949+0000] {dagbag.py:588} INFO - Filling up the DagBag from /home/ec2-user/environment/lab4_model_training/venv/lib64/python3.12/site-packages/airflow/example_dags/example_skip_dag.py
[2026-03-12T01:20:34.959+0000] {processor.py:925} INFO - DAG(s) 'example_skip_dag' retrieved from /home/ec2-user/environment/lab4_model_training/venv/lib64/python3.12/site-packages/airflow/example_dags/example_skip_dag.py
[2026-03-12T01:20:34.982+0000] {logging_mixin.py:190} INFO - [2026-03-12T01:20:34.982+0000] {dag.py:3239} INFO - Sync 1 DAGs
[2026-03-12T01:20:35.003+0000] {logging_mixin.py:190} INFO - [2026-03-12T01:20:35.003+0000] {dag.py:4180} INFO - Setting next_dagrun for example_skip_dag to 2026-03-11 00:00:00+00:00, run_after=2026-03-12 00:00:00+00:00
[2026-03-12T01:20:35.028+0000] {processor.py:208} INFO - Processing /home/ec2-user/environment/lab4_model_training/venv/lib64/python3.12/site-packages/airflow/example_dags/example_skip_dag.py took 0.088 seconds
[2026-03-12T01:21:43.699+0000] {processor.py:186} INFO - Started process (PID=19028) to work on /home/ec2-user/environment/lab4_model_training/venv/lib64/python3.12/site-packages/airflow/example_dags/example_skip_dag.py
[2026-03-12T01:21:43.700+0000] {processor.py:914} INFO - Processing file /home/ec2-user/environment/lab4_model_training/venv/lib64/python3.12/site-packages/airflow/example_dags/example_skip_dag.py for tasks to queue
[2026-03-12T01:21:43.703+0000] {logging_mixin.py:190} INFO - [2026-03-12T01:21:43.702+0000] {dagbag.py:588} INFO - Filling up the DagBag from /home/ec2-user/environment/lab4_model_training/venv/lib64/python3.12/site-packages/airflow/example_dags/example_skip_dag.py
[2026-03-12T01:21:43.712+0000] {processor.py:925} INFO - DAG(s) 'example_skip_dag' retrieved from /home/ec2-user/environment/lab4_model_training/venv/lib64/python3.12/site-packages/airflow/example_dags/example_skip_dag.py
[2026-03-12T01:21:43.735+0000] {logging_mixin.py:190} INFO - [2026-03-12T01:21:43.735+0000] {dag.py:3239} INFO - Sync 1 DAGs
[2026-03-12T01:21:43.756+0000] {logging_mixin.py:190} INFO - [2026-03-12T01:21:43.756+0000] {dag.py:4180} INFO - Setting next_dagrun for example_skip_dag to 2026-03-11 00:00:00+00:00, run_after=2026-03-12 00:00:00+00:00
[2026-03-12T01:21:43.779+0000] {processor.py:208} INFO - Processing /home/ec2-user/environment/lab4_model_training/venv/lib64/python3.12/site-packages/airflow/example_dags/example_skip_dag.py took 0.086 seconds
[2026-03-12T01:22:51.725+0000] {processor.py:186} INFO - Started process (PID=19325) to work on /home/ec2-user/environment/lab4_model_training/venv/lib64/python3.12/site-packages/airflow/example_dags/example_skip_dag.py
[2026-03-12T01:22:51.727+0000] {processor.py:914} INFO - Processing file /home/ec2-user/environment/lab4_model_training/venv/lib64/python3.12/site-packages/airflow/example_dags/example_skip_dag.py for tasks to queue
[2026-03-12T01:22:51.730+0000] {logging_mixin.py:190} INFO - [2026-03-12T01:22:51.729+0000] {dagbag.py:588} INFO - Filling up the DagBag from /home/ec2-user/environment/lab4_model_training/venv/lib64/python3.12/site-packages/airflow/example_dags/example_skip_dag.py
[2026-03-12T01:22:51.740+0000] {processor.py:925} INFO - DAG(s) 'example_skip_dag' retrieved from /home/ec2-user/environment/lab4_model_training/venv/lib64/python3.12/site-packages/airflow/example_dags/example_skip_dag.py
[2026-03-12T01:22:51.763+0000] {logging_mixin.py:190} INFO - [2026-03-12T01:22:51.763+0000] {dag.py:3239} INFO - Sync 1 DAGs
[2026-03-12T01:22:51.788+0000] {logging_mixin.py:190} INFO - [2026-03-12T01:22:51.787+0000] {dag.py:4180} INFO - Setting next_dagrun for example_skip_dag to 2026-03-11 00:00:00+00:00, run_after=2026-03-12 00:00:00+00:00
[2026-03-12T01:22:51.813+0000] {processor.py:208} INFO - Processing /home/ec2-user/environment/lab4_model_training/venv/lib64/python3.12/site-packages/airflow/example_dags/example_skip_dag.py took 0.094 seconds
[2026-03-12T01:24:00.079+0000] {processor.py:186} INFO - Started process (PID=19575) to work on /home/ec2-user/environment/lab4_model_training/venv/lib64/python3.12/site-packages/airflow/example_dags/example_skip_dag.py
[2026-03-12T01:24:00.080+0000] {processor.py:914} INFO - Processing file /home/ec2-user/environment/lab4_model_training/venv/lib64/python3.12/site-packages/airflow/example_dags/example_skip_dag.py for tasks to queue
[2026-03-12T01:24:00.083+0000] {logging_mixin.py:190} INFO - [2026-03-12T01:24:00.082+0000] {dagbag.py:588} INFO - Filling up the DagBag from /home/ec2-user/environment/lab4_model_training/venv/lib64/python3.12/site-packages/airflow/example_dags/example_skip_dag.py
[2026-03-12T01:24:00.092+0000] {processor.py:925} INFO - DAG(s) 'example_skip_dag' retrieved from /home/ec2-user/environment/lab4_model_training/venv/lib64/python3.12/site-packages/airflow/example_dags/example_skip_dag.py
[2026-03-12T01:24:00.114+0000] {logging_mixin.py:190} INFO - [2026-03-12T01:24:00.113+0000] {dag.py:3239} INFO - Sync 1 DAGs
[2026-03-12T01:24:00.255+0000] {logging_mixin.py:190} INFO - [2026-03-12T01:24:00.255+0000] {dag.py:4180} INFO - Setting next_dagrun for example_skip_dag to 2026-03-11 00:00:00+00:00, run_after=2026-03-12 00:00:00+00:00
[2026-03-12T01:24:00.277+0000] {processor.py:208} INFO - Processing /home/ec2-user/environment/lab4_model_training/venv/lib64/python3.12/site-packages/airflow/example_dags/example_skip_dag.py took 0.203 seconds
[2026-03-12T01:25:13.969+0000] {processor.py:186} INFO - Started process (PID=19931) to work on /home/ec2-user/environment/lab4_model_training/venv/lib64/python3.12/site-packages/airflow/example_dags/example_skip_dag.py
[2026-03-12T01:25:13.970+0000] {processor.py:914} INFO - Processing file /home/ec2-user/environment/lab4_model_training/venv/lib64/python3.12/site-packages/airflow/example_dags/example_skip_dag.py for tasks to queue
[2026-03-12T01:25:13.973+0000] {logging_mixin.py:190} INFO - [2026-03-12T01:25:13.972+0000] {dagbag.py:588} INFO - Filling up the DagBag from /home/ec2-user/environment/lab4_model_training/venv/lib64/python3.12/site-packages/airflow/example_dags/example_skip_dag.py
[2026-03-12T01:25:13.984+0000] {processor.py:925} INFO - DAG(s) 'example_skip_dag' retrieved from /home/ec2-user/environment/lab4_model_training/venv/lib64/python3.12/site-packages/airflow/example_dags/example_skip_dag.py
[2026-03-12T01:25:14.007+0000] {logging_mixin.py:190} INFO - [2026-03-12T01:25:14.007+0000] {dag.py:3239} INFO - Sync 1 DAGs
[2026-03-12T01:25:14.030+0000] {logging_mixin.py:190} INFO - [2026-03-12T01:25:14.030+0000] {dag.py:4180} INFO - Setting next_dagrun for example_skip_dag to 2026-03-11 00:00:00+00:00, run_after=2026-03-12 00:00:00+00:00
[2026-03-12T01:25:14.183+0000] {processor.py:208} INFO - Processing /home/ec2-user/environment/lab4_model_training/venv/lib64/python3.12/site-packages/airflow/example_dags/example_skip_dag.py took 0.220 seconds
[2026-03-12T01:26:24.134+0000] {processor.py:186} INFO - Started process (PID=20189) to work on /home/ec2-user/environment/lab4_model_training/venv/lib64/python3.12/site-packages/airflow/example_dags/example_skip_dag.py
[2026-03-12T01:26:24.136+0000] {processor.py:914} INFO - Processing file /home/ec2-user/environment/lab4_model_training/venv/lib64/python3.12/site-packages/airflow/example_dags/example_skip_dag.py for tasks to queue
[2026-03-12T01:26:24.139+0000] {logging_mixin.py:190} INFO - [2026-03-12T01:26:24.138+0000] {dagbag.py:588} INFO - Filling up the DagBag from /home/ec2-user/environment/lab4_model_training/venv/lib64/python3.12/site-packages/airflow/example_dags/example_skip_dag.py
[2026-03-12T01:26:24.148+0000] {processor.py:925} INFO - DAG(s) 'example_skip_dag' retrieved from /home/ec2-user/environment/lab4_model_training/venv/lib64/python3.12/site-packages/airflow/example_dags/example_skip_dag.py
[2026-03-12T01:26:24.169+0000] {logging_mixin.py:190} INFO - [2026-03-12T01:26:24.168+0000] {dag.py:3239} INFO - Sync 1 DAGs
[2026-03-12T01:26:24.191+0000] {logging_mixin.py:190} INFO - [2026-03-12T01:26:24.190+0000] {dag.py:4180} INFO - Setting next_dagrun for example_skip_dag to 2026-03-11 00:00:00+00:00, run_after=2026-03-12 00:00:00+00:00
[2026-03-12T01:26:24.213+0000] {processor.py:208} INFO - Processing /home/ec2-user/environment/lab4_model_training/venv/lib64/python3.12/site-packages/airflow/example_dags/example_skip_dag.py took 0.085 seconds
[2026-03-12T01:27:25.272+0000] {processor.py:186} INFO - Started process (PID=20466) to work on /home/ec2-user/environment/lab4_model_training/venv/lib64/python3.12/site-packages/airflow/example_dags/example_skip_dag.py
[2026-03-12T01:27:25.273+0000] {processor.py:914} INFO - Processing file /home/ec2-user/environment/lab4_model_training/venv/lib64/python3.12/site-packages/airflow/example_dags/example_skip_dag.py for tasks to queue
[2026-03-12T01:27:25.277+0000] {logging_mixin.py:190} INFO - [2026-03-12T01:27:25.276+0000] {dagbag.py:588} INFO - Filling up the DagBag from /home/ec2-user/environment/lab4_model_training/venv/lib64/python3.12/site-packages/airflow/example_dags/example_skip_dag.py
[2026-03-12T01:27:25.287+0000] {processor.py:925} INFO - DAG(s) 'example_skip_dag' retrieved from /home/ec2-user/environment/lab4_model_training/venv/lib64/python3.12/site-packages/airflow/example_dags/example_skip_dag.py
[2026-03-12T01:27:25.309+0000] {logging_mixin.py:190} INFO - [2026-03-12T01:27:25.309+0000] {dag.py:3239} INFO - Sync 1 DAGs
[2026-03-12T01:27:25.332+0000] {logging_mixin.py:190} INFO - [2026-03-12T01:27:25.332+0000] {dag.py:4180} INFO - Setting next_dagrun for example_skip_dag to 2026-03-11 00:00:00+00:00, run_after=2026-03-12 00:00:00+00:00
[2026-03-12T01:27:25.354+0000] {processor.py:208} INFO - Processing /home/ec2-user/environment/lab4_model_training/venv/lib64/python3.12/site-packages/airflow/example_dags/example_skip_dag.py took 0.091 seconds
[2026-03-12T01:28:26.116+0000] {processor.py:186} INFO - Started process (PID=20701) to work on /home/ec2-user/environment/lab4_model_training/venv/lib64/python3.12/site-packages/airflow/example_dags/example_skip_dag.py
[2026-03-12T01:28:26.117+0000] {processor.py:914} INFO - Processing file /home/ec2-user/environment/lab4_model_training/venv/lib64/python3.12/site-packages/airflow/example_dags/example_skip_dag.py for tasks to queue
[2026-03-12T01:28:26.119+0000] {logging_mixin.py:190} INFO - [2026-03-12T01:28:26.119+0000] {dagbag.py:588} INFO - Filling up the DagBag from /home/ec2-user/environment/lab4_model_training/venv/lib64/python3.12/site-packages/airflow/example_dags/example_skip_dag.py
[2026-03-12T01:28:26.128+0000] {processor.py:925} INFO - DAG(s) 'example_skip_dag' retrieved from /home/ec2-user/environment/lab4_model_training/venv/lib64/python3.12/site-packages/airflow/example_dags/example_skip_dag.py
[2026-03-12T01:28:26.149+0000] {logging_mixin.py:190} INFO - [2026-03-12T01:28:26.148+0000] {dag.py:3239} INFO - Sync 1 DAGs
[2026-03-12T01:28:26.172+0000] {logging_mixin.py:190} INFO - [2026-03-12T01:28:26.171+0000] {dag.py:4180} INFO - Setting next_dagrun for example_skip_dag to 2026-03-11 00:00:00+00:00, run_after=2026-03-12 00:00:00+00:00
[2026-03-12T01:28:26.196+0000] {processor.py:208} INFO - Processing /home/ec2-user/environment/lab4_model_training/venv/lib64/python3.12/site-packages/airflow/example_dags/example_skip_dag.py took 0.086 seconds
[2026-03-12T01:29:29.617+0000] {processor.py:186} INFO - Started process (PID=21007) to work on /home/ec2-user/environment/lab4_model_training/venv/lib64/python3.12/site-packages/airflow/example_dags/example_skip_dag.py
[2026-03-12T01:29:29.618+0000] {processor.py:914} INFO - Processing file /home/ec2-user/environment/lab4_model_training/venv/lib64/python3.12/site-packages/airflow/example_dags/example_skip_dag.py for tasks to queue
[2026-03-12T01:29:29.621+0000] {logging_mixin.py:190} INFO - [2026-03-12T01:29:29.621+0000] {dagbag.py:588} INFO - Filling up the DagBag from /home/ec2-user/environment/lab4_model_training/venv/lib64/python3.12/site-packages/airflow/example_dags/example_skip_dag.py
[2026-03-12T01:29:29.630+0000] {processor.py:925} INFO - DAG(s) 'example_skip_dag' retrieved from /home/ec2-user/environment/lab4_model_training/venv/lib64/python3.12/site-packages/airflow/example_dags/example_skip_dag.py
[2026-03-12T01:29:29.651+0000] {logging_mixin.py:190} INFO - [2026-03-12T01:29:29.650+0000] {dag.py:3239} INFO - Sync 1 DAGs
[2026-03-12T01:29:29.673+0000] {logging_mixin.py:190} INFO - [2026-03-12T01:29:29.673+0000] {dag.py:4180} INFO - Setting next_dagrun for example_skip_dag to 2026-03-11 00:00:00+00:00, run_after=2026-03-12 00:00:00+00:00
[2026-03-12T01:29:29.698+0000] {processor.py:208} INFO - Processing /home/ec2-user/environment/lab4_model_training/venv/lib64/python3.12/site-packages/airflow/example_dags/example_skip_dag.py took 0.086 seconds
[2026-03-12T01:30:29.705+0000] {processor.py:186} INFO - Started process (PID=21399) to work on /home/ec2-user/environment/lab4_model_training/venv/lib64/python3.12/site-packages/airflow/example_dags/example_skip_dag.py
[2026-03-12T01:30:29.706+0000] {processor.py:914} INFO - Processing file /home/ec2-user/environment/lab4_model_training/venv/lib64/python3.12/site-packages/airflow/example_dags/example_skip_dag.py for tasks to queue
[2026-03-12T01:30:29.709+0000] {logging_mixin.py:190} INFO - [2026-03-12T01:30:29.709+0000] {dagbag.py:588} INFO - Filling up the DagBag from /home/ec2-user/environment/lab4_model_training/venv/lib64/python3.12/site-packages/airflow/example_dags/example_skip_dag.py
[2026-03-12T01:30:29.719+0000] {processor.py:925} INFO - DAG(s) 'example_skip_dag' retrieved from /home/ec2-user/environment/lab4_model_training/venv/lib64/python3.12/site-packages/airflow/example_dags/example_skip_dag.py
[2026-03-12T01:30:29.740+0000] {logging_mixin.py:190} INFO - [2026-03-12T01:30:29.739+0000] {dag.py:3239} INFO - Sync 1 DAGs
[2026-03-12T01:30:29.760+0000] {logging_mixin.py:190} INFO - [2026-03-12T01:30:29.760+0000] {dag.py:4180} INFO - Setting next_dagrun for example_skip_dag to 2026-03-11 00:00:00+00:00, run_after=2026-03-12 00:00:00+00:00
[2026-03-12T01:30:29.782+0000] {processor.py:208} INFO - Processing /home/ec2-user/environment/lab4_model_training/venv/lib64/python3.12/site-packages/airflow/example_dags/example_skip_dag.py took 0.083 seconds
[2026-03-12T01:31:32.580+0000] {processor.py:186} INFO - Started process (PID=21692) to work on /home/ec2-user/environment/lab4_model_training/venv/lib64/python3.12/site-packages/airflow/example_dags/example_skip_dag.py
[2026-03-12T01:31:32.582+0000] {processor.py:914} INFO - Processing file /home/ec2-user/environment/lab4_model_training/venv/lib64/python3.12/site-packages/airflow/example_dags/example_skip_dag.py for tasks to queue
[2026-03-12T01:31:32.584+0000] {logging_mixin.py:190} INFO - [2026-03-12T01:31:32.583+0000] {dagbag.py:588} INFO - Filling up the DagBag from /home/ec2-user/environment/lab4_model_training/venv/lib64/python3.12/site-packages/airflow/example_dags/example_skip_dag.py
[2026-03-12T01:31:32.593+0000] {processor.py:925} INFO - DAG(s) 'example_skip_dag' retrieved from /home/ec2-user/environment/lab4_model_training/venv/lib64/python3.12/site-packages/airflow/example_dags/example_skip_dag.py
[2026-03-12T01:31:32.613+0000] {logging_mixin.py:190} INFO - [2026-03-12T01:31:32.613+0000] {dag.py:3239} INFO - Sync 1 DAGs
[2026-03-12T01:31:32.637+0000] {logging_mixin.py:190} INFO - [2026-03-12T01:31:32.637+0000] {dag.py:4180} INFO - Setting next_dagrun for example_skip_dag to 2026-03-11 00:00:00+00:00, run_after=2026-03-12 00:00:00+00:00
[2026-03-12T01:31:32.665+0000] {processor.py:208} INFO - Processing /home/ec2-user/environment/lab4_model_training/venv/lib64/python3.12/site-packages/airflow/example_dags/example_skip_dag.py took 0.091 seconds
[2026-03-12T01:32:33.063+0000] {processor.py:186} INFO - Started process (PID=21931) to work on /home/ec2-user/environment/lab4_model_training/venv/lib64/python3.12/site-packages/airflow/example_dags/example_skip_dag.py
[2026-03-12T01:32:33.065+0000] {processor.py:914} INFO - Processing file /home/ec2-user/environment/lab4_model_training/venv/lib64/python3.12/site-packages/airflow/example_dags/example_skip_dag.py for tasks to queue
[2026-03-12T01:32:33.067+0000] {logging_mixin.py:190} INFO - [2026-03-12T01:32:33.067+0000] {dagbag.py:588} INFO - Filling up the DagBag from /home/ec2-user/environment/lab4_model_training/venv/lib64/python3.12/site-packages/airflow/example_dags/example_skip_dag.py
[2026-03-12T01:32:33.077+0000] {processor.py:925} INFO - DAG(s) 'example_skip_dag' retrieved from /home/ec2-user/environment/lab4_model_training/venv/lib64/python3.12/site-packages/airflow/example_dags/example_skip_dag.py
[2026-03-12T01:32:33.098+0000] {logging_mixin.py:190} INFO - [2026-03-12T01:32:33.097+0000] {dag.py:3239} INFO - Sync 1 DAGs
[2026-03-12T01:32:33.121+0000] {logging_mixin.py:190} INFO - [2026-03-12T01:32:33.121+0000] {dag.py:4180} INFO - Setting next_dagrun for example_skip_dag to 2026-03-11 00:00:00+00:00, run_after=2026-03-12 00:00:00+00:00
[2026-03-12T01:32:33.144+0000] {processor.py:208} INFO - Processing /home/ec2-user/environment/lab4_model_training/venv/lib64/python3.12/site-packages/airflow/example_dags/example_skip_dag.py took 0.089 seconds
[2026-03-12T01:33:32.923+0000] {processor.py:186} INFO - Started process (PID=22197) to work on /home/ec2-user/environment/lab4_model_training/venv/lib64/python3.12/site-packages/airflow/example_dags/example_skip_dag.py
[2026-03-12T01:33:32.924+0000] {processor.py:914} INFO - Processing file /home/ec2-user/environment/lab4_model_training/venv/lib64/python3.12/site-packages/airflow/example_dags/example_skip_dag.py for tasks to queue
[2026-03-12T01:33:32.926+0000] {logging_mixin.py:190} INFO - [2026-03-12T01:33:32.926+0000] {dagbag.py:588} INFO - Filling up the DagBag from /home/ec2-user/environment/lab4_model_training/venv/lib64/python3.12/site-packages/airflow/example_dags/example_skip_dag.py
[2026-03-12T01:33:32.936+0000] {processor.py:925} INFO - DAG(s) 'example_skip_dag' retrieved from /home/ec2-user/environment/lab4_model_training/venv/lib64/python3.12/site-packages/airflow/example_dags/example_skip_dag.py
[2026-03-12T01:33:32.957+0000] {logging_mixin.py:190} INFO - [2026-03-12T01:33:32.956+0000] {dag.py:3239} INFO - Sync 1 DAGs
[2026-03-12T01:33:32.977+0000] {logging_mixin.py:190} INFO - [2026-03-12T01:33:32.977+0000] {dag.py:4180} INFO - Setting next_dagrun for example_skip_dag to 2026-03-11 00:00:00+00:00, run_after=2026-03-12 00:00:00+00:00
[2026-03-12T01:33:33.000+0000] {processor.py:208} INFO - Processing /home/ec2-user/environment/lab4_model_training/venv/lib64/python3.12/site-packages/airflow/example_dags/example_skip_dag.py took 0.083 seconds
