[2026-03-12T00:34:13.671+0000] {processor.py:186} INFO - Started process (PID=6494) to work on /home/ec2-user/environment/lab4_model_training/venv/lib64/python3.12/site-packages/airflow/example_dags/example_complex.py
[2026-03-12T00:34:13.671+0000] {processor.py:914} INFO - Processing file /home/ec2-user/environment/lab4_model_training/venv/lib64/python3.12/site-packages/airflow/example_dags/example_complex.py for tasks to queue
[2026-03-12T00:34:13.674+0000] {logging_mixin.py:190} INFO - [2026-03-12T00:34:13.673+0000] {dagbag.py:588} INFO - Filling up the DagBag from /home/ec2-user/environment/lab4_model_training/venv/lib64/python3.12/site-packages/airflow/example_dags/example_complex.py
[2026-03-12T00:34:13.690+0000] {processor.py:925} INFO - DAG(s) 'example_complex' retrieved from /home/ec2-user/environment/lab4_model_training/venv/lib64/python3.12/site-packages/airflow/example_dags/example_complex.py
[2026-03-12T00:34:13.814+0000] {logging_mixin.py:190} INFO - [2026-03-12T00:34:13.814+0000] {override.py:1930} INFO - Created Permission View: can delete on DAG:example_complex
[2026-03-12T00:34:13.830+0000] {logging_mixin.py:190} INFO - [2026-03-12T00:34:13.830+0000] {override.py:1930} INFO - Created Permission View: can edit on DAG:example_complex
[2026-03-12T00:34:13.843+0000] {logging_mixin.py:190} INFO - [2026-03-12T00:34:13.843+0000] {override.py:1930} INFO - Created Permission View: can read on DAG:example_complex
[2026-03-12T00:34:13.861+0000] {logging_mixin.py:190} INFO - [2026-03-12T00:34:13.860+0000] {override.py:1930} INFO - Created Permission View: menu access on DAG Run:example_complex
[2026-03-12T00:34:13.871+0000] {logging_mixin.py:190} INFO - [2026-03-12T00:34:13.870+0000] {override.py:1930} INFO - Created Permission View: can create on DAG Run:example_complex
[2026-03-12T00:34:13.881+0000] {logging_mixin.py:190} INFO - [2026-03-12T00:34:13.880+0000] {override.py:1930} INFO - Created Permission View: can delete on DAG Run:example_complex
[2026-03-12T00:34:13.890+0000] {logging_mixin.py:190} INFO - [2026-03-12T00:34:13.890+0000] {override.py:1930} INFO - Created Permission View: can read on DAG Run:example_complex
[2026-03-12T00:34:13.891+0000] {logging_mixin.py:190} INFO - [2026-03-12T00:34:13.890+0000] {dag.py:3239} INFO - Sync 1 DAGs
[2026-03-12T00:34:13.902+0000] {logging_mixin.py:190} INFO - [2026-03-12T00:34:13.901+0000] {dag.py:3262} INFO - Creating ORM DAG for example_complex
[2026-03-12T00:34:13.902+0000] {logging_mixin.py:190} INFO - [2026-03-12T00:34:13.902+0000] {dag.py:4180} INFO - Setting next_dagrun for example_complex to None, run_after=None
[2026-03-12T00:34:13.923+0000] {processor.py:208} INFO - Processing /home/ec2-user/environment/lab4_model_training/venv/lib64/python3.12/site-packages/airflow/example_dags/example_complex.py took 0.257 seconds
[2026-03-12T00:35:10.891+0000] {processor.py:186} INFO - Started process (PID=6772) to work on /home/ec2-user/environment/lab4_model_training/venv/lib64/python3.12/site-packages/airflow/example_dags/example_complex.py
[2026-03-12T00:35:10.900+0000] {processor.py:914} INFO - Processing file /home/ec2-user/environment/lab4_model_training/venv/lib64/python3.12/site-packages/airflow/example_dags/example_complex.py for tasks to queue
[2026-03-12T00:35:10.902+0000] {logging_mixin.py:190} INFO - [2026-03-12T00:35:10.902+0000] {dagbag.py:588} INFO - Filling up the DagBag from /home/ec2-user/environment/lab4_model_training/venv/lib64/python3.12/site-packages/airflow/example_dags/example_complex.py
[2026-03-12T00:35:10.919+0000] {processor.py:925} INFO - DAG(s) 'example_complex' retrieved from /home/ec2-user/environment/lab4_model_training/venv/lib64/python3.12/site-packages/airflow/example_dags/example_complex.py
[2026-03-12T00:35:10.994+0000] {logging_mixin.py:190} INFO - [2026-03-12T00:35:10.993+0000] {dag.py:3239} INFO - Sync 1 DAGs
[2026-03-12T00:35:11.017+0000] {logging_mixin.py:190} INFO - [2026-03-12T00:35:11.016+0000] {dag.py:4180} INFO - Setting next_dagrun for example_complex to None, run_after=None
[2026-03-12T00:35:11.055+0000] {processor.py:208} INFO - Processing /home/ec2-user/environment/lab4_model_training/venv/lib64/python3.12/site-packages/airflow/example_dags/example_complex.py took 0.170 seconds
[2026-03-12T00:36:14.436+0000] {processor.py:186} INFO - Started process (PID=7015) to work on /home/ec2-user/environment/lab4_model_training/venv/lib64/python3.12/site-packages/airflow/example_dags/example_complex.py
[2026-03-12T00:36:14.438+0000] {processor.py:914} INFO - Processing file /home/ec2-user/environment/lab4_model_training/venv/lib64/python3.12/site-packages/airflow/example_dags/example_complex.py for tasks to queue
[2026-03-12T00:36:14.440+0000] {logging_mixin.py:190} INFO - [2026-03-12T00:36:14.439+0000] {dagbag.py:588} INFO - Filling up the DagBag from /home/ec2-user/environment/lab4_model_training/venv/lib64/python3.12/site-packages/airflow/example_dags/example_complex.py
[2026-03-12T00:36:14.455+0000] {processor.py:925} INFO - DAG(s) 'example_complex' retrieved from /home/ec2-user/environment/lab4_model_training/venv/lib64/python3.12/site-packages/airflow/example_dags/example_complex.py
[2026-03-12T00:36:14.492+0000] {logging_mixin.py:190} INFO - [2026-03-12T00:36:14.492+0000] {dag.py:3239} INFO - Sync 1 DAGs
[2026-03-12T00:36:14.507+0000] {logging_mixin.py:190} INFO - [2026-03-12T00:36:14.507+0000] {dag.py:4180} INFO - Setting next_dagrun for example_complex to None, run_after=None
[2026-03-12T00:36:14.529+0000] {processor.py:208} INFO - Processing /home/ec2-user/environment/lab4_model_training/venv/lib64/python3.12/site-packages/airflow/example_dags/example_complex.py took 0.097 seconds
[2026-03-12T00:37:46.285+0000] {processor.py:186} INFO - Started process (PID=7381) to work on /home/ec2-user/environment/lab4_model_training/venv/lib64/python3.12/site-packages/airflow/example_dags/example_complex.py
[2026-03-12T00:37:46.286+0000] {processor.py:914} INFO - Processing file /home/ec2-user/environment/lab4_model_training/venv/lib64/python3.12/site-packages/airflow/example_dags/example_complex.py for tasks to queue
[2026-03-12T00:37:46.288+0000] {logging_mixin.py:190} INFO - [2026-03-12T00:37:46.288+0000] {dagbag.py:588} INFO - Filling up the DagBag from /home/ec2-user/environment/lab4_model_training/venv/lib64/python3.12/site-packages/airflow/example_dags/example_complex.py
[2026-03-12T00:37:46.304+0000] {processor.py:925} INFO - DAG(s) 'example_complex' retrieved from /home/ec2-user/environment/lab4_model_training/venv/lib64/python3.12/site-packages/airflow/example_dags/example_complex.py
[2026-03-12T00:37:46.347+0000] {logging_mixin.py:190} INFO - [2026-03-12T00:37:46.346+0000] {dag.py:3239} INFO - Sync 1 DAGs
[2026-03-12T00:37:46.361+0000] {logging_mixin.py:190} INFO - [2026-03-12T00:37:46.361+0000] {dag.py:4180} INFO - Setting next_dagrun for example_complex to None, run_after=None
[2026-03-12T00:37:46.384+0000] {processor.py:208} INFO - Processing /home/ec2-user/environment/lab4_model_training/venv/lib64/python3.12/site-packages/airflow/example_dags/example_complex.py took 0.103 seconds
[2026-03-12T00:38:41.227+0000] {processor.py:186} INFO - Started process (PID=7615) to work on /home/ec2-user/environment/lab4_model_training/venv/lib64/python3.12/site-packages/airflow/example_dags/example_complex.py
[2026-03-12T00:38:41.228+0000] {processor.py:914} INFO - Processing file /home/ec2-user/environment/lab4_model_training/venv/lib64/python3.12/site-packages/airflow/example_dags/example_complex.py for tasks to queue
[2026-03-12T00:38:41.230+0000] {logging_mixin.py:190} INFO - [2026-03-12T00:38:41.229+0000] {dagbag.py:588} INFO - Filling up the DagBag from /home/ec2-user/environment/lab4_model_training/venv/lib64/python3.12/site-packages/airflow/example_dags/example_complex.py
[2026-03-12T00:38:41.246+0000] {processor.py:925} INFO - DAG(s) 'example_complex' retrieved from /home/ec2-user/environment/lab4_model_training/venv/lib64/python3.12/site-packages/airflow/example_dags/example_complex.py
[2026-03-12T00:38:41.296+0000] {logging_mixin.py:190} INFO - [2026-03-12T00:38:41.295+0000] {dag.py:3239} INFO - Sync 1 DAGs
[2026-03-12T00:38:41.311+0000] {logging_mixin.py:190} INFO - [2026-03-12T00:38:41.311+0000] {dag.py:4180} INFO - Setting next_dagrun for example_complex to None, run_after=None
[2026-03-12T00:38:41.334+0000] {processor.py:208} INFO - Processing /home/ec2-user/environment/lab4_model_training/venv/lib64/python3.12/site-packages/airflow/example_dags/example_complex.py took 0.111 seconds
[2026-03-12T00:39:44.172+0000] {processor.py:186} INFO - Started process (PID=7901) to work on /home/ec2-user/environment/lab4_model_training/venv/lib64/python3.12/site-packages/airflow/example_dags/example_complex.py
[2026-03-12T00:39:44.173+0000] {processor.py:914} INFO - Processing file /home/ec2-user/environment/lab4_model_training/venv/lib64/python3.12/site-packages/airflow/example_dags/example_complex.py for tasks to queue
[2026-03-12T00:39:44.176+0000] {logging_mixin.py:190} INFO - [2026-03-12T00:39:44.176+0000] {dagbag.py:588} INFO - Filling up the DagBag from /home/ec2-user/environment/lab4_model_training/venv/lib64/python3.12/site-packages/airflow/example_dags/example_complex.py
[2026-03-12T00:39:44.193+0000] {processor.py:925} INFO - DAG(s) 'example_complex' retrieved from /home/ec2-user/environment/lab4_model_training/venv/lib64/python3.12/site-packages/airflow/example_dags/example_complex.py
[2026-03-12T00:39:44.229+0000] {logging_mixin.py:190} INFO - [2026-03-12T00:39:44.229+0000] {dag.py:3239} INFO - Sync 1 DAGs
[2026-03-12T00:39:44.245+0000] {logging_mixin.py:190} INFO - [2026-03-12T00:39:44.245+0000] {dag.py:4180} INFO - Setting next_dagrun for example_complex to None, run_after=None
[2026-03-12T00:39:44.270+0000] {processor.py:208} INFO - Processing /home/ec2-user/environment/lab4_model_training/venv/lib64/python3.12/site-packages/airflow/example_dags/example_complex.py took 0.103 seconds
[2026-03-12T00:40:44.254+0000] {processor.py:186} INFO - Started process (PID=8135) to work on /home/ec2-user/environment/lab4_model_training/venv/lib64/python3.12/site-packages/airflow/example_dags/example_complex.py
[2026-03-12T00:40:44.255+0000] {processor.py:914} INFO - Processing file /home/ec2-user/environment/lab4_model_training/venv/lib64/python3.12/site-packages/airflow/example_dags/example_complex.py for tasks to queue
[2026-03-12T00:40:44.257+0000] {logging_mixin.py:190} INFO - [2026-03-12T00:40:44.257+0000] {dagbag.py:588} INFO - Filling up the DagBag from /home/ec2-user/environment/lab4_model_training/venv/lib64/python3.12/site-packages/airflow/example_dags/example_complex.py
[2026-03-12T00:40:44.273+0000] {processor.py:925} INFO - DAG(s) 'example_complex' retrieved from /home/ec2-user/environment/lab4_model_training/venv/lib64/python3.12/site-packages/airflow/example_dags/example_complex.py
[2026-03-12T00:40:44.307+0000] {logging_mixin.py:190} INFO - [2026-03-12T00:40:44.306+0000] {dag.py:3239} INFO - Sync 1 DAGs
[2026-03-12T00:40:44.321+0000] {logging_mixin.py:190} INFO - [2026-03-12T00:40:44.321+0000] {dag.py:4180} INFO - Setting next_dagrun for example_complex to None, run_after=None
[2026-03-12T00:40:44.343+0000] {processor.py:208} INFO - Processing /home/ec2-user/environment/lab4_model_training/venv/lib64/python3.12/site-packages/airflow/example_dags/example_complex.py took 0.094 seconds
[2026-03-12T00:41:49.177+0000] {processor.py:186} INFO - Started process (PID=8434) to work on /home/ec2-user/environment/lab4_model_training/venv/lib64/python3.12/site-packages/airflow/example_dags/example_complex.py
[2026-03-12T00:41:49.178+0000] {processor.py:914} INFO - Processing file /home/ec2-user/environment/lab4_model_training/venv/lib64/python3.12/site-packages/airflow/example_dags/example_complex.py for tasks to queue
[2026-03-12T00:41:49.181+0000] {logging_mixin.py:190} INFO - [2026-03-12T00:41:49.181+0000] {dagbag.py:588} INFO - Filling up the DagBag from /home/ec2-user/environment/lab4_model_training/venv/lib64/python3.12/site-packages/airflow/example_dags/example_complex.py
[2026-03-12T00:41:49.197+0000] {processor.py:925} INFO - DAG(s) 'example_complex' retrieved from /home/ec2-user/environment/lab4_model_training/venv/lib64/python3.12/site-packages/airflow/example_dags/example_complex.py
[2026-03-12T00:41:49.236+0000] {logging_mixin.py:190} INFO - [2026-03-12T00:41:49.235+0000] {dag.py:3239} INFO - Sync 1 DAGs
[2026-03-12T00:41:49.253+0000] {logging_mixin.py:190} INFO - [2026-03-12T00:41:49.252+0000] {dag.py:4180} INFO - Setting next_dagrun for example_complex to None, run_after=None
[2026-03-12T00:41:49.277+0000] {processor.py:208} INFO - Processing /home/ec2-user/environment/lab4_model_training/venv/lib64/python3.12/site-packages/airflow/example_dags/example_complex.py took 0.104 seconds
[2026-03-12T00:42:49.346+0000] {processor.py:186} INFO - Started process (PID=8714) to work on /home/ec2-user/environment/lab4_model_training/venv/lib64/python3.12/site-packages/airflow/example_dags/example_complex.py
[2026-03-12T00:42:49.347+0000] {processor.py:914} INFO - Processing file /home/ec2-user/environment/lab4_model_training/venv/lib64/python3.12/site-packages/airflow/example_dags/example_complex.py for tasks to queue
[2026-03-12T00:42:49.350+0000] {logging_mixin.py:190} INFO - [2026-03-12T00:42:49.350+0000] {dagbag.py:588} INFO - Filling up the DagBag from /home/ec2-user/environment/lab4_model_training/venv/lib64/python3.12/site-packages/airflow/example_dags/example_complex.py
[2026-03-12T00:42:49.369+0000] {processor.py:925} INFO - DAG(s) 'example_complex' retrieved from /home/ec2-user/environment/lab4_model_training/venv/lib64/python3.12/site-packages/airflow/example_dags/example_complex.py
[2026-03-12T00:42:49.400+0000] {logging_mixin.py:190} INFO - [2026-03-12T00:42:49.400+0000] {dag.py:3239} INFO - Sync 1 DAGs
[2026-03-12T00:42:49.416+0000] {logging_mixin.py:190} INFO - [2026-03-12T00:42:49.415+0000] {dag.py:4180} INFO - Setting next_dagrun for example_complex to None, run_after=None
[2026-03-12T00:42:49.438+0000] {processor.py:208} INFO - Processing /home/ec2-user/environment/lab4_model_training/venv/lib64/python3.12/site-packages/airflow/example_dags/example_complex.py took 0.097 seconds
[2026-03-12T00:43:54.016+0000] {processor.py:186} INFO - Started process (PID=9053) to work on /home/ec2-user/environment/lab4_model_training/venv/lib64/python3.12/site-packages/airflow/example_dags/example_complex.py
[2026-03-12T00:43:54.017+0000] {processor.py:914} INFO - Processing file /home/ec2-user/environment/lab4_model_training/venv/lib64/python3.12/site-packages/airflow/example_dags/example_complex.py for tasks to queue
[2026-03-12T00:43:54.020+0000] {logging_mixin.py:190} INFO - [2026-03-12T00:43:54.020+0000] {dagbag.py:588} INFO - Filling up the DagBag from /home/ec2-user/environment/lab4_model_training/venv/lib64/python3.12/site-packages/airflow/example_dags/example_complex.py
[2026-03-12T00:43:54.037+0000] {processor.py:925} INFO - DAG(s) 'example_complex' retrieved from /home/ec2-user/environment/lab4_model_training/venv/lib64/python3.12/site-packages/airflow/example_dags/example_complex.py
[2026-03-12T00:43:54.079+0000] {logging_mixin.py:190} INFO - [2026-03-12T00:43:54.079+0000] {dag.py:3239} INFO - Sync 1 DAGs
[2026-03-12T00:43:54.094+0000] {logging_mixin.py:190} INFO - [2026-03-12T00:43:54.093+0000] {dag.py:4180} INFO - Setting next_dagrun for example_complex to None, run_after=None
[2026-03-12T00:43:54.117+0000] {processor.py:208} INFO - Processing /home/ec2-user/environment/lab4_model_training/venv/lib64/python3.12/site-packages/airflow/example_dags/example_complex.py took 0.105 seconds
[2026-03-12T00:45:45.053+0000] {processor.py:186} INFO - Started process (PID=9530) to work on /home/ec2-user/environment/lab4_model_training/venv/lib64/python3.12/site-packages/airflow/example_dags/example_complex.py
[2026-03-12T00:45:45.054+0000] {processor.py:914} INFO - Processing file /home/ec2-user/environment/lab4_model_training/venv/lib64/python3.12/site-packages/airflow/example_dags/example_complex.py for tasks to queue
[2026-03-12T00:45:45.057+0000] {logging_mixin.py:190} INFO - [2026-03-12T00:45:45.057+0000] {dagbag.py:588} INFO - Filling up the DagBag from /home/ec2-user/environment/lab4_model_training/venv/lib64/python3.12/site-packages/airflow/example_dags/example_complex.py
[2026-03-12T00:45:45.074+0000] {processor.py:925} INFO - DAG(s) 'example_complex' retrieved from /home/ec2-user/environment/lab4_model_training/venv/lib64/python3.12/site-packages/airflow/example_dags/example_complex.py
[2026-03-12T00:45:45.115+0000] {logging_mixin.py:190} INFO - [2026-03-12T00:45:45.115+0000] {dag.py:3239} INFO - Sync 1 DAGs
[2026-03-12T00:45:45.131+0000] {logging_mixin.py:190} INFO - [2026-03-12T00:45:45.130+0000] {dag.py:4180} INFO - Setting next_dagrun for example_complex to None, run_after=None
[2026-03-12T00:45:45.154+0000] {processor.py:208} INFO - Processing /home/ec2-user/environment/lab4_model_training/venv/lib64/python3.12/site-packages/airflow/example_dags/example_complex.py took 0.105 seconds
[2026-03-12T00:46:45.745+0000] {processor.py:186} INFO - Started process (PID=9761) to work on /home/ec2-user/environment/lab4_model_training/venv/lib64/python3.12/site-packages/airflow/example_dags/example_complex.py
[2026-03-12T00:46:45.746+0000] {processor.py:914} INFO - Processing file /home/ec2-user/environment/lab4_model_training/venv/lib64/python3.12/site-packages/airflow/example_dags/example_complex.py for tasks to queue
[2026-03-12T00:46:45.748+0000] {logging_mixin.py:190} INFO - [2026-03-12T00:46:45.748+0000] {dagbag.py:588} INFO - Filling up the DagBag from /home/ec2-user/environment/lab4_model_training/venv/lib64/python3.12/site-packages/airflow/example_dags/example_complex.py
[2026-03-12T00:46:45.764+0000] {processor.py:925} INFO - DAG(s) 'example_complex' retrieved from /home/ec2-user/environment/lab4_model_training/venv/lib64/python3.12/site-packages/airflow/example_dags/example_complex.py
[2026-03-12T00:46:45.798+0000] {logging_mixin.py:190} INFO - [2026-03-12T00:46:45.797+0000] {dag.py:3239} INFO - Sync 1 DAGs
[2026-03-12T00:46:45.813+0000] {logging_mixin.py:190} INFO - [2026-03-12T00:46:45.813+0000] {dag.py:4180} INFO - Setting next_dagrun for example_complex to None, run_after=None
[2026-03-12T00:46:45.843+0000] {processor.py:208} INFO - Processing /home/ec2-user/environment/lab4_model_training/venv/lib64/python3.12/site-packages/airflow/example_dags/example_complex.py took 0.102 seconds
[2026-03-12T00:47:22.961+0000] {processor.py:186} INFO - Started process (PID=9901) to work on /home/ec2-user/environment/lab4_model_training/venv/lib64/python3.12/site-packages/airflow/example_dags/example_complex.py
[2026-03-12T00:47:22.982+0000] {processor.py:914} INFO - Processing file /home/ec2-user/environment/lab4_model_training/venv/lib64/python3.12/site-packages/airflow/example_dags/example_complex.py for tasks to queue
[2026-03-12T00:47:22.984+0000] {logging_mixin.py:190} INFO - [2026-03-12T00:47:22.984+0000] {dagbag.py:588} INFO - Filling up the DagBag from /home/ec2-user/environment/lab4_model_training/venv/lib64/python3.12/site-packages/airflow/example_dags/example_complex.py
[2026-03-12T00:47:23.033+0000] {processor.py:925} INFO - DAG(s) 'example_complex' retrieved from /home/ec2-user/environment/lab4_model_training/venv/lib64/python3.12/site-packages/airflow/example_dags/example_complex.py
[2026-03-12T00:47:23.179+0000] {logging_mixin.py:190} INFO - [2026-03-12T00:47:23.178+0000] {dag.py:3239} INFO - Sync 1 DAGs
[2026-03-12T00:47:23.234+0000] {logging_mixin.py:190} INFO - [2026-03-12T00:47:23.234+0000] {dag.py:4180} INFO - Setting next_dagrun for example_complex to None, run_after=None
[2026-03-12T00:47:23.280+0000] {processor.py:208} INFO - Processing /home/ec2-user/environment/lab4_model_training/venv/lib64/python3.12/site-packages/airflow/example_dags/example_complex.py took 0.326 seconds
[2026-03-12T00:48:27.931+0000] {processor.py:186} INFO - Started process (PID=10211) to work on /home/ec2-user/environment/lab4_model_training/venv/lib64/python3.12/site-packages/airflow/example_dags/example_complex.py
[2026-03-12T00:48:27.932+0000] {processor.py:914} INFO - Processing file /home/ec2-user/environment/lab4_model_training/venv/lib64/python3.12/site-packages/airflow/example_dags/example_complex.py for tasks to queue
[2026-03-12T00:48:27.934+0000] {logging_mixin.py:190} INFO - [2026-03-12T00:48:27.934+0000] {dagbag.py:588} INFO - Filling up the DagBag from /home/ec2-user/environment/lab4_model_training/venv/lib64/python3.12/site-packages/airflow/example_dags/example_complex.py
[2026-03-12T00:48:27.952+0000] {processor.py:925} INFO - DAG(s) 'example_complex' retrieved from /home/ec2-user/environment/lab4_model_training/venv/lib64/python3.12/site-packages/airflow/example_dags/example_complex.py
[2026-03-12T00:48:27.987+0000] {logging_mixin.py:190} INFO - [2026-03-12T00:48:27.987+0000] {dag.py:3239} INFO - Sync 1 DAGs
[2026-03-12T00:48:28.002+0000] {logging_mixin.py:190} INFO - [2026-03-12T00:48:28.002+0000] {dag.py:4180} INFO - Setting next_dagrun for example_complex to None, run_after=None
[2026-03-12T00:48:28.024+0000] {processor.py:208} INFO - Processing /home/ec2-user/environment/lab4_model_training/venv/lib64/python3.12/site-packages/airflow/example_dags/example_complex.py took 0.098 seconds
[2026-03-12T00:49:32.573+0000] {processor.py:186} INFO - Started process (PID=10540) to work on /home/ec2-user/environment/lab4_model_training/venv/lib64/python3.12/site-packages/airflow/example_dags/example_complex.py
[2026-03-12T00:49:32.577+0000] {processor.py:914} INFO - Processing file /home/ec2-user/environment/lab4_model_training/venv/lib64/python3.12/site-packages/airflow/example_dags/example_complex.py for tasks to queue
[2026-03-12T00:49:32.579+0000] {logging_mixin.py:190} INFO - [2026-03-12T00:49:32.579+0000] {dagbag.py:588} INFO - Filling up the DagBag from /home/ec2-user/environment/lab4_model_training/venv/lib64/python3.12/site-packages/airflow/example_dags/example_complex.py
[2026-03-12T00:49:32.595+0000] {processor.py:925} INFO - DAG(s) 'example_complex' retrieved from /home/ec2-user/environment/lab4_model_training/venv/lib64/python3.12/site-packages/airflow/example_dags/example_complex.py
[2026-03-12T00:49:32.628+0000] {logging_mixin.py:190} INFO - [2026-03-12T00:49:32.628+0000] {dag.py:3239} INFO - Sync 1 DAGs
[2026-03-12T00:49:32.642+0000] {logging_mixin.py:190} INFO - [2026-03-12T00:49:32.642+0000] {dag.py:4180} INFO - Setting next_dagrun for example_complex to None, run_after=None
[2026-03-12T00:49:32.666+0000] {processor.py:208} INFO - Processing /home/ec2-user/environment/lab4_model_training/venv/lib64/python3.12/site-packages/airflow/example_dags/example_complex.py took 0.098 seconds
[2026-03-12T00:50:36.503+0000] {processor.py:186} INFO - Started process (PID=10792) to work on /home/ec2-user/environment/lab4_model_training/venv/lib64/python3.12/site-packages/airflow/example_dags/example_complex.py
[2026-03-12T00:50:36.504+0000] {processor.py:914} INFO - Processing file /home/ec2-user/environment/lab4_model_training/venv/lib64/python3.12/site-packages/airflow/example_dags/example_complex.py for tasks to queue
[2026-03-12T00:50:36.507+0000] {logging_mixin.py:190} INFO - [2026-03-12T00:50:36.506+0000] {dagbag.py:588} INFO - Filling up the DagBag from /home/ec2-user/environment/lab4_model_training/venv/lib64/python3.12/site-packages/airflow/example_dags/example_complex.py
[2026-03-12T00:50:36.524+0000] {processor.py:925} INFO - DAG(s) 'example_complex' retrieved from /home/ec2-user/environment/lab4_model_training/venv/lib64/python3.12/site-packages/airflow/example_dags/example_complex.py
[2026-03-12T00:50:36.562+0000] {logging_mixin.py:190} INFO - [2026-03-12T00:50:36.561+0000] {dag.py:3239} INFO - Sync 1 DAGs
[2026-03-12T00:50:36.583+0000] {logging_mixin.py:190} INFO - [2026-03-12T00:50:36.582+0000] {dag.py:4180} INFO - Setting next_dagrun for example_complex to None, run_after=None
[2026-03-12T00:50:36.607+0000] {processor.py:208} INFO - Processing /home/ec2-user/environment/lab4_model_training/venv/lib64/python3.12/site-packages/airflow/example_dags/example_complex.py took 0.108 seconds
[2026-03-12T00:51:37.417+0000] {processor.py:186} INFO - Started process (PID=11107) to work on /home/ec2-user/environment/lab4_model_training/venv/lib64/python3.12/site-packages/airflow/example_dags/example_complex.py
[2026-03-12T00:51:37.418+0000] {processor.py:914} INFO - Processing file /home/ec2-user/environment/lab4_model_training/venv/lib64/python3.12/site-packages/airflow/example_dags/example_complex.py for tasks to queue
[2026-03-12T00:51:37.421+0000] {logging_mixin.py:190} INFO - [2026-03-12T00:51:37.421+0000] {dagbag.py:588} INFO - Filling up the DagBag from /home/ec2-user/environment/lab4_model_training/venv/lib64/python3.12/site-packages/airflow/example_dags/example_complex.py
[2026-03-12T00:51:37.439+0000] {processor.py:925} INFO - DAG(s) 'example_complex' retrieved from /home/ec2-user/environment/lab4_model_training/venv/lib64/python3.12/site-packages/airflow/example_dags/example_complex.py
[2026-03-12T00:51:37.472+0000] {logging_mixin.py:190} INFO - [2026-03-12T00:51:37.472+0000] {dag.py:3239} INFO - Sync 1 DAGs
[2026-03-12T00:51:37.489+0000] {logging_mixin.py:190} INFO - [2026-03-12T00:51:37.489+0000] {dag.py:4180} INFO - Setting next_dagrun for example_complex to None, run_after=None
[2026-03-12T00:51:37.513+0000] {processor.py:208} INFO - Processing /home/ec2-user/environment/lab4_model_training/venv/lib64/python3.12/site-packages/airflow/example_dags/example_complex.py took 0.100 seconds
[2026-03-12T00:52:35.795+0000] {processor.py:186} INFO - Started process (PID=11383) to work on /home/ec2-user/environment/lab4_model_training/venv/lib64/python3.12/site-packages/airflow/example_dags/example_complex.py
[2026-03-12T00:52:35.796+0000] {processor.py:914} INFO - Processing file /home/ec2-user/environment/lab4_model_training/venv/lib64/python3.12/site-packages/airflow/example_dags/example_complex.py for tasks to queue
[2026-03-12T00:52:35.799+0000] {logging_mixin.py:190} INFO - [2026-03-12T00:52:35.799+0000] {dagbag.py:588} INFO - Filling up the DagBag from /home/ec2-user/environment/lab4_model_training/venv/lib64/python3.12/site-packages/airflow/example_dags/example_complex.py
[2026-03-12T00:52:35.817+0000] {processor.py:925} INFO - DAG(s) 'example_complex' retrieved from /home/ec2-user/environment/lab4_model_training/venv/lib64/python3.12/site-packages/airflow/example_dags/example_complex.py
[2026-03-12T00:52:35.850+0000] {logging_mixin.py:190} INFO - [2026-03-12T00:52:35.850+0000] {dag.py:3239} INFO - Sync 1 DAGs
[2026-03-12T00:52:35.871+0000] {logging_mixin.py:190} INFO - [2026-03-12T00:52:35.871+0000] {dag.py:4180} INFO - Setting next_dagrun for example_complex to None, run_after=None
[2026-03-12T00:52:35.893+0000] {processor.py:208} INFO - Processing /home/ec2-user/environment/lab4_model_training/venv/lib64/python3.12/site-packages/airflow/example_dags/example_complex.py took 0.102 seconds
[2026-03-12T00:53:36.447+0000] {processor.py:186} INFO - Started process (PID=11630) to work on /home/ec2-user/environment/lab4_model_training/venv/lib64/python3.12/site-packages/airflow/example_dags/example_complex.py
[2026-03-12T00:53:36.448+0000] {processor.py:914} INFO - Processing file /home/ec2-user/environment/lab4_model_training/venv/lib64/python3.12/site-packages/airflow/example_dags/example_complex.py for tasks to queue
[2026-03-12T00:53:36.450+0000] {logging_mixin.py:190} INFO - [2026-03-12T00:53:36.450+0000] {dagbag.py:588} INFO - Filling up the DagBag from /home/ec2-user/environment/lab4_model_training/venv/lib64/python3.12/site-packages/airflow/example_dags/example_complex.py
[2026-03-12T00:53:36.465+0000] {processor.py:925} INFO - DAG(s) 'example_complex' retrieved from /home/ec2-user/environment/lab4_model_training/venv/lib64/python3.12/site-packages/airflow/example_dags/example_complex.py
[2026-03-12T00:53:36.501+0000] {logging_mixin.py:190} INFO - [2026-03-12T00:53:36.501+0000] {dag.py:3239} INFO - Sync 1 DAGs
[2026-03-12T00:53:36.515+0000] {logging_mixin.py:190} INFO - [2026-03-12T00:53:36.515+0000] {dag.py:4180} INFO - Setting next_dagrun for example_complex to None, run_after=None
[2026-03-12T00:53:36.537+0000] {processor.py:208} INFO - Processing /home/ec2-user/environment/lab4_model_training/venv/lib64/python3.12/site-packages/airflow/example_dags/example_complex.py took 0.096 seconds
[2026-03-12T00:54:38.073+0000] {processor.py:186} INFO - Started process (PID=11913) to work on /home/ec2-user/environment/lab4_model_training/venv/lib64/python3.12/site-packages/airflow/example_dags/example_complex.py
[2026-03-12T00:54:38.074+0000] {processor.py:914} INFO - Processing file /home/ec2-user/environment/lab4_model_training/venv/lib64/python3.12/site-packages/airflow/example_dags/example_complex.py for tasks to queue
[2026-03-12T00:54:38.076+0000] {logging_mixin.py:190} INFO - [2026-03-12T00:54:38.076+0000] {dagbag.py:588} INFO - Filling up the DagBag from /home/ec2-user/environment/lab4_model_training/venv/lib64/python3.12/site-packages/airflow/example_dags/example_complex.py
[2026-03-12T00:54:38.092+0000] {processor.py:925} INFO - DAG(s) 'example_complex' retrieved from /home/ec2-user/environment/lab4_model_training/venv/lib64/python3.12/site-packages/airflow/example_dags/example_complex.py
[2026-03-12T00:54:38.125+0000] {logging_mixin.py:190} INFO - [2026-03-12T00:54:38.125+0000] {dag.py:3239} INFO - Sync 1 DAGs
[2026-03-12T00:54:38.140+0000] {logging_mixin.py:190} INFO - [2026-03-12T00:54:38.140+0000] {dag.py:4180} INFO - Setting next_dagrun for example_complex to None, run_after=None
[2026-03-12T00:54:38.163+0000] {processor.py:208} INFO - Processing /home/ec2-user/environment/lab4_model_training/venv/lib64/python3.12/site-packages/airflow/example_dags/example_complex.py took 0.096 seconds
[2026-03-12T00:55:43.950+0000] {processor.py:186} INFO - Started process (PID=12151) to work on /home/ec2-user/environment/lab4_model_training/venv/lib64/python3.12/site-packages/airflow/example_dags/example_complex.py
[2026-03-12T00:55:43.951+0000] {processor.py:914} INFO - Processing file /home/ec2-user/environment/lab4_model_training/venv/lib64/python3.12/site-packages/airflow/example_dags/example_complex.py for tasks to queue
[2026-03-12T00:55:43.954+0000] {logging_mixin.py:190} INFO - [2026-03-12T00:55:43.954+0000] {dagbag.py:588} INFO - Filling up the DagBag from /home/ec2-user/environment/lab4_model_training/venv/lib64/python3.12/site-packages/airflow/example_dags/example_complex.py
[2026-03-12T00:55:43.971+0000] {processor.py:925} INFO - DAG(s) 'example_complex' retrieved from /home/ec2-user/environment/lab4_model_training/venv/lib64/python3.12/site-packages/airflow/example_dags/example_complex.py
[2026-03-12T00:55:44.006+0000] {logging_mixin.py:190} INFO - [2026-03-12T00:55:44.005+0000] {dag.py:3239} INFO - Sync 1 DAGs
[2026-03-12T00:55:44.021+0000] {logging_mixin.py:190} INFO - [2026-03-12T00:55:44.020+0000] {dag.py:4180} INFO - Setting next_dagrun for example_complex to None, run_after=None
[2026-03-12T00:55:44.044+0000] {processor.py:208} INFO - Processing /home/ec2-user/environment/lab4_model_training/venv/lib64/python3.12/site-packages/airflow/example_dags/example_complex.py took 0.099 seconds
[2026-03-12T00:56:45.930+0000] {processor.py:186} INFO - Started process (PID=12435) to work on /home/ec2-user/environment/lab4_model_training/venv/lib64/python3.12/site-packages/airflow/example_dags/example_complex.py
[2026-03-12T00:56:45.931+0000] {processor.py:914} INFO - Processing file /home/ec2-user/environment/lab4_model_training/venv/lib64/python3.12/site-packages/airflow/example_dags/example_complex.py for tasks to queue
[2026-03-12T00:56:45.934+0000] {logging_mixin.py:190} INFO - [2026-03-12T00:56:45.934+0000] {dagbag.py:588} INFO - Filling up the DagBag from /home/ec2-user/environment/lab4_model_training/venv/lib64/python3.12/site-packages/airflow/example_dags/example_complex.py
[2026-03-12T00:56:45.950+0000] {processor.py:925} INFO - DAG(s) 'example_complex' retrieved from /home/ec2-user/environment/lab4_model_training/venv/lib64/python3.12/site-packages/airflow/example_dags/example_complex.py
[2026-03-12T00:56:45.985+0000] {logging_mixin.py:190} INFO - [2026-03-12T00:56:45.985+0000] {dag.py:3239} INFO - Sync 1 DAGs
[2026-03-12T00:56:46.000+0000] {logging_mixin.py:190} INFO - [2026-03-12T00:56:46.000+0000] {dag.py:4180} INFO - Setting next_dagrun for example_complex to None, run_after=None
[2026-03-12T00:56:46.023+0000] {processor.py:208} INFO - Processing /home/ec2-user/environment/lab4_model_training/venv/lib64/python3.12/site-packages/airflow/example_dags/example_complex.py took 0.098 seconds
[2026-03-12T00:57:48.168+0000] {processor.py:186} INFO - Started process (PID=12670) to work on /home/ec2-user/environment/lab4_model_training/venv/lib64/python3.12/site-packages/airflow/example_dags/example_complex.py
[2026-03-12T00:57:48.169+0000] {processor.py:914} INFO - Processing file /home/ec2-user/environment/lab4_model_training/venv/lib64/python3.12/site-packages/airflow/example_dags/example_complex.py for tasks to queue
[2026-03-12T00:57:48.171+0000] {logging_mixin.py:190} INFO - [2026-03-12T00:57:48.171+0000] {dagbag.py:588} INFO - Filling up the DagBag from /home/ec2-user/environment/lab4_model_training/venv/lib64/python3.12/site-packages/airflow/example_dags/example_complex.py
[2026-03-12T00:57:48.187+0000] {processor.py:925} INFO - DAG(s) 'example_complex' retrieved from /home/ec2-user/environment/lab4_model_training/venv/lib64/python3.12/site-packages/airflow/example_dags/example_complex.py
[2026-03-12T00:57:48.220+0000] {logging_mixin.py:190} INFO - [2026-03-12T00:57:48.220+0000] {dag.py:3239} INFO - Sync 1 DAGs
[2026-03-12T00:57:48.236+0000] {logging_mixin.py:190} INFO - [2026-03-12T00:57:48.236+0000] {dag.py:4180} INFO - Setting next_dagrun for example_complex to None, run_after=None
[2026-03-12T00:57:48.258+0000] {processor.py:208} INFO - Processing /home/ec2-user/environment/lab4_model_training/venv/lib64/python3.12/site-packages/airflow/example_dags/example_complex.py took 0.095 seconds
[2026-03-12T00:58:49.867+0000] {processor.py:186} INFO - Started process (PID=12954) to work on /home/ec2-user/environment/lab4_model_training/venv/lib64/python3.12/site-packages/airflow/example_dags/example_complex.py
[2026-03-12T00:58:49.868+0000] {processor.py:914} INFO - Processing file /home/ec2-user/environment/lab4_model_training/venv/lib64/python3.12/site-packages/airflow/example_dags/example_complex.py for tasks to queue
[2026-03-12T00:58:49.872+0000] {logging_mixin.py:190} INFO - [2026-03-12T00:58:49.871+0000] {dagbag.py:588} INFO - Filling up the DagBag from /home/ec2-user/environment/lab4_model_training/venv/lib64/python3.12/site-packages/airflow/example_dags/example_complex.py
[2026-03-12T00:58:49.887+0000] {processor.py:925} INFO - DAG(s) 'example_complex' retrieved from /home/ec2-user/environment/lab4_model_training/venv/lib64/python3.12/site-packages/airflow/example_dags/example_complex.py
[2026-03-12T00:58:49.924+0000] {logging_mixin.py:190} INFO - [2026-03-12T00:58:49.924+0000] {dag.py:3239} INFO - Sync 1 DAGs
[2026-03-12T00:58:49.942+0000] {logging_mixin.py:190} INFO - [2026-03-12T00:58:49.941+0000] {dag.py:4180} INFO - Setting next_dagrun for example_complex to None, run_after=None
[2026-03-12T00:58:49.967+0000] {processor.py:208} INFO - Processing /home/ec2-user/environment/lab4_model_training/venv/lib64/python3.12/site-packages/airflow/example_dags/example_complex.py took 0.105 seconds
[2026-03-12T00:59:52.631+0000] {processor.py:186} INFO - Started process (PID=13218) to work on /home/ec2-user/environment/lab4_model_training/venv/lib64/python3.12/site-packages/airflow/example_dags/example_complex.py
[2026-03-12T00:59:52.632+0000] {processor.py:914} INFO - Processing file /home/ec2-user/environment/lab4_model_training/venv/lib64/python3.12/site-packages/airflow/example_dags/example_complex.py for tasks to queue
[2026-03-12T00:59:52.635+0000] {logging_mixin.py:190} INFO - [2026-03-12T00:59:52.634+0000] {dagbag.py:588} INFO - Filling up the DagBag from /home/ec2-user/environment/lab4_model_training/venv/lib64/python3.12/site-packages/airflow/example_dags/example_complex.py
[2026-03-12T00:59:52.659+0000] {processor.py:925} INFO - DAG(s) 'example_complex' retrieved from /home/ec2-user/environment/lab4_model_training/venv/lib64/python3.12/site-packages/airflow/example_dags/example_complex.py
[2026-03-12T00:59:52.690+0000] {logging_mixin.py:190} INFO - [2026-03-12T00:59:52.690+0000] {dag.py:3239} INFO - Sync 1 DAGs
[2026-03-12T00:59:52.705+0000] {logging_mixin.py:190} INFO - [2026-03-12T00:59:52.705+0000] {dag.py:4180} INFO - Setting next_dagrun for example_complex to None, run_after=None
[2026-03-12T00:59:52.729+0000] {processor.py:208} INFO - Processing /home/ec2-user/environment/lab4_model_training/venv/lib64/python3.12/site-packages/airflow/example_dags/example_complex.py took 0.103 seconds
[2026-03-12T01:00:57.397+0000] {processor.py:186} INFO - Started process (PID=13519) to work on /home/ec2-user/environment/lab4_model_training/venv/lib64/python3.12/site-packages/airflow/example_dags/example_complex.py
[2026-03-12T01:00:57.398+0000] {processor.py:914} INFO - Processing file /home/ec2-user/environment/lab4_model_training/venv/lib64/python3.12/site-packages/airflow/example_dags/example_complex.py for tasks to queue
[2026-03-12T01:00:57.401+0000] {logging_mixin.py:190} INFO - [2026-03-12T01:00:57.400+0000] {dagbag.py:588} INFO - Filling up the DagBag from /home/ec2-user/environment/lab4_model_training/venv/lib64/python3.12/site-packages/airflow/example_dags/example_complex.py
[2026-03-12T01:00:57.416+0000] {processor.py:925} INFO - DAG(s) 'example_complex' retrieved from /home/ec2-user/environment/lab4_model_training/venv/lib64/python3.12/site-packages/airflow/example_dags/example_complex.py
[2026-03-12T01:00:57.452+0000] {logging_mixin.py:190} INFO - [2026-03-12T01:00:57.452+0000] {dag.py:3239} INFO - Sync 1 DAGs
[2026-03-12T01:00:57.466+0000] {logging_mixin.py:190} INFO - [2026-03-12T01:00:57.466+0000] {dag.py:4180} INFO - Setting next_dagrun for example_complex to None, run_after=None
[2026-03-12T01:00:57.490+0000] {processor.py:208} INFO - Processing /home/ec2-user/environment/lab4_model_training/venv/lib64/python3.12/site-packages/airflow/example_dags/example_complex.py took 0.099 seconds
[2026-03-12T01:02:00.017+0000] {processor.py:186} INFO - Started process (PID=13773) to work on /home/ec2-user/environment/lab4_model_training/venv/lib64/python3.12/site-packages/airflow/example_dags/example_complex.py
[2026-03-12T01:02:00.018+0000] {processor.py:914} INFO - Processing file /home/ec2-user/environment/lab4_model_training/venv/lib64/python3.12/site-packages/airflow/example_dags/example_complex.py for tasks to queue
[2026-03-12T01:02:00.021+0000] {logging_mixin.py:190} INFO - [2026-03-12T01:02:00.021+0000] {dagbag.py:588} INFO - Filling up the DagBag from /home/ec2-user/environment/lab4_model_training/venv/lib64/python3.12/site-packages/airflow/example_dags/example_complex.py
[2026-03-12T01:02:00.037+0000] {processor.py:925} INFO - DAG(s) 'example_complex' retrieved from /home/ec2-user/environment/lab4_model_training/venv/lib64/python3.12/site-packages/airflow/example_dags/example_complex.py
[2026-03-12T01:02:00.072+0000] {logging_mixin.py:190} INFO - [2026-03-12T01:02:00.072+0000] {dag.py:3239} INFO - Sync 1 DAGs
[2026-03-12T01:02:00.087+0000] {logging_mixin.py:190} INFO - [2026-03-12T01:02:00.087+0000] {dag.py:4180} INFO - Setting next_dagrun for example_complex to None, run_after=None
[2026-03-12T01:02:00.111+0000] {processor.py:208} INFO - Processing /home/ec2-user/environment/lab4_model_training/venv/lib64/python3.12/site-packages/airflow/example_dags/example_complex.py took 0.099 seconds
[2026-03-12T01:03:05.608+0000] {processor.py:186} INFO - Started process (PID=14081) to work on /home/ec2-user/environment/lab4_model_training/venv/lib64/python3.12/site-packages/airflow/example_dags/example_complex.py
[2026-03-12T01:03:05.609+0000] {processor.py:914} INFO - Processing file /home/ec2-user/environment/lab4_model_training/venv/lib64/python3.12/site-packages/airflow/example_dags/example_complex.py for tasks to queue
[2026-03-12T01:03:05.611+0000] {logging_mixin.py:190} INFO - [2026-03-12T01:03:05.611+0000] {dagbag.py:588} INFO - Filling up the DagBag from /home/ec2-user/environment/lab4_model_training/venv/lib64/python3.12/site-packages/airflow/example_dags/example_complex.py
[2026-03-12T01:03:05.627+0000] {processor.py:925} INFO - DAG(s) 'example_complex' retrieved from /home/ec2-user/environment/lab4_model_training/venv/lib64/python3.12/site-packages/airflow/example_dags/example_complex.py
[2026-03-12T01:03:05.663+0000] {logging_mixin.py:190} INFO - [2026-03-12T01:03:05.662+0000] {dag.py:3239} INFO - Sync 1 DAGs
[2026-03-12T01:03:05.678+0000] {logging_mixin.py:190} INFO - [2026-03-12T01:03:05.678+0000] {dag.py:4180} INFO - Setting next_dagrun for example_complex to None, run_after=None
[2026-03-12T01:03:05.701+0000] {processor.py:208} INFO - Processing /home/ec2-user/environment/lab4_model_training/venv/lib64/python3.12/site-packages/airflow/example_dags/example_complex.py took 0.099 seconds
[2026-03-12T01:04:05.659+0000] {processor.py:186} INFO - Started process (PID=14306) to work on /home/ec2-user/environment/lab4_model_training/venv/lib64/python3.12/site-packages/airflow/example_dags/example_complex.py
[2026-03-12T01:04:05.660+0000] {processor.py:914} INFO - Processing file /home/ec2-user/environment/lab4_model_training/venv/lib64/python3.12/site-packages/airflow/example_dags/example_complex.py for tasks to queue
[2026-03-12T01:04:05.662+0000] {logging_mixin.py:190} INFO - [2026-03-12T01:04:05.662+0000] {dagbag.py:588} INFO - Filling up the DagBag from /home/ec2-user/environment/lab4_model_training/venv/lib64/python3.12/site-packages/airflow/example_dags/example_complex.py
[2026-03-12T01:04:05.678+0000] {processor.py:925} INFO - DAG(s) 'example_complex' retrieved from /home/ec2-user/environment/lab4_model_training/venv/lib64/python3.12/site-packages/airflow/example_dags/example_complex.py
[2026-03-12T01:04:05.711+0000] {logging_mixin.py:190} INFO - [2026-03-12T01:04:05.711+0000] {dag.py:3239} INFO - Sync 1 DAGs
[2026-03-12T01:04:05.727+0000] {logging_mixin.py:190} INFO - [2026-03-12T01:04:05.727+0000] {dag.py:4180} INFO - Setting next_dagrun for example_complex to None, run_after=None
[2026-03-12T01:04:05.751+0000] {processor.py:208} INFO - Processing /home/ec2-user/environment/lab4_model_training/venv/lib64/python3.12/site-packages/airflow/example_dags/example_complex.py took 0.097 seconds
[2026-03-12T01:04:46.192+0000] {processor.py:186} INFO - Started process (PID=14504) to work on /home/ec2-user/environment/lab4_model_training/venv/lib64/python3.12/site-packages/airflow/example_dags/example_complex.py
[2026-03-12T01:04:46.193+0000] {processor.py:914} INFO - Processing file /home/ec2-user/environment/lab4_model_training/venv/lib64/python3.12/site-packages/airflow/example_dags/example_complex.py for tasks to queue
[2026-03-12T01:04:46.195+0000] {logging_mixin.py:190} INFO - [2026-03-12T01:04:46.195+0000] {dagbag.py:588} INFO - Filling up the DagBag from /home/ec2-user/environment/lab4_model_training/venv/lib64/python3.12/site-packages/airflow/example_dags/example_complex.py
[2026-03-12T01:04:46.211+0000] {processor.py:925} INFO - DAG(s) 'example_complex' retrieved from /home/ec2-user/environment/lab4_model_training/venv/lib64/python3.12/site-packages/airflow/example_dags/example_complex.py
[2026-03-12T01:04:46.247+0000] {logging_mixin.py:190} INFO - [2026-03-12T01:04:46.247+0000] {dag.py:3239} INFO - Sync 1 DAGs
[2026-03-12T01:04:46.262+0000] {logging_mixin.py:190} INFO - [2026-03-12T01:04:46.262+0000] {dag.py:4180} INFO - Setting next_dagrun for example_complex to None, run_after=None
[2026-03-12T01:04:46.285+0000] {processor.py:208} INFO - Processing /home/ec2-user/environment/lab4_model_training/venv/lib64/python3.12/site-packages/airflow/example_dags/example_complex.py took 0.098 seconds
[2026-03-12T01:05:43.897+0000] {processor.py:186} INFO - Started process (PID=14736) to work on /home/ec2-user/environment/lab4_model_training/venv/lib64/python3.12/site-packages/airflow/example_dags/example_complex.py
[2026-03-12T01:05:43.898+0000] {processor.py:914} INFO - Processing file /home/ec2-user/environment/lab4_model_training/venv/lib64/python3.12/site-packages/airflow/example_dags/example_complex.py for tasks to queue
[2026-03-12T01:05:43.902+0000] {logging_mixin.py:190} INFO - [2026-03-12T01:05:43.901+0000] {dagbag.py:588} INFO - Filling up the DagBag from /home/ec2-user/environment/lab4_model_training/venv/lib64/python3.12/site-packages/airflow/example_dags/example_complex.py
[2026-03-12T01:05:43.918+0000] {processor.py:925} INFO - DAG(s) 'example_complex' retrieved from /home/ec2-user/environment/lab4_model_training/venv/lib64/python3.12/site-packages/airflow/example_dags/example_complex.py
[2026-03-12T01:05:43.953+0000] {logging_mixin.py:190} INFO - [2026-03-12T01:05:43.953+0000] {dag.py:3239} INFO - Sync 1 DAGs
[2026-03-12T01:05:43.968+0000] {logging_mixin.py:190} INFO - [2026-03-12T01:05:43.968+0000] {dag.py:4180} INFO - Setting next_dagrun for example_complex to None, run_after=None
[2026-03-12T01:05:43.994+0000] {processor.py:208} INFO - Processing /home/ec2-user/environment/lab4_model_training/venv/lib64/python3.12/site-packages/airflow/example_dags/example_complex.py took 0.102 seconds
[2026-03-12T01:06:44.256+0000] {processor.py:186} INFO - Started process (PID=15030) to work on /home/ec2-user/environment/lab4_model_training/venv/lib64/python3.12/site-packages/airflow/example_dags/example_complex.py
[2026-03-12T01:06:44.258+0000] {processor.py:914} INFO - Processing file /home/ec2-user/environment/lab4_model_training/venv/lib64/python3.12/site-packages/airflow/example_dags/example_complex.py for tasks to queue
[2026-03-12T01:06:44.261+0000] {logging_mixin.py:190} INFO - [2026-03-12T01:06:44.260+0000] {dagbag.py:588} INFO - Filling up the DagBag from /home/ec2-user/environment/lab4_model_training/venv/lib64/python3.12/site-packages/airflow/example_dags/example_complex.py
[2026-03-12T01:06:44.277+0000] {processor.py:925} INFO - DAG(s) 'example_complex' retrieved from /home/ec2-user/environment/lab4_model_training/venv/lib64/python3.12/site-packages/airflow/example_dags/example_complex.py
[2026-03-12T01:06:44.314+0000] {logging_mixin.py:190} INFO - [2026-03-12T01:06:44.314+0000] {dag.py:3239} INFO - Sync 1 DAGs
[2026-03-12T01:06:44.329+0000] {logging_mixin.py:190} INFO - [2026-03-12T01:06:44.329+0000] {dag.py:4180} INFO - Setting next_dagrun for example_complex to None, run_after=None
[2026-03-12T01:06:44.352+0000] {processor.py:208} INFO - Processing /home/ec2-user/environment/lab4_model_training/venv/lib64/python3.12/site-packages/airflow/example_dags/example_complex.py took 0.101 seconds
[2026-03-12T01:07:45.281+0000] {processor.py:186} INFO - Started process (PID=15315) to work on /home/ec2-user/environment/lab4_model_training/venv/lib64/python3.12/site-packages/airflow/example_dags/example_complex.py
[2026-03-12T01:07:45.282+0000] {processor.py:914} INFO - Processing file /home/ec2-user/environment/lab4_model_training/venv/lib64/python3.12/site-packages/airflow/example_dags/example_complex.py for tasks to queue
[2026-03-12T01:07:45.285+0000] {logging_mixin.py:190} INFO - [2026-03-12T01:07:45.284+0000] {dagbag.py:588} INFO - Filling up the DagBag from /home/ec2-user/environment/lab4_model_training/venv/lib64/python3.12/site-packages/airflow/example_dags/example_complex.py
[2026-03-12T01:07:45.301+0000] {processor.py:925} INFO - DAG(s) 'example_complex' retrieved from /home/ec2-user/environment/lab4_model_training/venv/lib64/python3.12/site-packages/airflow/example_dags/example_complex.py
[2026-03-12T01:07:45.339+0000] {logging_mixin.py:190} INFO - [2026-03-12T01:07:45.339+0000] {dag.py:3239} INFO - Sync 1 DAGs
[2026-03-12T01:07:45.358+0000] {logging_mixin.py:190} INFO - [2026-03-12T01:07:45.357+0000] {dag.py:4180} INFO - Setting next_dagrun for example_complex to None, run_after=None
[2026-03-12T01:07:45.382+0000] {processor.py:208} INFO - Processing /home/ec2-user/environment/lab4_model_training/venv/lib64/python3.12/site-packages/airflow/example_dags/example_complex.py took 0.107 seconds
[2026-03-12T01:08:47.695+0000] {processor.py:186} INFO - Started process (PID=15547) to work on /home/ec2-user/environment/lab4_model_training/venv/lib64/python3.12/site-packages/airflow/example_dags/example_complex.py
[2026-03-12T01:08:47.696+0000] {processor.py:914} INFO - Processing file /home/ec2-user/environment/lab4_model_training/venv/lib64/python3.12/site-packages/airflow/example_dags/example_complex.py for tasks to queue
[2026-03-12T01:08:47.698+0000] {logging_mixin.py:190} INFO - [2026-03-12T01:08:47.698+0000] {dagbag.py:588} INFO - Filling up the DagBag from /home/ec2-user/environment/lab4_model_training/venv/lib64/python3.12/site-packages/airflow/example_dags/example_complex.py
[2026-03-12T01:08:47.714+0000] {processor.py:925} INFO - DAG(s) 'example_complex' retrieved from /home/ec2-user/environment/lab4_model_training/venv/lib64/python3.12/site-packages/airflow/example_dags/example_complex.py
[2026-03-12T01:08:47.750+0000] {logging_mixin.py:190} INFO - [2026-03-12T01:08:47.749+0000] {dag.py:3239} INFO - Sync 1 DAGs
[2026-03-12T01:08:47.764+0000] {logging_mixin.py:190} INFO - [2026-03-12T01:08:47.764+0000] {dag.py:4180} INFO - Setting next_dagrun for example_complex to None, run_after=None
[2026-03-12T01:08:47.789+0000] {processor.py:208} INFO - Processing /home/ec2-user/environment/lab4_model_training/venv/lib64/python3.12/site-packages/airflow/example_dags/example_complex.py took 0.099 seconds
[2026-03-12T01:09:49.371+0000] {processor.py:186} INFO - Started process (PID=15835) to work on /home/ec2-user/environment/lab4_model_training/venv/lib64/python3.12/site-packages/airflow/example_dags/example_complex.py
[2026-03-12T01:09:49.372+0000] {processor.py:914} INFO - Processing file /home/ec2-user/environment/lab4_model_training/venv/lib64/python3.12/site-packages/airflow/example_dags/example_complex.py for tasks to queue
[2026-03-12T01:09:49.375+0000] {logging_mixin.py:190} INFO - [2026-03-12T01:09:49.374+0000] {dagbag.py:588} INFO - Filling up the DagBag from /home/ec2-user/environment/lab4_model_training/venv/lib64/python3.12/site-packages/airflow/example_dags/example_complex.py
[2026-03-12T01:09:49.390+0000] {processor.py:925} INFO - DAG(s) 'example_complex' retrieved from /home/ec2-user/environment/lab4_model_training/venv/lib64/python3.12/site-packages/airflow/example_dags/example_complex.py
[2026-03-12T01:09:49.426+0000] {logging_mixin.py:190} INFO - [2026-03-12T01:09:49.426+0000] {dag.py:3239} INFO - Sync 1 DAGs
[2026-03-12T01:09:49.440+0000] {logging_mixin.py:190} INFO - [2026-03-12T01:09:49.440+0000] {dag.py:4180} INFO - Setting next_dagrun for example_complex to None, run_after=None
[2026-03-12T01:09:49.465+0000] {processor.py:208} INFO - Processing /home/ec2-user/environment/lab4_model_training/venv/lib64/python3.12/site-packages/airflow/example_dags/example_complex.py took 0.099 seconds
[2026-03-12T01:10:25.953+0000] {processor.py:186} INFO - Started process (PID=15988) to work on /home/ec2-user/environment/lab4_model_training/venv/lib64/python3.12/site-packages/airflow/example_dags/example_complex.py
[2026-03-12T01:10:25.954+0000] {processor.py:914} INFO - Processing file /home/ec2-user/environment/lab4_model_training/venv/lib64/python3.12/site-packages/airflow/example_dags/example_complex.py for tasks to queue
[2026-03-12T01:10:25.956+0000] {logging_mixin.py:190} INFO - [2026-03-12T01:10:25.956+0000] {dagbag.py:588} INFO - Filling up the DagBag from /home/ec2-user/environment/lab4_model_training/venv/lib64/python3.12/site-packages/airflow/example_dags/example_complex.py
[2026-03-12T01:10:25.972+0000] {processor.py:925} INFO - DAG(s) 'example_complex' retrieved from /home/ec2-user/environment/lab4_model_training/venv/lib64/python3.12/site-packages/airflow/example_dags/example_complex.py
[2026-03-12T01:10:26.016+0000] {logging_mixin.py:190} INFO - [2026-03-12T01:10:26.015+0000] {dag.py:3239} INFO - Sync 1 DAGs
[2026-03-12T01:10:26.034+0000] {logging_mixin.py:190} INFO - [2026-03-12T01:10:26.034+0000] {dag.py:4180} INFO - Setting next_dagrun for example_complex to None, run_after=None
[2026-03-12T01:10:26.057+0000] {processor.py:208} INFO - Processing /home/ec2-user/environment/lab4_model_training/venv/lib64/python3.12/site-packages/airflow/example_dags/example_complex.py took 0.109 seconds
[2026-03-12T01:11:32.001+0000] {processor.py:186} INFO - Started process (PID=16289) to work on /home/ec2-user/environment/lab4_model_training/venv/lib64/python3.12/site-packages/airflow/example_dags/example_complex.py
[2026-03-12T01:11:32.002+0000] {processor.py:914} INFO - Processing file /home/ec2-user/environment/lab4_model_training/venv/lib64/python3.12/site-packages/airflow/example_dags/example_complex.py for tasks to queue
[2026-03-12T01:11:32.006+0000] {logging_mixin.py:190} INFO - [2026-03-12T01:11:32.005+0000] {dagbag.py:588} INFO - Filling up the DagBag from /home/ec2-user/environment/lab4_model_training/venv/lib64/python3.12/site-packages/airflow/example_dags/example_complex.py
[2026-03-12T01:11:32.024+0000] {processor.py:925} INFO - DAG(s) 'example_complex' retrieved from /home/ec2-user/environment/lab4_model_training/venv/lib64/python3.12/site-packages/airflow/example_dags/example_complex.py
[2026-03-12T01:11:32.057+0000] {logging_mixin.py:190} INFO - [2026-03-12T01:11:32.057+0000] {dag.py:3239} INFO - Sync 1 DAGs
[2026-03-12T01:11:32.072+0000] {logging_mixin.py:190} INFO - [2026-03-12T01:11:32.072+0000] {dag.py:4180} INFO - Setting next_dagrun for example_complex to None, run_after=None
[2026-03-12T01:11:32.095+0000] {processor.py:208} INFO - Processing /home/ec2-user/environment/lab4_model_training/venv/lib64/python3.12/site-packages/airflow/example_dags/example_complex.py took 0.100 seconds
[2026-03-12T01:12:34.167+0000] {processor.py:186} INFO - Started process (PID=16575) to work on /home/ec2-user/environment/lab4_model_training/venv/lib64/python3.12/site-packages/airflow/example_dags/example_complex.py
[2026-03-12T01:12:34.168+0000] {processor.py:914} INFO - Processing file /home/ec2-user/environment/lab4_model_training/venv/lib64/python3.12/site-packages/airflow/example_dags/example_complex.py for tasks to queue
[2026-03-12T01:12:34.171+0000] {logging_mixin.py:190} INFO - [2026-03-12T01:12:34.171+0000] {dagbag.py:588} INFO - Filling up the DagBag from /home/ec2-user/environment/lab4_model_training/venv/lib64/python3.12/site-packages/airflow/example_dags/example_complex.py
[2026-03-12T01:12:34.188+0000] {processor.py:925} INFO - DAG(s) 'example_complex' retrieved from /home/ec2-user/environment/lab4_model_training/venv/lib64/python3.12/site-packages/airflow/example_dags/example_complex.py
[2026-03-12T01:12:34.220+0000] {logging_mixin.py:190} INFO - [2026-03-12T01:12:34.220+0000] {dag.py:3239} INFO - Sync 1 DAGs
[2026-03-12T01:12:34.236+0000] {logging_mixin.py:190} INFO - [2026-03-12T01:12:34.236+0000] {dag.py:4180} INFO - Setting next_dagrun for example_complex to None, run_after=None
[2026-03-12T01:12:34.260+0000] {processor.py:208} INFO - Processing /home/ec2-user/environment/lab4_model_training/venv/lib64/python3.12/site-packages/airflow/example_dags/example_complex.py took 0.099 seconds
[2026-03-12T01:13:38.995+0000] {processor.py:186} INFO - Started process (PID=16823) to work on /home/ec2-user/environment/lab4_model_training/venv/lib64/python3.12/site-packages/airflow/example_dags/example_complex.py
[2026-03-12T01:13:38.996+0000] {processor.py:914} INFO - Processing file /home/ec2-user/environment/lab4_model_training/venv/lib64/python3.12/site-packages/airflow/example_dags/example_complex.py for tasks to queue
[2026-03-12T01:13:38.999+0000] {logging_mixin.py:190} INFO - [2026-03-12T01:13:38.999+0000] {dagbag.py:588} INFO - Filling up the DagBag from /home/ec2-user/environment/lab4_model_training/venv/lib64/python3.12/site-packages/airflow/example_dags/example_complex.py
[2026-03-12T01:13:39.016+0000] {processor.py:925} INFO - DAG(s) 'example_complex' retrieved from /home/ec2-user/environment/lab4_model_training/venv/lib64/python3.12/site-packages/airflow/example_dags/example_complex.py
[2026-03-12T01:13:39.048+0000] {logging_mixin.py:190} INFO - [2026-03-12T01:13:39.048+0000] {dag.py:3239} INFO - Sync 1 DAGs
[2026-03-12T01:13:39.064+0000] {logging_mixin.py:190} INFO - [2026-03-12T01:13:39.064+0000] {dag.py:4180} INFO - Setting next_dagrun for example_complex to None, run_after=None
[2026-03-12T01:13:39.087+0000] {processor.py:208} INFO - Processing /home/ec2-user/environment/lab4_model_training/venv/lib64/python3.12/site-packages/airflow/example_dags/example_complex.py took 0.097 seconds
[2026-03-12T01:14:44.121+0000] {processor.py:186} INFO - Started process (PID=17145) to work on /home/ec2-user/environment/lab4_model_training/venv/lib64/python3.12/site-packages/airflow/example_dags/example_complex.py
[2026-03-12T01:14:44.123+0000] {processor.py:914} INFO - Processing file /home/ec2-user/environment/lab4_model_training/venv/lib64/python3.12/site-packages/airflow/example_dags/example_complex.py for tasks to queue
[2026-03-12T01:14:44.126+0000] {logging_mixin.py:190} INFO - [2026-03-12T01:14:44.125+0000] {dagbag.py:588} INFO - Filling up the DagBag from /home/ec2-user/environment/lab4_model_training/venv/lib64/python3.12/site-packages/airflow/example_dags/example_complex.py
[2026-03-12T01:14:44.142+0000] {processor.py:925} INFO - DAG(s) 'example_complex' retrieved from /home/ec2-user/environment/lab4_model_training/venv/lib64/python3.12/site-packages/airflow/example_dags/example_complex.py
[2026-03-12T01:14:44.173+0000] {logging_mixin.py:190} INFO - [2026-03-12T01:14:44.173+0000] {dag.py:3239} INFO - Sync 1 DAGs
[2026-03-12T01:14:44.188+0000] {logging_mixin.py:190} INFO - [2026-03-12T01:14:44.188+0000] {dag.py:4180} INFO - Setting next_dagrun for example_complex to None, run_after=None
[2026-03-12T01:14:44.211+0000] {processor.py:208} INFO - Processing /home/ec2-user/environment/lab4_model_training/venv/lib64/python3.12/site-packages/airflow/example_dags/example_complex.py took 0.096 seconds
[2026-03-12T01:15:45.496+0000] {processor.py:186} INFO - Started process (PID=17434) to work on /home/ec2-user/environment/lab4_model_training/venv/lib64/python3.12/site-packages/airflow/example_dags/example_complex.py
[2026-03-12T01:15:45.497+0000] {processor.py:914} INFO - Processing file /home/ec2-user/environment/lab4_model_training/venv/lib64/python3.12/site-packages/airflow/example_dags/example_complex.py for tasks to queue
[2026-03-12T01:15:45.500+0000] {logging_mixin.py:190} INFO - [2026-03-12T01:15:45.500+0000] {dagbag.py:588} INFO - Filling up the DagBag from /home/ec2-user/environment/lab4_model_training/venv/lib64/python3.12/site-packages/airflow/example_dags/example_complex.py
[2026-03-12T01:15:45.517+0000] {processor.py:925} INFO - DAG(s) 'example_complex' retrieved from /home/ec2-user/environment/lab4_model_training/venv/lib64/python3.12/site-packages/airflow/example_dags/example_complex.py
[2026-03-12T01:15:45.557+0000] {logging_mixin.py:190} INFO - [2026-03-12T01:15:45.556+0000] {dag.py:3239} INFO - Sync 1 DAGs
[2026-03-12T01:15:45.573+0000] {logging_mixin.py:190} INFO - [2026-03-12T01:15:45.573+0000] {dag.py:4180} INFO - Setting next_dagrun for example_complex to None, run_after=None
[2026-03-12T01:15:45.599+0000] {processor.py:208} INFO - Processing /home/ec2-user/environment/lab4_model_training/venv/lib64/python3.12/site-packages/airflow/example_dags/example_complex.py took 0.109 seconds
[2026-03-12T01:16:53.968+0000] {processor.py:186} INFO - Started process (PID=17745) to work on /home/ec2-user/environment/lab4_model_training/venv/lib64/python3.12/site-packages/airflow/example_dags/example_complex.py
[2026-03-12T01:16:53.969+0000] {processor.py:914} INFO - Processing file /home/ec2-user/environment/lab4_model_training/venv/lib64/python3.12/site-packages/airflow/example_dags/example_complex.py for tasks to queue
[2026-03-12T01:16:53.973+0000] {logging_mixin.py:190} INFO - [2026-03-12T01:16:53.972+0000] {dagbag.py:588} INFO - Filling up the DagBag from /home/ec2-user/environment/lab4_model_training/venv/lib64/python3.12/site-packages/airflow/example_dags/example_complex.py
[2026-03-12T01:16:54.009+0000] {processor.py:925} INFO - DAG(s) 'example_complex' retrieved from /home/ec2-user/environment/lab4_model_training/venv/lib64/python3.12/site-packages/airflow/example_dags/example_complex.py
[2026-03-12T01:16:54.041+0000] {logging_mixin.py:190} INFO - [2026-03-12T01:16:54.041+0000] {dag.py:3239} INFO - Sync 1 DAGs
[2026-03-12T01:16:54.055+0000] {logging_mixin.py:190} INFO - [2026-03-12T01:16:54.055+0000] {dag.py:4180} INFO - Setting next_dagrun for example_complex to None, run_after=None
[2026-03-12T01:16:54.078+0000] {processor.py:208} INFO - Processing /home/ec2-user/environment/lab4_model_training/venv/lib64/python3.12/site-packages/airflow/example_dags/example_complex.py took 0.115 seconds
[2026-03-12T01:17:32.175+0000] {processor.py:186} INFO - Started process (PID=17942) to work on /home/ec2-user/environment/lab4_model_training/venv/lib64/python3.12/site-packages/airflow/example_dags/example_complex.py
[2026-03-12T01:17:32.176+0000] {processor.py:914} INFO - Processing file /home/ec2-user/environment/lab4_model_training/venv/lib64/python3.12/site-packages/airflow/example_dags/example_complex.py for tasks to queue
[2026-03-12T01:17:32.178+0000] {logging_mixin.py:190} INFO - [2026-03-12T01:17:32.178+0000] {dagbag.py:588} INFO - Filling up the DagBag from /home/ec2-user/environment/lab4_model_training/venv/lib64/python3.12/site-packages/airflow/example_dags/example_complex.py
[2026-03-12T01:17:32.194+0000] {processor.py:925} INFO - DAG(s) 'example_complex' retrieved from /home/ec2-user/environment/lab4_model_training/venv/lib64/python3.12/site-packages/airflow/example_dags/example_complex.py
[2026-03-12T01:17:32.230+0000] {logging_mixin.py:190} INFO - [2026-03-12T01:17:32.230+0000] {dag.py:3239} INFO - Sync 1 DAGs
[2026-03-12T01:17:32.246+0000] {logging_mixin.py:190} INFO - [2026-03-12T01:17:32.245+0000] {dag.py:4180} INFO - Setting next_dagrun for example_complex to None, run_after=None
[2026-03-12T01:17:32.269+0000] {processor.py:208} INFO - Processing /home/ec2-user/environment/lab4_model_training/venv/lib64/python3.12/site-packages/airflow/example_dags/example_complex.py took 0.100 seconds
[2026-03-12T01:18:31.975+0000] {processor.py:186} INFO - Started process (PID=18225) to work on /home/ec2-user/environment/lab4_model_training/venv/lib64/python3.12/site-packages/airflow/example_dags/example_complex.py
[2026-03-12T01:18:31.983+0000] {processor.py:914} INFO - Processing file /home/ec2-user/environment/lab4_model_training/venv/lib64/python3.12/site-packages/airflow/example_dags/example_complex.py for tasks to queue
[2026-03-12T01:18:31.986+0000] {logging_mixin.py:190} INFO - [2026-03-12T01:18:31.985+0000] {dagbag.py:588} INFO - Filling up the DagBag from /home/ec2-user/environment/lab4_model_training/venv/lib64/python3.12/site-packages/airflow/example_dags/example_complex.py
[2026-03-12T01:18:32.002+0000] {processor.py:925} INFO - DAG(s) 'example_complex' retrieved from /home/ec2-user/environment/lab4_model_training/venv/lib64/python3.12/site-packages/airflow/example_dags/example_complex.py
[2026-03-12T01:18:32.034+0000] {logging_mixin.py:190} INFO - [2026-03-12T01:18:32.034+0000] {dag.py:3239} INFO - Sync 1 DAGs
[2026-03-12T01:18:32.049+0000] {logging_mixin.py:190} INFO - [2026-03-12T01:18:32.049+0000] {dag.py:4180} INFO - Setting next_dagrun for example_complex to None, run_after=None
[2026-03-12T01:18:32.074+0000] {processor.py:208} INFO - Processing /home/ec2-user/environment/lab4_model_training/venv/lib64/python3.12/site-packages/airflow/example_dags/example_complex.py took 0.106 seconds
[2026-03-12T01:19:40.688+0000] {processor.py:186} INFO - Started process (PID=18478) to work on /home/ec2-user/environment/lab4_model_training/venv/lib64/python3.12/site-packages/airflow/example_dags/example_complex.py
[2026-03-12T01:19:40.689+0000] {processor.py:914} INFO - Processing file /home/ec2-user/environment/lab4_model_training/venv/lib64/python3.12/site-packages/airflow/example_dags/example_complex.py for tasks to queue
[2026-03-12T01:19:40.692+0000] {logging_mixin.py:190} INFO - [2026-03-12T01:19:40.692+0000] {dagbag.py:588} INFO - Filling up the DagBag from /home/ec2-user/environment/lab4_model_training/venv/lib64/python3.12/site-packages/airflow/example_dags/example_complex.py
[2026-03-12T01:19:40.708+0000] {processor.py:925} INFO - DAG(s) 'example_complex' retrieved from /home/ec2-user/environment/lab4_model_training/venv/lib64/python3.12/site-packages/airflow/example_dags/example_complex.py
[2026-03-12T01:19:40.742+0000] {logging_mixin.py:190} INFO - [2026-03-12T01:19:40.742+0000] {dag.py:3239} INFO - Sync 1 DAGs
[2026-03-12T01:19:40.756+0000] {logging_mixin.py:190} INFO - [2026-03-12T01:19:40.756+0000] {dag.py:4180} INFO - Setting next_dagrun for example_complex to None, run_after=None
[2026-03-12T01:19:40.779+0000] {processor.py:208} INFO - Processing /home/ec2-user/environment/lab4_model_training/venv/lib64/python3.12/site-packages/airflow/example_dags/example_complex.py took 0.097 seconds
[2026-03-12T01:20:42.564+0000] {processor.py:186} INFO - Started process (PID=18772) to work on /home/ec2-user/environment/lab4_model_training/venv/lib64/python3.12/site-packages/airflow/example_dags/example_complex.py
[2026-03-12T01:20:42.566+0000] {processor.py:914} INFO - Processing file /home/ec2-user/environment/lab4_model_training/venv/lib64/python3.12/site-packages/airflow/example_dags/example_complex.py for tasks to queue
[2026-03-12T01:20:42.568+0000] {logging_mixin.py:190} INFO - [2026-03-12T01:20:42.567+0000] {dagbag.py:588} INFO - Filling up the DagBag from /home/ec2-user/environment/lab4_model_training/venv/lib64/python3.12/site-packages/airflow/example_dags/example_complex.py
[2026-03-12T01:20:42.583+0000] {processor.py:925} INFO - DAG(s) 'example_complex' retrieved from /home/ec2-user/environment/lab4_model_training/venv/lib64/python3.12/site-packages/airflow/example_dags/example_complex.py
[2026-03-12T01:20:42.619+0000] {logging_mixin.py:190} INFO - [2026-03-12T01:20:42.619+0000] {dag.py:3239} INFO - Sync 1 DAGs
[2026-03-12T01:20:42.633+0000] {logging_mixin.py:190} INFO - [2026-03-12T01:20:42.633+0000] {dag.py:4180} INFO - Setting next_dagrun for example_complex to None, run_after=None
[2026-03-12T01:20:42.656+0000] {processor.py:208} INFO - Processing /home/ec2-user/environment/lab4_model_training/venv/lib64/python3.12/site-packages/airflow/example_dags/example_complex.py took 0.098 seconds
[2026-03-12T01:21:21.365+0000] {processor.py:186} INFO - Started process (PID=18919) to work on /home/ec2-user/environment/lab4_model_training/venv/lib64/python3.12/site-packages/airflow/example_dags/example_complex.py
[2026-03-12T01:21:21.367+0000] {processor.py:914} INFO - Processing file /home/ec2-user/environment/lab4_model_training/venv/lib64/python3.12/site-packages/airflow/example_dags/example_complex.py for tasks to queue
[2026-03-12T01:21:21.369+0000] {logging_mixin.py:190} INFO - [2026-03-12T01:21:21.369+0000] {dagbag.py:588} INFO - Filling up the DagBag from /home/ec2-user/environment/lab4_model_training/venv/lib64/python3.12/site-packages/airflow/example_dags/example_complex.py
[2026-03-12T01:21:21.385+0000] {processor.py:925} INFO - DAG(s) 'example_complex' retrieved from /home/ec2-user/environment/lab4_model_training/venv/lib64/python3.12/site-packages/airflow/example_dags/example_complex.py
[2026-03-12T01:21:21.419+0000] {logging_mixin.py:190} INFO - [2026-03-12T01:21:21.418+0000] {dag.py:3239} INFO - Sync 1 DAGs
[2026-03-12T01:21:21.434+0000] {logging_mixin.py:190} INFO - [2026-03-12T01:21:21.434+0000] {dag.py:4180} INFO - Setting next_dagrun for example_complex to None, run_after=None
[2026-03-12T01:21:21.456+0000] {processor.py:208} INFO - Processing /home/ec2-user/environment/lab4_model_training/venv/lib64/python3.12/site-packages/airflow/example_dags/example_complex.py took 0.096 seconds
[2026-03-12T01:22:24.402+0000] {processor.py:186} INFO - Started process (PID=19173) to work on /home/ec2-user/environment/lab4_model_training/venv/lib64/python3.12/site-packages/airflow/example_dags/example_complex.py
[2026-03-12T01:22:24.403+0000] {processor.py:914} INFO - Processing file /home/ec2-user/environment/lab4_model_training/venv/lib64/python3.12/site-packages/airflow/example_dags/example_complex.py for tasks to queue
[2026-03-12T01:22:24.406+0000] {logging_mixin.py:190} INFO - [2026-03-12T01:22:24.406+0000] {dagbag.py:588} INFO - Filling up the DagBag from /home/ec2-user/environment/lab4_model_training/venv/lib64/python3.12/site-packages/airflow/example_dags/example_complex.py
[2026-03-12T01:22:24.424+0000] {processor.py:925} INFO - DAG(s) 'example_complex' retrieved from /home/ec2-user/environment/lab4_model_training/venv/lib64/python3.12/site-packages/airflow/example_dags/example_complex.py
[2026-03-12T01:22:24.461+0000] {logging_mixin.py:190} INFO - [2026-03-12T01:22:24.461+0000] {dag.py:3239} INFO - Sync 1 DAGs
[2026-03-12T01:22:24.601+0000] {logging_mixin.py:190} INFO - [2026-03-12T01:22:24.600+0000] {dag.py:4180} INFO - Setting next_dagrun for example_complex to None, run_after=None
[2026-03-12T01:22:24.623+0000] {processor.py:208} INFO - Processing /home/ec2-user/environment/lab4_model_training/venv/lib64/python3.12/site-packages/airflow/example_dags/example_complex.py took 0.226 seconds
[2026-03-12T01:23:02.036+0000] {processor.py:186} INFO - Started process (PID=19374) to work on /home/ec2-user/environment/lab4_model_training/venv/lib64/python3.12/site-packages/airflow/example_dags/example_complex.py
[2026-03-12T01:23:02.038+0000] {processor.py:914} INFO - Processing file /home/ec2-user/environment/lab4_model_training/venv/lib64/python3.12/site-packages/airflow/example_dags/example_complex.py for tasks to queue
[2026-03-12T01:23:02.041+0000] {logging_mixin.py:190} INFO - [2026-03-12T01:23:02.040+0000] {dagbag.py:588} INFO - Filling up the DagBag from /home/ec2-user/environment/lab4_model_training/venv/lib64/python3.12/site-packages/airflow/example_dags/example_complex.py
[2026-03-12T01:23:02.058+0000] {processor.py:925} INFO - DAG(s) 'example_complex' retrieved from /home/ec2-user/environment/lab4_model_training/venv/lib64/python3.12/site-packages/airflow/example_dags/example_complex.py
[2026-03-12T01:23:02.093+0000] {logging_mixin.py:190} INFO - [2026-03-12T01:23:02.093+0000] {dag.py:3239} INFO - Sync 1 DAGs
[2026-03-12T01:23:02.108+0000] {logging_mixin.py:190} INFO - [2026-03-12T01:23:02.108+0000] {dag.py:4180} INFO - Setting next_dagrun for example_complex to None, run_after=None
[2026-03-12T01:23:02.132+0000] {processor.py:208} INFO - Processing /home/ec2-user/environment/lab4_model_training/venv/lib64/python3.12/site-packages/airflow/example_dags/example_complex.py took 0.101 seconds
[2026-03-12T01:24:12.889+0000] {processor.py:186} INFO - Started process (PID=19641) to work on /home/ec2-user/environment/lab4_model_training/venv/lib64/python3.12/site-packages/airflow/example_dags/example_complex.py
[2026-03-12T01:24:12.890+0000] {processor.py:914} INFO - Processing file /home/ec2-user/environment/lab4_model_training/venv/lib64/python3.12/site-packages/airflow/example_dags/example_complex.py for tasks to queue
[2026-03-12T01:24:12.892+0000] {logging_mixin.py:190} INFO - [2026-03-12T01:24:12.892+0000] {dagbag.py:588} INFO - Filling up the DagBag from /home/ec2-user/environment/lab4_model_training/venv/lib64/python3.12/site-packages/airflow/example_dags/example_complex.py
[2026-03-12T01:24:12.908+0000] {processor.py:925} INFO - DAG(s) 'example_complex' retrieved from /home/ec2-user/environment/lab4_model_training/venv/lib64/python3.12/site-packages/airflow/example_dags/example_complex.py
[2026-03-12T01:24:13.066+0000] {logging_mixin.py:190} INFO - [2026-03-12T01:24:13.066+0000] {dag.py:3239} INFO - Sync 1 DAGs
[2026-03-12T01:24:13.079+0000] {logging_mixin.py:190} INFO - [2026-03-12T01:24:13.079+0000] {dag.py:4180} INFO - Setting next_dagrun for example_complex to None, run_after=None
[2026-03-12T01:24:13.100+0000] {processor.py:208} INFO - Processing /home/ec2-user/environment/lab4_model_training/venv/lib64/python3.12/site-packages/airflow/example_dags/example_complex.py took 0.217 seconds
[2026-03-12T01:24:51.619+0000] {processor.py:186} INFO - Started process (PID=19837) to work on /home/ec2-user/environment/lab4_model_training/venv/lib64/python3.12/site-packages/airflow/example_dags/example_complex.py
[2026-03-12T01:24:51.620+0000] {processor.py:914} INFO - Processing file /home/ec2-user/environment/lab4_model_training/venv/lib64/python3.12/site-packages/airflow/example_dags/example_complex.py for tasks to queue
[2026-03-12T01:24:51.623+0000] {logging_mixin.py:190} INFO - [2026-03-12T01:24:51.623+0000] {dagbag.py:588} INFO - Filling up the DagBag from /home/ec2-user/environment/lab4_model_training/venv/lib64/python3.12/site-packages/airflow/example_dags/example_complex.py
[2026-03-12T01:24:51.639+0000] {processor.py:925} INFO - DAG(s) 'example_complex' retrieved from /home/ec2-user/environment/lab4_model_training/venv/lib64/python3.12/site-packages/airflow/example_dags/example_complex.py
[2026-03-12T01:24:51.671+0000] {logging_mixin.py:190} INFO - [2026-03-12T01:24:51.671+0000] {dag.py:3239} INFO - Sync 1 DAGs
[2026-03-12T01:24:51.686+0000] {logging_mixin.py:190} INFO - [2026-03-12T01:24:51.685+0000] {dag.py:4180} INFO - Setting next_dagrun for example_complex to None, run_after=None
[2026-03-12T01:24:51.709+0000] {processor.py:208} INFO - Processing /home/ec2-user/environment/lab4_model_training/venv/lib64/python3.12/site-packages/airflow/example_dags/example_complex.py took 0.095 seconds
[2026-03-12T01:26:00.374+0000] {processor.py:186} INFO - Started process (PID=20091) to work on /home/ec2-user/environment/lab4_model_training/venv/lib64/python3.12/site-packages/airflow/example_dags/example_complex.py
[2026-03-12T01:26:00.375+0000] {processor.py:914} INFO - Processing file /home/ec2-user/environment/lab4_model_training/venv/lib64/python3.12/site-packages/airflow/example_dags/example_complex.py for tasks to queue
[2026-03-12T01:26:00.378+0000] {logging_mixin.py:190} INFO - [2026-03-12T01:26:00.377+0000] {dagbag.py:588} INFO - Filling up the DagBag from /home/ec2-user/environment/lab4_model_training/venv/lib64/python3.12/site-packages/airflow/example_dags/example_complex.py
[2026-03-12T01:26:00.394+0000] {processor.py:925} INFO - DAG(s) 'example_complex' retrieved from /home/ec2-user/environment/lab4_model_training/venv/lib64/python3.12/site-packages/airflow/example_dags/example_complex.py
[2026-03-12T01:26:00.542+0000] {logging_mixin.py:190} INFO - [2026-03-12T01:26:00.541+0000] {dag.py:3239} INFO - Sync 1 DAGs
[2026-03-12T01:26:00.555+0000] {logging_mixin.py:190} INFO - [2026-03-12T01:26:00.555+0000] {dag.py:4180} INFO - Setting next_dagrun for example_complex to None, run_after=None
[2026-03-12T01:26:00.576+0000] {processor.py:208} INFO - Processing /home/ec2-user/environment/lab4_model_training/venv/lib64/python3.12/site-packages/airflow/example_dags/example_complex.py took 0.208 seconds
[2026-03-12T01:27:03.883+0000] {processor.py:186} INFO - Started process (PID=20389) to work on /home/ec2-user/environment/lab4_model_training/venv/lib64/python3.12/site-packages/airflow/example_dags/example_complex.py
[2026-03-12T01:27:03.884+0000] {processor.py:914} INFO - Processing file /home/ec2-user/environment/lab4_model_training/venv/lib64/python3.12/site-packages/airflow/example_dags/example_complex.py for tasks to queue
[2026-03-12T01:27:03.886+0000] {logging_mixin.py:190} INFO - [2026-03-12T01:27:03.886+0000] {dagbag.py:588} INFO - Filling up the DagBag from /home/ec2-user/environment/lab4_model_training/venv/lib64/python3.12/site-packages/airflow/example_dags/example_complex.py
[2026-03-12T01:27:03.902+0000] {processor.py:925} INFO - DAG(s) 'example_complex' retrieved from /home/ec2-user/environment/lab4_model_training/venv/lib64/python3.12/site-packages/airflow/example_dags/example_complex.py
[2026-03-12T01:27:03.939+0000] {logging_mixin.py:190} INFO - [2026-03-12T01:27:03.938+0000] {dag.py:3239} INFO - Sync 1 DAGs
[2026-03-12T01:27:03.954+0000] {logging_mixin.py:190} INFO - [2026-03-12T01:27:03.954+0000] {dag.py:4180} INFO - Setting next_dagrun for example_complex to None, run_after=None
[2026-03-12T01:27:03.978+0000] {processor.py:208} INFO - Processing /home/ec2-user/environment/lab4_model_training/venv/lib64/python3.12/site-packages/airflow/example_dags/example_complex.py took 0.101 seconds
[2026-03-12T01:28:04.748+0000] {processor.py:186} INFO - Started process (PID=20622) to work on /home/ec2-user/environment/lab4_model_training/venv/lib64/python3.12/site-packages/airflow/example_dags/example_complex.py
[2026-03-12T01:28:04.749+0000] {processor.py:914} INFO - Processing file /home/ec2-user/environment/lab4_model_training/venv/lib64/python3.12/site-packages/airflow/example_dags/example_complex.py for tasks to queue
[2026-03-12T01:28:04.752+0000] {logging_mixin.py:190} INFO - [2026-03-12T01:28:04.752+0000] {dagbag.py:588} INFO - Filling up the DagBag from /home/ec2-user/environment/lab4_model_training/venv/lib64/python3.12/site-packages/airflow/example_dags/example_complex.py
[2026-03-12T01:28:04.769+0000] {processor.py:925} INFO - DAG(s) 'example_complex' retrieved from /home/ec2-user/environment/lab4_model_training/venv/lib64/python3.12/site-packages/airflow/example_dags/example_complex.py
[2026-03-12T01:28:04.800+0000] {logging_mixin.py:190} INFO - [2026-03-12T01:28:04.800+0000] {dag.py:3239} INFO - Sync 1 DAGs
[2026-03-12T01:28:04.816+0000] {logging_mixin.py:190} INFO - [2026-03-12T01:28:04.816+0000] {dag.py:4180} INFO - Setting next_dagrun for example_complex to None, run_after=None
[2026-03-12T01:28:04.843+0000] {processor.py:208} INFO - Processing /home/ec2-user/environment/lab4_model_training/venv/lib64/python3.12/site-packages/airflow/example_dags/example_complex.py took 0.100 seconds
[2026-03-12T01:29:07.777+0000] {processor.py:186} INFO - Started process (PID=20930) to work on /home/ec2-user/environment/lab4_model_training/venv/lib64/python3.12/site-packages/airflow/example_dags/example_complex.py
[2026-03-12T01:29:07.778+0000] {processor.py:914} INFO - Processing file /home/ec2-user/environment/lab4_model_training/venv/lib64/python3.12/site-packages/airflow/example_dags/example_complex.py for tasks to queue
[2026-03-12T01:29:07.780+0000] {logging_mixin.py:190} INFO - [2026-03-12T01:29:07.780+0000] {dagbag.py:588} INFO - Filling up the DagBag from /home/ec2-user/environment/lab4_model_training/venv/lib64/python3.12/site-packages/airflow/example_dags/example_complex.py
[2026-03-12T01:29:07.796+0000] {processor.py:925} INFO - DAG(s) 'example_complex' retrieved from /home/ec2-user/environment/lab4_model_training/venv/lib64/python3.12/site-packages/airflow/example_dags/example_complex.py
[2026-03-12T01:29:07.829+0000] {logging_mixin.py:190} INFO - [2026-03-12T01:29:07.829+0000] {dag.py:3239} INFO - Sync 1 DAGs
[2026-03-12T01:29:07.844+0000] {logging_mixin.py:190} INFO - [2026-03-12T01:29:07.844+0000] {dag.py:4180} INFO - Setting next_dagrun for example_complex to None, run_after=None
[2026-03-12T01:29:07.867+0000] {processor.py:208} INFO - Processing /home/ec2-user/environment/lab4_model_training/venv/lib64/python3.12/site-packages/airflow/example_dags/example_complex.py took 0.096 seconds
[2026-03-12T01:30:07.557+0000] {processor.py:186} INFO - Started process (PID=21318) to work on /home/ec2-user/environment/lab4_model_training/venv/lib64/python3.12/site-packages/airflow/example_dags/example_complex.py
[2026-03-12T01:30:07.558+0000] {processor.py:914} INFO - Processing file /home/ec2-user/environment/lab4_model_training/venv/lib64/python3.12/site-packages/airflow/example_dags/example_complex.py for tasks to queue
[2026-03-12T01:30:07.560+0000] {logging_mixin.py:190} INFO - [2026-03-12T01:30:07.560+0000] {dagbag.py:588} INFO - Filling up the DagBag from /home/ec2-user/environment/lab4_model_training/venv/lib64/python3.12/site-packages/airflow/example_dags/example_complex.py
[2026-03-12T01:30:07.576+0000] {processor.py:925} INFO - DAG(s) 'example_complex' retrieved from /home/ec2-user/environment/lab4_model_training/venv/lib64/python3.12/site-packages/airflow/example_dags/example_complex.py
[2026-03-12T01:30:07.613+0000] {logging_mixin.py:190} INFO - [2026-03-12T01:30:07.613+0000] {dag.py:3239} INFO - Sync 1 DAGs
[2026-03-12T01:30:07.628+0000] {logging_mixin.py:190} INFO - [2026-03-12T01:30:07.628+0000] {dag.py:4180} INFO - Setting next_dagrun for example_complex to None, run_after=None
[2026-03-12T01:30:07.651+0000] {processor.py:208} INFO - Processing /home/ec2-user/environment/lab4_model_training/venv/lib64/python3.12/site-packages/airflow/example_dags/example_complex.py took 0.100 seconds
[2026-03-12T01:31:10.130+0000] {processor.py:186} INFO - Started process (PID=21554) to work on /home/ec2-user/environment/lab4_model_training/venv/lib64/python3.12/site-packages/airflow/example_dags/example_complex.py
[2026-03-12T01:31:10.131+0000] {processor.py:914} INFO - Processing file /home/ec2-user/environment/lab4_model_training/venv/lib64/python3.12/site-packages/airflow/example_dags/example_complex.py for tasks to queue
[2026-03-12T01:31:10.134+0000] {logging_mixin.py:190} INFO - [2026-03-12T01:31:10.134+0000] {dagbag.py:588} INFO - Filling up the DagBag from /home/ec2-user/environment/lab4_model_training/venv/lib64/python3.12/site-packages/airflow/example_dags/example_complex.py
[2026-03-12T01:31:10.151+0000] {processor.py:925} INFO - DAG(s) 'example_complex' retrieved from /home/ec2-user/environment/lab4_model_training/venv/lib64/python3.12/site-packages/airflow/example_dags/example_complex.py
[2026-03-12T01:31:10.183+0000] {logging_mixin.py:190} INFO - [2026-03-12T01:31:10.183+0000] {dag.py:3239} INFO - Sync 1 DAGs
[2026-03-12T01:31:10.197+0000] {logging_mixin.py:190} INFO - [2026-03-12T01:31:10.197+0000] {dag.py:4180} INFO - Setting next_dagrun for example_complex to None, run_after=None
[2026-03-12T01:31:10.220+0000] {processor.py:208} INFO - Processing /home/ec2-user/environment/lab4_model_training/venv/lib64/python3.12/site-packages/airflow/example_dags/example_complex.py took 0.096 seconds
[2026-03-12T01:32:11.787+0000] {processor.py:186} INFO - Started process (PID=21838) to work on /home/ec2-user/environment/lab4_model_training/venv/lib64/python3.12/site-packages/airflow/example_dags/example_complex.py
[2026-03-12T01:32:11.788+0000] {processor.py:914} INFO - Processing file /home/ec2-user/environment/lab4_model_training/venv/lib64/python3.12/site-packages/airflow/example_dags/example_complex.py for tasks to queue
[2026-03-12T01:32:11.791+0000] {logging_mixin.py:190} INFO - [2026-03-12T01:32:11.791+0000] {dagbag.py:588} INFO - Filling up the DagBag from /home/ec2-user/environment/lab4_model_training/venv/lib64/python3.12/site-packages/airflow/example_dags/example_complex.py
[2026-03-12T01:32:11.809+0000] {processor.py:925} INFO - DAG(s) 'example_complex' retrieved from /home/ec2-user/environment/lab4_model_training/venv/lib64/python3.12/site-packages/airflow/example_dags/example_complex.py
[2026-03-12T01:32:11.842+0000] {logging_mixin.py:190} INFO - [2026-03-12T01:32:11.842+0000] {dag.py:3239} INFO - Sync 1 DAGs
[2026-03-12T01:32:11.857+0000] {logging_mixin.py:190} INFO - [2026-03-12T01:32:11.856+0000] {dag.py:4180} INFO - Setting next_dagrun for example_complex to None, run_after=None
[2026-03-12T01:32:11.879+0000] {processor.py:208} INFO - Processing /home/ec2-user/environment/lab4_model_training/venv/lib64/python3.12/site-packages/airflow/example_dags/example_complex.py took 0.098 seconds
[2026-03-12T01:33:09.939+0000] {processor.py:186} INFO - Started process (PID=22063) to work on /home/ec2-user/environment/lab4_model_training/venv/lib64/python3.12/site-packages/airflow/example_dags/example_complex.py
[2026-03-12T01:33:09.941+0000] {processor.py:914} INFO - Processing file /home/ec2-user/environment/lab4_model_training/venv/lib64/python3.12/site-packages/airflow/example_dags/example_complex.py for tasks to queue
[2026-03-12T01:33:09.943+0000] {logging_mixin.py:190} INFO - [2026-03-12T01:33:09.942+0000] {dagbag.py:588} INFO - Filling up the DagBag from /home/ec2-user/environment/lab4_model_training/venv/lib64/python3.12/site-packages/airflow/example_dags/example_complex.py
[2026-03-12T01:33:09.959+0000] {processor.py:925} INFO - DAG(s) 'example_complex' retrieved from /home/ec2-user/environment/lab4_model_training/venv/lib64/python3.12/site-packages/airflow/example_dags/example_complex.py
[2026-03-12T01:33:09.995+0000] {logging_mixin.py:190} INFO - [2026-03-12T01:33:09.995+0000] {dag.py:3239} INFO - Sync 1 DAGs
[2026-03-12T01:33:10.009+0000] {logging_mixin.py:190} INFO - [2026-03-12T01:33:10.009+0000] {dag.py:4180} INFO - Setting next_dagrun for example_complex to None, run_after=None
[2026-03-12T01:33:10.032+0000] {processor.py:208} INFO - Processing /home/ec2-user/environment/lab4_model_training/venv/lib64/python3.12/site-packages/airflow/example_dags/example_complex.py took 0.098 seconds
