[2026-03-12T00:34:43.210+0000] {processor.py:186} INFO - Started process (PID=6648) to work on /home/ec2-user/environment/lab4_model_training/venv/lib64/python3.12/site-packages/airflow/example_dags/example_setup_teardown_taskflow.py
[2026-03-12T00:34:43.211+0000] {processor.py:914} INFO - Processing file /home/ec2-user/environment/lab4_model_training/venv/lib64/python3.12/site-packages/airflow/example_dags/example_setup_teardown_taskflow.py for tasks to queue
[2026-03-12T00:34:43.214+0000] {logging_mixin.py:190} INFO - [2026-03-12T00:34:43.213+0000] {dagbag.py:588} INFO - Filling up the DagBag from /home/ec2-user/environment/lab4_model_training/venv/lib64/python3.12/site-packages/airflow/example_dags/example_setup_teardown_taskflow.py
[2026-03-12T00:34:43.229+0000] {processor.py:925} INFO - DAG(s) 'example_setup_teardown_taskflow' retrieved from /home/ec2-user/environment/lab4_model_training/venv/lib64/python3.12/site-packages/airflow/example_dags/example_setup_teardown_taskflow.py
[2026-03-12T00:34:43.323+0000] {logging_mixin.py:190} INFO - [2026-03-12T00:34:43.323+0000] {override.py:1930} INFO - Created Permission View: can delete on DAG:example_setup_teardown_taskflow
[2026-03-12T00:34:43.337+0000] {logging_mixin.py:190} INFO - [2026-03-12T00:34:43.337+0000] {override.py:1930} INFO - Created Permission View: can edit on DAG:example_setup_teardown_taskflow
[2026-03-12T00:34:43.349+0000] {logging_mixin.py:190} INFO - [2026-03-12T00:34:43.348+0000] {override.py:1930} INFO - Created Permission View: can read on DAG:example_setup_teardown_taskflow
[2026-03-12T00:34:43.365+0000] {logging_mixin.py:190} INFO - [2026-03-12T00:34:43.364+0000] {override.py:1930} INFO - Created Permission View: menu access on DAG Run:example_setup_teardown_taskflow
[2026-03-12T00:34:43.376+0000] {logging_mixin.py:190} INFO - [2026-03-12T00:34:43.375+0000] {override.py:1930} INFO - Created Permission View: can create on DAG Run:example_setup_teardown_taskflow
[2026-03-12T00:34:43.386+0000] {logging_mixin.py:190} INFO - [2026-03-12T00:34:43.385+0000] {override.py:1930} INFO - Created Permission View: can delete on DAG Run:example_setup_teardown_taskflow
[2026-03-12T00:34:43.396+0000] {logging_mixin.py:190} INFO - [2026-03-12T00:34:43.395+0000] {override.py:1930} INFO - Created Permission View: can read on DAG Run:example_setup_teardown_taskflow
[2026-03-12T00:34:43.396+0000] {logging_mixin.py:190} INFO - [2026-03-12T00:34:43.396+0000] {dag.py:3239} INFO - Sync 1 DAGs
[2026-03-12T00:34:43.408+0000] {logging_mixin.py:190} INFO - [2026-03-12T00:34:43.407+0000] {dag.py:3262} INFO - Creating ORM DAG for example_setup_teardown_taskflow
[2026-03-12T00:34:43.408+0000] {logging_mixin.py:190} INFO - [2026-03-12T00:34:43.408+0000] {dag.py:4180} INFO - Setting next_dagrun for example_setup_teardown_taskflow to None, run_after=None
[2026-03-12T00:34:43.430+0000] {processor.py:208} INFO - Processing /home/ec2-user/environment/lab4_model_training/venv/lib64/python3.12/site-packages/airflow/example_dags/example_setup_teardown_taskflow.py took 0.227 seconds
[2026-03-12T00:35:33.912+0000] {processor.py:186} INFO - Started process (PID=6861) to work on /home/ec2-user/environment/lab4_model_training/venv/lib64/python3.12/site-packages/airflow/example_dags/example_setup_teardown_taskflow.py
[2026-03-12T00:35:33.913+0000] {processor.py:914} INFO - Processing file /home/ec2-user/environment/lab4_model_training/venv/lib64/python3.12/site-packages/airflow/example_dags/example_setup_teardown_taskflow.py for tasks to queue
[2026-03-12T00:35:33.916+0000] {logging_mixin.py:190} INFO - [2026-03-12T00:35:33.915+0000] {dagbag.py:588} INFO - Filling up the DagBag from /home/ec2-user/environment/lab4_model_training/venv/lib64/python3.12/site-packages/airflow/example_dags/example_setup_teardown_taskflow.py
[2026-03-12T00:35:33.931+0000] {processor.py:925} INFO - DAG(s) 'example_setup_teardown_taskflow' retrieved from /home/ec2-user/environment/lab4_model_training/venv/lib64/python3.12/site-packages/airflow/example_dags/example_setup_teardown_taskflow.py
[2026-03-12T00:35:33.950+0000] {logging_mixin.py:190} INFO - [2026-03-12T00:35:33.950+0000] {dag.py:3239} INFO - Sync 1 DAGs
[2026-03-12T00:35:33.965+0000] {logging_mixin.py:190} INFO - [2026-03-12T00:35:33.965+0000] {dag.py:4180} INFO - Setting next_dagrun for example_setup_teardown_taskflow to None, run_after=None
[2026-03-12T00:35:33.988+0000] {processor.py:208} INFO - Processing /home/ec2-user/environment/lab4_model_training/venv/lib64/python3.12/site-packages/airflow/example_dags/example_setup_teardown_taskflow.py took 0.080 seconds
[2026-03-12T00:36:36.474+0000] {processor.py:186} INFO - Started process (PID=7164) to work on /home/ec2-user/environment/lab4_model_training/venv/lib64/python3.12/site-packages/airflow/example_dags/example_setup_teardown_taskflow.py
[2026-03-12T00:36:36.476+0000] {processor.py:914} INFO - Processing file /home/ec2-user/environment/lab4_model_training/venv/lib64/python3.12/site-packages/airflow/example_dags/example_setup_teardown_taskflow.py for tasks to queue
[2026-03-12T00:36:36.479+0000] {logging_mixin.py:190} INFO - [2026-03-12T00:36:36.478+0000] {dagbag.py:588} INFO - Filling up the DagBag from /home/ec2-user/environment/lab4_model_training/venv/lib64/python3.12/site-packages/airflow/example_dags/example_setup_teardown_taskflow.py
[2026-03-12T00:36:36.492+0000] {processor.py:925} INFO - DAG(s) 'example_setup_teardown_taskflow' retrieved from /home/ec2-user/environment/lab4_model_training/venv/lib64/python3.12/site-packages/airflow/example_dags/example_setup_teardown_taskflow.py
[2026-03-12T00:36:36.517+0000] {logging_mixin.py:190} INFO - [2026-03-12T00:36:36.517+0000] {dag.py:3239} INFO - Sync 1 DAGs
[2026-03-12T00:36:36.533+0000] {logging_mixin.py:190} INFO - [2026-03-12T00:36:36.533+0000] {dag.py:4180} INFO - Setting next_dagrun for example_setup_teardown_taskflow to None, run_after=None
[2026-03-12T00:36:36.556+0000] {processor.py:208} INFO - Processing /home/ec2-user/environment/lab4_model_training/venv/lib64/python3.12/site-packages/airflow/example_dags/example_setup_teardown_taskflow.py took 0.086 seconds
[2026-03-12T00:38:09.524+0000] {processor.py:186} INFO - Started process (PID=7474) to work on /home/ec2-user/environment/lab4_model_training/venv/lib64/python3.12/site-packages/airflow/example_dags/example_setup_teardown_taskflow.py
[2026-03-12T00:38:09.525+0000] {processor.py:914} INFO - Processing file /home/ec2-user/environment/lab4_model_training/venv/lib64/python3.12/site-packages/airflow/example_dags/example_setup_teardown_taskflow.py for tasks to queue
[2026-03-12T00:38:09.527+0000] {logging_mixin.py:190} INFO - [2026-03-12T00:38:09.527+0000] {dagbag.py:588} INFO - Filling up the DagBag from /home/ec2-user/environment/lab4_model_training/venv/lib64/python3.12/site-packages/airflow/example_dags/example_setup_teardown_taskflow.py
[2026-03-12T00:38:09.541+0000] {processor.py:925} INFO - DAG(s) 'example_setup_teardown_taskflow' retrieved from /home/ec2-user/environment/lab4_model_training/venv/lib64/python3.12/site-packages/airflow/example_dags/example_setup_teardown_taskflow.py
[2026-03-12T00:38:09.568+0000] {logging_mixin.py:190} INFO - [2026-03-12T00:38:09.568+0000] {dag.py:3239} INFO - Sync 1 DAGs
[2026-03-12T00:38:09.584+0000] {logging_mixin.py:190} INFO - [2026-03-12T00:38:09.584+0000] {dag.py:4180} INFO - Setting next_dagrun for example_setup_teardown_taskflow to None, run_after=None
[2026-03-12T00:38:09.608+0000] {processor.py:208} INFO - Processing /home/ec2-user/environment/lab4_model_training/venv/lib64/python3.12/site-packages/airflow/example_dags/example_setup_teardown_taskflow.py took 0.088 seconds
[2026-03-12T00:39:05.806+0000] {processor.py:186} INFO - Started process (PID=7712) to work on /home/ec2-user/environment/lab4_model_training/venv/lib64/python3.12/site-packages/airflow/example_dags/example_setup_teardown_taskflow.py
[2026-03-12T00:39:05.807+0000] {processor.py:914} INFO - Processing file /home/ec2-user/environment/lab4_model_training/venv/lib64/python3.12/site-packages/airflow/example_dags/example_setup_teardown_taskflow.py for tasks to queue
[2026-03-12T00:39:05.810+0000] {logging_mixin.py:190} INFO - [2026-03-12T00:39:05.809+0000] {dagbag.py:588} INFO - Filling up the DagBag from /home/ec2-user/environment/lab4_model_training/venv/lib64/python3.12/site-packages/airflow/example_dags/example_setup_teardown_taskflow.py
[2026-03-12T00:39:05.826+0000] {processor.py:925} INFO - DAG(s) 'example_setup_teardown_taskflow' retrieved from /home/ec2-user/environment/lab4_model_training/venv/lib64/python3.12/site-packages/airflow/example_dags/example_setup_teardown_taskflow.py
[2026-03-12T00:39:05.850+0000] {logging_mixin.py:190} INFO - [2026-03-12T00:39:05.850+0000] {dag.py:3239} INFO - Sync 1 DAGs
[2026-03-12T00:39:05.865+0000] {logging_mixin.py:190} INFO - [2026-03-12T00:39:05.865+0000] {dag.py:4180} INFO - Setting next_dagrun for example_setup_teardown_taskflow to None, run_after=None
[2026-03-12T00:39:05.890+0000] {processor.py:208} INFO - Processing /home/ec2-user/environment/lab4_model_training/venv/lib64/python3.12/site-packages/airflow/example_dags/example_setup_teardown_taskflow.py took 0.088 seconds
[2026-03-12T00:40:08.971+0000] {processor.py:186} INFO - Started process (PID=8006) to work on /home/ec2-user/environment/lab4_model_training/venv/lib64/python3.12/site-packages/airflow/example_dags/example_setup_teardown_taskflow.py
[2026-03-12T00:40:08.972+0000] {processor.py:914} INFO - Processing file /home/ec2-user/environment/lab4_model_training/venv/lib64/python3.12/site-packages/airflow/example_dags/example_setup_teardown_taskflow.py for tasks to queue
[2026-03-12T00:40:08.975+0000] {logging_mixin.py:190} INFO - [2026-03-12T00:40:08.975+0000] {dagbag.py:588} INFO - Filling up the DagBag from /home/ec2-user/environment/lab4_model_training/venv/lib64/python3.12/site-packages/airflow/example_dags/example_setup_teardown_taskflow.py
[2026-03-12T00:40:08.991+0000] {processor.py:925} INFO - DAG(s) 'example_setup_teardown_taskflow' retrieved from /home/ec2-user/environment/lab4_model_training/venv/lib64/python3.12/site-packages/airflow/example_dags/example_setup_teardown_taskflow.py
[2026-03-12T00:40:09.015+0000] {logging_mixin.py:190} INFO - [2026-03-12T00:40:09.015+0000] {dag.py:3239} INFO - Sync 1 DAGs
[2026-03-12T00:40:09.030+0000] {logging_mixin.py:190} INFO - [2026-03-12T00:40:09.030+0000] {dag.py:4180} INFO - Setting next_dagrun for example_setup_teardown_taskflow to None, run_after=None
[2026-03-12T00:40:09.054+0000] {processor.py:208} INFO - Processing /home/ec2-user/environment/lab4_model_training/venv/lib64/python3.12/site-packages/airflow/example_dags/example_setup_teardown_taskflow.py took 0.087 seconds
[2026-03-12T00:41:08.657+0000] {processor.py:186} INFO - Started process (PID=8286) to work on /home/ec2-user/environment/lab4_model_training/venv/lib64/python3.12/site-packages/airflow/example_dags/example_setup_teardown_taskflow.py
[2026-03-12T00:41:08.658+0000] {processor.py:914} INFO - Processing file /home/ec2-user/environment/lab4_model_training/venv/lib64/python3.12/site-packages/airflow/example_dags/example_setup_teardown_taskflow.py for tasks to queue
[2026-03-12T00:41:08.660+0000] {logging_mixin.py:190} INFO - [2026-03-12T00:41:08.660+0000] {dagbag.py:588} INFO - Filling up the DagBag from /home/ec2-user/environment/lab4_model_training/venv/lib64/python3.12/site-packages/airflow/example_dags/example_setup_teardown_taskflow.py
[2026-03-12T00:41:08.674+0000] {processor.py:925} INFO - DAG(s) 'example_setup_teardown_taskflow' retrieved from /home/ec2-user/environment/lab4_model_training/venv/lib64/python3.12/site-packages/airflow/example_dags/example_setup_teardown_taskflow.py
[2026-03-12T00:41:08.695+0000] {logging_mixin.py:190} INFO - [2026-03-12T00:41:08.695+0000] {dag.py:3239} INFO - Sync 1 DAGs
[2026-03-12T00:41:08.712+0000] {logging_mixin.py:190} INFO - [2026-03-12T00:41:08.712+0000] {dag.py:4180} INFO - Setting next_dagrun for example_setup_teardown_taskflow to None, run_after=None
[2026-03-12T00:41:08.735+0000] {processor.py:208} INFO - Processing /home/ec2-user/environment/lab4_model_training/venv/lib64/python3.12/site-packages/airflow/example_dags/example_setup_teardown_taskflow.py took 0.082 seconds
[2026-03-12T00:42:13.354+0000] {processor.py:186} INFO - Started process (PID=8536) to work on /home/ec2-user/environment/lab4_model_training/venv/lib64/python3.12/site-packages/airflow/example_dags/example_setup_teardown_taskflow.py
[2026-03-12T00:42:13.356+0000] {processor.py:914} INFO - Processing file /home/ec2-user/environment/lab4_model_training/venv/lib64/python3.12/site-packages/airflow/example_dags/example_setup_teardown_taskflow.py for tasks to queue
[2026-03-12T00:42:13.358+0000] {logging_mixin.py:190} INFO - [2026-03-12T00:42:13.357+0000] {dagbag.py:588} INFO - Filling up the DagBag from /home/ec2-user/environment/lab4_model_training/venv/lib64/python3.12/site-packages/airflow/example_dags/example_setup_teardown_taskflow.py
[2026-03-12T00:42:13.371+0000] {processor.py:925} INFO - DAG(s) 'example_setup_teardown_taskflow' retrieved from /home/ec2-user/environment/lab4_model_training/venv/lib64/python3.12/site-packages/airflow/example_dags/example_setup_teardown_taskflow.py
[2026-03-12T00:42:13.393+0000] {logging_mixin.py:190} INFO - [2026-03-12T00:42:13.393+0000] {dag.py:3239} INFO - Sync 1 DAGs
[2026-03-12T00:42:13.409+0000] {logging_mixin.py:190} INFO - [2026-03-12T00:42:13.409+0000] {dag.py:4180} INFO - Setting next_dagrun for example_setup_teardown_taskflow to None, run_after=None
[2026-03-12T00:42:13.434+0000] {processor.py:208} INFO - Processing /home/ec2-user/environment/lab4_model_training/venv/lib64/python3.12/site-packages/airflow/example_dags/example_setup_teardown_taskflow.py took 0.084 seconds
[2026-03-12T00:43:11.762+0000] {processor.py:186} INFO - Started process (PID=8807) to work on /home/ec2-user/environment/lab4_model_training/venv/lib64/python3.12/site-packages/airflow/example_dags/example_setup_teardown_taskflow.py
[2026-03-12T00:43:11.764+0000] {processor.py:914} INFO - Processing file /home/ec2-user/environment/lab4_model_training/venv/lib64/python3.12/site-packages/airflow/example_dags/example_setup_teardown_taskflow.py for tasks to queue
[2026-03-12T00:43:11.767+0000] {logging_mixin.py:190} INFO - [2026-03-12T00:43:11.766+0000] {dagbag.py:588} INFO - Filling up the DagBag from /home/ec2-user/environment/lab4_model_training/venv/lib64/python3.12/site-packages/airflow/example_dags/example_setup_teardown_taskflow.py
[2026-03-12T00:43:11.782+0000] {processor.py:925} INFO - DAG(s) 'example_setup_teardown_taskflow' retrieved from /home/ec2-user/environment/lab4_model_training/venv/lib64/python3.12/site-packages/airflow/example_dags/example_setup_teardown_taskflow.py
[2026-03-12T00:43:11.806+0000] {logging_mixin.py:190} INFO - [2026-03-12T00:43:11.806+0000] {dag.py:3239} INFO - Sync 1 DAGs
[2026-03-12T00:43:11.820+0000] {logging_mixin.py:190} INFO - [2026-03-12T00:43:11.820+0000] {dag.py:4180} INFO - Setting next_dagrun for example_setup_teardown_taskflow to None, run_after=None
[2026-03-12T00:43:11.844+0000] {processor.py:208} INFO - Processing /home/ec2-user/environment/lab4_model_training/venv/lib64/python3.12/site-packages/airflow/example_dags/example_setup_teardown_taskflow.py took 0.086 seconds
[2026-03-12T00:44:18.807+0000] {processor.py:186} INFO - Started process (PID=9160) to work on /home/ec2-user/environment/lab4_model_training/venv/lib64/python3.12/site-packages/airflow/example_dags/example_setup_teardown_taskflow.py
[2026-03-12T00:44:18.808+0000] {processor.py:914} INFO - Processing file /home/ec2-user/environment/lab4_model_training/venv/lib64/python3.12/site-packages/airflow/example_dags/example_setup_teardown_taskflow.py for tasks to queue
[2026-03-12T00:44:18.811+0000] {logging_mixin.py:190} INFO - [2026-03-12T00:44:18.811+0000] {dagbag.py:588} INFO - Filling up the DagBag from /home/ec2-user/environment/lab4_model_training/venv/lib64/python3.12/site-packages/airflow/example_dags/example_setup_teardown_taskflow.py
[2026-03-12T00:44:18.836+0000] {processor.py:925} INFO - DAG(s) 'example_setup_teardown_taskflow' retrieved from /home/ec2-user/environment/lab4_model_training/venv/lib64/python3.12/site-packages/airflow/example_dags/example_setup_teardown_taskflow.py
[2026-03-12T00:44:18.860+0000] {logging_mixin.py:190} INFO - [2026-03-12T00:44:18.860+0000] {dag.py:3239} INFO - Sync 1 DAGs
[2026-03-12T00:44:18.874+0000] {logging_mixin.py:190} INFO - [2026-03-12T00:44:18.874+0000] {dag.py:4180} INFO - Setting next_dagrun for example_setup_teardown_taskflow to None, run_after=None
[2026-03-12T00:44:18.898+0000] {processor.py:208} INFO - Processing /home/ec2-user/environment/lab4_model_training/venv/lib64/python3.12/site-packages/airflow/example_dags/example_setup_teardown_taskflow.py took 0.095 seconds
[2026-03-12T00:46:08.034+0000] {processor.py:186} INFO - Started process (PID=9624) to work on /home/ec2-user/environment/lab4_model_training/venv/lib64/python3.12/site-packages/airflow/example_dags/example_setup_teardown_taskflow.py
[2026-03-12T00:46:08.035+0000] {processor.py:914} INFO - Processing file /home/ec2-user/environment/lab4_model_training/venv/lib64/python3.12/site-packages/airflow/example_dags/example_setup_teardown_taskflow.py for tasks to queue
[2026-03-12T00:46:08.038+0000] {logging_mixin.py:190} INFO - [2026-03-12T00:46:08.038+0000] {dagbag.py:588} INFO - Filling up the DagBag from /home/ec2-user/environment/lab4_model_training/venv/lib64/python3.12/site-packages/airflow/example_dags/example_setup_teardown_taskflow.py
[2026-03-12T00:46:08.053+0000] {processor.py:925} INFO - DAG(s) 'example_setup_teardown_taskflow' retrieved from /home/ec2-user/environment/lab4_model_training/venv/lib64/python3.12/site-packages/airflow/example_dags/example_setup_teardown_taskflow.py
[2026-03-12T00:46:08.078+0000] {logging_mixin.py:190} INFO - [2026-03-12T00:46:08.078+0000] {dag.py:3239} INFO - Sync 1 DAGs
[2026-03-12T00:46:08.093+0000] {logging_mixin.py:190} INFO - [2026-03-12T00:46:08.093+0000] {dag.py:4180} INFO - Setting next_dagrun for example_setup_teardown_taskflow to None, run_after=None
[2026-03-12T00:46:08.131+0000] {processor.py:208} INFO - Processing /home/ec2-user/environment/lab4_model_training/venv/lib64/python3.12/site-packages/airflow/example_dags/example_setup_teardown_taskflow.py took 0.101 seconds
[2026-03-12T00:47:47.449+0000] {processor.py:186} INFO - Started process (PID=10059) to work on /home/ec2-user/environment/lab4_model_training/venv/lib64/python3.12/site-packages/airflow/example_dags/example_setup_teardown_taskflow.py
[2026-03-12T00:47:47.451+0000] {processor.py:914} INFO - Processing file /home/ec2-user/environment/lab4_model_training/venv/lib64/python3.12/site-packages/airflow/example_dags/example_setup_teardown_taskflow.py for tasks to queue
[2026-03-12T00:47:47.454+0000] {logging_mixin.py:190} INFO - [2026-03-12T00:47:47.453+0000] {dagbag.py:588} INFO - Filling up the DagBag from /home/ec2-user/environment/lab4_model_training/venv/lib64/python3.12/site-packages/airflow/example_dags/example_setup_teardown_taskflow.py
[2026-03-12T00:47:47.468+0000] {processor.py:925} INFO - DAG(s) 'example_setup_teardown_taskflow' retrieved from /home/ec2-user/environment/lab4_model_training/venv/lib64/python3.12/site-packages/airflow/example_dags/example_setup_teardown_taskflow.py
[2026-03-12T00:47:47.492+0000] {logging_mixin.py:190} INFO - [2026-03-12T00:47:47.491+0000] {dag.py:3239} INFO - Sync 1 DAGs
[2026-03-12T00:47:47.508+0000] {logging_mixin.py:190} INFO - [2026-03-12T00:47:47.508+0000] {dag.py:4180} INFO - Setting next_dagrun for example_setup_teardown_taskflow to None, run_after=None
[2026-03-12T00:47:47.533+0000] {processor.py:208} INFO - Processing /home/ec2-user/environment/lab4_model_training/venv/lib64/python3.12/site-packages/airflow/example_dags/example_setup_teardown_taskflow.py took 0.090 seconds
[2026-03-12T00:48:52.719+0000] {processor.py:186} INFO - Started process (PID=10306) to work on /home/ec2-user/environment/lab4_model_training/venv/lib64/python3.12/site-packages/airflow/example_dags/example_setup_teardown_taskflow.py
[2026-03-12T00:48:52.720+0000] {processor.py:914} INFO - Processing file /home/ec2-user/environment/lab4_model_training/venv/lib64/python3.12/site-packages/airflow/example_dags/example_setup_teardown_taskflow.py for tasks to queue
[2026-03-12T00:48:52.722+0000] {logging_mixin.py:190} INFO - [2026-03-12T00:48:52.722+0000] {dagbag.py:588} INFO - Filling up the DagBag from /home/ec2-user/environment/lab4_model_training/venv/lib64/python3.12/site-packages/airflow/example_dags/example_setup_teardown_taskflow.py
[2026-03-12T00:48:52.735+0000] {processor.py:925} INFO - DAG(s) 'example_setup_teardown_taskflow' retrieved from /home/ec2-user/environment/lab4_model_training/venv/lib64/python3.12/site-packages/airflow/example_dags/example_setup_teardown_taskflow.py
[2026-03-12T00:48:52.756+0000] {logging_mixin.py:190} INFO - [2026-03-12T00:48:52.756+0000] {dag.py:3239} INFO - Sync 1 DAGs
[2026-03-12T00:48:52.772+0000] {logging_mixin.py:190} INFO - [2026-03-12T00:48:52.771+0000] {dag.py:4180} INFO - Setting next_dagrun for example_setup_teardown_taskflow to None, run_after=None
[2026-03-12T00:48:52.801+0000] {processor.py:208} INFO - Processing /home/ec2-user/environment/lab4_model_training/venv/lib64/python3.12/site-packages/airflow/example_dags/example_setup_teardown_taskflow.py took 0.087 seconds
[2026-03-12T00:49:58.146+0000] {processor.py:186} INFO - Started process (PID=10647) to work on /home/ec2-user/environment/lab4_model_training/venv/lib64/python3.12/site-packages/airflow/example_dags/example_setup_teardown_taskflow.py
[2026-03-12T00:49:58.147+0000] {processor.py:914} INFO - Processing file /home/ec2-user/environment/lab4_model_training/venv/lib64/python3.12/site-packages/airflow/example_dags/example_setup_teardown_taskflow.py for tasks to queue
[2026-03-12T00:49:58.150+0000] {logging_mixin.py:190} INFO - [2026-03-12T00:49:58.149+0000] {dagbag.py:588} INFO - Filling up the DagBag from /home/ec2-user/environment/lab4_model_training/venv/lib64/python3.12/site-packages/airflow/example_dags/example_setup_teardown_taskflow.py
[2026-03-12T00:49:58.165+0000] {processor.py:925} INFO - DAG(s) 'example_setup_teardown_taskflow' retrieved from /home/ec2-user/environment/lab4_model_training/venv/lib64/python3.12/site-packages/airflow/example_dags/example_setup_teardown_taskflow.py
[2026-03-12T00:49:58.189+0000] {logging_mixin.py:190} INFO - [2026-03-12T00:49:58.188+0000] {dag.py:3239} INFO - Sync 1 DAGs
[2026-03-12T00:49:58.204+0000] {logging_mixin.py:190} INFO - [2026-03-12T00:49:58.204+0000] {dag.py:4180} INFO - Setting next_dagrun for example_setup_teardown_taskflow to None, run_after=None
[2026-03-12T00:49:58.228+0000] {processor.py:208} INFO - Processing /home/ec2-user/environment/lab4_model_training/venv/lib64/python3.12/site-packages/airflow/example_dags/example_setup_teardown_taskflow.py took 0.087 seconds
[2026-03-12T00:51:00.043+0000] {processor.py:186} INFO - Started process (PID=10930) to work on /home/ec2-user/environment/lab4_model_training/venv/lib64/python3.12/site-packages/airflow/example_dags/example_setup_teardown_taskflow.py
[2026-03-12T00:51:00.044+0000] {processor.py:914} INFO - Processing file /home/ec2-user/environment/lab4_model_training/venv/lib64/python3.12/site-packages/airflow/example_dags/example_setup_teardown_taskflow.py for tasks to queue
[2026-03-12T00:51:00.046+0000] {logging_mixin.py:190} INFO - [2026-03-12T00:51:00.046+0000] {dagbag.py:588} INFO - Filling up the DagBag from /home/ec2-user/environment/lab4_model_training/venv/lib64/python3.12/site-packages/airflow/example_dags/example_setup_teardown_taskflow.py
[2026-03-12T00:51:00.059+0000] {processor.py:925} INFO - DAG(s) 'example_setup_teardown_taskflow' retrieved from /home/ec2-user/environment/lab4_model_training/venv/lib64/python3.12/site-packages/airflow/example_dags/example_setup_teardown_taskflow.py
[2026-03-12T00:51:00.081+0000] {logging_mixin.py:190} INFO - [2026-03-12T00:51:00.080+0000] {dag.py:3239} INFO - Sync 1 DAGs
[2026-03-12T00:51:00.095+0000] {logging_mixin.py:190} INFO - [2026-03-12T00:51:00.095+0000] {dag.py:4180} INFO - Setting next_dagrun for example_setup_teardown_taskflow to None, run_after=None
[2026-03-12T00:51:00.118+0000] {processor.py:208} INFO - Processing /home/ec2-user/environment/lab4_model_training/venv/lib64/python3.12/site-packages/airflow/example_dags/example_setup_teardown_taskflow.py took 0.080 seconds
[2026-03-12T00:52:01.432+0000] {processor.py:186} INFO - Started process (PID=11187) to work on /home/ec2-user/environment/lab4_model_training/venv/lib64/python3.12/site-packages/airflow/example_dags/example_setup_teardown_taskflow.py
[2026-03-12T00:52:01.433+0000] {processor.py:914} INFO - Processing file /home/ec2-user/environment/lab4_model_training/venv/lib64/python3.12/site-packages/airflow/example_dags/example_setup_teardown_taskflow.py for tasks to queue
[2026-03-12T00:52:01.436+0000] {logging_mixin.py:190} INFO - [2026-03-12T00:52:01.435+0000] {dagbag.py:588} INFO - Filling up the DagBag from /home/ec2-user/environment/lab4_model_training/venv/lib64/python3.12/site-packages/airflow/example_dags/example_setup_teardown_taskflow.py
[2026-03-12T00:52:01.449+0000] {processor.py:925} INFO - DAG(s) 'example_setup_teardown_taskflow' retrieved from /home/ec2-user/environment/lab4_model_training/venv/lib64/python3.12/site-packages/airflow/example_dags/example_setup_teardown_taskflow.py
[2026-03-12T00:52:01.473+0000] {logging_mixin.py:190} INFO - [2026-03-12T00:52:01.472+0000] {dag.py:3239} INFO - Sync 1 DAGs
[2026-03-12T00:52:01.489+0000] {logging_mixin.py:190} INFO - [2026-03-12T00:52:01.489+0000] {dag.py:4180} INFO - Setting next_dagrun for example_setup_teardown_taskflow to None, run_after=None
[2026-03-12T00:52:01.513+0000] {processor.py:208} INFO - Processing /home/ec2-user/environment/lab4_model_training/venv/lib64/python3.12/site-packages/airflow/example_dags/example_setup_teardown_taskflow.py took 0.086 seconds
[2026-03-12T00:53:00.870+0000] {processor.py:186} INFO - Started process (PID=11488) to work on /home/ec2-user/environment/lab4_model_training/venv/lib64/python3.12/site-packages/airflow/example_dags/example_setup_teardown_taskflow.py
[2026-03-12T00:53:00.871+0000] {processor.py:914} INFO - Processing file /home/ec2-user/environment/lab4_model_training/venv/lib64/python3.12/site-packages/airflow/example_dags/example_setup_teardown_taskflow.py for tasks to queue
[2026-03-12T00:53:00.874+0000] {logging_mixin.py:190} INFO - [2026-03-12T00:53:00.874+0000] {dagbag.py:588} INFO - Filling up the DagBag from /home/ec2-user/environment/lab4_model_training/venv/lib64/python3.12/site-packages/airflow/example_dags/example_setup_teardown_taskflow.py
[2026-03-12T00:53:00.888+0000] {processor.py:925} INFO - DAG(s) 'example_setup_teardown_taskflow' retrieved from /home/ec2-user/environment/lab4_model_training/venv/lib64/python3.12/site-packages/airflow/example_dags/example_setup_teardown_taskflow.py
[2026-03-12T00:53:00.914+0000] {logging_mixin.py:190} INFO - [2026-03-12T00:53:00.914+0000] {dag.py:3239} INFO - Sync 1 DAGs
[2026-03-12T00:53:00.929+0000] {logging_mixin.py:190} INFO - [2026-03-12T00:53:00.929+0000] {dag.py:4180} INFO - Setting next_dagrun for example_setup_teardown_taskflow to None, run_after=None
[2026-03-12T00:53:00.953+0000] {processor.py:208} INFO - Processing /home/ec2-user/environment/lab4_model_training/venv/lib64/python3.12/site-packages/airflow/example_dags/example_setup_teardown_taskflow.py took 0.089 seconds
[2026-03-12T00:54:01.087+0000] {processor.py:186} INFO - Started process (PID=11720) to work on /home/ec2-user/environment/lab4_model_training/venv/lib64/python3.12/site-packages/airflow/example_dags/example_setup_teardown_taskflow.py
[2026-03-12T00:54:01.088+0000] {processor.py:914} INFO - Processing file /home/ec2-user/environment/lab4_model_training/venv/lib64/python3.12/site-packages/airflow/example_dags/example_setup_teardown_taskflow.py for tasks to queue
[2026-03-12T00:54:01.091+0000] {logging_mixin.py:190} INFO - [2026-03-12T00:54:01.090+0000] {dagbag.py:588} INFO - Filling up the DagBag from /home/ec2-user/environment/lab4_model_training/venv/lib64/python3.12/site-packages/airflow/example_dags/example_setup_teardown_taskflow.py
[2026-03-12T00:54:01.104+0000] {processor.py:925} INFO - DAG(s) 'example_setup_teardown_taskflow' retrieved from /home/ec2-user/environment/lab4_model_training/venv/lib64/python3.12/site-packages/airflow/example_dags/example_setup_teardown_taskflow.py
[2026-03-12T00:54:01.125+0000] {logging_mixin.py:190} INFO - [2026-03-12T00:54:01.125+0000] {dag.py:3239} INFO - Sync 1 DAGs
[2026-03-12T00:54:01.142+0000] {logging_mixin.py:190} INFO - [2026-03-12T00:54:01.142+0000] {dag.py:4180} INFO - Setting next_dagrun for example_setup_teardown_taskflow to None, run_after=None
[2026-03-12T00:54:01.167+0000] {processor.py:208} INFO - Processing /home/ec2-user/environment/lab4_model_training/venv/lib64/python3.12/site-packages/airflow/example_dags/example_setup_teardown_taskflow.py took 0.085 seconds
[2026-03-12T00:55:00.472+0000] {processor.py:186} INFO - Started process (PID=11995) to work on /home/ec2-user/environment/lab4_model_training/venv/lib64/python3.12/site-packages/airflow/example_dags/example_setup_teardown_taskflow.py
[2026-03-12T00:55:00.473+0000] {processor.py:914} INFO - Processing file /home/ec2-user/environment/lab4_model_training/venv/lib64/python3.12/site-packages/airflow/example_dags/example_setup_teardown_taskflow.py for tasks to queue
[2026-03-12T00:55:00.475+0000] {logging_mixin.py:190} INFO - [2026-03-12T00:55:00.475+0000] {dagbag.py:588} INFO - Filling up the DagBag from /home/ec2-user/environment/lab4_model_training/venv/lib64/python3.12/site-packages/airflow/example_dags/example_setup_teardown_taskflow.py
[2026-03-12T00:55:00.488+0000] {processor.py:925} INFO - DAG(s) 'example_setup_teardown_taskflow' retrieved from /home/ec2-user/environment/lab4_model_training/venv/lib64/python3.12/site-packages/airflow/example_dags/example_setup_teardown_taskflow.py
[2026-03-12T00:55:00.509+0000] {logging_mixin.py:190} INFO - [2026-03-12T00:55:00.509+0000] {dag.py:3239} INFO - Sync 1 DAGs
[2026-03-12T00:55:00.525+0000] {logging_mixin.py:190} INFO - [2026-03-12T00:55:00.525+0000] {dag.py:4180} INFO - Setting next_dagrun for example_setup_teardown_taskflow to None, run_after=None
[2026-03-12T00:55:00.549+0000] {processor.py:208} INFO - Processing /home/ec2-user/environment/lab4_model_training/venv/lib64/python3.12/site-packages/airflow/example_dags/example_setup_teardown_taskflow.py took 0.083 seconds
[2026-03-12T00:56:06.834+0000] {processor.py:186} INFO - Started process (PID=12254) to work on /home/ec2-user/environment/lab4_model_training/venv/lib64/python3.12/site-packages/airflow/example_dags/example_setup_teardown_taskflow.py
[2026-03-12T00:56:06.836+0000] {processor.py:914} INFO - Processing file /home/ec2-user/environment/lab4_model_training/venv/lib64/python3.12/site-packages/airflow/example_dags/example_setup_teardown_taskflow.py for tasks to queue
[2026-03-12T00:56:06.838+0000] {logging_mixin.py:190} INFO - [2026-03-12T00:56:06.837+0000] {dagbag.py:588} INFO - Filling up the DagBag from /home/ec2-user/environment/lab4_model_training/venv/lib64/python3.12/site-packages/airflow/example_dags/example_setup_teardown_taskflow.py
[2026-03-12T00:56:06.851+0000] {processor.py:925} INFO - DAG(s) 'example_setup_teardown_taskflow' retrieved from /home/ec2-user/environment/lab4_model_training/venv/lib64/python3.12/site-packages/airflow/example_dags/example_setup_teardown_taskflow.py
[2026-03-12T00:56:06.873+0000] {logging_mixin.py:190} INFO - [2026-03-12T00:56:06.873+0000] {dag.py:3239} INFO - Sync 1 DAGs
[2026-03-12T00:56:06.889+0000] {logging_mixin.py:190} INFO - [2026-03-12T00:56:06.889+0000] {dag.py:4180} INFO - Setting next_dagrun for example_setup_teardown_taskflow to None, run_after=None
[2026-03-12T00:56:06.914+0000] {processor.py:208} INFO - Processing /home/ec2-user/environment/lab4_model_training/venv/lib64/python3.12/site-packages/airflow/example_dags/example_setup_teardown_taskflow.py took 0.085 seconds
[2026-03-12T00:57:10.488+0000] {processor.py:186} INFO - Started process (PID=12540) to work on /home/ec2-user/environment/lab4_model_training/venv/lib64/python3.12/site-packages/airflow/example_dags/example_setup_teardown_taskflow.py
[2026-03-12T00:57:10.489+0000] {processor.py:914} INFO - Processing file /home/ec2-user/environment/lab4_model_training/venv/lib64/python3.12/site-packages/airflow/example_dags/example_setup_teardown_taskflow.py for tasks to queue
[2026-03-12T00:57:10.492+0000] {logging_mixin.py:190} INFO - [2026-03-12T00:57:10.491+0000] {dagbag.py:588} INFO - Filling up the DagBag from /home/ec2-user/environment/lab4_model_training/venv/lib64/python3.12/site-packages/airflow/example_dags/example_setup_teardown_taskflow.py
[2026-03-12T00:57:10.507+0000] {processor.py:925} INFO - DAG(s) 'example_setup_teardown_taskflow' retrieved from /home/ec2-user/environment/lab4_model_training/venv/lib64/python3.12/site-packages/airflow/example_dags/example_setup_teardown_taskflow.py
[2026-03-12T00:57:10.531+0000] {logging_mixin.py:190} INFO - [2026-03-12T00:57:10.531+0000] {dag.py:3239} INFO - Sync 1 DAGs
[2026-03-12T00:57:10.548+0000] {logging_mixin.py:190} INFO - [2026-03-12T00:57:10.547+0000] {dag.py:4180} INFO - Setting next_dagrun for example_setup_teardown_taskflow to None, run_after=None
[2026-03-12T00:57:10.572+0000] {processor.py:208} INFO - Processing /home/ec2-user/environment/lab4_model_training/venv/lib64/python3.12/site-packages/airflow/example_dags/example_setup_teardown_taskflow.py took 0.090 seconds
[2026-03-12T00:58:11.000+0000] {processor.py:186} INFO - Started process (PID=12776) to work on /home/ec2-user/environment/lab4_model_training/venv/lib64/python3.12/site-packages/airflow/example_dags/example_setup_teardown_taskflow.py
[2026-03-12T00:58:11.001+0000] {processor.py:914} INFO - Processing file /home/ec2-user/environment/lab4_model_training/venv/lib64/python3.12/site-packages/airflow/example_dags/example_setup_teardown_taskflow.py for tasks to queue
[2026-03-12T00:58:11.004+0000] {logging_mixin.py:190} INFO - [2026-03-12T00:58:11.004+0000] {dagbag.py:588} INFO - Filling up the DagBag from /home/ec2-user/environment/lab4_model_training/venv/lib64/python3.12/site-packages/airflow/example_dags/example_setup_teardown_taskflow.py
[2026-03-12T00:58:11.026+0000] {processor.py:925} INFO - DAG(s) 'example_setup_teardown_taskflow' retrieved from /home/ec2-user/environment/lab4_model_training/venv/lib64/python3.12/site-packages/airflow/example_dags/example_setup_teardown_taskflow.py
[2026-03-12T00:58:11.052+0000] {logging_mixin.py:190} INFO - [2026-03-12T00:58:11.052+0000] {dag.py:3239} INFO - Sync 1 DAGs
[2026-03-12T00:58:11.067+0000] {logging_mixin.py:190} INFO - [2026-03-12T00:58:11.066+0000] {dag.py:4180} INFO - Setting next_dagrun for example_setup_teardown_taskflow to None, run_after=None
[2026-03-12T00:58:11.090+0000] {processor.py:208} INFO - Processing /home/ec2-user/environment/lab4_model_training/venv/lib64/python3.12/site-packages/airflow/example_dags/example_setup_teardown_taskflow.py took 0.096 seconds
[2026-03-12T00:59:12.276+0000] {processor.py:186} INFO - Started process (PID=13071) to work on /home/ec2-user/environment/lab4_model_training/venv/lib64/python3.12/site-packages/airflow/example_dags/example_setup_teardown_taskflow.py
[2026-03-12T00:59:12.277+0000] {processor.py:914} INFO - Processing file /home/ec2-user/environment/lab4_model_training/venv/lib64/python3.12/site-packages/airflow/example_dags/example_setup_teardown_taskflow.py for tasks to queue
[2026-03-12T00:59:12.280+0000] {logging_mixin.py:190} INFO - [2026-03-12T00:59:12.279+0000] {dagbag.py:588} INFO - Filling up the DagBag from /home/ec2-user/environment/lab4_model_training/venv/lib64/python3.12/site-packages/airflow/example_dags/example_setup_teardown_taskflow.py
[2026-03-12T00:59:12.292+0000] {processor.py:925} INFO - DAG(s) 'example_setup_teardown_taskflow' retrieved from /home/ec2-user/environment/lab4_model_training/venv/lib64/python3.12/site-packages/airflow/example_dags/example_setup_teardown_taskflow.py
[2026-03-12T00:59:12.317+0000] {logging_mixin.py:190} INFO - [2026-03-12T00:59:12.316+0000] {dag.py:3239} INFO - Sync 1 DAGs
[2026-03-12T00:59:12.333+0000] {logging_mixin.py:190} INFO - [2026-03-12T00:59:12.333+0000] {dag.py:4180} INFO - Setting next_dagrun for example_setup_teardown_taskflow to None, run_after=None
[2026-03-12T00:59:12.356+0000] {processor.py:208} INFO - Processing /home/ec2-user/environment/lab4_model_training/venv/lib64/python3.12/site-packages/airflow/example_dags/example_setup_teardown_taskflow.py took 0.086 seconds
[2026-03-12T01:00:17.665+0000] {processor.py:186} INFO - Started process (PID=13319) to work on /home/ec2-user/environment/lab4_model_training/venv/lib64/python3.12/site-packages/airflow/example_dags/example_setup_teardown_taskflow.py
[2026-03-12T01:00:17.667+0000] {processor.py:914} INFO - Processing file /home/ec2-user/environment/lab4_model_training/venv/lib64/python3.12/site-packages/airflow/example_dags/example_setup_teardown_taskflow.py for tasks to queue
[2026-03-12T01:00:17.670+0000] {logging_mixin.py:190} INFO - [2026-03-12T01:00:17.669+0000] {dagbag.py:588} INFO - Filling up the DagBag from /home/ec2-user/environment/lab4_model_training/venv/lib64/python3.12/site-packages/airflow/example_dags/example_setup_teardown_taskflow.py
[2026-03-12T01:00:17.684+0000] {processor.py:925} INFO - DAG(s) 'example_setup_teardown_taskflow' retrieved from /home/ec2-user/environment/lab4_model_training/venv/lib64/python3.12/site-packages/airflow/example_dags/example_setup_teardown_taskflow.py
[2026-03-12T01:00:17.706+0000] {logging_mixin.py:190} INFO - [2026-03-12T01:00:17.706+0000] {dag.py:3239} INFO - Sync 1 DAGs
[2026-03-12T01:00:17.722+0000] {logging_mixin.py:190} INFO - [2026-03-12T01:00:17.722+0000] {dag.py:4180} INFO - Setting next_dagrun for example_setup_teardown_taskflow to None, run_after=None
[2026-03-12T01:00:17.746+0000] {processor.py:208} INFO - Processing /home/ec2-user/environment/lab4_model_training/venv/lib64/python3.12/site-packages/airflow/example_dags/example_setup_teardown_taskflow.py took 0.086 seconds
[2026-03-12T01:01:20.927+0000] {processor.py:186} INFO - Started process (PID=13622) to work on /home/ec2-user/environment/lab4_model_training/venv/lib64/python3.12/site-packages/airflow/example_dags/example_setup_teardown_taskflow.py
[2026-03-12T01:01:20.928+0000] {processor.py:914} INFO - Processing file /home/ec2-user/environment/lab4_model_training/venv/lib64/python3.12/site-packages/airflow/example_dags/example_setup_teardown_taskflow.py for tasks to queue
[2026-03-12T01:01:20.931+0000] {logging_mixin.py:190} INFO - [2026-03-12T01:01:20.931+0000] {dagbag.py:588} INFO - Filling up the DagBag from /home/ec2-user/environment/lab4_model_training/venv/lib64/python3.12/site-packages/airflow/example_dags/example_setup_teardown_taskflow.py
[2026-03-12T01:01:20.944+0000] {processor.py:925} INFO - DAG(s) 'example_setup_teardown_taskflow' retrieved from /home/ec2-user/environment/lab4_model_training/venv/lib64/python3.12/site-packages/airflow/example_dags/example_setup_teardown_taskflow.py
[2026-03-12T01:01:20.968+0000] {logging_mixin.py:190} INFO - [2026-03-12T01:01:20.968+0000] {dag.py:3239} INFO - Sync 1 DAGs
[2026-03-12T01:01:20.985+0000] {logging_mixin.py:190} INFO - [2026-03-12T01:01:20.985+0000] {dag.py:4180} INFO - Setting next_dagrun for example_setup_teardown_taskflow to None, run_after=None
[2026-03-12T01:01:21.010+0000] {processor.py:208} INFO - Processing /home/ec2-user/environment/lab4_model_training/venv/lib64/python3.12/site-packages/airflow/example_dags/example_setup_teardown_taskflow.py took 0.089 seconds
[2026-03-12T01:02:24.482+0000] {processor.py:186} INFO - Started process (PID=13868) to work on /home/ec2-user/environment/lab4_model_training/venv/lib64/python3.12/site-packages/airflow/example_dags/example_setup_teardown_taskflow.py
[2026-03-12T01:02:24.484+0000] {processor.py:914} INFO - Processing file /home/ec2-user/environment/lab4_model_training/venv/lib64/python3.12/site-packages/airflow/example_dags/example_setup_teardown_taskflow.py for tasks to queue
[2026-03-12T01:02:24.486+0000] {logging_mixin.py:190} INFO - [2026-03-12T01:02:24.485+0000] {dagbag.py:588} INFO - Filling up the DagBag from /home/ec2-user/environment/lab4_model_training/venv/lib64/python3.12/site-packages/airflow/example_dags/example_setup_teardown_taskflow.py
[2026-03-12T01:02:24.498+0000] {processor.py:925} INFO - DAG(s) 'example_setup_teardown_taskflow' retrieved from /home/ec2-user/environment/lab4_model_training/venv/lib64/python3.12/site-packages/airflow/example_dags/example_setup_teardown_taskflow.py
[2026-03-12T01:02:24.520+0000] {logging_mixin.py:190} INFO - [2026-03-12T01:02:24.520+0000] {dag.py:3239} INFO - Sync 1 DAGs
[2026-03-12T01:02:24.535+0000] {logging_mixin.py:190} INFO - [2026-03-12T01:02:24.535+0000] {dag.py:4180} INFO - Setting next_dagrun for example_setup_teardown_taskflow to None, run_after=None
[2026-03-12T01:02:24.560+0000] {processor.py:208} INFO - Processing /home/ec2-user/environment/lab4_model_training/venv/lib64/python3.12/site-packages/airflow/example_dags/example_setup_teardown_taskflow.py took 0.083 seconds
[2026-03-12T01:03:28.358+0000] {processor.py:186} INFO - Started process (PID=14153) to work on /home/ec2-user/environment/lab4_model_training/venv/lib64/python3.12/site-packages/airflow/example_dags/example_setup_teardown_taskflow.py
[2026-03-12T01:03:28.360+0000] {processor.py:914} INFO - Processing file /home/ec2-user/environment/lab4_model_training/venv/lib64/python3.12/site-packages/airflow/example_dags/example_setup_teardown_taskflow.py for tasks to queue
[2026-03-12T01:03:28.362+0000] {logging_mixin.py:190} INFO - [2026-03-12T01:03:28.361+0000] {dagbag.py:588} INFO - Filling up the DagBag from /home/ec2-user/environment/lab4_model_training/venv/lib64/python3.12/site-packages/airflow/example_dags/example_setup_teardown_taskflow.py
[2026-03-12T01:03:28.374+0000] {processor.py:925} INFO - DAG(s) 'example_setup_teardown_taskflow' retrieved from /home/ec2-user/environment/lab4_model_training/venv/lib64/python3.12/site-packages/airflow/example_dags/example_setup_teardown_taskflow.py
[2026-03-12T01:03:28.396+0000] {logging_mixin.py:190} INFO - [2026-03-12T01:03:28.396+0000] {dag.py:3239} INFO - Sync 1 DAGs
[2026-03-12T01:03:28.412+0000] {logging_mixin.py:190} INFO - [2026-03-12T01:03:28.412+0000] {dag.py:4180} INFO - Setting next_dagrun for example_setup_teardown_taskflow to None, run_after=None
[2026-03-12T01:03:28.436+0000] {processor.py:208} INFO - Processing /home/ec2-user/environment/lab4_model_training/venv/lib64/python3.12/site-packages/airflow/example_dags/example_setup_teardown_taskflow.py took 0.083 seconds
[2026-03-12T01:04:32.196+0000] {processor.py:186} INFO - Started process (PID=14450) to work on /home/ec2-user/environment/lab4_model_training/venv/lib64/python3.12/site-packages/airflow/example_dags/example_setup_teardown_taskflow.py
[2026-03-12T01:04:32.197+0000] {processor.py:914} INFO - Processing file /home/ec2-user/environment/lab4_model_training/venv/lib64/python3.12/site-packages/airflow/example_dags/example_setup_teardown_taskflow.py for tasks to queue
[2026-03-12T01:04:32.200+0000] {logging_mixin.py:190} INFO - [2026-03-12T01:04:32.200+0000] {dagbag.py:588} INFO - Filling up the DagBag from /home/ec2-user/environment/lab4_model_training/venv/lib64/python3.12/site-packages/airflow/example_dags/example_setup_teardown_taskflow.py
[2026-03-12T01:04:32.215+0000] {processor.py:925} INFO - DAG(s) 'example_setup_teardown_taskflow' retrieved from /home/ec2-user/environment/lab4_model_training/venv/lib64/python3.12/site-packages/airflow/example_dags/example_setup_teardown_taskflow.py
[2026-03-12T01:04:32.239+0000] {logging_mixin.py:190} INFO - [2026-03-12T01:04:32.239+0000] {dag.py:3239} INFO - Sync 1 DAGs
[2026-03-12T01:04:32.255+0000] {logging_mixin.py:190} INFO - [2026-03-12T01:04:32.255+0000] {dag.py:4180} INFO - Setting next_dagrun for example_setup_teardown_taskflow to None, run_after=None
[2026-03-12T01:04:32.278+0000] {processor.py:208} INFO - Processing /home/ec2-user/environment/lab4_model_training/venv/lib64/python3.12/site-packages/airflow/example_dags/example_setup_teardown_taskflow.py took 0.087 seconds
[2026-03-12T01:05:39.895+0000] {processor.py:186} INFO - Started process (PID=14728) to work on /home/ec2-user/environment/lab4_model_training/venv/lib64/python3.12/site-packages/airflow/example_dags/example_setup_teardown_taskflow.py
[2026-03-12T01:05:39.896+0000] {processor.py:914} INFO - Processing file /home/ec2-user/environment/lab4_model_training/venv/lib64/python3.12/site-packages/airflow/example_dags/example_setup_teardown_taskflow.py for tasks to queue
[2026-03-12T01:05:39.899+0000] {logging_mixin.py:190} INFO - [2026-03-12T01:05:39.899+0000] {dagbag.py:588} INFO - Filling up the DagBag from /home/ec2-user/environment/lab4_model_training/venv/lib64/python3.12/site-packages/airflow/example_dags/example_setup_teardown_taskflow.py
[2026-03-12T01:05:39.912+0000] {processor.py:925} INFO - DAG(s) 'example_setup_teardown_taskflow' retrieved from /home/ec2-user/environment/lab4_model_training/venv/lib64/python3.12/site-packages/airflow/example_dags/example_setup_teardown_taskflow.py
[2026-03-12T01:05:39.935+0000] {logging_mixin.py:190} INFO - [2026-03-12T01:05:39.935+0000] {dag.py:3239} INFO - Sync 1 DAGs
[2026-03-12T01:05:39.951+0000] {logging_mixin.py:190} INFO - [2026-03-12T01:05:39.950+0000] {dag.py:4180} INFO - Setting next_dagrun for example_setup_teardown_taskflow to None, run_after=None
[2026-03-12T01:05:39.979+0000] {processor.py:208} INFO - Processing /home/ec2-user/environment/lab4_model_training/venv/lib64/python3.12/site-packages/airflow/example_dags/example_setup_teardown_taskflow.py took 0.089 seconds
[2026-03-12T01:06:40.241+0000] {processor.py:186} INFO - Started process (PID=15011) to work on /home/ec2-user/environment/lab4_model_training/venv/lib64/python3.12/site-packages/airflow/example_dags/example_setup_teardown_taskflow.py
[2026-03-12T01:06:40.242+0000] {processor.py:914} INFO - Processing file /home/ec2-user/environment/lab4_model_training/venv/lib64/python3.12/site-packages/airflow/example_dags/example_setup_teardown_taskflow.py for tasks to queue
[2026-03-12T01:06:40.244+0000] {logging_mixin.py:190} INFO - [2026-03-12T01:06:40.243+0000] {dagbag.py:588} INFO - Filling up the DagBag from /home/ec2-user/environment/lab4_model_training/venv/lib64/python3.12/site-packages/airflow/example_dags/example_setup_teardown_taskflow.py
[2026-03-12T01:06:40.265+0000] {processor.py:925} INFO - DAG(s) 'example_setup_teardown_taskflow' retrieved from /home/ec2-user/environment/lab4_model_training/venv/lib64/python3.12/site-packages/airflow/example_dags/example_setup_teardown_taskflow.py
[2026-03-12T01:06:40.287+0000] {logging_mixin.py:190} INFO - [2026-03-12T01:06:40.286+0000] {dag.py:3239} INFO - Sync 1 DAGs
[2026-03-12T01:06:40.301+0000] {logging_mixin.py:190} INFO - [2026-03-12T01:06:40.301+0000] {dag.py:4180} INFO - Setting next_dagrun for example_setup_teardown_taskflow to None, run_after=None
[2026-03-12T01:06:40.323+0000] {processor.py:208} INFO - Processing /home/ec2-user/environment/lab4_model_training/venv/lib64/python3.12/site-packages/airflow/example_dags/example_setup_teardown_taskflow.py took 0.089 seconds
[2026-03-12T01:07:40.843+0000] {processor.py:186} INFO - Started process (PID=15294) to work on /home/ec2-user/environment/lab4_model_training/venv/lib64/python3.12/site-packages/airflow/example_dags/example_setup_teardown_taskflow.py
[2026-03-12T01:07:40.844+0000] {processor.py:914} INFO - Processing file /home/ec2-user/environment/lab4_model_training/venv/lib64/python3.12/site-packages/airflow/example_dags/example_setup_teardown_taskflow.py for tasks to queue
[2026-03-12T01:07:40.846+0000] {logging_mixin.py:190} INFO - [2026-03-12T01:07:40.846+0000] {dagbag.py:588} INFO - Filling up the DagBag from /home/ec2-user/environment/lab4_model_training/venv/lib64/python3.12/site-packages/airflow/example_dags/example_setup_teardown_taskflow.py
[2026-03-12T01:07:40.859+0000] {processor.py:925} INFO - DAG(s) 'example_setup_teardown_taskflow' retrieved from /home/ec2-user/environment/lab4_model_training/venv/lib64/python3.12/site-packages/airflow/example_dags/example_setup_teardown_taskflow.py
[2026-03-12T01:07:40.881+0000] {logging_mixin.py:190} INFO - [2026-03-12T01:07:40.881+0000] {dag.py:3239} INFO - Sync 1 DAGs
[2026-03-12T01:07:40.897+0000] {logging_mixin.py:190} INFO - [2026-03-12T01:07:40.897+0000] {dag.py:4180} INFO - Setting next_dagrun for example_setup_teardown_taskflow to None, run_after=None
[2026-03-12T01:07:40.921+0000] {processor.py:208} INFO - Processing /home/ec2-user/environment/lab4_model_training/venv/lib64/python3.12/site-packages/airflow/example_dags/example_setup_teardown_taskflow.py took 0.084 seconds
[2026-03-12T01:08:43.420+0000] {processor.py:186} INFO - Started process (PID=15531) to work on /home/ec2-user/environment/lab4_model_training/venv/lib64/python3.12/site-packages/airflow/example_dags/example_setup_teardown_taskflow.py
[2026-03-12T01:08:43.421+0000] {processor.py:914} INFO - Processing file /home/ec2-user/environment/lab4_model_training/venv/lib64/python3.12/site-packages/airflow/example_dags/example_setup_teardown_taskflow.py for tasks to queue
[2026-03-12T01:08:43.424+0000] {logging_mixin.py:190} INFO - [2026-03-12T01:08:43.424+0000] {dagbag.py:588} INFO - Filling up the DagBag from /home/ec2-user/environment/lab4_model_training/venv/lib64/python3.12/site-packages/airflow/example_dags/example_setup_teardown_taskflow.py
[2026-03-12T01:08:43.438+0000] {processor.py:925} INFO - DAG(s) 'example_setup_teardown_taskflow' retrieved from /home/ec2-user/environment/lab4_model_training/venv/lib64/python3.12/site-packages/airflow/example_dags/example_setup_teardown_taskflow.py
[2026-03-12T01:08:43.462+0000] {logging_mixin.py:190} INFO - [2026-03-12T01:08:43.461+0000] {dag.py:3239} INFO - Sync 1 DAGs
[2026-03-12T01:08:43.478+0000] {logging_mixin.py:190} INFO - [2026-03-12T01:08:43.478+0000] {dag.py:4180} INFO - Setting next_dagrun for example_setup_teardown_taskflow to None, run_after=None
[2026-03-12T01:08:43.501+0000] {processor.py:208} INFO - Processing /home/ec2-user/environment/lab4_model_training/venv/lib64/python3.12/site-packages/airflow/example_dags/example_setup_teardown_taskflow.py took 0.086 seconds
[2026-03-12T01:09:44.224+0000] {processor.py:186} INFO - Started process (PID=15819) to work on /home/ec2-user/environment/lab4_model_training/venv/lib64/python3.12/site-packages/airflow/example_dags/example_setup_teardown_taskflow.py
[2026-03-12T01:09:44.225+0000] {processor.py:914} INFO - Processing file /home/ec2-user/environment/lab4_model_training/venv/lib64/python3.12/site-packages/airflow/example_dags/example_setup_teardown_taskflow.py for tasks to queue
[2026-03-12T01:09:44.228+0000] {logging_mixin.py:190} INFO - [2026-03-12T01:09:44.227+0000] {dagbag.py:588} INFO - Filling up the DagBag from /home/ec2-user/environment/lab4_model_training/venv/lib64/python3.12/site-packages/airflow/example_dags/example_setup_teardown_taskflow.py
[2026-03-12T01:09:44.240+0000] {processor.py:925} INFO - DAG(s) 'example_setup_teardown_taskflow' retrieved from /home/ec2-user/environment/lab4_model_training/venv/lib64/python3.12/site-packages/airflow/example_dags/example_setup_teardown_taskflow.py
[2026-03-12T01:09:44.262+0000] {logging_mixin.py:190} INFO - [2026-03-12T01:09:44.261+0000] {dag.py:3239} INFO - Sync 1 DAGs
[2026-03-12T01:09:44.277+0000] {logging_mixin.py:190} INFO - [2026-03-12T01:09:44.277+0000] {dag.py:4180} INFO - Setting next_dagrun for example_setup_teardown_taskflow to None, run_after=None
[2026-03-12T01:09:44.301+0000] {processor.py:208} INFO - Processing /home/ec2-user/environment/lab4_model_training/venv/lib64/python3.12/site-packages/airflow/example_dags/example_setup_teardown_taskflow.py took 0.082 seconds
[2026-03-12T01:10:50.420+0000] {processor.py:186} INFO - Started process (PID=16076) to work on /home/ec2-user/environment/lab4_model_training/venv/lib64/python3.12/site-packages/airflow/example_dags/example_setup_teardown_taskflow.py
[2026-03-12T01:10:50.421+0000] {processor.py:914} INFO - Processing file /home/ec2-user/environment/lab4_model_training/venv/lib64/python3.12/site-packages/airflow/example_dags/example_setup_teardown_taskflow.py for tasks to queue
[2026-03-12T01:10:50.423+0000] {logging_mixin.py:190} INFO - [2026-03-12T01:10:50.423+0000] {dagbag.py:588} INFO - Filling up the DagBag from /home/ec2-user/environment/lab4_model_training/venv/lib64/python3.12/site-packages/airflow/example_dags/example_setup_teardown_taskflow.py
[2026-03-12T01:10:50.436+0000] {processor.py:925} INFO - DAG(s) 'example_setup_teardown_taskflow' retrieved from /home/ec2-user/environment/lab4_model_training/venv/lib64/python3.12/site-packages/airflow/example_dags/example_setup_teardown_taskflow.py
[2026-03-12T01:10:50.459+0000] {logging_mixin.py:190} INFO - [2026-03-12T01:10:50.459+0000] {dag.py:3239} INFO - Sync 1 DAGs
[2026-03-12T01:10:50.476+0000] {logging_mixin.py:190} INFO - [2026-03-12T01:10:50.476+0000] {dag.py:4180} INFO - Setting next_dagrun for example_setup_teardown_taskflow to None, run_after=None
[2026-03-12T01:10:50.500+0000] {processor.py:208} INFO - Processing /home/ec2-user/environment/lab4_model_training/venv/lib64/python3.12/site-packages/airflow/example_dags/example_setup_teardown_taskflow.py took 0.086 seconds
[2026-03-12T01:11:56.928+0000] {processor.py:186} INFO - Started process (PID=16376) to work on /home/ec2-user/environment/lab4_model_training/venv/lib64/python3.12/site-packages/airflow/example_dags/example_setup_teardown_taskflow.py
[2026-03-12T01:11:56.930+0000] {processor.py:914} INFO - Processing file /home/ec2-user/environment/lab4_model_training/venv/lib64/python3.12/site-packages/airflow/example_dags/example_setup_teardown_taskflow.py for tasks to queue
[2026-03-12T01:11:56.933+0000] {logging_mixin.py:190} INFO - [2026-03-12T01:11:56.932+0000] {dagbag.py:588} INFO - Filling up the DagBag from /home/ec2-user/environment/lab4_model_training/venv/lib64/python3.12/site-packages/airflow/example_dags/example_setup_teardown_taskflow.py
[2026-03-12T01:11:56.946+0000] {processor.py:925} INFO - DAG(s) 'example_setup_teardown_taskflow' retrieved from /home/ec2-user/environment/lab4_model_training/venv/lib64/python3.12/site-packages/airflow/example_dags/example_setup_teardown_taskflow.py
[2026-03-12T01:11:56.968+0000] {logging_mixin.py:190} INFO - [2026-03-12T01:11:56.968+0000] {dag.py:3239} INFO - Sync 1 DAGs
[2026-03-12T01:11:56.984+0000] {logging_mixin.py:190} INFO - [2026-03-12T01:11:56.983+0000] {dag.py:4180} INFO - Setting next_dagrun for example_setup_teardown_taskflow to None, run_after=None
[2026-03-12T01:11:57.021+0000] {processor.py:208} INFO - Processing /home/ec2-user/environment/lab4_model_training/venv/lib64/python3.12/site-packages/airflow/example_dags/example_setup_teardown_taskflow.py took 0.098 seconds
[2026-03-12T01:12:58.952+0000] {processor.py:186} INFO - Started process (PID=16664) to work on /home/ec2-user/environment/lab4_model_training/venv/lib64/python3.12/site-packages/airflow/example_dags/example_setup_teardown_taskflow.py
[2026-03-12T01:12:58.953+0000] {processor.py:914} INFO - Processing file /home/ec2-user/environment/lab4_model_training/venv/lib64/python3.12/site-packages/airflow/example_dags/example_setup_teardown_taskflow.py for tasks to queue
[2026-03-12T01:12:58.956+0000] {logging_mixin.py:190} INFO - [2026-03-12T01:12:58.955+0000] {dagbag.py:588} INFO - Filling up the DagBag from /home/ec2-user/environment/lab4_model_training/venv/lib64/python3.12/site-packages/airflow/example_dags/example_setup_teardown_taskflow.py
[2026-03-12T01:12:58.969+0000] {processor.py:925} INFO - DAG(s) 'example_setup_teardown_taskflow' retrieved from /home/ec2-user/environment/lab4_model_training/venv/lib64/python3.12/site-packages/airflow/example_dags/example_setup_teardown_taskflow.py
[2026-03-12T01:12:58.991+0000] {logging_mixin.py:190} INFO - [2026-03-12T01:12:58.991+0000] {dag.py:3239} INFO - Sync 1 DAGs
[2026-03-12T01:12:59.005+0000] {logging_mixin.py:190} INFO - [2026-03-12T01:12:59.005+0000] {dag.py:4180} INFO - Setting next_dagrun for example_setup_teardown_taskflow to None, run_after=None
[2026-03-12T01:12:59.028+0000] {processor.py:208} INFO - Processing /home/ec2-user/environment/lab4_model_training/venv/lib64/python3.12/site-packages/airflow/example_dags/example_setup_teardown_taskflow.py took 0.082 seconds
[2026-03-12T01:14:04.279+0000] {processor.py:186} INFO - Started process (PID=16997) to work on /home/ec2-user/environment/lab4_model_training/venv/lib64/python3.12/site-packages/airflow/example_dags/example_setup_teardown_taskflow.py
[2026-03-12T01:14:04.280+0000] {processor.py:914} INFO - Processing file /home/ec2-user/environment/lab4_model_training/venv/lib64/python3.12/site-packages/airflow/example_dags/example_setup_teardown_taskflow.py for tasks to queue
[2026-03-12T01:14:04.284+0000] {logging_mixin.py:190} INFO - [2026-03-12T01:14:04.283+0000] {dagbag.py:588} INFO - Filling up the DagBag from /home/ec2-user/environment/lab4_model_training/venv/lib64/python3.12/site-packages/airflow/example_dags/example_setup_teardown_taskflow.py
[2026-03-12T01:14:04.297+0000] {processor.py:925} INFO - DAG(s) 'example_setup_teardown_taskflow' retrieved from /home/ec2-user/environment/lab4_model_training/venv/lib64/python3.12/site-packages/airflow/example_dags/example_setup_teardown_taskflow.py
[2026-03-12T01:14:04.321+0000] {logging_mixin.py:190} INFO - [2026-03-12T01:14:04.321+0000] {dag.py:3239} INFO - Sync 1 DAGs
[2026-03-12T01:14:04.338+0000] {logging_mixin.py:190} INFO - [2026-03-12T01:14:04.337+0000] {dag.py:4180} INFO - Setting next_dagrun for example_setup_teardown_taskflow to None, run_after=None
[2026-03-12T01:14:04.364+0000] {processor.py:208} INFO - Processing /home/ec2-user/environment/lab4_model_training/venv/lib64/python3.12/site-packages/airflow/example_dags/example_setup_teardown_taskflow.py took 0.091 seconds
[2026-03-12T01:15:07.125+0000] {processor.py:186} INFO - Started process (PID=17288) to work on /home/ec2-user/environment/lab4_model_training/venv/lib64/python3.12/site-packages/airflow/example_dags/example_setup_teardown_taskflow.py
[2026-03-12T01:15:07.126+0000] {processor.py:914} INFO - Processing file /home/ec2-user/environment/lab4_model_training/venv/lib64/python3.12/site-packages/airflow/example_dags/example_setup_teardown_taskflow.py for tasks to queue
[2026-03-12T01:15:07.129+0000] {logging_mixin.py:190} INFO - [2026-03-12T01:15:07.129+0000] {dagbag.py:588} INFO - Filling up the DagBag from /home/ec2-user/environment/lab4_model_training/venv/lib64/python3.12/site-packages/airflow/example_dags/example_setup_teardown_taskflow.py
[2026-03-12T01:15:07.145+0000] {processor.py:925} INFO - DAG(s) 'example_setup_teardown_taskflow' retrieved from /home/ec2-user/environment/lab4_model_training/venv/lib64/python3.12/site-packages/airflow/example_dags/example_setup_teardown_taskflow.py
[2026-03-12T01:15:07.170+0000] {logging_mixin.py:190} INFO - [2026-03-12T01:15:07.170+0000] {dag.py:3239} INFO - Sync 1 DAGs
[2026-03-12T01:15:07.186+0000] {logging_mixin.py:190} INFO - [2026-03-12T01:15:07.185+0000] {dag.py:4180} INFO - Setting next_dagrun for example_setup_teardown_taskflow to None, run_after=None
[2026-03-12T01:15:07.209+0000] {processor.py:208} INFO - Processing /home/ec2-user/environment/lab4_model_training/venv/lib64/python3.12/site-packages/airflow/example_dags/example_setup_teardown_taskflow.py took 0.090 seconds
[2026-03-12T01:16:08.245+0000] {processor.py:186} INFO - Started process (PID=17575) to work on /home/ec2-user/environment/lab4_model_training/venv/lib64/python3.12/site-packages/airflow/example_dags/example_setup_teardown_taskflow.py
[2026-03-12T01:16:08.246+0000] {processor.py:914} INFO - Processing file /home/ec2-user/environment/lab4_model_training/venv/lib64/python3.12/site-packages/airflow/example_dags/example_setup_teardown_taskflow.py for tasks to queue
[2026-03-12T01:16:08.249+0000] {logging_mixin.py:190} INFO - [2026-03-12T01:16:08.249+0000] {dagbag.py:588} INFO - Filling up the DagBag from /home/ec2-user/environment/lab4_model_training/venv/lib64/python3.12/site-packages/airflow/example_dags/example_setup_teardown_taskflow.py
[2026-03-12T01:16:08.262+0000] {processor.py:925} INFO - DAG(s) 'example_setup_teardown_taskflow' retrieved from /home/ec2-user/environment/lab4_model_training/venv/lib64/python3.12/site-packages/airflow/example_dags/example_setup_teardown_taskflow.py
[2026-03-12T01:16:08.285+0000] {logging_mixin.py:190} INFO - [2026-03-12T01:16:08.285+0000] {dag.py:3239} INFO - Sync 1 DAGs
[2026-03-12T01:16:08.301+0000] {logging_mixin.py:190} INFO - [2026-03-12T01:16:08.301+0000] {dag.py:4180} INFO - Setting next_dagrun for example_setup_teardown_taskflow to None, run_after=None
[2026-03-12T01:16:08.326+0000] {processor.py:208} INFO - Processing /home/ec2-user/environment/lab4_model_training/venv/lib64/python3.12/site-packages/airflow/example_dags/example_setup_teardown_taskflow.py took 0.086 seconds
[2026-03-12T01:17:17.571+0000] {processor.py:186} INFO - Started process (PID=17896) to work on /home/ec2-user/environment/lab4_model_training/venv/lib64/python3.12/site-packages/airflow/example_dags/example_setup_teardown_taskflow.py
[2026-03-12T01:17:17.572+0000] {processor.py:914} INFO - Processing file /home/ec2-user/environment/lab4_model_training/venv/lib64/python3.12/site-packages/airflow/example_dags/example_setup_teardown_taskflow.py for tasks to queue
[2026-03-12T01:17:17.575+0000] {logging_mixin.py:190} INFO - [2026-03-12T01:17:17.574+0000] {dagbag.py:588} INFO - Filling up the DagBag from /home/ec2-user/environment/lab4_model_training/venv/lib64/python3.12/site-packages/airflow/example_dags/example_setup_teardown_taskflow.py
[2026-03-12T01:17:17.588+0000] {processor.py:925} INFO - DAG(s) 'example_setup_teardown_taskflow' retrieved from /home/ec2-user/environment/lab4_model_training/venv/lib64/python3.12/site-packages/airflow/example_dags/example_setup_teardown_taskflow.py
[2026-03-12T01:17:17.612+0000] {logging_mixin.py:190} INFO - [2026-03-12T01:17:17.611+0000] {dag.py:3239} INFO - Sync 1 DAGs
[2026-03-12T01:17:17.627+0000] {logging_mixin.py:190} INFO - [2026-03-12T01:17:17.627+0000] {dag.py:4180} INFO - Setting next_dagrun for example_setup_teardown_taskflow to None, run_after=None
[2026-03-12T01:17:17.650+0000] {processor.py:208} INFO - Processing /home/ec2-user/environment/lab4_model_training/venv/lib64/python3.12/site-packages/airflow/example_dags/example_setup_teardown_taskflow.py took 0.084 seconds
[2026-03-12T01:18:19.199+0000] {processor.py:186} INFO - Started process (PID=18120) to work on /home/ec2-user/environment/lab4_model_training/venv/lib64/python3.12/site-packages/airflow/example_dags/example_setup_teardown_taskflow.py
[2026-03-12T01:18:19.201+0000] {processor.py:914} INFO - Processing file /home/ec2-user/environment/lab4_model_training/venv/lib64/python3.12/site-packages/airflow/example_dags/example_setup_teardown_taskflow.py for tasks to queue
[2026-03-12T01:18:19.203+0000] {logging_mixin.py:190} INFO - [2026-03-12T01:18:19.202+0000] {dagbag.py:588} INFO - Filling up the DagBag from /home/ec2-user/environment/lab4_model_training/venv/lib64/python3.12/site-packages/airflow/example_dags/example_setup_teardown_taskflow.py
[2026-03-12T01:18:19.216+0000] {processor.py:925} INFO - DAG(s) 'example_setup_teardown_taskflow' retrieved from /home/ec2-user/environment/lab4_model_training/venv/lib64/python3.12/site-packages/airflow/example_dags/example_setup_teardown_taskflow.py
[2026-03-12T01:18:19.238+0000] {logging_mixin.py:190} INFO - [2026-03-12T01:18:19.237+0000] {dag.py:3239} INFO - Sync 1 DAGs
[2026-03-12T01:18:19.253+0000] {logging_mixin.py:190} INFO - [2026-03-12T01:18:19.252+0000] {dag.py:4180} INFO - Setting next_dagrun for example_setup_teardown_taskflow to None, run_after=None
[2026-03-12T01:18:19.276+0000] {processor.py:208} INFO - Processing /home/ec2-user/environment/lab4_model_training/venv/lib64/python3.12/site-packages/airflow/example_dags/example_setup_teardown_taskflow.py took 0.082 seconds
[2026-03-12T01:19:24.074+0000] {processor.py:186} INFO - Started process (PID=18419) to work on /home/ec2-user/environment/lab4_model_training/venv/lib64/python3.12/site-packages/airflow/example_dags/example_setup_teardown_taskflow.py
[2026-03-12T01:19:24.075+0000] {processor.py:914} INFO - Processing file /home/ec2-user/environment/lab4_model_training/venv/lib64/python3.12/site-packages/airflow/example_dags/example_setup_teardown_taskflow.py for tasks to queue
[2026-03-12T01:19:24.078+0000] {logging_mixin.py:190} INFO - [2026-03-12T01:19:24.077+0000] {dagbag.py:588} INFO - Filling up the DagBag from /home/ec2-user/environment/lab4_model_training/venv/lib64/python3.12/site-packages/airflow/example_dags/example_setup_teardown_taskflow.py
[2026-03-12T01:19:24.093+0000] {processor.py:925} INFO - DAG(s) 'example_setup_teardown_taskflow' retrieved from /home/ec2-user/environment/lab4_model_training/venv/lib64/python3.12/site-packages/airflow/example_dags/example_setup_teardown_taskflow.py
[2026-03-12T01:19:24.116+0000] {logging_mixin.py:190} INFO - [2026-03-12T01:19:24.116+0000] {dag.py:3239} INFO - Sync 1 DAGs
[2026-03-12T01:19:24.133+0000] {logging_mixin.py:190} INFO - [2026-03-12T01:19:24.133+0000] {dag.py:4180} INFO - Setting next_dagrun for example_setup_teardown_taskflow to None, run_after=None
[2026-03-12T01:19:24.276+0000] {processor.py:208} INFO - Processing /home/ec2-user/environment/lab4_model_training/venv/lib64/python3.12/site-packages/airflow/example_dags/example_setup_teardown_taskflow.py took 0.208 seconds
[2026-03-12T01:20:32.078+0000] {processor.py:186} INFO - Started process (PID=18729) to work on /home/ec2-user/environment/lab4_model_training/venv/lib64/python3.12/site-packages/airflow/example_dags/example_setup_teardown_taskflow.py
[2026-03-12T01:20:32.080+0000] {processor.py:914} INFO - Processing file /home/ec2-user/environment/lab4_model_training/venv/lib64/python3.12/site-packages/airflow/example_dags/example_setup_teardown_taskflow.py for tasks to queue
[2026-03-12T01:20:32.093+0000] {logging_mixin.py:190} INFO - [2026-03-12T01:20:32.092+0000] {dagbag.py:588} INFO - Filling up the DagBag from /home/ec2-user/environment/lab4_model_training/venv/lib64/python3.12/site-packages/airflow/example_dags/example_setup_teardown_taskflow.py
[2026-03-12T01:20:32.108+0000] {processor.py:925} INFO - DAG(s) 'example_setup_teardown_taskflow' retrieved from /home/ec2-user/environment/lab4_model_training/venv/lib64/python3.12/site-packages/airflow/example_dags/example_setup_teardown_taskflow.py
[2026-03-12T01:20:32.131+0000] {logging_mixin.py:190} INFO - [2026-03-12T01:20:32.130+0000] {dag.py:3239} INFO - Sync 1 DAGs
[2026-03-12T01:20:32.148+0000] {logging_mixin.py:190} INFO - [2026-03-12T01:20:32.148+0000] {dag.py:4180} INFO - Setting next_dagrun for example_setup_teardown_taskflow to None, run_after=None
[2026-03-12T01:20:32.172+0000] {processor.py:208} INFO - Processing /home/ec2-user/environment/lab4_model_training/venv/lib64/python3.12/site-packages/airflow/example_dags/example_setup_teardown_taskflow.py took 0.102 seconds
[2026-03-12T01:21:40.930+0000] {processor.py:186} INFO - Started process (PID=19016) to work on /home/ec2-user/environment/lab4_model_training/venv/lib64/python3.12/site-packages/airflow/example_dags/example_setup_teardown_taskflow.py
[2026-03-12T01:21:40.931+0000] {processor.py:914} INFO - Processing file /home/ec2-user/environment/lab4_model_training/venv/lib64/python3.12/site-packages/airflow/example_dags/example_setup_teardown_taskflow.py for tasks to queue
[2026-03-12T01:21:40.933+0000] {logging_mixin.py:190} INFO - [2026-03-12T01:21:40.932+0000] {dagbag.py:588} INFO - Filling up the DagBag from /home/ec2-user/environment/lab4_model_training/venv/lib64/python3.12/site-packages/airflow/example_dags/example_setup_teardown_taskflow.py
[2026-03-12T01:21:40.946+0000] {processor.py:925} INFO - DAG(s) 'example_setup_teardown_taskflow' retrieved from /home/ec2-user/environment/lab4_model_training/venv/lib64/python3.12/site-packages/airflow/example_dags/example_setup_teardown_taskflow.py
[2026-03-12T01:21:40.967+0000] {logging_mixin.py:190} INFO - [2026-03-12T01:21:40.967+0000] {dag.py:3239} INFO - Sync 1 DAGs
[2026-03-12T01:21:40.984+0000] {logging_mixin.py:190} INFO - [2026-03-12T01:21:40.983+0000] {dag.py:4180} INFO - Setting next_dagrun for example_setup_teardown_taskflow to None, run_after=None
[2026-03-12T01:21:41.007+0000] {processor.py:208} INFO - Processing /home/ec2-user/environment/lab4_model_training/venv/lib64/python3.12/site-packages/airflow/example_dags/example_setup_teardown_taskflow.py took 0.083 seconds
[2026-03-12T01:22:48.856+0000] {processor.py:186} INFO - Started process (PID=19311) to work on /home/ec2-user/environment/lab4_model_training/venv/lib64/python3.12/site-packages/airflow/example_dags/example_setup_teardown_taskflow.py
[2026-03-12T01:22:48.857+0000] {processor.py:914} INFO - Processing file /home/ec2-user/environment/lab4_model_training/venv/lib64/python3.12/site-packages/airflow/example_dags/example_setup_teardown_taskflow.py for tasks to queue
[2026-03-12T01:22:48.860+0000] {logging_mixin.py:190} INFO - [2026-03-12T01:22:48.859+0000] {dagbag.py:588} INFO - Filling up the DagBag from /home/ec2-user/environment/lab4_model_training/venv/lib64/python3.12/site-packages/airflow/example_dags/example_setup_teardown_taskflow.py
[2026-03-12T01:22:48.874+0000] {processor.py:925} INFO - DAG(s) 'example_setup_teardown_taskflow' retrieved from /home/ec2-user/environment/lab4_model_training/venv/lib64/python3.12/site-packages/airflow/example_dags/example_setup_teardown_taskflow.py
[2026-03-12T01:22:48.896+0000] {logging_mixin.py:190} INFO - [2026-03-12T01:22:48.896+0000] {dag.py:3239} INFO - Sync 1 DAGs
[2026-03-12T01:22:48.910+0000] {logging_mixin.py:190} INFO - [2026-03-12T01:22:48.910+0000] {dag.py:4180} INFO - Setting next_dagrun for example_setup_teardown_taskflow to None, run_after=None
[2026-03-12T01:22:48.933+0000] {processor.py:208} INFO - Processing /home/ec2-user/environment/lab4_model_training/venv/lib64/python3.12/site-packages/airflow/example_dags/example_setup_teardown_taskflow.py took 0.083 seconds
[2026-03-12T01:23:56.339+0000] {processor.py:186} INFO - Started process (PID=19569) to work on /home/ec2-user/environment/lab4_model_training/venv/lib64/python3.12/site-packages/airflow/example_dags/example_setup_teardown_taskflow.py
[2026-03-12T01:23:56.340+0000] {processor.py:914} INFO - Processing file /home/ec2-user/environment/lab4_model_training/venv/lib64/python3.12/site-packages/airflow/example_dags/example_setup_teardown_taskflow.py for tasks to queue
[2026-03-12T01:23:56.343+0000] {logging_mixin.py:190} INFO - [2026-03-12T01:23:56.342+0000] {dagbag.py:588} INFO - Filling up the DagBag from /home/ec2-user/environment/lab4_model_training/venv/lib64/python3.12/site-packages/airflow/example_dags/example_setup_teardown_taskflow.py
[2026-03-12T01:23:56.358+0000] {processor.py:925} INFO - DAG(s) 'example_setup_teardown_taskflow' retrieved from /home/ec2-user/environment/lab4_model_training/venv/lib64/python3.12/site-packages/airflow/example_dags/example_setup_teardown_taskflow.py
[2026-03-12T01:23:56.382+0000] {logging_mixin.py:190} INFO - [2026-03-12T01:23:56.382+0000] {dag.py:3239} INFO - Sync 1 DAGs
[2026-03-12T01:23:56.397+0000] {logging_mixin.py:190} INFO - [2026-03-12T01:23:56.397+0000] {dag.py:4180} INFO - Setting next_dagrun for example_setup_teardown_taskflow to None, run_after=None
[2026-03-12T01:23:56.537+0000] {processor.py:208} INFO - Processing /home/ec2-user/environment/lab4_model_training/venv/lib64/python3.12/site-packages/airflow/example_dags/example_setup_teardown_taskflow.py took 0.204 seconds
[2026-03-12T01:25:12.430+0000] {processor.py:186} INFO - Started process (PID=19928) to work on /home/ec2-user/environment/lab4_model_training/venv/lib64/python3.12/site-packages/airflow/example_dags/example_setup_teardown_taskflow.py
[2026-03-12T01:25:12.431+0000] {processor.py:914} INFO - Processing file /home/ec2-user/environment/lab4_model_training/venv/lib64/python3.12/site-packages/airflow/example_dags/example_setup_teardown_taskflow.py for tasks to queue
[2026-03-12T01:25:12.434+0000] {logging_mixin.py:190} INFO - [2026-03-12T01:25:12.434+0000] {dagbag.py:588} INFO - Filling up the DagBag from /home/ec2-user/environment/lab4_model_training/venv/lib64/python3.12/site-packages/airflow/example_dags/example_setup_teardown_taskflow.py
[2026-03-12T01:25:12.449+0000] {processor.py:925} INFO - DAG(s) 'example_setup_teardown_taskflow' retrieved from /home/ec2-user/environment/lab4_model_training/venv/lib64/python3.12/site-packages/airflow/example_dags/example_setup_teardown_taskflow.py
[2026-03-12T01:25:12.473+0000] {logging_mixin.py:190} INFO - [2026-03-12T01:25:12.473+0000] {dag.py:3239} INFO - Sync 1 DAGs
[2026-03-12T01:25:12.488+0000] {logging_mixin.py:190} INFO - [2026-03-12T01:25:12.488+0000] {dag.py:4180} INFO - Setting next_dagrun for example_setup_teardown_taskflow to None, run_after=None
[2026-03-12T01:25:12.512+0000] {processor.py:208} INFO - Processing /home/ec2-user/environment/lab4_model_training/venv/lib64/python3.12/site-packages/airflow/example_dags/example_setup_teardown_taskflow.py took 0.088 seconds
[2026-03-12T01:26:21.954+0000] {processor.py:186} INFO - Started process (PID=20178) to work on /home/ec2-user/environment/lab4_model_training/venv/lib64/python3.12/site-packages/airflow/example_dags/example_setup_teardown_taskflow.py
[2026-03-12T01:26:21.955+0000] {processor.py:914} INFO - Processing file /home/ec2-user/environment/lab4_model_training/venv/lib64/python3.12/site-packages/airflow/example_dags/example_setup_teardown_taskflow.py for tasks to queue
[2026-03-12T01:26:21.958+0000] {logging_mixin.py:190} INFO - [2026-03-12T01:26:21.958+0000] {dagbag.py:588} INFO - Filling up the DagBag from /home/ec2-user/environment/lab4_model_training/venv/lib64/python3.12/site-packages/airflow/example_dags/example_setup_teardown_taskflow.py
[2026-03-12T01:26:21.971+0000] {processor.py:925} INFO - DAG(s) 'example_setup_teardown_taskflow' retrieved from /home/ec2-user/environment/lab4_model_training/venv/lib64/python3.12/site-packages/airflow/example_dags/example_setup_teardown_taskflow.py
[2026-03-12T01:26:21.994+0000] {logging_mixin.py:190} INFO - [2026-03-12T01:26:21.994+0000] {dag.py:3239} INFO - Sync 1 DAGs
[2026-03-12T01:26:22.010+0000] {logging_mixin.py:190} INFO - [2026-03-12T01:26:22.010+0000] {dag.py:4180} INFO - Setting next_dagrun for example_setup_teardown_taskflow to None, run_after=None
[2026-03-12T01:26:22.032+0000] {processor.py:208} INFO - Processing /home/ec2-user/environment/lab4_model_training/venv/lib64/python3.12/site-packages/airflow/example_dags/example_setup_teardown_taskflow.py took 0.084 seconds
[2026-03-12T01:27:22.969+0000] {processor.py:186} INFO - Started process (PID=20463) to work on /home/ec2-user/environment/lab4_model_training/venv/lib64/python3.12/site-packages/airflow/example_dags/example_setup_teardown_taskflow.py
[2026-03-12T01:27:22.971+0000] {processor.py:914} INFO - Processing file /home/ec2-user/environment/lab4_model_training/venv/lib64/python3.12/site-packages/airflow/example_dags/example_setup_teardown_taskflow.py for tasks to queue
[2026-03-12T01:27:22.973+0000] {logging_mixin.py:190} INFO - [2026-03-12T01:27:22.972+0000] {dagbag.py:588} INFO - Filling up the DagBag from /home/ec2-user/environment/lab4_model_training/venv/lib64/python3.12/site-packages/airflow/example_dags/example_setup_teardown_taskflow.py
[2026-03-12T01:27:22.985+0000] {processor.py:925} INFO - DAG(s) 'example_setup_teardown_taskflow' retrieved from /home/ec2-user/environment/lab4_model_training/venv/lib64/python3.12/site-packages/airflow/example_dags/example_setup_teardown_taskflow.py
[2026-03-12T01:27:23.007+0000] {logging_mixin.py:190} INFO - [2026-03-12T01:27:23.006+0000] {dag.py:3239} INFO - Sync 1 DAGs
[2026-03-12T01:27:23.023+0000] {logging_mixin.py:190} INFO - [2026-03-12T01:27:23.022+0000] {dag.py:4180} INFO - Setting next_dagrun for example_setup_teardown_taskflow to None, run_after=None
[2026-03-12T01:27:23.046+0000] {processor.py:208} INFO - Processing /home/ec2-user/environment/lab4_model_training/venv/lib64/python3.12/site-packages/airflow/example_dags/example_setup_teardown_taskflow.py took 0.082 seconds
[2026-03-12T01:28:23.618+0000] {processor.py:186} INFO - Started process (PID=20687) to work on /home/ec2-user/environment/lab4_model_training/venv/lib64/python3.12/site-packages/airflow/example_dags/example_setup_teardown_taskflow.py
[2026-03-12T01:28:23.619+0000] {processor.py:914} INFO - Processing file /home/ec2-user/environment/lab4_model_training/venv/lib64/python3.12/site-packages/airflow/example_dags/example_setup_teardown_taskflow.py for tasks to queue
[2026-03-12T01:28:23.621+0000] {logging_mixin.py:190} INFO - [2026-03-12T01:28:23.621+0000] {dagbag.py:588} INFO - Filling up the DagBag from /home/ec2-user/environment/lab4_model_training/venv/lib64/python3.12/site-packages/airflow/example_dags/example_setup_teardown_taskflow.py
[2026-03-12T01:28:23.634+0000] {processor.py:925} INFO - DAG(s) 'example_setup_teardown_taskflow' retrieved from /home/ec2-user/environment/lab4_model_training/venv/lib64/python3.12/site-packages/airflow/example_dags/example_setup_teardown_taskflow.py
[2026-03-12T01:28:23.665+0000] {logging_mixin.py:190} INFO - [2026-03-12T01:28:23.664+0000] {dag.py:3239} INFO - Sync 1 DAGs
[2026-03-12T01:28:23.680+0000] {logging_mixin.py:190} INFO - [2026-03-12T01:28:23.680+0000] {dag.py:4180} INFO - Setting next_dagrun for example_setup_teardown_taskflow to None, run_after=None
[2026-03-12T01:28:23.703+0000] {processor.py:208} INFO - Processing /home/ec2-user/environment/lab4_model_training/venv/lib64/python3.12/site-packages/airflow/example_dags/example_setup_teardown_taskflow.py took 0.091 seconds
[2026-03-12T01:29:26.468+0000] {processor.py:186} INFO - Started process (PID=21004) to work on /home/ec2-user/environment/lab4_model_training/venv/lib64/python3.12/site-packages/airflow/example_dags/example_setup_teardown_taskflow.py
[2026-03-12T01:29:26.469+0000] {processor.py:914} INFO - Processing file /home/ec2-user/environment/lab4_model_training/venv/lib64/python3.12/site-packages/airflow/example_dags/example_setup_teardown_taskflow.py for tasks to queue
[2026-03-12T01:29:26.471+0000] {logging_mixin.py:190} INFO - [2026-03-12T01:29:26.471+0000] {dagbag.py:588} INFO - Filling up the DagBag from /home/ec2-user/environment/lab4_model_training/venv/lib64/python3.12/site-packages/airflow/example_dags/example_setup_teardown_taskflow.py
[2026-03-12T01:29:26.484+0000] {processor.py:925} INFO - DAG(s) 'example_setup_teardown_taskflow' retrieved from /home/ec2-user/environment/lab4_model_training/venv/lib64/python3.12/site-packages/airflow/example_dags/example_setup_teardown_taskflow.py
[2026-03-12T01:29:26.505+0000] {logging_mixin.py:190} INFO - [2026-03-12T01:29:26.505+0000] {dag.py:3239} INFO - Sync 1 DAGs
[2026-03-12T01:29:26.521+0000] {logging_mixin.py:190} INFO - [2026-03-12T01:29:26.521+0000] {dag.py:4180} INFO - Setting next_dagrun for example_setup_teardown_taskflow to None, run_after=None
[2026-03-12T01:29:26.545+0000] {processor.py:208} INFO - Processing /home/ec2-user/environment/lab4_model_training/venv/lib64/python3.12/site-packages/airflow/example_dags/example_setup_teardown_taskflow.py took 0.083 seconds
[2026-03-12T01:30:27.531+0000] {processor.py:186} INFO - Started process (PID=21396) to work on /home/ec2-user/environment/lab4_model_training/venv/lib64/python3.12/site-packages/airflow/example_dags/example_setup_teardown_taskflow.py
[2026-03-12T01:30:27.532+0000] {processor.py:914} INFO - Processing file /home/ec2-user/environment/lab4_model_training/venv/lib64/python3.12/site-packages/airflow/example_dags/example_setup_teardown_taskflow.py for tasks to queue
[2026-03-12T01:30:27.534+0000] {logging_mixin.py:190} INFO - [2026-03-12T01:30:27.534+0000] {dagbag.py:588} INFO - Filling up the DagBag from /home/ec2-user/environment/lab4_model_training/venv/lib64/python3.12/site-packages/airflow/example_dags/example_setup_teardown_taskflow.py
[2026-03-12T01:30:27.547+0000] {processor.py:925} INFO - DAG(s) 'example_setup_teardown_taskflow' retrieved from /home/ec2-user/environment/lab4_model_training/venv/lib64/python3.12/site-packages/airflow/example_dags/example_setup_teardown_taskflow.py
[2026-03-12T01:30:27.568+0000] {logging_mixin.py:190} INFO - [2026-03-12T01:30:27.568+0000] {dag.py:3239} INFO - Sync 1 DAGs
[2026-03-12T01:30:27.584+0000] {logging_mixin.py:190} INFO - [2026-03-12T01:30:27.584+0000] {dag.py:4180} INFO - Setting next_dagrun for example_setup_teardown_taskflow to None, run_after=None
[2026-03-12T01:30:27.607+0000] {processor.py:208} INFO - Processing /home/ec2-user/environment/lab4_model_training/venv/lib64/python3.12/site-packages/airflow/example_dags/example_setup_teardown_taskflow.py took 0.082 seconds
[2026-03-12T01:31:30.337+0000] {processor.py:186} INFO - Started process (PID=21681) to work on /home/ec2-user/environment/lab4_model_training/venv/lib64/python3.12/site-packages/airflow/example_dags/example_setup_teardown_taskflow.py
[2026-03-12T01:31:30.338+0000] {processor.py:914} INFO - Processing file /home/ec2-user/environment/lab4_model_training/venv/lib64/python3.12/site-packages/airflow/example_dags/example_setup_teardown_taskflow.py for tasks to queue
[2026-03-12T01:31:30.340+0000] {logging_mixin.py:190} INFO - [2026-03-12T01:31:30.339+0000] {dagbag.py:588} INFO - Filling up the DagBag from /home/ec2-user/environment/lab4_model_training/venv/lib64/python3.12/site-packages/airflow/example_dags/example_setup_teardown_taskflow.py
[2026-03-12T01:31:30.353+0000] {processor.py:925} INFO - DAG(s) 'example_setup_teardown_taskflow' retrieved from /home/ec2-user/environment/lab4_model_training/venv/lib64/python3.12/site-packages/airflow/example_dags/example_setup_teardown_taskflow.py
[2026-03-12T01:31:30.374+0000] {logging_mixin.py:190} INFO - [2026-03-12T01:31:30.374+0000] {dag.py:3239} INFO - Sync 1 DAGs
[2026-03-12T01:31:30.391+0000] {logging_mixin.py:190} INFO - [2026-03-12T01:31:30.391+0000] {dag.py:4180} INFO - Setting next_dagrun for example_setup_teardown_taskflow to None, run_after=None
[2026-03-12T01:31:30.414+0000] {processor.py:208} INFO - Processing /home/ec2-user/environment/lab4_model_training/venv/lib64/python3.12/site-packages/airflow/example_dags/example_setup_teardown_taskflow.py took 0.083 seconds
[2026-03-12T01:32:30.197+0000] {processor.py:186} INFO - Started process (PID=21916) to work on /home/ec2-user/environment/lab4_model_training/venv/lib64/python3.12/site-packages/airflow/example_dags/example_setup_teardown_taskflow.py
[2026-03-12T01:32:30.198+0000] {processor.py:914} INFO - Processing file /home/ec2-user/environment/lab4_model_training/venv/lib64/python3.12/site-packages/airflow/example_dags/example_setup_teardown_taskflow.py for tasks to queue
[2026-03-12T01:32:30.201+0000] {logging_mixin.py:190} INFO - [2026-03-12T01:32:30.201+0000] {dagbag.py:588} INFO - Filling up the DagBag from /home/ec2-user/environment/lab4_model_training/venv/lib64/python3.12/site-packages/airflow/example_dags/example_setup_teardown_taskflow.py
[2026-03-12T01:32:30.214+0000] {processor.py:925} INFO - DAG(s) 'example_setup_teardown_taskflow' retrieved from /home/ec2-user/environment/lab4_model_training/venv/lib64/python3.12/site-packages/airflow/example_dags/example_setup_teardown_taskflow.py
[2026-03-12T01:32:30.237+0000] {logging_mixin.py:190} INFO - [2026-03-12T01:32:30.236+0000] {dag.py:3239} INFO - Sync 1 DAGs
[2026-03-12T01:32:30.253+0000] {logging_mixin.py:190} INFO - [2026-03-12T01:32:30.253+0000] {dag.py:4180} INFO - Setting next_dagrun for example_setup_teardown_taskflow to None, run_after=None
[2026-03-12T01:32:30.277+0000] {processor.py:208} INFO - Processing /home/ec2-user/environment/lab4_model_training/venv/lib64/python3.12/site-packages/airflow/example_dags/example_setup_teardown_taskflow.py took 0.086 seconds
[2026-03-12T01:33:30.051+0000] {processor.py:186} INFO - Started process (PID=22186) to work on /home/ec2-user/environment/lab4_model_training/venv/lib64/python3.12/site-packages/airflow/example_dags/example_setup_teardown_taskflow.py
[2026-03-12T01:33:30.052+0000] {processor.py:914} INFO - Processing file /home/ec2-user/environment/lab4_model_training/venv/lib64/python3.12/site-packages/airflow/example_dags/example_setup_teardown_taskflow.py for tasks to queue
[2026-03-12T01:33:30.055+0000] {logging_mixin.py:190} INFO - [2026-03-12T01:33:30.055+0000] {dagbag.py:588} INFO - Filling up the DagBag from /home/ec2-user/environment/lab4_model_training/venv/lib64/python3.12/site-packages/airflow/example_dags/example_setup_teardown_taskflow.py
[2026-03-12T01:33:30.069+0000] {processor.py:925} INFO - DAG(s) 'example_setup_teardown_taskflow' retrieved from /home/ec2-user/environment/lab4_model_training/venv/lib64/python3.12/site-packages/airflow/example_dags/example_setup_teardown_taskflow.py
[2026-03-12T01:33:30.091+0000] {logging_mixin.py:190} INFO - [2026-03-12T01:33:30.091+0000] {dag.py:3239} INFO - Sync 1 DAGs
[2026-03-12T01:33:30.109+0000] {logging_mixin.py:190} INFO - [2026-03-12T01:33:30.109+0000] {dag.py:4180} INFO - Setting next_dagrun for example_setup_teardown_taskflow to None, run_after=None
[2026-03-12T01:33:30.132+0000] {processor.py:208} INFO - Processing /home/ec2-user/environment/lab4_model_training/venv/lib64/python3.12/site-packages/airflow/example_dags/example_setup_teardown_taskflow.py took 0.087 seconds
