[2026-03-12T00:34:21.825+0000] {processor.py:186} INFO - Started process (PID=6520) to work on /home/ec2-user/environment/lab4_model_training/venv/lib64/python3.12/site-packages/airflow/example_dags/example_dynamic_task_mapping.py
[2026-03-12T00:34:21.826+0000] {processor.py:914} INFO - Processing file /home/ec2-user/environment/lab4_model_training/venv/lib64/python3.12/site-packages/airflow/example_dags/example_dynamic_task_mapping.py for tasks to queue
[2026-03-12T00:34:21.828+0000] {logging_mixin.py:190} INFO - [2026-03-12T00:34:21.827+0000] {dagbag.py:588} INFO - Filling up the DagBag from /home/ec2-user/environment/lab4_model_training/venv/lib64/python3.12/site-packages/airflow/example_dags/example_dynamic_task_mapping.py
[2026-03-12T00:34:21.837+0000] {processor.py:925} INFO - DAG(s) 'example_dynamic_task_mapping' retrieved from /home/ec2-user/environment/lab4_model_training/venv/lib64/python3.12/site-packages/airflow/example_dags/example_dynamic_task_mapping.py
[2026-03-12T00:34:21.937+0000] {logging_mixin.py:190} INFO - [2026-03-12T00:34:21.936+0000] {override.py:1930} INFO - Created Permission View: can delete on DAG:example_dynamic_task_mapping
[2026-03-12T00:34:21.949+0000] {logging_mixin.py:190} INFO - [2026-03-12T00:34:21.949+0000] {override.py:1930} INFO - Created Permission View: can edit on DAG:example_dynamic_task_mapping
[2026-03-12T00:34:21.960+0000] {logging_mixin.py:190} INFO - [2026-03-12T00:34:21.960+0000] {override.py:1930} INFO - Created Permission View: can read on DAG:example_dynamic_task_mapping
[2026-03-12T00:34:21.976+0000] {logging_mixin.py:190} INFO - [2026-03-12T00:34:21.975+0000] {override.py:1930} INFO - Created Permission View: menu access on DAG Run:example_dynamic_task_mapping
[2026-03-12T00:34:21.986+0000] {logging_mixin.py:190} INFO - [2026-03-12T00:34:21.986+0000] {override.py:1930} INFO - Created Permission View: can create on DAG Run:example_dynamic_task_mapping
[2026-03-12T00:34:21.996+0000] {logging_mixin.py:190} INFO - [2026-03-12T00:34:21.996+0000] {override.py:1930} INFO - Created Permission View: can delete on DAG Run:example_dynamic_task_mapping
[2026-03-12T00:34:22.005+0000] {logging_mixin.py:190} INFO - [2026-03-12T00:34:22.004+0000] {override.py:1930} INFO - Created Permission View: can read on DAG Run:example_dynamic_task_mapping
[2026-03-12T00:34:22.005+0000] {logging_mixin.py:190} INFO - [2026-03-12T00:34:22.005+0000] {dag.py:3239} INFO - Sync 1 DAGs
[2026-03-12T00:34:22.018+0000] {logging_mixin.py:190} INFO - [2026-03-12T00:34:22.018+0000] {dag.py:3262} INFO - Creating ORM DAG for example_dynamic_task_mapping
[2026-03-12T00:34:22.018+0000] {logging_mixin.py:190} INFO - [2026-03-12T00:34:22.018+0000] {dag.py:4180} INFO - Setting next_dagrun for example_dynamic_task_mapping to None, run_after=None
[2026-03-12T00:34:22.037+0000] {processor.py:208} INFO - Processing /home/ec2-user/environment/lab4_model_training/venv/lib64/python3.12/site-packages/airflow/example_dags/example_dynamic_task_mapping.py took 0.217 seconds
[2026-03-12T00:35:18.391+0000] {processor.py:186} INFO - Started process (PID=6800) to work on /home/ec2-user/environment/lab4_model_training/venv/lib64/python3.12/site-packages/airflow/example_dags/example_dynamic_task_mapping.py
[2026-03-12T00:35:18.392+0000] {processor.py:914} INFO - Processing file /home/ec2-user/environment/lab4_model_training/venv/lib64/python3.12/site-packages/airflow/example_dags/example_dynamic_task_mapping.py for tasks to queue
[2026-03-12T00:35:18.395+0000] {logging_mixin.py:190} INFO - [2026-03-12T00:35:18.395+0000] {dagbag.py:588} INFO - Filling up the DagBag from /home/ec2-user/environment/lab4_model_training/venv/lib64/python3.12/site-packages/airflow/example_dags/example_dynamic_task_mapping.py
[2026-03-12T00:35:18.406+0000] {processor.py:925} INFO - DAG(s) 'example_dynamic_task_mapping' retrieved from /home/ec2-user/environment/lab4_model_training/venv/lib64/python3.12/site-packages/airflow/example_dags/example_dynamic_task_mapping.py
[2026-03-12T00:35:18.432+0000] {logging_mixin.py:190} INFO - [2026-03-12T00:35:18.432+0000] {dag.py:3239} INFO - Sync 1 DAGs
[2026-03-12T00:35:18.445+0000] {logging_mixin.py:190} INFO - [2026-03-12T00:35:18.445+0000] {dag.py:4180} INFO - Setting next_dagrun for example_dynamic_task_mapping to None, run_after=None
[2026-03-12T00:35:18.467+0000] {processor.py:208} INFO - Processing /home/ec2-user/environment/lab4_model_training/venv/lib64/python3.12/site-packages/airflow/example_dags/example_dynamic_task_mapping.py took 0.081 seconds
[2026-03-12T00:36:19.959+0000] {processor.py:186} INFO - Started process (PID=7030) to work on /home/ec2-user/environment/lab4_model_training/venv/lib64/python3.12/site-packages/airflow/example_dags/example_dynamic_task_mapping.py
[2026-03-12T00:36:19.960+0000] {processor.py:914} INFO - Processing file /home/ec2-user/environment/lab4_model_training/venv/lib64/python3.12/site-packages/airflow/example_dags/example_dynamic_task_mapping.py for tasks to queue
[2026-03-12T00:36:19.963+0000] {logging_mixin.py:190} INFO - [2026-03-12T00:36:19.963+0000] {dagbag.py:588} INFO - Filling up the DagBag from /home/ec2-user/environment/lab4_model_training/venv/lib64/python3.12/site-packages/airflow/example_dags/example_dynamic_task_mapping.py
[2026-03-12T00:36:19.973+0000] {processor.py:925} INFO - DAG(s) 'example_dynamic_task_mapping' retrieved from /home/ec2-user/environment/lab4_model_training/venv/lib64/python3.12/site-packages/airflow/example_dags/example_dynamic_task_mapping.py
[2026-03-12T00:36:19.994+0000] {logging_mixin.py:190} INFO - [2026-03-12T00:36:19.994+0000] {dag.py:3239} INFO - Sync 1 DAGs
[2026-03-12T00:36:20.009+0000] {logging_mixin.py:190} INFO - [2026-03-12T00:36:20.009+0000] {dag.py:4180} INFO - Setting next_dagrun for example_dynamic_task_mapping to None, run_after=None
[2026-03-12T00:36:20.041+0000] {processor.py:208} INFO - Processing /home/ec2-user/environment/lab4_model_training/venv/lib64/python3.12/site-packages/airflow/example_dags/example_dynamic_task_mapping.py took 0.086 seconds
[2026-03-12T00:37:52.649+0000] {processor.py:186} INFO - Started process (PID=7399) to work on /home/ec2-user/environment/lab4_model_training/venv/lib64/python3.12/site-packages/airflow/example_dags/example_dynamic_task_mapping.py
[2026-03-12T00:37:52.650+0000] {processor.py:914} INFO - Processing file /home/ec2-user/environment/lab4_model_training/venv/lib64/python3.12/site-packages/airflow/example_dags/example_dynamic_task_mapping.py for tasks to queue
[2026-03-12T00:37:52.652+0000] {logging_mixin.py:190} INFO - [2026-03-12T00:37:52.652+0000] {dagbag.py:588} INFO - Filling up the DagBag from /home/ec2-user/environment/lab4_model_training/venv/lib64/python3.12/site-packages/airflow/example_dags/example_dynamic_task_mapping.py
[2026-03-12T00:37:52.662+0000] {processor.py:925} INFO - DAG(s) 'example_dynamic_task_mapping' retrieved from /home/ec2-user/environment/lab4_model_training/venv/lib64/python3.12/site-packages/airflow/example_dags/example_dynamic_task_mapping.py
[2026-03-12T00:37:52.689+0000] {logging_mixin.py:190} INFO - [2026-03-12T00:37:52.689+0000] {dag.py:3239} INFO - Sync 1 DAGs
[2026-03-12T00:37:52.705+0000] {logging_mixin.py:190} INFO - [2026-03-12T00:37:52.705+0000] {dag.py:4180} INFO - Setting next_dagrun for example_dynamic_task_mapping to None, run_after=None
[2026-03-12T00:37:52.727+0000] {processor.py:208} INFO - Processing /home/ec2-user/environment/lab4_model_training/venv/lib64/python3.12/site-packages/airflow/example_dags/example_dynamic_task_mapping.py took 0.083 seconds
[2026-03-12T00:38:47.602+0000] {processor.py:186} INFO - Started process (PID=7639) to work on /home/ec2-user/environment/lab4_model_training/venv/lib64/python3.12/site-packages/airflow/example_dags/example_dynamic_task_mapping.py
[2026-03-12T00:38:47.604+0000] {processor.py:914} INFO - Processing file /home/ec2-user/environment/lab4_model_training/venv/lib64/python3.12/site-packages/airflow/example_dags/example_dynamic_task_mapping.py for tasks to queue
[2026-03-12T00:38:47.606+0000] {logging_mixin.py:190} INFO - [2026-03-12T00:38:47.605+0000] {dagbag.py:588} INFO - Filling up the DagBag from /home/ec2-user/environment/lab4_model_training/venv/lib64/python3.12/site-packages/airflow/example_dags/example_dynamic_task_mapping.py
[2026-03-12T00:38:47.616+0000] {processor.py:925} INFO - DAG(s) 'example_dynamic_task_mapping' retrieved from /home/ec2-user/environment/lab4_model_training/venv/lib64/python3.12/site-packages/airflow/example_dags/example_dynamic_task_mapping.py
[2026-03-12T00:38:47.644+0000] {logging_mixin.py:190} INFO - [2026-03-12T00:38:47.643+0000] {dag.py:3239} INFO - Sync 1 DAGs
[2026-03-12T00:38:47.659+0000] {logging_mixin.py:190} INFO - [2026-03-12T00:38:47.659+0000] {dag.py:4180} INFO - Setting next_dagrun for example_dynamic_task_mapping to None, run_after=None
[2026-03-12T00:38:47.682+0000] {processor.py:208} INFO - Processing /home/ec2-user/environment/lab4_model_training/venv/lib64/python3.12/site-packages/airflow/example_dags/example_dynamic_task_mapping.py took 0.084 seconds
[2026-03-12T00:39:50.404+0000] {processor.py:186} INFO - Started process (PID=7922) to work on /home/ec2-user/environment/lab4_model_training/venv/lib64/python3.12/site-packages/airflow/example_dags/example_dynamic_task_mapping.py
[2026-03-12T00:39:50.405+0000] {processor.py:914} INFO - Processing file /home/ec2-user/environment/lab4_model_training/venv/lib64/python3.12/site-packages/airflow/example_dags/example_dynamic_task_mapping.py for tasks to queue
[2026-03-12T00:39:50.407+0000] {logging_mixin.py:190} INFO - [2026-03-12T00:39:50.407+0000] {dagbag.py:588} INFO - Filling up the DagBag from /home/ec2-user/environment/lab4_model_training/venv/lib64/python3.12/site-packages/airflow/example_dags/example_dynamic_task_mapping.py
[2026-03-12T00:39:50.417+0000] {processor.py:925} INFO - DAG(s) 'example_dynamic_task_mapping' retrieved from /home/ec2-user/environment/lab4_model_training/venv/lib64/python3.12/site-packages/airflow/example_dags/example_dynamic_task_mapping.py
[2026-03-12T00:39:50.435+0000] {logging_mixin.py:190} INFO - [2026-03-12T00:39:50.435+0000] {dag.py:3239} INFO - Sync 1 DAGs
[2026-03-12T00:39:50.451+0000] {logging_mixin.py:190} INFO - [2026-03-12T00:39:50.451+0000] {dag.py:4180} INFO - Setting next_dagrun for example_dynamic_task_mapping to None, run_after=None
[2026-03-12T00:39:50.474+0000] {processor.py:208} INFO - Processing /home/ec2-user/environment/lab4_model_training/venv/lib64/python3.12/site-packages/airflow/example_dags/example_dynamic_task_mapping.py took 0.075 seconds
[2026-03-12T00:40:50.088+0000] {processor.py:186} INFO - Started process (PID=8152) to work on /home/ec2-user/environment/lab4_model_training/venv/lib64/python3.12/site-packages/airflow/example_dags/example_dynamic_task_mapping.py
[2026-03-12T00:40:50.089+0000] {processor.py:914} INFO - Processing file /home/ec2-user/environment/lab4_model_training/venv/lib64/python3.12/site-packages/airflow/example_dags/example_dynamic_task_mapping.py for tasks to queue
[2026-03-12T00:40:50.091+0000] {logging_mixin.py:190} INFO - [2026-03-12T00:40:50.091+0000] {dagbag.py:588} INFO - Filling up the DagBag from /home/ec2-user/environment/lab4_model_training/venv/lib64/python3.12/site-packages/airflow/example_dags/example_dynamic_task_mapping.py
[2026-03-12T00:40:50.101+0000] {processor.py:925} INFO - DAG(s) 'example_dynamic_task_mapping' retrieved from /home/ec2-user/environment/lab4_model_training/venv/lib64/python3.12/site-packages/airflow/example_dags/example_dynamic_task_mapping.py
[2026-03-12T00:40:50.118+0000] {logging_mixin.py:190} INFO - [2026-03-12T00:40:50.118+0000] {dag.py:3239} INFO - Sync 1 DAGs
[2026-03-12T00:40:50.133+0000] {logging_mixin.py:190} INFO - [2026-03-12T00:40:50.133+0000] {dag.py:4180} INFO - Setting next_dagrun for example_dynamic_task_mapping to None, run_after=None
[2026-03-12T00:40:50.159+0000] {processor.py:208} INFO - Processing /home/ec2-user/environment/lab4_model_training/venv/lib64/python3.12/site-packages/airflow/example_dags/example_dynamic_task_mapping.py took 0.075 seconds
[2026-03-12T00:41:56.183+0000] {processor.py:186} INFO - Started process (PID=8451) to work on /home/ec2-user/environment/lab4_model_training/venv/lib64/python3.12/site-packages/airflow/example_dags/example_dynamic_task_mapping.py
[2026-03-12T00:41:56.184+0000] {processor.py:914} INFO - Processing file /home/ec2-user/environment/lab4_model_training/venv/lib64/python3.12/site-packages/airflow/example_dags/example_dynamic_task_mapping.py for tasks to queue
[2026-03-12T00:41:56.187+0000] {logging_mixin.py:190} INFO - [2026-03-12T00:41:56.187+0000] {dagbag.py:588} INFO - Filling up the DagBag from /home/ec2-user/environment/lab4_model_training/venv/lib64/python3.12/site-packages/airflow/example_dags/example_dynamic_task_mapping.py
[2026-03-12T00:41:56.198+0000] {processor.py:925} INFO - DAG(s) 'example_dynamic_task_mapping' retrieved from /home/ec2-user/environment/lab4_model_training/venv/lib64/python3.12/site-packages/airflow/example_dags/example_dynamic_task_mapping.py
[2026-03-12T00:41:56.219+0000] {logging_mixin.py:190} INFO - [2026-03-12T00:41:56.219+0000] {dag.py:3239} INFO - Sync 1 DAGs
[2026-03-12T00:41:56.235+0000] {logging_mixin.py:190} INFO - [2026-03-12T00:41:56.235+0000] {dag.py:4180} INFO - Setting next_dagrun for example_dynamic_task_mapping to None, run_after=None
[2026-03-12T00:41:56.258+0000] {processor.py:208} INFO - Processing /home/ec2-user/environment/lab4_model_training/venv/lib64/python3.12/site-packages/airflow/example_dags/example_dynamic_task_mapping.py took 0.079 seconds
[2026-03-12T00:42:55.082+0000] {processor.py:186} INFO - Started process (PID=8734) to work on /home/ec2-user/environment/lab4_model_training/venv/lib64/python3.12/site-packages/airflow/example_dags/example_dynamic_task_mapping.py
[2026-03-12T00:42:55.083+0000] {processor.py:914} INFO - Processing file /home/ec2-user/environment/lab4_model_training/venv/lib64/python3.12/site-packages/airflow/example_dags/example_dynamic_task_mapping.py for tasks to queue
[2026-03-12T00:42:55.086+0000] {logging_mixin.py:190} INFO - [2026-03-12T00:42:55.086+0000] {dagbag.py:588} INFO - Filling up the DagBag from /home/ec2-user/environment/lab4_model_training/venv/lib64/python3.12/site-packages/airflow/example_dags/example_dynamic_task_mapping.py
[2026-03-12T00:42:55.096+0000] {processor.py:925} INFO - DAG(s) 'example_dynamic_task_mapping' retrieved from /home/ec2-user/environment/lab4_model_training/venv/lib64/python3.12/site-packages/airflow/example_dags/example_dynamic_task_mapping.py
[2026-03-12T00:42:55.115+0000] {logging_mixin.py:190} INFO - [2026-03-12T00:42:55.115+0000] {dag.py:3239} INFO - Sync 1 DAGs
[2026-03-12T00:42:55.132+0000] {logging_mixin.py:190} INFO - [2026-03-12T00:42:55.132+0000] {dag.py:4180} INFO - Setting next_dagrun for example_dynamic_task_mapping to None, run_after=None
[2026-03-12T00:42:55.154+0000] {processor.py:208} INFO - Processing /home/ec2-user/environment/lab4_model_training/venv/lib64/python3.12/site-packages/airflow/example_dags/example_dynamic_task_mapping.py took 0.077 seconds
[2026-03-12T00:44:00.486+0000] {processor.py:186} INFO - Started process (PID=9073) to work on /home/ec2-user/environment/lab4_model_training/venv/lib64/python3.12/site-packages/airflow/example_dags/example_dynamic_task_mapping.py
[2026-03-12T00:44:00.487+0000] {processor.py:914} INFO - Processing file /home/ec2-user/environment/lab4_model_training/venv/lib64/python3.12/site-packages/airflow/example_dags/example_dynamic_task_mapping.py for tasks to queue
[2026-03-12T00:44:00.489+0000] {logging_mixin.py:190} INFO - [2026-03-12T00:44:00.489+0000] {dagbag.py:588} INFO - Filling up the DagBag from /home/ec2-user/environment/lab4_model_training/venv/lib64/python3.12/site-packages/airflow/example_dags/example_dynamic_task_mapping.py
[2026-03-12T00:44:00.499+0000] {processor.py:925} INFO - DAG(s) 'example_dynamic_task_mapping' retrieved from /home/ec2-user/environment/lab4_model_training/venv/lib64/python3.12/site-packages/airflow/example_dags/example_dynamic_task_mapping.py
[2026-03-12T00:44:00.527+0000] {logging_mixin.py:190} INFO - [2026-03-12T00:44:00.527+0000] {dag.py:3239} INFO - Sync 1 DAGs
[2026-03-12T00:44:00.542+0000] {logging_mixin.py:190} INFO - [2026-03-12T00:44:00.542+0000] {dag.py:4180} INFO - Setting next_dagrun for example_dynamic_task_mapping to None, run_after=None
[2026-03-12T00:44:00.565+0000] {processor.py:208} INFO - Processing /home/ec2-user/environment/lab4_model_training/venv/lib64/python3.12/site-packages/airflow/example_dags/example_dynamic_task_mapping.py took 0.083 seconds
[2026-03-12T00:45:51.536+0000] {processor.py:186} INFO - Started process (PID=9551) to work on /home/ec2-user/environment/lab4_model_training/venv/lib64/python3.12/site-packages/airflow/example_dags/example_dynamic_task_mapping.py
[2026-03-12T00:45:51.537+0000] {processor.py:914} INFO - Processing file /home/ec2-user/environment/lab4_model_training/venv/lib64/python3.12/site-packages/airflow/example_dags/example_dynamic_task_mapping.py for tasks to queue
[2026-03-12T00:45:51.539+0000] {logging_mixin.py:190} INFO - [2026-03-12T00:45:51.539+0000] {dagbag.py:588} INFO - Filling up the DagBag from /home/ec2-user/environment/lab4_model_training/venv/lib64/python3.12/site-packages/airflow/example_dags/example_dynamic_task_mapping.py
[2026-03-12T00:45:51.549+0000] {processor.py:925} INFO - DAG(s) 'example_dynamic_task_mapping' retrieved from /home/ec2-user/environment/lab4_model_training/venv/lib64/python3.12/site-packages/airflow/example_dags/example_dynamic_task_mapping.py
[2026-03-12T00:45:51.576+0000] {logging_mixin.py:190} INFO - [2026-03-12T00:45:51.575+0000] {dag.py:3239} INFO - Sync 1 DAGs
[2026-03-12T00:45:51.590+0000] {logging_mixin.py:190} INFO - [2026-03-12T00:45:51.589+0000] {dag.py:4180} INFO - Setting next_dagrun for example_dynamic_task_mapping to None, run_after=None
[2026-03-12T00:45:51.616+0000] {processor.py:208} INFO - Processing /home/ec2-user/environment/lab4_model_training/venv/lib64/python3.12/site-packages/airflow/example_dags/example_dynamic_task_mapping.py took 0.085 seconds
[2026-03-12T00:46:52.134+0000] {processor.py:186} INFO - Started process (PID=9781) to work on /home/ec2-user/environment/lab4_model_training/venv/lib64/python3.12/site-packages/airflow/example_dags/example_dynamic_task_mapping.py
[2026-03-12T00:46:52.135+0000] {processor.py:914} INFO - Processing file /home/ec2-user/environment/lab4_model_training/venv/lib64/python3.12/site-packages/airflow/example_dags/example_dynamic_task_mapping.py for tasks to queue
[2026-03-12T00:46:52.138+0000] {logging_mixin.py:190} INFO - [2026-03-12T00:46:52.138+0000] {dagbag.py:588} INFO - Filling up the DagBag from /home/ec2-user/environment/lab4_model_training/venv/lib64/python3.12/site-packages/airflow/example_dags/example_dynamic_task_mapping.py
[2026-03-12T00:46:52.149+0000] {processor.py:925} INFO - DAG(s) 'example_dynamic_task_mapping' retrieved from /home/ec2-user/environment/lab4_model_training/venv/lib64/python3.12/site-packages/airflow/example_dags/example_dynamic_task_mapping.py
[2026-03-12T00:46:52.168+0000] {logging_mixin.py:190} INFO - [2026-03-12T00:46:52.167+0000] {dag.py:3239} INFO - Sync 1 DAGs
[2026-03-12T00:46:52.186+0000] {logging_mixin.py:190} INFO - [2026-03-12T00:46:52.186+0000] {dag.py:4180} INFO - Setting next_dagrun for example_dynamic_task_mapping to None, run_after=None
[2026-03-12T00:46:52.209+0000] {processor.py:208} INFO - Processing /home/ec2-user/environment/lab4_model_training/venv/lib64/python3.12/site-packages/airflow/example_dags/example_dynamic_task_mapping.py took 0.080 seconds
[2026-03-12T00:47:30.516+0000] {processor.py:186} INFO - Started process (PID=9982) to work on /home/ec2-user/environment/lab4_model_training/venv/lib64/python3.12/site-packages/airflow/example_dags/example_dynamic_task_mapping.py
[2026-03-12T00:47:30.517+0000] {processor.py:914} INFO - Processing file /home/ec2-user/environment/lab4_model_training/venv/lib64/python3.12/site-packages/airflow/example_dags/example_dynamic_task_mapping.py for tasks to queue
[2026-03-12T00:47:30.519+0000] {logging_mixin.py:190} INFO - [2026-03-12T00:47:30.519+0000] {dagbag.py:588} INFO - Filling up the DagBag from /home/ec2-user/environment/lab4_model_training/venv/lib64/python3.12/site-packages/airflow/example_dags/example_dynamic_task_mapping.py
[2026-03-12T00:47:30.529+0000] {processor.py:925} INFO - DAG(s) 'example_dynamic_task_mapping' retrieved from /home/ec2-user/environment/lab4_model_training/venv/lib64/python3.12/site-packages/airflow/example_dags/example_dynamic_task_mapping.py
[2026-03-12T00:47:30.557+0000] {logging_mixin.py:190} INFO - [2026-03-12T00:47:30.557+0000] {dag.py:3239} INFO - Sync 1 DAGs
[2026-03-12T00:47:30.572+0000] {logging_mixin.py:190} INFO - [2026-03-12T00:47:30.572+0000] {dag.py:4180} INFO - Setting next_dagrun for example_dynamic_task_mapping to None, run_after=None
[2026-03-12T00:47:30.594+0000] {processor.py:208} INFO - Processing /home/ec2-user/environment/lab4_model_training/venv/lib64/python3.12/site-packages/airflow/example_dags/example_dynamic_task_mapping.py took 0.082 seconds
[2026-03-12T00:48:33.765+0000] {processor.py:186} INFO - Started process (PID=10233) to work on /home/ec2-user/environment/lab4_model_training/venv/lib64/python3.12/site-packages/airflow/example_dags/example_dynamic_task_mapping.py
[2026-03-12T00:48:33.766+0000] {processor.py:914} INFO - Processing file /home/ec2-user/environment/lab4_model_training/venv/lib64/python3.12/site-packages/airflow/example_dags/example_dynamic_task_mapping.py for tasks to queue
[2026-03-12T00:48:33.769+0000] {logging_mixin.py:190} INFO - [2026-03-12T00:48:33.769+0000] {dagbag.py:588} INFO - Filling up the DagBag from /home/ec2-user/environment/lab4_model_training/venv/lib64/python3.12/site-packages/airflow/example_dags/example_dynamic_task_mapping.py
[2026-03-12T00:48:33.779+0000] {processor.py:925} INFO - DAG(s) 'example_dynamic_task_mapping' retrieved from /home/ec2-user/environment/lab4_model_training/venv/lib64/python3.12/site-packages/airflow/example_dags/example_dynamic_task_mapping.py
[2026-03-12T00:48:33.799+0000] {logging_mixin.py:190} INFO - [2026-03-12T00:48:33.799+0000] {dag.py:3239} INFO - Sync 1 DAGs
[2026-03-12T00:48:33.815+0000] {logging_mixin.py:190} INFO - [2026-03-12T00:48:33.814+0000] {dag.py:4180} INFO - Setting next_dagrun for example_dynamic_task_mapping to None, run_after=None
[2026-03-12T00:48:33.838+0000] {processor.py:208} INFO - Processing /home/ec2-user/environment/lab4_model_training/venv/lib64/python3.12/site-packages/airflow/example_dags/example_dynamic_task_mapping.py took 0.078 seconds
[2026-03-12T00:49:39.579+0000] {processor.py:186} INFO - Started process (PID=10572) to work on /home/ec2-user/environment/lab4_model_training/venv/lib64/python3.12/site-packages/airflow/example_dags/example_dynamic_task_mapping.py
[2026-03-12T00:49:39.580+0000] {processor.py:914} INFO - Processing file /home/ec2-user/environment/lab4_model_training/venv/lib64/python3.12/site-packages/airflow/example_dags/example_dynamic_task_mapping.py for tasks to queue
[2026-03-12T00:49:39.583+0000] {logging_mixin.py:190} INFO - [2026-03-12T00:49:39.583+0000] {dagbag.py:588} INFO - Filling up the DagBag from /home/ec2-user/environment/lab4_model_training/venv/lib64/python3.12/site-packages/airflow/example_dags/example_dynamic_task_mapping.py
[2026-03-12T00:49:39.595+0000] {processor.py:925} INFO - DAG(s) 'example_dynamic_task_mapping' retrieved from /home/ec2-user/environment/lab4_model_training/venv/lib64/python3.12/site-packages/airflow/example_dags/example_dynamic_task_mapping.py
[2026-03-12T00:49:39.614+0000] {logging_mixin.py:190} INFO - [2026-03-12T00:49:39.614+0000] {dag.py:3239} INFO - Sync 1 DAGs
[2026-03-12T00:49:39.630+0000] {logging_mixin.py:190} INFO - [2026-03-12T00:49:39.630+0000] {dag.py:4180} INFO - Setting next_dagrun for example_dynamic_task_mapping to None, run_after=None
[2026-03-12T00:49:39.652+0000] {processor.py:208} INFO - Processing /home/ec2-user/environment/lab4_model_training/venv/lib64/python3.12/site-packages/airflow/example_dags/example_dynamic_task_mapping.py took 0.078 seconds
[2026-03-12T00:50:42.797+0000] {processor.py:186} INFO - Started process (PID=10818) to work on /home/ec2-user/environment/lab4_model_training/venv/lib64/python3.12/site-packages/airflow/example_dags/example_dynamic_task_mapping.py
[2026-03-12T00:50:42.798+0000] {processor.py:914} INFO - Processing file /home/ec2-user/environment/lab4_model_training/venv/lib64/python3.12/site-packages/airflow/example_dags/example_dynamic_task_mapping.py for tasks to queue
[2026-03-12T00:50:42.800+0000] {logging_mixin.py:190} INFO - [2026-03-12T00:50:42.800+0000] {dagbag.py:588} INFO - Filling up the DagBag from /home/ec2-user/environment/lab4_model_training/venv/lib64/python3.12/site-packages/airflow/example_dags/example_dynamic_task_mapping.py
[2026-03-12T00:50:42.810+0000] {processor.py:925} INFO - DAG(s) 'example_dynamic_task_mapping' retrieved from /home/ec2-user/environment/lab4_model_training/venv/lib64/python3.12/site-packages/airflow/example_dags/example_dynamic_task_mapping.py
[2026-03-12T00:50:42.827+0000] {logging_mixin.py:190} INFO - [2026-03-12T00:50:42.827+0000] {dag.py:3239} INFO - Sync 1 DAGs
[2026-03-12T00:50:42.844+0000] {logging_mixin.py:190} INFO - [2026-03-12T00:50:42.844+0000] {dag.py:4180} INFO - Setting next_dagrun for example_dynamic_task_mapping to None, run_after=None
[2026-03-12T00:50:42.871+0000] {processor.py:208} INFO - Processing /home/ec2-user/environment/lab4_model_training/venv/lib64/python3.12/site-packages/airflow/example_dags/example_dynamic_task_mapping.py took 0.079 seconds
[2026-03-12T00:51:43.764+0000] {processor.py:186} INFO - Started process (PID=11132) to work on /home/ec2-user/environment/lab4_model_training/venv/lib64/python3.12/site-packages/airflow/example_dags/example_dynamic_task_mapping.py
[2026-03-12T00:51:43.765+0000] {processor.py:914} INFO - Processing file /home/ec2-user/environment/lab4_model_training/venv/lib64/python3.12/site-packages/airflow/example_dags/example_dynamic_task_mapping.py for tasks to queue
[2026-03-12T00:51:43.767+0000] {logging_mixin.py:190} INFO - [2026-03-12T00:51:43.766+0000] {dagbag.py:588} INFO - Filling up the DagBag from /home/ec2-user/environment/lab4_model_training/venv/lib64/python3.12/site-packages/airflow/example_dags/example_dynamic_task_mapping.py
[2026-03-12T00:51:43.776+0000] {processor.py:925} INFO - DAG(s) 'example_dynamic_task_mapping' retrieved from /home/ec2-user/environment/lab4_model_training/venv/lib64/python3.12/site-packages/airflow/example_dags/example_dynamic_task_mapping.py
[2026-03-12T00:51:43.794+0000] {logging_mixin.py:190} INFO - [2026-03-12T00:51:43.793+0000] {dag.py:3239} INFO - Sync 1 DAGs
[2026-03-12T00:51:43.808+0000] {logging_mixin.py:190} INFO - [2026-03-12T00:51:43.808+0000] {dag.py:4180} INFO - Setting next_dagrun for example_dynamic_task_mapping to None, run_after=None
[2026-03-12T00:51:43.834+0000] {processor.py:208} INFO - Processing /home/ec2-user/environment/lab4_model_training/venv/lib64/python3.12/site-packages/airflow/example_dags/example_dynamic_task_mapping.py took 0.075 seconds
[2026-03-12T00:52:42.672+0000] {processor.py:186} INFO - Started process (PID=11419) to work on /home/ec2-user/environment/lab4_model_training/venv/lib64/python3.12/site-packages/airflow/example_dags/example_dynamic_task_mapping.py
[2026-03-12T00:52:42.673+0000] {processor.py:914} INFO - Processing file /home/ec2-user/environment/lab4_model_training/venv/lib64/python3.12/site-packages/airflow/example_dags/example_dynamic_task_mapping.py for tasks to queue
[2026-03-12T00:52:42.676+0000] {logging_mixin.py:190} INFO - [2026-03-12T00:52:42.676+0000] {dagbag.py:588} INFO - Filling up the DagBag from /home/ec2-user/environment/lab4_model_training/venv/lib64/python3.12/site-packages/airflow/example_dags/example_dynamic_task_mapping.py
[2026-03-12T00:52:42.686+0000] {processor.py:925} INFO - DAG(s) 'example_dynamic_task_mapping' retrieved from /home/ec2-user/environment/lab4_model_training/venv/lib64/python3.12/site-packages/airflow/example_dags/example_dynamic_task_mapping.py
[2026-03-12T00:52:42.705+0000] {logging_mixin.py:190} INFO - [2026-03-12T00:52:42.705+0000] {dag.py:3239} INFO - Sync 1 DAGs
[2026-03-12T00:52:42.722+0000] {logging_mixin.py:190} INFO - [2026-03-12T00:52:42.722+0000] {dag.py:4180} INFO - Setting next_dagrun for example_dynamic_task_mapping to None, run_after=None
[2026-03-12T00:52:42.751+0000] {processor.py:208} INFO - Processing /home/ec2-user/environment/lab4_model_training/venv/lib64/python3.12/site-packages/airflow/example_dags/example_dynamic_task_mapping.py took 0.085 seconds
[2026-03-12T00:53:42.128+0000] {processor.py:186} INFO - Started process (PID=11657) to work on /home/ec2-user/environment/lab4_model_training/venv/lib64/python3.12/site-packages/airflow/example_dags/example_dynamic_task_mapping.py
[2026-03-12T00:53:42.129+0000] {processor.py:914} INFO - Processing file /home/ec2-user/environment/lab4_model_training/venv/lib64/python3.12/site-packages/airflow/example_dags/example_dynamic_task_mapping.py for tasks to queue
[2026-03-12T00:53:42.132+0000] {logging_mixin.py:190} INFO - [2026-03-12T00:53:42.131+0000] {dagbag.py:588} INFO - Filling up the DagBag from /home/ec2-user/environment/lab4_model_training/venv/lib64/python3.12/site-packages/airflow/example_dags/example_dynamic_task_mapping.py
[2026-03-12T00:53:42.142+0000] {processor.py:925} INFO - DAG(s) 'example_dynamic_task_mapping' retrieved from /home/ec2-user/environment/lab4_model_training/venv/lib64/python3.12/site-packages/airflow/example_dags/example_dynamic_task_mapping.py
[2026-03-12T00:53:42.162+0000] {logging_mixin.py:190} INFO - [2026-03-12T00:53:42.161+0000] {dag.py:3239} INFO - Sync 1 DAGs
[2026-03-12T00:53:42.179+0000] {logging_mixin.py:190} INFO - [2026-03-12T00:53:42.178+0000] {dag.py:4180} INFO - Setting next_dagrun for example_dynamic_task_mapping to None, run_after=None
[2026-03-12T00:53:42.202+0000] {processor.py:208} INFO - Processing /home/ec2-user/environment/lab4_model_training/venv/lib64/python3.12/site-packages/airflow/example_dags/example_dynamic_task_mapping.py took 0.080 seconds
[2026-03-12T00:54:44.642+0000] {processor.py:186} INFO - Started process (PID=11940) to work on /home/ec2-user/environment/lab4_model_training/venv/lib64/python3.12/site-packages/airflow/example_dags/example_dynamic_task_mapping.py
[2026-03-12T00:54:44.643+0000] {processor.py:914} INFO - Processing file /home/ec2-user/environment/lab4_model_training/venv/lib64/python3.12/site-packages/airflow/example_dags/example_dynamic_task_mapping.py for tasks to queue
[2026-03-12T00:54:44.646+0000] {logging_mixin.py:190} INFO - [2026-03-12T00:54:44.645+0000] {dagbag.py:588} INFO - Filling up the DagBag from /home/ec2-user/environment/lab4_model_training/venv/lib64/python3.12/site-packages/airflow/example_dags/example_dynamic_task_mapping.py
[2026-03-12T00:54:44.655+0000] {processor.py:925} INFO - DAG(s) 'example_dynamic_task_mapping' retrieved from /home/ec2-user/environment/lab4_model_training/venv/lib64/python3.12/site-packages/airflow/example_dags/example_dynamic_task_mapping.py
[2026-03-12T00:54:44.673+0000] {logging_mixin.py:190} INFO - [2026-03-12T00:54:44.672+0000] {dag.py:3239} INFO - Sync 1 DAGs
[2026-03-12T00:54:44.688+0000] {logging_mixin.py:190} INFO - [2026-03-12T00:54:44.688+0000] {dag.py:4180} INFO - Setting next_dagrun for example_dynamic_task_mapping to None, run_after=None
[2026-03-12T00:54:44.714+0000] {processor.py:208} INFO - Processing /home/ec2-user/environment/lab4_model_training/venv/lib64/python3.12/site-packages/airflow/example_dags/example_dynamic_task_mapping.py took 0.077 seconds
[2026-03-12T00:55:50.312+0000] {processor.py:186} INFO - Started process (PID=12186) to work on /home/ec2-user/environment/lab4_model_training/venv/lib64/python3.12/site-packages/airflow/example_dags/example_dynamic_task_mapping.py
[2026-03-12T00:55:50.313+0000] {processor.py:914} INFO - Processing file /home/ec2-user/environment/lab4_model_training/venv/lib64/python3.12/site-packages/airflow/example_dags/example_dynamic_task_mapping.py for tasks to queue
[2026-03-12T00:55:50.316+0000] {logging_mixin.py:190} INFO - [2026-03-12T00:55:50.315+0000] {dagbag.py:588} INFO - Filling up the DagBag from /home/ec2-user/environment/lab4_model_training/venv/lib64/python3.12/site-packages/airflow/example_dags/example_dynamic_task_mapping.py
[2026-03-12T00:55:50.325+0000] {processor.py:925} INFO - DAG(s) 'example_dynamic_task_mapping' retrieved from /home/ec2-user/environment/lab4_model_training/venv/lib64/python3.12/site-packages/airflow/example_dags/example_dynamic_task_mapping.py
[2026-03-12T00:55:50.343+0000] {logging_mixin.py:190} INFO - [2026-03-12T00:55:50.343+0000] {dag.py:3239} INFO - Sync 1 DAGs
[2026-03-12T00:55:50.359+0000] {logging_mixin.py:190} INFO - [2026-03-12T00:55:50.359+0000] {dag.py:4180} INFO - Setting next_dagrun for example_dynamic_task_mapping to None, run_after=None
[2026-03-12T00:55:50.384+0000] {processor.py:208} INFO - Processing /home/ec2-user/environment/lab4_model_training/venv/lib64/python3.12/site-packages/airflow/example_dags/example_dynamic_task_mapping.py took 0.078 seconds
[2026-03-12T00:56:52.318+0000] {processor.py:186} INFO - Started process (PID=12462) to work on /home/ec2-user/environment/lab4_model_training/venv/lib64/python3.12/site-packages/airflow/example_dags/example_dynamic_task_mapping.py
[2026-03-12T00:56:52.319+0000] {processor.py:914} INFO - Processing file /home/ec2-user/environment/lab4_model_training/venv/lib64/python3.12/site-packages/airflow/example_dags/example_dynamic_task_mapping.py for tasks to queue
[2026-03-12T00:56:52.323+0000] {logging_mixin.py:190} INFO - [2026-03-12T00:56:52.322+0000] {dagbag.py:588} INFO - Filling up the DagBag from /home/ec2-user/environment/lab4_model_training/venv/lib64/python3.12/site-packages/airflow/example_dags/example_dynamic_task_mapping.py
[2026-03-12T00:56:52.333+0000] {processor.py:925} INFO - DAG(s) 'example_dynamic_task_mapping' retrieved from /home/ec2-user/environment/lab4_model_training/venv/lib64/python3.12/site-packages/airflow/example_dags/example_dynamic_task_mapping.py
[2026-03-12T00:56:52.353+0000] {logging_mixin.py:190} INFO - [2026-03-12T00:56:52.353+0000] {dag.py:3239} INFO - Sync 1 DAGs
[2026-03-12T00:56:52.370+0000] {logging_mixin.py:190} INFO - [2026-03-12T00:56:52.370+0000] {dag.py:4180} INFO - Setting next_dagrun for example_dynamic_task_mapping to None, run_after=None
[2026-03-12T00:56:52.393+0000] {processor.py:208} INFO - Processing /home/ec2-user/environment/lab4_model_training/venv/lib64/python3.12/site-packages/airflow/example_dags/example_dynamic_task_mapping.py took 0.080 seconds
[2026-03-12T00:57:53.899+0000] {processor.py:186} INFO - Started process (PID=12694) to work on /home/ec2-user/environment/lab4_model_training/venv/lib64/python3.12/site-packages/airflow/example_dags/example_dynamic_task_mapping.py
[2026-03-12T00:57:53.900+0000] {processor.py:914} INFO - Processing file /home/ec2-user/environment/lab4_model_training/venv/lib64/python3.12/site-packages/airflow/example_dags/example_dynamic_task_mapping.py for tasks to queue
[2026-03-12T00:57:53.903+0000] {logging_mixin.py:190} INFO - [2026-03-12T00:57:53.903+0000] {dagbag.py:588} INFO - Filling up the DagBag from /home/ec2-user/environment/lab4_model_training/venv/lib64/python3.12/site-packages/airflow/example_dags/example_dynamic_task_mapping.py
[2026-03-12T00:57:53.913+0000] {processor.py:925} INFO - DAG(s) 'example_dynamic_task_mapping' retrieved from /home/ec2-user/environment/lab4_model_training/venv/lib64/python3.12/site-packages/airflow/example_dags/example_dynamic_task_mapping.py
[2026-03-12T00:57:53.931+0000] {logging_mixin.py:190} INFO - [2026-03-12T00:57:53.931+0000] {dag.py:3239} INFO - Sync 1 DAGs
[2026-03-12T00:57:53.947+0000] {logging_mixin.py:190} INFO - [2026-03-12T00:57:53.947+0000] {dag.py:4180} INFO - Setting next_dagrun for example_dynamic_task_mapping to None, run_after=None
[2026-03-12T00:57:53.974+0000] {processor.py:208} INFO - Processing /home/ec2-user/environment/lab4_model_training/venv/lib64/python3.12/site-packages/airflow/example_dags/example_dynamic_task_mapping.py took 0.081 seconds
[2026-03-12T00:58:54.841+0000] {processor.py:186} INFO - Started process (PID=13001) to work on /home/ec2-user/environment/lab4_model_training/venv/lib64/python3.12/site-packages/airflow/example_dags/example_dynamic_task_mapping.py
[2026-03-12T00:58:54.842+0000] {processor.py:914} INFO - Processing file /home/ec2-user/environment/lab4_model_training/venv/lib64/python3.12/site-packages/airflow/example_dags/example_dynamic_task_mapping.py for tasks to queue
[2026-03-12T00:58:54.845+0000] {logging_mixin.py:190} INFO - [2026-03-12T00:58:54.844+0000] {dagbag.py:588} INFO - Filling up the DagBag from /home/ec2-user/environment/lab4_model_training/venv/lib64/python3.12/site-packages/airflow/example_dags/example_dynamic_task_mapping.py
[2026-03-12T00:58:54.854+0000] {processor.py:925} INFO - DAG(s) 'example_dynamic_task_mapping' retrieved from /home/ec2-user/environment/lab4_model_training/venv/lib64/python3.12/site-packages/airflow/example_dags/example_dynamic_task_mapping.py
[2026-03-12T00:58:54.872+0000] {logging_mixin.py:190} INFO - [2026-03-12T00:58:54.871+0000] {dag.py:3239} INFO - Sync 1 DAGs
[2026-03-12T00:58:54.886+0000] {logging_mixin.py:190} INFO - [2026-03-12T00:58:54.886+0000] {dag.py:4180} INFO - Setting next_dagrun for example_dynamic_task_mapping to None, run_after=None
[2026-03-12T00:58:54.912+0000] {processor.py:208} INFO - Processing /home/ec2-user/environment/lab4_model_training/venv/lib64/python3.12/site-packages/airflow/example_dags/example_dynamic_task_mapping.py took 0.077 seconds
[2026-03-12T00:59:59.105+0000] {processor.py:186} INFO - Started process (PID=13241) to work on /home/ec2-user/environment/lab4_model_training/venv/lib64/python3.12/site-packages/airflow/example_dags/example_dynamic_task_mapping.py
[2026-03-12T00:59:59.106+0000] {processor.py:914} INFO - Processing file /home/ec2-user/environment/lab4_model_training/venv/lib64/python3.12/site-packages/airflow/example_dags/example_dynamic_task_mapping.py for tasks to queue
[2026-03-12T00:59:59.108+0000] {logging_mixin.py:190} INFO - [2026-03-12T00:59:59.108+0000] {dagbag.py:588} INFO - Filling up the DagBag from /home/ec2-user/environment/lab4_model_training/venv/lib64/python3.12/site-packages/airflow/example_dags/example_dynamic_task_mapping.py
[2026-03-12T00:59:59.118+0000] {processor.py:925} INFO - DAG(s) 'example_dynamic_task_mapping' retrieved from /home/ec2-user/environment/lab4_model_training/venv/lib64/python3.12/site-packages/airflow/example_dags/example_dynamic_task_mapping.py
[2026-03-12T00:59:59.136+0000] {logging_mixin.py:190} INFO - [2026-03-12T00:59:59.135+0000] {dag.py:3239} INFO - Sync 1 DAGs
[2026-03-12T00:59:59.153+0000] {logging_mixin.py:190} INFO - [2026-03-12T00:59:59.153+0000] {dag.py:4180} INFO - Setting next_dagrun for example_dynamic_task_mapping to None, run_after=None
[2026-03-12T00:59:59.179+0000] {processor.py:208} INFO - Processing /home/ec2-user/environment/lab4_model_training/venv/lib64/python3.12/site-packages/airflow/example_dags/example_dynamic_task_mapping.py took 0.079 seconds
[2026-03-12T01:01:02.896+0000] {processor.py:186} INFO - Started process (PID=13564) to work on /home/ec2-user/environment/lab4_model_training/venv/lib64/python3.12/site-packages/airflow/example_dags/example_dynamic_task_mapping.py
[2026-03-12T01:01:02.898+0000] {processor.py:914} INFO - Processing file /home/ec2-user/environment/lab4_model_training/venv/lib64/python3.12/site-packages/airflow/example_dags/example_dynamic_task_mapping.py for tasks to queue
[2026-03-12T01:01:02.900+0000] {logging_mixin.py:190} INFO - [2026-03-12T01:01:02.900+0000] {dagbag.py:588} INFO - Filling up the DagBag from /home/ec2-user/environment/lab4_model_training/venv/lib64/python3.12/site-packages/airflow/example_dags/example_dynamic_task_mapping.py
[2026-03-12T01:01:02.910+0000] {processor.py:925} INFO - DAG(s) 'example_dynamic_task_mapping' retrieved from /home/ec2-user/environment/lab4_model_training/venv/lib64/python3.12/site-packages/airflow/example_dags/example_dynamic_task_mapping.py
[2026-03-12T01:01:02.929+0000] {logging_mixin.py:190} INFO - [2026-03-12T01:01:02.928+0000] {dag.py:3239} INFO - Sync 1 DAGs
[2026-03-12T01:01:02.945+0000] {logging_mixin.py:190} INFO - [2026-03-12T01:01:02.945+0000] {dag.py:4180} INFO - Setting next_dagrun for example_dynamic_task_mapping to None, run_after=None
[2026-03-12T01:01:02.971+0000] {processor.py:208} INFO - Processing /home/ec2-user/environment/lab4_model_training/venv/lib64/python3.12/site-packages/airflow/example_dags/example_dynamic_task_mapping.py took 0.081 seconds
[2026-03-12T01:02:05.844+0000] {processor.py:186} INFO - Started process (PID=13802) to work on /home/ec2-user/environment/lab4_model_training/venv/lib64/python3.12/site-packages/airflow/example_dags/example_dynamic_task_mapping.py
[2026-03-12T01:02:05.845+0000] {processor.py:914} INFO - Processing file /home/ec2-user/environment/lab4_model_training/venv/lib64/python3.12/site-packages/airflow/example_dags/example_dynamic_task_mapping.py for tasks to queue
[2026-03-12T01:02:05.848+0000] {logging_mixin.py:190} INFO - [2026-03-12T01:02:05.847+0000] {dagbag.py:588} INFO - Filling up the DagBag from /home/ec2-user/environment/lab4_model_training/venv/lib64/python3.12/site-packages/airflow/example_dags/example_dynamic_task_mapping.py
[2026-03-12T01:02:05.857+0000] {processor.py:925} INFO - DAG(s) 'example_dynamic_task_mapping' retrieved from /home/ec2-user/environment/lab4_model_training/venv/lib64/python3.12/site-packages/airflow/example_dags/example_dynamic_task_mapping.py
[2026-03-12T01:02:05.873+0000] {logging_mixin.py:190} INFO - [2026-03-12T01:02:05.873+0000] {dag.py:3239} INFO - Sync 1 DAGs
[2026-03-12T01:02:05.888+0000] {logging_mixin.py:190} INFO - [2026-03-12T01:02:05.888+0000] {dag.py:4180} INFO - Setting next_dagrun for example_dynamic_task_mapping to None, run_after=None
[2026-03-12T01:02:05.914+0000] {processor.py:208} INFO - Processing /home/ec2-user/environment/lab4_model_training/venv/lib64/python3.12/site-packages/airflow/example_dags/example_dynamic_task_mapping.py took 0.075 seconds
[2026-03-12T01:03:12.087+0000] {processor.py:186} INFO - Started process (PID=14098) to work on /home/ec2-user/environment/lab4_model_training/venv/lib64/python3.12/site-packages/airflow/example_dags/example_dynamic_task_mapping.py
[2026-03-12T01:03:12.088+0000] {processor.py:914} INFO - Processing file /home/ec2-user/environment/lab4_model_training/venv/lib64/python3.12/site-packages/airflow/example_dags/example_dynamic_task_mapping.py for tasks to queue
[2026-03-12T01:03:12.092+0000] {logging_mixin.py:190} INFO - [2026-03-12T01:03:12.091+0000] {dagbag.py:588} INFO - Filling up the DagBag from /home/ec2-user/environment/lab4_model_training/venv/lib64/python3.12/site-packages/airflow/example_dags/example_dynamic_task_mapping.py
[2026-03-12T01:03:12.101+0000] {processor.py:925} INFO - DAG(s) 'example_dynamic_task_mapping' retrieved from /home/ec2-user/environment/lab4_model_training/venv/lib64/python3.12/site-packages/airflow/example_dags/example_dynamic_task_mapping.py
[2026-03-12T01:03:12.120+0000] {logging_mixin.py:190} INFO - [2026-03-12T01:03:12.120+0000] {dag.py:3239} INFO - Sync 1 DAGs
[2026-03-12T01:03:12.136+0000] {logging_mixin.py:190} INFO - [2026-03-12T01:03:12.136+0000] {dag.py:4180} INFO - Setting next_dagrun for example_dynamic_task_mapping to None, run_after=None
[2026-03-12T01:03:12.159+0000] {processor.py:208} INFO - Processing /home/ec2-user/environment/lab4_model_training/venv/lib64/python3.12/site-packages/airflow/example_dags/example_dynamic_task_mapping.py took 0.077 seconds
[2026-03-12T01:04:14.770+0000] {processor.py:186} INFO - Started process (PID=14341) to work on /home/ec2-user/environment/lab4_model_training/venv/lib64/python3.12/site-packages/airflow/example_dags/example_dynamic_task_mapping.py
[2026-03-12T01:04:14.771+0000] {processor.py:914} INFO - Processing file /home/ec2-user/environment/lab4_model_training/venv/lib64/python3.12/site-packages/airflow/example_dags/example_dynamic_task_mapping.py for tasks to queue
[2026-03-12T01:04:14.773+0000] {logging_mixin.py:190} INFO - [2026-03-12T01:04:14.773+0000] {dagbag.py:588} INFO - Filling up the DagBag from /home/ec2-user/environment/lab4_model_training/venv/lib64/python3.12/site-packages/airflow/example_dags/example_dynamic_task_mapping.py
[2026-03-12T01:04:14.782+0000] {processor.py:925} INFO - DAG(s) 'example_dynamic_task_mapping' retrieved from /home/ec2-user/environment/lab4_model_training/venv/lib64/python3.12/site-packages/airflow/example_dags/example_dynamic_task_mapping.py
[2026-03-12T01:04:14.801+0000] {logging_mixin.py:190} INFO - [2026-03-12T01:04:14.800+0000] {dag.py:3239} INFO - Sync 1 DAGs
[2026-03-12T01:04:14.815+0000] {logging_mixin.py:190} INFO - [2026-03-12T01:04:14.815+0000] {dag.py:4180} INFO - Setting next_dagrun for example_dynamic_task_mapping to None, run_after=None
[2026-03-12T01:04:14.838+0000] {processor.py:208} INFO - Processing /home/ec2-user/environment/lab4_model_training/venv/lib64/python3.12/site-packages/airflow/example_dags/example_dynamic_task_mapping.py took 0.073 seconds
[2026-03-12T01:05:23.062+0000] {processor.py:186} INFO - Started process (PID=14659) to work on /home/ec2-user/environment/lab4_model_training/venv/lib64/python3.12/site-packages/airflow/example_dags/example_dynamic_task_mapping.py
[2026-03-12T01:05:23.063+0000] {processor.py:914} INFO - Processing file /home/ec2-user/environment/lab4_model_training/venv/lib64/python3.12/site-packages/airflow/example_dags/example_dynamic_task_mapping.py for tasks to queue
[2026-03-12T01:05:23.066+0000] {logging_mixin.py:190} INFO - [2026-03-12T01:05:23.065+0000] {dagbag.py:588} INFO - Filling up the DagBag from /home/ec2-user/environment/lab4_model_training/venv/lib64/python3.12/site-packages/airflow/example_dags/example_dynamic_task_mapping.py
[2026-03-12T01:05:23.075+0000] {processor.py:925} INFO - DAG(s) 'example_dynamic_task_mapping' retrieved from /home/ec2-user/environment/lab4_model_training/venv/lib64/python3.12/site-packages/airflow/example_dags/example_dynamic_task_mapping.py
[2026-03-12T01:05:23.092+0000] {logging_mixin.py:190} INFO - [2026-03-12T01:05:23.092+0000] {dag.py:3239} INFO - Sync 1 DAGs
[2026-03-12T01:05:23.107+0000] {logging_mixin.py:190} INFO - [2026-03-12T01:05:23.107+0000] {dag.py:4180} INFO - Setting next_dagrun for example_dynamic_task_mapping to None, run_after=None
[2026-03-12T01:05:23.132+0000] {processor.py:208} INFO - Processing /home/ec2-user/environment/lab4_model_training/venv/lib64/python3.12/site-packages/airflow/example_dags/example_dynamic_task_mapping.py took 0.075 seconds
[2026-03-12T01:06:23.763+0000] {processor.py:186} INFO - Started process (PID=14947) to work on /home/ec2-user/environment/lab4_model_training/venv/lib64/python3.12/site-packages/airflow/example_dags/example_dynamic_task_mapping.py
[2026-03-12T01:06:23.764+0000] {processor.py:914} INFO - Processing file /home/ec2-user/environment/lab4_model_training/venv/lib64/python3.12/site-packages/airflow/example_dags/example_dynamic_task_mapping.py for tasks to queue
[2026-03-12T01:06:23.768+0000] {logging_mixin.py:190} INFO - [2026-03-12T01:06:23.767+0000] {dagbag.py:588} INFO - Filling up the DagBag from /home/ec2-user/environment/lab4_model_training/venv/lib64/python3.12/site-packages/airflow/example_dags/example_dynamic_task_mapping.py
[2026-03-12T01:06:23.782+0000] {processor.py:925} INFO - DAG(s) 'example_dynamic_task_mapping' retrieved from /home/ec2-user/environment/lab4_model_training/venv/lib64/python3.12/site-packages/airflow/example_dags/example_dynamic_task_mapping.py
[2026-03-12T01:06:23.802+0000] {logging_mixin.py:190} INFO - [2026-03-12T01:06:23.802+0000] {dag.py:3239} INFO - Sync 1 DAGs
[2026-03-12T01:06:23.821+0000] {logging_mixin.py:190} INFO - [2026-03-12T01:06:23.821+0000] {dag.py:4180} INFO - Setting next_dagrun for example_dynamic_task_mapping to None, run_after=None
[2026-03-12T01:06:23.850+0000] {processor.py:208} INFO - Processing /home/ec2-user/environment/lab4_model_training/venv/lib64/python3.12/site-packages/airflow/example_dags/example_dynamic_task_mapping.py took 0.095 seconds
[2026-03-12T01:07:21.997+0000] {processor.py:186} INFO - Started process (PID=15173) to work on /home/ec2-user/environment/lab4_model_training/venv/lib64/python3.12/site-packages/airflow/example_dags/example_dynamic_task_mapping.py
[2026-03-12T01:07:21.999+0000] {processor.py:914} INFO - Processing file /home/ec2-user/environment/lab4_model_training/venv/lib64/python3.12/site-packages/airflow/example_dags/example_dynamic_task_mapping.py for tasks to queue
[2026-03-12T01:07:22.001+0000] {logging_mixin.py:190} INFO - [2026-03-12T01:07:22.001+0000] {dagbag.py:588} INFO - Filling up the DagBag from /home/ec2-user/environment/lab4_model_training/venv/lib64/python3.12/site-packages/airflow/example_dags/example_dynamic_task_mapping.py
[2026-03-12T01:07:22.010+0000] {processor.py:925} INFO - DAG(s) 'example_dynamic_task_mapping' retrieved from /home/ec2-user/environment/lab4_model_training/venv/lib64/python3.12/site-packages/airflow/example_dags/example_dynamic_task_mapping.py
[2026-03-12T01:07:22.029+0000] {logging_mixin.py:190} INFO - [2026-03-12T01:07:22.028+0000] {dag.py:3239} INFO - Sync 1 DAGs
[2026-03-12T01:07:22.044+0000] {logging_mixin.py:190} INFO - [2026-03-12T01:07:22.044+0000] {dag.py:4180} INFO - Setting next_dagrun for example_dynamic_task_mapping to None, run_after=None
[2026-03-12T01:07:22.070+0000] {processor.py:208} INFO - Processing /home/ec2-user/environment/lab4_model_training/venv/lib64/python3.12/site-packages/airflow/example_dags/example_dynamic_task_mapping.py took 0.078 seconds
[2026-03-12T01:08:25.346+0000] {processor.py:186} INFO - Started process (PID=15470) to work on /home/ec2-user/environment/lab4_model_training/venv/lib64/python3.12/site-packages/airflow/example_dags/example_dynamic_task_mapping.py
[2026-03-12T01:08:25.347+0000] {processor.py:914} INFO - Processing file /home/ec2-user/environment/lab4_model_training/venv/lib64/python3.12/site-packages/airflow/example_dags/example_dynamic_task_mapping.py for tasks to queue
[2026-03-12T01:08:25.349+0000] {logging_mixin.py:190} INFO - [2026-03-12T01:08:25.349+0000] {dagbag.py:588} INFO - Filling up the DagBag from /home/ec2-user/environment/lab4_model_training/venv/lib64/python3.12/site-packages/airflow/example_dags/example_dynamic_task_mapping.py
[2026-03-12T01:08:25.358+0000] {processor.py:925} INFO - DAG(s) 'example_dynamic_task_mapping' retrieved from /home/ec2-user/environment/lab4_model_training/venv/lib64/python3.12/site-packages/airflow/example_dags/example_dynamic_task_mapping.py
[2026-03-12T01:08:25.376+0000] {logging_mixin.py:190} INFO - [2026-03-12T01:08:25.376+0000] {dag.py:3239} INFO - Sync 1 DAGs
[2026-03-12T01:08:25.392+0000] {logging_mixin.py:190} INFO - [2026-03-12T01:08:25.392+0000] {dag.py:4180} INFO - Setting next_dagrun for example_dynamic_task_mapping to None, run_after=None
[2026-03-12T01:08:25.414+0000] {processor.py:208} INFO - Processing /home/ec2-user/environment/lab4_model_training/venv/lib64/python3.12/site-packages/airflow/example_dags/example_dynamic_task_mapping.py took 0.074 seconds
[2026-03-12T01:09:26.850+0000] {processor.py:186} INFO - Started process (PID=15718) to work on /home/ec2-user/environment/lab4_model_training/venv/lib64/python3.12/site-packages/airflow/example_dags/example_dynamic_task_mapping.py
[2026-03-12T01:09:26.852+0000] {processor.py:914} INFO - Processing file /home/ec2-user/environment/lab4_model_training/venv/lib64/python3.12/site-packages/airflow/example_dags/example_dynamic_task_mapping.py for tasks to queue
[2026-03-12T01:09:26.855+0000] {logging_mixin.py:190} INFO - [2026-03-12T01:09:26.855+0000] {dagbag.py:588} INFO - Filling up the DagBag from /home/ec2-user/environment/lab4_model_training/venv/lib64/python3.12/site-packages/airflow/example_dags/example_dynamic_task_mapping.py
[2026-03-12T01:09:26.868+0000] {processor.py:925} INFO - DAG(s) 'example_dynamic_task_mapping' retrieved from /home/ec2-user/environment/lab4_model_training/venv/lib64/python3.12/site-packages/airflow/example_dags/example_dynamic_task_mapping.py
[2026-03-12T01:09:26.891+0000] {logging_mixin.py:190} INFO - [2026-03-12T01:09:26.890+0000] {dag.py:3239} INFO - Sync 1 DAGs
[2026-03-12T01:09:26.912+0000] {logging_mixin.py:190} INFO - [2026-03-12T01:09:26.912+0000] {dag.py:4180} INFO - Setting next_dagrun for example_dynamic_task_mapping to None, run_after=None
[2026-03-12T01:09:26.950+0000] {processor.py:208} INFO - Processing /home/ec2-user/environment/lab4_model_training/venv/lib64/python3.12/site-packages/airflow/example_dags/example_dynamic_task_mapping.py took 0.109 seconds
[2026-03-12T01:10:32.331+0000] {processor.py:186} INFO - Started process (PID=16007) to work on /home/ec2-user/environment/lab4_model_training/venv/lib64/python3.12/site-packages/airflow/example_dags/example_dynamic_task_mapping.py
[2026-03-12T01:10:32.333+0000] {processor.py:914} INFO - Processing file /home/ec2-user/environment/lab4_model_training/venv/lib64/python3.12/site-packages/airflow/example_dags/example_dynamic_task_mapping.py for tasks to queue
[2026-03-12T01:10:32.336+0000] {logging_mixin.py:190} INFO - [2026-03-12T01:10:32.335+0000] {dagbag.py:588} INFO - Filling up the DagBag from /home/ec2-user/environment/lab4_model_training/venv/lib64/python3.12/site-packages/airflow/example_dags/example_dynamic_task_mapping.py
[2026-03-12T01:10:32.345+0000] {processor.py:925} INFO - DAG(s) 'example_dynamic_task_mapping' retrieved from /home/ec2-user/environment/lab4_model_training/venv/lib64/python3.12/site-packages/airflow/example_dags/example_dynamic_task_mapping.py
[2026-03-12T01:10:32.365+0000] {logging_mixin.py:190} INFO - [2026-03-12T01:10:32.365+0000] {dag.py:3239} INFO - Sync 1 DAGs
[2026-03-12T01:10:32.381+0000] {logging_mixin.py:190} INFO - [2026-03-12T01:10:32.381+0000] {dag.py:4180} INFO - Setting next_dagrun for example_dynamic_task_mapping to None, run_after=None
[2026-03-12T01:10:32.405+0000] {processor.py:208} INFO - Processing /home/ec2-user/environment/lab4_model_training/venv/lib64/python3.12/site-packages/airflow/example_dags/example_dynamic_task_mapping.py took 0.079 seconds
[2026-03-12T01:11:38.078+0000] {processor.py:186} INFO - Started process (PID=16306) to work on /home/ec2-user/environment/lab4_model_training/venv/lib64/python3.12/site-packages/airflow/example_dags/example_dynamic_task_mapping.py
[2026-03-12T01:11:38.079+0000] {processor.py:914} INFO - Processing file /home/ec2-user/environment/lab4_model_training/venv/lib64/python3.12/site-packages/airflow/example_dags/example_dynamic_task_mapping.py for tasks to queue
[2026-03-12T01:11:38.083+0000] {logging_mixin.py:190} INFO - [2026-03-12T01:11:38.082+0000] {dagbag.py:588} INFO - Filling up the DagBag from /home/ec2-user/environment/lab4_model_training/venv/lib64/python3.12/site-packages/airflow/example_dags/example_dynamic_task_mapping.py
[2026-03-12T01:11:38.094+0000] {processor.py:925} INFO - DAG(s) 'example_dynamic_task_mapping' retrieved from /home/ec2-user/environment/lab4_model_training/venv/lib64/python3.12/site-packages/airflow/example_dags/example_dynamic_task_mapping.py
[2026-03-12T01:11:38.113+0000] {logging_mixin.py:190} INFO - [2026-03-12T01:11:38.112+0000] {dag.py:3239} INFO - Sync 1 DAGs
[2026-03-12T01:11:38.131+0000] {logging_mixin.py:190} INFO - [2026-03-12T01:11:38.131+0000] {dag.py:4180} INFO - Setting next_dagrun for example_dynamic_task_mapping to None, run_after=None
[2026-03-12T01:11:38.158+0000] {processor.py:208} INFO - Processing /home/ec2-user/environment/lab4_model_training/venv/lib64/python3.12/site-packages/airflow/example_dags/example_dynamic_task_mapping.py took 0.085 seconds
[2026-03-12T01:12:40.642+0000] {processor.py:186} INFO - Started process (PID=16592) to work on /home/ec2-user/environment/lab4_model_training/venv/lib64/python3.12/site-packages/airflow/example_dags/example_dynamic_task_mapping.py
[2026-03-12T01:12:40.644+0000] {processor.py:914} INFO - Processing file /home/ec2-user/environment/lab4_model_training/venv/lib64/python3.12/site-packages/airflow/example_dags/example_dynamic_task_mapping.py for tasks to queue
[2026-03-12T01:12:40.647+0000] {logging_mixin.py:190} INFO - [2026-03-12T01:12:40.646+0000] {dagbag.py:588} INFO - Filling up the DagBag from /home/ec2-user/environment/lab4_model_training/venv/lib64/python3.12/site-packages/airflow/example_dags/example_dynamic_task_mapping.py
[2026-03-12T01:12:40.657+0000] {processor.py:925} INFO - DAG(s) 'example_dynamic_task_mapping' retrieved from /home/ec2-user/environment/lab4_model_training/venv/lib64/python3.12/site-packages/airflow/example_dags/example_dynamic_task_mapping.py
[2026-03-12T01:12:40.677+0000] {logging_mixin.py:190} INFO - [2026-03-12T01:12:40.676+0000] {dag.py:3239} INFO - Sync 1 DAGs
[2026-03-12T01:12:40.693+0000] {logging_mixin.py:190} INFO - [2026-03-12T01:12:40.693+0000] {dag.py:4180} INFO - Setting next_dagrun for example_dynamic_task_mapping to None, run_after=None
[2026-03-12T01:12:40.719+0000] {processor.py:208} INFO - Processing /home/ec2-user/environment/lab4_model_training/venv/lib64/python3.12/site-packages/airflow/example_dags/example_dynamic_task_mapping.py took 0.082 seconds
[2026-03-12T01:13:46.441+0000] {processor.py:186} INFO - Started process (PID=16891) to work on /home/ec2-user/environment/lab4_model_training/venv/lib64/python3.12/site-packages/airflow/example_dags/example_dynamic_task_mapping.py
[2026-03-12T01:13:46.443+0000] {processor.py:914} INFO - Processing file /home/ec2-user/environment/lab4_model_training/venv/lib64/python3.12/site-packages/airflow/example_dags/example_dynamic_task_mapping.py for tasks to queue
[2026-03-12T01:13:46.446+0000] {logging_mixin.py:190} INFO - [2026-03-12T01:13:46.445+0000] {dagbag.py:588} INFO - Filling up the DagBag from /home/ec2-user/environment/lab4_model_training/venv/lib64/python3.12/site-packages/airflow/example_dags/example_dynamic_task_mapping.py
[2026-03-12T01:13:46.455+0000] {processor.py:925} INFO - DAG(s) 'example_dynamic_task_mapping' retrieved from /home/ec2-user/environment/lab4_model_training/venv/lib64/python3.12/site-packages/airflow/example_dags/example_dynamic_task_mapping.py
[2026-03-12T01:13:46.474+0000] {logging_mixin.py:190} INFO - [2026-03-12T01:13:46.474+0000] {dag.py:3239} INFO - Sync 1 DAGs
[2026-03-12T01:13:46.490+0000] {logging_mixin.py:190} INFO - [2026-03-12T01:13:46.489+0000] {dag.py:4180} INFO - Setting next_dagrun for example_dynamic_task_mapping to None, run_after=None
[2026-03-12T01:13:46.513+0000] {processor.py:208} INFO - Processing /home/ec2-user/environment/lab4_model_training/venv/lib64/python3.12/site-packages/airflow/example_dags/example_dynamic_task_mapping.py took 0.077 seconds
[2026-03-12T01:14:51.195+0000] {processor.py:186} INFO - Started process (PID=17221) to work on /home/ec2-user/environment/lab4_model_training/venv/lib64/python3.12/site-packages/airflow/example_dags/example_dynamic_task_mapping.py
[2026-03-12T01:14:51.196+0000] {processor.py:914} INFO - Processing file /home/ec2-user/environment/lab4_model_training/venv/lib64/python3.12/site-packages/airflow/example_dags/example_dynamic_task_mapping.py for tasks to queue
[2026-03-12T01:14:51.199+0000] {logging_mixin.py:190} INFO - [2026-03-12T01:14:51.199+0000] {dagbag.py:588} INFO - Filling up the DagBag from /home/ec2-user/environment/lab4_model_training/venv/lib64/python3.12/site-packages/airflow/example_dags/example_dynamic_task_mapping.py
[2026-03-12T01:14:51.210+0000] {processor.py:925} INFO - DAG(s) 'example_dynamic_task_mapping' retrieved from /home/ec2-user/environment/lab4_model_training/venv/lib64/python3.12/site-packages/airflow/example_dags/example_dynamic_task_mapping.py
[2026-03-12T01:14:51.229+0000] {logging_mixin.py:190} INFO - [2026-03-12T01:14:51.229+0000] {dag.py:3239} INFO - Sync 1 DAGs
[2026-03-12T01:14:51.248+0000] {logging_mixin.py:190} INFO - [2026-03-12T01:14:51.247+0000] {dag.py:4180} INFO - Setting next_dagrun for example_dynamic_task_mapping to None, run_after=None
[2026-03-12T01:14:51.271+0000] {processor.py:208} INFO - Processing /home/ec2-user/environment/lab4_model_training/venv/lib64/python3.12/site-packages/airflow/example_dags/example_dynamic_task_mapping.py took 0.082 seconds
[2026-03-12T01:15:51.973+0000] {processor.py:186} INFO - Started process (PID=17451) to work on /home/ec2-user/environment/lab4_model_training/venv/lib64/python3.12/site-packages/airflow/example_dags/example_dynamic_task_mapping.py
[2026-03-12T01:15:51.974+0000] {processor.py:914} INFO - Processing file /home/ec2-user/environment/lab4_model_training/venv/lib64/python3.12/site-packages/airflow/example_dags/example_dynamic_task_mapping.py for tasks to queue
[2026-03-12T01:15:51.977+0000] {logging_mixin.py:190} INFO - [2026-03-12T01:15:51.977+0000] {dagbag.py:588} INFO - Filling up the DagBag from /home/ec2-user/environment/lab4_model_training/venv/lib64/python3.12/site-packages/airflow/example_dags/example_dynamic_task_mapping.py
[2026-03-12T01:15:51.988+0000] {processor.py:925} INFO - DAG(s) 'example_dynamic_task_mapping' retrieved from /home/ec2-user/environment/lab4_model_training/venv/lib64/python3.12/site-packages/airflow/example_dags/example_dynamic_task_mapping.py
[2026-03-12T01:15:52.008+0000] {logging_mixin.py:190} INFO - [2026-03-12T01:15:52.007+0000] {dag.py:3239} INFO - Sync 1 DAGs
[2026-03-12T01:15:52.027+0000] {logging_mixin.py:190} INFO - [2026-03-12T01:15:52.026+0000] {dag.py:4180} INFO - Setting next_dagrun for example_dynamic_task_mapping to None, run_after=None
[2026-03-12T01:15:52.050+0000] {processor.py:208} INFO - Processing /home/ec2-user/environment/lab4_model_training/venv/lib64/python3.12/site-packages/airflow/example_dags/example_dynamic_task_mapping.py took 0.083 seconds
[2026-03-12T01:16:59.909+0000] {processor.py:186} INFO - Started process (PID=17776) to work on /home/ec2-user/environment/lab4_model_training/venv/lib64/python3.12/site-packages/airflow/example_dags/example_dynamic_task_mapping.py
[2026-03-12T01:16:59.910+0000] {processor.py:914} INFO - Processing file /home/ec2-user/environment/lab4_model_training/venv/lib64/python3.12/site-packages/airflow/example_dags/example_dynamic_task_mapping.py for tasks to queue
[2026-03-12T01:16:59.914+0000] {logging_mixin.py:190} INFO - [2026-03-12T01:16:59.913+0000] {dagbag.py:588} INFO - Filling up the DagBag from /home/ec2-user/environment/lab4_model_training/venv/lib64/python3.12/site-packages/airflow/example_dags/example_dynamic_task_mapping.py
[2026-03-12T01:16:59.925+0000] {processor.py:925} INFO - DAG(s) 'example_dynamic_task_mapping' retrieved from /home/ec2-user/environment/lab4_model_training/venv/lib64/python3.12/site-packages/airflow/example_dags/example_dynamic_task_mapping.py
[2026-03-12T01:16:59.944+0000] {logging_mixin.py:190} INFO - [2026-03-12T01:16:59.944+0000] {dag.py:3239} INFO - Sync 1 DAGs
[2026-03-12T01:16:59.963+0000] {logging_mixin.py:190} INFO - [2026-03-12T01:16:59.963+0000] {dag.py:4180} INFO - Setting next_dagrun for example_dynamic_task_mapping to None, run_after=None
[2026-03-12T01:16:59.990+0000] {processor.py:208} INFO - Processing /home/ec2-user/environment/lab4_model_training/venv/lib64/python3.12/site-packages/airflow/example_dags/example_dynamic_task_mapping.py took 0.086 seconds
[2026-03-12T01:18:01.471+0000] {processor.py:186} INFO - Started process (PID=18053) to work on /home/ec2-user/environment/lab4_model_training/venv/lib64/python3.12/site-packages/airflow/example_dags/example_dynamic_task_mapping.py
[2026-03-12T01:18:01.472+0000] {processor.py:914} INFO - Processing file /home/ec2-user/environment/lab4_model_training/venv/lib64/python3.12/site-packages/airflow/example_dags/example_dynamic_task_mapping.py for tasks to queue
[2026-03-12T01:18:01.476+0000] {logging_mixin.py:190} INFO - [2026-03-12T01:18:01.475+0000] {dagbag.py:588} INFO - Filling up the DagBag from /home/ec2-user/environment/lab4_model_training/venv/lib64/python3.12/site-packages/airflow/example_dags/example_dynamic_task_mapping.py
[2026-03-12T01:18:01.486+0000] {processor.py:925} INFO - DAG(s) 'example_dynamic_task_mapping' retrieved from /home/ec2-user/environment/lab4_model_training/venv/lib64/python3.12/site-packages/airflow/example_dags/example_dynamic_task_mapping.py
[2026-03-12T01:18:01.505+0000] {logging_mixin.py:190} INFO - [2026-03-12T01:18:01.505+0000] {dag.py:3239} INFO - Sync 1 DAGs
[2026-03-12T01:18:01.527+0000] {logging_mixin.py:190} INFO - [2026-03-12T01:18:01.526+0000] {dag.py:4180} INFO - Setting next_dagrun for example_dynamic_task_mapping to None, run_after=None
[2026-03-12T01:18:01.556+0000] {processor.py:208} INFO - Processing /home/ec2-user/environment/lab4_model_training/venv/lib64/python3.12/site-packages/airflow/example_dags/example_dynamic_task_mapping.py took 0.090 seconds
[2026-03-12T01:19:04.536+0000] {processor.py:186} INFO - Started process (PID=18352) to work on /home/ec2-user/environment/lab4_model_training/venv/lib64/python3.12/site-packages/airflow/example_dags/example_dynamic_task_mapping.py
[2026-03-12T01:19:04.537+0000] {processor.py:914} INFO - Processing file /home/ec2-user/environment/lab4_model_training/venv/lib64/python3.12/site-packages/airflow/example_dags/example_dynamic_task_mapping.py for tasks to queue
[2026-03-12T01:19:04.541+0000] {logging_mixin.py:190} INFO - [2026-03-12T01:19:04.540+0000] {dagbag.py:588} INFO - Filling up the DagBag from /home/ec2-user/environment/lab4_model_training/venv/lib64/python3.12/site-packages/airflow/example_dags/example_dynamic_task_mapping.py
[2026-03-12T01:19:04.552+0000] {processor.py:925} INFO - DAG(s) 'example_dynamic_task_mapping' retrieved from /home/ec2-user/environment/lab4_model_training/venv/lib64/python3.12/site-packages/airflow/example_dags/example_dynamic_task_mapping.py
[2026-03-12T01:19:04.573+0000] {logging_mixin.py:190} INFO - [2026-03-12T01:19:04.573+0000] {dag.py:3239} INFO - Sync 1 DAGs
[2026-03-12T01:19:04.590+0000] {logging_mixin.py:190} INFO - [2026-03-12T01:19:04.590+0000] {dag.py:4180} INFO - Setting next_dagrun for example_dynamic_task_mapping to None, run_after=None
[2026-03-12T01:19:04.614+0000] {processor.py:208} INFO - Processing /home/ec2-user/environment/lab4_model_training/venv/lib64/python3.12/site-packages/airflow/example_dags/example_dynamic_task_mapping.py took 0.084 seconds
[2026-03-12T01:20:14.481+0000] {processor.py:186} INFO - Started process (PID=18617) to work on /home/ec2-user/environment/lab4_model_training/venv/lib64/python3.12/site-packages/airflow/example_dags/example_dynamic_task_mapping.py
[2026-03-12T01:20:14.483+0000] {processor.py:914} INFO - Processing file /home/ec2-user/environment/lab4_model_training/venv/lib64/python3.12/site-packages/airflow/example_dags/example_dynamic_task_mapping.py for tasks to queue
[2026-03-12T01:20:14.485+0000] {logging_mixin.py:190} INFO - [2026-03-12T01:20:14.485+0000] {dagbag.py:588} INFO - Filling up the DagBag from /home/ec2-user/environment/lab4_model_training/venv/lib64/python3.12/site-packages/airflow/example_dags/example_dynamic_task_mapping.py
[2026-03-12T01:20:14.495+0000] {processor.py:925} INFO - DAG(s) 'example_dynamic_task_mapping' retrieved from /home/ec2-user/environment/lab4_model_training/venv/lib64/python3.12/site-packages/airflow/example_dags/example_dynamic_task_mapping.py
[2026-03-12T01:20:14.513+0000] {logging_mixin.py:190} INFO - [2026-03-12T01:20:14.513+0000] {dag.py:3239} INFO - Sync 1 DAGs
[2026-03-12T01:20:14.529+0000] {logging_mixin.py:190} INFO - [2026-03-12T01:20:14.529+0000] {dag.py:4180} INFO - Setting next_dagrun for example_dynamic_task_mapping to None, run_after=None
[2026-03-12T01:20:14.550+0000] {processor.py:208} INFO - Processing /home/ec2-user/environment/lab4_model_training/venv/lib64/python3.12/site-packages/airflow/example_dags/example_dynamic_task_mapping.py took 0.076 seconds
[2026-03-12T01:21:23.814+0000] {processor.py:186} INFO - Started process (PID=18933) to work on /home/ec2-user/environment/lab4_model_training/venv/lib64/python3.12/site-packages/airflow/example_dags/example_dynamic_task_mapping.py
[2026-03-12T01:21:23.815+0000] {processor.py:914} INFO - Processing file /home/ec2-user/environment/lab4_model_training/venv/lib64/python3.12/site-packages/airflow/example_dags/example_dynamic_task_mapping.py for tasks to queue
[2026-03-12T01:21:23.818+0000] {logging_mixin.py:190} INFO - [2026-03-12T01:21:23.818+0000] {dagbag.py:588} INFO - Filling up the DagBag from /home/ec2-user/environment/lab4_model_training/venv/lib64/python3.12/site-packages/airflow/example_dags/example_dynamic_task_mapping.py
[2026-03-12T01:21:23.829+0000] {processor.py:925} INFO - DAG(s) 'example_dynamic_task_mapping' retrieved from /home/ec2-user/environment/lab4_model_training/venv/lib64/python3.12/site-packages/airflow/example_dags/example_dynamic_task_mapping.py
[2026-03-12T01:21:23.849+0000] {logging_mixin.py:190} INFO - [2026-03-12T01:21:23.849+0000] {dag.py:3239} INFO - Sync 1 DAGs
[2026-03-12T01:21:23.866+0000] {logging_mixin.py:190} INFO - [2026-03-12T01:21:23.866+0000] {dag.py:4180} INFO - Setting next_dagrun for example_dynamic_task_mapping to None, run_after=None
[2026-03-12T01:21:23.888+0000] {processor.py:208} INFO - Processing /home/ec2-user/environment/lab4_model_training/venv/lib64/python3.12/site-packages/airflow/example_dags/example_dynamic_task_mapping.py took 0.080 seconds
[2026-03-12T01:22:28.419+0000] {processor.py:186} INFO - Started process (PID=19239) to work on /home/ec2-user/environment/lab4_model_training/venv/lib64/python3.12/site-packages/airflow/example_dags/example_dynamic_task_mapping.py
[2026-03-12T01:22:28.421+0000] {processor.py:914} INFO - Processing file /home/ec2-user/environment/lab4_model_training/venv/lib64/python3.12/site-packages/airflow/example_dags/example_dynamic_task_mapping.py for tasks to queue
[2026-03-12T01:22:28.423+0000] {logging_mixin.py:190} INFO - [2026-03-12T01:22:28.422+0000] {dagbag.py:588} INFO - Filling up the DagBag from /home/ec2-user/environment/lab4_model_training/venv/lib64/python3.12/site-packages/airflow/example_dags/example_dynamic_task_mapping.py
[2026-03-12T01:22:28.432+0000] {processor.py:925} INFO - DAG(s) 'example_dynamic_task_mapping' retrieved from /home/ec2-user/environment/lab4_model_training/venv/lib64/python3.12/site-packages/airflow/example_dags/example_dynamic_task_mapping.py
[2026-03-12T01:22:28.449+0000] {logging_mixin.py:190} INFO - [2026-03-12T01:22:28.449+0000] {dag.py:3239} INFO - Sync 1 DAGs
[2026-03-12T01:22:28.465+0000] {logging_mixin.py:190} INFO - [2026-03-12T01:22:28.464+0000] {dag.py:4180} INFO - Setting next_dagrun for example_dynamic_task_mapping to None, run_after=None
[2026-03-12T01:22:28.609+0000] {processor.py:208} INFO - Processing /home/ec2-user/environment/lab4_model_training/venv/lib64/python3.12/site-packages/airflow/example_dags/example_dynamic_task_mapping.py took 0.195 seconds
[2026-03-12T01:23:35.307+0000] {processor.py:186} INFO - Started process (PID=19488) to work on /home/ec2-user/environment/lab4_model_training/venv/lib64/python3.12/site-packages/airflow/example_dags/example_dynamic_task_mapping.py
[2026-03-12T01:23:35.308+0000] {processor.py:914} INFO - Processing file /home/ec2-user/environment/lab4_model_training/venv/lib64/python3.12/site-packages/airflow/example_dags/example_dynamic_task_mapping.py for tasks to queue
[2026-03-12T01:23:35.310+0000] {logging_mixin.py:190} INFO - [2026-03-12T01:23:35.310+0000] {dagbag.py:588} INFO - Filling up the DagBag from /home/ec2-user/environment/lab4_model_training/venv/lib64/python3.12/site-packages/airflow/example_dags/example_dynamic_task_mapping.py
[2026-03-12T01:23:35.320+0000] {processor.py:925} INFO - DAG(s) 'example_dynamic_task_mapping' retrieved from /home/ec2-user/environment/lab4_model_training/venv/lib64/python3.12/site-packages/airflow/example_dags/example_dynamic_task_mapping.py
[2026-03-12T01:23:35.337+0000] {logging_mixin.py:190} INFO - [2026-03-12T01:23:35.337+0000] {dag.py:3239} INFO - Sync 1 DAGs
[2026-03-12T01:23:35.353+0000] {logging_mixin.py:190} INFO - [2026-03-12T01:23:35.352+0000] {dag.py:4180} INFO - Setting next_dagrun for example_dynamic_task_mapping to None, run_after=None
[2026-03-12T01:23:35.376+0000] {processor.py:208} INFO - Processing /home/ec2-user/environment/lab4_model_training/venv/lib64/python3.12/site-packages/airflow/example_dags/example_dynamic_task_mapping.py took 0.075 seconds
[2026-03-12T01:24:19.063+0000] {processor.py:186} INFO - Started process (PID=19662) to work on /home/ec2-user/environment/lab4_model_training/venv/lib64/python3.12/site-packages/airflow/example_dags/example_dynamic_task_mapping.py
[2026-03-12T01:24:19.065+0000] {processor.py:914} INFO - Processing file /home/ec2-user/environment/lab4_model_training/venv/lib64/python3.12/site-packages/airflow/example_dags/example_dynamic_task_mapping.py for tasks to queue
[2026-03-12T01:24:19.077+0000] {logging_mixin.py:190} INFO - [2026-03-12T01:24:19.076+0000] {dagbag.py:588} INFO - Filling up the DagBag from /home/ec2-user/environment/lab4_model_training/venv/lib64/python3.12/site-packages/airflow/example_dags/example_dynamic_task_mapping.py
[2026-03-12T01:24:19.087+0000] {processor.py:925} INFO - DAG(s) 'example_dynamic_task_mapping' retrieved from /home/ec2-user/environment/lab4_model_training/venv/lib64/python3.12/site-packages/airflow/example_dags/example_dynamic_task_mapping.py
[2026-03-12T01:24:19.226+0000] {logging_mixin.py:190} INFO - [2026-03-12T01:24:19.226+0000] {dag.py:3239} INFO - Sync 1 DAGs
[2026-03-12T01:24:19.239+0000] {logging_mixin.py:190} INFO - [2026-03-12T01:24:19.239+0000] {dag.py:4180} INFO - Setting next_dagrun for example_dynamic_task_mapping to None, run_after=None
[2026-03-12T01:24:19.261+0000] {processor.py:208} INFO - Processing /home/ec2-user/environment/lab4_model_training/venv/lib64/python3.12/site-packages/airflow/example_dags/example_dynamic_task_mapping.py took 0.203 seconds
[2026-03-12T01:25:27.143+0000] {processor.py:186} INFO - Started process (PID=19977) to work on /home/ec2-user/environment/lab4_model_training/venv/lib64/python3.12/site-packages/airflow/example_dags/example_dynamic_task_mapping.py
[2026-03-12T01:25:27.144+0000] {processor.py:914} INFO - Processing file /home/ec2-user/environment/lab4_model_training/venv/lib64/python3.12/site-packages/airflow/example_dags/example_dynamic_task_mapping.py for tasks to queue
[2026-03-12T01:25:27.147+0000] {logging_mixin.py:190} INFO - [2026-03-12T01:25:27.146+0000] {dagbag.py:588} INFO - Filling up the DagBag from /home/ec2-user/environment/lab4_model_training/venv/lib64/python3.12/site-packages/airflow/example_dags/example_dynamic_task_mapping.py
[2026-03-12T01:25:27.156+0000] {processor.py:925} INFO - DAG(s) 'example_dynamic_task_mapping' retrieved from /home/ec2-user/environment/lab4_model_training/venv/lib64/python3.12/site-packages/airflow/example_dags/example_dynamic_task_mapping.py
[2026-03-12T01:25:27.174+0000] {logging_mixin.py:190} INFO - [2026-03-12T01:25:27.173+0000] {dag.py:3239} INFO - Sync 1 DAGs
[2026-03-12T01:25:27.311+0000] {logging_mixin.py:190} INFO - [2026-03-12T01:25:27.311+0000] {dag.py:4180} INFO - Setting next_dagrun for example_dynamic_task_mapping to None, run_after=None
[2026-03-12T01:25:27.332+0000] {processor.py:208} INFO - Processing /home/ec2-user/environment/lab4_model_training/venv/lib64/python3.12/site-packages/airflow/example_dags/example_dynamic_task_mapping.py took 0.197 seconds
[2026-03-12T01:26:37.389+0000] {processor.py:186} INFO - Started process (PID=20281) to work on /home/ec2-user/environment/lab4_model_training/venv/lib64/python3.12/site-packages/airflow/example_dags/example_dynamic_task_mapping.py
[2026-03-12T01:26:37.391+0000] {processor.py:914} INFO - Processing file /home/ec2-user/environment/lab4_model_training/venv/lib64/python3.12/site-packages/airflow/example_dags/example_dynamic_task_mapping.py for tasks to queue
[2026-03-12T01:26:37.394+0000] {logging_mixin.py:190} INFO - [2026-03-12T01:26:37.393+0000] {dagbag.py:588} INFO - Filling up the DagBag from /home/ec2-user/environment/lab4_model_training/venv/lib64/python3.12/site-packages/airflow/example_dags/example_dynamic_task_mapping.py
[2026-03-12T01:26:37.405+0000] {processor.py:925} INFO - DAG(s) 'example_dynamic_task_mapping' retrieved from /home/ec2-user/environment/lab4_model_training/venv/lib64/python3.12/site-packages/airflow/example_dags/example_dynamic_task_mapping.py
[2026-03-12T01:26:37.423+0000] {logging_mixin.py:190} INFO - [2026-03-12T01:26:37.423+0000] {dag.py:3239} INFO - Sync 1 DAGs
[2026-03-12T01:26:37.440+0000] {logging_mixin.py:190} INFO - [2026-03-12T01:26:37.440+0000] {dag.py:4180} INFO - Setting next_dagrun for example_dynamic_task_mapping to None, run_after=None
[2026-03-12T01:26:37.462+0000] {processor.py:208} INFO - Processing /home/ec2-user/environment/lab4_model_training/venv/lib64/python3.12/site-packages/airflow/example_dags/example_dynamic_task_mapping.py took 0.079 seconds
[2026-03-12T01:27:37.782+0000] {processor.py:186} INFO - Started process (PID=20515) to work on /home/ec2-user/environment/lab4_model_training/venv/lib64/python3.12/site-packages/airflow/example_dags/example_dynamic_task_mapping.py
[2026-03-12T01:27:37.784+0000] {processor.py:914} INFO - Processing file /home/ec2-user/environment/lab4_model_training/venv/lib64/python3.12/site-packages/airflow/example_dags/example_dynamic_task_mapping.py for tasks to queue
[2026-03-12T01:27:37.788+0000] {logging_mixin.py:190} INFO - [2026-03-12T01:27:37.787+0000] {dagbag.py:588} INFO - Filling up the DagBag from /home/ec2-user/environment/lab4_model_training/venv/lib64/python3.12/site-packages/airflow/example_dags/example_dynamic_task_mapping.py
[2026-03-12T01:27:37.798+0000] {processor.py:925} INFO - DAG(s) 'example_dynamic_task_mapping' retrieved from /home/ec2-user/environment/lab4_model_training/venv/lib64/python3.12/site-packages/airflow/example_dags/example_dynamic_task_mapping.py
[2026-03-12T01:27:37.817+0000] {logging_mixin.py:190} INFO - [2026-03-12T01:27:37.817+0000] {dag.py:3239} INFO - Sync 1 DAGs
[2026-03-12T01:27:37.836+0000] {logging_mixin.py:190} INFO - [2026-03-12T01:27:37.836+0000] {dag.py:4180} INFO - Setting next_dagrun for example_dynamic_task_mapping to None, run_after=None
[2026-03-12T01:27:37.860+0000] {processor.py:208} INFO - Processing /home/ec2-user/environment/lab4_model_training/venv/lib64/python3.12/site-packages/airflow/example_dags/example_dynamic_task_mapping.py took 0.084 seconds
[2026-03-12T01:28:37.116+0000] {processor.py:186} INFO - Started process (PID=20786) to work on /home/ec2-user/environment/lab4_model_training/venv/lib64/python3.12/site-packages/airflow/example_dags/example_dynamic_task_mapping.py
[2026-03-12T01:28:37.118+0000] {processor.py:914} INFO - Processing file /home/ec2-user/environment/lab4_model_training/venv/lib64/python3.12/site-packages/airflow/example_dags/example_dynamic_task_mapping.py for tasks to queue
[2026-03-12T01:28:37.121+0000] {logging_mixin.py:190} INFO - [2026-03-12T01:28:37.121+0000] {dagbag.py:588} INFO - Filling up the DagBag from /home/ec2-user/environment/lab4_model_training/venv/lib64/python3.12/site-packages/airflow/example_dags/example_dynamic_task_mapping.py
[2026-03-12T01:28:37.132+0000] {processor.py:925} INFO - DAG(s) 'example_dynamic_task_mapping' retrieved from /home/ec2-user/environment/lab4_model_training/venv/lib64/python3.12/site-packages/airflow/example_dags/example_dynamic_task_mapping.py
[2026-03-12T01:28:37.152+0000] {logging_mixin.py:190} INFO - [2026-03-12T01:28:37.152+0000] {dag.py:3239} INFO - Sync 1 DAGs
[2026-03-12T01:28:37.168+0000] {logging_mixin.py:190} INFO - [2026-03-12T01:28:37.168+0000] {dag.py:4180} INFO - Setting next_dagrun for example_dynamic_task_mapping to None, run_after=None
[2026-03-12T01:28:37.191+0000] {processor.py:208} INFO - Processing /home/ec2-user/environment/lab4_model_training/venv/lib64/python3.12/site-packages/airflow/example_dags/example_dynamic_task_mapping.py took 0.080 seconds
[2026-03-12T01:29:40.863+0000] {processor.py:186} INFO - Started process (PID=21054) to work on /home/ec2-user/environment/lab4_model_training/venv/lib64/python3.12/site-packages/airflow/example_dags/example_dynamic_task_mapping.py
[2026-03-12T01:29:40.865+0000] {processor.py:914} INFO - Processing file /home/ec2-user/environment/lab4_model_training/venv/lib64/python3.12/site-packages/airflow/example_dags/example_dynamic_task_mapping.py for tasks to queue
[2026-03-12T01:29:40.867+0000] {logging_mixin.py:190} INFO - [2026-03-12T01:29:40.866+0000] {dagbag.py:588} INFO - Filling up the DagBag from /home/ec2-user/environment/lab4_model_training/venv/lib64/python3.12/site-packages/airflow/example_dags/example_dynamic_task_mapping.py
[2026-03-12T01:29:40.876+0000] {processor.py:925} INFO - DAG(s) 'example_dynamic_task_mapping' retrieved from /home/ec2-user/environment/lab4_model_training/venv/lib64/python3.12/site-packages/airflow/example_dags/example_dynamic_task_mapping.py
[2026-03-12T01:29:40.893+0000] {logging_mixin.py:190} INFO - [2026-03-12T01:29:40.893+0000] {dag.py:3239} INFO - Sync 1 DAGs
[2026-03-12T01:29:40.909+0000] {logging_mixin.py:190} INFO - [2026-03-12T01:29:40.909+0000] {dag.py:4180} INFO - Setting next_dagrun for example_dynamic_task_mapping to None, run_after=None
[2026-03-12T01:29:40.931+0000] {processor.py:208} INFO - Processing /home/ec2-user/environment/lab4_model_training/venv/lib64/python3.12/site-packages/airflow/example_dags/example_dynamic_task_mapping.py took 0.074 seconds
[2026-03-12T01:30:40.980+0000] {processor.py:186} INFO - Started process (PID=21436) to work on /home/ec2-user/environment/lab4_model_training/venv/lib64/python3.12/site-packages/airflow/example_dags/example_dynamic_task_mapping.py
[2026-03-12T01:30:40.982+0000] {processor.py:914} INFO - Processing file /home/ec2-user/environment/lab4_model_training/venv/lib64/python3.12/site-packages/airflow/example_dags/example_dynamic_task_mapping.py for tasks to queue
[2026-03-12T01:30:40.985+0000] {logging_mixin.py:190} INFO - [2026-03-12T01:30:40.984+0000] {dagbag.py:588} INFO - Filling up the DagBag from /home/ec2-user/environment/lab4_model_training/venv/lib64/python3.12/site-packages/airflow/example_dags/example_dynamic_task_mapping.py
[2026-03-12T01:30:40.996+0000] {processor.py:925} INFO - DAG(s) 'example_dynamic_task_mapping' retrieved from /home/ec2-user/environment/lab4_model_training/venv/lib64/python3.12/site-packages/airflow/example_dags/example_dynamic_task_mapping.py
[2026-03-12T01:30:41.015+0000] {logging_mixin.py:190} INFO - [2026-03-12T01:30:41.015+0000] {dag.py:3239} INFO - Sync 1 DAGs
[2026-03-12T01:30:41.033+0000] {logging_mixin.py:190} INFO - [2026-03-12T01:30:41.033+0000] {dag.py:4180} INFO - Setting next_dagrun for example_dynamic_task_mapping to None, run_after=None
[2026-03-12T01:30:41.056+0000] {processor.py:208} INFO - Processing /home/ec2-user/environment/lab4_model_training/venv/lib64/python3.12/site-packages/airflow/example_dags/example_dynamic_task_mapping.py took 0.082 seconds
[2026-03-12T01:31:46.260+0000] {processor.py:186} INFO - Started process (PID=21734) to work on /home/ec2-user/environment/lab4_model_training/venv/lib64/python3.12/site-packages/airflow/example_dags/example_dynamic_task_mapping.py
[2026-03-12T01:31:46.261+0000] {processor.py:914} INFO - Processing file /home/ec2-user/environment/lab4_model_training/venv/lib64/python3.12/site-packages/airflow/example_dags/example_dynamic_task_mapping.py for tasks to queue
[2026-03-12T01:31:46.265+0000] {logging_mixin.py:190} INFO - [2026-03-12T01:31:46.264+0000] {dagbag.py:588} INFO - Filling up the DagBag from /home/ec2-user/environment/lab4_model_training/venv/lib64/python3.12/site-packages/airflow/example_dags/example_dynamic_task_mapping.py
[2026-03-12T01:31:46.275+0000] {processor.py:925} INFO - DAG(s) 'example_dynamic_task_mapping' retrieved from /home/ec2-user/environment/lab4_model_training/venv/lib64/python3.12/site-packages/airflow/example_dags/example_dynamic_task_mapping.py
[2026-03-12T01:31:46.294+0000] {logging_mixin.py:190} INFO - [2026-03-12T01:31:46.294+0000] {dag.py:3239} INFO - Sync 1 DAGs
[2026-03-12T01:31:46.312+0000] {logging_mixin.py:190} INFO - [2026-03-12T01:31:46.312+0000] {dag.py:4180} INFO - Setting next_dagrun for example_dynamic_task_mapping to None, run_after=None
[2026-03-12T01:31:46.339+0000] {processor.py:208} INFO - Processing /home/ec2-user/environment/lab4_model_training/venv/lib64/python3.12/site-packages/airflow/example_dags/example_dynamic_task_mapping.py took 0.084 seconds
[2026-03-12T01:32:44.501+0000] {processor.py:186} INFO - Started process (PID=21957) to work on /home/ec2-user/environment/lab4_model_training/venv/lib64/python3.12/site-packages/airflow/example_dags/example_dynamic_task_mapping.py
[2026-03-12T01:32:44.503+0000] {processor.py:914} INFO - Processing file /home/ec2-user/environment/lab4_model_training/venv/lib64/python3.12/site-packages/airflow/example_dags/example_dynamic_task_mapping.py for tasks to queue
[2026-03-12T01:32:44.505+0000] {logging_mixin.py:190} INFO - [2026-03-12T01:32:44.505+0000] {dagbag.py:588} INFO - Filling up the DagBag from /home/ec2-user/environment/lab4_model_training/venv/lib64/python3.12/site-packages/airflow/example_dags/example_dynamic_task_mapping.py
[2026-03-12T01:32:44.515+0000] {processor.py:925} INFO - DAG(s) 'example_dynamic_task_mapping' retrieved from /home/ec2-user/environment/lab4_model_training/venv/lib64/python3.12/site-packages/airflow/example_dags/example_dynamic_task_mapping.py
[2026-03-12T01:32:44.533+0000] {logging_mixin.py:190} INFO - [2026-03-12T01:32:44.533+0000] {dag.py:3239} INFO - Sync 1 DAGs
[2026-03-12T01:32:44.550+0000] {logging_mixin.py:190} INFO - [2026-03-12T01:32:44.550+0000] {dag.py:4180} INFO - Setting next_dagrun for example_dynamic_task_mapping to None, run_after=None
[2026-03-12T01:32:44.584+0000] {processor.py:208} INFO - Processing /home/ec2-user/environment/lab4_model_training/venv/lib64/python3.12/site-packages/airflow/example_dags/example_dynamic_task_mapping.py took 0.089 seconds
[2026-03-12T01:33:48.459+0000] {processor.py:186} INFO - Started process (PID=22251) to work on /home/ec2-user/environment/lab4_model_training/venv/lib64/python3.12/site-packages/airflow/example_dags/example_dynamic_task_mapping.py
[2026-03-12T01:33:48.461+0000] {processor.py:914} INFO - Processing file /home/ec2-user/environment/lab4_model_training/venv/lib64/python3.12/site-packages/airflow/example_dags/example_dynamic_task_mapping.py for tasks to queue
[2026-03-12T01:33:48.464+0000] {logging_mixin.py:190} INFO - [2026-03-12T01:33:48.463+0000] {dagbag.py:588} INFO - Filling up the DagBag from /home/ec2-user/environment/lab4_model_training/venv/lib64/python3.12/site-packages/airflow/example_dags/example_dynamic_task_mapping.py
[2026-03-12T01:33:48.473+0000] {processor.py:925} INFO - DAG(s) 'example_dynamic_task_mapping' retrieved from /home/ec2-user/environment/lab4_model_training/venv/lib64/python3.12/site-packages/airflow/example_dags/example_dynamic_task_mapping.py
[2026-03-12T01:33:48.492+0000] {logging_mixin.py:190} INFO - [2026-03-12T01:33:48.491+0000] {dag.py:3239} INFO - Sync 1 DAGs
[2026-03-12T01:33:48.508+0000] {logging_mixin.py:190} INFO - [2026-03-12T01:33:48.508+0000] {dag.py:4180} INFO - Setting next_dagrun for example_dynamic_task_mapping to None, run_after=None
[2026-03-12T01:33:48.531+0000] {processor.py:208} INFO - Processing /home/ec2-user/environment/lab4_model_training/venv/lib64/python3.12/site-packages/airflow/example_dags/example_dynamic_task_mapping.py took 0.077 seconds
