[2026-03-12T00:34:35.201+0000] {processor.py:186} INFO - Started process (PID=6621) to work on /home/ec2-user/environment/lab4_model_training/venv/lib64/python3.12/site-packages/airflow/example_dags/example_params_ui_tutorial.py
[2026-03-12T00:34:35.201+0000] {processor.py:914} INFO - Processing file /home/ec2-user/environment/lab4_model_training/venv/lib64/python3.12/site-packages/airflow/example_dags/example_params_ui_tutorial.py for tasks to queue
[2026-03-12T00:34:35.204+0000] {logging_mixin.py:190} INFO - [2026-03-12T00:34:35.203+0000] {dagbag.py:588} INFO - Filling up the DagBag from /home/ec2-user/environment/lab4_model_training/venv/lib64/python3.12/site-packages/airflow/example_dags/example_params_ui_tutorial.py
[2026-03-12T00:34:35.215+0000] {processor.py:925} INFO - DAG(s) 'example_params_ui_tutorial' retrieved from /home/ec2-user/environment/lab4_model_training/venv/lib64/python3.12/site-packages/airflow/example_dags/example_params_ui_tutorial.py
[2026-03-12T00:34:35.326+0000] {logging_mixin.py:190} INFO - [2026-03-12T00:34:35.326+0000] {override.py:1930} INFO - Created Permission View: can delete on DAG:example_params_ui_tutorial
[2026-03-12T00:34:35.339+0000] {logging_mixin.py:190} INFO - [2026-03-12T00:34:35.339+0000] {override.py:1930} INFO - Created Permission View: can edit on DAG:example_params_ui_tutorial
[2026-03-12T00:34:35.349+0000] {logging_mixin.py:190} INFO - [2026-03-12T00:34:35.349+0000] {override.py:1930} INFO - Created Permission View: can read on DAG:example_params_ui_tutorial
[2026-03-12T00:34:35.364+0000] {logging_mixin.py:190} INFO - [2026-03-12T00:34:35.364+0000] {override.py:1930} INFO - Created Permission View: menu access on DAG Run:example_params_ui_tutorial
[2026-03-12T00:34:35.374+0000] {logging_mixin.py:190} INFO - [2026-03-12T00:34:35.374+0000] {override.py:1930} INFO - Created Permission View: can create on DAG Run:example_params_ui_tutorial
[2026-03-12T00:34:35.385+0000] {logging_mixin.py:190} INFO - [2026-03-12T00:34:35.384+0000] {override.py:1930} INFO - Created Permission View: can delete on DAG Run:example_params_ui_tutorial
[2026-03-12T00:34:35.395+0000] {logging_mixin.py:190} INFO - [2026-03-12T00:34:35.395+0000] {override.py:1930} INFO - Created Permission View: can read on DAG Run:example_params_ui_tutorial
[2026-03-12T00:34:35.396+0000] {logging_mixin.py:190} INFO - [2026-03-12T00:34:35.396+0000] {dag.py:3239} INFO - Sync 1 DAGs
[2026-03-12T00:34:35.409+0000] {logging_mixin.py:190} INFO - [2026-03-12T00:34:35.409+0000] {dag.py:3262} INFO - Creating ORM DAG for example_params_ui_tutorial
[2026-03-12T00:34:35.410+0000] {logging_mixin.py:190} INFO - [2026-03-12T00:34:35.410+0000] {dag.py:4180} INFO - Setting next_dagrun for example_params_ui_tutorial to None, run_after=None
[2026-03-12T00:34:35.431+0000] {processor.py:208} INFO - Processing /home/ec2-user/environment/lab4_model_training/venv/lib64/python3.12/site-packages/airflow/example_dags/example_params_ui_tutorial.py took 0.235 seconds
[2026-03-12T00:35:27.461+0000] {processor.py:186} INFO - Started process (PID=6843) to work on /home/ec2-user/environment/lab4_model_training/venv/lib64/python3.12/site-packages/airflow/example_dags/example_params_ui_tutorial.py
[2026-03-12T00:35:27.462+0000] {processor.py:914} INFO - Processing file /home/ec2-user/environment/lab4_model_training/venv/lib64/python3.12/site-packages/airflow/example_dags/example_params_ui_tutorial.py for tasks to queue
[2026-03-12T00:35:27.465+0000] {logging_mixin.py:190} INFO - [2026-03-12T00:35:27.465+0000] {dagbag.py:588} INFO - Filling up the DagBag from /home/ec2-user/environment/lab4_model_training/venv/lib64/python3.12/site-packages/airflow/example_dags/example_params_ui_tutorial.py
[2026-03-12T00:35:27.477+0000] {processor.py:925} INFO - DAG(s) 'example_params_ui_tutorial' retrieved from /home/ec2-user/environment/lab4_model_training/venv/lib64/python3.12/site-packages/airflow/example_dags/example_params_ui_tutorial.py
[2026-03-12T00:35:27.524+0000] {logging_mixin.py:190} INFO - [2026-03-12T00:35:27.523+0000] {dag.py:3239} INFO - Sync 1 DAGs
[2026-03-12T00:35:27.538+0000] {logging_mixin.py:190} INFO - [2026-03-12T00:35:27.538+0000] {dag.py:4180} INFO - Setting next_dagrun for example_params_ui_tutorial to None, run_after=None
[2026-03-12T00:35:27.561+0000] {processor.py:208} INFO - Processing /home/ec2-user/environment/lab4_model_training/venv/lib64/python3.12/site-packages/airflow/example_dags/example_params_ui_tutorial.py took 0.104 seconds
[2026-03-12T00:36:31.099+0000] {processor.py:186} INFO - Started process (PID=7146) to work on /home/ec2-user/environment/lab4_model_training/venv/lib64/python3.12/site-packages/airflow/example_dags/example_params_ui_tutorial.py
[2026-03-12T00:36:31.100+0000] {processor.py:914} INFO - Processing file /home/ec2-user/environment/lab4_model_training/venv/lib64/python3.12/site-packages/airflow/example_dags/example_params_ui_tutorial.py for tasks to queue
[2026-03-12T00:36:31.102+0000] {logging_mixin.py:190} INFO - [2026-03-12T00:36:31.102+0000] {dagbag.py:588} INFO - Filling up the DagBag from /home/ec2-user/environment/lab4_model_training/venv/lib64/python3.12/site-packages/airflow/example_dags/example_params_ui_tutorial.py
[2026-03-12T00:36:31.113+0000] {processor.py:925} INFO - DAG(s) 'example_params_ui_tutorial' retrieved from /home/ec2-user/environment/lab4_model_training/venv/lib64/python3.12/site-packages/airflow/example_dags/example_params_ui_tutorial.py
[2026-03-12T00:36:31.155+0000] {logging_mixin.py:190} INFO - [2026-03-12T00:36:31.155+0000] {dag.py:3239} INFO - Sync 1 DAGs
[2026-03-12T00:36:31.170+0000] {logging_mixin.py:190} INFO - [2026-03-12T00:36:31.170+0000] {dag.py:4180} INFO - Setting next_dagrun for example_params_ui_tutorial to None, run_after=None
[2026-03-12T00:36:31.193+0000] {processor.py:208} INFO - Processing /home/ec2-user/environment/lab4_model_training/venv/lib64/python3.12/site-packages/airflow/example_dags/example_params_ui_tutorial.py took 0.100 seconds
[2026-03-12T00:38:03.001+0000] {processor.py:186} INFO - Started process (PID=7456) to work on /home/ec2-user/environment/lab4_model_training/venv/lib64/python3.12/site-packages/airflow/example_dags/example_params_ui_tutorial.py
[2026-03-12T00:38:03.002+0000] {processor.py:914} INFO - Processing file /home/ec2-user/environment/lab4_model_training/venv/lib64/python3.12/site-packages/airflow/example_dags/example_params_ui_tutorial.py for tasks to queue
[2026-03-12T00:38:03.005+0000] {logging_mixin.py:190} INFO - [2026-03-12T00:38:03.005+0000] {dagbag.py:588} INFO - Filling up the DagBag from /home/ec2-user/environment/lab4_model_training/venv/lib64/python3.12/site-packages/airflow/example_dags/example_params_ui_tutorial.py
[2026-03-12T00:38:03.018+0000] {processor.py:925} INFO - DAG(s) 'example_params_ui_tutorial' retrieved from /home/ec2-user/environment/lab4_model_training/venv/lib64/python3.12/site-packages/airflow/example_dags/example_params_ui_tutorial.py
[2026-03-12T00:38:03.063+0000] {logging_mixin.py:190} INFO - [2026-03-12T00:38:03.062+0000] {dag.py:3239} INFO - Sync 1 DAGs
[2026-03-12T00:38:03.078+0000] {logging_mixin.py:190} INFO - [2026-03-12T00:38:03.078+0000] {dag.py:4180} INFO - Setting next_dagrun for example_params_ui_tutorial to None, run_after=None
[2026-03-12T00:38:03.103+0000] {processor.py:208} INFO - Processing /home/ec2-user/environment/lab4_model_training/venv/lib64/python3.12/site-packages/airflow/example_dags/example_params_ui_tutorial.py took 0.107 seconds
[2026-03-12T00:38:59.122+0000] {processor.py:186} INFO - Started process (PID=7678) to work on /home/ec2-user/environment/lab4_model_training/venv/lib64/python3.12/site-packages/airflow/example_dags/example_params_ui_tutorial.py
[2026-03-12T00:38:59.124+0000] {processor.py:914} INFO - Processing file /home/ec2-user/environment/lab4_model_training/venv/lib64/python3.12/site-packages/airflow/example_dags/example_params_ui_tutorial.py for tasks to queue
[2026-03-12T00:38:59.127+0000] {logging_mixin.py:190} INFO - [2026-03-12T00:38:59.126+0000] {dagbag.py:588} INFO - Filling up the DagBag from /home/ec2-user/environment/lab4_model_training/venv/lib64/python3.12/site-packages/airflow/example_dags/example_params_ui_tutorial.py
[2026-03-12T00:38:59.140+0000] {processor.py:925} INFO - DAG(s) 'example_params_ui_tutorial' retrieved from /home/ec2-user/environment/lab4_model_training/venv/lib64/python3.12/site-packages/airflow/example_dags/example_params_ui_tutorial.py
[2026-03-12T00:38:59.185+0000] {logging_mixin.py:190} INFO - [2026-03-12T00:38:59.185+0000] {dag.py:3239} INFO - Sync 1 DAGs
[2026-03-12T00:38:59.200+0000] {logging_mixin.py:190} INFO - [2026-03-12T00:38:59.200+0000] {dag.py:4180} INFO - Setting next_dagrun for example_params_ui_tutorial to None, run_after=None
[2026-03-12T00:38:59.222+0000] {processor.py:208} INFO - Processing /home/ec2-user/environment/lab4_model_training/venv/lib64/python3.12/site-packages/airflow/example_dags/example_params_ui_tutorial.py took 0.104 seconds
[2026-03-12T00:40:02.182+0000] {processor.py:186} INFO - Started process (PID=7984) to work on /home/ec2-user/environment/lab4_model_training/venv/lib64/python3.12/site-packages/airflow/example_dags/example_params_ui_tutorial.py
[2026-03-12T00:40:02.183+0000] {processor.py:914} INFO - Processing file /home/ec2-user/environment/lab4_model_training/venv/lib64/python3.12/site-packages/airflow/example_dags/example_params_ui_tutorial.py for tasks to queue
[2026-03-12T00:40:02.185+0000] {logging_mixin.py:190} INFO - [2026-03-12T00:40:02.185+0000] {dagbag.py:588} INFO - Filling up the DagBag from /home/ec2-user/environment/lab4_model_training/venv/lib64/python3.12/site-packages/airflow/example_dags/example_params_ui_tutorial.py
[2026-03-12T00:40:02.196+0000] {processor.py:925} INFO - DAG(s) 'example_params_ui_tutorial' retrieved from /home/ec2-user/environment/lab4_model_training/venv/lib64/python3.12/site-packages/airflow/example_dags/example_params_ui_tutorial.py
[2026-03-12T00:40:02.243+0000] {logging_mixin.py:190} INFO - [2026-03-12T00:40:02.243+0000] {dag.py:3239} INFO - Sync 1 DAGs
[2026-03-12T00:40:02.259+0000] {logging_mixin.py:190} INFO - [2026-03-12T00:40:02.259+0000] {dag.py:4180} INFO - Setting next_dagrun for example_params_ui_tutorial to None, run_after=None
[2026-03-12T00:40:02.282+0000] {processor.py:208} INFO - Processing /home/ec2-user/environment/lab4_model_training/venv/lib64/python3.12/site-packages/airflow/example_dags/example_params_ui_tutorial.py took 0.105 seconds
[2026-03-12T00:41:01.625+0000] {processor.py:186} INFO - Started process (PID=8257) to work on /home/ec2-user/environment/lab4_model_training/venv/lib64/python3.12/site-packages/airflow/example_dags/example_params_ui_tutorial.py
[2026-03-12T00:41:01.626+0000] {processor.py:914} INFO - Processing file /home/ec2-user/environment/lab4_model_training/venv/lib64/python3.12/site-packages/airflow/example_dags/example_params_ui_tutorial.py for tasks to queue
[2026-03-12T00:41:01.628+0000] {logging_mixin.py:190} INFO - [2026-03-12T00:41:01.628+0000] {dagbag.py:588} INFO - Filling up the DagBag from /home/ec2-user/environment/lab4_model_training/venv/lib64/python3.12/site-packages/airflow/example_dags/example_params_ui_tutorial.py
[2026-03-12T00:41:01.639+0000] {processor.py:925} INFO - DAG(s) 'example_params_ui_tutorial' retrieved from /home/ec2-user/environment/lab4_model_training/venv/lib64/python3.12/site-packages/airflow/example_dags/example_params_ui_tutorial.py
[2026-03-12T00:41:01.689+0000] {logging_mixin.py:190} INFO - [2026-03-12T00:41:01.689+0000] {dag.py:3239} INFO - Sync 1 DAGs
[2026-03-12T00:41:01.708+0000] {logging_mixin.py:190} INFO - [2026-03-12T00:41:01.708+0000] {dag.py:4180} INFO - Setting next_dagrun for example_params_ui_tutorial to None, run_after=None
[2026-03-12T00:41:01.753+0000] {processor.py:208} INFO - Processing /home/ec2-user/environment/lab4_model_training/venv/lib64/python3.12/site-packages/airflow/example_dags/example_params_ui_tutorial.py took 0.134 seconds
[2026-03-12T00:42:06.682+0000] {processor.py:186} INFO - Started process (PID=8506) to work on /home/ec2-user/environment/lab4_model_training/venv/lib64/python3.12/site-packages/airflow/example_dags/example_params_ui_tutorial.py
[2026-03-12T00:42:06.683+0000] {processor.py:914} INFO - Processing file /home/ec2-user/environment/lab4_model_training/venv/lib64/python3.12/site-packages/airflow/example_dags/example_params_ui_tutorial.py for tasks to queue
[2026-03-12T00:42:06.686+0000] {logging_mixin.py:190} INFO - [2026-03-12T00:42:06.685+0000] {dagbag.py:588} INFO - Filling up the DagBag from /home/ec2-user/environment/lab4_model_training/venv/lib64/python3.12/site-packages/airflow/example_dags/example_params_ui_tutorial.py
[2026-03-12T00:42:06.696+0000] {processor.py:925} INFO - DAG(s) 'example_params_ui_tutorial' retrieved from /home/ec2-user/environment/lab4_model_training/venv/lib64/python3.12/site-packages/airflow/example_dags/example_params_ui_tutorial.py
[2026-03-12T00:42:06.740+0000] {logging_mixin.py:190} INFO - [2026-03-12T00:42:06.740+0000] {dag.py:3239} INFO - Sync 1 DAGs
[2026-03-12T00:42:06.755+0000] {logging_mixin.py:190} INFO - [2026-03-12T00:42:06.755+0000] {dag.py:4180} INFO - Setting next_dagrun for example_params_ui_tutorial to None, run_after=None
[2026-03-12T00:42:06.779+0000] {processor.py:208} INFO - Processing /home/ec2-user/environment/lab4_model_training/venv/lib64/python3.12/site-packages/airflow/example_dags/example_params_ui_tutorial.py took 0.101 seconds
[2026-03-12T00:43:05.372+0000] {processor.py:186} INFO - Started process (PID=8789) to work on /home/ec2-user/environment/lab4_model_training/venv/lib64/python3.12/site-packages/airflow/example_dags/example_params_ui_tutorial.py
[2026-03-12T00:43:05.373+0000] {processor.py:914} INFO - Processing file /home/ec2-user/environment/lab4_model_training/venv/lib64/python3.12/site-packages/airflow/example_dags/example_params_ui_tutorial.py for tasks to queue
[2026-03-12T00:43:05.378+0000] {logging_mixin.py:190} INFO - [2026-03-12T00:43:05.377+0000] {dagbag.py:588} INFO - Filling up the DagBag from /home/ec2-user/environment/lab4_model_training/venv/lib64/python3.12/site-packages/airflow/example_dags/example_params_ui_tutorial.py
[2026-03-12T00:43:05.390+0000] {processor.py:925} INFO - DAG(s) 'example_params_ui_tutorial' retrieved from /home/ec2-user/environment/lab4_model_training/venv/lib64/python3.12/site-packages/airflow/example_dags/example_params_ui_tutorial.py
[2026-03-12T00:43:05.434+0000] {logging_mixin.py:190} INFO - [2026-03-12T00:43:05.434+0000] {dag.py:3239} INFO - Sync 1 DAGs
[2026-03-12T00:43:05.451+0000] {logging_mixin.py:190} INFO - [2026-03-12T00:43:05.451+0000] {dag.py:4180} INFO - Setting next_dagrun for example_params_ui_tutorial to None, run_after=None
[2026-03-12T00:43:05.479+0000] {processor.py:208} INFO - Processing /home/ec2-user/environment/lab4_model_training/venv/lib64/python3.12/site-packages/airflow/example_dags/example_params_ui_tutorial.py took 0.112 seconds
[2026-03-12T00:44:12.030+0000] {processor.py:186} INFO - Started process (PID=9130) to work on /home/ec2-user/environment/lab4_model_training/venv/lib64/python3.12/site-packages/airflow/example_dags/example_params_ui_tutorial.py
[2026-03-12T00:44:12.031+0000] {processor.py:914} INFO - Processing file /home/ec2-user/environment/lab4_model_training/venv/lib64/python3.12/site-packages/airflow/example_dags/example_params_ui_tutorial.py for tasks to queue
[2026-03-12T00:44:12.034+0000] {logging_mixin.py:190} INFO - [2026-03-12T00:44:12.033+0000] {dagbag.py:588} INFO - Filling up the DagBag from /home/ec2-user/environment/lab4_model_training/venv/lib64/python3.12/site-packages/airflow/example_dags/example_params_ui_tutorial.py
[2026-03-12T00:44:12.046+0000] {processor.py:925} INFO - DAG(s) 'example_params_ui_tutorial' retrieved from /home/ec2-user/environment/lab4_model_training/venv/lib64/python3.12/site-packages/airflow/example_dags/example_params_ui_tutorial.py
[2026-03-12T00:44:12.088+0000] {logging_mixin.py:190} INFO - [2026-03-12T00:44:12.088+0000] {dag.py:3239} INFO - Sync 1 DAGs
[2026-03-12T00:44:12.103+0000] {logging_mixin.py:190} INFO - [2026-03-12T00:44:12.103+0000] {dag.py:4180} INFO - Setting next_dagrun for example_params_ui_tutorial to None, run_after=None
[2026-03-12T00:44:12.128+0000] {processor.py:208} INFO - Processing /home/ec2-user/environment/lab4_model_training/venv/lib64/python3.12/site-packages/airflow/example_dags/example_params_ui_tutorial.py took 0.102 seconds
[2026-03-12T00:46:00.891+0000] {processor.py:186} INFO - Started process (PID=9584) to work on /home/ec2-user/environment/lab4_model_training/venv/lib64/python3.12/site-packages/airflow/example_dags/example_params_ui_tutorial.py
[2026-03-12T00:46:00.892+0000] {processor.py:914} INFO - Processing file /home/ec2-user/environment/lab4_model_training/venv/lib64/python3.12/site-packages/airflow/example_dags/example_params_ui_tutorial.py for tasks to queue
[2026-03-12T00:46:00.895+0000] {logging_mixin.py:190} INFO - [2026-03-12T00:46:00.894+0000] {dagbag.py:588} INFO - Filling up the DagBag from /home/ec2-user/environment/lab4_model_training/venv/lib64/python3.12/site-packages/airflow/example_dags/example_params_ui_tutorial.py
[2026-03-12T00:46:00.906+0000] {processor.py:925} INFO - DAG(s) 'example_params_ui_tutorial' retrieved from /home/ec2-user/environment/lab4_model_training/venv/lib64/python3.12/site-packages/airflow/example_dags/example_params_ui_tutorial.py
[2026-03-12T00:46:00.949+0000] {logging_mixin.py:190} INFO - [2026-03-12T00:46:00.948+0000] {dag.py:3239} INFO - Sync 1 DAGs
[2026-03-12T00:46:00.964+0000] {logging_mixin.py:190} INFO - [2026-03-12T00:46:00.964+0000] {dag.py:4180} INFO - Setting next_dagrun for example_params_ui_tutorial to None, run_after=None
[2026-03-12T00:46:00.987+0000] {processor.py:208} INFO - Processing /home/ec2-user/environment/lab4_model_training/venv/lib64/python3.12/site-packages/airflow/example_dags/example_params_ui_tutorial.py took 0.100 seconds
[2026-03-12T00:47:41.037+0000] {processor.py:186} INFO - Started process (PID=10039) to work on /home/ec2-user/environment/lab4_model_training/venv/lib64/python3.12/site-packages/airflow/example_dags/example_params_ui_tutorial.py
[2026-03-12T00:47:41.038+0000] {processor.py:914} INFO - Processing file /home/ec2-user/environment/lab4_model_training/venv/lib64/python3.12/site-packages/airflow/example_dags/example_params_ui_tutorial.py for tasks to queue
[2026-03-12T00:47:41.040+0000] {logging_mixin.py:190} INFO - [2026-03-12T00:47:41.040+0000] {dagbag.py:588} INFO - Filling up the DagBag from /home/ec2-user/environment/lab4_model_training/venv/lib64/python3.12/site-packages/airflow/example_dags/example_params_ui_tutorial.py
[2026-03-12T00:47:41.051+0000] {processor.py:925} INFO - DAG(s) 'example_params_ui_tutorial' retrieved from /home/ec2-user/environment/lab4_model_training/venv/lib64/python3.12/site-packages/airflow/example_dags/example_params_ui_tutorial.py
[2026-03-12T00:47:41.100+0000] {logging_mixin.py:190} INFO - [2026-03-12T00:47:41.100+0000] {dag.py:3239} INFO - Sync 1 DAGs
[2026-03-12T00:47:41.115+0000] {logging_mixin.py:190} INFO - [2026-03-12T00:47:41.115+0000] {dag.py:4180} INFO - Setting next_dagrun for example_params_ui_tutorial to None, run_after=None
[2026-03-12T00:47:41.138+0000] {processor.py:208} INFO - Processing /home/ec2-user/environment/lab4_model_training/venv/lib64/python3.12/site-packages/airflow/example_dags/example_params_ui_tutorial.py took 0.106 seconds
[2026-03-12T00:48:45.298+0000] {processor.py:186} INFO - Started process (PID=10277) to work on /home/ec2-user/environment/lab4_model_training/venv/lib64/python3.12/site-packages/airflow/example_dags/example_params_ui_tutorial.py
[2026-03-12T00:48:45.299+0000] {processor.py:914} INFO - Processing file /home/ec2-user/environment/lab4_model_training/venv/lib64/python3.12/site-packages/airflow/example_dags/example_params_ui_tutorial.py for tasks to queue
[2026-03-12T00:48:45.302+0000] {logging_mixin.py:190} INFO - [2026-03-12T00:48:45.301+0000] {dagbag.py:588} INFO - Filling up the DagBag from /home/ec2-user/environment/lab4_model_training/venv/lib64/python3.12/site-packages/airflow/example_dags/example_params_ui_tutorial.py
[2026-03-12T00:48:45.313+0000] {processor.py:925} INFO - DAG(s) 'example_params_ui_tutorial' retrieved from /home/ec2-user/environment/lab4_model_training/venv/lib64/python3.12/site-packages/airflow/example_dags/example_params_ui_tutorial.py
[2026-03-12T00:48:45.355+0000] {logging_mixin.py:190} INFO - [2026-03-12T00:48:45.354+0000] {dag.py:3239} INFO - Sync 1 DAGs
[2026-03-12T00:48:45.372+0000] {logging_mixin.py:190} INFO - [2026-03-12T00:48:45.372+0000] {dag.py:4180} INFO - Setting next_dagrun for example_params_ui_tutorial to None, run_after=None
[2026-03-12T00:48:45.395+0000] {processor.py:208} INFO - Processing /home/ec2-user/environment/lab4_model_training/venv/lib64/python3.12/site-packages/airflow/example_dags/example_params_ui_tutorial.py took 0.102 seconds
[2026-03-12T00:49:51.055+0000] {processor.py:186} INFO - Started process (PID=10616) to work on /home/ec2-user/environment/lab4_model_training/venv/lib64/python3.12/site-packages/airflow/example_dags/example_params_ui_tutorial.py
[2026-03-12T00:49:51.056+0000] {processor.py:914} INFO - Processing file /home/ec2-user/environment/lab4_model_training/venv/lib64/python3.12/site-packages/airflow/example_dags/example_params_ui_tutorial.py for tasks to queue
[2026-03-12T00:49:51.058+0000] {logging_mixin.py:190} INFO - [2026-03-12T00:49:51.058+0000] {dagbag.py:588} INFO - Filling up the DagBag from /home/ec2-user/environment/lab4_model_training/venv/lib64/python3.12/site-packages/airflow/example_dags/example_params_ui_tutorial.py
[2026-03-12T00:49:51.069+0000] {processor.py:925} INFO - DAG(s) 'example_params_ui_tutorial' retrieved from /home/ec2-user/environment/lab4_model_training/venv/lib64/python3.12/site-packages/airflow/example_dags/example_params_ui_tutorial.py
[2026-03-12T00:49:51.111+0000] {logging_mixin.py:190} INFO - [2026-03-12T00:49:51.111+0000] {dag.py:3239} INFO - Sync 1 DAGs
[2026-03-12T00:49:51.125+0000] {logging_mixin.py:190} INFO - [2026-03-12T00:49:51.125+0000] {dag.py:4180} INFO - Setting next_dagrun for example_params_ui_tutorial to None, run_after=None
[2026-03-12T00:49:51.148+0000] {processor.py:208} INFO - Processing /home/ec2-user/environment/lab4_model_training/venv/lib64/python3.12/site-packages/airflow/example_dags/example_params_ui_tutorial.py took 0.098 seconds
[2026-03-12T00:50:53.137+0000] {processor.py:186} INFO - Started process (PID=10912) to work on /home/ec2-user/environment/lab4_model_training/venv/lib64/python3.12/site-packages/airflow/example_dags/example_params_ui_tutorial.py
[2026-03-12T00:50:53.138+0000] {processor.py:914} INFO - Processing file /home/ec2-user/environment/lab4_model_training/venv/lib64/python3.12/site-packages/airflow/example_dags/example_params_ui_tutorial.py for tasks to queue
[2026-03-12T00:50:53.140+0000] {logging_mixin.py:190} INFO - [2026-03-12T00:50:53.140+0000] {dagbag.py:588} INFO - Filling up the DagBag from /home/ec2-user/environment/lab4_model_training/venv/lib64/python3.12/site-packages/airflow/example_dags/example_params_ui_tutorial.py
[2026-03-12T00:50:53.151+0000] {processor.py:925} INFO - DAG(s) 'example_params_ui_tutorial' retrieved from /home/ec2-user/environment/lab4_model_training/venv/lib64/python3.12/site-packages/airflow/example_dags/example_params_ui_tutorial.py
[2026-03-12T00:50:53.192+0000] {logging_mixin.py:190} INFO - [2026-03-12T00:50:53.192+0000] {dag.py:3239} INFO - Sync 1 DAGs
[2026-03-12T00:50:53.213+0000] {logging_mixin.py:190} INFO - [2026-03-12T00:50:53.213+0000] {dag.py:4180} INFO - Setting next_dagrun for example_params_ui_tutorial to None, run_after=None
[2026-03-12T00:50:53.235+0000] {processor.py:208} INFO - Processing /home/ec2-user/environment/lab4_model_training/venv/lib64/python3.12/site-packages/airflow/example_dags/example_params_ui_tutorial.py took 0.103 seconds
[2026-03-12T00:51:54.109+0000] {processor.py:186} INFO - Started process (PID=11169) to work on /home/ec2-user/environment/lab4_model_training/venv/lib64/python3.12/site-packages/airflow/example_dags/example_params_ui_tutorial.py
[2026-03-12T00:51:54.110+0000] {processor.py:914} INFO - Processing file /home/ec2-user/environment/lab4_model_training/venv/lib64/python3.12/site-packages/airflow/example_dags/example_params_ui_tutorial.py for tasks to queue
[2026-03-12T00:51:54.114+0000] {logging_mixin.py:190} INFO - [2026-03-12T00:51:54.113+0000] {dagbag.py:588} INFO - Filling up the DagBag from /home/ec2-user/environment/lab4_model_training/venv/lib64/python3.12/site-packages/airflow/example_dags/example_params_ui_tutorial.py
[2026-03-12T00:51:54.126+0000] {processor.py:925} INFO - DAG(s) 'example_params_ui_tutorial' retrieved from /home/ec2-user/environment/lab4_model_training/venv/lib64/python3.12/site-packages/airflow/example_dags/example_params_ui_tutorial.py
[2026-03-12T00:51:54.171+0000] {logging_mixin.py:190} INFO - [2026-03-12T00:51:54.170+0000] {dag.py:3239} INFO - Sync 1 DAGs
[2026-03-12T00:51:54.185+0000] {logging_mixin.py:190} INFO - [2026-03-12T00:51:54.185+0000] {dag.py:4180} INFO - Setting next_dagrun for example_params_ui_tutorial to None, run_after=None
[2026-03-12T00:51:54.210+0000] {processor.py:208} INFO - Processing /home/ec2-user/environment/lab4_model_training/venv/lib64/python3.12/site-packages/airflow/example_dags/example_params_ui_tutorial.py took 0.105 seconds
[2026-03-12T00:52:53.336+0000] {processor.py:186} INFO - Started process (PID=11466) to work on /home/ec2-user/environment/lab4_model_training/venv/lib64/python3.12/site-packages/airflow/example_dags/example_params_ui_tutorial.py
[2026-03-12T00:52:53.338+0000] {processor.py:914} INFO - Processing file /home/ec2-user/environment/lab4_model_training/venv/lib64/python3.12/site-packages/airflow/example_dags/example_params_ui_tutorial.py for tasks to queue
[2026-03-12T00:52:53.341+0000] {logging_mixin.py:190} INFO - [2026-03-12T00:52:53.340+0000] {dagbag.py:588} INFO - Filling up the DagBag from /home/ec2-user/environment/lab4_model_training/venv/lib64/python3.12/site-packages/airflow/example_dags/example_params_ui_tutorial.py
[2026-03-12T00:52:53.354+0000] {processor.py:925} INFO - DAG(s) 'example_params_ui_tutorial' retrieved from /home/ec2-user/environment/lab4_model_training/venv/lib64/python3.12/site-packages/airflow/example_dags/example_params_ui_tutorial.py
[2026-03-12T00:52:53.397+0000] {logging_mixin.py:190} INFO - [2026-03-12T00:52:53.397+0000] {dag.py:3239} INFO - Sync 1 DAGs
[2026-03-12T00:52:53.414+0000] {logging_mixin.py:190} INFO - [2026-03-12T00:52:53.413+0000] {dag.py:4180} INFO - Setting next_dagrun for example_params_ui_tutorial to None, run_after=None
[2026-03-12T00:52:53.438+0000] {processor.py:208} INFO - Processing /home/ec2-user/environment/lab4_model_training/venv/lib64/python3.12/site-packages/airflow/example_dags/example_params_ui_tutorial.py took 0.107 seconds
[2026-03-12T00:53:53.662+0000] {processor.py:186} INFO - Started process (PID=11697) to work on /home/ec2-user/environment/lab4_model_training/venv/lib64/python3.12/site-packages/airflow/example_dags/example_params_ui_tutorial.py
[2026-03-12T00:53:53.663+0000] {processor.py:914} INFO - Processing file /home/ec2-user/environment/lab4_model_training/venv/lib64/python3.12/site-packages/airflow/example_dags/example_params_ui_tutorial.py for tasks to queue
[2026-03-12T00:53:53.665+0000] {logging_mixin.py:190} INFO - [2026-03-12T00:53:53.665+0000] {dagbag.py:588} INFO - Filling up the DagBag from /home/ec2-user/environment/lab4_model_training/venv/lib64/python3.12/site-packages/airflow/example_dags/example_params_ui_tutorial.py
[2026-03-12T00:53:53.676+0000] {processor.py:925} INFO - DAG(s) 'example_params_ui_tutorial' retrieved from /home/ec2-user/environment/lab4_model_training/venv/lib64/python3.12/site-packages/airflow/example_dags/example_params_ui_tutorial.py
[2026-03-12T00:53:53.722+0000] {logging_mixin.py:190} INFO - [2026-03-12T00:53:53.722+0000] {dag.py:3239} INFO - Sync 1 DAGs
[2026-03-12T00:53:53.738+0000] {logging_mixin.py:190} INFO - [2026-03-12T00:53:53.738+0000] {dag.py:4180} INFO - Setting next_dagrun for example_params_ui_tutorial to None, run_after=None
[2026-03-12T00:53:53.761+0000] {processor.py:208} INFO - Processing /home/ec2-user/environment/lab4_model_training/venv/lib64/python3.12/site-packages/airflow/example_dags/example_params_ui_tutorial.py took 0.104 seconds
[2026-03-12T00:54:54.553+0000] {processor.py:186} INFO - Started process (PID=11973) to work on /home/ec2-user/environment/lab4_model_training/venv/lib64/python3.12/site-packages/airflow/example_dags/example_params_ui_tutorial.py
[2026-03-12T00:54:54.554+0000] {processor.py:914} INFO - Processing file /home/ec2-user/environment/lab4_model_training/venv/lib64/python3.12/site-packages/airflow/example_dags/example_params_ui_tutorial.py for tasks to queue
[2026-03-12T00:54:54.556+0000] {logging_mixin.py:190} INFO - [2026-03-12T00:54:54.555+0000] {dagbag.py:588} INFO - Filling up the DagBag from /home/ec2-user/environment/lab4_model_training/venv/lib64/python3.12/site-packages/airflow/example_dags/example_params_ui_tutorial.py
[2026-03-12T00:54:54.566+0000] {processor.py:925} INFO - DAG(s) 'example_params_ui_tutorial' retrieved from /home/ec2-user/environment/lab4_model_training/venv/lib64/python3.12/site-packages/airflow/example_dags/example_params_ui_tutorial.py
[2026-03-12T00:54:54.612+0000] {logging_mixin.py:190} INFO - [2026-03-12T00:54:54.612+0000] {dag.py:3239} INFO - Sync 1 DAGs
[2026-03-12T00:54:54.627+0000] {logging_mixin.py:190} INFO - [2026-03-12T00:54:54.627+0000] {dag.py:4180} INFO - Setting next_dagrun for example_params_ui_tutorial to None, run_after=None
[2026-03-12T00:54:54.651+0000] {processor.py:208} INFO - Processing /home/ec2-user/environment/lab4_model_training/venv/lib64/python3.12/site-packages/airflow/example_dags/example_params_ui_tutorial.py took 0.104 seconds
[2026-03-12T00:55:59.568+0000] {processor.py:186} INFO - Started process (PID=12211) to work on /home/ec2-user/environment/lab4_model_training/venv/lib64/python3.12/site-packages/airflow/example_dags/example_params_ui_tutorial.py
[2026-03-12T00:55:59.569+0000] {processor.py:914} INFO - Processing file /home/ec2-user/environment/lab4_model_training/venv/lib64/python3.12/site-packages/airflow/example_dags/example_params_ui_tutorial.py for tasks to queue
[2026-03-12T00:55:59.571+0000] {logging_mixin.py:190} INFO - [2026-03-12T00:55:59.571+0000] {dagbag.py:588} INFO - Filling up the DagBag from /home/ec2-user/environment/lab4_model_training/venv/lib64/python3.12/site-packages/airflow/example_dags/example_params_ui_tutorial.py
[2026-03-12T00:55:59.582+0000] {processor.py:925} INFO - DAG(s) 'example_params_ui_tutorial' retrieved from /home/ec2-user/environment/lab4_model_training/venv/lib64/python3.12/site-packages/airflow/example_dags/example_params_ui_tutorial.py
[2026-03-12T00:55:59.625+0000] {logging_mixin.py:190} INFO - [2026-03-12T00:55:59.624+0000] {dag.py:3239} INFO - Sync 1 DAGs
[2026-03-12T00:55:59.639+0000] {logging_mixin.py:190} INFO - [2026-03-12T00:55:59.639+0000] {dag.py:4180} INFO - Setting next_dagrun for example_params_ui_tutorial to None, run_after=None
[2026-03-12T00:55:59.661+0000] {processor.py:208} INFO - Processing /home/ec2-user/environment/lab4_model_training/venv/lib64/python3.12/site-packages/airflow/example_dags/example_params_ui_tutorial.py took 0.098 seconds
[2026-03-12T00:57:03.945+0000] {processor.py:186} INFO - Started process (PID=12507) to work on /home/ec2-user/environment/lab4_model_training/venv/lib64/python3.12/site-packages/airflow/example_dags/example_params_ui_tutorial.py
[2026-03-12T00:57:03.946+0000] {processor.py:914} INFO - Processing file /home/ec2-user/environment/lab4_model_training/venv/lib64/python3.12/site-packages/airflow/example_dags/example_params_ui_tutorial.py for tasks to queue
[2026-03-12T00:57:03.949+0000] {logging_mixin.py:190} INFO - [2026-03-12T00:57:03.948+0000] {dagbag.py:588} INFO - Filling up the DagBag from /home/ec2-user/environment/lab4_model_training/venv/lib64/python3.12/site-packages/airflow/example_dags/example_params_ui_tutorial.py
[2026-03-12T00:57:03.959+0000] {processor.py:925} INFO - DAG(s) 'example_params_ui_tutorial' retrieved from /home/ec2-user/environment/lab4_model_training/venv/lib64/python3.12/site-packages/airflow/example_dags/example_params_ui_tutorial.py
[2026-03-12T00:57:04.008+0000] {logging_mixin.py:190} INFO - [2026-03-12T00:57:04.007+0000] {dag.py:3239} INFO - Sync 1 DAGs
[2026-03-12T00:57:04.023+0000] {logging_mixin.py:190} INFO - [2026-03-12T00:57:04.023+0000] {dag.py:4180} INFO - Setting next_dagrun for example_params_ui_tutorial to None, run_after=None
[2026-03-12T00:57:04.046+0000] {processor.py:208} INFO - Processing /home/ec2-user/environment/lab4_model_training/venv/lib64/python3.12/site-packages/airflow/example_dags/example_params_ui_tutorial.py took 0.106 seconds
[2026-03-12T00:58:05.311+0000] {processor.py:186} INFO - Started process (PID=12752) to work on /home/ec2-user/environment/lab4_model_training/venv/lib64/python3.12/site-packages/airflow/example_dags/example_params_ui_tutorial.py
[2026-03-12T00:58:05.312+0000] {processor.py:914} INFO - Processing file /home/ec2-user/environment/lab4_model_training/venv/lib64/python3.12/site-packages/airflow/example_dags/example_params_ui_tutorial.py for tasks to queue
[2026-03-12T00:58:05.315+0000] {logging_mixin.py:190} INFO - [2026-03-12T00:58:05.315+0000] {dagbag.py:588} INFO - Filling up the DagBag from /home/ec2-user/environment/lab4_model_training/venv/lib64/python3.12/site-packages/airflow/example_dags/example_params_ui_tutorial.py
[2026-03-12T00:58:05.326+0000] {processor.py:925} INFO - DAG(s) 'example_params_ui_tutorial' retrieved from /home/ec2-user/environment/lab4_model_training/venv/lib64/python3.12/site-packages/airflow/example_dags/example_params_ui_tutorial.py
[2026-03-12T00:58:05.369+0000] {logging_mixin.py:190} INFO - [2026-03-12T00:58:05.369+0000] {dag.py:3239} INFO - Sync 1 DAGs
[2026-03-12T00:58:05.383+0000] {logging_mixin.py:190} INFO - [2026-03-12T00:58:05.383+0000] {dag.py:4180} INFO - Setting next_dagrun for example_params_ui_tutorial to None, run_after=None
[2026-03-12T00:58:05.406+0000] {processor.py:208} INFO - Processing /home/ec2-user/environment/lab4_model_training/venv/lib64/python3.12/site-packages/airflow/example_dags/example_params_ui_tutorial.py took 0.101 seconds
[2026-03-12T00:59:06.834+0000] {processor.py:186} INFO - Started process (PID=13053) to work on /home/ec2-user/environment/lab4_model_training/venv/lib64/python3.12/site-packages/airflow/example_dags/example_params_ui_tutorial.py
[2026-03-12T00:59:06.835+0000] {processor.py:914} INFO - Processing file /home/ec2-user/environment/lab4_model_training/venv/lib64/python3.12/site-packages/airflow/example_dags/example_params_ui_tutorial.py for tasks to queue
[2026-03-12T00:59:06.839+0000] {logging_mixin.py:190} INFO - [2026-03-12T00:59:06.838+0000] {dagbag.py:588} INFO - Filling up the DagBag from /home/ec2-user/environment/lab4_model_training/venv/lib64/python3.12/site-packages/airflow/example_dags/example_params_ui_tutorial.py
[2026-03-12T00:59:06.851+0000] {processor.py:925} INFO - DAG(s) 'example_params_ui_tutorial' retrieved from /home/ec2-user/environment/lab4_model_training/venv/lib64/python3.12/site-packages/airflow/example_dags/example_params_ui_tutorial.py
[2026-03-12T00:59:06.895+0000] {logging_mixin.py:190} INFO - [2026-03-12T00:59:06.894+0000] {dag.py:3239} INFO - Sync 1 DAGs
[2026-03-12T00:59:06.910+0000] {logging_mixin.py:190} INFO - [2026-03-12T00:59:06.910+0000] {dag.py:4180} INFO - Setting next_dagrun for example_params_ui_tutorial to None, run_after=None
[2026-03-12T00:59:06.933+0000] {processor.py:208} INFO - Processing /home/ec2-user/environment/lab4_model_training/venv/lib64/python3.12/site-packages/airflow/example_dags/example_params_ui_tutorial.py took 0.104 seconds
[2026-03-12T01:00:10.043+0000] {processor.py:186} INFO - Started process (PID=13290) to work on /home/ec2-user/environment/lab4_model_training/venv/lib64/python3.12/site-packages/airflow/example_dags/example_params_ui_tutorial.py
[2026-03-12T01:00:10.044+0000] {processor.py:914} INFO - Processing file /home/ec2-user/environment/lab4_model_training/venv/lib64/python3.12/site-packages/airflow/example_dags/example_params_ui_tutorial.py for tasks to queue
[2026-03-12T01:00:10.047+0000] {logging_mixin.py:190} INFO - [2026-03-12T01:00:10.047+0000] {dagbag.py:588} INFO - Filling up the DagBag from /home/ec2-user/environment/lab4_model_training/venv/lib64/python3.12/site-packages/airflow/example_dags/example_params_ui_tutorial.py
[2026-03-12T01:00:10.059+0000] {processor.py:925} INFO - DAG(s) 'example_params_ui_tutorial' retrieved from /home/ec2-user/environment/lab4_model_training/venv/lib64/python3.12/site-packages/airflow/example_dags/example_params_ui_tutorial.py
[2026-03-12T01:00:10.103+0000] {logging_mixin.py:190} INFO - [2026-03-12T01:00:10.102+0000] {dag.py:3239} INFO - Sync 1 DAGs
[2026-03-12T01:00:10.117+0000] {logging_mixin.py:190} INFO - [2026-03-12T01:00:10.117+0000] {dag.py:4180} INFO - Setting next_dagrun for example_params_ui_tutorial to None, run_after=None
[2026-03-12T01:00:10.141+0000] {processor.py:208} INFO - Processing /home/ec2-user/environment/lab4_model_training/venv/lib64/python3.12/site-packages/airflow/example_dags/example_params_ui_tutorial.py took 0.103 seconds
[2026-03-12T01:01:13.850+0000] {processor.py:186} INFO - Started process (PID=13604) to work on /home/ec2-user/environment/lab4_model_training/venv/lib64/python3.12/site-packages/airflow/example_dags/example_params_ui_tutorial.py
[2026-03-12T01:01:13.851+0000] {processor.py:914} INFO - Processing file /home/ec2-user/environment/lab4_model_training/venv/lib64/python3.12/site-packages/airflow/example_dags/example_params_ui_tutorial.py for tasks to queue
[2026-03-12T01:01:13.854+0000] {logging_mixin.py:190} INFO - [2026-03-12T01:01:13.854+0000] {dagbag.py:588} INFO - Filling up the DagBag from /home/ec2-user/environment/lab4_model_training/venv/lib64/python3.12/site-packages/airflow/example_dags/example_params_ui_tutorial.py
[2026-03-12T01:01:13.867+0000] {processor.py:925} INFO - DAG(s) 'example_params_ui_tutorial' retrieved from /home/ec2-user/environment/lab4_model_training/venv/lib64/python3.12/site-packages/airflow/example_dags/example_params_ui_tutorial.py
[2026-03-12T01:01:13.913+0000] {logging_mixin.py:190} INFO - [2026-03-12T01:01:13.913+0000] {dag.py:3239} INFO - Sync 1 DAGs
[2026-03-12T01:01:13.928+0000] {logging_mixin.py:190} INFO - [2026-03-12T01:01:13.928+0000] {dag.py:4180} INFO - Setting next_dagrun for example_params_ui_tutorial to None, run_after=None
[2026-03-12T01:01:13.951+0000] {processor.py:208} INFO - Processing /home/ec2-user/environment/lab4_model_training/venv/lib64/python3.12/site-packages/airflow/example_dags/example_params_ui_tutorial.py took 0.107 seconds
[2026-03-12T01:02:17.213+0000] {processor.py:186} INFO - Started process (PID=13839) to work on /home/ec2-user/environment/lab4_model_training/venv/lib64/python3.12/site-packages/airflow/example_dags/example_params_ui_tutorial.py
[2026-03-12T01:02:17.214+0000] {processor.py:914} INFO - Processing file /home/ec2-user/environment/lab4_model_training/venv/lib64/python3.12/site-packages/airflow/example_dags/example_params_ui_tutorial.py for tasks to queue
[2026-03-12T01:02:17.217+0000] {logging_mixin.py:190} INFO - [2026-03-12T01:02:17.216+0000] {dagbag.py:588} INFO - Filling up the DagBag from /home/ec2-user/environment/lab4_model_training/venv/lib64/python3.12/site-packages/airflow/example_dags/example_params_ui_tutorial.py
[2026-03-12T01:02:17.227+0000] {processor.py:925} INFO - DAG(s) 'example_params_ui_tutorial' retrieved from /home/ec2-user/environment/lab4_model_training/venv/lib64/python3.12/site-packages/airflow/example_dags/example_params_ui_tutorial.py
[2026-03-12T01:02:17.275+0000] {logging_mixin.py:190} INFO - [2026-03-12T01:02:17.274+0000] {dag.py:3239} INFO - Sync 1 DAGs
[2026-03-12T01:02:17.289+0000] {logging_mixin.py:190} INFO - [2026-03-12T01:02:17.289+0000] {dag.py:4180} INFO - Setting next_dagrun for example_params_ui_tutorial to None, run_after=None
[2026-03-12T01:02:17.311+0000] {processor.py:208} INFO - Processing /home/ec2-user/environment/lab4_model_training/venv/lib64/python3.12/site-packages/airflow/example_dags/example_params_ui_tutorial.py took 0.103 seconds
[2026-03-12T01:03:22.484+0000] {processor.py:186} INFO - Started process (PID=14135) to work on /home/ec2-user/environment/lab4_model_training/venv/lib64/python3.12/site-packages/airflow/example_dags/example_params_ui_tutorial.py
[2026-03-12T01:03:22.485+0000] {processor.py:914} INFO - Processing file /home/ec2-user/environment/lab4_model_training/venv/lib64/python3.12/site-packages/airflow/example_dags/example_params_ui_tutorial.py for tasks to queue
[2026-03-12T01:03:22.487+0000] {logging_mixin.py:190} INFO - [2026-03-12T01:03:22.487+0000] {dagbag.py:588} INFO - Filling up the DagBag from /home/ec2-user/environment/lab4_model_training/venv/lib64/python3.12/site-packages/airflow/example_dags/example_params_ui_tutorial.py
[2026-03-12T01:03:22.514+0000] {processor.py:925} INFO - DAG(s) 'example_params_ui_tutorial' retrieved from /home/ec2-user/environment/lab4_model_training/venv/lib64/python3.12/site-packages/airflow/example_dags/example_params_ui_tutorial.py
[2026-03-12T01:03:22.556+0000] {logging_mixin.py:190} INFO - [2026-03-12T01:03:22.556+0000] {dag.py:3239} INFO - Sync 1 DAGs
[2026-03-12T01:03:22.571+0000] {logging_mixin.py:190} INFO - [2026-03-12T01:03:22.571+0000] {dag.py:4180} INFO - Setting next_dagrun for example_params_ui_tutorial to None, run_after=None
[2026-03-12T01:03:22.592+0000] {processor.py:208} INFO - Processing /home/ec2-user/environment/lab4_model_training/venv/lib64/python3.12/site-packages/airflow/example_dags/example_params_ui_tutorial.py took 0.114 seconds
[2026-03-12T01:04:25.966+0000] {processor.py:186} INFO - Started process (PID=14378) to work on /home/ec2-user/environment/lab4_model_training/venv/lib64/python3.12/site-packages/airflow/example_dags/example_params_ui_tutorial.py
[2026-03-12T01:04:25.968+0000] {processor.py:914} INFO - Processing file /home/ec2-user/environment/lab4_model_training/venv/lib64/python3.12/site-packages/airflow/example_dags/example_params_ui_tutorial.py for tasks to queue
[2026-03-12T01:04:25.970+0000] {logging_mixin.py:190} INFO - [2026-03-12T01:04:25.969+0000] {dagbag.py:588} INFO - Filling up the DagBag from /home/ec2-user/environment/lab4_model_training/venv/lib64/python3.12/site-packages/airflow/example_dags/example_params_ui_tutorial.py
[2026-03-12T01:04:25.980+0000] {processor.py:925} INFO - DAG(s) 'example_params_ui_tutorial' retrieved from /home/ec2-user/environment/lab4_model_training/venv/lib64/python3.12/site-packages/airflow/example_dags/example_params_ui_tutorial.py
[2026-03-12T01:04:26.026+0000] {logging_mixin.py:190} INFO - [2026-03-12T01:04:26.025+0000] {dag.py:3239} INFO - Sync 1 DAGs
[2026-03-12T01:04:26.041+0000] {logging_mixin.py:190} INFO - [2026-03-12T01:04:26.040+0000] {dag.py:4180} INFO - Setting next_dagrun for example_params_ui_tutorial to None, run_after=None
[2026-03-12T01:04:26.063+0000] {processor.py:208} INFO - Processing /home/ec2-user/environment/lab4_model_training/venv/lib64/python3.12/site-packages/airflow/example_dags/example_params_ui_tutorial.py took 0.102 seconds
[2026-03-12T01:05:33.199+0000] {processor.py:186} INFO - Started process (PID=14698) to work on /home/ec2-user/environment/lab4_model_training/venv/lib64/python3.12/site-packages/airflow/example_dags/example_params_ui_tutorial.py
[2026-03-12T01:05:33.200+0000] {processor.py:914} INFO - Processing file /home/ec2-user/environment/lab4_model_training/venv/lib64/python3.12/site-packages/airflow/example_dags/example_params_ui_tutorial.py for tasks to queue
[2026-03-12T01:05:33.203+0000] {logging_mixin.py:190} INFO - [2026-03-12T01:05:33.202+0000] {dagbag.py:588} INFO - Filling up the DagBag from /home/ec2-user/environment/lab4_model_training/venv/lib64/python3.12/site-packages/airflow/example_dags/example_params_ui_tutorial.py
[2026-03-12T01:05:33.213+0000] {processor.py:925} INFO - DAG(s) 'example_params_ui_tutorial' retrieved from /home/ec2-user/environment/lab4_model_training/venv/lib64/python3.12/site-packages/airflow/example_dags/example_params_ui_tutorial.py
[2026-03-12T01:05:33.261+0000] {logging_mixin.py:190} INFO - [2026-03-12T01:05:33.261+0000] {dag.py:3239} INFO - Sync 1 DAGs
[2026-03-12T01:05:33.275+0000] {logging_mixin.py:190} INFO - [2026-03-12T01:05:33.275+0000] {dag.py:4180} INFO - Setting next_dagrun for example_params_ui_tutorial to None, run_after=None
[2026-03-12T01:05:33.297+0000] {processor.py:208} INFO - Processing /home/ec2-user/environment/lab4_model_training/venv/lib64/python3.12/site-packages/airflow/example_dags/example_params_ui_tutorial.py took 0.103 seconds
[2026-03-12T01:06:33.573+0000] {processor.py:186} INFO - Started process (PID=14987) to work on /home/ec2-user/environment/lab4_model_training/venv/lib64/python3.12/site-packages/airflow/example_dags/example_params_ui_tutorial.py
[2026-03-12T01:06:33.574+0000] {processor.py:914} INFO - Processing file /home/ec2-user/environment/lab4_model_training/venv/lib64/python3.12/site-packages/airflow/example_dags/example_params_ui_tutorial.py for tasks to queue
[2026-03-12T01:06:33.576+0000] {logging_mixin.py:190} INFO - [2026-03-12T01:06:33.576+0000] {dagbag.py:588} INFO - Filling up the DagBag from /home/ec2-user/environment/lab4_model_training/venv/lib64/python3.12/site-packages/airflow/example_dags/example_params_ui_tutorial.py
[2026-03-12T01:06:33.586+0000] {processor.py:925} INFO - DAG(s) 'example_params_ui_tutorial' retrieved from /home/ec2-user/environment/lab4_model_training/venv/lib64/python3.12/site-packages/airflow/example_dags/example_params_ui_tutorial.py
[2026-03-12T01:06:33.632+0000] {logging_mixin.py:190} INFO - [2026-03-12T01:06:33.631+0000] {dag.py:3239} INFO - Sync 1 DAGs
[2026-03-12T01:06:33.647+0000] {logging_mixin.py:190} INFO - [2026-03-12T01:06:33.647+0000] {dag.py:4180} INFO - Setting next_dagrun for example_params_ui_tutorial to None, run_after=None
[2026-03-12T01:06:33.671+0000] {processor.py:208} INFO - Processing /home/ec2-user/environment/lab4_model_training/venv/lib64/python3.12/site-packages/airflow/example_dags/example_params_ui_tutorial.py took 0.104 seconds
[2026-03-12T01:07:33.422+0000] {processor.py:186} INFO - Started process (PID=15270) to work on /home/ec2-user/environment/lab4_model_training/venv/lib64/python3.12/site-packages/airflow/example_dags/example_params_ui_tutorial.py
[2026-03-12T01:07:33.424+0000] {processor.py:914} INFO - Processing file /home/ec2-user/environment/lab4_model_training/venv/lib64/python3.12/site-packages/airflow/example_dags/example_params_ui_tutorial.py for tasks to queue
[2026-03-12T01:07:33.427+0000] {logging_mixin.py:190} INFO - [2026-03-12T01:07:33.426+0000] {dagbag.py:588} INFO - Filling up the DagBag from /home/ec2-user/environment/lab4_model_training/venv/lib64/python3.12/site-packages/airflow/example_dags/example_params_ui_tutorial.py
[2026-03-12T01:07:33.438+0000] {processor.py:925} INFO - DAG(s) 'example_params_ui_tutorial' retrieved from /home/ec2-user/environment/lab4_model_training/venv/lib64/python3.12/site-packages/airflow/example_dags/example_params_ui_tutorial.py
[2026-03-12T01:07:33.484+0000] {logging_mixin.py:190} INFO - [2026-03-12T01:07:33.484+0000] {dag.py:3239} INFO - Sync 1 DAGs
[2026-03-12T01:07:33.500+0000] {logging_mixin.py:190} INFO - [2026-03-12T01:07:33.500+0000] {dag.py:4180} INFO - Setting next_dagrun for example_params_ui_tutorial to None, run_after=None
[2026-03-12T01:07:33.526+0000] {processor.py:208} INFO - Processing /home/ec2-user/environment/lab4_model_training/venv/lib64/python3.12/site-packages/airflow/example_dags/example_params_ui_tutorial.py took 0.109 seconds
[2026-03-12T01:08:35.888+0000] {processor.py:186} INFO - Started process (PID=15507) to work on /home/ec2-user/environment/lab4_model_training/venv/lib64/python3.12/site-packages/airflow/example_dags/example_params_ui_tutorial.py
[2026-03-12T01:08:35.889+0000] {processor.py:914} INFO - Processing file /home/ec2-user/environment/lab4_model_training/venv/lib64/python3.12/site-packages/airflow/example_dags/example_params_ui_tutorial.py for tasks to queue
[2026-03-12T01:08:35.891+0000] {logging_mixin.py:190} INFO - [2026-03-12T01:08:35.891+0000] {dagbag.py:588} INFO - Filling up the DagBag from /home/ec2-user/environment/lab4_model_training/venv/lib64/python3.12/site-packages/airflow/example_dags/example_params_ui_tutorial.py
[2026-03-12T01:08:35.902+0000] {processor.py:925} INFO - DAG(s) 'example_params_ui_tutorial' retrieved from /home/ec2-user/environment/lab4_model_training/venv/lib64/python3.12/site-packages/airflow/example_dags/example_params_ui_tutorial.py
[2026-03-12T01:08:35.947+0000] {logging_mixin.py:190} INFO - [2026-03-12T01:08:35.947+0000] {dag.py:3239} INFO - Sync 1 DAGs
[2026-03-12T01:08:35.963+0000] {logging_mixin.py:190} INFO - [2026-03-12T01:08:35.962+0000] {dag.py:4180} INFO - Setting next_dagrun for example_params_ui_tutorial to None, run_after=None
[2026-03-12T01:08:35.985+0000] {processor.py:208} INFO - Processing /home/ec2-user/environment/lab4_model_training/venv/lib64/python3.12/site-packages/airflow/example_dags/example_params_ui_tutorial.py took 0.103 seconds
[2026-03-12T01:09:37.083+0000] {processor.py:186} INFO - Started process (PID=15795) to work on /home/ec2-user/environment/lab4_model_training/venv/lib64/python3.12/site-packages/airflow/example_dags/example_params_ui_tutorial.py
[2026-03-12T01:09:37.084+0000] {processor.py:914} INFO - Processing file /home/ec2-user/environment/lab4_model_training/venv/lib64/python3.12/site-packages/airflow/example_dags/example_params_ui_tutorial.py for tasks to queue
[2026-03-12T01:09:37.088+0000] {logging_mixin.py:190} INFO - [2026-03-12T01:09:37.087+0000] {dagbag.py:588} INFO - Filling up the DagBag from /home/ec2-user/environment/lab4_model_training/venv/lib64/python3.12/site-packages/airflow/example_dags/example_params_ui_tutorial.py
[2026-03-12T01:09:37.099+0000] {processor.py:925} INFO - DAG(s) 'example_params_ui_tutorial' retrieved from /home/ec2-user/environment/lab4_model_training/venv/lib64/python3.12/site-packages/airflow/example_dags/example_params_ui_tutorial.py
[2026-03-12T01:09:37.143+0000] {logging_mixin.py:190} INFO - [2026-03-12T01:09:37.142+0000] {dag.py:3239} INFO - Sync 1 DAGs
[2026-03-12T01:09:37.159+0000] {logging_mixin.py:190} INFO - [2026-03-12T01:09:37.158+0000] {dag.py:4180} INFO - Setting next_dagrun for example_params_ui_tutorial to None, run_after=None
[2026-03-12T01:09:37.186+0000] {processor.py:208} INFO - Processing /home/ec2-user/environment/lab4_model_training/venv/lib64/python3.12/site-packages/airflow/example_dags/example_params_ui_tutorial.py took 0.108 seconds
[2026-03-12T01:10:44.006+0000] {processor.py:186} INFO - Started process (PID=16050) to work on /home/ec2-user/environment/lab4_model_training/venv/lib64/python3.12/site-packages/airflow/example_dags/example_params_ui_tutorial.py
[2026-03-12T01:10:44.007+0000] {processor.py:914} INFO - Processing file /home/ec2-user/environment/lab4_model_training/venv/lib64/python3.12/site-packages/airflow/example_dags/example_params_ui_tutorial.py for tasks to queue
[2026-03-12T01:10:44.013+0000] {logging_mixin.py:190} INFO - [2026-03-12T01:10:44.012+0000] {dagbag.py:588} INFO - Filling up the DagBag from /home/ec2-user/environment/lab4_model_training/venv/lib64/python3.12/site-packages/airflow/example_dags/example_params_ui_tutorial.py
[2026-03-12T01:10:44.024+0000] {processor.py:925} INFO - DAG(s) 'example_params_ui_tutorial' retrieved from /home/ec2-user/environment/lab4_model_training/venv/lib64/python3.12/site-packages/airflow/example_dags/example_params_ui_tutorial.py
[2026-03-12T01:10:44.069+0000] {logging_mixin.py:190} INFO - [2026-03-12T01:10:44.069+0000] {dag.py:3239} INFO - Sync 1 DAGs
[2026-03-12T01:10:44.085+0000] {logging_mixin.py:190} INFO - [2026-03-12T01:10:44.084+0000] {dag.py:4180} INFO - Setting next_dagrun for example_params_ui_tutorial to None, run_after=None
[2026-03-12T01:10:44.109+0000] {processor.py:208} INFO - Processing /home/ec2-user/environment/lab4_model_training/venv/lib64/python3.12/site-packages/airflow/example_dags/example_params_ui_tutorial.py took 0.108 seconds
[2026-03-12T01:11:49.613+0000] {processor.py:186} INFO - Started process (PID=16349) to work on /home/ec2-user/environment/lab4_model_training/venv/lib64/python3.12/site-packages/airflow/example_dags/example_params_ui_tutorial.py
[2026-03-12T01:11:49.614+0000] {processor.py:914} INFO - Processing file /home/ec2-user/environment/lab4_model_training/venv/lib64/python3.12/site-packages/airflow/example_dags/example_params_ui_tutorial.py for tasks to queue
[2026-03-12T01:11:49.616+0000] {logging_mixin.py:190} INFO - [2026-03-12T01:11:49.616+0000] {dagbag.py:588} INFO - Filling up the DagBag from /home/ec2-user/environment/lab4_model_training/venv/lib64/python3.12/site-packages/airflow/example_dags/example_params_ui_tutorial.py
[2026-03-12T01:11:49.627+0000] {processor.py:925} INFO - DAG(s) 'example_params_ui_tutorial' retrieved from /home/ec2-user/environment/lab4_model_training/venv/lib64/python3.12/site-packages/airflow/example_dags/example_params_ui_tutorial.py
[2026-03-12T01:11:49.672+0000] {logging_mixin.py:190} INFO - [2026-03-12T01:11:49.672+0000] {dag.py:3239} INFO - Sync 1 DAGs
[2026-03-12T01:11:49.687+0000] {logging_mixin.py:190} INFO - [2026-03-12T01:11:49.687+0000] {dag.py:4180} INFO - Setting next_dagrun for example_params_ui_tutorial to None, run_after=None
[2026-03-12T01:11:49.712+0000] {processor.py:208} INFO - Processing /home/ec2-user/environment/lab4_model_training/venv/lib64/python3.12/site-packages/airflow/example_dags/example_params_ui_tutorial.py took 0.105 seconds
[2026-03-12T01:12:51.327+0000] {processor.py:186} INFO - Started process (PID=16635) to work on /home/ec2-user/environment/lab4_model_training/venv/lib64/python3.12/site-packages/airflow/example_dags/example_params_ui_tutorial.py
[2026-03-12T01:12:51.328+0000] {processor.py:914} INFO - Processing file /home/ec2-user/environment/lab4_model_training/venv/lib64/python3.12/site-packages/airflow/example_dags/example_params_ui_tutorial.py for tasks to queue
[2026-03-12T01:12:51.331+0000] {logging_mixin.py:190} INFO - [2026-03-12T01:12:51.331+0000] {dagbag.py:588} INFO - Filling up the DagBag from /home/ec2-user/environment/lab4_model_training/venv/lib64/python3.12/site-packages/airflow/example_dags/example_params_ui_tutorial.py
[2026-03-12T01:12:51.344+0000] {processor.py:925} INFO - DAG(s) 'example_params_ui_tutorial' retrieved from /home/ec2-user/environment/lab4_model_training/venv/lib64/python3.12/site-packages/airflow/example_dags/example_params_ui_tutorial.py
[2026-03-12T01:12:51.389+0000] {logging_mixin.py:190} INFO - [2026-03-12T01:12:51.389+0000] {dag.py:3239} INFO - Sync 1 DAGs
[2026-03-12T01:12:51.404+0000] {logging_mixin.py:190} INFO - [2026-03-12T01:12:51.404+0000] {dag.py:4180} INFO - Setting next_dagrun for example_params_ui_tutorial to None, run_after=None
[2026-03-12T01:12:51.428+0000] {processor.py:208} INFO - Processing /home/ec2-user/environment/lab4_model_training/venv/lib64/python3.12/site-packages/airflow/example_dags/example_params_ui_tutorial.py took 0.107 seconds
[2026-03-12T01:13:56.952+0000] {processor.py:186} INFO - Started process (PID=16956) to work on /home/ec2-user/environment/lab4_model_training/venv/lib64/python3.12/site-packages/airflow/example_dags/example_params_ui_tutorial.py
[2026-03-12T01:13:56.953+0000] {processor.py:914} INFO - Processing file /home/ec2-user/environment/lab4_model_training/venv/lib64/python3.12/site-packages/airflow/example_dags/example_params_ui_tutorial.py for tasks to queue
[2026-03-12T01:13:56.956+0000] {logging_mixin.py:190} INFO - [2026-03-12T01:13:56.955+0000] {dagbag.py:588} INFO - Filling up the DagBag from /home/ec2-user/environment/lab4_model_training/venv/lib64/python3.12/site-packages/airflow/example_dags/example_params_ui_tutorial.py
[2026-03-12T01:13:56.967+0000] {processor.py:925} INFO - DAG(s) 'example_params_ui_tutorial' retrieved from /home/ec2-user/environment/lab4_model_training/venv/lib64/python3.12/site-packages/airflow/example_dags/example_params_ui_tutorial.py
[2026-03-12T01:13:57.009+0000] {logging_mixin.py:190} INFO - [2026-03-12T01:13:57.009+0000] {dag.py:3239} INFO - Sync 1 DAGs
[2026-03-12T01:13:57.025+0000] {logging_mixin.py:190} INFO - [2026-03-12T01:13:57.024+0000] {dag.py:4180} INFO - Setting next_dagrun for example_params_ui_tutorial to None, run_after=None
[2026-03-12T01:13:57.047+0000] {processor.py:208} INFO - Processing /home/ec2-user/environment/lab4_model_training/venv/lib64/python3.12/site-packages/airflow/example_dags/example_params_ui_tutorial.py took 0.100 seconds
[2026-03-12T01:15:01.486+0000] {processor.py:186} INFO - Started process (PID=17270) to work on /home/ec2-user/environment/lab4_model_training/venv/lib64/python3.12/site-packages/airflow/example_dags/example_params_ui_tutorial.py
[2026-03-12T01:15:01.487+0000] {processor.py:914} INFO - Processing file /home/ec2-user/environment/lab4_model_training/venv/lib64/python3.12/site-packages/airflow/example_dags/example_params_ui_tutorial.py for tasks to queue
[2026-03-12T01:15:01.490+0000] {logging_mixin.py:190} INFO - [2026-03-12T01:15:01.490+0000] {dagbag.py:588} INFO - Filling up the DagBag from /home/ec2-user/environment/lab4_model_training/venv/lib64/python3.12/site-packages/airflow/example_dags/example_params_ui_tutorial.py
[2026-03-12T01:15:01.502+0000] {processor.py:925} INFO - DAG(s) 'example_params_ui_tutorial' retrieved from /home/ec2-user/environment/lab4_model_training/venv/lib64/python3.12/site-packages/airflow/example_dags/example_params_ui_tutorial.py
[2026-03-12T01:15:01.549+0000] {logging_mixin.py:190} INFO - [2026-03-12T01:15:01.549+0000] {dag.py:3239} INFO - Sync 1 DAGs
[2026-03-12T01:15:01.564+0000] {logging_mixin.py:190} INFO - [2026-03-12T01:15:01.564+0000] {dag.py:4180} INFO - Setting next_dagrun for example_params_ui_tutorial to None, run_after=None
[2026-03-12T01:15:01.588+0000] {processor.py:208} INFO - Processing /home/ec2-user/environment/lab4_model_training/venv/lib64/python3.12/site-packages/airflow/example_dags/example_params_ui_tutorial.py took 0.108 seconds
[2026-03-12T01:16:02.482+0000] {processor.py:186} INFO - Started process (PID=17557) to work on /home/ec2-user/environment/lab4_model_training/venv/lib64/python3.12/site-packages/airflow/example_dags/example_params_ui_tutorial.py
[2026-03-12T01:16:02.483+0000] {processor.py:914} INFO - Processing file /home/ec2-user/environment/lab4_model_training/venv/lib64/python3.12/site-packages/airflow/example_dags/example_params_ui_tutorial.py for tasks to queue
[2026-03-12T01:16:02.486+0000] {logging_mixin.py:190} INFO - [2026-03-12T01:16:02.486+0000] {dagbag.py:588} INFO - Filling up the DagBag from /home/ec2-user/environment/lab4_model_training/venv/lib64/python3.12/site-packages/airflow/example_dags/example_params_ui_tutorial.py
[2026-03-12T01:16:02.499+0000] {processor.py:925} INFO - DAG(s) 'example_params_ui_tutorial' retrieved from /home/ec2-user/environment/lab4_model_training/venv/lib64/python3.12/site-packages/airflow/example_dags/example_params_ui_tutorial.py
[2026-03-12T01:16:02.550+0000] {logging_mixin.py:190} INFO - [2026-03-12T01:16:02.550+0000] {dag.py:3239} INFO - Sync 1 DAGs
[2026-03-12T01:16:02.567+0000] {logging_mixin.py:190} INFO - [2026-03-12T01:16:02.567+0000] {dag.py:4180} INFO - Setting next_dagrun for example_params_ui_tutorial to None, run_after=None
[2026-03-12T01:16:02.593+0000] {processor.py:208} INFO - Processing /home/ec2-user/environment/lab4_model_training/venv/lib64/python3.12/site-packages/airflow/example_dags/example_params_ui_tutorial.py took 0.117 seconds
[2026-03-12T01:17:10.200+0000] {processor.py:186} INFO - Started process (PID=17875) to work on /home/ec2-user/environment/lab4_model_training/venv/lib64/python3.12/site-packages/airflow/example_dags/example_params_ui_tutorial.py
[2026-03-12T01:17:10.201+0000] {processor.py:914} INFO - Processing file /home/ec2-user/environment/lab4_model_training/venv/lib64/python3.12/site-packages/airflow/example_dags/example_params_ui_tutorial.py for tasks to queue
[2026-03-12T01:17:10.203+0000] {logging_mixin.py:190} INFO - [2026-03-12T01:17:10.203+0000] {dagbag.py:588} INFO - Filling up the DagBag from /home/ec2-user/environment/lab4_model_training/venv/lib64/python3.12/site-packages/airflow/example_dags/example_params_ui_tutorial.py
[2026-03-12T01:17:10.214+0000] {processor.py:925} INFO - DAG(s) 'example_params_ui_tutorial' retrieved from /home/ec2-user/environment/lab4_model_training/venv/lib64/python3.12/site-packages/airflow/example_dags/example_params_ui_tutorial.py
[2026-03-12T01:17:10.260+0000] {logging_mixin.py:190} INFO - [2026-03-12T01:17:10.260+0000] {dag.py:3239} INFO - Sync 1 DAGs
[2026-03-12T01:17:10.276+0000] {logging_mixin.py:190} INFO - [2026-03-12T01:17:10.276+0000] {dag.py:4180} INFO - Setting next_dagrun for example_params_ui_tutorial to None, run_after=None
[2026-03-12T01:17:10.302+0000] {processor.py:208} INFO - Processing /home/ec2-user/environment/lab4_model_training/venv/lib64/python3.12/site-packages/airflow/example_dags/example_params_ui_tutorial.py took 0.108 seconds
[2026-03-12T01:18:12.113+0000] {processor.py:186} INFO - Started process (PID=18102) to work on /home/ec2-user/environment/lab4_model_training/venv/lib64/python3.12/site-packages/airflow/example_dags/example_params_ui_tutorial.py
[2026-03-12T01:18:12.114+0000] {processor.py:914} INFO - Processing file /home/ec2-user/environment/lab4_model_training/venv/lib64/python3.12/site-packages/airflow/example_dags/example_params_ui_tutorial.py for tasks to queue
[2026-03-12T01:18:12.117+0000] {logging_mixin.py:190} INFO - [2026-03-12T01:18:12.117+0000] {dagbag.py:588} INFO - Filling up the DagBag from /home/ec2-user/environment/lab4_model_training/venv/lib64/python3.12/site-packages/airflow/example_dags/example_params_ui_tutorial.py
[2026-03-12T01:18:12.130+0000] {processor.py:925} INFO - DAG(s) 'example_params_ui_tutorial' retrieved from /home/ec2-user/environment/lab4_model_training/venv/lib64/python3.12/site-packages/airflow/example_dags/example_params_ui_tutorial.py
[2026-03-12T01:18:12.174+0000] {logging_mixin.py:190} INFO - [2026-03-12T01:18:12.174+0000] {dag.py:3239} INFO - Sync 1 DAGs
[2026-03-12T01:18:12.190+0000] {logging_mixin.py:190} INFO - [2026-03-12T01:18:12.190+0000] {dag.py:4180} INFO - Setting next_dagrun for example_params_ui_tutorial to None, run_after=None
[2026-03-12T01:18:12.214+0000] {processor.py:208} INFO - Processing /home/ec2-user/environment/lab4_model_training/venv/lib64/python3.12/site-packages/airflow/example_dags/example_params_ui_tutorial.py took 0.106 seconds
[2026-03-12T01:19:16.087+0000] {processor.py:186} INFO - Started process (PID=18397) to work on /home/ec2-user/environment/lab4_model_training/venv/lib64/python3.12/site-packages/airflow/example_dags/example_params_ui_tutorial.py
[2026-03-12T01:19:16.088+0000] {processor.py:914} INFO - Processing file /home/ec2-user/environment/lab4_model_training/venv/lib64/python3.12/site-packages/airflow/example_dags/example_params_ui_tutorial.py for tasks to queue
[2026-03-12T01:19:16.091+0000] {logging_mixin.py:190} INFO - [2026-03-12T01:19:16.090+0000] {dagbag.py:588} INFO - Filling up the DagBag from /home/ec2-user/environment/lab4_model_training/venv/lib64/python3.12/site-packages/airflow/example_dags/example_params_ui_tutorial.py
[2026-03-12T01:19:16.102+0000] {processor.py:925} INFO - DAG(s) 'example_params_ui_tutorial' retrieved from /home/ec2-user/environment/lab4_model_training/venv/lib64/python3.12/site-packages/airflow/example_dags/example_params_ui_tutorial.py
[2026-03-12T01:19:16.144+0000] {logging_mixin.py:190} INFO - [2026-03-12T01:19:16.144+0000] {dag.py:3239} INFO - Sync 1 DAGs
[2026-03-12T01:19:16.160+0000] {logging_mixin.py:190} INFO - [2026-03-12T01:19:16.160+0000] {dag.py:4180} INFO - Setting next_dagrun for example_params_ui_tutorial to None, run_after=None
[2026-03-12T01:19:16.306+0000] {processor.py:208} INFO - Processing /home/ec2-user/environment/lab4_model_training/venv/lib64/python3.12/site-packages/airflow/example_dags/example_params_ui_tutorial.py took 0.225 seconds
[2026-03-12T01:20:24.722+0000] {processor.py:186} INFO - Started process (PID=18654) to work on /home/ec2-user/environment/lab4_model_training/venv/lib64/python3.12/site-packages/airflow/example_dags/example_params_ui_tutorial.py
[2026-03-12T01:20:24.723+0000] {processor.py:914} INFO - Processing file /home/ec2-user/environment/lab4_model_training/venv/lib64/python3.12/site-packages/airflow/example_dags/example_params_ui_tutorial.py for tasks to queue
[2026-03-12T01:20:24.725+0000] {logging_mixin.py:190} INFO - [2026-03-12T01:20:24.725+0000] {dagbag.py:588} INFO - Filling up the DagBag from /home/ec2-user/environment/lab4_model_training/venv/lib64/python3.12/site-packages/airflow/example_dags/example_params_ui_tutorial.py
[2026-03-12T01:20:24.736+0000] {processor.py:925} INFO - DAG(s) 'example_params_ui_tutorial' retrieved from /home/ec2-user/environment/lab4_model_training/venv/lib64/python3.12/site-packages/airflow/example_dags/example_params_ui_tutorial.py
[2026-03-12T01:20:24.784+0000] {logging_mixin.py:190} INFO - [2026-03-12T01:20:24.784+0000] {dag.py:3239} INFO - Sync 1 DAGs
[2026-03-12T01:20:24.799+0000] {logging_mixin.py:190} INFO - [2026-03-12T01:20:24.799+0000] {dag.py:4180} INFO - Setting next_dagrun for example_params_ui_tutorial to None, run_after=None
[2026-03-12T01:20:24.825+0000] {processor.py:208} INFO - Processing /home/ec2-user/environment/lab4_model_training/venv/lib64/python3.12/site-packages/airflow/example_dags/example_params_ui_tutorial.py took 0.108 seconds
[2026-03-12T01:21:33.508+0000] {processor.py:186} INFO - Started process (PID=18988) to work on /home/ec2-user/environment/lab4_model_training/venv/lib64/python3.12/site-packages/airflow/example_dags/example_params_ui_tutorial.py
[2026-03-12T01:21:33.509+0000] {processor.py:914} INFO - Processing file /home/ec2-user/environment/lab4_model_training/venv/lib64/python3.12/site-packages/airflow/example_dags/example_params_ui_tutorial.py for tasks to queue
[2026-03-12T01:21:33.513+0000] {logging_mixin.py:190} INFO - [2026-03-12T01:21:33.512+0000] {dagbag.py:588} INFO - Filling up the DagBag from /home/ec2-user/environment/lab4_model_training/venv/lib64/python3.12/site-packages/airflow/example_dags/example_params_ui_tutorial.py
[2026-03-12T01:21:33.525+0000] {processor.py:925} INFO - DAG(s) 'example_params_ui_tutorial' retrieved from /home/ec2-user/environment/lab4_model_training/venv/lib64/python3.12/site-packages/airflow/example_dags/example_params_ui_tutorial.py
[2026-03-12T01:21:33.570+0000] {logging_mixin.py:190} INFO - [2026-03-12T01:21:33.570+0000] {dag.py:3239} INFO - Sync 1 DAGs
[2026-03-12T01:21:33.585+0000] {logging_mixin.py:190} INFO - [2026-03-12T01:21:33.584+0000] {dag.py:4180} INFO - Setting next_dagrun for example_params_ui_tutorial to None, run_after=None
[2026-03-12T01:21:33.607+0000] {processor.py:208} INFO - Processing /home/ec2-user/environment/lab4_model_training/venv/lib64/python3.12/site-packages/airflow/example_dags/example_params_ui_tutorial.py took 0.104 seconds
[2026-03-12T01:22:41.422+0000] {processor.py:186} INFO - Started process (PID=19293) to work on /home/ec2-user/environment/lab4_model_training/venv/lib64/python3.12/site-packages/airflow/example_dags/example_params_ui_tutorial.py
[2026-03-12T01:22:41.423+0000] {processor.py:914} INFO - Processing file /home/ec2-user/environment/lab4_model_training/venv/lib64/python3.12/site-packages/airflow/example_dags/example_params_ui_tutorial.py for tasks to queue
[2026-03-12T01:22:41.427+0000] {logging_mixin.py:190} INFO - [2026-03-12T01:22:41.426+0000] {dagbag.py:588} INFO - Filling up the DagBag from /home/ec2-user/environment/lab4_model_training/venv/lib64/python3.12/site-packages/airflow/example_dags/example_params_ui_tutorial.py
[2026-03-12T01:22:41.439+0000] {processor.py:925} INFO - DAG(s) 'example_params_ui_tutorial' retrieved from /home/ec2-user/environment/lab4_model_training/venv/lib64/python3.12/site-packages/airflow/example_dags/example_params_ui_tutorial.py
[2026-03-12T01:22:41.488+0000] {logging_mixin.py:190} INFO - [2026-03-12T01:22:41.488+0000] {dag.py:3239} INFO - Sync 1 DAGs
[2026-03-12T01:22:41.505+0000] {logging_mixin.py:190} INFO - [2026-03-12T01:22:41.505+0000] {dag.py:4180} INFO - Setting next_dagrun for example_params_ui_tutorial to None, run_after=None
[2026-03-12T01:22:41.527+0000] {processor.py:208} INFO - Processing /home/ec2-user/environment/lab4_model_training/venv/lib64/python3.12/site-packages/airflow/example_dags/example_params_ui_tutorial.py took 0.110 seconds
[2026-03-12T01:23:47.145+0000] {processor.py:186} INFO - Started process (PID=19543) to work on /home/ec2-user/environment/lab4_model_training/venv/lib64/python3.12/site-packages/airflow/example_dags/example_params_ui_tutorial.py
[2026-03-12T01:23:47.146+0000] {processor.py:914} INFO - Processing file /home/ec2-user/environment/lab4_model_training/venv/lib64/python3.12/site-packages/airflow/example_dags/example_params_ui_tutorial.py for tasks to queue
[2026-03-12T01:23:47.148+0000] {logging_mixin.py:190} INFO - [2026-03-12T01:23:47.148+0000] {dagbag.py:588} INFO - Filling up the DagBag from /home/ec2-user/environment/lab4_model_training/venv/lib64/python3.12/site-packages/airflow/example_dags/example_params_ui_tutorial.py
[2026-03-12T01:23:47.159+0000] {processor.py:925} INFO - DAG(s) 'example_params_ui_tutorial' retrieved from /home/ec2-user/environment/lab4_model_training/venv/lib64/python3.12/site-packages/airflow/example_dags/example_params_ui_tutorial.py
[2026-03-12T01:23:47.206+0000] {logging_mixin.py:190} INFO - [2026-03-12T01:23:47.206+0000] {dag.py:3239} INFO - Sync 1 DAGs
[2026-03-12T01:23:47.221+0000] {logging_mixin.py:190} INFO - [2026-03-12T01:23:47.221+0000] {dag.py:4180} INFO - Setting next_dagrun for example_params_ui_tutorial to None, run_after=None
[2026-03-12T01:23:47.366+0000] {processor.py:208} INFO - Processing /home/ec2-user/environment/lab4_model_training/venv/lib64/python3.12/site-packages/airflow/example_dags/example_params_ui_tutorial.py took 0.227 seconds
[2026-03-12T01:25:04.915+0000] {processor.py:186} INFO - Started process (PID=19889) to work on /home/ec2-user/environment/lab4_model_training/venv/lib64/python3.12/site-packages/airflow/example_dags/example_params_ui_tutorial.py
[2026-03-12T01:25:04.916+0000] {processor.py:914} INFO - Processing file /home/ec2-user/environment/lab4_model_training/venv/lib64/python3.12/site-packages/airflow/example_dags/example_params_ui_tutorial.py for tasks to queue
[2026-03-12T01:25:04.918+0000] {logging_mixin.py:190} INFO - [2026-03-12T01:25:04.918+0000] {dagbag.py:588} INFO - Filling up the DagBag from /home/ec2-user/environment/lab4_model_training/venv/lib64/python3.12/site-packages/airflow/example_dags/example_params_ui_tutorial.py
[2026-03-12T01:25:04.929+0000] {processor.py:925} INFO - DAG(s) 'example_params_ui_tutorial' retrieved from /home/ec2-user/environment/lab4_model_training/venv/lib64/python3.12/site-packages/airflow/example_dags/example_params_ui_tutorial.py
[2026-03-12T01:25:04.983+0000] {logging_mixin.py:190} INFO - [2026-03-12T01:25:04.983+0000] {dag.py:3239} INFO - Sync 1 DAGs
[2026-03-12T01:25:04.999+0000] {logging_mixin.py:190} INFO - [2026-03-12T01:25:04.998+0000] {dag.py:4180} INFO - Setting next_dagrun for example_params_ui_tutorial to None, run_after=None
[2026-03-12T01:25:05.023+0000] {processor.py:208} INFO - Processing /home/ec2-user/environment/lab4_model_training/venv/lib64/python3.12/site-packages/airflow/example_dags/example_params_ui_tutorial.py took 0.114 seconds
[2026-03-12T01:26:15.259+0000] {processor.py:186} INFO - Started process (PID=20160) to work on /home/ec2-user/environment/lab4_model_training/venv/lib64/python3.12/site-packages/airflow/example_dags/example_params_ui_tutorial.py
[2026-03-12T01:26:15.260+0000] {processor.py:914} INFO - Processing file /home/ec2-user/environment/lab4_model_training/venv/lib64/python3.12/site-packages/airflow/example_dags/example_params_ui_tutorial.py for tasks to queue
[2026-03-12T01:26:15.263+0000] {logging_mixin.py:190} INFO - [2026-03-12T01:26:15.262+0000] {dagbag.py:588} INFO - Filling up the DagBag from /home/ec2-user/environment/lab4_model_training/venv/lib64/python3.12/site-packages/airflow/example_dags/example_params_ui_tutorial.py
[2026-03-12T01:26:15.274+0000] {processor.py:925} INFO - DAG(s) 'example_params_ui_tutorial' retrieved from /home/ec2-user/environment/lab4_model_training/venv/lib64/python3.12/site-packages/airflow/example_dags/example_params_ui_tutorial.py
[2026-03-12T01:26:15.316+0000] {logging_mixin.py:190} INFO - [2026-03-12T01:26:15.316+0000] {dag.py:3239} INFO - Sync 1 DAGs
[2026-03-12T01:26:15.331+0000] {logging_mixin.py:190} INFO - [2026-03-12T01:26:15.331+0000] {dag.py:4180} INFO - Setting next_dagrun for example_params_ui_tutorial to None, run_after=None
[2026-03-12T01:26:15.354+0000] {processor.py:208} INFO - Processing /home/ec2-user/environment/lab4_model_training/venv/lib64/python3.12/site-packages/airflow/example_dags/example_params_ui_tutorial.py took 0.102 seconds
[2026-03-12T01:27:16.270+0000] {processor.py:186} INFO - Started process (PID=20442) to work on /home/ec2-user/environment/lab4_model_training/venv/lib64/python3.12/site-packages/airflow/example_dags/example_params_ui_tutorial.py
[2026-03-12T01:27:16.271+0000] {processor.py:914} INFO - Processing file /home/ec2-user/environment/lab4_model_training/venv/lib64/python3.12/site-packages/airflow/example_dags/example_params_ui_tutorial.py for tasks to queue
[2026-03-12T01:27:16.273+0000] {logging_mixin.py:190} INFO - [2026-03-12T01:27:16.273+0000] {dagbag.py:588} INFO - Filling up the DagBag from /home/ec2-user/environment/lab4_model_training/venv/lib64/python3.12/site-packages/airflow/example_dags/example_params_ui_tutorial.py
[2026-03-12T01:27:16.284+0000] {processor.py:925} INFO - DAG(s) 'example_params_ui_tutorial' retrieved from /home/ec2-user/environment/lab4_model_training/venv/lib64/python3.12/site-packages/airflow/example_dags/example_params_ui_tutorial.py
[2026-03-12T01:27:16.330+0000] {logging_mixin.py:190} INFO - [2026-03-12T01:27:16.330+0000] {dag.py:3239} INFO - Sync 1 DAGs
[2026-03-12T01:27:16.345+0000] {logging_mixin.py:190} INFO - [2026-03-12T01:27:16.345+0000] {dag.py:4180} INFO - Setting next_dagrun for example_params_ui_tutorial to None, run_after=None
[2026-03-12T01:27:16.369+0000] {processor.py:208} INFO - Processing /home/ec2-user/environment/lab4_model_training/venv/lib64/python3.12/site-packages/airflow/example_dags/example_params_ui_tutorial.py took 0.105 seconds
[2026-03-12T01:28:17.226+0000] {processor.py:186} INFO - Started process (PID=20669) to work on /home/ec2-user/environment/lab4_model_training/venv/lib64/python3.12/site-packages/airflow/example_dags/example_params_ui_tutorial.py
[2026-03-12T01:28:17.228+0000] {processor.py:914} INFO - Processing file /home/ec2-user/environment/lab4_model_training/venv/lib64/python3.12/site-packages/airflow/example_dags/example_params_ui_tutorial.py for tasks to queue
[2026-03-12T01:28:17.230+0000] {logging_mixin.py:190} INFO - [2026-03-12T01:28:17.229+0000] {dagbag.py:588} INFO - Filling up the DagBag from /home/ec2-user/environment/lab4_model_training/venv/lib64/python3.12/site-packages/airflow/example_dags/example_params_ui_tutorial.py
[2026-03-12T01:28:17.241+0000] {processor.py:925} INFO - DAG(s) 'example_params_ui_tutorial' retrieved from /home/ec2-user/environment/lab4_model_training/venv/lib64/python3.12/site-packages/airflow/example_dags/example_params_ui_tutorial.py
[2026-03-12T01:28:17.289+0000] {logging_mixin.py:190} INFO - [2026-03-12T01:28:17.289+0000] {dag.py:3239} INFO - Sync 1 DAGs
[2026-03-12T01:28:17.305+0000] {logging_mixin.py:190} INFO - [2026-03-12T01:28:17.305+0000] {dag.py:4180} INFO - Setting next_dagrun for example_params_ui_tutorial to None, run_after=None
[2026-03-12T01:28:17.329+0000] {processor.py:208} INFO - Processing /home/ec2-user/environment/lab4_model_training/venv/lib64/python3.12/site-packages/airflow/example_dags/example_params_ui_tutorial.py took 0.108 seconds
[2026-03-12T01:29:20.077+0000] {processor.py:186} INFO - Started process (PID=20979) to work on /home/ec2-user/environment/lab4_model_training/venv/lib64/python3.12/site-packages/airflow/example_dags/example_params_ui_tutorial.py
[2026-03-12T01:29:20.078+0000] {processor.py:914} INFO - Processing file /home/ec2-user/environment/lab4_model_training/venv/lib64/python3.12/site-packages/airflow/example_dags/example_params_ui_tutorial.py for tasks to queue
[2026-03-12T01:29:20.080+0000] {logging_mixin.py:190} INFO - [2026-03-12T01:29:20.080+0000] {dagbag.py:588} INFO - Filling up the DagBag from /home/ec2-user/environment/lab4_model_training/venv/lib64/python3.12/site-packages/airflow/example_dags/example_params_ui_tutorial.py
[2026-03-12T01:29:20.091+0000] {processor.py:925} INFO - DAG(s) 'example_params_ui_tutorial' retrieved from /home/ec2-user/environment/lab4_model_training/venv/lib64/python3.12/site-packages/airflow/example_dags/example_params_ui_tutorial.py
[2026-03-12T01:29:20.138+0000] {logging_mixin.py:190} INFO - [2026-03-12T01:29:20.138+0000] {dag.py:3239} INFO - Sync 1 DAGs
[2026-03-12T01:29:20.153+0000] {logging_mixin.py:190} INFO - [2026-03-12T01:29:20.153+0000] {dag.py:4180} INFO - Setting next_dagrun for example_params_ui_tutorial to None, run_after=None
[2026-03-12T01:29:20.177+0000] {processor.py:208} INFO - Processing /home/ec2-user/environment/lab4_model_training/venv/lib64/python3.12/site-packages/airflow/example_dags/example_params_ui_tutorial.py took 0.106 seconds
[2026-03-12T01:30:20.706+0000] {processor.py:186} INFO - Started process (PID=21366) to work on /home/ec2-user/environment/lab4_model_training/venv/lib64/python3.12/site-packages/airflow/example_dags/example_params_ui_tutorial.py
[2026-03-12T01:30:20.707+0000] {processor.py:914} INFO - Processing file /home/ec2-user/environment/lab4_model_training/venv/lib64/python3.12/site-packages/airflow/example_dags/example_params_ui_tutorial.py for tasks to queue
[2026-03-12T01:30:20.710+0000] {logging_mixin.py:190} INFO - [2026-03-12T01:30:20.710+0000] {dagbag.py:588} INFO - Filling up the DagBag from /home/ec2-user/environment/lab4_model_training/venv/lib64/python3.12/site-packages/airflow/example_dags/example_params_ui_tutorial.py
[2026-03-12T01:30:20.723+0000] {processor.py:925} INFO - DAG(s) 'example_params_ui_tutorial' retrieved from /home/ec2-user/environment/lab4_model_training/venv/lib64/python3.12/site-packages/airflow/example_dags/example_params_ui_tutorial.py
[2026-03-12T01:30:20.768+0000] {logging_mixin.py:190} INFO - [2026-03-12T01:30:20.768+0000] {dag.py:3239} INFO - Sync 1 DAGs
[2026-03-12T01:30:20.783+0000] {logging_mixin.py:190} INFO - [2026-03-12T01:30:20.783+0000] {dag.py:4180} INFO - Setting next_dagrun for example_params_ui_tutorial to None, run_after=None
[2026-03-12T01:30:20.808+0000] {processor.py:208} INFO - Processing /home/ec2-user/environment/lab4_model_training/venv/lib64/python3.12/site-packages/airflow/example_dags/example_params_ui_tutorial.py took 0.107 seconds
[2026-03-12T01:31:23.096+0000] {processor.py:186} INFO - Started process (PID=21610) to work on /home/ec2-user/environment/lab4_model_training/venv/lib64/python3.12/site-packages/airflow/example_dags/example_params_ui_tutorial.py
[2026-03-12T01:31:23.098+0000] {processor.py:914} INFO - Processing file /home/ec2-user/environment/lab4_model_training/venv/lib64/python3.12/site-packages/airflow/example_dags/example_params_ui_tutorial.py for tasks to queue
[2026-03-12T01:31:23.101+0000] {logging_mixin.py:190} INFO - [2026-03-12T01:31:23.100+0000] {dagbag.py:588} INFO - Filling up the DagBag from /home/ec2-user/environment/lab4_model_training/venv/lib64/python3.12/site-packages/airflow/example_dags/example_params_ui_tutorial.py
[2026-03-12T01:31:23.113+0000] {processor.py:925} INFO - DAG(s) 'example_params_ui_tutorial' retrieved from /home/ec2-user/environment/lab4_model_training/venv/lib64/python3.12/site-packages/airflow/example_dags/example_params_ui_tutorial.py
[2026-03-12T01:31:23.158+0000] {logging_mixin.py:190} INFO - [2026-03-12T01:31:23.157+0000] {dag.py:3239} INFO - Sync 1 DAGs
[2026-03-12T01:31:23.174+0000] {logging_mixin.py:190} INFO - [2026-03-12T01:31:23.174+0000] {dag.py:4180} INFO - Setting next_dagrun for example_params_ui_tutorial to None, run_after=None
[2026-03-12T01:31:23.198+0000] {processor.py:208} INFO - Processing /home/ec2-user/environment/lab4_model_training/venv/lib64/python3.12/site-packages/airflow/example_dags/example_params_ui_tutorial.py took 0.107 seconds
[2026-03-12T01:32:22.708+0000] {processor.py:186} INFO - Started process (PID=21877) to work on /home/ec2-user/environment/lab4_model_training/venv/lib64/python3.12/site-packages/airflow/example_dags/example_params_ui_tutorial.py
[2026-03-12T01:32:22.709+0000] {processor.py:914} INFO - Processing file /home/ec2-user/environment/lab4_model_training/venv/lib64/python3.12/site-packages/airflow/example_dags/example_params_ui_tutorial.py for tasks to queue
[2026-03-12T01:32:22.711+0000] {logging_mixin.py:190} INFO - [2026-03-12T01:32:22.711+0000] {dagbag.py:588} INFO - Filling up the DagBag from /home/ec2-user/environment/lab4_model_training/venv/lib64/python3.12/site-packages/airflow/example_dags/example_params_ui_tutorial.py
[2026-03-12T01:32:22.722+0000] {processor.py:925} INFO - DAG(s) 'example_params_ui_tutorial' retrieved from /home/ec2-user/environment/lab4_model_training/venv/lib64/python3.12/site-packages/airflow/example_dags/example_params_ui_tutorial.py
[2026-03-12T01:32:22.767+0000] {logging_mixin.py:190} INFO - [2026-03-12T01:32:22.767+0000] {dag.py:3239} INFO - Sync 1 DAGs
[2026-03-12T01:32:22.783+0000] {logging_mixin.py:190} INFO - [2026-03-12T01:32:22.783+0000] {dag.py:4180} INFO - Setting next_dagrun for example_params_ui_tutorial to None, run_after=None
[2026-03-12T01:32:22.807+0000] {processor.py:208} INFO - Processing /home/ec2-user/environment/lab4_model_training/venv/lib64/python3.12/site-packages/airflow/example_dags/example_params_ui_tutorial.py took 0.105 seconds
[2026-03-12T01:33:23.358+0000] {processor.py:186} INFO - Started process (PID=22113) to work on /home/ec2-user/environment/lab4_model_training/venv/lib64/python3.12/site-packages/airflow/example_dags/example_params_ui_tutorial.py
[2026-03-12T01:33:23.359+0000] {processor.py:914} INFO - Processing file /home/ec2-user/environment/lab4_model_training/venv/lib64/python3.12/site-packages/airflow/example_dags/example_params_ui_tutorial.py for tasks to queue
[2026-03-12T01:33:23.362+0000] {logging_mixin.py:190} INFO - [2026-03-12T01:33:23.362+0000] {dagbag.py:588} INFO - Filling up the DagBag from /home/ec2-user/environment/lab4_model_training/venv/lib64/python3.12/site-packages/airflow/example_dags/example_params_ui_tutorial.py
[2026-03-12T01:33:23.373+0000] {processor.py:925} INFO - DAG(s) 'example_params_ui_tutorial' retrieved from /home/ec2-user/environment/lab4_model_training/venv/lib64/python3.12/site-packages/airflow/example_dags/example_params_ui_tutorial.py
[2026-03-12T01:33:23.418+0000] {logging_mixin.py:190} INFO - [2026-03-12T01:33:23.418+0000] {dag.py:3239} INFO - Sync 1 DAGs
[2026-03-12T01:33:23.434+0000] {logging_mixin.py:190} INFO - [2026-03-12T01:33:23.434+0000] {dag.py:4180} INFO - Setting next_dagrun for example_params_ui_tutorial to None, run_after=None
[2026-03-12T01:33:23.458+0000] {processor.py:208} INFO - Processing /home/ec2-user/environment/lab4_model_training/venv/lib64/python3.12/site-packages/airflow/example_dags/example_params_ui_tutorial.py took 0.106 seconds
