[2026-03-12T00:34:41.881+0000] {processor.py:186} INFO - Started process (PID=6647) to work on /home/ec2-user/environment/lab4_model_training/venv/lib64/python3.12/site-packages/airflow/example_dags/example_setup_teardown.py
[2026-03-12T00:34:41.882+0000] {processor.py:914} INFO - Processing file /home/ec2-user/environment/lab4_model_training/venv/lib64/python3.12/site-packages/airflow/example_dags/example_setup_teardown.py for tasks to queue
[2026-03-12T00:34:41.885+0000] {logging_mixin.py:190} INFO - [2026-03-12T00:34:41.885+0000] {dagbag.py:588} INFO - Filling up the DagBag from /home/ec2-user/environment/lab4_model_training/venv/lib64/python3.12/site-packages/airflow/example_dags/example_setup_teardown.py
[2026-03-12T00:34:41.896+0000] {processor.py:925} INFO - DAG(s) 'example_setup_teardown' retrieved from /home/ec2-user/environment/lab4_model_training/venv/lib64/python3.12/site-packages/airflow/example_dags/example_setup_teardown.py
[2026-03-12T00:34:41.993+0000] {logging_mixin.py:190} INFO - [2026-03-12T00:34:41.992+0000] {override.py:1930} INFO - Created Permission View: can delete on DAG:example_setup_teardown
[2026-03-12T00:34:42.008+0000] {logging_mixin.py:190} INFO - [2026-03-12T00:34:42.008+0000] {override.py:1930} INFO - Created Permission View: can edit on DAG:example_setup_teardown
[2026-03-12T00:34:42.019+0000] {logging_mixin.py:190} INFO - [2026-03-12T00:34:42.019+0000] {override.py:1930} INFO - Created Permission View: can read on DAG:example_setup_teardown
[2026-03-12T00:34:42.034+0000] {logging_mixin.py:190} INFO - [2026-03-12T00:34:42.034+0000] {override.py:1930} INFO - Created Permission View: menu access on DAG Run:example_setup_teardown
[2026-03-12T00:34:42.045+0000] {logging_mixin.py:190} INFO - [2026-03-12T00:34:42.045+0000] {override.py:1930} INFO - Created Permission View: can create on DAG Run:example_setup_teardown
[2026-03-12T00:34:42.056+0000] {logging_mixin.py:190} INFO - [2026-03-12T00:34:42.056+0000] {override.py:1930} INFO - Created Permission View: can delete on DAG Run:example_setup_teardown
[2026-03-12T00:34:42.066+0000] {logging_mixin.py:190} INFO - [2026-03-12T00:34:42.065+0000] {override.py:1930} INFO - Created Permission View: can read on DAG Run:example_setup_teardown
[2026-03-12T00:34:42.066+0000] {logging_mixin.py:190} INFO - [2026-03-12T00:34:42.066+0000] {dag.py:3239} INFO - Sync 1 DAGs
[2026-03-12T00:34:42.082+0000] {logging_mixin.py:190} INFO - [2026-03-12T00:34:42.082+0000] {dag.py:3262} INFO - Creating ORM DAG for example_setup_teardown
[2026-03-12T00:34:42.083+0000] {logging_mixin.py:190} INFO - [2026-03-12T00:34:42.082+0000] {dag.py:4180} INFO - Setting next_dagrun for example_setup_teardown to None, run_after=None
[2026-03-12T00:34:42.106+0000] {processor.py:208} INFO - Processing /home/ec2-user/environment/lab4_model_training/venv/lib64/python3.12/site-packages/airflow/example_dags/example_setup_teardown.py took 0.231 seconds
[2026-03-12T00:35:33.627+0000] {processor.py:186} INFO - Started process (PID=6860) to work on /home/ec2-user/environment/lab4_model_training/venv/lib64/python3.12/site-packages/airflow/example_dags/example_setup_teardown.py
[2026-03-12T00:35:33.628+0000] {processor.py:914} INFO - Processing file /home/ec2-user/environment/lab4_model_training/venv/lib64/python3.12/site-packages/airflow/example_dags/example_setup_teardown.py for tasks to queue
[2026-03-12T00:35:33.630+0000] {logging_mixin.py:190} INFO - [2026-03-12T00:35:33.629+0000] {dagbag.py:588} INFO - Filling up the DagBag from /home/ec2-user/environment/lab4_model_training/venv/lib64/python3.12/site-packages/airflow/example_dags/example_setup_teardown.py
[2026-03-12T00:35:33.640+0000] {processor.py:925} INFO - DAG(s) 'example_setup_teardown' retrieved from /home/ec2-user/environment/lab4_model_training/venv/lib64/python3.12/site-packages/airflow/example_dags/example_setup_teardown.py
[2026-03-12T00:35:33.659+0000] {logging_mixin.py:190} INFO - [2026-03-12T00:35:33.659+0000] {dag.py:3239} INFO - Sync 1 DAGs
[2026-03-12T00:35:33.672+0000] {logging_mixin.py:190} INFO - [2026-03-12T00:35:33.672+0000] {dag.py:4180} INFO - Setting next_dagrun for example_setup_teardown to None, run_after=None
[2026-03-12T00:35:33.695+0000] {processor.py:208} INFO - Processing /home/ec2-user/environment/lab4_model_training/venv/lib64/python3.12/site-packages/airflow/example_dags/example_setup_teardown.py took 0.073 seconds
[2026-03-12T00:36:35.337+0000] {processor.py:186} INFO - Started process (PID=7162) to work on /home/ec2-user/environment/lab4_model_training/venv/lib64/python3.12/site-packages/airflow/example_dags/example_setup_teardown.py
[2026-03-12T00:36:35.339+0000] {processor.py:914} INFO - Processing file /home/ec2-user/environment/lab4_model_training/venv/lib64/python3.12/site-packages/airflow/example_dags/example_setup_teardown.py for tasks to queue
[2026-03-12T00:36:35.342+0000] {logging_mixin.py:190} INFO - [2026-03-12T00:36:35.341+0000] {dagbag.py:588} INFO - Filling up the DagBag from /home/ec2-user/environment/lab4_model_training/venv/lib64/python3.12/site-packages/airflow/example_dags/example_setup_teardown.py
[2026-03-12T00:36:35.352+0000] {processor.py:925} INFO - DAG(s) 'example_setup_teardown' retrieved from /home/ec2-user/environment/lab4_model_training/venv/lib64/python3.12/site-packages/airflow/example_dags/example_setup_teardown.py
[2026-03-12T00:36:35.374+0000] {logging_mixin.py:190} INFO - [2026-03-12T00:36:35.373+0000] {dag.py:3239} INFO - Sync 1 DAGs
[2026-03-12T00:36:35.388+0000] {logging_mixin.py:190} INFO - [2026-03-12T00:36:35.388+0000] {dag.py:4180} INFO - Setting next_dagrun for example_setup_teardown to None, run_after=None
[2026-03-12T00:36:35.414+0000] {processor.py:208} INFO - Processing /home/ec2-user/environment/lab4_model_training/venv/lib64/python3.12/site-packages/airflow/example_dags/example_setup_teardown.py took 0.081 seconds
[2026-03-12T00:38:09.081+0000] {processor.py:186} INFO - Started process (PID=7473) to work on /home/ec2-user/environment/lab4_model_training/venv/lib64/python3.12/site-packages/airflow/example_dags/example_setup_teardown.py
[2026-03-12T00:38:09.083+0000] {processor.py:914} INFO - Processing file /home/ec2-user/environment/lab4_model_training/venv/lib64/python3.12/site-packages/airflow/example_dags/example_setup_teardown.py for tasks to queue
[2026-03-12T00:38:09.086+0000] {logging_mixin.py:190} INFO - [2026-03-12T00:38:09.085+0000] {dagbag.py:588} INFO - Filling up the DagBag from /home/ec2-user/environment/lab4_model_training/venv/lib64/python3.12/site-packages/airflow/example_dags/example_setup_teardown.py
[2026-03-12T00:38:09.097+0000] {processor.py:925} INFO - DAG(s) 'example_setup_teardown' retrieved from /home/ec2-user/environment/lab4_model_training/venv/lib64/python3.12/site-packages/airflow/example_dags/example_setup_teardown.py
[2026-03-12T00:38:09.120+0000] {logging_mixin.py:190} INFO - [2026-03-12T00:38:09.119+0000] {dag.py:3239} INFO - Sync 1 DAGs
[2026-03-12T00:38:09.137+0000] {logging_mixin.py:190} INFO - [2026-03-12T00:38:09.137+0000] {dag.py:4180} INFO - Setting next_dagrun for example_setup_teardown to None, run_after=None
[2026-03-12T00:38:09.160+0000] {processor.py:208} INFO - Processing /home/ec2-user/environment/lab4_model_training/venv/lib64/python3.12/site-packages/airflow/example_dags/example_setup_teardown.py took 0.083 seconds
[2026-03-12T00:39:04.655+0000] {processor.py:186} INFO - Started process (PID=7711) to work on /home/ec2-user/environment/lab4_model_training/venv/lib64/python3.12/site-packages/airflow/example_dags/example_setup_teardown.py
[2026-03-12T00:39:04.656+0000] {processor.py:914} INFO - Processing file /home/ec2-user/environment/lab4_model_training/venv/lib64/python3.12/site-packages/airflow/example_dags/example_setup_teardown.py for tasks to queue
[2026-03-12T00:39:04.659+0000] {logging_mixin.py:190} INFO - [2026-03-12T00:39:04.659+0000] {dagbag.py:588} INFO - Filling up the DagBag from /home/ec2-user/environment/lab4_model_training/venv/lib64/python3.12/site-packages/airflow/example_dags/example_setup_teardown.py
[2026-03-12T00:39:04.670+0000] {processor.py:925} INFO - DAG(s) 'example_setup_teardown' retrieved from /home/ec2-user/environment/lab4_model_training/venv/lib64/python3.12/site-packages/airflow/example_dags/example_setup_teardown.py
[2026-03-12T00:39:04.694+0000] {logging_mixin.py:190} INFO - [2026-03-12T00:39:04.694+0000] {dag.py:3239} INFO - Sync 1 DAGs
[2026-03-12T00:39:04.709+0000] {logging_mixin.py:190} INFO - [2026-03-12T00:39:04.709+0000] {dag.py:4180} INFO - Setting next_dagrun for example_setup_teardown to None, run_after=None
[2026-03-12T00:39:04.734+0000] {processor.py:208} INFO - Processing /home/ec2-user/environment/lab4_model_training/venv/lib64/python3.12/site-packages/airflow/example_dags/example_setup_teardown.py took 0.083 seconds
[2026-03-12T00:40:07.815+0000] {processor.py:186} INFO - Started process (PID=8005) to work on /home/ec2-user/environment/lab4_model_training/venv/lib64/python3.12/site-packages/airflow/example_dags/example_setup_teardown.py
[2026-03-12T00:40:07.816+0000] {processor.py:914} INFO - Processing file /home/ec2-user/environment/lab4_model_training/venv/lib64/python3.12/site-packages/airflow/example_dags/example_setup_teardown.py for tasks to queue
[2026-03-12T00:40:07.819+0000] {logging_mixin.py:190} INFO - [2026-03-12T00:40:07.818+0000] {dagbag.py:588} INFO - Filling up the DagBag from /home/ec2-user/environment/lab4_model_training/venv/lib64/python3.12/site-packages/airflow/example_dags/example_setup_teardown.py
[2026-03-12T00:40:07.829+0000] {processor.py:925} INFO - DAG(s) 'example_setup_teardown' retrieved from /home/ec2-user/environment/lab4_model_training/venv/lib64/python3.12/site-packages/airflow/example_dags/example_setup_teardown.py
[2026-03-12T00:40:07.851+0000] {logging_mixin.py:190} INFO - [2026-03-12T00:40:07.850+0000] {dag.py:3239} INFO - Sync 1 DAGs
[2026-03-12T00:40:07.868+0000] {logging_mixin.py:190} INFO - [2026-03-12T00:40:07.868+0000] {dag.py:4180} INFO - Setting next_dagrun for example_setup_teardown to None, run_after=None
[2026-03-12T00:40:07.891+0000] {processor.py:208} INFO - Processing /home/ec2-user/environment/lab4_model_training/venv/lib64/python3.12/site-packages/airflow/example_dags/example_setup_teardown.py took 0.081 seconds
[2026-03-12T00:41:07.521+0000] {processor.py:186} INFO - Started process (PID=8283) to work on /home/ec2-user/environment/lab4_model_training/venv/lib64/python3.12/site-packages/airflow/example_dags/example_setup_teardown.py
[2026-03-12T00:41:07.523+0000] {processor.py:914} INFO - Processing file /home/ec2-user/environment/lab4_model_training/venv/lib64/python3.12/site-packages/airflow/example_dags/example_setup_teardown.py for tasks to queue
[2026-03-12T00:41:07.525+0000] {logging_mixin.py:190} INFO - [2026-03-12T00:41:07.524+0000] {dagbag.py:588} INFO - Filling up the DagBag from /home/ec2-user/environment/lab4_model_training/venv/lib64/python3.12/site-packages/airflow/example_dags/example_setup_teardown.py
[2026-03-12T00:41:07.535+0000] {processor.py:925} INFO - DAG(s) 'example_setup_teardown' retrieved from /home/ec2-user/environment/lab4_model_training/venv/lib64/python3.12/site-packages/airflow/example_dags/example_setup_teardown.py
[2026-03-12T00:41:07.554+0000] {logging_mixin.py:190} INFO - [2026-03-12T00:41:07.554+0000] {dag.py:3239} INFO - Sync 1 DAGs
[2026-03-12T00:41:07.571+0000] {logging_mixin.py:190} INFO - [2026-03-12T00:41:07.571+0000] {dag.py:4180} INFO - Setting next_dagrun for example_setup_teardown to None, run_after=None
[2026-03-12T00:41:07.596+0000] {processor.py:208} INFO - Processing /home/ec2-user/environment/lab4_model_training/venv/lib64/python3.12/site-packages/airflow/example_dags/example_setup_teardown.py took 0.079 seconds
[2026-03-12T00:42:12.767+0000] {processor.py:186} INFO - Started process (PID=8533) to work on /home/ec2-user/environment/lab4_model_training/venv/lib64/python3.12/site-packages/airflow/example_dags/example_setup_teardown.py
[2026-03-12T00:42:12.768+0000] {processor.py:914} INFO - Processing file /home/ec2-user/environment/lab4_model_training/venv/lib64/python3.12/site-packages/airflow/example_dags/example_setup_teardown.py for tasks to queue
[2026-03-12T00:42:12.771+0000] {logging_mixin.py:190} INFO - [2026-03-12T00:42:12.770+0000] {dagbag.py:588} INFO - Filling up the DagBag from /home/ec2-user/environment/lab4_model_training/venv/lib64/python3.12/site-packages/airflow/example_dags/example_setup_teardown.py
[2026-03-12T00:42:12.781+0000] {processor.py:925} INFO - DAG(s) 'example_setup_teardown' retrieved from /home/ec2-user/environment/lab4_model_training/venv/lib64/python3.12/site-packages/airflow/example_dags/example_setup_teardown.py
[2026-03-12T00:42:12.802+0000] {logging_mixin.py:190} INFO - [2026-03-12T00:42:12.801+0000] {dag.py:3239} INFO - Sync 1 DAGs
[2026-03-12T00:42:12.818+0000] {logging_mixin.py:190} INFO - [2026-03-12T00:42:12.818+0000] {dag.py:4180} INFO - Setting next_dagrun for example_setup_teardown to None, run_after=None
[2026-03-12T00:42:12.842+0000] {processor.py:208} INFO - Processing /home/ec2-user/environment/lab4_model_training/venv/lib64/python3.12/site-packages/airflow/example_dags/example_setup_teardown.py took 0.080 seconds
[2026-03-12T00:43:10.617+0000] {processor.py:186} INFO - Started process (PID=8806) to work on /home/ec2-user/environment/lab4_model_training/venv/lib64/python3.12/site-packages/airflow/example_dags/example_setup_teardown.py
[2026-03-12T00:43:10.618+0000] {processor.py:914} INFO - Processing file /home/ec2-user/environment/lab4_model_training/venv/lib64/python3.12/site-packages/airflow/example_dags/example_setup_teardown.py for tasks to queue
[2026-03-12T00:43:10.621+0000] {logging_mixin.py:190} INFO - [2026-03-12T00:43:10.621+0000] {dagbag.py:588} INFO - Filling up the DagBag from /home/ec2-user/environment/lab4_model_training/venv/lib64/python3.12/site-packages/airflow/example_dags/example_setup_teardown.py
[2026-03-12T00:43:10.632+0000] {processor.py:925} INFO - DAG(s) 'example_setup_teardown' retrieved from /home/ec2-user/environment/lab4_model_training/venv/lib64/python3.12/site-packages/airflow/example_dags/example_setup_teardown.py
[2026-03-12T00:43:10.655+0000] {logging_mixin.py:190} INFO - [2026-03-12T00:43:10.655+0000] {dag.py:3239} INFO - Sync 1 DAGs
[2026-03-12T00:43:10.670+0000] {logging_mixin.py:190} INFO - [2026-03-12T00:43:10.670+0000] {dag.py:4180} INFO - Setting next_dagrun for example_setup_teardown to None, run_after=None
[2026-03-12T00:43:10.695+0000] {processor.py:208} INFO - Processing /home/ec2-user/environment/lab4_model_training/venv/lib64/python3.12/site-packages/airflow/example_dags/example_setup_teardown.py took 0.082 seconds
[2026-03-12T00:44:17.655+0000] {processor.py:186} INFO - Started process (PID=9147) to work on /home/ec2-user/environment/lab4_model_training/venv/lib64/python3.12/site-packages/airflow/example_dags/example_setup_teardown.py
[2026-03-12T00:44:17.656+0000] {processor.py:914} INFO - Processing file /home/ec2-user/environment/lab4_model_training/venv/lib64/python3.12/site-packages/airflow/example_dags/example_setup_teardown.py for tasks to queue
[2026-03-12T00:44:17.659+0000] {logging_mixin.py:190} INFO - [2026-03-12T00:44:17.659+0000] {dagbag.py:588} INFO - Filling up the DagBag from /home/ec2-user/environment/lab4_model_training/venv/lib64/python3.12/site-packages/airflow/example_dags/example_setup_teardown.py
[2026-03-12T00:44:17.670+0000] {processor.py:925} INFO - DAG(s) 'example_setup_teardown' retrieved from /home/ec2-user/environment/lab4_model_training/venv/lib64/python3.12/site-packages/airflow/example_dags/example_setup_teardown.py
[2026-03-12T00:44:17.701+0000] {logging_mixin.py:190} INFO - [2026-03-12T00:44:17.701+0000] {dag.py:3239} INFO - Sync 1 DAGs
[2026-03-12T00:44:17.717+0000] {logging_mixin.py:190} INFO - [2026-03-12T00:44:17.717+0000] {dag.py:4180} INFO - Setting next_dagrun for example_setup_teardown to None, run_after=None
[2026-03-12T00:44:17.741+0000] {processor.py:208} INFO - Processing /home/ec2-user/environment/lab4_model_training/venv/lib64/python3.12/site-packages/airflow/example_dags/example_setup_teardown.py took 0.090 seconds
[2026-03-12T00:46:07.073+0000] {processor.py:186} INFO - Started process (PID=9623) to work on /home/ec2-user/environment/lab4_model_training/venv/lib64/python3.12/site-packages/airflow/example_dags/example_setup_teardown.py
[2026-03-12T00:46:07.074+0000] {processor.py:914} INFO - Processing file /home/ec2-user/environment/lab4_model_training/venv/lib64/python3.12/site-packages/airflow/example_dags/example_setup_teardown.py for tasks to queue
[2026-03-12T00:46:07.076+0000] {logging_mixin.py:190} INFO - [2026-03-12T00:46:07.076+0000] {dagbag.py:588} INFO - Filling up the DagBag from /home/ec2-user/environment/lab4_model_training/venv/lib64/python3.12/site-packages/airflow/example_dags/example_setup_teardown.py
[2026-03-12T00:46:07.087+0000] {processor.py:925} INFO - DAG(s) 'example_setup_teardown' retrieved from /home/ec2-user/environment/lab4_model_training/venv/lib64/python3.12/site-packages/airflow/example_dags/example_setup_teardown.py
[2026-03-12T00:46:07.108+0000] {logging_mixin.py:190} INFO - [2026-03-12T00:46:07.107+0000] {dag.py:3239} INFO - Sync 1 DAGs
[2026-03-12T00:46:07.124+0000] {logging_mixin.py:190} INFO - [2026-03-12T00:46:07.124+0000] {dag.py:4180} INFO - Setting next_dagrun for example_setup_teardown to None, run_after=None
[2026-03-12T00:46:07.148+0000] {processor.py:208} INFO - Processing /home/ec2-user/environment/lab4_model_training/venv/lib64/python3.12/site-packages/airflow/example_dags/example_setup_teardown.py took 0.079 seconds
[2026-03-12T00:47:46.288+0000] {processor.py:186} INFO - Started process (PID=10057) to work on /home/ec2-user/environment/lab4_model_training/venv/lib64/python3.12/site-packages/airflow/example_dags/example_setup_teardown.py
[2026-03-12T00:47:46.290+0000] {processor.py:914} INFO - Processing file /home/ec2-user/environment/lab4_model_training/venv/lib64/python3.12/site-packages/airflow/example_dags/example_setup_teardown.py for tasks to queue
[2026-03-12T00:47:46.293+0000] {logging_mixin.py:190} INFO - [2026-03-12T00:47:46.292+0000] {dagbag.py:588} INFO - Filling up the DagBag from /home/ec2-user/environment/lab4_model_training/venv/lib64/python3.12/site-packages/airflow/example_dags/example_setup_teardown.py
[2026-03-12T00:47:46.303+0000] {processor.py:925} INFO - DAG(s) 'example_setup_teardown' retrieved from /home/ec2-user/environment/lab4_model_training/venv/lib64/python3.12/site-packages/airflow/example_dags/example_setup_teardown.py
[2026-03-12T00:47:46.325+0000] {logging_mixin.py:190} INFO - [2026-03-12T00:47:46.325+0000] {dag.py:3239} INFO - Sync 1 DAGs
[2026-03-12T00:47:46.341+0000] {logging_mixin.py:190} INFO - [2026-03-12T00:47:46.341+0000] {dag.py:4180} INFO - Setting next_dagrun for example_setup_teardown to None, run_after=None
[2026-03-12T00:47:46.370+0000] {processor.py:208} INFO - Processing /home/ec2-user/environment/lab4_model_training/venv/lib64/python3.12/site-packages/airflow/example_dags/example_setup_teardown.py took 0.088 seconds
[2026-03-12T00:48:51.581+0000] {processor.py:186} INFO - Started process (PID=10303) to work on /home/ec2-user/environment/lab4_model_training/venv/lib64/python3.12/site-packages/airflow/example_dags/example_setup_teardown.py
[2026-03-12T00:48:51.582+0000] {processor.py:914} INFO - Processing file /home/ec2-user/environment/lab4_model_training/venv/lib64/python3.12/site-packages/airflow/example_dags/example_setup_teardown.py for tasks to queue
[2026-03-12T00:48:51.585+0000] {logging_mixin.py:190} INFO - [2026-03-12T00:48:51.585+0000] {dagbag.py:588} INFO - Filling up the DagBag from /home/ec2-user/environment/lab4_model_training/venv/lib64/python3.12/site-packages/airflow/example_dags/example_setup_teardown.py
[2026-03-12T00:48:51.597+0000] {processor.py:925} INFO - DAG(s) 'example_setup_teardown' retrieved from /home/ec2-user/environment/lab4_model_training/venv/lib64/python3.12/site-packages/airflow/example_dags/example_setup_teardown.py
[2026-03-12T00:48:51.615+0000] {logging_mixin.py:190} INFO - [2026-03-12T00:48:51.615+0000] {dag.py:3239} INFO - Sync 1 DAGs
[2026-03-12T00:48:51.629+0000] {logging_mixin.py:190} INFO - [2026-03-12T00:48:51.629+0000] {dag.py:4180} INFO - Setting next_dagrun for example_setup_teardown to None, run_after=None
[2026-03-12T00:48:51.656+0000] {processor.py:208} INFO - Processing /home/ec2-user/environment/lab4_model_training/venv/lib64/python3.12/site-packages/airflow/example_dags/example_setup_teardown.py took 0.079 seconds
[2026-03-12T00:49:56.876+0000] {processor.py:186} INFO - Started process (PID=10635) to work on /home/ec2-user/environment/lab4_model_training/venv/lib64/python3.12/site-packages/airflow/example_dags/example_setup_teardown.py
[2026-03-12T00:49:56.889+0000] {processor.py:914} INFO - Processing file /home/ec2-user/environment/lab4_model_training/venv/lib64/python3.12/site-packages/airflow/example_dags/example_setup_teardown.py for tasks to queue
[2026-03-12T00:49:56.891+0000] {logging_mixin.py:190} INFO - [2026-03-12T00:49:56.890+0000] {dagbag.py:588} INFO - Filling up the DagBag from /home/ec2-user/environment/lab4_model_training/venv/lib64/python3.12/site-packages/airflow/example_dags/example_setup_teardown.py
[2026-03-12T00:49:56.909+0000] {processor.py:925} INFO - DAG(s) 'example_setup_teardown' retrieved from /home/ec2-user/environment/lab4_model_training/venv/lib64/python3.12/site-packages/airflow/example_dags/example_setup_teardown.py
[2026-03-12T00:49:56.952+0000] {logging_mixin.py:190} INFO - [2026-03-12T00:49:56.942+0000] {dag.py:3239} INFO - Sync 1 DAGs
[2026-03-12T00:49:56.975+0000] {logging_mixin.py:190} INFO - [2026-03-12T00:49:56.975+0000] {dag.py:4180} INFO - Setting next_dagrun for example_setup_teardown to None, run_after=None
[2026-03-12T00:49:57.000+0000] {processor.py:208} INFO - Processing /home/ec2-user/environment/lab4_model_training/venv/lib64/python3.12/site-packages/airflow/example_dags/example_setup_teardown.py took 0.130 seconds
[2026-03-12T00:50:59.448+0000] {processor.py:186} INFO - Started process (PID=10929) to work on /home/ec2-user/environment/lab4_model_training/venv/lib64/python3.12/site-packages/airflow/example_dags/example_setup_teardown.py
[2026-03-12T00:50:59.449+0000] {processor.py:914} INFO - Processing file /home/ec2-user/environment/lab4_model_training/venv/lib64/python3.12/site-packages/airflow/example_dags/example_setup_teardown.py for tasks to queue
[2026-03-12T00:50:59.451+0000] {logging_mixin.py:190} INFO - [2026-03-12T00:50:59.451+0000] {dagbag.py:588} INFO - Filling up the DagBag from /home/ec2-user/environment/lab4_model_training/venv/lib64/python3.12/site-packages/airflow/example_dags/example_setup_teardown.py
[2026-03-12T00:50:59.461+0000] {processor.py:925} INFO - DAG(s) 'example_setup_teardown' retrieved from /home/ec2-user/environment/lab4_model_training/venv/lib64/python3.12/site-packages/airflow/example_dags/example_setup_teardown.py
[2026-03-12T00:50:59.480+0000] {logging_mixin.py:190} INFO - [2026-03-12T00:50:59.480+0000] {dag.py:3239} INFO - Sync 1 DAGs
[2026-03-12T00:50:59.496+0000] {logging_mixin.py:190} INFO - [2026-03-12T00:50:59.496+0000] {dag.py:4180} INFO - Setting next_dagrun for example_setup_teardown to None, run_after=None
[2026-03-12T00:50:59.522+0000] {processor.py:208} INFO - Processing /home/ec2-user/environment/lab4_model_training/venv/lib64/python3.12/site-packages/airflow/example_dags/example_setup_teardown.py took 0.078 seconds
[2026-03-12T00:52:00.297+0000] {processor.py:186} INFO - Started process (PID=11186) to work on /home/ec2-user/environment/lab4_model_training/venv/lib64/python3.12/site-packages/airflow/example_dags/example_setup_teardown.py
[2026-03-12T00:52:00.298+0000] {processor.py:914} INFO - Processing file /home/ec2-user/environment/lab4_model_training/venv/lib64/python3.12/site-packages/airflow/example_dags/example_setup_teardown.py for tasks to queue
[2026-03-12T00:52:00.301+0000] {logging_mixin.py:190} INFO - [2026-03-12T00:52:00.301+0000] {dagbag.py:588} INFO - Filling up the DagBag from /home/ec2-user/environment/lab4_model_training/venv/lib64/python3.12/site-packages/airflow/example_dags/example_setup_teardown.py
[2026-03-12T00:52:00.311+0000] {processor.py:925} INFO - DAG(s) 'example_setup_teardown' retrieved from /home/ec2-user/environment/lab4_model_training/venv/lib64/python3.12/site-packages/airflow/example_dags/example_setup_teardown.py
[2026-03-12T00:52:00.331+0000] {logging_mixin.py:190} INFO - [2026-03-12T00:52:00.331+0000] {dag.py:3239} INFO - Sync 1 DAGs
[2026-03-12T00:52:00.348+0000] {logging_mixin.py:190} INFO - [2026-03-12T00:52:00.348+0000] {dag.py:4180} INFO - Setting next_dagrun for example_setup_teardown to None, run_after=None
[2026-03-12T00:52:00.372+0000] {processor.py:208} INFO - Processing /home/ec2-user/environment/lab4_model_training/venv/lib64/python3.12/site-packages/airflow/example_dags/example_setup_teardown.py took 0.079 seconds
[2026-03-12T00:52:59.725+0000] {processor.py:186} INFO - Started process (PID=11487) to work on /home/ec2-user/environment/lab4_model_training/venv/lib64/python3.12/site-packages/airflow/example_dags/example_setup_teardown.py
[2026-03-12T00:52:59.726+0000] {processor.py:914} INFO - Processing file /home/ec2-user/environment/lab4_model_training/venv/lib64/python3.12/site-packages/airflow/example_dags/example_setup_teardown.py for tasks to queue
[2026-03-12T00:52:59.729+0000] {logging_mixin.py:190} INFO - [2026-03-12T00:52:59.728+0000] {dagbag.py:588} INFO - Filling up the DagBag from /home/ec2-user/environment/lab4_model_training/venv/lib64/python3.12/site-packages/airflow/example_dags/example_setup_teardown.py
[2026-03-12T00:52:59.739+0000] {processor.py:925} INFO - DAG(s) 'example_setup_teardown' retrieved from /home/ec2-user/environment/lab4_model_training/venv/lib64/python3.12/site-packages/airflow/example_dags/example_setup_teardown.py
[2026-03-12T00:52:59.760+0000] {logging_mixin.py:190} INFO - [2026-03-12T00:52:59.759+0000] {dag.py:3239} INFO - Sync 1 DAGs
[2026-03-12T00:52:59.775+0000] {logging_mixin.py:190} INFO - [2026-03-12T00:52:59.775+0000] {dag.py:4180} INFO - Setting next_dagrun for example_setup_teardown to None, run_after=None
[2026-03-12T00:52:59.798+0000] {processor.py:208} INFO - Processing /home/ec2-user/environment/lab4_model_training/venv/lib64/python3.12/site-packages/airflow/example_dags/example_setup_teardown.py took 0.079 seconds
[2026-03-12T00:53:59.853+0000] {processor.py:186} INFO - Started process (PID=11708) to work on /home/ec2-user/environment/lab4_model_training/venv/lib64/python3.12/site-packages/airflow/example_dags/example_setup_teardown.py
[2026-03-12T00:53:59.862+0000] {processor.py:914} INFO - Processing file /home/ec2-user/environment/lab4_model_training/venv/lib64/python3.12/site-packages/airflow/example_dags/example_setup_teardown.py for tasks to queue
[2026-03-12T00:53:59.864+0000] {logging_mixin.py:190} INFO - [2026-03-12T00:53:59.863+0000] {dagbag.py:588} INFO - Filling up the DagBag from /home/ec2-user/environment/lab4_model_training/venv/lib64/python3.12/site-packages/airflow/example_dags/example_setup_teardown.py
[2026-03-12T00:53:59.887+0000] {processor.py:925} INFO - DAG(s) 'example_setup_teardown' retrieved from /home/ec2-user/environment/lab4_model_training/venv/lib64/python3.12/site-packages/airflow/example_dags/example_setup_teardown.py
[2026-03-12T00:53:59.911+0000] {logging_mixin.py:190} INFO - [2026-03-12T00:53:59.911+0000] {dag.py:3239} INFO - Sync 1 DAGs
[2026-03-12T00:53:59.931+0000] {logging_mixin.py:190} INFO - [2026-03-12T00:53:59.931+0000] {dag.py:4180} INFO - Setting next_dagrun for example_setup_teardown to None, run_after=None
[2026-03-12T00:53:59.957+0000] {processor.py:208} INFO - Processing /home/ec2-user/environment/lab4_model_training/venv/lib64/python3.12/site-packages/airflow/example_dags/example_setup_teardown.py took 0.111 seconds
[2026-03-12T00:54:59.884+0000] {processor.py:186} INFO - Started process (PID=11994) to work on /home/ec2-user/environment/lab4_model_training/venv/lib64/python3.12/site-packages/airflow/example_dags/example_setup_teardown.py
[2026-03-12T00:54:59.886+0000] {processor.py:914} INFO - Processing file /home/ec2-user/environment/lab4_model_training/venv/lib64/python3.12/site-packages/airflow/example_dags/example_setup_teardown.py for tasks to queue
[2026-03-12T00:54:59.888+0000] {logging_mixin.py:190} INFO - [2026-03-12T00:54:59.887+0000] {dagbag.py:588} INFO - Filling up the DagBag from /home/ec2-user/environment/lab4_model_training/venv/lib64/python3.12/site-packages/airflow/example_dags/example_setup_teardown.py
[2026-03-12T00:54:59.897+0000] {processor.py:925} INFO - DAG(s) 'example_setup_teardown' retrieved from /home/ec2-user/environment/lab4_model_training/venv/lib64/python3.12/site-packages/airflow/example_dags/example_setup_teardown.py
[2026-03-12T00:54:59.917+0000] {logging_mixin.py:190} INFO - [2026-03-12T00:54:59.916+0000] {dag.py:3239} INFO - Sync 1 DAGs
[2026-03-12T00:54:59.932+0000] {logging_mixin.py:190} INFO - [2026-03-12T00:54:59.932+0000] {dag.py:4180} INFO - Setting next_dagrun for example_setup_teardown to None, run_after=None
[2026-03-12T00:54:59.957+0000] {processor.py:208} INFO - Processing /home/ec2-user/environment/lab4_model_training/venv/lib64/python3.12/site-packages/airflow/example_dags/example_setup_teardown.py took 0.078 seconds
[2026-03-12T00:56:05.860+0000] {processor.py:186} INFO - Started process (PID=12247) to work on /home/ec2-user/environment/lab4_model_training/venv/lib64/python3.12/site-packages/airflow/example_dags/example_setup_teardown.py
[2026-03-12T00:56:05.861+0000] {processor.py:914} INFO - Processing file /home/ec2-user/environment/lab4_model_training/venv/lib64/python3.12/site-packages/airflow/example_dags/example_setup_teardown.py for tasks to queue
[2026-03-12T00:56:05.864+0000] {logging_mixin.py:190} INFO - [2026-03-12T00:56:05.864+0000] {dagbag.py:588} INFO - Filling up the DagBag from /home/ec2-user/environment/lab4_model_training/venv/lib64/python3.12/site-packages/airflow/example_dags/example_setup_teardown.py
[2026-03-12T00:56:05.874+0000] {processor.py:925} INFO - DAG(s) 'example_setup_teardown' retrieved from /home/ec2-user/environment/lab4_model_training/venv/lib64/python3.12/site-packages/airflow/example_dags/example_setup_teardown.py
[2026-03-12T00:56:05.895+0000] {logging_mixin.py:190} INFO - [2026-03-12T00:56:05.895+0000] {dag.py:3239} INFO - Sync 1 DAGs
[2026-03-12T00:56:05.912+0000] {logging_mixin.py:190} INFO - [2026-03-12T00:56:05.912+0000] {dag.py:4180} INFO - Setting next_dagrun for example_setup_teardown to None, run_after=None
[2026-03-12T00:56:05.937+0000] {processor.py:208} INFO - Processing /home/ec2-user/environment/lab4_model_training/venv/lib64/python3.12/site-packages/airflow/example_dags/example_setup_teardown.py took 0.085 seconds
[2026-03-12T00:57:09.352+0000] {processor.py:186} INFO - Started process (PID=12536) to work on /home/ec2-user/environment/lab4_model_training/venv/lib64/python3.12/site-packages/airflow/example_dags/example_setup_teardown.py
[2026-03-12T00:57:09.353+0000] {processor.py:914} INFO - Processing file /home/ec2-user/environment/lab4_model_training/venv/lib64/python3.12/site-packages/airflow/example_dags/example_setup_teardown.py for tasks to queue
[2026-03-12T00:57:09.355+0000] {logging_mixin.py:190} INFO - [2026-03-12T00:57:09.355+0000] {dagbag.py:588} INFO - Filling up the DagBag from /home/ec2-user/environment/lab4_model_training/venv/lib64/python3.12/site-packages/airflow/example_dags/example_setup_teardown.py
[2026-03-12T00:57:09.365+0000] {processor.py:925} INFO - DAG(s) 'example_setup_teardown' retrieved from /home/ec2-user/environment/lab4_model_training/venv/lib64/python3.12/site-packages/airflow/example_dags/example_setup_teardown.py
[2026-03-12T00:57:09.385+0000] {logging_mixin.py:190} INFO - [2026-03-12T00:57:09.384+0000] {dag.py:3239} INFO - Sync 1 DAGs
[2026-03-12T00:57:09.400+0000] {logging_mixin.py:190} INFO - [2026-03-12T00:57:09.400+0000] {dag.py:4180} INFO - Setting next_dagrun for example_setup_teardown to None, run_after=None
[2026-03-12T00:57:09.423+0000] {processor.py:208} INFO - Processing /home/ec2-user/environment/lab4_model_training/venv/lib64/python3.12/site-packages/airflow/example_dags/example_setup_teardown.py took 0.077 seconds
[2026-03-12T00:58:09.853+0000] {processor.py:186} INFO - Started process (PID=12768) to work on /home/ec2-user/environment/lab4_model_training/venv/lib64/python3.12/site-packages/airflow/example_dags/example_setup_teardown.py
[2026-03-12T00:58:09.862+0000] {processor.py:914} INFO - Processing file /home/ec2-user/environment/lab4_model_training/venv/lib64/python3.12/site-packages/airflow/example_dags/example_setup_teardown.py for tasks to queue
[2026-03-12T00:58:09.864+0000] {logging_mixin.py:190} INFO - [2026-03-12T00:58:09.864+0000] {dagbag.py:588} INFO - Filling up the DagBag from /home/ec2-user/environment/lab4_model_training/venv/lib64/python3.12/site-packages/airflow/example_dags/example_setup_teardown.py
[2026-03-12T00:58:09.874+0000] {processor.py:925} INFO - DAG(s) 'example_setup_teardown' retrieved from /home/ec2-user/environment/lab4_model_training/venv/lib64/python3.12/site-packages/airflow/example_dags/example_setup_teardown.py
[2026-03-12T00:58:09.894+0000] {logging_mixin.py:190} INFO - [2026-03-12T00:58:09.894+0000] {dag.py:3239} INFO - Sync 1 DAGs
[2026-03-12T00:58:09.909+0000] {logging_mixin.py:190} INFO - [2026-03-12T00:58:09.909+0000] {dag.py:4180} INFO - Setting next_dagrun for example_setup_teardown to None, run_after=None
[2026-03-12T00:58:09.936+0000] {processor.py:208} INFO - Processing /home/ec2-user/environment/lab4_model_training/venv/lib64/python3.12/site-packages/airflow/example_dags/example_setup_teardown.py took 0.091 seconds
[2026-03-12T00:59:11.626+0000] {processor.py:186} INFO - Started process (PID=13070) to work on /home/ec2-user/environment/lab4_model_training/venv/lib64/python3.12/site-packages/airflow/example_dags/example_setup_teardown.py
[2026-03-12T00:59:11.627+0000] {processor.py:914} INFO - Processing file /home/ec2-user/environment/lab4_model_training/venv/lib64/python3.12/site-packages/airflow/example_dags/example_setup_teardown.py for tasks to queue
[2026-03-12T00:59:11.630+0000] {logging_mixin.py:190} INFO - [2026-03-12T00:59:11.630+0000] {dagbag.py:588} INFO - Filling up the DagBag from /home/ec2-user/environment/lab4_model_training/venv/lib64/python3.12/site-packages/airflow/example_dags/example_setup_teardown.py
[2026-03-12T00:59:11.640+0000] {processor.py:925} INFO - DAG(s) 'example_setup_teardown' retrieved from /home/ec2-user/environment/lab4_model_training/venv/lib64/python3.12/site-packages/airflow/example_dags/example_setup_teardown.py
[2026-03-12T00:59:11.660+0000] {logging_mixin.py:190} INFO - [2026-03-12T00:59:11.660+0000] {dag.py:3239} INFO - Sync 1 DAGs
[2026-03-12T00:59:11.677+0000] {logging_mixin.py:190} INFO - [2026-03-12T00:59:11.677+0000] {dag.py:4180} INFO - Setting next_dagrun for example_setup_teardown to None, run_after=None
[2026-03-12T00:59:11.701+0000] {processor.py:208} INFO - Processing /home/ec2-user/environment/lab4_model_training/venv/lib64/python3.12/site-packages/airflow/example_dags/example_setup_teardown.py took 0.081 seconds
[2026-03-12T01:00:16.524+0000] {processor.py:186} INFO - Started process (PID=13318) to work on /home/ec2-user/environment/lab4_model_training/venv/lib64/python3.12/site-packages/airflow/example_dags/example_setup_teardown.py
[2026-03-12T01:00:16.525+0000] {processor.py:914} INFO - Processing file /home/ec2-user/environment/lab4_model_training/venv/lib64/python3.12/site-packages/airflow/example_dags/example_setup_teardown.py for tasks to queue
[2026-03-12T01:00:16.529+0000] {logging_mixin.py:190} INFO - [2026-03-12T01:00:16.528+0000] {dagbag.py:588} INFO - Filling up the DagBag from /home/ec2-user/environment/lab4_model_training/venv/lib64/python3.12/site-packages/airflow/example_dags/example_setup_teardown.py
[2026-03-12T01:00:16.540+0000] {processor.py:925} INFO - DAG(s) 'example_setup_teardown' retrieved from /home/ec2-user/environment/lab4_model_training/venv/lib64/python3.12/site-packages/airflow/example_dags/example_setup_teardown.py
[2026-03-12T01:00:16.562+0000] {logging_mixin.py:190} INFO - [2026-03-12T01:00:16.562+0000] {dag.py:3239} INFO - Sync 1 DAGs
[2026-03-12T01:00:16.582+0000] {logging_mixin.py:190} INFO - [2026-03-12T01:00:16.582+0000] {dag.py:4180} INFO - Setting next_dagrun for example_setup_teardown to None, run_after=None
[2026-03-12T01:00:16.613+0000] {processor.py:208} INFO - Processing /home/ec2-user/environment/lab4_model_training/venv/lib64/python3.12/site-packages/airflow/example_dags/example_setup_teardown.py took 0.095 seconds
[2026-03-12T01:01:19.792+0000] {processor.py:186} INFO - Started process (PID=13621) to work on /home/ec2-user/environment/lab4_model_training/venv/lib64/python3.12/site-packages/airflow/example_dags/example_setup_teardown.py
[2026-03-12T01:01:19.793+0000] {processor.py:914} INFO - Processing file /home/ec2-user/environment/lab4_model_training/venv/lib64/python3.12/site-packages/airflow/example_dags/example_setup_teardown.py for tasks to queue
[2026-03-12T01:01:19.795+0000] {logging_mixin.py:190} INFO - [2026-03-12T01:01:19.795+0000] {dagbag.py:588} INFO - Filling up the DagBag from /home/ec2-user/environment/lab4_model_training/venv/lib64/python3.12/site-packages/airflow/example_dags/example_setup_teardown.py
[2026-03-12T01:01:19.805+0000] {processor.py:925} INFO - DAG(s) 'example_setup_teardown' retrieved from /home/ec2-user/environment/lab4_model_training/venv/lib64/python3.12/site-packages/airflow/example_dags/example_setup_teardown.py
[2026-03-12T01:01:19.824+0000] {logging_mixin.py:190} INFO - [2026-03-12T01:01:19.824+0000] {dag.py:3239} INFO - Sync 1 DAGs
[2026-03-12T01:01:19.840+0000] {logging_mixin.py:190} INFO - [2026-03-12T01:01:19.839+0000] {dag.py:4180} INFO - Setting next_dagrun for example_setup_teardown to None, run_after=None
[2026-03-12T01:01:19.866+0000] {processor.py:208} INFO - Processing /home/ec2-user/environment/lab4_model_training/venv/lib64/python3.12/site-packages/airflow/example_dags/example_setup_teardown.py took 0.080 seconds
[2026-03-12T01:02:23.347+0000] {processor.py:186} INFO - Started process (PID=13867) to work on /home/ec2-user/environment/lab4_model_training/venv/lib64/python3.12/site-packages/airflow/example_dags/example_setup_teardown.py
[2026-03-12T01:02:23.348+0000] {processor.py:914} INFO - Processing file /home/ec2-user/environment/lab4_model_training/venv/lib64/python3.12/site-packages/airflow/example_dags/example_setup_teardown.py for tasks to queue
[2026-03-12T01:02:23.351+0000] {logging_mixin.py:190} INFO - [2026-03-12T01:02:23.350+0000] {dagbag.py:588} INFO - Filling up the DagBag from /home/ec2-user/environment/lab4_model_training/venv/lib64/python3.12/site-packages/airflow/example_dags/example_setup_teardown.py
[2026-03-12T01:02:23.361+0000] {processor.py:925} INFO - DAG(s) 'example_setup_teardown' retrieved from /home/ec2-user/environment/lab4_model_training/venv/lib64/python3.12/site-packages/airflow/example_dags/example_setup_teardown.py
[2026-03-12T01:02:23.380+0000] {logging_mixin.py:190} INFO - [2026-03-12T01:02:23.380+0000] {dag.py:3239} INFO - Sync 1 DAGs
[2026-03-12T01:02:23.396+0000] {logging_mixin.py:190} INFO - [2026-03-12T01:02:23.396+0000] {dag.py:4180} INFO - Setting next_dagrun for example_setup_teardown to None, run_after=None
[2026-03-12T01:02:23.423+0000] {processor.py:208} INFO - Processing /home/ec2-user/environment/lab4_model_training/venv/lib64/python3.12/site-packages/airflow/example_dags/example_setup_teardown.py took 0.081 seconds
[2026-03-12T01:03:28.188+0000] {processor.py:186} INFO - Started process (PID=14152) to work on /home/ec2-user/environment/lab4_model_training/venv/lib64/python3.12/site-packages/airflow/example_dags/example_setup_teardown.py
[2026-03-12T01:03:28.189+0000] {processor.py:914} INFO - Processing file /home/ec2-user/environment/lab4_model_training/venv/lib64/python3.12/site-packages/airflow/example_dags/example_setup_teardown.py for tasks to queue
[2026-03-12T01:03:28.191+0000] {logging_mixin.py:190} INFO - [2026-03-12T01:03:28.191+0000] {dagbag.py:588} INFO - Filling up the DagBag from /home/ec2-user/environment/lab4_model_training/venv/lib64/python3.12/site-packages/airflow/example_dags/example_setup_teardown.py
[2026-03-12T01:03:28.201+0000] {processor.py:925} INFO - DAG(s) 'example_setup_teardown' retrieved from /home/ec2-user/environment/lab4_model_training/venv/lib64/python3.12/site-packages/airflow/example_dags/example_setup_teardown.py
[2026-03-12T01:03:28.220+0000] {logging_mixin.py:190} INFO - [2026-03-12T01:03:28.220+0000] {dag.py:3239} INFO - Sync 1 DAGs
[2026-03-12T01:03:28.236+0000] {logging_mixin.py:190} INFO - [2026-03-12T01:03:28.236+0000] {dag.py:4180} INFO - Setting next_dagrun for example_setup_teardown to None, run_after=None
[2026-03-12T01:03:28.261+0000] {processor.py:208} INFO - Processing /home/ec2-user/environment/lab4_model_training/venv/lib64/python3.12/site-packages/airflow/example_dags/example_setup_teardown.py took 0.079 seconds
[2026-03-12T01:04:31.059+0000] {processor.py:186} INFO - Started process (PID=14443) to work on /home/ec2-user/environment/lab4_model_training/venv/lib64/python3.12/site-packages/airflow/example_dags/example_setup_teardown.py
[2026-03-12T01:04:31.060+0000] {processor.py:914} INFO - Processing file /home/ec2-user/environment/lab4_model_training/venv/lib64/python3.12/site-packages/airflow/example_dags/example_setup_teardown.py for tasks to queue
[2026-03-12T01:04:31.062+0000] {logging_mixin.py:190} INFO - [2026-03-12T01:04:31.062+0000] {dagbag.py:588} INFO - Filling up the DagBag from /home/ec2-user/environment/lab4_model_training/venv/lib64/python3.12/site-packages/airflow/example_dags/example_setup_teardown.py
[2026-03-12T01:04:31.072+0000] {processor.py:925} INFO - DAG(s) 'example_setup_teardown' retrieved from /home/ec2-user/environment/lab4_model_training/venv/lib64/python3.12/site-packages/airflow/example_dags/example_setup_teardown.py
[2026-03-12T01:04:31.090+0000] {logging_mixin.py:190} INFO - [2026-03-12T01:04:31.090+0000] {dag.py:3239} INFO - Sync 1 DAGs
[2026-03-12T01:04:31.106+0000] {logging_mixin.py:190} INFO - [2026-03-12T01:04:31.106+0000] {dag.py:4180} INFO - Setting next_dagrun for example_setup_teardown to None, run_after=None
[2026-03-12T01:04:31.142+0000] {processor.py:208} INFO - Processing /home/ec2-user/environment/lab4_model_training/venv/lib64/python3.12/site-packages/airflow/example_dags/example_setup_teardown.py took 0.089 seconds
[2026-03-12T01:05:38.747+0000] {processor.py:186} INFO - Started process (PID=14719) to work on /home/ec2-user/environment/lab4_model_training/venv/lib64/python3.12/site-packages/airflow/example_dags/example_setup_teardown.py
[2026-03-12T01:05:38.749+0000] {processor.py:914} INFO - Processing file /home/ec2-user/environment/lab4_model_training/venv/lib64/python3.12/site-packages/airflow/example_dags/example_setup_teardown.py for tasks to queue
[2026-03-12T01:05:38.752+0000] {logging_mixin.py:190} INFO - [2026-03-12T01:05:38.751+0000] {dagbag.py:588} INFO - Filling up the DagBag from /home/ec2-user/environment/lab4_model_training/venv/lib64/python3.12/site-packages/airflow/example_dags/example_setup_teardown.py
[2026-03-12T01:05:38.762+0000] {processor.py:925} INFO - DAG(s) 'example_setup_teardown' retrieved from /home/ec2-user/environment/lab4_model_training/venv/lib64/python3.12/site-packages/airflow/example_dags/example_setup_teardown.py
[2026-03-12T01:05:38.781+0000] {logging_mixin.py:190} INFO - [2026-03-12T01:05:38.781+0000] {dag.py:3239} INFO - Sync 1 DAGs
[2026-03-12T01:05:38.797+0000] {logging_mixin.py:190} INFO - [2026-03-12T01:05:38.797+0000] {dag.py:4180} INFO - Setting next_dagrun for example_setup_teardown to None, run_after=None
[2026-03-12T01:05:38.819+0000] {processor.py:208} INFO - Processing /home/ec2-user/environment/lab4_model_training/venv/lib64/python3.12/site-packages/airflow/example_dags/example_setup_teardown.py took 0.078 seconds
[2026-03-12T01:06:39.105+0000] {processor.py:186} INFO - Started process (PID=15010) to work on /home/ec2-user/environment/lab4_model_training/venv/lib64/python3.12/site-packages/airflow/example_dags/example_setup_teardown.py
[2026-03-12T01:06:39.106+0000] {processor.py:914} INFO - Processing file /home/ec2-user/environment/lab4_model_training/venv/lib64/python3.12/site-packages/airflow/example_dags/example_setup_teardown.py for tasks to queue
[2026-03-12T01:06:39.108+0000] {logging_mixin.py:190} INFO - [2026-03-12T01:06:39.108+0000] {dagbag.py:588} INFO - Filling up the DagBag from /home/ec2-user/environment/lab4_model_training/venv/lib64/python3.12/site-packages/airflow/example_dags/example_setup_teardown.py
[2026-03-12T01:06:39.118+0000] {processor.py:925} INFO - DAG(s) 'example_setup_teardown' retrieved from /home/ec2-user/environment/lab4_model_training/venv/lib64/python3.12/site-packages/airflow/example_dags/example_setup_teardown.py
[2026-03-12T01:06:39.137+0000] {logging_mixin.py:190} INFO - [2026-03-12T01:06:39.137+0000] {dag.py:3239} INFO - Sync 1 DAGs
[2026-03-12T01:06:39.152+0000] {logging_mixin.py:190} INFO - [2026-03-12T01:06:39.152+0000] {dag.py:4180} INFO - Setting next_dagrun for example_setup_teardown to None, run_after=None
[2026-03-12T01:06:39.178+0000] {processor.py:208} INFO - Processing /home/ec2-user/environment/lab4_model_training/venv/lib64/python3.12/site-packages/airflow/example_dags/example_setup_teardown.py took 0.078 seconds
[2026-03-12T01:07:39.707+0000] {processor.py:186} INFO - Started process (PID=15293) to work on /home/ec2-user/environment/lab4_model_training/venv/lib64/python3.12/site-packages/airflow/example_dags/example_setup_teardown.py
[2026-03-12T01:07:39.709+0000] {processor.py:914} INFO - Processing file /home/ec2-user/environment/lab4_model_training/venv/lib64/python3.12/site-packages/airflow/example_dags/example_setup_teardown.py for tasks to queue
[2026-03-12T01:07:39.712+0000] {logging_mixin.py:190} INFO - [2026-03-12T01:07:39.711+0000] {dagbag.py:588} INFO - Filling up the DagBag from /home/ec2-user/environment/lab4_model_training/venv/lib64/python3.12/site-packages/airflow/example_dags/example_setup_teardown.py
[2026-03-12T01:07:39.723+0000] {processor.py:925} INFO - DAG(s) 'example_setup_teardown' retrieved from /home/ec2-user/environment/lab4_model_training/venv/lib64/python3.12/site-packages/airflow/example_dags/example_setup_teardown.py
[2026-03-12T01:07:39.744+0000] {logging_mixin.py:190} INFO - [2026-03-12T01:07:39.744+0000] {dag.py:3239} INFO - Sync 1 DAGs
[2026-03-12T01:07:39.762+0000] {logging_mixin.py:190} INFO - [2026-03-12T01:07:39.761+0000] {dag.py:4180} INFO - Setting next_dagrun for example_setup_teardown to None, run_after=None
[2026-03-12T01:07:39.785+0000] {processor.py:208} INFO - Processing /home/ec2-user/environment/lab4_model_training/venv/lib64/python3.12/site-packages/airflow/example_dags/example_setup_teardown.py took 0.083 seconds
[2026-03-12T01:08:42.285+0000] {processor.py:186} INFO - Started process (PID=15530) to work on /home/ec2-user/environment/lab4_model_training/venv/lib64/python3.12/site-packages/airflow/example_dags/example_setup_teardown.py
[2026-03-12T01:08:42.286+0000] {processor.py:914} INFO - Processing file /home/ec2-user/environment/lab4_model_training/venv/lib64/python3.12/site-packages/airflow/example_dags/example_setup_teardown.py for tasks to queue
[2026-03-12T01:08:42.289+0000] {logging_mixin.py:190} INFO - [2026-03-12T01:08:42.289+0000] {dagbag.py:588} INFO - Filling up the DagBag from /home/ec2-user/environment/lab4_model_training/venv/lib64/python3.12/site-packages/airflow/example_dags/example_setup_teardown.py
[2026-03-12T01:08:42.300+0000] {processor.py:925} INFO - DAG(s) 'example_setup_teardown' retrieved from /home/ec2-user/environment/lab4_model_training/venv/lib64/python3.12/site-packages/airflow/example_dags/example_setup_teardown.py
[2026-03-12T01:08:42.322+0000] {logging_mixin.py:190} INFO - [2026-03-12T01:08:42.321+0000] {dag.py:3239} INFO - Sync 1 DAGs
[2026-03-12T01:08:42.339+0000] {logging_mixin.py:190} INFO - [2026-03-12T01:08:42.339+0000] {dag.py:4180} INFO - Setting next_dagrun for example_setup_teardown to None, run_after=None
[2026-03-12T01:08:42.362+0000] {processor.py:208} INFO - Processing /home/ec2-user/environment/lab4_model_training/venv/lib64/python3.12/site-packages/airflow/example_dags/example_setup_teardown.py took 0.083 seconds
[2026-03-12T01:09:43.078+0000] {processor.py:186} INFO - Started process (PID=15818) to work on /home/ec2-user/environment/lab4_model_training/venv/lib64/python3.12/site-packages/airflow/example_dags/example_setup_teardown.py
[2026-03-12T01:09:43.079+0000] {processor.py:914} INFO - Processing file /home/ec2-user/environment/lab4_model_training/venv/lib64/python3.12/site-packages/airflow/example_dags/example_setup_teardown.py for tasks to queue
[2026-03-12T01:09:43.082+0000] {logging_mixin.py:190} INFO - [2026-03-12T01:09:43.081+0000] {dagbag.py:588} INFO - Filling up the DagBag from /home/ec2-user/environment/lab4_model_training/venv/lib64/python3.12/site-packages/airflow/example_dags/example_setup_teardown.py
[2026-03-12T01:09:43.092+0000] {processor.py:925} INFO - DAG(s) 'example_setup_teardown' retrieved from /home/ec2-user/environment/lab4_model_training/venv/lib64/python3.12/site-packages/airflow/example_dags/example_setup_teardown.py
[2026-03-12T01:09:43.111+0000] {logging_mixin.py:190} INFO - [2026-03-12T01:09:43.111+0000] {dag.py:3239} INFO - Sync 1 DAGs
[2026-03-12T01:09:43.127+0000] {logging_mixin.py:190} INFO - [2026-03-12T01:09:43.127+0000] {dag.py:4180} INFO - Setting next_dagrun for example_setup_teardown to None, run_after=None
[2026-03-12T01:09:43.150+0000] {processor.py:208} INFO - Processing /home/ec2-user/environment/lab4_model_training/venv/lib64/python3.12/site-packages/airflow/example_dags/example_setup_teardown.py took 0.078 seconds
[2026-03-12T01:10:49.283+0000] {processor.py:186} INFO - Started process (PID=16067) to work on /home/ec2-user/environment/lab4_model_training/venv/lib64/python3.12/site-packages/airflow/example_dags/example_setup_teardown.py
[2026-03-12T01:10:49.284+0000] {processor.py:914} INFO - Processing file /home/ec2-user/environment/lab4_model_training/venv/lib64/python3.12/site-packages/airflow/example_dags/example_setup_teardown.py for tasks to queue
[2026-03-12T01:10:49.287+0000] {logging_mixin.py:190} INFO - [2026-03-12T01:10:49.286+0000] {dagbag.py:588} INFO - Filling up the DagBag from /home/ec2-user/environment/lab4_model_training/venv/lib64/python3.12/site-packages/airflow/example_dags/example_setup_teardown.py
[2026-03-12T01:10:49.296+0000] {processor.py:925} INFO - DAG(s) 'example_setup_teardown' retrieved from /home/ec2-user/environment/lab4_model_training/venv/lib64/python3.12/site-packages/airflow/example_dags/example_setup_teardown.py
[2026-03-12T01:10:49.315+0000] {logging_mixin.py:190} INFO - [2026-03-12T01:10:49.315+0000] {dag.py:3239} INFO - Sync 1 DAGs
[2026-03-12T01:10:49.331+0000] {logging_mixin.py:190} INFO - [2026-03-12T01:10:49.331+0000] {dag.py:4180} INFO - Setting next_dagrun for example_setup_teardown to None, run_after=None
[2026-03-12T01:10:49.352+0000] {processor.py:208} INFO - Processing /home/ec2-user/environment/lab4_model_training/venv/lib64/python3.12/site-packages/airflow/example_dags/example_setup_teardown.py took 0.075 seconds
[2026-03-12T01:11:55.793+0000] {processor.py:186} INFO - Started process (PID=16366) to work on /home/ec2-user/environment/lab4_model_training/venv/lib64/python3.12/site-packages/airflow/example_dags/example_setup_teardown.py
[2026-03-12T01:11:55.795+0000] {processor.py:914} INFO - Processing file /home/ec2-user/environment/lab4_model_training/venv/lib64/python3.12/site-packages/airflow/example_dags/example_setup_teardown.py for tasks to queue
[2026-03-12T01:11:55.798+0000] {logging_mixin.py:190} INFO - [2026-03-12T01:11:55.797+0000] {dagbag.py:588} INFO - Filling up the DagBag from /home/ec2-user/environment/lab4_model_training/venv/lib64/python3.12/site-packages/airflow/example_dags/example_setup_teardown.py
[2026-03-12T01:11:55.807+0000] {processor.py:925} INFO - DAG(s) 'example_setup_teardown' retrieved from /home/ec2-user/environment/lab4_model_training/venv/lib64/python3.12/site-packages/airflow/example_dags/example_setup_teardown.py
[2026-03-12T01:11:55.829+0000] {logging_mixin.py:190} INFO - [2026-03-12T01:11:55.829+0000] {dag.py:3239} INFO - Sync 1 DAGs
[2026-03-12T01:11:55.844+0000] {logging_mixin.py:190} INFO - [2026-03-12T01:11:55.844+0000] {dag.py:4180} INFO - Setting next_dagrun for example_setup_teardown to None, run_after=None
[2026-03-12T01:11:55.868+0000] {processor.py:208} INFO - Processing /home/ec2-user/environment/lab4_model_training/venv/lib64/python3.12/site-packages/airflow/example_dags/example_setup_teardown.py took 0.080 seconds
[2026-03-12T01:12:57.816+0000] {processor.py:186} INFO - Started process (PID=16663) to work on /home/ec2-user/environment/lab4_model_training/venv/lib64/python3.12/site-packages/airflow/example_dags/example_setup_teardown.py
[2026-03-12T01:12:57.818+0000] {processor.py:914} INFO - Processing file /home/ec2-user/environment/lab4_model_training/venv/lib64/python3.12/site-packages/airflow/example_dags/example_setup_teardown.py for tasks to queue
[2026-03-12T01:12:57.821+0000] {logging_mixin.py:190} INFO - [2026-03-12T01:12:57.820+0000] {dagbag.py:588} INFO - Filling up the DagBag from /home/ec2-user/environment/lab4_model_training/venv/lib64/python3.12/site-packages/airflow/example_dags/example_setup_teardown.py
[2026-03-12T01:12:57.830+0000] {processor.py:925} INFO - DAG(s) 'example_setup_teardown' retrieved from /home/ec2-user/environment/lab4_model_training/venv/lib64/python3.12/site-packages/airflow/example_dags/example_setup_teardown.py
[2026-03-12T01:12:57.851+0000] {logging_mixin.py:190} INFO - [2026-03-12T01:12:57.851+0000] {dag.py:3239} INFO - Sync 1 DAGs
[2026-03-12T01:12:57.867+0000] {logging_mixin.py:190} INFO - [2026-03-12T01:12:57.867+0000] {dag.py:4180} INFO - Setting next_dagrun for example_setup_teardown to None, run_after=None
[2026-03-12T01:12:57.891+0000] {processor.py:208} INFO - Processing /home/ec2-user/environment/lab4_model_training/venv/lib64/python3.12/site-packages/airflow/example_dags/example_setup_teardown.py took 0.080 seconds
[2026-03-12T01:14:03.141+0000] {processor.py:186} INFO - Started process (PID=16985) to work on /home/ec2-user/environment/lab4_model_training/venv/lib64/python3.12/site-packages/airflow/example_dags/example_setup_teardown.py
[2026-03-12T01:14:03.142+0000] {processor.py:914} INFO - Processing file /home/ec2-user/environment/lab4_model_training/venv/lib64/python3.12/site-packages/airflow/example_dags/example_setup_teardown.py for tasks to queue
[2026-03-12T01:14:03.144+0000] {logging_mixin.py:190} INFO - [2026-03-12T01:14:03.144+0000] {dagbag.py:588} INFO - Filling up the DagBag from /home/ec2-user/environment/lab4_model_training/venv/lib64/python3.12/site-packages/airflow/example_dags/example_setup_teardown.py
[2026-03-12T01:14:03.154+0000] {processor.py:925} INFO - DAG(s) 'example_setup_teardown' retrieved from /home/ec2-user/environment/lab4_model_training/venv/lib64/python3.12/site-packages/airflow/example_dags/example_setup_teardown.py
[2026-03-12T01:14:03.174+0000] {logging_mixin.py:190} INFO - [2026-03-12T01:14:03.174+0000] {dag.py:3239} INFO - Sync 1 DAGs
[2026-03-12T01:14:03.190+0000] {logging_mixin.py:190} INFO - [2026-03-12T01:14:03.189+0000] {dag.py:4180} INFO - Setting next_dagrun for example_setup_teardown to None, run_after=None
[2026-03-12T01:14:03.216+0000] {processor.py:208} INFO - Processing /home/ec2-user/environment/lab4_model_training/venv/lib64/python3.12/site-packages/airflow/example_dags/example_setup_teardown.py took 0.081 seconds
[2026-03-12T01:15:06.682+0000] {processor.py:186} INFO - Started process (PID=17287) to work on /home/ec2-user/environment/lab4_model_training/venv/lib64/python3.12/site-packages/airflow/example_dags/example_setup_teardown.py
[2026-03-12T01:15:06.683+0000] {processor.py:914} INFO - Processing file /home/ec2-user/environment/lab4_model_training/venv/lib64/python3.12/site-packages/airflow/example_dags/example_setup_teardown.py for tasks to queue
[2026-03-12T01:15:06.686+0000] {logging_mixin.py:190} INFO - [2026-03-12T01:15:06.686+0000] {dagbag.py:588} INFO - Filling up the DagBag from /home/ec2-user/environment/lab4_model_training/venv/lib64/python3.12/site-packages/airflow/example_dags/example_setup_teardown.py
[2026-03-12T01:15:06.698+0000] {processor.py:925} INFO - DAG(s) 'example_setup_teardown' retrieved from /home/ec2-user/environment/lab4_model_training/venv/lib64/python3.12/site-packages/airflow/example_dags/example_setup_teardown.py
[2026-03-12T01:15:06.721+0000] {logging_mixin.py:190} INFO - [2026-03-12T01:15:06.721+0000] {dag.py:3239} INFO - Sync 1 DAGs
[2026-03-12T01:15:06.737+0000] {logging_mixin.py:190} INFO - [2026-03-12T01:15:06.737+0000] {dag.py:4180} INFO - Setting next_dagrun for example_setup_teardown to None, run_after=None
[2026-03-12T01:15:06.762+0000] {processor.py:208} INFO - Processing /home/ec2-user/environment/lab4_model_training/venv/lib64/python3.12/site-packages/airflow/example_dags/example_setup_teardown.py took 0.085 seconds
[2026-03-12T01:16:07.572+0000] {processor.py:186} INFO - Started process (PID=17574) to work on /home/ec2-user/environment/lab4_model_training/venv/lib64/python3.12/site-packages/airflow/example_dags/example_setup_teardown.py
[2026-03-12T01:16:07.573+0000] {processor.py:914} INFO - Processing file /home/ec2-user/environment/lab4_model_training/venv/lib64/python3.12/site-packages/airflow/example_dags/example_setup_teardown.py for tasks to queue
[2026-03-12T01:16:07.576+0000] {logging_mixin.py:190} INFO - [2026-03-12T01:16:07.576+0000] {dagbag.py:588} INFO - Filling up the DagBag from /home/ec2-user/environment/lab4_model_training/venv/lib64/python3.12/site-packages/airflow/example_dags/example_setup_teardown.py
[2026-03-12T01:16:07.587+0000] {processor.py:925} INFO - DAG(s) 'example_setup_teardown' retrieved from /home/ec2-user/environment/lab4_model_training/venv/lib64/python3.12/site-packages/airflow/example_dags/example_setup_teardown.py
[2026-03-12T01:16:07.607+0000] {logging_mixin.py:190} INFO - [2026-03-12T01:16:07.607+0000] {dag.py:3239} INFO - Sync 1 DAGs
[2026-03-12T01:16:07.626+0000] {logging_mixin.py:190} INFO - [2026-03-12T01:16:07.625+0000] {dag.py:4180} INFO - Setting next_dagrun for example_setup_teardown to None, run_after=None
[2026-03-12T01:16:07.651+0000] {processor.py:208} INFO - Processing /home/ec2-user/environment/lab4_model_training/venv/lib64/python3.12/site-packages/airflow/example_dags/example_setup_teardown.py took 0.085 seconds
[2026-03-12T01:17:16.465+0000] {processor.py:186} INFO - Started process (PID=17895) to work on /home/ec2-user/environment/lab4_model_training/venv/lib64/python3.12/site-packages/airflow/example_dags/example_setup_teardown.py
[2026-03-12T01:17:16.467+0000] {processor.py:914} INFO - Processing file /home/ec2-user/environment/lab4_model_training/venv/lib64/python3.12/site-packages/airflow/example_dags/example_setup_teardown.py for tasks to queue
[2026-03-12T01:17:16.469+0000] {logging_mixin.py:190} INFO - [2026-03-12T01:17:16.468+0000] {dagbag.py:588} INFO - Filling up the DagBag from /home/ec2-user/environment/lab4_model_training/venv/lib64/python3.12/site-packages/airflow/example_dags/example_setup_teardown.py
[2026-03-12T01:17:16.478+0000] {processor.py:925} INFO - DAG(s) 'example_setup_teardown' retrieved from /home/ec2-user/environment/lab4_model_training/venv/lib64/python3.12/site-packages/airflow/example_dags/example_setup_teardown.py
[2026-03-12T01:17:16.498+0000] {logging_mixin.py:190} INFO - [2026-03-12T01:17:16.498+0000] {dag.py:3239} INFO - Sync 1 DAGs
[2026-03-12T01:17:16.514+0000] {logging_mixin.py:190} INFO - [2026-03-12T01:17:16.514+0000] {dag.py:4180} INFO - Setting next_dagrun for example_setup_teardown to None, run_after=None
[2026-03-12T01:17:16.537+0000] {processor.py:208} INFO - Processing /home/ec2-user/environment/lab4_model_training/venv/lib64/python3.12/site-packages/airflow/example_dags/example_setup_teardown.py took 0.077 seconds
[2026-03-12T01:18:18.054+0000] {processor.py:186} INFO - Started process (PID=18119) to work on /home/ec2-user/environment/lab4_model_training/venv/lib64/python3.12/site-packages/airflow/example_dags/example_setup_teardown.py
[2026-03-12T01:18:18.055+0000] {processor.py:914} INFO - Processing file /home/ec2-user/environment/lab4_model_training/venv/lib64/python3.12/site-packages/airflow/example_dags/example_setup_teardown.py for tasks to queue
[2026-03-12T01:18:18.057+0000] {logging_mixin.py:190} INFO - [2026-03-12T01:18:18.057+0000] {dagbag.py:588} INFO - Filling up the DagBag from /home/ec2-user/environment/lab4_model_training/venv/lib64/python3.12/site-packages/airflow/example_dags/example_setup_teardown.py
[2026-03-12T01:18:18.067+0000] {processor.py:925} INFO - DAG(s) 'example_setup_teardown' retrieved from /home/ec2-user/environment/lab4_model_training/venv/lib64/python3.12/site-packages/airflow/example_dags/example_setup_teardown.py
[2026-03-12T01:18:18.086+0000] {logging_mixin.py:190} INFO - [2026-03-12T01:18:18.086+0000] {dag.py:3239} INFO - Sync 1 DAGs
[2026-03-12T01:18:18.102+0000] {logging_mixin.py:190} INFO - [2026-03-12T01:18:18.102+0000] {dag.py:4180} INFO - Setting next_dagrun for example_setup_teardown to None, run_after=None
[2026-03-12T01:18:18.124+0000] {processor.py:208} INFO - Processing /home/ec2-user/environment/lab4_model_training/venv/lib64/python3.12/site-packages/airflow/example_dags/example_setup_teardown.py took 0.076 seconds
[2026-03-12T01:19:22.737+0000] {processor.py:186} INFO - Started process (PID=18418) to work on /home/ec2-user/environment/lab4_model_training/venv/lib64/python3.12/site-packages/airflow/example_dags/example_setup_teardown.py
[2026-03-12T01:19:22.738+0000] {processor.py:914} INFO - Processing file /home/ec2-user/environment/lab4_model_training/venv/lib64/python3.12/site-packages/airflow/example_dags/example_setup_teardown.py for tasks to queue
[2026-03-12T01:19:22.741+0000] {logging_mixin.py:190} INFO - [2026-03-12T01:19:22.740+0000] {dagbag.py:588} INFO - Filling up the DagBag from /home/ec2-user/environment/lab4_model_training/venv/lib64/python3.12/site-packages/airflow/example_dags/example_setup_teardown.py
[2026-03-12T01:19:22.752+0000] {processor.py:925} INFO - DAG(s) 'example_setup_teardown' retrieved from /home/ec2-user/environment/lab4_model_training/venv/lib64/python3.12/site-packages/airflow/example_dags/example_setup_teardown.py
[2026-03-12T01:19:22.774+0000] {logging_mixin.py:190} INFO - [2026-03-12T01:19:22.773+0000] {dag.py:3239} INFO - Sync 1 DAGs
[2026-03-12T01:19:22.790+0000] {logging_mixin.py:190} INFO - [2026-03-12T01:19:22.789+0000] {dag.py:4180} INFO - Setting next_dagrun for example_setup_teardown to None, run_after=None
[2026-03-12T01:19:22.931+0000] {processor.py:208} INFO - Processing /home/ec2-user/environment/lab4_model_training/venv/lib64/python3.12/site-packages/airflow/example_dags/example_setup_teardown.py took 0.200 seconds
[2026-03-12T01:20:30.937+0000] {processor.py:186} INFO - Started process (PID=18721) to work on /home/ec2-user/environment/lab4_model_training/venv/lib64/python3.12/site-packages/airflow/example_dags/example_setup_teardown.py
[2026-03-12T01:20:30.938+0000] {processor.py:914} INFO - Processing file /home/ec2-user/environment/lab4_model_training/venv/lib64/python3.12/site-packages/airflow/example_dags/example_setup_teardown.py for tasks to queue
[2026-03-12T01:20:30.941+0000] {logging_mixin.py:190} INFO - [2026-03-12T01:20:30.940+0000] {dagbag.py:588} INFO - Filling up the DagBag from /home/ec2-user/environment/lab4_model_training/venv/lib64/python3.12/site-packages/airflow/example_dags/example_setup_teardown.py
[2026-03-12T01:20:30.951+0000] {processor.py:925} INFO - DAG(s) 'example_setup_teardown' retrieved from /home/ec2-user/environment/lab4_model_training/venv/lib64/python3.12/site-packages/airflow/example_dags/example_setup_teardown.py
[2026-03-12T01:20:30.971+0000] {logging_mixin.py:190} INFO - [2026-03-12T01:20:30.971+0000] {dag.py:3239} INFO - Sync 1 DAGs
[2026-03-12T01:20:30.987+0000] {logging_mixin.py:190} INFO - [2026-03-12T01:20:30.987+0000] {dag.py:4180} INFO - Setting next_dagrun for example_setup_teardown to None, run_after=None
[2026-03-12T01:20:31.010+0000] {processor.py:208} INFO - Processing /home/ec2-user/environment/lab4_model_training/venv/lib64/python3.12/site-packages/airflow/example_dags/example_setup_teardown.py took 0.079 seconds
[2026-03-12T01:21:39.794+0000] {processor.py:186} INFO - Started process (PID=19015) to work on /home/ec2-user/environment/lab4_model_training/venv/lib64/python3.12/site-packages/airflow/example_dags/example_setup_teardown.py
[2026-03-12T01:21:39.796+0000] {processor.py:914} INFO - Processing file /home/ec2-user/environment/lab4_model_training/venv/lib64/python3.12/site-packages/airflow/example_dags/example_setup_teardown.py for tasks to queue
[2026-03-12T01:21:39.798+0000] {logging_mixin.py:190} INFO - [2026-03-12T01:21:39.797+0000] {dagbag.py:588} INFO - Filling up the DagBag from /home/ec2-user/environment/lab4_model_training/venv/lib64/python3.12/site-packages/airflow/example_dags/example_setup_teardown.py
[2026-03-12T01:21:39.807+0000] {processor.py:925} INFO - DAG(s) 'example_setup_teardown' retrieved from /home/ec2-user/environment/lab4_model_training/venv/lib64/python3.12/site-packages/airflow/example_dags/example_setup_teardown.py
[2026-03-12T01:21:39.827+0000] {logging_mixin.py:190} INFO - [2026-03-12T01:21:39.827+0000] {dag.py:3239} INFO - Sync 1 DAGs
[2026-03-12T01:21:39.843+0000] {logging_mixin.py:190} INFO - [2026-03-12T01:21:39.842+0000] {dag.py:4180} INFO - Setting next_dagrun for example_setup_teardown to None, run_after=None
[2026-03-12T01:21:39.868+0000] {processor.py:208} INFO - Processing /home/ec2-user/environment/lab4_model_training/venv/lib64/python3.12/site-packages/airflow/example_dags/example_setup_teardown.py took 0.079 seconds
[2026-03-12T01:22:47.713+0000] {processor.py:186} INFO - Started process (PID=19310) to work on /home/ec2-user/environment/lab4_model_training/venv/lib64/python3.12/site-packages/airflow/example_dags/example_setup_teardown.py
[2026-03-12T01:22:47.715+0000] {processor.py:914} INFO - Processing file /home/ec2-user/environment/lab4_model_training/venv/lib64/python3.12/site-packages/airflow/example_dags/example_setup_teardown.py for tasks to queue
[2026-03-12T01:22:47.717+0000] {logging_mixin.py:190} INFO - [2026-03-12T01:22:47.716+0000] {dagbag.py:588} INFO - Filling up the DagBag from /home/ec2-user/environment/lab4_model_training/venv/lib64/python3.12/site-packages/airflow/example_dags/example_setup_teardown.py
[2026-03-12T01:22:47.726+0000] {processor.py:925} INFO - DAG(s) 'example_setup_teardown' retrieved from /home/ec2-user/environment/lab4_model_training/venv/lib64/python3.12/site-packages/airflow/example_dags/example_setup_teardown.py
[2026-03-12T01:22:47.746+0000] {logging_mixin.py:190} INFO - [2026-03-12T01:22:47.746+0000] {dag.py:3239} INFO - Sync 1 DAGs
[2026-03-12T01:22:47.761+0000] {logging_mixin.py:190} INFO - [2026-03-12T01:22:47.761+0000] {dag.py:4180} INFO - Setting next_dagrun for example_setup_teardown to None, run_after=None
[2026-03-12T01:22:47.785+0000] {processor.py:208} INFO - Processing /home/ec2-user/environment/lab4_model_training/venv/lib64/python3.12/site-packages/airflow/example_dags/example_setup_teardown.py took 0.078 seconds
[2026-03-12T01:23:55.003+0000] {processor.py:186} INFO - Started process (PID=19560) to work on /home/ec2-user/environment/lab4_model_training/venv/lib64/python3.12/site-packages/airflow/example_dags/example_setup_teardown.py
[2026-03-12T01:23:55.004+0000] {processor.py:914} INFO - Processing file /home/ec2-user/environment/lab4_model_training/venv/lib64/python3.12/site-packages/airflow/example_dags/example_setup_teardown.py for tasks to queue
[2026-03-12T01:23:55.007+0000] {logging_mixin.py:190} INFO - [2026-03-12T01:23:55.007+0000] {dagbag.py:588} INFO - Filling up the DagBag from /home/ec2-user/environment/lab4_model_training/venv/lib64/python3.12/site-packages/airflow/example_dags/example_setup_teardown.py
[2026-03-12T01:23:55.019+0000] {processor.py:925} INFO - DAG(s) 'example_setup_teardown' retrieved from /home/ec2-user/environment/lab4_model_training/venv/lib64/python3.12/site-packages/airflow/example_dags/example_setup_teardown.py
[2026-03-12T01:23:55.040+0000] {logging_mixin.py:190} INFO - [2026-03-12T01:23:55.040+0000] {dag.py:3239} INFO - Sync 1 DAGs
[2026-03-12T01:23:55.057+0000] {logging_mixin.py:190} INFO - [2026-03-12T01:23:55.057+0000] {dag.py:4180} INFO - Setting next_dagrun for example_setup_teardown to None, run_after=None
[2026-03-12T01:23:55.198+0000] {processor.py:208} INFO - Processing /home/ec2-user/environment/lab4_model_training/venv/lib64/python3.12/site-packages/airflow/example_dags/example_setup_teardown.py took 0.200 seconds
[2026-03-12T01:25:11.295+0000] {processor.py:186} INFO - Started process (PID=19916) to work on /home/ec2-user/environment/lab4_model_training/venv/lib64/python3.12/site-packages/airflow/example_dags/example_setup_teardown.py
[2026-03-12T01:25:11.296+0000] {processor.py:914} INFO - Processing file /home/ec2-user/environment/lab4_model_training/venv/lib64/python3.12/site-packages/airflow/example_dags/example_setup_teardown.py for tasks to queue
[2026-03-12T01:25:11.299+0000] {logging_mixin.py:190} INFO - [2026-03-12T01:25:11.299+0000] {dagbag.py:588} INFO - Filling up the DagBag from /home/ec2-user/environment/lab4_model_training/venv/lib64/python3.12/site-packages/airflow/example_dags/example_setup_teardown.py
[2026-03-12T01:25:11.309+0000] {processor.py:925} INFO - DAG(s) 'example_setup_teardown' retrieved from /home/ec2-user/environment/lab4_model_training/venv/lib64/python3.12/site-packages/airflow/example_dags/example_setup_teardown.py
[2026-03-12T01:25:11.329+0000] {logging_mixin.py:190} INFO - [2026-03-12T01:25:11.329+0000] {dag.py:3239} INFO - Sync 1 DAGs
[2026-03-12T01:25:11.346+0000] {logging_mixin.py:190} INFO - [2026-03-12T01:25:11.346+0000] {dag.py:4180} INFO - Setting next_dagrun for example_setup_teardown to None, run_after=None
[2026-03-12T01:25:11.371+0000] {processor.py:208} INFO - Processing /home/ec2-user/environment/lab4_model_training/venv/lib64/python3.12/site-packages/airflow/example_dags/example_setup_teardown.py took 0.082 seconds
[2026-03-12T01:26:21.088+0000] {processor.py:186} INFO - Started process (PID=20177) to work on /home/ec2-user/environment/lab4_model_training/venv/lib64/python3.12/site-packages/airflow/example_dags/example_setup_teardown.py
[2026-03-12T01:26:21.089+0000] {processor.py:914} INFO - Processing file /home/ec2-user/environment/lab4_model_training/venv/lib64/python3.12/site-packages/airflow/example_dags/example_setup_teardown.py for tasks to queue
[2026-03-12T01:26:21.091+0000] {logging_mixin.py:190} INFO - [2026-03-12T01:26:21.091+0000] {dagbag.py:588} INFO - Filling up the DagBag from /home/ec2-user/environment/lab4_model_training/venv/lib64/python3.12/site-packages/airflow/example_dags/example_setup_teardown.py
[2026-03-12T01:26:21.101+0000] {processor.py:925} INFO - DAG(s) 'example_setup_teardown' retrieved from /home/ec2-user/environment/lab4_model_training/venv/lib64/python3.12/site-packages/airflow/example_dags/example_setup_teardown.py
[2026-03-12T01:26:21.120+0000] {logging_mixin.py:190} INFO - [2026-03-12T01:26:21.119+0000] {dag.py:3239} INFO - Sync 1 DAGs
[2026-03-12T01:26:21.136+0000] {logging_mixin.py:190} INFO - [2026-03-12T01:26:21.135+0000] {dag.py:4180} INFO - Setting next_dagrun for example_setup_teardown to None, run_after=None
[2026-03-12T01:26:21.163+0000] {processor.py:208} INFO - Processing /home/ec2-user/environment/lab4_model_training/venv/lib64/python3.12/site-packages/airflow/example_dags/example_setup_teardown.py took 0.081 seconds
[2026-03-12T01:27:21.829+0000] {processor.py:186} INFO - Started process (PID=20460) to work on /home/ec2-user/environment/lab4_model_training/venv/lib64/python3.12/site-packages/airflow/example_dags/example_setup_teardown.py
[2026-03-12T01:27:21.831+0000] {processor.py:914} INFO - Processing file /home/ec2-user/environment/lab4_model_training/venv/lib64/python3.12/site-packages/airflow/example_dags/example_setup_teardown.py for tasks to queue
[2026-03-12T01:27:21.833+0000] {logging_mixin.py:190} INFO - [2026-03-12T01:27:21.832+0000] {dagbag.py:588} INFO - Filling up the DagBag from /home/ec2-user/environment/lab4_model_training/venv/lib64/python3.12/site-packages/airflow/example_dags/example_setup_teardown.py
[2026-03-12T01:27:21.842+0000] {processor.py:925} INFO - DAG(s) 'example_setup_teardown' retrieved from /home/ec2-user/environment/lab4_model_training/venv/lib64/python3.12/site-packages/airflow/example_dags/example_setup_teardown.py
[2026-03-12T01:27:21.863+0000] {logging_mixin.py:190} INFO - [2026-03-12T01:27:21.863+0000] {dag.py:3239} INFO - Sync 1 DAGs
[2026-03-12T01:27:21.878+0000] {logging_mixin.py:190} INFO - [2026-03-12T01:27:21.878+0000] {dag.py:4180} INFO - Setting next_dagrun for example_setup_teardown to None, run_after=None
[2026-03-12T01:27:21.903+0000] {processor.py:208} INFO - Processing /home/ec2-user/environment/lab4_model_training/venv/lib64/python3.12/site-packages/airflow/example_dags/example_setup_teardown.py took 0.080 seconds
[2026-03-12T01:28:22.473+0000] {processor.py:186} INFO - Started process (PID=20686) to work on /home/ec2-user/environment/lab4_model_training/venv/lib64/python3.12/site-packages/airflow/example_dags/example_setup_teardown.py
[2026-03-12T01:28:22.474+0000] {processor.py:914} INFO - Processing file /home/ec2-user/environment/lab4_model_training/venv/lib64/python3.12/site-packages/airflow/example_dags/example_setup_teardown.py for tasks to queue
[2026-03-12T01:28:22.477+0000] {logging_mixin.py:190} INFO - [2026-03-12T01:28:22.477+0000] {dagbag.py:588} INFO - Filling up the DagBag from /home/ec2-user/environment/lab4_model_training/venv/lib64/python3.12/site-packages/airflow/example_dags/example_setup_teardown.py
[2026-03-12T01:28:22.488+0000] {processor.py:925} INFO - DAG(s) 'example_setup_teardown' retrieved from /home/ec2-user/environment/lab4_model_training/venv/lib64/python3.12/site-packages/airflow/example_dags/example_setup_teardown.py
[2026-03-12T01:28:22.509+0000] {logging_mixin.py:190} INFO - [2026-03-12T01:28:22.509+0000] {dag.py:3239} INFO - Sync 1 DAGs
[2026-03-12T01:28:22.526+0000] {logging_mixin.py:190} INFO - [2026-03-12T01:28:22.526+0000] {dag.py:4180} INFO - Setting next_dagrun for example_setup_teardown to None, run_after=None
[2026-03-12T01:28:22.549+0000] {processor.py:208} INFO - Processing /home/ec2-user/environment/lab4_model_training/venv/lib64/python3.12/site-packages/airflow/example_dags/example_setup_teardown.py took 0.082 seconds
[2026-03-12T01:29:25.322+0000] {processor.py:186} INFO - Started process (PID=21001) to work on /home/ec2-user/environment/lab4_model_training/venv/lib64/python3.12/site-packages/airflow/example_dags/example_setup_teardown.py
[2026-03-12T01:29:25.323+0000] {processor.py:914} INFO - Processing file /home/ec2-user/environment/lab4_model_training/venv/lib64/python3.12/site-packages/airflow/example_dags/example_setup_teardown.py for tasks to queue
[2026-03-12T01:29:25.326+0000] {logging_mixin.py:190} INFO - [2026-03-12T01:29:25.325+0000] {dagbag.py:588} INFO - Filling up the DagBag from /home/ec2-user/environment/lab4_model_training/venv/lib64/python3.12/site-packages/airflow/example_dags/example_setup_teardown.py
[2026-03-12T01:29:25.335+0000] {processor.py:925} INFO - DAG(s) 'example_setup_teardown' retrieved from /home/ec2-user/environment/lab4_model_training/venv/lib64/python3.12/site-packages/airflow/example_dags/example_setup_teardown.py
[2026-03-12T01:29:25.355+0000] {logging_mixin.py:190} INFO - [2026-03-12T01:29:25.355+0000] {dag.py:3239} INFO - Sync 1 DAGs
[2026-03-12T01:29:25.371+0000] {logging_mixin.py:190} INFO - [2026-03-12T01:29:25.370+0000] {dag.py:4180} INFO - Setting next_dagrun for example_setup_teardown to None, run_after=None
[2026-03-12T01:29:25.396+0000] {processor.py:208} INFO - Processing /home/ec2-user/environment/lab4_model_training/venv/lib64/python3.12/site-packages/airflow/example_dags/example_setup_teardown.py took 0.079 seconds
[2026-03-12T01:30:26.390+0000] {processor.py:186} INFO - Started process (PID=21395) to work on /home/ec2-user/environment/lab4_model_training/venv/lib64/python3.12/site-packages/airflow/example_dags/example_setup_teardown.py
[2026-03-12T01:30:26.391+0000] {processor.py:914} INFO - Processing file /home/ec2-user/environment/lab4_model_training/venv/lib64/python3.12/site-packages/airflow/example_dags/example_setup_teardown.py for tasks to queue
[2026-03-12T01:30:26.394+0000] {logging_mixin.py:190} INFO - [2026-03-12T01:30:26.394+0000] {dagbag.py:588} INFO - Filling up the DagBag from /home/ec2-user/environment/lab4_model_training/venv/lib64/python3.12/site-packages/airflow/example_dags/example_setup_teardown.py
[2026-03-12T01:30:26.404+0000] {processor.py:925} INFO - DAG(s) 'example_setup_teardown' retrieved from /home/ec2-user/environment/lab4_model_training/venv/lib64/python3.12/site-packages/airflow/example_dags/example_setup_teardown.py
[2026-03-12T01:30:26.424+0000] {logging_mixin.py:190} INFO - [2026-03-12T01:30:26.424+0000] {dag.py:3239} INFO - Sync 1 DAGs
[2026-03-12T01:30:26.441+0000] {logging_mixin.py:190} INFO - [2026-03-12T01:30:26.441+0000] {dag.py:4180} INFO - Setting next_dagrun for example_setup_teardown to None, run_after=None
[2026-03-12T01:30:26.466+0000] {processor.py:208} INFO - Processing /home/ec2-user/environment/lab4_model_training/venv/lib64/python3.12/site-packages/airflow/example_dags/example_setup_teardown.py took 0.081 seconds
[2026-03-12T01:31:29.201+0000] {processor.py:186} INFO - Started process (PID=21679) to work on /home/ec2-user/environment/lab4_model_training/venv/lib64/python3.12/site-packages/airflow/example_dags/example_setup_teardown.py
[2026-03-12T01:31:29.202+0000] {processor.py:914} INFO - Processing file /home/ec2-user/environment/lab4_model_training/venv/lib64/python3.12/site-packages/airflow/example_dags/example_setup_teardown.py for tasks to queue
[2026-03-12T01:31:29.204+0000] {logging_mixin.py:190} INFO - [2026-03-12T01:31:29.204+0000] {dagbag.py:588} INFO - Filling up the DagBag from /home/ec2-user/environment/lab4_model_training/venv/lib64/python3.12/site-packages/airflow/example_dags/example_setup_teardown.py
[2026-03-12T01:31:29.214+0000] {processor.py:925} INFO - DAG(s) 'example_setup_teardown' retrieved from /home/ec2-user/environment/lab4_model_training/venv/lib64/python3.12/site-packages/airflow/example_dags/example_setup_teardown.py
[2026-03-12T01:31:29.234+0000] {logging_mixin.py:190} INFO - [2026-03-12T01:31:29.234+0000] {dag.py:3239} INFO - Sync 1 DAGs
[2026-03-12T01:31:29.251+0000] {logging_mixin.py:190} INFO - [2026-03-12T01:31:29.251+0000] {dag.py:4180} INFO - Setting next_dagrun for example_setup_teardown to None, run_after=None
[2026-03-12T01:31:29.274+0000] {processor.py:208} INFO - Processing /home/ec2-user/environment/lab4_model_training/venv/lib64/python3.12/site-packages/airflow/example_dags/example_setup_teardown.py took 0.079 seconds
[2026-03-12T01:32:29.056+0000] {processor.py:186} INFO - Started process (PID=21915) to work on /home/ec2-user/environment/lab4_model_training/venv/lib64/python3.12/site-packages/airflow/example_dags/example_setup_teardown.py
[2026-03-12T01:32:29.058+0000] {processor.py:914} INFO - Processing file /home/ec2-user/environment/lab4_model_training/venv/lib64/python3.12/site-packages/airflow/example_dags/example_setup_teardown.py for tasks to queue
[2026-03-12T01:32:29.060+0000] {logging_mixin.py:190} INFO - [2026-03-12T01:32:29.059+0000] {dagbag.py:588} INFO - Filling up the DagBag from /home/ec2-user/environment/lab4_model_training/venv/lib64/python3.12/site-packages/airflow/example_dags/example_setup_teardown.py
[2026-03-12T01:32:29.069+0000] {processor.py:925} INFO - DAG(s) 'example_setup_teardown' retrieved from /home/ec2-user/environment/lab4_model_training/venv/lib64/python3.12/site-packages/airflow/example_dags/example_setup_teardown.py
[2026-03-12T01:32:29.088+0000] {logging_mixin.py:190} INFO - [2026-03-12T01:32:29.088+0000] {dag.py:3239} INFO - Sync 1 DAGs
[2026-03-12T01:32:29.104+0000] {logging_mixin.py:190} INFO - [2026-03-12T01:32:29.103+0000] {dag.py:4180} INFO - Setting next_dagrun for example_setup_teardown to None, run_after=None
[2026-03-12T01:32:29.126+0000] {processor.py:208} INFO - Processing /home/ec2-user/environment/lab4_model_training/venv/lib64/python3.12/site-packages/airflow/example_dags/example_setup_teardown.py took 0.076 seconds
[2026-03-12T01:33:28.915+0000] {processor.py:186} INFO - Started process (PID=22185) to work on /home/ec2-user/environment/lab4_model_training/venv/lib64/python3.12/site-packages/airflow/example_dags/example_setup_teardown.py
[2026-03-12T01:33:28.917+0000] {processor.py:914} INFO - Processing file /home/ec2-user/environment/lab4_model_training/venv/lib64/python3.12/site-packages/airflow/example_dags/example_setup_teardown.py for tasks to queue
[2026-03-12T01:33:28.919+0000] {logging_mixin.py:190} INFO - [2026-03-12T01:33:28.919+0000] {dagbag.py:588} INFO - Filling up the DagBag from /home/ec2-user/environment/lab4_model_training/venv/lib64/python3.12/site-packages/airflow/example_dags/example_setup_teardown.py
[2026-03-12T01:33:28.929+0000] {processor.py:925} INFO - DAG(s) 'example_setup_teardown' retrieved from /home/ec2-user/environment/lab4_model_training/venv/lib64/python3.12/site-packages/airflow/example_dags/example_setup_teardown.py
[2026-03-12T01:33:28.948+0000] {logging_mixin.py:190} INFO - [2026-03-12T01:33:28.948+0000] {dag.py:3239} INFO - Sync 1 DAGs
[2026-03-12T01:33:28.965+0000] {logging_mixin.py:190} INFO - [2026-03-12T01:33:28.964+0000] {dag.py:4180} INFO - Setting next_dagrun for example_setup_teardown to None, run_after=None
[2026-03-12T01:33:28.990+0000] {processor.py:208} INFO - Processing /home/ec2-user/environment/lab4_model_training/venv/lib64/python3.12/site-packages/airflow/example_dags/example_setup_teardown.py took 0.081 seconds
