[2026-03-12T00:35:42.982+0000] {processor.py:186} INFO - Started process (PID=6874) to work on /home/ec2-user/environment/lab4_model_training/venv/lib64/python3.12/site-packages/airflow/example_dags/example_trigger_controller_dag.py
[2026-03-12T00:35:42.983+0000] {processor.py:914} INFO - Processing file /home/ec2-user/environment/lab4_model_training/venv/lib64/python3.12/site-packages/airflow/example_dags/example_trigger_controller_dag.py for tasks to queue
[2026-03-12T00:35:42.985+0000] {logging_mixin.py:190} INFO - [2026-03-12T00:35:42.985+0000] {dagbag.py:588} INFO - Filling up the DagBag from /home/ec2-user/environment/lab4_model_training/venv/lib64/python3.12/site-packages/airflow/example_dags/example_trigger_controller_dag.py
[2026-03-12T00:35:42.993+0000] {processor.py:925} INFO - DAG(s) 'example_trigger_controller_dag' retrieved from /home/ec2-user/environment/lab4_model_training/venv/lib64/python3.12/site-packages/airflow/example_dags/example_trigger_controller_dag.py
[2026-03-12T00:35:43.104+0000] {logging_mixin.py:190} INFO - [2026-03-12T00:35:43.103+0000] {override.py:1930} INFO - Created Permission View: can read on DAG:example_trigger_controller_dag
[2026-03-12T00:35:43.118+0000] {logging_mixin.py:190} INFO - [2026-03-12T00:35:43.118+0000] {override.py:1930} INFO - Created Permission View: can delete on DAG:example_trigger_controller_dag
[2026-03-12T00:35:43.130+0000] {logging_mixin.py:190} INFO - [2026-03-12T00:35:43.129+0000] {override.py:1930} INFO - Created Permission View: can edit on DAG:example_trigger_controller_dag
[2026-03-12T00:35:43.146+0000] {logging_mixin.py:190} INFO - [2026-03-12T00:35:43.146+0000] {override.py:1930} INFO - Created Permission View: can read on DAG Run:example_trigger_controller_dag
[2026-03-12T00:35:43.162+0000] {logging_mixin.py:190} INFO - [2026-03-12T00:35:43.161+0000] {override.py:1930} INFO - Created Permission View: menu access on DAG Run:example_trigger_controller_dag
[2026-03-12T00:35:43.171+0000] {logging_mixin.py:190} INFO - [2026-03-12T00:35:43.171+0000] {override.py:1930} INFO - Created Permission View: can create on DAG Run:example_trigger_controller_dag
[2026-03-12T00:35:43.182+0000] {logging_mixin.py:190} INFO - [2026-03-12T00:35:43.182+0000] {override.py:1930} INFO - Created Permission View: can delete on DAG Run:example_trigger_controller_dag
[2026-03-12T00:35:43.183+0000] {logging_mixin.py:190} INFO - [2026-03-12T00:35:43.183+0000] {dag.py:3239} INFO - Sync 1 DAGs
[2026-03-12T00:35:43.200+0000] {logging_mixin.py:190} INFO - [2026-03-12T00:35:43.200+0000] {dag.py:3262} INFO - Creating ORM DAG for example_trigger_controller_dag
[2026-03-12T00:35:43.210+0000] {logging_mixin.py:190} INFO - [2026-03-12T00:35:43.209+0000] {dag.py:4180} INFO - Setting next_dagrun for example_trigger_controller_dag to 2021-01-01 00:00:00+00:00, run_after=2021-01-01 00:00:00+00:00
[2026-03-12T00:35:43.233+0000] {processor.py:208} INFO - Processing /home/ec2-user/environment/lab4_model_training/venv/lib64/python3.12/site-packages/airflow/example_dags/example_trigger_controller_dag.py took 0.257 seconds
[2026-03-12T00:38:19.332+0000] {processor.py:186} INFO - Started process (PID=7509) to work on /home/ec2-user/environment/lab4_model_training/venv/lib64/python3.12/site-packages/airflow/example_dags/example_trigger_controller_dag.py
[2026-03-12T00:38:19.334+0000] {processor.py:914} INFO - Processing file /home/ec2-user/environment/lab4_model_training/venv/lib64/python3.12/site-packages/airflow/example_dags/example_trigger_controller_dag.py for tasks to queue
[2026-03-12T00:38:19.336+0000] {logging_mixin.py:190} INFO - [2026-03-12T00:38:19.335+0000] {dagbag.py:588} INFO - Filling up the DagBag from /home/ec2-user/environment/lab4_model_training/venv/lib64/python3.12/site-packages/airflow/example_dags/example_trigger_controller_dag.py
[2026-03-12T00:38:19.343+0000] {processor.py:925} INFO - DAG(s) 'example_trigger_controller_dag' retrieved from /home/ec2-user/environment/lab4_model_training/venv/lib64/python3.12/site-packages/airflow/example_dags/example_trigger_controller_dag.py
[2026-03-12T00:38:19.360+0000] {logging_mixin.py:190} INFO - [2026-03-12T00:38:19.360+0000] {dag.py:3239} INFO - Sync 1 DAGs
[2026-03-12T00:38:19.383+0000] {logging_mixin.py:190} INFO - [2026-03-12T00:38:19.383+0000] {dag.py:4180} INFO - Setting next_dagrun for example_trigger_controller_dag to 2021-01-01 00:00:00+00:00, run_after=2021-01-01 00:00:00+00:00
[2026-03-12T00:38:19.410+0000] {processor.py:208} INFO - Processing /home/ec2-user/environment/lab4_model_training/venv/lib64/python3.12/site-packages/airflow/example_dags/example_trigger_controller_dag.py took 0.082 seconds
[2026-03-12T00:39:14.959+0000] {processor.py:186} INFO - Started process (PID=7744) to work on /home/ec2-user/environment/lab4_model_training/venv/lib64/python3.12/site-packages/airflow/example_dags/example_trigger_controller_dag.py
[2026-03-12T00:39:14.960+0000] {processor.py:914} INFO - Processing file /home/ec2-user/environment/lab4_model_training/venv/lib64/python3.12/site-packages/airflow/example_dags/example_trigger_controller_dag.py for tasks to queue
[2026-03-12T00:39:14.963+0000] {logging_mixin.py:190} INFO - [2026-03-12T00:39:14.963+0000] {dagbag.py:588} INFO - Filling up the DagBag from /home/ec2-user/environment/lab4_model_training/venv/lib64/python3.12/site-packages/airflow/example_dags/example_trigger_controller_dag.py
[2026-03-12T00:39:14.971+0000] {processor.py:925} INFO - DAG(s) 'example_trigger_controller_dag' retrieved from /home/ec2-user/environment/lab4_model_training/venv/lib64/python3.12/site-packages/airflow/example_dags/example_trigger_controller_dag.py
[2026-03-12T00:39:14.990+0000] {logging_mixin.py:190} INFO - [2026-03-12T00:39:14.990+0000] {dag.py:3239} INFO - Sync 1 DAGs
[2026-03-12T00:39:15.014+0000] {logging_mixin.py:190} INFO - [2026-03-12T00:39:15.014+0000] {dag.py:4180} INFO - Setting next_dagrun for example_trigger_controller_dag to 2021-01-01 00:00:00+00:00, run_after=2021-01-01 00:00:00+00:00
[2026-03-12T00:39:15.038+0000] {processor.py:208} INFO - Processing /home/ec2-user/environment/lab4_model_training/venv/lib64/python3.12/site-packages/airflow/example_dags/example_trigger_controller_dag.py took 0.083 seconds
[2026-03-12T00:40:20.684+0000] {processor.py:186} INFO - Started process (PID=8040) to work on /home/ec2-user/environment/lab4_model_training/venv/lib64/python3.12/site-packages/airflow/example_dags/example_trigger_controller_dag.py
[2026-03-12T00:40:20.685+0000] {processor.py:914} INFO - Processing file /home/ec2-user/environment/lab4_model_training/venv/lib64/python3.12/site-packages/airflow/example_dags/example_trigger_controller_dag.py for tasks to queue
[2026-03-12T00:40:20.687+0000] {logging_mixin.py:190} INFO - [2026-03-12T00:40:20.687+0000] {dagbag.py:588} INFO - Filling up the DagBag from /home/ec2-user/environment/lab4_model_training/venv/lib64/python3.12/site-packages/airflow/example_dags/example_trigger_controller_dag.py
[2026-03-12T00:40:20.695+0000] {processor.py:925} INFO - DAG(s) 'example_trigger_controller_dag' retrieved from /home/ec2-user/environment/lab4_model_training/venv/lib64/python3.12/site-packages/airflow/example_dags/example_trigger_controller_dag.py
[2026-03-12T00:40:20.712+0000] {logging_mixin.py:190} INFO - [2026-03-12T00:40:20.712+0000] {dag.py:3239} INFO - Sync 1 DAGs
[2026-03-12T00:40:20.734+0000] {logging_mixin.py:190} INFO - [2026-03-12T00:40:20.734+0000] {dag.py:4180} INFO - Setting next_dagrun for example_trigger_controller_dag to 2021-01-01 00:00:00+00:00, run_after=2021-01-01 00:00:00+00:00
[2026-03-12T00:40:20.757+0000] {processor.py:208} INFO - Processing /home/ec2-user/environment/lab4_model_training/venv/lib64/python3.12/site-packages/airflow/example_dags/example_trigger_controller_dag.py took 0.077 seconds
[2026-03-12T00:41:21.168+0000] {processor.py:186} INFO - Started process (PID=8324) to work on /home/ec2-user/environment/lab4_model_training/venv/lib64/python3.12/site-packages/airflow/example_dags/example_trigger_controller_dag.py
[2026-03-12T00:41:21.169+0000] {processor.py:914} INFO - Processing file /home/ec2-user/environment/lab4_model_training/venv/lib64/python3.12/site-packages/airflow/example_dags/example_trigger_controller_dag.py for tasks to queue
[2026-03-12T00:41:21.172+0000] {logging_mixin.py:190} INFO - [2026-03-12T00:41:21.172+0000] {dagbag.py:588} INFO - Filling up the DagBag from /home/ec2-user/environment/lab4_model_training/venv/lib64/python3.12/site-packages/airflow/example_dags/example_trigger_controller_dag.py
[2026-03-12T00:41:21.180+0000] {processor.py:925} INFO - DAG(s) 'example_trigger_controller_dag' retrieved from /home/ec2-user/environment/lab4_model_training/venv/lib64/python3.12/site-packages/airflow/example_dags/example_trigger_controller_dag.py
[2026-03-12T00:41:21.199+0000] {logging_mixin.py:190} INFO - [2026-03-12T00:41:21.199+0000] {dag.py:3239} INFO - Sync 1 DAGs
[2026-03-12T00:41:21.223+0000] {logging_mixin.py:190} INFO - [2026-03-12T00:41:21.222+0000] {dag.py:4180} INFO - Setting next_dagrun for example_trigger_controller_dag to 2021-01-01 00:00:00+00:00, run_after=2021-01-01 00:00:00+00:00
[2026-03-12T00:41:21.245+0000] {processor.py:208} INFO - Processing /home/ec2-user/environment/lab4_model_training/venv/lib64/python3.12/site-packages/airflow/example_dags/example_trigger_controller_dag.py took 0.081 seconds
[2026-03-12T00:42:24.650+0000] {processor.py:186} INFO - Started process (PID=8573) to work on /home/ec2-user/environment/lab4_model_training/venv/lib64/python3.12/site-packages/airflow/example_dags/example_trigger_controller_dag.py
[2026-03-12T00:42:24.651+0000] {processor.py:914} INFO - Processing file /home/ec2-user/environment/lab4_model_training/venv/lib64/python3.12/site-packages/airflow/example_dags/example_trigger_controller_dag.py for tasks to queue
[2026-03-12T00:42:24.653+0000] {logging_mixin.py:190} INFO - [2026-03-12T00:42:24.653+0000] {dagbag.py:588} INFO - Filling up the DagBag from /home/ec2-user/environment/lab4_model_training/venv/lib64/python3.12/site-packages/airflow/example_dags/example_trigger_controller_dag.py
[2026-03-12T00:42:24.661+0000] {processor.py:925} INFO - DAG(s) 'example_trigger_controller_dag' retrieved from /home/ec2-user/environment/lab4_model_training/venv/lib64/python3.12/site-packages/airflow/example_dags/example_trigger_controller_dag.py
[2026-03-12T00:42:24.678+0000] {logging_mixin.py:190} INFO - [2026-03-12T00:42:24.678+0000] {dag.py:3239} INFO - Sync 1 DAGs
[2026-03-12T00:42:24.704+0000] {logging_mixin.py:190} INFO - [2026-03-12T00:42:24.704+0000] {dag.py:4180} INFO - Setting next_dagrun for example_trigger_controller_dag to 2021-01-01 00:00:00+00:00, run_after=2021-01-01 00:00:00+00:00
[2026-03-12T00:42:24.728+0000] {processor.py:208} INFO - Processing /home/ec2-user/environment/lab4_model_training/venv/lib64/python3.12/site-packages/airflow/example_dags/example_trigger_controller_dag.py took 0.083 seconds
[2026-03-12T00:43:22.546+0000] {processor.py:186} INFO - Started process (PID=8854) to work on /home/ec2-user/environment/lab4_model_training/venv/lib64/python3.12/site-packages/airflow/example_dags/example_trigger_controller_dag.py
[2026-03-12T00:43:22.547+0000] {processor.py:914} INFO - Processing file /home/ec2-user/environment/lab4_model_training/venv/lib64/python3.12/site-packages/airflow/example_dags/example_trigger_controller_dag.py for tasks to queue
[2026-03-12T00:43:22.549+0000] {logging_mixin.py:190} INFO - [2026-03-12T00:43:22.549+0000] {dagbag.py:588} INFO - Filling up the DagBag from /home/ec2-user/environment/lab4_model_training/venv/lib64/python3.12/site-packages/airflow/example_dags/example_trigger_controller_dag.py
[2026-03-12T00:43:22.557+0000] {processor.py:925} INFO - DAG(s) 'example_trigger_controller_dag' retrieved from /home/ec2-user/environment/lab4_model_training/venv/lib64/python3.12/site-packages/airflow/example_dags/example_trigger_controller_dag.py
[2026-03-12T00:43:22.574+0000] {logging_mixin.py:190} INFO - [2026-03-12T00:43:22.574+0000] {dag.py:3239} INFO - Sync 1 DAGs
[2026-03-12T00:43:22.597+0000] {logging_mixin.py:190} INFO - [2026-03-12T00:43:22.596+0000] {dag.py:4180} INFO - Setting next_dagrun for example_trigger_controller_dag to 2021-01-01 00:00:00+00:00, run_after=2021-01-01 00:00:00+00:00
[2026-03-12T00:43:22.619+0000] {processor.py:208} INFO - Processing /home/ec2-user/environment/lab4_model_training/venv/lib64/python3.12/site-packages/airflow/example_dags/example_trigger_controller_dag.py took 0.078 seconds
[2026-03-12T00:44:27.958+0000] {processor.py:186} INFO - Started process (PID=9183) to work on /home/ec2-user/environment/lab4_model_training/venv/lib64/python3.12/site-packages/airflow/example_dags/example_trigger_controller_dag.py
[2026-03-12T00:44:27.959+0000] {processor.py:914} INFO - Processing file /home/ec2-user/environment/lab4_model_training/venv/lib64/python3.12/site-packages/airflow/example_dags/example_trigger_controller_dag.py for tasks to queue
[2026-03-12T00:44:27.961+0000] {logging_mixin.py:190} INFO - [2026-03-12T00:44:27.961+0000] {dagbag.py:588} INFO - Filling up the DagBag from /home/ec2-user/environment/lab4_model_training/venv/lib64/python3.12/site-packages/airflow/example_dags/example_trigger_controller_dag.py
[2026-03-12T00:44:27.969+0000] {processor.py:925} INFO - DAG(s) 'example_trigger_controller_dag' retrieved from /home/ec2-user/environment/lab4_model_training/venv/lib64/python3.12/site-packages/airflow/example_dags/example_trigger_controller_dag.py
[2026-03-12T00:44:27.986+0000] {logging_mixin.py:190} INFO - [2026-03-12T00:44:27.986+0000] {dag.py:3239} INFO - Sync 1 DAGs
[2026-03-12T00:44:28.008+0000] {logging_mixin.py:190} INFO - [2026-03-12T00:44:28.008+0000] {dag.py:4180} INFO - Setting next_dagrun for example_trigger_controller_dag to 2021-01-01 00:00:00+00:00, run_after=2021-01-01 00:00:00+00:00
[2026-03-12T00:44:28.031+0000] {processor.py:208} INFO - Processing /home/ec2-user/environment/lab4_model_training/venv/lib64/python3.12/site-packages/airflow/example_dags/example_trigger_controller_dag.py took 0.077 seconds
[2026-03-12T00:46:16.328+0000] {processor.py:186} INFO - Started process (PID=9655) to work on /home/ec2-user/environment/lab4_model_training/venv/lib64/python3.12/site-packages/airflow/example_dags/example_trigger_controller_dag.py
[2026-03-12T00:46:16.329+0000] {processor.py:914} INFO - Processing file /home/ec2-user/environment/lab4_model_training/venv/lib64/python3.12/site-packages/airflow/example_dags/example_trigger_controller_dag.py for tasks to queue
[2026-03-12T00:46:16.331+0000] {logging_mixin.py:190} INFO - [2026-03-12T00:46:16.331+0000] {dagbag.py:588} INFO - Filling up the DagBag from /home/ec2-user/environment/lab4_model_training/venv/lib64/python3.12/site-packages/airflow/example_dags/example_trigger_controller_dag.py
[2026-03-12T00:46:16.338+0000] {processor.py:925} INFO - DAG(s) 'example_trigger_controller_dag' retrieved from /home/ec2-user/environment/lab4_model_training/venv/lib64/python3.12/site-packages/airflow/example_dags/example_trigger_controller_dag.py
[2026-03-12T00:46:16.356+0000] {logging_mixin.py:190} INFO - [2026-03-12T00:46:16.356+0000] {dag.py:3239} INFO - Sync 1 DAGs
[2026-03-12T00:46:16.380+0000] {logging_mixin.py:190} INFO - [2026-03-12T00:46:16.380+0000] {dag.py:4180} INFO - Setting next_dagrun for example_trigger_controller_dag to 2021-01-01 00:00:00+00:00, run_after=2021-01-01 00:00:00+00:00
[2026-03-12T00:46:16.404+0000] {processor.py:208} INFO - Processing /home/ec2-user/environment/lab4_model_training/venv/lib64/python3.12/site-packages/airflow/example_dags/example_trigger_controller_dag.py took 0.080 seconds
[2026-03-12T00:47:57.676+0000] {processor.py:186} INFO - Started process (PID=10093) to work on /home/ec2-user/environment/lab4_model_training/venv/lib64/python3.12/site-packages/airflow/example_dags/example_trigger_controller_dag.py
[2026-03-12T00:47:57.692+0000] {processor.py:914} INFO - Processing file /home/ec2-user/environment/lab4_model_training/venv/lib64/python3.12/site-packages/airflow/example_dags/example_trigger_controller_dag.py for tasks to queue
[2026-03-12T00:47:57.694+0000] {logging_mixin.py:190} INFO - [2026-03-12T00:47:57.694+0000] {dagbag.py:588} INFO - Filling up the DagBag from /home/ec2-user/environment/lab4_model_training/venv/lib64/python3.12/site-packages/airflow/example_dags/example_trigger_controller_dag.py
[2026-03-12T00:47:57.701+0000] {processor.py:925} INFO - DAG(s) 'example_trigger_controller_dag' retrieved from /home/ec2-user/environment/lab4_model_training/venv/lib64/python3.12/site-packages/airflow/example_dags/example_trigger_controller_dag.py
[2026-03-12T00:47:57.719+0000] {logging_mixin.py:190} INFO - [2026-03-12T00:47:57.719+0000] {dag.py:3239} INFO - Sync 1 DAGs
[2026-03-12T00:47:57.743+0000] {logging_mixin.py:190} INFO - [2026-03-12T00:47:57.743+0000] {dag.py:4180} INFO - Setting next_dagrun for example_trigger_controller_dag to 2021-01-01 00:00:00+00:00, run_after=2021-01-01 00:00:00+00:00
[2026-03-12T00:47:57.768+0000] {processor.py:208} INFO - Processing /home/ec2-user/environment/lab4_model_training/venv/lib64/python3.12/site-packages/airflow/example_dags/example_trigger_controller_dag.py took 0.098 seconds
[2026-03-12T00:49:06.848+0000] {processor.py:186} INFO - Started process (PID=10368) to work on /home/ec2-user/environment/lab4_model_training/venv/lib64/python3.12/site-packages/airflow/example_dags/example_trigger_controller_dag.py
[2026-03-12T00:49:06.849+0000] {processor.py:914} INFO - Processing file /home/ec2-user/environment/lab4_model_training/venv/lib64/python3.12/site-packages/airflow/example_dags/example_trigger_controller_dag.py for tasks to queue
[2026-03-12T00:49:06.852+0000] {logging_mixin.py:190} INFO - [2026-03-12T00:49:06.852+0000] {dagbag.py:588} INFO - Filling up the DagBag from /home/ec2-user/environment/lab4_model_training/venv/lib64/python3.12/site-packages/airflow/example_dags/example_trigger_controller_dag.py
[2026-03-12T00:49:06.860+0000] {processor.py:925} INFO - DAG(s) 'example_trigger_controller_dag' retrieved from /home/ec2-user/environment/lab4_model_training/venv/lib64/python3.12/site-packages/airflow/example_dags/example_trigger_controller_dag.py
[2026-03-12T00:49:06.878+0000] {logging_mixin.py:190} INFO - [2026-03-12T00:49:06.877+0000] {dag.py:3239} INFO - Sync 1 DAGs
[2026-03-12T00:49:06.904+0000] {logging_mixin.py:190} INFO - [2026-03-12T00:49:06.904+0000] {dag.py:4180} INFO - Setting next_dagrun for example_trigger_controller_dag to 2021-01-01 00:00:00+00:00, run_after=2021-01-01 00:00:00+00:00
[2026-03-12T00:49:06.928+0000] {processor.py:208} INFO - Processing /home/ec2-user/environment/lab4_model_training/venv/lib64/python3.12/site-packages/airflow/example_dags/example_trigger_controller_dag.py took 0.087 seconds
[2026-03-12T00:50:12.482+0000] {processor.py:186} INFO - Started process (PID=10706) to work on /home/ec2-user/environment/lab4_model_training/venv/lib64/python3.12/site-packages/airflow/example_dags/example_trigger_controller_dag.py
[2026-03-12T00:50:12.483+0000] {processor.py:914} INFO - Processing file /home/ec2-user/environment/lab4_model_training/venv/lib64/python3.12/site-packages/airflow/example_dags/example_trigger_controller_dag.py for tasks to queue
[2026-03-12T00:50:12.485+0000] {logging_mixin.py:190} INFO - [2026-03-12T00:50:12.485+0000] {dagbag.py:588} INFO - Filling up the DagBag from /home/ec2-user/environment/lab4_model_training/venv/lib64/python3.12/site-packages/airflow/example_dags/example_trigger_controller_dag.py
[2026-03-12T00:50:12.493+0000] {processor.py:925} INFO - DAG(s) 'example_trigger_controller_dag' retrieved from /home/ec2-user/environment/lab4_model_training/venv/lib64/python3.12/site-packages/airflow/example_dags/example_trigger_controller_dag.py
[2026-03-12T00:50:12.510+0000] {logging_mixin.py:190} INFO - [2026-03-12T00:50:12.510+0000] {dag.py:3239} INFO - Sync 1 DAGs
[2026-03-12T00:50:12.534+0000] {logging_mixin.py:190} INFO - [2026-03-12T00:50:12.533+0000] {dag.py:4180} INFO - Setting next_dagrun for example_trigger_controller_dag to 2021-01-01 00:00:00+00:00, run_after=2021-01-01 00:00:00+00:00
[2026-03-12T00:50:12.555+0000] {processor.py:208} INFO - Processing /home/ec2-user/environment/lab4_model_training/venv/lib64/python3.12/site-packages/airflow/example_dags/example_trigger_controller_dag.py took 0.078 seconds
[2026-03-12T00:51:12.176+0000] {processor.py:186} INFO - Started process (PID=10997) to work on /home/ec2-user/environment/lab4_model_training/venv/lib64/python3.12/site-packages/airflow/example_dags/example_trigger_controller_dag.py
[2026-03-12T00:51:12.177+0000] {processor.py:914} INFO - Processing file /home/ec2-user/environment/lab4_model_training/venv/lib64/python3.12/site-packages/airflow/example_dags/example_trigger_controller_dag.py for tasks to queue
[2026-03-12T00:51:12.181+0000] {logging_mixin.py:190} INFO - [2026-03-12T00:51:12.180+0000] {dagbag.py:588} INFO - Filling up the DagBag from /home/ec2-user/environment/lab4_model_training/venv/lib64/python3.12/site-packages/airflow/example_dags/example_trigger_controller_dag.py
[2026-03-12T00:51:12.188+0000] {processor.py:925} INFO - DAG(s) 'example_trigger_controller_dag' retrieved from /home/ec2-user/environment/lab4_model_training/venv/lib64/python3.12/site-packages/airflow/example_dags/example_trigger_controller_dag.py
[2026-03-12T00:51:12.216+0000] {logging_mixin.py:190} INFO - [2026-03-12T00:51:12.216+0000] {dag.py:3239} INFO - Sync 1 DAGs
[2026-03-12T00:51:12.237+0000] {logging_mixin.py:190} INFO - [2026-03-12T00:51:12.237+0000] {dag.py:4180} INFO - Setting next_dagrun for example_trigger_controller_dag to 2021-01-01 00:00:00+00:00, run_after=2021-01-01 00:00:00+00:00
[2026-03-12T00:51:12.262+0000] {processor.py:208} INFO - Processing /home/ec2-user/environment/lab4_model_training/venv/lib64/python3.12/site-packages/airflow/example_dags/example_trigger_controller_dag.py took 0.090 seconds
[2026-03-12T00:52:12.326+0000] {processor.py:186} INFO - Started process (PID=11258) to work on /home/ec2-user/environment/lab4_model_training/venv/lib64/python3.12/site-packages/airflow/example_dags/example_trigger_controller_dag.py
[2026-03-12T00:52:12.328+0000] {processor.py:914} INFO - Processing file /home/ec2-user/environment/lab4_model_training/venv/lib64/python3.12/site-packages/airflow/example_dags/example_trigger_controller_dag.py for tasks to queue
[2026-03-12T00:52:12.330+0000] {logging_mixin.py:190} INFO - [2026-03-12T00:52:12.329+0000] {dagbag.py:588} INFO - Filling up the DagBag from /home/ec2-user/environment/lab4_model_training/venv/lib64/python3.12/site-packages/airflow/example_dags/example_trigger_controller_dag.py
[2026-03-12T00:52:12.337+0000] {processor.py:925} INFO - DAG(s) 'example_trigger_controller_dag' retrieved from /home/ec2-user/environment/lab4_model_training/venv/lib64/python3.12/site-packages/airflow/example_dags/example_trigger_controller_dag.py
[2026-03-12T00:52:12.355+0000] {logging_mixin.py:190} INFO - [2026-03-12T00:52:12.355+0000] {dag.py:3239} INFO - Sync 1 DAGs
[2026-03-12T00:52:12.379+0000] {logging_mixin.py:190} INFO - [2026-03-12T00:52:12.379+0000] {dag.py:4180} INFO - Setting next_dagrun for example_trigger_controller_dag to 2021-01-01 00:00:00+00:00, run_after=2021-01-01 00:00:00+00:00
[2026-03-12T00:52:12.402+0000] {processor.py:208} INFO - Processing /home/ec2-user/environment/lab4_model_training/venv/lib64/python3.12/site-packages/airflow/example_dags/example_trigger_controller_dag.py took 0.080 seconds
[2026-03-12T00:53:13.715+0000] {processor.py:186} INFO - Started process (PID=11557) to work on /home/ec2-user/environment/lab4_model_training/venv/lib64/python3.12/site-packages/airflow/example_dags/example_trigger_controller_dag.py
[2026-03-12T00:53:13.716+0000] {processor.py:914} INFO - Processing file /home/ec2-user/environment/lab4_model_training/venv/lib64/python3.12/site-packages/airflow/example_dags/example_trigger_controller_dag.py for tasks to queue
[2026-03-12T00:53:13.718+0000] {logging_mixin.py:190} INFO - [2026-03-12T00:53:13.718+0000] {dagbag.py:588} INFO - Filling up the DagBag from /home/ec2-user/environment/lab4_model_training/venv/lib64/python3.12/site-packages/airflow/example_dags/example_trigger_controller_dag.py
[2026-03-12T00:53:13.725+0000] {processor.py:925} INFO - DAG(s) 'example_trigger_controller_dag' retrieved from /home/ec2-user/environment/lab4_model_training/venv/lib64/python3.12/site-packages/airflow/example_dags/example_trigger_controller_dag.py
[2026-03-12T00:53:13.742+0000] {logging_mixin.py:190} INFO - [2026-03-12T00:53:13.742+0000] {dag.py:3239} INFO - Sync 1 DAGs
[2026-03-12T00:53:13.766+0000] {logging_mixin.py:190} INFO - [2026-03-12T00:53:13.766+0000] {dag.py:4180} INFO - Setting next_dagrun for example_trigger_controller_dag to 2021-01-01 00:00:00+00:00, run_after=2021-01-01 00:00:00+00:00
[2026-03-12T00:53:13.788+0000] {processor.py:208} INFO - Processing /home/ec2-user/environment/lab4_model_training/venv/lib64/python3.12/site-packages/airflow/example_dags/example_trigger_controller_dag.py took 0.079 seconds
[2026-03-12T00:54:14.101+0000] {processor.py:186} INFO - Started process (PID=11779) to work on /home/ec2-user/environment/lab4_model_training/venv/lib64/python3.12/site-packages/airflow/example_dags/example_trigger_controller_dag.py
[2026-03-12T00:54:14.102+0000] {processor.py:914} INFO - Processing file /home/ec2-user/environment/lab4_model_training/venv/lib64/python3.12/site-packages/airflow/example_dags/example_trigger_controller_dag.py for tasks to queue
[2026-03-12T00:54:14.104+0000] {logging_mixin.py:190} INFO - [2026-03-12T00:54:14.104+0000] {dagbag.py:588} INFO - Filling up the DagBag from /home/ec2-user/environment/lab4_model_training/venv/lib64/python3.12/site-packages/airflow/example_dags/example_trigger_controller_dag.py
[2026-03-12T00:54:14.111+0000] {processor.py:925} INFO - DAG(s) 'example_trigger_controller_dag' retrieved from /home/ec2-user/environment/lab4_model_training/venv/lib64/python3.12/site-packages/airflow/example_dags/example_trigger_controller_dag.py
[2026-03-12T00:54:14.128+0000] {logging_mixin.py:190} INFO - [2026-03-12T00:54:14.128+0000] {dag.py:3239} INFO - Sync 1 DAGs
[2026-03-12T00:54:14.151+0000] {logging_mixin.py:190} INFO - [2026-03-12T00:54:14.151+0000] {dag.py:4180} INFO - Setting next_dagrun for example_trigger_controller_dag to 2021-01-01 00:00:00+00:00, run_after=2021-01-01 00:00:00+00:00
[2026-03-12T00:54:14.173+0000] {processor.py:208} INFO - Processing /home/ec2-user/environment/lab4_model_training/venv/lib64/python3.12/site-packages/airflow/example_dags/example_trigger_controller_dag.py took 0.078 seconds
[2026-03-12T00:55:14.234+0000] {processor.py:186} INFO - Started process (PID=12063) to work on /home/ec2-user/environment/lab4_model_training/venv/lib64/python3.12/site-packages/airflow/example_dags/example_trigger_controller_dag.py
[2026-03-12T00:55:14.235+0000] {processor.py:914} INFO - Processing file /home/ec2-user/environment/lab4_model_training/venv/lib64/python3.12/site-packages/airflow/example_dags/example_trigger_controller_dag.py for tasks to queue
[2026-03-12T00:55:14.237+0000] {logging_mixin.py:190} INFO - [2026-03-12T00:55:14.237+0000] {dagbag.py:588} INFO - Filling up the DagBag from /home/ec2-user/environment/lab4_model_training/venv/lib64/python3.12/site-packages/airflow/example_dags/example_trigger_controller_dag.py
[2026-03-12T00:55:14.245+0000] {processor.py:925} INFO - DAG(s) 'example_trigger_controller_dag' retrieved from /home/ec2-user/environment/lab4_model_training/venv/lib64/python3.12/site-packages/airflow/example_dags/example_trigger_controller_dag.py
[2026-03-12T00:55:14.262+0000] {logging_mixin.py:190} INFO - [2026-03-12T00:55:14.261+0000] {dag.py:3239} INFO - Sync 1 DAGs
[2026-03-12T00:55:14.287+0000] {logging_mixin.py:190} INFO - [2026-03-12T00:55:14.286+0000] {dag.py:4180} INFO - Setting next_dagrun for example_trigger_controller_dag to 2021-01-01 00:00:00+00:00, run_after=2021-01-01 00:00:00+00:00
[2026-03-12T00:55:14.309+0000] {processor.py:208} INFO - Processing /home/ec2-user/environment/lab4_model_training/venv/lib64/python3.12/site-packages/airflow/example_dags/example_trigger_controller_dag.py took 0.080 seconds
[2026-03-12T00:56:17.216+0000] {processor.py:186} INFO - Started process (PID=12295) to work on /home/ec2-user/environment/lab4_model_training/venv/lib64/python3.12/site-packages/airflow/example_dags/example_trigger_controller_dag.py
[2026-03-12T00:56:17.217+0000] {processor.py:914} INFO - Processing file /home/ec2-user/environment/lab4_model_training/venv/lib64/python3.12/site-packages/airflow/example_dags/example_trigger_controller_dag.py for tasks to queue
[2026-03-12T00:56:17.219+0000] {logging_mixin.py:190} INFO - [2026-03-12T00:56:17.219+0000] {dagbag.py:588} INFO - Filling up the DagBag from /home/ec2-user/environment/lab4_model_training/venv/lib64/python3.12/site-packages/airflow/example_dags/example_trigger_controller_dag.py
[2026-03-12T00:56:17.226+0000] {processor.py:925} INFO - DAG(s) 'example_trigger_controller_dag' retrieved from /home/ec2-user/environment/lab4_model_training/venv/lib64/python3.12/site-packages/airflow/example_dags/example_trigger_controller_dag.py
[2026-03-12T00:56:17.245+0000] {logging_mixin.py:190} INFO - [2026-03-12T00:56:17.245+0000] {dag.py:3239} INFO - Sync 1 DAGs
[2026-03-12T00:56:17.268+0000] {logging_mixin.py:190} INFO - [2026-03-12T00:56:17.268+0000] {dag.py:4180} INFO - Setting next_dagrun for example_trigger_controller_dag to 2021-01-01 00:00:00+00:00, run_after=2021-01-01 00:00:00+00:00
[2026-03-12T00:56:17.293+0000] {processor.py:208} INFO - Processing /home/ec2-user/environment/lab4_model_training/venv/lib64/python3.12/site-packages/airflow/example_dags/example_trigger_controller_dag.py took 0.083 seconds
[2026-03-12T00:57:21.861+0000] {processor.py:186} INFO - Started process (PID=12581) to work on /home/ec2-user/environment/lab4_model_training/venv/lib64/python3.12/site-packages/airflow/example_dags/example_trigger_controller_dag.py
[2026-03-12T00:57:21.863+0000] {processor.py:914} INFO - Processing file /home/ec2-user/environment/lab4_model_training/venv/lib64/python3.12/site-packages/airflow/example_dags/example_trigger_controller_dag.py for tasks to queue
[2026-03-12T00:57:21.866+0000] {logging_mixin.py:190} INFO - [2026-03-12T00:57:21.865+0000] {dagbag.py:588} INFO - Filling up the DagBag from /home/ec2-user/environment/lab4_model_training/venv/lib64/python3.12/site-packages/airflow/example_dags/example_trigger_controller_dag.py
[2026-03-12T00:57:21.874+0000] {processor.py:925} INFO - DAG(s) 'example_trigger_controller_dag' retrieved from /home/ec2-user/environment/lab4_model_training/venv/lib64/python3.12/site-packages/airflow/example_dags/example_trigger_controller_dag.py
[2026-03-12T00:57:21.892+0000] {logging_mixin.py:190} INFO - [2026-03-12T00:57:21.892+0000] {dag.py:3239} INFO - Sync 1 DAGs
[2026-03-12T00:57:21.916+0000] {logging_mixin.py:190} INFO - [2026-03-12T00:57:21.915+0000] {dag.py:4180} INFO - Setting next_dagrun for example_trigger_controller_dag to 2021-01-01 00:00:00+00:00, run_after=2021-01-01 00:00:00+00:00
[2026-03-12T00:57:21.942+0000] {processor.py:208} INFO - Processing /home/ec2-user/environment/lab4_model_training/venv/lib64/python3.12/site-packages/airflow/example_dags/example_trigger_controller_dag.py took 0.086 seconds
[2026-03-12T00:58:23.416+0000] {processor.py:186} INFO - Started process (PID=12817) to work on /home/ec2-user/environment/lab4_model_training/venv/lib64/python3.12/site-packages/airflow/example_dags/example_trigger_controller_dag.py
[2026-03-12T00:58:23.417+0000] {processor.py:914} INFO - Processing file /home/ec2-user/environment/lab4_model_training/venv/lib64/python3.12/site-packages/airflow/example_dags/example_trigger_controller_dag.py for tasks to queue
[2026-03-12T00:58:23.420+0000] {logging_mixin.py:190} INFO - [2026-03-12T00:58:23.420+0000] {dagbag.py:588} INFO - Filling up the DagBag from /home/ec2-user/environment/lab4_model_training/venv/lib64/python3.12/site-packages/airflow/example_dags/example_trigger_controller_dag.py
[2026-03-12T00:58:23.428+0000] {processor.py:925} INFO - DAG(s) 'example_trigger_controller_dag' retrieved from /home/ec2-user/environment/lab4_model_training/venv/lib64/python3.12/site-packages/airflow/example_dags/example_trigger_controller_dag.py
[2026-03-12T00:58:23.446+0000] {logging_mixin.py:190} INFO - [2026-03-12T00:58:23.446+0000] {dag.py:3239} INFO - Sync 1 DAGs
[2026-03-12T00:58:23.467+0000] {logging_mixin.py:190} INFO - [2026-03-12T00:58:23.467+0000] {dag.py:4180} INFO - Setting next_dagrun for example_trigger_controller_dag to 2021-01-01 00:00:00+00:00, run_after=2021-01-01 00:00:00+00:00
[2026-03-12T00:58:23.490+0000] {processor.py:208} INFO - Processing /home/ec2-user/environment/lab4_model_training/venv/lib64/python3.12/site-packages/airflow/example_dags/example_trigger_controller_dag.py took 0.079 seconds
[2026-03-12T00:59:24.920+0000] {processor.py:186} INFO - Started process (PID=13126) to work on /home/ec2-user/environment/lab4_model_training/venv/lib64/python3.12/site-packages/airflow/example_dags/example_trigger_controller_dag.py
[2026-03-12T00:59:24.921+0000] {processor.py:914} INFO - Processing file /home/ec2-user/environment/lab4_model_training/venv/lib64/python3.12/site-packages/airflow/example_dags/example_trigger_controller_dag.py for tasks to queue
[2026-03-12T00:59:24.924+0000] {logging_mixin.py:190} INFO - [2026-03-12T00:59:24.923+0000] {dagbag.py:588} INFO - Filling up the DagBag from /home/ec2-user/environment/lab4_model_training/venv/lib64/python3.12/site-packages/airflow/example_dags/example_trigger_controller_dag.py
[2026-03-12T00:59:24.932+0000] {processor.py:925} INFO - DAG(s) 'example_trigger_controller_dag' retrieved from /home/ec2-user/environment/lab4_model_training/venv/lib64/python3.12/site-packages/airflow/example_dags/example_trigger_controller_dag.py
[2026-03-12T00:59:24.951+0000] {logging_mixin.py:190} INFO - [2026-03-12T00:59:24.951+0000] {dag.py:3239} INFO - Sync 1 DAGs
[2026-03-12T00:59:24.971+0000] {logging_mixin.py:190} INFO - [2026-03-12T00:59:24.971+0000] {dag.py:4180} INFO - Setting next_dagrun for example_trigger_controller_dag to 2021-01-01 00:00:00+00:00, run_after=2021-01-01 00:00:00+00:00
[2026-03-12T00:59:24.994+0000] {processor.py:208} INFO - Processing /home/ec2-user/environment/lab4_model_training/venv/lib64/python3.12/site-packages/airflow/example_dags/example_trigger_controller_dag.py took 0.080 seconds
[2026-03-12T01:00:30.529+0000] {processor.py:186} INFO - Started process (PID=13415) to work on /home/ec2-user/environment/lab4_model_training/venv/lib64/python3.12/site-packages/airflow/example_dags/example_trigger_controller_dag.py
[2026-03-12T01:00:30.530+0000] {processor.py:914} INFO - Processing file /home/ec2-user/environment/lab4_model_training/venv/lib64/python3.12/site-packages/airflow/example_dags/example_trigger_controller_dag.py for tasks to queue
[2026-03-12T01:00:30.533+0000] {logging_mixin.py:190} INFO - [2026-03-12T01:00:30.533+0000] {dagbag.py:588} INFO - Filling up the DagBag from /home/ec2-user/environment/lab4_model_training/venv/lib64/python3.12/site-packages/airflow/example_dags/example_trigger_controller_dag.py
[2026-03-12T01:00:30.541+0000] {processor.py:925} INFO - DAG(s) 'example_trigger_controller_dag' retrieved from /home/ec2-user/environment/lab4_model_training/venv/lib64/python3.12/site-packages/airflow/example_dags/example_trigger_controller_dag.py
[2026-03-12T01:00:30.559+0000] {logging_mixin.py:190} INFO - [2026-03-12T01:00:30.558+0000] {dag.py:3239} INFO - Sync 1 DAGs
[2026-03-12T01:00:30.583+0000] {logging_mixin.py:190} INFO - [2026-03-12T01:00:30.583+0000] {dag.py:4180} INFO - Setting next_dagrun for example_trigger_controller_dag to 2021-01-01 00:00:00+00:00, run_after=2021-01-01 00:00:00+00:00
[2026-03-12T01:00:30.605+0000] {processor.py:208} INFO - Processing /home/ec2-user/environment/lab4_model_training/venv/lib64/python3.12/site-packages/airflow/example_dags/example_trigger_controller_dag.py took 0.081 seconds
[2026-03-12T01:01:33.385+0000] {processor.py:186} INFO - Started process (PID=13677) to work on /home/ec2-user/environment/lab4_model_training/venv/lib64/python3.12/site-packages/airflow/example_dags/example_trigger_controller_dag.py
[2026-03-12T01:01:33.386+0000] {processor.py:914} INFO - Processing file /home/ec2-user/environment/lab4_model_training/venv/lib64/python3.12/site-packages/airflow/example_dags/example_trigger_controller_dag.py for tasks to queue
[2026-03-12T01:01:33.390+0000] {logging_mixin.py:190} INFO - [2026-03-12T01:01:33.389+0000] {dagbag.py:588} INFO - Filling up the DagBag from /home/ec2-user/environment/lab4_model_training/venv/lib64/python3.12/site-packages/airflow/example_dags/example_trigger_controller_dag.py
[2026-03-12T01:01:33.397+0000] {processor.py:925} INFO - DAG(s) 'example_trigger_controller_dag' retrieved from /home/ec2-user/environment/lab4_model_training/venv/lib64/python3.12/site-packages/airflow/example_dags/example_trigger_controller_dag.py
[2026-03-12T01:01:33.416+0000] {logging_mixin.py:190} INFO - [2026-03-12T01:01:33.416+0000] {dag.py:3239} INFO - Sync 1 DAGs
[2026-03-12T01:01:33.438+0000] {logging_mixin.py:190} INFO - [2026-03-12T01:01:33.438+0000] {dag.py:4180} INFO - Setting next_dagrun for example_trigger_controller_dag to 2021-01-01 00:00:00+00:00, run_after=2021-01-01 00:00:00+00:00
[2026-03-12T01:01:33.460+0000] {processor.py:208} INFO - Processing /home/ec2-user/environment/lab4_model_training/venv/lib64/python3.12/site-packages/airflow/example_dags/example_trigger_controller_dag.py took 0.081 seconds
[2026-03-12T01:02:38.772+0000] {processor.py:186} INFO - Started process (PID=13971) to work on /home/ec2-user/environment/lab4_model_training/venv/lib64/python3.12/site-packages/airflow/example_dags/example_trigger_controller_dag.py
[2026-03-12T01:02:38.773+0000] {processor.py:914} INFO - Processing file /home/ec2-user/environment/lab4_model_training/venv/lib64/python3.12/site-packages/airflow/example_dags/example_trigger_controller_dag.py for tasks to queue
[2026-03-12T01:02:38.776+0000] {logging_mixin.py:190} INFO - [2026-03-12T01:02:38.776+0000] {dagbag.py:588} INFO - Filling up the DagBag from /home/ec2-user/environment/lab4_model_training/venv/lib64/python3.12/site-packages/airflow/example_dags/example_trigger_controller_dag.py
[2026-03-12T01:02:38.784+0000] {processor.py:925} INFO - DAG(s) 'example_trigger_controller_dag' retrieved from /home/ec2-user/environment/lab4_model_training/venv/lib64/python3.12/site-packages/airflow/example_dags/example_trigger_controller_dag.py
[2026-03-12T01:02:38.805+0000] {logging_mixin.py:190} INFO - [2026-03-12T01:02:38.804+0000] {dag.py:3239} INFO - Sync 1 DAGs
[2026-03-12T01:02:38.829+0000] {logging_mixin.py:190} INFO - [2026-03-12T01:02:38.829+0000] {dag.py:4180} INFO - Setting next_dagrun for example_trigger_controller_dag to 2021-01-01 00:00:00+00:00, run_after=2021-01-01 00:00:00+00:00
[2026-03-12T01:02:38.853+0000] {processor.py:208} INFO - Processing /home/ec2-user/environment/lab4_model_training/venv/lib64/python3.12/site-packages/airflow/example_dags/example_trigger_controller_dag.py took 0.087 seconds
[2026-03-12T01:03:40.587+0000] {processor.py:186} INFO - Started process (PID=14197) to work on /home/ec2-user/environment/lab4_model_training/venv/lib64/python3.12/site-packages/airflow/example_dags/example_trigger_controller_dag.py
[2026-03-12T01:03:40.588+0000] {processor.py:914} INFO - Processing file /home/ec2-user/environment/lab4_model_training/venv/lib64/python3.12/site-packages/airflow/example_dags/example_trigger_controller_dag.py for tasks to queue
[2026-03-12T01:03:40.590+0000] {logging_mixin.py:190} INFO - [2026-03-12T01:03:40.590+0000] {dagbag.py:588} INFO - Filling up the DagBag from /home/ec2-user/environment/lab4_model_training/venv/lib64/python3.12/site-packages/airflow/example_dags/example_trigger_controller_dag.py
[2026-03-12T01:03:40.598+0000] {processor.py:925} INFO - DAG(s) 'example_trigger_controller_dag' retrieved from /home/ec2-user/environment/lab4_model_training/venv/lib64/python3.12/site-packages/airflow/example_dags/example_trigger_controller_dag.py
[2026-03-12T01:03:40.614+0000] {logging_mixin.py:190} INFO - [2026-03-12T01:03:40.614+0000] {dag.py:3239} INFO - Sync 1 DAGs
[2026-03-12T01:03:40.639+0000] {logging_mixin.py:190} INFO - [2026-03-12T01:03:40.639+0000] {dag.py:4180} INFO - Setting next_dagrun for example_trigger_controller_dag to 2021-01-01 00:00:00+00:00, run_after=2021-01-01 00:00:00+00:00
[2026-03-12T01:03:40.660+0000] {processor.py:208} INFO - Processing /home/ec2-user/environment/lab4_model_training/venv/lib64/python3.12/site-packages/airflow/example_dags/example_trigger_controller_dag.py took 0.079 seconds
[2026-03-12T01:04:51.536+0000] {processor.py:186} INFO - Started process (PID=14526) to work on /home/ec2-user/environment/lab4_model_training/venv/lib64/python3.12/site-packages/airflow/example_dags/example_trigger_controller_dag.py
[2026-03-12T01:04:51.542+0000] {processor.py:914} INFO - Processing file /home/ec2-user/environment/lab4_model_training/venv/lib64/python3.12/site-packages/airflow/example_dags/example_trigger_controller_dag.py for tasks to queue
[2026-03-12T01:04:51.544+0000] {logging_mixin.py:190} INFO - [2026-03-12T01:04:51.543+0000] {dagbag.py:588} INFO - Filling up the DagBag from /home/ec2-user/environment/lab4_model_training/venv/lib64/python3.12/site-packages/airflow/example_dags/example_trigger_controller_dag.py
[2026-03-12T01:04:51.551+0000] {processor.py:925} INFO - DAG(s) 'example_trigger_controller_dag' retrieved from /home/ec2-user/environment/lab4_model_training/venv/lib64/python3.12/site-packages/airflow/example_dags/example_trigger_controller_dag.py
[2026-03-12T01:04:51.569+0000] {logging_mixin.py:190} INFO - [2026-03-12T01:04:51.568+0000] {dag.py:3239} INFO - Sync 1 DAGs
[2026-03-12T01:04:51.594+0000] {logging_mixin.py:190} INFO - [2026-03-12T01:04:51.594+0000] {dag.py:4180} INFO - Setting next_dagrun for example_trigger_controller_dag to 2021-01-01 00:00:00+00:00, run_after=2021-01-01 00:00:00+00:00
[2026-03-12T01:04:51.630+0000] {processor.py:208} INFO - Processing /home/ec2-user/environment/lab4_model_training/venv/lib64/python3.12/site-packages/airflow/example_dags/example_trigger_controller_dag.py took 0.101 seconds
[2026-03-12T01:05:50.242+0000] {processor.py:186} INFO - Started process (PID=14764) to work on /home/ec2-user/environment/lab4_model_training/venv/lib64/python3.12/site-packages/airflow/example_dags/example_trigger_controller_dag.py
[2026-03-12T01:05:50.243+0000] {processor.py:914} INFO - Processing file /home/ec2-user/environment/lab4_model_training/venv/lib64/python3.12/site-packages/airflow/example_dags/example_trigger_controller_dag.py for tasks to queue
[2026-03-12T01:05:50.245+0000] {logging_mixin.py:190} INFO - [2026-03-12T01:05:50.244+0000] {dagbag.py:588} INFO - Filling up the DagBag from /home/ec2-user/environment/lab4_model_training/venv/lib64/python3.12/site-packages/airflow/example_dags/example_trigger_controller_dag.py
[2026-03-12T01:05:50.252+0000] {processor.py:925} INFO - DAG(s) 'example_trigger_controller_dag' retrieved from /home/ec2-user/environment/lab4_model_training/venv/lib64/python3.12/site-packages/airflow/example_dags/example_trigger_controller_dag.py
[2026-03-12T01:05:50.268+0000] {logging_mixin.py:190} INFO - [2026-03-12T01:05:50.268+0000] {dag.py:3239} INFO - Sync 1 DAGs
[2026-03-12T01:05:50.291+0000] {logging_mixin.py:190} INFO - [2026-03-12T01:05:50.291+0000] {dag.py:4180} INFO - Setting next_dagrun for example_trigger_controller_dag to 2021-01-01 00:00:00+00:00, run_after=2021-01-01 00:00:00+00:00
[2026-03-12T01:05:50.313+0000] {processor.py:208} INFO - Processing /home/ec2-user/environment/lab4_model_training/venv/lib64/python3.12/site-packages/airflow/example_dags/example_trigger_controller_dag.py took 0.077 seconds
[2026-03-12T01:06:50.979+0000] {processor.py:186} INFO - Started process (PID=15048) to work on /home/ec2-user/environment/lab4_model_training/venv/lib64/python3.12/site-packages/airflow/example_dags/example_trigger_controller_dag.py
[2026-03-12T01:06:50.981+0000] {processor.py:914} INFO - Processing file /home/ec2-user/environment/lab4_model_training/venv/lib64/python3.12/site-packages/airflow/example_dags/example_trigger_controller_dag.py for tasks to queue
[2026-03-12T01:06:50.984+0000] {logging_mixin.py:190} INFO - [2026-03-12T01:06:50.983+0000] {dagbag.py:588} INFO - Filling up the DagBag from /home/ec2-user/environment/lab4_model_training/venv/lib64/python3.12/site-packages/airflow/example_dags/example_trigger_controller_dag.py
[2026-03-12T01:06:50.992+0000] {processor.py:925} INFO - DAG(s) 'example_trigger_controller_dag' retrieved from /home/ec2-user/environment/lab4_model_training/venv/lib64/python3.12/site-packages/airflow/example_dags/example_trigger_controller_dag.py
[2026-03-12T01:06:51.011+0000] {logging_mixin.py:190} INFO - [2026-03-12T01:06:51.011+0000] {dag.py:3239} INFO - Sync 1 DAGs
[2026-03-12T01:06:51.037+0000] {logging_mixin.py:190} INFO - [2026-03-12T01:06:51.036+0000] {dag.py:4180} INFO - Setting next_dagrun for example_trigger_controller_dag to 2021-01-01 00:00:00+00:00, run_after=2021-01-01 00:00:00+00:00
[2026-03-12T01:06:51.060+0000] {processor.py:208} INFO - Processing /home/ec2-user/environment/lab4_model_training/venv/lib64/python3.12/site-packages/airflow/example_dags/example_trigger_controller_dag.py took 0.086 seconds
[2026-03-12T01:07:52.374+0000] {processor.py:186} INFO - Started process (PID=15333) to work on /home/ec2-user/environment/lab4_model_training/venv/lib64/python3.12/site-packages/airflow/example_dags/example_trigger_controller_dag.py
[2026-03-12T01:07:52.375+0000] {processor.py:914} INFO - Processing file /home/ec2-user/environment/lab4_model_training/venv/lib64/python3.12/site-packages/airflow/example_dags/example_trigger_controller_dag.py for tasks to queue
[2026-03-12T01:07:52.377+0000] {logging_mixin.py:190} INFO - [2026-03-12T01:07:52.377+0000] {dagbag.py:588} INFO - Filling up the DagBag from /home/ec2-user/environment/lab4_model_training/venv/lib64/python3.12/site-packages/airflow/example_dags/example_trigger_controller_dag.py
[2026-03-12T01:07:52.384+0000] {processor.py:925} INFO - DAG(s) 'example_trigger_controller_dag' retrieved from /home/ec2-user/environment/lab4_model_training/venv/lib64/python3.12/site-packages/airflow/example_dags/example_trigger_controller_dag.py
[2026-03-12T01:07:52.402+0000] {logging_mixin.py:190} INFO - [2026-03-12T01:07:52.401+0000] {dag.py:3239} INFO - Sync 1 DAGs
[2026-03-12T01:07:52.425+0000] {logging_mixin.py:190} INFO - [2026-03-12T01:07:52.425+0000] {dag.py:4180} INFO - Setting next_dagrun for example_trigger_controller_dag to 2021-01-01 00:00:00+00:00, run_after=2021-01-01 00:00:00+00:00
[2026-03-12T01:07:52.449+0000] {processor.py:208} INFO - Processing /home/ec2-user/environment/lab4_model_training/venv/lib64/python3.12/site-packages/airflow/example_dags/example_trigger_controller_dag.py took 0.081 seconds
[2026-03-12T01:08:55.873+0000] {processor.py:186} INFO - Started process (PID=15580) to work on /home/ec2-user/environment/lab4_model_training/venv/lib64/python3.12/site-packages/airflow/example_dags/example_trigger_controller_dag.py
[2026-03-12T01:08:55.874+0000] {processor.py:914} INFO - Processing file /home/ec2-user/environment/lab4_model_training/venv/lib64/python3.12/site-packages/airflow/example_dags/example_trigger_controller_dag.py for tasks to queue
[2026-03-12T01:08:55.876+0000] {logging_mixin.py:190} INFO - [2026-03-12T01:08:55.876+0000] {dagbag.py:588} INFO - Filling up the DagBag from /home/ec2-user/environment/lab4_model_training/venv/lib64/python3.12/site-packages/airflow/example_dags/example_trigger_controller_dag.py
[2026-03-12T01:08:55.883+0000] {processor.py:925} INFO - DAG(s) 'example_trigger_controller_dag' retrieved from /home/ec2-user/environment/lab4_model_training/venv/lib64/python3.12/site-packages/airflow/example_dags/example_trigger_controller_dag.py
[2026-03-12T01:08:55.900+0000] {logging_mixin.py:190} INFO - [2026-03-12T01:08:55.900+0000] {dag.py:3239} INFO - Sync 1 DAGs
[2026-03-12T01:08:55.932+0000] {logging_mixin.py:190} INFO - [2026-03-12T01:08:55.932+0000] {dag.py:4180} INFO - Setting next_dagrun for example_trigger_controller_dag to 2021-01-01 00:00:00+00:00, run_after=2021-01-01 00:00:00+00:00
[2026-03-12T01:08:55.961+0000] {processor.py:208} INFO - Processing /home/ec2-user/environment/lab4_model_training/venv/lib64/python3.12/site-packages/airflow/example_dags/example_trigger_controller_dag.py took 0.094 seconds
[2026-03-12T01:09:56.787+0000] {processor.py:186} INFO - Started process (PID=15868) to work on /home/ec2-user/environment/lab4_model_training/venv/lib64/python3.12/site-packages/airflow/example_dags/example_trigger_controller_dag.py
[2026-03-12T01:09:56.788+0000] {processor.py:914} INFO - Processing file /home/ec2-user/environment/lab4_model_training/venv/lib64/python3.12/site-packages/airflow/example_dags/example_trigger_controller_dag.py for tasks to queue
[2026-03-12T01:09:56.791+0000] {logging_mixin.py:190} INFO - [2026-03-12T01:09:56.791+0000] {dagbag.py:588} INFO - Filling up the DagBag from /home/ec2-user/environment/lab4_model_training/venv/lib64/python3.12/site-packages/airflow/example_dags/example_trigger_controller_dag.py
[2026-03-12T01:09:56.799+0000] {processor.py:925} INFO - DAG(s) 'example_trigger_controller_dag' retrieved from /home/ec2-user/environment/lab4_model_training/venv/lib64/python3.12/site-packages/airflow/example_dags/example_trigger_controller_dag.py
[2026-03-12T01:09:56.818+0000] {logging_mixin.py:190} INFO - [2026-03-12T01:09:56.818+0000] {dag.py:3239} INFO - Sync 1 DAGs
[2026-03-12T01:09:56.840+0000] {logging_mixin.py:190} INFO - [2026-03-12T01:09:56.840+0000] {dag.py:4180} INFO - Setting next_dagrun for example_trigger_controller_dag to 2021-01-01 00:00:00+00:00, run_after=2021-01-01 00:00:00+00:00
[2026-03-12T01:09:56.862+0000] {processor.py:208} INFO - Processing /home/ec2-user/environment/lab4_model_training/venv/lib64/python3.12/site-packages/airflow/example_dags/example_trigger_controller_dag.py took 0.080 seconds
[2026-03-12T01:11:03.350+0000] {processor.py:186} INFO - Started process (PID=16179) to work on /home/ec2-user/environment/lab4_model_training/venv/lib64/python3.12/site-packages/airflow/example_dags/example_trigger_controller_dag.py
[2026-03-12T01:11:03.351+0000] {processor.py:914} INFO - Processing file /home/ec2-user/environment/lab4_model_training/venv/lib64/python3.12/site-packages/airflow/example_dags/example_trigger_controller_dag.py for tasks to queue
[2026-03-12T01:11:03.354+0000] {logging_mixin.py:190} INFO - [2026-03-12T01:11:03.354+0000] {dagbag.py:588} INFO - Filling up the DagBag from /home/ec2-user/environment/lab4_model_training/venv/lib64/python3.12/site-packages/airflow/example_dags/example_trigger_controller_dag.py
[2026-03-12T01:11:03.362+0000] {processor.py:925} INFO - DAG(s) 'example_trigger_controller_dag' retrieved from /home/ec2-user/environment/lab4_model_training/venv/lib64/python3.12/site-packages/airflow/example_dags/example_trigger_controller_dag.py
[2026-03-12T01:11:03.381+0000] {logging_mixin.py:190} INFO - [2026-03-12T01:11:03.381+0000] {dag.py:3239} INFO - Sync 1 DAGs
[2026-03-12T01:11:03.406+0000] {logging_mixin.py:190} INFO - [2026-03-12T01:11:03.406+0000] {dag.py:4180} INFO - Setting next_dagrun for example_trigger_controller_dag to 2021-01-01 00:00:00+00:00, run_after=2021-01-01 00:00:00+00:00
[2026-03-12T01:11:03.431+0000] {processor.py:208} INFO - Processing /home/ec2-user/environment/lab4_model_training/venv/lib64/python3.12/site-packages/airflow/example_dags/example_trigger_controller_dag.py took 0.087 seconds
[2026-03-12T01:12:08.951+0000] {processor.py:186} INFO - Started process (PID=16429) to work on /home/ec2-user/environment/lab4_model_training/venv/lib64/python3.12/site-packages/airflow/example_dags/example_trigger_controller_dag.py
[2026-03-12T01:12:08.952+0000] {processor.py:914} INFO - Processing file /home/ec2-user/environment/lab4_model_training/venv/lib64/python3.12/site-packages/airflow/example_dags/example_trigger_controller_dag.py for tasks to queue
[2026-03-12T01:12:08.955+0000] {logging_mixin.py:190} INFO - [2026-03-12T01:12:08.954+0000] {dagbag.py:588} INFO - Filling up the DagBag from /home/ec2-user/environment/lab4_model_training/venv/lib64/python3.12/site-packages/airflow/example_dags/example_trigger_controller_dag.py
[2026-03-12T01:12:08.962+0000] {processor.py:925} INFO - DAG(s) 'example_trigger_controller_dag' retrieved from /home/ec2-user/environment/lab4_model_training/venv/lib64/python3.12/site-packages/airflow/example_dags/example_trigger_controller_dag.py
[2026-03-12T01:12:08.982+0000] {logging_mixin.py:190} INFO - [2026-03-12T01:12:08.982+0000] {dag.py:3239} INFO - Sync 1 DAGs
[2026-03-12T01:12:09.005+0000] {logging_mixin.py:190} INFO - [2026-03-12T01:12:09.005+0000] {dag.py:4180} INFO - Setting next_dagrun for example_trigger_controller_dag to 2021-01-01 00:00:00+00:00, run_after=2021-01-01 00:00:00+00:00
[2026-03-12T01:12:09.031+0000] {processor.py:208} INFO - Processing /home/ec2-user/environment/lab4_model_training/venv/lib64/python3.12/site-packages/airflow/example_dags/example_trigger_controller_dag.py took 0.086 seconds
[2026-03-12T01:13:11.719+0000] {processor.py:186} INFO - Started process (PID=16723) to work on /home/ec2-user/environment/lab4_model_training/venv/lib64/python3.12/site-packages/airflow/example_dags/example_trigger_controller_dag.py
[2026-03-12T01:13:11.720+0000] {processor.py:914} INFO - Processing file /home/ec2-user/environment/lab4_model_training/venv/lib64/python3.12/site-packages/airflow/example_dags/example_trigger_controller_dag.py for tasks to queue
[2026-03-12T01:13:11.723+0000] {logging_mixin.py:190} INFO - [2026-03-12T01:13:11.722+0000] {dagbag.py:588} INFO - Filling up the DagBag from /home/ec2-user/environment/lab4_model_training/venv/lib64/python3.12/site-packages/airflow/example_dags/example_trigger_controller_dag.py
[2026-03-12T01:13:11.744+0000] {processor.py:925} INFO - DAG(s) 'example_trigger_controller_dag' retrieved from /home/ec2-user/environment/lab4_model_training/venv/lib64/python3.12/site-packages/airflow/example_dags/example_trigger_controller_dag.py
[2026-03-12T01:13:11.764+0000] {logging_mixin.py:190} INFO - [2026-03-12T01:13:11.763+0000] {dag.py:3239} INFO - Sync 1 DAGs
[2026-03-12T01:13:11.787+0000] {logging_mixin.py:190} INFO - [2026-03-12T01:13:11.786+0000] {dag.py:4180} INFO - Setting next_dagrun for example_trigger_controller_dag to 2021-01-01 00:00:00+00:00, run_after=2021-01-01 00:00:00+00:00
[2026-03-12T01:13:11.811+0000] {processor.py:208} INFO - Processing /home/ec2-user/environment/lab4_model_training/venv/lib64/python3.12/site-packages/airflow/example_dags/example_trigger_controller_dag.py took 0.098 seconds
[2026-03-12T01:14:16.304+0000] {processor.py:186} INFO - Started process (PID=17036) to work on /home/ec2-user/environment/lab4_model_training/venv/lib64/python3.12/site-packages/airflow/example_dags/example_trigger_controller_dag.py
[2026-03-12T01:14:16.306+0000] {processor.py:914} INFO - Processing file /home/ec2-user/environment/lab4_model_training/venv/lib64/python3.12/site-packages/airflow/example_dags/example_trigger_controller_dag.py for tasks to queue
[2026-03-12T01:14:16.308+0000] {logging_mixin.py:190} INFO - [2026-03-12T01:14:16.307+0000] {dagbag.py:588} INFO - Filling up the DagBag from /home/ec2-user/environment/lab4_model_training/venv/lib64/python3.12/site-packages/airflow/example_dags/example_trigger_controller_dag.py
[2026-03-12T01:14:16.315+0000] {processor.py:925} INFO - DAG(s) 'example_trigger_controller_dag' retrieved from /home/ec2-user/environment/lab4_model_training/venv/lib64/python3.12/site-packages/airflow/example_dags/example_trigger_controller_dag.py
[2026-03-12T01:14:16.332+0000] {logging_mixin.py:190} INFO - [2026-03-12T01:14:16.332+0000] {dag.py:3239} INFO - Sync 1 DAGs
[2026-03-12T01:14:16.355+0000] {logging_mixin.py:190} INFO - [2026-03-12T01:14:16.355+0000] {dag.py:4180} INFO - Setting next_dagrun for example_trigger_controller_dag to 2021-01-01 00:00:00+00:00, run_after=2021-01-01 00:00:00+00:00
[2026-03-12T01:14:16.377+0000] {processor.py:208} INFO - Processing /home/ec2-user/environment/lab4_model_training/venv/lib64/python3.12/site-packages/airflow/example_dags/example_trigger_controller_dag.py took 0.079 seconds
[2026-03-12T01:15:19.706+0000] {processor.py:186} INFO - Started process (PID=17335) to work on /home/ec2-user/environment/lab4_model_training/venv/lib64/python3.12/site-packages/airflow/example_dags/example_trigger_controller_dag.py
[2026-03-12T01:15:19.707+0000] {processor.py:914} INFO - Processing file /home/ec2-user/environment/lab4_model_training/venv/lib64/python3.12/site-packages/airflow/example_dags/example_trigger_controller_dag.py for tasks to queue
[2026-03-12T01:15:19.710+0000] {logging_mixin.py:190} INFO - [2026-03-12T01:15:19.710+0000] {dagbag.py:588} INFO - Filling up the DagBag from /home/ec2-user/environment/lab4_model_training/venv/lib64/python3.12/site-packages/airflow/example_dags/example_trigger_controller_dag.py
[2026-03-12T01:15:19.718+0000] {processor.py:925} INFO - DAG(s) 'example_trigger_controller_dag' retrieved from /home/ec2-user/environment/lab4_model_training/venv/lib64/python3.12/site-packages/airflow/example_dags/example_trigger_controller_dag.py
[2026-03-12T01:15:19.738+0000] {logging_mixin.py:190} INFO - [2026-03-12T01:15:19.737+0000] {dag.py:3239} INFO - Sync 1 DAGs
[2026-03-12T01:15:19.760+0000] {logging_mixin.py:190} INFO - [2026-03-12T01:15:19.760+0000] {dag.py:4180} INFO - Setting next_dagrun for example_trigger_controller_dag to 2021-01-01 00:00:00+00:00, run_after=2021-01-01 00:00:00+00:00
[2026-03-12T01:15:19.784+0000] {processor.py:208} INFO - Processing /home/ec2-user/environment/lab4_model_training/venv/lib64/python3.12/site-packages/airflow/example_dags/example_trigger_controller_dag.py took 0.084 seconds
[2026-03-12T01:16:19.543+0000] {processor.py:186} INFO - Started process (PID=17620) to work on /home/ec2-user/environment/lab4_model_training/venv/lib64/python3.12/site-packages/airflow/example_dags/example_trigger_controller_dag.py
[2026-03-12T01:16:19.544+0000] {processor.py:914} INFO - Processing file /home/ec2-user/environment/lab4_model_training/venv/lib64/python3.12/site-packages/airflow/example_dags/example_trigger_controller_dag.py for tasks to queue
[2026-03-12T01:16:19.547+0000] {logging_mixin.py:190} INFO - [2026-03-12T01:16:19.546+0000] {dagbag.py:588} INFO - Filling up the DagBag from /home/ec2-user/environment/lab4_model_training/venv/lib64/python3.12/site-packages/airflow/example_dags/example_trigger_controller_dag.py
[2026-03-12T01:16:19.554+0000] {processor.py:925} INFO - DAG(s) 'example_trigger_controller_dag' retrieved from /home/ec2-user/environment/lab4_model_training/venv/lib64/python3.12/site-packages/airflow/example_dags/example_trigger_controller_dag.py
[2026-03-12T01:16:19.571+0000] {logging_mixin.py:190} INFO - [2026-03-12T01:16:19.571+0000] {dag.py:3239} INFO - Sync 1 DAGs
[2026-03-12T01:16:19.595+0000] {logging_mixin.py:190} INFO - [2026-03-12T01:16:19.595+0000] {dag.py:4180} INFO - Setting next_dagrun for example_trigger_controller_dag to 2021-01-01 00:00:00+00:00, run_after=2021-01-01 00:00:00+00:00
[2026-03-12T01:16:19.617+0000] {processor.py:208} INFO - Processing /home/ec2-user/environment/lab4_model_training/venv/lib64/python3.12/site-packages/airflow/example_dags/example_trigger_controller_dag.py took 0.081 seconds
[2026-03-12T01:17:35.882+0000] {processor.py:186} INFO - Started process (PID=17956) to work on /home/ec2-user/environment/lab4_model_training/venv/lib64/python3.12/site-packages/airflow/example_dags/example_trigger_controller_dag.py
[2026-03-12T01:17:35.883+0000] {processor.py:914} INFO - Processing file /home/ec2-user/environment/lab4_model_training/venv/lib64/python3.12/site-packages/airflow/example_dags/example_trigger_controller_dag.py for tasks to queue
[2026-03-12T01:17:35.885+0000] {logging_mixin.py:190} INFO - [2026-03-12T01:17:35.885+0000] {dagbag.py:588} INFO - Filling up the DagBag from /home/ec2-user/environment/lab4_model_training/venv/lib64/python3.12/site-packages/airflow/example_dags/example_trigger_controller_dag.py
[2026-03-12T01:17:35.893+0000] {processor.py:925} INFO - DAG(s) 'example_trigger_controller_dag' retrieved from /home/ec2-user/environment/lab4_model_training/venv/lib64/python3.12/site-packages/airflow/example_dags/example_trigger_controller_dag.py
[2026-03-12T01:17:35.910+0000] {logging_mixin.py:190} INFO - [2026-03-12T01:17:35.910+0000] {dag.py:3239} INFO - Sync 1 DAGs
[2026-03-12T01:17:35.933+0000] {logging_mixin.py:190} INFO - [2026-03-12T01:17:35.932+0000] {dag.py:4180} INFO - Setting next_dagrun for example_trigger_controller_dag to 2021-01-01 00:00:00+00:00, run_after=2021-01-01 00:00:00+00:00
[2026-03-12T01:17:35.954+0000] {processor.py:208} INFO - Processing /home/ec2-user/environment/lab4_model_training/venv/lib64/python3.12/site-packages/airflow/example_dags/example_trigger_controller_dag.py took 0.078 seconds
[2026-03-12T01:18:34.743+0000] {processor.py:186} INFO - Started process (PID=18230) to work on /home/ec2-user/environment/lab4_model_training/venv/lib64/python3.12/site-packages/airflow/example_dags/example_trigger_controller_dag.py
[2026-03-12T01:18:34.745+0000] {processor.py:914} INFO - Processing file /home/ec2-user/environment/lab4_model_training/venv/lib64/python3.12/site-packages/airflow/example_dags/example_trigger_controller_dag.py for tasks to queue
[2026-03-12T01:18:34.747+0000] {logging_mixin.py:190} INFO - [2026-03-12T01:18:34.746+0000] {dagbag.py:588} INFO - Filling up the DagBag from /home/ec2-user/environment/lab4_model_training/venv/lib64/python3.12/site-packages/airflow/example_dags/example_trigger_controller_dag.py
[2026-03-12T01:18:34.754+0000] {processor.py:925} INFO - DAG(s) 'example_trigger_controller_dag' retrieved from /home/ec2-user/environment/lab4_model_training/venv/lib64/python3.12/site-packages/airflow/example_dags/example_trigger_controller_dag.py
[2026-03-12T01:18:34.771+0000] {logging_mixin.py:190} INFO - [2026-03-12T01:18:34.771+0000] {dag.py:3239} INFO - Sync 1 DAGs
[2026-03-12T01:18:34.794+0000] {logging_mixin.py:190} INFO - [2026-03-12T01:18:34.794+0000] {dag.py:4180} INFO - Setting next_dagrun for example_trigger_controller_dag to 2021-01-01 00:00:00+00:00, run_after=2021-01-01 00:00:00+00:00
[2026-03-12T01:18:34.823+0000] {processor.py:208} INFO - Processing /home/ec2-user/environment/lab4_model_training/venv/lib64/python3.12/site-packages/airflow/example_dags/example_trigger_controller_dag.py took 0.085 seconds
[2026-03-12T01:19:47.772+0000] {processor.py:186} INFO - Started process (PID=18511) to work on /home/ec2-user/environment/lab4_model_training/venv/lib64/python3.12/site-packages/airflow/example_dags/example_trigger_controller_dag.py
[2026-03-12T01:19:47.774+0000] {processor.py:914} INFO - Processing file /home/ec2-user/environment/lab4_model_training/venv/lib64/python3.12/site-packages/airflow/example_dags/example_trigger_controller_dag.py for tasks to queue
[2026-03-12T01:19:47.776+0000] {logging_mixin.py:190} INFO - [2026-03-12T01:19:47.776+0000] {dagbag.py:588} INFO - Filling up the DagBag from /home/ec2-user/environment/lab4_model_training/venv/lib64/python3.12/site-packages/airflow/example_dags/example_trigger_controller_dag.py
[2026-03-12T01:19:47.784+0000] {processor.py:925} INFO - DAG(s) 'example_trigger_controller_dag' retrieved from /home/ec2-user/environment/lab4_model_training/venv/lib64/python3.12/site-packages/airflow/example_dags/example_trigger_controller_dag.py
[2026-03-12T01:19:47.802+0000] {logging_mixin.py:190} INFO - [2026-03-12T01:19:47.801+0000] {dag.py:3239} INFO - Sync 1 DAGs
[2026-03-12T01:19:47.824+0000] {logging_mixin.py:190} INFO - [2026-03-12T01:19:47.823+0000] {dag.py:4180} INFO - Setting next_dagrun for example_trigger_controller_dag to 2021-01-01 00:00:00+00:00, run_after=2021-01-01 00:00:00+00:00
[2026-03-12T01:19:47.847+0000] {processor.py:208} INFO - Processing /home/ec2-user/environment/lab4_model_training/venv/lib64/python3.12/site-packages/airflow/example_dags/example_trigger_controller_dag.py took 0.080 seconds
[2026-03-12T01:20:49.534+0000] {processor.py:186} INFO - Started process (PID=18798) to work on /home/ec2-user/environment/lab4_model_training/venv/lib64/python3.12/site-packages/airflow/example_dags/example_trigger_controller_dag.py
[2026-03-12T01:20:49.535+0000] {processor.py:914} INFO - Processing file /home/ec2-user/environment/lab4_model_training/venv/lib64/python3.12/site-packages/airflow/example_dags/example_trigger_controller_dag.py for tasks to queue
[2026-03-12T01:20:49.538+0000] {logging_mixin.py:190} INFO - [2026-03-12T01:20:49.538+0000] {dagbag.py:588} INFO - Filling up the DagBag from /home/ec2-user/environment/lab4_model_training/venv/lib64/python3.12/site-packages/airflow/example_dags/example_trigger_controller_dag.py
[2026-03-12T01:20:49.546+0000] {processor.py:925} INFO - DAG(s) 'example_trigger_controller_dag' retrieved from /home/ec2-user/environment/lab4_model_training/venv/lib64/python3.12/site-packages/airflow/example_dags/example_trigger_controller_dag.py
[2026-03-12T01:20:49.563+0000] {logging_mixin.py:190} INFO - [2026-03-12T01:20:49.563+0000] {dag.py:3239} INFO - Sync 1 DAGs
[2026-03-12T01:20:49.587+0000] {logging_mixin.py:190} INFO - [2026-03-12T01:20:49.587+0000] {dag.py:4180} INFO - Setting next_dagrun for example_trigger_controller_dag to 2021-01-01 00:00:00+00:00, run_after=2021-01-01 00:00:00+00:00
[2026-03-12T01:20:49.729+0000] {processor.py:208} INFO - Processing /home/ec2-user/environment/lab4_model_training/venv/lib64/python3.12/site-packages/airflow/example_dags/example_trigger_controller_dag.py took 0.201 seconds
[2026-03-12T01:21:57.773+0000] {processor.py:186} INFO - Started process (PID=19069) to work on /home/ec2-user/environment/lab4_model_training/venv/lib64/python3.12/site-packages/airflow/example_dags/example_trigger_controller_dag.py
[2026-03-12T01:21:57.774+0000] {processor.py:914} INFO - Processing file /home/ec2-user/environment/lab4_model_training/venv/lib64/python3.12/site-packages/airflow/example_dags/example_trigger_controller_dag.py for tasks to queue
[2026-03-12T01:21:57.776+0000] {logging_mixin.py:190} INFO - [2026-03-12T01:21:57.776+0000] {dagbag.py:588} INFO - Filling up the DagBag from /home/ec2-user/environment/lab4_model_training/venv/lib64/python3.12/site-packages/airflow/example_dags/example_trigger_controller_dag.py
[2026-03-12T01:21:57.783+0000] {processor.py:925} INFO - DAG(s) 'example_trigger_controller_dag' retrieved from /home/ec2-user/environment/lab4_model_training/venv/lib64/python3.12/site-packages/airflow/example_dags/example_trigger_controller_dag.py
[2026-03-12T01:21:57.801+0000] {logging_mixin.py:190} INFO - [2026-03-12T01:21:57.800+0000] {dag.py:3239} INFO - Sync 1 DAGs
[2026-03-12T01:21:57.823+0000] {logging_mixin.py:190} INFO - [2026-03-12T01:21:57.823+0000] {dag.py:4180} INFO - Setting next_dagrun for example_trigger_controller_dag to 2021-01-01 00:00:00+00:00, run_after=2021-01-01 00:00:00+00:00
[2026-03-12T01:21:57.846+0000] {processor.py:208} INFO - Processing /home/ec2-user/environment/lab4_model_training/venv/lib64/python3.12/site-packages/airflow/example_dags/example_trigger_controller_dag.py took 0.078 seconds
[2026-03-12T01:23:09.131+0000] {processor.py:186} INFO - Started process (PID=19397) to work on /home/ec2-user/environment/lab4_model_training/venv/lib64/python3.12/site-packages/airflow/example_dags/example_trigger_controller_dag.py
[2026-03-12T01:23:09.132+0000] {processor.py:914} INFO - Processing file /home/ec2-user/environment/lab4_model_training/venv/lib64/python3.12/site-packages/airflow/example_dags/example_trigger_controller_dag.py for tasks to queue
[2026-03-12T01:23:09.135+0000] {logging_mixin.py:190} INFO - [2026-03-12T01:23:09.134+0000] {dagbag.py:588} INFO - Filling up the DagBag from /home/ec2-user/environment/lab4_model_training/venv/lib64/python3.12/site-packages/airflow/example_dags/example_trigger_controller_dag.py
[2026-03-12T01:23:09.142+0000] {processor.py:925} INFO - DAG(s) 'example_trigger_controller_dag' retrieved from /home/ec2-user/environment/lab4_model_training/venv/lib64/python3.12/site-packages/airflow/example_dags/example_trigger_controller_dag.py
[2026-03-12T01:23:09.162+0000] {logging_mixin.py:190} INFO - [2026-03-12T01:23:09.161+0000] {dag.py:3239} INFO - Sync 1 DAGs
[2026-03-12T01:23:09.183+0000] {logging_mixin.py:190} INFO - [2026-03-12T01:23:09.183+0000] {dag.py:4180} INFO - Setting next_dagrun for example_trigger_controller_dag to 2021-01-01 00:00:00+00:00, run_after=2021-01-01 00:00:00+00:00
[2026-03-12T01:23:09.207+0000] {processor.py:208} INFO - Processing /home/ec2-user/environment/lab4_model_training/venv/lib64/python3.12/site-packages/airflow/example_dags/example_trigger_controller_dag.py took 0.082 seconds
[2026-03-12T01:24:20.553+0000] {processor.py:186} INFO - Started process (PID=19664) to work on /home/ec2-user/environment/lab4_model_training/venv/lib64/python3.12/site-packages/airflow/example_dags/example_trigger_controller_dag.py
[2026-03-12T01:24:20.554+0000] {processor.py:914} INFO - Processing file /home/ec2-user/environment/lab4_model_training/venv/lib64/python3.12/site-packages/airflow/example_dags/example_trigger_controller_dag.py for tasks to queue
[2026-03-12T01:24:20.556+0000] {logging_mixin.py:190} INFO - [2026-03-12T01:24:20.556+0000] {dagbag.py:588} INFO - Filling up the DagBag from /home/ec2-user/environment/lab4_model_training/venv/lib64/python3.12/site-packages/airflow/example_dags/example_trigger_controller_dag.py
[2026-03-12T01:24:20.563+0000] {processor.py:925} INFO - DAG(s) 'example_trigger_controller_dag' retrieved from /home/ec2-user/environment/lab4_model_training/venv/lib64/python3.12/site-packages/airflow/example_dags/example_trigger_controller_dag.py
[2026-03-12T01:24:20.705+0000] {logging_mixin.py:190} INFO - [2026-03-12T01:24:20.704+0000] {dag.py:3239} INFO - Sync 1 DAGs
[2026-03-12T01:24:20.722+0000] {logging_mixin.py:190} INFO - [2026-03-12T01:24:20.722+0000] {dag.py:4180} INFO - Setting next_dagrun for example_trigger_controller_dag to 2021-01-01 00:00:00+00:00, run_after=2021-01-01 00:00:00+00:00
[2026-03-12T01:24:20.743+0000] {processor.py:208} INFO - Processing /home/ec2-user/environment/lab4_model_training/venv/lib64/python3.12/site-packages/airflow/example_dags/example_trigger_controller_dag.py took 0.196 seconds
[2026-03-12T01:25:29.637+0000] {processor.py:186} INFO - Started process (PID=19982) to work on /home/ec2-user/environment/lab4_model_training/venv/lib64/python3.12/site-packages/airflow/example_dags/example_trigger_controller_dag.py
[2026-03-12T01:25:29.639+0000] {processor.py:914} INFO - Processing file /home/ec2-user/environment/lab4_model_training/venv/lib64/python3.12/site-packages/airflow/example_dags/example_trigger_controller_dag.py for tasks to queue
[2026-03-12T01:25:29.641+0000] {logging_mixin.py:190} INFO - [2026-03-12T01:25:29.640+0000] {dagbag.py:588} INFO - Filling up the DagBag from /home/ec2-user/environment/lab4_model_training/venv/lib64/python3.12/site-packages/airflow/example_dags/example_trigger_controller_dag.py
[2026-03-12T01:25:29.648+0000] {processor.py:925} INFO - DAG(s) 'example_trigger_controller_dag' retrieved from /home/ec2-user/environment/lab4_model_training/venv/lib64/python3.12/site-packages/airflow/example_dags/example_trigger_controller_dag.py
[2026-03-12T01:25:29.665+0000] {logging_mixin.py:190} INFO - [2026-03-12T01:25:29.665+0000] {dag.py:3239} INFO - Sync 1 DAGs
[2026-03-12T01:25:29.814+0000] {logging_mixin.py:190} INFO - [2026-03-12T01:25:29.814+0000] {dag.py:4180} INFO - Setting next_dagrun for example_trigger_controller_dag to 2021-01-01 00:00:00+00:00, run_after=2021-01-01 00:00:00+00:00
[2026-03-12T01:25:29.835+0000] {processor.py:208} INFO - Processing /home/ec2-user/environment/lab4_model_training/venv/lib64/python3.12/site-packages/airflow/example_dags/example_trigger_controller_dag.py took 0.203 seconds
[2026-03-12T01:26:39.671+0000] {processor.py:186} INFO - Started process (PID=20283) to work on /home/ec2-user/environment/lab4_model_training/venv/lib64/python3.12/site-packages/airflow/example_dags/example_trigger_controller_dag.py
[2026-03-12T01:26:39.673+0000] {processor.py:914} INFO - Processing file /home/ec2-user/environment/lab4_model_training/venv/lib64/python3.12/site-packages/airflow/example_dags/example_trigger_controller_dag.py for tasks to queue
[2026-03-12T01:26:39.676+0000] {logging_mixin.py:190} INFO - [2026-03-12T01:26:39.675+0000] {dagbag.py:588} INFO - Filling up the DagBag from /home/ec2-user/environment/lab4_model_training/venv/lib64/python3.12/site-packages/airflow/example_dags/example_trigger_controller_dag.py
[2026-03-12T01:26:39.683+0000] {processor.py:925} INFO - DAG(s) 'example_trigger_controller_dag' retrieved from /home/ec2-user/environment/lab4_model_training/venv/lib64/python3.12/site-packages/airflow/example_dags/example_trigger_controller_dag.py
[2026-03-12T01:26:39.703+0000] {logging_mixin.py:190} INFO - [2026-03-12T01:26:39.703+0000] {dag.py:3239} INFO - Sync 1 DAGs
[2026-03-12T01:26:39.730+0000] {logging_mixin.py:190} INFO - [2026-03-12T01:26:39.730+0000] {dag.py:4180} INFO - Setting next_dagrun for example_trigger_controller_dag to 2021-01-01 00:00:00+00:00, run_after=2021-01-01 00:00:00+00:00
[2026-03-12T01:26:39.753+0000] {processor.py:208} INFO - Processing /home/ec2-user/environment/lab4_model_training/venv/lib64/python3.12/site-packages/airflow/example_dags/example_trigger_controller_dag.py took 0.087 seconds
[2026-03-12T01:27:40.055+0000] {processor.py:186} INFO - Started process (PID=20517) to work on /home/ec2-user/environment/lab4_model_training/venv/lib64/python3.12/site-packages/airflow/example_dags/example_trigger_controller_dag.py
[2026-03-12T01:27:40.056+0000] {processor.py:914} INFO - Processing file /home/ec2-user/environment/lab4_model_training/venv/lib64/python3.12/site-packages/airflow/example_dags/example_trigger_controller_dag.py for tasks to queue
[2026-03-12T01:27:40.059+0000] {logging_mixin.py:190} INFO - [2026-03-12T01:27:40.058+0000] {dagbag.py:588} INFO - Filling up the DagBag from /home/ec2-user/environment/lab4_model_training/venv/lib64/python3.12/site-packages/airflow/example_dags/example_trigger_controller_dag.py
[2026-03-12T01:27:40.066+0000] {processor.py:925} INFO - DAG(s) 'example_trigger_controller_dag' retrieved from /home/ec2-user/environment/lab4_model_training/venv/lib64/python3.12/site-packages/airflow/example_dags/example_trigger_controller_dag.py
[2026-03-12T01:27:40.085+0000] {logging_mixin.py:190} INFO - [2026-03-12T01:27:40.084+0000] {dag.py:3239} INFO - Sync 1 DAGs
[2026-03-12T01:27:40.107+0000] {logging_mixin.py:190} INFO - [2026-03-12T01:27:40.107+0000] {dag.py:4180} INFO - Setting next_dagrun for example_trigger_controller_dag to 2021-01-01 00:00:00+00:00, run_after=2021-01-01 00:00:00+00:00
[2026-03-12T01:27:40.130+0000] {processor.py:208} INFO - Processing /home/ec2-user/environment/lab4_model_training/venv/lib64/python3.12/site-packages/airflow/example_dags/example_trigger_controller_dag.py took 0.081 seconds
[2026-03-12T01:28:39.154+0000] {processor.py:186} INFO - Started process (PID=20788) to work on /home/ec2-user/environment/lab4_model_training/venv/lib64/python3.12/site-packages/airflow/example_dags/example_trigger_controller_dag.py
[2026-03-12T01:28:39.155+0000] {processor.py:914} INFO - Processing file /home/ec2-user/environment/lab4_model_training/venv/lib64/python3.12/site-packages/airflow/example_dags/example_trigger_controller_dag.py for tasks to queue
[2026-03-12T01:28:39.159+0000] {logging_mixin.py:190} INFO - [2026-03-12T01:28:39.158+0000] {dagbag.py:588} INFO - Filling up the DagBag from /home/ec2-user/environment/lab4_model_training/venv/lib64/python3.12/site-packages/airflow/example_dags/example_trigger_controller_dag.py
[2026-03-12T01:28:39.167+0000] {processor.py:925} INFO - DAG(s) 'example_trigger_controller_dag' retrieved from /home/ec2-user/environment/lab4_model_training/venv/lib64/python3.12/site-packages/airflow/example_dags/example_trigger_controller_dag.py
[2026-03-12T01:28:39.186+0000] {logging_mixin.py:190} INFO - [2026-03-12T01:28:39.186+0000] {dag.py:3239} INFO - Sync 1 DAGs
[2026-03-12T01:28:39.212+0000] {logging_mixin.py:190} INFO - [2026-03-12T01:28:39.212+0000] {dag.py:4180} INFO - Setting next_dagrun for example_trigger_controller_dag to 2021-01-01 00:00:00+00:00, run_after=2021-01-01 00:00:00+00:00
[2026-03-12T01:28:39.236+0000] {processor.py:208} INFO - Processing /home/ec2-user/environment/lab4_model_training/venv/lib64/python3.12/site-packages/airflow/example_dags/example_trigger_controller_dag.py took 0.087 seconds
[2026-03-12T01:29:43.146+0000] {processor.py:186} INFO - Started process (PID=21058) to work on /home/ec2-user/environment/lab4_model_training/venv/lib64/python3.12/site-packages/airflow/example_dags/example_trigger_controller_dag.py
[2026-03-12T01:29:43.148+0000] {processor.py:914} INFO - Processing file /home/ec2-user/environment/lab4_model_training/venv/lib64/python3.12/site-packages/airflow/example_dags/example_trigger_controller_dag.py for tasks to queue
[2026-03-12T01:29:43.151+0000] {logging_mixin.py:190} INFO - [2026-03-12T01:29:43.150+0000] {dagbag.py:588} INFO - Filling up the DagBag from /home/ec2-user/environment/lab4_model_training/venv/lib64/python3.12/site-packages/airflow/example_dags/example_trigger_controller_dag.py
[2026-03-12T01:29:43.158+0000] {processor.py:925} INFO - DAG(s) 'example_trigger_controller_dag' retrieved from /home/ec2-user/environment/lab4_model_training/venv/lib64/python3.12/site-packages/airflow/example_dags/example_trigger_controller_dag.py
[2026-03-12T01:29:43.185+0000] {logging_mixin.py:190} INFO - [2026-03-12T01:29:43.185+0000] {dag.py:3239} INFO - Sync 1 DAGs
[2026-03-12T01:29:43.206+0000] {logging_mixin.py:190} INFO - [2026-03-12T01:29:43.206+0000] {dag.py:4180} INFO - Setting next_dagrun for example_trigger_controller_dag to 2021-01-01 00:00:00+00:00, run_after=2021-01-01 00:00:00+00:00
[2026-03-12T01:29:43.229+0000] {processor.py:208} INFO - Processing /home/ec2-user/environment/lab4_model_training/venv/lib64/python3.12/site-packages/airflow/example_dags/example_trigger_controller_dag.py took 0.088 seconds
[2026-03-12T01:30:43.257+0000] {processor.py:186} INFO - Started process (PID=21449) to work on /home/ec2-user/environment/lab4_model_training/venv/lib64/python3.12/site-packages/airflow/example_dags/example_trigger_controller_dag.py
[2026-03-12T01:30:43.258+0000] {processor.py:914} INFO - Processing file /home/ec2-user/environment/lab4_model_training/venv/lib64/python3.12/site-packages/airflow/example_dags/example_trigger_controller_dag.py for tasks to queue
[2026-03-12T01:30:43.260+0000] {logging_mixin.py:190} INFO - [2026-03-12T01:30:43.260+0000] {dagbag.py:588} INFO - Filling up the DagBag from /home/ec2-user/environment/lab4_model_training/venv/lib64/python3.12/site-packages/airflow/example_dags/example_trigger_controller_dag.py
[2026-03-12T01:30:43.267+0000] {processor.py:925} INFO - DAG(s) 'example_trigger_controller_dag' retrieved from /home/ec2-user/environment/lab4_model_training/venv/lib64/python3.12/site-packages/airflow/example_dags/example_trigger_controller_dag.py
[2026-03-12T01:30:43.285+0000] {logging_mixin.py:190} INFO - [2026-03-12T01:30:43.284+0000] {dag.py:3239} INFO - Sync 1 DAGs
[2026-03-12T01:30:43.308+0000] {logging_mixin.py:190} INFO - [2026-03-12T01:30:43.307+0000] {dag.py:4180} INFO - Setting next_dagrun for example_trigger_controller_dag to 2021-01-01 00:00:00+00:00, run_after=2021-01-01 00:00:00+00:00
[2026-03-12T01:30:43.330+0000] {processor.py:208} INFO - Processing /home/ec2-user/environment/lab4_model_training/venv/lib64/python3.12/site-packages/airflow/example_dags/example_trigger_controller_dag.py took 0.079 seconds
[2026-03-12T01:31:48.540+0000] {processor.py:186} INFO - Started process (PID=21745) to work on /home/ec2-user/environment/lab4_model_training/venv/lib64/python3.12/site-packages/airflow/example_dags/example_trigger_controller_dag.py
[2026-03-12T01:31:48.541+0000] {processor.py:914} INFO - Processing file /home/ec2-user/environment/lab4_model_training/venv/lib64/python3.12/site-packages/airflow/example_dags/example_trigger_controller_dag.py for tasks to queue
[2026-03-12T01:31:48.543+0000] {logging_mixin.py:190} INFO - [2026-03-12T01:31:48.543+0000] {dagbag.py:588} INFO - Filling up the DagBag from /home/ec2-user/environment/lab4_model_training/venv/lib64/python3.12/site-packages/airflow/example_dags/example_trigger_controller_dag.py
[2026-03-12T01:31:48.551+0000] {processor.py:925} INFO - DAG(s) 'example_trigger_controller_dag' retrieved from /home/ec2-user/environment/lab4_model_training/venv/lib64/python3.12/site-packages/airflow/example_dags/example_trigger_controller_dag.py
[2026-03-12T01:31:48.568+0000] {logging_mixin.py:190} INFO - [2026-03-12T01:31:48.568+0000] {dag.py:3239} INFO - Sync 1 DAGs
[2026-03-12T01:31:48.590+0000] {logging_mixin.py:190} INFO - [2026-03-12T01:31:48.590+0000] {dag.py:4180} INFO - Setting next_dagrun for example_trigger_controller_dag to 2021-01-01 00:00:00+00:00, run_after=2021-01-01 00:00:00+00:00
[2026-03-12T01:31:48.613+0000] {processor.py:208} INFO - Processing /home/ec2-user/environment/lab4_model_training/venv/lib64/python3.12/site-packages/airflow/example_dags/example_trigger_controller_dag.py took 0.079 seconds
[2026-03-12T01:32:46.778+0000] {processor.py:186} INFO - Started process (PID=21970) to work on /home/ec2-user/environment/lab4_model_training/venv/lib64/python3.12/site-packages/airflow/example_dags/example_trigger_controller_dag.py
[2026-03-12T01:32:46.780+0000] {processor.py:914} INFO - Processing file /home/ec2-user/environment/lab4_model_training/venv/lib64/python3.12/site-packages/airflow/example_dags/example_trigger_controller_dag.py for tasks to queue
[2026-03-12T01:32:46.782+0000] {logging_mixin.py:190} INFO - [2026-03-12T01:32:46.781+0000] {dagbag.py:588} INFO - Filling up the DagBag from /home/ec2-user/environment/lab4_model_training/venv/lib64/python3.12/site-packages/airflow/example_dags/example_trigger_controller_dag.py
[2026-03-12T01:32:46.789+0000] {processor.py:925} INFO - DAG(s) 'example_trigger_controller_dag' retrieved from /home/ec2-user/environment/lab4_model_training/venv/lib64/python3.12/site-packages/airflow/example_dags/example_trigger_controller_dag.py
[2026-03-12T01:32:46.806+0000] {logging_mixin.py:190} INFO - [2026-03-12T01:32:46.806+0000] {dag.py:3239} INFO - Sync 1 DAGs
[2026-03-12T01:32:46.829+0000] {logging_mixin.py:190} INFO - [2026-03-12T01:32:46.829+0000] {dag.py:4180} INFO - Setting next_dagrun for example_trigger_controller_dag to 2021-01-01 00:00:00+00:00, run_after=2021-01-01 00:00:00+00:00
[2026-03-12T01:32:46.856+0000] {processor.py:208} INFO - Processing /home/ec2-user/environment/lab4_model_training/venv/lib64/python3.12/site-packages/airflow/example_dags/example_trigger_controller_dag.py took 0.083 seconds
[2026-03-12T01:33:50.730+0000] {processor.py:186} INFO - Started process (PID=22255) to work on /home/ec2-user/environment/lab4_model_training/venv/lib64/python3.12/site-packages/airflow/example_dags/example_trigger_controller_dag.py
[2026-03-12T01:33:50.731+0000] {processor.py:914} INFO - Processing file /home/ec2-user/environment/lab4_model_training/venv/lib64/python3.12/site-packages/airflow/example_dags/example_trigger_controller_dag.py for tasks to queue
[2026-03-12T01:33:50.733+0000] {logging_mixin.py:190} INFO - [2026-03-12T01:33:50.733+0000] {dagbag.py:588} INFO - Filling up the DagBag from /home/ec2-user/environment/lab4_model_training/venv/lib64/python3.12/site-packages/airflow/example_dags/example_trigger_controller_dag.py
[2026-03-12T01:33:50.740+0000] {processor.py:925} INFO - DAG(s) 'example_trigger_controller_dag' retrieved from /home/ec2-user/environment/lab4_model_training/venv/lib64/python3.12/site-packages/airflow/example_dags/example_trigger_controller_dag.py
[2026-03-12T01:33:50.758+0000] {logging_mixin.py:190} INFO - [2026-03-12T01:33:50.758+0000] {dag.py:3239} INFO - Sync 1 DAGs
[2026-03-12T01:33:50.783+0000] {logging_mixin.py:190} INFO - [2026-03-12T01:33:50.782+0000] {dag.py:4180} INFO - Setting next_dagrun for example_trigger_controller_dag to 2021-01-01 00:00:00+00:00, run_after=2021-01-01 00:00:00+00:00
[2026-03-12T01:33:50.808+0000] {processor.py:208} INFO - Processing /home/ec2-user/environment/lab4_model_training/venv/lib64/python3.12/site-packages/airflow/example_dags/example_trigger_controller_dag.py took 0.084 seconds
