[2026-03-12T00:35:45.855+0000] {processor.py:186} INFO - Started process (PID=6888) to work on /home/ec2-user/environment/lab4_model_training/venv/lib64/python3.12/site-packages/airflow/example_dags/example_xcom.py
[2026-03-12T00:35:45.856+0000] {processor.py:914} INFO - Processing file /home/ec2-user/environment/lab4_model_training/venv/lib64/python3.12/site-packages/airflow/example_dags/example_xcom.py for tasks to queue
[2026-03-12T00:35:45.858+0000] {logging_mixin.py:190} INFO - [2026-03-12T00:35:45.858+0000] {dagbag.py:588} INFO - Filling up the DagBag from /home/ec2-user/environment/lab4_model_training/venv/lib64/python3.12/site-packages/airflow/example_dags/example_xcom.py
[2026-03-12T00:35:45.869+0000] {processor.py:925} INFO - DAG(s) 'example_xcom' retrieved from /home/ec2-user/environment/lab4_model_training/venv/lib64/python3.12/site-packages/airflow/example_dags/example_xcom.py
[2026-03-12T00:35:45.961+0000] {logging_mixin.py:190} INFO - [2026-03-12T00:35:45.961+0000] {override.py:1930} INFO - Created Permission View: can read on DAG:example_xcom
[2026-03-12T00:35:45.975+0000] {logging_mixin.py:190} INFO - [2026-03-12T00:35:45.974+0000] {override.py:1930} INFO - Created Permission View: can delete on DAG:example_xcom
[2026-03-12T00:35:45.985+0000] {logging_mixin.py:190} INFO - [2026-03-12T00:35:45.984+0000] {override.py:1930} INFO - Created Permission View: can edit on DAG:example_xcom
[2026-03-12T00:35:46.002+0000] {logging_mixin.py:190} INFO - [2026-03-12T00:35:46.002+0000] {override.py:1930} INFO - Created Permission View: can read on DAG Run:example_xcom
[2026-03-12T00:35:46.013+0000] {logging_mixin.py:190} INFO - [2026-03-12T00:35:46.013+0000] {override.py:1930} INFO - Created Permission View: menu access on DAG Run:example_xcom
[2026-03-12T00:35:46.024+0000] {logging_mixin.py:190} INFO - [2026-03-12T00:35:46.023+0000] {override.py:1930} INFO - Created Permission View: can create on DAG Run:example_xcom
[2026-03-12T00:35:46.034+0000] {logging_mixin.py:190} INFO - [2026-03-12T00:35:46.034+0000] {override.py:1930} INFO - Created Permission View: can delete on DAG Run:example_xcom
[2026-03-12T00:35:46.035+0000] {logging_mixin.py:190} INFO - [2026-03-12T00:35:46.035+0000] {dag.py:3239} INFO - Sync 1 DAGs
[2026-03-12T00:35:46.052+0000] {logging_mixin.py:190} INFO - [2026-03-12T00:35:46.052+0000] {dag.py:3262} INFO - Creating ORM DAG for example_xcom
[2026-03-12T00:35:46.064+0000] {logging_mixin.py:190} INFO - [2026-03-12T00:35:46.064+0000] {dag.py:4180} INFO - Setting next_dagrun for example_xcom to 2021-01-01 00:00:00+00:00, run_after=2021-01-01 00:00:00+00:00
[2026-03-12T00:35:46.083+0000] {processor.py:208} INFO - Processing /home/ec2-user/environment/lab4_model_training/venv/lib64/python3.12/site-packages/airflow/example_dags/example_xcom.py took 0.234 seconds
[2026-03-12T00:38:21.163+0000] {processor.py:186} INFO - Started process (PID=7520) to work on /home/ec2-user/environment/lab4_model_training/venv/lib64/python3.12/site-packages/airflow/example_dags/example_xcom.py
[2026-03-12T00:38:21.164+0000] {processor.py:914} INFO - Processing file /home/ec2-user/environment/lab4_model_training/venv/lib64/python3.12/site-packages/airflow/example_dags/example_xcom.py for tasks to queue
[2026-03-12T00:38:21.170+0000] {logging_mixin.py:190} INFO - [2026-03-12T00:38:21.169+0000] {dagbag.py:588} INFO - Filling up the DagBag from /home/ec2-user/environment/lab4_model_training/venv/lib64/python3.12/site-packages/airflow/example_dags/example_xcom.py
[2026-03-12T00:38:21.189+0000] {processor.py:925} INFO - DAG(s) 'example_xcom' retrieved from /home/ec2-user/environment/lab4_model_training/venv/lib64/python3.12/site-packages/airflow/example_dags/example_xcom.py
[2026-03-12T00:38:21.210+0000] {logging_mixin.py:190} INFO - [2026-03-12T00:38:21.210+0000] {dag.py:3239} INFO - Sync 1 DAGs
[2026-03-12T00:38:21.230+0000] {logging_mixin.py:190} INFO - [2026-03-12T00:38:21.230+0000] {dag.py:4180} INFO - Setting next_dagrun for example_xcom to 2021-01-01 00:00:00+00:00, run_after=2021-01-01 00:00:00+00:00
[2026-03-12T00:38:21.252+0000] {processor.py:208} INFO - Processing /home/ec2-user/environment/lab4_model_training/venv/lib64/python3.12/site-packages/airflow/example_dags/example_xcom.py took 0.094 seconds
[2026-03-12T00:39:18.475+0000] {processor.py:186} INFO - Started process (PID=7762) to work on /home/ec2-user/environment/lab4_model_training/venv/lib64/python3.12/site-packages/airflow/example_dags/example_xcom.py
[2026-03-12T00:39:18.476+0000] {processor.py:914} INFO - Processing file /home/ec2-user/environment/lab4_model_training/venv/lib64/python3.12/site-packages/airflow/example_dags/example_xcom.py for tasks to queue
[2026-03-12T00:39:18.478+0000] {logging_mixin.py:190} INFO - [2026-03-12T00:39:18.478+0000] {dagbag.py:588} INFO - Filling up the DagBag from /home/ec2-user/environment/lab4_model_training/venv/lib64/python3.12/site-packages/airflow/example_dags/example_xcom.py
[2026-03-12T00:39:18.489+0000] {processor.py:925} INFO - DAG(s) 'example_xcom' retrieved from /home/ec2-user/environment/lab4_model_training/venv/lib64/python3.12/site-packages/airflow/example_dags/example_xcom.py
[2026-03-12T00:39:18.509+0000] {logging_mixin.py:190} INFO - [2026-03-12T00:39:18.509+0000] {dag.py:3239} INFO - Sync 1 DAGs
[2026-03-12T00:39:18.534+0000] {logging_mixin.py:190} INFO - [2026-03-12T00:39:18.534+0000] {dag.py:4180} INFO - Setting next_dagrun for example_xcom to 2021-01-01 00:00:00+00:00, run_after=2021-01-01 00:00:00+00:00
[2026-03-12T00:39:18.558+0000] {processor.py:208} INFO - Processing /home/ec2-user/environment/lab4_model_training/venv/lib64/python3.12/site-packages/airflow/example_dags/example_xcom.py took 0.088 seconds
[2026-03-12T00:40:23.263+0000] {processor.py:186} INFO - Started process (PID=8058) to work on /home/ec2-user/environment/lab4_model_training/venv/lib64/python3.12/site-packages/airflow/example_dags/example_xcom.py
[2026-03-12T00:40:23.264+0000] {processor.py:914} INFO - Processing file /home/ec2-user/environment/lab4_model_training/venv/lib64/python3.12/site-packages/airflow/example_dags/example_xcom.py for tasks to queue
[2026-03-12T00:40:23.267+0000] {logging_mixin.py:190} INFO - [2026-03-12T00:40:23.267+0000] {dagbag.py:588} INFO - Filling up the DagBag from /home/ec2-user/environment/lab4_model_training/venv/lib64/python3.12/site-packages/airflow/example_dags/example_xcom.py
[2026-03-12T00:40:23.279+0000] {processor.py:925} INFO - DAG(s) 'example_xcom' retrieved from /home/ec2-user/environment/lab4_model_training/venv/lib64/python3.12/site-packages/airflow/example_dags/example_xcom.py
[2026-03-12T00:40:23.300+0000] {logging_mixin.py:190} INFO - [2026-03-12T00:40:23.300+0000] {dag.py:3239} INFO - Sync 1 DAGs
[2026-03-12T00:40:23.324+0000] {logging_mixin.py:190} INFO - [2026-03-12T00:40:23.323+0000] {dag.py:4180} INFO - Setting next_dagrun for example_xcom to 2021-01-01 00:00:00+00:00, run_after=2021-01-01 00:00:00+00:00
[2026-03-12T00:40:23.346+0000] {processor.py:208} INFO - Processing /home/ec2-user/environment/lab4_model_training/venv/lib64/python3.12/site-packages/airflow/example_dags/example_xcom.py took 0.087 seconds
[2026-03-12T00:41:23.891+0000] {processor.py:186} INFO - Started process (PID=8338) to work on /home/ec2-user/environment/lab4_model_training/venv/lib64/python3.12/site-packages/airflow/example_dags/example_xcom.py
[2026-03-12T00:41:23.892+0000] {processor.py:914} INFO - Processing file /home/ec2-user/environment/lab4_model_training/venv/lib64/python3.12/site-packages/airflow/example_dags/example_xcom.py for tasks to queue
[2026-03-12T00:41:23.895+0000] {logging_mixin.py:190} INFO - [2026-03-12T00:41:23.895+0000] {dagbag.py:588} INFO - Filling up the DagBag from /home/ec2-user/environment/lab4_model_training/venv/lib64/python3.12/site-packages/airflow/example_dags/example_xcom.py
[2026-03-12T00:41:23.907+0000] {processor.py:925} INFO - DAG(s) 'example_xcom' retrieved from /home/ec2-user/environment/lab4_model_training/venv/lib64/python3.12/site-packages/airflow/example_dags/example_xcom.py
[2026-03-12T00:41:23.928+0000] {logging_mixin.py:190} INFO - [2026-03-12T00:41:23.928+0000] {dag.py:3239} INFO - Sync 1 DAGs
[2026-03-12T00:41:23.950+0000] {logging_mixin.py:190} INFO - [2026-03-12T00:41:23.949+0000] {dag.py:4180} INFO - Setting next_dagrun for example_xcom to 2021-01-01 00:00:00+00:00, run_after=2021-01-01 00:00:00+00:00
[2026-03-12T00:41:23.972+0000] {processor.py:208} INFO - Processing /home/ec2-user/environment/lab4_model_training/venv/lib64/python3.12/site-packages/airflow/example_dags/example_xcom.py took 0.086 seconds
[2026-03-12T00:42:28.156+0000] {processor.py:186} INFO - Started process (PID=8635) to work on /home/ec2-user/environment/lab4_model_training/venv/lib64/python3.12/site-packages/airflow/example_dags/example_xcom.py
[2026-03-12T00:42:28.158+0000] {processor.py:914} INFO - Processing file /home/ec2-user/environment/lab4_model_training/venv/lib64/python3.12/site-packages/airflow/example_dags/example_xcom.py for tasks to queue
[2026-03-12T00:42:28.160+0000] {logging_mixin.py:190} INFO - [2026-03-12T00:42:28.159+0000] {dagbag.py:588} INFO - Filling up the DagBag from /home/ec2-user/environment/lab4_model_training/venv/lib64/python3.12/site-packages/airflow/example_dags/example_xcom.py
[2026-03-12T00:42:28.171+0000] {processor.py:925} INFO - DAG(s) 'example_xcom' retrieved from /home/ec2-user/environment/lab4_model_training/venv/lib64/python3.12/site-packages/airflow/example_dags/example_xcom.py
[2026-03-12T00:42:28.191+0000] {logging_mixin.py:190} INFO - [2026-03-12T00:42:28.190+0000] {dag.py:3239} INFO - Sync 1 DAGs
[2026-03-12T00:42:28.215+0000] {logging_mixin.py:190} INFO - [2026-03-12T00:42:28.214+0000] {dag.py:4180} INFO - Setting next_dagrun for example_xcom to 2021-01-01 00:00:00+00:00, run_after=2021-01-01 00:00:00+00:00
[2026-03-12T00:42:28.241+0000] {processor.py:208} INFO - Processing /home/ec2-user/environment/lab4_model_training/venv/lib64/python3.12/site-packages/airflow/example_dags/example_xcom.py took 0.089 seconds
[2026-03-12T00:43:26.054+0000] {processor.py:186} INFO - Started process (PID=8868) to work on /home/ec2-user/environment/lab4_model_training/venv/lib64/python3.12/site-packages/airflow/example_dags/example_xcom.py
[2026-03-12T00:43:26.055+0000] {processor.py:914} INFO - Processing file /home/ec2-user/environment/lab4_model_training/venv/lib64/python3.12/site-packages/airflow/example_dags/example_xcom.py for tasks to queue
[2026-03-12T00:43:26.057+0000] {logging_mixin.py:190} INFO - [2026-03-12T00:43:26.057+0000] {dagbag.py:588} INFO - Filling up the DagBag from /home/ec2-user/environment/lab4_model_training/venv/lib64/python3.12/site-packages/airflow/example_dags/example_xcom.py
[2026-03-12T00:43:26.068+0000] {processor.py:925} INFO - DAG(s) 'example_xcom' retrieved from /home/ec2-user/environment/lab4_model_training/venv/lib64/python3.12/site-packages/airflow/example_dags/example_xcom.py
[2026-03-12T00:43:26.088+0000] {logging_mixin.py:190} INFO - [2026-03-12T00:43:26.088+0000] {dag.py:3239} INFO - Sync 1 DAGs
[2026-03-12T00:43:26.113+0000] {logging_mixin.py:190} INFO - [2026-03-12T00:43:26.112+0000] {dag.py:4180} INFO - Setting next_dagrun for example_xcom to 2021-01-01 00:00:00+00:00, run_after=2021-01-01 00:00:00+00:00
[2026-03-12T00:43:26.134+0000] {processor.py:208} INFO - Processing /home/ec2-user/environment/lab4_model_training/venv/lib64/python3.12/site-packages/airflow/example_dags/example_xcom.py took 0.085 seconds
[2026-03-12T00:44:31.473+0000] {processor.py:186} INFO - Started process (PID=9197) to work on /home/ec2-user/environment/lab4_model_training/venv/lib64/python3.12/site-packages/airflow/example_dags/example_xcom.py
[2026-03-12T00:44:31.475+0000] {processor.py:914} INFO - Processing file /home/ec2-user/environment/lab4_model_training/venv/lib64/python3.12/site-packages/airflow/example_dags/example_xcom.py for tasks to queue
[2026-03-12T00:44:31.477+0000] {logging_mixin.py:190} INFO - [2026-03-12T00:44:31.477+0000] {dagbag.py:588} INFO - Filling up the DagBag from /home/ec2-user/environment/lab4_model_training/venv/lib64/python3.12/site-packages/airflow/example_dags/example_xcom.py
[2026-03-12T00:44:31.489+0000] {processor.py:925} INFO - DAG(s) 'example_xcom' retrieved from /home/ec2-user/environment/lab4_model_training/venv/lib64/python3.12/site-packages/airflow/example_dags/example_xcom.py
[2026-03-12T00:44:31.510+0000] {logging_mixin.py:190} INFO - [2026-03-12T00:44:31.510+0000] {dag.py:3239} INFO - Sync 1 DAGs
[2026-03-12T00:44:31.532+0000] {logging_mixin.py:190} INFO - [2026-03-12T00:44:31.531+0000] {dag.py:4180} INFO - Setting next_dagrun for example_xcom to 2021-01-01 00:00:00+00:00, run_after=2021-01-01 00:00:00+00:00
[2026-03-12T00:44:31.567+0000] {processor.py:208} INFO - Processing /home/ec2-user/environment/lab4_model_training/venv/lib64/python3.12/site-packages/airflow/example_dags/example_xcom.py took 0.098 seconds
[2026-03-12T00:46:19.191+0000] {processor.py:186} INFO - Started process (PID=9658) to work on /home/ec2-user/environment/lab4_model_training/venv/lib64/python3.12/site-packages/airflow/example_dags/example_xcom.py
[2026-03-12T00:46:19.192+0000] {processor.py:914} INFO - Processing file /home/ec2-user/environment/lab4_model_training/venv/lib64/python3.12/site-packages/airflow/example_dags/example_xcom.py for tasks to queue
[2026-03-12T00:46:19.195+0000] {logging_mixin.py:190} INFO - [2026-03-12T00:46:19.194+0000] {dagbag.py:588} INFO - Filling up the DagBag from /home/ec2-user/environment/lab4_model_training/venv/lib64/python3.12/site-packages/airflow/example_dags/example_xcom.py
[2026-03-12T00:46:19.205+0000] {processor.py:925} INFO - DAG(s) 'example_xcom' retrieved from /home/ec2-user/environment/lab4_model_training/venv/lib64/python3.12/site-packages/airflow/example_dags/example_xcom.py
[2026-03-12T00:46:19.226+0000] {logging_mixin.py:190} INFO - [2026-03-12T00:46:19.226+0000] {dag.py:3239} INFO - Sync 1 DAGs
[2026-03-12T00:46:19.249+0000] {logging_mixin.py:190} INFO - [2026-03-12T00:46:19.249+0000] {dag.py:4180} INFO - Setting next_dagrun for example_xcom to 2021-01-01 00:00:00+00:00, run_after=2021-01-01 00:00:00+00:00
[2026-03-12T00:46:19.272+0000] {processor.py:208} INFO - Processing /home/ec2-user/environment/lab4_model_training/venv/lib64/python3.12/site-packages/airflow/example_dags/example_xcom.py took 0.086 seconds
[2026-03-12T00:48:00.845+0000] {processor.py:186} INFO - Started process (PID=10104) to work on /home/ec2-user/environment/lab4_model_training/venv/lib64/python3.12/site-packages/airflow/example_dags/example_xcom.py
[2026-03-12T00:48:00.846+0000] {processor.py:914} INFO - Processing file /home/ec2-user/environment/lab4_model_training/venv/lib64/python3.12/site-packages/airflow/example_dags/example_xcom.py for tasks to queue
[2026-03-12T00:48:00.848+0000] {logging_mixin.py:190} INFO - [2026-03-12T00:48:00.847+0000] {dagbag.py:588} INFO - Filling up the DagBag from /home/ec2-user/environment/lab4_model_training/venv/lib64/python3.12/site-packages/airflow/example_dags/example_xcom.py
[2026-03-12T00:48:00.859+0000] {processor.py:925} INFO - DAG(s) 'example_xcom' retrieved from /home/ec2-user/environment/lab4_model_training/venv/lib64/python3.12/site-packages/airflow/example_dags/example_xcom.py
[2026-03-12T00:48:00.879+0000] {logging_mixin.py:190} INFO - [2026-03-12T00:48:00.879+0000] {dag.py:3239} INFO - Sync 1 DAGs
[2026-03-12T00:48:00.903+0000] {logging_mixin.py:190} INFO - [2026-03-12T00:48:00.903+0000] {dag.py:4180} INFO - Setting next_dagrun for example_xcom to 2021-01-01 00:00:00+00:00, run_after=2021-01-01 00:00:00+00:00
[2026-03-12T00:48:00.926+0000] {processor.py:208} INFO - Processing /home/ec2-user/environment/lab4_model_training/venv/lib64/python3.12/site-packages/airflow/example_dags/example_xcom.py took 0.086 seconds
[2026-03-12T00:49:09.704+0000] {processor.py:186} INFO - Started process (PID=10389) to work on /home/ec2-user/environment/lab4_model_training/venv/lib64/python3.12/site-packages/airflow/example_dags/example_xcom.py
[2026-03-12T00:49:09.705+0000] {processor.py:914} INFO - Processing file /home/ec2-user/environment/lab4_model_training/venv/lib64/python3.12/site-packages/airflow/example_dags/example_xcom.py for tasks to queue
[2026-03-12T00:49:09.709+0000] {logging_mixin.py:190} INFO - [2026-03-12T00:49:09.708+0000] {dagbag.py:588} INFO - Filling up the DagBag from /home/ec2-user/environment/lab4_model_training/venv/lib64/python3.12/site-packages/airflow/example_dags/example_xcom.py
[2026-03-12T00:49:09.720+0000] {processor.py:925} INFO - DAG(s) 'example_xcom' retrieved from /home/ec2-user/environment/lab4_model_training/venv/lib64/python3.12/site-packages/airflow/example_dags/example_xcom.py
[2026-03-12T00:49:09.742+0000] {logging_mixin.py:190} INFO - [2026-03-12T00:49:09.742+0000] {dag.py:3239} INFO - Sync 1 DAGs
[2026-03-12T00:49:09.766+0000] {logging_mixin.py:190} INFO - [2026-03-12T00:49:09.766+0000] {dag.py:4180} INFO - Setting next_dagrun for example_xcom to 2021-01-01 00:00:00+00:00, run_after=2021-01-01 00:00:00+00:00
[2026-03-12T00:49:09.789+0000] {processor.py:208} INFO - Processing /home/ec2-user/environment/lab4_model_training/venv/lib64/python3.12/site-packages/airflow/example_dags/example_xcom.py took 0.089 seconds
[2026-03-12T00:50:15.014+0000] {processor.py:186} INFO - Started process (PID=10709) to work on /home/ec2-user/environment/lab4_model_training/venv/lib64/python3.12/site-packages/airflow/example_dags/example_xcom.py
[2026-03-12T00:50:15.016+0000] {processor.py:914} INFO - Processing file /home/ec2-user/environment/lab4_model_training/venv/lib64/python3.12/site-packages/airflow/example_dags/example_xcom.py for tasks to queue
[2026-03-12T00:50:15.019+0000] {logging_mixin.py:190} INFO - [2026-03-12T00:50:15.019+0000] {dagbag.py:588} INFO - Filling up the DagBag from /home/ec2-user/environment/lab4_model_training/venv/lib64/python3.12/site-packages/airflow/example_dags/example_xcom.py
[2026-03-12T00:50:15.030+0000] {processor.py:925} INFO - DAG(s) 'example_xcom' retrieved from /home/ec2-user/environment/lab4_model_training/venv/lib64/python3.12/site-packages/airflow/example_dags/example_xcom.py
[2026-03-12T00:50:15.050+0000] {logging_mixin.py:190} INFO - [2026-03-12T00:50:15.049+0000] {dag.py:3239} INFO - Sync 1 DAGs
[2026-03-12T00:50:15.072+0000] {logging_mixin.py:190} INFO - [2026-03-12T00:50:15.072+0000] {dag.py:4180} INFO - Setting next_dagrun for example_xcom to 2021-01-01 00:00:00+00:00, run_after=2021-01-01 00:00:00+00:00
[2026-03-12T00:50:15.099+0000] {processor.py:208} INFO - Processing /home/ec2-user/environment/lab4_model_training/venv/lib64/python3.12/site-packages/airflow/example_dags/example_xcom.py took 0.089 seconds
[2026-03-12T00:51:15.479+0000] {processor.py:186} INFO - Started process (PID=11001) to work on /home/ec2-user/environment/lab4_model_training/venv/lib64/python3.12/site-packages/airflow/example_dags/example_xcom.py
[2026-03-12T00:51:15.480+0000] {processor.py:914} INFO - Processing file /home/ec2-user/environment/lab4_model_training/venv/lib64/python3.12/site-packages/airflow/example_dags/example_xcom.py for tasks to queue
[2026-03-12T00:51:15.484+0000] {logging_mixin.py:190} INFO - [2026-03-12T00:51:15.483+0000] {dagbag.py:588} INFO - Filling up the DagBag from /home/ec2-user/environment/lab4_model_training/venv/lib64/python3.12/site-packages/airflow/example_dags/example_xcom.py
[2026-03-12T00:51:15.495+0000] {processor.py:925} INFO - DAG(s) 'example_xcom' retrieved from /home/ec2-user/environment/lab4_model_training/venv/lib64/python3.12/site-packages/airflow/example_dags/example_xcom.py
[2026-03-12T00:51:15.516+0000] {logging_mixin.py:190} INFO - [2026-03-12T00:51:15.516+0000] {dag.py:3239} INFO - Sync 1 DAGs
[2026-03-12T00:51:15.539+0000] {logging_mixin.py:190} INFO - [2026-03-12T00:51:15.539+0000] {dag.py:4180} INFO - Setting next_dagrun for example_xcom to 2021-01-01 00:00:00+00:00, run_after=2021-01-01 00:00:00+00:00
[2026-03-12T00:51:15.562+0000] {processor.py:208} INFO - Processing /home/ec2-user/environment/lab4_model_training/venv/lib64/python3.12/site-packages/airflow/example_dags/example_xcom.py took 0.088 seconds
[2026-03-12T00:52:15.657+0000] {processor.py:186} INFO - Started process (PID=11264) to work on /home/ec2-user/environment/lab4_model_training/venv/lib64/python3.12/site-packages/airflow/example_dags/example_xcom.py
[2026-03-12T00:52:15.659+0000] {processor.py:914} INFO - Processing file /home/ec2-user/environment/lab4_model_training/venv/lib64/python3.12/site-packages/airflow/example_dags/example_xcom.py for tasks to queue
[2026-03-12T00:52:15.662+0000] {logging_mixin.py:190} INFO - [2026-03-12T00:52:15.662+0000] {dagbag.py:588} INFO - Filling up the DagBag from /home/ec2-user/environment/lab4_model_training/venv/lib64/python3.12/site-packages/airflow/example_dags/example_xcom.py
[2026-03-12T00:52:15.673+0000] {processor.py:925} INFO - DAG(s) 'example_xcom' retrieved from /home/ec2-user/environment/lab4_model_training/venv/lib64/python3.12/site-packages/airflow/example_dags/example_xcom.py
[2026-03-12T00:52:15.695+0000] {logging_mixin.py:190} INFO - [2026-03-12T00:52:15.694+0000] {dag.py:3239} INFO - Sync 1 DAGs
[2026-03-12T00:52:15.717+0000] {logging_mixin.py:190} INFO - [2026-03-12T00:52:15.717+0000] {dag.py:4180} INFO - Setting next_dagrun for example_xcom to 2021-01-01 00:00:00+00:00, run_after=2021-01-01 00:00:00+00:00
[2026-03-12T00:52:15.743+0000] {processor.py:208} INFO - Processing /home/ec2-user/environment/lab4_model_training/venv/lib64/python3.12/site-packages/airflow/example_dags/example_xcom.py took 0.090 seconds
[2026-03-12T00:53:15.944+0000] {processor.py:186} INFO - Started process (PID=11560) to work on /home/ec2-user/environment/lab4_model_training/venv/lib64/python3.12/site-packages/airflow/example_dags/example_xcom.py
[2026-03-12T00:53:15.945+0000] {processor.py:914} INFO - Processing file /home/ec2-user/environment/lab4_model_training/venv/lib64/python3.12/site-packages/airflow/example_dags/example_xcom.py for tasks to queue
[2026-03-12T00:53:15.947+0000] {logging_mixin.py:190} INFO - [2026-03-12T00:53:15.947+0000] {dagbag.py:588} INFO - Filling up the DagBag from /home/ec2-user/environment/lab4_model_training/venv/lib64/python3.12/site-packages/airflow/example_dags/example_xcom.py
[2026-03-12T00:53:15.958+0000] {processor.py:925} INFO - DAG(s) 'example_xcom' retrieved from /home/ec2-user/environment/lab4_model_training/venv/lib64/python3.12/site-packages/airflow/example_dags/example_xcom.py
[2026-03-12T00:53:15.977+0000] {logging_mixin.py:190} INFO - [2026-03-12T00:53:15.977+0000] {dag.py:3239} INFO - Sync 1 DAGs
[2026-03-12T00:53:16.003+0000] {logging_mixin.py:190} INFO - [2026-03-12T00:53:16.003+0000] {dag.py:4180} INFO - Setting next_dagrun for example_xcom to 2021-01-01 00:00:00+00:00, run_after=2021-01-01 00:00:00+00:00
[2026-03-12T00:53:16.026+0000] {processor.py:208} INFO - Processing /home/ec2-user/environment/lab4_model_training/venv/lib64/python3.12/site-packages/airflow/example_dags/example_xcom.py took 0.088 seconds
[2026-03-12T00:54:16.813+0000] {processor.py:186} INFO - Started process (PID=11793) to work on /home/ec2-user/environment/lab4_model_training/venv/lib64/python3.12/site-packages/airflow/example_dags/example_xcom.py
[2026-03-12T00:54:16.814+0000] {processor.py:914} INFO - Processing file /home/ec2-user/environment/lab4_model_training/venv/lib64/python3.12/site-packages/airflow/example_dags/example_xcom.py for tasks to queue
[2026-03-12T00:54:16.817+0000] {logging_mixin.py:190} INFO - [2026-03-12T00:54:16.816+0000] {dagbag.py:588} INFO - Filling up the DagBag from /home/ec2-user/environment/lab4_model_training/venv/lib64/python3.12/site-packages/airflow/example_dags/example_xcom.py
[2026-03-12T00:54:16.829+0000] {processor.py:925} INFO - DAG(s) 'example_xcom' retrieved from /home/ec2-user/environment/lab4_model_training/venv/lib64/python3.12/site-packages/airflow/example_dags/example_xcom.py
[2026-03-12T00:54:16.852+0000] {logging_mixin.py:190} INFO - [2026-03-12T00:54:16.852+0000] {dag.py:3239} INFO - Sync 1 DAGs
[2026-03-12T00:54:16.873+0000] {logging_mixin.py:190} INFO - [2026-03-12T00:54:16.873+0000] {dag.py:4180} INFO - Setting next_dagrun for example_xcom to 2021-01-01 00:00:00+00:00, run_after=2021-01-01 00:00:00+00:00
[2026-03-12T00:54:16.896+0000] {processor.py:208} INFO - Processing /home/ec2-user/environment/lab4_model_training/venv/lib64/python3.12/site-packages/airflow/example_dags/example_xcom.py took 0.090 seconds
[2026-03-12T00:55:17.109+0000] {processor.py:186} INFO - Started process (PID=12066) to work on /home/ec2-user/environment/lab4_model_training/venv/lib64/python3.12/site-packages/airflow/example_dags/example_xcom.py
[2026-03-12T00:55:17.110+0000] {processor.py:914} INFO - Processing file /home/ec2-user/environment/lab4_model_training/venv/lib64/python3.12/site-packages/airflow/example_dags/example_xcom.py for tasks to queue
[2026-03-12T00:55:17.113+0000] {logging_mixin.py:190} INFO - [2026-03-12T00:55:17.113+0000] {dagbag.py:588} INFO - Filling up the DagBag from /home/ec2-user/environment/lab4_model_training/venv/lib64/python3.12/site-packages/airflow/example_dags/example_xcom.py
[2026-03-12T00:55:17.124+0000] {processor.py:925} INFO - DAG(s) 'example_xcom' retrieved from /home/ec2-user/environment/lab4_model_training/venv/lib64/python3.12/site-packages/airflow/example_dags/example_xcom.py
[2026-03-12T00:55:17.145+0000] {logging_mixin.py:190} INFO - [2026-03-12T00:55:17.144+0000] {dag.py:3239} INFO - Sync 1 DAGs
[2026-03-12T00:55:17.167+0000] {logging_mixin.py:190} INFO - [2026-03-12T00:55:17.167+0000] {dag.py:4180} INFO - Setting next_dagrun for example_xcom to 2021-01-01 00:00:00+00:00, run_after=2021-01-01 00:00:00+00:00
[2026-03-12T00:55:17.189+0000] {processor.py:208} INFO - Processing /home/ec2-user/environment/lab4_model_training/venv/lib64/python3.12/site-packages/airflow/example_dags/example_xcom.py took 0.086 seconds
[2026-03-12T00:56:20.250+0000] {processor.py:186} INFO - Started process (PID=12302) to work on /home/ec2-user/environment/lab4_model_training/venv/lib64/python3.12/site-packages/airflow/example_dags/example_xcom.py
[2026-03-12T00:56:20.251+0000] {processor.py:914} INFO - Processing file /home/ec2-user/environment/lab4_model_training/venv/lib64/python3.12/site-packages/airflow/example_dags/example_xcom.py for tasks to queue
[2026-03-12T00:56:20.254+0000] {logging_mixin.py:190} INFO - [2026-03-12T00:56:20.254+0000] {dagbag.py:588} INFO - Filling up the DagBag from /home/ec2-user/environment/lab4_model_training/venv/lib64/python3.12/site-packages/airflow/example_dags/example_xcom.py
[2026-03-12T00:56:20.267+0000] {processor.py:925} INFO - DAG(s) 'example_xcom' retrieved from /home/ec2-user/environment/lab4_model_training/venv/lib64/python3.12/site-packages/airflow/example_dags/example_xcom.py
[2026-03-12T00:56:20.289+0000] {logging_mixin.py:190} INFO - [2026-03-12T00:56:20.289+0000] {dag.py:3239} INFO - Sync 1 DAGs
[2026-03-12T00:56:20.310+0000] {logging_mixin.py:190} INFO - [2026-03-12T00:56:20.310+0000] {dag.py:4180} INFO - Setting next_dagrun for example_xcom to 2021-01-01 00:00:00+00:00, run_after=2021-01-01 00:00:00+00:00
[2026-03-12T00:56:20.335+0000] {processor.py:208} INFO - Processing /home/ec2-user/environment/lab4_model_training/venv/lib64/python3.12/site-packages/airflow/example_dags/example_xcom.py took 0.091 seconds
[2026-03-12T00:57:24.233+0000] {processor.py:186} INFO - Started process (PID=12588) to work on /home/ec2-user/environment/lab4_model_training/venv/lib64/python3.12/site-packages/airflow/example_dags/example_xcom.py
[2026-03-12T00:57:24.234+0000] {processor.py:914} INFO - Processing file /home/ec2-user/environment/lab4_model_training/venv/lib64/python3.12/site-packages/airflow/example_dags/example_xcom.py for tasks to queue
[2026-03-12T00:57:24.236+0000] {logging_mixin.py:190} INFO - [2026-03-12T00:57:24.236+0000] {dagbag.py:588} INFO - Filling up the DagBag from /home/ec2-user/environment/lab4_model_training/venv/lib64/python3.12/site-packages/airflow/example_dags/example_xcom.py
[2026-03-12T00:57:24.247+0000] {processor.py:925} INFO - DAG(s) 'example_xcom' retrieved from /home/ec2-user/environment/lab4_model_training/venv/lib64/python3.12/site-packages/airflow/example_dags/example_xcom.py
[2026-03-12T00:57:24.267+0000] {logging_mixin.py:190} INFO - [2026-03-12T00:57:24.266+0000] {dag.py:3239} INFO - Sync 1 DAGs
[2026-03-12T00:57:24.288+0000] {logging_mixin.py:190} INFO - [2026-03-12T00:57:24.288+0000] {dag.py:4180} INFO - Setting next_dagrun for example_xcom to 2021-01-01 00:00:00+00:00, run_after=2021-01-01 00:00:00+00:00
[2026-03-12T00:57:24.310+0000] {processor.py:208} INFO - Processing /home/ec2-user/environment/lab4_model_training/venv/lib64/python3.12/site-packages/airflow/example_dags/example_xcom.py took 0.083 seconds
[2026-03-12T00:58:26.052+0000] {processor.py:186} INFO - Started process (PID=12824) to work on /home/ec2-user/environment/lab4_model_training/venv/lib64/python3.12/site-packages/airflow/example_dags/example_xcom.py
[2026-03-12T00:58:26.053+0000] {processor.py:914} INFO - Processing file /home/ec2-user/environment/lab4_model_training/venv/lib64/python3.12/site-packages/airflow/example_dags/example_xcom.py for tasks to queue
[2026-03-12T00:58:26.056+0000] {logging_mixin.py:190} INFO - [2026-03-12T00:58:26.055+0000] {dagbag.py:588} INFO - Filling up the DagBag from /home/ec2-user/environment/lab4_model_training/venv/lib64/python3.12/site-packages/airflow/example_dags/example_xcom.py
[2026-03-12T00:58:26.068+0000] {processor.py:925} INFO - DAG(s) 'example_xcom' retrieved from /home/ec2-user/environment/lab4_model_training/venv/lib64/python3.12/site-packages/airflow/example_dags/example_xcom.py
[2026-03-12T00:58:26.089+0000] {logging_mixin.py:190} INFO - [2026-03-12T00:58:26.089+0000] {dag.py:3239} INFO - Sync 1 DAGs
[2026-03-12T00:58:26.112+0000] {logging_mixin.py:190} INFO - [2026-03-12T00:58:26.111+0000] {dag.py:4180} INFO - Setting next_dagrun for example_xcom to 2021-01-01 00:00:00+00:00, run_after=2021-01-01 00:00:00+00:00
[2026-03-12T00:58:26.139+0000] {processor.py:208} INFO - Processing /home/ec2-user/environment/lab4_model_training/venv/lib64/python3.12/site-packages/airflow/example_dags/example_xcom.py took 0.093 seconds
[2026-03-12T00:59:27.491+0000] {processor.py:186} INFO - Started process (PID=13129) to work on /home/ec2-user/environment/lab4_model_training/venv/lib64/python3.12/site-packages/airflow/example_dags/example_xcom.py
[2026-03-12T00:59:27.499+0000] {processor.py:914} INFO - Processing file /home/ec2-user/environment/lab4_model_training/venv/lib64/python3.12/site-packages/airflow/example_dags/example_xcom.py for tasks to queue
[2026-03-12T00:59:27.501+0000] {logging_mixin.py:190} INFO - [2026-03-12T00:59:27.501+0000] {dagbag.py:588} INFO - Filling up the DagBag from /home/ec2-user/environment/lab4_model_training/venv/lib64/python3.12/site-packages/airflow/example_dags/example_xcom.py
[2026-03-12T00:59:27.512+0000] {processor.py:925} INFO - DAG(s) 'example_xcom' retrieved from /home/ec2-user/environment/lab4_model_training/venv/lib64/python3.12/site-packages/airflow/example_dags/example_xcom.py
[2026-03-12T00:59:27.533+0000] {logging_mixin.py:190} INFO - [2026-03-12T00:59:27.533+0000] {dag.py:3239} INFO - Sync 1 DAGs
[2026-03-12T00:59:27.555+0000] {logging_mixin.py:190} INFO - [2026-03-12T00:59:27.555+0000] {dag.py:4180} INFO - Setting next_dagrun for example_xcom to 2021-01-01 00:00:00+00:00, run_after=2021-01-01 00:00:00+00:00
[2026-03-12T00:59:27.577+0000] {processor.py:208} INFO - Processing /home/ec2-user/environment/lab4_model_training/venv/lib64/python3.12/site-packages/airflow/example_dags/example_xcom.py took 0.091 seconds
[2026-03-12T01:00:33.197+0000] {processor.py:186} INFO - Started process (PID=13429) to work on /home/ec2-user/environment/lab4_model_training/venv/lib64/python3.12/site-packages/airflow/example_dags/example_xcom.py
[2026-03-12T01:00:33.198+0000] {processor.py:914} INFO - Processing file /home/ec2-user/environment/lab4_model_training/venv/lib64/python3.12/site-packages/airflow/example_dags/example_xcom.py for tasks to queue
[2026-03-12T01:00:33.201+0000] {logging_mixin.py:190} INFO - [2026-03-12T01:00:33.200+0000] {dagbag.py:588} INFO - Filling up the DagBag from /home/ec2-user/environment/lab4_model_training/venv/lib64/python3.12/site-packages/airflow/example_dags/example_xcom.py
[2026-03-12T01:00:33.213+0000] {processor.py:925} INFO - DAG(s) 'example_xcom' retrieved from /home/ec2-user/environment/lab4_model_training/venv/lib64/python3.12/site-packages/airflow/example_dags/example_xcom.py
[2026-03-12T01:00:33.235+0000] {logging_mixin.py:190} INFO - [2026-03-12T01:00:33.235+0000] {dag.py:3239} INFO - Sync 1 DAGs
[2026-03-12T01:00:33.259+0000] {logging_mixin.py:190} INFO - [2026-03-12T01:00:33.259+0000] {dag.py:4180} INFO - Setting next_dagrun for example_xcom to 2021-01-01 00:00:00+00:00, run_after=2021-01-01 00:00:00+00:00
[2026-03-12T01:00:33.283+0000] {processor.py:208} INFO - Processing /home/ec2-user/environment/lab4_model_training/venv/lib64/python3.12/site-packages/airflow/example_dags/example_xcom.py took 0.092 seconds
[2026-03-12T01:01:35.561+0000] {processor.py:186} INFO - Started process (PID=13680) to work on /home/ec2-user/environment/lab4_model_training/venv/lib64/python3.12/site-packages/airflow/example_dags/example_xcom.py
[2026-03-12T01:01:35.562+0000] {processor.py:914} INFO - Processing file /home/ec2-user/environment/lab4_model_training/venv/lib64/python3.12/site-packages/airflow/example_dags/example_xcom.py for tasks to queue
[2026-03-12T01:01:35.565+0000] {logging_mixin.py:190} INFO - [2026-03-12T01:01:35.564+0000] {dagbag.py:588} INFO - Filling up the DagBag from /home/ec2-user/environment/lab4_model_training/venv/lib64/python3.12/site-packages/airflow/example_dags/example_xcom.py
[2026-03-12T01:01:35.575+0000] {processor.py:925} INFO - DAG(s) 'example_xcom' retrieved from /home/ec2-user/environment/lab4_model_training/venv/lib64/python3.12/site-packages/airflow/example_dags/example_xcom.py
[2026-03-12T01:01:35.595+0000] {logging_mixin.py:190} INFO - [2026-03-12T01:01:35.595+0000] {dag.py:3239} INFO - Sync 1 DAGs
[2026-03-12T01:01:35.618+0000] {logging_mixin.py:190} INFO - [2026-03-12T01:01:35.618+0000] {dag.py:4180} INFO - Setting next_dagrun for example_xcom to 2021-01-01 00:00:00+00:00, run_after=2021-01-01 00:00:00+00:00
[2026-03-12T01:01:35.640+0000] {processor.py:208} INFO - Processing /home/ec2-user/environment/lab4_model_training/venv/lib64/python3.12/site-packages/airflow/example_dags/example_xcom.py took 0.084 seconds
[2026-03-12T01:02:41.626+0000] {processor.py:186} INFO - Started process (PID=13976) to work on /home/ec2-user/environment/lab4_model_training/venv/lib64/python3.12/site-packages/airflow/example_dags/example_xcom.py
[2026-03-12T01:02:41.628+0000] {processor.py:914} INFO - Processing file /home/ec2-user/environment/lab4_model_training/venv/lib64/python3.12/site-packages/airflow/example_dags/example_xcom.py for tasks to queue
[2026-03-12T01:02:41.631+0000] {logging_mixin.py:190} INFO - [2026-03-12T01:02:41.630+0000] {dagbag.py:588} INFO - Filling up the DagBag from /home/ec2-user/environment/lab4_model_training/venv/lib64/python3.12/site-packages/airflow/example_dags/example_xcom.py
[2026-03-12T01:02:41.643+0000] {processor.py:925} INFO - DAG(s) 'example_xcom' retrieved from /home/ec2-user/environment/lab4_model_training/venv/lib64/python3.12/site-packages/airflow/example_dags/example_xcom.py
[2026-03-12T01:02:41.665+0000] {logging_mixin.py:190} INFO - [2026-03-12T01:02:41.664+0000] {dag.py:3239} INFO - Sync 1 DAGs
[2026-03-12T01:02:41.688+0000] {logging_mixin.py:190} INFO - [2026-03-12T01:02:41.688+0000] {dag.py:4180} INFO - Setting next_dagrun for example_xcom to 2021-01-01 00:00:00+00:00, run_after=2021-01-01 00:00:00+00:00
[2026-03-12T01:02:41.714+0000] {processor.py:208} INFO - Processing /home/ec2-user/environment/lab4_model_training/venv/lib64/python3.12/site-packages/airflow/example_dags/example_xcom.py took 0.093 seconds
[2026-03-12T01:03:43.496+0000] {processor.py:186} INFO - Started process (PID=14211) to work on /home/ec2-user/environment/lab4_model_training/venv/lib64/python3.12/site-packages/airflow/example_dags/example_xcom.py
[2026-03-12T01:03:43.497+0000] {processor.py:914} INFO - Processing file /home/ec2-user/environment/lab4_model_training/venv/lib64/python3.12/site-packages/airflow/example_dags/example_xcom.py for tasks to queue
[2026-03-12T01:03:43.500+0000] {logging_mixin.py:190} INFO - [2026-03-12T01:03:43.499+0000] {dagbag.py:588} INFO - Filling up the DagBag from /home/ec2-user/environment/lab4_model_training/venv/lib64/python3.12/site-packages/airflow/example_dags/example_xcom.py
[2026-03-12T01:03:43.511+0000] {processor.py:925} INFO - DAG(s) 'example_xcom' retrieved from /home/ec2-user/environment/lab4_model_training/venv/lib64/python3.12/site-packages/airflow/example_dags/example_xcom.py
[2026-03-12T01:03:43.534+0000] {logging_mixin.py:190} INFO - [2026-03-12T01:03:43.534+0000] {dag.py:3239} INFO - Sync 1 DAGs
[2026-03-12T01:03:43.554+0000] {logging_mixin.py:190} INFO - [2026-03-12T01:03:43.554+0000] {dag.py:4180} INFO - Setting next_dagrun for example_xcom to 2021-01-01 00:00:00+00:00, run_after=2021-01-01 00:00:00+00:00
[2026-03-12T01:03:43.577+0000] {processor.py:208} INFO - Processing /home/ec2-user/environment/lab4_model_training/venv/lib64/python3.12/site-packages/airflow/example_dags/example_xcom.py took 0.087 seconds
[2026-03-12T01:04:55.153+0000] {processor.py:186} INFO - Started process (PID=14540) to work on /home/ec2-user/environment/lab4_model_training/venv/lib64/python3.12/site-packages/airflow/example_dags/example_xcom.py
[2026-03-12T01:04:55.154+0000] {processor.py:914} INFO - Processing file /home/ec2-user/environment/lab4_model_training/venv/lib64/python3.12/site-packages/airflow/example_dags/example_xcom.py for tasks to queue
[2026-03-12T01:04:55.157+0000] {logging_mixin.py:190} INFO - [2026-03-12T01:04:55.157+0000] {dagbag.py:588} INFO - Filling up the DagBag from /home/ec2-user/environment/lab4_model_training/venv/lib64/python3.12/site-packages/airflow/example_dags/example_xcom.py
[2026-03-12T01:04:55.168+0000] {processor.py:925} INFO - DAG(s) 'example_xcom' retrieved from /home/ec2-user/environment/lab4_model_training/venv/lib64/python3.12/site-packages/airflow/example_dags/example_xcom.py
[2026-03-12T01:04:55.189+0000] {logging_mixin.py:190} INFO - [2026-03-12T01:04:55.188+0000] {dag.py:3239} INFO - Sync 1 DAGs
[2026-03-12T01:04:55.212+0000] {logging_mixin.py:190} INFO - [2026-03-12T01:04:55.212+0000] {dag.py:4180} INFO - Setting next_dagrun for example_xcom to 2021-01-01 00:00:00+00:00, run_after=2021-01-01 00:00:00+00:00
[2026-03-12T01:04:55.235+0000] {processor.py:208} INFO - Processing /home/ec2-user/environment/lab4_model_training/venv/lib64/python3.12/site-packages/airflow/example_dags/example_xcom.py took 0.087 seconds
[2026-03-12T01:05:53.575+0000] {processor.py:186} INFO - Started process (PID=14771) to work on /home/ec2-user/environment/lab4_model_training/venv/lib64/python3.12/site-packages/airflow/example_dags/example_xcom.py
[2026-03-12T01:05:53.576+0000] {processor.py:914} INFO - Processing file /home/ec2-user/environment/lab4_model_training/venv/lib64/python3.12/site-packages/airflow/example_dags/example_xcom.py for tasks to queue
[2026-03-12T01:05:53.578+0000] {logging_mixin.py:190} INFO - [2026-03-12T01:05:53.577+0000] {dagbag.py:588} INFO - Filling up the DagBag from /home/ec2-user/environment/lab4_model_training/venv/lib64/python3.12/site-packages/airflow/example_dags/example_xcom.py
[2026-03-12T01:05:53.588+0000] {processor.py:925} INFO - DAG(s) 'example_xcom' retrieved from /home/ec2-user/environment/lab4_model_training/venv/lib64/python3.12/site-packages/airflow/example_dags/example_xcom.py
[2026-03-12T01:05:53.608+0000] {logging_mixin.py:190} INFO - [2026-03-12T01:05:53.608+0000] {dag.py:3239} INFO - Sync 1 DAGs
[2026-03-12T01:05:53.631+0000] {logging_mixin.py:190} INFO - [2026-03-12T01:05:53.630+0000] {dag.py:4180} INFO - Setting next_dagrun for example_xcom to 2021-01-01 00:00:00+00:00, run_after=2021-01-01 00:00:00+00:00
[2026-03-12T01:05:53.654+0000] {processor.py:208} INFO - Processing /home/ec2-user/environment/lab4_model_training/venv/lib64/python3.12/site-packages/airflow/example_dags/example_xcom.py took 0.085 seconds
[2026-03-12T01:06:53.506+0000] {processor.py:186} INFO - Started process (PID=15062) to work on /home/ec2-user/environment/lab4_model_training/venv/lib64/python3.12/site-packages/airflow/example_dags/example_xcom.py
[2026-03-12T01:06:53.507+0000] {processor.py:914} INFO - Processing file /home/ec2-user/environment/lab4_model_training/venv/lib64/python3.12/site-packages/airflow/example_dags/example_xcom.py for tasks to queue
[2026-03-12T01:06:53.510+0000] {logging_mixin.py:190} INFO - [2026-03-12T01:06:53.509+0000] {dagbag.py:588} INFO - Filling up the DagBag from /home/ec2-user/environment/lab4_model_training/venv/lib64/python3.12/site-packages/airflow/example_dags/example_xcom.py
[2026-03-12T01:06:53.521+0000] {processor.py:925} INFO - DAG(s) 'example_xcom' retrieved from /home/ec2-user/environment/lab4_model_training/venv/lib64/python3.12/site-packages/airflow/example_dags/example_xcom.py
[2026-03-12T01:06:53.542+0000] {logging_mixin.py:190} INFO - [2026-03-12T01:06:53.542+0000] {dag.py:3239} INFO - Sync 1 DAGs
[2026-03-12T01:06:53.565+0000] {logging_mixin.py:190} INFO - [2026-03-12T01:06:53.565+0000] {dag.py:4180} INFO - Setting next_dagrun for example_xcom to 2021-01-01 00:00:00+00:00, run_after=2021-01-01 00:00:00+00:00
[2026-03-12T01:06:53.588+0000] {processor.py:208} INFO - Processing /home/ec2-user/environment/lab4_model_training/venv/lib64/python3.12/site-packages/airflow/example_dags/example_xcom.py took 0.088 seconds
[2026-03-12T01:07:55.343+0000] {processor.py:186} INFO - Started process (PID=15347) to work on /home/ec2-user/environment/lab4_model_training/venv/lib64/python3.12/site-packages/airflow/example_dags/example_xcom.py
[2026-03-12T01:07:55.344+0000] {processor.py:914} INFO - Processing file /home/ec2-user/environment/lab4_model_training/venv/lib64/python3.12/site-packages/airflow/example_dags/example_xcom.py for tasks to queue
[2026-03-12T01:07:55.347+0000] {logging_mixin.py:190} INFO - [2026-03-12T01:07:55.347+0000] {dagbag.py:588} INFO - Filling up the DagBag from /home/ec2-user/environment/lab4_model_training/venv/lib64/python3.12/site-packages/airflow/example_dags/example_xcom.py
[2026-03-12T01:07:55.359+0000] {processor.py:925} INFO - DAG(s) 'example_xcom' retrieved from /home/ec2-user/environment/lab4_model_training/venv/lib64/python3.12/site-packages/airflow/example_dags/example_xcom.py
[2026-03-12T01:07:55.379+0000] {logging_mixin.py:190} INFO - [2026-03-12T01:07:55.379+0000] {dag.py:3239} INFO - Sync 1 DAGs
[2026-03-12T01:07:55.405+0000] {logging_mixin.py:190} INFO - [2026-03-12T01:07:55.404+0000] {dag.py:4180} INFO - Setting next_dagrun for example_xcom to 2021-01-01 00:00:00+00:00, run_after=2021-01-01 00:00:00+00:00
[2026-03-12T01:07:55.427+0000] {processor.py:208} INFO - Processing /home/ec2-user/environment/lab4_model_training/venv/lib64/python3.12/site-packages/airflow/example_dags/example_xcom.py took 0.090 seconds
[2026-03-12T01:08:58.759+0000] {processor.py:186} INFO - Started process (PID=15583) to work on /home/ec2-user/environment/lab4_model_training/venv/lib64/python3.12/site-packages/airflow/example_dags/example_xcom.py
[2026-03-12T01:08:58.760+0000] {processor.py:914} INFO - Processing file /home/ec2-user/environment/lab4_model_training/venv/lib64/python3.12/site-packages/airflow/example_dags/example_xcom.py for tasks to queue
[2026-03-12T01:08:58.762+0000] {logging_mixin.py:190} INFO - [2026-03-12T01:08:58.761+0000] {dagbag.py:588} INFO - Filling up the DagBag from /home/ec2-user/environment/lab4_model_training/venv/lib64/python3.12/site-packages/airflow/example_dags/example_xcom.py
[2026-03-12T01:08:58.773+0000] {processor.py:925} INFO - DAG(s) 'example_xcom' retrieved from /home/ec2-user/environment/lab4_model_training/venv/lib64/python3.12/site-packages/airflow/example_dags/example_xcom.py
[2026-03-12T01:08:58.793+0000] {logging_mixin.py:190} INFO - [2026-03-12T01:08:58.793+0000] {dag.py:3239} INFO - Sync 1 DAGs
[2026-03-12T01:08:58.817+0000] {logging_mixin.py:190} INFO - [2026-03-12T01:08:58.817+0000] {dag.py:4180} INFO - Setting next_dagrun for example_xcom to 2021-01-01 00:00:00+00:00, run_after=2021-01-01 00:00:00+00:00
[2026-03-12T01:08:58.840+0000] {processor.py:208} INFO - Processing /home/ec2-user/environment/lab4_model_training/venv/lib64/python3.12/site-packages/airflow/example_dags/example_xcom.py took 0.087 seconds
[2026-03-12T01:09:59.758+0000] {processor.py:186} INFO - Started process (PID=15871) to work on /home/ec2-user/environment/lab4_model_training/venv/lib64/python3.12/site-packages/airflow/example_dags/example_xcom.py
[2026-03-12T01:09:59.760+0000] {processor.py:914} INFO - Processing file /home/ec2-user/environment/lab4_model_training/venv/lib64/python3.12/site-packages/airflow/example_dags/example_xcom.py for tasks to queue
[2026-03-12T01:09:59.763+0000] {logging_mixin.py:190} INFO - [2026-03-12T01:09:59.762+0000] {dagbag.py:588} INFO - Filling up the DagBag from /home/ec2-user/environment/lab4_model_training/venv/lib64/python3.12/site-packages/airflow/example_dags/example_xcom.py
[2026-03-12T01:09:59.775+0000] {processor.py:925} INFO - DAG(s) 'example_xcom' retrieved from /home/ec2-user/environment/lab4_model_training/venv/lib64/python3.12/site-packages/airflow/example_dags/example_xcom.py
[2026-03-12T01:09:59.798+0000] {logging_mixin.py:190} INFO - [2026-03-12T01:09:59.797+0000] {dag.py:3239} INFO - Sync 1 DAGs
[2026-03-12T01:09:59.819+0000] {logging_mixin.py:190} INFO - [2026-03-12T01:09:59.819+0000] {dag.py:4180} INFO - Setting next_dagrun for example_xcom to 2021-01-01 00:00:00+00:00, run_after=2021-01-01 00:00:00+00:00
[2026-03-12T01:09:59.841+0000] {processor.py:208} INFO - Processing /home/ec2-user/environment/lab4_model_training/venv/lib64/python3.12/site-packages/airflow/example_dags/example_xcom.py took 0.088 seconds
[2026-03-12T01:11:06.215+0000] {processor.py:186} INFO - Started process (PID=16192) to work on /home/ec2-user/environment/lab4_model_training/venv/lib64/python3.12/site-packages/airflow/example_dags/example_xcom.py
[2026-03-12T01:11:06.216+0000] {processor.py:914} INFO - Processing file /home/ec2-user/environment/lab4_model_training/venv/lib64/python3.12/site-packages/airflow/example_dags/example_xcom.py for tasks to queue
[2026-03-12T01:11:06.219+0000] {logging_mixin.py:190} INFO - [2026-03-12T01:11:06.218+0000] {dagbag.py:588} INFO - Filling up the DagBag from /home/ec2-user/environment/lab4_model_training/venv/lib64/python3.12/site-packages/airflow/example_dags/example_xcom.py
[2026-03-12T01:11:06.232+0000] {processor.py:925} INFO - DAG(s) 'example_xcom' retrieved from /home/ec2-user/environment/lab4_model_training/venv/lib64/python3.12/site-packages/airflow/example_dags/example_xcom.py
[2026-03-12T01:11:06.256+0000] {logging_mixin.py:190} INFO - [2026-03-12T01:11:06.255+0000] {dag.py:3239} INFO - Sync 1 DAGs
[2026-03-12T01:11:06.278+0000] {logging_mixin.py:190} INFO - [2026-03-12T01:11:06.277+0000] {dag.py:4180} INFO - Setting next_dagrun for example_xcom to 2021-01-01 00:00:00+00:00, run_after=2021-01-01 00:00:00+00:00
[2026-03-12T01:11:06.300+0000] {processor.py:208} INFO - Processing /home/ec2-user/environment/lab4_model_training/venv/lib64/python3.12/site-packages/airflow/example_dags/example_xcom.py took 0.091 seconds
[2026-03-12T01:12:11.517+0000] {processor.py:186} INFO - Started process (PID=16440) to work on /home/ec2-user/environment/lab4_model_training/venv/lib64/python3.12/site-packages/airflow/example_dags/example_xcom.py
[2026-03-12T01:12:11.519+0000] {processor.py:914} INFO - Processing file /home/ec2-user/environment/lab4_model_training/venv/lib64/python3.12/site-packages/airflow/example_dags/example_xcom.py for tasks to queue
[2026-03-12T01:12:11.521+0000] {logging_mixin.py:190} INFO - [2026-03-12T01:12:11.520+0000] {dagbag.py:588} INFO - Filling up the DagBag from /home/ec2-user/environment/lab4_model_training/venv/lib64/python3.12/site-packages/airflow/example_dags/example_xcom.py
[2026-03-12T01:12:11.531+0000] {processor.py:925} INFO - DAG(s) 'example_xcom' retrieved from /home/ec2-user/environment/lab4_model_training/venv/lib64/python3.12/site-packages/airflow/example_dags/example_xcom.py
[2026-03-12T01:12:11.551+0000] {logging_mixin.py:190} INFO - [2026-03-12T01:12:11.551+0000] {dag.py:3239} INFO - Sync 1 DAGs
[2026-03-12T01:12:11.576+0000] {logging_mixin.py:190} INFO - [2026-03-12T01:12:11.576+0000] {dag.py:4180} INFO - Setting next_dagrun for example_xcom to 2021-01-01 00:00:00+00:00, run_after=2021-01-01 00:00:00+00:00
[2026-03-12T01:12:11.598+0000] {processor.py:208} INFO - Processing /home/ec2-user/environment/lab4_model_training/venv/lib64/python3.12/site-packages/airflow/example_dags/example_xcom.py took 0.086 seconds
[2026-03-12T01:13:14.691+0000] {processor.py:186} INFO - Started process (PID=16729) to work on /home/ec2-user/environment/lab4_model_training/venv/lib64/python3.12/site-packages/airflow/example_dags/example_xcom.py
[2026-03-12T01:13:14.692+0000] {processor.py:914} INFO - Processing file /home/ec2-user/environment/lab4_model_training/venv/lib64/python3.12/site-packages/airflow/example_dags/example_xcom.py for tasks to queue
[2026-03-12T01:13:14.694+0000] {logging_mixin.py:190} INFO - [2026-03-12T01:13:14.694+0000] {dagbag.py:588} INFO - Filling up the DagBag from /home/ec2-user/environment/lab4_model_training/venv/lib64/python3.12/site-packages/airflow/example_dags/example_xcom.py
[2026-03-12T01:13:14.705+0000] {processor.py:925} INFO - DAG(s) 'example_xcom' retrieved from /home/ec2-user/environment/lab4_model_training/venv/lib64/python3.12/site-packages/airflow/example_dags/example_xcom.py
[2026-03-12T01:13:14.725+0000] {logging_mixin.py:190} INFO - [2026-03-12T01:13:14.725+0000] {dag.py:3239} INFO - Sync 1 DAGs
[2026-03-12T01:13:14.748+0000] {logging_mixin.py:190} INFO - [2026-03-12T01:13:14.748+0000] {dag.py:4180} INFO - Setting next_dagrun for example_xcom to 2021-01-01 00:00:00+00:00, run_after=2021-01-01 00:00:00+00:00
[2026-03-12T01:13:14.776+0000] {processor.py:208} INFO - Processing /home/ec2-user/environment/lab4_model_training/venv/lib64/python3.12/site-packages/airflow/example_dags/example_xcom.py took 0.091 seconds
[2026-03-12T01:14:19.813+0000] {processor.py:186} INFO - Started process (PID=17048) to work on /home/ec2-user/environment/lab4_model_training/venv/lib64/python3.12/site-packages/airflow/example_dags/example_xcom.py
[2026-03-12T01:14:19.814+0000] {processor.py:914} INFO - Processing file /home/ec2-user/environment/lab4_model_training/venv/lib64/python3.12/site-packages/airflow/example_dags/example_xcom.py for tasks to queue
[2026-03-12T01:14:19.816+0000] {logging_mixin.py:190} INFO - [2026-03-12T01:14:19.816+0000] {dagbag.py:588} INFO - Filling up the DagBag from /home/ec2-user/environment/lab4_model_training/venv/lib64/python3.12/site-packages/airflow/example_dags/example_xcom.py
[2026-03-12T01:14:19.827+0000] {processor.py:925} INFO - DAG(s) 'example_xcom' retrieved from /home/ec2-user/environment/lab4_model_training/venv/lib64/python3.12/site-packages/airflow/example_dags/example_xcom.py
[2026-03-12T01:14:19.848+0000] {logging_mixin.py:190} INFO - [2026-03-12T01:14:19.847+0000] {dag.py:3239} INFO - Sync 1 DAGs
[2026-03-12T01:14:19.869+0000] {logging_mixin.py:190} INFO - [2026-03-12T01:14:19.869+0000] {dag.py:4180} INFO - Setting next_dagrun for example_xcom to 2021-01-01 00:00:00+00:00, run_after=2021-01-01 00:00:00+00:00
[2026-03-12T01:14:19.892+0000] {processor.py:208} INFO - Processing /home/ec2-user/environment/lab4_model_training/venv/lib64/python3.12/site-packages/airflow/example_dags/example_xcom.py took 0.085 seconds
[2026-03-12T01:15:22.391+0000] {processor.py:186} INFO - Started process (PID=17346) to work on /home/ec2-user/environment/lab4_model_training/venv/lib64/python3.12/site-packages/airflow/example_dags/example_xcom.py
[2026-03-12T01:15:22.392+0000] {processor.py:914} INFO - Processing file /home/ec2-user/environment/lab4_model_training/venv/lib64/python3.12/site-packages/airflow/example_dags/example_xcom.py for tasks to queue
[2026-03-12T01:15:22.395+0000] {logging_mixin.py:190} INFO - [2026-03-12T01:15:22.394+0000] {dagbag.py:588} INFO - Filling up the DagBag from /home/ec2-user/environment/lab4_model_training/venv/lib64/python3.12/site-packages/airflow/example_dags/example_xcom.py
[2026-03-12T01:15:22.405+0000] {processor.py:925} INFO - DAG(s) 'example_xcom' retrieved from /home/ec2-user/environment/lab4_model_training/venv/lib64/python3.12/site-packages/airflow/example_dags/example_xcom.py
[2026-03-12T01:15:22.426+0000] {logging_mixin.py:190} INFO - [2026-03-12T01:15:22.425+0000] {dag.py:3239} INFO - Sync 1 DAGs
[2026-03-12T01:15:22.448+0000] {logging_mixin.py:190} INFO - [2026-03-12T01:15:22.448+0000] {dag.py:4180} INFO - Setting next_dagrun for example_xcom to 2021-01-01 00:00:00+00:00, run_after=2021-01-01 00:00:00+00:00
[2026-03-12T01:15:22.469+0000] {processor.py:208} INFO - Processing /home/ec2-user/environment/lab4_model_training/venv/lib64/python3.12/site-packages/airflow/example_dags/example_xcom.py took 0.084 seconds
[2026-03-12T01:16:22.628+0000] {processor.py:186} INFO - Started process (PID=17626) to work on /home/ec2-user/environment/lab4_model_training/venv/lib64/python3.12/site-packages/airflow/example_dags/example_xcom.py
[2026-03-12T01:16:22.629+0000] {processor.py:914} INFO - Processing file /home/ec2-user/environment/lab4_model_training/venv/lib64/python3.12/site-packages/airflow/example_dags/example_xcom.py for tasks to queue
[2026-03-12T01:16:22.632+0000] {logging_mixin.py:190} INFO - [2026-03-12T01:16:22.631+0000] {dagbag.py:588} INFO - Filling up the DagBag from /home/ec2-user/environment/lab4_model_training/venv/lib64/python3.12/site-packages/airflow/example_dags/example_xcom.py
[2026-03-12T01:16:22.645+0000] {processor.py:925} INFO - DAG(s) 'example_xcom' retrieved from /home/ec2-user/environment/lab4_model_training/venv/lib64/python3.12/site-packages/airflow/example_dags/example_xcom.py
[2026-03-12T01:16:22.667+0000] {logging_mixin.py:190} INFO - [2026-03-12T01:16:22.667+0000] {dag.py:3239} INFO - Sync 1 DAGs
[2026-03-12T01:16:22.690+0000] {logging_mixin.py:190} INFO - [2026-03-12T01:16:22.690+0000] {dag.py:4180} INFO - Setting next_dagrun for example_xcom to 2021-01-01 00:00:00+00:00, run_after=2021-01-01 00:00:00+00:00
[2026-03-12T01:16:22.711+0000] {processor.py:208} INFO - Processing /home/ec2-user/environment/lab4_model_training/venv/lib64/python3.12/site-packages/airflow/example_dags/example_xcom.py took 0.089 seconds
[2026-03-12T01:17:38.553+0000] {processor.py:186} INFO - Started process (PID=17963) to work on /home/ec2-user/environment/lab4_model_training/venv/lib64/python3.12/site-packages/airflow/example_dags/example_xcom.py
[2026-03-12T01:17:38.554+0000] {processor.py:914} INFO - Processing file /home/ec2-user/environment/lab4_model_training/venv/lib64/python3.12/site-packages/airflow/example_dags/example_xcom.py for tasks to queue
[2026-03-12T01:17:38.557+0000] {logging_mixin.py:190} INFO - [2026-03-12T01:17:38.557+0000] {dagbag.py:588} INFO - Filling up the DagBag from /home/ec2-user/environment/lab4_model_training/venv/lib64/python3.12/site-packages/airflow/example_dags/example_xcom.py
[2026-03-12T01:17:38.570+0000] {processor.py:925} INFO - DAG(s) 'example_xcom' retrieved from /home/ec2-user/environment/lab4_model_training/venv/lib64/python3.12/site-packages/airflow/example_dags/example_xcom.py
[2026-03-12T01:17:38.591+0000] {logging_mixin.py:190} INFO - [2026-03-12T01:17:38.591+0000] {dag.py:3239} INFO - Sync 1 DAGs
[2026-03-12T01:17:38.615+0000] {logging_mixin.py:190} INFO - [2026-03-12T01:17:38.615+0000] {dag.py:4180} INFO - Setting next_dagrun for example_xcom to 2021-01-01 00:00:00+00:00, run_after=2021-01-01 00:00:00+00:00
[2026-03-12T01:17:38.638+0000] {processor.py:208} INFO - Processing /home/ec2-user/environment/lab4_model_training/venv/lib64/python3.12/site-packages/airflow/example_dags/example_xcom.py took 0.090 seconds
[2026-03-12T01:18:38.251+0000] {processor.py:186} INFO - Started process (PID=18244) to work on /home/ec2-user/environment/lab4_model_training/venv/lib64/python3.12/site-packages/airflow/example_dags/example_xcom.py
[2026-03-12T01:18:38.252+0000] {processor.py:914} INFO - Processing file /home/ec2-user/environment/lab4_model_training/venv/lib64/python3.12/site-packages/airflow/example_dags/example_xcom.py for tasks to queue
[2026-03-12T01:18:38.254+0000] {logging_mixin.py:190} INFO - [2026-03-12T01:18:38.253+0000] {dagbag.py:588} INFO - Filling up the DagBag from /home/ec2-user/environment/lab4_model_training/venv/lib64/python3.12/site-packages/airflow/example_dags/example_xcom.py
[2026-03-12T01:18:38.265+0000] {processor.py:925} INFO - DAG(s) 'example_xcom' retrieved from /home/ec2-user/environment/lab4_model_training/venv/lib64/python3.12/site-packages/airflow/example_dags/example_xcom.py
[2026-03-12T01:18:38.284+0000] {logging_mixin.py:190} INFO - [2026-03-12T01:18:38.284+0000] {dag.py:3239} INFO - Sync 1 DAGs
[2026-03-12T01:18:38.307+0000] {logging_mixin.py:190} INFO - [2026-03-12T01:18:38.307+0000] {dag.py:4180} INFO - Setting next_dagrun for example_xcom to 2021-01-01 00:00:00+00:00, run_after=2021-01-01 00:00:00+00:00
[2026-03-12T01:18:38.329+0000] {processor.py:208} INFO - Processing /home/ec2-user/environment/lab4_model_training/venv/lib64/python3.12/site-packages/airflow/example_dags/example_xcom.py took 0.084 seconds
[2026-03-12T01:19:51.276+0000] {processor.py:186} INFO - Started process (PID=18523) to work on /home/ec2-user/environment/lab4_model_training/venv/lib64/python3.12/site-packages/airflow/example_dags/example_xcom.py
[2026-03-12T01:19:51.278+0000] {processor.py:914} INFO - Processing file /home/ec2-user/environment/lab4_model_training/venv/lib64/python3.12/site-packages/airflow/example_dags/example_xcom.py for tasks to queue
[2026-03-12T01:19:51.280+0000] {logging_mixin.py:190} INFO - [2026-03-12T01:19:51.279+0000] {dagbag.py:588} INFO - Filling up the DagBag from /home/ec2-user/environment/lab4_model_training/venv/lib64/python3.12/site-packages/airflow/example_dags/example_xcom.py
[2026-03-12T01:19:51.290+0000] {processor.py:925} INFO - DAG(s) 'example_xcom' retrieved from /home/ec2-user/environment/lab4_model_training/venv/lib64/python3.12/site-packages/airflow/example_dags/example_xcom.py
[2026-03-12T01:19:51.331+0000] {logging_mixin.py:190} INFO - [2026-03-12T01:19:51.331+0000] {dag.py:3239} INFO - Sync 1 DAGs
[2026-03-12T01:19:51.358+0000] {logging_mixin.py:190} INFO - [2026-03-12T01:19:51.357+0000] {dag.py:4180} INFO - Setting next_dagrun for example_xcom to 2021-01-01 00:00:00+00:00, run_after=2021-01-01 00:00:00+00:00
[2026-03-12T01:19:51.380+0000] {processor.py:208} INFO - Processing /home/ec2-user/environment/lab4_model_training/venv/lib64/python3.12/site-packages/airflow/example_dags/example_xcom.py took 0.109 seconds
[2026-03-12T01:20:53.349+0000] {processor.py:186} INFO - Started process (PID=18812) to work on /home/ec2-user/environment/lab4_model_training/venv/lib64/python3.12/site-packages/airflow/example_dags/example_xcom.py
[2026-03-12T01:20:53.350+0000] {processor.py:914} INFO - Processing file /home/ec2-user/environment/lab4_model_training/venv/lib64/python3.12/site-packages/airflow/example_dags/example_xcom.py for tasks to queue
[2026-03-12T01:20:53.353+0000] {logging_mixin.py:190} INFO - [2026-03-12T01:20:53.353+0000] {dagbag.py:588} INFO - Filling up the DagBag from /home/ec2-user/environment/lab4_model_training/venv/lib64/python3.12/site-packages/airflow/example_dags/example_xcom.py
[2026-03-12T01:20:53.366+0000] {processor.py:925} INFO - DAG(s) 'example_xcom' retrieved from /home/ec2-user/environment/lab4_model_training/venv/lib64/python3.12/site-packages/airflow/example_dags/example_xcom.py
[2026-03-12T01:20:53.388+0000] {logging_mixin.py:190} INFO - [2026-03-12T01:20:53.388+0000] {dag.py:3239} INFO - Sync 1 DAGs
[2026-03-12T01:20:53.410+0000] {logging_mixin.py:190} INFO - [2026-03-12T01:20:53.410+0000] {dag.py:4180} INFO - Setting next_dagrun for example_xcom to 2021-01-01 00:00:00+00:00, run_after=2021-01-01 00:00:00+00:00
[2026-03-12T01:20:53.559+0000] {processor.py:208} INFO - Processing /home/ec2-user/environment/lab4_model_training/venv/lib64/python3.12/site-packages/airflow/example_dags/example_xcom.py took 0.216 seconds
[2026-03-12T01:22:00.073+0000] {processor.py:186} INFO - Started process (PID=19072) to work on /home/ec2-user/environment/lab4_model_training/venv/lib64/python3.12/site-packages/airflow/example_dags/example_xcom.py
[2026-03-12T01:22:00.074+0000] {processor.py:914} INFO - Processing file /home/ec2-user/environment/lab4_model_training/venv/lib64/python3.12/site-packages/airflow/example_dags/example_xcom.py for tasks to queue
[2026-03-12T01:22:00.076+0000] {logging_mixin.py:190} INFO - [2026-03-12T01:22:00.075+0000] {dagbag.py:588} INFO - Filling up the DagBag from /home/ec2-user/environment/lab4_model_training/venv/lib64/python3.12/site-packages/airflow/example_dags/example_xcom.py
[2026-03-12T01:22:00.087+0000] {processor.py:925} INFO - DAG(s) 'example_xcom' retrieved from /home/ec2-user/environment/lab4_model_training/venv/lib64/python3.12/site-packages/airflow/example_dags/example_xcom.py
[2026-03-12T01:22:00.107+0000] {logging_mixin.py:190} INFO - [2026-03-12T01:22:00.106+0000] {dag.py:3239} INFO - Sync 1 DAGs
[2026-03-12T01:22:00.135+0000] {logging_mixin.py:190} INFO - [2026-03-12T01:22:00.134+0000] {dag.py:4180} INFO - Setting next_dagrun for example_xcom to 2021-01-01 00:00:00+00:00, run_after=2021-01-01 00:00:00+00:00
[2026-03-12T01:22:00.166+0000] {processor.py:208} INFO - Processing /home/ec2-user/environment/lab4_model_training/venv/lib64/python3.12/site-packages/airflow/example_dags/example_xcom.py took 0.093 seconds
[2026-03-12T01:23:12.439+0000] {processor.py:186} INFO - Started process (PID=19411) to work on /home/ec2-user/environment/lab4_model_training/venv/lib64/python3.12/site-packages/airflow/example_dags/example_xcom.py
[2026-03-12T01:23:12.440+0000] {processor.py:914} INFO - Processing file /home/ec2-user/environment/lab4_model_training/venv/lib64/python3.12/site-packages/airflow/example_dags/example_xcom.py for tasks to queue
[2026-03-12T01:23:12.443+0000] {logging_mixin.py:190} INFO - [2026-03-12T01:23:12.443+0000] {dagbag.py:588} INFO - Filling up the DagBag from /home/ec2-user/environment/lab4_model_training/venv/lib64/python3.12/site-packages/airflow/example_dags/example_xcom.py
[2026-03-12T01:23:12.456+0000] {processor.py:925} INFO - DAG(s) 'example_xcom' retrieved from /home/ec2-user/environment/lab4_model_training/venv/lib64/python3.12/site-packages/airflow/example_dags/example_xcom.py
[2026-03-12T01:23:12.478+0000] {logging_mixin.py:190} INFO - [2026-03-12T01:23:12.477+0000] {dag.py:3239} INFO - Sync 1 DAGs
[2026-03-12T01:23:12.501+0000] {logging_mixin.py:190} INFO - [2026-03-12T01:23:12.501+0000] {dag.py:4180} INFO - Setting next_dagrun for example_xcom to 2021-01-01 00:00:00+00:00, run_after=2021-01-01 00:00:00+00:00
[2026-03-12T01:23:12.526+0000] {processor.py:208} INFO - Processing /home/ec2-user/environment/lab4_model_training/venv/lib64/python3.12/site-packages/airflow/example_dags/example_xcom.py took 0.093 seconds
[2026-03-12T01:24:24.426+0000] {processor.py:186} INFO - Started process (PID=19678) to work on /home/ec2-user/environment/lab4_model_training/venv/lib64/python3.12/site-packages/airflow/example_dags/example_xcom.py
[2026-03-12T01:24:24.427+0000] {processor.py:914} INFO - Processing file /home/ec2-user/environment/lab4_model_training/venv/lib64/python3.12/site-packages/airflow/example_dags/example_xcom.py for tasks to queue
[2026-03-12T01:24:24.429+0000] {logging_mixin.py:190} INFO - [2026-03-12T01:24:24.429+0000] {dagbag.py:588} INFO - Filling up the DagBag from /home/ec2-user/environment/lab4_model_training/venv/lib64/python3.12/site-packages/airflow/example_dags/example_xcom.py
[2026-03-12T01:24:24.440+0000] {processor.py:925} INFO - DAG(s) 'example_xcom' retrieved from /home/ec2-user/environment/lab4_model_training/venv/lib64/python3.12/site-packages/airflow/example_dags/example_xcom.py
[2026-03-12T01:24:24.580+0000] {logging_mixin.py:190} INFO - [2026-03-12T01:24:24.579+0000] {dag.py:3239} INFO - Sync 1 DAGs
[2026-03-12T01:24:24.598+0000] {logging_mixin.py:190} INFO - [2026-03-12T01:24:24.597+0000] {dag.py:4180} INFO - Setting next_dagrun for example_xcom to 2021-01-01 00:00:00+00:00, run_after=2021-01-01 00:00:00+00:00
[2026-03-12T01:24:24.618+0000] {processor.py:208} INFO - Processing /home/ec2-user/environment/lab4_model_training/venv/lib64/python3.12/site-packages/airflow/example_dags/example_xcom.py took 0.198 seconds
[2026-03-12T01:25:32.950+0000] {processor.py:186} INFO - Started process (PID=19994) to work on /home/ec2-user/environment/lab4_model_training/venv/lib64/python3.12/site-packages/airflow/example_dags/example_xcom.py
[2026-03-12T01:25:32.951+0000] {processor.py:914} INFO - Processing file /home/ec2-user/environment/lab4_model_training/venv/lib64/python3.12/site-packages/airflow/example_dags/example_xcom.py for tasks to queue
[2026-03-12T01:25:32.954+0000] {logging_mixin.py:190} INFO - [2026-03-12T01:25:32.953+0000] {dagbag.py:588} INFO - Filling up the DagBag from /home/ec2-user/environment/lab4_model_training/venv/lib64/python3.12/site-packages/airflow/example_dags/example_xcom.py
[2026-03-12T01:25:32.965+0000] {processor.py:925} INFO - DAG(s) 'example_xcom' retrieved from /home/ec2-user/environment/lab4_model_training/venv/lib64/python3.12/site-packages/airflow/example_dags/example_xcom.py
[2026-03-12T01:25:32.985+0000] {logging_mixin.py:190} INFO - [2026-03-12T01:25:32.985+0000] {dag.py:3239} INFO - Sync 1 DAGs
[2026-03-12T01:25:33.136+0000] {logging_mixin.py:190} INFO - [2026-03-12T01:25:33.136+0000] {dag.py:4180} INFO - Setting next_dagrun for example_xcom to 2021-01-01 00:00:00+00:00, run_after=2021-01-01 00:00:00+00:00
[2026-03-12T01:25:33.157+0000] {processor.py:208} INFO - Processing /home/ec2-user/environment/lab4_model_training/venv/lib64/python3.12/site-packages/airflow/example_dags/example_xcom.py took 0.213 seconds
[2026-03-12T01:26:42.534+0000] {processor.py:186} INFO - Started process (PID=20301) to work on /home/ec2-user/environment/lab4_model_training/venv/lib64/python3.12/site-packages/airflow/example_dags/example_xcom.py
[2026-03-12T01:26:42.536+0000] {processor.py:914} INFO - Processing file /home/ec2-user/environment/lab4_model_training/venv/lib64/python3.12/site-packages/airflow/example_dags/example_xcom.py for tasks to queue
[2026-03-12T01:26:42.540+0000] {logging_mixin.py:190} INFO - [2026-03-12T01:26:42.540+0000] {dagbag.py:588} INFO - Filling up the DagBag from /home/ec2-user/environment/lab4_model_training/venv/lib64/python3.12/site-packages/airflow/example_dags/example_xcom.py
[2026-03-12T01:26:42.551+0000] {processor.py:925} INFO - DAG(s) 'example_xcom' retrieved from /home/ec2-user/environment/lab4_model_training/venv/lib64/python3.12/site-packages/airflow/example_dags/example_xcom.py
[2026-03-12T01:26:42.572+0000] {logging_mixin.py:190} INFO - [2026-03-12T01:26:42.572+0000] {dag.py:3239} INFO - Sync 1 DAGs
[2026-03-12T01:26:42.593+0000] {logging_mixin.py:190} INFO - [2026-03-12T01:26:42.593+0000] {dag.py:4180} INFO - Setting next_dagrun for example_xcom to 2021-01-01 00:00:00+00:00, run_after=2021-01-01 00:00:00+00:00
[2026-03-12T01:26:42.615+0000] {processor.py:208} INFO - Processing /home/ec2-user/environment/lab4_model_training/venv/lib64/python3.12/site-packages/airflow/example_dags/example_xcom.py took 0.087 seconds
[2026-03-12T01:27:42.590+0000] {processor.py:186} INFO - Started process (PID=20531) to work on /home/ec2-user/environment/lab4_model_training/venv/lib64/python3.12/site-packages/airflow/example_dags/example_xcom.py
[2026-03-12T01:27:42.592+0000] {processor.py:914} INFO - Processing file /home/ec2-user/environment/lab4_model_training/venv/lib64/python3.12/site-packages/airflow/example_dags/example_xcom.py for tasks to queue
[2026-03-12T01:27:42.595+0000] {logging_mixin.py:190} INFO - [2026-03-12T01:27:42.594+0000] {dagbag.py:588} INFO - Filling up the DagBag from /home/ec2-user/environment/lab4_model_training/venv/lib64/python3.12/site-packages/airflow/example_dags/example_xcom.py
[2026-03-12T01:27:42.607+0000] {processor.py:925} INFO - DAG(s) 'example_xcom' retrieved from /home/ec2-user/environment/lab4_model_training/venv/lib64/python3.12/site-packages/airflow/example_dags/example_xcom.py
[2026-03-12T01:27:42.628+0000] {logging_mixin.py:190} INFO - [2026-03-12T01:27:42.628+0000] {dag.py:3239} INFO - Sync 1 DAGs
[2026-03-12T01:27:42.654+0000] {logging_mixin.py:190} INFO - [2026-03-12T01:27:42.654+0000] {dag.py:4180} INFO - Setting next_dagrun for example_xcom to 2021-01-01 00:00:00+00:00, run_after=2021-01-01 00:00:00+00:00
[2026-03-12T01:27:42.676+0000] {processor.py:208} INFO - Processing /home/ec2-user/environment/lab4_model_training/venv/lib64/python3.12/site-packages/airflow/example_dags/example_xcom.py took 0.092 seconds
[2026-03-12T01:28:42.661+0000] {processor.py:186} INFO - Started process (PID=20802) to work on /home/ec2-user/environment/lab4_model_training/venv/lib64/python3.12/site-packages/airflow/example_dags/example_xcom.py
[2026-03-12T01:28:42.663+0000] {processor.py:914} INFO - Processing file /home/ec2-user/environment/lab4_model_training/venv/lib64/python3.12/site-packages/airflow/example_dags/example_xcom.py for tasks to queue
[2026-03-12T01:28:42.666+0000] {logging_mixin.py:190} INFO - [2026-03-12T01:28:42.665+0000] {dagbag.py:588} INFO - Filling up the DagBag from /home/ec2-user/environment/lab4_model_training/venv/lib64/python3.12/site-packages/airflow/example_dags/example_xcom.py
[2026-03-12T01:28:42.676+0000] {processor.py:925} INFO - DAG(s) 'example_xcom' retrieved from /home/ec2-user/environment/lab4_model_training/venv/lib64/python3.12/site-packages/airflow/example_dags/example_xcom.py
[2026-03-12T01:28:42.697+0000] {logging_mixin.py:190} INFO - [2026-03-12T01:28:42.697+0000] {dag.py:3239} INFO - Sync 1 DAGs
[2026-03-12T01:28:42.721+0000] {logging_mixin.py:190} INFO - [2026-03-12T01:28:42.720+0000] {dag.py:4180} INFO - Setting next_dagrun for example_xcom to 2021-01-01 00:00:00+00:00, run_after=2021-01-01 00:00:00+00:00
[2026-03-12T01:28:42.743+0000] {processor.py:208} INFO - Processing /home/ec2-user/environment/lab4_model_training/venv/lib64/python3.12/site-packages/airflow/example_dags/example_xcom.py took 0.087 seconds
[2026-03-12T01:29:46.014+0000] {processor.py:186} INFO - Started process (PID=21072) to work on /home/ec2-user/environment/lab4_model_training/venv/lib64/python3.12/site-packages/airflow/example_dags/example_xcom.py
[2026-03-12T01:29:46.015+0000] {processor.py:914} INFO - Processing file /home/ec2-user/environment/lab4_model_training/venv/lib64/python3.12/site-packages/airflow/example_dags/example_xcom.py for tasks to queue
[2026-03-12T01:29:46.018+0000] {logging_mixin.py:190} INFO - [2026-03-12T01:29:46.017+0000] {dagbag.py:588} INFO - Filling up the DagBag from /home/ec2-user/environment/lab4_model_training/venv/lib64/python3.12/site-packages/airflow/example_dags/example_xcom.py
[2026-03-12T01:29:46.030+0000] {processor.py:925} INFO - DAG(s) 'example_xcom' retrieved from /home/ec2-user/environment/lab4_model_training/venv/lib64/python3.12/site-packages/airflow/example_dags/example_xcom.py
[2026-03-12T01:29:46.052+0000] {logging_mixin.py:190} INFO - [2026-03-12T01:29:46.051+0000] {dag.py:3239} INFO - Sync 1 DAGs
[2026-03-12T01:29:46.076+0000] {logging_mixin.py:190} INFO - [2026-03-12T01:29:46.075+0000] {dag.py:4180} INFO - Setting next_dagrun for example_xcom to 2021-01-01 00:00:00+00:00, run_after=2021-01-01 00:00:00+00:00
[2026-03-12T01:29:46.098+0000] {processor.py:208} INFO - Processing /home/ec2-user/environment/lab4_model_training/venv/lib64/python3.12/site-packages/airflow/example_dags/example_xcom.py took 0.090 seconds
[2026-03-12T01:30:45.982+0000] {processor.py:186} INFO - Started process (PID=21452) to work on /home/ec2-user/environment/lab4_model_training/venv/lib64/python3.12/site-packages/airflow/example_dags/example_xcom.py
[2026-03-12T01:30:45.984+0000] {processor.py:914} INFO - Processing file /home/ec2-user/environment/lab4_model_training/venv/lib64/python3.12/site-packages/airflow/example_dags/example_xcom.py for tasks to queue
[2026-03-12T01:30:45.987+0000] {logging_mixin.py:190} INFO - [2026-03-12T01:30:45.986+0000] {dagbag.py:588} INFO - Filling up the DagBag from /home/ec2-user/environment/lab4_model_training/venv/lib64/python3.12/site-packages/airflow/example_dags/example_xcom.py
[2026-03-12T01:30:45.999+0000] {processor.py:925} INFO - DAG(s) 'example_xcom' retrieved from /home/ec2-user/environment/lab4_model_training/venv/lib64/python3.12/site-packages/airflow/example_dags/example_xcom.py
[2026-03-12T01:30:46.021+0000] {logging_mixin.py:190} INFO - [2026-03-12T01:30:46.021+0000] {dag.py:3239} INFO - Sync 1 DAGs
[2026-03-12T01:30:46.043+0000] {logging_mixin.py:190} INFO - [2026-03-12T01:30:46.043+0000] {dag.py:4180} INFO - Setting next_dagrun for example_xcom to 2021-01-01 00:00:00+00:00, run_after=2021-01-01 00:00:00+00:00
[2026-03-12T01:30:46.064+0000] {processor.py:208} INFO - Processing /home/ec2-user/environment/lab4_model_training/venv/lib64/python3.12/site-packages/airflow/example_dags/example_xcom.py took 0.088 seconds
[2026-03-12T01:31:51.405+0000] {processor.py:186} INFO - Started process (PID=21750) to work on /home/ec2-user/environment/lab4_model_training/venv/lib64/python3.12/site-packages/airflow/example_dags/example_xcom.py
[2026-03-12T01:31:51.407+0000] {processor.py:914} INFO - Processing file /home/ec2-user/environment/lab4_model_training/venv/lib64/python3.12/site-packages/airflow/example_dags/example_xcom.py for tasks to queue
[2026-03-12T01:31:51.410+0000] {logging_mixin.py:190} INFO - [2026-03-12T01:31:51.409+0000] {dagbag.py:588} INFO - Filling up the DagBag from /home/ec2-user/environment/lab4_model_training/venv/lib64/python3.12/site-packages/airflow/example_dags/example_xcom.py
[2026-03-12T01:31:51.421+0000] {processor.py:925} INFO - DAG(s) 'example_xcom' retrieved from /home/ec2-user/environment/lab4_model_training/venv/lib64/python3.12/site-packages/airflow/example_dags/example_xcom.py
[2026-03-12T01:31:51.442+0000] {logging_mixin.py:190} INFO - [2026-03-12T01:31:51.441+0000] {dag.py:3239} INFO - Sync 1 DAGs
[2026-03-12T01:31:51.466+0000] {logging_mixin.py:190} INFO - [2026-03-12T01:31:51.466+0000] {dag.py:4180} INFO - Setting next_dagrun for example_xcom to 2021-01-01 00:00:00+00:00, run_after=2021-01-01 00:00:00+00:00
[2026-03-12T01:31:51.488+0000] {processor.py:208} INFO - Processing /home/ec2-user/environment/lab4_model_training/venv/lib64/python3.12/site-packages/airflow/example_dags/example_xcom.py took 0.088 seconds
[2026-03-12T01:32:49.746+0000] {processor.py:186} INFO - Started process (PID=21977) to work on /home/ec2-user/environment/lab4_model_training/venv/lib64/python3.12/site-packages/airflow/example_dags/example_xcom.py
[2026-03-12T01:32:49.747+0000] {processor.py:914} INFO - Processing file /home/ec2-user/environment/lab4_model_training/venv/lib64/python3.12/site-packages/airflow/example_dags/example_xcom.py for tasks to queue
[2026-03-12T01:32:49.749+0000] {logging_mixin.py:190} INFO - [2026-03-12T01:32:49.749+0000] {dagbag.py:588} INFO - Filling up the DagBag from /home/ec2-user/environment/lab4_model_training/venv/lib64/python3.12/site-packages/airflow/example_dags/example_xcom.py
[2026-03-12T01:32:49.760+0000] {processor.py:925} INFO - DAG(s) 'example_xcom' retrieved from /home/ec2-user/environment/lab4_model_training/venv/lib64/python3.12/site-packages/airflow/example_dags/example_xcom.py
[2026-03-12T01:32:49.780+0000] {logging_mixin.py:190} INFO - [2026-03-12T01:32:49.780+0000] {dag.py:3239} INFO - Sync 1 DAGs
[2026-03-12T01:32:49.805+0000] {logging_mixin.py:190} INFO - [2026-03-12T01:32:49.805+0000] {dag.py:4180} INFO - Setting next_dagrun for example_xcom to 2021-01-01 00:00:00+00:00, run_after=2021-01-01 00:00:00+00:00
[2026-03-12T01:32:49.826+0000] {processor.py:208} INFO - Processing /home/ec2-user/environment/lab4_model_training/venv/lib64/python3.12/site-packages/airflow/example_dags/example_xcom.py took 0.086 seconds
