[2026-03-12T00:34:39.209+0000] {processor.py:186} INFO - Started process (PID=6629) to work on /home/ec2-user/environment/lab4_model_training/venv/lib64/python3.12/site-packages/airflow/example_dags/example_sensor_decorator.py
[2026-03-12T00:34:39.210+0000] {processor.py:914} INFO - Processing file /home/ec2-user/environment/lab4_model_training/venv/lib64/python3.12/site-packages/airflow/example_dags/example_sensor_decorator.py for tasks to queue
[2026-03-12T00:34:39.212+0000] {logging_mixin.py:190} INFO - [2026-03-12T00:34:39.212+0000] {dagbag.py:588} INFO - Filling up the DagBag from /home/ec2-user/environment/lab4_model_training/venv/lib64/python3.12/site-packages/airflow/example_dags/example_sensor_decorator.py
[2026-03-12T00:34:39.222+0000] {processor.py:925} INFO - DAG(s) 'example_sensor_decorator' retrieved from /home/ec2-user/environment/lab4_model_training/venv/lib64/python3.12/site-packages/airflow/example_dags/example_sensor_decorator.py
[2026-03-12T00:34:39.316+0000] {logging_mixin.py:190} INFO - [2026-03-12T00:34:39.315+0000] {override.py:1930} INFO - Created Permission View: can delete on DAG:example_sensor_decorator
[2026-03-12T00:34:39.329+0000] {logging_mixin.py:190} INFO - [2026-03-12T00:34:39.328+0000] {override.py:1930} INFO - Created Permission View: can edit on DAG:example_sensor_decorator
[2026-03-12T00:34:39.340+0000] {logging_mixin.py:190} INFO - [2026-03-12T00:34:39.340+0000] {override.py:1930} INFO - Created Permission View: can read on DAG:example_sensor_decorator
[2026-03-12T00:34:39.355+0000] {logging_mixin.py:190} INFO - [2026-03-12T00:34:39.354+0000] {override.py:1930} INFO - Created Permission View: menu access on DAG Run:example_sensor_decorator
[2026-03-12T00:34:39.366+0000] {logging_mixin.py:190} INFO - [2026-03-12T00:34:39.366+0000] {override.py:1930} INFO - Created Permission View: can create on DAG Run:example_sensor_decorator
[2026-03-12T00:34:39.375+0000] {logging_mixin.py:190} INFO - [2026-03-12T00:34:39.375+0000] {override.py:1930} INFO - Created Permission View: can delete on DAG Run:example_sensor_decorator
[2026-03-12T00:34:39.386+0000] {logging_mixin.py:190} INFO - [2026-03-12T00:34:39.386+0000] {override.py:1930} INFO - Created Permission View: can read on DAG Run:example_sensor_decorator
[2026-03-12T00:34:39.387+0000] {logging_mixin.py:190} INFO - [2026-03-12T00:34:39.387+0000] {dag.py:3239} INFO - Sync 1 DAGs
[2026-03-12T00:34:39.401+0000] {logging_mixin.py:190} INFO - [2026-03-12T00:34:39.401+0000] {dag.py:3262} INFO - Creating ORM DAG for example_sensor_decorator
[2026-03-12T00:34:39.402+0000] {logging_mixin.py:190} INFO - [2026-03-12T00:34:39.402+0000] {dag.py:4180} INFO - Setting next_dagrun for example_sensor_decorator to None, run_after=None
[2026-03-12T00:34:39.422+0000] {processor.py:208} INFO - Processing /home/ec2-user/environment/lab4_model_training/venv/lib64/python3.12/site-packages/airflow/example_dags/example_sensor_decorator.py took 0.219 seconds
[2026-03-12T00:35:31.354+0000] {processor.py:186} INFO - Started process (PID=6858) to work on /home/ec2-user/environment/lab4_model_training/venv/lib64/python3.12/site-packages/airflow/example_dags/example_sensor_decorator.py
[2026-03-12T00:35:31.355+0000] {processor.py:914} INFO - Processing file /home/ec2-user/environment/lab4_model_training/venv/lib64/python3.12/site-packages/airflow/example_dags/example_sensor_decorator.py for tasks to queue
[2026-03-12T00:35:31.359+0000] {logging_mixin.py:190} INFO - [2026-03-12T00:35:31.358+0000] {dagbag.py:588} INFO - Filling up the DagBag from /home/ec2-user/environment/lab4_model_training/venv/lib64/python3.12/site-packages/airflow/example_dags/example_sensor_decorator.py
[2026-03-12T00:35:31.369+0000] {processor.py:925} INFO - DAG(s) 'example_sensor_decorator' retrieved from /home/ec2-user/environment/lab4_model_training/venv/lib64/python3.12/site-packages/airflow/example_dags/example_sensor_decorator.py
[2026-03-12T00:35:31.388+0000] {logging_mixin.py:190} INFO - [2026-03-12T00:35:31.388+0000] {dag.py:3239} INFO - Sync 1 DAGs
[2026-03-12T00:35:31.403+0000] {logging_mixin.py:190} INFO - [2026-03-12T00:35:31.403+0000] {dag.py:4180} INFO - Setting next_dagrun for example_sensor_decorator to None, run_after=None
[2026-03-12T00:35:31.428+0000] {processor.py:208} INFO - Processing /home/ec2-user/environment/lab4_model_training/venv/lib64/python3.12/site-packages/airflow/example_dags/example_sensor_decorator.py took 0.078 seconds
[2026-03-12T00:36:34.906+0000] {processor.py:186} INFO - Started process (PID=7158) to work on /home/ec2-user/environment/lab4_model_training/venv/lib64/python3.12/site-packages/airflow/example_dags/example_sensor_decorator.py
[2026-03-12T00:36:34.907+0000] {processor.py:914} INFO - Processing file /home/ec2-user/environment/lab4_model_training/venv/lib64/python3.12/site-packages/airflow/example_dags/example_sensor_decorator.py for tasks to queue
[2026-03-12T00:36:34.910+0000] {logging_mixin.py:190} INFO - [2026-03-12T00:36:34.910+0000] {dagbag.py:588} INFO - Filling up the DagBag from /home/ec2-user/environment/lab4_model_training/venv/lib64/python3.12/site-packages/airflow/example_dags/example_sensor_decorator.py
[2026-03-12T00:36:34.919+0000] {processor.py:925} INFO - DAG(s) 'example_sensor_decorator' retrieved from /home/ec2-user/environment/lab4_model_training/venv/lib64/python3.12/site-packages/airflow/example_dags/example_sensor_decorator.py
[2026-03-12T00:36:34.938+0000] {logging_mixin.py:190} INFO - [2026-03-12T00:36:34.938+0000] {dag.py:3239} INFO - Sync 1 DAGs
[2026-03-12T00:36:34.954+0000] {logging_mixin.py:190} INFO - [2026-03-12T00:36:34.954+0000] {dag.py:4180} INFO - Setting next_dagrun for example_sensor_decorator to None, run_after=None
[2026-03-12T00:36:34.977+0000] {processor.py:208} INFO - Processing /home/ec2-user/environment/lab4_model_training/venv/lib64/python3.12/site-packages/airflow/example_dags/example_sensor_decorator.py took 0.076 seconds
[2026-03-12T00:38:06.807+0000] {processor.py:186} INFO - Started process (PID=7471) to work on /home/ec2-user/environment/lab4_model_training/venv/lib64/python3.12/site-packages/airflow/example_dags/example_sensor_decorator.py
[2026-03-12T00:38:06.808+0000] {processor.py:914} INFO - Processing file /home/ec2-user/environment/lab4_model_training/venv/lib64/python3.12/site-packages/airflow/example_dags/example_sensor_decorator.py for tasks to queue
[2026-03-12T00:38:06.810+0000] {logging_mixin.py:190} INFO - [2026-03-12T00:38:06.810+0000] {dagbag.py:588} INFO - Filling up the DagBag from /home/ec2-user/environment/lab4_model_training/venv/lib64/python3.12/site-packages/airflow/example_dags/example_sensor_decorator.py
[2026-03-12T00:38:06.820+0000] {processor.py:925} INFO - DAG(s) 'example_sensor_decorator' retrieved from /home/ec2-user/environment/lab4_model_training/venv/lib64/python3.12/site-packages/airflow/example_dags/example_sensor_decorator.py
[2026-03-12T00:38:06.839+0000] {logging_mixin.py:190} INFO - [2026-03-12T00:38:06.839+0000] {dag.py:3239} INFO - Sync 1 DAGs
[2026-03-12T00:38:06.854+0000] {logging_mixin.py:190} INFO - [2026-03-12T00:38:06.853+0000] {dag.py:4180} INFO - Setting next_dagrun for example_sensor_decorator to None, run_after=None
[2026-03-12T00:38:06.885+0000] {processor.py:208} INFO - Processing /home/ec2-user/environment/lab4_model_training/venv/lib64/python3.12/site-packages/airflow/example_dags/example_sensor_decorator.py took 0.082 seconds
[2026-03-12T00:39:02.928+0000] {processor.py:186} INFO - Started process (PID=7709) to work on /home/ec2-user/environment/lab4_model_training/venv/lib64/python3.12/site-packages/airflow/example_dags/example_sensor_decorator.py
[2026-03-12T00:39:02.929+0000] {processor.py:914} INFO - Processing file /home/ec2-user/environment/lab4_model_training/venv/lib64/python3.12/site-packages/airflow/example_dags/example_sensor_decorator.py for tasks to queue
[2026-03-12T00:39:02.932+0000] {logging_mixin.py:190} INFO - [2026-03-12T00:39:02.932+0000] {dagbag.py:588} INFO - Filling up the DagBag from /home/ec2-user/environment/lab4_model_training/venv/lib64/python3.12/site-packages/airflow/example_dags/example_sensor_decorator.py
[2026-03-12T00:39:02.943+0000] {processor.py:925} INFO - DAG(s) 'example_sensor_decorator' retrieved from /home/ec2-user/environment/lab4_model_training/venv/lib64/python3.12/site-packages/airflow/example_dags/example_sensor_decorator.py
[2026-03-12T00:39:02.964+0000] {logging_mixin.py:190} INFO - [2026-03-12T00:39:02.964+0000] {dag.py:3239} INFO - Sync 1 DAGs
[2026-03-12T00:39:02.981+0000] {logging_mixin.py:190} INFO - [2026-03-12T00:39:02.981+0000] {dag.py:4180} INFO - Setting next_dagrun for example_sensor_decorator to None, run_after=None
[2026-03-12T00:39:03.005+0000] {processor.py:208} INFO - Processing /home/ec2-user/environment/lab4_model_training/venv/lib64/python3.12/site-packages/airflow/example_dags/example_sensor_decorator.py took 0.081 seconds
[2026-03-12T00:40:05.541+0000] {processor.py:186} INFO - Started process (PID=7988) to work on /home/ec2-user/environment/lab4_model_training/venv/lib64/python3.12/site-packages/airflow/example_dags/example_sensor_decorator.py
[2026-03-12T00:40:05.542+0000] {processor.py:914} INFO - Processing file /home/ec2-user/environment/lab4_model_training/venv/lib64/python3.12/site-packages/airflow/example_dags/example_sensor_decorator.py for tasks to queue
[2026-03-12T00:40:05.545+0000] {logging_mixin.py:190} INFO - [2026-03-12T00:40:05.544+0000] {dagbag.py:588} INFO - Filling up the DagBag from /home/ec2-user/environment/lab4_model_training/venv/lib64/python3.12/site-packages/airflow/example_dags/example_sensor_decorator.py
[2026-03-12T00:40:05.554+0000] {processor.py:925} INFO - DAG(s) 'example_sensor_decorator' retrieved from /home/ec2-user/environment/lab4_model_training/venv/lib64/python3.12/site-packages/airflow/example_dags/example_sensor_decorator.py
[2026-03-12T00:40:05.573+0000] {logging_mixin.py:190} INFO - [2026-03-12T00:40:05.572+0000] {dag.py:3239} INFO - Sync 1 DAGs
[2026-03-12T00:40:05.589+0000] {logging_mixin.py:190} INFO - [2026-03-12T00:40:05.589+0000] {dag.py:4180} INFO - Setting next_dagrun for example_sensor_decorator to None, run_after=None
[2026-03-12T00:40:05.612+0000] {processor.py:208} INFO - Processing /home/ec2-user/environment/lab4_model_training/venv/lib64/python3.12/site-packages/airflow/example_dags/example_sensor_decorator.py took 0.075 seconds
[2026-03-12T00:41:05.624+0000] {processor.py:186} INFO - Started process (PID=8272) to work on /home/ec2-user/environment/lab4_model_training/venv/lib64/python3.12/site-packages/airflow/example_dags/example_sensor_decorator.py
[2026-03-12T00:41:05.625+0000] {processor.py:914} INFO - Processing file /home/ec2-user/environment/lab4_model_training/venv/lib64/python3.12/site-packages/airflow/example_dags/example_sensor_decorator.py for tasks to queue
[2026-03-12T00:41:05.628+0000] {logging_mixin.py:190} INFO - [2026-03-12T00:41:05.627+0000] {dagbag.py:588} INFO - Filling up the DagBag from /home/ec2-user/environment/lab4_model_training/venv/lib64/python3.12/site-packages/airflow/example_dags/example_sensor_decorator.py
[2026-03-12T00:41:05.637+0000] {processor.py:925} INFO - DAG(s) 'example_sensor_decorator' retrieved from /home/ec2-user/environment/lab4_model_training/venv/lib64/python3.12/site-packages/airflow/example_dags/example_sensor_decorator.py
[2026-03-12T00:41:05.657+0000] {logging_mixin.py:190} INFO - [2026-03-12T00:41:05.656+0000] {dag.py:3239} INFO - Sync 1 DAGs
[2026-03-12T00:41:05.674+0000] {logging_mixin.py:190} INFO - [2026-03-12T00:41:05.674+0000] {dag.py:4180} INFO - Setting next_dagrun for example_sensor_decorator to None, run_after=None
[2026-03-12T00:41:05.714+0000] {processor.py:208} INFO - Processing /home/ec2-user/environment/lab4_model_training/venv/lib64/python3.12/site-packages/airflow/example_dags/example_sensor_decorator.py took 0.095 seconds
[2026-03-12T00:42:10.492+0000] {processor.py:186} INFO - Started process (PID=8521) to work on /home/ec2-user/environment/lab4_model_training/venv/lib64/python3.12/site-packages/airflow/example_dags/example_sensor_decorator.py
[2026-03-12T00:42:10.494+0000] {processor.py:914} INFO - Processing file /home/ec2-user/environment/lab4_model_training/venv/lib64/python3.12/site-packages/airflow/example_dags/example_sensor_decorator.py for tasks to queue
[2026-03-12T00:42:10.497+0000] {logging_mixin.py:190} INFO - [2026-03-12T00:42:10.496+0000] {dagbag.py:588} INFO - Filling up the DagBag from /home/ec2-user/environment/lab4_model_training/venv/lib64/python3.12/site-packages/airflow/example_dags/example_sensor_decorator.py
[2026-03-12T00:42:10.507+0000] {processor.py:925} INFO - DAG(s) 'example_sensor_decorator' retrieved from /home/ec2-user/environment/lab4_model_training/venv/lib64/python3.12/site-packages/airflow/example_dags/example_sensor_decorator.py
[2026-03-12T00:42:10.528+0000] {logging_mixin.py:190} INFO - [2026-03-12T00:42:10.528+0000] {dag.py:3239} INFO - Sync 1 DAGs
[2026-03-12T00:42:10.546+0000] {logging_mixin.py:190} INFO - [2026-03-12T00:42:10.546+0000] {dag.py:4180} INFO - Setting next_dagrun for example_sensor_decorator to None, run_after=None
[2026-03-12T00:42:10.569+0000] {processor.py:208} INFO - Processing /home/ec2-user/environment/lab4_model_training/venv/lib64/python3.12/site-packages/airflow/example_dags/example_sensor_decorator.py took 0.082 seconds
[2026-03-12T00:43:09.681+0000] {processor.py:186} INFO - Started process (PID=8803) to work on /home/ec2-user/environment/lab4_model_training/venv/lib64/python3.12/site-packages/airflow/example_dags/example_sensor_decorator.py
[2026-03-12T00:43:09.682+0000] {processor.py:914} INFO - Processing file /home/ec2-user/environment/lab4_model_training/venv/lib64/python3.12/site-packages/airflow/example_dags/example_sensor_decorator.py for tasks to queue
[2026-03-12T00:43:09.685+0000] {logging_mixin.py:190} INFO - [2026-03-12T00:43:09.685+0000] {dagbag.py:588} INFO - Filling up the DagBag from /home/ec2-user/environment/lab4_model_training/venv/lib64/python3.12/site-packages/airflow/example_dags/example_sensor_decorator.py
[2026-03-12T00:43:09.695+0000] {processor.py:925} INFO - DAG(s) 'example_sensor_decorator' retrieved from /home/ec2-user/environment/lab4_model_training/venv/lib64/python3.12/site-packages/airflow/example_dags/example_sensor_decorator.py
[2026-03-12T00:43:09.713+0000] {logging_mixin.py:190} INFO - [2026-03-12T00:43:09.713+0000] {dag.py:3239} INFO - Sync 1 DAGs
[2026-03-12T00:43:09.731+0000] {logging_mixin.py:190} INFO - [2026-03-12T00:43:09.731+0000] {dag.py:4180} INFO - Setting next_dagrun for example_sensor_decorator to None, run_after=None
[2026-03-12T00:43:09.760+0000] {processor.py:208} INFO - Processing /home/ec2-user/environment/lab4_model_training/venv/lib64/python3.12/site-packages/airflow/example_dags/example_sensor_decorator.py took 0.083 seconds
[2026-03-12T00:44:15.926+0000] {processor.py:186} INFO - Started process (PID=9145) to work on /home/ec2-user/environment/lab4_model_training/venv/lib64/python3.12/site-packages/airflow/example_dags/example_sensor_decorator.py
[2026-03-12T00:44:15.928+0000] {processor.py:914} INFO - Processing file /home/ec2-user/environment/lab4_model_training/venv/lib64/python3.12/site-packages/airflow/example_dags/example_sensor_decorator.py for tasks to queue
[2026-03-12T00:44:15.931+0000] {logging_mixin.py:190} INFO - [2026-03-12T00:44:15.930+0000] {dagbag.py:588} INFO - Filling up the DagBag from /home/ec2-user/environment/lab4_model_training/venv/lib64/python3.12/site-packages/airflow/example_dags/example_sensor_decorator.py
[2026-03-12T00:44:15.942+0000] {processor.py:925} INFO - DAG(s) 'example_sensor_decorator' retrieved from /home/ec2-user/environment/lab4_model_training/venv/lib64/python3.12/site-packages/airflow/example_dags/example_sensor_decorator.py
[2026-03-12T00:44:15.963+0000] {logging_mixin.py:190} INFO - [2026-03-12T00:44:15.963+0000] {dag.py:3239} INFO - Sync 1 DAGs
[2026-03-12T00:44:15.980+0000] {logging_mixin.py:190} INFO - [2026-03-12T00:44:15.980+0000] {dag.py:4180} INFO - Setting next_dagrun for example_sensor_decorator to None, run_after=None
[2026-03-12T00:44:16.023+0000] {processor.py:208} INFO - Processing /home/ec2-user/environment/lab4_model_training/venv/lib64/python3.12/site-packages/airflow/example_dags/example_sensor_decorator.py took 0.101 seconds
[2026-03-12T00:46:04.799+0000] {processor.py:186} INFO - Started process (PID=9608) to work on /home/ec2-user/environment/lab4_model_training/venv/lib64/python3.12/site-packages/airflow/example_dags/example_sensor_decorator.py
[2026-03-12T00:46:04.801+0000] {processor.py:914} INFO - Processing file /home/ec2-user/environment/lab4_model_training/venv/lib64/python3.12/site-packages/airflow/example_dags/example_sensor_decorator.py for tasks to queue
[2026-03-12T00:46:04.803+0000] {logging_mixin.py:190} INFO - [2026-03-12T00:46:04.802+0000] {dagbag.py:588} INFO - Filling up the DagBag from /home/ec2-user/environment/lab4_model_training/venv/lib64/python3.12/site-packages/airflow/example_dags/example_sensor_decorator.py
[2026-03-12T00:46:04.813+0000] {processor.py:925} INFO - DAG(s) 'example_sensor_decorator' retrieved from /home/ec2-user/environment/lab4_model_training/venv/lib64/python3.12/site-packages/airflow/example_dags/example_sensor_decorator.py
[2026-03-12T00:46:04.832+0000] {logging_mixin.py:190} INFO - [2026-03-12T00:46:04.832+0000] {dag.py:3239} INFO - Sync 1 DAGs
[2026-03-12T00:46:04.848+0000] {logging_mixin.py:190} INFO - [2026-03-12T00:46:04.848+0000] {dag.py:4180} INFO - Setting next_dagrun for example_sensor_decorator to None, run_after=None
[2026-03-12T00:46:04.874+0000] {processor.py:208} INFO - Processing /home/ec2-user/environment/lab4_model_training/venv/lib64/python3.12/site-packages/airflow/example_dags/example_sensor_decorator.py took 0.079 seconds
[2026-03-12T00:47:45.708+0000] {processor.py:186} INFO - Started process (PID=10054) to work on /home/ec2-user/environment/lab4_model_training/venv/lib64/python3.12/site-packages/airflow/example_dags/example_sensor_decorator.py
[2026-03-12T00:47:45.710+0000] {processor.py:914} INFO - Processing file /home/ec2-user/environment/lab4_model_training/venv/lib64/python3.12/site-packages/airflow/example_dags/example_sensor_decorator.py for tasks to queue
[2026-03-12T00:47:45.712+0000] {logging_mixin.py:190} INFO - [2026-03-12T00:47:45.711+0000] {dagbag.py:588} INFO - Filling up the DagBag from /home/ec2-user/environment/lab4_model_training/venv/lib64/python3.12/site-packages/airflow/example_dags/example_sensor_decorator.py
[2026-03-12T00:47:45.722+0000] {processor.py:925} INFO - DAG(s) 'example_sensor_decorator' retrieved from /home/ec2-user/environment/lab4_model_training/venv/lib64/python3.12/site-packages/airflow/example_dags/example_sensor_decorator.py
[2026-03-12T00:47:45.741+0000] {logging_mixin.py:190} INFO - [2026-03-12T00:47:45.741+0000] {dag.py:3239} INFO - Sync 1 DAGs
[2026-03-12T00:47:45.757+0000] {logging_mixin.py:190} INFO - [2026-03-12T00:47:45.757+0000] {dag.py:4180} INFO - Setting next_dagrun for example_sensor_decorator to None, run_after=None
[2026-03-12T00:47:45.779+0000] {processor.py:208} INFO - Processing /home/ec2-user/environment/lab4_model_training/venv/lib64/python3.12/site-packages/airflow/example_dags/example_sensor_decorator.py took 0.076 seconds
[2026-03-12T00:48:49.297+0000] {processor.py:186} INFO - Started process (PID=10292) to work on /home/ec2-user/environment/lab4_model_training/venv/lib64/python3.12/site-packages/airflow/example_dags/example_sensor_decorator.py
[2026-03-12T00:48:49.298+0000] {processor.py:914} INFO - Processing file /home/ec2-user/environment/lab4_model_training/venv/lib64/python3.12/site-packages/airflow/example_dags/example_sensor_decorator.py for tasks to queue
[2026-03-12T00:48:49.301+0000] {logging_mixin.py:190} INFO - [2026-03-12T00:48:49.300+0000] {dagbag.py:588} INFO - Filling up the DagBag from /home/ec2-user/environment/lab4_model_training/venv/lib64/python3.12/site-packages/airflow/example_dags/example_sensor_decorator.py
[2026-03-12T00:48:49.312+0000] {processor.py:925} INFO - DAG(s) 'example_sensor_decorator' retrieved from /home/ec2-user/environment/lab4_model_training/venv/lib64/python3.12/site-packages/airflow/example_dags/example_sensor_decorator.py
[2026-03-12T00:48:49.333+0000] {logging_mixin.py:190} INFO - [2026-03-12T00:48:49.333+0000] {dag.py:3239} INFO - Sync 1 DAGs
[2026-03-12T00:48:49.350+0000] {logging_mixin.py:190} INFO - [2026-03-12T00:48:49.350+0000] {dag.py:4180} INFO - Setting next_dagrun for example_sensor_decorator to None, run_after=None
[2026-03-12T00:48:49.374+0000] {processor.py:208} INFO - Processing /home/ec2-user/environment/lab4_model_training/venv/lib64/python3.12/site-packages/airflow/example_dags/example_sensor_decorator.py took 0.081 seconds
[2026-03-12T00:49:55.145+0000] {processor.py:186} INFO - Started process (PID=10629) to work on /home/ec2-user/environment/lab4_model_training/venv/lib64/python3.12/site-packages/airflow/example_dags/example_sensor_decorator.py
[2026-03-12T00:49:55.146+0000] {processor.py:914} INFO - Processing file /home/ec2-user/environment/lab4_model_training/venv/lib64/python3.12/site-packages/airflow/example_dags/example_sensor_decorator.py for tasks to queue
[2026-03-12T00:49:55.149+0000] {logging_mixin.py:190} INFO - [2026-03-12T00:49:55.149+0000] {dagbag.py:588} INFO - Filling up the DagBag from /home/ec2-user/environment/lab4_model_training/venv/lib64/python3.12/site-packages/airflow/example_dags/example_sensor_decorator.py
[2026-03-12T00:49:55.160+0000] {processor.py:925} INFO - DAG(s) 'example_sensor_decorator' retrieved from /home/ec2-user/environment/lab4_model_training/venv/lib64/python3.12/site-packages/airflow/example_dags/example_sensor_decorator.py
[2026-03-12T00:49:55.178+0000] {logging_mixin.py:190} INFO - [2026-03-12T00:49:55.178+0000] {dag.py:3239} INFO - Sync 1 DAGs
[2026-03-12T00:49:55.196+0000] {logging_mixin.py:190} INFO - [2026-03-12T00:49:55.196+0000] {dag.py:4180} INFO - Setting next_dagrun for example_sensor_decorator to None, run_after=None
[2026-03-12T00:49:55.219+0000] {processor.py:208} INFO - Processing /home/ec2-user/environment/lab4_model_training/venv/lib64/python3.12/site-packages/airflow/example_dags/example_sensor_decorator.py took 0.079 seconds
[2026-03-12T00:50:57.178+0000] {processor.py:186} INFO - Started process (PID=10927) to work on /home/ec2-user/environment/lab4_model_training/venv/lib64/python3.12/site-packages/airflow/example_dags/example_sensor_decorator.py
[2026-03-12T00:50:57.179+0000] {processor.py:914} INFO - Processing file /home/ec2-user/environment/lab4_model_training/venv/lib64/python3.12/site-packages/airflow/example_dags/example_sensor_decorator.py for tasks to queue
[2026-03-12T00:50:57.181+0000] {logging_mixin.py:190} INFO - [2026-03-12T00:50:57.181+0000] {dagbag.py:588} INFO - Filling up the DagBag from /home/ec2-user/environment/lab4_model_training/venv/lib64/python3.12/site-packages/airflow/example_dags/example_sensor_decorator.py
[2026-03-12T00:50:57.190+0000] {processor.py:925} INFO - DAG(s) 'example_sensor_decorator' retrieved from /home/ec2-user/environment/lab4_model_training/venv/lib64/python3.12/site-packages/airflow/example_dags/example_sensor_decorator.py
[2026-03-12T00:50:57.208+0000] {logging_mixin.py:190} INFO - [2026-03-12T00:50:57.208+0000] {dag.py:3239} INFO - Sync 1 DAGs
[2026-03-12T00:50:57.223+0000] {logging_mixin.py:190} INFO - [2026-03-12T00:50:57.223+0000] {dag.py:4180} INFO - Setting next_dagrun for example_sensor_decorator to None, run_after=None
[2026-03-12T00:50:57.248+0000] {processor.py:208} INFO - Processing /home/ec2-user/environment/lab4_model_training/venv/lib64/python3.12/site-packages/airflow/example_dags/example_sensor_decorator.py took 0.075 seconds
[2026-03-12T00:51:58.027+0000] {processor.py:186} INFO - Started process (PID=11184) to work on /home/ec2-user/environment/lab4_model_training/venv/lib64/python3.12/site-packages/airflow/example_dags/example_sensor_decorator.py
[2026-03-12T00:51:58.028+0000] {processor.py:914} INFO - Processing file /home/ec2-user/environment/lab4_model_training/venv/lib64/python3.12/site-packages/airflow/example_dags/example_sensor_decorator.py for tasks to queue
[2026-03-12T00:51:58.031+0000] {logging_mixin.py:190} INFO - [2026-03-12T00:51:58.030+0000] {dagbag.py:588} INFO - Filling up the DagBag from /home/ec2-user/environment/lab4_model_training/venv/lib64/python3.12/site-packages/airflow/example_dags/example_sensor_decorator.py
[2026-03-12T00:51:58.041+0000] {processor.py:925} INFO - DAG(s) 'example_sensor_decorator' retrieved from /home/ec2-user/environment/lab4_model_training/venv/lib64/python3.12/site-packages/airflow/example_dags/example_sensor_decorator.py
[2026-03-12T00:51:58.061+0000] {logging_mixin.py:190} INFO - [2026-03-12T00:51:58.061+0000] {dag.py:3239} INFO - Sync 1 DAGs
[2026-03-12T00:51:58.078+0000] {logging_mixin.py:190} INFO - [2026-03-12T00:51:58.078+0000] {dag.py:4180} INFO - Setting next_dagrun for example_sensor_decorator to None, run_after=None
[2026-03-12T00:51:58.102+0000] {processor.py:208} INFO - Processing /home/ec2-user/environment/lab4_model_training/venv/lib64/python3.12/site-packages/airflow/example_dags/example_sensor_decorator.py took 0.080 seconds
[2026-03-12T00:52:57.995+0000] {processor.py:186} INFO - Started process (PID=11484) to work on /home/ec2-user/environment/lab4_model_training/venv/lib64/python3.12/site-packages/airflow/example_dags/example_sensor_decorator.py
[2026-03-12T00:52:57.996+0000] {processor.py:914} INFO - Processing file /home/ec2-user/environment/lab4_model_training/venv/lib64/python3.12/site-packages/airflow/example_dags/example_sensor_decorator.py for tasks to queue
[2026-03-12T00:52:57.999+0000] {logging_mixin.py:190} INFO - [2026-03-12T00:52:57.998+0000] {dagbag.py:588} INFO - Filling up the DagBag from /home/ec2-user/environment/lab4_model_training/venv/lib64/python3.12/site-packages/airflow/example_dags/example_sensor_decorator.py
[2026-03-12T00:52:58.008+0000] {processor.py:925} INFO - DAG(s) 'example_sensor_decorator' retrieved from /home/ec2-user/environment/lab4_model_training/venv/lib64/python3.12/site-packages/airflow/example_dags/example_sensor_decorator.py
[2026-03-12T00:52:58.025+0000] {logging_mixin.py:190} INFO - [2026-03-12T00:52:58.025+0000] {dag.py:3239} INFO - Sync 1 DAGs
[2026-03-12T00:52:58.041+0000] {logging_mixin.py:190} INFO - [2026-03-12T00:52:58.041+0000] {dag.py:4180} INFO - Setting next_dagrun for example_sensor_decorator to None, run_after=None
[2026-03-12T00:52:58.067+0000] {processor.py:208} INFO - Processing /home/ec2-user/environment/lab4_model_training/venv/lib64/python3.12/site-packages/airflow/example_dags/example_sensor_decorator.py took 0.078 seconds
[2026-03-12T00:53:57.570+0000] {processor.py:186} INFO - Started process (PID=11706) to work on /home/ec2-user/environment/lab4_model_training/venv/lib64/python3.12/site-packages/airflow/example_dags/example_sensor_decorator.py
[2026-03-12T00:53:57.571+0000] {processor.py:914} INFO - Processing file /home/ec2-user/environment/lab4_model_training/venv/lib64/python3.12/site-packages/airflow/example_dags/example_sensor_decorator.py for tasks to queue
[2026-03-12T00:53:57.574+0000] {logging_mixin.py:190} INFO - [2026-03-12T00:53:57.574+0000] {dagbag.py:588} INFO - Filling up the DagBag from /home/ec2-user/environment/lab4_model_training/venv/lib64/python3.12/site-packages/airflow/example_dags/example_sensor_decorator.py
[2026-03-12T00:53:57.583+0000] {processor.py:925} INFO - DAG(s) 'example_sensor_decorator' retrieved from /home/ec2-user/environment/lab4_model_training/venv/lib64/python3.12/site-packages/airflow/example_dags/example_sensor_decorator.py
[2026-03-12T00:53:57.601+0000] {logging_mixin.py:190} INFO - [2026-03-12T00:53:57.601+0000] {dag.py:3239} INFO - Sync 1 DAGs
[2026-03-12T00:53:57.617+0000] {logging_mixin.py:190} INFO - [2026-03-12T00:53:57.617+0000] {dag.py:4180} INFO - Setting next_dagrun for example_sensor_decorator to None, run_after=None
[2026-03-12T00:53:57.640+0000] {processor.py:208} INFO - Processing /home/ec2-user/environment/lab4_model_training/venv/lib64/python3.12/site-packages/airflow/example_dags/example_sensor_decorator.py took 0.075 seconds
[2026-03-12T00:54:57.607+0000] {processor.py:186} INFO - Started process (PID=11985) to work on /home/ec2-user/environment/lab4_model_training/venv/lib64/python3.12/site-packages/airflow/example_dags/example_sensor_decorator.py
[2026-03-12T00:54:57.608+0000] {processor.py:914} INFO - Processing file /home/ec2-user/environment/lab4_model_training/venv/lib64/python3.12/site-packages/airflow/example_dags/example_sensor_decorator.py for tasks to queue
[2026-03-12T00:54:57.610+0000] {logging_mixin.py:190} INFO - [2026-03-12T00:54:57.610+0000] {dagbag.py:588} INFO - Filling up the DagBag from /home/ec2-user/environment/lab4_model_training/venv/lib64/python3.12/site-packages/airflow/example_dags/example_sensor_decorator.py
[2026-03-12T00:54:57.619+0000] {processor.py:925} INFO - DAG(s) 'example_sensor_decorator' retrieved from /home/ec2-user/environment/lab4_model_training/venv/lib64/python3.12/site-packages/airflow/example_dags/example_sensor_decorator.py
[2026-03-12T00:54:57.637+0000] {logging_mixin.py:190} INFO - [2026-03-12T00:54:57.636+0000] {dag.py:3239} INFO - Sync 1 DAGs
[2026-03-12T00:54:57.652+0000] {logging_mixin.py:190} INFO - [2026-03-12T00:54:57.652+0000] {dag.py:4180} INFO - Setting next_dagrun for example_sensor_decorator to None, run_after=None
[2026-03-12T00:54:57.676+0000] {processor.py:208} INFO - Processing /home/ec2-user/environment/lab4_model_training/venv/lib64/python3.12/site-packages/airflow/example_dags/example_sensor_decorator.py took 0.075 seconds
[2026-03-12T00:56:03.567+0000] {processor.py:186} INFO - Started process (PID=12242) to work on /home/ec2-user/environment/lab4_model_training/venv/lib64/python3.12/site-packages/airflow/example_dags/example_sensor_decorator.py
[2026-03-12T00:56:03.569+0000] {processor.py:914} INFO - Processing file /home/ec2-user/environment/lab4_model_training/venv/lib64/python3.12/site-packages/airflow/example_dags/example_sensor_decorator.py for tasks to queue
[2026-03-12T00:56:03.571+0000] {logging_mixin.py:190} INFO - [2026-03-12T00:56:03.570+0000] {dagbag.py:588} INFO - Filling up the DagBag from /home/ec2-user/environment/lab4_model_training/venv/lib64/python3.12/site-packages/airflow/example_dags/example_sensor_decorator.py
[2026-03-12T00:56:03.580+0000] {processor.py:925} INFO - DAG(s) 'example_sensor_decorator' retrieved from /home/ec2-user/environment/lab4_model_training/venv/lib64/python3.12/site-packages/airflow/example_dags/example_sensor_decorator.py
[2026-03-12T00:56:03.598+0000] {logging_mixin.py:190} INFO - [2026-03-12T00:56:03.598+0000] {dag.py:3239} INFO - Sync 1 DAGs
[2026-03-12T00:56:03.615+0000] {logging_mixin.py:190} INFO - [2026-03-12T00:56:03.614+0000] {dag.py:4180} INFO - Setting next_dagrun for example_sensor_decorator to None, run_after=None
[2026-03-12T00:56:03.638+0000] {processor.py:208} INFO - Processing /home/ec2-user/environment/lab4_model_training/venv/lib64/python3.12/site-packages/airflow/example_dags/example_sensor_decorator.py took 0.077 seconds
[2026-03-12T00:57:07.854+0000] {processor.py:186} INFO - Started process (PID=12526) to work on /home/ec2-user/environment/lab4_model_training/venv/lib64/python3.12/site-packages/airflow/example_dags/example_sensor_decorator.py
[2026-03-12T00:57:07.856+0000] {processor.py:914} INFO - Processing file /home/ec2-user/environment/lab4_model_training/venv/lib64/python3.12/site-packages/airflow/example_dags/example_sensor_decorator.py for tasks to queue
[2026-03-12T00:57:07.858+0000] {logging_mixin.py:190} INFO - [2026-03-12T00:57:07.857+0000] {dagbag.py:588} INFO - Filling up the DagBag from /home/ec2-user/environment/lab4_model_training/venv/lib64/python3.12/site-packages/airflow/example_dags/example_sensor_decorator.py
[2026-03-12T00:57:07.867+0000] {processor.py:925} INFO - DAG(s) 'example_sensor_decorator' retrieved from /home/ec2-user/environment/lab4_model_training/venv/lib64/python3.12/site-packages/airflow/example_dags/example_sensor_decorator.py
[2026-03-12T00:57:07.885+0000] {logging_mixin.py:190} INFO - [2026-03-12T00:57:07.885+0000] {dag.py:3239} INFO - Sync 1 DAGs
[2026-03-12T00:57:07.901+0000] {logging_mixin.py:190} INFO - [2026-03-12T00:57:07.901+0000] {dag.py:4180} INFO - Setting next_dagrun for example_sensor_decorator to None, run_after=None
[2026-03-12T00:57:07.924+0000] {processor.py:208} INFO - Processing /home/ec2-user/environment/lab4_model_training/venv/lib64/python3.12/site-packages/airflow/example_dags/example_sensor_decorator.py took 0.075 seconds
[2026-03-12T00:58:09.311+0000] {processor.py:186} INFO - Started process (PID=12758) to work on /home/ec2-user/environment/lab4_model_training/venv/lib64/python3.12/site-packages/airflow/example_dags/example_sensor_decorator.py
[2026-03-12T00:58:09.312+0000] {processor.py:914} INFO - Processing file /home/ec2-user/environment/lab4_model_training/venv/lib64/python3.12/site-packages/airflow/example_dags/example_sensor_decorator.py for tasks to queue
[2026-03-12T00:58:09.315+0000] {logging_mixin.py:190} INFO - [2026-03-12T00:58:09.315+0000] {dagbag.py:588} INFO - Filling up the DagBag from /home/ec2-user/environment/lab4_model_training/venv/lib64/python3.12/site-packages/airflow/example_dags/example_sensor_decorator.py
[2026-03-12T00:58:09.326+0000] {processor.py:925} INFO - DAG(s) 'example_sensor_decorator' retrieved from /home/ec2-user/environment/lab4_model_training/venv/lib64/python3.12/site-packages/airflow/example_dags/example_sensor_decorator.py
[2026-03-12T00:58:09.347+0000] {logging_mixin.py:190} INFO - [2026-03-12T00:58:09.347+0000] {dag.py:3239} INFO - Sync 1 DAGs
[2026-03-12T00:58:09.364+0000] {logging_mixin.py:190} INFO - [2026-03-12T00:58:09.364+0000] {dag.py:4180} INFO - Setting next_dagrun for example_sensor_decorator to None, run_after=None
[2026-03-12T00:58:09.389+0000] {processor.py:208} INFO - Processing /home/ec2-user/environment/lab4_model_training/venv/lib64/python3.12/site-packages/airflow/example_dags/example_sensor_decorator.py took 0.084 seconds
[2026-03-12T00:59:09.983+0000] {processor.py:186} INFO - Started process (PID=13068) to work on /home/ec2-user/environment/lab4_model_training/venv/lib64/python3.12/site-packages/airflow/example_dags/example_sensor_decorator.py
[2026-03-12T00:59:09.984+0000] {processor.py:914} INFO - Processing file /home/ec2-user/environment/lab4_model_training/venv/lib64/python3.12/site-packages/airflow/example_dags/example_sensor_decorator.py for tasks to queue
[2026-03-12T00:59:09.987+0000] {logging_mixin.py:190} INFO - [2026-03-12T00:59:09.987+0000] {dagbag.py:588} INFO - Filling up the DagBag from /home/ec2-user/environment/lab4_model_training/venv/lib64/python3.12/site-packages/airflow/example_dags/example_sensor_decorator.py
[2026-03-12T00:59:09.997+0000] {processor.py:925} INFO - DAG(s) 'example_sensor_decorator' retrieved from /home/ec2-user/environment/lab4_model_training/venv/lib64/python3.12/site-packages/airflow/example_dags/example_sensor_decorator.py
[2026-03-12T00:59:10.016+0000] {logging_mixin.py:190} INFO - [2026-03-12T00:59:10.015+0000] {dag.py:3239} INFO - Sync 1 DAGs
[2026-03-12T00:59:10.033+0000] {logging_mixin.py:190} INFO - [2026-03-12T00:59:10.032+0000] {dag.py:4180} INFO - Setting next_dagrun for example_sensor_decorator to None, run_after=None
[2026-03-12T00:59:10.060+0000] {processor.py:208} INFO - Processing /home/ec2-user/environment/lab4_model_training/venv/lib64/python3.12/site-packages/airflow/example_dags/example_sensor_decorator.py took 0.083 seconds
[2026-03-12T01:00:14.144+0000] {processor.py:186} INFO - Started process (PID=13305) to work on /home/ec2-user/environment/lab4_model_training/venv/lib64/python3.12/site-packages/airflow/example_dags/example_sensor_decorator.py
[2026-03-12T01:00:14.146+0000] {processor.py:914} INFO - Processing file /home/ec2-user/environment/lab4_model_training/venv/lib64/python3.12/site-packages/airflow/example_dags/example_sensor_decorator.py for tasks to queue
[2026-03-12T01:00:14.149+0000] {logging_mixin.py:190} INFO - [2026-03-12T01:00:14.148+0000] {dagbag.py:588} INFO - Filling up the DagBag from /home/ec2-user/environment/lab4_model_training/venv/lib64/python3.12/site-packages/airflow/example_dags/example_sensor_decorator.py
[2026-03-12T01:00:14.158+0000] {processor.py:925} INFO - DAG(s) 'example_sensor_decorator' retrieved from /home/ec2-user/environment/lab4_model_training/venv/lib64/python3.12/site-packages/airflow/example_dags/example_sensor_decorator.py
[2026-03-12T01:00:14.177+0000] {logging_mixin.py:190} INFO - [2026-03-12T01:00:14.177+0000] {dag.py:3239} INFO - Sync 1 DAGs
[2026-03-12T01:00:14.194+0000] {logging_mixin.py:190} INFO - [2026-03-12T01:00:14.194+0000] {dag.py:4180} INFO - Setting next_dagrun for example_sensor_decorator to None, run_after=None
[2026-03-12T01:00:14.220+0000] {processor.py:208} INFO - Processing /home/ec2-user/environment/lab4_model_training/venv/lib64/python3.12/site-packages/airflow/example_dags/example_sensor_decorator.py took 0.081 seconds
[2026-03-12T01:01:18.439+0000] {processor.py:186} INFO - Started process (PID=13619) to work on /home/ec2-user/environment/lab4_model_training/venv/lib64/python3.12/site-packages/airflow/example_dags/example_sensor_decorator.py
[2026-03-12T01:01:18.440+0000] {processor.py:914} INFO - Processing file /home/ec2-user/environment/lab4_model_training/venv/lib64/python3.12/site-packages/airflow/example_dags/example_sensor_decorator.py for tasks to queue
[2026-03-12T01:01:18.443+0000] {logging_mixin.py:190} INFO - [2026-03-12T01:01:18.443+0000] {dagbag.py:588} INFO - Filling up the DagBag from /home/ec2-user/environment/lab4_model_training/venv/lib64/python3.12/site-packages/airflow/example_dags/example_sensor_decorator.py
[2026-03-12T01:01:18.453+0000] {processor.py:925} INFO - DAG(s) 'example_sensor_decorator' retrieved from /home/ec2-user/environment/lab4_model_training/venv/lib64/python3.12/site-packages/airflow/example_dags/example_sensor_decorator.py
[2026-03-12T01:01:18.471+0000] {logging_mixin.py:190} INFO - [2026-03-12T01:01:18.471+0000] {dag.py:3239} INFO - Sync 1 DAGs
[2026-03-12T01:01:18.488+0000] {logging_mixin.py:190} INFO - [2026-03-12T01:01:18.488+0000] {dag.py:4180} INFO - Setting next_dagrun for example_sensor_decorator to None, run_after=None
[2026-03-12T01:01:18.512+0000] {processor.py:208} INFO - Processing /home/ec2-user/environment/lab4_model_training/venv/lib64/python3.12/site-packages/airflow/example_dags/example_sensor_decorator.py took 0.079 seconds
[2026-03-12T01:02:21.063+0000] {processor.py:186} INFO - Started process (PID=13854) to work on /home/ec2-user/environment/lab4_model_training/venv/lib64/python3.12/site-packages/airflow/example_dags/example_sensor_decorator.py
[2026-03-12T01:02:21.065+0000] {processor.py:914} INFO - Processing file /home/ec2-user/environment/lab4_model_training/venv/lib64/python3.12/site-packages/airflow/example_dags/example_sensor_decorator.py for tasks to queue
[2026-03-12T01:02:21.068+0000] {logging_mixin.py:190} INFO - [2026-03-12T01:02:21.067+0000] {dagbag.py:588} INFO - Filling up the DagBag from /home/ec2-user/environment/lab4_model_training/venv/lib64/python3.12/site-packages/airflow/example_dags/example_sensor_decorator.py
[2026-03-12T01:02:21.079+0000] {processor.py:925} INFO - DAG(s) 'example_sensor_decorator' retrieved from /home/ec2-user/environment/lab4_model_training/venv/lib64/python3.12/site-packages/airflow/example_dags/example_sensor_decorator.py
[2026-03-12T01:02:21.100+0000] {logging_mixin.py:190} INFO - [2026-03-12T01:02:21.099+0000] {dag.py:3239} INFO - Sync 1 DAGs
[2026-03-12T01:02:21.117+0000] {logging_mixin.py:190} INFO - [2026-03-12T01:02:21.116+0000] {dag.py:4180} INFO - Setting next_dagrun for example_sensor_decorator to None, run_after=None
[2026-03-12T01:02:21.140+0000] {processor.py:208} INFO - Processing /home/ec2-user/environment/lab4_model_training/venv/lib64/python3.12/site-packages/airflow/example_dags/example_sensor_decorator.py took 0.082 seconds
[2026-03-12T01:03:26.291+0000] {processor.py:186} INFO - Started process (PID=14147) to work on /home/ec2-user/environment/lab4_model_training/venv/lib64/python3.12/site-packages/airflow/example_dags/example_sensor_decorator.py
[2026-03-12T01:03:26.293+0000] {processor.py:914} INFO - Processing file /home/ec2-user/environment/lab4_model_training/venv/lib64/python3.12/site-packages/airflow/example_dags/example_sensor_decorator.py for tasks to queue
[2026-03-12T01:03:26.295+0000] {logging_mixin.py:190} INFO - [2026-03-12T01:03:26.294+0000] {dagbag.py:588} INFO - Filling up the DagBag from /home/ec2-user/environment/lab4_model_training/venv/lib64/python3.12/site-packages/airflow/example_dags/example_sensor_decorator.py
[2026-03-12T01:03:26.304+0000] {processor.py:925} INFO - DAG(s) 'example_sensor_decorator' retrieved from /home/ec2-user/environment/lab4_model_training/venv/lib64/python3.12/site-packages/airflow/example_dags/example_sensor_decorator.py
[2026-03-12T01:03:26.320+0000] {logging_mixin.py:190} INFO - [2026-03-12T01:03:26.320+0000] {dag.py:3239} INFO - Sync 1 DAGs
[2026-03-12T01:03:26.336+0000] {logging_mixin.py:190} INFO - [2026-03-12T01:03:26.336+0000] {dag.py:4180} INFO - Setting next_dagrun for example_sensor_decorator to None, run_after=None
[2026-03-12T01:03:26.364+0000] {processor.py:208} INFO - Processing /home/ec2-user/environment/lab4_model_training/venv/lib64/python3.12/site-packages/airflow/example_dags/example_sensor_decorator.py took 0.079 seconds
[2026-03-12T01:04:29.719+0000] {processor.py:186} INFO - Started process (PID=14441) to work on /home/ec2-user/environment/lab4_model_training/venv/lib64/python3.12/site-packages/airflow/example_dags/example_sensor_decorator.py
[2026-03-12T01:04:29.720+0000] {processor.py:914} INFO - Processing file /home/ec2-user/environment/lab4_model_training/venv/lib64/python3.12/site-packages/airflow/example_dags/example_sensor_decorator.py for tasks to queue
[2026-03-12T01:04:29.723+0000] {logging_mixin.py:190} INFO - [2026-03-12T01:04:29.722+0000] {dagbag.py:588} INFO - Filling up the DagBag from /home/ec2-user/environment/lab4_model_training/venv/lib64/python3.12/site-packages/airflow/example_dags/example_sensor_decorator.py
[2026-03-12T01:04:29.733+0000] {processor.py:925} INFO - DAG(s) 'example_sensor_decorator' retrieved from /home/ec2-user/environment/lab4_model_training/venv/lib64/python3.12/site-packages/airflow/example_dags/example_sensor_decorator.py
[2026-03-12T01:04:29.753+0000] {logging_mixin.py:190} INFO - [2026-03-12T01:04:29.752+0000] {dag.py:3239} INFO - Sync 1 DAGs
[2026-03-12T01:04:29.770+0000] {logging_mixin.py:190} INFO - [2026-03-12T01:04:29.770+0000] {dag.py:4180} INFO - Setting next_dagrun for example_sensor_decorator to None, run_after=None
[2026-03-12T01:04:29.794+0000] {processor.py:208} INFO - Processing /home/ec2-user/environment/lab4_model_training/venv/lib64/python3.12/site-packages/airflow/example_dags/example_sensor_decorator.py took 0.081 seconds
[2026-03-12T01:05:37.023+0000] {processor.py:186} INFO - Started process (PID=14717) to work on /home/ec2-user/environment/lab4_model_training/venv/lib64/python3.12/site-packages/airflow/example_dags/example_sensor_decorator.py
[2026-03-12T01:05:37.024+0000] {processor.py:914} INFO - Processing file /home/ec2-user/environment/lab4_model_training/venv/lib64/python3.12/site-packages/airflow/example_dags/example_sensor_decorator.py for tasks to queue
[2026-03-12T01:05:37.027+0000] {logging_mixin.py:190} INFO - [2026-03-12T01:05:37.026+0000] {dagbag.py:588} INFO - Filling up the DagBag from /home/ec2-user/environment/lab4_model_training/venv/lib64/python3.12/site-packages/airflow/example_dags/example_sensor_decorator.py
[2026-03-12T01:05:37.038+0000] {processor.py:925} INFO - DAG(s) 'example_sensor_decorator' retrieved from /home/ec2-user/environment/lab4_model_training/venv/lib64/python3.12/site-packages/airflow/example_dags/example_sensor_decorator.py
[2026-03-12T01:05:37.055+0000] {logging_mixin.py:190} INFO - [2026-03-12T01:05:37.055+0000] {dag.py:3239} INFO - Sync 1 DAGs
[2026-03-12T01:05:37.071+0000] {logging_mixin.py:190} INFO - [2026-03-12T01:05:37.071+0000] {dag.py:4180} INFO - Setting next_dagrun for example_sensor_decorator to None, run_after=None
[2026-03-12T01:05:37.096+0000] {processor.py:208} INFO - Processing /home/ec2-user/environment/lab4_model_training/venv/lib64/python3.12/site-packages/airflow/example_dags/example_sensor_decorator.py took 0.079 seconds
[2026-03-12T01:06:36.828+0000] {processor.py:186} INFO - Started process (PID=14997) to work on /home/ec2-user/environment/lab4_model_training/venv/lib64/python3.12/site-packages/airflow/example_dags/example_sensor_decorator.py
[2026-03-12T01:06:36.829+0000] {processor.py:914} INFO - Processing file /home/ec2-user/environment/lab4_model_training/venv/lib64/python3.12/site-packages/airflow/example_dags/example_sensor_decorator.py for tasks to queue
[2026-03-12T01:06:36.832+0000] {logging_mixin.py:190} INFO - [2026-03-12T01:06:36.832+0000] {dagbag.py:588} INFO - Filling up the DagBag from /home/ec2-user/environment/lab4_model_training/venv/lib64/python3.12/site-packages/airflow/example_dags/example_sensor_decorator.py
[2026-03-12T01:06:36.841+0000] {processor.py:925} INFO - DAG(s) 'example_sensor_decorator' retrieved from /home/ec2-user/environment/lab4_model_training/venv/lib64/python3.12/site-packages/airflow/example_dags/example_sensor_decorator.py
[2026-03-12T01:06:36.861+0000] {logging_mixin.py:190} INFO - [2026-03-12T01:06:36.861+0000] {dag.py:3239} INFO - Sync 1 DAGs
[2026-03-12T01:06:36.877+0000] {logging_mixin.py:190} INFO - [2026-03-12T01:06:36.877+0000] {dag.py:4180} INFO - Setting next_dagrun for example_sensor_decorator to None, run_after=None
[2026-03-12T01:06:36.901+0000] {processor.py:208} INFO - Processing /home/ec2-user/environment/lab4_model_training/venv/lib64/python3.12/site-packages/airflow/example_dags/example_sensor_decorator.py took 0.078 seconds
[2026-03-12T01:07:37.415+0000] {processor.py:186} INFO - Started process (PID=15280) to work on /home/ec2-user/environment/lab4_model_training/venv/lib64/python3.12/site-packages/airflow/example_dags/example_sensor_decorator.py
[2026-03-12T01:07:37.416+0000] {processor.py:914} INFO - Processing file /home/ec2-user/environment/lab4_model_training/venv/lib64/python3.12/site-packages/airflow/example_dags/example_sensor_decorator.py for tasks to queue
[2026-03-12T01:07:37.419+0000] {logging_mixin.py:190} INFO - [2026-03-12T01:07:37.419+0000] {dagbag.py:588} INFO - Filling up the DagBag from /home/ec2-user/environment/lab4_model_training/venv/lib64/python3.12/site-packages/airflow/example_dags/example_sensor_decorator.py
[2026-03-12T01:07:37.429+0000] {processor.py:925} INFO - DAG(s) 'example_sensor_decorator' retrieved from /home/ec2-user/environment/lab4_model_training/venv/lib64/python3.12/site-packages/airflow/example_dags/example_sensor_decorator.py
[2026-03-12T01:07:37.447+0000] {logging_mixin.py:190} INFO - [2026-03-12T01:07:37.447+0000] {dag.py:3239} INFO - Sync 1 DAGs
[2026-03-12T01:07:37.465+0000] {logging_mixin.py:190} INFO - [2026-03-12T01:07:37.464+0000] {dag.py:4180} INFO - Setting next_dagrun for example_sensor_decorator to None, run_after=None
[2026-03-12T01:07:37.488+0000] {processor.py:208} INFO - Processing /home/ec2-user/environment/lab4_model_training/venv/lib64/python3.12/site-packages/airflow/example_dags/example_sensor_decorator.py took 0.079 seconds
[2026-03-12T01:08:40.548+0000] {processor.py:186} INFO - Started process (PID=15528) to work on /home/ec2-user/environment/lab4_model_training/venv/lib64/python3.12/site-packages/airflow/example_dags/example_sensor_decorator.py
[2026-03-12T01:08:40.550+0000] {processor.py:914} INFO - Processing file /home/ec2-user/environment/lab4_model_training/venv/lib64/python3.12/site-packages/airflow/example_dags/example_sensor_decorator.py for tasks to queue
[2026-03-12T01:08:40.552+0000] {logging_mixin.py:190} INFO - [2026-03-12T01:08:40.552+0000] {dagbag.py:588} INFO - Filling up the DagBag from /home/ec2-user/environment/lab4_model_training/venv/lib64/python3.12/site-packages/airflow/example_dags/example_sensor_decorator.py
[2026-03-12T01:08:40.562+0000] {processor.py:925} INFO - DAG(s) 'example_sensor_decorator' retrieved from /home/ec2-user/environment/lab4_model_training/venv/lib64/python3.12/site-packages/airflow/example_dags/example_sensor_decorator.py
[2026-03-12T01:08:40.582+0000] {logging_mixin.py:190} INFO - [2026-03-12T01:08:40.582+0000] {dag.py:3239} INFO - Sync 1 DAGs
[2026-03-12T01:08:40.598+0000] {logging_mixin.py:190} INFO - [2026-03-12T01:08:40.598+0000] {dag.py:4180} INFO - Setting next_dagrun for example_sensor_decorator to None, run_after=None
[2026-03-12T01:08:40.620+0000] {processor.py:208} INFO - Processing /home/ec2-user/environment/lab4_model_training/venv/lib64/python3.12/site-packages/airflow/example_dags/example_sensor_decorator.py took 0.077 seconds
[2026-03-12T01:09:41.348+0000] {processor.py:186} INFO - Started process (PID=15816) to work on /home/ec2-user/environment/lab4_model_training/venv/lib64/python3.12/site-packages/airflow/example_dags/example_sensor_decorator.py
[2026-03-12T01:09:41.349+0000] {processor.py:914} INFO - Processing file /home/ec2-user/environment/lab4_model_training/venv/lib64/python3.12/site-packages/airflow/example_dags/example_sensor_decorator.py for tasks to queue
[2026-03-12T01:09:41.352+0000] {logging_mixin.py:190} INFO - [2026-03-12T01:09:41.351+0000] {dagbag.py:588} INFO - Filling up the DagBag from /home/ec2-user/environment/lab4_model_training/venv/lib64/python3.12/site-packages/airflow/example_dags/example_sensor_decorator.py
[2026-03-12T01:09:41.362+0000] {processor.py:925} INFO - DAG(s) 'example_sensor_decorator' retrieved from /home/ec2-user/environment/lab4_model_training/venv/lib64/python3.12/site-packages/airflow/example_dags/example_sensor_decorator.py
[2026-03-12T01:09:41.381+0000] {logging_mixin.py:190} INFO - [2026-03-12T01:09:41.381+0000] {dag.py:3239} INFO - Sync 1 DAGs
[2026-03-12T01:09:41.398+0000] {logging_mixin.py:190} INFO - [2026-03-12T01:09:41.398+0000] {dag.py:4180} INFO - Setting next_dagrun for example_sensor_decorator to None, run_after=None
[2026-03-12T01:09:41.424+0000] {processor.py:208} INFO - Processing /home/ec2-user/environment/lab4_model_training/venv/lib64/python3.12/site-packages/airflow/example_dags/example_sensor_decorator.py took 0.082 seconds
[2026-03-12T01:10:47.816+0000] {processor.py:186} INFO - Started process (PID=16065) to work on /home/ec2-user/environment/lab4_model_training/venv/lib64/python3.12/site-packages/airflow/example_dags/example_sensor_decorator.py
[2026-03-12T01:10:47.817+0000] {processor.py:914} INFO - Processing file /home/ec2-user/environment/lab4_model_training/venv/lib64/python3.12/site-packages/airflow/example_dags/example_sensor_decorator.py for tasks to queue
[2026-03-12T01:10:47.819+0000] {logging_mixin.py:190} INFO - [2026-03-12T01:10:47.819+0000] {dagbag.py:588} INFO - Filling up the DagBag from /home/ec2-user/environment/lab4_model_training/venv/lib64/python3.12/site-packages/airflow/example_dags/example_sensor_decorator.py
[2026-03-12T01:10:47.835+0000] {processor.py:925} INFO - DAG(s) 'example_sensor_decorator' retrieved from /home/ec2-user/environment/lab4_model_training/venv/lib64/python3.12/site-packages/airflow/example_dags/example_sensor_decorator.py
[2026-03-12T01:10:47.855+0000] {logging_mixin.py:190} INFO - [2026-03-12T01:10:47.854+0000] {dag.py:3239} INFO - Sync 1 DAGs
[2026-03-12T01:10:47.871+0000] {logging_mixin.py:190} INFO - [2026-03-12T01:10:47.871+0000] {dag.py:4180} INFO - Setting next_dagrun for example_sensor_decorator to None, run_after=None
[2026-03-12T01:10:47.894+0000] {processor.py:208} INFO - Processing /home/ec2-user/environment/lab4_model_training/venv/lib64/python3.12/site-packages/airflow/example_dags/example_sensor_decorator.py took 0.084 seconds
[2026-03-12T01:11:53.512+0000] {processor.py:186} INFO - Started process (PID=16364) to work on /home/ec2-user/environment/lab4_model_training/venv/lib64/python3.12/site-packages/airflow/example_dags/example_sensor_decorator.py
[2026-03-12T01:11:53.513+0000] {processor.py:914} INFO - Processing file /home/ec2-user/environment/lab4_model_training/venv/lib64/python3.12/site-packages/airflow/example_dags/example_sensor_decorator.py for tasks to queue
[2026-03-12T01:11:53.516+0000] {logging_mixin.py:190} INFO - [2026-03-12T01:11:53.516+0000] {dagbag.py:588} INFO - Filling up the DagBag from /home/ec2-user/environment/lab4_model_training/venv/lib64/python3.12/site-packages/airflow/example_dags/example_sensor_decorator.py
[2026-03-12T01:11:53.527+0000] {processor.py:925} INFO - DAG(s) 'example_sensor_decorator' retrieved from /home/ec2-user/environment/lab4_model_training/venv/lib64/python3.12/site-packages/airflow/example_dags/example_sensor_decorator.py
[2026-03-12T01:11:53.546+0000] {logging_mixin.py:190} INFO - [2026-03-12T01:11:53.545+0000] {dag.py:3239} INFO - Sync 1 DAGs
[2026-03-12T01:11:53.563+0000] {logging_mixin.py:190} INFO - [2026-03-12T01:11:53.562+0000] {dag.py:4180} INFO - Setting next_dagrun for example_sensor_decorator to None, run_after=None
[2026-03-12T01:11:53.586+0000] {processor.py:208} INFO - Processing /home/ec2-user/environment/lab4_model_training/venv/lib64/python3.12/site-packages/airflow/example_dags/example_sensor_decorator.py took 0.079 seconds
[2026-03-12T01:12:55.490+0000] {processor.py:186} INFO - Started process (PID=16650) to work on /home/ec2-user/environment/lab4_model_training/venv/lib64/python3.12/site-packages/airflow/example_dags/example_sensor_decorator.py
[2026-03-12T01:12:55.492+0000] {processor.py:914} INFO - Processing file /home/ec2-user/environment/lab4_model_training/venv/lib64/python3.12/site-packages/airflow/example_dags/example_sensor_decorator.py for tasks to queue
[2026-03-12T01:12:55.494+0000] {logging_mixin.py:190} INFO - [2026-03-12T01:12:55.493+0000] {dagbag.py:588} INFO - Filling up the DagBag from /home/ec2-user/environment/lab4_model_training/venv/lib64/python3.12/site-packages/airflow/example_dags/example_sensor_decorator.py
[2026-03-12T01:12:55.503+0000] {processor.py:925} INFO - DAG(s) 'example_sensor_decorator' retrieved from /home/ec2-user/environment/lab4_model_training/venv/lib64/python3.12/site-packages/airflow/example_dags/example_sensor_decorator.py
[2026-03-12T01:12:55.520+0000] {logging_mixin.py:190} INFO - [2026-03-12T01:12:55.520+0000] {dag.py:3239} INFO - Sync 1 DAGs
[2026-03-12T01:12:55.535+0000] {logging_mixin.py:190} INFO - [2026-03-12T01:12:55.535+0000] {dag.py:4180} INFO - Setting next_dagrun for example_sensor_decorator to None, run_after=None
[2026-03-12T01:12:55.558+0000] {processor.py:208} INFO - Processing /home/ec2-user/environment/lab4_model_training/venv/lib64/python3.12/site-packages/airflow/example_dags/example_sensor_decorator.py took 0.073 seconds
[2026-03-12T01:14:00.860+0000] {processor.py:186} INFO - Started process (PID=16971) to work on /home/ec2-user/environment/lab4_model_training/venv/lib64/python3.12/site-packages/airflow/example_dags/example_sensor_decorator.py
[2026-03-12T01:14:00.862+0000] {processor.py:914} INFO - Processing file /home/ec2-user/environment/lab4_model_training/venv/lib64/python3.12/site-packages/airflow/example_dags/example_sensor_decorator.py for tasks to queue
[2026-03-12T01:14:00.865+0000] {logging_mixin.py:190} INFO - [2026-03-12T01:14:00.864+0000] {dagbag.py:588} INFO - Filling up the DagBag from /home/ec2-user/environment/lab4_model_training/venv/lib64/python3.12/site-packages/airflow/example_dags/example_sensor_decorator.py
[2026-03-12T01:14:00.875+0000] {processor.py:925} INFO - DAG(s) 'example_sensor_decorator' retrieved from /home/ec2-user/environment/lab4_model_training/venv/lib64/python3.12/site-packages/airflow/example_dags/example_sensor_decorator.py
[2026-03-12T01:14:00.895+0000] {logging_mixin.py:190} INFO - [2026-03-12T01:14:00.894+0000] {dag.py:3239} INFO - Sync 1 DAGs
[2026-03-12T01:14:00.913+0000] {logging_mixin.py:190} INFO - [2026-03-12T01:14:00.913+0000] {dag.py:4180} INFO - Setting next_dagrun for example_sensor_decorator to None, run_after=None
[2026-03-12T01:14:00.937+0000] {processor.py:208} INFO - Processing /home/ec2-user/environment/lab4_model_training/venv/lib64/python3.12/site-packages/airflow/example_dags/example_sensor_decorator.py took 0.083 seconds
[2026-03-12T01:15:04.408+0000] {processor.py:186} INFO - Started process (PID=17282) to work on /home/ec2-user/environment/lab4_model_training/venv/lib64/python3.12/site-packages/airflow/example_dags/example_sensor_decorator.py
[2026-03-12T01:15:04.409+0000] {processor.py:914} INFO - Processing file /home/ec2-user/environment/lab4_model_training/venv/lib64/python3.12/site-packages/airflow/example_dags/example_sensor_decorator.py for tasks to queue
[2026-03-12T01:15:04.411+0000] {logging_mixin.py:190} INFO - [2026-03-12T01:15:04.411+0000] {dagbag.py:588} INFO - Filling up the DagBag from /home/ec2-user/environment/lab4_model_training/venv/lib64/python3.12/site-packages/airflow/example_dags/example_sensor_decorator.py
[2026-03-12T01:15:04.420+0000] {processor.py:925} INFO - DAG(s) 'example_sensor_decorator' retrieved from /home/ec2-user/environment/lab4_model_training/venv/lib64/python3.12/site-packages/airflow/example_dags/example_sensor_decorator.py
[2026-03-12T01:15:04.439+0000] {logging_mixin.py:190} INFO - [2026-03-12T01:15:04.439+0000] {dag.py:3239} INFO - Sync 1 DAGs
[2026-03-12T01:15:04.456+0000] {logging_mixin.py:190} INFO - [2026-03-12T01:15:04.456+0000] {dag.py:4180} INFO - Setting next_dagrun for example_sensor_decorator to None, run_after=None
[2026-03-12T01:15:04.483+0000] {processor.py:208} INFO - Processing /home/ec2-user/environment/lab4_model_training/venv/lib64/python3.12/site-packages/airflow/example_dags/example_sensor_decorator.py took 0.081 seconds
[2026-03-12T01:16:06.275+0000] {processor.py:186} INFO - Started process (PID=17572) to work on /home/ec2-user/environment/lab4_model_training/venv/lib64/python3.12/site-packages/airflow/example_dags/example_sensor_decorator.py
[2026-03-12T01:16:06.277+0000] {processor.py:914} INFO - Processing file /home/ec2-user/environment/lab4_model_training/venv/lib64/python3.12/site-packages/airflow/example_dags/example_sensor_decorator.py for tasks to queue
[2026-03-12T01:16:06.279+0000] {logging_mixin.py:190} INFO - [2026-03-12T01:16:06.279+0000] {dagbag.py:588} INFO - Filling up the DagBag from /home/ec2-user/environment/lab4_model_training/venv/lib64/python3.12/site-packages/airflow/example_dags/example_sensor_decorator.py
[2026-03-12T01:16:06.289+0000] {processor.py:925} INFO - DAG(s) 'example_sensor_decorator' retrieved from /home/ec2-user/environment/lab4_model_training/venv/lib64/python3.12/site-packages/airflow/example_dags/example_sensor_decorator.py
[2026-03-12T01:16:06.307+0000] {logging_mixin.py:190} INFO - [2026-03-12T01:16:06.307+0000] {dag.py:3239} INFO - Sync 1 DAGs
[2026-03-12T01:16:06.325+0000] {logging_mixin.py:190} INFO - [2026-03-12T01:16:06.324+0000] {dag.py:4180} INFO - Setting next_dagrun for example_sensor_decorator to None, run_after=None
[2026-03-12T01:16:06.351+0000] {processor.py:208} INFO - Processing /home/ec2-user/environment/lab4_model_training/venv/lib64/python3.12/site-packages/airflow/example_dags/example_sensor_decorator.py took 0.081 seconds
[2026-03-12T01:17:14.884+0000] {processor.py:186} INFO - Started process (PID=17883) to work on /home/ec2-user/environment/lab4_model_training/venv/lib64/python3.12/site-packages/airflow/example_dags/example_sensor_decorator.py
[2026-03-12T01:17:14.886+0000] {processor.py:914} INFO - Processing file /home/ec2-user/environment/lab4_model_training/venv/lib64/python3.12/site-packages/airflow/example_dags/example_sensor_decorator.py for tasks to queue
[2026-03-12T01:17:14.898+0000] {logging_mixin.py:190} INFO - [2026-03-12T01:17:14.898+0000] {dagbag.py:588} INFO - Filling up the DagBag from /home/ec2-user/environment/lab4_model_training/venv/lib64/python3.12/site-packages/airflow/example_dags/example_sensor_decorator.py
[2026-03-12T01:17:14.917+0000] {processor.py:925} INFO - DAG(s) 'example_sensor_decorator' retrieved from /home/ec2-user/environment/lab4_model_training/venv/lib64/python3.12/site-packages/airflow/example_dags/example_sensor_decorator.py
[2026-03-12T01:17:14.935+0000] {logging_mixin.py:190} INFO - [2026-03-12T01:17:14.935+0000] {dag.py:3239} INFO - Sync 1 DAGs
[2026-03-12T01:17:14.950+0000] {logging_mixin.py:190} INFO - [2026-03-12T01:17:14.950+0000] {dag.py:4180} INFO - Setting next_dagrun for example_sensor_decorator to None, run_after=None
[2026-03-12T01:17:14.972+0000] {processor.py:208} INFO - Processing /home/ec2-user/environment/lab4_model_training/venv/lib64/python3.12/site-packages/airflow/example_dags/example_sensor_decorator.py took 0.097 seconds
[2026-03-12T01:18:16.325+0000] {processor.py:186} INFO - Started process (PID=18117) to work on /home/ec2-user/environment/lab4_model_training/venv/lib64/python3.12/site-packages/airflow/example_dags/example_sensor_decorator.py
[2026-03-12T01:18:16.327+0000] {processor.py:914} INFO - Processing file /home/ec2-user/environment/lab4_model_training/venv/lib64/python3.12/site-packages/airflow/example_dags/example_sensor_decorator.py for tasks to queue
[2026-03-12T01:18:16.329+0000] {logging_mixin.py:190} INFO - [2026-03-12T01:18:16.328+0000] {dagbag.py:588} INFO - Filling up the DagBag from /home/ec2-user/environment/lab4_model_training/venv/lib64/python3.12/site-packages/airflow/example_dags/example_sensor_decorator.py
[2026-03-12T01:18:16.338+0000] {processor.py:925} INFO - DAG(s) 'example_sensor_decorator' retrieved from /home/ec2-user/environment/lab4_model_training/venv/lib64/python3.12/site-packages/airflow/example_dags/example_sensor_decorator.py
[2026-03-12T01:18:16.356+0000] {logging_mixin.py:190} INFO - [2026-03-12T01:18:16.356+0000] {dag.py:3239} INFO - Sync 1 DAGs
[2026-03-12T01:18:16.372+0000] {logging_mixin.py:190} INFO - [2026-03-12T01:18:16.372+0000] {dag.py:4180} INFO - Setting next_dagrun for example_sensor_decorator to None, run_after=None
[2026-03-12T01:18:16.395+0000] {processor.py:208} INFO - Processing /home/ec2-user/environment/lab4_model_training/venv/lib64/python3.12/site-packages/airflow/example_dags/example_sensor_decorator.py took 0.075 seconds
[2026-03-12T01:19:21.426+0000] {processor.py:186} INFO - Started process (PID=18413) to work on /home/ec2-user/environment/lab4_model_training/venv/lib64/python3.12/site-packages/airflow/example_dags/example_sensor_decorator.py
[2026-03-12T01:19:21.427+0000] {processor.py:914} INFO - Processing file /home/ec2-user/environment/lab4_model_training/venv/lib64/python3.12/site-packages/airflow/example_dags/example_sensor_decorator.py for tasks to queue
[2026-03-12T01:19:21.429+0000] {logging_mixin.py:190} INFO - [2026-03-12T01:19:21.429+0000] {dagbag.py:588} INFO - Filling up the DagBag from /home/ec2-user/environment/lab4_model_training/venv/lib64/python3.12/site-packages/airflow/example_dags/example_sensor_decorator.py
[2026-03-12T01:19:21.438+0000] {processor.py:925} INFO - DAG(s) 'example_sensor_decorator' retrieved from /home/ec2-user/environment/lab4_model_training/venv/lib64/python3.12/site-packages/airflow/example_dags/example_sensor_decorator.py
[2026-03-12T01:19:21.455+0000] {logging_mixin.py:190} INFO - [2026-03-12T01:19:21.455+0000] {dag.py:3239} INFO - Sync 1 DAGs
[2026-03-12T01:19:21.471+0000] {logging_mixin.py:190} INFO - [2026-03-12T01:19:21.470+0000] {dag.py:4180} INFO - Setting next_dagrun for example_sensor_decorator to None, run_after=None
[2026-03-12T01:19:21.494+0000] {processor.py:208} INFO - Processing /home/ec2-user/environment/lab4_model_training/venv/lib64/python3.12/site-packages/airflow/example_dags/example_sensor_decorator.py took 0.074 seconds
[2026-03-12T01:20:28.655+0000] {processor.py:186} INFO - Started process (PID=18719) to work on /home/ec2-user/environment/lab4_model_training/venv/lib64/python3.12/site-packages/airflow/example_dags/example_sensor_decorator.py
[2026-03-12T01:20:28.656+0000] {processor.py:914} INFO - Processing file /home/ec2-user/environment/lab4_model_training/venv/lib64/python3.12/site-packages/airflow/example_dags/example_sensor_decorator.py for tasks to queue
[2026-03-12T01:20:28.658+0000] {logging_mixin.py:190} INFO - [2026-03-12T01:20:28.658+0000] {dagbag.py:588} INFO - Filling up the DagBag from /home/ec2-user/environment/lab4_model_training/venv/lib64/python3.12/site-packages/airflow/example_dags/example_sensor_decorator.py
[2026-03-12T01:20:28.667+0000] {processor.py:925} INFO - DAG(s) 'example_sensor_decorator' retrieved from /home/ec2-user/environment/lab4_model_training/venv/lib64/python3.12/site-packages/airflow/example_dags/example_sensor_decorator.py
[2026-03-12T01:20:28.684+0000] {logging_mixin.py:190} INFO - [2026-03-12T01:20:28.684+0000] {dag.py:3239} INFO - Sync 1 DAGs
[2026-03-12T01:20:28.700+0000] {logging_mixin.py:190} INFO - [2026-03-12T01:20:28.700+0000] {dag.py:4180} INFO - Setting next_dagrun for example_sensor_decorator to None, run_after=None
[2026-03-12T01:20:28.722+0000] {processor.py:208} INFO - Processing /home/ec2-user/environment/lab4_model_training/venv/lib64/python3.12/site-packages/airflow/example_dags/example_sensor_decorator.py took 0.073 seconds
[2026-03-12T01:21:37.506+0000] {processor.py:186} INFO - Started process (PID=19002) to work on /home/ec2-user/environment/lab4_model_training/venv/lib64/python3.12/site-packages/airflow/example_dags/example_sensor_decorator.py
[2026-03-12T01:21:37.507+0000] {processor.py:914} INFO - Processing file /home/ec2-user/environment/lab4_model_training/venv/lib64/python3.12/site-packages/airflow/example_dags/example_sensor_decorator.py for tasks to queue
[2026-03-12T01:21:37.510+0000] {logging_mixin.py:190} INFO - [2026-03-12T01:21:37.510+0000] {dagbag.py:588} INFO - Filling up the DagBag from /home/ec2-user/environment/lab4_model_training/venv/lib64/python3.12/site-packages/airflow/example_dags/example_sensor_decorator.py
[2026-03-12T01:21:37.521+0000] {processor.py:925} INFO - DAG(s) 'example_sensor_decorator' retrieved from /home/ec2-user/environment/lab4_model_training/venv/lib64/python3.12/site-packages/airflow/example_dags/example_sensor_decorator.py
[2026-03-12T01:21:37.541+0000] {logging_mixin.py:190} INFO - [2026-03-12T01:21:37.541+0000] {dag.py:3239} INFO - Sync 1 DAGs
[2026-03-12T01:21:37.562+0000] {logging_mixin.py:190} INFO - [2026-03-12T01:21:37.562+0000] {dag.py:4180} INFO - Setting next_dagrun for example_sensor_decorator to None, run_after=None
[2026-03-12T01:21:37.588+0000] {processor.py:208} INFO - Processing /home/ec2-user/environment/lab4_model_training/venv/lib64/python3.12/site-packages/airflow/example_dags/example_sensor_decorator.py took 0.089 seconds
[2026-03-12T01:22:45.425+0000] {processor.py:186} INFO - Started process (PID=19297) to work on /home/ec2-user/environment/lab4_model_training/venv/lib64/python3.12/site-packages/airflow/example_dags/example_sensor_decorator.py
[2026-03-12T01:22:45.426+0000] {processor.py:914} INFO - Processing file /home/ec2-user/environment/lab4_model_training/venv/lib64/python3.12/site-packages/airflow/example_dags/example_sensor_decorator.py for tasks to queue
[2026-03-12T01:22:45.429+0000] {logging_mixin.py:190} INFO - [2026-03-12T01:22:45.428+0000] {dagbag.py:588} INFO - Filling up the DagBag from /home/ec2-user/environment/lab4_model_training/venv/lib64/python3.12/site-packages/airflow/example_dags/example_sensor_decorator.py
[2026-03-12T01:22:45.438+0000] {processor.py:925} INFO - DAG(s) 'example_sensor_decorator' retrieved from /home/ec2-user/environment/lab4_model_training/venv/lib64/python3.12/site-packages/airflow/example_dags/example_sensor_decorator.py
[2026-03-12T01:22:45.458+0000] {logging_mixin.py:190} INFO - [2026-03-12T01:22:45.457+0000] {dag.py:3239} INFO - Sync 1 DAGs
[2026-03-12T01:22:45.479+0000] {logging_mixin.py:190} INFO - [2026-03-12T01:22:45.478+0000] {dag.py:4180} INFO - Setting next_dagrun for example_sensor_decorator to None, run_after=None
[2026-03-12T01:22:45.512+0000] {processor.py:208} INFO - Processing /home/ec2-user/environment/lab4_model_training/venv/lib64/python3.12/site-packages/airflow/example_dags/example_sensor_decorator.py took 0.097 seconds
[2026-03-12T01:23:52.414+0000] {processor.py:186} INFO - Started process (PID=19558) to work on /home/ec2-user/environment/lab4_model_training/venv/lib64/python3.12/site-packages/airflow/example_dags/example_sensor_decorator.py
[2026-03-12T01:23:52.415+0000] {processor.py:914} INFO - Processing file /home/ec2-user/environment/lab4_model_training/venv/lib64/python3.12/site-packages/airflow/example_dags/example_sensor_decorator.py for tasks to queue
[2026-03-12T01:23:52.418+0000] {logging_mixin.py:190} INFO - [2026-03-12T01:23:52.417+0000] {dagbag.py:588} INFO - Filling up the DagBag from /home/ec2-user/environment/lab4_model_training/venv/lib64/python3.12/site-packages/airflow/example_dags/example_sensor_decorator.py
[2026-03-12T01:23:52.427+0000] {processor.py:925} INFO - DAG(s) 'example_sensor_decorator' retrieved from /home/ec2-user/environment/lab4_model_training/venv/lib64/python3.12/site-packages/airflow/example_dags/example_sensor_decorator.py
[2026-03-12T01:23:52.444+0000] {logging_mixin.py:190} INFO - [2026-03-12T01:23:52.443+0000] {dag.py:3239} INFO - Sync 1 DAGs
[2026-03-12T01:23:52.460+0000] {logging_mixin.py:190} INFO - [2026-03-12T01:23:52.460+0000] {dag.py:4180} INFO - Setting next_dagrun for example_sensor_decorator to None, run_after=None
[2026-03-12T01:23:52.603+0000] {processor.py:208} INFO - Processing /home/ec2-user/environment/lab4_model_training/venv/lib64/python3.12/site-packages/airflow/example_dags/example_sensor_decorator.py took 0.194 seconds
[2026-03-12T01:25:08.824+0000] {processor.py:186} INFO - Started process (PID=19908) to work on /home/ec2-user/environment/lab4_model_training/venv/lib64/python3.12/site-packages/airflow/example_dags/example_sensor_decorator.py
[2026-03-12T01:25:08.825+0000] {processor.py:914} INFO - Processing file /home/ec2-user/environment/lab4_model_training/venv/lib64/python3.12/site-packages/airflow/example_dags/example_sensor_decorator.py for tasks to queue
[2026-03-12T01:25:08.828+0000] {logging_mixin.py:190} INFO - [2026-03-12T01:25:08.827+0000] {dagbag.py:588} INFO - Filling up the DagBag from /home/ec2-user/environment/lab4_model_training/venv/lib64/python3.12/site-packages/airflow/example_dags/example_sensor_decorator.py
[2026-03-12T01:25:08.837+0000] {processor.py:925} INFO - DAG(s) 'example_sensor_decorator' retrieved from /home/ec2-user/environment/lab4_model_training/venv/lib64/python3.12/site-packages/airflow/example_dags/example_sensor_decorator.py
[2026-03-12T01:25:08.858+0000] {logging_mixin.py:190} INFO - [2026-03-12T01:25:08.857+0000] {dag.py:3239} INFO - Sync 1 DAGs
[2026-03-12T01:25:08.873+0000] {logging_mixin.py:190} INFO - [2026-03-12T01:25:08.873+0000] {dag.py:4180} INFO - Setting next_dagrun for example_sensor_decorator to None, run_after=None
[2026-03-12T01:25:08.898+0000] {processor.py:208} INFO - Processing /home/ec2-user/environment/lab4_model_training/venv/lib64/python3.12/site-packages/airflow/example_dags/example_sensor_decorator.py took 0.080 seconds
[2026-03-12T01:26:18.794+0000] {processor.py:186} INFO - Started process (PID=20164) to work on /home/ec2-user/environment/lab4_model_training/venv/lib64/python3.12/site-packages/airflow/example_dags/example_sensor_decorator.py
[2026-03-12T01:26:18.796+0000] {processor.py:914} INFO - Processing file /home/ec2-user/environment/lab4_model_training/venv/lib64/python3.12/site-packages/airflow/example_dags/example_sensor_decorator.py for tasks to queue
[2026-03-12T01:26:18.798+0000] {logging_mixin.py:190} INFO - [2026-03-12T01:26:18.797+0000] {dagbag.py:588} INFO - Filling up the DagBag from /home/ec2-user/environment/lab4_model_training/venv/lib64/python3.12/site-packages/airflow/example_dags/example_sensor_decorator.py
[2026-03-12T01:26:18.806+0000] {processor.py:925} INFO - DAG(s) 'example_sensor_decorator' retrieved from /home/ec2-user/environment/lab4_model_training/venv/lib64/python3.12/site-packages/airflow/example_dags/example_sensor_decorator.py
[2026-03-12T01:26:18.823+0000] {logging_mixin.py:190} INFO - [2026-03-12T01:26:18.823+0000] {dag.py:3239} INFO - Sync 1 DAGs
[2026-03-12T01:26:18.839+0000] {logging_mixin.py:190} INFO - [2026-03-12T01:26:18.839+0000] {dag.py:4180} INFO - Setting next_dagrun for example_sensor_decorator to None, run_after=None
[2026-03-12T01:26:18.866+0000] {processor.py:208} INFO - Processing /home/ec2-user/environment/lab4_model_training/venv/lib64/python3.12/site-packages/airflow/example_dags/example_sensor_decorator.py took 0.077 seconds
[2026-03-12T01:27:19.520+0000] {processor.py:186} INFO - Started process (PID=20449) to work on /home/ec2-user/environment/lab4_model_training/venv/lib64/python3.12/site-packages/airflow/example_dags/example_sensor_decorator.py
[2026-03-12T01:27:19.521+0000] {processor.py:914} INFO - Processing file /home/ec2-user/environment/lab4_model_training/venv/lib64/python3.12/site-packages/airflow/example_dags/example_sensor_decorator.py for tasks to queue
[2026-03-12T01:27:19.523+0000] {logging_mixin.py:190} INFO - [2026-03-12T01:27:19.523+0000] {dagbag.py:588} INFO - Filling up the DagBag from /home/ec2-user/environment/lab4_model_training/venv/lib64/python3.12/site-packages/airflow/example_dags/example_sensor_decorator.py
[2026-03-12T01:27:19.532+0000] {processor.py:925} INFO - DAG(s) 'example_sensor_decorator' retrieved from /home/ec2-user/environment/lab4_model_training/venv/lib64/python3.12/site-packages/airflow/example_dags/example_sensor_decorator.py
[2026-03-12T01:27:19.550+0000] {logging_mixin.py:190} INFO - [2026-03-12T01:27:19.549+0000] {dag.py:3239} INFO - Sync 1 DAGs
[2026-03-12T01:27:19.565+0000] {logging_mixin.py:190} INFO - [2026-03-12T01:27:19.565+0000] {dag.py:4180} INFO - Setting next_dagrun for example_sensor_decorator to None, run_after=None
[2026-03-12T01:27:19.587+0000] {processor.py:208} INFO - Processing /home/ec2-user/environment/lab4_model_training/venv/lib64/python3.12/site-packages/airflow/example_dags/example_sensor_decorator.py took 0.073 seconds
[2026-03-12T01:28:21.127+0000] {processor.py:186} INFO - Started process (PID=20684) to work on /home/ec2-user/environment/lab4_model_training/venv/lib64/python3.12/site-packages/airflow/example_dags/example_sensor_decorator.py
[2026-03-12T01:28:21.128+0000] {processor.py:914} INFO - Processing file /home/ec2-user/environment/lab4_model_training/venv/lib64/python3.12/site-packages/airflow/example_dags/example_sensor_decorator.py for tasks to queue
[2026-03-12T01:28:21.130+0000] {logging_mixin.py:190} INFO - [2026-03-12T01:28:21.130+0000] {dagbag.py:588} INFO - Filling up the DagBag from /home/ec2-user/environment/lab4_model_training/venv/lib64/python3.12/site-packages/airflow/example_dags/example_sensor_decorator.py
[2026-03-12T01:28:21.139+0000] {processor.py:925} INFO - DAG(s) 'example_sensor_decorator' retrieved from /home/ec2-user/environment/lab4_model_training/venv/lib64/python3.12/site-packages/airflow/example_dags/example_sensor_decorator.py
[2026-03-12T01:28:21.156+0000] {logging_mixin.py:190} INFO - [2026-03-12T01:28:21.156+0000] {dag.py:3239} INFO - Sync 1 DAGs
[2026-03-12T01:28:21.173+0000] {logging_mixin.py:190} INFO - [2026-03-12T01:28:21.172+0000] {dag.py:4180} INFO - Setting next_dagrun for example_sensor_decorator to None, run_after=None
[2026-03-12T01:28:21.198+0000] {processor.py:208} INFO - Processing /home/ec2-user/environment/lab4_model_training/venv/lib64/python3.12/site-packages/airflow/example_dags/example_sensor_decorator.py took 0.077 seconds
[2026-03-12T01:29:23.978+0000] {processor.py:186} INFO - Started process (PID=20990) to work on /home/ec2-user/environment/lab4_model_training/venv/lib64/python3.12/site-packages/airflow/example_dags/example_sensor_decorator.py
[2026-03-12T01:29:23.979+0000] {processor.py:914} INFO - Processing file /home/ec2-user/environment/lab4_model_training/venv/lib64/python3.12/site-packages/airflow/example_dags/example_sensor_decorator.py for tasks to queue
[2026-03-12T01:29:23.982+0000] {logging_mixin.py:190} INFO - [2026-03-12T01:29:23.982+0000] {dagbag.py:588} INFO - Filling up the DagBag from /home/ec2-user/environment/lab4_model_training/venv/lib64/python3.12/site-packages/airflow/example_dags/example_sensor_decorator.py
[2026-03-12T01:29:23.992+0000] {processor.py:925} INFO - DAG(s) 'example_sensor_decorator' retrieved from /home/ec2-user/environment/lab4_model_training/venv/lib64/python3.12/site-packages/airflow/example_dags/example_sensor_decorator.py
[2026-03-12T01:29:24.010+0000] {logging_mixin.py:190} INFO - [2026-03-12T01:29:24.009+0000] {dag.py:3239} INFO - Sync 1 DAGs
[2026-03-12T01:29:24.026+0000] {logging_mixin.py:190} INFO - [2026-03-12T01:29:24.026+0000] {dag.py:4180} INFO - Setting next_dagrun for example_sensor_decorator to None, run_after=None
[2026-03-12T01:29:24.049+0000] {processor.py:208} INFO - Processing /home/ec2-user/environment/lab4_model_training/venv/lib64/python3.12/site-packages/airflow/example_dags/example_sensor_decorator.py took 0.076 seconds
[2026-03-12T01:30:24.115+0000] {processor.py:186} INFO - Started process (PID=21378) to work on /home/ec2-user/environment/lab4_model_training/venv/lib64/python3.12/site-packages/airflow/example_dags/example_sensor_decorator.py
[2026-03-12T01:30:24.116+0000] {processor.py:914} INFO - Processing file /home/ec2-user/environment/lab4_model_training/venv/lib64/python3.12/site-packages/airflow/example_dags/example_sensor_decorator.py for tasks to queue
[2026-03-12T01:30:24.118+0000] {logging_mixin.py:190} INFO - [2026-03-12T01:30:24.118+0000] {dagbag.py:588} INFO - Filling up the DagBag from /home/ec2-user/environment/lab4_model_training/venv/lib64/python3.12/site-packages/airflow/example_dags/example_sensor_decorator.py
[2026-03-12T01:30:24.127+0000] {processor.py:925} INFO - DAG(s) 'example_sensor_decorator' retrieved from /home/ec2-user/environment/lab4_model_training/venv/lib64/python3.12/site-packages/airflow/example_dags/example_sensor_decorator.py
[2026-03-12T01:30:24.144+0000] {logging_mixin.py:190} INFO - [2026-03-12T01:30:24.144+0000] {dag.py:3239} INFO - Sync 1 DAGs
[2026-03-12T01:30:24.160+0000] {logging_mixin.py:190} INFO - [2026-03-12T01:30:24.160+0000] {dag.py:4180} INFO - Setting next_dagrun for example_sensor_decorator to None, run_after=None
[2026-03-12T01:30:24.182+0000] {processor.py:208} INFO - Processing /home/ec2-user/environment/lab4_model_training/venv/lib64/python3.12/site-packages/airflow/example_dags/example_sensor_decorator.py took 0.073 seconds
[2026-03-12T01:31:26.837+0000] {processor.py:186} INFO - Started process (PID=21615) to work on /home/ec2-user/environment/lab4_model_training/venv/lib64/python3.12/site-packages/airflow/example_dags/example_sensor_decorator.py
[2026-03-12T01:31:26.842+0000] {processor.py:914} INFO - Processing file /home/ec2-user/environment/lab4_model_training/venv/lib64/python3.12/site-packages/airflow/example_dags/example_sensor_decorator.py for tasks to queue
[2026-03-12T01:31:26.844+0000] {logging_mixin.py:190} INFO - [2026-03-12T01:31:26.844+0000] {dagbag.py:588} INFO - Filling up the DagBag from /home/ec2-user/environment/lab4_model_training/venv/lib64/python3.12/site-packages/airflow/example_dags/example_sensor_decorator.py
[2026-03-12T01:31:26.857+0000] {processor.py:925} INFO - DAG(s) 'example_sensor_decorator' retrieved from /home/ec2-user/environment/lab4_model_training/venv/lib64/python3.12/site-packages/airflow/example_dags/example_sensor_decorator.py
[2026-03-12T01:31:26.876+0000] {logging_mixin.py:190} INFO - [2026-03-12T01:31:26.876+0000] {dag.py:3239} INFO - Sync 1 DAGs
[2026-03-12T01:31:26.895+0000] {logging_mixin.py:190} INFO - [2026-03-12T01:31:26.895+0000] {dag.py:4180} INFO - Setting next_dagrun for example_sensor_decorator to None, run_after=None
[2026-03-12T01:31:26.934+0000] {processor.py:208} INFO - Processing /home/ec2-user/environment/lab4_model_training/venv/lib64/python3.12/site-packages/airflow/example_dags/example_sensor_decorator.py took 0.116 seconds
[2026-03-12T01:32:26.673+0000] {processor.py:186} INFO - Started process (PID=21898) to work on /home/ec2-user/environment/lab4_model_training/venv/lib64/python3.12/site-packages/airflow/example_dags/example_sensor_decorator.py
[2026-03-12T01:32:26.674+0000] {processor.py:914} INFO - Processing file /home/ec2-user/environment/lab4_model_training/venv/lib64/python3.12/site-packages/airflow/example_dags/example_sensor_decorator.py for tasks to queue
[2026-03-12T01:32:26.676+0000] {logging_mixin.py:190} INFO - [2026-03-12T01:32:26.676+0000] {dagbag.py:588} INFO - Filling up the DagBag from /home/ec2-user/environment/lab4_model_training/venv/lib64/python3.12/site-packages/airflow/example_dags/example_sensor_decorator.py
[2026-03-12T01:32:26.685+0000] {processor.py:925} INFO - DAG(s) 'example_sensor_decorator' retrieved from /home/ec2-user/environment/lab4_model_training/venv/lib64/python3.12/site-packages/airflow/example_dags/example_sensor_decorator.py
[2026-03-12T01:32:26.702+0000] {logging_mixin.py:190} INFO - [2026-03-12T01:32:26.702+0000] {dag.py:3239} INFO - Sync 1 DAGs
[2026-03-12T01:32:26.716+0000] {logging_mixin.py:190} INFO - [2026-03-12T01:32:26.716+0000] {dag.py:4180} INFO - Setting next_dagrun for example_sensor_decorator to None, run_after=None
[2026-03-12T01:32:26.741+0000] {processor.py:208} INFO - Processing /home/ec2-user/environment/lab4_model_training/venv/lib64/python3.12/site-packages/airflow/example_dags/example_sensor_decorator.py took 0.074 seconds
[2026-03-12T01:33:26.641+0000] {processor.py:186} INFO - Started process (PID=22117) to work on /home/ec2-user/environment/lab4_model_training/venv/lib64/python3.12/site-packages/airflow/example_dags/example_sensor_decorator.py
[2026-03-12T01:33:26.643+0000] {processor.py:914} INFO - Processing file /home/ec2-user/environment/lab4_model_training/venv/lib64/python3.12/site-packages/airflow/example_dags/example_sensor_decorator.py for tasks to queue
[2026-03-12T01:33:26.646+0000] {logging_mixin.py:190} INFO - [2026-03-12T01:33:26.645+0000] {dagbag.py:588} INFO - Filling up the DagBag from /home/ec2-user/environment/lab4_model_training/venv/lib64/python3.12/site-packages/airflow/example_dags/example_sensor_decorator.py
[2026-03-12T01:33:26.655+0000] {processor.py:925} INFO - DAG(s) 'example_sensor_decorator' retrieved from /home/ec2-user/environment/lab4_model_training/venv/lib64/python3.12/site-packages/airflow/example_dags/example_sensor_decorator.py
[2026-03-12T01:33:26.674+0000] {logging_mixin.py:190} INFO - [2026-03-12T01:33:26.673+0000] {dag.py:3239} INFO - Sync 1 DAGs
[2026-03-12T01:33:26.690+0000] {logging_mixin.py:190} INFO - [2026-03-12T01:33:26.689+0000] {dag.py:4180} INFO - Setting next_dagrun for example_sensor_decorator to None, run_after=None
[2026-03-12T01:33:26.715+0000] {processor.py:208} INFO - Processing /home/ec2-user/environment/lab4_model_training/venv/lib64/python3.12/site-packages/airflow/example_dags/example_sensor_decorator.py took 0.079 seconds
