[2026-03-12T00:36:00.346+0000] {processor.py:186} INFO - Started process (PID=6946) to work on /home/ec2-user/environment/lab4_model_training/venv/lib64/python3.12/site-packages/airflow/example_dags/example_bash_operator.py
[2026-03-12T00:36:00.347+0000] {processor.py:914} INFO - Processing file /home/ec2-user/environment/lab4_model_training/venv/lib64/python3.12/site-packages/airflow/example_dags/example_bash_operator.py for tasks to queue
[2026-03-12T00:36:00.350+0000] {logging_mixin.py:190} INFO - [2026-03-12T00:36:00.349+0000] {dagbag.py:588} INFO - Filling up the DagBag from /home/ec2-user/environment/lab4_model_training/venv/lib64/python3.12/site-packages/airflow/example_dags/example_bash_operator.py
[2026-03-12T00:36:00.369+0000] {processor.py:925} INFO - DAG(s) 'example_bash_operator' retrieved from /home/ec2-user/environment/lab4_model_training/venv/lib64/python3.12/site-packages/airflow/example_dags/example_bash_operator.py
[2026-03-12T00:36:00.472+0000] {logging_mixin.py:190} INFO - [2026-03-12T00:36:00.471+0000] {override.py:1930} INFO - Created Permission View: can read on DAG:example_bash_operator
[2026-03-12T00:36:00.486+0000] {logging_mixin.py:190} INFO - [2026-03-12T00:36:00.485+0000] {override.py:1930} INFO - Created Permission View: can delete on DAG:example_bash_operator
[2026-03-12T00:36:00.496+0000] {logging_mixin.py:190} INFO - [2026-03-12T00:36:00.496+0000] {override.py:1930} INFO - Created Permission View: can edit on DAG:example_bash_operator
[2026-03-12T00:36:00.511+0000] {logging_mixin.py:190} INFO - [2026-03-12T00:36:00.511+0000] {override.py:1930} INFO - Created Permission View: can read on DAG Run:example_bash_operator
[2026-03-12T00:36:00.520+0000] {logging_mixin.py:190} INFO - [2026-03-12T00:36:00.520+0000] {override.py:1930} INFO - Created Permission View: menu access on DAG Run:example_bash_operator
[2026-03-12T00:36:00.530+0000] {logging_mixin.py:190} INFO - [2026-03-12T00:36:00.529+0000] {override.py:1930} INFO - Created Permission View: can create on DAG Run:example_bash_operator
[2026-03-12T00:36:00.539+0000] {logging_mixin.py:190} INFO - [2026-03-12T00:36:00.539+0000] {override.py:1930} INFO - Created Permission View: can delete on DAG Run:example_bash_operator
[2026-03-12T00:36:00.540+0000] {logging_mixin.py:190} INFO - [2026-03-12T00:36:00.539+0000] {dag.py:3239} INFO - Sync 1 DAGs
[2026-03-12T00:36:00.559+0000] {logging_mixin.py:190} INFO - [2026-03-12T00:36:00.559+0000] {dag.py:3262} INFO - Creating ORM DAG for example_bash_operator
[2026-03-12T00:36:00.572+0000] {logging_mixin.py:190} INFO - [2026-03-12T00:36:00.572+0000] {dag.py:4180} INFO - Setting next_dagrun for example_bash_operator to 2026-03-11 00:00:00+00:00, run_after=2026-03-12 00:00:00+00:00
[2026-03-12T00:36:00.595+0000] {processor.py:208} INFO - Processing /home/ec2-user/environment/lab4_model_training/venv/lib64/python3.12/site-packages/airflow/example_dags/example_bash_operator.py took 0.256 seconds
[2026-03-12T00:39:31.639+0000] {processor.py:186} INFO - Started process (PID=7859) to work on /home/ec2-user/environment/lab4_model_training/venv/lib64/python3.12/site-packages/airflow/example_dags/example_bash_operator.py
[2026-03-12T00:39:31.640+0000] {processor.py:914} INFO - Processing file /home/ec2-user/environment/lab4_model_training/venv/lib64/python3.12/site-packages/airflow/example_dags/example_bash_operator.py for tasks to queue
[2026-03-12T00:39:31.643+0000] {logging_mixin.py:190} INFO - [2026-03-12T00:39:31.643+0000] {dagbag.py:588} INFO - Filling up the DagBag from /home/ec2-user/environment/lab4_model_training/venv/lib64/python3.12/site-packages/airflow/example_dags/example_bash_operator.py
[2026-03-12T00:39:31.668+0000] {processor.py:925} INFO - DAG(s) 'example_bash_operator' retrieved from /home/ec2-user/environment/lab4_model_training/venv/lib64/python3.12/site-packages/airflow/example_dags/example_bash_operator.py
[2026-03-12T00:39:31.690+0000] {logging_mixin.py:190} INFO - [2026-03-12T00:39:31.690+0000] {dag.py:3239} INFO - Sync 1 DAGs
[2026-03-12T00:39:31.713+0000] {logging_mixin.py:190} INFO - [2026-03-12T00:39:31.713+0000] {dag.py:4180} INFO - Setting next_dagrun for example_bash_operator to 2026-03-11 00:00:00+00:00, run_after=2026-03-12 00:00:00+00:00
[2026-03-12T00:39:31.737+0000] {processor.py:208} INFO - Processing /home/ec2-user/environment/lab4_model_training/venv/lib64/python3.12/site-packages/airflow/example_dags/example_bash_operator.py took 0.103 seconds
[2026-03-12T00:40:34.014+0000] {processor.py:186} INFO - Started process (PID=8099) to work on /home/ec2-user/environment/lab4_model_training/venv/lib64/python3.12/site-packages/airflow/example_dags/example_bash_operator.py
[2026-03-12T00:40:34.015+0000] {processor.py:914} INFO - Processing file /home/ec2-user/environment/lab4_model_training/venv/lib64/python3.12/site-packages/airflow/example_dags/example_bash_operator.py for tasks to queue
[2026-03-12T00:40:34.017+0000] {logging_mixin.py:190} INFO - [2026-03-12T00:40:34.017+0000] {dagbag.py:588} INFO - Filling up the DagBag from /home/ec2-user/environment/lab4_model_training/venv/lib64/python3.12/site-packages/airflow/example_dags/example_bash_operator.py
[2026-03-12T00:40:34.033+0000] {processor.py:925} INFO - DAG(s) 'example_bash_operator' retrieved from /home/ec2-user/environment/lab4_model_training/venv/lib64/python3.12/site-packages/airflow/example_dags/example_bash_operator.py
[2026-03-12T00:40:34.062+0000] {logging_mixin.py:190} INFO - [2026-03-12T00:40:34.061+0000] {dag.py:3239} INFO - Sync 1 DAGs
[2026-03-12T00:40:34.082+0000] {logging_mixin.py:190} INFO - [2026-03-12T00:40:34.082+0000] {dag.py:4180} INFO - Setting next_dagrun for example_bash_operator to 2026-03-11 00:00:00+00:00, run_after=2026-03-12 00:00:00+00:00
[2026-03-12T00:40:34.105+0000] {processor.py:208} INFO - Processing /home/ec2-user/environment/lab4_model_training/venv/lib64/python3.12/site-packages/airflow/example_dags/example_bash_operator.py took 0.095 seconds
[2026-03-12T00:41:36.656+0000] {processor.py:186} INFO - Started process (PID=8384) to work on /home/ec2-user/environment/lab4_model_training/venv/lib64/python3.12/site-packages/airflow/example_dags/example_bash_operator.py
[2026-03-12T00:41:36.657+0000] {processor.py:914} INFO - Processing file /home/ec2-user/environment/lab4_model_training/venv/lib64/python3.12/site-packages/airflow/example_dags/example_bash_operator.py for tasks to queue
[2026-03-12T00:41:36.660+0000] {logging_mixin.py:190} INFO - [2026-03-12T00:41:36.659+0000] {dagbag.py:588} INFO - Filling up the DagBag from /home/ec2-user/environment/lab4_model_training/venv/lib64/python3.12/site-packages/airflow/example_dags/example_bash_operator.py
[2026-03-12T00:41:36.677+0000] {processor.py:925} INFO - DAG(s) 'example_bash_operator' retrieved from /home/ec2-user/environment/lab4_model_training/venv/lib64/python3.12/site-packages/airflow/example_dags/example_bash_operator.py
[2026-03-12T00:41:36.705+0000] {logging_mixin.py:190} INFO - [2026-03-12T00:41:36.705+0000] {dag.py:3239} INFO - Sync 1 DAGs
[2026-03-12T00:41:36.726+0000] {logging_mixin.py:190} INFO - [2026-03-12T00:41:36.726+0000] {dag.py:4180} INFO - Setting next_dagrun for example_bash_operator to 2026-03-11 00:00:00+00:00, run_after=2026-03-12 00:00:00+00:00
[2026-03-12T00:41:36.748+0000] {processor.py:208} INFO - Processing /home/ec2-user/environment/lab4_model_training/venv/lib64/python3.12/site-packages/airflow/example_dags/example_bash_operator.py took 0.097 seconds
[2026-03-12T00:42:38.156+0000] {processor.py:186} INFO - Started process (PID=8680) to work on /home/ec2-user/environment/lab4_model_training/venv/lib64/python3.12/site-packages/airflow/example_dags/example_bash_operator.py
[2026-03-12T00:42:38.157+0000] {processor.py:914} INFO - Processing file /home/ec2-user/environment/lab4_model_training/venv/lib64/python3.12/site-packages/airflow/example_dags/example_bash_operator.py for tasks to queue
[2026-03-12T00:42:38.159+0000] {logging_mixin.py:190} INFO - [2026-03-12T00:42:38.159+0000] {dagbag.py:588} INFO - Filling up the DagBag from /home/ec2-user/environment/lab4_model_training/venv/lib64/python3.12/site-packages/airflow/example_dags/example_bash_operator.py
[2026-03-12T00:42:38.176+0000] {processor.py:925} INFO - DAG(s) 'example_bash_operator' retrieved from /home/ec2-user/environment/lab4_model_training/venv/lib64/python3.12/site-packages/airflow/example_dags/example_bash_operator.py
[2026-03-12T00:42:38.201+0000] {logging_mixin.py:190} INFO - [2026-03-12T00:42:38.201+0000] {dag.py:3239} INFO - Sync 1 DAGs
[2026-03-12T00:42:38.223+0000] {logging_mixin.py:190} INFO - [2026-03-12T00:42:38.223+0000] {dag.py:4180} INFO - Setting next_dagrun for example_bash_operator to 2026-03-11 00:00:00+00:00, run_after=2026-03-12 00:00:00+00:00
[2026-03-12T00:42:38.246+0000] {processor.py:208} INFO - Processing /home/ec2-user/environment/lab4_model_training/venv/lib64/python3.12/site-packages/airflow/example_dags/example_bash_operator.py took 0.094 seconds
[2026-03-12T00:44:44.572+0000] {processor.py:186} INFO - Started process (PID=9253) to work on /home/ec2-user/environment/lab4_model_training/venv/lib64/python3.12/site-packages/airflow/example_dags/example_bash_operator.py
[2026-03-12T00:44:44.574+0000] {processor.py:914} INFO - Processing file /home/ec2-user/environment/lab4_model_training/venv/lib64/python3.12/site-packages/airflow/example_dags/example_bash_operator.py for tasks to queue
[2026-03-12T00:44:44.577+0000] {logging_mixin.py:190} INFO - [2026-03-12T00:44:44.576+0000] {dagbag.py:588} INFO - Filling up the DagBag from /home/ec2-user/environment/lab4_model_training/venv/lib64/python3.12/site-packages/airflow/example_dags/example_bash_operator.py
[2026-03-12T00:44:44.595+0000] {processor.py:925} INFO - DAG(s) 'example_bash_operator' retrieved from /home/ec2-user/environment/lab4_model_training/venv/lib64/python3.12/site-packages/airflow/example_dags/example_bash_operator.py
[2026-03-12T00:44:44.623+0000] {logging_mixin.py:190} INFO - [2026-03-12T00:44:44.622+0000] {dag.py:3239} INFO - Sync 1 DAGs
[2026-03-12T00:44:44.649+0000] {logging_mixin.py:190} INFO - [2026-03-12T00:44:44.648+0000] {dag.py:4180} INFO - Setting next_dagrun for example_bash_operator to 2026-03-11 00:00:00+00:00, run_after=2026-03-12 00:00:00+00:00
[2026-03-12T00:44:44.672+0000] {processor.py:208} INFO - Processing /home/ec2-user/environment/lab4_model_training/venv/lib64/python3.12/site-packages/airflow/example_dags/example_bash_operator.py took 0.104 seconds
[2026-03-12T00:46:32.997+0000] {processor.py:186} INFO - Started process (PID=9708) to work on /home/ec2-user/environment/lab4_model_training/venv/lib64/python3.12/site-packages/airflow/example_dags/example_bash_operator.py
[2026-03-12T00:46:32.998+0000] {processor.py:914} INFO - Processing file /home/ec2-user/environment/lab4_model_training/venv/lib64/python3.12/site-packages/airflow/example_dags/example_bash_operator.py for tasks to queue
[2026-03-12T00:46:33.001+0000] {logging_mixin.py:190} INFO - [2026-03-12T00:46:33.000+0000] {dagbag.py:588} INFO - Filling up the DagBag from /home/ec2-user/environment/lab4_model_training/venv/lib64/python3.12/site-packages/airflow/example_dags/example_bash_operator.py
[2026-03-12T00:46:33.017+0000] {processor.py:925} INFO - DAG(s) 'example_bash_operator' retrieved from /home/ec2-user/environment/lab4_model_training/venv/lib64/python3.12/site-packages/airflow/example_dags/example_bash_operator.py
[2026-03-12T00:46:33.046+0000] {logging_mixin.py:190} INFO - [2026-03-12T00:46:33.045+0000] {dag.py:3239} INFO - Sync 1 DAGs
[2026-03-12T00:46:33.068+0000] {logging_mixin.py:190} INFO - [2026-03-12T00:46:33.068+0000] {dag.py:4180} INFO - Setting next_dagrun for example_bash_operator to 2026-03-11 00:00:00+00:00, run_after=2026-03-12 00:00:00+00:00
[2026-03-12T00:46:33.091+0000] {processor.py:208} INFO - Processing /home/ec2-user/environment/lab4_model_training/venv/lib64/python3.12/site-packages/airflow/example_dags/example_bash_operator.py took 0.098 seconds
[2026-03-12T00:48:14.463+0000] {processor.py:186} INFO - Started process (PID=10165) to work on /home/ec2-user/environment/lab4_model_training/venv/lib64/python3.12/site-packages/airflow/example_dags/example_bash_operator.py
[2026-03-12T00:48:14.465+0000] {processor.py:914} INFO - Processing file /home/ec2-user/environment/lab4_model_training/venv/lib64/python3.12/site-packages/airflow/example_dags/example_bash_operator.py for tasks to queue
[2026-03-12T00:48:14.468+0000] {logging_mixin.py:190} INFO - [2026-03-12T00:48:14.467+0000] {dagbag.py:588} INFO - Filling up the DagBag from /home/ec2-user/environment/lab4_model_training/venv/lib64/python3.12/site-packages/airflow/example_dags/example_bash_operator.py
[2026-03-12T00:48:14.485+0000] {processor.py:925} INFO - DAG(s) 'example_bash_operator' retrieved from /home/ec2-user/environment/lab4_model_training/venv/lib64/python3.12/site-packages/airflow/example_dags/example_bash_operator.py
[2026-03-12T00:48:14.515+0000] {logging_mixin.py:190} INFO - [2026-03-12T00:48:14.515+0000] {dag.py:3239} INFO - Sync 1 DAGs
[2026-03-12T00:48:14.536+0000] {logging_mixin.py:190} INFO - [2026-03-12T00:48:14.536+0000] {dag.py:4180} INFO - Setting next_dagrun for example_bash_operator to 2026-03-11 00:00:00+00:00, run_after=2026-03-12 00:00:00+00:00
[2026-03-12T00:48:14.559+0000] {processor.py:208} INFO - Processing /home/ec2-user/environment/lab4_model_training/venv/lib64/python3.12/site-packages/airflow/example_dags/example_bash_operator.py took 0.100 seconds
[2026-03-12T00:49:22.280+0000] {processor.py:186} INFO - Started process (PID=10450) to work on /home/ec2-user/environment/lab4_model_training/venv/lib64/python3.12/site-packages/airflow/example_dags/example_bash_operator.py
[2026-03-12T00:49:22.281+0000] {processor.py:914} INFO - Processing file /home/ec2-user/environment/lab4_model_training/venv/lib64/python3.12/site-packages/airflow/example_dags/example_bash_operator.py for tasks to queue
[2026-03-12T00:49:22.284+0000] {logging_mixin.py:190} INFO - [2026-03-12T00:49:22.284+0000] {dagbag.py:588} INFO - Filling up the DagBag from /home/ec2-user/environment/lab4_model_training/venv/lib64/python3.12/site-packages/airflow/example_dags/example_bash_operator.py
[2026-03-12T00:49:22.302+0000] {processor.py:925} INFO - DAG(s) 'example_bash_operator' retrieved from /home/ec2-user/environment/lab4_model_training/venv/lib64/python3.12/site-packages/airflow/example_dags/example_bash_operator.py
[2026-03-12T00:49:22.329+0000] {logging_mixin.py:190} INFO - [2026-03-12T00:49:22.329+0000] {dag.py:3239} INFO - Sync 1 DAGs
[2026-03-12T00:49:22.350+0000] {logging_mixin.py:190} INFO - [2026-03-12T00:49:22.350+0000] {dag.py:4180} INFO - Setting next_dagrun for example_bash_operator to 2026-03-11 00:00:00+00:00, run_after=2026-03-12 00:00:00+00:00
[2026-03-12T00:49:22.373+0000] {processor.py:208} INFO - Processing /home/ec2-user/environment/lab4_model_training/venv/lib64/python3.12/site-packages/airflow/example_dags/example_bash_operator.py took 0.098 seconds
[2026-03-12T00:50:27.578+0000] {processor.py:186} INFO - Started process (PID=10759) to work on /home/ec2-user/environment/lab4_model_training/venv/lib64/python3.12/site-packages/airflow/example_dags/example_bash_operator.py
[2026-03-12T00:50:27.580+0000] {processor.py:914} INFO - Processing file /home/ec2-user/environment/lab4_model_training/venv/lib64/python3.12/site-packages/airflow/example_dags/example_bash_operator.py for tasks to queue
[2026-03-12T00:50:27.582+0000] {logging_mixin.py:190} INFO - [2026-03-12T00:50:27.581+0000] {dagbag.py:588} INFO - Filling up the DagBag from /home/ec2-user/environment/lab4_model_training/venv/lib64/python3.12/site-packages/airflow/example_dags/example_bash_operator.py
[2026-03-12T00:50:27.598+0000] {processor.py:925} INFO - DAG(s) 'example_bash_operator' retrieved from /home/ec2-user/environment/lab4_model_training/venv/lib64/python3.12/site-packages/airflow/example_dags/example_bash_operator.py
[2026-03-12T00:50:27.621+0000] {logging_mixin.py:190} INFO - [2026-03-12T00:50:27.621+0000] {dag.py:3239} INFO - Sync 1 DAGs
[2026-03-12T00:50:27.642+0000] {logging_mixin.py:190} INFO - [2026-03-12T00:50:27.642+0000] {dag.py:4180} INFO - Setting next_dagrun for example_bash_operator to 2026-03-11 00:00:00+00:00, run_after=2026-03-12 00:00:00+00:00
[2026-03-12T00:50:27.664+0000] {processor.py:208} INFO - Processing /home/ec2-user/environment/lab4_model_training/venv/lib64/python3.12/site-packages/airflow/example_dags/example_bash_operator.py took 0.090 seconds
[2026-03-12T00:51:26.865+0000] {processor.py:186} INFO - Started process (PID=11070) to work on /home/ec2-user/environment/lab4_model_training/venv/lib64/python3.12/site-packages/airflow/example_dags/example_bash_operator.py
[2026-03-12T00:51:26.876+0000] {processor.py:914} INFO - Processing file /home/ec2-user/environment/lab4_model_training/venv/lib64/python3.12/site-packages/airflow/example_dags/example_bash_operator.py for tasks to queue
[2026-03-12T00:51:26.878+0000] {logging_mixin.py:190} INFO - [2026-03-12T00:51:26.878+0000] {dagbag.py:588} INFO - Filling up the DagBag from /home/ec2-user/environment/lab4_model_training/venv/lib64/python3.12/site-packages/airflow/example_dags/example_bash_operator.py
[2026-03-12T00:51:26.906+0000] {processor.py:925} INFO - DAG(s) 'example_bash_operator' retrieved from /home/ec2-user/environment/lab4_model_training/venv/lib64/python3.12/site-packages/airflow/example_dags/example_bash_operator.py
[2026-03-12T00:51:26.957+0000] {logging_mixin.py:190} INFO - [2026-03-12T00:51:26.957+0000] {dag.py:3239} INFO - Sync 1 DAGs
[2026-03-12T00:51:26.992+0000] {logging_mixin.py:190} INFO - [2026-03-12T00:51:26.992+0000] {dag.py:4180} INFO - Setting next_dagrun for example_bash_operator to 2026-03-11 00:00:00+00:00, run_after=2026-03-12 00:00:00+00:00
[2026-03-12T00:51:27.023+0000] {processor.py:208} INFO - Processing /home/ec2-user/environment/lab4_model_training/venv/lib64/python3.12/site-packages/airflow/example_dags/example_bash_operator.py took 0.165 seconds
[2026-03-12T00:52:27.164+0000] {processor.py:186} INFO - Started process (PID=11352) to work on /home/ec2-user/environment/lab4_model_training/venv/lib64/python3.12/site-packages/airflow/example_dags/example_bash_operator.py
[2026-03-12T00:52:27.166+0000] {processor.py:914} INFO - Processing file /home/ec2-user/environment/lab4_model_training/venv/lib64/python3.12/site-packages/airflow/example_dags/example_bash_operator.py for tasks to queue
[2026-03-12T00:52:27.168+0000] {logging_mixin.py:190} INFO - [2026-03-12T00:52:27.167+0000] {dagbag.py:588} INFO - Filling up the DagBag from /home/ec2-user/environment/lab4_model_training/venv/lib64/python3.12/site-packages/airflow/example_dags/example_bash_operator.py
[2026-03-12T00:52:27.184+0000] {processor.py:925} INFO - DAG(s) 'example_bash_operator' retrieved from /home/ec2-user/environment/lab4_model_training/venv/lib64/python3.12/site-packages/airflow/example_dags/example_bash_operator.py
[2026-03-12T00:52:27.216+0000] {logging_mixin.py:190} INFO - [2026-03-12T00:52:27.216+0000] {dag.py:3239} INFO - Sync 1 DAGs
[2026-03-12T00:52:27.246+0000] {logging_mixin.py:190} INFO - [2026-03-12T00:52:27.246+0000] {dag.py:4180} INFO - Setting next_dagrun for example_bash_operator to 2026-03-11 00:00:00+00:00, run_after=2026-03-12 00:00:00+00:00
[2026-03-12T00:52:27.276+0000] {processor.py:208} INFO - Processing /home/ec2-user/environment/lab4_model_training/venv/lib64/python3.12/site-packages/airflow/example_dags/example_bash_operator.py took 0.116 seconds
[2026-03-12T00:53:27.876+0000] {processor.py:186} INFO - Started process (PID=11607) to work on /home/ec2-user/environment/lab4_model_training/venv/lib64/python3.12/site-packages/airflow/example_dags/example_bash_operator.py
[2026-03-12T00:53:27.877+0000] {processor.py:914} INFO - Processing file /home/ec2-user/environment/lab4_model_training/venv/lib64/python3.12/site-packages/airflow/example_dags/example_bash_operator.py for tasks to queue
[2026-03-12T00:53:27.880+0000] {logging_mixin.py:190} INFO - [2026-03-12T00:53:27.880+0000] {dagbag.py:588} INFO - Filling up the DagBag from /home/ec2-user/environment/lab4_model_training/venv/lib64/python3.12/site-packages/airflow/example_dags/example_bash_operator.py
[2026-03-12T00:53:27.897+0000] {processor.py:925} INFO - DAG(s) 'example_bash_operator' retrieved from /home/ec2-user/environment/lab4_model_training/venv/lib64/python3.12/site-packages/airflow/example_dags/example_bash_operator.py
[2026-03-12T00:53:27.926+0000] {logging_mixin.py:190} INFO - [2026-03-12T00:53:27.926+0000] {dag.py:3239} INFO - Sync 1 DAGs
[2026-03-12T00:53:27.947+0000] {logging_mixin.py:190} INFO - [2026-03-12T00:53:27.947+0000] {dag.py:4180} INFO - Setting next_dagrun for example_bash_operator to 2026-03-11 00:00:00+00:00, run_after=2026-03-12 00:00:00+00:00
[2026-03-12T00:53:27.970+0000] {processor.py:208} INFO - Processing /home/ec2-user/environment/lab4_model_training/venv/lib64/python3.12/site-packages/airflow/example_dags/example_bash_operator.py took 0.100 seconds
[2026-03-12T00:54:28.093+0000] {processor.py:186} INFO - Started process (PID=11881) to work on /home/ec2-user/environment/lab4_model_training/venv/lib64/python3.12/site-packages/airflow/example_dags/example_bash_operator.py
[2026-03-12T00:54:28.094+0000] {processor.py:914} INFO - Processing file /home/ec2-user/environment/lab4_model_training/venv/lib64/python3.12/site-packages/airflow/example_dags/example_bash_operator.py for tasks to queue
[2026-03-12T00:54:28.096+0000] {logging_mixin.py:190} INFO - [2026-03-12T00:54:28.096+0000] {dagbag.py:588} INFO - Filling up the DagBag from /home/ec2-user/environment/lab4_model_training/venv/lib64/python3.12/site-packages/airflow/example_dags/example_bash_operator.py
[2026-03-12T00:54:28.113+0000] {processor.py:925} INFO - DAG(s) 'example_bash_operator' retrieved from /home/ec2-user/environment/lab4_model_training/venv/lib64/python3.12/site-packages/airflow/example_dags/example_bash_operator.py
[2026-03-12T00:54:28.141+0000] {logging_mixin.py:190} INFO - [2026-03-12T00:54:28.141+0000] {dag.py:3239} INFO - Sync 1 DAGs
[2026-03-12T00:54:28.163+0000] {logging_mixin.py:190} INFO - [2026-03-12T00:54:28.163+0000] {dag.py:4180} INFO - Setting next_dagrun for example_bash_operator to 2026-03-11 00:00:00+00:00, run_after=2026-03-12 00:00:00+00:00
[2026-03-12T00:54:28.185+0000] {processor.py:208} INFO - Processing /home/ec2-user/environment/lab4_model_training/venv/lib64/python3.12/site-packages/airflow/example_dags/example_bash_operator.py took 0.098 seconds
[2026-03-12T00:55:30.813+0000] {processor.py:186} INFO - Started process (PID=12116) to work on /home/ec2-user/environment/lab4_model_training/venv/lib64/python3.12/site-packages/airflow/example_dags/example_bash_operator.py
[2026-03-12T00:55:30.815+0000] {processor.py:914} INFO - Processing file /home/ec2-user/environment/lab4_model_training/venv/lib64/python3.12/site-packages/airflow/example_dags/example_bash_operator.py for tasks to queue
[2026-03-12T00:55:30.817+0000] {logging_mixin.py:190} INFO - [2026-03-12T00:55:30.817+0000] {dagbag.py:588} INFO - Filling up the DagBag from /home/ec2-user/environment/lab4_model_training/venv/lib64/python3.12/site-packages/airflow/example_dags/example_bash_operator.py
[2026-03-12T00:55:30.833+0000] {processor.py:925} INFO - DAG(s) 'example_bash_operator' retrieved from /home/ec2-user/environment/lab4_model_training/venv/lib64/python3.12/site-packages/airflow/example_dags/example_bash_operator.py
[2026-03-12T00:55:30.862+0000] {logging_mixin.py:190} INFO - [2026-03-12T00:55:30.862+0000] {dag.py:3239} INFO - Sync 1 DAGs
[2026-03-12T00:55:30.885+0000] {logging_mixin.py:190} INFO - [2026-03-12T00:55:30.885+0000] {dag.py:4180} INFO - Setting next_dagrun for example_bash_operator to 2026-03-11 00:00:00+00:00, run_after=2026-03-12 00:00:00+00:00
[2026-03-12T00:55:30.907+0000] {processor.py:208} INFO - Processing /home/ec2-user/environment/lab4_model_training/venv/lib64/python3.12/site-packages/airflow/example_dags/example_bash_operator.py took 0.099 seconds
[2026-03-12T00:56:33.956+0000] {processor.py:186} INFO - Started process (PID=12401) to work on /home/ec2-user/environment/lab4_model_training/venv/lib64/python3.12/site-packages/airflow/example_dags/example_bash_operator.py
[2026-03-12T00:56:33.957+0000] {processor.py:914} INFO - Processing file /home/ec2-user/environment/lab4_model_training/venv/lib64/python3.12/site-packages/airflow/example_dags/example_bash_operator.py for tasks to queue
[2026-03-12T00:56:33.960+0000] {logging_mixin.py:190} INFO - [2026-03-12T00:56:33.959+0000] {dagbag.py:588} INFO - Filling up the DagBag from /home/ec2-user/environment/lab4_model_training/venv/lib64/python3.12/site-packages/airflow/example_dags/example_bash_operator.py
[2026-03-12T00:56:33.975+0000] {processor.py:925} INFO - DAG(s) 'example_bash_operator' retrieved from /home/ec2-user/environment/lab4_model_training/venv/lib64/python3.12/site-packages/airflow/example_dags/example_bash_operator.py
[2026-03-12T00:56:34.004+0000] {logging_mixin.py:190} INFO - [2026-03-12T00:56:34.004+0000] {dag.py:3239} INFO - Sync 1 DAGs
[2026-03-12T00:56:34.025+0000] {logging_mixin.py:190} INFO - [2026-03-12T00:56:34.025+0000] {dag.py:4180} INFO - Setting next_dagrun for example_bash_operator to 2026-03-11 00:00:00+00:00, run_after=2026-03-12 00:00:00+00:00
[2026-03-12T00:56:34.050+0000] {processor.py:208} INFO - Processing /home/ec2-user/environment/lab4_model_training/venv/lib64/python3.12/site-packages/airflow/example_dags/example_bash_operator.py took 0.099 seconds
[2026-03-12T00:57:37.602+0000] {processor.py:186} INFO - Started process (PID=12634) to work on /home/ec2-user/environment/lab4_model_training/venv/lib64/python3.12/site-packages/airflow/example_dags/example_bash_operator.py
[2026-03-12T00:57:37.603+0000] {processor.py:914} INFO - Processing file /home/ec2-user/environment/lab4_model_training/venv/lib64/python3.12/site-packages/airflow/example_dags/example_bash_operator.py for tasks to queue
[2026-03-12T00:57:37.605+0000] {logging_mixin.py:190} INFO - [2026-03-12T00:57:37.604+0000] {dagbag.py:588} INFO - Filling up the DagBag from /home/ec2-user/environment/lab4_model_training/venv/lib64/python3.12/site-packages/airflow/example_dags/example_bash_operator.py
[2026-03-12T00:57:37.621+0000] {processor.py:925} INFO - DAG(s) 'example_bash_operator' retrieved from /home/ec2-user/environment/lab4_model_training/venv/lib64/python3.12/site-packages/airflow/example_dags/example_bash_operator.py
[2026-03-12T00:57:37.649+0000] {logging_mixin.py:190} INFO - [2026-03-12T00:57:37.649+0000] {dag.py:3239} INFO - Sync 1 DAGs
[2026-03-12T00:57:37.671+0000] {logging_mixin.py:190} INFO - [2026-03-12T00:57:37.671+0000] {dag.py:4180} INFO - Setting next_dagrun for example_bash_operator to 2026-03-11 00:00:00+00:00, run_after=2026-03-12 00:00:00+00:00
[2026-03-12T00:57:37.694+0000] {processor.py:208} INFO - Processing /home/ec2-user/environment/lab4_model_training/venv/lib64/python3.12/site-packages/airflow/example_dags/example_bash_operator.py took 0.098 seconds
[2026-03-12T00:58:39.692+0000] {processor.py:186} INFO - Started process (PID=12918) to work on /home/ec2-user/environment/lab4_model_training/venv/lib64/python3.12/site-packages/airflow/example_dags/example_bash_operator.py
[2026-03-12T00:58:39.694+0000] {processor.py:914} INFO - Processing file /home/ec2-user/environment/lab4_model_training/venv/lib64/python3.12/site-packages/airflow/example_dags/example_bash_operator.py for tasks to queue
[2026-03-12T00:58:39.696+0000] {logging_mixin.py:190} INFO - [2026-03-12T00:58:39.695+0000] {dagbag.py:588} INFO - Filling up the DagBag from /home/ec2-user/environment/lab4_model_training/venv/lib64/python3.12/site-packages/airflow/example_dags/example_bash_operator.py
[2026-03-12T00:58:39.711+0000] {processor.py:925} INFO - DAG(s) 'example_bash_operator' retrieved from /home/ec2-user/environment/lab4_model_training/venv/lib64/python3.12/site-packages/airflow/example_dags/example_bash_operator.py
[2026-03-12T00:58:39.741+0000] {logging_mixin.py:190} INFO - [2026-03-12T00:58:39.740+0000] {dag.py:3239} INFO - Sync 1 DAGs
[2026-03-12T00:58:39.762+0000] {logging_mixin.py:190} INFO - [2026-03-12T00:58:39.762+0000] {dag.py:4180} INFO - Setting next_dagrun for example_bash_operator to 2026-03-11 00:00:00+00:00, run_after=2026-03-12 00:00:00+00:00
[2026-03-12T00:58:39.784+0000] {processor.py:208} INFO - Processing /home/ec2-user/environment/lab4_model_training/venv/lib64/python3.12/site-packages/airflow/example_dags/example_bash_operator.py took 0.098 seconds
[2026-03-12T00:59:40.256+0000] {processor.py:186} INFO - Started process (PID=13176) to work on /home/ec2-user/environment/lab4_model_training/venv/lib64/python3.12/site-packages/airflow/example_dags/example_bash_operator.py
[2026-03-12T00:59:40.257+0000] {processor.py:914} INFO - Processing file /home/ec2-user/environment/lab4_model_training/venv/lib64/python3.12/site-packages/airflow/example_dags/example_bash_operator.py for tasks to queue
[2026-03-12T00:59:40.260+0000] {logging_mixin.py:190} INFO - [2026-03-12T00:59:40.260+0000] {dagbag.py:588} INFO - Filling up the DagBag from /home/ec2-user/environment/lab4_model_training/venv/lib64/python3.12/site-packages/airflow/example_dags/example_bash_operator.py
[2026-03-12T00:59:40.277+0000] {processor.py:925} INFO - DAG(s) 'example_bash_operator' retrieved from /home/ec2-user/environment/lab4_model_training/venv/lib64/python3.12/site-packages/airflow/example_dags/example_bash_operator.py
[2026-03-12T00:59:40.306+0000] {logging_mixin.py:190} INFO - [2026-03-12T00:59:40.306+0000] {dag.py:3239} INFO - Sync 1 DAGs
[2026-03-12T00:59:40.333+0000] {logging_mixin.py:190} INFO - [2026-03-12T00:59:40.332+0000] {dag.py:4180} INFO - Setting next_dagrun for example_bash_operator to 2026-03-11 00:00:00+00:00, run_after=2026-03-12 00:00:00+00:00
[2026-03-12T00:59:40.356+0000] {processor.py:208} INFO - Processing /home/ec2-user/environment/lab4_model_training/venv/lib64/python3.12/site-packages/airflow/example_dags/example_bash_operator.py took 0.106 seconds
[2026-03-12T01:00:46.255+0000] {processor.py:186} INFO - Started process (PID=13468) to work on /home/ec2-user/environment/lab4_model_training/venv/lib64/python3.12/site-packages/airflow/example_dags/example_bash_operator.py
[2026-03-12T01:00:46.257+0000] {processor.py:914} INFO - Processing file /home/ec2-user/environment/lab4_model_training/venv/lib64/python3.12/site-packages/airflow/example_dags/example_bash_operator.py for tasks to queue
[2026-03-12T01:00:46.259+0000] {logging_mixin.py:190} INFO - [2026-03-12T01:00:46.258+0000] {dagbag.py:588} INFO - Filling up the DagBag from /home/ec2-user/environment/lab4_model_training/venv/lib64/python3.12/site-packages/airflow/example_dags/example_bash_operator.py
[2026-03-12T01:00:46.275+0000] {processor.py:925} INFO - DAG(s) 'example_bash_operator' retrieved from /home/ec2-user/environment/lab4_model_training/venv/lib64/python3.12/site-packages/airflow/example_dags/example_bash_operator.py
[2026-03-12T01:00:46.303+0000] {logging_mixin.py:190} INFO - [2026-03-12T01:00:46.303+0000] {dag.py:3239} INFO - Sync 1 DAGs
[2026-03-12T01:00:46.325+0000] {logging_mixin.py:190} INFO - [2026-03-12T01:00:46.325+0000] {dag.py:4180} INFO - Setting next_dagrun for example_bash_operator to 2026-03-11 00:00:00+00:00, run_after=2026-03-12 00:00:00+00:00
[2026-03-12T01:00:46.346+0000] {processor.py:208} INFO - Processing /home/ec2-user/environment/lab4_model_training/venv/lib64/python3.12/site-packages/airflow/example_dags/example_bash_operator.py took 0.097 seconds
[2026-03-12T01:01:47.979+0000] {processor.py:186} INFO - Started process (PID=13729) to work on /home/ec2-user/environment/lab4_model_training/venv/lib64/python3.12/site-packages/airflow/example_dags/example_bash_operator.py
[2026-03-12T01:01:47.980+0000] {processor.py:914} INFO - Processing file /home/ec2-user/environment/lab4_model_training/venv/lib64/python3.12/site-packages/airflow/example_dags/example_bash_operator.py for tasks to queue
[2026-03-12T01:01:47.983+0000] {logging_mixin.py:190} INFO - [2026-03-12T01:01:47.983+0000] {dagbag.py:588} INFO - Filling up the DagBag from /home/ec2-user/environment/lab4_model_training/venv/lib64/python3.12/site-packages/airflow/example_dags/example_bash_operator.py
[2026-03-12T01:01:48.000+0000] {processor.py:925} INFO - DAG(s) 'example_bash_operator' retrieved from /home/ec2-user/environment/lab4_model_training/venv/lib64/python3.12/site-packages/airflow/example_dags/example_bash_operator.py
[2026-03-12T01:01:48.030+0000] {logging_mixin.py:190} INFO - [2026-03-12T01:01:48.030+0000] {dag.py:3239} INFO - Sync 1 DAGs
[2026-03-12T01:01:48.052+0000] {logging_mixin.py:190} INFO - [2026-03-12T01:01:48.052+0000] {dag.py:4180} INFO - Setting next_dagrun for example_bash_operator to 2026-03-11 00:00:00+00:00, run_after=2026-03-12 00:00:00+00:00
[2026-03-12T01:01:48.074+0000] {processor.py:208} INFO - Processing /home/ec2-user/environment/lab4_model_training/venv/lib64/python3.12/site-packages/airflow/example_dags/example_bash_operator.py took 0.102 seconds
[2026-03-12T01:02:54.201+0000] {processor.py:186} INFO - Started process (PID=14026) to work on /home/ec2-user/environment/lab4_model_training/venv/lib64/python3.12/site-packages/airflow/example_dags/example_bash_operator.py
[2026-03-12T01:02:54.202+0000] {processor.py:914} INFO - Processing file /home/ec2-user/environment/lab4_model_training/venv/lib64/python3.12/site-packages/airflow/example_dags/example_bash_operator.py for tasks to queue
[2026-03-12T01:02:54.205+0000] {logging_mixin.py:190} INFO - [2026-03-12T01:02:54.204+0000] {dagbag.py:588} INFO - Filling up the DagBag from /home/ec2-user/environment/lab4_model_training/venv/lib64/python3.12/site-packages/airflow/example_dags/example_bash_operator.py
[2026-03-12T01:02:54.221+0000] {processor.py:925} INFO - DAG(s) 'example_bash_operator' retrieved from /home/ec2-user/environment/lab4_model_training/venv/lib64/python3.12/site-packages/airflow/example_dags/example_bash_operator.py
[2026-03-12T01:02:54.250+0000] {logging_mixin.py:190} INFO - [2026-03-12T01:02:54.250+0000] {dag.py:3239} INFO - Sync 1 DAGs
[2026-03-12T01:02:54.272+0000] {logging_mixin.py:190} INFO - [2026-03-12T01:02:54.271+0000] {dag.py:4180} INFO - Setting next_dagrun for example_bash_operator to 2026-03-11 00:00:00+00:00, run_after=2026-03-12 00:00:00+00:00
[2026-03-12T01:02:54.293+0000] {processor.py:208} INFO - Processing /home/ec2-user/environment/lab4_model_training/venv/lib64/python3.12/site-packages/airflow/example_dags/example_bash_operator.py took 0.098 seconds
[2026-03-12T01:03:57.022+0000] {processor.py:186} INFO - Started process (PID=14261) to work on /home/ec2-user/environment/lab4_model_training/venv/lib64/python3.12/site-packages/airflow/example_dags/example_bash_operator.py
[2026-03-12T01:03:57.023+0000] {processor.py:914} INFO - Processing file /home/ec2-user/environment/lab4_model_training/venv/lib64/python3.12/site-packages/airflow/example_dags/example_bash_operator.py for tasks to queue
[2026-03-12T01:03:57.026+0000] {logging_mixin.py:190} INFO - [2026-03-12T01:03:57.025+0000] {dagbag.py:588} INFO - Filling up the DagBag from /home/ec2-user/environment/lab4_model_training/venv/lib64/python3.12/site-packages/airflow/example_dags/example_bash_operator.py
[2026-03-12T01:03:57.043+0000] {processor.py:925} INFO - DAG(s) 'example_bash_operator' retrieved from /home/ec2-user/environment/lab4_model_training/venv/lib64/python3.12/site-packages/airflow/example_dags/example_bash_operator.py
[2026-03-12T01:03:57.073+0000] {logging_mixin.py:190} INFO - [2026-03-12T01:03:57.073+0000] {dag.py:3239} INFO - Sync 1 DAGs
[2026-03-12T01:03:57.095+0000] {logging_mixin.py:190} INFO - [2026-03-12T01:03:57.094+0000] {dag.py:4180} INFO - Setting next_dagrun for example_bash_operator to 2026-03-11 00:00:00+00:00, run_after=2026-03-12 00:00:00+00:00
[2026-03-12T01:03:57.117+0000] {processor.py:208} INFO - Processing /home/ec2-user/environment/lab4_model_training/venv/lib64/python3.12/site-packages/airflow/example_dags/example_bash_operator.py took 0.101 seconds
[2026-03-12T01:05:07.082+0000] {processor.py:186} INFO - Started process (PID=14600) to work on /home/ec2-user/environment/lab4_model_training/venv/lib64/python3.12/site-packages/airflow/example_dags/example_bash_operator.py
[2026-03-12T01:05:07.083+0000] {processor.py:914} INFO - Processing file /home/ec2-user/environment/lab4_model_training/venv/lib64/python3.12/site-packages/airflow/example_dags/example_bash_operator.py for tasks to queue
[2026-03-12T01:05:07.087+0000] {logging_mixin.py:190} INFO - [2026-03-12T01:05:07.086+0000] {dagbag.py:588} INFO - Filling up the DagBag from /home/ec2-user/environment/lab4_model_training/venv/lib64/python3.12/site-packages/airflow/example_dags/example_bash_operator.py
[2026-03-12T01:05:07.105+0000] {processor.py:925} INFO - DAG(s) 'example_bash_operator' retrieved from /home/ec2-user/environment/lab4_model_training/venv/lib64/python3.12/site-packages/airflow/example_dags/example_bash_operator.py
[2026-03-12T01:05:07.144+0000] {logging_mixin.py:190} INFO - [2026-03-12T01:05:07.144+0000] {dag.py:3239} INFO - Sync 1 DAGs
[2026-03-12T01:05:07.177+0000] {logging_mixin.py:190} INFO - [2026-03-12T01:05:07.177+0000] {dag.py:4180} INFO - Setting next_dagrun for example_bash_operator to 2026-03-11 00:00:00+00:00, run_after=2026-03-12 00:00:00+00:00
[2026-03-12T01:05:07.209+0000] {processor.py:208} INFO - Processing /home/ec2-user/environment/lab4_model_training/venv/lib64/python3.12/site-packages/airflow/example_dags/example_bash_operator.py took 0.137 seconds
[2026-03-12T01:06:05.715+0000] {processor.py:186} INFO - Started process (PID=14836) to work on /home/ec2-user/environment/lab4_model_training/venv/lib64/python3.12/site-packages/airflow/example_dags/example_bash_operator.py
[2026-03-12T01:06:05.716+0000] {processor.py:914} INFO - Processing file /home/ec2-user/environment/lab4_model_training/venv/lib64/python3.12/site-packages/airflow/example_dags/example_bash_operator.py for tasks to queue
[2026-03-12T01:06:05.719+0000] {logging_mixin.py:190} INFO - [2026-03-12T01:06:05.718+0000] {dagbag.py:588} INFO - Filling up the DagBag from /home/ec2-user/environment/lab4_model_training/venv/lib64/python3.12/site-packages/airflow/example_dags/example_bash_operator.py
[2026-03-12T01:06:05.736+0000] {processor.py:925} INFO - DAG(s) 'example_bash_operator' retrieved from /home/ec2-user/environment/lab4_model_training/venv/lib64/python3.12/site-packages/airflow/example_dags/example_bash_operator.py
[2026-03-12T01:06:05.761+0000] {logging_mixin.py:190} INFO - [2026-03-12T01:06:05.761+0000] {dag.py:3239} INFO - Sync 1 DAGs
[2026-03-12T01:06:05.785+0000] {logging_mixin.py:190} INFO - [2026-03-12T01:06:05.784+0000] {dag.py:4180} INFO - Setting next_dagrun for example_bash_operator to 2026-03-11 00:00:00+00:00, run_after=2026-03-12 00:00:00+00:00
[2026-03-12T01:06:05.807+0000] {processor.py:208} INFO - Processing /home/ec2-user/environment/lab4_model_training/venv/lib64/python3.12/site-packages/airflow/example_dags/example_bash_operator.py took 0.098 seconds
[2026-03-12T01:07:05.769+0000] {processor.py:186} INFO - Started process (PID=15113) to work on /home/ec2-user/environment/lab4_model_training/venv/lib64/python3.12/site-packages/airflow/example_dags/example_bash_operator.py
[2026-03-12T01:07:05.770+0000] {processor.py:914} INFO - Processing file /home/ec2-user/environment/lab4_model_training/venv/lib64/python3.12/site-packages/airflow/example_dags/example_bash_operator.py for tasks to queue
[2026-03-12T01:07:05.773+0000] {logging_mixin.py:190} INFO - [2026-03-12T01:07:05.772+0000] {dagbag.py:588} INFO - Filling up the DagBag from /home/ec2-user/environment/lab4_model_training/venv/lib64/python3.12/site-packages/airflow/example_dags/example_bash_operator.py
[2026-03-12T01:07:05.788+0000] {processor.py:925} INFO - DAG(s) 'example_bash_operator' retrieved from /home/ec2-user/environment/lab4_model_training/venv/lib64/python3.12/site-packages/airflow/example_dags/example_bash_operator.py
[2026-03-12T01:07:05.817+0000] {logging_mixin.py:190} INFO - [2026-03-12T01:07:05.817+0000] {dag.py:3239} INFO - Sync 1 DAGs
[2026-03-12T01:07:05.840+0000] {logging_mixin.py:190} INFO - [2026-03-12T01:07:05.840+0000] {dag.py:4180} INFO - Setting next_dagrun for example_bash_operator to 2026-03-11 00:00:00+00:00, run_after=2026-03-12 00:00:00+00:00
[2026-03-12T01:07:05.862+0000] {processor.py:208} INFO - Processing /home/ec2-user/environment/lab4_model_training/venv/lib64/python3.12/site-packages/airflow/example_dags/example_bash_operator.py took 0.099 seconds
[2026-03-12T01:08:07.868+0000] {processor.py:186} INFO - Started process (PID=15406) to work on /home/ec2-user/environment/lab4_model_training/venv/lib64/python3.12/site-packages/airflow/example_dags/example_bash_operator.py
[2026-03-12T01:08:07.869+0000] {processor.py:914} INFO - Processing file /home/ec2-user/environment/lab4_model_training/venv/lib64/python3.12/site-packages/airflow/example_dags/example_bash_operator.py for tasks to queue
[2026-03-12T01:08:07.872+0000] {logging_mixin.py:190} INFO - [2026-03-12T01:08:07.871+0000] {dagbag.py:588} INFO - Filling up the DagBag from /home/ec2-user/environment/lab4_model_training/venv/lib64/python3.12/site-packages/airflow/example_dags/example_bash_operator.py
[2026-03-12T01:08:07.887+0000] {processor.py:925} INFO - DAG(s) 'example_bash_operator' retrieved from /home/ec2-user/environment/lab4_model_training/venv/lib64/python3.12/site-packages/airflow/example_dags/example_bash_operator.py
[2026-03-12T01:08:07.922+0000] {logging_mixin.py:190} INFO - [2026-03-12T01:08:07.921+0000] {dag.py:3239} INFO - Sync 1 DAGs
[2026-03-12T01:08:07.949+0000] {logging_mixin.py:190} INFO - [2026-03-12T01:08:07.949+0000] {dag.py:4180} INFO - Setting next_dagrun for example_bash_operator to 2026-03-11 00:00:00+00:00, run_after=2026-03-12 00:00:00+00:00
[2026-03-12T01:08:07.975+0000] {processor.py:208} INFO - Processing /home/ec2-user/environment/lab4_model_training/venv/lib64/python3.12/site-packages/airflow/example_dags/example_bash_operator.py took 0.112 seconds
[2026-03-12T01:09:10.084+0000] {processor.py:186} INFO - Started process (PID=15651) to work on /home/ec2-user/environment/lab4_model_training/venv/lib64/python3.12/site-packages/airflow/example_dags/example_bash_operator.py
[2026-03-12T01:09:10.085+0000] {processor.py:914} INFO - Processing file /home/ec2-user/environment/lab4_model_training/venv/lib64/python3.12/site-packages/airflow/example_dags/example_bash_operator.py for tasks to queue
[2026-03-12T01:09:10.088+0000] {logging_mixin.py:190} INFO - [2026-03-12T01:09:10.087+0000] {dagbag.py:588} INFO - Filling up the DagBag from /home/ec2-user/environment/lab4_model_training/venv/lib64/python3.12/site-packages/airflow/example_dags/example_bash_operator.py
[2026-03-12T01:09:10.103+0000] {processor.py:925} INFO - DAG(s) 'example_bash_operator' retrieved from /home/ec2-user/environment/lab4_model_training/venv/lib64/python3.12/site-packages/airflow/example_dags/example_bash_operator.py
[2026-03-12T01:09:10.132+0000] {logging_mixin.py:190} INFO - [2026-03-12T01:09:10.132+0000] {dag.py:3239} INFO - Sync 1 DAGs
[2026-03-12T01:09:10.155+0000] {logging_mixin.py:190} INFO - [2026-03-12T01:09:10.155+0000] {dag.py:4180} INFO - Setting next_dagrun for example_bash_operator to 2026-03-11 00:00:00+00:00, run_after=2026-03-12 00:00:00+00:00
[2026-03-12T01:09:10.177+0000] {processor.py:208} INFO - Processing /home/ec2-user/environment/lab4_model_training/venv/lib64/python3.12/site-packages/airflow/example_dags/example_bash_operator.py took 0.099 seconds
[2026-03-12T01:10:12.252+0000] {processor.py:186} INFO - Started process (PID=15939) to work on /home/ec2-user/environment/lab4_model_training/venv/lib64/python3.12/site-packages/airflow/example_dags/example_bash_operator.py
[2026-03-12T01:10:12.253+0000] {processor.py:914} INFO - Processing file /home/ec2-user/environment/lab4_model_training/venv/lib64/python3.12/site-packages/airflow/example_dags/example_bash_operator.py for tasks to queue
[2026-03-12T01:10:12.256+0000] {logging_mixin.py:190} INFO - [2026-03-12T01:10:12.256+0000] {dagbag.py:588} INFO - Filling up the DagBag from /home/ec2-user/environment/lab4_model_training/venv/lib64/python3.12/site-packages/airflow/example_dags/example_bash_operator.py
[2026-03-12T01:10:12.273+0000] {processor.py:925} INFO - DAG(s) 'example_bash_operator' retrieved from /home/ec2-user/environment/lab4_model_training/venv/lib64/python3.12/site-packages/airflow/example_dags/example_bash_operator.py
[2026-03-12T01:10:12.299+0000] {logging_mixin.py:190} INFO - [2026-03-12T01:10:12.299+0000] {dag.py:3239} INFO - Sync 1 DAGs
[2026-03-12T01:10:12.320+0000] {logging_mixin.py:190} INFO - [2026-03-12T01:10:12.320+0000] {dag.py:4180} INFO - Setting next_dagrun for example_bash_operator to 2026-03-11 00:00:00+00:00, run_after=2026-03-12 00:00:00+00:00
[2026-03-12T01:10:12.345+0000] {processor.py:208} INFO - Processing /home/ec2-user/environment/lab4_model_training/venv/lib64/python3.12/site-packages/airflow/example_dags/example_bash_operator.py took 0.099 seconds
[2026-03-12T01:11:19.230+0000] {processor.py:186} INFO - Started process (PID=16239) to work on /home/ec2-user/environment/lab4_model_training/venv/lib64/python3.12/site-packages/airflow/example_dags/example_bash_operator.py
[2026-03-12T01:11:19.232+0000] {processor.py:914} INFO - Processing file /home/ec2-user/environment/lab4_model_training/venv/lib64/python3.12/site-packages/airflow/example_dags/example_bash_operator.py for tasks to queue
[2026-03-12T01:11:19.235+0000] {logging_mixin.py:190} INFO - [2026-03-12T01:11:19.234+0000] {dagbag.py:588} INFO - Filling up the DagBag from /home/ec2-user/environment/lab4_model_training/venv/lib64/python3.12/site-packages/airflow/example_dags/example_bash_operator.py
[2026-03-12T01:11:19.252+0000] {processor.py:925} INFO - DAG(s) 'example_bash_operator' retrieved from /home/ec2-user/environment/lab4_model_training/venv/lib64/python3.12/site-packages/airflow/example_dags/example_bash_operator.py
[2026-03-12T01:11:19.280+0000] {logging_mixin.py:190} INFO - [2026-03-12T01:11:19.280+0000] {dag.py:3239} INFO - Sync 1 DAGs
[2026-03-12T01:11:19.301+0000] {logging_mixin.py:190} INFO - [2026-03-12T01:11:19.301+0000] {dag.py:4180} INFO - Setting next_dagrun for example_bash_operator to 2026-03-11 00:00:00+00:00, run_after=2026-03-12 00:00:00+00:00
[2026-03-12T01:11:19.324+0000] {processor.py:208} INFO - Processing /home/ec2-user/environment/lab4_model_training/venv/lib64/python3.12/site-packages/airflow/example_dags/example_bash_operator.py took 0.099 seconds
[2026-03-12T01:12:23.927+0000] {processor.py:186} INFO - Started process (PID=16488) to work on /home/ec2-user/environment/lab4_model_training/venv/lib64/python3.12/site-packages/airflow/example_dags/example_bash_operator.py
[2026-03-12T01:12:23.928+0000] {processor.py:914} INFO - Processing file /home/ec2-user/environment/lab4_model_training/venv/lib64/python3.12/site-packages/airflow/example_dags/example_bash_operator.py for tasks to queue
[2026-03-12T01:12:23.930+0000] {logging_mixin.py:190} INFO - [2026-03-12T01:12:23.930+0000] {dagbag.py:588} INFO - Filling up the DagBag from /home/ec2-user/environment/lab4_model_training/venv/lib64/python3.12/site-packages/airflow/example_dags/example_bash_operator.py
[2026-03-12T01:12:23.946+0000] {processor.py:925} INFO - DAG(s) 'example_bash_operator' retrieved from /home/ec2-user/environment/lab4_model_training/venv/lib64/python3.12/site-packages/airflow/example_dags/example_bash_operator.py
[2026-03-12T01:12:23.976+0000] {logging_mixin.py:190} INFO - [2026-03-12T01:12:23.976+0000] {dag.py:3239} INFO - Sync 1 DAGs
[2026-03-12T01:12:23.999+0000] {logging_mixin.py:190} INFO - [2026-03-12T01:12:23.999+0000] {dag.py:4180} INFO - Setting next_dagrun for example_bash_operator to 2026-03-11 00:00:00+00:00, run_after=2026-03-12 00:00:00+00:00
[2026-03-12T01:12:24.021+0000] {processor.py:208} INFO - Processing /home/ec2-user/environment/lab4_model_training/venv/lib64/python3.12/site-packages/airflow/example_dags/example_bash_operator.py took 0.100 seconds
[2026-03-12T01:13:27.010+0000] {processor.py:186} INFO - Started process (PID=16782) to work on /home/ec2-user/environment/lab4_model_training/venv/lib64/python3.12/site-packages/airflow/example_dags/example_bash_operator.py
[2026-03-12T01:13:27.011+0000] {processor.py:914} INFO - Processing file /home/ec2-user/environment/lab4_model_training/venv/lib64/python3.12/site-packages/airflow/example_dags/example_bash_operator.py for tasks to queue
[2026-03-12T01:13:27.014+0000] {logging_mixin.py:190} INFO - [2026-03-12T01:13:27.014+0000] {dagbag.py:588} INFO - Filling up the DagBag from /home/ec2-user/environment/lab4_model_training/venv/lib64/python3.12/site-packages/airflow/example_dags/example_bash_operator.py
[2026-03-12T01:13:27.032+0000] {processor.py:925} INFO - DAG(s) 'example_bash_operator' retrieved from /home/ec2-user/environment/lab4_model_training/venv/lib64/python3.12/site-packages/airflow/example_dags/example_bash_operator.py
[2026-03-12T01:13:27.059+0000] {logging_mixin.py:190} INFO - [2026-03-12T01:13:27.059+0000] {dag.py:3239} INFO - Sync 1 DAGs
[2026-03-12T01:13:27.082+0000] {logging_mixin.py:190} INFO - [2026-03-12T01:13:27.081+0000] {dag.py:4180} INFO - Setting next_dagrun for example_bash_operator to 2026-03-11 00:00:00+00:00, run_after=2026-03-12 00:00:00+00:00
[2026-03-12T01:13:27.104+0000] {processor.py:208} INFO - Processing /home/ec2-user/environment/lab4_model_training/venv/lib64/python3.12/site-packages/airflow/example_dags/example_bash_operator.py took 0.100 seconds
[2026-03-12T01:14:31.745+0000] {processor.py:186} INFO - Started process (PID=17099) to work on /home/ec2-user/environment/lab4_model_training/venv/lib64/python3.12/site-packages/airflow/example_dags/example_bash_operator.py
[2026-03-12T01:14:31.746+0000] {processor.py:914} INFO - Processing file /home/ec2-user/environment/lab4_model_training/venv/lib64/python3.12/site-packages/airflow/example_dags/example_bash_operator.py for tasks to queue
[2026-03-12T01:14:31.749+0000] {logging_mixin.py:190} INFO - [2026-03-12T01:14:31.749+0000] {dagbag.py:588} INFO - Filling up the DagBag from /home/ec2-user/environment/lab4_model_training/venv/lib64/python3.12/site-packages/airflow/example_dags/example_bash_operator.py
[2026-03-12T01:14:31.766+0000] {processor.py:925} INFO - DAG(s) 'example_bash_operator' retrieved from /home/ec2-user/environment/lab4_model_training/venv/lib64/python3.12/site-packages/airflow/example_dags/example_bash_operator.py
[2026-03-12T01:14:31.794+0000] {logging_mixin.py:190} INFO - [2026-03-12T01:14:31.794+0000] {dag.py:3239} INFO - Sync 1 DAGs
[2026-03-12T01:14:31.815+0000] {logging_mixin.py:190} INFO - [2026-03-12T01:14:31.815+0000] {dag.py:4180} INFO - Setting next_dagrun for example_bash_operator to 2026-03-11 00:00:00+00:00, run_after=2026-03-12 00:00:00+00:00
[2026-03-12T01:14:31.838+0000] {processor.py:208} INFO - Processing /home/ec2-user/environment/lab4_model_training/venv/lib64/python3.12/site-packages/airflow/example_dags/example_bash_operator.py took 0.099 seconds
[2026-03-12T01:15:34.011+0000] {processor.py:186} INFO - Started process (PID=17385) to work on /home/ec2-user/environment/lab4_model_training/venv/lib64/python3.12/site-packages/airflow/example_dags/example_bash_operator.py
[2026-03-12T01:15:34.012+0000] {processor.py:914} INFO - Processing file /home/ec2-user/environment/lab4_model_training/venv/lib64/python3.12/site-packages/airflow/example_dags/example_bash_operator.py for tasks to queue
[2026-03-12T01:15:34.014+0000] {logging_mixin.py:190} INFO - [2026-03-12T01:15:34.014+0000] {dagbag.py:588} INFO - Filling up the DagBag from /home/ec2-user/environment/lab4_model_training/venv/lib64/python3.12/site-packages/airflow/example_dags/example_bash_operator.py
[2026-03-12T01:15:34.033+0000] {processor.py:925} INFO - DAG(s) 'example_bash_operator' retrieved from /home/ec2-user/environment/lab4_model_training/venv/lib64/python3.12/site-packages/airflow/example_dags/example_bash_operator.py
[2026-03-12T01:15:34.069+0000] {logging_mixin.py:190} INFO - [2026-03-12T01:15:34.069+0000] {dag.py:3239} INFO - Sync 1 DAGs
[2026-03-12T01:15:34.105+0000] {logging_mixin.py:190} INFO - [2026-03-12T01:15:34.104+0000] {dag.py:4180} INFO - Setting next_dagrun for example_bash_operator to 2026-03-11 00:00:00+00:00, run_after=2026-03-12 00:00:00+00:00
[2026-03-12T01:15:34.127+0000] {processor.py:208} INFO - Processing /home/ec2-user/environment/lab4_model_training/venv/lib64/python3.12/site-packages/airflow/example_dags/example_bash_operator.py took 0.122 seconds
[2026-03-12T01:16:34.977+0000] {processor.py:186} INFO - Started process (PID=17679) to work on /home/ec2-user/environment/lab4_model_training/venv/lib64/python3.12/site-packages/airflow/example_dags/example_bash_operator.py
[2026-03-12T01:16:34.979+0000] {processor.py:914} INFO - Processing file /home/ec2-user/environment/lab4_model_training/venv/lib64/python3.12/site-packages/airflow/example_dags/example_bash_operator.py for tasks to queue
[2026-03-12T01:16:34.982+0000] {logging_mixin.py:190} INFO - [2026-03-12T01:16:34.982+0000] {dagbag.py:588} INFO - Filling up the DagBag from /home/ec2-user/environment/lab4_model_training/venv/lib64/python3.12/site-packages/airflow/example_dags/example_bash_operator.py
[2026-03-12T01:16:35.001+0000] {processor.py:925} INFO - DAG(s) 'example_bash_operator' retrieved from /home/ec2-user/environment/lab4_model_training/venv/lib64/python3.12/site-packages/airflow/example_dags/example_bash_operator.py
[2026-03-12T01:16:35.040+0000] {logging_mixin.py:190} INFO - [2026-03-12T01:16:35.040+0000] {dag.py:3239} INFO - Sync 1 DAGs
[2026-03-12T01:16:35.062+0000] {logging_mixin.py:190} INFO - [2026-03-12T01:16:35.062+0000] {dag.py:4180} INFO - Setting next_dagrun for example_bash_operator to 2026-03-11 00:00:00+00:00, run_after=2026-03-12 00:00:00+00:00
[2026-03-12T01:16:35.087+0000] {processor.py:208} INFO - Processing /home/ec2-user/environment/lab4_model_training/venv/lib64/python3.12/site-packages/airflow/example_dags/example_bash_operator.py took 0.118 seconds
[2026-03-12T01:17:50.097+0000] {processor.py:186} INFO - Started process (PID=18006) to work on /home/ec2-user/environment/lab4_model_training/venv/lib64/python3.12/site-packages/airflow/example_dags/example_bash_operator.py
[2026-03-12T01:17:50.099+0000] {processor.py:914} INFO - Processing file /home/ec2-user/environment/lab4_model_training/venv/lib64/python3.12/site-packages/airflow/example_dags/example_bash_operator.py for tasks to queue
[2026-03-12T01:17:50.101+0000] {logging_mixin.py:190} INFO - [2026-03-12T01:17:50.100+0000] {dagbag.py:588} INFO - Filling up the DagBag from /home/ec2-user/environment/lab4_model_training/venv/lib64/python3.12/site-packages/airflow/example_dags/example_bash_operator.py
[2026-03-12T01:17:50.117+0000] {processor.py:925} INFO - DAG(s) 'example_bash_operator' retrieved from /home/ec2-user/environment/lab4_model_training/venv/lib64/python3.12/site-packages/airflow/example_dags/example_bash_operator.py
[2026-03-12T01:17:50.146+0000] {logging_mixin.py:190} INFO - [2026-03-12T01:17:50.146+0000] {dag.py:3239} INFO - Sync 1 DAGs
[2026-03-12T01:17:50.168+0000] {logging_mixin.py:190} INFO - [2026-03-12T01:17:50.168+0000] {dag.py:4180} INFO - Setting next_dagrun for example_bash_operator to 2026-03-11 00:00:00+00:00, run_after=2026-03-12 00:00:00+00:00
[2026-03-12T01:17:50.190+0000] {processor.py:208} INFO - Processing /home/ec2-user/environment/lab4_model_training/venv/lib64/python3.12/site-packages/airflow/example_dags/example_bash_operator.py took 0.099 seconds
[2026-03-12T01:18:50.182+0000] {processor.py:186} INFO - Started process (PID=18283) to work on /home/ec2-user/environment/lab4_model_training/venv/lib64/python3.12/site-packages/airflow/example_dags/example_bash_operator.py
[2026-03-12T01:18:50.184+0000] {processor.py:914} INFO - Processing file /home/ec2-user/environment/lab4_model_training/venv/lib64/python3.12/site-packages/airflow/example_dags/example_bash_operator.py for tasks to queue
[2026-03-12T01:18:50.186+0000] {logging_mixin.py:190} INFO - [2026-03-12T01:18:50.185+0000] {dagbag.py:588} INFO - Filling up the DagBag from /home/ec2-user/environment/lab4_model_training/venv/lib64/python3.12/site-packages/airflow/example_dags/example_bash_operator.py
[2026-03-12T01:18:50.202+0000] {processor.py:925} INFO - DAG(s) 'example_bash_operator' retrieved from /home/ec2-user/environment/lab4_model_training/venv/lib64/python3.12/site-packages/airflow/example_dags/example_bash_operator.py
[2026-03-12T01:18:50.231+0000] {logging_mixin.py:190} INFO - [2026-03-12T01:18:50.230+0000] {dag.py:3239} INFO - Sync 1 DAGs
[2026-03-12T01:18:50.253+0000] {logging_mixin.py:190} INFO - [2026-03-12T01:18:50.253+0000] {dag.py:4180} INFO - Setting next_dagrun for example_bash_operator to 2026-03-11 00:00:00+00:00, run_after=2026-03-12 00:00:00+00:00
[2026-03-12T01:18:50.275+0000] {processor.py:208} INFO - Processing /home/ec2-user/environment/lab4_model_training/venv/lib64/python3.12/site-packages/airflow/example_dags/example_bash_operator.py took 0.098 seconds
[2026-03-12T01:20:03.189+0000] {processor.py:186} INFO - Started process (PID=18583) to work on /home/ec2-user/environment/lab4_model_training/venv/lib64/python3.12/site-packages/airflow/example_dags/example_bash_operator.py
[2026-03-12T01:20:03.190+0000] {processor.py:914} INFO - Processing file /home/ec2-user/environment/lab4_model_training/venv/lib64/python3.12/site-packages/airflow/example_dags/example_bash_operator.py for tasks to queue
[2026-03-12T01:20:03.192+0000] {logging_mixin.py:190} INFO - [2026-03-12T01:20:03.192+0000] {dagbag.py:588} INFO - Filling up the DagBag from /home/ec2-user/environment/lab4_model_training/venv/lib64/python3.12/site-packages/airflow/example_dags/example_bash_operator.py
[2026-03-12T01:20:03.209+0000] {processor.py:925} INFO - DAG(s) 'example_bash_operator' retrieved from /home/ec2-user/environment/lab4_model_training/venv/lib64/python3.12/site-packages/airflow/example_dags/example_bash_operator.py
[2026-03-12T01:20:03.238+0000] {logging_mixin.py:190} INFO - [2026-03-12T01:20:03.238+0000] {dag.py:3239} INFO - Sync 1 DAGs
[2026-03-12T01:20:03.261+0000] {logging_mixin.py:190} INFO - [2026-03-12T01:20:03.261+0000] {dag.py:4180} INFO - Setting next_dagrun for example_bash_operator to 2026-03-11 00:00:00+00:00, run_after=2026-03-12 00:00:00+00:00
[2026-03-12T01:20:03.283+0000] {processor.py:208} INFO - Processing /home/ec2-user/environment/lab4_model_training/venv/lib64/python3.12/site-packages/airflow/example_dags/example_bash_operator.py took 0.101 seconds
[2026-03-12T01:21:07.099+0000] {processor.py:186} INFO - Started process (PID=18869) to work on /home/ec2-user/environment/lab4_model_training/venv/lib64/python3.12/site-packages/airflow/example_dags/example_bash_operator.py
[2026-03-12T01:21:07.100+0000] {processor.py:914} INFO - Processing file /home/ec2-user/environment/lab4_model_training/venv/lib64/python3.12/site-packages/airflow/example_dags/example_bash_operator.py for tasks to queue
[2026-03-12T01:21:07.102+0000] {logging_mixin.py:190} INFO - [2026-03-12T01:21:07.102+0000] {dagbag.py:588} INFO - Filling up the DagBag from /home/ec2-user/environment/lab4_model_training/venv/lib64/python3.12/site-packages/airflow/example_dags/example_bash_operator.py
[2026-03-12T01:21:07.118+0000] {processor.py:925} INFO - DAG(s) 'example_bash_operator' retrieved from /home/ec2-user/environment/lab4_model_training/venv/lib64/python3.12/site-packages/airflow/example_dags/example_bash_operator.py
[2026-03-12T01:21:07.147+0000] {logging_mixin.py:190} INFO - [2026-03-12T01:21:07.147+0000] {dag.py:3239} INFO - Sync 1 DAGs
[2026-03-12T01:21:07.293+0000] {logging_mixin.py:190} INFO - [2026-03-12T01:21:07.293+0000] {dag.py:4180} INFO - Setting next_dagrun for example_bash_operator to 2026-03-11 00:00:00+00:00, run_after=2026-03-12 00:00:00+00:00
[2026-03-12T01:21:07.314+0000] {processor.py:208} INFO - Processing /home/ec2-user/environment/lab4_model_training/venv/lib64/python3.12/site-packages/airflow/example_dags/example_bash_operator.py took 0.221 seconds
[2026-03-12T01:22:13.603+0000] {processor.py:186} INFO - Started process (PID=19140) to work on /home/ec2-user/environment/lab4_model_training/venv/lib64/python3.12/site-packages/airflow/example_dags/example_bash_operator.py
[2026-03-12T01:22:13.604+0000] {processor.py:914} INFO - Processing file /home/ec2-user/environment/lab4_model_training/venv/lib64/python3.12/site-packages/airflow/example_dags/example_bash_operator.py for tasks to queue
[2026-03-12T01:22:13.606+0000] {logging_mixin.py:190} INFO - [2026-03-12T01:22:13.606+0000] {dagbag.py:588} INFO - Filling up the DagBag from /home/ec2-user/environment/lab4_model_training/venv/lib64/python3.12/site-packages/airflow/example_dags/example_bash_operator.py
[2026-03-12T01:22:13.622+0000] {processor.py:925} INFO - DAG(s) 'example_bash_operator' retrieved from /home/ec2-user/environment/lab4_model_training/venv/lib64/python3.12/site-packages/airflow/example_dags/example_bash_operator.py
[2026-03-12T01:22:13.650+0000] {logging_mixin.py:190} INFO - [2026-03-12T01:22:13.650+0000] {dag.py:3239} INFO - Sync 1 DAGs
[2026-03-12T01:22:13.674+0000] {logging_mixin.py:190} INFO - [2026-03-12T01:22:13.674+0000] {dag.py:4180} INFO - Setting next_dagrun for example_bash_operator to 2026-03-11 00:00:00+00:00, run_after=2026-03-12 00:00:00+00:00
[2026-03-12T01:22:13.697+0000] {processor.py:208} INFO - Processing /home/ec2-user/environment/lab4_model_training/venv/lib64/python3.12/site-packages/airflow/example_dags/example_bash_operator.py took 0.100 seconds
[2026-03-12T01:23:24.089+0000] {processor.py:186} INFO - Started process (PID=19450) to work on /home/ec2-user/environment/lab4_model_training/venv/lib64/python3.12/site-packages/airflow/example_dags/example_bash_operator.py
[2026-03-12T01:23:24.090+0000] {processor.py:914} INFO - Processing file /home/ec2-user/environment/lab4_model_training/venv/lib64/python3.12/site-packages/airflow/example_dags/example_bash_operator.py for tasks to queue
[2026-03-12T01:23:24.092+0000] {logging_mixin.py:190} INFO - [2026-03-12T01:23:24.091+0000] {dagbag.py:588} INFO - Filling up the DagBag from /home/ec2-user/environment/lab4_model_training/venv/lib64/python3.12/site-packages/airflow/example_dags/example_bash_operator.py
[2026-03-12T01:23:24.108+0000] {processor.py:925} INFO - DAG(s) 'example_bash_operator' retrieved from /home/ec2-user/environment/lab4_model_training/venv/lib64/python3.12/site-packages/airflow/example_dags/example_bash_operator.py
[2026-03-12T01:23:24.137+0000] {logging_mixin.py:190} INFO - [2026-03-12T01:23:24.136+0000] {dag.py:3239} INFO - Sync 1 DAGs
[2026-03-12T01:23:24.164+0000] {logging_mixin.py:190} INFO - [2026-03-12T01:23:24.164+0000] {dag.py:4180} INFO - Setting next_dagrun for example_bash_operator to 2026-03-11 00:00:00+00:00, run_after=2026-03-12 00:00:00+00:00
[2026-03-12T01:23:24.186+0000] {processor.py:208} INFO - Processing /home/ec2-user/environment/lab4_model_training/venv/lib64/python3.12/site-packages/airflow/example_dags/example_bash_operator.py took 0.103 seconds
[2026-03-12T01:24:38.215+0000] {processor.py:186} INFO - Started process (PID=19782) to work on /home/ec2-user/environment/lab4_model_training/venv/lib64/python3.12/site-packages/airflow/example_dags/example_bash_operator.py
[2026-03-12T01:24:38.216+0000] {processor.py:914} INFO - Processing file /home/ec2-user/environment/lab4_model_training/venv/lib64/python3.12/site-packages/airflow/example_dags/example_bash_operator.py for tasks to queue
[2026-03-12T01:24:38.219+0000] {logging_mixin.py:190} INFO - [2026-03-12T01:24:38.218+0000] {dagbag.py:588} INFO - Filling up the DagBag from /home/ec2-user/environment/lab4_model_training/venv/lib64/python3.12/site-packages/airflow/example_dags/example_bash_operator.py
[2026-03-12T01:24:38.237+0000] {processor.py:925} INFO - DAG(s) 'example_bash_operator' retrieved from /home/ec2-user/environment/lab4_model_training/venv/lib64/python3.12/site-packages/airflow/example_dags/example_bash_operator.py
[2026-03-12T01:24:38.266+0000] {logging_mixin.py:190} INFO - [2026-03-12T01:24:38.266+0000] {dag.py:3239} INFO - Sync 1 DAGs
[2026-03-12T01:24:38.287+0000] {logging_mixin.py:190} INFO - [2026-03-12T01:24:38.287+0000] {dag.py:4180} INFO - Setting next_dagrun for example_bash_operator to 2026-03-11 00:00:00+00:00, run_after=2026-03-12 00:00:00+00:00
[2026-03-12T01:24:38.310+0000] {processor.py:208} INFO - Processing /home/ec2-user/environment/lab4_model_training/venv/lib64/python3.12/site-packages/airflow/example_dags/example_bash_operator.py took 0.101 seconds
[2026-03-12T01:25:46.608+0000] {processor.py:186} INFO - Started process (PID=20041) to work on /home/ec2-user/environment/lab4_model_training/venv/lib64/python3.12/site-packages/airflow/example_dags/example_bash_operator.py
[2026-03-12T01:25:46.609+0000] {processor.py:914} INFO - Processing file /home/ec2-user/environment/lab4_model_training/venv/lib64/python3.12/site-packages/airflow/example_dags/example_bash_operator.py for tasks to queue
[2026-03-12T01:25:46.611+0000] {logging_mixin.py:190} INFO - [2026-03-12T01:25:46.611+0000] {dagbag.py:588} INFO - Filling up the DagBag from /home/ec2-user/environment/lab4_model_training/venv/lib64/python3.12/site-packages/airflow/example_dags/example_bash_operator.py
[2026-03-12T01:25:46.627+0000] {processor.py:925} INFO - DAG(s) 'example_bash_operator' retrieved from /home/ec2-user/environment/lab4_model_training/venv/lib64/python3.12/site-packages/airflow/example_dags/example_bash_operator.py
[2026-03-12T01:25:46.655+0000] {logging_mixin.py:190} INFO - [2026-03-12T01:25:46.655+0000] {dag.py:3239} INFO - Sync 1 DAGs
[2026-03-12T01:25:46.790+0000] {logging_mixin.py:190} INFO - [2026-03-12T01:25:46.790+0000] {dag.py:4180} INFO - Setting next_dagrun for example_bash_operator to 2026-03-11 00:00:00+00:00, run_after=2026-03-12 00:00:00+00:00
[2026-03-12T01:25:46.811+0000] {processor.py:208} INFO - Processing /home/ec2-user/environment/lab4_model_training/venv/lib64/python3.12/site-packages/airflow/example_dags/example_bash_operator.py took 0.209 seconds
[2026-03-12T01:26:54.648+0000] {processor.py:186} INFO - Started process (PID=20342) to work on /home/ec2-user/environment/lab4_model_training/venv/lib64/python3.12/site-packages/airflow/example_dags/example_bash_operator.py
[2026-03-12T01:26:54.650+0000] {processor.py:914} INFO - Processing file /home/ec2-user/environment/lab4_model_training/venv/lib64/python3.12/site-packages/airflow/example_dags/example_bash_operator.py for tasks to queue
[2026-03-12T01:26:54.652+0000] {logging_mixin.py:190} INFO - [2026-03-12T01:26:54.651+0000] {dagbag.py:588} INFO - Filling up the DagBag from /home/ec2-user/environment/lab4_model_training/venv/lib64/python3.12/site-packages/airflow/example_dags/example_bash_operator.py
[2026-03-12T01:26:54.668+0000] {processor.py:925} INFO - DAG(s) 'example_bash_operator' retrieved from /home/ec2-user/environment/lab4_model_training/venv/lib64/python3.12/site-packages/airflow/example_dags/example_bash_operator.py
[2026-03-12T01:26:54.696+0000] {logging_mixin.py:190} INFO - [2026-03-12T01:26:54.696+0000] {dag.py:3239} INFO - Sync 1 DAGs
[2026-03-12T01:26:54.718+0000] {logging_mixin.py:190} INFO - [2026-03-12T01:26:54.718+0000] {dag.py:4180} INFO - Setting next_dagrun for example_bash_operator to 2026-03-11 00:00:00+00:00, run_after=2026-03-12 00:00:00+00:00
[2026-03-12T01:26:54.740+0000] {processor.py:208} INFO - Processing /home/ec2-user/environment/lab4_model_training/venv/lib64/python3.12/site-packages/airflow/example_dags/example_bash_operator.py took 0.097 seconds
[2026-03-12T01:27:55.056+0000] {processor.py:186} INFO - Started process (PID=20576) to work on /home/ec2-user/environment/lab4_model_training/venv/lib64/python3.12/site-packages/airflow/example_dags/example_bash_operator.py
[2026-03-12T01:27:55.057+0000] {processor.py:914} INFO - Processing file /home/ec2-user/environment/lab4_model_training/venv/lib64/python3.12/site-packages/airflow/example_dags/example_bash_operator.py for tasks to queue
[2026-03-12T01:27:55.059+0000] {logging_mixin.py:190} INFO - [2026-03-12T01:27:55.059+0000] {dagbag.py:588} INFO - Filling up the DagBag from /home/ec2-user/environment/lab4_model_training/venv/lib64/python3.12/site-packages/airflow/example_dags/example_bash_operator.py
[2026-03-12T01:27:55.076+0000] {processor.py:925} INFO - DAG(s) 'example_bash_operator' retrieved from /home/ec2-user/environment/lab4_model_training/venv/lib64/python3.12/site-packages/airflow/example_dags/example_bash_operator.py
[2026-03-12T01:27:55.105+0000] {logging_mixin.py:190} INFO - [2026-03-12T01:27:55.105+0000] {dag.py:3239} INFO - Sync 1 DAGs
[2026-03-12T01:27:55.127+0000] {logging_mixin.py:190} INFO - [2026-03-12T01:27:55.127+0000] {dag.py:4180} INFO - Setting next_dagrun for example_bash_operator to 2026-03-11 00:00:00+00:00, run_after=2026-03-12 00:00:00+00:00
[2026-03-12T01:27:55.150+0000] {processor.py:208} INFO - Processing /home/ec2-user/environment/lab4_model_training/venv/lib64/python3.12/site-packages/airflow/example_dags/example_bash_operator.py took 0.100 seconds
[2026-03-12T01:28:55.830+0000] {processor.py:186} INFO - Started process (PID=20858) to work on /home/ec2-user/environment/lab4_model_training/venv/lib64/python3.12/site-packages/airflow/example_dags/example_bash_operator.py
[2026-03-12T01:28:55.832+0000] {processor.py:914} INFO - Processing file /home/ec2-user/environment/lab4_model_training/venv/lib64/python3.12/site-packages/airflow/example_dags/example_bash_operator.py for tasks to queue
[2026-03-12T01:28:55.835+0000] {logging_mixin.py:190} INFO - [2026-03-12T01:28:55.834+0000] {dagbag.py:588} INFO - Filling up the DagBag from /home/ec2-user/environment/lab4_model_training/venv/lib64/python3.12/site-packages/airflow/example_dags/example_bash_operator.py
[2026-03-12T01:28:55.852+0000] {processor.py:925} INFO - DAG(s) 'example_bash_operator' retrieved from /home/ec2-user/environment/lab4_model_training/venv/lib64/python3.12/site-packages/airflow/example_dags/example_bash_operator.py
[2026-03-12T01:28:55.882+0000] {logging_mixin.py:190} INFO - [2026-03-12T01:28:55.881+0000] {dag.py:3239} INFO - Sync 1 DAGs
[2026-03-12T01:28:55.904+0000] {logging_mixin.py:190} INFO - [2026-03-12T01:28:55.904+0000] {dag.py:4180} INFO - Setting next_dagrun for example_bash_operator to 2026-03-11 00:00:00+00:00, run_after=2026-03-12 00:00:00+00:00
[2026-03-12T01:28:55.927+0000] {processor.py:208} INFO - Processing /home/ec2-user/environment/lab4_model_training/venv/lib64/python3.12/site-packages/airflow/example_dags/example_bash_operator.py took 0.102 seconds
[2026-03-12T01:29:58.993+0000] {processor.py:186} INFO - Started process (PID=21272) to work on /home/ec2-user/environment/lab4_model_training/venv/lib64/python3.12/site-packages/airflow/example_dags/example_bash_operator.py
[2026-03-12T01:29:58.994+0000] {processor.py:914} INFO - Processing file /home/ec2-user/environment/lab4_model_training/venv/lib64/python3.12/site-packages/airflow/example_dags/example_bash_operator.py for tasks to queue
[2026-03-12T01:29:58.996+0000] {logging_mixin.py:190} INFO - [2026-03-12T01:29:58.996+0000] {dagbag.py:588} INFO - Filling up the DagBag from /home/ec2-user/environment/lab4_model_training/venv/lib64/python3.12/site-packages/airflow/example_dags/example_bash_operator.py
[2026-03-12T01:29:59.013+0000] {processor.py:925} INFO - DAG(s) 'example_bash_operator' retrieved from /home/ec2-user/environment/lab4_model_training/venv/lib64/python3.12/site-packages/airflow/example_dags/example_bash_operator.py
[2026-03-12T01:29:59.041+0000] {logging_mixin.py:190} INFO - [2026-03-12T01:29:59.041+0000] {dag.py:3239} INFO - Sync 1 DAGs
[2026-03-12T01:29:59.065+0000] {logging_mixin.py:190} INFO - [2026-03-12T01:29:59.065+0000] {dag.py:4180} INFO - Setting next_dagrun for example_bash_operator to 2026-03-11 00:00:00+00:00, run_after=2026-03-12 00:00:00+00:00
[2026-03-12T01:29:59.087+0000] {processor.py:208} INFO - Processing /home/ec2-user/environment/lab4_model_training/venv/lib64/python3.12/site-packages/airflow/example_dags/example_bash_operator.py took 0.100 seconds
[2026-03-12T01:30:58.999+0000] {processor.py:186} INFO - Started process (PID=21509) to work on /home/ec2-user/environment/lab4_model_training/venv/lib64/python3.12/site-packages/airflow/example_dags/example_bash_operator.py
[2026-03-12T01:30:59.001+0000] {processor.py:914} INFO - Processing file /home/ec2-user/environment/lab4_model_training/venv/lib64/python3.12/site-packages/airflow/example_dags/example_bash_operator.py for tasks to queue
[2026-03-12T01:30:59.003+0000] {logging_mixin.py:190} INFO - [2026-03-12T01:30:59.002+0000] {dagbag.py:588} INFO - Filling up the DagBag from /home/ec2-user/environment/lab4_model_training/venv/lib64/python3.12/site-packages/airflow/example_dags/example_bash_operator.py
[2026-03-12T01:30:59.019+0000] {processor.py:925} INFO - DAG(s) 'example_bash_operator' retrieved from /home/ec2-user/environment/lab4_model_training/venv/lib64/python3.12/site-packages/airflow/example_dags/example_bash_operator.py
[2026-03-12T01:30:59.048+0000] {logging_mixin.py:190} INFO - [2026-03-12T01:30:59.047+0000] {dag.py:3239} INFO - Sync 1 DAGs
[2026-03-12T01:30:59.069+0000] {logging_mixin.py:190} INFO - [2026-03-12T01:30:59.069+0000] {dag.py:4180} INFO - Setting next_dagrun for example_bash_operator to 2026-03-11 00:00:00+00:00, run_after=2026-03-12 00:00:00+00:00
[2026-03-12T01:30:59.093+0000] {processor.py:208} INFO - Processing /home/ec2-user/environment/lab4_model_training/venv/lib64/python3.12/site-packages/airflow/example_dags/example_bash_operator.py took 0.099 seconds
[2026-03-12T01:32:02.997+0000] {processor.py:186} INFO - Started process (PID=21815) to work on /home/ec2-user/environment/lab4_model_training/venv/lib64/python3.12/site-packages/airflow/example_dags/example_bash_operator.py
[2026-03-12T01:32:02.998+0000] {processor.py:914} INFO - Processing file /home/ec2-user/environment/lab4_model_training/venv/lib64/python3.12/site-packages/airflow/example_dags/example_bash_operator.py for tasks to queue
[2026-03-12T01:32:03.001+0000] {logging_mixin.py:190} INFO - [2026-03-12T01:32:03.000+0000] {dagbag.py:588} INFO - Filling up the DagBag from /home/ec2-user/environment/lab4_model_training/venv/lib64/python3.12/site-packages/airflow/example_dags/example_bash_operator.py
[2026-03-12T01:32:03.017+0000] {processor.py:925} INFO - DAG(s) 'example_bash_operator' retrieved from /home/ec2-user/environment/lab4_model_training/venv/lib64/python3.12/site-packages/airflow/example_dags/example_bash_operator.py
[2026-03-12T01:32:03.045+0000] {logging_mixin.py:190} INFO - [2026-03-12T01:32:03.044+0000] {dag.py:3239} INFO - Sync 1 DAGs
[2026-03-12T01:32:03.081+0000] {logging_mixin.py:190} INFO - [2026-03-12T01:32:03.081+0000] {dag.py:4180} INFO - Setting next_dagrun for example_bash_operator to 2026-03-11 00:00:00+00:00, run_after=2026-03-12 00:00:00+00:00
[2026-03-12T01:32:03.106+0000] {processor.py:208} INFO - Processing /home/ec2-user/environment/lab4_model_training/venv/lib64/python3.12/site-packages/airflow/example_dags/example_bash_operator.py took 0.115 seconds
[2026-03-12T01:33:02.983+0000] {processor.py:186} INFO - Started process (PID=22041) to work on /home/ec2-user/environment/lab4_model_training/venv/lib64/python3.12/site-packages/airflow/example_dags/example_bash_operator.py
[2026-03-12T01:33:02.984+0000] {processor.py:914} INFO - Processing file /home/ec2-user/environment/lab4_model_training/venv/lib64/python3.12/site-packages/airflow/example_dags/example_bash_operator.py for tasks to queue
[2026-03-12T01:33:02.987+0000] {logging_mixin.py:190} INFO - [2026-03-12T01:33:02.987+0000] {dagbag.py:588} INFO - Filling up the DagBag from /home/ec2-user/environment/lab4_model_training/venv/lib64/python3.12/site-packages/airflow/example_dags/example_bash_operator.py
[2026-03-12T01:33:03.004+0000] {processor.py:925} INFO - DAG(s) 'example_bash_operator' retrieved from /home/ec2-user/environment/lab4_model_training/venv/lib64/python3.12/site-packages/airflow/example_dags/example_bash_operator.py
[2026-03-12T01:33:03.033+0000] {logging_mixin.py:190} INFO - [2026-03-12T01:33:03.033+0000] {dag.py:3239} INFO - Sync 1 DAGs
[2026-03-12T01:33:03.055+0000] {logging_mixin.py:190} INFO - [2026-03-12T01:33:03.055+0000] {dag.py:4180} INFO - Setting next_dagrun for example_bash_operator to 2026-03-11 00:00:00+00:00, run_after=2026-03-12 00:00:00+00:00
[2026-03-12T01:33:03.079+0000] {processor.py:208} INFO - Processing /home/ec2-user/environment/lab4_model_training/venv/lib64/python3.12/site-packages/airflow/example_dags/example_bash_operator.py took 0.102 seconds
