[2026-03-12T00:35:41.645+0000] {processor.py:186} INFO - Started process (PID=6869) to work on /home/ec2-user/environment/lab4_model_training/venv/lib64/python3.12/site-packages/airflow/example_dags/example_time_delta_sensor_async.py
[2026-03-12T00:35:41.646+0000] {processor.py:914} INFO - Processing file /home/ec2-user/environment/lab4_model_training/venv/lib64/python3.12/site-packages/airflow/example_dags/example_time_delta_sensor_async.py for tasks to queue
[2026-03-12T00:35:41.648+0000] {logging_mixin.py:190} INFO - [2026-03-12T00:35:41.647+0000] {dagbag.py:588} INFO - Filling up the DagBag from /home/ec2-user/environment/lab4_model_training/venv/lib64/python3.12/site-packages/airflow/example_dags/example_time_delta_sensor_async.py
[2026-03-12T00:35:41.656+0000] {processor.py:925} INFO - DAG(s) 'example_time_delta_sensor_async' retrieved from /home/ec2-user/environment/lab4_model_training/venv/lib64/python3.12/site-packages/airflow/example_dags/example_time_delta_sensor_async.py
[2026-03-12T00:35:41.748+0000] {logging_mixin.py:190} INFO - [2026-03-12T00:35:41.747+0000] {override.py:1930} INFO - Created Permission View: can read on DAG:example_time_delta_sensor_async
[2026-03-12T00:35:41.768+0000] {logging_mixin.py:190} INFO - [2026-03-12T00:35:41.768+0000] {override.py:1930} INFO - Created Permission View: can delete on DAG:example_time_delta_sensor_async
[2026-03-12T00:35:41.778+0000] {logging_mixin.py:190} INFO - [2026-03-12T00:35:41.778+0000] {override.py:1930} INFO - Created Permission View: can edit on DAG:example_time_delta_sensor_async
[2026-03-12T00:35:41.794+0000] {logging_mixin.py:190} INFO - [2026-03-12T00:35:41.793+0000] {override.py:1930} INFO - Created Permission View: can read on DAG Run:example_time_delta_sensor_async
[2026-03-12T00:35:41.805+0000] {logging_mixin.py:190} INFO - [2026-03-12T00:35:41.804+0000] {override.py:1930} INFO - Created Permission View: menu access on DAG Run:example_time_delta_sensor_async
[2026-03-12T00:35:41.815+0000] {logging_mixin.py:190} INFO - [2026-03-12T00:35:41.815+0000] {override.py:1930} INFO - Created Permission View: can create on DAG Run:example_time_delta_sensor_async
[2026-03-12T00:35:41.826+0000] {logging_mixin.py:190} INFO - [2026-03-12T00:35:41.826+0000] {override.py:1930} INFO - Created Permission View: can delete on DAG Run:example_time_delta_sensor_async
[2026-03-12T00:35:41.827+0000] {logging_mixin.py:190} INFO - [2026-03-12T00:35:41.826+0000] {dag.py:3239} INFO - Sync 1 DAGs
[2026-03-12T00:35:41.843+0000] {logging_mixin.py:190} INFO - [2026-03-12T00:35:41.843+0000] {dag.py:3262} INFO - Creating ORM DAG for example_time_delta_sensor_async
[2026-03-12T00:35:41.844+0000] {logging_mixin.py:190} INFO - [2026-03-12T00:35:41.844+0000] {dag.py:4180} INFO - Setting next_dagrun for example_time_delta_sensor_async to None, run_after=None
[2026-03-12T00:35:41.867+0000] {processor.py:208} INFO - Processing /home/ec2-user/environment/lab4_model_training/venv/lib64/python3.12/site-packages/airflow/example_dags/example_time_delta_sensor_async.py took 0.229 seconds
[2026-03-12T00:36:47.750+0000] {processor.py:186} INFO - Started process (PID=7206) to work on /home/ec2-user/environment/lab4_model_training/venv/lib64/python3.12/site-packages/airflow/example_dags/example_time_delta_sensor_async.py
[2026-03-12T00:36:47.751+0000] {processor.py:914} INFO - Processing file /home/ec2-user/environment/lab4_model_training/venv/lib64/python3.12/site-packages/airflow/example_dags/example_time_delta_sensor_async.py for tasks to queue
[2026-03-12T00:36:47.754+0000] {logging_mixin.py:190} INFO - [2026-03-12T00:36:47.754+0000] {dagbag.py:588} INFO - Filling up the DagBag from /home/ec2-user/environment/lab4_model_training/venv/lib64/python3.12/site-packages/airflow/example_dags/example_time_delta_sensor_async.py
[2026-03-12T00:36:47.762+0000] {processor.py:925} INFO - DAG(s) 'example_time_delta_sensor_async' retrieved from /home/ec2-user/environment/lab4_model_training/venv/lib64/python3.12/site-packages/airflow/example_dags/example_time_delta_sensor_async.py
[2026-03-12T00:36:47.781+0000] {logging_mixin.py:190} INFO - [2026-03-12T00:36:47.780+0000] {dag.py:3239} INFO - Sync 1 DAGs
[2026-03-12T00:36:47.796+0000] {logging_mixin.py:190} INFO - [2026-03-12T00:36:47.796+0000] {dag.py:4180} INFO - Setting next_dagrun for example_time_delta_sensor_async to None, run_after=None
[2026-03-12T00:36:47.819+0000] {processor.py:208} INFO - Processing /home/ec2-user/environment/lab4_model_training/venv/lib64/python3.12/site-packages/airflow/example_dags/example_time_delta_sensor_async.py took 0.074 seconds
[2026-03-12T00:38:18.197+0000] {processor.py:186} INFO - Started process (PID=7508) to work on /home/ec2-user/environment/lab4_model_training/venv/lib64/python3.12/site-packages/airflow/example_dags/example_time_delta_sensor_async.py
[2026-03-12T00:38:18.198+0000] {processor.py:914} INFO - Processing file /home/ec2-user/environment/lab4_model_training/venv/lib64/python3.12/site-packages/airflow/example_dags/example_time_delta_sensor_async.py for tasks to queue
[2026-03-12T00:38:18.200+0000] {logging_mixin.py:190} INFO - [2026-03-12T00:38:18.200+0000] {dagbag.py:588} INFO - Filling up the DagBag from /home/ec2-user/environment/lab4_model_training/venv/lib64/python3.12/site-packages/airflow/example_dags/example_time_delta_sensor_async.py
[2026-03-12T00:38:18.208+0000] {processor.py:925} INFO - DAG(s) 'example_time_delta_sensor_async' retrieved from /home/ec2-user/environment/lab4_model_training/venv/lib64/python3.12/site-packages/airflow/example_dags/example_time_delta_sensor_async.py
[2026-03-12T00:38:18.228+0000] {logging_mixin.py:190} INFO - [2026-03-12T00:38:18.227+0000] {dag.py:3239} INFO - Sync 1 DAGs
[2026-03-12T00:38:18.244+0000] {logging_mixin.py:190} INFO - [2026-03-12T00:38:18.244+0000] {dag.py:4180} INFO - Setting next_dagrun for example_time_delta_sensor_async to None, run_after=None
[2026-03-12T00:38:18.267+0000] {processor.py:208} INFO - Processing /home/ec2-user/environment/lab4_model_training/venv/lib64/python3.12/site-packages/airflow/example_dags/example_time_delta_sensor_async.py took 0.075 seconds
[2026-03-12T00:39:14.023+0000] {processor.py:186} INFO - Started process (PID=7742) to work on /home/ec2-user/environment/lab4_model_training/venv/lib64/python3.12/site-packages/airflow/example_dags/example_time_delta_sensor_async.py
[2026-03-12T00:39:14.024+0000] {processor.py:914} INFO - Processing file /home/ec2-user/environment/lab4_model_training/venv/lib64/python3.12/site-packages/airflow/example_dags/example_time_delta_sensor_async.py for tasks to queue
[2026-03-12T00:39:14.026+0000] {logging_mixin.py:190} INFO - [2026-03-12T00:39:14.026+0000] {dagbag.py:588} INFO - Filling up the DagBag from /home/ec2-user/environment/lab4_model_training/venv/lib64/python3.12/site-packages/airflow/example_dags/example_time_delta_sensor_async.py
[2026-03-12T00:39:14.034+0000] {processor.py:925} INFO - DAG(s) 'example_time_delta_sensor_async' retrieved from /home/ec2-user/environment/lab4_model_training/venv/lib64/python3.12/site-packages/airflow/example_dags/example_time_delta_sensor_async.py
[2026-03-12T00:39:14.053+0000] {logging_mixin.py:190} INFO - [2026-03-12T00:39:14.053+0000] {dag.py:3239} INFO - Sync 1 DAGs
[2026-03-12T00:39:14.068+0000] {logging_mixin.py:190} INFO - [2026-03-12T00:39:14.068+0000] {dag.py:4180} INFO - Setting next_dagrun for example_time_delta_sensor_async to None, run_after=None
[2026-03-12T00:39:14.091+0000] {processor.py:208} INFO - Processing /home/ec2-user/environment/lab4_model_training/venv/lib64/python3.12/site-packages/airflow/example_dags/example_time_delta_sensor_async.py took 0.073 seconds
[2026-03-12T00:40:20.404+0000] {processor.py:186} INFO - Started process (PID=8039) to work on /home/ec2-user/environment/lab4_model_training/venv/lib64/python3.12/site-packages/airflow/example_dags/example_time_delta_sensor_async.py
[2026-03-12T00:40:20.405+0000] {processor.py:914} INFO - Processing file /home/ec2-user/environment/lab4_model_training/venv/lib64/python3.12/site-packages/airflow/example_dags/example_time_delta_sensor_async.py for tasks to queue
[2026-03-12T00:40:20.408+0000] {logging_mixin.py:190} INFO - [2026-03-12T00:40:20.408+0000] {dagbag.py:588} INFO - Filling up the DagBag from /home/ec2-user/environment/lab4_model_training/venv/lib64/python3.12/site-packages/airflow/example_dags/example_time_delta_sensor_async.py
[2026-03-12T00:40:20.417+0000] {processor.py:925} INFO - DAG(s) 'example_time_delta_sensor_async' retrieved from /home/ec2-user/environment/lab4_model_training/venv/lib64/python3.12/site-packages/airflow/example_dags/example_time_delta_sensor_async.py
[2026-03-12T00:40:20.435+0000] {logging_mixin.py:190} INFO - [2026-03-12T00:40:20.435+0000] {dag.py:3239} INFO - Sync 1 DAGs
[2026-03-12T00:40:20.453+0000] {logging_mixin.py:190} INFO - [2026-03-12T00:40:20.452+0000] {dag.py:4180} INFO - Setting next_dagrun for example_time_delta_sensor_async to None, run_after=None
[2026-03-12T00:40:20.478+0000] {processor.py:208} INFO - Processing /home/ec2-user/environment/lab4_model_training/venv/lib64/python3.12/site-packages/airflow/example_dags/example_time_delta_sensor_async.py took 0.078 seconds
[2026-03-12T00:41:20.033+0000] {processor.py:186} INFO - Started process (PID=8323) to work on /home/ec2-user/environment/lab4_model_training/venv/lib64/python3.12/site-packages/airflow/example_dags/example_time_delta_sensor_async.py
[2026-03-12T00:41:20.034+0000] {processor.py:914} INFO - Processing file /home/ec2-user/environment/lab4_model_training/venv/lib64/python3.12/site-packages/airflow/example_dags/example_time_delta_sensor_async.py for tasks to queue
[2026-03-12T00:41:20.036+0000] {logging_mixin.py:190} INFO - [2026-03-12T00:41:20.036+0000] {dagbag.py:588} INFO - Filling up the DagBag from /home/ec2-user/environment/lab4_model_training/venv/lib64/python3.12/site-packages/airflow/example_dags/example_time_delta_sensor_async.py
[2026-03-12T00:41:20.044+0000] {processor.py:925} INFO - DAG(s) 'example_time_delta_sensor_async' retrieved from /home/ec2-user/environment/lab4_model_training/venv/lib64/python3.12/site-packages/airflow/example_dags/example_time_delta_sensor_async.py
[2026-03-12T00:41:20.061+0000] {logging_mixin.py:190} INFO - [2026-03-12T00:41:20.061+0000] {dag.py:3239} INFO - Sync 1 DAGs
[2026-03-12T00:41:20.077+0000] {logging_mixin.py:190} INFO - [2026-03-12T00:41:20.077+0000] {dag.py:4180} INFO - Setting next_dagrun for example_time_delta_sensor_async to None, run_after=None
[2026-03-12T00:41:20.100+0000] {processor.py:208} INFO - Processing /home/ec2-user/environment/lab4_model_training/venv/lib64/python3.12/site-packages/airflow/example_dags/example_time_delta_sensor_async.py took 0.072 seconds
[2026-03-12T00:42:23.505+0000] {processor.py:186} INFO - Started process (PID=8572) to work on /home/ec2-user/environment/lab4_model_training/venv/lib64/python3.12/site-packages/airflow/example_dags/example_time_delta_sensor_async.py
[2026-03-12T00:42:23.506+0000] {processor.py:914} INFO - Processing file /home/ec2-user/environment/lab4_model_training/venv/lib64/python3.12/site-packages/airflow/example_dags/example_time_delta_sensor_async.py for tasks to queue
[2026-03-12T00:42:23.509+0000] {logging_mixin.py:190} INFO - [2026-03-12T00:42:23.509+0000] {dagbag.py:588} INFO - Filling up the DagBag from /home/ec2-user/environment/lab4_model_training/venv/lib64/python3.12/site-packages/airflow/example_dags/example_time_delta_sensor_async.py
[2026-03-12T00:42:23.517+0000] {processor.py:925} INFO - DAG(s) 'example_time_delta_sensor_async' retrieved from /home/ec2-user/environment/lab4_model_training/venv/lib64/python3.12/site-packages/airflow/example_dags/example_time_delta_sensor_async.py
[2026-03-12T00:42:23.534+0000] {logging_mixin.py:190} INFO - [2026-03-12T00:42:23.534+0000] {dag.py:3239} INFO - Sync 1 DAGs
[2026-03-12T00:42:23.549+0000] {logging_mixin.py:190} INFO - [2026-03-12T00:42:23.549+0000] {dag.py:4180} INFO - Setting next_dagrun for example_time_delta_sensor_async to None, run_after=None
[2026-03-12T00:42:23.572+0000] {processor.py:208} INFO - Processing /home/ec2-user/environment/lab4_model_training/venv/lib64/python3.12/site-packages/airflow/example_dags/example_time_delta_sensor_async.py took 0.071 seconds
[2026-03-12T00:43:22.058+0000] {processor.py:186} INFO - Started process (PID=8853) to work on /home/ec2-user/environment/lab4_model_training/venv/lib64/python3.12/site-packages/airflow/example_dags/example_time_delta_sensor_async.py
[2026-03-12T00:43:22.059+0000] {processor.py:914} INFO - Processing file /home/ec2-user/environment/lab4_model_training/venv/lib64/python3.12/site-packages/airflow/example_dags/example_time_delta_sensor_async.py for tasks to queue
[2026-03-12T00:43:22.062+0000] {logging_mixin.py:190} INFO - [2026-03-12T00:43:22.061+0000] {dagbag.py:588} INFO - Filling up the DagBag from /home/ec2-user/environment/lab4_model_training/venv/lib64/python3.12/site-packages/airflow/example_dags/example_time_delta_sensor_async.py
[2026-03-12T00:43:22.069+0000] {processor.py:925} INFO - DAG(s) 'example_time_delta_sensor_async' retrieved from /home/ec2-user/environment/lab4_model_training/venv/lib64/python3.12/site-packages/airflow/example_dags/example_time_delta_sensor_async.py
[2026-03-12T00:43:22.088+0000] {logging_mixin.py:190} INFO - [2026-03-12T00:43:22.088+0000] {dag.py:3239} INFO - Sync 1 DAGs
[2026-03-12T00:43:22.106+0000] {logging_mixin.py:190} INFO - [2026-03-12T00:43:22.105+0000] {dag.py:4180} INFO - Setting next_dagrun for example_time_delta_sensor_async to None, run_after=None
[2026-03-12T00:43:22.130+0000] {processor.py:208} INFO - Processing /home/ec2-user/environment/lab4_model_training/venv/lib64/python3.12/site-packages/airflow/example_dags/example_time_delta_sensor_async.py took 0.077 seconds
[2026-03-12T00:44:26.904+0000] {processor.py:186} INFO - Started process (PID=9182) to work on /home/ec2-user/environment/lab4_model_training/venv/lib64/python3.12/site-packages/airflow/example_dags/example_time_delta_sensor_async.py
[2026-03-12T00:44:26.906+0000] {processor.py:914} INFO - Processing file /home/ec2-user/environment/lab4_model_training/venv/lib64/python3.12/site-packages/airflow/example_dags/example_time_delta_sensor_async.py for tasks to queue
[2026-03-12T00:44:26.908+0000] {logging_mixin.py:190} INFO - [2026-03-12T00:44:26.907+0000] {dagbag.py:588} INFO - Filling up the DagBag from /home/ec2-user/environment/lab4_model_training/venv/lib64/python3.12/site-packages/airflow/example_dags/example_time_delta_sensor_async.py
[2026-03-12T00:44:26.916+0000] {processor.py:925} INFO - DAG(s) 'example_time_delta_sensor_async' retrieved from /home/ec2-user/environment/lab4_model_training/venv/lib64/python3.12/site-packages/airflow/example_dags/example_time_delta_sensor_async.py
[2026-03-12T00:44:26.935+0000] {logging_mixin.py:190} INFO - [2026-03-12T00:44:26.935+0000] {dag.py:3239} INFO - Sync 1 DAGs
[2026-03-12T00:44:26.951+0000] {logging_mixin.py:190} INFO - [2026-03-12T00:44:26.951+0000] {dag.py:4180} INFO - Setting next_dagrun for example_time_delta_sensor_async to None, run_after=None
[2026-03-12T00:44:26.973+0000] {processor.py:208} INFO - Processing /home/ec2-user/environment/lab4_model_training/venv/lib64/python3.12/site-packages/airflow/example_dags/example_time_delta_sensor_async.py took 0.074 seconds
[2026-03-12T00:46:15.191+0000] {processor.py:186} INFO - Started process (PID=9654) to work on /home/ec2-user/environment/lab4_model_training/venv/lib64/python3.12/site-packages/airflow/example_dags/example_time_delta_sensor_async.py
[2026-03-12T00:46:15.192+0000] {processor.py:914} INFO - Processing file /home/ec2-user/environment/lab4_model_training/venv/lib64/python3.12/site-packages/airflow/example_dags/example_time_delta_sensor_async.py for tasks to queue
[2026-03-12T00:46:15.194+0000] {logging_mixin.py:190} INFO - [2026-03-12T00:46:15.194+0000] {dagbag.py:588} INFO - Filling up the DagBag from /home/ec2-user/environment/lab4_model_training/venv/lib64/python3.12/site-packages/airflow/example_dags/example_time_delta_sensor_async.py
[2026-03-12T00:46:15.203+0000] {processor.py:925} INFO - DAG(s) 'example_time_delta_sensor_async' retrieved from /home/ec2-user/environment/lab4_model_training/venv/lib64/python3.12/site-packages/airflow/example_dags/example_time_delta_sensor_async.py
[2026-03-12T00:46:15.222+0000] {logging_mixin.py:190} INFO - [2026-03-12T00:46:15.222+0000] {dag.py:3239} INFO - Sync 1 DAGs
[2026-03-12T00:46:15.239+0000] {logging_mixin.py:190} INFO - [2026-03-12T00:46:15.239+0000] {dag.py:4180} INFO - Setting next_dagrun for example_time_delta_sensor_async to None, run_after=None
[2026-03-12T00:46:15.264+0000] {processor.py:208} INFO - Processing /home/ec2-user/environment/lab4_model_training/venv/lib64/python3.12/site-packages/airflow/example_dags/example_time_delta_sensor_async.py took 0.078 seconds
[2026-03-12T00:47:56.522+0000] {processor.py:186} INFO - Started process (PID=10092) to work on /home/ec2-user/environment/lab4_model_training/venv/lib64/python3.12/site-packages/airflow/example_dags/example_time_delta_sensor_async.py
[2026-03-12T00:47:56.524+0000] {processor.py:914} INFO - Processing file /home/ec2-user/environment/lab4_model_training/venv/lib64/python3.12/site-packages/airflow/example_dags/example_time_delta_sensor_async.py for tasks to queue
[2026-03-12T00:47:56.526+0000] {logging_mixin.py:190} INFO - [2026-03-12T00:47:56.525+0000] {dagbag.py:588} INFO - Filling up the DagBag from /home/ec2-user/environment/lab4_model_training/venv/lib64/python3.12/site-packages/airflow/example_dags/example_time_delta_sensor_async.py
[2026-03-12T00:47:56.534+0000] {processor.py:925} INFO - DAG(s) 'example_time_delta_sensor_async' retrieved from /home/ec2-user/environment/lab4_model_training/venv/lib64/python3.12/site-packages/airflow/example_dags/example_time_delta_sensor_async.py
[2026-03-12T00:47:56.553+0000] {logging_mixin.py:190} INFO - [2026-03-12T00:47:56.553+0000] {dag.py:3239} INFO - Sync 1 DAGs
[2026-03-12T00:47:56.571+0000] {logging_mixin.py:190} INFO - [2026-03-12T00:47:56.571+0000] {dag.py:4180} INFO - Setting next_dagrun for example_time_delta_sensor_async to None, run_after=None
[2026-03-12T00:47:56.593+0000] {processor.py:208} INFO - Processing /home/ec2-user/environment/lab4_model_training/venv/lib64/python3.12/site-packages/airflow/example_dags/example_time_delta_sensor_async.py took 0.076 seconds
[2026-03-12T00:49:05.711+0000] {processor.py:186} INFO - Started process (PID=10359) to work on /home/ec2-user/environment/lab4_model_training/venv/lib64/python3.12/site-packages/airflow/example_dags/example_time_delta_sensor_async.py
[2026-03-12T00:49:05.712+0000] {processor.py:914} INFO - Processing file /home/ec2-user/environment/lab4_model_training/venv/lib64/python3.12/site-packages/airflow/example_dags/example_time_delta_sensor_async.py for tasks to queue
[2026-03-12T00:49:05.714+0000] {logging_mixin.py:190} INFO - [2026-03-12T00:49:05.714+0000] {dagbag.py:588} INFO - Filling up the DagBag from /home/ec2-user/environment/lab4_model_training/venv/lib64/python3.12/site-packages/airflow/example_dags/example_time_delta_sensor_async.py
[2026-03-12T00:49:05.722+0000] {processor.py:925} INFO - DAG(s) 'example_time_delta_sensor_async' retrieved from /home/ec2-user/environment/lab4_model_training/venv/lib64/python3.12/site-packages/airflow/example_dags/example_time_delta_sensor_async.py
[2026-03-12T00:49:05.740+0000] {logging_mixin.py:190} INFO - [2026-03-12T00:49:05.739+0000] {dag.py:3239} INFO - Sync 1 DAGs
[2026-03-12T00:49:05.755+0000] {logging_mixin.py:190} INFO - [2026-03-12T00:49:05.755+0000] {dag.py:4180} INFO - Setting next_dagrun for example_time_delta_sensor_async to None, run_after=None
[2026-03-12T00:49:05.778+0000] {processor.py:208} INFO - Processing /home/ec2-user/environment/lab4_model_training/venv/lib64/python3.12/site-packages/airflow/example_dags/example_time_delta_sensor_async.py took 0.072 seconds
[2026-03-12T00:50:11.347+0000] {processor.py:186} INFO - Started process (PID=10702) to work on /home/ec2-user/environment/lab4_model_training/venv/lib64/python3.12/site-packages/airflow/example_dags/example_time_delta_sensor_async.py
[2026-03-12T00:50:11.348+0000] {processor.py:914} INFO - Processing file /home/ec2-user/environment/lab4_model_training/venv/lib64/python3.12/site-packages/airflow/example_dags/example_time_delta_sensor_async.py for tasks to queue
[2026-03-12T00:50:11.351+0000] {logging_mixin.py:190} INFO - [2026-03-12T00:50:11.350+0000] {dagbag.py:588} INFO - Filling up the DagBag from /home/ec2-user/environment/lab4_model_training/venv/lib64/python3.12/site-packages/airflow/example_dags/example_time_delta_sensor_async.py
[2026-03-12T00:50:11.359+0000] {processor.py:925} INFO - DAG(s) 'example_time_delta_sensor_async' retrieved from /home/ec2-user/environment/lab4_model_training/venv/lib64/python3.12/site-packages/airflow/example_dags/example_time_delta_sensor_async.py
[2026-03-12T00:50:11.377+0000] {logging_mixin.py:190} INFO - [2026-03-12T00:50:11.376+0000] {dag.py:3239} INFO - Sync 1 DAGs
[2026-03-12T00:50:11.409+0000] {logging_mixin.py:190} INFO - [2026-03-12T00:50:11.408+0000] {dag.py:4180} INFO - Setting next_dagrun for example_time_delta_sensor_async to None, run_after=None
[2026-03-12T00:50:11.431+0000] {processor.py:208} INFO - Processing /home/ec2-user/environment/lab4_model_training/venv/lib64/python3.12/site-packages/airflow/example_dags/example_time_delta_sensor_async.py took 0.089 seconds
[2026-03-12T00:51:11.040+0000] {processor.py:186} INFO - Started process (PID=10986) to work on /home/ec2-user/environment/lab4_model_training/venv/lib64/python3.12/site-packages/airflow/example_dags/example_time_delta_sensor_async.py
[2026-03-12T00:51:11.041+0000] {processor.py:914} INFO - Processing file /home/ec2-user/environment/lab4_model_training/venv/lib64/python3.12/site-packages/airflow/example_dags/example_time_delta_sensor_async.py for tasks to queue
[2026-03-12T00:51:11.044+0000] {logging_mixin.py:190} INFO - [2026-03-12T00:51:11.043+0000] {dagbag.py:588} INFO - Filling up the DagBag from /home/ec2-user/environment/lab4_model_training/venv/lib64/python3.12/site-packages/airflow/example_dags/example_time_delta_sensor_async.py
[2026-03-12T00:51:11.053+0000] {processor.py:925} INFO - DAG(s) 'example_time_delta_sensor_async' retrieved from /home/ec2-user/environment/lab4_model_training/venv/lib64/python3.12/site-packages/airflow/example_dags/example_time_delta_sensor_async.py
[2026-03-12T00:51:11.072+0000] {logging_mixin.py:190} INFO - [2026-03-12T00:51:11.072+0000] {dag.py:3239} INFO - Sync 1 DAGs
[2026-03-12T00:51:11.091+0000] {logging_mixin.py:190} INFO - [2026-03-12T00:51:11.090+0000] {dag.py:4180} INFO - Setting next_dagrun for example_time_delta_sensor_async to None, run_after=None
[2026-03-12T00:51:11.116+0000] {processor.py:208} INFO - Processing /home/ec2-user/environment/lab4_model_training/venv/lib64/python3.12/site-packages/airflow/example_dags/example_time_delta_sensor_async.py took 0.081 seconds
[2026-03-12T00:52:12.019+0000] {processor.py:186} INFO - Started process (PID=11249) to work on /home/ec2-user/environment/lab4_model_training/venv/lib64/python3.12/site-packages/airflow/example_dags/example_time_delta_sensor_async.py
[2026-03-12T00:52:12.020+0000] {processor.py:914} INFO - Processing file /home/ec2-user/environment/lab4_model_training/venv/lib64/python3.12/site-packages/airflow/example_dags/example_time_delta_sensor_async.py for tasks to queue
[2026-03-12T00:52:12.024+0000] {logging_mixin.py:190} INFO - [2026-03-12T00:52:12.023+0000] {dagbag.py:588} INFO - Filling up the DagBag from /home/ec2-user/environment/lab4_model_training/venv/lib64/python3.12/site-packages/airflow/example_dags/example_time_delta_sensor_async.py
[2026-03-12T00:52:12.032+0000] {processor.py:925} INFO - DAG(s) 'example_time_delta_sensor_async' retrieved from /home/ec2-user/environment/lab4_model_training/venv/lib64/python3.12/site-packages/airflow/example_dags/example_time_delta_sensor_async.py
[2026-03-12T00:52:12.050+0000] {logging_mixin.py:190} INFO - [2026-03-12T00:52:12.050+0000] {dag.py:3239} INFO - Sync 1 DAGs
[2026-03-12T00:52:12.070+0000] {logging_mixin.py:190} INFO - [2026-03-12T00:52:12.069+0000] {dag.py:4180} INFO - Setting next_dagrun for example_time_delta_sensor_async to None, run_after=None
[2026-03-12T00:52:12.101+0000] {processor.py:208} INFO - Processing /home/ec2-user/environment/lab4_model_training/venv/lib64/python3.12/site-packages/airflow/example_dags/example_time_delta_sensor_async.py took 0.087 seconds
[2026-03-12T00:53:13.575+0000] {processor.py:186} INFO - Started process (PID=11556) to work on /home/ec2-user/environment/lab4_model_training/venv/lib64/python3.12/site-packages/airflow/example_dags/example_time_delta_sensor_async.py
[2026-03-12T00:53:13.576+0000] {processor.py:914} INFO - Processing file /home/ec2-user/environment/lab4_model_training/venv/lib64/python3.12/site-packages/airflow/example_dags/example_time_delta_sensor_async.py for tasks to queue
[2026-03-12T00:53:13.578+0000] {logging_mixin.py:190} INFO - [2026-03-12T00:53:13.577+0000] {dagbag.py:588} INFO - Filling up the DagBag from /home/ec2-user/environment/lab4_model_training/venv/lib64/python3.12/site-packages/airflow/example_dags/example_time_delta_sensor_async.py
[2026-03-12T00:53:13.585+0000] {processor.py:925} INFO - DAG(s) 'example_time_delta_sensor_async' retrieved from /home/ec2-user/environment/lab4_model_training/venv/lib64/python3.12/site-packages/airflow/example_dags/example_time_delta_sensor_async.py
[2026-03-12T00:53:13.602+0000] {logging_mixin.py:190} INFO - [2026-03-12T00:53:13.602+0000] {dag.py:3239} INFO - Sync 1 DAGs
[2026-03-12T00:53:13.617+0000] {logging_mixin.py:190} INFO - [2026-03-12T00:53:13.617+0000] {dag.py:4180} INFO - Setting next_dagrun for example_time_delta_sensor_async to None, run_after=None
[2026-03-12T00:53:13.640+0000] {processor.py:208} INFO - Processing /home/ec2-user/environment/lab4_model_training/venv/lib64/python3.12/site-packages/airflow/example_dags/example_time_delta_sensor_async.py took 0.071 seconds
[2026-03-12T00:54:12.956+0000] {processor.py:186} INFO - Started process (PID=11778) to work on /home/ec2-user/environment/lab4_model_training/venv/lib64/python3.12/site-packages/airflow/example_dags/example_time_delta_sensor_async.py
[2026-03-12T00:54:12.958+0000] {processor.py:914} INFO - Processing file /home/ec2-user/environment/lab4_model_training/venv/lib64/python3.12/site-packages/airflow/example_dags/example_time_delta_sensor_async.py for tasks to queue
[2026-03-12T00:54:12.960+0000] {logging_mixin.py:190} INFO - [2026-03-12T00:54:12.959+0000] {dagbag.py:588} INFO - Filling up the DagBag from /home/ec2-user/environment/lab4_model_training/venv/lib64/python3.12/site-packages/airflow/example_dags/example_time_delta_sensor_async.py
[2026-03-12T00:54:12.967+0000] {processor.py:925} INFO - DAG(s) 'example_time_delta_sensor_async' retrieved from /home/ec2-user/environment/lab4_model_training/venv/lib64/python3.12/site-packages/airflow/example_dags/example_time_delta_sensor_async.py
[2026-03-12T00:54:12.985+0000] {logging_mixin.py:190} INFO - [2026-03-12T00:54:12.984+0000] {dag.py:3239} INFO - Sync 1 DAGs
[2026-03-12T00:54:13.000+0000] {logging_mixin.py:190} INFO - [2026-03-12T00:54:13.000+0000] {dag.py:4180} INFO - Setting next_dagrun for example_time_delta_sensor_async to None, run_after=None
[2026-03-12T00:54:13.022+0000] {processor.py:208} INFO - Processing /home/ec2-user/environment/lab4_model_training/venv/lib64/python3.12/site-packages/airflow/example_dags/example_time_delta_sensor_async.py took 0.071 seconds
[2026-03-12T00:55:13.099+0000] {processor.py:186} INFO - Started process (PID=12052) to work on /home/ec2-user/environment/lab4_model_training/venv/lib64/python3.12/site-packages/airflow/example_dags/example_time_delta_sensor_async.py
[2026-03-12T00:55:13.101+0000] {processor.py:914} INFO - Processing file /home/ec2-user/environment/lab4_model_training/venv/lib64/python3.12/site-packages/airflow/example_dags/example_time_delta_sensor_async.py for tasks to queue
[2026-03-12T00:55:13.103+0000] {logging_mixin.py:190} INFO - [2026-03-12T00:55:13.102+0000] {dagbag.py:588} INFO - Filling up the DagBag from /home/ec2-user/environment/lab4_model_training/venv/lib64/python3.12/site-packages/airflow/example_dags/example_time_delta_sensor_async.py
[2026-03-12T00:55:13.110+0000] {processor.py:925} INFO - DAG(s) 'example_time_delta_sensor_async' retrieved from /home/ec2-user/environment/lab4_model_training/venv/lib64/python3.12/site-packages/airflow/example_dags/example_time_delta_sensor_async.py
[2026-03-12T00:55:13.128+0000] {logging_mixin.py:190} INFO - [2026-03-12T00:55:13.128+0000] {dag.py:3239} INFO - Sync 1 DAGs
[2026-03-12T00:55:13.144+0000] {logging_mixin.py:190} INFO - [2026-03-12T00:55:13.144+0000] {dag.py:4180} INFO - Setting next_dagrun for example_time_delta_sensor_async to None, run_after=None
[2026-03-12T00:55:13.168+0000] {processor.py:208} INFO - Processing /home/ec2-user/environment/lab4_model_training/venv/lib64/python3.12/site-packages/airflow/example_dags/example_time_delta_sensor_async.py took 0.075 seconds
[2026-03-12T00:56:16.145+0000] {processor.py:186} INFO - Started process (PID=12291) to work on /home/ec2-user/environment/lab4_model_training/venv/lib64/python3.12/site-packages/airflow/example_dags/example_time_delta_sensor_async.py
[2026-03-12T00:56:16.146+0000] {processor.py:914} INFO - Processing file /home/ec2-user/environment/lab4_model_training/venv/lib64/python3.12/site-packages/airflow/example_dags/example_time_delta_sensor_async.py for tasks to queue
[2026-03-12T00:56:16.148+0000] {logging_mixin.py:190} INFO - [2026-03-12T00:56:16.148+0000] {dagbag.py:588} INFO - Filling up the DagBag from /home/ec2-user/environment/lab4_model_training/venv/lib64/python3.12/site-packages/airflow/example_dags/example_time_delta_sensor_async.py
[2026-03-12T00:56:16.156+0000] {processor.py:925} INFO - DAG(s) 'example_time_delta_sensor_async' retrieved from /home/ec2-user/environment/lab4_model_training/venv/lib64/python3.12/site-packages/airflow/example_dags/example_time_delta_sensor_async.py
[2026-03-12T00:56:16.174+0000] {logging_mixin.py:190} INFO - [2026-03-12T00:56:16.173+0000] {dag.py:3239} INFO - Sync 1 DAGs
[2026-03-12T00:56:16.189+0000] {logging_mixin.py:190} INFO - [2026-03-12T00:56:16.189+0000] {dag.py:4180} INFO - Setting next_dagrun for example_time_delta_sensor_async to None, run_after=None
[2026-03-12T00:56:16.211+0000] {processor.py:208} INFO - Processing /home/ec2-user/environment/lab4_model_training/venv/lib64/python3.12/site-packages/airflow/example_dags/example_time_delta_sensor_async.py took 0.072 seconds
[2026-03-12T00:57:20.725+0000] {processor.py:186} INFO - Started process (PID=12580) to work on /home/ec2-user/environment/lab4_model_training/venv/lib64/python3.12/site-packages/airflow/example_dags/example_time_delta_sensor_async.py
[2026-03-12T00:57:20.726+0000] {processor.py:914} INFO - Processing file /home/ec2-user/environment/lab4_model_training/venv/lib64/python3.12/site-packages/airflow/example_dags/example_time_delta_sensor_async.py for tasks to queue
[2026-03-12T00:57:20.728+0000] {logging_mixin.py:190} INFO - [2026-03-12T00:57:20.728+0000] {dagbag.py:588} INFO - Filling up the DagBag from /home/ec2-user/environment/lab4_model_training/venv/lib64/python3.12/site-packages/airflow/example_dags/example_time_delta_sensor_async.py
[2026-03-12T00:57:20.736+0000] {processor.py:925} INFO - DAG(s) 'example_time_delta_sensor_async' retrieved from /home/ec2-user/environment/lab4_model_training/venv/lib64/python3.12/site-packages/airflow/example_dags/example_time_delta_sensor_async.py
[2026-03-12T00:57:20.753+0000] {logging_mixin.py:190} INFO - [2026-03-12T00:57:20.752+0000] {dag.py:3239} INFO - Sync 1 DAGs
[2026-03-12T00:57:20.771+0000] {logging_mixin.py:190} INFO - [2026-03-12T00:57:20.770+0000] {dag.py:4180} INFO - Setting next_dagrun for example_time_delta_sensor_async to None, run_after=None
[2026-03-12T00:57:20.794+0000] {processor.py:208} INFO - Processing /home/ec2-user/environment/lab4_model_training/venv/lib64/python3.12/site-packages/airflow/example_dags/example_time_delta_sensor_async.py took 0.075 seconds
[2026-03-12T00:58:22.280+0000] {processor.py:186} INFO - Started process (PID=12816) to work on /home/ec2-user/environment/lab4_model_training/venv/lib64/python3.12/site-packages/airflow/example_dags/example_time_delta_sensor_async.py
[2026-03-12T00:58:22.282+0000] {processor.py:914} INFO - Processing file /home/ec2-user/environment/lab4_model_training/venv/lib64/python3.12/site-packages/airflow/example_dags/example_time_delta_sensor_async.py for tasks to queue
[2026-03-12T00:58:22.284+0000] {logging_mixin.py:190} INFO - [2026-03-12T00:58:22.284+0000] {dagbag.py:588} INFO - Filling up the DagBag from /home/ec2-user/environment/lab4_model_training/venv/lib64/python3.12/site-packages/airflow/example_dags/example_time_delta_sensor_async.py
[2026-03-12T00:58:22.292+0000] {processor.py:925} INFO - DAG(s) 'example_time_delta_sensor_async' retrieved from /home/ec2-user/environment/lab4_model_training/venv/lib64/python3.12/site-packages/airflow/example_dags/example_time_delta_sensor_async.py
[2026-03-12T00:58:22.311+0000] {logging_mixin.py:190} INFO - [2026-03-12T00:58:22.311+0000] {dag.py:3239} INFO - Sync 1 DAGs
[2026-03-12T00:58:22.328+0000] {logging_mixin.py:190} INFO - [2026-03-12T00:58:22.328+0000] {dag.py:4180} INFO - Setting next_dagrun for example_time_delta_sensor_async to None, run_after=None
[2026-03-12T00:58:22.351+0000] {processor.py:208} INFO - Processing /home/ec2-user/environment/lab4_model_training/venv/lib64/python3.12/site-packages/airflow/example_dags/example_time_delta_sensor_async.py took 0.077 seconds
[2026-03-12T00:59:23.786+0000] {processor.py:186} INFO - Started process (PID=13125) to work on /home/ec2-user/environment/lab4_model_training/venv/lib64/python3.12/site-packages/airflow/example_dags/example_time_delta_sensor_async.py
[2026-03-12T00:59:23.787+0000] {processor.py:914} INFO - Processing file /home/ec2-user/environment/lab4_model_training/venv/lib64/python3.12/site-packages/airflow/example_dags/example_time_delta_sensor_async.py for tasks to queue
[2026-03-12T00:59:23.790+0000] {logging_mixin.py:190} INFO - [2026-03-12T00:59:23.789+0000] {dagbag.py:588} INFO - Filling up the DagBag from /home/ec2-user/environment/lab4_model_training/venv/lib64/python3.12/site-packages/airflow/example_dags/example_time_delta_sensor_async.py
[2026-03-12T00:59:23.798+0000] {processor.py:925} INFO - DAG(s) 'example_time_delta_sensor_async' retrieved from /home/ec2-user/environment/lab4_model_training/venv/lib64/python3.12/site-packages/airflow/example_dags/example_time_delta_sensor_async.py
[2026-03-12T00:59:23.817+0000] {logging_mixin.py:190} INFO - [2026-03-12T00:59:23.817+0000] {dag.py:3239} INFO - Sync 1 DAGs
[2026-03-12T00:59:23.832+0000] {logging_mixin.py:190} INFO - [2026-03-12T00:59:23.832+0000] {dag.py:4180} INFO - Setting next_dagrun for example_time_delta_sensor_async to None, run_after=None
[2026-03-12T00:59:23.855+0000] {processor.py:208} INFO - Processing /home/ec2-user/environment/lab4_model_training/venv/lib64/python3.12/site-packages/airflow/example_dags/example_time_delta_sensor_async.py took 0.075 seconds
[2026-03-12T01:00:29.391+0000] {processor.py:186} INFO - Started process (PID=13414) to work on /home/ec2-user/environment/lab4_model_training/venv/lib64/python3.12/site-packages/airflow/example_dags/example_time_delta_sensor_async.py
[2026-03-12T01:00:29.392+0000] {processor.py:914} INFO - Processing file /home/ec2-user/environment/lab4_model_training/venv/lib64/python3.12/site-packages/airflow/example_dags/example_time_delta_sensor_async.py for tasks to queue
[2026-03-12T01:00:29.395+0000] {logging_mixin.py:190} INFO - [2026-03-12T01:00:29.394+0000] {dagbag.py:588} INFO - Filling up the DagBag from /home/ec2-user/environment/lab4_model_training/venv/lib64/python3.12/site-packages/airflow/example_dags/example_time_delta_sensor_async.py
[2026-03-12T01:00:29.403+0000] {processor.py:925} INFO - DAG(s) 'example_time_delta_sensor_async' retrieved from /home/ec2-user/environment/lab4_model_training/venv/lib64/python3.12/site-packages/airflow/example_dags/example_time_delta_sensor_async.py
[2026-03-12T01:00:29.421+0000] {logging_mixin.py:190} INFO - [2026-03-12T01:00:29.420+0000] {dag.py:3239} INFO - Sync 1 DAGs
[2026-03-12T01:00:29.438+0000] {logging_mixin.py:190} INFO - [2026-03-12T01:00:29.437+0000] {dag.py:4180} INFO - Setting next_dagrun for example_time_delta_sensor_async to None, run_after=None
[2026-03-12T01:00:29.468+0000] {processor.py:208} INFO - Processing /home/ec2-user/environment/lab4_model_training/venv/lib64/python3.12/site-packages/airflow/example_dags/example_time_delta_sensor_async.py took 0.083 seconds
[2026-03-12T01:01:32.249+0000] {processor.py:186} INFO - Started process (PID=13673) to work on /home/ec2-user/environment/lab4_model_training/venv/lib64/python3.12/site-packages/airflow/example_dags/example_time_delta_sensor_async.py
[2026-03-12T01:01:32.250+0000] {processor.py:914} INFO - Processing file /home/ec2-user/environment/lab4_model_training/venv/lib64/python3.12/site-packages/airflow/example_dags/example_time_delta_sensor_async.py for tasks to queue
[2026-03-12T01:01:32.252+0000] {logging_mixin.py:190} INFO - [2026-03-12T01:01:32.252+0000] {dagbag.py:588} INFO - Filling up the DagBag from /home/ec2-user/environment/lab4_model_training/venv/lib64/python3.12/site-packages/airflow/example_dags/example_time_delta_sensor_async.py
[2026-03-12T01:01:32.260+0000] {processor.py:925} INFO - DAG(s) 'example_time_delta_sensor_async' retrieved from /home/ec2-user/environment/lab4_model_training/venv/lib64/python3.12/site-packages/airflow/example_dags/example_time_delta_sensor_async.py
[2026-03-12T01:01:32.278+0000] {logging_mixin.py:190} INFO - [2026-03-12T01:01:32.278+0000] {dag.py:3239} INFO - Sync 1 DAGs
[2026-03-12T01:01:32.294+0000] {logging_mixin.py:190} INFO - [2026-03-12T01:01:32.293+0000] {dag.py:4180} INFO - Setting next_dagrun for example_time_delta_sensor_async to None, run_after=None
[2026-03-12T01:01:32.319+0000] {processor.py:208} INFO - Processing /home/ec2-user/environment/lab4_model_training/venv/lib64/python3.12/site-packages/airflow/example_dags/example_time_delta_sensor_async.py took 0.076 seconds
[2026-03-12T01:02:37.635+0000] {processor.py:186} INFO - Started process (PID=13968) to work on /home/ec2-user/environment/lab4_model_training/venv/lib64/python3.12/site-packages/airflow/example_dags/example_time_delta_sensor_async.py
[2026-03-12T01:02:37.636+0000] {processor.py:914} INFO - Processing file /home/ec2-user/environment/lab4_model_training/venv/lib64/python3.12/site-packages/airflow/example_dags/example_time_delta_sensor_async.py for tasks to queue
[2026-03-12T01:02:37.638+0000] {logging_mixin.py:190} INFO - [2026-03-12T01:02:37.638+0000] {dagbag.py:588} INFO - Filling up the DagBag from /home/ec2-user/environment/lab4_model_training/venv/lib64/python3.12/site-packages/airflow/example_dags/example_time_delta_sensor_async.py
[2026-03-12T01:02:37.646+0000] {processor.py:925} INFO - DAG(s) 'example_time_delta_sensor_async' retrieved from /home/ec2-user/environment/lab4_model_training/venv/lib64/python3.12/site-packages/airflow/example_dags/example_time_delta_sensor_async.py
[2026-03-12T01:02:37.664+0000] {logging_mixin.py:190} INFO - [2026-03-12T01:02:37.664+0000] {dag.py:3239} INFO - Sync 1 DAGs
[2026-03-12T01:02:37.687+0000] {logging_mixin.py:190} INFO - [2026-03-12T01:02:37.687+0000] {dag.py:4180} INFO - Setting next_dagrun for example_time_delta_sensor_async to None, run_after=None
[2026-03-12T01:02:37.709+0000] {processor.py:208} INFO - Processing /home/ec2-user/environment/lab4_model_training/venv/lib64/python3.12/site-packages/airflow/example_dags/example_time_delta_sensor_async.py took 0.082 seconds
[2026-03-12T01:03:39.443+0000] {processor.py:186} INFO - Started process (PID=14196) to work on /home/ec2-user/environment/lab4_model_training/venv/lib64/python3.12/site-packages/airflow/example_dags/example_time_delta_sensor_async.py
[2026-03-12T01:03:39.444+0000] {processor.py:914} INFO - Processing file /home/ec2-user/environment/lab4_model_training/venv/lib64/python3.12/site-packages/airflow/example_dags/example_time_delta_sensor_async.py for tasks to queue
[2026-03-12T01:03:39.447+0000] {logging_mixin.py:190} INFO - [2026-03-12T01:03:39.446+0000] {dagbag.py:588} INFO - Filling up the DagBag from /home/ec2-user/environment/lab4_model_training/venv/lib64/python3.12/site-packages/airflow/example_dags/example_time_delta_sensor_async.py
[2026-03-12T01:03:39.455+0000] {processor.py:925} INFO - DAG(s) 'example_time_delta_sensor_async' retrieved from /home/ec2-user/environment/lab4_model_training/venv/lib64/python3.12/site-packages/airflow/example_dags/example_time_delta_sensor_async.py
[2026-03-12T01:03:39.474+0000] {logging_mixin.py:190} INFO - [2026-03-12T01:03:39.473+0000] {dag.py:3239} INFO - Sync 1 DAGs
[2026-03-12T01:03:39.492+0000] {logging_mixin.py:190} INFO - [2026-03-12T01:03:39.491+0000] {dag.py:4180} INFO - Setting next_dagrun for example_time_delta_sensor_async to None, run_after=None
[2026-03-12T01:03:39.515+0000] {processor.py:208} INFO - Processing /home/ec2-user/environment/lab4_model_training/venv/lib64/python3.12/site-packages/airflow/example_dags/example_time_delta_sensor_async.py took 0.078 seconds
[2026-03-12T01:04:51.289+0000] {processor.py:186} INFO - Started process (PID=14525) to work on /home/ec2-user/environment/lab4_model_training/venv/lib64/python3.12/site-packages/airflow/example_dags/example_time_delta_sensor_async.py
[2026-03-12T01:04:51.291+0000] {processor.py:914} INFO - Processing file /home/ec2-user/environment/lab4_model_training/venv/lib64/python3.12/site-packages/airflow/example_dags/example_time_delta_sensor_async.py for tasks to queue
[2026-03-12T01:04:51.293+0000] {logging_mixin.py:190} INFO - [2026-03-12T01:04:51.293+0000] {dagbag.py:588} INFO - Filling up the DagBag from /home/ec2-user/environment/lab4_model_training/venv/lib64/python3.12/site-packages/airflow/example_dags/example_time_delta_sensor_async.py
[2026-03-12T01:04:51.301+0000] {processor.py:925} INFO - DAG(s) 'example_time_delta_sensor_async' retrieved from /home/ec2-user/environment/lab4_model_training/venv/lib64/python3.12/site-packages/airflow/example_dags/example_time_delta_sensor_async.py
[2026-03-12T01:04:51.318+0000] {logging_mixin.py:190} INFO - [2026-03-12T01:04:51.318+0000] {dag.py:3239} INFO - Sync 1 DAGs
[2026-03-12T01:04:51.334+0000] {logging_mixin.py:190} INFO - [2026-03-12T01:04:51.334+0000] {dag.py:4180} INFO - Setting next_dagrun for example_time_delta_sensor_async to None, run_after=None
[2026-03-12T01:04:51.356+0000] {processor.py:208} INFO - Processing /home/ec2-user/environment/lab4_model_training/venv/lib64/python3.12/site-packages/airflow/example_dags/example_time_delta_sensor_async.py took 0.073 seconds
[2026-03-12T01:05:49.098+0000] {processor.py:186} INFO - Started process (PID=14752) to work on /home/ec2-user/environment/lab4_model_training/venv/lib64/python3.12/site-packages/airflow/example_dags/example_time_delta_sensor_async.py
[2026-03-12T01:05:49.099+0000] {processor.py:914} INFO - Processing file /home/ec2-user/environment/lab4_model_training/venv/lib64/python3.12/site-packages/airflow/example_dags/example_time_delta_sensor_async.py for tasks to queue
[2026-03-12T01:05:49.101+0000] {logging_mixin.py:190} INFO - [2026-03-12T01:05:49.101+0000] {dagbag.py:588} INFO - Filling up the DagBag from /home/ec2-user/environment/lab4_model_training/venv/lib64/python3.12/site-packages/airflow/example_dags/example_time_delta_sensor_async.py
[2026-03-12T01:05:49.109+0000] {processor.py:925} INFO - DAG(s) 'example_time_delta_sensor_async' retrieved from /home/ec2-user/environment/lab4_model_training/venv/lib64/python3.12/site-packages/airflow/example_dags/example_time_delta_sensor_async.py
[2026-03-12T01:05:49.126+0000] {logging_mixin.py:190} INFO - [2026-03-12T01:05:49.126+0000] {dag.py:3239} INFO - Sync 1 DAGs
[2026-03-12T01:05:49.141+0000] {logging_mixin.py:190} INFO - [2026-03-12T01:05:49.141+0000] {dag.py:4180} INFO - Setting next_dagrun for example_time_delta_sensor_async to None, run_after=None
[2026-03-12T01:05:49.164+0000] {processor.py:208} INFO - Processing /home/ec2-user/environment/lab4_model_training/venv/lib64/python3.12/site-packages/airflow/example_dags/example_time_delta_sensor_async.py took 0.072 seconds
[2026-03-12T01:06:49.845+0000] {processor.py:186} INFO - Started process (PID=15047) to work on /home/ec2-user/environment/lab4_model_training/venv/lib64/python3.12/site-packages/airflow/example_dags/example_time_delta_sensor_async.py
[2026-03-12T01:06:49.846+0000] {processor.py:914} INFO - Processing file /home/ec2-user/environment/lab4_model_training/venv/lib64/python3.12/site-packages/airflow/example_dags/example_time_delta_sensor_async.py for tasks to queue
[2026-03-12T01:06:49.849+0000] {logging_mixin.py:190} INFO - [2026-03-12T01:06:49.848+0000] {dagbag.py:588} INFO - Filling up the DagBag from /home/ec2-user/environment/lab4_model_training/venv/lib64/python3.12/site-packages/airflow/example_dags/example_time_delta_sensor_async.py
[2026-03-12T01:06:49.856+0000] {processor.py:925} INFO - DAG(s) 'example_time_delta_sensor_async' retrieved from /home/ec2-user/environment/lab4_model_training/venv/lib64/python3.12/site-packages/airflow/example_dags/example_time_delta_sensor_async.py
[2026-03-12T01:06:49.873+0000] {logging_mixin.py:190} INFO - [2026-03-12T01:06:49.873+0000] {dag.py:3239} INFO - Sync 1 DAGs
[2026-03-12T01:06:49.889+0000] {logging_mixin.py:190} INFO - [2026-03-12T01:06:49.889+0000] {dag.py:4180} INFO - Setting next_dagrun for example_time_delta_sensor_async to None, run_after=None
[2026-03-12T01:06:49.911+0000] {processor.py:208} INFO - Processing /home/ec2-user/environment/lab4_model_training/venv/lib64/python3.12/site-packages/airflow/example_dags/example_time_delta_sensor_async.py took 0.071 seconds
[2026-03-12T01:07:51.239+0000] {processor.py:186} INFO - Started process (PID=15332) to work on /home/ec2-user/environment/lab4_model_training/venv/lib64/python3.12/site-packages/airflow/example_dags/example_time_delta_sensor_async.py
[2026-03-12T01:07:51.241+0000] {processor.py:914} INFO - Processing file /home/ec2-user/environment/lab4_model_training/venv/lib64/python3.12/site-packages/airflow/example_dags/example_time_delta_sensor_async.py for tasks to queue
[2026-03-12T01:07:51.243+0000] {logging_mixin.py:190} INFO - [2026-03-12T01:07:51.242+0000] {dagbag.py:588} INFO - Filling up the DagBag from /home/ec2-user/environment/lab4_model_training/venv/lib64/python3.12/site-packages/airflow/example_dags/example_time_delta_sensor_async.py
[2026-03-12T01:07:51.250+0000] {processor.py:925} INFO - DAG(s) 'example_time_delta_sensor_async' retrieved from /home/ec2-user/environment/lab4_model_training/venv/lib64/python3.12/site-packages/airflow/example_dags/example_time_delta_sensor_async.py
[2026-03-12T01:07:51.268+0000] {logging_mixin.py:190} INFO - [2026-03-12T01:07:51.267+0000] {dag.py:3239} INFO - Sync 1 DAGs
[2026-03-12T01:07:51.284+0000] {logging_mixin.py:190} INFO - [2026-03-12T01:07:51.284+0000] {dag.py:4180} INFO - Setting next_dagrun for example_time_delta_sensor_async to None, run_after=None
[2026-03-12T01:07:51.306+0000] {processor.py:208} INFO - Processing /home/ec2-user/environment/lab4_model_training/venv/lib64/python3.12/site-packages/airflow/example_dags/example_time_delta_sensor_async.py took 0.073 seconds
[2026-03-12T01:08:54.737+0000] {processor.py:186} INFO - Started process (PID=15577) to work on /home/ec2-user/environment/lab4_model_training/venv/lib64/python3.12/site-packages/airflow/example_dags/example_time_delta_sensor_async.py
[2026-03-12T01:08:54.738+0000] {processor.py:914} INFO - Processing file /home/ec2-user/environment/lab4_model_training/venv/lib64/python3.12/site-packages/airflow/example_dags/example_time_delta_sensor_async.py for tasks to queue
[2026-03-12T01:08:54.740+0000] {logging_mixin.py:190} INFO - [2026-03-12T01:08:54.740+0000] {dagbag.py:588} INFO - Filling up the DagBag from /home/ec2-user/environment/lab4_model_training/venv/lib64/python3.12/site-packages/airflow/example_dags/example_time_delta_sensor_async.py
[2026-03-12T01:08:54.747+0000] {processor.py:925} INFO - DAG(s) 'example_time_delta_sensor_async' retrieved from /home/ec2-user/environment/lab4_model_training/venv/lib64/python3.12/site-packages/airflow/example_dags/example_time_delta_sensor_async.py
[2026-03-12T01:08:54.765+0000] {logging_mixin.py:190} INFO - [2026-03-12T01:08:54.765+0000] {dag.py:3239} INFO - Sync 1 DAGs
[2026-03-12T01:08:54.780+0000] {logging_mixin.py:190} INFO - [2026-03-12T01:08:54.780+0000] {dag.py:4180} INFO - Setting next_dagrun for example_time_delta_sensor_async to None, run_after=None
[2026-03-12T01:08:54.805+0000] {processor.py:208} INFO - Processing /home/ec2-user/environment/lab4_model_training/venv/lib64/python3.12/site-packages/airflow/example_dags/example_time_delta_sensor_async.py took 0.074 seconds
[2026-03-12T01:09:55.653+0000] {processor.py:186} INFO - Started process (PID=15865) to work on /home/ec2-user/environment/lab4_model_training/venv/lib64/python3.12/site-packages/airflow/example_dags/example_time_delta_sensor_async.py
[2026-03-12T01:09:55.654+0000] {processor.py:914} INFO - Processing file /home/ec2-user/environment/lab4_model_training/venv/lib64/python3.12/site-packages/airflow/example_dags/example_time_delta_sensor_async.py for tasks to queue
[2026-03-12T01:09:55.656+0000] {logging_mixin.py:190} INFO - [2026-03-12T01:09:55.656+0000] {dagbag.py:588} INFO - Filling up the DagBag from /home/ec2-user/environment/lab4_model_training/venv/lib64/python3.12/site-packages/airflow/example_dags/example_time_delta_sensor_async.py
[2026-03-12T01:09:55.663+0000] {processor.py:925} INFO - DAG(s) 'example_time_delta_sensor_async' retrieved from /home/ec2-user/environment/lab4_model_training/venv/lib64/python3.12/site-packages/airflow/example_dags/example_time_delta_sensor_async.py
[2026-03-12T01:09:55.680+0000] {logging_mixin.py:190} INFO - [2026-03-12T01:09:55.680+0000] {dag.py:3239} INFO - Sync 1 DAGs
[2026-03-12T01:09:55.696+0000] {logging_mixin.py:190} INFO - [2026-03-12T01:09:55.695+0000] {dag.py:4180} INFO - Setting next_dagrun for example_time_delta_sensor_async to None, run_after=None
[2026-03-12T01:09:55.718+0000] {processor.py:208} INFO - Processing /home/ec2-user/environment/lab4_model_training/venv/lib64/python3.12/site-packages/airflow/example_dags/example_time_delta_sensor_async.py took 0.070 seconds
[2026-03-12T01:11:02.215+0000] {processor.py:186} INFO - Started process (PID=16178) to work on /home/ec2-user/environment/lab4_model_training/venv/lib64/python3.12/site-packages/airflow/example_dags/example_time_delta_sensor_async.py
[2026-03-12T01:11:02.216+0000] {processor.py:914} INFO - Processing file /home/ec2-user/environment/lab4_model_training/venv/lib64/python3.12/site-packages/airflow/example_dags/example_time_delta_sensor_async.py for tasks to queue
[2026-03-12T01:11:02.219+0000] {logging_mixin.py:190} INFO - [2026-03-12T01:11:02.218+0000] {dagbag.py:588} INFO - Filling up the DagBag from /home/ec2-user/environment/lab4_model_training/venv/lib64/python3.12/site-packages/airflow/example_dags/example_time_delta_sensor_async.py
[2026-03-12T01:11:02.228+0000] {processor.py:925} INFO - DAG(s) 'example_time_delta_sensor_async' retrieved from /home/ec2-user/environment/lab4_model_training/venv/lib64/python3.12/site-packages/airflow/example_dags/example_time_delta_sensor_async.py
[2026-03-12T01:11:02.250+0000] {logging_mixin.py:190} INFO - [2026-03-12T01:11:02.250+0000] {dag.py:3239} INFO - Sync 1 DAGs
[2026-03-12T01:11:02.268+0000] {logging_mixin.py:190} INFO - [2026-03-12T01:11:02.268+0000] {dag.py:4180} INFO - Setting next_dagrun for example_time_delta_sensor_async to None, run_after=None
[2026-03-12T01:11:02.293+0000] {processor.py:208} INFO - Processing /home/ec2-user/environment/lab4_model_training/venv/lib64/python3.12/site-packages/airflow/example_dags/example_time_delta_sensor_async.py took 0.084 seconds
[2026-03-12T01:12:08.476+0000] {processor.py:186} INFO - Started process (PID=16428) to work on /home/ec2-user/environment/lab4_model_training/venv/lib64/python3.12/site-packages/airflow/example_dags/example_time_delta_sensor_async.py
[2026-03-12T01:12:08.477+0000] {processor.py:914} INFO - Processing file /home/ec2-user/environment/lab4_model_training/venv/lib64/python3.12/site-packages/airflow/example_dags/example_time_delta_sensor_async.py for tasks to queue
[2026-03-12T01:12:08.479+0000] {logging_mixin.py:190} INFO - [2026-03-12T01:12:08.478+0000] {dagbag.py:588} INFO - Filling up the DagBag from /home/ec2-user/environment/lab4_model_training/venv/lib64/python3.12/site-packages/airflow/example_dags/example_time_delta_sensor_async.py
[2026-03-12T01:12:08.486+0000] {processor.py:925} INFO - DAG(s) 'example_time_delta_sensor_async' retrieved from /home/ec2-user/environment/lab4_model_training/venv/lib64/python3.12/site-packages/airflow/example_dags/example_time_delta_sensor_async.py
[2026-03-12T01:12:08.504+0000] {logging_mixin.py:190} INFO - [2026-03-12T01:12:08.503+0000] {dag.py:3239} INFO - Sync 1 DAGs
[2026-03-12T01:12:08.520+0000] {logging_mixin.py:190} INFO - [2026-03-12T01:12:08.519+0000] {dag.py:4180} INFO - Setting next_dagrun for example_time_delta_sensor_async to None, run_after=None
[2026-03-12T01:12:08.545+0000] {processor.py:208} INFO - Processing /home/ec2-user/environment/lab4_model_training/venv/lib64/python3.12/site-packages/airflow/example_dags/example_time_delta_sensor_async.py took 0.075 seconds
[2026-03-12T01:13:10.584+0000] {processor.py:186} INFO - Started process (PID=16714) to work on /home/ec2-user/environment/lab4_model_training/venv/lib64/python3.12/site-packages/airflow/example_dags/example_time_delta_sensor_async.py
[2026-03-12T01:13:10.585+0000] {processor.py:914} INFO - Processing file /home/ec2-user/environment/lab4_model_training/venv/lib64/python3.12/site-packages/airflow/example_dags/example_time_delta_sensor_async.py for tasks to queue
[2026-03-12T01:13:10.588+0000] {logging_mixin.py:190} INFO - [2026-03-12T01:13:10.587+0000] {dagbag.py:588} INFO - Filling up the DagBag from /home/ec2-user/environment/lab4_model_training/venv/lib64/python3.12/site-packages/airflow/example_dags/example_time_delta_sensor_async.py
[2026-03-12T01:13:10.595+0000] {processor.py:925} INFO - DAG(s) 'example_time_delta_sensor_async' retrieved from /home/ec2-user/environment/lab4_model_training/venv/lib64/python3.12/site-packages/airflow/example_dags/example_time_delta_sensor_async.py
[2026-03-12T01:13:10.613+0000] {logging_mixin.py:190} INFO - [2026-03-12T01:13:10.613+0000] {dag.py:3239} INFO - Sync 1 DAGs
[2026-03-12T01:13:10.632+0000] {logging_mixin.py:190} INFO - [2026-03-12T01:13:10.632+0000] {dag.py:4180} INFO - Setting next_dagrun for example_time_delta_sensor_async to None, run_after=None
[2026-03-12T01:13:10.658+0000] {processor.py:208} INFO - Processing /home/ec2-user/environment/lab4_model_training/venv/lib64/python3.12/site-packages/airflow/example_dags/example_time_delta_sensor_async.py took 0.080 seconds
[2026-03-12T01:14:15.160+0000] {processor.py:186} INFO - Started process (PID=17035) to work on /home/ec2-user/environment/lab4_model_training/venv/lib64/python3.12/site-packages/airflow/example_dags/example_time_delta_sensor_async.py
[2026-03-12T01:14:15.161+0000] {processor.py:914} INFO - Processing file /home/ec2-user/environment/lab4_model_training/venv/lib64/python3.12/site-packages/airflow/example_dags/example_time_delta_sensor_async.py for tasks to queue
[2026-03-12T01:14:15.163+0000] {logging_mixin.py:190} INFO - [2026-03-12T01:14:15.162+0000] {dagbag.py:588} INFO - Filling up the DagBag from /home/ec2-user/environment/lab4_model_training/venv/lib64/python3.12/site-packages/airflow/example_dags/example_time_delta_sensor_async.py
[2026-03-12T01:14:15.170+0000] {processor.py:925} INFO - DAG(s) 'example_time_delta_sensor_async' retrieved from /home/ec2-user/environment/lab4_model_training/venv/lib64/python3.12/site-packages/airflow/example_dags/example_time_delta_sensor_async.py
[2026-03-12T01:14:15.188+0000] {logging_mixin.py:190} INFO - [2026-03-12T01:14:15.188+0000] {dag.py:3239} INFO - Sync 1 DAGs
[2026-03-12T01:14:15.204+0000] {logging_mixin.py:190} INFO - [2026-03-12T01:14:15.204+0000] {dag.py:4180} INFO - Setting next_dagrun for example_time_delta_sensor_async to None, run_after=None
[2026-03-12T01:14:15.227+0000] {processor.py:208} INFO - Processing /home/ec2-user/environment/lab4_model_training/venv/lib64/python3.12/site-packages/airflow/example_dags/example_time_delta_sensor_async.py took 0.073 seconds
[2026-03-12T01:15:18.571+0000] {processor.py:186} INFO - Started process (PID=17325) to work on /home/ec2-user/environment/lab4_model_training/venv/lib64/python3.12/site-packages/airflow/example_dags/example_time_delta_sensor_async.py
[2026-03-12T01:15:18.572+0000] {processor.py:914} INFO - Processing file /home/ec2-user/environment/lab4_model_training/venv/lib64/python3.12/site-packages/airflow/example_dags/example_time_delta_sensor_async.py for tasks to queue
[2026-03-12T01:15:18.574+0000] {logging_mixin.py:190} INFO - [2026-03-12T01:15:18.574+0000] {dagbag.py:588} INFO - Filling up the DagBag from /home/ec2-user/environment/lab4_model_training/venv/lib64/python3.12/site-packages/airflow/example_dags/example_time_delta_sensor_async.py
[2026-03-12T01:15:18.582+0000] {processor.py:925} INFO - DAG(s) 'example_time_delta_sensor_async' retrieved from /home/ec2-user/environment/lab4_model_training/venv/lib64/python3.12/site-packages/airflow/example_dags/example_time_delta_sensor_async.py
[2026-03-12T01:15:18.600+0000] {logging_mixin.py:190} INFO - [2026-03-12T01:15:18.600+0000] {dag.py:3239} INFO - Sync 1 DAGs
[2026-03-12T01:15:18.616+0000] {logging_mixin.py:190} INFO - [2026-03-12T01:15:18.616+0000] {dag.py:4180} INFO - Setting next_dagrun for example_time_delta_sensor_async to None, run_after=None
[2026-03-12T01:15:18.640+0000] {processor.py:208} INFO - Processing /home/ec2-user/environment/lab4_model_training/venv/lib64/python3.12/site-packages/airflow/example_dags/example_time_delta_sensor_async.py took 0.075 seconds
[2026-03-12T01:16:18.851+0000] {processor.py:186} INFO - Started process (PID=17611) to work on /home/ec2-user/environment/lab4_model_training/venv/lib64/python3.12/site-packages/airflow/example_dags/example_time_delta_sensor_async.py
[2026-03-12T01:16:18.852+0000] {processor.py:914} INFO - Processing file /home/ec2-user/environment/lab4_model_training/venv/lib64/python3.12/site-packages/airflow/example_dags/example_time_delta_sensor_async.py for tasks to queue
[2026-03-12T01:16:18.854+0000] {logging_mixin.py:190} INFO - [2026-03-12T01:16:18.854+0000] {dagbag.py:588} INFO - Filling up the DagBag from /home/ec2-user/environment/lab4_model_training/venv/lib64/python3.12/site-packages/airflow/example_dags/example_time_delta_sensor_async.py
[2026-03-12T01:16:18.862+0000] {processor.py:925} INFO - DAG(s) 'example_time_delta_sensor_async' retrieved from /home/ec2-user/environment/lab4_model_training/venv/lib64/python3.12/site-packages/airflow/example_dags/example_time_delta_sensor_async.py
[2026-03-12T01:16:18.882+0000] {logging_mixin.py:190} INFO - [2026-03-12T01:16:18.881+0000] {dag.py:3239} INFO - Sync 1 DAGs
[2026-03-12T01:16:18.900+0000] {logging_mixin.py:190} INFO - [2026-03-12T01:16:18.899+0000] {dag.py:4180} INFO - Setting next_dagrun for example_time_delta_sensor_async to None, run_after=None
[2026-03-12T01:16:18.927+0000] {processor.py:208} INFO - Processing /home/ec2-user/environment/lab4_model_training/venv/lib64/python3.12/site-packages/airflow/example_dags/example_time_delta_sensor_async.py took 0.082 seconds
[2026-03-12T01:17:34.747+0000] {processor.py:186} INFO - Started process (PID=17953) to work on /home/ec2-user/environment/lab4_model_training/venv/lib64/python3.12/site-packages/airflow/example_dags/example_time_delta_sensor_async.py
[2026-03-12T01:17:34.748+0000] {processor.py:914} INFO - Processing file /home/ec2-user/environment/lab4_model_training/venv/lib64/python3.12/site-packages/airflow/example_dags/example_time_delta_sensor_async.py for tasks to queue
[2026-03-12T01:17:34.752+0000] {logging_mixin.py:190} INFO - [2026-03-12T01:17:34.751+0000] {dagbag.py:588} INFO - Filling up the DagBag from /home/ec2-user/environment/lab4_model_training/venv/lib64/python3.12/site-packages/airflow/example_dags/example_time_delta_sensor_async.py
[2026-03-12T01:17:34.759+0000] {processor.py:925} INFO - DAG(s) 'example_time_delta_sensor_async' retrieved from /home/ec2-user/environment/lab4_model_training/venv/lib64/python3.12/site-packages/airflow/example_dags/example_time_delta_sensor_async.py
[2026-03-12T01:17:34.777+0000] {logging_mixin.py:190} INFO - [2026-03-12T01:17:34.777+0000] {dag.py:3239} INFO - Sync 1 DAGs
[2026-03-12T01:17:34.794+0000] {logging_mixin.py:190} INFO - [2026-03-12T01:17:34.794+0000] {dag.py:4180} INFO - Setting next_dagrun for example_time_delta_sensor_async to None, run_after=None
[2026-03-12T01:17:34.817+0000] {processor.py:208} INFO - Processing /home/ec2-user/environment/lab4_model_training/venv/lib64/python3.12/site-packages/airflow/example_dags/example_time_delta_sensor_async.py took 0.075 seconds
[2026-03-12T01:18:33.599+0000] {processor.py:186} INFO - Started process (PID=18229) to work on /home/ec2-user/environment/lab4_model_training/venv/lib64/python3.12/site-packages/airflow/example_dags/example_time_delta_sensor_async.py
[2026-03-12T01:18:33.600+0000] {processor.py:914} INFO - Processing file /home/ec2-user/environment/lab4_model_training/venv/lib64/python3.12/site-packages/airflow/example_dags/example_time_delta_sensor_async.py for tasks to queue
[2026-03-12T01:18:33.604+0000] {logging_mixin.py:190} INFO - [2026-03-12T01:18:33.603+0000] {dagbag.py:588} INFO - Filling up the DagBag from /home/ec2-user/environment/lab4_model_training/venv/lib64/python3.12/site-packages/airflow/example_dags/example_time_delta_sensor_async.py
[2026-03-12T01:18:33.611+0000] {processor.py:925} INFO - DAG(s) 'example_time_delta_sensor_async' retrieved from /home/ec2-user/environment/lab4_model_training/venv/lib64/python3.12/site-packages/airflow/example_dags/example_time_delta_sensor_async.py
[2026-03-12T01:18:33.630+0000] {logging_mixin.py:190} INFO - [2026-03-12T01:18:33.630+0000] {dag.py:3239} INFO - Sync 1 DAGs
[2026-03-12T01:18:33.648+0000] {logging_mixin.py:190} INFO - [2026-03-12T01:18:33.647+0000] {dag.py:4180} INFO - Setting next_dagrun for example_time_delta_sensor_async to None, run_after=None
[2026-03-12T01:18:33.672+0000] {processor.py:208} INFO - Processing /home/ec2-user/environment/lab4_model_training/venv/lib64/python3.12/site-packages/airflow/example_dags/example_time_delta_sensor_async.py took 0.078 seconds
[2026-03-12T01:19:46.622+0000] {processor.py:186} INFO - Started process (PID=18507) to work on /home/ec2-user/environment/lab4_model_training/venv/lib64/python3.12/site-packages/airflow/example_dags/example_time_delta_sensor_async.py
[2026-03-12T01:19:46.624+0000] {processor.py:914} INFO - Processing file /home/ec2-user/environment/lab4_model_training/venv/lib64/python3.12/site-packages/airflow/example_dags/example_time_delta_sensor_async.py for tasks to queue
[2026-03-12T01:19:46.626+0000] {logging_mixin.py:190} INFO - [2026-03-12T01:19:46.626+0000] {dagbag.py:588} INFO - Filling up the DagBag from /home/ec2-user/environment/lab4_model_training/venv/lib64/python3.12/site-packages/airflow/example_dags/example_time_delta_sensor_async.py
[2026-03-12T01:19:46.633+0000] {processor.py:925} INFO - DAG(s) 'example_time_delta_sensor_async' retrieved from /home/ec2-user/environment/lab4_model_training/venv/lib64/python3.12/site-packages/airflow/example_dags/example_time_delta_sensor_async.py
[2026-03-12T01:19:46.651+0000] {logging_mixin.py:190} INFO - [2026-03-12T01:19:46.651+0000] {dag.py:3239} INFO - Sync 1 DAGs
[2026-03-12T01:19:46.667+0000] {logging_mixin.py:190} INFO - [2026-03-12T01:19:46.667+0000] {dag.py:4180} INFO - Setting next_dagrun for example_time_delta_sensor_async to None, run_after=None
[2026-03-12T01:19:46.689+0000] {processor.py:208} INFO - Processing /home/ec2-user/environment/lab4_model_training/venv/lib64/python3.12/site-packages/airflow/example_dags/example_time_delta_sensor_async.py took 0.072 seconds
[2026-03-12T01:20:48.895+0000] {processor.py:186} INFO - Started process (PID=18793) to work on /home/ec2-user/environment/lab4_model_training/venv/lib64/python3.12/site-packages/airflow/example_dags/example_time_delta_sensor_async.py
[2026-03-12T01:20:48.896+0000] {processor.py:914} INFO - Processing file /home/ec2-user/environment/lab4_model_training/venv/lib64/python3.12/site-packages/airflow/example_dags/example_time_delta_sensor_async.py for tasks to queue
[2026-03-12T01:20:48.900+0000] {logging_mixin.py:190} INFO - [2026-03-12T01:20:48.899+0000] {dagbag.py:588} INFO - Filling up the DagBag from /home/ec2-user/environment/lab4_model_training/venv/lib64/python3.12/site-packages/airflow/example_dags/example_time_delta_sensor_async.py
[2026-03-12T01:20:48.908+0000] {processor.py:925} INFO - DAG(s) 'example_time_delta_sensor_async' retrieved from /home/ec2-user/environment/lab4_model_training/venv/lib64/python3.12/site-packages/airflow/example_dags/example_time_delta_sensor_async.py
[2026-03-12T01:20:48.925+0000] {logging_mixin.py:190} INFO - [2026-03-12T01:20:48.925+0000] {dag.py:3239} INFO - Sync 1 DAGs
[2026-03-12T01:20:48.941+0000] {logging_mixin.py:190} INFO - [2026-03-12T01:20:48.941+0000] {dag.py:4180} INFO - Setting next_dagrun for example_time_delta_sensor_async to None, run_after=None
[2026-03-12T01:20:48.968+0000] {processor.py:208} INFO - Processing /home/ec2-user/environment/lab4_model_training/venv/lib64/python3.12/site-packages/airflow/example_dags/example_time_delta_sensor_async.py took 0.079 seconds
[2026-03-12T01:21:56.636+0000] {processor.py:186} INFO - Started process (PID=19068) to work on /home/ec2-user/environment/lab4_model_training/venv/lib64/python3.12/site-packages/airflow/example_dags/example_time_delta_sensor_async.py
[2026-03-12T01:21:56.637+0000] {processor.py:914} INFO - Processing file /home/ec2-user/environment/lab4_model_training/venv/lib64/python3.12/site-packages/airflow/example_dags/example_time_delta_sensor_async.py for tasks to queue
[2026-03-12T01:21:56.640+0000] {logging_mixin.py:190} INFO - [2026-03-12T01:21:56.640+0000] {dagbag.py:588} INFO - Filling up the DagBag from /home/ec2-user/environment/lab4_model_training/venv/lib64/python3.12/site-packages/airflow/example_dags/example_time_delta_sensor_async.py
[2026-03-12T01:21:56.649+0000] {processor.py:925} INFO - DAG(s) 'example_time_delta_sensor_async' retrieved from /home/ec2-user/environment/lab4_model_training/venv/lib64/python3.12/site-packages/airflow/example_dags/example_time_delta_sensor_async.py
[2026-03-12T01:21:56.669+0000] {logging_mixin.py:190} INFO - [2026-03-12T01:21:56.669+0000] {dag.py:3239} INFO - Sync 1 DAGs
[2026-03-12T01:21:56.687+0000] {logging_mixin.py:190} INFO - [2026-03-12T01:21:56.687+0000] {dag.py:4180} INFO - Setting next_dagrun for example_time_delta_sensor_async to None, run_after=None
[2026-03-12T01:21:56.712+0000] {processor.py:208} INFO - Processing /home/ec2-user/environment/lab4_model_training/venv/lib64/python3.12/site-packages/airflow/example_dags/example_time_delta_sensor_async.py took 0.082 seconds
[2026-03-12T01:23:07.993+0000] {processor.py:186} INFO - Started process (PID=19396) to work on /home/ec2-user/environment/lab4_model_training/venv/lib64/python3.12/site-packages/airflow/example_dags/example_time_delta_sensor_async.py
[2026-03-12T01:23:07.994+0000] {processor.py:914} INFO - Processing file /home/ec2-user/environment/lab4_model_training/venv/lib64/python3.12/site-packages/airflow/example_dags/example_time_delta_sensor_async.py for tasks to queue
[2026-03-12T01:23:07.998+0000] {logging_mixin.py:190} INFO - [2026-03-12T01:23:07.997+0000] {dagbag.py:588} INFO - Filling up the DagBag from /home/ec2-user/environment/lab4_model_training/venv/lib64/python3.12/site-packages/airflow/example_dags/example_time_delta_sensor_async.py
[2026-03-12T01:23:08.006+0000] {processor.py:925} INFO - DAG(s) 'example_time_delta_sensor_async' retrieved from /home/ec2-user/environment/lab4_model_training/venv/lib64/python3.12/site-packages/airflow/example_dags/example_time_delta_sensor_async.py
[2026-03-12T01:23:08.025+0000] {logging_mixin.py:190} INFO - [2026-03-12T01:23:08.025+0000] {dag.py:3239} INFO - Sync 1 DAGs
[2026-03-12T01:23:08.043+0000] {logging_mixin.py:190} INFO - [2026-03-12T01:23:08.043+0000] {dag.py:4180} INFO - Setting next_dagrun for example_time_delta_sensor_async to None, run_after=None
[2026-03-12T01:23:08.068+0000] {processor.py:208} INFO - Processing /home/ec2-user/environment/lab4_model_training/venv/lib64/python3.12/site-packages/airflow/example_dags/example_time_delta_sensor_async.py took 0.080 seconds
[2026-03-12T01:24:20.097+0000] {processor.py:186} INFO - Started process (PID=19663) to work on /home/ec2-user/environment/lab4_model_training/venv/lib64/python3.12/site-packages/airflow/example_dags/example_time_delta_sensor_async.py
[2026-03-12T01:24:20.098+0000] {processor.py:914} INFO - Processing file /home/ec2-user/environment/lab4_model_training/venv/lib64/python3.12/site-packages/airflow/example_dags/example_time_delta_sensor_async.py for tasks to queue
[2026-03-12T01:24:20.101+0000] {logging_mixin.py:190} INFO - [2026-03-12T01:24:20.101+0000] {dagbag.py:588} INFO - Filling up the DagBag from /home/ec2-user/environment/lab4_model_training/venv/lib64/python3.12/site-packages/airflow/example_dags/example_time_delta_sensor_async.py
[2026-03-12T01:24:20.109+0000] {processor.py:925} INFO - DAG(s) 'example_time_delta_sensor_async' retrieved from /home/ec2-user/environment/lab4_model_training/venv/lib64/python3.12/site-packages/airflow/example_dags/example_time_delta_sensor_async.py
[2026-03-12T01:24:20.258+0000] {logging_mixin.py:190} INFO - [2026-03-12T01:24:20.258+0000] {dag.py:3239} INFO - Sync 1 DAGs
[2026-03-12T01:24:20.272+0000] {logging_mixin.py:190} INFO - [2026-03-12T01:24:20.271+0000] {dag.py:4180} INFO - Setting next_dagrun for example_time_delta_sensor_async to None, run_after=None
[2026-03-12T01:24:20.293+0000] {processor.py:208} INFO - Processing /home/ec2-user/environment/lab4_model_training/venv/lib64/python3.12/site-packages/airflow/example_dags/example_time_delta_sensor_async.py took 0.201 seconds
[2026-03-12T01:25:28.387+0000] {processor.py:186} INFO - Started process (PID=19981) to work on /home/ec2-user/environment/lab4_model_training/venv/lib64/python3.12/site-packages/airflow/example_dags/example_time_delta_sensor_async.py
[2026-03-12T01:25:28.388+0000] {processor.py:914} INFO - Processing file /home/ec2-user/environment/lab4_model_training/venv/lib64/python3.12/site-packages/airflow/example_dags/example_time_delta_sensor_async.py for tasks to queue
[2026-03-12T01:25:28.390+0000] {logging_mixin.py:190} INFO - [2026-03-12T01:25:28.389+0000] {dagbag.py:588} INFO - Filling up the DagBag from /home/ec2-user/environment/lab4_model_training/venv/lib64/python3.12/site-packages/airflow/example_dags/example_time_delta_sensor_async.py
[2026-03-12T01:25:28.397+0000] {processor.py:925} INFO - DAG(s) 'example_time_delta_sensor_async' retrieved from /home/ec2-user/environment/lab4_model_training/venv/lib64/python3.12/site-packages/airflow/example_dags/example_time_delta_sensor_async.py
[2026-03-12T01:25:28.415+0000] {logging_mixin.py:190} INFO - [2026-03-12T01:25:28.415+0000] {dag.py:3239} INFO - Sync 1 DAGs
[2026-03-12T01:25:28.554+0000] {logging_mixin.py:190} INFO - [2026-03-12T01:25:28.554+0000] {dag.py:4180} INFO - Setting next_dagrun for example_time_delta_sensor_async to None, run_after=None
[2026-03-12T01:25:28.574+0000] {processor.py:208} INFO - Processing /home/ec2-user/environment/lab4_model_training/venv/lib64/python3.12/site-packages/airflow/example_dags/example_time_delta_sensor_async.py took 0.193 seconds
[2026-03-12T01:26:38.535+0000] {processor.py:186} INFO - Started process (PID=20282) to work on /home/ec2-user/environment/lab4_model_training/venv/lib64/python3.12/site-packages/airflow/example_dags/example_time_delta_sensor_async.py
[2026-03-12T01:26:38.536+0000] {processor.py:914} INFO - Processing file /home/ec2-user/environment/lab4_model_training/venv/lib64/python3.12/site-packages/airflow/example_dags/example_time_delta_sensor_async.py for tasks to queue
[2026-03-12T01:26:38.539+0000] {logging_mixin.py:190} INFO - [2026-03-12T01:26:38.539+0000] {dagbag.py:588} INFO - Filling up the DagBag from /home/ec2-user/environment/lab4_model_training/venv/lib64/python3.12/site-packages/airflow/example_dags/example_time_delta_sensor_async.py
[2026-03-12T01:26:38.548+0000] {processor.py:925} INFO - DAG(s) 'example_time_delta_sensor_async' retrieved from /home/ec2-user/environment/lab4_model_training/venv/lib64/python3.12/site-packages/airflow/example_dags/example_time_delta_sensor_async.py
[2026-03-12T01:26:38.567+0000] {logging_mixin.py:190} INFO - [2026-03-12T01:26:38.567+0000] {dag.py:3239} INFO - Sync 1 DAGs
[2026-03-12T01:26:38.585+0000] {logging_mixin.py:190} INFO - [2026-03-12T01:26:38.585+0000] {dag.py:4180} INFO - Setting next_dagrun for example_time_delta_sensor_async to None, run_after=None
[2026-03-12T01:26:38.609+0000] {processor.py:208} INFO - Processing /home/ec2-user/environment/lab4_model_training/venv/lib64/python3.12/site-packages/airflow/example_dags/example_time_delta_sensor_async.py took 0.081 seconds
[2026-03-12T01:27:38.917+0000] {processor.py:186} INFO - Started process (PID=20516) to work on /home/ec2-user/environment/lab4_model_training/venv/lib64/python3.12/site-packages/airflow/example_dags/example_time_delta_sensor_async.py
[2026-03-12T01:27:38.919+0000] {processor.py:914} INFO - Processing file /home/ec2-user/environment/lab4_model_training/venv/lib64/python3.12/site-packages/airflow/example_dags/example_time_delta_sensor_async.py for tasks to queue
[2026-03-12T01:27:38.922+0000] {logging_mixin.py:190} INFO - [2026-03-12T01:27:38.921+0000] {dagbag.py:588} INFO - Filling up the DagBag from /home/ec2-user/environment/lab4_model_training/venv/lib64/python3.12/site-packages/airflow/example_dags/example_time_delta_sensor_async.py
[2026-03-12T01:27:38.930+0000] {processor.py:925} INFO - DAG(s) 'example_time_delta_sensor_async' retrieved from /home/ec2-user/environment/lab4_model_training/venv/lib64/python3.12/site-packages/airflow/example_dags/example_time_delta_sensor_async.py
[2026-03-12T01:27:38.948+0000] {logging_mixin.py:190} INFO - [2026-03-12T01:27:38.948+0000] {dag.py:3239} INFO - Sync 1 DAGs
[2026-03-12T01:27:38.966+0000] {logging_mixin.py:190} INFO - [2026-03-12T01:27:38.966+0000] {dag.py:4180} INFO - Setting next_dagrun for example_time_delta_sensor_async to None, run_after=None
[2026-03-12T01:27:38.990+0000] {processor.py:208} INFO - Processing /home/ec2-user/environment/lab4_model_training/venv/lib64/python3.12/site-packages/airflow/example_dags/example_time_delta_sensor_async.py took 0.079 seconds
[2026-03-12T01:28:38.009+0000] {processor.py:186} INFO - Started process (PID=20787) to work on /home/ec2-user/environment/lab4_model_training/venv/lib64/python3.12/site-packages/airflow/example_dags/example_time_delta_sensor_async.py
[2026-03-12T01:28:38.011+0000] {processor.py:914} INFO - Processing file /home/ec2-user/environment/lab4_model_training/venv/lib64/python3.12/site-packages/airflow/example_dags/example_time_delta_sensor_async.py for tasks to queue
[2026-03-12T01:28:38.014+0000] {logging_mixin.py:190} INFO - [2026-03-12T01:28:38.013+0000] {dagbag.py:588} INFO - Filling up the DagBag from /home/ec2-user/environment/lab4_model_training/venv/lib64/python3.12/site-packages/airflow/example_dags/example_time_delta_sensor_async.py
[2026-03-12T01:28:38.021+0000] {processor.py:925} INFO - DAG(s) 'example_time_delta_sensor_async' retrieved from /home/ec2-user/environment/lab4_model_training/venv/lib64/python3.12/site-packages/airflow/example_dags/example_time_delta_sensor_async.py
[2026-03-12T01:28:38.040+0000] {logging_mixin.py:190} INFO - [2026-03-12T01:28:38.040+0000] {dag.py:3239} INFO - Sync 1 DAGs
[2026-03-12T01:28:38.056+0000] {logging_mixin.py:190} INFO - [2026-03-12T01:28:38.056+0000] {dag.py:4180} INFO - Setting next_dagrun for example_time_delta_sensor_async to None, run_after=None
[2026-03-12T01:28:38.080+0000] {processor.py:208} INFO - Processing /home/ec2-user/environment/lab4_model_training/venv/lib64/python3.12/site-packages/airflow/example_dags/example_time_delta_sensor_async.py took 0.076 seconds
[2026-03-12T01:29:42.012+0000] {processor.py:186} INFO - Started process (PID=21057) to work on /home/ec2-user/environment/lab4_model_training/venv/lib64/python3.12/site-packages/airflow/example_dags/example_time_delta_sensor_async.py
[2026-03-12T01:29:42.013+0000] {processor.py:914} INFO - Processing file /home/ec2-user/environment/lab4_model_training/venv/lib64/python3.12/site-packages/airflow/example_dags/example_time_delta_sensor_async.py for tasks to queue
[2026-03-12T01:29:42.016+0000] {logging_mixin.py:190} INFO - [2026-03-12T01:29:42.015+0000] {dagbag.py:588} INFO - Filling up the DagBag from /home/ec2-user/environment/lab4_model_training/venv/lib64/python3.12/site-packages/airflow/example_dags/example_time_delta_sensor_async.py
[2026-03-12T01:29:42.024+0000] {processor.py:925} INFO - DAG(s) 'example_time_delta_sensor_async' retrieved from /home/ec2-user/environment/lab4_model_training/venv/lib64/python3.12/site-packages/airflow/example_dags/example_time_delta_sensor_async.py
[2026-03-12T01:29:42.043+0000] {logging_mixin.py:190} INFO - [2026-03-12T01:29:42.043+0000] {dag.py:3239} INFO - Sync 1 DAGs
[2026-03-12T01:29:42.062+0000] {logging_mixin.py:190} INFO - [2026-03-12T01:29:42.061+0000] {dag.py:4180} INFO - Setting next_dagrun for example_time_delta_sensor_async to None, run_after=None
[2026-03-12T01:29:42.087+0000] {processor.py:208} INFO - Processing /home/ec2-user/environment/lab4_model_training/venv/lib64/python3.12/site-packages/airflow/example_dags/example_time_delta_sensor_async.py took 0.081 seconds
[2026-03-12T01:30:42.124+0000] {processor.py:186} INFO - Started process (PID=21439) to work on /home/ec2-user/environment/lab4_model_training/venv/lib64/python3.12/site-packages/airflow/example_dags/example_time_delta_sensor_async.py
[2026-03-12T01:30:42.132+0000] {processor.py:914} INFO - Processing file /home/ec2-user/environment/lab4_model_training/venv/lib64/python3.12/site-packages/airflow/example_dags/example_time_delta_sensor_async.py for tasks to queue
[2026-03-12T01:30:42.135+0000] {logging_mixin.py:190} INFO - [2026-03-12T01:30:42.134+0000] {dagbag.py:588} INFO - Filling up the DagBag from /home/ec2-user/environment/lab4_model_training/venv/lib64/python3.12/site-packages/airflow/example_dags/example_time_delta_sensor_async.py
[2026-03-12T01:30:42.145+0000] {processor.py:925} INFO - DAG(s) 'example_time_delta_sensor_async' retrieved from /home/ec2-user/environment/lab4_model_training/venv/lib64/python3.12/site-packages/airflow/example_dags/example_time_delta_sensor_async.py
[2026-03-12T01:30:42.165+0000] {logging_mixin.py:190} INFO - [2026-03-12T01:30:42.164+0000] {dag.py:3239} INFO - Sync 1 DAGs
[2026-03-12T01:30:42.181+0000] {logging_mixin.py:190} INFO - [2026-03-12T01:30:42.181+0000] {dag.py:4180} INFO - Setting next_dagrun for example_time_delta_sensor_async to None, run_after=None
[2026-03-12T01:30:42.205+0000] {processor.py:208} INFO - Processing /home/ec2-user/environment/lab4_model_training/venv/lib64/python3.12/site-packages/airflow/example_dags/example_time_delta_sensor_async.py took 0.090 seconds
[2026-03-12T01:31:47.405+0000] {processor.py:186} INFO - Started process (PID=21735) to work on /home/ec2-user/environment/lab4_model_training/venv/lib64/python3.12/site-packages/airflow/example_dags/example_time_delta_sensor_async.py
[2026-03-12T01:31:47.407+0000] {processor.py:914} INFO - Processing file /home/ec2-user/environment/lab4_model_training/venv/lib64/python3.12/site-packages/airflow/example_dags/example_time_delta_sensor_async.py for tasks to queue
[2026-03-12T01:31:47.409+0000] {logging_mixin.py:190} INFO - [2026-03-12T01:31:47.409+0000] {dagbag.py:588} INFO - Filling up the DagBag from /home/ec2-user/environment/lab4_model_training/venv/lib64/python3.12/site-packages/airflow/example_dags/example_time_delta_sensor_async.py
[2026-03-12T01:31:47.417+0000] {processor.py:925} INFO - DAG(s) 'example_time_delta_sensor_async' retrieved from /home/ec2-user/environment/lab4_model_training/venv/lib64/python3.12/site-packages/airflow/example_dags/example_time_delta_sensor_async.py
[2026-03-12T01:31:47.436+0000] {logging_mixin.py:190} INFO - [2026-03-12T01:31:47.435+0000] {dag.py:3239} INFO - Sync 1 DAGs
[2026-03-12T01:31:47.452+0000] {logging_mixin.py:190} INFO - [2026-03-12T01:31:47.452+0000] {dag.py:4180} INFO - Setting next_dagrun for example_time_delta_sensor_async to None, run_after=None
[2026-03-12T01:31:47.474+0000] {processor.py:208} INFO - Processing /home/ec2-user/environment/lab4_model_training/venv/lib64/python3.12/site-packages/airflow/example_dags/example_time_delta_sensor_async.py took 0.074 seconds
[2026-03-12T01:32:45.644+0000] {processor.py:186} INFO - Started process (PID=21969) to work on /home/ec2-user/environment/lab4_model_training/venv/lib64/python3.12/site-packages/airflow/example_dags/example_time_delta_sensor_async.py
[2026-03-12T01:32:45.645+0000] {processor.py:914} INFO - Processing file /home/ec2-user/environment/lab4_model_training/venv/lib64/python3.12/site-packages/airflow/example_dags/example_time_delta_sensor_async.py for tasks to queue
[2026-03-12T01:32:45.647+0000] {logging_mixin.py:190} INFO - [2026-03-12T01:32:45.647+0000] {dagbag.py:588} INFO - Filling up the DagBag from /home/ec2-user/environment/lab4_model_training/venv/lib64/python3.12/site-packages/airflow/example_dags/example_time_delta_sensor_async.py
[2026-03-12T01:32:45.655+0000] {processor.py:925} INFO - DAG(s) 'example_time_delta_sensor_async' retrieved from /home/ec2-user/environment/lab4_model_training/venv/lib64/python3.12/site-packages/airflow/example_dags/example_time_delta_sensor_async.py
[2026-03-12T01:32:45.672+0000] {logging_mixin.py:190} INFO - [2026-03-12T01:32:45.672+0000] {dag.py:3239} INFO - Sync 1 DAGs
[2026-03-12T01:32:45.688+0000] {logging_mixin.py:190} INFO - [2026-03-12T01:32:45.688+0000] {dag.py:4180} INFO - Setting next_dagrun for example_time_delta_sensor_async to None, run_after=None
[2026-03-12T01:32:45.709+0000] {processor.py:208} INFO - Processing /home/ec2-user/environment/lab4_model_training/venv/lib64/python3.12/site-packages/airflow/example_dags/example_time_delta_sensor_async.py took 0.071 seconds
[2026-03-12T01:33:49.595+0000] {processor.py:186} INFO - Started process (PID=22254) to work on /home/ec2-user/environment/lab4_model_training/venv/lib64/python3.12/site-packages/airflow/example_dags/example_time_delta_sensor_async.py
[2026-03-12T01:33:49.596+0000] {processor.py:914} INFO - Processing file /home/ec2-user/environment/lab4_model_training/venv/lib64/python3.12/site-packages/airflow/example_dags/example_time_delta_sensor_async.py for tasks to queue
[2026-03-12T01:33:49.599+0000] {logging_mixin.py:190} INFO - [2026-03-12T01:33:49.598+0000] {dagbag.py:588} INFO - Filling up the DagBag from /home/ec2-user/environment/lab4_model_training/venv/lib64/python3.12/site-packages/airflow/example_dags/example_time_delta_sensor_async.py
[2026-03-12T01:33:49.606+0000] {processor.py:925} INFO - DAG(s) 'example_time_delta_sensor_async' retrieved from /home/ec2-user/environment/lab4_model_training/venv/lib64/python3.12/site-packages/airflow/example_dags/example_time_delta_sensor_async.py
[2026-03-12T01:33:49.625+0000] {logging_mixin.py:190} INFO - [2026-03-12T01:33:49.625+0000] {dag.py:3239} INFO - Sync 1 DAGs
[2026-03-12T01:33:49.641+0000] {logging_mixin.py:190} INFO - [2026-03-12T01:33:49.641+0000] {dag.py:4180} INFO - Setting next_dagrun for example_time_delta_sensor_async to None, run_after=None
[2026-03-12T01:33:49.665+0000] {processor.py:208} INFO - Processing /home/ec2-user/environment/lab4_model_training/venv/lib64/python3.12/site-packages/airflow/example_dags/example_time_delta_sensor_async.py took 0.077 seconds
