[2026-03-12T00:35:59.749+0000] {processor.py:186} INFO - Started process (PID=6945) to work on /home/ec2-user/environment/lab4_model_training/venv/lib64/python3.12/site-packages/airflow/example_dags/example_bash_decorator.py
[2026-03-12T00:35:59.750+0000] {processor.py:914} INFO - Processing file /home/ec2-user/environment/lab4_model_training/venv/lib64/python3.12/site-packages/airflow/example_dags/example_bash_decorator.py for tasks to queue
[2026-03-12T00:35:59.752+0000] {logging_mixin.py:190} INFO - [2026-03-12T00:35:59.752+0000] {dagbag.py:588} INFO - Filling up the DagBag from /home/ec2-user/environment/lab4_model_training/venv/lib64/python3.12/site-packages/airflow/example_dags/example_bash_decorator.py
[2026-03-12T00:35:59.770+0000] {processor.py:925} INFO - DAG(s) 'example_bash_decorator' retrieved from /home/ec2-user/environment/lab4_model_training/venv/lib64/python3.12/site-packages/airflow/example_dags/example_bash_decorator.py
[2026-03-12T00:35:59.863+0000] {logging_mixin.py:190} INFO - [2026-03-12T00:35:59.863+0000] {override.py:1930} INFO - Created Permission View: can read on DAG:example_bash_decorator
[2026-03-12T00:35:59.881+0000] {logging_mixin.py:190} INFO - [2026-03-12T00:35:59.881+0000] {override.py:1930} INFO - Created Permission View: can delete on DAG:example_bash_decorator
[2026-03-12T00:35:59.892+0000] {logging_mixin.py:190} INFO - [2026-03-12T00:35:59.892+0000] {override.py:1930} INFO - Created Permission View: can edit on DAG:example_bash_decorator
[2026-03-12T00:35:59.909+0000] {logging_mixin.py:190} INFO - [2026-03-12T00:35:59.908+0000] {override.py:1930} INFO - Created Permission View: can read on DAG Run:example_bash_decorator
[2026-03-12T00:35:59.920+0000] {logging_mixin.py:190} INFO - [2026-03-12T00:35:59.920+0000] {override.py:1930} INFO - Created Permission View: menu access on DAG Run:example_bash_decorator
[2026-03-12T00:35:59.931+0000] {logging_mixin.py:190} INFO - [2026-03-12T00:35:59.931+0000] {override.py:1930} INFO - Created Permission View: can create on DAG Run:example_bash_decorator
[2026-03-12T00:35:59.943+0000] {logging_mixin.py:190} INFO - [2026-03-12T00:35:59.943+0000] {override.py:1930} INFO - Created Permission View: can delete on DAG Run:example_bash_decorator
[2026-03-12T00:35:59.943+0000] {logging_mixin.py:190} INFO - [2026-03-12T00:35:59.943+0000] {dag.py:3239} INFO - Sync 1 DAGs
[2026-03-12T00:35:59.964+0000] {logging_mixin.py:190} INFO - [2026-03-12T00:35:59.963+0000] {dag.py:3262} INFO - Creating ORM DAG for example_bash_decorator
[2026-03-12T00:35:59.964+0000] {logging_mixin.py:190} INFO - [2026-03-12T00:35:59.964+0000] {dag.py:4180} INFO - Setting next_dagrun for example_bash_decorator to None, run_after=None
[2026-03-12T00:35:59.985+0000] {processor.py:208} INFO - Processing /home/ec2-user/environment/lab4_model_training/venv/lib64/python3.12/site-packages/airflow/example_dags/example_bash_decorator.py took 0.242 seconds
[2026-03-12T00:39:30.395+0000] {processor.py:186} INFO - Started process (PID=7850) to work on /home/ec2-user/environment/lab4_model_training/venv/lib64/python3.12/site-packages/airflow/example_dags/example_bash_decorator.py
[2026-03-12T00:39:30.396+0000] {processor.py:914} INFO - Processing file /home/ec2-user/environment/lab4_model_training/venv/lib64/python3.12/site-packages/airflow/example_dags/example_bash_decorator.py for tasks to queue
[2026-03-12T00:39:30.398+0000] {logging_mixin.py:190} INFO - [2026-03-12T00:39:30.398+0000] {dagbag.py:588} INFO - Filling up the DagBag from /home/ec2-user/environment/lab4_model_training/venv/lib64/python3.12/site-packages/airflow/example_dags/example_bash_decorator.py
[2026-03-12T00:39:30.416+0000] {processor.py:925} INFO - DAG(s) 'example_bash_decorator' retrieved from /home/ec2-user/environment/lab4_model_training/venv/lib64/python3.12/site-packages/airflow/example_dags/example_bash_decorator.py
[2026-03-12T00:39:30.508+0000] {logging_mixin.py:190} INFO - [2026-03-12T00:39:30.508+0000] {dag.py:3239} INFO - Sync 1 DAGs
[2026-03-12T00:39:30.522+0000] {logging_mixin.py:190} INFO - [2026-03-12T00:39:30.522+0000] {dag.py:4180} INFO - Setting next_dagrun for example_bash_decorator to None, run_after=None
[2026-03-12T00:39:30.544+0000] {processor.py:208} INFO - Processing /home/ec2-user/environment/lab4_model_training/venv/lib64/python3.12/site-packages/airflow/example_dags/example_bash_decorator.py took 0.154 seconds
[2026-03-12T00:40:33.808+0000] {processor.py:186} INFO - Started process (PID=8098) to work on /home/ec2-user/environment/lab4_model_training/venv/lib64/python3.12/site-packages/airflow/example_dags/example_bash_decorator.py
[2026-03-12T00:40:33.809+0000] {processor.py:914} INFO - Processing file /home/ec2-user/environment/lab4_model_training/venv/lib64/python3.12/site-packages/airflow/example_dags/example_bash_decorator.py for tasks to queue
[2026-03-12T00:40:33.811+0000] {logging_mixin.py:190} INFO - [2026-03-12T00:40:33.811+0000] {dagbag.py:588} INFO - Filling up the DagBag from /home/ec2-user/environment/lab4_model_training/venv/lib64/python3.12/site-packages/airflow/example_dags/example_bash_decorator.py
[2026-03-12T00:40:33.829+0000] {processor.py:925} INFO - DAG(s) 'example_bash_decorator' retrieved from /home/ec2-user/environment/lab4_model_training/venv/lib64/python3.12/site-packages/airflow/example_dags/example_bash_decorator.py
[2026-03-12T00:40:33.853+0000] {logging_mixin.py:190} INFO - [2026-03-12T00:40:33.853+0000] {dag.py:3239} INFO - Sync 1 DAGs
[2026-03-12T00:40:33.868+0000] {logging_mixin.py:190} INFO - [2026-03-12T00:40:33.868+0000] {dag.py:4180} INFO - Setting next_dagrun for example_bash_decorator to None, run_after=None
[2026-03-12T00:40:33.889+0000] {processor.py:208} INFO - Processing /home/ec2-user/environment/lab4_model_training/venv/lib64/python3.12/site-packages/airflow/example_dags/example_bash_decorator.py took 0.086 seconds
[2026-03-12T00:41:36.434+0000] {processor.py:186} INFO - Started process (PID=8383) to work on /home/ec2-user/environment/lab4_model_training/venv/lib64/python3.12/site-packages/airflow/example_dags/example_bash_decorator.py
[2026-03-12T00:41:36.436+0000] {processor.py:914} INFO - Processing file /home/ec2-user/environment/lab4_model_training/venv/lib64/python3.12/site-packages/airflow/example_dags/example_bash_decorator.py for tasks to queue
[2026-03-12T00:41:36.438+0000] {logging_mixin.py:190} INFO - [2026-03-12T00:41:36.437+0000] {dagbag.py:588} INFO - Filling up the DagBag from /home/ec2-user/environment/lab4_model_training/venv/lib64/python3.12/site-packages/airflow/example_dags/example_bash_decorator.py
[2026-03-12T00:41:36.456+0000] {processor.py:925} INFO - DAG(s) 'example_bash_decorator' retrieved from /home/ec2-user/environment/lab4_model_training/venv/lib64/python3.12/site-packages/airflow/example_dags/example_bash_decorator.py
[2026-03-12T00:41:36.480+0000] {logging_mixin.py:190} INFO - [2026-03-12T00:41:36.480+0000] {dag.py:3239} INFO - Sync 1 DAGs
[2026-03-12T00:41:36.495+0000] {logging_mixin.py:190} INFO - [2026-03-12T00:41:36.495+0000] {dag.py:4180} INFO - Setting next_dagrun for example_bash_decorator to None, run_after=None
[2026-03-12T00:41:36.517+0000] {processor.py:208} INFO - Processing /home/ec2-user/environment/lab4_model_training/venv/lib64/python3.12/site-packages/airflow/example_dags/example_bash_decorator.py took 0.088 seconds
[2026-03-12T00:42:37.012+0000] {processor.py:186} INFO - Started process (PID=8668) to work on /home/ec2-user/environment/lab4_model_training/venv/lib64/python3.12/site-packages/airflow/example_dags/example_bash_decorator.py
[2026-03-12T00:42:37.014+0000] {processor.py:914} INFO - Processing file /home/ec2-user/environment/lab4_model_training/venv/lib64/python3.12/site-packages/airflow/example_dags/example_bash_decorator.py for tasks to queue
[2026-03-12T00:42:37.016+0000] {logging_mixin.py:190} INFO - [2026-03-12T00:42:37.015+0000] {dagbag.py:588} INFO - Filling up the DagBag from /home/ec2-user/environment/lab4_model_training/venv/lib64/python3.12/site-packages/airflow/example_dags/example_bash_decorator.py
[2026-03-12T00:42:37.034+0000] {processor.py:925} INFO - DAG(s) 'example_bash_decorator' retrieved from /home/ec2-user/environment/lab4_model_training/venv/lib64/python3.12/site-packages/airflow/example_dags/example_bash_decorator.py
[2026-03-12T00:42:37.059+0000] {logging_mixin.py:190} INFO - [2026-03-12T00:42:37.058+0000] {dag.py:3239} INFO - Sync 1 DAGs
[2026-03-12T00:42:37.074+0000] {logging_mixin.py:190} INFO - [2026-03-12T00:42:37.074+0000] {dag.py:4180} INFO - Setting next_dagrun for example_bash_decorator to None, run_after=None
[2026-03-12T00:42:37.097+0000] {processor.py:208} INFO - Processing /home/ec2-user/environment/lab4_model_training/venv/lib64/python3.12/site-packages/airflow/example_dags/example_bash_decorator.py took 0.090 seconds
[2026-03-12T00:44:43.323+0000] {processor.py:186} INFO - Started process (PID=9241) to work on /home/ec2-user/environment/lab4_model_training/venv/lib64/python3.12/site-packages/airflow/example_dags/example_bash_decorator.py
[2026-03-12T00:44:43.324+0000] {processor.py:914} INFO - Processing file /home/ec2-user/environment/lab4_model_training/venv/lib64/python3.12/site-packages/airflow/example_dags/example_bash_decorator.py for tasks to queue
[2026-03-12T00:44:43.326+0000] {logging_mixin.py:190} INFO - [2026-03-12T00:44:43.326+0000] {dagbag.py:588} INFO - Filling up the DagBag from /home/ec2-user/environment/lab4_model_training/venv/lib64/python3.12/site-packages/airflow/example_dags/example_bash_decorator.py
[2026-03-12T00:44:43.344+0000] {processor.py:925} INFO - DAG(s) 'example_bash_decorator' retrieved from /home/ec2-user/environment/lab4_model_training/venv/lib64/python3.12/site-packages/airflow/example_dags/example_bash_decorator.py
[2026-03-12T00:44:43.457+0000] {logging_mixin.py:190} INFO - [2026-03-12T00:44:43.456+0000] {dag.py:3239} INFO - Sync 1 DAGs
[2026-03-12T00:44:43.472+0000] {logging_mixin.py:190} INFO - [2026-03-12T00:44:43.472+0000] {dag.py:4180} INFO - Setting next_dagrun for example_bash_decorator to None, run_after=None
[2026-03-12T00:44:43.495+0000] {processor.py:208} INFO - Processing /home/ec2-user/environment/lab4_model_training/venv/lib64/python3.12/site-packages/airflow/example_dags/example_bash_decorator.py took 0.177 seconds
[2026-03-12T00:46:31.762+0000] {processor.py:186} INFO - Started process (PID=9707) to work on /home/ec2-user/environment/lab4_model_training/venv/lib64/python3.12/site-packages/airflow/example_dags/example_bash_decorator.py
[2026-03-12T00:46:31.764+0000] {processor.py:914} INFO - Processing file /home/ec2-user/environment/lab4_model_training/venv/lib64/python3.12/site-packages/airflow/example_dags/example_bash_decorator.py for tasks to queue
[2026-03-12T00:46:31.766+0000] {logging_mixin.py:190} INFO - [2026-03-12T00:46:31.765+0000] {dagbag.py:588} INFO - Filling up the DagBag from /home/ec2-user/environment/lab4_model_training/venv/lib64/python3.12/site-packages/airflow/example_dags/example_bash_decorator.py
[2026-03-12T00:46:31.784+0000] {processor.py:925} INFO - DAG(s) 'example_bash_decorator' retrieved from /home/ec2-user/environment/lab4_model_training/venv/lib64/python3.12/site-packages/airflow/example_dags/example_bash_decorator.py
[2026-03-12T00:46:31.876+0000] {logging_mixin.py:190} INFO - [2026-03-12T00:46:31.876+0000] {dag.py:3239} INFO - Sync 1 DAGs
[2026-03-12T00:46:31.890+0000] {logging_mixin.py:190} INFO - [2026-03-12T00:46:31.889+0000] {dag.py:4180} INFO - Setting next_dagrun for example_bash_decorator to None, run_after=None
[2026-03-12T00:46:31.911+0000] {processor.py:208} INFO - Processing /home/ec2-user/environment/lab4_model_training/venv/lib64/python3.12/site-packages/airflow/example_dags/example_bash_decorator.py took 0.153 seconds
[2026-03-12T00:48:13.229+0000] {processor.py:186} INFO - Started process (PID=10164) to work on /home/ec2-user/environment/lab4_model_training/venv/lib64/python3.12/site-packages/airflow/example_dags/example_bash_decorator.py
[2026-03-12T00:48:13.230+0000] {processor.py:914} INFO - Processing file /home/ec2-user/environment/lab4_model_training/venv/lib64/python3.12/site-packages/airflow/example_dags/example_bash_decorator.py for tasks to queue
[2026-03-12T00:48:13.232+0000] {logging_mixin.py:190} INFO - [2026-03-12T00:48:13.232+0000] {dagbag.py:588} INFO - Filling up the DagBag from /home/ec2-user/environment/lab4_model_training/venv/lib64/python3.12/site-packages/airflow/example_dags/example_bash_decorator.py
[2026-03-12T00:48:13.250+0000] {processor.py:925} INFO - DAG(s) 'example_bash_decorator' retrieved from /home/ec2-user/environment/lab4_model_training/venv/lib64/python3.12/site-packages/airflow/example_dags/example_bash_decorator.py
[2026-03-12T00:48:13.345+0000] {logging_mixin.py:190} INFO - [2026-03-12T00:48:13.345+0000] {dag.py:3239} INFO - Sync 1 DAGs
[2026-03-12T00:48:13.359+0000] {logging_mixin.py:190} INFO - [2026-03-12T00:48:13.359+0000] {dag.py:4180} INFO - Setting next_dagrun for example_bash_decorator to None, run_after=None
[2026-03-12T00:48:13.382+0000] {processor.py:208} INFO - Processing /home/ec2-user/environment/lab4_model_training/venv/lib64/python3.12/site-packages/airflow/example_dags/example_bash_decorator.py took 0.158 seconds
[2026-03-12T00:49:21.141+0000] {processor.py:186} INFO - Started process (PID=10439) to work on /home/ec2-user/environment/lab4_model_training/venv/lib64/python3.12/site-packages/airflow/example_dags/example_bash_decorator.py
[2026-03-12T00:49:21.143+0000] {processor.py:914} INFO - Processing file /home/ec2-user/environment/lab4_model_training/venv/lib64/python3.12/site-packages/airflow/example_dags/example_bash_decorator.py for tasks to queue
[2026-03-12T00:49:21.146+0000] {logging_mixin.py:190} INFO - [2026-03-12T00:49:21.145+0000] {dagbag.py:588} INFO - Filling up the DagBag from /home/ec2-user/environment/lab4_model_training/venv/lib64/python3.12/site-packages/airflow/example_dags/example_bash_decorator.py
[2026-03-12T00:49:21.164+0000] {processor.py:925} INFO - DAG(s) 'example_bash_decorator' retrieved from /home/ec2-user/environment/lab4_model_training/venv/lib64/python3.12/site-packages/airflow/example_dags/example_bash_decorator.py
[2026-03-12T00:49:21.188+0000] {logging_mixin.py:190} INFO - [2026-03-12T00:49:21.188+0000] {dag.py:3239} INFO - Sync 1 DAGs
[2026-03-12T00:49:21.203+0000] {logging_mixin.py:190} INFO - [2026-03-12T00:49:21.203+0000] {dag.py:4180} INFO - Setting next_dagrun for example_bash_decorator to None, run_after=None
[2026-03-12T00:49:21.229+0000] {processor.py:208} INFO - Processing /home/ec2-user/environment/lab4_model_training/venv/lib64/python3.12/site-packages/airflow/example_dags/example_bash_decorator.py took 0.092 seconds
[2026-03-12T00:50:26.344+0000] {processor.py:186} INFO - Started process (PID=10747) to work on /home/ec2-user/environment/lab4_model_training/venv/lib64/python3.12/site-packages/airflow/example_dags/example_bash_decorator.py
[2026-03-12T00:50:26.357+0000] {processor.py:914} INFO - Processing file /home/ec2-user/environment/lab4_model_training/venv/lib64/python3.12/site-packages/airflow/example_dags/example_bash_decorator.py for tasks to queue
[2026-03-12T00:50:26.360+0000] {logging_mixin.py:190} INFO - [2026-03-12T00:50:26.359+0000] {dagbag.py:588} INFO - Filling up the DagBag from /home/ec2-user/environment/lab4_model_training/venv/lib64/python3.12/site-packages/airflow/example_dags/example_bash_decorator.py
[2026-03-12T00:50:26.394+0000] {processor.py:925} INFO - DAG(s) 'example_bash_decorator' retrieved from /home/ec2-user/environment/lab4_model_training/venv/lib64/python3.12/site-packages/airflow/example_dags/example_bash_decorator.py
[2026-03-12T00:50:26.417+0000] {logging_mixin.py:190} INFO - [2026-03-12T00:50:26.417+0000] {dag.py:3239} INFO - Sync 1 DAGs
[2026-03-12T00:50:26.433+0000] {logging_mixin.py:190} INFO - [2026-03-12T00:50:26.433+0000] {dag.py:4180} INFO - Setting next_dagrun for example_bash_decorator to None, run_after=None
[2026-03-12T00:50:26.455+0000] {processor.py:208} INFO - Processing /home/ec2-user/environment/lab4_model_training/venv/lib64/python3.12/site-packages/airflow/example_dags/example_bash_decorator.py took 0.116 seconds
[2026-03-12T00:51:25.717+0000] {processor.py:186} INFO - Started process (PID=11061) to work on /home/ec2-user/environment/lab4_model_training/venv/lib64/python3.12/site-packages/airflow/example_dags/example_bash_decorator.py
[2026-03-12T00:51:25.719+0000] {processor.py:914} INFO - Processing file /home/ec2-user/environment/lab4_model_training/venv/lib64/python3.12/site-packages/airflow/example_dags/example_bash_decorator.py for tasks to queue
[2026-03-12T00:51:25.721+0000] {logging_mixin.py:190} INFO - [2026-03-12T00:51:25.720+0000] {dagbag.py:588} INFO - Filling up the DagBag from /home/ec2-user/environment/lab4_model_training/venv/lib64/python3.12/site-packages/airflow/example_dags/example_bash_decorator.py
[2026-03-12T00:51:25.739+0000] {processor.py:925} INFO - DAG(s) 'example_bash_decorator' retrieved from /home/ec2-user/environment/lab4_model_training/venv/lib64/python3.12/site-packages/airflow/example_dags/example_bash_decorator.py
[2026-03-12T00:51:25.763+0000] {logging_mixin.py:190} INFO - [2026-03-12T00:51:25.763+0000] {dag.py:3239} INFO - Sync 1 DAGs
[2026-03-12T00:51:25.779+0000] {logging_mixin.py:190} INFO - [2026-03-12T00:51:25.779+0000] {dag.py:4180} INFO - Setting next_dagrun for example_bash_decorator to None, run_after=None
[2026-03-12T00:51:25.801+0000] {processor.py:208} INFO - Processing /home/ec2-user/environment/lab4_model_training/venv/lib64/python3.12/site-packages/airflow/example_dags/example_bash_decorator.py took 0.088 seconds
[2026-03-12T00:52:26.029+0000] {processor.py:186} INFO - Started process (PID=11302) to work on /home/ec2-user/environment/lab4_model_training/venv/lib64/python3.12/site-packages/airflow/example_dags/example_bash_decorator.py
[2026-03-12T00:52:26.030+0000] {processor.py:914} INFO - Processing file /home/ec2-user/environment/lab4_model_training/venv/lib64/python3.12/site-packages/airflow/example_dags/example_bash_decorator.py for tasks to queue
[2026-03-12T00:52:26.032+0000] {logging_mixin.py:190} INFO - [2026-03-12T00:52:26.032+0000] {dagbag.py:588} INFO - Filling up the DagBag from /home/ec2-user/environment/lab4_model_training/venv/lib64/python3.12/site-packages/airflow/example_dags/example_bash_decorator.py
[2026-03-12T00:52:26.050+0000] {processor.py:925} INFO - DAG(s) 'example_bash_decorator' retrieved from /home/ec2-user/environment/lab4_model_training/venv/lib64/python3.12/site-packages/airflow/example_dags/example_bash_decorator.py
[2026-03-12T00:52:26.073+0000] {logging_mixin.py:190} INFO - [2026-03-12T00:52:26.073+0000] {dag.py:3239} INFO - Sync 1 DAGs
[2026-03-12T00:52:26.089+0000] {logging_mixin.py:190} INFO - [2026-03-12T00:52:26.088+0000] {dag.py:4180} INFO - Setting next_dagrun for example_bash_decorator to None, run_after=None
[2026-03-12T00:52:26.114+0000] {processor.py:208} INFO - Processing /home/ec2-user/environment/lab4_model_training/venv/lib64/python3.12/site-packages/airflow/example_dags/example_bash_decorator.py took 0.089 seconds
[2026-03-12T00:53:26.738+0000] {processor.py:186} INFO - Started process (PID=11598) to work on /home/ec2-user/environment/lab4_model_training/venv/lib64/python3.12/site-packages/airflow/example_dags/example_bash_decorator.py
[2026-03-12T00:53:26.739+0000] {processor.py:914} INFO - Processing file /home/ec2-user/environment/lab4_model_training/venv/lib64/python3.12/site-packages/airflow/example_dags/example_bash_decorator.py for tasks to queue
[2026-03-12T00:53:26.742+0000] {logging_mixin.py:190} INFO - [2026-03-12T00:53:26.742+0000] {dagbag.py:588} INFO - Filling up the DagBag from /home/ec2-user/environment/lab4_model_training/venv/lib64/python3.12/site-packages/airflow/example_dags/example_bash_decorator.py
[2026-03-12T00:53:26.764+0000] {processor.py:925} INFO - DAG(s) 'example_bash_decorator' retrieved from /home/ec2-user/environment/lab4_model_training/venv/lib64/python3.12/site-packages/airflow/example_dags/example_bash_decorator.py
[2026-03-12T00:53:26.787+0000] {logging_mixin.py:190} INFO - [2026-03-12T00:53:26.787+0000] {dag.py:3239} INFO - Sync 1 DAGs
[2026-03-12T00:53:26.801+0000] {logging_mixin.py:190} INFO - [2026-03-12T00:53:26.801+0000] {dag.py:4180} INFO - Setting next_dagrun for example_bash_decorator to None, run_after=None
[2026-03-12T00:53:26.823+0000] {processor.py:208} INFO - Processing /home/ec2-user/environment/lab4_model_training/venv/lib64/python3.12/site-packages/airflow/example_dags/example_bash_decorator.py took 0.091 seconds
[2026-03-12T00:54:26.858+0000] {processor.py:186} INFO - Started process (PID=11846) to work on /home/ec2-user/environment/lab4_model_training/venv/lib64/python3.12/site-packages/airflow/example_dags/example_bash_decorator.py
[2026-03-12T00:54:26.860+0000] {processor.py:914} INFO - Processing file /home/ec2-user/environment/lab4_model_training/venv/lib64/python3.12/site-packages/airflow/example_dags/example_bash_decorator.py for tasks to queue
[2026-03-12T00:54:26.862+0000] {logging_mixin.py:190} INFO - [2026-03-12T00:54:26.862+0000] {dagbag.py:588} INFO - Filling up the DagBag from /home/ec2-user/environment/lab4_model_training/venv/lib64/python3.12/site-packages/airflow/example_dags/example_bash_decorator.py
[2026-03-12T00:54:26.884+0000] {processor.py:925} INFO - DAG(s) 'example_bash_decorator' retrieved from /home/ec2-user/environment/lab4_model_training/venv/lib64/python3.12/site-packages/airflow/example_dags/example_bash_decorator.py
[2026-03-12T00:54:26.914+0000] {logging_mixin.py:190} INFO - [2026-03-12T00:54:26.914+0000] {dag.py:3239} INFO - Sync 1 DAGs
[2026-03-12T00:54:26.931+0000] {logging_mixin.py:190} INFO - [2026-03-12T00:54:26.931+0000] {dag.py:4180} INFO - Setting next_dagrun for example_bash_decorator to None, run_after=None
[2026-03-12T00:54:26.971+0000] {processor.py:208} INFO - Processing /home/ec2-user/environment/lab4_model_training/venv/lib64/python3.12/site-packages/airflow/example_dags/example_bash_decorator.py took 0.122 seconds
[2026-03-12T00:55:29.678+0000] {processor.py:186} INFO - Started process (PID=12111) to work on /home/ec2-user/environment/lab4_model_training/venv/lib64/python3.12/site-packages/airflow/example_dags/example_bash_decorator.py
[2026-03-12T00:55:29.679+0000] {processor.py:914} INFO - Processing file /home/ec2-user/environment/lab4_model_training/venv/lib64/python3.12/site-packages/airflow/example_dags/example_bash_decorator.py for tasks to queue
[2026-03-12T00:55:29.681+0000] {logging_mixin.py:190} INFO - [2026-03-12T00:55:29.681+0000] {dagbag.py:588} INFO - Filling up the DagBag from /home/ec2-user/environment/lab4_model_training/venv/lib64/python3.12/site-packages/airflow/example_dags/example_bash_decorator.py
[2026-03-12T00:55:29.699+0000] {processor.py:925} INFO - DAG(s) 'example_bash_decorator' retrieved from /home/ec2-user/environment/lab4_model_training/venv/lib64/python3.12/site-packages/airflow/example_dags/example_bash_decorator.py
[2026-03-12T00:55:29.722+0000] {logging_mixin.py:190} INFO - [2026-03-12T00:55:29.722+0000] {dag.py:3239} INFO - Sync 1 DAGs
[2026-03-12T00:55:29.738+0000] {logging_mixin.py:190} INFO - [2026-03-12T00:55:29.738+0000] {dag.py:4180} INFO - Setting next_dagrun for example_bash_decorator to None, run_after=None
[2026-03-12T00:55:29.761+0000] {processor.py:208} INFO - Processing /home/ec2-user/environment/lab4_model_training/venv/lib64/python3.12/site-packages/airflow/example_dags/example_bash_decorator.py took 0.089 seconds
[2026-03-12T00:56:32.808+0000] {processor.py:186} INFO - Started process (PID=12396) to work on /home/ec2-user/environment/lab4_model_training/venv/lib64/python3.12/site-packages/airflow/example_dags/example_bash_decorator.py
[2026-03-12T00:56:32.810+0000] {processor.py:914} INFO - Processing file /home/ec2-user/environment/lab4_model_training/venv/lib64/python3.12/site-packages/airflow/example_dags/example_bash_decorator.py for tasks to queue
[2026-03-12T00:56:32.812+0000] {logging_mixin.py:190} INFO - [2026-03-12T00:56:32.811+0000] {dagbag.py:588} INFO - Filling up the DagBag from /home/ec2-user/environment/lab4_model_training/venv/lib64/python3.12/site-packages/airflow/example_dags/example_bash_decorator.py
[2026-03-12T00:56:32.829+0000] {processor.py:925} INFO - DAG(s) 'example_bash_decorator' retrieved from /home/ec2-user/environment/lab4_model_training/venv/lib64/python3.12/site-packages/airflow/example_dags/example_bash_decorator.py
[2026-03-12T00:56:32.853+0000] {logging_mixin.py:190} INFO - [2026-03-12T00:56:32.852+0000] {dag.py:3239} INFO - Sync 1 DAGs
[2026-03-12T00:56:32.868+0000] {logging_mixin.py:190} INFO - [2026-03-12T00:56:32.867+0000] {dag.py:4180} INFO - Setting next_dagrun for example_bash_decorator to None, run_after=None
[2026-03-12T00:56:32.892+0000] {processor.py:208} INFO - Processing /home/ec2-user/environment/lab4_model_training/venv/lib64/python3.12/site-packages/airflow/example_dags/example_bash_decorator.py took 0.089 seconds
[2026-03-12T00:57:37.006+0000] {processor.py:186} INFO - Started process (PID=12633) to work on /home/ec2-user/environment/lab4_model_training/venv/lib64/python3.12/site-packages/airflow/example_dags/example_bash_decorator.py
[2026-03-12T00:57:37.007+0000] {processor.py:914} INFO - Processing file /home/ec2-user/environment/lab4_model_training/venv/lib64/python3.12/site-packages/airflow/example_dags/example_bash_decorator.py for tasks to queue
[2026-03-12T00:57:37.010+0000] {logging_mixin.py:190} INFO - [2026-03-12T00:57:37.010+0000] {dagbag.py:588} INFO - Filling up the DagBag from /home/ec2-user/environment/lab4_model_training/venv/lib64/python3.12/site-packages/airflow/example_dags/example_bash_decorator.py
[2026-03-12T00:57:37.029+0000] {processor.py:925} INFO - DAG(s) 'example_bash_decorator' retrieved from /home/ec2-user/environment/lab4_model_training/venv/lib64/python3.12/site-packages/airflow/example_dags/example_bash_decorator.py
[2026-03-12T00:57:37.054+0000] {logging_mixin.py:190} INFO - [2026-03-12T00:57:37.054+0000] {dag.py:3239} INFO - Sync 1 DAGs
[2026-03-12T00:57:37.069+0000] {logging_mixin.py:190} INFO - [2026-03-12T00:57:37.069+0000] {dag.py:4180} INFO - Setting next_dagrun for example_bash_decorator to None, run_after=None
[2026-03-12T00:57:37.091+0000] {processor.py:208} INFO - Processing /home/ec2-user/environment/lab4_model_training/venv/lib64/python3.12/site-packages/airflow/example_dags/example_bash_decorator.py took 0.091 seconds
[2026-03-12T00:58:38.611+0000] {processor.py:186} INFO - Started process (PID=12917) to work on /home/ec2-user/environment/lab4_model_training/venv/lib64/python3.12/site-packages/airflow/example_dags/example_bash_decorator.py
[2026-03-12T00:58:38.612+0000] {processor.py:914} INFO - Processing file /home/ec2-user/environment/lab4_model_training/venv/lib64/python3.12/site-packages/airflow/example_dags/example_bash_decorator.py for tasks to queue
[2026-03-12T00:58:38.614+0000] {logging_mixin.py:190} INFO - [2026-03-12T00:58:38.614+0000] {dagbag.py:588} INFO - Filling up the DagBag from /home/ec2-user/environment/lab4_model_training/venv/lib64/python3.12/site-packages/airflow/example_dags/example_bash_decorator.py
[2026-03-12T00:58:38.632+0000] {processor.py:925} INFO - DAG(s) 'example_bash_decorator' retrieved from /home/ec2-user/environment/lab4_model_training/venv/lib64/python3.12/site-packages/airflow/example_dags/example_bash_decorator.py
[2026-03-12T00:58:38.656+0000] {logging_mixin.py:190} INFO - [2026-03-12T00:58:38.656+0000] {dag.py:3239} INFO - Sync 1 DAGs
[2026-03-12T00:58:38.671+0000] {logging_mixin.py:190} INFO - [2026-03-12T00:58:38.671+0000] {dag.py:4180} INFO - Setting next_dagrun for example_bash_decorator to None, run_after=None
[2026-03-12T00:58:38.693+0000] {processor.py:208} INFO - Processing /home/ec2-user/environment/lab4_model_training/venv/lib64/python3.12/site-packages/airflow/example_dags/example_bash_decorator.py took 0.088 seconds
[2026-03-12T00:59:39.219+0000] {processor.py:186} INFO - Started process (PID=13167) to work on /home/ec2-user/environment/lab4_model_training/venv/lib64/python3.12/site-packages/airflow/example_dags/example_bash_decorator.py
[2026-03-12T00:59:39.220+0000] {processor.py:914} INFO - Processing file /home/ec2-user/environment/lab4_model_training/venv/lib64/python3.12/site-packages/airflow/example_dags/example_bash_decorator.py for tasks to queue
[2026-03-12T00:59:39.222+0000] {logging_mixin.py:190} INFO - [2026-03-12T00:59:39.222+0000] {dagbag.py:588} INFO - Filling up the DagBag from /home/ec2-user/environment/lab4_model_training/venv/lib64/python3.12/site-packages/airflow/example_dags/example_bash_decorator.py
[2026-03-12T00:59:39.240+0000] {processor.py:925} INFO - DAG(s) 'example_bash_decorator' retrieved from /home/ec2-user/environment/lab4_model_training/venv/lib64/python3.12/site-packages/airflow/example_dags/example_bash_decorator.py
[2026-03-12T00:59:39.264+0000] {logging_mixin.py:190} INFO - [2026-03-12T00:59:39.264+0000] {dag.py:3239} INFO - Sync 1 DAGs
[2026-03-12T00:59:39.278+0000] {logging_mixin.py:190} INFO - [2026-03-12T00:59:39.278+0000] {dag.py:4180} INFO - Setting next_dagrun for example_bash_decorator to None, run_after=None
[2026-03-12T00:59:39.300+0000] {processor.py:208} INFO - Processing /home/ec2-user/environment/lab4_model_training/venv/lib64/python3.12/site-packages/airflow/example_dags/example_bash_decorator.py took 0.087 seconds
[2026-03-12T01:00:45.609+0000] {processor.py:186} INFO - Started process (PID=13467) to work on /home/ec2-user/environment/lab4_model_training/venv/lib64/python3.12/site-packages/airflow/example_dags/example_bash_decorator.py
[2026-03-12T01:00:45.610+0000] {processor.py:914} INFO - Processing file /home/ec2-user/environment/lab4_model_training/venv/lib64/python3.12/site-packages/airflow/example_dags/example_bash_decorator.py for tasks to queue
[2026-03-12T01:00:45.612+0000] {logging_mixin.py:190} INFO - [2026-03-12T01:00:45.612+0000] {dagbag.py:588} INFO - Filling up the DagBag from /home/ec2-user/environment/lab4_model_training/venv/lib64/python3.12/site-packages/airflow/example_dags/example_bash_decorator.py
[2026-03-12T01:00:45.630+0000] {processor.py:925} INFO - DAG(s) 'example_bash_decorator' retrieved from /home/ec2-user/environment/lab4_model_training/venv/lib64/python3.12/site-packages/airflow/example_dags/example_bash_decorator.py
[2026-03-12T01:00:45.654+0000] {logging_mixin.py:190} INFO - [2026-03-12T01:00:45.653+0000] {dag.py:3239} INFO - Sync 1 DAGs
[2026-03-12T01:00:45.669+0000] {logging_mixin.py:190} INFO - [2026-03-12T01:00:45.669+0000] {dag.py:4180} INFO - Setting next_dagrun for example_bash_decorator to None, run_after=None
[2026-03-12T01:00:45.690+0000] {processor.py:208} INFO - Processing /home/ec2-user/environment/lab4_model_training/venv/lib64/python3.12/site-packages/airflow/example_dags/example_bash_decorator.py took 0.087 seconds
[2026-03-12T01:01:46.833+0000] {processor.py:186} INFO - Started process (PID=13718) to work on /home/ec2-user/environment/lab4_model_training/venv/lib64/python3.12/site-packages/airflow/example_dags/example_bash_decorator.py
[2026-03-12T01:01:46.834+0000] {processor.py:914} INFO - Processing file /home/ec2-user/environment/lab4_model_training/venv/lib64/python3.12/site-packages/airflow/example_dags/example_bash_decorator.py for tasks to queue
[2026-03-12T01:01:46.837+0000] {logging_mixin.py:190} INFO - [2026-03-12T01:01:46.837+0000] {dagbag.py:588} INFO - Filling up the DagBag from /home/ec2-user/environment/lab4_model_training/venv/lib64/python3.12/site-packages/airflow/example_dags/example_bash_decorator.py
[2026-03-12T01:01:46.856+0000] {processor.py:925} INFO - DAG(s) 'example_bash_decorator' retrieved from /home/ec2-user/environment/lab4_model_training/venv/lib64/python3.12/site-packages/airflow/example_dags/example_bash_decorator.py
[2026-03-12T01:01:46.882+0000] {logging_mixin.py:190} INFO - [2026-03-12T01:01:46.882+0000] {dag.py:3239} INFO - Sync 1 DAGs
[2026-03-12T01:01:46.897+0000] {logging_mixin.py:190} INFO - [2026-03-12T01:01:46.897+0000] {dag.py:4180} INFO - Setting next_dagrun for example_bash_decorator to None, run_after=None
[2026-03-12T01:01:46.921+0000] {processor.py:208} INFO - Processing /home/ec2-user/environment/lab4_model_training/venv/lib64/python3.12/site-packages/airflow/example_dags/example_bash_decorator.py took 0.094 seconds
[2026-03-12T01:02:53.065+0000] {processor.py:186} INFO - Started process (PID=14022) to work on /home/ec2-user/environment/lab4_model_training/venv/lib64/python3.12/site-packages/airflow/example_dags/example_bash_decorator.py
[2026-03-12T01:02:53.066+0000] {processor.py:914} INFO - Processing file /home/ec2-user/environment/lab4_model_training/venv/lib64/python3.12/site-packages/airflow/example_dags/example_bash_decorator.py for tasks to queue
[2026-03-12T01:02:53.069+0000] {logging_mixin.py:190} INFO - [2026-03-12T01:02:53.069+0000] {dagbag.py:588} INFO - Filling up the DagBag from /home/ec2-user/environment/lab4_model_training/venv/lib64/python3.12/site-packages/airflow/example_dags/example_bash_decorator.py
[2026-03-12T01:02:53.088+0000] {processor.py:925} INFO - DAG(s) 'example_bash_decorator' retrieved from /home/ec2-user/environment/lab4_model_training/venv/lib64/python3.12/site-packages/airflow/example_dags/example_bash_decorator.py
[2026-03-12T01:02:53.113+0000] {logging_mixin.py:190} INFO - [2026-03-12T01:02:53.112+0000] {dag.py:3239} INFO - Sync 1 DAGs
[2026-03-12T01:02:53.128+0000] {logging_mixin.py:190} INFO - [2026-03-12T01:02:53.127+0000] {dag.py:4180} INFO - Setting next_dagrun for example_bash_decorator to None, run_after=None
[2026-03-12T01:02:53.149+0000] {processor.py:208} INFO - Processing /home/ec2-user/environment/lab4_model_training/venv/lib64/python3.12/site-packages/airflow/example_dags/example_bash_decorator.py took 0.090 seconds
[2026-03-12T01:03:55.884+0000] {processor.py:186} INFO - Started process (PID=14249) to work on /home/ec2-user/environment/lab4_model_training/venv/lib64/python3.12/site-packages/airflow/example_dags/example_bash_decorator.py
[2026-03-12T01:03:55.885+0000] {processor.py:914} INFO - Processing file /home/ec2-user/environment/lab4_model_training/venv/lib64/python3.12/site-packages/airflow/example_dags/example_bash_decorator.py for tasks to queue
[2026-03-12T01:03:55.888+0000] {logging_mixin.py:190} INFO - [2026-03-12T01:03:55.888+0000] {dagbag.py:588} INFO - Filling up the DagBag from /home/ec2-user/environment/lab4_model_training/venv/lib64/python3.12/site-packages/airflow/example_dags/example_bash_decorator.py
[2026-03-12T01:03:55.907+0000] {processor.py:925} INFO - DAG(s) 'example_bash_decorator' retrieved from /home/ec2-user/environment/lab4_model_training/venv/lib64/python3.12/site-packages/airflow/example_dags/example_bash_decorator.py
[2026-03-12T01:03:55.931+0000] {logging_mixin.py:190} INFO - [2026-03-12T01:03:55.931+0000] {dag.py:3239} INFO - Sync 1 DAGs
[2026-03-12T01:03:55.946+0000] {logging_mixin.py:190} INFO - [2026-03-12T01:03:55.946+0000] {dag.py:4180} INFO - Setting next_dagrun for example_bash_decorator to None, run_after=None
[2026-03-12T01:03:55.968+0000] {processor.py:208} INFO - Processing /home/ec2-user/environment/lab4_model_training/venv/lib64/python3.12/site-packages/airflow/example_dags/example_bash_decorator.py took 0.089 seconds
[2026-03-12T01:05:06.484+0000] {processor.py:186} INFO - Started process (PID=14599) to work on /home/ec2-user/environment/lab4_model_training/venv/lib64/python3.12/site-packages/airflow/example_dags/example_bash_decorator.py
[2026-03-12T01:05:06.486+0000] {processor.py:914} INFO - Processing file /home/ec2-user/environment/lab4_model_training/venv/lib64/python3.12/site-packages/airflow/example_dags/example_bash_decorator.py for tasks to queue
[2026-03-12T01:05:06.488+0000] {logging_mixin.py:190} INFO - [2026-03-12T01:05:06.488+0000] {dagbag.py:588} INFO - Filling up the DagBag from /home/ec2-user/environment/lab4_model_training/venv/lib64/python3.12/site-packages/airflow/example_dags/example_bash_decorator.py
[2026-03-12T01:05:06.506+0000] {processor.py:925} INFO - DAG(s) 'example_bash_decorator' retrieved from /home/ec2-user/environment/lab4_model_training/venv/lib64/python3.12/site-packages/airflow/example_dags/example_bash_decorator.py
[2026-03-12T01:05:06.531+0000] {logging_mixin.py:190} INFO - [2026-03-12T01:05:06.530+0000] {dag.py:3239} INFO - Sync 1 DAGs
[2026-03-12T01:05:06.546+0000] {logging_mixin.py:190} INFO - [2026-03-12T01:05:06.546+0000] {dag.py:4180} INFO - Setting next_dagrun for example_bash_decorator to None, run_after=None
[2026-03-12T01:05:06.582+0000] {processor.py:208} INFO - Processing /home/ec2-user/environment/lab4_model_training/venv/lib64/python3.12/site-packages/airflow/example_dags/example_bash_decorator.py took 0.106 seconds
[2026-03-12T01:06:04.564+0000] {processor.py:186} INFO - Started process (PID=14831) to work on /home/ec2-user/environment/lab4_model_training/venv/lib64/python3.12/site-packages/airflow/example_dags/example_bash_decorator.py
[2026-03-12T01:06:04.565+0000] {processor.py:914} INFO - Processing file /home/ec2-user/environment/lab4_model_training/venv/lib64/python3.12/site-packages/airflow/example_dags/example_bash_decorator.py for tasks to queue
[2026-03-12T01:06:04.567+0000] {logging_mixin.py:190} INFO - [2026-03-12T01:06:04.567+0000] {dagbag.py:588} INFO - Filling up the DagBag from /home/ec2-user/environment/lab4_model_training/venv/lib64/python3.12/site-packages/airflow/example_dags/example_bash_decorator.py
[2026-03-12T01:06:04.585+0000] {processor.py:925} INFO - DAG(s) 'example_bash_decorator' retrieved from /home/ec2-user/environment/lab4_model_training/venv/lib64/python3.12/site-packages/airflow/example_dags/example_bash_decorator.py
[2026-03-12T01:06:04.609+0000] {logging_mixin.py:190} INFO - [2026-03-12T01:06:04.609+0000] {dag.py:3239} INFO - Sync 1 DAGs
[2026-03-12T01:06:04.624+0000] {logging_mixin.py:190} INFO - [2026-03-12T01:06:04.624+0000] {dag.py:4180} INFO - Setting next_dagrun for example_bash_decorator to None, run_after=None
[2026-03-12T01:06:04.646+0000] {processor.py:208} INFO - Processing /home/ec2-user/environment/lab4_model_training/venv/lib64/python3.12/site-packages/airflow/example_dags/example_bash_decorator.py took 0.089 seconds
[2026-03-12T01:07:04.631+0000] {processor.py:186} INFO - Started process (PID=15112) to work on /home/ec2-user/environment/lab4_model_training/venv/lib64/python3.12/site-packages/airflow/example_dags/example_bash_decorator.py
[2026-03-12T01:07:04.632+0000] {processor.py:914} INFO - Processing file /home/ec2-user/environment/lab4_model_training/venv/lib64/python3.12/site-packages/airflow/example_dags/example_bash_decorator.py for tasks to queue
[2026-03-12T01:07:04.635+0000] {logging_mixin.py:190} INFO - [2026-03-12T01:07:04.634+0000] {dagbag.py:588} INFO - Filling up the DagBag from /home/ec2-user/environment/lab4_model_training/venv/lib64/python3.12/site-packages/airflow/example_dags/example_bash_decorator.py
[2026-03-12T01:07:04.653+0000] {processor.py:925} INFO - DAG(s) 'example_bash_decorator' retrieved from /home/ec2-user/environment/lab4_model_training/venv/lib64/python3.12/site-packages/airflow/example_dags/example_bash_decorator.py
[2026-03-12T01:07:04.678+0000] {logging_mixin.py:190} INFO - [2026-03-12T01:07:04.678+0000] {dag.py:3239} INFO - Sync 1 DAGs
[2026-03-12T01:07:04.693+0000] {logging_mixin.py:190} INFO - [2026-03-12T01:07:04.692+0000] {dag.py:4180} INFO - Setting next_dagrun for example_bash_decorator to None, run_after=None
[2026-03-12T01:07:04.716+0000] {processor.py:208} INFO - Processing /home/ec2-user/environment/lab4_model_training/venv/lib64/python3.12/site-packages/airflow/example_dags/example_bash_decorator.py took 0.091 seconds
[2026-03-12T01:08:06.731+0000] {processor.py:186} INFO - Started process (PID=15397) to work on /home/ec2-user/environment/lab4_model_training/venv/lib64/python3.12/site-packages/airflow/example_dags/example_bash_decorator.py
[2026-03-12T01:08:06.732+0000] {processor.py:914} INFO - Processing file /home/ec2-user/environment/lab4_model_training/venv/lib64/python3.12/site-packages/airflow/example_dags/example_bash_decorator.py for tasks to queue
[2026-03-12T01:08:06.734+0000] {logging_mixin.py:190} INFO - [2026-03-12T01:08:06.734+0000] {dagbag.py:588} INFO - Filling up the DagBag from /home/ec2-user/environment/lab4_model_training/venv/lib64/python3.12/site-packages/airflow/example_dags/example_bash_decorator.py
[2026-03-12T01:08:06.752+0000] {processor.py:925} INFO - DAG(s) 'example_bash_decorator' retrieved from /home/ec2-user/environment/lab4_model_training/venv/lib64/python3.12/site-packages/airflow/example_dags/example_bash_decorator.py
[2026-03-12T01:08:06.776+0000] {logging_mixin.py:190} INFO - [2026-03-12T01:08:06.776+0000] {dag.py:3239} INFO - Sync 1 DAGs
[2026-03-12T01:08:06.792+0000] {logging_mixin.py:190} INFO - [2026-03-12T01:08:06.792+0000] {dag.py:4180} INFO - Setting next_dagrun for example_bash_decorator to None, run_after=None
[2026-03-12T01:08:06.816+0000] {processor.py:208} INFO - Processing /home/ec2-user/environment/lab4_model_training/venv/lib64/python3.12/site-packages/airflow/example_dags/example_bash_decorator.py took 0.091 seconds
[2026-03-12T01:09:08.948+0000] {processor.py:186} INFO - Started process (PID=15633) to work on /home/ec2-user/environment/lab4_model_training/venv/lib64/python3.12/site-packages/airflow/example_dags/example_bash_decorator.py
[2026-03-12T01:09:08.950+0000] {processor.py:914} INFO - Processing file /home/ec2-user/environment/lab4_model_training/venv/lib64/python3.12/site-packages/airflow/example_dags/example_bash_decorator.py for tasks to queue
[2026-03-12T01:09:08.952+0000] {logging_mixin.py:190} INFO - [2026-03-12T01:09:08.951+0000] {dagbag.py:588} INFO - Filling up the DagBag from /home/ec2-user/environment/lab4_model_training/venv/lib64/python3.12/site-packages/airflow/example_dags/example_bash_decorator.py
[2026-03-12T01:09:08.969+0000] {processor.py:925} INFO - DAG(s) 'example_bash_decorator' retrieved from /home/ec2-user/environment/lab4_model_training/venv/lib64/python3.12/site-packages/airflow/example_dags/example_bash_decorator.py
[2026-03-12T01:09:08.993+0000] {logging_mixin.py:190} INFO - [2026-03-12T01:09:08.993+0000] {dag.py:3239} INFO - Sync 1 DAGs
[2026-03-12T01:09:09.010+0000] {logging_mixin.py:190} INFO - [2026-03-12T01:09:09.009+0000] {dag.py:4180} INFO - Setting next_dagrun for example_bash_decorator to None, run_after=None
[2026-03-12T01:09:09.032+0000] {processor.py:208} INFO - Processing /home/ec2-user/environment/lab4_model_training/venv/lib64/python3.12/site-packages/airflow/example_dags/example_bash_decorator.py took 0.089 seconds
[2026-03-12T01:10:11.115+0000] {processor.py:186} INFO - Started process (PID=15932) to work on /home/ec2-user/environment/lab4_model_training/venv/lib64/python3.12/site-packages/airflow/example_dags/example_bash_decorator.py
[2026-03-12T01:10:11.116+0000] {processor.py:914} INFO - Processing file /home/ec2-user/environment/lab4_model_training/venv/lib64/python3.12/site-packages/airflow/example_dags/example_bash_decorator.py for tasks to queue
[2026-03-12T01:10:11.118+0000] {logging_mixin.py:190} INFO - [2026-03-12T01:10:11.118+0000] {dagbag.py:588} INFO - Filling up the DagBag from /home/ec2-user/environment/lab4_model_training/venv/lib64/python3.12/site-packages/airflow/example_dags/example_bash_decorator.py
[2026-03-12T01:10:11.136+0000] {processor.py:925} INFO - DAG(s) 'example_bash_decorator' retrieved from /home/ec2-user/environment/lab4_model_training/venv/lib64/python3.12/site-packages/airflow/example_dags/example_bash_decorator.py
[2026-03-12T01:10:11.161+0000] {logging_mixin.py:190} INFO - [2026-03-12T01:10:11.160+0000] {dag.py:3239} INFO - Sync 1 DAGs
[2026-03-12T01:10:11.175+0000] {logging_mixin.py:190} INFO - [2026-03-12T01:10:11.175+0000] {dag.py:4180} INFO - Setting next_dagrun for example_bash_decorator to None, run_after=None
[2026-03-12T01:10:11.198+0000] {processor.py:208} INFO - Processing /home/ec2-user/environment/lab4_model_training/venv/lib64/python3.12/site-packages/airflow/example_dags/example_bash_decorator.py took 0.088 seconds
[2026-03-12T01:11:18.322+0000] {processor.py:186} INFO - Started process (PID=16238) to work on /home/ec2-user/environment/lab4_model_training/venv/lib64/python3.12/site-packages/airflow/example_dags/example_bash_decorator.py
[2026-03-12T01:11:18.324+0000] {processor.py:914} INFO - Processing file /home/ec2-user/environment/lab4_model_training/venv/lib64/python3.12/site-packages/airflow/example_dags/example_bash_decorator.py for tasks to queue
[2026-03-12T01:11:18.327+0000] {logging_mixin.py:190} INFO - [2026-03-12T01:11:18.326+0000] {dagbag.py:588} INFO - Filling up the DagBag from /home/ec2-user/environment/lab4_model_training/venv/lib64/python3.12/site-packages/airflow/example_dags/example_bash_decorator.py
[2026-03-12T01:11:18.346+0000] {processor.py:925} INFO - DAG(s) 'example_bash_decorator' retrieved from /home/ec2-user/environment/lab4_model_training/venv/lib64/python3.12/site-packages/airflow/example_dags/example_bash_decorator.py
[2026-03-12T01:11:18.372+0000] {logging_mixin.py:190} INFO - [2026-03-12T01:11:18.372+0000] {dag.py:3239} INFO - Sync 1 DAGs
[2026-03-12T01:11:18.386+0000] {logging_mixin.py:190} INFO - [2026-03-12T01:11:18.386+0000] {dag.py:4180} INFO - Setting next_dagrun for example_bash_decorator to None, run_after=None
[2026-03-12T01:11:18.409+0000] {processor.py:208} INFO - Processing /home/ec2-user/environment/lab4_model_training/venv/lib64/python3.12/site-packages/airflow/example_dags/example_bash_decorator.py took 0.092 seconds
[2026-03-12T01:12:22.791+0000] {processor.py:186} INFO - Started process (PID=16487) to work on /home/ec2-user/environment/lab4_model_training/venv/lib64/python3.12/site-packages/airflow/example_dags/example_bash_decorator.py
[2026-03-12T01:12:22.792+0000] {processor.py:914} INFO - Processing file /home/ec2-user/environment/lab4_model_training/venv/lib64/python3.12/site-packages/airflow/example_dags/example_bash_decorator.py for tasks to queue
[2026-03-12T01:12:22.794+0000] {logging_mixin.py:190} INFO - [2026-03-12T01:12:22.794+0000] {dagbag.py:588} INFO - Filling up the DagBag from /home/ec2-user/environment/lab4_model_training/venv/lib64/python3.12/site-packages/airflow/example_dags/example_bash_decorator.py
[2026-03-12T01:12:22.812+0000] {processor.py:925} INFO - DAG(s) 'example_bash_decorator' retrieved from /home/ec2-user/environment/lab4_model_training/venv/lib64/python3.12/site-packages/airflow/example_dags/example_bash_decorator.py
[2026-03-12T01:12:22.837+0000] {logging_mixin.py:190} INFO - [2026-03-12T01:12:22.837+0000] {dag.py:3239} INFO - Sync 1 DAGs
[2026-03-12T01:12:22.853+0000] {logging_mixin.py:190} INFO - [2026-03-12T01:12:22.853+0000] {dag.py:4180} INFO - Setting next_dagrun for example_bash_decorator to None, run_after=None
[2026-03-12T01:12:22.875+0000] {processor.py:208} INFO - Processing /home/ec2-user/environment/lab4_model_training/venv/lib64/python3.12/site-packages/airflow/example_dags/example_bash_decorator.py took 0.089 seconds
[2026-03-12T01:13:25.871+0000] {processor.py:186} INFO - Started process (PID=16773) to work on /home/ec2-user/environment/lab4_model_training/venv/lib64/python3.12/site-packages/airflow/example_dags/example_bash_decorator.py
[2026-03-12T01:13:25.872+0000] {processor.py:914} INFO - Processing file /home/ec2-user/environment/lab4_model_training/venv/lib64/python3.12/site-packages/airflow/example_dags/example_bash_decorator.py for tasks to queue
[2026-03-12T01:13:25.875+0000] {logging_mixin.py:190} INFO - [2026-03-12T01:13:25.875+0000] {dagbag.py:588} INFO - Filling up the DagBag from /home/ec2-user/environment/lab4_model_training/venv/lib64/python3.12/site-packages/airflow/example_dags/example_bash_decorator.py
[2026-03-12T01:13:25.894+0000] {processor.py:925} INFO - DAG(s) 'example_bash_decorator' retrieved from /home/ec2-user/environment/lab4_model_training/venv/lib64/python3.12/site-packages/airflow/example_dags/example_bash_decorator.py
[2026-03-12T01:13:25.918+0000] {logging_mixin.py:190} INFO - [2026-03-12T01:13:25.918+0000] {dag.py:3239} INFO - Sync 1 DAGs
[2026-03-12T01:13:25.934+0000] {logging_mixin.py:190} INFO - [2026-03-12T01:13:25.934+0000] {dag.py:4180} INFO - Setting next_dagrun for example_bash_decorator to None, run_after=None
[2026-03-12T01:13:25.956+0000] {processor.py:208} INFO - Processing /home/ec2-user/environment/lab4_model_training/venv/lib64/python3.12/site-packages/airflow/example_dags/example_bash_decorator.py took 0.090 seconds
[2026-03-12T01:14:30.598+0000] {processor.py:186} INFO - Started process (PID=17098) to work on /home/ec2-user/environment/lab4_model_training/venv/lib64/python3.12/site-packages/airflow/example_dags/example_bash_decorator.py
[2026-03-12T01:14:30.599+0000] {processor.py:914} INFO - Processing file /home/ec2-user/environment/lab4_model_training/venv/lib64/python3.12/site-packages/airflow/example_dags/example_bash_decorator.py for tasks to queue
[2026-03-12T01:14:30.602+0000] {logging_mixin.py:190} INFO - [2026-03-12T01:14:30.601+0000] {dagbag.py:588} INFO - Filling up the DagBag from /home/ec2-user/environment/lab4_model_training/venv/lib64/python3.12/site-packages/airflow/example_dags/example_bash_decorator.py
[2026-03-12T01:14:30.620+0000] {processor.py:925} INFO - DAG(s) 'example_bash_decorator' retrieved from /home/ec2-user/environment/lab4_model_training/venv/lib64/python3.12/site-packages/airflow/example_dags/example_bash_decorator.py
[2026-03-12T01:14:30.643+0000] {logging_mixin.py:190} INFO - [2026-03-12T01:14:30.643+0000] {dag.py:3239} INFO - Sync 1 DAGs
[2026-03-12T01:14:30.659+0000] {logging_mixin.py:190} INFO - [2026-03-12T01:14:30.659+0000] {dag.py:4180} INFO - Setting next_dagrun for example_bash_decorator to None, run_after=None
[2026-03-12T01:14:30.681+0000] {processor.py:208} INFO - Processing /home/ec2-user/environment/lab4_model_training/venv/lib64/python3.12/site-packages/airflow/example_dags/example_bash_decorator.py took 0.088 seconds
[2026-03-12T01:15:32.862+0000] {processor.py:186} INFO - Started process (PID=17384) to work on /home/ec2-user/environment/lab4_model_training/venv/lib64/python3.12/site-packages/airflow/example_dags/example_bash_decorator.py
[2026-03-12T01:15:32.864+0000] {processor.py:914} INFO - Processing file /home/ec2-user/environment/lab4_model_training/venv/lib64/python3.12/site-packages/airflow/example_dags/example_bash_decorator.py for tasks to queue
[2026-03-12T01:15:32.866+0000] {logging_mixin.py:190} INFO - [2026-03-12T01:15:32.865+0000] {dagbag.py:588} INFO - Filling up the DagBag from /home/ec2-user/environment/lab4_model_training/venv/lib64/python3.12/site-packages/airflow/example_dags/example_bash_decorator.py
[2026-03-12T01:15:32.883+0000] {processor.py:925} INFO - DAG(s) 'example_bash_decorator' retrieved from /home/ec2-user/environment/lab4_model_training/venv/lib64/python3.12/site-packages/airflow/example_dags/example_bash_decorator.py
[2026-03-12T01:15:32.907+0000] {logging_mixin.py:190} INFO - [2026-03-12T01:15:32.907+0000] {dag.py:3239} INFO - Sync 1 DAGs
[2026-03-12T01:15:32.923+0000] {logging_mixin.py:190} INFO - [2026-03-12T01:15:32.923+0000] {dag.py:4180} INFO - Setting next_dagrun for example_bash_decorator to None, run_after=None
[2026-03-12T01:15:32.945+0000] {processor.py:208} INFO - Processing /home/ec2-user/environment/lab4_model_training/venv/lib64/python3.12/site-packages/airflow/example_dags/example_bash_decorator.py took 0.088 seconds
[2026-03-12T01:16:34.382+0000] {processor.py:186} INFO - Started process (PID=17670) to work on /home/ec2-user/environment/lab4_model_training/venv/lib64/python3.12/site-packages/airflow/example_dags/example_bash_decorator.py
[2026-03-12T01:16:34.384+0000] {processor.py:914} INFO - Processing file /home/ec2-user/environment/lab4_model_training/venv/lib64/python3.12/site-packages/airflow/example_dags/example_bash_decorator.py for tasks to queue
[2026-03-12T01:16:34.387+0000] {logging_mixin.py:190} INFO - [2026-03-12T01:16:34.386+0000] {dagbag.py:588} INFO - Filling up the DagBag from /home/ec2-user/environment/lab4_model_training/venv/lib64/python3.12/site-packages/airflow/example_dags/example_bash_decorator.py
[2026-03-12T01:16:34.405+0000] {processor.py:925} INFO - DAG(s) 'example_bash_decorator' retrieved from /home/ec2-user/environment/lab4_model_training/venv/lib64/python3.12/site-packages/airflow/example_dags/example_bash_decorator.py
[2026-03-12T01:16:34.440+0000] {logging_mixin.py:190} INFO - [2026-03-12T01:16:34.440+0000] {dag.py:3239} INFO - Sync 1 DAGs
[2026-03-12T01:16:34.474+0000] {logging_mixin.py:190} INFO - [2026-03-12T01:16:34.474+0000] {dag.py:4180} INFO - Setting next_dagrun for example_bash_decorator to None, run_after=None
[2026-03-12T01:16:34.512+0000] {processor.py:208} INFO - Processing /home/ec2-user/environment/lab4_model_training/venv/lib64/python3.12/site-packages/airflow/example_dags/example_bash_decorator.py took 0.135 seconds
[2026-03-12T01:17:49.877+0000] {processor.py:186} INFO - Started process (PID=18005) to work on /home/ec2-user/environment/lab4_model_training/venv/lib64/python3.12/site-packages/airflow/example_dags/example_bash_decorator.py
[2026-03-12T01:17:49.878+0000] {processor.py:914} INFO - Processing file /home/ec2-user/environment/lab4_model_training/venv/lib64/python3.12/site-packages/airflow/example_dags/example_bash_decorator.py for tasks to queue
[2026-03-12T01:17:49.880+0000] {logging_mixin.py:190} INFO - [2026-03-12T01:17:49.880+0000] {dagbag.py:588} INFO - Filling up the DagBag from /home/ec2-user/environment/lab4_model_training/venv/lib64/python3.12/site-packages/airflow/example_dags/example_bash_decorator.py
[2026-03-12T01:17:49.899+0000] {processor.py:925} INFO - DAG(s) 'example_bash_decorator' retrieved from /home/ec2-user/environment/lab4_model_training/venv/lib64/python3.12/site-packages/airflow/example_dags/example_bash_decorator.py
[2026-03-12T01:17:49.923+0000] {logging_mixin.py:190} INFO - [2026-03-12T01:17:49.922+0000] {dag.py:3239} INFO - Sync 1 DAGs
[2026-03-12T01:17:49.939+0000] {logging_mixin.py:190} INFO - [2026-03-12T01:17:49.939+0000] {dag.py:4180} INFO - Setting next_dagrun for example_bash_decorator to None, run_after=None
[2026-03-12T01:17:49.963+0000] {processor.py:208} INFO - Processing /home/ec2-user/environment/lab4_model_training/venv/lib64/python3.12/site-packages/airflow/example_dags/example_bash_decorator.py took 0.092 seconds
[2026-03-12T01:18:49.036+0000] {processor.py:186} INFO - Started process (PID=18282) to work on /home/ec2-user/environment/lab4_model_training/venv/lib64/python3.12/site-packages/airflow/example_dags/example_bash_decorator.py
[2026-03-12T01:18:49.037+0000] {processor.py:914} INFO - Processing file /home/ec2-user/environment/lab4_model_training/venv/lib64/python3.12/site-packages/airflow/example_dags/example_bash_decorator.py for tasks to queue
[2026-03-12T01:18:49.039+0000] {logging_mixin.py:190} INFO - [2026-03-12T01:18:49.038+0000] {dagbag.py:588} INFO - Filling up the DagBag from /home/ec2-user/environment/lab4_model_training/venv/lib64/python3.12/site-packages/airflow/example_dags/example_bash_decorator.py
[2026-03-12T01:18:49.057+0000] {processor.py:925} INFO - DAG(s) 'example_bash_decorator' retrieved from /home/ec2-user/environment/lab4_model_training/venv/lib64/python3.12/site-packages/airflow/example_dags/example_bash_decorator.py
[2026-03-12T01:18:49.080+0000] {logging_mixin.py:190} INFO - [2026-03-12T01:18:49.080+0000] {dag.py:3239} INFO - Sync 1 DAGs
[2026-03-12T01:18:49.095+0000] {logging_mixin.py:190} INFO - [2026-03-12T01:18:49.095+0000] {dag.py:4180} INFO - Setting next_dagrun for example_bash_decorator to None, run_after=None
[2026-03-12T01:18:49.117+0000] {processor.py:208} INFO - Processing /home/ec2-user/environment/lab4_model_training/venv/lib64/python3.12/site-packages/airflow/example_dags/example_bash_decorator.py took 0.087 seconds
[2026-03-12T01:20:02.041+0000] {processor.py:186} INFO - Started process (PID=18582) to work on /home/ec2-user/environment/lab4_model_training/venv/lib64/python3.12/site-packages/airflow/example_dags/example_bash_decorator.py
[2026-03-12T01:20:02.042+0000] {processor.py:914} INFO - Processing file /home/ec2-user/environment/lab4_model_training/venv/lib64/python3.12/site-packages/airflow/example_dags/example_bash_decorator.py for tasks to queue
[2026-03-12T01:20:02.044+0000] {logging_mixin.py:190} INFO - [2026-03-12T01:20:02.044+0000] {dagbag.py:588} INFO - Filling up the DagBag from /home/ec2-user/environment/lab4_model_training/venv/lib64/python3.12/site-packages/airflow/example_dags/example_bash_decorator.py
[2026-03-12T01:20:02.063+0000] {processor.py:925} INFO - DAG(s) 'example_bash_decorator' retrieved from /home/ec2-user/environment/lab4_model_training/venv/lib64/python3.12/site-packages/airflow/example_dags/example_bash_decorator.py
[2026-03-12T01:20:02.087+0000] {logging_mixin.py:190} INFO - [2026-03-12T01:20:02.087+0000] {dag.py:3239} INFO - Sync 1 DAGs
[2026-03-12T01:20:02.103+0000] {logging_mixin.py:190} INFO - [2026-03-12T01:20:02.102+0000] {dag.py:4180} INFO - Setting next_dagrun for example_bash_decorator to None, run_after=None
[2026-03-12T01:20:02.126+0000] {processor.py:208} INFO - Processing /home/ec2-user/environment/lab4_model_training/venv/lib64/python3.12/site-packages/airflow/example_dags/example_bash_decorator.py took 0.091 seconds
[2026-03-12T01:21:05.762+0000] {processor.py:186} INFO - Started process (PID=18868) to work on /home/ec2-user/environment/lab4_model_training/venv/lib64/python3.12/site-packages/airflow/example_dags/example_bash_decorator.py
[2026-03-12T01:21:05.763+0000] {processor.py:914} INFO - Processing file /home/ec2-user/environment/lab4_model_training/venv/lib64/python3.12/site-packages/airflow/example_dags/example_bash_decorator.py for tasks to queue
[2026-03-12T01:21:05.765+0000] {logging_mixin.py:190} INFO - [2026-03-12T01:21:05.764+0000] {dagbag.py:588} INFO - Filling up the DagBag from /home/ec2-user/environment/lab4_model_training/venv/lib64/python3.12/site-packages/airflow/example_dags/example_bash_decorator.py
[2026-03-12T01:21:05.783+0000] {processor.py:925} INFO - DAG(s) 'example_bash_decorator' retrieved from /home/ec2-user/environment/lab4_model_training/venv/lib64/python3.12/site-packages/airflow/example_dags/example_bash_decorator.py
[2026-03-12T01:21:05.807+0000] {logging_mixin.py:190} INFO - [2026-03-12T01:21:05.806+0000] {dag.py:3239} INFO - Sync 1 DAGs
[2026-03-12T01:21:05.952+0000] {logging_mixin.py:190} INFO - [2026-03-12T01:21:05.952+0000] {dag.py:4180} INFO - Setting next_dagrun for example_bash_decorator to None, run_after=None
[2026-03-12T01:21:05.973+0000] {processor.py:208} INFO - Processing /home/ec2-user/environment/lab4_model_training/venv/lib64/python3.12/site-packages/airflow/example_dags/example_bash_decorator.py took 0.217 seconds
[2026-03-12T01:22:13.007+0000] {processor.py:186} INFO - Started process (PID=19139) to work on /home/ec2-user/environment/lab4_model_training/venv/lib64/python3.12/site-packages/airflow/example_dags/example_bash_decorator.py
[2026-03-12T01:22:13.008+0000] {processor.py:914} INFO - Processing file /home/ec2-user/environment/lab4_model_training/venv/lib64/python3.12/site-packages/airflow/example_dags/example_bash_decorator.py for tasks to queue
[2026-03-12T01:22:13.011+0000] {logging_mixin.py:190} INFO - [2026-03-12T01:22:13.010+0000] {dagbag.py:588} INFO - Filling up the DagBag from /home/ec2-user/environment/lab4_model_training/venv/lib64/python3.12/site-packages/airflow/example_dags/example_bash_decorator.py
[2026-03-12T01:22:13.028+0000] {processor.py:925} INFO - DAG(s) 'example_bash_decorator' retrieved from /home/ec2-user/environment/lab4_model_training/venv/lib64/python3.12/site-packages/airflow/example_dags/example_bash_decorator.py
[2026-03-12T01:22:13.052+0000] {logging_mixin.py:190} INFO - [2026-03-12T01:22:13.052+0000] {dag.py:3239} INFO - Sync 1 DAGs
[2026-03-12T01:22:13.066+0000] {logging_mixin.py:190} INFO - [2026-03-12T01:22:13.066+0000] {dag.py:4180} INFO - Setting next_dagrun for example_bash_decorator to None, run_after=None
[2026-03-12T01:22:13.088+0000] {processor.py:208} INFO - Processing /home/ec2-user/environment/lab4_model_training/venv/lib64/python3.12/site-packages/airflow/example_dags/example_bash_decorator.py took 0.086 seconds
[2026-03-12T01:23:22.949+0000] {processor.py:186} INFO - Started process (PID=19449) to work on /home/ec2-user/environment/lab4_model_training/venv/lib64/python3.12/site-packages/airflow/example_dags/example_bash_decorator.py
[2026-03-12T01:23:22.951+0000] {processor.py:914} INFO - Processing file /home/ec2-user/environment/lab4_model_training/venv/lib64/python3.12/site-packages/airflow/example_dags/example_bash_decorator.py for tasks to queue
[2026-03-12T01:23:22.953+0000] {logging_mixin.py:190} INFO - [2026-03-12T01:23:22.953+0000] {dagbag.py:588} INFO - Filling up the DagBag from /home/ec2-user/environment/lab4_model_training/venv/lib64/python3.12/site-packages/airflow/example_dags/example_bash_decorator.py
[2026-03-12T01:23:22.972+0000] {processor.py:925} INFO - DAG(s) 'example_bash_decorator' retrieved from /home/ec2-user/environment/lab4_model_training/venv/lib64/python3.12/site-packages/airflow/example_dags/example_bash_decorator.py
[2026-03-12T01:23:22.996+0000] {logging_mixin.py:190} INFO - [2026-03-12T01:23:22.996+0000] {dag.py:3239} INFO - Sync 1 DAGs
[2026-03-12T01:23:23.010+0000] {logging_mixin.py:190} INFO - [2026-03-12T01:23:23.010+0000] {dag.py:4180} INFO - Setting next_dagrun for example_bash_decorator to None, run_after=None
[2026-03-12T01:23:23.032+0000] {processor.py:208} INFO - Processing /home/ec2-user/environment/lab4_model_training/venv/lib64/python3.12/site-packages/airflow/example_dags/example_bash_decorator.py took 0.088 seconds
[2026-03-12T01:24:37.076+0000] {processor.py:186} INFO - Started process (PID=19781) to work on /home/ec2-user/environment/lab4_model_training/venv/lib64/python3.12/site-packages/airflow/example_dags/example_bash_decorator.py
[2026-03-12T01:24:37.077+0000] {processor.py:914} INFO - Processing file /home/ec2-user/environment/lab4_model_training/venv/lib64/python3.12/site-packages/airflow/example_dags/example_bash_decorator.py for tasks to queue
[2026-03-12T01:24:37.080+0000] {logging_mixin.py:190} INFO - [2026-03-12T01:24:37.079+0000] {dagbag.py:588} INFO - Filling up the DagBag from /home/ec2-user/environment/lab4_model_training/venv/lib64/python3.12/site-packages/airflow/example_dags/example_bash_decorator.py
[2026-03-12T01:24:37.100+0000] {processor.py:925} INFO - DAG(s) 'example_bash_decorator' retrieved from /home/ec2-user/environment/lab4_model_training/venv/lib64/python3.12/site-packages/airflow/example_dags/example_bash_decorator.py
[2026-03-12T01:24:37.124+0000] {logging_mixin.py:190} INFO - [2026-03-12T01:24:37.124+0000] {dag.py:3239} INFO - Sync 1 DAGs
[2026-03-12T01:24:37.138+0000] {logging_mixin.py:190} INFO - [2026-03-12T01:24:37.138+0000] {dag.py:4180} INFO - Setting next_dagrun for example_bash_decorator to None, run_after=None
[2026-03-12T01:24:37.160+0000] {processor.py:208} INFO - Processing /home/ec2-user/environment/lab4_model_training/venv/lib64/python3.12/site-packages/airflow/example_dags/example_bash_decorator.py took 0.090 seconds
[2026-03-12T01:25:45.273+0000] {processor.py:186} INFO - Started process (PID=20040) to work on /home/ec2-user/environment/lab4_model_training/venv/lib64/python3.12/site-packages/airflow/example_dags/example_bash_decorator.py
[2026-03-12T01:25:45.274+0000] {processor.py:914} INFO - Processing file /home/ec2-user/environment/lab4_model_training/venv/lib64/python3.12/site-packages/airflow/example_dags/example_bash_decorator.py for tasks to queue
[2026-03-12T01:25:45.277+0000] {logging_mixin.py:190} INFO - [2026-03-12T01:25:45.276+0000] {dagbag.py:588} INFO - Filling up the DagBag from /home/ec2-user/environment/lab4_model_training/venv/lib64/python3.12/site-packages/airflow/example_dags/example_bash_decorator.py
[2026-03-12T01:25:45.295+0000] {processor.py:925} INFO - DAG(s) 'example_bash_decorator' retrieved from /home/ec2-user/environment/lab4_model_training/venv/lib64/python3.12/site-packages/airflow/example_dags/example_bash_decorator.py
[2026-03-12T01:25:45.319+0000] {logging_mixin.py:190} INFO - [2026-03-12T01:25:45.319+0000] {dag.py:3239} INFO - Sync 1 DAGs
[2026-03-12T01:25:45.449+0000] {logging_mixin.py:190} INFO - [2026-03-12T01:25:45.449+0000] {dag.py:4180} INFO - Setting next_dagrun for example_bash_decorator to None, run_after=None
[2026-03-12T01:25:45.470+0000] {processor.py:208} INFO - Processing /home/ec2-user/environment/lab4_model_training/venv/lib64/python3.12/site-packages/airflow/example_dags/example_bash_decorator.py took 0.203 seconds
[2026-03-12T01:26:53.969+0000] {processor.py:186} INFO - Started process (PID=20341) to work on /home/ec2-user/environment/lab4_model_training/venv/lib64/python3.12/site-packages/airflow/example_dags/example_bash_decorator.py
[2026-03-12T01:26:53.970+0000] {processor.py:914} INFO - Processing file /home/ec2-user/environment/lab4_model_training/venv/lib64/python3.12/site-packages/airflow/example_dags/example_bash_decorator.py for tasks to queue
[2026-03-12T01:26:53.972+0000] {logging_mixin.py:190} INFO - [2026-03-12T01:26:53.972+0000] {dagbag.py:588} INFO - Filling up the DagBag from /home/ec2-user/environment/lab4_model_training/venv/lib64/python3.12/site-packages/airflow/example_dags/example_bash_decorator.py
[2026-03-12T01:26:53.991+0000] {processor.py:925} INFO - DAG(s) 'example_bash_decorator' retrieved from /home/ec2-user/environment/lab4_model_training/venv/lib64/python3.12/site-packages/airflow/example_dags/example_bash_decorator.py
[2026-03-12T01:26:54.014+0000] {logging_mixin.py:190} INFO - [2026-03-12T01:26:54.014+0000] {dag.py:3239} INFO - Sync 1 DAGs
[2026-03-12T01:26:54.030+0000] {logging_mixin.py:190} INFO - [2026-03-12T01:26:54.030+0000] {dag.py:4180} INFO - Setting next_dagrun for example_bash_decorator to None, run_after=None
[2026-03-12T01:26:54.052+0000] {processor.py:208} INFO - Processing /home/ec2-user/environment/lab4_model_training/venv/lib64/python3.12/site-packages/airflow/example_dags/example_bash_decorator.py took 0.089 seconds
[2026-03-12T01:27:53.920+0000] {processor.py:186} INFO - Started process (PID=20575) to work on /home/ec2-user/environment/lab4_model_training/venv/lib64/python3.12/site-packages/airflow/example_dags/example_bash_decorator.py
[2026-03-12T01:27:53.921+0000] {processor.py:914} INFO - Processing file /home/ec2-user/environment/lab4_model_training/venv/lib64/python3.12/site-packages/airflow/example_dags/example_bash_decorator.py for tasks to queue
[2026-03-12T01:27:53.924+0000] {logging_mixin.py:190} INFO - [2026-03-12T01:27:53.924+0000] {dagbag.py:588} INFO - Filling up the DagBag from /home/ec2-user/environment/lab4_model_training/venv/lib64/python3.12/site-packages/airflow/example_dags/example_bash_decorator.py
[2026-03-12T01:27:53.944+0000] {processor.py:925} INFO - DAG(s) 'example_bash_decorator' retrieved from /home/ec2-user/environment/lab4_model_training/venv/lib64/python3.12/site-packages/airflow/example_dags/example_bash_decorator.py
[2026-03-12T01:27:53.966+0000] {logging_mixin.py:190} INFO - [2026-03-12T01:27:53.966+0000] {dag.py:3239} INFO - Sync 1 DAGs
[2026-03-12T01:27:53.980+0000] {logging_mixin.py:190} INFO - [2026-03-12T01:27:53.980+0000] {dag.py:4180} INFO - Setting next_dagrun for example_bash_decorator to None, run_after=None
[2026-03-12T01:27:54.003+0000] {processor.py:208} INFO - Processing /home/ec2-user/environment/lab4_model_training/venv/lib64/python3.12/site-packages/airflow/example_dags/example_bash_decorator.py took 0.089 seconds
[2026-03-12T01:28:54.590+0000] {processor.py:186} INFO - Started process (PID=20854) to work on /home/ec2-user/environment/lab4_model_training/venv/lib64/python3.12/site-packages/airflow/example_dags/example_bash_decorator.py
[2026-03-12T01:28:54.591+0000] {processor.py:914} INFO - Processing file /home/ec2-user/environment/lab4_model_training/venv/lib64/python3.12/site-packages/airflow/example_dags/example_bash_decorator.py for tasks to queue
[2026-03-12T01:28:54.593+0000] {logging_mixin.py:190} INFO - [2026-03-12T01:28:54.593+0000] {dagbag.py:588} INFO - Filling up the DagBag from /home/ec2-user/environment/lab4_model_training/venv/lib64/python3.12/site-packages/airflow/example_dags/example_bash_decorator.py
[2026-03-12T01:28:54.613+0000] {processor.py:925} INFO - DAG(s) 'example_bash_decorator' retrieved from /home/ec2-user/environment/lab4_model_training/venv/lib64/python3.12/site-packages/airflow/example_dags/example_bash_decorator.py
[2026-03-12T01:28:54.637+0000] {logging_mixin.py:190} INFO - [2026-03-12T01:28:54.637+0000] {dag.py:3239} INFO - Sync 1 DAGs
[2026-03-12T01:28:54.661+0000] {logging_mixin.py:190} INFO - [2026-03-12T01:28:54.661+0000] {dag.py:4180} INFO - Setting next_dagrun for example_bash_decorator to None, run_after=None
[2026-03-12T01:28:54.684+0000] {processor.py:208} INFO - Processing /home/ec2-user/environment/lab4_model_training/venv/lib64/python3.12/site-packages/airflow/example_dags/example_bash_decorator.py took 0.100 seconds
[2026-03-12T01:29:58.446+0000] {processor.py:186} INFO - Started process (PID=21271) to work on /home/ec2-user/environment/lab4_model_training/venv/lib64/python3.12/site-packages/airflow/example_dags/example_bash_decorator.py
[2026-03-12T01:29:58.447+0000] {processor.py:914} INFO - Processing file /home/ec2-user/environment/lab4_model_training/venv/lib64/python3.12/site-packages/airflow/example_dags/example_bash_decorator.py for tasks to queue
[2026-03-12T01:29:58.449+0000] {logging_mixin.py:190} INFO - [2026-03-12T01:29:58.449+0000] {dagbag.py:588} INFO - Filling up the DagBag from /home/ec2-user/environment/lab4_model_training/venv/lib64/python3.12/site-packages/airflow/example_dags/example_bash_decorator.py
[2026-03-12T01:29:58.467+0000] {processor.py:925} INFO - DAG(s) 'example_bash_decorator' retrieved from /home/ec2-user/environment/lab4_model_training/venv/lib64/python3.12/site-packages/airflow/example_dags/example_bash_decorator.py
[2026-03-12T01:29:58.487+0000] {logging_mixin.py:190} INFO - [2026-03-12T01:29:58.487+0000] {dag.py:3239} INFO - Sync 1 DAGs
[2026-03-12T01:29:58.501+0000] {logging_mixin.py:190} INFO - [2026-03-12T01:29:58.501+0000] {dag.py:4180} INFO - Setting next_dagrun for example_bash_decorator to None, run_after=None
[2026-03-12T01:29:58.523+0000] {processor.py:208} INFO - Processing /home/ec2-user/environment/lab4_model_training/venv/lib64/python3.12/site-packages/airflow/example_dags/example_bash_decorator.py took 0.083 seconds
[2026-03-12T01:30:58.410+0000] {processor.py:186} INFO - Started process (PID=21508) to work on /home/ec2-user/environment/lab4_model_training/venv/lib64/python3.12/site-packages/airflow/example_dags/example_bash_decorator.py
[2026-03-12T01:30:58.411+0000] {processor.py:914} INFO - Processing file /home/ec2-user/environment/lab4_model_training/venv/lib64/python3.12/site-packages/airflow/example_dags/example_bash_decorator.py for tasks to queue
[2026-03-12T01:30:58.413+0000] {logging_mixin.py:190} INFO - [2026-03-12T01:30:58.413+0000] {dagbag.py:588} INFO - Filling up the DagBag from /home/ec2-user/environment/lab4_model_training/venv/lib64/python3.12/site-packages/airflow/example_dags/example_bash_decorator.py
[2026-03-12T01:30:58.431+0000] {processor.py:925} INFO - DAG(s) 'example_bash_decorator' retrieved from /home/ec2-user/environment/lab4_model_training/venv/lib64/python3.12/site-packages/airflow/example_dags/example_bash_decorator.py
[2026-03-12T01:30:58.455+0000] {logging_mixin.py:190} INFO - [2026-03-12T01:30:58.454+0000] {dag.py:3239} INFO - Sync 1 DAGs
[2026-03-12T01:30:58.470+0000] {logging_mixin.py:190} INFO - [2026-03-12T01:30:58.470+0000] {dag.py:4180} INFO - Setting next_dagrun for example_bash_decorator to None, run_after=None
[2026-03-12T01:30:58.492+0000] {processor.py:208} INFO - Processing /home/ec2-user/environment/lab4_model_training/venv/lib64/python3.12/site-packages/airflow/example_dags/example_bash_decorator.py took 0.087 seconds
[2026-03-12T01:32:01.858+0000] {processor.py:186} INFO - Started process (PID=21794) to work on /home/ec2-user/environment/lab4_model_training/venv/lib64/python3.12/site-packages/airflow/example_dags/example_bash_decorator.py
[2026-03-12T01:32:01.859+0000] {processor.py:914} INFO - Processing file /home/ec2-user/environment/lab4_model_training/venv/lib64/python3.12/site-packages/airflow/example_dags/example_bash_decorator.py for tasks to queue
[2026-03-12T01:32:01.861+0000] {logging_mixin.py:190} INFO - [2026-03-12T01:32:01.861+0000] {dagbag.py:588} INFO - Filling up the DagBag from /home/ec2-user/environment/lab4_model_training/venv/lib64/python3.12/site-packages/airflow/example_dags/example_bash_decorator.py
[2026-03-12T01:32:01.879+0000] {processor.py:925} INFO - DAG(s) 'example_bash_decorator' retrieved from /home/ec2-user/environment/lab4_model_training/venv/lib64/python3.12/site-packages/airflow/example_dags/example_bash_decorator.py
[2026-03-12T01:32:01.904+0000] {logging_mixin.py:190} INFO - [2026-03-12T01:32:01.903+0000] {dag.py:3239} INFO - Sync 1 DAGs
[2026-03-12T01:32:01.919+0000] {logging_mixin.py:190} INFO - [2026-03-12T01:32:01.919+0000] {dag.py:4180} INFO - Setting next_dagrun for example_bash_decorator to None, run_after=None
[2026-03-12T01:32:01.941+0000] {processor.py:208} INFO - Processing /home/ec2-user/environment/lab4_model_training/venv/lib64/python3.12/site-packages/airflow/example_dags/example_bash_decorator.py took 0.089 seconds
[2026-03-12T01:33:02.263+0000] {processor.py:186} INFO - Started process (PID=22040) to work on /home/ec2-user/environment/lab4_model_training/venv/lib64/python3.12/site-packages/airflow/example_dags/example_bash_decorator.py
[2026-03-12T01:33:02.265+0000] {processor.py:914} INFO - Processing file /home/ec2-user/environment/lab4_model_training/venv/lib64/python3.12/site-packages/airflow/example_dags/example_bash_decorator.py for tasks to queue
[2026-03-12T01:33:02.267+0000] {logging_mixin.py:190} INFO - [2026-03-12T01:33:02.266+0000] {dagbag.py:588} INFO - Filling up the DagBag from /home/ec2-user/environment/lab4_model_training/venv/lib64/python3.12/site-packages/airflow/example_dags/example_bash_decorator.py
[2026-03-12T01:33:02.285+0000] {processor.py:925} INFO - DAG(s) 'example_bash_decorator' retrieved from /home/ec2-user/environment/lab4_model_training/venv/lib64/python3.12/site-packages/airflow/example_dags/example_bash_decorator.py
[2026-03-12T01:33:02.309+0000] {logging_mixin.py:190} INFO - [2026-03-12T01:33:02.309+0000] {dag.py:3239} INFO - Sync 1 DAGs
[2026-03-12T01:33:02.326+0000] {logging_mixin.py:190} INFO - [2026-03-12T01:33:02.326+0000] {dag.py:4180} INFO - Setting next_dagrun for example_bash_decorator to None, run_after=None
[2026-03-12T01:33:02.348+0000] {processor.py:208} INFO - Processing /home/ec2-user/environment/lab4_model_training/venv/lib64/python3.12/site-packages/airflow/example_dags/example_bash_decorator.py took 0.091 seconds
