[2026-03-12T00:35:52.335+0000] {processor.py:186} INFO - Started process (PID=6905) to work on /home/ec2-user/environment/lab4_model_training/venv/lib64/python3.12/site-packages/airflow/example_dags/tutorial_taskflow_api.py
[2026-03-12T00:35:52.336+0000] {processor.py:914} INFO - Processing file /home/ec2-user/environment/lab4_model_training/venv/lib64/python3.12/site-packages/airflow/example_dags/tutorial_taskflow_api.py for tasks to queue
[2026-03-12T00:35:52.338+0000] {logging_mixin.py:190} INFO - [2026-03-12T00:35:52.338+0000] {dagbag.py:588} INFO - Filling up the DagBag from /home/ec2-user/environment/lab4_model_training/venv/lib64/python3.12/site-packages/airflow/example_dags/tutorial_taskflow_api.py
[2026-03-12T00:35:52.348+0000] {processor.py:925} INFO - DAG(s) 'tutorial_taskflow_api' retrieved from /home/ec2-user/environment/lab4_model_training/venv/lib64/python3.12/site-packages/airflow/example_dags/tutorial_taskflow_api.py
[2026-03-12T00:35:52.441+0000] {logging_mixin.py:190} INFO - [2026-03-12T00:35:52.440+0000] {override.py:1930} INFO - Created Permission View: can read on DAG:tutorial_taskflow_api
[2026-03-12T00:35:52.457+0000] {logging_mixin.py:190} INFO - [2026-03-12T00:35:52.457+0000] {override.py:1930} INFO - Created Permission View: can delete on DAG:tutorial_taskflow_api
[2026-03-12T00:35:52.467+0000] {logging_mixin.py:190} INFO - [2026-03-12T00:35:52.466+0000] {override.py:1930} INFO - Created Permission View: can edit on DAG:tutorial_taskflow_api
[2026-03-12T00:35:52.483+0000] {logging_mixin.py:190} INFO - [2026-03-12T00:35:52.483+0000] {override.py:1930} INFO - Created Permission View: can read on DAG Run:tutorial_taskflow_api
[2026-03-12T00:35:52.493+0000] {logging_mixin.py:190} INFO - [2026-03-12T00:35:52.493+0000] {override.py:1930} INFO - Created Permission View: menu access on DAG Run:tutorial_taskflow_api
[2026-03-12T00:35:52.502+0000] {logging_mixin.py:190} INFO - [2026-03-12T00:35:52.502+0000] {override.py:1930} INFO - Created Permission View: can create on DAG Run:tutorial_taskflow_api
[2026-03-12T00:35:52.512+0000] {logging_mixin.py:190} INFO - [2026-03-12T00:35:52.512+0000] {override.py:1930} INFO - Created Permission View: can delete on DAG Run:tutorial_taskflow_api
[2026-03-12T00:35:52.513+0000] {logging_mixin.py:190} INFO - [2026-03-12T00:35:52.512+0000] {dag.py:3239} INFO - Sync 1 DAGs
[2026-03-12T00:35:52.527+0000] {logging_mixin.py:190} INFO - [2026-03-12T00:35:52.527+0000] {dag.py:3262} INFO - Creating ORM DAG for tutorial_taskflow_api
[2026-03-12T00:35:52.528+0000] {logging_mixin.py:190} INFO - [2026-03-12T00:35:52.528+0000] {dag.py:4180} INFO - Setting next_dagrun for tutorial_taskflow_api to None, run_after=None
[2026-03-12T00:35:52.551+0000] {processor.py:208} INFO - Processing /home/ec2-user/environment/lab4_model_training/venv/lib64/python3.12/site-packages/airflow/example_dags/tutorial_taskflow_api.py took 0.223 seconds
[2026-03-12T00:39:23.520+0000] {processor.py:186} INFO - Started process (PID=7778) to work on /home/ec2-user/environment/lab4_model_training/venv/lib64/python3.12/site-packages/airflow/example_dags/tutorial_taskflow_api.py
[2026-03-12T00:39:23.521+0000] {processor.py:914} INFO - Processing file /home/ec2-user/environment/lab4_model_training/venv/lib64/python3.12/site-packages/airflow/example_dags/tutorial_taskflow_api.py for tasks to queue
[2026-03-12T00:39:23.524+0000] {logging_mixin.py:190} INFO - [2026-03-12T00:39:23.523+0000] {dagbag.py:588} INFO - Filling up the DagBag from /home/ec2-user/environment/lab4_model_training/venv/lib64/python3.12/site-packages/airflow/example_dags/tutorial_taskflow_api.py
[2026-03-12T00:39:23.533+0000] {processor.py:925} INFO - DAG(s) 'tutorial_taskflow_api' retrieved from /home/ec2-user/environment/lab4_model_training/venv/lib64/python3.12/site-packages/airflow/example_dags/tutorial_taskflow_api.py
[2026-03-12T00:39:23.551+0000] {logging_mixin.py:190} INFO - [2026-03-12T00:39:23.550+0000] {dag.py:3239} INFO - Sync 1 DAGs
[2026-03-12T00:39:23.566+0000] {logging_mixin.py:190} INFO - [2026-03-12T00:39:23.566+0000] {dag.py:4180} INFO - Setting next_dagrun for tutorial_taskflow_api to None, run_after=None
[2026-03-12T00:39:23.591+0000] {processor.py:208} INFO - Processing /home/ec2-user/environment/lab4_model_training/venv/lib64/python3.12/site-packages/airflow/example_dags/tutorial_taskflow_api.py took 0.075 seconds
[2026-03-12T00:40:28.196+0000] {processor.py:186} INFO - Started process (PID=8074) to work on /home/ec2-user/environment/lab4_model_training/venv/lib64/python3.12/site-packages/airflow/example_dags/tutorial_taskflow_api.py
[2026-03-12T00:40:28.197+0000] {processor.py:914} INFO - Processing file /home/ec2-user/environment/lab4_model_training/venv/lib64/python3.12/site-packages/airflow/example_dags/tutorial_taskflow_api.py for tasks to queue
[2026-03-12T00:40:28.201+0000] {logging_mixin.py:190} INFO - [2026-03-12T00:40:28.200+0000] {dagbag.py:588} INFO - Filling up the DagBag from /home/ec2-user/environment/lab4_model_training/venv/lib64/python3.12/site-packages/airflow/example_dags/tutorial_taskflow_api.py
[2026-03-12T00:40:28.212+0000] {processor.py:925} INFO - DAG(s) 'tutorial_taskflow_api' retrieved from /home/ec2-user/environment/lab4_model_training/venv/lib64/python3.12/site-packages/airflow/example_dags/tutorial_taskflow_api.py
[2026-03-12T00:40:28.233+0000] {logging_mixin.py:190} INFO - [2026-03-12T00:40:28.232+0000] {dag.py:3239} INFO - Sync 1 DAGs
[2026-03-12T00:40:28.250+0000] {logging_mixin.py:190} INFO - [2026-03-12T00:40:28.249+0000] {dag.py:4180} INFO - Setting next_dagrun for tutorial_taskflow_api to None, run_after=None
[2026-03-12T00:40:28.273+0000] {processor.py:208} INFO - Processing /home/ec2-user/environment/lab4_model_training/venv/lib64/python3.12/site-packages/airflow/example_dags/tutorial_taskflow_api.py took 0.082 seconds
[2026-03-12T00:41:29.034+0000] {processor.py:186} INFO - Started process (PID=8359) to work on /home/ec2-user/environment/lab4_model_training/venv/lib64/python3.12/site-packages/airflow/example_dags/tutorial_taskflow_api.py
[2026-03-12T00:41:29.035+0000] {processor.py:914} INFO - Processing file /home/ec2-user/environment/lab4_model_training/venv/lib64/python3.12/site-packages/airflow/example_dags/tutorial_taskflow_api.py for tasks to queue
[2026-03-12T00:41:29.038+0000] {logging_mixin.py:190} INFO - [2026-03-12T00:41:29.038+0000] {dagbag.py:588} INFO - Filling up the DagBag from /home/ec2-user/environment/lab4_model_training/venv/lib64/python3.12/site-packages/airflow/example_dags/tutorial_taskflow_api.py
[2026-03-12T00:41:29.050+0000] {processor.py:925} INFO - DAG(s) 'tutorial_taskflow_api' retrieved from /home/ec2-user/environment/lab4_model_training/venv/lib64/python3.12/site-packages/airflow/example_dags/tutorial_taskflow_api.py
[2026-03-12T00:41:29.071+0000] {logging_mixin.py:190} INFO - [2026-03-12T00:41:29.071+0000] {dag.py:3239} INFO - Sync 1 DAGs
[2026-03-12T00:41:29.087+0000] {logging_mixin.py:190} INFO - [2026-03-12T00:41:29.087+0000] {dag.py:4180} INFO - Setting next_dagrun for tutorial_taskflow_api to None, run_after=None
[2026-03-12T00:41:29.112+0000] {processor.py:208} INFO - Processing /home/ec2-user/environment/lab4_model_training/venv/lib64/python3.12/site-packages/airflow/example_dags/tutorial_taskflow_api.py took 0.083 seconds
[2026-03-12T00:42:32.066+0000] {processor.py:186} INFO - Started process (PID=8644) to work on /home/ec2-user/environment/lab4_model_training/venv/lib64/python3.12/site-packages/airflow/example_dags/tutorial_taskflow_api.py
[2026-03-12T00:42:32.067+0000] {processor.py:914} INFO - Processing file /home/ec2-user/environment/lab4_model_training/venv/lib64/python3.12/site-packages/airflow/example_dags/tutorial_taskflow_api.py for tasks to queue
[2026-03-12T00:42:32.069+0000] {logging_mixin.py:190} INFO - [2026-03-12T00:42:32.069+0000] {dagbag.py:588} INFO - Filling up the DagBag from /home/ec2-user/environment/lab4_model_training/venv/lib64/python3.12/site-packages/airflow/example_dags/tutorial_taskflow_api.py
[2026-03-12T00:42:32.079+0000] {processor.py:925} INFO - DAG(s) 'tutorial_taskflow_api' retrieved from /home/ec2-user/environment/lab4_model_training/venv/lib64/python3.12/site-packages/airflow/example_dags/tutorial_taskflow_api.py
[2026-03-12T00:42:32.097+0000] {logging_mixin.py:190} INFO - [2026-03-12T00:42:32.097+0000] {dag.py:3239} INFO - Sync 1 DAGs
[2026-03-12T00:42:32.113+0000] {logging_mixin.py:190} INFO - [2026-03-12T00:42:32.113+0000] {dag.py:4180} INFO - Setting next_dagrun for tutorial_taskflow_api to None, run_after=None
[2026-03-12T00:42:32.139+0000] {processor.py:208} INFO - Processing /home/ec2-user/environment/lab4_model_training/venv/lib64/python3.12/site-packages/airflow/example_dags/tutorial_taskflow_api.py took 0.078 seconds
[2026-03-12T00:43:31.211+0000] {processor.py:186} INFO - Started process (PID=8891) to work on /home/ec2-user/environment/lab4_model_training/venv/lib64/python3.12/site-packages/airflow/example_dags/tutorial_taskflow_api.py
[2026-03-12T00:43:31.212+0000] {processor.py:914} INFO - Processing file /home/ec2-user/environment/lab4_model_training/venv/lib64/python3.12/site-packages/airflow/example_dags/tutorial_taskflow_api.py for tasks to queue
[2026-03-12T00:43:31.215+0000] {logging_mixin.py:190} INFO - [2026-03-12T00:43:31.215+0000] {dagbag.py:588} INFO - Filling up the DagBag from /home/ec2-user/environment/lab4_model_training/venv/lib64/python3.12/site-packages/airflow/example_dags/tutorial_taskflow_api.py
[2026-03-12T00:43:31.226+0000] {processor.py:925} INFO - DAG(s) 'tutorial_taskflow_api' retrieved from /home/ec2-user/environment/lab4_model_training/venv/lib64/python3.12/site-packages/airflow/example_dags/tutorial_taskflow_api.py
[2026-03-12T00:43:31.247+0000] {logging_mixin.py:190} INFO - [2026-03-12T00:43:31.246+0000] {dag.py:3239} INFO - Sync 1 DAGs
[2026-03-12T00:43:31.264+0000] {logging_mixin.py:190} INFO - [2026-03-12T00:43:31.263+0000] {dag.py:4180} INFO - Setting next_dagrun for tutorial_taskflow_api to None, run_after=None
[2026-03-12T00:43:31.291+0000] {processor.py:208} INFO - Processing /home/ec2-user/environment/lab4_model_training/venv/lib64/python3.12/site-packages/airflow/example_dags/tutorial_taskflow_api.py took 0.087 seconds
[2026-03-12T00:44:36.459+0000] {processor.py:186} INFO - Started process (PID=9223) to work on /home/ec2-user/environment/lab4_model_training/venv/lib64/python3.12/site-packages/airflow/example_dags/tutorial_taskflow_api.py
[2026-03-12T00:44:36.460+0000] {processor.py:914} INFO - Processing file /home/ec2-user/environment/lab4_model_training/venv/lib64/python3.12/site-packages/airflow/example_dags/tutorial_taskflow_api.py for tasks to queue
[2026-03-12T00:44:36.462+0000] {logging_mixin.py:190} INFO - [2026-03-12T00:44:36.462+0000] {dagbag.py:588} INFO - Filling up the DagBag from /home/ec2-user/environment/lab4_model_training/venv/lib64/python3.12/site-packages/airflow/example_dags/tutorial_taskflow_api.py
[2026-03-12T00:44:36.471+0000] {processor.py:925} INFO - DAG(s) 'tutorial_taskflow_api' retrieved from /home/ec2-user/environment/lab4_model_training/venv/lib64/python3.12/site-packages/airflow/example_dags/tutorial_taskflow_api.py
[2026-03-12T00:44:36.490+0000] {logging_mixin.py:190} INFO - [2026-03-12T00:44:36.489+0000] {dag.py:3239} INFO - Sync 1 DAGs
[2026-03-12T00:44:36.505+0000] {logging_mixin.py:190} INFO - [2026-03-12T00:44:36.505+0000] {dag.py:4180} INFO - Setting next_dagrun for tutorial_taskflow_api to None, run_after=None
[2026-03-12T00:44:36.528+0000] {processor.py:208} INFO - Processing /home/ec2-user/environment/lab4_model_training/venv/lib64/python3.12/site-packages/airflow/example_dags/tutorial_taskflow_api.py took 0.073 seconds
[2026-03-12T00:46:24.337+0000] {processor.py:186} INFO - Started process (PID=9678) to work on /home/ec2-user/environment/lab4_model_training/venv/lib64/python3.12/site-packages/airflow/example_dags/tutorial_taskflow_api.py
[2026-03-12T00:46:24.338+0000] {processor.py:914} INFO - Processing file /home/ec2-user/environment/lab4_model_training/venv/lib64/python3.12/site-packages/airflow/example_dags/tutorial_taskflow_api.py for tasks to queue
[2026-03-12T00:46:24.341+0000] {logging_mixin.py:190} INFO - [2026-03-12T00:46:24.340+0000] {dagbag.py:588} INFO - Filling up the DagBag from /home/ec2-user/environment/lab4_model_training/venv/lib64/python3.12/site-packages/airflow/example_dags/tutorial_taskflow_api.py
[2026-03-12T00:46:24.350+0000] {processor.py:925} INFO - DAG(s) 'tutorial_taskflow_api' retrieved from /home/ec2-user/environment/lab4_model_training/venv/lib64/python3.12/site-packages/airflow/example_dags/tutorial_taskflow_api.py
[2026-03-12T00:46:24.368+0000] {logging_mixin.py:190} INFO - [2026-03-12T00:46:24.368+0000] {dag.py:3239} INFO - Sync 1 DAGs
[2026-03-12T00:46:24.387+0000] {logging_mixin.py:190} INFO - [2026-03-12T00:46:24.387+0000] {dag.py:4180} INFO - Setting next_dagrun for tutorial_taskflow_api to None, run_after=None
[2026-03-12T00:46:24.414+0000] {processor.py:208} INFO - Processing /home/ec2-user/environment/lab4_model_training/venv/lib64/python3.12/site-packages/airflow/example_dags/tutorial_taskflow_api.py took 0.081 seconds
[2026-03-12T00:48:06.348+0000] {processor.py:186} INFO - Started process (PID=10136) to work on /home/ec2-user/environment/lab4_model_training/venv/lib64/python3.12/site-packages/airflow/example_dags/tutorial_taskflow_api.py
[2026-03-12T00:48:06.349+0000] {processor.py:914} INFO - Processing file /home/ec2-user/environment/lab4_model_training/venv/lib64/python3.12/site-packages/airflow/example_dags/tutorial_taskflow_api.py for tasks to queue
[2026-03-12T00:48:06.351+0000] {logging_mixin.py:190} INFO - [2026-03-12T00:48:06.351+0000] {dagbag.py:588} INFO - Filling up the DagBag from /home/ec2-user/environment/lab4_model_training/venv/lib64/python3.12/site-packages/airflow/example_dags/tutorial_taskflow_api.py
[2026-03-12T00:48:06.361+0000] {processor.py:925} INFO - DAG(s) 'tutorial_taskflow_api' retrieved from /home/ec2-user/environment/lab4_model_training/venv/lib64/python3.12/site-packages/airflow/example_dags/tutorial_taskflow_api.py
[2026-03-12T00:48:06.379+0000] {logging_mixin.py:190} INFO - [2026-03-12T00:48:06.379+0000] {dag.py:3239} INFO - Sync 1 DAGs
[2026-03-12T00:48:06.395+0000] {logging_mixin.py:190} INFO - [2026-03-12T00:48:06.395+0000] {dag.py:4180} INFO - Setting next_dagrun for tutorial_taskflow_api to None, run_after=None
[2026-03-12T00:48:06.422+0000] {processor.py:208} INFO - Processing /home/ec2-user/environment/lab4_model_training/venv/lib64/python3.12/site-packages/airflow/example_dags/tutorial_taskflow_api.py took 0.078 seconds
[2026-03-12T00:49:14.850+0000] {processor.py:186} INFO - Started process (PID=10405) to work on /home/ec2-user/environment/lab4_model_training/venv/lib64/python3.12/site-packages/airflow/example_dags/tutorial_taskflow_api.py
[2026-03-12T00:49:14.851+0000] {processor.py:914} INFO - Processing file /home/ec2-user/environment/lab4_model_training/venv/lib64/python3.12/site-packages/airflow/example_dags/tutorial_taskflow_api.py for tasks to queue
[2026-03-12T00:49:14.854+0000] {logging_mixin.py:190} INFO - [2026-03-12T00:49:14.854+0000] {dagbag.py:588} INFO - Filling up the DagBag from /home/ec2-user/environment/lab4_model_training/venv/lib64/python3.12/site-packages/airflow/example_dags/tutorial_taskflow_api.py
[2026-03-12T00:49:14.864+0000] {processor.py:925} INFO - DAG(s) 'tutorial_taskflow_api' retrieved from /home/ec2-user/environment/lab4_model_training/venv/lib64/python3.12/site-packages/airflow/example_dags/tutorial_taskflow_api.py
[2026-03-12T00:49:14.883+0000] {logging_mixin.py:190} INFO - [2026-03-12T00:49:14.883+0000] {dag.py:3239} INFO - Sync 1 DAGs
[2026-03-12T00:49:14.902+0000] {logging_mixin.py:190} INFO - [2026-03-12T00:49:14.902+0000] {dag.py:4180} INFO - Setting next_dagrun for tutorial_taskflow_api to None, run_after=None
[2026-03-12T00:49:14.925+0000] {processor.py:208} INFO - Processing /home/ec2-user/environment/lab4_model_training/venv/lib64/python3.12/site-packages/airflow/example_dags/tutorial_taskflow_api.py took 0.080 seconds
[2026-03-12T00:50:19.151+0000] {processor.py:186} INFO - Started process (PID=10729) to work on /home/ec2-user/environment/lab4_model_training/venv/lib64/python3.12/site-packages/airflow/example_dags/tutorial_taskflow_api.py
[2026-03-12T00:50:19.152+0000] {processor.py:914} INFO - Processing file /home/ec2-user/environment/lab4_model_training/venv/lib64/python3.12/site-packages/airflow/example_dags/tutorial_taskflow_api.py for tasks to queue
[2026-03-12T00:50:19.154+0000] {logging_mixin.py:190} INFO - [2026-03-12T00:50:19.154+0000] {dagbag.py:588} INFO - Filling up the DagBag from /home/ec2-user/environment/lab4_model_training/venv/lib64/python3.12/site-packages/airflow/example_dags/tutorial_taskflow_api.py
[2026-03-12T00:50:19.164+0000] {processor.py:925} INFO - DAG(s) 'tutorial_taskflow_api' retrieved from /home/ec2-user/environment/lab4_model_training/venv/lib64/python3.12/site-packages/airflow/example_dags/tutorial_taskflow_api.py
[2026-03-12T00:50:19.182+0000] {logging_mixin.py:190} INFO - [2026-03-12T00:50:19.181+0000] {dag.py:3239} INFO - Sync 1 DAGs
[2026-03-12T00:50:19.198+0000] {logging_mixin.py:190} INFO - [2026-03-12T00:50:19.198+0000] {dag.py:4180} INFO - Setting next_dagrun for tutorial_taskflow_api to None, run_after=None
[2026-03-12T00:50:19.225+0000] {processor.py:208} INFO - Processing /home/ec2-user/environment/lab4_model_training/venv/lib64/python3.12/site-packages/airflow/example_dags/tutorial_taskflow_api.py took 0.078 seconds
[2026-03-12T00:51:18.761+0000] {processor.py:186} INFO - Started process (PID=11017) to work on /home/ec2-user/environment/lab4_model_training/venv/lib64/python3.12/site-packages/airflow/example_dags/tutorial_taskflow_api.py
[2026-03-12T00:51:18.763+0000] {processor.py:914} INFO - Processing file /home/ec2-user/environment/lab4_model_training/venv/lib64/python3.12/site-packages/airflow/example_dags/tutorial_taskflow_api.py for tasks to queue
[2026-03-12T00:51:18.765+0000] {logging_mixin.py:190} INFO - [2026-03-12T00:51:18.764+0000] {dagbag.py:588} INFO - Filling up the DagBag from /home/ec2-user/environment/lab4_model_training/venv/lib64/python3.12/site-packages/airflow/example_dags/tutorial_taskflow_api.py
[2026-03-12T00:51:18.774+0000] {processor.py:925} INFO - DAG(s) 'tutorial_taskflow_api' retrieved from /home/ec2-user/environment/lab4_model_training/venv/lib64/python3.12/site-packages/airflow/example_dags/tutorial_taskflow_api.py
[2026-03-12T00:51:18.792+0000] {logging_mixin.py:190} INFO - [2026-03-12T00:51:18.792+0000] {dag.py:3239} INFO - Sync 1 DAGs
[2026-03-12T00:51:18.808+0000] {logging_mixin.py:190} INFO - [2026-03-12T00:51:18.808+0000] {dag.py:4180} INFO - Setting next_dagrun for tutorial_taskflow_api to None, run_after=None
[2026-03-12T00:51:18.831+0000] {processor.py:208} INFO - Processing /home/ec2-user/environment/lab4_model_training/venv/lib64/python3.12/site-packages/airflow/example_dags/tutorial_taskflow_api.py took 0.075 seconds
[2026-03-12T00:52:19.508+0000] {processor.py:186} INFO - Started process (PID=11280) to work on /home/ec2-user/environment/lab4_model_training/venv/lib64/python3.12/site-packages/airflow/example_dags/tutorial_taskflow_api.py
[2026-03-12T00:52:19.510+0000] {processor.py:914} INFO - Processing file /home/ec2-user/environment/lab4_model_training/venv/lib64/python3.12/site-packages/airflow/example_dags/tutorial_taskflow_api.py for tasks to queue
[2026-03-12T00:52:19.512+0000] {logging_mixin.py:190} INFO - [2026-03-12T00:52:19.512+0000] {dagbag.py:588} INFO - Filling up the DagBag from /home/ec2-user/environment/lab4_model_training/venv/lib64/python3.12/site-packages/airflow/example_dags/tutorial_taskflow_api.py
[2026-03-12T00:52:19.523+0000] {processor.py:925} INFO - DAG(s) 'tutorial_taskflow_api' retrieved from /home/ec2-user/environment/lab4_model_training/venv/lib64/python3.12/site-packages/airflow/example_dags/tutorial_taskflow_api.py
[2026-03-12T00:52:19.541+0000] {logging_mixin.py:190} INFO - [2026-03-12T00:52:19.541+0000] {dag.py:3239} INFO - Sync 1 DAGs
[2026-03-12T00:52:19.557+0000] {logging_mixin.py:190} INFO - [2026-03-12T00:52:19.557+0000] {dag.py:4180} INFO - Setting next_dagrun for tutorial_taskflow_api to None, run_after=None
[2026-03-12T00:52:19.580+0000] {processor.py:208} INFO - Processing /home/ec2-user/environment/lab4_model_training/venv/lib64/python3.12/site-packages/airflow/example_dags/tutorial_taskflow_api.py took 0.076 seconds
[2026-03-12T00:53:20.175+0000] {processor.py:186} INFO - Started process (PID=11576) to work on /home/ec2-user/environment/lab4_model_training/venv/lib64/python3.12/site-packages/airflow/example_dags/tutorial_taskflow_api.py
[2026-03-12T00:53:20.177+0000] {processor.py:914} INFO - Processing file /home/ec2-user/environment/lab4_model_training/venv/lib64/python3.12/site-packages/airflow/example_dags/tutorial_taskflow_api.py for tasks to queue
[2026-03-12T00:53:20.180+0000] {logging_mixin.py:190} INFO - [2026-03-12T00:53:20.180+0000] {dagbag.py:588} INFO - Filling up the DagBag from /home/ec2-user/environment/lab4_model_training/venv/lib64/python3.12/site-packages/airflow/example_dags/tutorial_taskflow_api.py
[2026-03-12T00:53:20.190+0000] {processor.py:925} INFO - DAG(s) 'tutorial_taskflow_api' retrieved from /home/ec2-user/environment/lab4_model_training/venv/lib64/python3.12/site-packages/airflow/example_dags/tutorial_taskflow_api.py
[2026-03-12T00:53:20.208+0000] {logging_mixin.py:190} INFO - [2026-03-12T00:53:20.208+0000] {dag.py:3239} INFO - Sync 1 DAGs
[2026-03-12T00:53:20.226+0000] {logging_mixin.py:190} INFO - [2026-03-12T00:53:20.225+0000] {dag.py:4180} INFO - Setting next_dagrun for tutorial_taskflow_api to None, run_after=None
[2026-03-12T00:53:20.252+0000] {processor.py:208} INFO - Processing /home/ec2-user/environment/lab4_model_training/venv/lib64/python3.12/site-packages/airflow/example_dags/tutorial_taskflow_api.py took 0.084 seconds
[2026-03-12T00:54:20.676+0000] {processor.py:186} INFO - Started process (PID=11810) to work on /home/ec2-user/environment/lab4_model_training/venv/lib64/python3.12/site-packages/airflow/example_dags/tutorial_taskflow_api.py
[2026-03-12T00:54:20.677+0000] {processor.py:914} INFO - Processing file /home/ec2-user/environment/lab4_model_training/venv/lib64/python3.12/site-packages/airflow/example_dags/tutorial_taskflow_api.py for tasks to queue
[2026-03-12T00:54:20.681+0000] {logging_mixin.py:190} INFO - [2026-03-12T00:54:20.680+0000] {dagbag.py:588} INFO - Filling up the DagBag from /home/ec2-user/environment/lab4_model_training/venv/lib64/python3.12/site-packages/airflow/example_dags/tutorial_taskflow_api.py
[2026-03-12T00:54:20.690+0000] {processor.py:925} INFO - DAG(s) 'tutorial_taskflow_api' retrieved from /home/ec2-user/environment/lab4_model_training/venv/lib64/python3.12/site-packages/airflow/example_dags/tutorial_taskflow_api.py
[2026-03-12T00:54:20.709+0000] {logging_mixin.py:190} INFO - [2026-03-12T00:54:20.709+0000] {dag.py:3239} INFO - Sync 1 DAGs
[2026-03-12T00:54:20.726+0000] {logging_mixin.py:190} INFO - [2026-03-12T00:54:20.726+0000] {dag.py:4180} INFO - Setting next_dagrun for tutorial_taskflow_api to None, run_after=None
[2026-03-12T00:54:20.750+0000] {processor.py:208} INFO - Processing /home/ec2-user/environment/lab4_model_training/venv/lib64/python3.12/site-packages/airflow/example_dags/tutorial_taskflow_api.py took 0.079 seconds
[2026-03-12T00:55:22.261+0000] {processor.py:186} INFO - Started process (PID=12082) to work on /home/ec2-user/environment/lab4_model_training/venv/lib64/python3.12/site-packages/airflow/example_dags/tutorial_taskflow_api.py
[2026-03-12T00:55:22.262+0000] {processor.py:914} INFO - Processing file /home/ec2-user/environment/lab4_model_training/venv/lib64/python3.12/site-packages/airflow/example_dags/tutorial_taskflow_api.py for tasks to queue
[2026-03-12T00:55:22.265+0000] {logging_mixin.py:190} INFO - [2026-03-12T00:55:22.265+0000] {dagbag.py:588} INFO - Filling up the DagBag from /home/ec2-user/environment/lab4_model_training/venv/lib64/python3.12/site-packages/airflow/example_dags/tutorial_taskflow_api.py
[2026-03-12T00:55:22.276+0000] {processor.py:925} INFO - DAG(s) 'tutorial_taskflow_api' retrieved from /home/ec2-user/environment/lab4_model_training/venv/lib64/python3.12/site-packages/airflow/example_dags/tutorial_taskflow_api.py
[2026-03-12T00:55:22.296+0000] {logging_mixin.py:190} INFO - [2026-03-12T00:55:22.296+0000] {dag.py:3239} INFO - Sync 1 DAGs
[2026-03-12T00:55:22.313+0000] {logging_mixin.py:190} INFO - [2026-03-12T00:55:22.313+0000] {dag.py:4180} INFO - Setting next_dagrun for tutorial_taskflow_api to None, run_after=None
[2026-03-12T00:55:22.336+0000] {processor.py:208} INFO - Processing /home/ec2-user/environment/lab4_model_training/venv/lib64/python3.12/site-packages/airflow/example_dags/tutorial_taskflow_api.py took 0.081 seconds
[2026-03-12T00:56:25.395+0000] {processor.py:186} INFO - Started process (PID=12318) to work on /home/ec2-user/environment/lab4_model_training/venv/lib64/python3.12/site-packages/airflow/example_dags/tutorial_taskflow_api.py
[2026-03-12T00:56:25.396+0000] {processor.py:914} INFO - Processing file /home/ec2-user/environment/lab4_model_training/venv/lib64/python3.12/site-packages/airflow/example_dags/tutorial_taskflow_api.py for tasks to queue
[2026-03-12T00:56:25.399+0000] {logging_mixin.py:190} INFO - [2026-03-12T00:56:25.399+0000] {dagbag.py:588} INFO - Filling up the DagBag from /home/ec2-user/environment/lab4_model_training/venv/lib64/python3.12/site-packages/airflow/example_dags/tutorial_taskflow_api.py
[2026-03-12T00:56:25.409+0000] {processor.py:925} INFO - DAG(s) 'tutorial_taskflow_api' retrieved from /home/ec2-user/environment/lab4_model_training/venv/lib64/python3.12/site-packages/airflow/example_dags/tutorial_taskflow_api.py
[2026-03-12T00:56:25.429+0000] {logging_mixin.py:190} INFO - [2026-03-12T00:56:25.428+0000] {dag.py:3239} INFO - Sync 1 DAGs
[2026-03-12T00:56:25.446+0000] {logging_mixin.py:190} INFO - [2026-03-12T00:56:25.445+0000] {dag.py:4180} INFO - Setting next_dagrun for tutorial_taskflow_api to None, run_after=None
[2026-03-12T00:56:25.468+0000] {processor.py:208} INFO - Processing /home/ec2-user/environment/lab4_model_training/venv/lib64/python3.12/site-packages/airflow/example_dags/tutorial_taskflow_api.py took 0.079 seconds
[2026-03-12T00:57:29.594+0000] {processor.py:186} INFO - Started process (PID=12612) to work on /home/ec2-user/environment/lab4_model_training/venv/lib64/python3.12/site-packages/airflow/example_dags/tutorial_taskflow_api.py
[2026-03-12T00:57:29.595+0000] {processor.py:914} INFO - Processing file /home/ec2-user/environment/lab4_model_training/venv/lib64/python3.12/site-packages/airflow/example_dags/tutorial_taskflow_api.py for tasks to queue
[2026-03-12T00:57:29.597+0000] {logging_mixin.py:190} INFO - [2026-03-12T00:57:29.597+0000] {dagbag.py:588} INFO - Filling up the DagBag from /home/ec2-user/environment/lab4_model_training/venv/lib64/python3.12/site-packages/airflow/example_dags/tutorial_taskflow_api.py
[2026-03-12T00:57:29.606+0000] {processor.py:925} INFO - DAG(s) 'tutorial_taskflow_api' retrieved from /home/ec2-user/environment/lab4_model_training/venv/lib64/python3.12/site-packages/airflow/example_dags/tutorial_taskflow_api.py
[2026-03-12T00:57:29.624+0000] {logging_mixin.py:190} INFO - [2026-03-12T00:57:29.624+0000] {dag.py:3239} INFO - Sync 1 DAGs
[2026-03-12T00:57:29.640+0000] {logging_mixin.py:190} INFO - [2026-03-12T00:57:29.640+0000] {dag.py:4180} INFO - Setting next_dagrun for tutorial_taskflow_api to None, run_after=None
[2026-03-12T00:57:29.662+0000] {processor.py:208} INFO - Processing /home/ec2-user/environment/lab4_model_training/venv/lib64/python3.12/site-packages/airflow/example_dags/tutorial_taskflow_api.py took 0.074 seconds
[2026-03-12T00:58:31.198+0000] {processor.py:186} INFO - Started process (PID=12888) to work on /home/ec2-user/environment/lab4_model_training/venv/lib64/python3.12/site-packages/airflow/example_dags/tutorial_taskflow_api.py
[2026-03-12T00:58:31.199+0000] {processor.py:914} INFO - Processing file /home/ec2-user/environment/lab4_model_training/venv/lib64/python3.12/site-packages/airflow/example_dags/tutorial_taskflow_api.py for tasks to queue
[2026-03-12T00:58:31.203+0000] {logging_mixin.py:190} INFO - [2026-03-12T00:58:31.202+0000] {dagbag.py:588} INFO - Filling up the DagBag from /home/ec2-user/environment/lab4_model_training/venv/lib64/python3.12/site-packages/airflow/example_dags/tutorial_taskflow_api.py
[2026-03-12T00:58:31.214+0000] {processor.py:925} INFO - DAG(s) 'tutorial_taskflow_api' retrieved from /home/ec2-user/environment/lab4_model_training/venv/lib64/python3.12/site-packages/airflow/example_dags/tutorial_taskflow_api.py
[2026-03-12T00:58:31.234+0000] {logging_mixin.py:190} INFO - [2026-03-12T00:58:31.234+0000] {dag.py:3239} INFO - Sync 1 DAGs
[2026-03-12T00:58:31.251+0000] {logging_mixin.py:190} INFO - [2026-03-12T00:58:31.250+0000] {dag.py:4180} INFO - Setting next_dagrun for tutorial_taskflow_api to None, run_after=None
[2026-03-12T00:58:31.275+0000] {processor.py:208} INFO - Processing /home/ec2-user/environment/lab4_model_training/venv/lib64/python3.12/site-packages/airflow/example_dags/tutorial_taskflow_api.py took 0.082 seconds
[2026-03-12T00:59:31.900+0000] {processor.py:186} INFO - Started process (PID=13149) to work on /home/ec2-user/environment/lab4_model_training/venv/lib64/python3.12/site-packages/airflow/example_dags/tutorial_taskflow_api.py
[2026-03-12T00:59:31.901+0000] {processor.py:914} INFO - Processing file /home/ec2-user/environment/lab4_model_training/venv/lib64/python3.12/site-packages/airflow/example_dags/tutorial_taskflow_api.py for tasks to queue
[2026-03-12T00:59:31.904+0000] {logging_mixin.py:190} INFO - [2026-03-12T00:59:31.904+0000] {dagbag.py:588} INFO - Filling up the DagBag from /home/ec2-user/environment/lab4_model_training/venv/lib64/python3.12/site-packages/airflow/example_dags/tutorial_taskflow_api.py
[2026-03-12T00:59:31.914+0000] {processor.py:925} INFO - DAG(s) 'tutorial_taskflow_api' retrieved from /home/ec2-user/environment/lab4_model_training/venv/lib64/python3.12/site-packages/airflow/example_dags/tutorial_taskflow_api.py
[2026-03-12T00:59:31.934+0000] {logging_mixin.py:190} INFO - [2026-03-12T00:59:31.933+0000] {dag.py:3239} INFO - Sync 1 DAGs
[2026-03-12T00:59:31.951+0000] {logging_mixin.py:190} INFO - [2026-03-12T00:59:31.951+0000] {dag.py:4180} INFO - Setting next_dagrun for tutorial_taskflow_api to None, run_after=None
[2026-03-12T00:59:31.975+0000] {processor.py:208} INFO - Processing /home/ec2-user/environment/lab4_model_training/venv/lib64/python3.12/site-packages/airflow/example_dags/tutorial_taskflow_api.py took 0.081 seconds
[2026-03-12T01:00:38.242+0000] {processor.py:186} INFO - Started process (PID=13449) to work on /home/ec2-user/environment/lab4_model_training/venv/lib64/python3.12/site-packages/airflow/example_dags/tutorial_taskflow_api.py
[2026-03-12T01:00:38.243+0000] {processor.py:914} INFO - Processing file /home/ec2-user/environment/lab4_model_training/venv/lib64/python3.12/site-packages/airflow/example_dags/tutorial_taskflow_api.py for tasks to queue
[2026-03-12T01:00:38.247+0000] {logging_mixin.py:190} INFO - [2026-03-12T01:00:38.246+0000] {dagbag.py:588} INFO - Filling up the DagBag from /home/ec2-user/environment/lab4_model_training/venv/lib64/python3.12/site-packages/airflow/example_dags/tutorial_taskflow_api.py
[2026-03-12T01:00:38.257+0000] {processor.py:925} INFO - DAG(s) 'tutorial_taskflow_api' retrieved from /home/ec2-user/environment/lab4_model_training/venv/lib64/python3.12/site-packages/airflow/example_dags/tutorial_taskflow_api.py
[2026-03-12T01:00:38.277+0000] {logging_mixin.py:190} INFO - [2026-03-12T01:00:38.277+0000] {dag.py:3239} INFO - Sync 1 DAGs
[2026-03-12T01:00:38.295+0000] {logging_mixin.py:190} INFO - [2026-03-12T01:00:38.295+0000] {dag.py:4180} INFO - Setting next_dagrun for tutorial_taskflow_api to None, run_after=None
[2026-03-12T01:00:38.318+0000] {processor.py:208} INFO - Processing /home/ec2-user/environment/lab4_model_training/venv/lib64/python3.12/site-packages/airflow/example_dags/tutorial_taskflow_api.py took 0.082 seconds
[2026-03-12T01:01:41.261+0000] {processor.py:186} INFO - Started process (PID=13700) to work on /home/ec2-user/environment/lab4_model_training/venv/lib64/python3.12/site-packages/airflow/example_dags/tutorial_taskflow_api.py
[2026-03-12T01:01:41.263+0000] {processor.py:914} INFO - Processing file /home/ec2-user/environment/lab4_model_training/venv/lib64/python3.12/site-packages/airflow/example_dags/tutorial_taskflow_api.py for tasks to queue
[2026-03-12T01:01:41.265+0000] {logging_mixin.py:190} INFO - [2026-03-12T01:01:41.265+0000] {dagbag.py:588} INFO - Filling up the DagBag from /home/ec2-user/environment/lab4_model_training/venv/lib64/python3.12/site-packages/airflow/example_dags/tutorial_taskflow_api.py
[2026-03-12T01:01:41.274+0000] {processor.py:925} INFO - DAG(s) 'tutorial_taskflow_api' retrieved from /home/ec2-user/environment/lab4_model_training/venv/lib64/python3.12/site-packages/airflow/example_dags/tutorial_taskflow_api.py
[2026-03-12T01:01:41.292+0000] {logging_mixin.py:190} INFO - [2026-03-12T01:01:41.292+0000] {dag.py:3239} INFO - Sync 1 DAGs
[2026-03-12T01:01:41.316+0000] {logging_mixin.py:190} INFO - [2026-03-12T01:01:41.316+0000] {dag.py:4180} INFO - Setting next_dagrun for tutorial_taskflow_api to None, run_after=None
[2026-03-12T01:01:41.339+0000] {processor.py:208} INFO - Processing /home/ec2-user/environment/lab4_model_training/venv/lib64/python3.12/site-packages/airflow/example_dags/tutorial_taskflow_api.py took 0.083 seconds
[2026-03-12T01:02:46.517+0000] {processor.py:186} INFO - Started process (PID=13996) to work on /home/ec2-user/environment/lab4_model_training/venv/lib64/python3.12/site-packages/airflow/example_dags/tutorial_taskflow_api.py
[2026-03-12T01:02:46.519+0000] {processor.py:914} INFO - Processing file /home/ec2-user/environment/lab4_model_training/venv/lib64/python3.12/site-packages/airflow/example_dags/tutorial_taskflow_api.py for tasks to queue
[2026-03-12T01:02:46.522+0000] {logging_mixin.py:190} INFO - [2026-03-12T01:02:46.521+0000] {dagbag.py:588} INFO - Filling up the DagBag from /home/ec2-user/environment/lab4_model_training/venv/lib64/python3.12/site-packages/airflow/example_dags/tutorial_taskflow_api.py
[2026-03-12T01:02:46.532+0000] {processor.py:925} INFO - DAG(s) 'tutorial_taskflow_api' retrieved from /home/ec2-user/environment/lab4_model_training/venv/lib64/python3.12/site-packages/airflow/example_dags/tutorial_taskflow_api.py
[2026-03-12T01:02:46.553+0000] {logging_mixin.py:190} INFO - [2026-03-12T01:02:46.552+0000] {dag.py:3239} INFO - Sync 1 DAGs
[2026-03-12T01:02:46.570+0000] {logging_mixin.py:190} INFO - [2026-03-12T01:02:46.570+0000] {dag.py:4180} INFO - Setting next_dagrun for tutorial_taskflow_api to None, run_after=None
[2026-03-12T01:02:46.593+0000] {processor.py:208} INFO - Processing /home/ec2-user/environment/lab4_model_training/venv/lib64/python3.12/site-packages/airflow/example_dags/tutorial_taskflow_api.py took 0.081 seconds
[2026-03-12T01:03:48.462+0000] {processor.py:186} INFO - Started process (PID=14231) to work on /home/ec2-user/environment/lab4_model_training/venv/lib64/python3.12/site-packages/airflow/example_dags/tutorial_taskflow_api.py
[2026-03-12T01:03:48.463+0000] {processor.py:914} INFO - Processing file /home/ec2-user/environment/lab4_model_training/venv/lib64/python3.12/site-packages/airflow/example_dags/tutorial_taskflow_api.py for tasks to queue
[2026-03-12T01:03:48.466+0000] {logging_mixin.py:190} INFO - [2026-03-12T01:03:48.466+0000] {dagbag.py:588} INFO - Filling up the DagBag from /home/ec2-user/environment/lab4_model_training/venv/lib64/python3.12/site-packages/airflow/example_dags/tutorial_taskflow_api.py
[2026-03-12T01:03:48.476+0000] {processor.py:925} INFO - DAG(s) 'tutorial_taskflow_api' retrieved from /home/ec2-user/environment/lab4_model_training/venv/lib64/python3.12/site-packages/airflow/example_dags/tutorial_taskflow_api.py
[2026-03-12T01:03:48.495+0000] {logging_mixin.py:190} INFO - [2026-03-12T01:03:48.494+0000] {dag.py:3239} INFO - Sync 1 DAGs
[2026-03-12T01:03:48.512+0000] {logging_mixin.py:190} INFO - [2026-03-12T01:03:48.511+0000] {dag.py:4180} INFO - Setting next_dagrun for tutorial_taskflow_api to None, run_after=None
[2026-03-12T01:03:48.535+0000] {processor.py:208} INFO - Processing /home/ec2-user/environment/lab4_model_training/venv/lib64/python3.12/site-packages/airflow/example_dags/tutorial_taskflow_api.py took 0.079 seconds
[2026-03-12T01:05:00.191+0000] {processor.py:186} INFO - Started process (PID=14556) to work on /home/ec2-user/environment/lab4_model_training/venv/lib64/python3.12/site-packages/airflow/example_dags/tutorial_taskflow_api.py
[2026-03-12T01:05:00.192+0000] {processor.py:914} INFO - Processing file /home/ec2-user/environment/lab4_model_training/venv/lib64/python3.12/site-packages/airflow/example_dags/tutorial_taskflow_api.py for tasks to queue
[2026-03-12T01:05:00.195+0000] {logging_mixin.py:190} INFO - [2026-03-12T01:05:00.195+0000] {dagbag.py:588} INFO - Filling up the DagBag from /home/ec2-user/environment/lab4_model_training/venv/lib64/python3.12/site-packages/airflow/example_dags/tutorial_taskflow_api.py
[2026-03-12T01:05:00.205+0000] {processor.py:925} INFO - DAG(s) 'tutorial_taskflow_api' retrieved from /home/ec2-user/environment/lab4_model_training/venv/lib64/python3.12/site-packages/airflow/example_dags/tutorial_taskflow_api.py
[2026-03-12T01:05:00.223+0000] {logging_mixin.py:190} INFO - [2026-03-12T01:05:00.223+0000] {dag.py:3239} INFO - Sync 1 DAGs
[2026-03-12T01:05:00.240+0000] {logging_mixin.py:190} INFO - [2026-03-12T01:05:00.239+0000] {dag.py:4180} INFO - Setting next_dagrun for tutorial_taskflow_api to None, run_after=None
[2026-03-12T01:05:00.262+0000] {processor.py:208} INFO - Processing /home/ec2-user/environment/lab4_model_training/venv/lib64/python3.12/site-packages/airflow/example_dags/tutorial_taskflow_api.py took 0.076 seconds
[2026-03-12T01:05:58.808+0000] {processor.py:186} INFO - Started process (PID=14787) to work on /home/ec2-user/environment/lab4_model_training/venv/lib64/python3.12/site-packages/airflow/example_dags/tutorial_taskflow_api.py
[2026-03-12T01:05:58.810+0000] {processor.py:914} INFO - Processing file /home/ec2-user/environment/lab4_model_training/venv/lib64/python3.12/site-packages/airflow/example_dags/tutorial_taskflow_api.py for tasks to queue
[2026-03-12T01:05:58.813+0000] {logging_mixin.py:190} INFO - [2026-03-12T01:05:58.813+0000] {dagbag.py:588} INFO - Filling up the DagBag from /home/ec2-user/environment/lab4_model_training/venv/lib64/python3.12/site-packages/airflow/example_dags/tutorial_taskflow_api.py
[2026-03-12T01:05:58.823+0000] {processor.py:925} INFO - DAG(s) 'tutorial_taskflow_api' retrieved from /home/ec2-user/environment/lab4_model_training/venv/lib64/python3.12/site-packages/airflow/example_dags/tutorial_taskflow_api.py
[2026-03-12T01:05:58.843+0000] {logging_mixin.py:190} INFO - [2026-03-12T01:05:58.843+0000] {dag.py:3239} INFO - Sync 1 DAGs
[2026-03-12T01:05:58.858+0000] {logging_mixin.py:190} INFO - [2026-03-12T01:05:58.858+0000] {dag.py:4180} INFO - Setting next_dagrun for tutorial_taskflow_api to None, run_after=None
[2026-03-12T01:05:58.882+0000] {processor.py:208} INFO - Processing /home/ec2-user/environment/lab4_model_training/venv/lib64/python3.12/site-packages/airflow/example_dags/tutorial_taskflow_api.py took 0.079 seconds
[2026-03-12T01:06:58.551+0000] {processor.py:186} INFO - Started process (PID=15082) to work on /home/ec2-user/environment/lab4_model_training/venv/lib64/python3.12/site-packages/airflow/example_dags/tutorial_taskflow_api.py
[2026-03-12T01:06:58.553+0000] {processor.py:914} INFO - Processing file /home/ec2-user/environment/lab4_model_training/venv/lib64/python3.12/site-packages/airflow/example_dags/tutorial_taskflow_api.py for tasks to queue
[2026-03-12T01:06:58.555+0000] {logging_mixin.py:190} INFO - [2026-03-12T01:06:58.555+0000] {dagbag.py:588} INFO - Filling up the DagBag from /home/ec2-user/environment/lab4_model_training/venv/lib64/python3.12/site-packages/airflow/example_dags/tutorial_taskflow_api.py
[2026-03-12T01:06:58.564+0000] {processor.py:925} INFO - DAG(s) 'tutorial_taskflow_api' retrieved from /home/ec2-user/environment/lab4_model_training/venv/lib64/python3.12/site-packages/airflow/example_dags/tutorial_taskflow_api.py
[2026-03-12T01:06:58.581+0000] {logging_mixin.py:190} INFO - [2026-03-12T01:06:58.581+0000] {dag.py:3239} INFO - Sync 1 DAGs
[2026-03-12T01:06:58.597+0000] {logging_mixin.py:190} INFO - [2026-03-12T01:06:58.596+0000] {dag.py:4180} INFO - Setting next_dagrun for tutorial_taskflow_api to None, run_after=None
[2026-03-12T01:06:58.619+0000] {processor.py:208} INFO - Processing /home/ec2-user/environment/lab4_model_training/venv/lib64/python3.12/site-packages/airflow/example_dags/tutorial_taskflow_api.py took 0.073 seconds
[2026-03-12T01:07:59.343+0000] {processor.py:186} INFO - Started process (PID=15363) to work on /home/ec2-user/environment/lab4_model_training/venv/lib64/python3.12/site-packages/airflow/example_dags/tutorial_taskflow_api.py
[2026-03-12T01:07:59.344+0000] {processor.py:914} INFO - Processing file /home/ec2-user/environment/lab4_model_training/venv/lib64/python3.12/site-packages/airflow/example_dags/tutorial_taskflow_api.py for tasks to queue
[2026-03-12T01:07:59.347+0000] {logging_mixin.py:190} INFO - [2026-03-12T01:07:59.347+0000] {dagbag.py:588} INFO - Filling up the DagBag from /home/ec2-user/environment/lab4_model_training/venv/lib64/python3.12/site-packages/airflow/example_dags/tutorial_taskflow_api.py
[2026-03-12T01:07:59.358+0000] {processor.py:925} INFO - DAG(s) 'tutorial_taskflow_api' retrieved from /home/ec2-user/environment/lab4_model_training/venv/lib64/python3.12/site-packages/airflow/example_dags/tutorial_taskflow_api.py
[2026-03-12T01:07:59.377+0000] {logging_mixin.py:190} INFO - [2026-03-12T01:07:59.377+0000] {dag.py:3239} INFO - Sync 1 DAGs
[2026-03-12T01:07:59.396+0000] {logging_mixin.py:190} INFO - [2026-03-12T01:07:59.396+0000] {dag.py:4180} INFO - Setting next_dagrun for tutorial_taskflow_api to None, run_after=None
[2026-03-12T01:07:59.420+0000] {processor.py:208} INFO - Processing /home/ec2-user/environment/lab4_model_training/venv/lib64/python3.12/site-packages/airflow/example_dags/tutorial_taskflow_api.py took 0.083 seconds
[2026-03-12T01:09:02.932+0000] {processor.py:186} INFO - Started process (PID=15611) to work on /home/ec2-user/environment/lab4_model_training/venv/lib64/python3.12/site-packages/airflow/example_dags/tutorial_taskflow_api.py
[2026-03-12T01:09:02.933+0000] {processor.py:914} INFO - Processing file /home/ec2-user/environment/lab4_model_training/venv/lib64/python3.12/site-packages/airflow/example_dags/tutorial_taskflow_api.py for tasks to queue
[2026-03-12T01:09:02.935+0000] {logging_mixin.py:190} INFO - [2026-03-12T01:09:02.935+0000] {dagbag.py:588} INFO - Filling up the DagBag from /home/ec2-user/environment/lab4_model_training/venv/lib64/python3.12/site-packages/airflow/example_dags/tutorial_taskflow_api.py
[2026-03-12T01:09:02.945+0000] {processor.py:925} INFO - DAG(s) 'tutorial_taskflow_api' retrieved from /home/ec2-user/environment/lab4_model_training/venv/lib64/python3.12/site-packages/airflow/example_dags/tutorial_taskflow_api.py
[2026-03-12T01:09:02.963+0000] {logging_mixin.py:190} INFO - [2026-03-12T01:09:02.963+0000] {dag.py:3239} INFO - Sync 1 DAGs
[2026-03-12T01:09:02.980+0000] {logging_mixin.py:190} INFO - [2026-03-12T01:09:02.980+0000] {dag.py:4180} INFO - Setting next_dagrun for tutorial_taskflow_api to None, run_after=None
[2026-03-12T01:09:03.007+0000] {processor.py:208} INFO - Processing /home/ec2-user/environment/lab4_model_training/venv/lib64/python3.12/site-packages/airflow/example_dags/tutorial_taskflow_api.py took 0.081 seconds
[2026-03-12T01:10:03.758+0000] {processor.py:186} INFO - Started process (PID=15899) to work on /home/ec2-user/environment/lab4_model_training/venv/lib64/python3.12/site-packages/airflow/example_dags/tutorial_taskflow_api.py
[2026-03-12T01:10:03.759+0000] {processor.py:914} INFO - Processing file /home/ec2-user/environment/lab4_model_training/venv/lib64/python3.12/site-packages/airflow/example_dags/tutorial_taskflow_api.py for tasks to queue
[2026-03-12T01:10:03.762+0000] {logging_mixin.py:190} INFO - [2026-03-12T01:10:03.761+0000] {dagbag.py:588} INFO - Filling up the DagBag from /home/ec2-user/environment/lab4_model_training/venv/lib64/python3.12/site-packages/airflow/example_dags/tutorial_taskflow_api.py
[2026-03-12T01:10:03.771+0000] {processor.py:925} INFO - DAG(s) 'tutorial_taskflow_api' retrieved from /home/ec2-user/environment/lab4_model_training/venv/lib64/python3.12/site-packages/airflow/example_dags/tutorial_taskflow_api.py
[2026-03-12T01:10:03.790+0000] {logging_mixin.py:190} INFO - [2026-03-12T01:10:03.789+0000] {dag.py:3239} INFO - Sync 1 DAGs
[2026-03-12T01:10:03.806+0000] {logging_mixin.py:190} INFO - [2026-03-12T01:10:03.805+0000] {dag.py:4180} INFO - Setting next_dagrun for tutorial_taskflow_api to None, run_after=None
[2026-03-12T01:10:03.833+0000] {processor.py:208} INFO - Processing /home/ec2-user/environment/lab4_model_training/venv/lib64/python3.12/site-packages/airflow/example_dags/tutorial_taskflow_api.py took 0.081 seconds
[2026-03-12T01:11:11.362+0000] {processor.py:186} INFO - Started process (PID=16208) to work on /home/ec2-user/environment/lab4_model_training/venv/lib64/python3.12/site-packages/airflow/example_dags/tutorial_taskflow_api.py
[2026-03-12T01:11:11.363+0000] {processor.py:914} INFO - Processing file /home/ec2-user/environment/lab4_model_training/venv/lib64/python3.12/site-packages/airflow/example_dags/tutorial_taskflow_api.py for tasks to queue
[2026-03-12T01:11:11.365+0000] {logging_mixin.py:190} INFO - [2026-03-12T01:11:11.365+0000] {dagbag.py:588} INFO - Filling up the DagBag from /home/ec2-user/environment/lab4_model_training/venv/lib64/python3.12/site-packages/airflow/example_dags/tutorial_taskflow_api.py
[2026-03-12T01:11:11.375+0000] {processor.py:925} INFO - DAG(s) 'tutorial_taskflow_api' retrieved from /home/ec2-user/environment/lab4_model_training/venv/lib64/python3.12/site-packages/airflow/example_dags/tutorial_taskflow_api.py
[2026-03-12T01:11:11.393+0000] {logging_mixin.py:190} INFO - [2026-03-12T01:11:11.392+0000] {dag.py:3239} INFO - Sync 1 DAGs
[2026-03-12T01:11:11.408+0000] {logging_mixin.py:190} INFO - [2026-03-12T01:11:11.408+0000] {dag.py:4180} INFO - Setting next_dagrun for tutorial_taskflow_api to None, run_after=None
[2026-03-12T01:11:11.430+0000] {processor.py:208} INFO - Processing /home/ec2-user/environment/lab4_model_training/venv/lib64/python3.12/site-packages/airflow/example_dags/tutorial_taskflow_api.py took 0.074 seconds
[2026-03-12T01:12:16.324+0000] {processor.py:186} INFO - Started process (PID=16462) to work on /home/ec2-user/environment/lab4_model_training/venv/lib64/python3.12/site-packages/airflow/example_dags/tutorial_taskflow_api.py
[2026-03-12T01:12:16.325+0000] {processor.py:914} INFO - Processing file /home/ec2-user/environment/lab4_model_training/venv/lib64/python3.12/site-packages/airflow/example_dags/tutorial_taskflow_api.py for tasks to queue
[2026-03-12T01:12:16.328+0000] {logging_mixin.py:190} INFO - [2026-03-12T01:12:16.327+0000] {dagbag.py:588} INFO - Filling up the DagBag from /home/ec2-user/environment/lab4_model_training/venv/lib64/python3.12/site-packages/airflow/example_dags/tutorial_taskflow_api.py
[2026-03-12T01:12:16.337+0000] {processor.py:925} INFO - DAG(s) 'tutorial_taskflow_api' retrieved from /home/ec2-user/environment/lab4_model_training/venv/lib64/python3.12/site-packages/airflow/example_dags/tutorial_taskflow_api.py
[2026-03-12T01:12:16.356+0000] {logging_mixin.py:190} INFO - [2026-03-12T01:12:16.355+0000] {dag.py:3239} INFO - Sync 1 DAGs
[2026-03-12T01:12:16.372+0000] {logging_mixin.py:190} INFO - [2026-03-12T01:12:16.372+0000] {dag.py:4180} INFO - Setting next_dagrun for tutorial_taskflow_api to None, run_after=None
[2026-03-12T01:12:16.407+0000] {processor.py:208} INFO - Processing /home/ec2-user/environment/lab4_model_training/venv/lib64/python3.12/site-packages/airflow/example_dags/tutorial_taskflow_api.py took 0.088 seconds
[2026-03-12T01:13:19.604+0000] {processor.py:186} INFO - Started process (PID=16751) to work on /home/ec2-user/environment/lab4_model_training/venv/lib64/python3.12/site-packages/airflow/example_dags/tutorial_taskflow_api.py
[2026-03-12T01:13:19.605+0000] {processor.py:914} INFO - Processing file /home/ec2-user/environment/lab4_model_training/venv/lib64/python3.12/site-packages/airflow/example_dags/tutorial_taskflow_api.py for tasks to queue
[2026-03-12T01:13:19.609+0000] {logging_mixin.py:190} INFO - [2026-03-12T01:13:19.608+0000] {dagbag.py:588} INFO - Filling up the DagBag from /home/ec2-user/environment/lab4_model_training/venv/lib64/python3.12/site-packages/airflow/example_dags/tutorial_taskflow_api.py
[2026-03-12T01:13:19.619+0000] {processor.py:925} INFO - DAG(s) 'tutorial_taskflow_api' retrieved from /home/ec2-user/environment/lab4_model_training/venv/lib64/python3.12/site-packages/airflow/example_dags/tutorial_taskflow_api.py
[2026-03-12T01:13:19.638+0000] {logging_mixin.py:190} INFO - [2026-03-12T01:13:19.638+0000] {dag.py:3239} INFO - Sync 1 DAGs
[2026-03-12T01:13:19.658+0000] {logging_mixin.py:190} INFO - [2026-03-12T01:13:19.657+0000] {dag.py:4180} INFO - Setting next_dagrun for tutorial_taskflow_api to None, run_after=None
[2026-03-12T01:13:19.681+0000] {processor.py:208} INFO - Processing /home/ec2-user/environment/lab4_model_training/venv/lib64/python3.12/site-packages/airflow/example_dags/tutorial_taskflow_api.py took 0.083 seconds
[2026-03-12T01:14:23.415+0000] {processor.py:186} INFO - Started process (PID=17062) to work on /home/ec2-user/environment/lab4_model_training/venv/lib64/python3.12/site-packages/airflow/example_dags/tutorial_taskflow_api.py
[2026-03-12T01:14:23.416+0000] {processor.py:914} INFO - Processing file /home/ec2-user/environment/lab4_model_training/venv/lib64/python3.12/site-packages/airflow/example_dags/tutorial_taskflow_api.py for tasks to queue
[2026-03-12T01:14:23.420+0000] {logging_mixin.py:190} INFO - [2026-03-12T01:14:23.419+0000] {dagbag.py:588} INFO - Filling up the DagBag from /home/ec2-user/environment/lab4_model_training/venv/lib64/python3.12/site-packages/airflow/example_dags/tutorial_taskflow_api.py
[2026-03-12T01:14:23.431+0000] {processor.py:925} INFO - DAG(s) 'tutorial_taskflow_api' retrieved from /home/ec2-user/environment/lab4_model_training/venv/lib64/python3.12/site-packages/airflow/example_dags/tutorial_taskflow_api.py
[2026-03-12T01:14:23.450+0000] {logging_mixin.py:190} INFO - [2026-03-12T01:14:23.450+0000] {dag.py:3239} INFO - Sync 1 DAGs
[2026-03-12T01:14:23.465+0000] {logging_mixin.py:190} INFO - [2026-03-12T01:14:23.465+0000] {dag.py:4180} INFO - Setting next_dagrun for tutorial_taskflow_api to None, run_after=None
[2026-03-12T01:14:23.489+0000] {processor.py:208} INFO - Processing /home/ec2-user/environment/lab4_model_training/venv/lib64/python3.12/site-packages/airflow/example_dags/tutorial_taskflow_api.py took 0.079 seconds
[2026-03-12T01:15:25.920+0000] {processor.py:186} INFO - Started process (PID=17362) to work on /home/ec2-user/environment/lab4_model_training/venv/lib64/python3.12/site-packages/airflow/example_dags/tutorial_taskflow_api.py
[2026-03-12T01:15:25.922+0000] {processor.py:914} INFO - Processing file /home/ec2-user/environment/lab4_model_training/venv/lib64/python3.12/site-packages/airflow/example_dags/tutorial_taskflow_api.py for tasks to queue
[2026-03-12T01:15:25.924+0000] {logging_mixin.py:190} INFO - [2026-03-12T01:15:25.924+0000] {dagbag.py:588} INFO - Filling up the DagBag from /home/ec2-user/environment/lab4_model_training/venv/lib64/python3.12/site-packages/airflow/example_dags/tutorial_taskflow_api.py
[2026-03-12T01:15:25.933+0000] {processor.py:925} INFO - DAG(s) 'tutorial_taskflow_api' retrieved from /home/ec2-user/environment/lab4_model_training/venv/lib64/python3.12/site-packages/airflow/example_dags/tutorial_taskflow_api.py
[2026-03-12T01:15:25.951+0000] {logging_mixin.py:190} INFO - [2026-03-12T01:15:25.951+0000] {dag.py:3239} INFO - Sync 1 DAGs
[2026-03-12T01:15:25.967+0000] {logging_mixin.py:190} INFO - [2026-03-12T01:15:25.966+0000] {dag.py:4180} INFO - Setting next_dagrun for tutorial_taskflow_api to None, run_after=None
[2026-03-12T01:15:25.991+0000] {processor.py:208} INFO - Processing /home/ec2-user/environment/lab4_model_training/venv/lib64/python3.12/site-packages/airflow/example_dags/tutorial_taskflow_api.py took 0.076 seconds
[2026-03-12T01:16:26.709+0000] {processor.py:186} INFO - Started process (PID=17648) to work on /home/ec2-user/environment/lab4_model_training/venv/lib64/python3.12/site-packages/airflow/example_dags/tutorial_taskflow_api.py
[2026-03-12T01:16:26.711+0000] {processor.py:914} INFO - Processing file /home/ec2-user/environment/lab4_model_training/venv/lib64/python3.12/site-packages/airflow/example_dags/tutorial_taskflow_api.py for tasks to queue
[2026-03-12T01:16:26.714+0000] {logging_mixin.py:190} INFO - [2026-03-12T01:16:26.714+0000] {dagbag.py:588} INFO - Filling up the DagBag from /home/ec2-user/environment/lab4_model_training/venv/lib64/python3.12/site-packages/airflow/example_dags/tutorial_taskflow_api.py
[2026-03-12T01:16:26.724+0000] {processor.py:925} INFO - DAG(s) 'tutorial_taskflow_api' retrieved from /home/ec2-user/environment/lab4_model_training/venv/lib64/python3.12/site-packages/airflow/example_dags/tutorial_taskflow_api.py
[2026-03-12T01:16:26.743+0000] {logging_mixin.py:190} INFO - [2026-03-12T01:16:26.743+0000] {dag.py:3239} INFO - Sync 1 DAGs
[2026-03-12T01:16:26.762+0000] {logging_mixin.py:190} INFO - [2026-03-12T01:16:26.761+0000] {dag.py:4180} INFO - Setting next_dagrun for tutorial_taskflow_api to None, run_after=None
[2026-03-12T01:16:26.786+0000] {processor.py:208} INFO - Processing /home/ec2-user/environment/lab4_model_training/venv/lib64/python3.12/site-packages/airflow/example_dags/tutorial_taskflow_api.py took 0.082 seconds
[2026-03-12T01:17:42.463+0000] {processor.py:186} INFO - Started process (PID=17979) to work on /home/ec2-user/environment/lab4_model_training/venv/lib64/python3.12/site-packages/airflow/example_dags/tutorial_taskflow_api.py
[2026-03-12T01:17:42.464+0000] {processor.py:914} INFO - Processing file /home/ec2-user/environment/lab4_model_training/venv/lib64/python3.12/site-packages/airflow/example_dags/tutorial_taskflow_api.py for tasks to queue
[2026-03-12T01:17:42.467+0000] {logging_mixin.py:190} INFO - [2026-03-12T01:17:42.467+0000] {dagbag.py:588} INFO - Filling up the DagBag from /home/ec2-user/environment/lab4_model_training/venv/lib64/python3.12/site-packages/airflow/example_dags/tutorial_taskflow_api.py
[2026-03-12T01:17:42.477+0000] {processor.py:925} INFO - DAG(s) 'tutorial_taskflow_api' retrieved from /home/ec2-user/environment/lab4_model_training/venv/lib64/python3.12/site-packages/airflow/example_dags/tutorial_taskflow_api.py
[2026-03-12T01:17:42.497+0000] {logging_mixin.py:190} INFO - [2026-03-12T01:17:42.497+0000] {dag.py:3239} INFO - Sync 1 DAGs
[2026-03-12T01:17:42.514+0000] {logging_mixin.py:190} INFO - [2026-03-12T01:17:42.514+0000] {dag.py:4180} INFO - Setting next_dagrun for tutorial_taskflow_api to None, run_after=None
[2026-03-12T01:17:42.540+0000] {processor.py:208} INFO - Processing /home/ec2-user/environment/lab4_model_training/venv/lib64/python3.12/site-packages/airflow/example_dags/tutorial_taskflow_api.py took 0.082 seconds
[2026-03-12T01:18:42.486+0000] {processor.py:186} INFO - Started process (PID=18264) to work on /home/ec2-user/environment/lab4_model_training/venv/lib64/python3.12/site-packages/airflow/example_dags/tutorial_taskflow_api.py
[2026-03-12T01:18:42.487+0000] {processor.py:914} INFO - Processing file /home/ec2-user/environment/lab4_model_training/venv/lib64/python3.12/site-packages/airflow/example_dags/tutorial_taskflow_api.py for tasks to queue
[2026-03-12T01:18:42.490+0000] {logging_mixin.py:190} INFO - [2026-03-12T01:18:42.490+0000] {dagbag.py:588} INFO - Filling up the DagBag from /home/ec2-user/environment/lab4_model_training/venv/lib64/python3.12/site-packages/airflow/example_dags/tutorial_taskflow_api.py
[2026-03-12T01:18:42.502+0000] {processor.py:925} INFO - DAG(s) 'tutorial_taskflow_api' retrieved from /home/ec2-user/environment/lab4_model_training/venv/lib64/python3.12/site-packages/airflow/example_dags/tutorial_taskflow_api.py
[2026-03-12T01:18:42.521+0000] {logging_mixin.py:190} INFO - [2026-03-12T01:18:42.520+0000] {dag.py:3239} INFO - Sync 1 DAGs
[2026-03-12T01:18:42.540+0000] {logging_mixin.py:190} INFO - [2026-03-12T01:18:42.539+0000] {dag.py:4180} INFO - Setting next_dagrun for tutorial_taskflow_api to None, run_after=None
[2026-03-12T01:18:42.563+0000] {processor.py:208} INFO - Processing /home/ec2-user/environment/lab4_model_training/venv/lib64/python3.12/site-packages/airflow/example_dags/tutorial_taskflow_api.py took 0.083 seconds
[2026-03-12T01:19:55.758+0000] {processor.py:186} INFO - Started process (PID=18531) to work on /home/ec2-user/environment/lab4_model_training/venv/lib64/python3.12/site-packages/airflow/example_dags/tutorial_taskflow_api.py
[2026-03-12T01:19:55.759+0000] {processor.py:914} INFO - Processing file /home/ec2-user/environment/lab4_model_training/venv/lib64/python3.12/site-packages/airflow/example_dags/tutorial_taskflow_api.py for tasks to queue
[2026-03-12T01:19:55.761+0000] {logging_mixin.py:190} INFO - [2026-03-12T01:19:55.761+0000] {dagbag.py:588} INFO - Filling up the DagBag from /home/ec2-user/environment/lab4_model_training/venv/lib64/python3.12/site-packages/airflow/example_dags/tutorial_taskflow_api.py
[2026-03-12T01:19:55.771+0000] {processor.py:925} INFO - DAG(s) 'tutorial_taskflow_api' retrieved from /home/ec2-user/environment/lab4_model_training/venv/lib64/python3.12/site-packages/airflow/example_dags/tutorial_taskflow_api.py
[2026-03-12T01:19:55.788+0000] {logging_mixin.py:190} INFO - [2026-03-12T01:19:55.788+0000] {dag.py:3239} INFO - Sync 1 DAGs
[2026-03-12T01:19:55.804+0000] {logging_mixin.py:190} INFO - [2026-03-12T01:19:55.804+0000] {dag.py:4180} INFO - Setting next_dagrun for tutorial_taskflow_api to None, run_after=None
[2026-03-12T01:19:55.827+0000] {processor.py:208} INFO - Processing /home/ec2-user/environment/lab4_model_training/venv/lib64/python3.12/site-packages/airflow/example_dags/tutorial_taskflow_api.py took 0.074 seconds
[2026-03-12T01:20:58.850+0000] {processor.py:186} INFO - Started process (PID=18828) to work on /home/ec2-user/environment/lab4_model_training/venv/lib64/python3.12/site-packages/airflow/example_dags/tutorial_taskflow_api.py
[2026-03-12T01:20:58.851+0000] {processor.py:914} INFO - Processing file /home/ec2-user/environment/lab4_model_training/venv/lib64/python3.12/site-packages/airflow/example_dags/tutorial_taskflow_api.py for tasks to queue
[2026-03-12T01:20:58.856+0000] {logging_mixin.py:190} INFO - [2026-03-12T01:20:58.854+0000] {dagbag.py:588} INFO - Filling up the DagBag from /home/ec2-user/environment/lab4_model_training/venv/lib64/python3.12/site-packages/airflow/example_dags/tutorial_taskflow_api.py
[2026-03-12T01:20:58.873+0000] {processor.py:925} INFO - DAG(s) 'tutorial_taskflow_api' retrieved from /home/ec2-user/environment/lab4_model_training/venv/lib64/python3.12/site-packages/airflow/example_dags/tutorial_taskflow_api.py
[2026-03-12T01:20:58.890+0000] {logging_mixin.py:190} INFO - [2026-03-12T01:20:58.890+0000] {dag.py:3239} INFO - Sync 1 DAGs
[2026-03-12T01:20:58.904+0000] {logging_mixin.py:190} INFO - [2026-03-12T01:20:58.904+0000] {dag.py:4180} INFO - Setting next_dagrun for tutorial_taskflow_api to None, run_after=None
[2026-03-12T01:20:58.927+0000] {processor.py:208} INFO - Processing /home/ec2-user/environment/lab4_model_training/venv/lib64/python3.12/site-packages/airflow/example_dags/tutorial_taskflow_api.py took 0.083 seconds
[2026-03-12T01:22:05.593+0000] {processor.py:186} INFO - Started process (PID=19114) to work on /home/ec2-user/environment/lab4_model_training/venv/lib64/python3.12/site-packages/airflow/example_dags/tutorial_taskflow_api.py
[2026-03-12T01:22:05.594+0000] {processor.py:914} INFO - Processing file /home/ec2-user/environment/lab4_model_training/venv/lib64/python3.12/site-packages/airflow/example_dags/tutorial_taskflow_api.py for tasks to queue
[2026-03-12T01:22:05.597+0000] {logging_mixin.py:190} INFO - [2026-03-12T01:22:05.597+0000] {dagbag.py:588} INFO - Filling up the DagBag from /home/ec2-user/environment/lab4_model_training/venv/lib64/python3.12/site-packages/airflow/example_dags/tutorial_taskflow_api.py
[2026-03-12T01:22:05.607+0000] {processor.py:925} INFO - DAG(s) 'tutorial_taskflow_api' retrieved from /home/ec2-user/environment/lab4_model_training/venv/lib64/python3.12/site-packages/airflow/example_dags/tutorial_taskflow_api.py
[2026-03-12T01:22:05.625+0000] {logging_mixin.py:190} INFO - [2026-03-12T01:22:05.625+0000] {dag.py:3239} INFO - Sync 1 DAGs
[2026-03-12T01:22:05.642+0000] {logging_mixin.py:190} INFO - [2026-03-12T01:22:05.641+0000] {dag.py:4180} INFO - Setting next_dagrun for tutorial_taskflow_api to None, run_after=None
[2026-03-12T01:22:05.667+0000] {processor.py:208} INFO - Processing /home/ec2-user/environment/lab4_model_training/venv/lib64/python3.12/site-packages/airflow/example_dags/tutorial_taskflow_api.py took 0.079 seconds
[2026-03-12T01:23:17.583+0000] {processor.py:186} INFO - Started process (PID=19431) to work on /home/ec2-user/environment/lab4_model_training/venv/lib64/python3.12/site-packages/airflow/example_dags/tutorial_taskflow_api.py
[2026-03-12T01:23:17.585+0000] {processor.py:914} INFO - Processing file /home/ec2-user/environment/lab4_model_training/venv/lib64/python3.12/site-packages/airflow/example_dags/tutorial_taskflow_api.py for tasks to queue
[2026-03-12T01:23:17.587+0000] {logging_mixin.py:190} INFO - [2026-03-12T01:23:17.586+0000] {dagbag.py:588} INFO - Filling up the DagBag from /home/ec2-user/environment/lab4_model_training/venv/lib64/python3.12/site-packages/airflow/example_dags/tutorial_taskflow_api.py
[2026-03-12T01:23:17.596+0000] {processor.py:925} INFO - DAG(s) 'tutorial_taskflow_api' retrieved from /home/ec2-user/environment/lab4_model_training/venv/lib64/python3.12/site-packages/airflow/example_dags/tutorial_taskflow_api.py
[2026-03-12T01:23:17.619+0000] {logging_mixin.py:190} INFO - [2026-03-12T01:23:17.618+0000] {dag.py:3239} INFO - Sync 1 DAGs
[2026-03-12T01:23:17.634+0000] {logging_mixin.py:190} INFO - [2026-03-12T01:23:17.633+0000] {dag.py:4180} INFO - Setting next_dagrun for tutorial_taskflow_api to None, run_after=None
[2026-03-12T01:23:17.656+0000] {processor.py:208} INFO - Processing /home/ec2-user/environment/lab4_model_training/venv/lib64/python3.12/site-packages/airflow/example_dags/tutorial_taskflow_api.py took 0.078 seconds
[2026-03-12T01:24:30.306+0000] {processor.py:186} INFO - Started process (PID=19748) to work on /home/ec2-user/environment/lab4_model_training/venv/lib64/python3.12/site-packages/airflow/example_dags/tutorial_taskflow_api.py
[2026-03-12T01:24:30.307+0000] {processor.py:914} INFO - Processing file /home/ec2-user/environment/lab4_model_training/venv/lib64/python3.12/site-packages/airflow/example_dags/tutorial_taskflow_api.py for tasks to queue
[2026-03-12T01:24:30.310+0000] {logging_mixin.py:190} INFO - [2026-03-12T01:24:30.309+0000] {dagbag.py:588} INFO - Filling up the DagBag from /home/ec2-user/environment/lab4_model_training/venv/lib64/python3.12/site-packages/airflow/example_dags/tutorial_taskflow_api.py
[2026-03-12T01:24:30.319+0000] {processor.py:925} INFO - DAG(s) 'tutorial_taskflow_api' retrieved from /home/ec2-user/environment/lab4_model_training/venv/lib64/python3.12/site-packages/airflow/example_dags/tutorial_taskflow_api.py
[2026-03-12T01:24:30.337+0000] {logging_mixin.py:190} INFO - [2026-03-12T01:24:30.337+0000] {dag.py:3239} INFO - Sync 1 DAGs
[2026-03-12T01:24:30.353+0000] {logging_mixin.py:190} INFO - [2026-03-12T01:24:30.353+0000] {dag.py:4180} INFO - Setting next_dagrun for tutorial_taskflow_api to None, run_after=None
[2026-03-12T01:24:30.376+0000] {processor.py:208} INFO - Processing /home/ec2-user/environment/lab4_model_training/venv/lib64/python3.12/site-packages/airflow/example_dags/tutorial_taskflow_api.py took 0.076 seconds
[2026-03-12T01:25:38.605+0000] {processor.py:186} INFO - Started process (PID=20013) to work on /home/ec2-user/environment/lab4_model_training/venv/lib64/python3.12/site-packages/airflow/example_dags/tutorial_taskflow_api.py
[2026-03-12T01:25:38.606+0000] {processor.py:914} INFO - Processing file /home/ec2-user/environment/lab4_model_training/venv/lib64/python3.12/site-packages/airflow/example_dags/tutorial_taskflow_api.py for tasks to queue
[2026-03-12T01:25:38.609+0000] {logging_mixin.py:190} INFO - [2026-03-12T01:25:38.609+0000] {dagbag.py:588} INFO - Filling up the DagBag from /home/ec2-user/environment/lab4_model_training/venv/lib64/python3.12/site-packages/airflow/example_dags/tutorial_taskflow_api.py
[2026-03-12T01:25:38.619+0000] {processor.py:925} INFO - DAG(s) 'tutorial_taskflow_api' retrieved from /home/ec2-user/environment/lab4_model_training/venv/lib64/python3.12/site-packages/airflow/example_dags/tutorial_taskflow_api.py
[2026-03-12T01:25:38.638+0000] {logging_mixin.py:190} INFO - [2026-03-12T01:25:38.638+0000] {dag.py:3239} INFO - Sync 1 DAGs
[2026-03-12T01:25:38.779+0000] {logging_mixin.py:190} INFO - [2026-03-12T01:25:38.779+0000] {dag.py:4180} INFO - Setting next_dagrun for tutorial_taskflow_api to None, run_after=None
[2026-03-12T01:25:38.804+0000] {processor.py:208} INFO - Processing /home/ec2-user/environment/lab4_model_training/venv/lib64/python3.12/site-packages/airflow/example_dags/tutorial_taskflow_api.py took 0.204 seconds
[2026-03-12T01:26:47.680+0000] {processor.py:186} INFO - Started process (PID=20323) to work on /home/ec2-user/environment/lab4_model_training/venv/lib64/python3.12/site-packages/airflow/example_dags/tutorial_taskflow_api.py
[2026-03-12T01:26:47.681+0000] {processor.py:914} INFO - Processing file /home/ec2-user/environment/lab4_model_training/venv/lib64/python3.12/site-packages/airflow/example_dags/tutorial_taskflow_api.py for tasks to queue
[2026-03-12T01:26:47.684+0000] {logging_mixin.py:190} INFO - [2026-03-12T01:26:47.684+0000] {dagbag.py:588} INFO - Filling up the DagBag from /home/ec2-user/environment/lab4_model_training/venv/lib64/python3.12/site-packages/airflow/example_dags/tutorial_taskflow_api.py
[2026-03-12T01:26:47.694+0000] {processor.py:925} INFO - DAG(s) 'tutorial_taskflow_api' retrieved from /home/ec2-user/environment/lab4_model_training/venv/lib64/python3.12/site-packages/airflow/example_dags/tutorial_taskflow_api.py
[2026-03-12T01:26:47.712+0000] {logging_mixin.py:190} INFO - [2026-03-12T01:26:47.712+0000] {dag.py:3239} INFO - Sync 1 DAGs
[2026-03-12T01:26:47.728+0000] {logging_mixin.py:190} INFO - [2026-03-12T01:26:47.728+0000] {dag.py:4180} INFO - Setting next_dagrun for tutorial_taskflow_api to None, run_after=None
[2026-03-12T01:26:47.753+0000] {processor.py:208} INFO - Processing /home/ec2-user/environment/lab4_model_training/venv/lib64/python3.12/site-packages/airflow/example_dags/tutorial_taskflow_api.py took 0.078 seconds
[2026-03-12T01:27:46.783+0000] {processor.py:186} INFO - Started process (PID=20555) to work on /home/ec2-user/environment/lab4_model_training/venv/lib64/python3.12/site-packages/airflow/example_dags/tutorial_taskflow_api.py
[2026-03-12T01:27:46.785+0000] {processor.py:914} INFO - Processing file /home/ec2-user/environment/lab4_model_training/venv/lib64/python3.12/site-packages/airflow/example_dags/tutorial_taskflow_api.py for tasks to queue
[2026-03-12T01:27:46.788+0000] {logging_mixin.py:190} INFO - [2026-03-12T01:27:46.787+0000] {dagbag.py:588} INFO - Filling up the DagBag from /home/ec2-user/environment/lab4_model_training/venv/lib64/python3.12/site-packages/airflow/example_dags/tutorial_taskflow_api.py
[2026-03-12T01:27:46.797+0000] {processor.py:925} INFO - DAG(s) 'tutorial_taskflow_api' retrieved from /home/ec2-user/environment/lab4_model_training/venv/lib64/python3.12/site-packages/airflow/example_dags/tutorial_taskflow_api.py
[2026-03-12T01:27:46.816+0000] {logging_mixin.py:190} INFO - [2026-03-12T01:27:46.816+0000] {dag.py:3239} INFO - Sync 1 DAGs
[2026-03-12T01:27:46.831+0000] {logging_mixin.py:190} INFO - [2026-03-12T01:27:46.831+0000] {dag.py:4180} INFO - Setting next_dagrun for tutorial_taskflow_api to None, run_after=None
[2026-03-12T01:27:46.857+0000] {processor.py:208} INFO - Processing /home/ec2-user/environment/lab4_model_training/venv/lib64/python3.12/site-packages/airflow/example_dags/tutorial_taskflow_api.py took 0.079 seconds
[2026-03-12T01:28:47.254+0000] {processor.py:186} INFO - Started process (PID=20818) to work on /home/ec2-user/environment/lab4_model_training/venv/lib64/python3.12/site-packages/airflow/example_dags/tutorial_taskflow_api.py
[2026-03-12T01:28:47.255+0000] {processor.py:914} INFO - Processing file /home/ec2-user/environment/lab4_model_training/venv/lib64/python3.12/site-packages/airflow/example_dags/tutorial_taskflow_api.py for tasks to queue
[2026-03-12T01:28:47.257+0000] {logging_mixin.py:190} INFO - [2026-03-12T01:28:47.257+0000] {dagbag.py:588} INFO - Filling up the DagBag from /home/ec2-user/environment/lab4_model_training/venv/lib64/python3.12/site-packages/airflow/example_dags/tutorial_taskflow_api.py
[2026-03-12T01:28:47.266+0000] {processor.py:925} INFO - DAG(s) 'tutorial_taskflow_api' retrieved from /home/ec2-user/environment/lab4_model_training/venv/lib64/python3.12/site-packages/airflow/example_dags/tutorial_taskflow_api.py
[2026-03-12T01:28:47.285+0000] {logging_mixin.py:190} INFO - [2026-03-12T01:28:47.284+0000] {dag.py:3239} INFO - Sync 1 DAGs
[2026-03-12T01:28:47.301+0000] {logging_mixin.py:190} INFO - [2026-03-12T01:28:47.301+0000] {dag.py:4180} INFO - Setting next_dagrun for tutorial_taskflow_api to None, run_after=None
[2026-03-12T01:28:47.326+0000] {processor.py:208} INFO - Processing /home/ec2-user/environment/lab4_model_training/venv/lib64/python3.12/site-packages/airflow/example_dags/tutorial_taskflow_api.py took 0.078 seconds
[2026-03-12T01:29:51.019+0000] {processor.py:186} INFO - Started process (PID=21095) to work on /home/ec2-user/environment/lab4_model_training/venv/lib64/python3.12/site-packages/airflow/example_dags/tutorial_taskflow_api.py
[2026-03-12T01:29:51.020+0000] {processor.py:914} INFO - Processing file /home/ec2-user/environment/lab4_model_training/venv/lib64/python3.12/site-packages/airflow/example_dags/tutorial_taskflow_api.py for tasks to queue
[2026-03-12T01:29:51.023+0000] {logging_mixin.py:190} INFO - [2026-03-12T01:29:51.023+0000] {dagbag.py:588} INFO - Filling up the DagBag from /home/ec2-user/environment/lab4_model_training/venv/lib64/python3.12/site-packages/airflow/example_dags/tutorial_taskflow_api.py
[2026-03-12T01:29:51.034+0000] {processor.py:925} INFO - DAG(s) 'tutorial_taskflow_api' retrieved from /home/ec2-user/environment/lab4_model_training/venv/lib64/python3.12/site-packages/airflow/example_dags/tutorial_taskflow_api.py
[2026-03-12T01:29:51.053+0000] {logging_mixin.py:190} INFO - [2026-03-12T01:29:51.053+0000] {dag.py:3239} INFO - Sync 1 DAGs
[2026-03-12T01:29:51.071+0000] {logging_mixin.py:190} INFO - [2026-03-12T01:29:51.071+0000] {dag.py:4180} INFO - Setting next_dagrun for tutorial_taskflow_api to None, run_after=None
[2026-03-12T01:29:51.097+0000] {processor.py:208} INFO - Processing /home/ec2-user/environment/lab4_model_training/venv/lib64/python3.12/site-packages/airflow/example_dags/tutorial_taskflow_api.py took 0.083 seconds
[2026-03-12T01:30:51.029+0000] {processor.py:186} INFO - Started process (PID=21468) to work on /home/ec2-user/environment/lab4_model_training/venv/lib64/python3.12/site-packages/airflow/example_dags/tutorial_taskflow_api.py
[2026-03-12T01:30:51.031+0000] {processor.py:914} INFO - Processing file /home/ec2-user/environment/lab4_model_training/venv/lib64/python3.12/site-packages/airflow/example_dags/tutorial_taskflow_api.py for tasks to queue
[2026-03-12T01:30:51.033+0000] {logging_mixin.py:190} INFO - [2026-03-12T01:30:51.032+0000] {dagbag.py:588} INFO - Filling up the DagBag from /home/ec2-user/environment/lab4_model_training/venv/lib64/python3.12/site-packages/airflow/example_dags/tutorial_taskflow_api.py
[2026-03-12T01:30:51.042+0000] {processor.py:925} INFO - DAG(s) 'tutorial_taskflow_api' retrieved from /home/ec2-user/environment/lab4_model_training/venv/lib64/python3.12/site-packages/airflow/example_dags/tutorial_taskflow_api.py
[2026-03-12T01:30:51.060+0000] {logging_mixin.py:190} INFO - [2026-03-12T01:30:51.059+0000] {dag.py:3239} INFO - Sync 1 DAGs
[2026-03-12T01:30:51.075+0000] {logging_mixin.py:190} INFO - [2026-03-12T01:30:51.075+0000] {dag.py:4180} INFO - Setting next_dagrun for tutorial_taskflow_api to None, run_after=None
[2026-03-12T01:30:51.098+0000] {processor.py:208} INFO - Processing /home/ec2-user/environment/lab4_model_training/venv/lib64/python3.12/site-packages/airflow/example_dags/tutorial_taskflow_api.py took 0.074 seconds
[2026-03-12T01:31:55.645+0000] {processor.py:186} INFO - Started process (PID=21772) to work on /home/ec2-user/environment/lab4_model_training/venv/lib64/python3.12/site-packages/airflow/example_dags/tutorial_taskflow_api.py
[2026-03-12T01:31:55.646+0000] {processor.py:914} INFO - Processing file /home/ec2-user/environment/lab4_model_training/venv/lib64/python3.12/site-packages/airflow/example_dags/tutorial_taskflow_api.py for tasks to queue
[2026-03-12T01:31:55.649+0000] {logging_mixin.py:190} INFO - [2026-03-12T01:31:55.648+0000] {dagbag.py:588} INFO - Filling up the DagBag from /home/ec2-user/environment/lab4_model_training/venv/lib64/python3.12/site-packages/airflow/example_dags/tutorial_taskflow_api.py
[2026-03-12T01:31:55.658+0000] {processor.py:925} INFO - DAG(s) 'tutorial_taskflow_api' retrieved from /home/ec2-user/environment/lab4_model_training/venv/lib64/python3.12/site-packages/airflow/example_dags/tutorial_taskflow_api.py
[2026-03-12T01:31:55.677+0000] {logging_mixin.py:190} INFO - [2026-03-12T01:31:55.676+0000] {dag.py:3239} INFO - Sync 1 DAGs
[2026-03-12T01:31:55.692+0000] {logging_mixin.py:190} INFO - [2026-03-12T01:31:55.692+0000] {dag.py:4180} INFO - Setting next_dagrun for tutorial_taskflow_api to None, run_after=None
[2026-03-12T01:31:55.715+0000] {processor.py:208} INFO - Processing /home/ec2-user/environment/lab4_model_training/venv/lib64/python3.12/site-packages/airflow/example_dags/tutorial_taskflow_api.py took 0.077 seconds
[2026-03-12T01:32:54.842+0000] {processor.py:186} INFO - Started process (PID=21993) to work on /home/ec2-user/environment/lab4_model_training/venv/lib64/python3.12/site-packages/airflow/example_dags/tutorial_taskflow_api.py
[2026-03-12T01:32:54.843+0000] {processor.py:914} INFO - Processing file /home/ec2-user/environment/lab4_model_training/venv/lib64/python3.12/site-packages/airflow/example_dags/tutorial_taskflow_api.py for tasks to queue
[2026-03-12T01:32:54.846+0000] {logging_mixin.py:190} INFO - [2026-03-12T01:32:54.846+0000] {dagbag.py:588} INFO - Filling up the DagBag from /home/ec2-user/environment/lab4_model_training/venv/lib64/python3.12/site-packages/airflow/example_dags/tutorial_taskflow_api.py
[2026-03-12T01:32:54.856+0000] {processor.py:925} INFO - DAG(s) 'tutorial_taskflow_api' retrieved from /home/ec2-user/environment/lab4_model_training/venv/lib64/python3.12/site-packages/airflow/example_dags/tutorial_taskflow_api.py
[2026-03-12T01:32:54.875+0000] {logging_mixin.py:190} INFO - [2026-03-12T01:32:54.875+0000] {dag.py:3239} INFO - Sync 1 DAGs
[2026-03-12T01:32:54.893+0000] {logging_mixin.py:190} INFO - [2026-03-12T01:32:54.892+0000] {dag.py:4180} INFO - Setting next_dagrun for tutorial_taskflow_api to None, run_after=None
[2026-03-12T01:32:54.916+0000] {processor.py:208} INFO - Processing /home/ec2-user/environment/lab4_model_training/venv/lib64/python3.12/site-packages/airflow/example_dags/tutorial_taskflow_api.py took 0.080 seconds
