[2026-03-12T00:35:48.630+0000] {processor.py:186} INFO - Started process (PID=6900) to work on /home/ec2-user/environment/lab4_model_training/venv/lib64/python3.12/site-packages/airflow/example_dags/tutorial.py
[2026-03-12T00:35:48.630+0000] {processor.py:914} INFO - Processing file /home/ec2-user/environment/lab4_model_training/venv/lib64/python3.12/site-packages/airflow/example_dags/tutorial.py for tasks to queue
[2026-03-12T00:35:48.634+0000] {logging_mixin.py:190} INFO - [2026-03-12T00:35:48.633+0000] {dagbag.py:588} INFO - Filling up the DagBag from /home/ec2-user/environment/lab4_model_training/venv/lib64/python3.12/site-packages/airflow/example_dags/tutorial.py
[2026-03-12T00:35:48.644+0000] {processor.py:925} INFO - DAG(s) 'tutorial' retrieved from /home/ec2-user/environment/lab4_model_training/venv/lib64/python3.12/site-packages/airflow/example_dags/tutorial.py
[2026-03-12T00:35:48.741+0000] {logging_mixin.py:190} INFO - [2026-03-12T00:35:48.740+0000] {override.py:1930} INFO - Created Permission View: can read on DAG:tutorial
[2026-03-12T00:35:48.755+0000] {logging_mixin.py:190} INFO - [2026-03-12T00:35:48.754+0000] {override.py:1930} INFO - Created Permission View: can delete on DAG:tutorial
[2026-03-12T00:35:48.766+0000] {logging_mixin.py:190} INFO - [2026-03-12T00:35:48.766+0000] {override.py:1930} INFO - Created Permission View: can edit on DAG:tutorial
[2026-03-12T00:35:48.783+0000] {logging_mixin.py:190} INFO - [2026-03-12T00:35:48.783+0000] {override.py:1930} INFO - Created Permission View: can read on DAG Run:tutorial
[2026-03-12T00:35:48.798+0000] {logging_mixin.py:190} INFO - [2026-03-12T00:35:48.798+0000] {override.py:1930} INFO - Created Permission View: menu access on DAG Run:tutorial
[2026-03-12T00:35:48.817+0000] {logging_mixin.py:190} INFO - [2026-03-12T00:35:48.817+0000] {override.py:1930} INFO - Created Permission View: can create on DAG Run:tutorial
[2026-03-12T00:35:48.828+0000] {logging_mixin.py:190} INFO - [2026-03-12T00:35:48.828+0000] {override.py:1930} INFO - Created Permission View: can delete on DAG Run:tutorial
[2026-03-12T00:35:48.829+0000] {logging_mixin.py:190} INFO - [2026-03-12T00:35:48.829+0000] {dag.py:3239} INFO - Sync 1 DAGs
[2026-03-12T00:35:48.847+0000] {logging_mixin.py:190} INFO - [2026-03-12T00:35:48.846+0000] {dag.py:3262} INFO - Creating ORM DAG for tutorial
[2026-03-12T00:35:48.863+0000] {logging_mixin.py:190} INFO - [2026-03-12T00:35:48.863+0000] {dag.py:4180} INFO - Setting next_dagrun for tutorial to 2026-03-11 00:00:00+00:00, run_after=2026-03-12 00:00:00+00:00
[2026-03-12T00:35:48.885+0000] {processor.py:208} INFO - Processing /home/ec2-user/environment/lab4_model_training/venv/lib64/python3.12/site-packages/airflow/example_dags/tutorial.py took 0.261 seconds
[2026-03-12T00:38:23.440+0000] {processor.py:186} INFO - Started process (PID=7525) to work on /home/ec2-user/environment/lab4_model_training/venv/lib64/python3.12/site-packages/airflow/example_dags/tutorial.py
[2026-03-12T00:38:23.442+0000] {processor.py:914} INFO - Processing file /home/ec2-user/environment/lab4_model_training/venv/lib64/python3.12/site-packages/airflow/example_dags/tutorial.py for tasks to queue
[2026-03-12T00:38:23.444+0000] {logging_mixin.py:190} INFO - [2026-03-12T00:38:23.443+0000] {dagbag.py:588} INFO - Filling up the DagBag from /home/ec2-user/environment/lab4_model_training/venv/lib64/python3.12/site-packages/airflow/example_dags/tutorial.py
[2026-03-12T00:38:23.453+0000] {processor.py:925} INFO - DAG(s) 'tutorial' retrieved from /home/ec2-user/environment/lab4_model_training/venv/lib64/python3.12/site-packages/airflow/example_dags/tutorial.py
[2026-03-12T00:38:23.472+0000] {logging_mixin.py:190} INFO - [2026-03-12T00:38:23.471+0000] {dag.py:3239} INFO - Sync 1 DAGs
[2026-03-12T00:38:23.496+0000] {logging_mixin.py:190} INFO - [2026-03-12T00:38:23.496+0000] {dag.py:4180} INFO - Setting next_dagrun for tutorial to 2026-03-11 00:00:00+00:00, run_after=2026-03-12 00:00:00+00:00
[2026-03-12T00:38:23.519+0000] {processor.py:208} INFO - Processing /home/ec2-user/environment/lab4_model_training/venv/lib64/python3.12/site-packages/airflow/example_dags/tutorial.py took 0.083 seconds
[2026-03-12T00:39:20.104+0000] {processor.py:186} INFO - Started process (PID=7764) to work on /home/ec2-user/environment/lab4_model_training/venv/lib64/python3.12/site-packages/airflow/example_dags/tutorial.py
[2026-03-12T00:39:20.105+0000] {processor.py:914} INFO - Processing file /home/ec2-user/environment/lab4_model_training/venv/lib64/python3.12/site-packages/airflow/example_dags/tutorial.py for tasks to queue
[2026-03-12T00:39:20.108+0000] {logging_mixin.py:190} INFO - [2026-03-12T00:39:20.107+0000] {dagbag.py:588} INFO - Filling up the DagBag from /home/ec2-user/environment/lab4_model_training/venv/lib64/python3.12/site-packages/airflow/example_dags/tutorial.py
[2026-03-12T00:39:20.117+0000] {processor.py:925} INFO - DAG(s) 'tutorial' retrieved from /home/ec2-user/environment/lab4_model_training/venv/lib64/python3.12/site-packages/airflow/example_dags/tutorial.py
[2026-03-12T00:39:20.136+0000] {logging_mixin.py:190} INFO - [2026-03-12T00:39:20.136+0000] {dag.py:3239} INFO - Sync 1 DAGs
[2026-03-12T00:39:20.161+0000] {logging_mixin.py:190} INFO - [2026-03-12T00:39:20.161+0000] {dag.py:4180} INFO - Setting next_dagrun for tutorial to 2026-03-11 00:00:00+00:00, run_after=2026-03-12 00:00:00+00:00
[2026-03-12T00:39:20.185+0000] {processor.py:208} INFO - Processing /home/ec2-user/environment/lab4_model_training/venv/lib64/python3.12/site-packages/airflow/example_dags/tutorial.py took 0.086 seconds
[2026-03-12T00:40:25.547+0000] {processor.py:186} INFO - Started process (PID=8060) to work on /home/ec2-user/environment/lab4_model_training/venv/lib64/python3.12/site-packages/airflow/example_dags/tutorial.py
[2026-03-12T00:40:25.548+0000] {processor.py:914} INFO - Processing file /home/ec2-user/environment/lab4_model_training/venv/lib64/python3.12/site-packages/airflow/example_dags/tutorial.py for tasks to queue
[2026-03-12T00:40:25.550+0000] {logging_mixin.py:190} INFO - [2026-03-12T00:40:25.550+0000] {dagbag.py:588} INFO - Filling up the DagBag from /home/ec2-user/environment/lab4_model_training/venv/lib64/python3.12/site-packages/airflow/example_dags/tutorial.py
[2026-03-12T00:40:25.559+0000] {processor.py:925} INFO - DAG(s) 'tutorial' retrieved from /home/ec2-user/environment/lab4_model_training/venv/lib64/python3.12/site-packages/airflow/example_dags/tutorial.py
[2026-03-12T00:40:25.577+0000] {logging_mixin.py:190} INFO - [2026-03-12T00:40:25.577+0000] {dag.py:3239} INFO - Sync 1 DAGs
[2026-03-12T00:40:25.601+0000] {logging_mixin.py:190} INFO - [2026-03-12T00:40:25.601+0000] {dag.py:4180} INFO - Setting next_dagrun for tutorial to 2026-03-11 00:00:00+00:00, run_after=2026-03-12 00:00:00+00:00
[2026-03-12T00:40:25.623+0000] {processor.py:208} INFO - Processing /home/ec2-user/environment/lab4_model_training/venv/lib64/python3.12/site-packages/airflow/example_dags/tutorial.py took 0.081 seconds
[2026-03-12T00:41:26.176+0000] {processor.py:186} INFO - Started process (PID=8345) to work on /home/ec2-user/environment/lab4_model_training/venv/lib64/python3.12/site-packages/airflow/example_dags/tutorial.py
[2026-03-12T00:41:26.177+0000] {processor.py:914} INFO - Processing file /home/ec2-user/environment/lab4_model_training/venv/lib64/python3.12/site-packages/airflow/example_dags/tutorial.py for tasks to queue
[2026-03-12T00:41:26.179+0000] {logging_mixin.py:190} INFO - [2026-03-12T00:41:26.179+0000] {dagbag.py:588} INFO - Filling up the DagBag from /home/ec2-user/environment/lab4_model_training/venv/lib64/python3.12/site-packages/airflow/example_dags/tutorial.py
[2026-03-12T00:41:26.189+0000] {processor.py:925} INFO - DAG(s) 'tutorial' retrieved from /home/ec2-user/environment/lab4_model_training/venv/lib64/python3.12/site-packages/airflow/example_dags/tutorial.py
[2026-03-12T00:41:26.207+0000] {logging_mixin.py:190} INFO - [2026-03-12T00:41:26.207+0000] {dag.py:3239} INFO - Sync 1 DAGs
[2026-03-12T00:41:26.231+0000] {logging_mixin.py:190} INFO - [2026-03-12T00:41:26.231+0000] {dag.py:4180} INFO - Setting next_dagrun for tutorial to 2026-03-11 00:00:00+00:00, run_after=2026-03-12 00:00:00+00:00
[2026-03-12T00:41:26.255+0000] {processor.py:208} INFO - Processing /home/ec2-user/environment/lab4_model_training/venv/lib64/python3.12/site-packages/airflow/example_dags/tutorial.py took 0.084 seconds
[2026-03-12T00:42:28.649+0000] {processor.py:186} INFO - Started process (PID=8637) to work on /home/ec2-user/environment/lab4_model_training/venv/lib64/python3.12/site-packages/airflow/example_dags/tutorial.py
[2026-03-12T00:42:28.650+0000] {processor.py:914} INFO - Processing file /home/ec2-user/environment/lab4_model_training/venv/lib64/python3.12/site-packages/airflow/example_dags/tutorial.py for tasks to queue
[2026-03-12T00:42:28.652+0000] {logging_mixin.py:190} INFO - [2026-03-12T00:42:28.652+0000] {dagbag.py:588} INFO - Filling up the DagBag from /home/ec2-user/environment/lab4_model_training/venv/lib64/python3.12/site-packages/airflow/example_dags/tutorial.py
[2026-03-12T00:42:28.662+0000] {processor.py:925} INFO - DAG(s) 'tutorial' retrieved from /home/ec2-user/environment/lab4_model_training/venv/lib64/python3.12/site-packages/airflow/example_dags/tutorial.py
[2026-03-12T00:42:28.680+0000] {logging_mixin.py:190} INFO - [2026-03-12T00:42:28.680+0000] {dag.py:3239} INFO - Sync 1 DAGs
[2026-03-12T00:42:28.704+0000] {logging_mixin.py:190} INFO - [2026-03-12T00:42:28.704+0000] {dag.py:4180} INFO - Setting next_dagrun for tutorial to 2026-03-11 00:00:00+00:00, run_after=2026-03-12 00:00:00+00:00
[2026-03-12T00:42:28.727+0000] {processor.py:208} INFO - Processing /home/ec2-user/environment/lab4_model_training/venv/lib64/python3.12/site-packages/airflow/example_dags/tutorial.py took 0.082 seconds
[2026-03-12T00:43:28.339+0000] {processor.py:186} INFO - Started process (PID=8872) to work on /home/ec2-user/environment/lab4_model_training/venv/lib64/python3.12/site-packages/airflow/example_dags/tutorial.py
[2026-03-12T00:43:28.340+0000] {processor.py:914} INFO - Processing file /home/ec2-user/environment/lab4_model_training/venv/lib64/python3.12/site-packages/airflow/example_dags/tutorial.py for tasks to queue
[2026-03-12T00:43:28.342+0000] {logging_mixin.py:190} INFO - [2026-03-12T00:43:28.341+0000] {dagbag.py:588} INFO - Filling up the DagBag from /home/ec2-user/environment/lab4_model_training/venv/lib64/python3.12/site-packages/airflow/example_dags/tutorial.py
[2026-03-12T00:43:28.351+0000] {processor.py:925} INFO - DAG(s) 'tutorial' retrieved from /home/ec2-user/environment/lab4_model_training/venv/lib64/python3.12/site-packages/airflow/example_dags/tutorial.py
[2026-03-12T00:43:28.369+0000] {logging_mixin.py:190} INFO - [2026-03-12T00:43:28.369+0000] {dag.py:3239} INFO - Sync 1 DAGs
[2026-03-12T00:43:28.395+0000] {logging_mixin.py:190} INFO - [2026-03-12T00:43:28.394+0000] {dag.py:4180} INFO - Setting next_dagrun for tutorial to 2026-03-11 00:00:00+00:00, run_after=2026-03-12 00:00:00+00:00
[2026-03-12T00:43:28.417+0000] {processor.py:208} INFO - Processing /home/ec2-user/environment/lab4_model_training/venv/lib64/python3.12/site-packages/airflow/example_dags/tutorial.py took 0.083 seconds
[2026-03-12T00:44:33.044+0000] {processor.py:186} INFO - Started process (PID=9199) to work on /home/ec2-user/environment/lab4_model_training/venv/lib64/python3.12/site-packages/airflow/example_dags/tutorial.py
[2026-03-12T00:44:33.045+0000] {processor.py:914} INFO - Processing file /home/ec2-user/environment/lab4_model_training/venv/lib64/python3.12/site-packages/airflow/example_dags/tutorial.py for tasks to queue
[2026-03-12T00:44:33.047+0000] {logging_mixin.py:190} INFO - [2026-03-12T00:44:33.046+0000] {dagbag.py:588} INFO - Filling up the DagBag from /home/ec2-user/environment/lab4_model_training/venv/lib64/python3.12/site-packages/airflow/example_dags/tutorial.py
[2026-03-12T00:44:33.056+0000] {processor.py:925} INFO - DAG(s) 'tutorial' retrieved from /home/ec2-user/environment/lab4_model_training/venv/lib64/python3.12/site-packages/airflow/example_dags/tutorial.py
[2026-03-12T00:44:33.075+0000] {logging_mixin.py:190} INFO - [2026-03-12T00:44:33.074+0000] {dag.py:3239} INFO - Sync 1 DAGs
[2026-03-12T00:44:33.102+0000] {logging_mixin.py:190} INFO - [2026-03-12T00:44:33.102+0000] {dag.py:4180} INFO - Setting next_dagrun for tutorial to 2026-03-11 00:00:00+00:00, run_after=2026-03-12 00:00:00+00:00
[2026-03-12T00:44:33.127+0000] {processor.py:208} INFO - Processing /home/ec2-user/environment/lab4_model_training/venv/lib64/python3.12/site-packages/airflow/example_dags/tutorial.py took 0.087 seconds
[2026-03-12T00:46:21.579+0000] {processor.py:186} INFO - Started process (PID=9671) to work on /home/ec2-user/environment/lab4_model_training/venv/lib64/python3.12/site-packages/airflow/example_dags/tutorial.py
[2026-03-12T00:46:21.580+0000] {processor.py:914} INFO - Processing file /home/ec2-user/environment/lab4_model_training/venv/lib64/python3.12/site-packages/airflow/example_dags/tutorial.py for tasks to queue
[2026-03-12T00:46:21.582+0000] {logging_mixin.py:190} INFO - [2026-03-12T00:46:21.582+0000] {dagbag.py:588} INFO - Filling up the DagBag from /home/ec2-user/environment/lab4_model_training/venv/lib64/python3.12/site-packages/airflow/example_dags/tutorial.py
[2026-03-12T00:46:21.591+0000] {processor.py:925} INFO - DAG(s) 'tutorial' retrieved from /home/ec2-user/environment/lab4_model_training/venv/lib64/python3.12/site-packages/airflow/example_dags/tutorial.py
[2026-03-12T00:46:21.609+0000] {logging_mixin.py:190} INFO - [2026-03-12T00:46:21.609+0000] {dag.py:3239} INFO - Sync 1 DAGs
[2026-03-12T00:46:21.633+0000] {logging_mixin.py:190} INFO - [2026-03-12T00:46:21.632+0000] {dag.py:4180} INFO - Setting next_dagrun for tutorial to 2026-03-11 00:00:00+00:00, run_after=2026-03-12 00:00:00+00:00
[2026-03-12T00:46:21.655+0000] {processor.py:208} INFO - Processing /home/ec2-user/environment/lab4_model_training/venv/lib64/python3.12/site-packages/airflow/example_dags/tutorial.py took 0.081 seconds
[2026-03-12T00:48:02.940+0000] {processor.py:186} INFO - Started process (PID=10122) to work on /home/ec2-user/environment/lab4_model_training/venv/lib64/python3.12/site-packages/airflow/example_dags/tutorial.py
[2026-03-12T00:48:02.941+0000] {processor.py:914} INFO - Processing file /home/ec2-user/environment/lab4_model_training/venv/lib64/python3.12/site-packages/airflow/example_dags/tutorial.py for tasks to queue
[2026-03-12T00:48:02.944+0000] {logging_mixin.py:190} INFO - [2026-03-12T00:48:02.944+0000] {dagbag.py:588} INFO - Filling up the DagBag from /home/ec2-user/environment/lab4_model_training/venv/lib64/python3.12/site-packages/airflow/example_dags/tutorial.py
[2026-03-12T00:48:02.955+0000] {processor.py:925} INFO - DAG(s) 'tutorial' retrieved from /home/ec2-user/environment/lab4_model_training/venv/lib64/python3.12/site-packages/airflow/example_dags/tutorial.py
[2026-03-12T00:48:02.977+0000] {logging_mixin.py:190} INFO - [2026-03-12T00:48:02.976+0000] {dag.py:3239} INFO - Sync 1 DAGs
[2026-03-12T00:48:03.000+0000] {logging_mixin.py:190} INFO - [2026-03-12T00:48:03.000+0000] {dag.py:4180} INFO - Setting next_dagrun for tutorial to 2026-03-11 00:00:00+00:00, run_after=2026-03-12 00:00:00+00:00
[2026-03-12T00:48:03.026+0000] {processor.py:208} INFO - Processing /home/ec2-user/environment/lab4_model_training/venv/lib64/python3.12/site-packages/airflow/example_dags/tutorial.py took 0.090 seconds
[2026-03-12T00:49:11.988+0000] {processor.py:186} INFO - Started process (PID=10399) to work on /home/ec2-user/environment/lab4_model_training/venv/lib64/python3.12/site-packages/airflow/example_dags/tutorial.py
[2026-03-12T00:49:11.989+0000] {processor.py:914} INFO - Processing file /home/ec2-user/environment/lab4_model_training/venv/lib64/python3.12/site-packages/airflow/example_dags/tutorial.py for tasks to queue
[2026-03-12T00:49:11.992+0000] {logging_mixin.py:190} INFO - [2026-03-12T00:49:11.992+0000] {dagbag.py:588} INFO - Filling up the DagBag from /home/ec2-user/environment/lab4_model_training/venv/lib64/python3.12/site-packages/airflow/example_dags/tutorial.py
[2026-03-12T00:49:12.001+0000] {processor.py:925} INFO - DAG(s) 'tutorial' retrieved from /home/ec2-user/environment/lab4_model_training/venv/lib64/python3.12/site-packages/airflow/example_dags/tutorial.py
[2026-03-12T00:49:12.019+0000] {logging_mixin.py:190} INFO - [2026-03-12T00:49:12.019+0000] {dag.py:3239} INFO - Sync 1 DAGs
[2026-03-12T00:49:12.044+0000] {logging_mixin.py:190} INFO - [2026-03-12T00:49:12.044+0000] {dag.py:4180} INFO - Setting next_dagrun for tutorial to 2026-03-11 00:00:00+00:00, run_after=2026-03-12 00:00:00+00:00
[2026-03-12T00:49:12.068+0000] {processor.py:208} INFO - Processing /home/ec2-user/environment/lab4_model_training/venv/lib64/python3.12/site-packages/airflow/example_dags/tutorial.py took 0.085 seconds
[2026-03-12T00:50:16.941+0000] {processor.py:186} INFO - Started process (PID=10724) to work on /home/ec2-user/environment/lab4_model_training/venv/lib64/python3.12/site-packages/airflow/example_dags/tutorial.py
[2026-03-12T00:50:16.942+0000] {processor.py:914} INFO - Processing file /home/ec2-user/environment/lab4_model_training/venv/lib64/python3.12/site-packages/airflow/example_dags/tutorial.py for tasks to queue
[2026-03-12T00:50:16.944+0000] {logging_mixin.py:190} INFO - [2026-03-12T00:50:16.944+0000] {dagbag.py:588} INFO - Filling up the DagBag from /home/ec2-user/environment/lab4_model_training/venv/lib64/python3.12/site-packages/airflow/example_dags/tutorial.py
[2026-03-12T00:50:16.953+0000] {processor.py:925} INFO - DAG(s) 'tutorial' retrieved from /home/ec2-user/environment/lab4_model_training/venv/lib64/python3.12/site-packages/airflow/example_dags/tutorial.py
[2026-03-12T00:50:16.981+0000] {logging_mixin.py:190} INFO - [2026-03-12T00:50:16.981+0000] {dag.py:3239} INFO - Sync 1 DAGs
[2026-03-12T00:50:17.007+0000] {logging_mixin.py:190} INFO - [2026-03-12T00:50:17.006+0000] {dag.py:4180} INFO - Setting next_dagrun for tutorial to 2026-03-11 00:00:00+00:00, run_after=2026-03-12 00:00:00+00:00
[2026-03-12T00:50:17.029+0000] {processor.py:208} INFO - Processing /home/ec2-user/environment/lab4_model_training/venv/lib64/python3.12/site-packages/airflow/example_dags/tutorial.py took 0.093 seconds
[2026-03-12T00:51:16.942+0000] {processor.py:186} INFO - Started process (PID=11011) to work on /home/ec2-user/environment/lab4_model_training/venv/lib64/python3.12/site-packages/airflow/example_dags/tutorial.py
[2026-03-12T00:51:16.944+0000] {processor.py:914} INFO - Processing file /home/ec2-user/environment/lab4_model_training/venv/lib64/python3.12/site-packages/airflow/example_dags/tutorial.py for tasks to queue
[2026-03-12T00:51:16.947+0000] {logging_mixin.py:190} INFO - [2026-03-12T00:51:16.947+0000] {dagbag.py:588} INFO - Filling up the DagBag from /home/ec2-user/environment/lab4_model_training/venv/lib64/python3.12/site-packages/airflow/example_dags/tutorial.py
[2026-03-12T00:51:16.958+0000] {processor.py:925} INFO - DAG(s) 'tutorial' retrieved from /home/ec2-user/environment/lab4_model_training/venv/lib64/python3.12/site-packages/airflow/example_dags/tutorial.py
[2026-03-12T00:51:16.980+0000] {logging_mixin.py:190} INFO - [2026-03-12T00:51:16.979+0000] {dag.py:3239} INFO - Sync 1 DAGs
[2026-03-12T00:51:17.007+0000] {logging_mixin.py:190} INFO - [2026-03-12T00:51:17.007+0000] {dag.py:4180} INFO - Setting next_dagrun for tutorial to 2026-03-11 00:00:00+00:00, run_after=2026-03-12 00:00:00+00:00
[2026-03-12T00:51:17.029+0000] {processor.py:208} INFO - Processing /home/ec2-user/environment/lab4_model_training/venv/lib64/python3.12/site-packages/airflow/example_dags/tutorial.py took 0.091 seconds
[2026-03-12T00:52:17.219+0000] {processor.py:186} INFO - Started process (PID=11274) to work on /home/ec2-user/environment/lab4_model_training/venv/lib64/python3.12/site-packages/airflow/example_dags/tutorial.py
[2026-03-12T00:52:17.220+0000] {processor.py:914} INFO - Processing file /home/ec2-user/environment/lab4_model_training/venv/lib64/python3.12/site-packages/airflow/example_dags/tutorial.py for tasks to queue
[2026-03-12T00:52:17.222+0000] {logging_mixin.py:190} INFO - [2026-03-12T00:52:17.222+0000] {dagbag.py:588} INFO - Filling up the DagBag from /home/ec2-user/environment/lab4_model_training/venv/lib64/python3.12/site-packages/airflow/example_dags/tutorial.py
[2026-03-12T00:52:17.231+0000] {processor.py:925} INFO - DAG(s) 'tutorial' retrieved from /home/ec2-user/environment/lab4_model_training/venv/lib64/python3.12/site-packages/airflow/example_dags/tutorial.py
[2026-03-12T00:52:17.265+0000] {logging_mixin.py:190} INFO - [2026-03-12T00:52:17.265+0000] {dag.py:3239} INFO - Sync 1 DAGs
[2026-03-12T00:52:17.295+0000] {logging_mixin.py:190} INFO - [2026-03-12T00:52:17.295+0000] {dag.py:4180} INFO - Setting next_dagrun for tutorial to 2026-03-11 00:00:00+00:00, run_after=2026-03-12 00:00:00+00:00
[2026-03-12T00:52:17.318+0000] {processor.py:208} INFO - Processing /home/ec2-user/environment/lab4_model_training/venv/lib64/python3.12/site-packages/airflow/example_dags/tutorial.py took 0.104 seconds
[2026-03-12T00:53:17.457+0000] {processor.py:186} INFO - Started process (PID=11562) to work on /home/ec2-user/environment/lab4_model_training/venv/lib64/python3.12/site-packages/airflow/example_dags/tutorial.py
[2026-03-12T00:53:17.458+0000] {processor.py:914} INFO - Processing file /home/ec2-user/environment/lab4_model_training/venv/lib64/python3.12/site-packages/airflow/example_dags/tutorial.py for tasks to queue
[2026-03-12T00:53:17.460+0000] {logging_mixin.py:190} INFO - [2026-03-12T00:53:17.460+0000] {dagbag.py:588} INFO - Filling up the DagBag from /home/ec2-user/environment/lab4_model_training/venv/lib64/python3.12/site-packages/airflow/example_dags/tutorial.py
[2026-03-12T00:53:17.470+0000] {processor.py:925} INFO - DAG(s) 'tutorial' retrieved from /home/ec2-user/environment/lab4_model_training/venv/lib64/python3.12/site-packages/airflow/example_dags/tutorial.py
[2026-03-12T00:53:17.489+0000] {logging_mixin.py:190} INFO - [2026-03-12T00:53:17.489+0000] {dag.py:3239} INFO - Sync 1 DAGs
[2026-03-12T00:53:17.514+0000] {logging_mixin.py:190} INFO - [2026-03-12T00:53:17.514+0000] {dag.py:4180} INFO - Setting next_dagrun for tutorial to 2026-03-11 00:00:00+00:00, run_after=2026-03-12 00:00:00+00:00
[2026-03-12T00:53:17.537+0000] {processor.py:208} INFO - Processing /home/ec2-user/environment/lab4_model_training/venv/lib64/python3.12/site-packages/airflow/example_dags/tutorial.py took 0.086 seconds
[2026-03-12T00:54:18.101+0000] {processor.py:186} INFO - Started process (PID=11795) to work on /home/ec2-user/environment/lab4_model_training/venv/lib64/python3.12/site-packages/airflow/example_dags/tutorial.py
[2026-03-12T00:54:18.102+0000] {processor.py:914} INFO - Processing file /home/ec2-user/environment/lab4_model_training/venv/lib64/python3.12/site-packages/airflow/example_dags/tutorial.py for tasks to queue
[2026-03-12T00:54:18.105+0000] {logging_mixin.py:190} INFO - [2026-03-12T00:54:18.104+0000] {dagbag.py:588} INFO - Filling up the DagBag from /home/ec2-user/environment/lab4_model_training/venv/lib64/python3.12/site-packages/airflow/example_dags/tutorial.py
[2026-03-12T00:54:18.115+0000] {processor.py:925} INFO - DAG(s) 'tutorial' retrieved from /home/ec2-user/environment/lab4_model_training/venv/lib64/python3.12/site-packages/airflow/example_dags/tutorial.py
[2026-03-12T00:54:18.135+0000] {logging_mixin.py:190} INFO - [2026-03-12T00:54:18.135+0000] {dag.py:3239} INFO - Sync 1 DAGs
[2026-03-12T00:54:18.160+0000] {logging_mixin.py:190} INFO - [2026-03-12T00:54:18.159+0000] {dag.py:4180} INFO - Setting next_dagrun for tutorial to 2026-03-11 00:00:00+00:00, run_after=2026-03-12 00:00:00+00:00
[2026-03-12T00:54:18.188+0000] {processor.py:208} INFO - Processing /home/ec2-user/environment/lab4_model_training/venv/lib64/python3.12/site-packages/airflow/example_dags/tutorial.py took 0.093 seconds
[2026-03-12T00:55:18.869+0000] {processor.py:186} INFO - Started process (PID=12079) to work on /home/ec2-user/environment/lab4_model_training/venv/lib64/python3.12/site-packages/airflow/example_dags/tutorial.py
[2026-03-12T00:55:18.870+0000] {processor.py:914} INFO - Processing file /home/ec2-user/environment/lab4_model_training/venv/lib64/python3.12/site-packages/airflow/example_dags/tutorial.py for tasks to queue
[2026-03-12T00:55:18.872+0000] {logging_mixin.py:190} INFO - [2026-03-12T00:55:18.872+0000] {dagbag.py:588} INFO - Filling up the DagBag from /home/ec2-user/environment/lab4_model_training/venv/lib64/python3.12/site-packages/airflow/example_dags/tutorial.py
[2026-03-12T00:55:18.881+0000] {processor.py:925} INFO - DAG(s) 'tutorial' retrieved from /home/ec2-user/environment/lab4_model_training/venv/lib64/python3.12/site-packages/airflow/example_dags/tutorial.py
[2026-03-12T00:55:18.899+0000] {logging_mixin.py:190} INFO - [2026-03-12T00:55:18.899+0000] {dag.py:3239} INFO - Sync 1 DAGs
[2026-03-12T00:55:18.922+0000] {logging_mixin.py:190} INFO - [2026-03-12T00:55:18.922+0000] {dag.py:4180} INFO - Setting next_dagrun for tutorial to 2026-03-11 00:00:00+00:00, run_after=2026-03-12 00:00:00+00:00
[2026-03-12T00:55:18.950+0000] {processor.py:208} INFO - Processing /home/ec2-user/environment/lab4_model_training/venv/lib64/python3.12/site-packages/airflow/example_dags/tutorial.py took 0.086 seconds
[2026-03-12T00:56:21.975+0000] {processor.py:186} INFO - Started process (PID=12312) to work on /home/ec2-user/environment/lab4_model_training/venv/lib64/python3.12/site-packages/airflow/example_dags/tutorial.py
[2026-03-12T00:56:21.984+0000] {processor.py:914} INFO - Processing file /home/ec2-user/environment/lab4_model_training/venv/lib64/python3.12/site-packages/airflow/example_dags/tutorial.py for tasks to queue
[2026-03-12T00:56:21.986+0000] {logging_mixin.py:190} INFO - [2026-03-12T00:56:21.986+0000] {dagbag.py:588} INFO - Filling up the DagBag from /home/ec2-user/environment/lab4_model_training/venv/lib64/python3.12/site-packages/airflow/example_dags/tutorial.py
[2026-03-12T00:56:21.996+0000] {processor.py:925} INFO - DAG(s) 'tutorial' retrieved from /home/ec2-user/environment/lab4_model_training/venv/lib64/python3.12/site-packages/airflow/example_dags/tutorial.py
[2026-03-12T00:56:22.016+0000] {logging_mixin.py:190} INFO - [2026-03-12T00:56:22.015+0000] {dag.py:3239} INFO - Sync 1 DAGs
[2026-03-12T00:56:22.040+0000] {logging_mixin.py:190} INFO - [2026-03-12T00:56:22.040+0000] {dag.py:4180} INFO - Setting next_dagrun for tutorial to 2026-03-11 00:00:00+00:00, run_after=2026-03-12 00:00:00+00:00
[2026-03-12T00:56:22.063+0000] {processor.py:208} INFO - Processing /home/ec2-user/environment/lab4_model_training/venv/lib64/python3.12/site-packages/airflow/example_dags/tutorial.py took 0.096 seconds
[2026-03-12T00:57:26.503+0000] {processor.py:186} INFO - Started process (PID=12601) to work on /home/ec2-user/environment/lab4_model_training/venv/lib64/python3.12/site-packages/airflow/example_dags/tutorial.py
[2026-03-12T00:57:26.504+0000] {processor.py:914} INFO - Processing file /home/ec2-user/environment/lab4_model_training/venv/lib64/python3.12/site-packages/airflow/example_dags/tutorial.py for tasks to queue
[2026-03-12T00:57:26.506+0000] {logging_mixin.py:190} INFO - [2026-03-12T00:57:26.506+0000] {dagbag.py:588} INFO - Filling up the DagBag from /home/ec2-user/environment/lab4_model_training/venv/lib64/python3.12/site-packages/airflow/example_dags/tutorial.py
[2026-03-12T00:57:26.515+0000] {processor.py:925} INFO - DAG(s) 'tutorial' retrieved from /home/ec2-user/environment/lab4_model_training/venv/lib64/python3.12/site-packages/airflow/example_dags/tutorial.py
[2026-03-12T00:57:26.533+0000] {logging_mixin.py:190} INFO - [2026-03-12T00:57:26.533+0000] {dag.py:3239} INFO - Sync 1 DAGs
[2026-03-12T00:57:26.555+0000] {logging_mixin.py:190} INFO - [2026-03-12T00:57:26.555+0000] {dag.py:4180} INFO - Setting next_dagrun for tutorial to 2026-03-11 00:00:00+00:00, run_after=2026-03-12 00:00:00+00:00
[2026-03-12T00:57:26.577+0000] {processor.py:208} INFO - Processing /home/ec2-user/environment/lab4_model_training/venv/lib64/python3.12/site-packages/airflow/example_dags/tutorial.py took 0.080 seconds
[2026-03-12T00:58:28.425+0000] {processor.py:186} INFO - Started process (PID=12885) to work on /home/ec2-user/environment/lab4_model_training/venv/lib64/python3.12/site-packages/airflow/example_dags/tutorial.py
[2026-03-12T00:58:28.426+0000] {processor.py:914} INFO - Processing file /home/ec2-user/environment/lab4_model_training/venv/lib64/python3.12/site-packages/airflow/example_dags/tutorial.py for tasks to queue
[2026-03-12T00:58:28.429+0000] {logging_mixin.py:190} INFO - [2026-03-12T00:58:28.428+0000] {dagbag.py:588} INFO - Filling up the DagBag from /home/ec2-user/environment/lab4_model_training/venv/lib64/python3.12/site-packages/airflow/example_dags/tutorial.py
[2026-03-12T00:58:28.437+0000] {processor.py:925} INFO - DAG(s) 'tutorial' retrieved from /home/ec2-user/environment/lab4_model_training/venv/lib64/python3.12/site-packages/airflow/example_dags/tutorial.py
[2026-03-12T00:58:28.455+0000] {logging_mixin.py:190} INFO - [2026-03-12T00:58:28.455+0000] {dag.py:3239} INFO - Sync 1 DAGs
[2026-03-12T00:58:28.479+0000] {logging_mixin.py:190} INFO - [2026-03-12T00:58:28.479+0000] {dag.py:4180} INFO - Setting next_dagrun for tutorial to 2026-03-11 00:00:00+00:00, run_after=2026-03-12 00:00:00+00:00
[2026-03-12T00:58:28.501+0000] {processor.py:208} INFO - Processing /home/ec2-user/environment/lab4_model_training/venv/lib64/python3.12/site-packages/airflow/example_dags/tutorial.py took 0.082 seconds
[2026-03-12T00:59:28.931+0000] {processor.py:186} INFO - Started process (PID=13140) to work on /home/ec2-user/environment/lab4_model_training/venv/lib64/python3.12/site-packages/airflow/example_dags/tutorial.py
[2026-03-12T00:59:28.932+0000] {processor.py:914} INFO - Processing file /home/ec2-user/environment/lab4_model_training/venv/lib64/python3.12/site-packages/airflow/example_dags/tutorial.py for tasks to queue
[2026-03-12T00:59:28.935+0000] {logging_mixin.py:190} INFO - [2026-03-12T00:59:28.935+0000] {dagbag.py:588} INFO - Filling up the DagBag from /home/ec2-user/environment/lab4_model_training/venv/lib64/python3.12/site-packages/airflow/example_dags/tutorial.py
[2026-03-12T00:59:28.945+0000] {processor.py:925} INFO - DAG(s) 'tutorial' retrieved from /home/ec2-user/environment/lab4_model_training/venv/lib64/python3.12/site-packages/airflow/example_dags/tutorial.py
[2026-03-12T00:59:28.964+0000] {logging_mixin.py:190} INFO - [2026-03-12T00:59:28.964+0000] {dag.py:3239} INFO - Sync 1 DAGs
[2026-03-12T00:59:28.990+0000] {logging_mixin.py:190} INFO - [2026-03-12T00:59:28.990+0000] {dag.py:4180} INFO - Setting next_dagrun for tutorial to 2026-03-11 00:00:00+00:00, run_after=2026-03-12 00:00:00+00:00
[2026-03-12T00:59:29.019+0000] {processor.py:208} INFO - Processing /home/ec2-user/environment/lab4_model_training/venv/lib64/python3.12/site-packages/airflow/example_dags/tutorial.py took 0.094 seconds
[2026-03-12T01:00:35.474+0000] {processor.py:186} INFO - Started process (PID=13435) to work on /home/ec2-user/environment/lab4_model_training/venv/lib64/python3.12/site-packages/airflow/example_dags/tutorial.py
[2026-03-12T01:00:35.475+0000] {processor.py:914} INFO - Processing file /home/ec2-user/environment/lab4_model_training/venv/lib64/python3.12/site-packages/airflow/example_dags/tutorial.py for tasks to queue
[2026-03-12T01:00:35.478+0000] {logging_mixin.py:190} INFO - [2026-03-12T01:00:35.478+0000] {dagbag.py:588} INFO - Filling up the DagBag from /home/ec2-user/environment/lab4_model_training/venv/lib64/python3.12/site-packages/airflow/example_dags/tutorial.py
[2026-03-12T01:00:35.489+0000] {processor.py:925} INFO - DAG(s) 'tutorial' retrieved from /home/ec2-user/environment/lab4_model_training/venv/lib64/python3.12/site-packages/airflow/example_dags/tutorial.py
[2026-03-12T01:00:35.511+0000] {logging_mixin.py:190} INFO - [2026-03-12T01:00:35.510+0000] {dag.py:3239} INFO - Sync 1 DAGs
[2026-03-12T01:00:35.533+0000] {logging_mixin.py:190} INFO - [2026-03-12T01:00:35.533+0000] {dag.py:4180} INFO - Setting next_dagrun for tutorial to 2026-03-11 00:00:00+00:00, run_after=2026-03-12 00:00:00+00:00
[2026-03-12T01:00:35.557+0000] {processor.py:208} INFO - Processing /home/ec2-user/environment/lab4_model_training/venv/lib64/python3.12/site-packages/airflow/example_dags/tutorial.py took 0.089 seconds
[2026-03-12T01:01:37.842+0000] {processor.py:186} INFO - Started process (PID=13691) to work on /home/ec2-user/environment/lab4_model_training/venv/lib64/python3.12/site-packages/airflow/example_dags/tutorial.py
[2026-03-12T01:01:37.843+0000] {processor.py:914} INFO - Processing file /home/ec2-user/environment/lab4_model_training/venv/lib64/python3.12/site-packages/airflow/example_dags/tutorial.py for tasks to queue
[2026-03-12T01:01:37.846+0000] {logging_mixin.py:190} INFO - [2026-03-12T01:01:37.846+0000] {dagbag.py:588} INFO - Filling up the DagBag from /home/ec2-user/environment/lab4_model_training/venv/lib64/python3.12/site-packages/airflow/example_dags/tutorial.py
[2026-03-12T01:01:37.856+0000] {processor.py:925} INFO - DAG(s) 'tutorial' retrieved from /home/ec2-user/environment/lab4_model_training/venv/lib64/python3.12/site-packages/airflow/example_dags/tutorial.py
[2026-03-12T01:01:37.875+0000] {logging_mixin.py:190} INFO - [2026-03-12T01:01:37.875+0000] {dag.py:3239} INFO - Sync 1 DAGs
[2026-03-12T01:01:37.899+0000] {logging_mixin.py:190} INFO - [2026-03-12T01:01:37.899+0000] {dag.py:4180} INFO - Setting next_dagrun for tutorial to 2026-03-11 00:00:00+00:00, run_after=2026-03-12 00:00:00+00:00
[2026-03-12T01:01:37.921+0000] {processor.py:208} INFO - Processing /home/ec2-user/environment/lab4_model_training/venv/lib64/python3.12/site-packages/airflow/example_dags/tutorial.py took 0.085 seconds
[2026-03-12T01:02:43.268+0000] {processor.py:186} INFO - Started process (PID=13991) to work on /home/ec2-user/environment/lab4_model_training/venv/lib64/python3.12/site-packages/airflow/example_dags/tutorial.py
[2026-03-12T01:02:43.269+0000] {processor.py:914} INFO - Processing file /home/ec2-user/environment/lab4_model_training/venv/lib64/python3.12/site-packages/airflow/example_dags/tutorial.py for tasks to queue
[2026-03-12T01:02:43.272+0000] {logging_mixin.py:190} INFO - [2026-03-12T01:02:43.272+0000] {dagbag.py:588} INFO - Filling up the DagBag from /home/ec2-user/environment/lab4_model_training/venv/lib64/python3.12/site-packages/airflow/example_dags/tutorial.py
[2026-03-12T01:02:43.282+0000] {processor.py:925} INFO - DAG(s) 'tutorial' retrieved from /home/ec2-user/environment/lab4_model_training/venv/lib64/python3.12/site-packages/airflow/example_dags/tutorial.py
[2026-03-12T01:02:43.304+0000] {logging_mixin.py:190} INFO - [2026-03-12T01:02:43.303+0000] {dag.py:3239} INFO - Sync 1 DAGs
[2026-03-12T01:02:43.327+0000] {logging_mixin.py:190} INFO - [2026-03-12T01:02:43.327+0000] {dag.py:4180} INFO - Setting next_dagrun for tutorial to 2026-03-11 00:00:00+00:00, run_after=2026-03-12 00:00:00+00:00
[2026-03-12T01:02:43.351+0000] {processor.py:208} INFO - Processing /home/ec2-user/environment/lab4_model_training/venv/lib64/python3.12/site-packages/airflow/example_dags/tutorial.py took 0.088 seconds
[2026-03-12T01:03:45.731+0000] {processor.py:186} INFO - Started process (PID=14213) to work on /home/ec2-user/environment/lab4_model_training/venv/lib64/python3.12/site-packages/airflow/example_dags/tutorial.py
[2026-03-12T01:03:45.732+0000] {processor.py:914} INFO - Processing file /home/ec2-user/environment/lab4_model_training/venv/lib64/python3.12/site-packages/airflow/example_dags/tutorial.py for tasks to queue
[2026-03-12T01:03:45.735+0000] {logging_mixin.py:190} INFO - [2026-03-12T01:03:45.734+0000] {dagbag.py:588} INFO - Filling up the DagBag from /home/ec2-user/environment/lab4_model_training/venv/lib64/python3.12/site-packages/airflow/example_dags/tutorial.py
[2026-03-12T01:03:45.744+0000] {processor.py:925} INFO - DAG(s) 'tutorial' retrieved from /home/ec2-user/environment/lab4_model_training/venv/lib64/python3.12/site-packages/airflow/example_dags/tutorial.py
[2026-03-12T01:03:45.762+0000] {logging_mixin.py:190} INFO - [2026-03-12T01:03:45.761+0000] {dag.py:3239} INFO - Sync 1 DAGs
[2026-03-12T01:03:45.784+0000] {logging_mixin.py:190} INFO - [2026-03-12T01:03:45.784+0000] {dag.py:4180} INFO - Setting next_dagrun for tutorial to 2026-03-11 00:00:00+00:00, run_after=2026-03-12 00:00:00+00:00
[2026-03-12T01:03:45.806+0000] {processor.py:208} INFO - Processing /home/ec2-user/environment/lab4_model_training/venv/lib64/python3.12/site-packages/airflow/example_dags/tutorial.py took 0.080 seconds
[2026-03-12T01:04:56.781+0000] {processor.py:186} INFO - Started process (PID=14542) to work on /home/ec2-user/environment/lab4_model_training/venv/lib64/python3.12/site-packages/airflow/example_dags/tutorial.py
[2026-03-12T01:04:56.782+0000] {processor.py:914} INFO - Processing file /home/ec2-user/environment/lab4_model_training/venv/lib64/python3.12/site-packages/airflow/example_dags/tutorial.py for tasks to queue
[2026-03-12T01:04:56.784+0000] {logging_mixin.py:190} INFO - [2026-03-12T01:04:56.784+0000] {dagbag.py:588} INFO - Filling up the DagBag from /home/ec2-user/environment/lab4_model_training/venv/lib64/python3.12/site-packages/airflow/example_dags/tutorial.py
[2026-03-12T01:04:56.793+0000] {processor.py:925} INFO - DAG(s) 'tutorial' retrieved from /home/ec2-user/environment/lab4_model_training/venv/lib64/python3.12/site-packages/airflow/example_dags/tutorial.py
[2026-03-12T01:04:56.811+0000] {logging_mixin.py:190} INFO - [2026-03-12T01:04:56.811+0000] {dag.py:3239} INFO - Sync 1 DAGs
[2026-03-12T01:04:56.836+0000] {logging_mixin.py:190} INFO - [2026-03-12T01:04:56.836+0000] {dag.py:4180} INFO - Setting next_dagrun for tutorial to 2026-03-11 00:00:00+00:00, run_after=2026-03-12 00:00:00+00:00
[2026-03-12T01:04:56.858+0000] {processor.py:208} INFO - Processing /home/ec2-user/environment/lab4_model_training/venv/lib64/python3.12/site-packages/airflow/example_dags/tutorial.py took 0.083 seconds
[2026-03-12T01:05:55.403+0000] {processor.py:186} INFO - Started process (PID=14784) to work on /home/ec2-user/environment/lab4_model_training/venv/lib64/python3.12/site-packages/airflow/example_dags/tutorial.py
[2026-03-12T01:05:55.404+0000] {processor.py:914} INFO - Processing file /home/ec2-user/environment/lab4_model_training/venv/lib64/python3.12/site-packages/airflow/example_dags/tutorial.py for tasks to queue
[2026-03-12T01:05:55.407+0000] {logging_mixin.py:190} INFO - [2026-03-12T01:05:55.407+0000] {dagbag.py:588} INFO - Filling up the DagBag from /home/ec2-user/environment/lab4_model_training/venv/lib64/python3.12/site-packages/airflow/example_dags/tutorial.py
[2026-03-12T01:05:55.418+0000] {processor.py:925} INFO - DAG(s) 'tutorial' retrieved from /home/ec2-user/environment/lab4_model_training/venv/lib64/python3.12/site-packages/airflow/example_dags/tutorial.py
[2026-03-12T01:05:55.438+0000] {logging_mixin.py:190} INFO - [2026-03-12T01:05:55.438+0000] {dag.py:3239} INFO - Sync 1 DAGs
[2026-03-12T01:05:55.461+0000] {logging_mixin.py:190} INFO - [2026-03-12T01:05:55.461+0000] {dag.py:4180} INFO - Setting next_dagrun for tutorial to 2026-03-11 00:00:00+00:00, run_after=2026-03-12 00:00:00+00:00
[2026-03-12T01:05:55.484+0000] {processor.py:208} INFO - Processing /home/ec2-user/environment/lab4_model_training/venv/lib64/python3.12/site-packages/airflow/example_dags/tutorial.py took 0.086 seconds
[2026-03-12T01:06:55.630+0000] {processor.py:186} INFO - Started process (PID=15064) to work on /home/ec2-user/environment/lab4_model_training/venv/lib64/python3.12/site-packages/airflow/example_dags/tutorial.py
[2026-03-12T01:06:55.632+0000] {processor.py:914} INFO - Processing file /home/ec2-user/environment/lab4_model_training/venv/lib64/python3.12/site-packages/airflow/example_dags/tutorial.py for tasks to queue
[2026-03-12T01:06:55.634+0000] {logging_mixin.py:190} INFO - [2026-03-12T01:06:55.633+0000] {dagbag.py:588} INFO - Filling up the DagBag from /home/ec2-user/environment/lab4_model_training/venv/lib64/python3.12/site-packages/airflow/example_dags/tutorial.py
[2026-03-12T01:06:55.643+0000] {processor.py:925} INFO - DAG(s) 'tutorial' retrieved from /home/ec2-user/environment/lab4_model_training/venv/lib64/python3.12/site-packages/airflow/example_dags/tutorial.py
[2026-03-12T01:06:55.661+0000] {logging_mixin.py:190} INFO - [2026-03-12T01:06:55.660+0000] {dag.py:3239} INFO - Sync 1 DAGs
[2026-03-12T01:06:55.685+0000] {logging_mixin.py:190} INFO - [2026-03-12T01:06:55.685+0000] {dag.py:4180} INFO - Setting next_dagrun for tutorial to 2026-03-11 00:00:00+00:00, run_after=2026-03-12 00:00:00+00:00
[2026-03-12T01:06:55.720+0000] {processor.py:208} INFO - Processing /home/ec2-user/environment/lab4_model_training/venv/lib64/python3.12/site-packages/airflow/example_dags/tutorial.py took 0.096 seconds
[2026-03-12T01:07:56.657+0000] {processor.py:186} INFO - Started process (PID=15349) to work on /home/ec2-user/environment/lab4_model_training/venv/lib64/python3.12/site-packages/airflow/example_dags/tutorial.py
[2026-03-12T01:07:56.658+0000] {processor.py:914} INFO - Processing file /home/ec2-user/environment/lab4_model_training/venv/lib64/python3.12/site-packages/airflow/example_dags/tutorial.py for tasks to queue
[2026-03-12T01:07:56.661+0000] {logging_mixin.py:190} INFO - [2026-03-12T01:07:56.660+0000] {dagbag.py:588} INFO - Filling up the DagBag from /home/ec2-user/environment/lab4_model_training/venv/lib64/python3.12/site-packages/airflow/example_dags/tutorial.py
[2026-03-12T01:07:56.670+0000] {processor.py:925} INFO - DAG(s) 'tutorial' retrieved from /home/ec2-user/environment/lab4_model_training/venv/lib64/python3.12/site-packages/airflow/example_dags/tutorial.py
[2026-03-12T01:07:56.688+0000] {logging_mixin.py:190} INFO - [2026-03-12T01:07:56.688+0000] {dag.py:3239} INFO - Sync 1 DAGs
[2026-03-12T01:07:56.710+0000] {logging_mixin.py:190} INFO - [2026-03-12T01:07:56.710+0000] {dag.py:4180} INFO - Setting next_dagrun for tutorial to 2026-03-11 00:00:00+00:00, run_after=2026-03-12 00:00:00+00:00
[2026-03-12T01:07:56.736+0000] {processor.py:208} INFO - Processing /home/ec2-user/environment/lab4_model_training/venv/lib64/python3.12/site-packages/airflow/example_dags/tutorial.py took 0.084 seconds
[2026-03-12T01:09:01.031+0000] {processor.py:186} INFO - Started process (PID=15596) to work on /home/ec2-user/environment/lab4_model_training/venv/lib64/python3.12/site-packages/airflow/example_dags/tutorial.py
[2026-03-12T01:09:01.032+0000] {processor.py:914} INFO - Processing file /home/ec2-user/environment/lab4_model_training/venv/lib64/python3.12/site-packages/airflow/example_dags/tutorial.py for tasks to queue
[2026-03-12T01:09:01.034+0000] {logging_mixin.py:190} INFO - [2026-03-12T01:09:01.034+0000] {dagbag.py:588} INFO - Filling up the DagBag from /home/ec2-user/environment/lab4_model_training/venv/lib64/python3.12/site-packages/airflow/example_dags/tutorial.py
[2026-03-12T01:09:01.044+0000] {processor.py:925} INFO - DAG(s) 'tutorial' retrieved from /home/ec2-user/environment/lab4_model_training/venv/lib64/python3.12/site-packages/airflow/example_dags/tutorial.py
[2026-03-12T01:09:01.062+0000] {logging_mixin.py:190} INFO - [2026-03-12T01:09:01.062+0000] {dag.py:3239} INFO - Sync 1 DAGs
[2026-03-12T01:09:01.086+0000] {logging_mixin.py:190} INFO - [2026-03-12T01:09:01.086+0000] {dag.py:4180} INFO - Setting next_dagrun for tutorial to 2026-03-11 00:00:00+00:00, run_after=2026-03-12 00:00:00+00:00
[2026-03-12T01:09:01.109+0000] {processor.py:208} INFO - Processing /home/ec2-user/environment/lab4_model_training/venv/lib64/python3.12/site-packages/airflow/example_dags/tutorial.py took 0.084 seconds
[2026-03-12T01:10:02.036+0000] {processor.py:186} INFO - Started process (PID=15896) to work on /home/ec2-user/environment/lab4_model_training/venv/lib64/python3.12/site-packages/airflow/example_dags/tutorial.py
[2026-03-12T01:10:02.037+0000] {processor.py:914} INFO - Processing file /home/ec2-user/environment/lab4_model_training/venv/lib64/python3.12/site-packages/airflow/example_dags/tutorial.py for tasks to queue
[2026-03-12T01:10:02.040+0000] {logging_mixin.py:190} INFO - [2026-03-12T01:10:02.039+0000] {dagbag.py:588} INFO - Filling up the DagBag from /home/ec2-user/environment/lab4_model_training/venv/lib64/python3.12/site-packages/airflow/example_dags/tutorial.py
[2026-03-12T01:10:02.049+0000] {processor.py:925} INFO - DAG(s) 'tutorial' retrieved from /home/ec2-user/environment/lab4_model_training/venv/lib64/python3.12/site-packages/airflow/example_dags/tutorial.py
[2026-03-12T01:10:02.069+0000] {logging_mixin.py:190} INFO - [2026-03-12T01:10:02.069+0000] {dag.py:3239} INFO - Sync 1 DAGs
[2026-03-12T01:10:02.093+0000] {logging_mixin.py:190} INFO - [2026-03-12T01:10:02.093+0000] {dag.py:4180} INFO - Setting next_dagrun for tutorial to 2026-03-11 00:00:00+00:00, run_after=2026-03-12 00:00:00+00:00
[2026-03-12T01:10:02.117+0000] {processor.py:208} INFO - Processing /home/ec2-user/environment/lab4_model_training/venv/lib64/python3.12/site-packages/airflow/example_dags/tutorial.py took 0.087 seconds
[2026-03-12T01:11:08.498+0000] {processor.py:186} INFO - Started process (PID=16196) to work on /home/ec2-user/environment/lab4_model_training/venv/lib64/python3.12/site-packages/airflow/example_dags/tutorial.py
[2026-03-12T01:11:08.499+0000] {processor.py:914} INFO - Processing file /home/ec2-user/environment/lab4_model_training/venv/lib64/python3.12/site-packages/airflow/example_dags/tutorial.py for tasks to queue
[2026-03-12T01:11:08.501+0000] {logging_mixin.py:190} INFO - [2026-03-12T01:11:08.501+0000] {dagbag.py:588} INFO - Filling up the DagBag from /home/ec2-user/environment/lab4_model_training/venv/lib64/python3.12/site-packages/airflow/example_dags/tutorial.py
[2026-03-12T01:11:08.510+0000] {processor.py:925} INFO - DAG(s) 'tutorial' retrieved from /home/ec2-user/environment/lab4_model_training/venv/lib64/python3.12/site-packages/airflow/example_dags/tutorial.py
[2026-03-12T01:11:08.529+0000] {logging_mixin.py:190} INFO - [2026-03-12T01:11:08.529+0000] {dag.py:3239} INFO - Sync 1 DAGs
[2026-03-12T01:11:08.551+0000] {logging_mixin.py:190} INFO - [2026-03-12T01:11:08.551+0000] {dag.py:4180} INFO - Setting next_dagrun for tutorial to 2026-03-11 00:00:00+00:00, run_after=2026-03-12 00:00:00+00:00
[2026-03-12T01:11:08.573+0000] {processor.py:208} INFO - Processing /home/ec2-user/environment/lab4_model_training/venv/lib64/python3.12/site-packages/airflow/example_dags/tutorial.py took 0.081 seconds
[2026-03-12T01:12:13.791+0000] {processor.py:186} INFO - Started process (PID=16445) to work on /home/ec2-user/environment/lab4_model_training/venv/lib64/python3.12/site-packages/airflow/example_dags/tutorial.py
[2026-03-12T01:12:13.792+0000] {processor.py:914} INFO - Processing file /home/ec2-user/environment/lab4_model_training/venv/lib64/python3.12/site-packages/airflow/example_dags/tutorial.py for tasks to queue
[2026-03-12T01:12:13.795+0000] {logging_mixin.py:190} INFO - [2026-03-12T01:12:13.795+0000] {dagbag.py:588} INFO - Filling up the DagBag from /home/ec2-user/environment/lab4_model_training/venv/lib64/python3.12/site-packages/airflow/example_dags/tutorial.py
[2026-03-12T01:12:13.805+0000] {processor.py:925} INFO - DAG(s) 'tutorial' retrieved from /home/ec2-user/environment/lab4_model_training/venv/lib64/python3.12/site-packages/airflow/example_dags/tutorial.py
[2026-03-12T01:12:13.825+0000] {logging_mixin.py:190} INFO - [2026-03-12T01:12:13.825+0000] {dag.py:3239} INFO - Sync 1 DAGs
[2026-03-12T01:12:13.852+0000] {logging_mixin.py:190} INFO - [2026-03-12T01:12:13.851+0000] {dag.py:4180} INFO - Setting next_dagrun for tutorial to 2026-03-11 00:00:00+00:00, run_after=2026-03-12 00:00:00+00:00
[2026-03-12T01:12:13.875+0000] {processor.py:208} INFO - Processing /home/ec2-user/environment/lab4_model_training/venv/lib64/python3.12/site-packages/airflow/example_dags/tutorial.py took 0.089 seconds
[2026-03-12T01:13:16.964+0000] {processor.py:186} INFO - Started process (PID=16739) to work on /home/ec2-user/environment/lab4_model_training/venv/lib64/python3.12/site-packages/airflow/example_dags/tutorial.py
[2026-03-12T01:13:16.965+0000] {processor.py:914} INFO - Processing file /home/ec2-user/environment/lab4_model_training/venv/lib64/python3.12/site-packages/airflow/example_dags/tutorial.py for tasks to queue
[2026-03-12T01:13:16.968+0000] {logging_mixin.py:190} INFO - [2026-03-12T01:13:16.968+0000] {dagbag.py:588} INFO - Filling up the DagBag from /home/ec2-user/environment/lab4_model_training/venv/lib64/python3.12/site-packages/airflow/example_dags/tutorial.py
[2026-03-12T01:13:16.978+0000] {processor.py:925} INFO - DAG(s) 'tutorial' retrieved from /home/ec2-user/environment/lab4_model_training/venv/lib64/python3.12/site-packages/airflow/example_dags/tutorial.py
[2026-03-12T01:13:17.008+0000] {logging_mixin.py:190} INFO - [2026-03-12T01:13:17.008+0000] {dag.py:3239} INFO - Sync 1 DAGs
[2026-03-12T01:13:17.036+0000] {logging_mixin.py:190} INFO - [2026-03-12T01:13:17.036+0000] {dag.py:4180} INFO - Setting next_dagrun for tutorial to 2026-03-11 00:00:00+00:00, run_after=2026-03-12 00:00:00+00:00
[2026-03-12T01:13:17.062+0000] {processor.py:208} INFO - Processing /home/ec2-user/environment/lab4_model_training/venv/lib64/python3.12/site-packages/airflow/example_dags/tutorial.py took 0.104 seconds
[2026-03-12T01:14:21.016+0000] {processor.py:186} INFO - Started process (PID=17059) to work on /home/ec2-user/environment/lab4_model_training/venv/lib64/python3.12/site-packages/airflow/example_dags/tutorial.py
[2026-03-12T01:14:21.017+0000] {processor.py:914} INFO - Processing file /home/ec2-user/environment/lab4_model_training/venv/lib64/python3.12/site-packages/airflow/example_dags/tutorial.py for tasks to queue
[2026-03-12T01:14:21.019+0000] {logging_mixin.py:190} INFO - [2026-03-12T01:14:21.019+0000] {dagbag.py:588} INFO - Filling up the DagBag from /home/ec2-user/environment/lab4_model_training/venv/lib64/python3.12/site-packages/airflow/example_dags/tutorial.py
[2026-03-12T01:14:21.028+0000] {processor.py:925} INFO - DAG(s) 'tutorial' retrieved from /home/ec2-user/environment/lab4_model_training/venv/lib64/python3.12/site-packages/airflow/example_dags/tutorial.py
[2026-03-12T01:14:21.047+0000] {logging_mixin.py:190} INFO - [2026-03-12T01:14:21.047+0000] {dag.py:3239} INFO - Sync 1 DAGs
[2026-03-12T01:14:21.071+0000] {logging_mixin.py:190} INFO - [2026-03-12T01:14:21.071+0000] {dag.py:4180} INFO - Setting next_dagrun for tutorial to 2026-03-11 00:00:00+00:00, run_after=2026-03-12 00:00:00+00:00
[2026-03-12T01:14:21.093+0000] {processor.py:208} INFO - Processing /home/ec2-user/environment/lab4_model_training/venv/lib64/python3.12/site-packages/airflow/example_dags/tutorial.py took 0.083 seconds
[2026-03-12T01:15:23.015+0000] {processor.py:186} INFO - Started process (PID=17348) to work on /home/ec2-user/environment/lab4_model_training/venv/lib64/python3.12/site-packages/airflow/example_dags/tutorial.py
[2026-03-12T01:15:23.017+0000] {processor.py:914} INFO - Processing file /home/ec2-user/environment/lab4_model_training/venv/lib64/python3.12/site-packages/airflow/example_dags/tutorial.py for tasks to queue
[2026-03-12T01:15:23.020+0000] {logging_mixin.py:190} INFO - [2026-03-12T01:15:23.019+0000] {dagbag.py:588} INFO - Filling up the DagBag from /home/ec2-user/environment/lab4_model_training/venv/lib64/python3.12/site-packages/airflow/example_dags/tutorial.py
[2026-03-12T01:15:23.030+0000] {processor.py:925} INFO - DAG(s) 'tutorial' retrieved from /home/ec2-user/environment/lab4_model_training/venv/lib64/python3.12/site-packages/airflow/example_dags/tutorial.py
[2026-03-12T01:15:23.051+0000] {logging_mixin.py:190} INFO - [2026-03-12T01:15:23.051+0000] {dag.py:3239} INFO - Sync 1 DAGs
[2026-03-12T01:15:23.075+0000] {logging_mixin.py:190} INFO - [2026-03-12T01:15:23.074+0000] {dag.py:4180} INFO - Setting next_dagrun for tutorial to 2026-03-11 00:00:00+00:00, run_after=2026-03-12 00:00:00+00:00
[2026-03-12T01:15:23.098+0000] {processor.py:208} INFO - Processing /home/ec2-user/environment/lab4_model_training/venv/lib64/python3.12/site-packages/airflow/example_dags/tutorial.py took 0.088 seconds
[2026-03-12T01:16:24.526+0000] {processor.py:186} INFO - Started process (PID=17642) to work on /home/ec2-user/environment/lab4_model_training/venv/lib64/python3.12/site-packages/airflow/example_dags/tutorial.py
[2026-03-12T01:16:24.527+0000] {processor.py:914} INFO - Processing file /home/ec2-user/environment/lab4_model_training/venv/lib64/python3.12/site-packages/airflow/example_dags/tutorial.py for tasks to queue
[2026-03-12T01:16:24.529+0000] {logging_mixin.py:190} INFO - [2026-03-12T01:16:24.529+0000] {dagbag.py:588} INFO - Filling up the DagBag from /home/ec2-user/environment/lab4_model_training/venv/lib64/python3.12/site-packages/airflow/example_dags/tutorial.py
[2026-03-12T01:16:24.538+0000] {processor.py:925} INFO - DAG(s) 'tutorial' retrieved from /home/ec2-user/environment/lab4_model_training/venv/lib64/python3.12/site-packages/airflow/example_dags/tutorial.py
[2026-03-12T01:16:24.557+0000] {logging_mixin.py:190} INFO - [2026-03-12T01:16:24.557+0000] {dag.py:3239} INFO - Sync 1 DAGs
[2026-03-12T01:16:24.583+0000] {logging_mixin.py:190} INFO - [2026-03-12T01:16:24.583+0000] {dag.py:4180} INFO - Setting next_dagrun for tutorial to 2026-03-11 00:00:00+00:00, run_after=2026-03-12 00:00:00+00:00
[2026-03-12T01:16:24.609+0000] {processor.py:208} INFO - Processing /home/ec2-user/environment/lab4_model_training/venv/lib64/python3.12/site-packages/airflow/example_dags/tutorial.py took 0.089 seconds
[2026-03-12T01:17:39.958+0000] {processor.py:186} INFO - Started process (PID=17974) to work on /home/ec2-user/environment/lab4_model_training/venv/lib64/python3.12/site-packages/airflow/example_dags/tutorial.py
[2026-03-12T01:17:39.959+0000] {processor.py:914} INFO - Processing file /home/ec2-user/environment/lab4_model_training/venv/lib64/python3.12/site-packages/airflow/example_dags/tutorial.py for tasks to queue
[2026-03-12T01:17:39.962+0000] {logging_mixin.py:190} INFO - [2026-03-12T01:17:39.961+0000] {dagbag.py:588} INFO - Filling up the DagBag from /home/ec2-user/environment/lab4_model_training/venv/lib64/python3.12/site-packages/airflow/example_dags/tutorial.py
[2026-03-12T01:17:39.970+0000] {processor.py:925} INFO - DAG(s) 'tutorial' retrieved from /home/ec2-user/environment/lab4_model_training/venv/lib64/python3.12/site-packages/airflow/example_dags/tutorial.py
[2026-03-12T01:17:39.991+0000] {logging_mixin.py:190} INFO - [2026-03-12T01:17:39.991+0000] {dag.py:3239} INFO - Sync 1 DAGs
[2026-03-12T01:17:40.021+0000] {logging_mixin.py:190} INFO - [2026-03-12T01:17:40.021+0000] {dag.py:4180} INFO - Setting next_dagrun for tutorial to 2026-03-11 00:00:00+00:00, run_after=2026-03-12 00:00:00+00:00
[2026-03-12T01:17:40.043+0000] {processor.py:208} INFO - Processing /home/ec2-user/environment/lab4_model_training/venv/lib64/python3.12/site-packages/airflow/example_dags/tutorial.py took 0.090 seconds
[2026-03-12T01:18:39.891+0000] {processor.py:186} INFO - Started process (PID=18246) to work on /home/ec2-user/environment/lab4_model_training/venv/lib64/python3.12/site-packages/airflow/example_dags/tutorial.py
[2026-03-12T01:18:39.893+0000] {processor.py:914} INFO - Processing file /home/ec2-user/environment/lab4_model_training/venv/lib64/python3.12/site-packages/airflow/example_dags/tutorial.py for tasks to queue
[2026-03-12T01:18:39.895+0000] {logging_mixin.py:190} INFO - [2026-03-12T01:18:39.894+0000] {dagbag.py:588} INFO - Filling up the DagBag from /home/ec2-user/environment/lab4_model_training/venv/lib64/python3.12/site-packages/airflow/example_dags/tutorial.py
[2026-03-12T01:18:39.904+0000] {processor.py:925} INFO - DAG(s) 'tutorial' retrieved from /home/ec2-user/environment/lab4_model_training/venv/lib64/python3.12/site-packages/airflow/example_dags/tutorial.py
[2026-03-12T01:18:39.922+0000] {logging_mixin.py:190} INFO - [2026-03-12T01:18:39.922+0000] {dag.py:3239} INFO - Sync 1 DAGs
[2026-03-12T01:18:39.946+0000] {logging_mixin.py:190} INFO - [2026-03-12T01:18:39.946+0000] {dag.py:4180} INFO - Setting next_dagrun for tutorial to 2026-03-11 00:00:00+00:00, run_after=2026-03-12 00:00:00+00:00
[2026-03-12T01:18:39.968+0000] {processor.py:208} INFO - Processing /home/ec2-user/environment/lab4_model_training/venv/lib64/python3.12/site-packages/airflow/example_dags/tutorial.py took 0.082 seconds
[2026-03-12T01:19:52.918+0000] {processor.py:186} INFO - Started process (PID=18528) to work on /home/ec2-user/environment/lab4_model_training/venv/lib64/python3.12/site-packages/airflow/example_dags/tutorial.py
[2026-03-12T01:19:52.919+0000] {processor.py:914} INFO - Processing file /home/ec2-user/environment/lab4_model_training/venv/lib64/python3.12/site-packages/airflow/example_dags/tutorial.py for tasks to queue
[2026-03-12T01:19:52.923+0000] {logging_mixin.py:190} INFO - [2026-03-12T01:19:52.922+0000] {dagbag.py:588} INFO - Filling up the DagBag from /home/ec2-user/environment/lab4_model_training/venv/lib64/python3.12/site-packages/airflow/example_dags/tutorial.py
[2026-03-12T01:19:52.933+0000] {processor.py:925} INFO - DAG(s) 'tutorial' retrieved from /home/ec2-user/environment/lab4_model_training/venv/lib64/python3.12/site-packages/airflow/example_dags/tutorial.py
[2026-03-12T01:19:52.954+0000] {logging_mixin.py:190} INFO - [2026-03-12T01:19:52.954+0000] {dag.py:3239} INFO - Sync 1 DAGs
[2026-03-12T01:19:52.978+0000] {logging_mixin.py:190} INFO - [2026-03-12T01:19:52.978+0000] {dag.py:4180} INFO - Setting next_dagrun for tutorial to 2026-03-11 00:00:00+00:00, run_after=2026-03-12 00:00:00+00:00
[2026-03-12T01:19:53.002+0000] {processor.py:208} INFO - Processing /home/ec2-user/environment/lab4_model_training/venv/lib64/python3.12/site-packages/airflow/example_dags/tutorial.py took 0.089 seconds
[2026-03-12T01:20:55.424+0000] {processor.py:186} INFO - Started process (PID=18814) to work on /home/ec2-user/environment/lab4_model_training/venv/lib64/python3.12/site-packages/airflow/example_dags/tutorial.py
[2026-03-12T01:20:55.426+0000] {processor.py:914} INFO - Processing file /home/ec2-user/environment/lab4_model_training/venv/lib64/python3.12/site-packages/airflow/example_dags/tutorial.py for tasks to queue
[2026-03-12T01:20:55.429+0000] {logging_mixin.py:190} INFO - [2026-03-12T01:20:55.428+0000] {dagbag.py:588} INFO - Filling up the DagBag from /home/ec2-user/environment/lab4_model_training/venv/lib64/python3.12/site-packages/airflow/example_dags/tutorial.py
[2026-03-12T01:20:55.438+0000] {processor.py:925} INFO - DAG(s) 'tutorial' retrieved from /home/ec2-user/environment/lab4_model_training/venv/lib64/python3.12/site-packages/airflow/example_dags/tutorial.py
[2026-03-12T01:20:55.458+0000] {logging_mixin.py:190} INFO - [2026-03-12T01:20:55.458+0000] {dag.py:3239} INFO - Sync 1 DAGs
[2026-03-12T01:20:55.603+0000] {logging_mixin.py:190} INFO - [2026-03-12T01:20:55.603+0000] {dag.py:4180} INFO - Setting next_dagrun for tutorial to 2026-03-11 00:00:00+00:00, run_after=2026-03-12 00:00:00+00:00
[2026-03-12T01:20:55.625+0000] {processor.py:208} INFO - Processing /home/ec2-user/environment/lab4_model_training/venv/lib64/python3.12/site-packages/airflow/example_dags/tutorial.py took 0.206 seconds
[2026-03-12T01:22:02.361+0000] {processor.py:186} INFO - Started process (PID=19097) to work on /home/ec2-user/environment/lab4_model_training/venv/lib64/python3.12/site-packages/airflow/example_dags/tutorial.py
[2026-03-12T01:22:02.362+0000] {processor.py:914} INFO - Processing file /home/ec2-user/environment/lab4_model_training/venv/lib64/python3.12/site-packages/airflow/example_dags/tutorial.py for tasks to queue
[2026-03-12T01:22:02.365+0000] {logging_mixin.py:190} INFO - [2026-03-12T01:22:02.365+0000] {dagbag.py:588} INFO - Filling up the DagBag from /home/ec2-user/environment/lab4_model_training/venv/lib64/python3.12/site-packages/airflow/example_dags/tutorial.py
[2026-03-12T01:22:02.375+0000] {processor.py:925} INFO - DAG(s) 'tutorial' retrieved from /home/ec2-user/environment/lab4_model_training/venv/lib64/python3.12/site-packages/airflow/example_dags/tutorial.py
[2026-03-12T01:22:02.395+0000] {logging_mixin.py:190} INFO - [2026-03-12T01:22:02.394+0000] {dag.py:3239} INFO - Sync 1 DAGs
[2026-03-12T01:22:02.420+0000] {logging_mixin.py:190} INFO - [2026-03-12T01:22:02.419+0000] {dag.py:4180} INFO - Setting next_dagrun for tutorial to 2026-03-11 00:00:00+00:00, run_after=2026-03-12 00:00:00+00:00
[2026-03-12T01:22:02.443+0000] {processor.py:208} INFO - Processing /home/ec2-user/environment/lab4_model_training/venv/lib64/python3.12/site-packages/airflow/example_dags/tutorial.py took 0.088 seconds
[2026-03-12T01:23:14.722+0000] {processor.py:186} INFO - Started process (PID=19417) to work on /home/ec2-user/environment/lab4_model_training/venv/lib64/python3.12/site-packages/airflow/example_dags/tutorial.py
[2026-03-12T01:23:14.723+0000] {processor.py:914} INFO - Processing file /home/ec2-user/environment/lab4_model_training/venv/lib64/python3.12/site-packages/airflow/example_dags/tutorial.py for tasks to queue
[2026-03-12T01:23:14.726+0000] {logging_mixin.py:190} INFO - [2026-03-12T01:23:14.726+0000] {dagbag.py:588} INFO - Filling up the DagBag from /home/ec2-user/environment/lab4_model_training/venv/lib64/python3.12/site-packages/airflow/example_dags/tutorial.py
[2026-03-12T01:23:14.736+0000] {processor.py:925} INFO - DAG(s) 'tutorial' retrieved from /home/ec2-user/environment/lab4_model_training/venv/lib64/python3.12/site-packages/airflow/example_dags/tutorial.py
[2026-03-12T01:23:14.756+0000] {logging_mixin.py:190} INFO - [2026-03-12T01:23:14.755+0000] {dag.py:3239} INFO - Sync 1 DAGs
[2026-03-12T01:23:14.781+0000] {logging_mixin.py:190} INFO - [2026-03-12T01:23:14.780+0000] {dag.py:4180} INFO - Setting next_dagrun for tutorial to 2026-03-11 00:00:00+00:00, run_after=2026-03-12 00:00:00+00:00
[2026-03-12T01:23:14.803+0000] {processor.py:208} INFO - Processing /home/ec2-user/environment/lab4_model_training/venv/lib64/python3.12/site-packages/airflow/example_dags/tutorial.py took 0.086 seconds
[2026-03-12T01:24:26.790+0000] {processor.py:186} INFO - Started process (PID=19690) to work on /home/ec2-user/environment/lab4_model_training/venv/lib64/python3.12/site-packages/airflow/example_dags/tutorial.py
[2026-03-12T01:24:26.792+0000] {processor.py:914} INFO - Processing file /home/ec2-user/environment/lab4_model_training/venv/lib64/python3.12/site-packages/airflow/example_dags/tutorial.py for tasks to queue
[2026-03-12T01:24:26.794+0000] {logging_mixin.py:190} INFO - [2026-03-12T01:24:26.793+0000] {dagbag.py:588} INFO - Filling up the DagBag from /home/ec2-user/environment/lab4_model_training/venv/lib64/python3.12/site-packages/airflow/example_dags/tutorial.py
[2026-03-12T01:24:26.803+0000] {processor.py:925} INFO - DAG(s) 'tutorial' retrieved from /home/ec2-user/environment/lab4_model_training/venv/lib64/python3.12/site-packages/airflow/example_dags/tutorial.py
[2026-03-12T01:24:26.821+0000] {logging_mixin.py:190} INFO - [2026-03-12T01:24:26.820+0000] {dag.py:3239} INFO - Sync 1 DAGs
[2026-03-12T01:24:26.862+0000] {logging_mixin.py:190} INFO - [2026-03-12T01:24:26.861+0000] {dag.py:4180} INFO - Setting next_dagrun for tutorial to 2026-03-11 00:00:00+00:00, run_after=2026-03-12 00:00:00+00:00
[2026-03-12T01:24:26.910+0000] {processor.py:208} INFO - Processing /home/ec2-user/environment/lab4_model_training/venv/lib64/python3.12/site-packages/airflow/example_dags/tutorial.py took 0.125 seconds
[2026-03-12T01:25:34.983+0000] {processor.py:186} INFO - Started process (PID=19998) to work on /home/ec2-user/environment/lab4_model_training/venv/lib64/python3.12/site-packages/airflow/example_dags/tutorial.py
[2026-03-12T01:25:34.984+0000] {processor.py:914} INFO - Processing file /home/ec2-user/environment/lab4_model_training/venv/lib64/python3.12/site-packages/airflow/example_dags/tutorial.py for tasks to queue
[2026-03-12T01:25:34.986+0000] {logging_mixin.py:190} INFO - [2026-03-12T01:25:34.986+0000] {dagbag.py:588} INFO - Filling up the DagBag from /home/ec2-user/environment/lab4_model_training/venv/lib64/python3.12/site-packages/airflow/example_dags/tutorial.py
[2026-03-12T01:25:34.996+0000] {processor.py:925} INFO - DAG(s) 'tutorial' retrieved from /home/ec2-user/environment/lab4_model_training/venv/lib64/python3.12/site-packages/airflow/example_dags/tutorial.py
[2026-03-12T01:25:35.014+0000] {logging_mixin.py:190} INFO - [2026-03-12T01:25:35.014+0000] {dag.py:3239} INFO - Sync 1 DAGs
[2026-03-12T01:25:35.153+0000] {logging_mixin.py:190} INFO - [2026-03-12T01:25:35.153+0000] {dag.py:4180} INFO - Setting next_dagrun for tutorial to 2026-03-11 00:00:00+00:00, run_after=2026-03-12 00:00:00+00:00
[2026-03-12T01:25:35.174+0000] {processor.py:208} INFO - Processing /home/ec2-user/environment/lab4_model_training/venv/lib64/python3.12/site-packages/airflow/example_dags/tutorial.py took 0.197 seconds
[2026-03-12T01:26:44.508+0000] {processor.py:186} INFO - Started process (PID=20309) to work on /home/ec2-user/environment/lab4_model_training/venv/lib64/python3.12/site-packages/airflow/example_dags/tutorial.py
[2026-03-12T01:26:44.509+0000] {processor.py:914} INFO - Processing file /home/ec2-user/environment/lab4_model_training/venv/lib64/python3.12/site-packages/airflow/example_dags/tutorial.py for tasks to queue
[2026-03-12T01:26:44.512+0000] {logging_mixin.py:190} INFO - [2026-03-12T01:26:44.512+0000] {dagbag.py:588} INFO - Filling up the DagBag from /home/ec2-user/environment/lab4_model_training/venv/lib64/python3.12/site-packages/airflow/example_dags/tutorial.py
[2026-03-12T01:26:44.523+0000] {processor.py:925} INFO - DAG(s) 'tutorial' retrieved from /home/ec2-user/environment/lab4_model_training/venv/lib64/python3.12/site-packages/airflow/example_dags/tutorial.py
[2026-03-12T01:26:44.543+0000] {logging_mixin.py:190} INFO - [2026-03-12T01:26:44.543+0000] {dag.py:3239} INFO - Sync 1 DAGs
[2026-03-12T01:26:44.567+0000] {logging_mixin.py:190} INFO - [2026-03-12T01:26:44.567+0000] {dag.py:4180} INFO - Setting next_dagrun for tutorial to 2026-03-11 00:00:00+00:00, run_after=2026-03-12 00:00:00+00:00
[2026-03-12T01:26:44.590+0000] {processor.py:208} INFO - Processing /home/ec2-user/environment/lab4_model_training/venv/lib64/python3.12/site-packages/airflow/example_dags/tutorial.py took 0.088 seconds
[2026-03-12T01:27:44.864+0000] {processor.py:186} INFO - Started process (PID=20533) to work on /home/ec2-user/environment/lab4_model_training/venv/lib64/python3.12/site-packages/airflow/example_dags/tutorial.py
[2026-03-12T01:27:44.865+0000] {processor.py:914} INFO - Processing file /home/ec2-user/environment/lab4_model_training/venv/lib64/python3.12/site-packages/airflow/example_dags/tutorial.py for tasks to queue
[2026-03-12T01:27:44.867+0000] {logging_mixin.py:190} INFO - [2026-03-12T01:27:44.866+0000] {dagbag.py:588} INFO - Filling up the DagBag from /home/ec2-user/environment/lab4_model_training/venv/lib64/python3.12/site-packages/airflow/example_dags/tutorial.py
[2026-03-12T01:27:44.876+0000] {processor.py:925} INFO - DAG(s) 'tutorial' retrieved from /home/ec2-user/environment/lab4_model_training/venv/lib64/python3.12/site-packages/airflow/example_dags/tutorial.py
[2026-03-12T01:27:44.893+0000] {logging_mixin.py:190} INFO - [2026-03-12T01:27:44.893+0000] {dag.py:3239} INFO - Sync 1 DAGs
[2026-03-12T01:27:44.917+0000] {logging_mixin.py:190} INFO - [2026-03-12T01:27:44.917+0000] {dag.py:4180} INFO - Setting next_dagrun for tutorial to 2026-03-11 00:00:00+00:00, run_after=2026-03-12 00:00:00+00:00
[2026-03-12T01:27:44.939+0000] {processor.py:208} INFO - Processing /home/ec2-user/environment/lab4_model_training/venv/lib64/python3.12/site-packages/airflow/example_dags/tutorial.py took 0.081 seconds
[2026-03-12T01:28:44.300+0000] {processor.py:186} INFO - Started process (PID=20804) to work on /home/ec2-user/environment/lab4_model_training/venv/lib64/python3.12/site-packages/airflow/example_dags/tutorial.py
[2026-03-12T01:28:44.302+0000] {processor.py:914} INFO - Processing file /home/ec2-user/environment/lab4_model_training/venv/lib64/python3.12/site-packages/airflow/example_dags/tutorial.py for tasks to queue
[2026-03-12T01:28:44.305+0000] {logging_mixin.py:190} INFO - [2026-03-12T01:28:44.304+0000] {dagbag.py:588} INFO - Filling up the DagBag from /home/ec2-user/environment/lab4_model_training/venv/lib64/python3.12/site-packages/airflow/example_dags/tutorial.py
[2026-03-12T01:28:44.316+0000] {processor.py:925} INFO - DAG(s) 'tutorial' retrieved from /home/ec2-user/environment/lab4_model_training/venv/lib64/python3.12/site-packages/airflow/example_dags/tutorial.py
[2026-03-12T01:28:44.337+0000] {logging_mixin.py:190} INFO - [2026-03-12T01:28:44.337+0000] {dag.py:3239} INFO - Sync 1 DAGs
[2026-03-12T01:28:44.376+0000] {logging_mixin.py:190} INFO - [2026-03-12T01:28:44.376+0000] {dag.py:4180} INFO - Setting next_dagrun for tutorial to 2026-03-11 00:00:00+00:00, run_after=2026-03-12 00:00:00+00:00
[2026-03-12T01:28:44.405+0000] {processor.py:208} INFO - Processing /home/ec2-user/environment/lab4_model_training/venv/lib64/python3.12/site-packages/airflow/example_dags/tutorial.py took 0.111 seconds
[2026-03-12T01:29:48.299+0000] {processor.py:186} INFO - Started process (PID=21075) to work on /home/ec2-user/environment/lab4_model_training/venv/lib64/python3.12/site-packages/airflow/example_dags/tutorial.py
[2026-03-12T01:29:48.301+0000] {processor.py:914} INFO - Processing file /home/ec2-user/environment/lab4_model_training/venv/lib64/python3.12/site-packages/airflow/example_dags/tutorial.py for tasks to queue
[2026-03-12T01:29:48.303+0000] {logging_mixin.py:190} INFO - [2026-03-12T01:29:48.303+0000] {dagbag.py:588} INFO - Filling up the DagBag from /home/ec2-user/environment/lab4_model_training/venv/lib64/python3.12/site-packages/airflow/example_dags/tutorial.py
[2026-03-12T01:29:48.312+0000] {processor.py:925} INFO - DAG(s) 'tutorial' retrieved from /home/ec2-user/environment/lab4_model_training/venv/lib64/python3.12/site-packages/airflow/example_dags/tutorial.py
[2026-03-12T01:29:48.330+0000] {logging_mixin.py:190} INFO - [2026-03-12T01:29:48.330+0000] {dag.py:3239} INFO - Sync 1 DAGs
[2026-03-12T01:29:48.354+0000] {logging_mixin.py:190} INFO - [2026-03-12T01:29:48.354+0000] {dag.py:4180} INFO - Setting next_dagrun for tutorial to 2026-03-11 00:00:00+00:00, run_after=2026-03-12 00:00:00+00:00
[2026-03-12T01:29:48.376+0000] {processor.py:208} INFO - Processing /home/ec2-user/environment/lab4_model_training/venv/lib64/python3.12/site-packages/airflow/example_dags/tutorial.py took 0.083 seconds
[2026-03-12T01:30:48.353+0000] {processor.py:186} INFO - Started process (PID=21465) to work on /home/ec2-user/environment/lab4_model_training/venv/lib64/python3.12/site-packages/airflow/example_dags/tutorial.py
[2026-03-12T01:30:48.354+0000] {processor.py:914} INFO - Processing file /home/ec2-user/environment/lab4_model_training/venv/lib64/python3.12/site-packages/airflow/example_dags/tutorial.py for tasks to queue
[2026-03-12T01:30:48.356+0000] {logging_mixin.py:190} INFO - [2026-03-12T01:30:48.356+0000] {dagbag.py:588} INFO - Filling up the DagBag from /home/ec2-user/environment/lab4_model_training/venv/lib64/python3.12/site-packages/airflow/example_dags/tutorial.py
[2026-03-12T01:30:48.365+0000] {processor.py:925} INFO - DAG(s) 'tutorial' retrieved from /home/ec2-user/environment/lab4_model_training/venv/lib64/python3.12/site-packages/airflow/example_dags/tutorial.py
[2026-03-12T01:30:48.384+0000] {logging_mixin.py:190} INFO - [2026-03-12T01:30:48.383+0000] {dag.py:3239} INFO - Sync 1 DAGs
[2026-03-12T01:30:48.407+0000] {logging_mixin.py:190} INFO - [2026-03-12T01:30:48.407+0000] {dag.py:4180} INFO - Setting next_dagrun for tutorial to 2026-03-11 00:00:00+00:00, run_after=2026-03-12 00:00:00+00:00
[2026-03-12T01:30:48.429+0000] {processor.py:208} INFO - Processing /home/ec2-user/environment/lab4_model_training/venv/lib64/python3.12/site-packages/airflow/example_dags/tutorial.py took 0.082 seconds
[2026-03-12T01:31:52.238+0000] {processor.py:186} INFO - Started process (PID=21752) to work on /home/ec2-user/environment/lab4_model_training/venv/lib64/python3.12/site-packages/airflow/example_dags/tutorial.py
[2026-03-12T01:31:52.239+0000] {processor.py:914} INFO - Processing file /home/ec2-user/environment/lab4_model_training/venv/lib64/python3.12/site-packages/airflow/example_dags/tutorial.py for tasks to queue
[2026-03-12T01:31:52.241+0000] {logging_mixin.py:190} INFO - [2026-03-12T01:31:52.240+0000] {dagbag.py:588} INFO - Filling up the DagBag from /home/ec2-user/environment/lab4_model_training/venv/lib64/python3.12/site-packages/airflow/example_dags/tutorial.py
[2026-03-12T01:31:52.250+0000] {processor.py:925} INFO - DAG(s) 'tutorial' retrieved from /home/ec2-user/environment/lab4_model_training/venv/lib64/python3.12/site-packages/airflow/example_dags/tutorial.py
[2026-03-12T01:31:52.268+0000] {logging_mixin.py:190} INFO - [2026-03-12T01:31:52.267+0000] {dag.py:3239} INFO - Sync 1 DAGs
[2026-03-12T01:31:52.291+0000] {logging_mixin.py:190} INFO - [2026-03-12T01:31:52.291+0000] {dag.py:4180} INFO - Setting next_dagrun for tutorial to 2026-03-11 00:00:00+00:00, run_after=2026-03-12 00:00:00+00:00
[2026-03-12T01:31:52.312+0000] {processor.py:208} INFO - Processing /home/ec2-user/environment/lab4_model_training/venv/lib64/python3.12/site-packages/airflow/example_dags/tutorial.py took 0.081 seconds
[2026-03-12T01:32:52.116+0000] {processor.py:186} INFO - Started process (PID=21990) to work on /home/ec2-user/environment/lab4_model_training/venv/lib64/python3.12/site-packages/airflow/example_dags/tutorial.py
[2026-03-12T01:32:52.117+0000] {processor.py:914} INFO - Processing file /home/ec2-user/environment/lab4_model_training/venv/lib64/python3.12/site-packages/airflow/example_dags/tutorial.py for tasks to queue
[2026-03-12T01:32:52.120+0000] {logging_mixin.py:190} INFO - [2026-03-12T01:32:52.120+0000] {dagbag.py:588} INFO - Filling up the DagBag from /home/ec2-user/environment/lab4_model_training/venv/lib64/python3.12/site-packages/airflow/example_dags/tutorial.py
[2026-03-12T01:32:52.131+0000] {processor.py:925} INFO - DAG(s) 'tutorial' retrieved from /home/ec2-user/environment/lab4_model_training/venv/lib64/python3.12/site-packages/airflow/example_dags/tutorial.py
[2026-03-12T01:32:52.150+0000] {logging_mixin.py:190} INFO - [2026-03-12T01:32:52.150+0000] {dag.py:3239} INFO - Sync 1 DAGs
[2026-03-12T01:32:52.176+0000] {logging_mixin.py:190} INFO - [2026-03-12T01:32:52.176+0000] {dag.py:4180} INFO - Setting next_dagrun for tutorial to 2026-03-11 00:00:00+00:00, run_after=2026-03-12 00:00:00+00:00
[2026-03-12T01:32:52.198+0000] {processor.py:208} INFO - Processing /home/ec2-user/environment/lab4_model_training/venv/lib64/python3.12/site-packages/airflow/example_dags/tutorial.py took 0.088 seconds
