[2026-03-12T00:35:49.855+0000] {processor.py:186} INFO - Started process (PID=6902) to work on /home/ec2-user/environment/lab4_model_training/venv/lib64/python3.12/site-packages/airflow/example_dags/tutorial_dag.py
[2026-03-12T00:35:49.856+0000] {processor.py:914} INFO - Processing file /home/ec2-user/environment/lab4_model_training/venv/lib64/python3.12/site-packages/airflow/example_dags/tutorial_dag.py for tasks to queue
[2026-03-12T00:35:49.859+0000] {logging_mixin.py:190} INFO - [2026-03-12T00:35:49.858+0000] {dagbag.py:588} INFO - Filling up the DagBag from /home/ec2-user/environment/lab4_model_training/venv/lib64/python3.12/site-packages/airflow/example_dags/tutorial_dag.py
[2026-03-12T00:35:49.868+0000] {processor.py:925} INFO - DAG(s) 'tutorial_dag' retrieved from /home/ec2-user/environment/lab4_model_training/venv/lib64/python3.12/site-packages/airflow/example_dags/tutorial_dag.py
[2026-03-12T00:35:49.977+0000] {logging_mixin.py:190} INFO - [2026-03-12T00:35:49.977+0000] {override.py:1930} INFO - Created Permission View: can read on DAG:tutorial_dag
[2026-03-12T00:35:49.991+0000] {logging_mixin.py:190} INFO - [2026-03-12T00:35:49.991+0000] {override.py:1930} INFO - Created Permission View: can delete on DAG:tutorial_dag
[2026-03-12T00:35:50.002+0000] {logging_mixin.py:190} INFO - [2026-03-12T00:35:50.001+0000] {override.py:1930} INFO - Created Permission View: can edit on DAG:tutorial_dag
[2026-03-12T00:35:50.017+0000] {logging_mixin.py:190} INFO - [2026-03-12T00:35:50.016+0000] {override.py:1930} INFO - Created Permission View: can read on DAG Run:tutorial_dag
[2026-03-12T00:35:50.026+0000] {logging_mixin.py:190} INFO - [2026-03-12T00:35:50.026+0000] {override.py:1930} INFO - Created Permission View: menu access on DAG Run:tutorial_dag
[2026-03-12T00:35:50.035+0000] {logging_mixin.py:190} INFO - [2026-03-12T00:35:50.035+0000] {override.py:1930} INFO - Created Permission View: can create on DAG Run:tutorial_dag
[2026-03-12T00:35:50.043+0000] {logging_mixin.py:190} INFO - [2026-03-12T00:35:50.043+0000] {override.py:1930} INFO - Created Permission View: can delete on DAG Run:tutorial_dag
[2026-03-12T00:35:50.043+0000] {logging_mixin.py:190} INFO - [2026-03-12T00:35:50.043+0000] {dag.py:3239} INFO - Sync 1 DAGs
[2026-03-12T00:35:50.060+0000] {logging_mixin.py:190} INFO - [2026-03-12T00:35:50.060+0000] {dag.py:3262} INFO - Creating ORM DAG for tutorial_dag
[2026-03-12T00:35:50.061+0000] {logging_mixin.py:190} INFO - [2026-03-12T00:35:50.061+0000] {dag.py:4180} INFO - Setting next_dagrun for tutorial_dag to None, run_after=None
[2026-03-12T00:35:50.086+0000] {processor.py:208} INFO - Processing /home/ec2-user/environment/lab4_model_training/venv/lib64/python3.12/site-packages/airflow/example_dags/tutorial_dag.py took 0.238 seconds
[2026-03-12T00:39:21.250+0000] {processor.py:186} INFO - Started process (PID=7773) to work on /home/ec2-user/environment/lab4_model_training/venv/lib64/python3.12/site-packages/airflow/example_dags/tutorial_dag.py
[2026-03-12T00:39:21.251+0000] {processor.py:914} INFO - Processing file /home/ec2-user/environment/lab4_model_training/venv/lib64/python3.12/site-packages/airflow/example_dags/tutorial_dag.py for tasks to queue
[2026-03-12T00:39:21.254+0000] {logging_mixin.py:190} INFO - [2026-03-12T00:39:21.253+0000] {dagbag.py:588} INFO - Filling up the DagBag from /home/ec2-user/environment/lab4_model_training/venv/lib64/python3.12/site-packages/airflow/example_dags/tutorial_dag.py
[2026-03-12T00:39:21.263+0000] {processor.py:925} INFO - DAG(s) 'tutorial_dag' retrieved from /home/ec2-user/environment/lab4_model_training/venv/lib64/python3.12/site-packages/airflow/example_dags/tutorial_dag.py
[2026-03-12T00:39:21.281+0000] {logging_mixin.py:190} INFO - [2026-03-12T00:39:21.281+0000] {dag.py:3239} INFO - Sync 1 DAGs
[2026-03-12T00:39:21.298+0000] {logging_mixin.py:190} INFO - [2026-03-12T00:39:21.297+0000] {dag.py:4180} INFO - Setting next_dagrun for tutorial_dag to None, run_after=None
[2026-03-12T00:39:21.320+0000] {processor.py:208} INFO - Processing /home/ec2-user/environment/lab4_model_training/venv/lib64/python3.12/site-packages/airflow/example_dags/tutorial_dag.py took 0.075 seconds
[2026-03-12T00:40:25.924+0000] {processor.py:186} INFO - Started process (PID=8061) to work on /home/ec2-user/environment/lab4_model_training/venv/lib64/python3.12/site-packages/airflow/example_dags/tutorial_dag.py
[2026-03-12T00:40:25.925+0000] {processor.py:914} INFO - Processing file /home/ec2-user/environment/lab4_model_training/venv/lib64/python3.12/site-packages/airflow/example_dags/tutorial_dag.py for tasks to queue
[2026-03-12T00:40:25.929+0000] {logging_mixin.py:190} INFO - [2026-03-12T00:40:25.928+0000] {dagbag.py:588} INFO - Filling up the DagBag from /home/ec2-user/environment/lab4_model_training/venv/lib64/python3.12/site-packages/airflow/example_dags/tutorial_dag.py
[2026-03-12T00:40:25.938+0000] {processor.py:925} INFO - DAG(s) 'tutorial_dag' retrieved from /home/ec2-user/environment/lab4_model_training/venv/lib64/python3.12/site-packages/airflow/example_dags/tutorial_dag.py
[2026-03-12T00:40:25.957+0000] {logging_mixin.py:190} INFO - [2026-03-12T00:40:25.957+0000] {dag.py:3239} INFO - Sync 1 DAGs
[2026-03-12T00:40:25.976+0000] {logging_mixin.py:190} INFO - [2026-03-12T00:40:25.976+0000] {dag.py:4180} INFO - Setting next_dagrun for tutorial_dag to None, run_after=None
[2026-03-12T00:40:25.999+0000] {processor.py:208} INFO - Processing /home/ec2-user/environment/lab4_model_training/venv/lib64/python3.12/site-packages/airflow/example_dags/tutorial_dag.py took 0.080 seconds
[2026-03-12T00:41:26.759+0000] {processor.py:186} INFO - Started process (PID=8346) to work on /home/ec2-user/environment/lab4_model_training/venv/lib64/python3.12/site-packages/airflow/example_dags/tutorial_dag.py
[2026-03-12T00:41:26.760+0000] {processor.py:914} INFO - Processing file /home/ec2-user/environment/lab4_model_training/venv/lib64/python3.12/site-packages/airflow/example_dags/tutorial_dag.py for tasks to queue
[2026-03-12T00:41:26.763+0000] {logging_mixin.py:190} INFO - [2026-03-12T00:41:26.763+0000] {dagbag.py:588} INFO - Filling up the DagBag from /home/ec2-user/environment/lab4_model_training/venv/lib64/python3.12/site-packages/airflow/example_dags/tutorial_dag.py
[2026-03-12T00:41:26.773+0000] {processor.py:925} INFO - DAG(s) 'tutorial_dag' retrieved from /home/ec2-user/environment/lab4_model_training/venv/lib64/python3.12/site-packages/airflow/example_dags/tutorial_dag.py
[2026-03-12T00:41:26.793+0000] {logging_mixin.py:190} INFO - [2026-03-12T00:41:26.793+0000] {dag.py:3239} INFO - Sync 1 DAGs
[2026-03-12T00:41:26.812+0000] {logging_mixin.py:190} INFO - [2026-03-12T00:41:26.811+0000] {dag.py:4180} INFO - Setting next_dagrun for tutorial_dag to None, run_after=None
[2026-03-12T00:41:26.837+0000] {processor.py:208} INFO - Processing /home/ec2-user/environment/lab4_model_training/venv/lib64/python3.12/site-packages/airflow/example_dags/tutorial_dag.py took 0.083 seconds
[2026-03-12T00:42:29.795+0000] {processor.py:186} INFO - Started process (PID=8638) to work on /home/ec2-user/environment/lab4_model_training/venv/lib64/python3.12/site-packages/airflow/example_dags/tutorial_dag.py
[2026-03-12T00:42:29.796+0000] {processor.py:914} INFO - Processing file /home/ec2-user/environment/lab4_model_training/venv/lib64/python3.12/site-packages/airflow/example_dags/tutorial_dag.py for tasks to queue
[2026-03-12T00:42:29.798+0000] {logging_mixin.py:190} INFO - [2026-03-12T00:42:29.798+0000] {dagbag.py:588} INFO - Filling up the DagBag from /home/ec2-user/environment/lab4_model_training/venv/lib64/python3.12/site-packages/airflow/example_dags/tutorial_dag.py
[2026-03-12T00:42:29.807+0000] {processor.py:925} INFO - DAG(s) 'tutorial_dag' retrieved from /home/ec2-user/environment/lab4_model_training/venv/lib64/python3.12/site-packages/airflow/example_dags/tutorial_dag.py
[2026-03-12T00:42:29.825+0000] {logging_mixin.py:190} INFO - [2026-03-12T00:42:29.825+0000] {dag.py:3239} INFO - Sync 1 DAGs
[2026-03-12T00:42:29.842+0000] {logging_mixin.py:190} INFO - [2026-03-12T00:42:29.841+0000] {dag.py:4180} INFO - Setting next_dagrun for tutorial_dag to None, run_after=None
[2026-03-12T00:42:29.864+0000] {processor.py:208} INFO - Processing /home/ec2-user/environment/lab4_model_training/venv/lib64/python3.12/site-packages/airflow/example_dags/tutorial_dag.py took 0.073 seconds
[2026-03-12T00:43:29.474+0000] {processor.py:186} INFO - Started process (PID=8881) to work on /home/ec2-user/environment/lab4_model_training/venv/lib64/python3.12/site-packages/airflow/example_dags/tutorial_dag.py
[2026-03-12T00:43:29.475+0000] {processor.py:914} INFO - Processing file /home/ec2-user/environment/lab4_model_training/venv/lib64/python3.12/site-packages/airflow/example_dags/tutorial_dag.py for tasks to queue
[2026-03-12T00:43:29.477+0000] {logging_mixin.py:190} INFO - [2026-03-12T00:43:29.477+0000] {dagbag.py:588} INFO - Filling up the DagBag from /home/ec2-user/environment/lab4_model_training/venv/lib64/python3.12/site-packages/airflow/example_dags/tutorial_dag.py
[2026-03-12T00:43:29.501+0000] {processor.py:925} INFO - DAG(s) 'tutorial_dag' retrieved from /home/ec2-user/environment/lab4_model_training/venv/lib64/python3.12/site-packages/airflow/example_dags/tutorial_dag.py
[2026-03-12T00:43:29.528+0000] {logging_mixin.py:190} INFO - [2026-03-12T00:43:29.528+0000] {dag.py:3239} INFO - Sync 1 DAGs
[2026-03-12T00:43:29.543+0000] {logging_mixin.py:190} INFO - [2026-03-12T00:43:29.543+0000] {dag.py:4180} INFO - Setting next_dagrun for tutorial_dag to None, run_after=None
[2026-03-12T00:43:29.565+0000] {processor.py:208} INFO - Processing /home/ec2-user/environment/lab4_model_training/venv/lib64/python3.12/site-packages/airflow/example_dags/tutorial_dag.py took 0.096 seconds
[2026-03-12T00:44:34.189+0000] {processor.py:186} INFO - Started process (PID=9215) to work on /home/ec2-user/environment/lab4_model_training/venv/lib64/python3.12/site-packages/airflow/example_dags/tutorial_dag.py
[2026-03-12T00:44:34.190+0000] {processor.py:914} INFO - Processing file /home/ec2-user/environment/lab4_model_training/venv/lib64/python3.12/site-packages/airflow/example_dags/tutorial_dag.py for tasks to queue
[2026-03-12T00:44:34.193+0000] {logging_mixin.py:190} INFO - [2026-03-12T00:44:34.193+0000] {dagbag.py:588} INFO - Filling up the DagBag from /home/ec2-user/environment/lab4_model_training/venv/lib64/python3.12/site-packages/airflow/example_dags/tutorial_dag.py
[2026-03-12T00:44:34.203+0000] {processor.py:925} INFO - DAG(s) 'tutorial_dag' retrieved from /home/ec2-user/environment/lab4_model_training/venv/lib64/python3.12/site-packages/airflow/example_dags/tutorial_dag.py
[2026-03-12T00:44:34.223+0000] {logging_mixin.py:190} INFO - [2026-03-12T00:44:34.223+0000] {dag.py:3239} INFO - Sync 1 DAGs
[2026-03-12T00:44:34.241+0000] {logging_mixin.py:190} INFO - [2026-03-12T00:44:34.241+0000] {dag.py:4180} INFO - Setting next_dagrun for tutorial_dag to None, run_after=None
[2026-03-12T00:44:34.265+0000] {processor.py:208} INFO - Processing /home/ec2-user/environment/lab4_model_training/venv/lib64/python3.12/site-packages/airflow/example_dags/tutorial_dag.py took 0.080 seconds
[2026-03-12T00:46:22.714+0000] {processor.py:186} INFO - Started process (PID=9672) to work on /home/ec2-user/environment/lab4_model_training/venv/lib64/python3.12/site-packages/airflow/example_dags/tutorial_dag.py
[2026-03-12T00:46:22.715+0000] {processor.py:914} INFO - Processing file /home/ec2-user/environment/lab4_model_training/venv/lib64/python3.12/site-packages/airflow/example_dags/tutorial_dag.py for tasks to queue
[2026-03-12T00:46:22.717+0000] {logging_mixin.py:190} INFO - [2026-03-12T00:46:22.717+0000] {dagbag.py:588} INFO - Filling up the DagBag from /home/ec2-user/environment/lab4_model_training/venv/lib64/python3.12/site-packages/airflow/example_dags/tutorial_dag.py
[2026-03-12T00:46:22.726+0000] {processor.py:925} INFO - DAG(s) 'tutorial_dag' retrieved from /home/ec2-user/environment/lab4_model_training/venv/lib64/python3.12/site-packages/airflow/example_dags/tutorial_dag.py
[2026-03-12T00:46:22.744+0000] {logging_mixin.py:190} INFO - [2026-03-12T00:46:22.743+0000] {dag.py:3239} INFO - Sync 1 DAGs
[2026-03-12T00:46:22.759+0000] {logging_mixin.py:190} INFO - [2026-03-12T00:46:22.759+0000] {dag.py:4180} INFO - Setting next_dagrun for tutorial_dag to None, run_after=None
[2026-03-12T00:46:22.791+0000] {processor.py:208} INFO - Processing /home/ec2-user/environment/lab4_model_training/venv/lib64/python3.12/site-packages/airflow/example_dags/tutorial_dag.py took 0.081 seconds
[2026-03-12T00:48:04.077+0000] {processor.py:186} INFO - Started process (PID=10123) to work on /home/ec2-user/environment/lab4_model_training/venv/lib64/python3.12/site-packages/airflow/example_dags/tutorial_dag.py
[2026-03-12T00:48:04.078+0000] {processor.py:914} INFO - Processing file /home/ec2-user/environment/lab4_model_training/venv/lib64/python3.12/site-packages/airflow/example_dags/tutorial_dag.py for tasks to queue
[2026-03-12T00:48:04.081+0000] {logging_mixin.py:190} INFO - [2026-03-12T00:48:04.081+0000] {dagbag.py:588} INFO - Filling up the DagBag from /home/ec2-user/environment/lab4_model_training/venv/lib64/python3.12/site-packages/airflow/example_dags/tutorial_dag.py
[2026-03-12T00:48:04.092+0000] {processor.py:925} INFO - DAG(s) 'tutorial_dag' retrieved from /home/ec2-user/environment/lab4_model_training/venv/lib64/python3.12/site-packages/airflow/example_dags/tutorial_dag.py
[2026-03-12T00:48:04.122+0000] {logging_mixin.py:190} INFO - [2026-03-12T00:48:04.122+0000] {dag.py:3239} INFO - Sync 1 DAGs
[2026-03-12T00:48:04.137+0000] {logging_mixin.py:190} INFO - [2026-03-12T00:48:04.137+0000] {dag.py:4180} INFO - Setting next_dagrun for tutorial_dag to None, run_after=None
[2026-03-12T00:48:04.162+0000] {processor.py:208} INFO - Processing /home/ec2-user/environment/lab4_model_training/venv/lib64/python3.12/site-packages/airflow/example_dags/tutorial_dag.py took 0.089 seconds
[2026-03-12T00:49:13.123+0000] {processor.py:186} INFO - Started process (PID=10403) to work on /home/ec2-user/environment/lab4_model_training/venv/lib64/python3.12/site-packages/airflow/example_dags/tutorial_dag.py
[2026-03-12T00:49:13.124+0000] {processor.py:914} INFO - Processing file /home/ec2-user/environment/lab4_model_training/venv/lib64/python3.12/site-packages/airflow/example_dags/tutorial_dag.py for tasks to queue
[2026-03-12T00:49:13.126+0000] {logging_mixin.py:190} INFO - [2026-03-12T00:49:13.126+0000] {dagbag.py:588} INFO - Filling up the DagBag from /home/ec2-user/environment/lab4_model_training/venv/lib64/python3.12/site-packages/airflow/example_dags/tutorial_dag.py
[2026-03-12T00:49:13.135+0000] {processor.py:925} INFO - DAG(s) 'tutorial_dag' retrieved from /home/ec2-user/environment/lab4_model_training/venv/lib64/python3.12/site-packages/airflow/example_dags/tutorial_dag.py
[2026-03-12T00:49:13.153+0000] {logging_mixin.py:190} INFO - [2026-03-12T00:49:13.153+0000] {dag.py:3239} INFO - Sync 1 DAGs
[2026-03-12T00:49:13.169+0000] {logging_mixin.py:190} INFO - [2026-03-12T00:49:13.169+0000] {dag.py:4180} INFO - Setting next_dagrun for tutorial_dag to None, run_after=None
[2026-03-12T00:49:13.192+0000] {processor.py:208} INFO - Processing /home/ec2-user/environment/lab4_model_training/venv/lib64/python3.12/site-packages/airflow/example_dags/tutorial_dag.py took 0.074 seconds
[2026-03-12T00:50:17.782+0000] {processor.py:186} INFO - Started process (PID=10727) to work on /home/ec2-user/environment/lab4_model_training/venv/lib64/python3.12/site-packages/airflow/example_dags/tutorial_dag.py
[2026-03-12T00:50:17.783+0000] {processor.py:914} INFO - Processing file /home/ec2-user/environment/lab4_model_training/venv/lib64/python3.12/site-packages/airflow/example_dags/tutorial_dag.py for tasks to queue
[2026-03-12T00:50:17.787+0000] {logging_mixin.py:190} INFO - [2026-03-12T00:50:17.786+0000] {dagbag.py:588} INFO - Filling up the DagBag from /home/ec2-user/environment/lab4_model_training/venv/lib64/python3.12/site-packages/airflow/example_dags/tutorial_dag.py
[2026-03-12T00:50:17.795+0000] {processor.py:925} INFO - DAG(s) 'tutorial_dag' retrieved from /home/ec2-user/environment/lab4_model_training/venv/lib64/python3.12/site-packages/airflow/example_dags/tutorial_dag.py
[2026-03-12T00:50:17.815+0000] {logging_mixin.py:190} INFO - [2026-03-12T00:50:17.815+0000] {dag.py:3239} INFO - Sync 1 DAGs
[2026-03-12T00:50:17.831+0000] {logging_mixin.py:190} INFO - [2026-03-12T00:50:17.831+0000] {dag.py:4180} INFO - Setting next_dagrun for tutorial_dag to None, run_after=None
[2026-03-12T00:50:17.855+0000] {processor.py:208} INFO - Processing /home/ec2-user/environment/lab4_model_training/venv/lib64/python3.12/site-packages/airflow/example_dags/tutorial_dag.py took 0.077 seconds
[2026-03-12T00:51:17.082+0000] {processor.py:186} INFO - Started process (PID=11012) to work on /home/ec2-user/environment/lab4_model_training/venv/lib64/python3.12/site-packages/airflow/example_dags/tutorial_dag.py
[2026-03-12T00:51:17.083+0000] {processor.py:914} INFO - Processing file /home/ec2-user/environment/lab4_model_training/venv/lib64/python3.12/site-packages/airflow/example_dags/tutorial_dag.py for tasks to queue
[2026-03-12T00:51:17.087+0000] {logging_mixin.py:190} INFO - [2026-03-12T00:51:17.086+0000] {dagbag.py:588} INFO - Filling up the DagBag from /home/ec2-user/environment/lab4_model_training/venv/lib64/python3.12/site-packages/airflow/example_dags/tutorial_dag.py
[2026-03-12T00:51:17.097+0000] {processor.py:925} INFO - DAG(s) 'tutorial_dag' retrieved from /home/ec2-user/environment/lab4_model_training/venv/lib64/python3.12/site-packages/airflow/example_dags/tutorial_dag.py
[2026-03-12T00:51:17.117+0000] {logging_mixin.py:190} INFO - [2026-03-12T00:51:17.117+0000] {dag.py:3239} INFO - Sync 1 DAGs
[2026-03-12T00:51:17.134+0000] {logging_mixin.py:190} INFO - [2026-03-12T00:51:17.133+0000] {dag.py:4180} INFO - Setting next_dagrun for tutorial_dag to None, run_after=None
[2026-03-12T00:51:17.157+0000] {processor.py:208} INFO - Processing /home/ec2-user/environment/lab4_model_training/venv/lib64/python3.12/site-packages/airflow/example_dags/tutorial_dag.py took 0.080 seconds
[2026-03-12T00:52:17.471+0000] {processor.py:186} INFO - Started process (PID=11275) to work on /home/ec2-user/environment/lab4_model_training/venv/lib64/python3.12/site-packages/airflow/example_dags/tutorial_dag.py
[2026-03-12T00:52:17.472+0000] {processor.py:914} INFO - Processing file /home/ec2-user/environment/lab4_model_training/venv/lib64/python3.12/site-packages/airflow/example_dags/tutorial_dag.py for tasks to queue
[2026-03-12T00:52:17.474+0000] {logging_mixin.py:190} INFO - [2026-03-12T00:52:17.474+0000] {dagbag.py:588} INFO - Filling up the DagBag from /home/ec2-user/environment/lab4_model_training/venv/lib64/python3.12/site-packages/airflow/example_dags/tutorial_dag.py
[2026-03-12T00:52:17.483+0000] {processor.py:925} INFO - DAG(s) 'tutorial_dag' retrieved from /home/ec2-user/environment/lab4_model_training/venv/lib64/python3.12/site-packages/airflow/example_dags/tutorial_dag.py
[2026-03-12T00:52:17.500+0000] {logging_mixin.py:190} INFO - [2026-03-12T00:52:17.500+0000] {dag.py:3239} INFO - Sync 1 DAGs
[2026-03-12T00:52:17.516+0000] {logging_mixin.py:190} INFO - [2026-03-12T00:52:17.515+0000] {dag.py:4180} INFO - Setting next_dagrun for tutorial_dag to None, run_after=None
[2026-03-12T00:52:17.540+0000] {processor.py:208} INFO - Processing /home/ec2-user/environment/lab4_model_training/venv/lib64/python3.12/site-packages/airflow/example_dags/tutorial_dag.py took 0.074 seconds
[2026-03-12T00:53:18.595+0000] {processor.py:186} INFO - Started process (PID=11572) to work on /home/ec2-user/environment/lab4_model_training/venv/lib64/python3.12/site-packages/airflow/example_dags/tutorial_dag.py
[2026-03-12T00:53:18.596+0000] {processor.py:914} INFO - Processing file /home/ec2-user/environment/lab4_model_training/venv/lib64/python3.12/site-packages/airflow/example_dags/tutorial_dag.py for tasks to queue
[2026-03-12T00:53:18.599+0000] {logging_mixin.py:190} INFO - [2026-03-12T00:53:18.599+0000] {dagbag.py:588} INFO - Filling up the DagBag from /home/ec2-user/environment/lab4_model_training/venv/lib64/python3.12/site-packages/airflow/example_dags/tutorial_dag.py
[2026-03-12T00:53:18.609+0000] {processor.py:925} INFO - DAG(s) 'tutorial_dag' retrieved from /home/ec2-user/environment/lab4_model_training/venv/lib64/python3.12/site-packages/airflow/example_dags/tutorial_dag.py
[2026-03-12T00:53:18.630+0000] {logging_mixin.py:190} INFO - [2026-03-12T00:53:18.630+0000] {dag.py:3239} INFO - Sync 1 DAGs
[2026-03-12T00:53:18.647+0000] {logging_mixin.py:190} INFO - [2026-03-12T00:53:18.647+0000] {dag.py:4180} INFO - Setting next_dagrun for tutorial_dag to None, run_after=None
[2026-03-12T00:53:18.670+0000] {processor.py:208} INFO - Processing /home/ec2-user/environment/lab4_model_training/venv/lib64/python3.12/site-packages/airflow/example_dags/tutorial_dag.py took 0.080 seconds
[2026-03-12T00:54:19.252+0000] {processor.py:186} INFO - Started process (PID=11796) to work on /home/ec2-user/environment/lab4_model_training/venv/lib64/python3.12/site-packages/airflow/example_dags/tutorial_dag.py
[2026-03-12T00:54:19.253+0000] {processor.py:914} INFO - Processing file /home/ec2-user/environment/lab4_model_training/venv/lib64/python3.12/site-packages/airflow/example_dags/tutorial_dag.py for tasks to queue
[2026-03-12T00:54:19.255+0000] {logging_mixin.py:190} INFO - [2026-03-12T00:54:19.255+0000] {dagbag.py:588} INFO - Filling up the DagBag from /home/ec2-user/environment/lab4_model_training/venv/lib64/python3.12/site-packages/airflow/example_dags/tutorial_dag.py
[2026-03-12T00:54:19.264+0000] {processor.py:925} INFO - DAG(s) 'tutorial_dag' retrieved from /home/ec2-user/environment/lab4_model_training/venv/lib64/python3.12/site-packages/airflow/example_dags/tutorial_dag.py
[2026-03-12T00:54:19.281+0000] {logging_mixin.py:190} INFO - [2026-03-12T00:54:19.281+0000] {dag.py:3239} INFO - Sync 1 DAGs
[2026-03-12T00:54:19.297+0000] {logging_mixin.py:190} INFO - [2026-03-12T00:54:19.297+0000] {dag.py:4180} INFO - Setting next_dagrun for tutorial_dag to None, run_after=None
[2026-03-12T00:54:19.320+0000] {processor.py:208} INFO - Processing /home/ec2-user/environment/lab4_model_training/venv/lib64/python3.12/site-packages/airflow/example_dags/tutorial_dag.py took 0.074 seconds
[2026-03-12T00:55:20.004+0000] {processor.py:186} INFO - Started process (PID=12080) to work on /home/ec2-user/environment/lab4_model_training/venv/lib64/python3.12/site-packages/airflow/example_dags/tutorial_dag.py
[2026-03-12T00:55:20.005+0000] {processor.py:914} INFO - Processing file /home/ec2-user/environment/lab4_model_training/venv/lib64/python3.12/site-packages/airflow/example_dags/tutorial_dag.py for tasks to queue
[2026-03-12T00:55:20.008+0000] {logging_mixin.py:190} INFO - [2026-03-12T00:55:20.008+0000] {dagbag.py:588} INFO - Filling up the DagBag from /home/ec2-user/environment/lab4_model_training/venv/lib64/python3.12/site-packages/airflow/example_dags/tutorial_dag.py
[2026-03-12T00:55:20.017+0000] {processor.py:925} INFO - DAG(s) 'tutorial_dag' retrieved from /home/ec2-user/environment/lab4_model_training/venv/lib64/python3.12/site-packages/airflow/example_dags/tutorial_dag.py
[2026-03-12T00:55:20.037+0000] {logging_mixin.py:190} INFO - [2026-03-12T00:55:20.037+0000] {dag.py:3239} INFO - Sync 1 DAGs
[2026-03-12T00:55:20.055+0000] {logging_mixin.py:190} INFO - [2026-03-12T00:55:20.055+0000] {dag.py:4180} INFO - Setting next_dagrun for tutorial_dag to None, run_after=None
[2026-03-12T00:55:20.079+0000] {processor.py:208} INFO - Processing /home/ec2-user/environment/lab4_model_training/venv/lib64/python3.12/site-packages/airflow/example_dags/tutorial_dag.py took 0.081 seconds
[2026-03-12T00:56:23.117+0000] {processor.py:186} INFO - Started process (PID=12316) to work on /home/ec2-user/environment/lab4_model_training/venv/lib64/python3.12/site-packages/airflow/example_dags/tutorial_dag.py
[2026-03-12T00:56:23.118+0000] {processor.py:914} INFO - Processing file /home/ec2-user/environment/lab4_model_training/venv/lib64/python3.12/site-packages/airflow/example_dags/tutorial_dag.py for tasks to queue
[2026-03-12T00:56:23.120+0000] {logging_mixin.py:190} INFO - [2026-03-12T00:56:23.120+0000] {dagbag.py:588} INFO - Filling up the DagBag from /home/ec2-user/environment/lab4_model_training/venv/lib64/python3.12/site-packages/airflow/example_dags/tutorial_dag.py
[2026-03-12T00:56:23.128+0000] {processor.py:925} INFO - DAG(s) 'tutorial_dag' retrieved from /home/ec2-user/environment/lab4_model_training/venv/lib64/python3.12/site-packages/airflow/example_dags/tutorial_dag.py
[2026-03-12T00:56:23.146+0000] {logging_mixin.py:190} INFO - [2026-03-12T00:56:23.145+0000] {dag.py:3239} INFO - Sync 1 DAGs
[2026-03-12T00:56:23.162+0000] {logging_mixin.py:190} INFO - [2026-03-12T00:56:23.161+0000] {dag.py:4180} INFO - Setting next_dagrun for tutorial_dag to None, run_after=None
[2026-03-12T00:56:23.183+0000] {processor.py:208} INFO - Processing /home/ec2-user/environment/lab4_model_training/venv/lib64/python3.12/site-packages/airflow/example_dags/tutorial_dag.py took 0.072 seconds
[2026-03-12T00:57:27.313+0000] {processor.py:186} INFO - Started process (PID=12602) to work on /home/ec2-user/environment/lab4_model_training/venv/lib64/python3.12/site-packages/airflow/example_dags/tutorial_dag.py
[2026-03-12T00:57:27.314+0000] {processor.py:914} INFO - Processing file /home/ec2-user/environment/lab4_model_training/venv/lib64/python3.12/site-packages/airflow/example_dags/tutorial_dag.py for tasks to queue
[2026-03-12T00:57:27.316+0000] {logging_mixin.py:190} INFO - [2026-03-12T00:57:27.316+0000] {dagbag.py:588} INFO - Filling up the DagBag from /home/ec2-user/environment/lab4_model_training/venv/lib64/python3.12/site-packages/airflow/example_dags/tutorial_dag.py
[2026-03-12T00:57:27.324+0000] {processor.py:925} INFO - DAG(s) 'tutorial_dag' retrieved from /home/ec2-user/environment/lab4_model_training/venv/lib64/python3.12/site-packages/airflow/example_dags/tutorial_dag.py
[2026-03-12T00:57:27.342+0000] {logging_mixin.py:190} INFO - [2026-03-12T00:57:27.342+0000] {dag.py:3239} INFO - Sync 1 DAGs
[2026-03-12T00:57:27.357+0000] {logging_mixin.py:190} INFO - [2026-03-12T00:57:27.357+0000] {dag.py:4180} INFO - Setting next_dagrun for tutorial_dag to None, run_after=None
[2026-03-12T00:57:27.379+0000] {processor.py:208} INFO - Processing /home/ec2-user/environment/lab4_model_training/venv/lib64/python3.12/site-packages/airflow/example_dags/tutorial_dag.py took 0.072 seconds
[2026-03-12T00:58:29.560+0000] {processor.py:186} INFO - Started process (PID=12886) to work on /home/ec2-user/environment/lab4_model_training/venv/lib64/python3.12/site-packages/airflow/example_dags/tutorial_dag.py
[2026-03-12T00:58:29.561+0000] {processor.py:914} INFO - Processing file /home/ec2-user/environment/lab4_model_training/venv/lib64/python3.12/site-packages/airflow/example_dags/tutorial_dag.py for tasks to queue
[2026-03-12T00:58:29.563+0000] {logging_mixin.py:190} INFO - [2026-03-12T00:58:29.563+0000] {dagbag.py:588} INFO - Filling up the DagBag from /home/ec2-user/environment/lab4_model_training/venv/lib64/python3.12/site-packages/airflow/example_dags/tutorial_dag.py
[2026-03-12T00:58:29.571+0000] {processor.py:925} INFO - DAG(s) 'tutorial_dag' retrieved from /home/ec2-user/environment/lab4_model_training/venv/lib64/python3.12/site-packages/airflow/example_dags/tutorial_dag.py
[2026-03-12T00:58:29.589+0000] {logging_mixin.py:190} INFO - [2026-03-12T00:58:29.589+0000] {dag.py:3239} INFO - Sync 1 DAGs
[2026-03-12T00:58:29.604+0000] {logging_mixin.py:190} INFO - [2026-03-12T00:58:29.604+0000] {dag.py:4180} INFO - Setting next_dagrun for tutorial_dag to None, run_after=None
[2026-03-12T00:58:29.627+0000] {processor.py:208} INFO - Processing /home/ec2-user/environment/lab4_model_training/venv/lib64/python3.12/site-packages/airflow/example_dags/tutorial_dag.py took 0.073 seconds
[2026-03-12T00:59:30.073+0000] {processor.py:186} INFO - Started process (PID=13147) to work on /home/ec2-user/environment/lab4_model_training/venv/lib64/python3.12/site-packages/airflow/example_dags/tutorial_dag.py
[2026-03-12T00:59:30.075+0000] {processor.py:914} INFO - Processing file /home/ec2-user/environment/lab4_model_training/venv/lib64/python3.12/site-packages/airflow/example_dags/tutorial_dag.py for tasks to queue
[2026-03-12T00:59:30.078+0000] {logging_mixin.py:190} INFO - [2026-03-12T00:59:30.078+0000] {dagbag.py:588} INFO - Filling up the DagBag from /home/ec2-user/environment/lab4_model_training/venv/lib64/python3.12/site-packages/airflow/example_dags/tutorial_dag.py
[2026-03-12T00:59:30.087+0000] {processor.py:925} INFO - DAG(s) 'tutorial_dag' retrieved from /home/ec2-user/environment/lab4_model_training/venv/lib64/python3.12/site-packages/airflow/example_dags/tutorial_dag.py
[2026-03-12T00:59:30.106+0000] {logging_mixin.py:190} INFO - [2026-03-12T00:59:30.105+0000] {dag.py:3239} INFO - Sync 1 DAGs
[2026-03-12T00:59:30.122+0000] {logging_mixin.py:190} INFO - [2026-03-12T00:59:30.122+0000] {dag.py:4180} INFO - Setting next_dagrun for tutorial_dag to None, run_after=None
[2026-03-12T00:59:30.148+0000] {processor.py:208} INFO - Processing /home/ec2-user/environment/lab4_model_training/venv/lib64/python3.12/site-packages/airflow/example_dags/tutorial_dag.py took 0.081 seconds
[2026-03-12T01:00:35.962+0000] {processor.py:186} INFO - Started process (PID=13436) to work on /home/ec2-user/environment/lab4_model_training/venv/lib64/python3.12/site-packages/airflow/example_dags/tutorial_dag.py
[2026-03-12T01:00:35.963+0000] {processor.py:914} INFO - Processing file /home/ec2-user/environment/lab4_model_training/venv/lib64/python3.12/site-packages/airflow/example_dags/tutorial_dag.py for tasks to queue
[2026-03-12T01:00:35.966+0000] {logging_mixin.py:190} INFO - [2026-03-12T01:00:35.966+0000] {dagbag.py:588} INFO - Filling up the DagBag from /home/ec2-user/environment/lab4_model_training/venv/lib64/python3.12/site-packages/airflow/example_dags/tutorial_dag.py
[2026-03-12T01:00:35.975+0000] {processor.py:925} INFO - DAG(s) 'tutorial_dag' retrieved from /home/ec2-user/environment/lab4_model_training/venv/lib64/python3.12/site-packages/airflow/example_dags/tutorial_dag.py
[2026-03-12T01:00:35.996+0000] {logging_mixin.py:190} INFO - [2026-03-12T01:00:35.996+0000] {dag.py:3239} INFO - Sync 1 DAGs
[2026-03-12T01:00:36.014+0000] {logging_mixin.py:190} INFO - [2026-03-12T01:00:36.014+0000] {dag.py:4180} INFO - Setting next_dagrun for tutorial_dag to None, run_after=None
[2026-03-12T01:00:36.038+0000] {processor.py:208} INFO - Processing /home/ec2-user/environment/lab4_model_training/venv/lib64/python3.12/site-packages/airflow/example_dags/tutorial_dag.py took 0.082 seconds
[2026-03-12T01:01:38.982+0000] {processor.py:186} INFO - Started process (PID=13698) to work on /home/ec2-user/environment/lab4_model_training/venv/lib64/python3.12/site-packages/airflow/example_dags/tutorial_dag.py
[2026-03-12T01:01:38.983+0000] {processor.py:914} INFO - Processing file /home/ec2-user/environment/lab4_model_training/venv/lib64/python3.12/site-packages/airflow/example_dags/tutorial_dag.py for tasks to queue
[2026-03-12T01:01:38.986+0000] {logging_mixin.py:190} INFO - [2026-03-12T01:01:38.986+0000] {dagbag.py:588} INFO - Filling up the DagBag from /home/ec2-user/environment/lab4_model_training/venv/lib64/python3.12/site-packages/airflow/example_dags/tutorial_dag.py
[2026-03-12T01:01:38.996+0000] {processor.py:925} INFO - DAG(s) 'tutorial_dag' retrieved from /home/ec2-user/environment/lab4_model_training/venv/lib64/python3.12/site-packages/airflow/example_dags/tutorial_dag.py
[2026-03-12T01:01:39.017+0000] {logging_mixin.py:190} INFO - [2026-03-12T01:01:39.017+0000] {dag.py:3239} INFO - Sync 1 DAGs
[2026-03-12T01:01:39.034+0000] {logging_mixin.py:190} INFO - [2026-03-12T01:01:39.034+0000] {dag.py:4180} INFO - Setting next_dagrun for tutorial_dag to None, run_after=None
[2026-03-12T01:01:39.058+0000] {processor.py:208} INFO - Processing /home/ec2-user/environment/lab4_model_training/venv/lib64/python3.12/site-packages/airflow/example_dags/tutorial_dag.py took 0.081 seconds
[2026-03-12T01:02:44.404+0000] {processor.py:186} INFO - Started process (PID=13994) to work on /home/ec2-user/environment/lab4_model_training/venv/lib64/python3.12/site-packages/airflow/example_dags/tutorial_dag.py
[2026-03-12T01:02:44.405+0000] {processor.py:914} INFO - Processing file /home/ec2-user/environment/lab4_model_training/venv/lib64/python3.12/site-packages/airflow/example_dags/tutorial_dag.py for tasks to queue
[2026-03-12T01:02:44.408+0000] {logging_mixin.py:190} INFO - [2026-03-12T01:02:44.408+0000] {dagbag.py:588} INFO - Filling up the DagBag from /home/ec2-user/environment/lab4_model_training/venv/lib64/python3.12/site-packages/airflow/example_dags/tutorial_dag.py
[2026-03-12T01:02:44.417+0000] {processor.py:925} INFO - DAG(s) 'tutorial_dag' retrieved from /home/ec2-user/environment/lab4_model_training/venv/lib64/python3.12/site-packages/airflow/example_dags/tutorial_dag.py
[2026-03-12T01:02:44.435+0000] {logging_mixin.py:190} INFO - [2026-03-12T01:02:44.435+0000] {dag.py:3239} INFO - Sync 1 DAGs
[2026-03-12T01:02:44.452+0000] {logging_mixin.py:190} INFO - [2026-03-12T01:02:44.452+0000] {dag.py:4180} INFO - Setting next_dagrun for tutorial_dag to None, run_after=None
[2026-03-12T01:02:44.477+0000] {processor.py:208} INFO - Processing /home/ec2-user/environment/lab4_model_training/venv/lib64/python3.12/site-packages/airflow/example_dags/tutorial_dag.py took 0.079 seconds
[2026-03-12T01:03:46.866+0000] {processor.py:186} INFO - Started process (PID=14227) to work on /home/ec2-user/environment/lab4_model_training/venv/lib64/python3.12/site-packages/airflow/example_dags/tutorial_dag.py
[2026-03-12T01:03:46.867+0000] {processor.py:914} INFO - Processing file /home/ec2-user/environment/lab4_model_training/venv/lib64/python3.12/site-packages/airflow/example_dags/tutorial_dag.py for tasks to queue
[2026-03-12T01:03:46.870+0000] {logging_mixin.py:190} INFO - [2026-03-12T01:03:46.870+0000] {dagbag.py:588} INFO - Filling up the DagBag from /home/ec2-user/environment/lab4_model_training/venv/lib64/python3.12/site-packages/airflow/example_dags/tutorial_dag.py
[2026-03-12T01:03:46.879+0000] {processor.py:925} INFO - DAG(s) 'tutorial_dag' retrieved from /home/ec2-user/environment/lab4_model_training/venv/lib64/python3.12/site-packages/airflow/example_dags/tutorial_dag.py
[2026-03-12T01:03:46.899+0000] {logging_mixin.py:190} INFO - [2026-03-12T01:03:46.898+0000] {dag.py:3239} INFO - Sync 1 DAGs
[2026-03-12T01:03:46.915+0000] {logging_mixin.py:190} INFO - [2026-03-12T01:03:46.915+0000] {dag.py:4180} INFO - Setting next_dagrun for tutorial_dag to None, run_after=None
[2026-03-12T01:03:46.939+0000] {processor.py:208} INFO - Processing /home/ec2-user/environment/lab4_model_training/venv/lib64/python3.12/site-packages/airflow/example_dags/tutorial_dag.py took 0.079 seconds
[2026-03-12T01:04:57.925+0000] {processor.py:186} INFO - Started process (PID=14543) to work on /home/ec2-user/environment/lab4_model_training/venv/lib64/python3.12/site-packages/airflow/example_dags/tutorial_dag.py
[2026-03-12T01:04:57.926+0000] {processor.py:914} INFO - Processing file /home/ec2-user/environment/lab4_model_training/venv/lib64/python3.12/site-packages/airflow/example_dags/tutorial_dag.py for tasks to queue
[2026-03-12T01:04:57.929+0000] {logging_mixin.py:190} INFO - [2026-03-12T01:04:57.929+0000] {dagbag.py:588} INFO - Filling up the DagBag from /home/ec2-user/environment/lab4_model_training/venv/lib64/python3.12/site-packages/airflow/example_dags/tutorial_dag.py
[2026-03-12T01:04:57.938+0000] {processor.py:925} INFO - DAG(s) 'tutorial_dag' retrieved from /home/ec2-user/environment/lab4_model_training/venv/lib64/python3.12/site-packages/airflow/example_dags/tutorial_dag.py
[2026-03-12T01:04:57.957+0000] {logging_mixin.py:190} INFO - [2026-03-12T01:04:57.957+0000] {dag.py:3239} INFO - Sync 1 DAGs
[2026-03-12T01:04:57.974+0000] {logging_mixin.py:190} INFO - [2026-03-12T01:04:57.974+0000] {dag.py:4180} INFO - Setting next_dagrun for tutorial_dag to None, run_after=None
[2026-03-12T01:04:57.997+0000] {processor.py:208} INFO - Processing /home/ec2-user/environment/lab4_model_training/venv/lib64/python3.12/site-packages/airflow/example_dags/tutorial_dag.py took 0.077 seconds
[2026-03-12T01:05:56.538+0000] {processor.py:186} INFO - Started process (PID=14785) to work on /home/ec2-user/environment/lab4_model_training/venv/lib64/python3.12/site-packages/airflow/example_dags/tutorial_dag.py
[2026-03-12T01:05:56.539+0000] {processor.py:914} INFO - Processing file /home/ec2-user/environment/lab4_model_training/venv/lib64/python3.12/site-packages/airflow/example_dags/tutorial_dag.py for tasks to queue
[2026-03-12T01:05:56.542+0000] {logging_mixin.py:190} INFO - [2026-03-12T01:05:56.542+0000] {dagbag.py:588} INFO - Filling up the DagBag from /home/ec2-user/environment/lab4_model_training/venv/lib64/python3.12/site-packages/airflow/example_dags/tutorial_dag.py
[2026-03-12T01:05:56.552+0000] {processor.py:925} INFO - DAG(s) 'tutorial_dag' retrieved from /home/ec2-user/environment/lab4_model_training/venv/lib64/python3.12/site-packages/airflow/example_dags/tutorial_dag.py
[2026-03-12T01:05:56.570+0000] {logging_mixin.py:190} INFO - [2026-03-12T01:05:56.570+0000] {dag.py:3239} INFO - Sync 1 DAGs
[2026-03-12T01:05:56.586+0000] {logging_mixin.py:190} INFO - [2026-03-12T01:05:56.586+0000] {dag.py:4180} INFO - Setting next_dagrun for tutorial_dag to None, run_after=None
[2026-03-12T01:05:56.610+0000] {processor.py:208} INFO - Processing /home/ec2-user/environment/lab4_model_training/venv/lib64/python3.12/site-packages/airflow/example_dags/tutorial_dag.py took 0.077 seconds
[2026-03-12T01:06:56.269+0000] {processor.py:186} INFO - Started process (PID=15065) to work on /home/ec2-user/environment/lab4_model_training/venv/lib64/python3.12/site-packages/airflow/example_dags/tutorial_dag.py
[2026-03-12T01:06:56.270+0000] {processor.py:914} INFO - Processing file /home/ec2-user/environment/lab4_model_training/venv/lib64/python3.12/site-packages/airflow/example_dags/tutorial_dag.py for tasks to queue
[2026-03-12T01:06:56.272+0000] {logging_mixin.py:190} INFO - [2026-03-12T01:06:56.271+0000] {dagbag.py:588} INFO - Filling up the DagBag from /home/ec2-user/environment/lab4_model_training/venv/lib64/python3.12/site-packages/airflow/example_dags/tutorial_dag.py
[2026-03-12T01:06:56.280+0000] {processor.py:925} INFO - DAG(s) 'tutorial_dag' retrieved from /home/ec2-user/environment/lab4_model_training/venv/lib64/python3.12/site-packages/airflow/example_dags/tutorial_dag.py
[2026-03-12T01:06:56.298+0000] {logging_mixin.py:190} INFO - [2026-03-12T01:06:56.298+0000] {dag.py:3239} INFO - Sync 1 DAGs
[2026-03-12T01:06:56.313+0000] {logging_mixin.py:190} INFO - [2026-03-12T01:06:56.313+0000] {dag.py:4180} INFO - Setting next_dagrun for tutorial_dag to None, run_after=None
[2026-03-12T01:06:56.337+0000] {processor.py:208} INFO - Processing /home/ec2-user/environment/lab4_model_training/venv/lib64/python3.12/site-packages/airflow/example_dags/tutorial_dag.py took 0.074 seconds
[2026-03-12T01:07:57.792+0000] {processor.py:186} INFO - Started process (PID=15358) to work on /home/ec2-user/environment/lab4_model_training/venv/lib64/python3.12/site-packages/airflow/example_dags/tutorial_dag.py
[2026-03-12T01:07:57.793+0000] {processor.py:914} INFO - Processing file /home/ec2-user/environment/lab4_model_training/venv/lib64/python3.12/site-packages/airflow/example_dags/tutorial_dag.py for tasks to queue
[2026-03-12T01:07:57.795+0000] {logging_mixin.py:190} INFO - [2026-03-12T01:07:57.795+0000] {dagbag.py:588} INFO - Filling up the DagBag from /home/ec2-user/environment/lab4_model_training/venv/lib64/python3.12/site-packages/airflow/example_dags/tutorial_dag.py
[2026-03-12T01:07:57.804+0000] {processor.py:925} INFO - DAG(s) 'tutorial_dag' retrieved from /home/ec2-user/environment/lab4_model_training/venv/lib64/python3.12/site-packages/airflow/example_dags/tutorial_dag.py
[2026-03-12T01:07:57.821+0000] {logging_mixin.py:190} INFO - [2026-03-12T01:07:57.821+0000] {dag.py:3239} INFO - Sync 1 DAGs
[2026-03-12T01:07:57.838+0000] {logging_mixin.py:190} INFO - [2026-03-12T01:07:57.837+0000] {dag.py:4180} INFO - Setting next_dagrun for tutorial_dag to None, run_after=None
[2026-03-12T01:07:57.860+0000] {processor.py:208} INFO - Processing /home/ec2-user/environment/lab4_model_training/venv/lib64/python3.12/site-packages/airflow/example_dags/tutorial_dag.py took 0.073 seconds
[2026-03-12T01:09:01.524+0000] {processor.py:186} INFO - Started process (PID=15609) to work on /home/ec2-user/environment/lab4_model_training/venv/lib64/python3.12/site-packages/airflow/example_dags/tutorial_dag.py
[2026-03-12T01:09:01.526+0000] {processor.py:914} INFO - Processing file /home/ec2-user/environment/lab4_model_training/venv/lib64/python3.12/site-packages/airflow/example_dags/tutorial_dag.py for tasks to queue
[2026-03-12T01:09:01.528+0000] {logging_mixin.py:190} INFO - [2026-03-12T01:09:01.527+0000] {dagbag.py:588} INFO - Filling up the DagBag from /home/ec2-user/environment/lab4_model_training/venv/lib64/python3.12/site-packages/airflow/example_dags/tutorial_dag.py
[2026-03-12T01:09:01.536+0000] {processor.py:925} INFO - DAG(s) 'tutorial_dag' retrieved from /home/ec2-user/environment/lab4_model_training/venv/lib64/python3.12/site-packages/airflow/example_dags/tutorial_dag.py
[2026-03-12T01:09:01.554+0000] {logging_mixin.py:190} INFO - [2026-03-12T01:09:01.554+0000] {dag.py:3239} INFO - Sync 1 DAGs
[2026-03-12T01:09:01.570+0000] {logging_mixin.py:190} INFO - [2026-03-12T01:09:01.570+0000] {dag.py:4180} INFO - Setting next_dagrun for tutorial_dag to None, run_after=None
[2026-03-12T01:09:01.593+0000] {processor.py:208} INFO - Processing /home/ec2-user/environment/lab4_model_training/venv/lib64/python3.12/site-packages/airflow/example_dags/tutorial_dag.py took 0.075 seconds
[2026-03-12T01:10:03.171+0000] {processor.py:186} INFO - Started process (PID=15897) to work on /home/ec2-user/environment/lab4_model_training/venv/lib64/python3.12/site-packages/airflow/example_dags/tutorial_dag.py
[2026-03-12T01:10:03.172+0000] {processor.py:914} INFO - Processing file /home/ec2-user/environment/lab4_model_training/venv/lib64/python3.12/site-packages/airflow/example_dags/tutorial_dag.py for tasks to queue
[2026-03-12T01:10:03.175+0000] {logging_mixin.py:190} INFO - [2026-03-12T01:10:03.174+0000] {dagbag.py:588} INFO - Filling up the DagBag from /home/ec2-user/environment/lab4_model_training/venv/lib64/python3.12/site-packages/airflow/example_dags/tutorial_dag.py
[2026-03-12T01:10:03.183+0000] {processor.py:925} INFO - DAG(s) 'tutorial_dag' retrieved from /home/ec2-user/environment/lab4_model_training/venv/lib64/python3.12/site-packages/airflow/example_dags/tutorial_dag.py
[2026-03-12T01:10:03.201+0000] {logging_mixin.py:190} INFO - [2026-03-12T01:10:03.201+0000] {dag.py:3239} INFO - Sync 1 DAGs
[2026-03-12T01:10:03.217+0000] {logging_mixin.py:190} INFO - [2026-03-12T01:10:03.217+0000] {dag.py:4180} INFO - Setting next_dagrun for tutorial_dag to None, run_after=None
[2026-03-12T01:10:03.241+0000] {processor.py:208} INFO - Processing /home/ec2-user/environment/lab4_model_training/venv/lib64/python3.12/site-packages/airflow/example_dags/tutorial_dag.py took 0.076 seconds
[2026-03-12T01:11:09.476+0000] {processor.py:186} INFO - Started process (PID=16197) to work on /home/ec2-user/environment/lab4_model_training/venv/lib64/python3.12/site-packages/airflow/example_dags/tutorial_dag.py
[2026-03-12T01:11:09.477+0000] {processor.py:914} INFO - Processing file /home/ec2-user/environment/lab4_model_training/venv/lib64/python3.12/site-packages/airflow/example_dags/tutorial_dag.py for tasks to queue
[2026-03-12T01:11:09.479+0000] {logging_mixin.py:190} INFO - [2026-03-12T01:11:09.479+0000] {dagbag.py:588} INFO - Filling up the DagBag from /home/ec2-user/environment/lab4_model_training/venv/lib64/python3.12/site-packages/airflow/example_dags/tutorial_dag.py
[2026-03-12T01:11:09.487+0000] {processor.py:925} INFO - DAG(s) 'tutorial_dag' retrieved from /home/ec2-user/environment/lab4_model_training/venv/lib64/python3.12/site-packages/airflow/example_dags/tutorial_dag.py
[2026-03-12T01:11:09.505+0000] {logging_mixin.py:190} INFO - [2026-03-12T01:11:09.505+0000] {dag.py:3239} INFO - Sync 1 DAGs
[2026-03-12T01:11:09.521+0000] {logging_mixin.py:190} INFO - [2026-03-12T01:11:09.521+0000] {dag.py:4180} INFO - Setting next_dagrun for tutorial_dag to None, run_after=None
[2026-03-12T01:11:09.543+0000] {processor.py:208} INFO - Processing /home/ec2-user/environment/lab4_model_training/venv/lib64/python3.12/site-packages/airflow/example_dags/tutorial_dag.py took 0.073 seconds
[2026-03-12T01:12:14.110+0000] {processor.py:186} INFO - Started process (PID=16446) to work on /home/ec2-user/environment/lab4_model_training/venv/lib64/python3.12/site-packages/airflow/example_dags/tutorial_dag.py
[2026-03-12T01:12:14.111+0000] {processor.py:914} INFO - Processing file /home/ec2-user/environment/lab4_model_training/venv/lib64/python3.12/site-packages/airflow/example_dags/tutorial_dag.py for tasks to queue
[2026-03-12T01:12:14.114+0000] {logging_mixin.py:190} INFO - [2026-03-12T01:12:14.114+0000] {dagbag.py:588} INFO - Filling up the DagBag from /home/ec2-user/environment/lab4_model_training/venv/lib64/python3.12/site-packages/airflow/example_dags/tutorial_dag.py
[2026-03-12T01:12:14.123+0000] {processor.py:925} INFO - DAG(s) 'tutorial_dag' retrieved from /home/ec2-user/environment/lab4_model_training/venv/lib64/python3.12/site-packages/airflow/example_dags/tutorial_dag.py
[2026-03-12T01:12:14.140+0000] {logging_mixin.py:190} INFO - [2026-03-12T01:12:14.140+0000] {dag.py:3239} INFO - Sync 1 DAGs
[2026-03-12T01:12:14.157+0000] {logging_mixin.py:190} INFO - [2026-03-12T01:12:14.157+0000] {dag.py:4180} INFO - Setting next_dagrun for tutorial_dag to None, run_after=None
[2026-03-12T01:12:14.181+0000] {processor.py:208} INFO - Processing /home/ec2-user/environment/lab4_model_training/venv/lib64/python3.12/site-packages/airflow/example_dags/tutorial_dag.py took 0.077 seconds
[2026-03-12T01:13:17.322+0000] {processor.py:186} INFO - Started process (PID=16741) to work on /home/ec2-user/environment/lab4_model_training/venv/lib64/python3.12/site-packages/airflow/example_dags/tutorial_dag.py
[2026-03-12T01:13:17.323+0000] {processor.py:914} INFO - Processing file /home/ec2-user/environment/lab4_model_training/venv/lib64/python3.12/site-packages/airflow/example_dags/tutorial_dag.py for tasks to queue
[2026-03-12T01:13:17.326+0000] {logging_mixin.py:190} INFO - [2026-03-12T01:13:17.326+0000] {dagbag.py:588} INFO - Filling up the DagBag from /home/ec2-user/environment/lab4_model_training/venv/lib64/python3.12/site-packages/airflow/example_dags/tutorial_dag.py
[2026-03-12T01:13:17.335+0000] {processor.py:925} INFO - DAG(s) 'tutorial_dag' retrieved from /home/ec2-user/environment/lab4_model_training/venv/lib64/python3.12/site-packages/airflow/example_dags/tutorial_dag.py
[2026-03-12T01:13:17.355+0000] {logging_mixin.py:190} INFO - [2026-03-12T01:13:17.354+0000] {dag.py:3239} INFO - Sync 1 DAGs
[2026-03-12T01:13:17.372+0000] {logging_mixin.py:190} INFO - [2026-03-12T01:13:17.372+0000] {dag.py:4180} INFO - Setting next_dagrun for tutorial_dag to None, run_after=None
[2026-03-12T01:13:17.396+0000] {processor.py:208} INFO - Processing /home/ec2-user/environment/lab4_model_training/venv/lib64/python3.12/site-packages/airflow/example_dags/tutorial_dag.py took 0.079 seconds
[2026-03-12T01:14:21.535+0000] {processor.py:186} INFO - Started process (PID=17060) to work on /home/ec2-user/environment/lab4_model_training/venv/lib64/python3.12/site-packages/airflow/example_dags/tutorial_dag.py
[2026-03-12T01:14:21.536+0000] {processor.py:914} INFO - Processing file /home/ec2-user/environment/lab4_model_training/venv/lib64/python3.12/site-packages/airflow/example_dags/tutorial_dag.py for tasks to queue
[2026-03-12T01:14:21.539+0000] {logging_mixin.py:190} INFO - [2026-03-12T01:14:21.538+0000] {dagbag.py:588} INFO - Filling up the DagBag from /home/ec2-user/environment/lab4_model_training/venv/lib64/python3.12/site-packages/airflow/example_dags/tutorial_dag.py
[2026-03-12T01:14:21.547+0000] {processor.py:925} INFO - DAG(s) 'tutorial_dag' retrieved from /home/ec2-user/environment/lab4_model_training/venv/lib64/python3.12/site-packages/airflow/example_dags/tutorial_dag.py
[2026-03-12T01:14:21.565+0000] {logging_mixin.py:190} INFO - [2026-03-12T01:14:21.565+0000] {dag.py:3239} INFO - Sync 1 DAGs
[2026-03-12T01:14:21.581+0000] {logging_mixin.py:190} INFO - [2026-03-12T01:14:21.581+0000] {dag.py:4180} INFO - Setting next_dagrun for tutorial_dag to None, run_after=None
[2026-03-12T01:14:21.605+0000] {processor.py:208} INFO - Processing /home/ec2-user/environment/lab4_model_training/venv/lib64/python3.12/site-packages/airflow/example_dags/tutorial_dag.py took 0.076 seconds
[2026-03-12T01:15:24.152+0000] {processor.py:186} INFO - Started process (PID=17357) to work on /home/ec2-user/environment/lab4_model_training/venv/lib64/python3.12/site-packages/airflow/example_dags/tutorial_dag.py
[2026-03-12T01:15:24.154+0000] {processor.py:914} INFO - Processing file /home/ec2-user/environment/lab4_model_training/venv/lib64/python3.12/site-packages/airflow/example_dags/tutorial_dag.py for tasks to queue
[2026-03-12T01:15:24.157+0000] {logging_mixin.py:190} INFO - [2026-03-12T01:15:24.157+0000] {dagbag.py:588} INFO - Filling up the DagBag from /home/ec2-user/environment/lab4_model_training/venv/lib64/python3.12/site-packages/airflow/example_dags/tutorial_dag.py
[2026-03-12T01:15:24.166+0000] {processor.py:925} INFO - DAG(s) 'tutorial_dag' retrieved from /home/ec2-user/environment/lab4_model_training/venv/lib64/python3.12/site-packages/airflow/example_dags/tutorial_dag.py
[2026-03-12T01:15:24.185+0000] {logging_mixin.py:190} INFO - [2026-03-12T01:15:24.185+0000] {dag.py:3239} INFO - Sync 1 DAGs
[2026-03-12T01:15:24.203+0000] {logging_mixin.py:190} INFO - [2026-03-12T01:15:24.202+0000] {dag.py:4180} INFO - Setting next_dagrun for tutorial_dag to None, run_after=None
[2026-03-12T01:15:24.226+0000] {processor.py:208} INFO - Processing /home/ec2-user/environment/lab4_model_training/venv/lib64/python3.12/site-packages/airflow/example_dags/tutorial_dag.py took 0.080 seconds
[2026-03-12T01:16:24.685+0000] {processor.py:186} INFO - Started process (PID=17643) to work on /home/ec2-user/environment/lab4_model_training/venv/lib64/python3.12/site-packages/airflow/example_dags/tutorial_dag.py
[2026-03-12T01:16:24.686+0000] {processor.py:914} INFO - Processing file /home/ec2-user/environment/lab4_model_training/venv/lib64/python3.12/site-packages/airflow/example_dags/tutorial_dag.py for tasks to queue
[2026-03-12T01:16:24.689+0000] {logging_mixin.py:190} INFO - [2026-03-12T01:16:24.688+0000] {dagbag.py:588} INFO - Filling up the DagBag from /home/ec2-user/environment/lab4_model_training/venv/lib64/python3.12/site-packages/airflow/example_dags/tutorial_dag.py
[2026-03-12T01:16:24.700+0000] {processor.py:925} INFO - DAG(s) 'tutorial_dag' retrieved from /home/ec2-user/environment/lab4_model_training/venv/lib64/python3.12/site-packages/airflow/example_dags/tutorial_dag.py
[2026-03-12T01:16:24.721+0000] {logging_mixin.py:190} INFO - [2026-03-12T01:16:24.721+0000] {dag.py:3239} INFO - Sync 1 DAGs
[2026-03-12T01:16:24.738+0000] {logging_mixin.py:190} INFO - [2026-03-12T01:16:24.738+0000] {dag.py:4180} INFO - Setting next_dagrun for tutorial_dag to None, run_after=None
[2026-03-12T01:16:24.762+0000] {processor.py:208} INFO - Processing /home/ec2-user/environment/lab4_model_training/venv/lib64/python3.12/site-packages/airflow/example_dags/tutorial_dag.py took 0.083 seconds
[2026-03-12T01:17:41.097+0000] {processor.py:186} INFO - Started process (PID=17977) to work on /home/ec2-user/environment/lab4_model_training/venv/lib64/python3.12/site-packages/airflow/example_dags/tutorial_dag.py
[2026-03-12T01:17:41.099+0000] {processor.py:914} INFO - Processing file /home/ec2-user/environment/lab4_model_training/venv/lib64/python3.12/site-packages/airflow/example_dags/tutorial_dag.py for tasks to queue
[2026-03-12T01:17:41.101+0000] {logging_mixin.py:190} INFO - [2026-03-12T01:17:41.100+0000] {dagbag.py:588} INFO - Filling up the DagBag from /home/ec2-user/environment/lab4_model_training/venv/lib64/python3.12/site-packages/airflow/example_dags/tutorial_dag.py
[2026-03-12T01:17:41.109+0000] {processor.py:925} INFO - DAG(s) 'tutorial_dag' retrieved from /home/ec2-user/environment/lab4_model_training/venv/lib64/python3.12/site-packages/airflow/example_dags/tutorial_dag.py
[2026-03-12T01:17:41.127+0000] {logging_mixin.py:190} INFO - [2026-03-12T01:17:41.127+0000] {dag.py:3239} INFO - Sync 1 DAGs
[2026-03-12T01:17:41.143+0000] {logging_mixin.py:190} INFO - [2026-03-12T01:17:41.143+0000] {dag.py:4180} INFO - Setting next_dagrun for tutorial_dag to None, run_after=None
[2026-03-12T01:17:41.167+0000] {processor.py:208} INFO - Processing /home/ec2-user/environment/lab4_model_training/venv/lib64/python3.12/site-packages/airflow/example_dags/tutorial_dag.py took 0.076 seconds
[2026-03-12T01:18:40.972+0000] {processor.py:186} INFO - Started process (PID=18259) to work on /home/ec2-user/environment/lab4_model_training/venv/lib64/python3.12/site-packages/airflow/example_dags/tutorial_dag.py
[2026-03-12T01:18:40.974+0000] {processor.py:914} INFO - Processing file /home/ec2-user/environment/lab4_model_training/venv/lib64/python3.12/site-packages/airflow/example_dags/tutorial_dag.py for tasks to queue
[2026-03-12T01:18:40.977+0000] {logging_mixin.py:190} INFO - [2026-03-12T01:18:40.976+0000] {dagbag.py:588} INFO - Filling up the DagBag from /home/ec2-user/environment/lab4_model_training/venv/lib64/python3.12/site-packages/airflow/example_dags/tutorial_dag.py
[2026-03-12T01:18:40.986+0000] {processor.py:925} INFO - DAG(s) 'tutorial_dag' retrieved from /home/ec2-user/environment/lab4_model_training/venv/lib64/python3.12/site-packages/airflow/example_dags/tutorial_dag.py
[2026-03-12T01:18:41.006+0000] {logging_mixin.py:190} INFO - [2026-03-12T01:18:41.006+0000] {dag.py:3239} INFO - Sync 1 DAGs
[2026-03-12T01:18:41.022+0000] {logging_mixin.py:190} INFO - [2026-03-12T01:18:41.022+0000] {dag.py:4180} INFO - Setting next_dagrun for tutorial_dag to None, run_after=None
[2026-03-12T01:18:41.047+0000] {processor.py:208} INFO - Processing /home/ec2-user/environment/lab4_model_training/venv/lib64/python3.12/site-packages/airflow/example_dags/tutorial_dag.py took 0.080 seconds
[2026-03-12T01:19:53.487+0000] {processor.py:186} INFO - Started process (PID=18529) to work on /home/ec2-user/environment/lab4_model_training/venv/lib64/python3.12/site-packages/airflow/example_dags/tutorial_dag.py
[2026-03-12T01:19:53.488+0000] {processor.py:914} INFO - Processing file /home/ec2-user/environment/lab4_model_training/venv/lib64/python3.12/site-packages/airflow/example_dags/tutorial_dag.py for tasks to queue
[2026-03-12T01:19:53.491+0000] {logging_mixin.py:190} INFO - [2026-03-12T01:19:53.490+0000] {dagbag.py:588} INFO - Filling up the DagBag from /home/ec2-user/environment/lab4_model_training/venv/lib64/python3.12/site-packages/airflow/example_dags/tutorial_dag.py
[2026-03-12T01:19:53.500+0000] {processor.py:925} INFO - DAG(s) 'tutorial_dag' retrieved from /home/ec2-user/environment/lab4_model_training/venv/lib64/python3.12/site-packages/airflow/example_dags/tutorial_dag.py
[2026-03-12T01:19:53.519+0000] {logging_mixin.py:190} INFO - [2026-03-12T01:19:53.519+0000] {dag.py:3239} INFO - Sync 1 DAGs
[2026-03-12T01:19:53.536+0000] {logging_mixin.py:190} INFO - [2026-03-12T01:19:53.535+0000] {dag.py:4180} INFO - Setting next_dagrun for tutorial_dag to None, run_after=None
[2026-03-12T01:19:53.559+0000] {processor.py:208} INFO - Processing /home/ec2-user/environment/lab4_model_training/venv/lib64/python3.12/site-packages/airflow/example_dags/tutorial_dag.py took 0.078 seconds
[2026-03-12T01:20:56.765+0000] {processor.py:186} INFO - Started process (PID=18815) to work on /home/ec2-user/environment/lab4_model_training/venv/lib64/python3.12/site-packages/airflow/example_dags/tutorial_dag.py
[2026-03-12T01:20:56.766+0000] {processor.py:914} INFO - Processing file /home/ec2-user/environment/lab4_model_training/venv/lib64/python3.12/site-packages/airflow/example_dags/tutorial_dag.py for tasks to queue
[2026-03-12T01:20:56.769+0000] {logging_mixin.py:190} INFO - [2026-03-12T01:20:56.769+0000] {dagbag.py:588} INFO - Filling up the DagBag from /home/ec2-user/environment/lab4_model_training/venv/lib64/python3.12/site-packages/airflow/example_dags/tutorial_dag.py
[2026-03-12T01:20:56.779+0000] {processor.py:925} INFO - DAG(s) 'tutorial_dag' retrieved from /home/ec2-user/environment/lab4_model_training/venv/lib64/python3.12/site-packages/airflow/example_dags/tutorial_dag.py
[2026-03-12T01:20:56.798+0000] {logging_mixin.py:190} INFO - [2026-03-12T01:20:56.797+0000] {dag.py:3239} INFO - Sync 1 DAGs
[2026-03-12T01:20:56.815+0000] {logging_mixin.py:190} INFO - [2026-03-12T01:20:56.815+0000] {dag.py:4180} INFO - Setting next_dagrun for tutorial_dag to None, run_after=None
[2026-03-12T01:20:56.838+0000] {processor.py:208} INFO - Processing /home/ec2-user/environment/lab4_model_training/venv/lib64/python3.12/site-packages/airflow/example_dags/tutorial_dag.py took 0.081 seconds
[2026-03-12T01:22:03.312+0000] {processor.py:186} INFO - Started process (PID=19098) to work on /home/ec2-user/environment/lab4_model_training/venv/lib64/python3.12/site-packages/airflow/example_dags/tutorial_dag.py
[2026-03-12T01:22:03.313+0000] {processor.py:914} INFO - Processing file /home/ec2-user/environment/lab4_model_training/venv/lib64/python3.12/site-packages/airflow/example_dags/tutorial_dag.py for tasks to queue
[2026-03-12T01:22:03.315+0000] {logging_mixin.py:190} INFO - [2026-03-12T01:22:03.315+0000] {dagbag.py:588} INFO - Filling up the DagBag from /home/ec2-user/environment/lab4_model_training/venv/lib64/python3.12/site-packages/airflow/example_dags/tutorial_dag.py
[2026-03-12T01:22:03.323+0000] {processor.py:925} INFO - DAG(s) 'tutorial_dag' retrieved from /home/ec2-user/environment/lab4_model_training/venv/lib64/python3.12/site-packages/airflow/example_dags/tutorial_dag.py
[2026-03-12T01:22:03.342+0000] {logging_mixin.py:190} INFO - [2026-03-12T01:22:03.342+0000] {dag.py:3239} INFO - Sync 1 DAGs
[2026-03-12T01:22:03.359+0000] {logging_mixin.py:190} INFO - [2026-03-12T01:22:03.358+0000] {dag.py:4180} INFO - Setting next_dagrun for tutorial_dag to None, run_after=None
[2026-03-12T01:22:03.383+0000] {processor.py:208} INFO - Processing /home/ec2-user/environment/lab4_model_training/venv/lib64/python3.12/site-packages/airflow/example_dags/tutorial_dag.py took 0.077 seconds
[2026-03-12T01:23:15.726+0000] {processor.py:186} INFO - Started process (PID=19423) to work on /home/ec2-user/environment/lab4_model_training/venv/lib64/python3.12/site-packages/airflow/example_dags/tutorial_dag.py
[2026-03-12T01:23:15.727+0000] {processor.py:914} INFO - Processing file /home/ec2-user/environment/lab4_model_training/venv/lib64/python3.12/site-packages/airflow/example_dags/tutorial_dag.py for tasks to queue
[2026-03-12T01:23:15.730+0000] {logging_mixin.py:190} INFO - [2026-03-12T01:23:15.730+0000] {dagbag.py:588} INFO - Filling up the DagBag from /home/ec2-user/environment/lab4_model_training/venv/lib64/python3.12/site-packages/airflow/example_dags/tutorial_dag.py
[2026-03-12T01:23:15.739+0000] {processor.py:925} INFO - DAG(s) 'tutorial_dag' retrieved from /home/ec2-user/environment/lab4_model_training/venv/lib64/python3.12/site-packages/airflow/example_dags/tutorial_dag.py
[2026-03-12T01:23:15.760+0000] {logging_mixin.py:190} INFO - [2026-03-12T01:23:15.760+0000] {dag.py:3239} INFO - Sync 1 DAGs
[2026-03-12T01:23:15.779+0000] {logging_mixin.py:190} INFO - [2026-03-12T01:23:15.778+0000] {dag.py:4180} INFO - Setting next_dagrun for tutorial_dag to None, run_after=None
[2026-03-12T01:23:15.813+0000] {processor.py:208} INFO - Processing /home/ec2-user/environment/lab4_model_training/venv/lib64/python3.12/site-packages/airflow/example_dags/tutorial_dag.py took 0.097 seconds
[2026-03-12T01:24:28.033+0000] {processor.py:186} INFO - Started process (PID=19746) to work on /home/ec2-user/environment/lab4_model_training/venv/lib64/python3.12/site-packages/airflow/example_dags/tutorial_dag.py
[2026-03-12T01:24:28.034+0000] {processor.py:914} INFO - Processing file /home/ec2-user/environment/lab4_model_training/venv/lib64/python3.12/site-packages/airflow/example_dags/tutorial_dag.py for tasks to queue
[2026-03-12T01:24:28.037+0000] {logging_mixin.py:190} INFO - [2026-03-12T01:24:28.037+0000] {dagbag.py:588} INFO - Filling up the DagBag from /home/ec2-user/environment/lab4_model_training/venv/lib64/python3.12/site-packages/airflow/example_dags/tutorial_dag.py
[2026-03-12T01:24:28.047+0000] {processor.py:925} INFO - DAG(s) 'tutorial_dag' retrieved from /home/ec2-user/environment/lab4_model_training/venv/lib64/python3.12/site-packages/airflow/example_dags/tutorial_dag.py
[2026-03-12T01:24:28.067+0000] {logging_mixin.py:190} INFO - [2026-03-12T01:24:28.066+0000] {dag.py:3239} INFO - Sync 1 DAGs
[2026-03-12T01:24:28.085+0000] {logging_mixin.py:190} INFO - [2026-03-12T01:24:28.085+0000] {dag.py:4180} INFO - Setting next_dagrun for tutorial_dag to None, run_after=None
[2026-03-12T01:24:28.108+0000] {processor.py:208} INFO - Processing /home/ec2-user/environment/lab4_model_training/venv/lib64/python3.12/site-packages/airflow/example_dags/tutorial_dag.py took 0.081 seconds
[2026-03-12T01:25:36.228+0000] {processor.py:186} INFO - Started process (PID=19999) to work on /home/ec2-user/environment/lab4_model_training/venv/lib64/python3.12/site-packages/airflow/example_dags/tutorial_dag.py
[2026-03-12T01:25:36.229+0000] {processor.py:914} INFO - Processing file /home/ec2-user/environment/lab4_model_training/venv/lib64/python3.12/site-packages/airflow/example_dags/tutorial_dag.py for tasks to queue
[2026-03-12T01:25:36.231+0000] {logging_mixin.py:190} INFO - [2026-03-12T01:25:36.231+0000] {dagbag.py:588} INFO - Filling up the DagBag from /home/ec2-user/environment/lab4_model_training/venv/lib64/python3.12/site-packages/airflow/example_dags/tutorial_dag.py
[2026-03-12T01:25:36.239+0000] {processor.py:925} INFO - DAG(s) 'tutorial_dag' retrieved from /home/ec2-user/environment/lab4_model_training/venv/lib64/python3.12/site-packages/airflow/example_dags/tutorial_dag.py
[2026-03-12T01:25:36.257+0000] {logging_mixin.py:190} INFO - [2026-03-12T01:25:36.257+0000] {dag.py:3239} INFO - Sync 1 DAGs
[2026-03-12T01:25:36.389+0000] {logging_mixin.py:190} INFO - [2026-03-12T01:25:36.389+0000] {dag.py:4180} INFO - Setting next_dagrun for tutorial_dag to None, run_after=None
[2026-03-12T01:25:36.410+0000] {processor.py:208} INFO - Processing /home/ec2-user/environment/lab4_model_training/venv/lib64/python3.12/site-packages/airflow/example_dags/tutorial_dag.py took 0.188 seconds
[2026-03-12T01:26:45.649+0000] {processor.py:186} INFO - Started process (PID=20310) to work on /home/ec2-user/environment/lab4_model_training/venv/lib64/python3.12/site-packages/airflow/example_dags/tutorial_dag.py
[2026-03-12T01:26:45.651+0000] {processor.py:914} INFO - Processing file /home/ec2-user/environment/lab4_model_training/venv/lib64/python3.12/site-packages/airflow/example_dags/tutorial_dag.py for tasks to queue
[2026-03-12T01:26:45.654+0000] {logging_mixin.py:190} INFO - [2026-03-12T01:26:45.654+0000] {dagbag.py:588} INFO - Filling up the DagBag from /home/ec2-user/environment/lab4_model_training/venv/lib64/python3.12/site-packages/airflow/example_dags/tutorial_dag.py
[2026-03-12T01:26:45.663+0000] {processor.py:925} INFO - DAG(s) 'tutorial_dag' retrieved from /home/ec2-user/environment/lab4_model_training/venv/lib64/python3.12/site-packages/airflow/example_dags/tutorial_dag.py
[2026-03-12T01:26:45.689+0000] {logging_mixin.py:190} INFO - [2026-03-12T01:26:45.689+0000] {dag.py:3239} INFO - Sync 1 DAGs
[2026-03-12T01:26:45.711+0000] {logging_mixin.py:190} INFO - [2026-03-12T01:26:45.711+0000] {dag.py:4180} INFO - Setting next_dagrun for tutorial_dag to None, run_after=None
[2026-03-12T01:26:45.745+0000] {processor.py:208} INFO - Processing /home/ec2-user/environment/lab4_model_training/venv/lib64/python3.12/site-packages/airflow/example_dags/tutorial_dag.py took 0.101 seconds
[2026-03-12T01:27:45.355+0000] {processor.py:186} INFO - Started process (PID=20538) to work on /home/ec2-user/environment/lab4_model_training/venv/lib64/python3.12/site-packages/airflow/example_dags/tutorial_dag.py
[2026-03-12T01:27:45.356+0000] {processor.py:914} INFO - Processing file /home/ec2-user/environment/lab4_model_training/venv/lib64/python3.12/site-packages/airflow/example_dags/tutorial_dag.py for tasks to queue
[2026-03-12T01:27:45.359+0000] {logging_mixin.py:190} INFO - [2026-03-12T01:27:45.358+0000] {dagbag.py:588} INFO - Filling up the DagBag from /home/ec2-user/environment/lab4_model_training/venv/lib64/python3.12/site-packages/airflow/example_dags/tutorial_dag.py
[2026-03-12T01:27:45.367+0000] {processor.py:925} INFO - DAG(s) 'tutorial_dag' retrieved from /home/ec2-user/environment/lab4_model_training/venv/lib64/python3.12/site-packages/airflow/example_dags/tutorial_dag.py
[2026-03-12T01:27:45.385+0000] {logging_mixin.py:190} INFO - [2026-03-12T01:27:45.384+0000] {dag.py:3239} INFO - Sync 1 DAGs
[2026-03-12T01:27:45.401+0000] {logging_mixin.py:190} INFO - [2026-03-12T01:27:45.400+0000] {dag.py:4180} INFO - Setting next_dagrun for tutorial_dag to None, run_after=None
[2026-03-12T01:27:45.427+0000] {processor.py:208} INFO - Processing /home/ec2-user/environment/lab4_model_training/venv/lib64/python3.12/site-packages/airflow/example_dags/tutorial_dag.py took 0.078 seconds
[2026-03-12T01:28:45.536+0000] {processor.py:186} INFO - Started process (PID=20816) to work on /home/ec2-user/environment/lab4_model_training/venv/lib64/python3.12/site-packages/airflow/example_dags/tutorial_dag.py
[2026-03-12T01:28:45.537+0000] {processor.py:914} INFO - Processing file /home/ec2-user/environment/lab4_model_training/venv/lib64/python3.12/site-packages/airflow/example_dags/tutorial_dag.py for tasks to queue
[2026-03-12T01:28:45.539+0000] {logging_mixin.py:190} INFO - [2026-03-12T01:28:45.539+0000] {dagbag.py:588} INFO - Filling up the DagBag from /home/ec2-user/environment/lab4_model_training/venv/lib64/python3.12/site-packages/airflow/example_dags/tutorial_dag.py
[2026-03-12T01:28:45.547+0000] {processor.py:925} INFO - DAG(s) 'tutorial_dag' retrieved from /home/ec2-user/environment/lab4_model_training/venv/lib64/python3.12/site-packages/airflow/example_dags/tutorial_dag.py
[2026-03-12T01:28:45.565+0000] {logging_mixin.py:190} INFO - [2026-03-12T01:28:45.565+0000] {dag.py:3239} INFO - Sync 1 DAGs
[2026-03-12T01:28:45.581+0000] {logging_mixin.py:190} INFO - [2026-03-12T01:28:45.581+0000] {dag.py:4180} INFO - Setting next_dagrun for tutorial_dag to None, run_after=None
[2026-03-12T01:28:45.608+0000] {processor.py:208} INFO - Processing /home/ec2-user/environment/lab4_model_training/venv/lib64/python3.12/site-packages/airflow/example_dags/tutorial_dag.py took 0.078 seconds
[2026-03-12T01:29:48.856+0000] {processor.py:186} INFO - Started process (PID=21076) to work on /home/ec2-user/environment/lab4_model_training/venv/lib64/python3.12/site-packages/airflow/example_dags/tutorial_dag.py
[2026-03-12T01:29:48.857+0000] {processor.py:914} INFO - Processing file /home/ec2-user/environment/lab4_model_training/venv/lib64/python3.12/site-packages/airflow/example_dags/tutorial_dag.py for tasks to queue
[2026-03-12T01:29:48.860+0000] {logging_mixin.py:190} INFO - [2026-03-12T01:29:48.860+0000] {dagbag.py:588} INFO - Filling up the DagBag from /home/ec2-user/environment/lab4_model_training/venv/lib64/python3.12/site-packages/airflow/example_dags/tutorial_dag.py
[2026-03-12T01:29:48.869+0000] {processor.py:925} INFO - DAG(s) 'tutorial_dag' retrieved from /home/ec2-user/environment/lab4_model_training/venv/lib64/python3.12/site-packages/airflow/example_dags/tutorial_dag.py
[2026-03-12T01:29:48.889+0000] {logging_mixin.py:190} INFO - [2026-03-12T01:29:48.888+0000] {dag.py:3239} INFO - Sync 1 DAGs
[2026-03-12T01:29:48.905+0000] {logging_mixin.py:190} INFO - [2026-03-12T01:29:48.905+0000] {dag.py:4180} INFO - Setting next_dagrun for tutorial_dag to None, run_after=None
[2026-03-12T01:29:48.929+0000] {processor.py:208} INFO - Processing /home/ec2-user/environment/lab4_model_training/venv/lib64/python3.12/site-packages/airflow/example_dags/tutorial_dag.py took 0.079 seconds
[2026-03-12T01:30:48.747+0000] {processor.py:186} INFO - Started process (PID=21466) to work on /home/ec2-user/environment/lab4_model_training/venv/lib64/python3.12/site-packages/airflow/example_dags/tutorial_dag.py
[2026-03-12T01:30:48.748+0000] {processor.py:914} INFO - Processing file /home/ec2-user/environment/lab4_model_training/venv/lib64/python3.12/site-packages/airflow/example_dags/tutorial_dag.py for tasks to queue
[2026-03-12T01:30:48.751+0000] {logging_mixin.py:190} INFO - [2026-03-12T01:30:48.750+0000] {dagbag.py:588} INFO - Filling up the DagBag from /home/ec2-user/environment/lab4_model_training/venv/lib64/python3.12/site-packages/airflow/example_dags/tutorial_dag.py
[2026-03-12T01:30:48.759+0000] {processor.py:925} INFO - DAG(s) 'tutorial_dag' retrieved from /home/ec2-user/environment/lab4_model_training/venv/lib64/python3.12/site-packages/airflow/example_dags/tutorial_dag.py
[2026-03-12T01:30:48.779+0000] {logging_mixin.py:190} INFO - [2026-03-12T01:30:48.778+0000] {dag.py:3239} INFO - Sync 1 DAGs
[2026-03-12T01:30:48.796+0000] {logging_mixin.py:190} INFO - [2026-03-12T01:30:48.795+0000] {dag.py:4180} INFO - Setting next_dagrun for tutorial_dag to None, run_after=None
[2026-03-12T01:30:48.821+0000] {processor.py:208} INFO - Processing /home/ec2-user/environment/lab4_model_training/venv/lib64/python3.12/site-packages/airflow/example_dags/tutorial_dag.py took 0.079 seconds
[2026-03-12T01:31:53.375+0000] {processor.py:186} INFO - Started process (PID=21762) to work on /home/ec2-user/environment/lab4_model_training/venv/lib64/python3.12/site-packages/airflow/example_dags/tutorial_dag.py
[2026-03-12T01:31:53.376+0000] {processor.py:914} INFO - Processing file /home/ec2-user/environment/lab4_model_training/venv/lib64/python3.12/site-packages/airflow/example_dags/tutorial_dag.py for tasks to queue
[2026-03-12T01:31:53.378+0000] {logging_mixin.py:190} INFO - [2026-03-12T01:31:53.377+0000] {dagbag.py:588} INFO - Filling up the DagBag from /home/ec2-user/environment/lab4_model_training/venv/lib64/python3.12/site-packages/airflow/example_dags/tutorial_dag.py
[2026-03-12T01:31:53.386+0000] {processor.py:925} INFO - DAG(s) 'tutorial_dag' retrieved from /home/ec2-user/environment/lab4_model_training/venv/lib64/python3.12/site-packages/airflow/example_dags/tutorial_dag.py
[2026-03-12T01:31:53.404+0000] {logging_mixin.py:190} INFO - [2026-03-12T01:31:53.403+0000] {dag.py:3239} INFO - Sync 1 DAGs
[2026-03-12T01:31:53.419+0000] {logging_mixin.py:190} INFO - [2026-03-12T01:31:53.419+0000] {dag.py:4180} INFO - Setting next_dagrun for tutorial_dag to None, run_after=None
[2026-03-12T01:31:53.442+0000] {processor.py:208} INFO - Processing /home/ec2-user/environment/lab4_model_training/venv/lib64/python3.12/site-packages/airflow/example_dags/tutorial_dag.py took 0.073 seconds
[2026-03-12T01:32:52.843+0000] {processor.py:186} INFO - Started process (PID=21991) to work on /home/ec2-user/environment/lab4_model_training/venv/lib64/python3.12/site-packages/airflow/example_dags/tutorial_dag.py
[2026-03-12T01:32:52.844+0000] {processor.py:914} INFO - Processing file /home/ec2-user/environment/lab4_model_training/venv/lib64/python3.12/site-packages/airflow/example_dags/tutorial_dag.py for tasks to queue
[2026-03-12T01:32:52.846+0000] {logging_mixin.py:190} INFO - [2026-03-12T01:32:52.845+0000] {dagbag.py:588} INFO - Filling up the DagBag from /home/ec2-user/environment/lab4_model_training/venv/lib64/python3.12/site-packages/airflow/example_dags/tutorial_dag.py
[2026-03-12T01:32:52.854+0000] {processor.py:925} INFO - DAG(s) 'tutorial_dag' retrieved from /home/ec2-user/environment/lab4_model_training/venv/lib64/python3.12/site-packages/airflow/example_dags/tutorial_dag.py
[2026-03-12T01:32:52.871+0000] {logging_mixin.py:190} INFO - [2026-03-12T01:32:52.871+0000] {dag.py:3239} INFO - Sync 1 DAGs
[2026-03-12T01:32:52.887+0000] {logging_mixin.py:190} INFO - [2026-03-12T01:32:52.887+0000] {dag.py:4180} INFO - Setting next_dagrun for tutorial_dag to None, run_after=None
[2026-03-12T01:32:52.909+0000] {processor.py:208} INFO - Processing /home/ec2-user/environment/lab4_model_training/venv/lib64/python3.12/site-packages/airflow/example_dags/tutorial_dag.py took 0.072 seconds
