[2026-03-28T05:56:42.960+0000] {local_task_job_runner.py:123} INFO - ::group::Pre task execution logs
[2026-03-28T05:56:42.967+0000] {taskinstance.py:2612} INFO - Dependencies all met for dep_context=non-requeueable deps ti=<TaskInstance: ml_training_pipeline_v2.evaluate_model manual__2026-03-28T05:56:34.619561+00:00 [queued]>
[2026-03-28T05:56:42.972+0000] {taskinstance.py:2612} INFO - Dependencies all met for dep_context=requeueable deps ti=<TaskInstance: ml_training_pipeline_v2.evaluate_model manual__2026-03-28T05:56:34.619561+00:00 [queued]>
[2026-03-28T05:56:42.972+0000] {taskinstance.py:2865} INFO - Starting attempt 1 of 2
[2026-03-28T05:56:42.983+0000] {taskinstance.py:2888} INFO - Executing <Task(PythonOperator): evaluate_model> on 2026-03-28 05:56:34.619561+00:00
[2026-03-28T05:56:42.988+0000] {standard_task_runner.py:72} INFO - Started process 24278 to run task
[2026-03-28T05:56:42.991+0000] {standard_task_runner.py:104} INFO - Running: ['airflow', 'tasks', 'run', 'ml_training_pipeline_v2', 'evaluate_model', 'manual__2026-03-28T05:56:34.619561+00:00', '--job-id', '34', '--raw', '--subdir', 'DAGS_FOLDER/ml_training_pipeline_v2.py', '--cfg-path', '/tmp/tmp2obvwqjd']
[2026-03-28T05:56:42.992+0000] {standard_task_runner.py:105} INFO - Job 34: Subtask evaluate_model
[2026-03-28T05:56:43.021+0000] {task_command.py:467} INFO - Running <TaskInstance: ml_training_pipeline_v2.evaluate_model manual__2026-03-28T05:56:34.619561+00:00 [running]> on host ip-172-31-67-97.ec2.internal
[2026-03-28T05:56:43.076+0000] {taskinstance.py:3131} INFO - Exporting env vars: AIRFLOW_CTX_DAG_OWNER='airflow' AIRFLOW_CTX_DAG_ID='ml_training_pipeline_v2' AIRFLOW_CTX_TASK_ID='evaluate_model' AIRFLOW_CTX_EXECUTION_DATE='2026-03-28T05:56:34.619561+00:00' AIRFLOW_CTX_TRY_NUMBER='1' AIRFLOW_CTX_DAG_RUN_ID='manual__2026-03-28T05:56:34.619561+00:00'
[2026-03-28T05:56:43.077+0000] {logging_mixin.py:190} INFO - Task instance is in running state
[2026-03-28T05:56:43.077+0000] {logging_mixin.py:190} INFO -  Previous state of the Task instance: queued
[2026-03-28T05:56:43.077+0000] {logging_mixin.py:190} INFO - Current task name:evaluate_model state:running start_date:2026-03-28 05:56:42.967961+00:00
[2026-03-28T05:56:43.077+0000] {logging_mixin.py:190} INFO - Dag name:ml_training_pipeline_v2 and current dag run status:running
[2026-03-28T05:56:43.077+0000] {taskinstance.py:731} INFO - ::endgroup::
[2026-03-28T05:56:43.090+0000] {logging_mixin.py:190} INFO - [ml_pipeline.model] model has been loaded from models/breast_cancer_model.pkl
[2026-03-28T05:56:43.094+0000] {logging_mixin.py:190} INFO - [ml_pipeline.model] Model accuracy: 0.9561
[2026-03-28T05:56:43.096+0000] {python.py:240} INFO - Done. Returned value was: 0.956140350877193
[2026-03-28T05:56:43.108+0000] {taskinstance.py:340} INFO - ::group::Post task execution logs
[2026-03-28T05:56:43.108+0000] {taskinstance.py:352} INFO - Marking task as SUCCESS. dag_id=ml_training_pipeline_v2, task_id=evaluate_model, run_id=manual__2026-03-28T05:56:34.619561+00:00, execution_date=20260328T055634, start_date=20260328T055642, end_date=20260328T055643
[2026-03-28T05:56:43.116+0000] {logging_mixin.py:190} INFO - Task instance in success state
[2026-03-28T05:56:43.116+0000] {logging_mixin.py:190} INFO -  Previous state of the Task instance: running
[2026-03-28T05:56:43.116+0000] {logging_mixin.py:190} INFO - Dag name:ml_training_pipeline_v2 queued_at:2026-03-28 05:56:34.630700+00:00
[2026-03-28T05:56:43.116+0000] {logging_mixin.py:190} INFO - Task hostname:ip-172-31-67-97.ec2.internal operator:PythonOperator
[2026-03-28T05:56:43.122+0000] {local_task_job_runner.py:266} INFO - Task exited with return code 0
[2026-03-28T05:56:43.135+0000] {taskinstance.py:3900} INFO - 1 downstream tasks scheduled from follow-on schedule check
[2026-03-28T05:56:43.140+0000] {local_task_job_runner.py:245} INFO - ::endgroup::
