[2026-03-12T01:04:08.735+0000] {local_task_job_runner.py:123} INFO - ::group::Pre task execution logs
[2026-03-12T01:04:08.747+0000] {taskinstance.py:2612} INFO - Dependencies all met for dep_context=non-requeueable deps ti=<TaskInstance: generate_data_only.generate_data manual__2026-03-12T01:04:04.418126+00:00 [queued]>
[2026-03-12T01:04:08.753+0000] {taskinstance.py:2612} INFO - Dependencies all met for dep_context=requeueable deps ti=<TaskInstance: generate_data_only.generate_data manual__2026-03-12T01:04:04.418126+00:00 [queued]>
[2026-03-12T01:04:08.753+0000] {taskinstance.py:2865} INFO - Starting attempt 1 of 2
[2026-03-12T01:04:08.871+0000] {taskinstance.py:2888} INFO - Executing <Task(PythonOperator): generate_data> on 2026-03-12 01:04:04.418126+00:00
[2026-03-12T01:04:08.876+0000] {standard_task_runner.py:72} INFO - Started process 14323 to run task
[2026-03-12T01:04:08.880+0000] {standard_task_runner.py:104} INFO - Running: ['airflow', 'tasks', 'run', 'generate_data_only', 'generate_data', 'manual__2026-03-12T01:04:04.418126+00:00', '--job-id', '8', '--raw', '--subdir', 'DAGS_FOLDER/generate_data_dag.py', '--cfg-path', '/tmp/tmpsh8dfhxn']
[2026-03-12T01:04:08.880+0000] {standard_task_runner.py:105} INFO - Job 8: Subtask generate_data
[2026-03-12T01:04:08.912+0000] {task_command.py:467} INFO - Running <TaskInstance: generate_data_only.generate_data manual__2026-03-12T01:04:04.418126+00:00 [running]> on host ip-172-31-67-97.ec2.internal
[2026-03-12T01:04:08.959+0000] {taskinstance.py:3131} INFO - Exporting env vars: AIRFLOW_CTX_DAG_OWNER='airflow' AIRFLOW_CTX_DAG_ID='generate_data_only' AIRFLOW_CTX_TASK_ID='generate_data' AIRFLOW_CTX_EXECUTION_DATE='2026-03-12T01:04:04.418126+00:00' AIRFLOW_CTX_TRY_NUMBER='1' AIRFLOW_CTX_DAG_RUN_ID='manual__2026-03-12T01:04:04.418126+00:00'
[2026-03-12T01:04:08.960+0000] {logging_mixin.py:190} INFO - Task instance is in running state
[2026-03-12T01:04:08.961+0000] {logging_mixin.py:190} INFO -  Previous state of the Task instance: queued
[2026-03-12T01:04:08.961+0000] {logging_mixin.py:190} INFO - Current task name:generate_data state:running start_date:2026-03-12 01:04:08.747734+00:00
[2026-03-12T01:04:08.961+0000] {logging_mixin.py:190} INFO - Dag name:generate_data_only and current dag run status:running
[2026-03-12T01:04:08.961+0000] {taskinstance.py:731} INFO - ::endgroup::
[2026-03-12T01:04:08.972+0000] {logging_mixin.py:190} INFO - [ml_pipeline.data] Saved dataset to data/iris.csv
[2026-03-12T01:04:08.973+0000] {python.py:240} INFO - Done. Returned value was: data/iris.csv
[2026-03-12T01:04:08.990+0000] {taskinstance.py:340} INFO - ::group::Post task execution logs
[2026-03-12T01:04:08.990+0000] {taskinstance.py:352} INFO - Marking task as SUCCESS. dag_id=generate_data_only, task_id=generate_data, run_id=manual__2026-03-12T01:04:04.418126+00:00, execution_date=20260312T010404, start_date=20260312T010408, end_date=20260312T010408
[2026-03-12T01:04:09.000+0000] {logging_mixin.py:190} INFO - Task instance in success state
[2026-03-12T01:04:09.001+0000] {logging_mixin.py:190} INFO -  Previous state of the Task instance: running
[2026-03-12T01:04:09.001+0000] {logging_mixin.py:190} INFO - Dag name:generate_data_only queued_at:2026-03-12 01:04:04.437812+00:00
[2026-03-12T01:04:09.001+0000] {logging_mixin.py:190} INFO - Task hostname:ip-172-31-67-97.ec2.internal operator:PythonOperator
[2026-03-12T01:04:09.008+0000] {local_task_job_runner.py:266} INFO - Task exited with return code 0
[2026-03-12T01:04:09.018+0000] {taskinstance.py:3900} INFO - 0 downstream tasks scheduled from follow-on schedule check
[2026-03-12T01:04:09.018+0000] {local_task_job_runner.py:245} INFO - ::endgroup::
