[2026-03-23T00:59:31.827+0000] {processor.py:186} INFO - Started process (PID=5844) to work on /home/ec2-user/environment/lab4_model_training/venv/lib64/python3.12/site-packages/airflow/example_dags/example_setup_teardown_taskflow.py
[2026-03-23T00:59:31.827+0000] {processor.py:914} INFO - Processing file /home/ec2-user/environment/lab4_model_training/venv/lib64/python3.12/site-packages/airflow/example_dags/example_setup_teardown_taskflow.py for tasks to queue
[2026-03-23T00:59:31.829+0000] {logging_mixin.py:190} INFO - [2026-03-23T00:59:31.829+0000] {dagbag.py:588} INFO - Filling up the DagBag from /home/ec2-user/environment/lab4_model_training/venv/lib64/python3.12/site-packages/airflow/example_dags/example_setup_teardown_taskflow.py
[2026-03-23T00:59:31.840+0000] {processor.py:925} INFO - DAG(s) 'example_setup_teardown_taskflow' retrieved from /home/ec2-user/environment/lab4_model_training/venv/lib64/python3.12/site-packages/airflow/example_dags/example_setup_teardown_taskflow.py
[2026-03-23T00:59:31.857+0000] {logging_mixin.py:190} INFO - [2026-03-23T00:59:31.857+0000] {dag.py:3239} INFO - Sync 1 DAGs
[2026-03-23T00:59:31.869+0000] {logging_mixin.py:190} INFO - [2026-03-23T00:59:31.868+0000] {dag.py:4180} INFO - Setting next_dagrun for example_setup_teardown_taskflow to None, run_after=None
[2026-03-23T00:59:31.889+0000] {processor.py:208} INFO - Processing /home/ec2-user/environment/lab4_model_training/venv/lib64/python3.12/site-packages/airflow/example_dags/example_setup_teardown_taskflow.py took 0.067 seconds
[2026-03-23T01:00:34.903+0000] {processor.py:186} INFO - Started process (PID=6017) to work on /home/ec2-user/environment/lab4_model_training/venv/lib64/python3.12/site-packages/airflow/example_dags/example_setup_teardown_taskflow.py
[2026-03-23T01:00:34.904+0000] {processor.py:914} INFO - Processing file /home/ec2-user/environment/lab4_model_training/venv/lib64/python3.12/site-packages/airflow/example_dags/example_setup_teardown_taskflow.py for tasks to queue
[2026-03-23T01:00:34.906+0000] {logging_mixin.py:190} INFO - [2026-03-23T01:00:34.906+0000] {dagbag.py:588} INFO - Filling up the DagBag from /home/ec2-user/environment/lab4_model_training/venv/lib64/python3.12/site-packages/airflow/example_dags/example_setup_teardown_taskflow.py
[2026-03-23T01:00:34.917+0000] {processor.py:925} INFO - DAG(s) 'example_setup_teardown_taskflow' retrieved from /home/ec2-user/environment/lab4_model_training/venv/lib64/python3.12/site-packages/airflow/example_dags/example_setup_teardown_taskflow.py
[2026-03-23T01:00:34.934+0000] {logging_mixin.py:190} INFO - [2026-03-23T01:00:34.933+0000] {dag.py:3239} INFO - Sync 1 DAGs
[2026-03-23T01:00:34.946+0000] {logging_mixin.py:190} INFO - [2026-03-23T01:00:34.946+0000] {dag.py:4180} INFO - Setting next_dagrun for example_setup_teardown_taskflow to None, run_after=None
[2026-03-23T01:00:34.971+0000] {processor.py:208} INFO - Processing /home/ec2-user/environment/lab4_model_training/venv/lib64/python3.12/site-packages/airflow/example_dags/example_setup_teardown_taskflow.py took 0.074 seconds
[2026-03-23T01:01:38.895+0000] {processor.py:186} INFO - Started process (PID=6235) to work on /home/ec2-user/environment/lab4_model_training/venv/lib64/python3.12/site-packages/airflow/example_dags/example_setup_teardown_taskflow.py
[2026-03-23T01:01:38.896+0000] {processor.py:914} INFO - Processing file /home/ec2-user/environment/lab4_model_training/venv/lib64/python3.12/site-packages/airflow/example_dags/example_setup_teardown_taskflow.py for tasks to queue
[2026-03-23T01:01:38.898+0000] {logging_mixin.py:190} INFO - [2026-03-23T01:01:38.898+0000] {dagbag.py:588} INFO - Filling up the DagBag from /home/ec2-user/environment/lab4_model_training/venv/lib64/python3.12/site-packages/airflow/example_dags/example_setup_teardown_taskflow.py
[2026-03-23T01:01:38.908+0000] {processor.py:925} INFO - DAG(s) 'example_setup_teardown_taskflow' retrieved from /home/ec2-user/environment/lab4_model_training/venv/lib64/python3.12/site-packages/airflow/example_dags/example_setup_teardown_taskflow.py
[2026-03-23T01:01:38.925+0000] {logging_mixin.py:190} INFO - [2026-03-23T01:01:38.925+0000] {dag.py:3239} INFO - Sync 1 DAGs
[2026-03-23T01:01:38.938+0000] {logging_mixin.py:190} INFO - [2026-03-23T01:01:38.937+0000] {dag.py:4180} INFO - Setting next_dagrun for example_setup_teardown_taskflow to None, run_after=None
[2026-03-23T01:01:38.960+0000] {processor.py:208} INFO - Processing /home/ec2-user/environment/lab4_model_training/venv/lib64/python3.12/site-packages/airflow/example_dags/example_setup_teardown_taskflow.py took 0.071 seconds
[2026-03-23T01:02:40.726+0000] {processor.py:186} INFO - Started process (PID=6371) to work on /home/ec2-user/environment/lab4_model_training/venv/lib64/python3.12/site-packages/airflow/example_dags/example_setup_teardown_taskflow.py
[2026-03-23T01:02:40.727+0000] {processor.py:914} INFO - Processing file /home/ec2-user/environment/lab4_model_training/venv/lib64/python3.12/site-packages/airflow/example_dags/example_setup_teardown_taskflow.py for tasks to queue
[2026-03-23T01:02:40.729+0000] {logging_mixin.py:190} INFO - [2026-03-23T01:02:40.729+0000] {dagbag.py:588} INFO - Filling up the DagBag from /home/ec2-user/environment/lab4_model_training/venv/lib64/python3.12/site-packages/airflow/example_dags/example_setup_teardown_taskflow.py
[2026-03-23T01:02:40.739+0000] {processor.py:925} INFO - DAG(s) 'example_setup_teardown_taskflow' retrieved from /home/ec2-user/environment/lab4_model_training/venv/lib64/python3.12/site-packages/airflow/example_dags/example_setup_teardown_taskflow.py
[2026-03-23T01:02:40.756+0000] {logging_mixin.py:190} INFO - [2026-03-23T01:02:40.756+0000] {dag.py:3239} INFO - Sync 1 DAGs
[2026-03-23T01:02:40.768+0000] {logging_mixin.py:190} INFO - [2026-03-23T01:02:40.768+0000] {dag.py:4180} INFO - Setting next_dagrun for example_setup_teardown_taskflow to None, run_after=None
[2026-03-23T01:02:40.791+0000] {processor.py:208} INFO - Processing /home/ec2-user/environment/lab4_model_training/venv/lib64/python3.12/site-packages/airflow/example_dags/example_setup_teardown_taskflow.py took 0.070 seconds
[2026-03-23T01:03:48.432+0000] {processor.py:186} INFO - Started process (PID=6579) to work on /home/ec2-user/environment/lab4_model_training/venv/lib64/python3.12/site-packages/airflow/example_dags/example_setup_teardown_taskflow.py
[2026-03-23T01:03:48.434+0000] {processor.py:914} INFO - Processing file /home/ec2-user/environment/lab4_model_training/venv/lib64/python3.12/site-packages/airflow/example_dags/example_setup_teardown_taskflow.py for tasks to queue
[2026-03-23T01:03:48.436+0000] {logging_mixin.py:190} INFO - [2026-03-23T01:03:48.435+0000] {dagbag.py:588} INFO - Filling up the DagBag from /home/ec2-user/environment/lab4_model_training/venv/lib64/python3.12/site-packages/airflow/example_dags/example_setup_teardown_taskflow.py
[2026-03-23T01:03:48.446+0000] {processor.py:925} INFO - DAG(s) 'example_setup_teardown_taskflow' retrieved from /home/ec2-user/environment/lab4_model_training/venv/lib64/python3.12/site-packages/airflow/example_dags/example_setup_teardown_taskflow.py
[2026-03-23T01:03:48.463+0000] {logging_mixin.py:190} INFO - [2026-03-23T01:03:48.462+0000] {dag.py:3239} INFO - Sync 1 DAGs
[2026-03-23T01:03:48.474+0000] {logging_mixin.py:190} INFO - [2026-03-23T01:03:48.474+0000] {dag.py:4180} INFO - Setting next_dagrun for example_setup_teardown_taskflow to None, run_after=None
[2026-03-23T01:03:48.495+0000] {processor.py:208} INFO - Processing /home/ec2-user/environment/lab4_model_training/venv/lib64/python3.12/site-packages/airflow/example_dags/example_setup_teardown_taskflow.py took 0.068 seconds
[2026-03-23T01:04:52.612+0000] {processor.py:186} INFO - Started process (PID=6759) to work on /home/ec2-user/environment/lab4_model_training/venv/lib64/python3.12/site-packages/airflow/example_dags/example_setup_teardown_taskflow.py
[2026-03-23T01:04:52.613+0000] {processor.py:914} INFO - Processing file /home/ec2-user/environment/lab4_model_training/venv/lib64/python3.12/site-packages/airflow/example_dags/example_setup_teardown_taskflow.py for tasks to queue
[2026-03-23T01:04:52.615+0000] {logging_mixin.py:190} INFO - [2026-03-23T01:04:52.615+0000] {dagbag.py:588} INFO - Filling up the DagBag from /home/ec2-user/environment/lab4_model_training/venv/lib64/python3.12/site-packages/airflow/example_dags/example_setup_teardown_taskflow.py
[2026-03-23T01:04:52.625+0000] {processor.py:925} INFO - DAG(s) 'example_setup_teardown_taskflow' retrieved from /home/ec2-user/environment/lab4_model_training/venv/lib64/python3.12/site-packages/airflow/example_dags/example_setup_teardown_taskflow.py
[2026-03-23T01:04:52.642+0000] {logging_mixin.py:190} INFO - [2026-03-23T01:04:52.641+0000] {dag.py:3239} INFO - Sync 1 DAGs
[2026-03-23T01:04:52.653+0000] {logging_mixin.py:190} INFO - [2026-03-23T01:04:52.653+0000] {dag.py:4180} INFO - Setting next_dagrun for example_setup_teardown_taskflow to None, run_after=None
[2026-03-23T01:04:52.674+0000] {processor.py:208} INFO - Processing /home/ec2-user/environment/lab4_model_training/venv/lib64/python3.12/site-packages/airflow/example_dags/example_setup_teardown_taskflow.py took 0.067 seconds
[2026-03-23T01:06:03.620+0000] {processor.py:186} INFO - Started process (PID=6894) to work on /home/ec2-user/environment/lab4_model_training/venv/lib64/python3.12/site-packages/airflow/example_dags/example_setup_teardown_taskflow.py
[2026-03-23T01:06:03.621+0000] {processor.py:914} INFO - Processing file /home/ec2-user/environment/lab4_model_training/venv/lib64/python3.12/site-packages/airflow/example_dags/example_setup_teardown_taskflow.py for tasks to queue
[2026-03-23T01:06:03.623+0000] {logging_mixin.py:190} INFO - [2026-03-23T01:06:03.623+0000] {dagbag.py:588} INFO - Filling up the DagBag from /home/ec2-user/environment/lab4_model_training/venv/lib64/python3.12/site-packages/airflow/example_dags/example_setup_teardown_taskflow.py
[2026-03-23T01:06:03.633+0000] {processor.py:925} INFO - DAG(s) 'example_setup_teardown_taskflow' retrieved from /home/ec2-user/environment/lab4_model_training/venv/lib64/python3.12/site-packages/airflow/example_dags/example_setup_teardown_taskflow.py
[2026-03-23T01:06:03.650+0000] {logging_mixin.py:190} INFO - [2026-03-23T01:06:03.649+0000] {dag.py:3239} INFO - Sync 1 DAGs
[2026-03-23T01:06:03.661+0000] {logging_mixin.py:190} INFO - [2026-03-23T01:06:03.661+0000] {dag.py:4180} INFO - Setting next_dagrun for example_setup_teardown_taskflow to None, run_after=None
[2026-03-23T01:06:03.683+0000] {processor.py:208} INFO - Processing /home/ec2-user/environment/lab4_model_training/venv/lib64/python3.12/site-packages/airflow/example_dags/example_setup_teardown_taskflow.py took 0.068 seconds
[2026-03-23T01:07:20.652+0000] {processor.py:186} INFO - Started process (PID=7107) to work on /home/ec2-user/environment/lab4_model_training/venv/lib64/python3.12/site-packages/airflow/example_dags/example_setup_teardown_taskflow.py
[2026-03-23T01:07:20.654+0000] {processor.py:914} INFO - Processing file /home/ec2-user/environment/lab4_model_training/venv/lib64/python3.12/site-packages/airflow/example_dags/example_setup_teardown_taskflow.py for tasks to queue
[2026-03-23T01:07:20.655+0000] {logging_mixin.py:190} INFO - [2026-03-23T01:07:20.655+0000] {dagbag.py:588} INFO - Filling up the DagBag from /home/ec2-user/environment/lab4_model_training/venv/lib64/python3.12/site-packages/airflow/example_dags/example_setup_teardown_taskflow.py
[2026-03-23T01:07:20.666+0000] {processor.py:925} INFO - DAG(s) 'example_setup_teardown_taskflow' retrieved from /home/ec2-user/environment/lab4_model_training/venv/lib64/python3.12/site-packages/airflow/example_dags/example_setup_teardown_taskflow.py
[2026-03-23T01:07:20.683+0000] {logging_mixin.py:190} INFO - [2026-03-23T01:07:20.682+0000] {dag.py:3239} INFO - Sync 1 DAGs
[2026-03-23T01:07:20.694+0000] {logging_mixin.py:190} INFO - [2026-03-23T01:07:20.694+0000] {dag.py:4180} INFO - Setting next_dagrun for example_setup_teardown_taskflow to None, run_after=None
[2026-03-23T01:07:20.717+0000] {processor.py:208} INFO - Processing /home/ec2-user/environment/lab4_model_training/venv/lib64/python3.12/site-packages/airflow/example_dags/example_setup_teardown_taskflow.py took 0.070 seconds
[2026-03-23T01:08:28.991+0000] {processor.py:186} INFO - Started process (PID=7219) to work on /home/ec2-user/environment/lab4_model_training/venv/lib64/python3.12/site-packages/airflow/example_dags/example_setup_teardown_taskflow.py
[2026-03-23T01:08:28.993+0000] {processor.py:914} INFO - Processing file /home/ec2-user/environment/lab4_model_training/venv/lib64/python3.12/site-packages/airflow/example_dags/example_setup_teardown_taskflow.py for tasks to queue
[2026-03-23T01:08:28.995+0000] {logging_mixin.py:190} INFO - [2026-03-23T01:08:28.994+0000] {dagbag.py:588} INFO - Filling up the DagBag from /home/ec2-user/environment/lab4_model_training/venv/lib64/python3.12/site-packages/airflow/example_dags/example_setup_teardown_taskflow.py
[2026-03-23T01:08:29.005+0000] {processor.py:925} INFO - DAG(s) 'example_setup_teardown_taskflow' retrieved from /home/ec2-user/environment/lab4_model_training/venv/lib64/python3.12/site-packages/airflow/example_dags/example_setup_teardown_taskflow.py
[2026-03-23T01:08:29.022+0000] {logging_mixin.py:190} INFO - [2026-03-23T01:08:29.022+0000] {dag.py:3239} INFO - Sync 1 DAGs
[2026-03-23T01:08:29.034+0000] {logging_mixin.py:190} INFO - [2026-03-23T01:08:29.034+0000] {dag.py:4180} INFO - Setting next_dagrun for example_setup_teardown_taskflow to None, run_after=None
[2026-03-23T01:08:29.057+0000] {processor.py:208} INFO - Processing /home/ec2-user/environment/lab4_model_training/venv/lib64/python3.12/site-packages/airflow/example_dags/example_setup_teardown_taskflow.py took 0.071 seconds
[2026-03-23T01:09:46.628+0000] {processor.py:186} INFO - Started process (PID=7394) to work on /home/ec2-user/environment/lab4_model_training/venv/lib64/python3.12/site-packages/airflow/example_dags/example_setup_teardown_taskflow.py
[2026-03-23T01:09:46.629+0000] {processor.py:914} INFO - Processing file /home/ec2-user/environment/lab4_model_training/venv/lib64/python3.12/site-packages/airflow/example_dags/example_setup_teardown_taskflow.py for tasks to queue
[2026-03-23T01:09:46.632+0000] {logging_mixin.py:190} INFO - [2026-03-23T01:09:46.632+0000] {dagbag.py:588} INFO - Filling up the DagBag from /home/ec2-user/environment/lab4_model_training/venv/lib64/python3.12/site-packages/airflow/example_dags/example_setup_teardown_taskflow.py
[2026-03-23T01:09:46.646+0000] {processor.py:925} INFO - DAG(s) 'example_setup_teardown_taskflow' retrieved from /home/ec2-user/environment/lab4_model_training/venv/lib64/python3.12/site-packages/airflow/example_dags/example_setup_teardown_taskflow.py
[2026-03-23T01:09:46.666+0000] {logging_mixin.py:190} INFO - [2026-03-23T01:09:46.666+0000] {dag.py:3239} INFO - Sync 1 DAGs
[2026-03-23T01:09:46.678+0000] {logging_mixin.py:190} INFO - [2026-03-23T01:09:46.678+0000] {dag.py:4180} INFO - Setting next_dagrun for example_setup_teardown_taskflow to None, run_after=None
[2026-03-23T01:09:46.700+0000] {processor.py:208} INFO - Processing /home/ec2-user/environment/lab4_model_training/venv/lib64/python3.12/site-packages/airflow/example_dags/example_setup_teardown_taskflow.py took 0.078 seconds
[2026-03-23T01:11:00.362+0000] {processor.py:186} INFO - Started process (PID=7590) to work on /home/ec2-user/environment/lab4_model_training/venv/lib64/python3.12/site-packages/airflow/example_dags/example_setup_teardown_taskflow.py
[2026-03-23T01:11:00.363+0000] {processor.py:914} INFO - Processing file /home/ec2-user/environment/lab4_model_training/venv/lib64/python3.12/site-packages/airflow/example_dags/example_setup_teardown_taskflow.py for tasks to queue
[2026-03-23T01:11:00.365+0000] {logging_mixin.py:190} INFO - [2026-03-23T01:11:00.365+0000] {dagbag.py:588} INFO - Filling up the DagBag from /home/ec2-user/environment/lab4_model_training/venv/lib64/python3.12/site-packages/airflow/example_dags/example_setup_teardown_taskflow.py
[2026-03-23T01:11:00.375+0000] {processor.py:925} INFO - DAG(s) 'example_setup_teardown_taskflow' retrieved from /home/ec2-user/environment/lab4_model_training/venv/lib64/python3.12/site-packages/airflow/example_dags/example_setup_teardown_taskflow.py
[2026-03-23T01:11:00.392+0000] {logging_mixin.py:190} INFO - [2026-03-23T01:11:00.392+0000] {dag.py:3239} INFO - Sync 1 DAGs
[2026-03-23T01:11:00.404+0000] {logging_mixin.py:190} INFO - [2026-03-23T01:11:00.404+0000] {dag.py:4180} INFO - Setting next_dagrun for example_setup_teardown_taskflow to None, run_after=None
[2026-03-23T01:11:00.427+0000] {processor.py:208} INFO - Processing /home/ec2-user/environment/lab4_model_training/venv/lib64/python3.12/site-packages/airflow/example_dags/example_setup_teardown_taskflow.py took 0.070 seconds
[2026-03-23T01:12:03.362+0000] {processor.py:186} INFO - Started process (PID=7759) to work on /home/ec2-user/environment/lab4_model_training/venv/lib64/python3.12/site-packages/airflow/example_dags/example_setup_teardown_taskflow.py
[2026-03-23T01:12:03.363+0000] {processor.py:914} INFO - Processing file /home/ec2-user/environment/lab4_model_training/venv/lib64/python3.12/site-packages/airflow/example_dags/example_setup_teardown_taskflow.py for tasks to queue
[2026-03-23T01:12:03.365+0000] {logging_mixin.py:190} INFO - [2026-03-23T01:12:03.365+0000] {dagbag.py:588} INFO - Filling up the DagBag from /home/ec2-user/environment/lab4_model_training/venv/lib64/python3.12/site-packages/airflow/example_dags/example_setup_teardown_taskflow.py
[2026-03-23T01:12:03.375+0000] {processor.py:925} INFO - DAG(s) 'example_setup_teardown_taskflow' retrieved from /home/ec2-user/environment/lab4_model_training/venv/lib64/python3.12/site-packages/airflow/example_dags/example_setup_teardown_taskflow.py
[2026-03-23T01:12:03.392+0000] {logging_mixin.py:190} INFO - [2026-03-23T01:12:03.392+0000] {dag.py:3239} INFO - Sync 1 DAGs
[2026-03-23T01:12:03.404+0000] {logging_mixin.py:190} INFO - [2026-03-23T01:12:03.404+0000] {dag.py:4180} INFO - Setting next_dagrun for example_setup_teardown_taskflow to None, run_after=None
[2026-03-23T01:12:03.427+0000] {processor.py:208} INFO - Processing /home/ec2-user/environment/lab4_model_training/venv/lib64/python3.12/site-packages/airflow/example_dags/example_setup_teardown_taskflow.py took 0.070 seconds
[2026-03-23T01:13:07.027+0000] {processor.py:186} INFO - Started process (PID=7868) to work on /home/ec2-user/environment/lab4_model_training/venv/lib64/python3.12/site-packages/airflow/example_dags/example_setup_teardown_taskflow.py
[2026-03-23T01:13:07.028+0000] {processor.py:914} INFO - Processing file /home/ec2-user/environment/lab4_model_training/venv/lib64/python3.12/site-packages/airflow/example_dags/example_setup_teardown_taskflow.py for tasks to queue
[2026-03-23T01:13:07.030+0000] {logging_mixin.py:190} INFO - [2026-03-23T01:13:07.030+0000] {dagbag.py:588} INFO - Filling up the DagBag from /home/ec2-user/environment/lab4_model_training/venv/lib64/python3.12/site-packages/airflow/example_dags/example_setup_teardown_taskflow.py
[2026-03-23T01:13:07.040+0000] {processor.py:925} INFO - DAG(s) 'example_setup_teardown_taskflow' retrieved from /home/ec2-user/environment/lab4_model_training/venv/lib64/python3.12/site-packages/airflow/example_dags/example_setup_teardown_taskflow.py
[2026-03-23T01:13:07.057+0000] {logging_mixin.py:190} INFO - [2026-03-23T01:13:07.057+0000] {dag.py:3239} INFO - Sync 1 DAGs
[2026-03-23T01:13:07.069+0000] {logging_mixin.py:190} INFO - [2026-03-23T01:13:07.069+0000] {dag.py:4180} INFO - Setting next_dagrun for example_setup_teardown_taskflow to None, run_after=None
[2026-03-23T01:13:07.090+0000] {processor.py:208} INFO - Processing /home/ec2-user/environment/lab4_model_training/venv/lib64/python3.12/site-packages/airflow/example_dags/example_setup_teardown_taskflow.py took 0.068 seconds
[2026-03-23T01:14:09.690+0000] {processor.py:186} INFO - Started process (PID=8022) to work on /home/ec2-user/environment/lab4_model_training/venv/lib64/python3.12/site-packages/airflow/example_dags/example_setup_teardown_taskflow.py
[2026-03-23T01:14:09.691+0000] {processor.py:914} INFO - Processing file /home/ec2-user/environment/lab4_model_training/venv/lib64/python3.12/site-packages/airflow/example_dags/example_setup_teardown_taskflow.py for tasks to queue
[2026-03-23T01:14:09.693+0000] {logging_mixin.py:190} INFO - [2026-03-23T01:14:09.693+0000] {dagbag.py:588} INFO - Filling up the DagBag from /home/ec2-user/environment/lab4_model_training/venv/lib64/python3.12/site-packages/airflow/example_dags/example_setup_teardown_taskflow.py
[2026-03-23T01:14:09.703+0000] {processor.py:925} INFO - DAG(s) 'example_setup_teardown_taskflow' retrieved from /home/ec2-user/environment/lab4_model_training/venv/lib64/python3.12/site-packages/airflow/example_dags/example_setup_teardown_taskflow.py
[2026-03-23T01:14:09.720+0000] {logging_mixin.py:190} INFO - [2026-03-23T01:14:09.720+0000] {dag.py:3239} INFO - Sync 1 DAGs
[2026-03-23T01:14:09.732+0000] {logging_mixin.py:190} INFO - [2026-03-23T01:14:09.732+0000] {dag.py:4180} INFO - Setting next_dagrun for example_setup_teardown_taskflow to None, run_after=None
[2026-03-23T01:14:09.753+0000] {processor.py:208} INFO - Processing /home/ec2-user/environment/lab4_model_training/venv/lib64/python3.12/site-packages/airflow/example_dags/example_setup_teardown_taskflow.py took 0.068 seconds
[2026-03-23T01:15:20.805+0000] {processor.py:186} INFO - Started process (PID=8141) to work on /home/ec2-user/environment/lab4_model_training/venv/lib64/python3.12/site-packages/airflow/example_dags/example_setup_teardown_taskflow.py
[2026-03-23T01:15:20.807+0000] {processor.py:914} INFO - Processing file /home/ec2-user/environment/lab4_model_training/venv/lib64/python3.12/site-packages/airflow/example_dags/example_setup_teardown_taskflow.py for tasks to queue
[2026-03-23T01:15:20.809+0000] {logging_mixin.py:190} INFO - [2026-03-23T01:15:20.808+0000] {dagbag.py:588} INFO - Filling up the DagBag from /home/ec2-user/environment/lab4_model_training/venv/lib64/python3.12/site-packages/airflow/example_dags/example_setup_teardown_taskflow.py
[2026-03-23T01:15:20.819+0000] {processor.py:925} INFO - DAG(s) 'example_setup_teardown_taskflow' retrieved from /home/ec2-user/environment/lab4_model_training/venv/lib64/python3.12/site-packages/airflow/example_dags/example_setup_teardown_taskflow.py
[2026-03-23T01:15:20.835+0000] {logging_mixin.py:190} INFO - [2026-03-23T01:15:20.835+0000] {dag.py:3239} INFO - Sync 1 DAGs
[2026-03-23T01:15:20.847+0000] {logging_mixin.py:190} INFO - [2026-03-23T01:15:20.847+0000] {dag.py:4180} INFO - Setting next_dagrun for example_setup_teardown_taskflow to None, run_after=None
[2026-03-23T01:15:20.868+0000] {processor.py:208} INFO - Processing /home/ec2-user/environment/lab4_model_training/venv/lib64/python3.12/site-packages/airflow/example_dags/example_setup_teardown_taskflow.py took 0.068 seconds
[2026-03-23T01:16:27.457+0000] {processor.py:186} INFO - Started process (PID=8298) to work on /home/ec2-user/environment/lab4_model_training/venv/lib64/python3.12/site-packages/airflow/example_dags/example_setup_teardown_taskflow.py
[2026-03-23T01:16:27.458+0000] {processor.py:914} INFO - Processing file /home/ec2-user/environment/lab4_model_training/venv/lib64/python3.12/site-packages/airflow/example_dags/example_setup_teardown_taskflow.py for tasks to queue
[2026-03-23T01:16:27.460+0000] {logging_mixin.py:190} INFO - [2026-03-23T01:16:27.460+0000] {dagbag.py:588} INFO - Filling up the DagBag from /home/ec2-user/environment/lab4_model_training/venv/lib64/python3.12/site-packages/airflow/example_dags/example_setup_teardown_taskflow.py
[2026-03-23T01:16:27.470+0000] {processor.py:925} INFO - DAG(s) 'example_setup_teardown_taskflow' retrieved from /home/ec2-user/environment/lab4_model_training/venv/lib64/python3.12/site-packages/airflow/example_dags/example_setup_teardown_taskflow.py
[2026-03-23T01:16:27.487+0000] {logging_mixin.py:190} INFO - [2026-03-23T01:16:27.487+0000] {dag.py:3239} INFO - Sync 1 DAGs
[2026-03-23T01:16:27.499+0000] {logging_mixin.py:190} INFO - [2026-03-23T01:16:27.498+0000] {dag.py:4180} INFO - Setting next_dagrun for example_setup_teardown_taskflow to None, run_after=None
[2026-03-23T01:16:27.520+0000] {processor.py:208} INFO - Processing /home/ec2-user/environment/lab4_model_training/venv/lib64/python3.12/site-packages/airflow/example_dags/example_setup_teardown_taskflow.py took 0.068 seconds
[2026-03-23T01:17:32.184+0000] {processor.py:186} INFO - Started process (PID=8408) to work on /home/ec2-user/environment/lab4_model_training/venv/lib64/python3.12/site-packages/airflow/example_dags/example_setup_teardown_taskflow.py
[2026-03-23T01:17:32.186+0000] {processor.py:914} INFO - Processing file /home/ec2-user/environment/lab4_model_training/venv/lib64/python3.12/site-packages/airflow/example_dags/example_setup_teardown_taskflow.py for tasks to queue
[2026-03-23T01:17:32.187+0000] {logging_mixin.py:190} INFO - [2026-03-23T01:17:32.187+0000] {dagbag.py:588} INFO - Filling up the DagBag from /home/ec2-user/environment/lab4_model_training/venv/lib64/python3.12/site-packages/airflow/example_dags/example_setup_teardown_taskflow.py
[2026-03-23T01:17:32.198+0000] {processor.py:925} INFO - DAG(s) 'example_setup_teardown_taskflow' retrieved from /home/ec2-user/environment/lab4_model_training/venv/lib64/python3.12/site-packages/airflow/example_dags/example_setup_teardown_taskflow.py
[2026-03-23T01:17:32.214+0000] {logging_mixin.py:190} INFO - [2026-03-23T01:17:32.214+0000] {dag.py:3239} INFO - Sync 1 DAGs
[2026-03-23T01:17:32.226+0000] {logging_mixin.py:190} INFO - [2026-03-23T01:17:32.226+0000] {dag.py:4180} INFO - Setting next_dagrun for example_setup_teardown_taskflow to None, run_after=None
[2026-03-23T01:17:32.248+0000] {processor.py:208} INFO - Processing /home/ec2-user/environment/lab4_model_training/venv/lib64/python3.12/site-packages/airflow/example_dags/example_setup_teardown_taskflow.py took 0.069 seconds
[2026-03-23T01:18:35.322+0000] {processor.py:186} INFO - Started process (PID=8588) to work on /home/ec2-user/environment/lab4_model_training/venv/lib64/python3.12/site-packages/airflow/example_dags/example_setup_teardown_taskflow.py
[2026-03-23T01:18:35.323+0000] {processor.py:914} INFO - Processing file /home/ec2-user/environment/lab4_model_training/venv/lib64/python3.12/site-packages/airflow/example_dags/example_setup_teardown_taskflow.py for tasks to queue
[2026-03-23T01:18:35.325+0000] {logging_mixin.py:190} INFO - [2026-03-23T01:18:35.325+0000] {dagbag.py:588} INFO - Filling up the DagBag from /home/ec2-user/environment/lab4_model_training/venv/lib64/python3.12/site-packages/airflow/example_dags/example_setup_teardown_taskflow.py
[2026-03-23T01:18:35.335+0000] {processor.py:925} INFO - DAG(s) 'example_setup_teardown_taskflow' retrieved from /home/ec2-user/environment/lab4_model_training/venv/lib64/python3.12/site-packages/airflow/example_dags/example_setup_teardown_taskflow.py
[2026-03-23T01:18:35.352+0000] {logging_mixin.py:190} INFO - [2026-03-23T01:18:35.352+0000] {dag.py:3239} INFO - Sync 1 DAGs
[2026-03-23T01:18:35.364+0000] {logging_mixin.py:190} INFO - [2026-03-23T01:18:35.364+0000] {dag.py:4180} INFO - Setting next_dagrun for example_setup_teardown_taskflow to None, run_after=None
[2026-03-23T01:18:35.386+0000] {processor.py:208} INFO - Processing /home/ec2-user/environment/lab4_model_training/venv/lib64/python3.12/site-packages/airflow/example_dags/example_setup_teardown_taskflow.py took 0.069 seconds
[2026-03-23T01:19:36.003+0000] {processor.py:186} INFO - Started process (PID=8692) to work on /home/ec2-user/environment/lab4_model_training/venv/lib64/python3.12/site-packages/airflow/example_dags/example_setup_teardown_taskflow.py
[2026-03-23T01:19:36.005+0000] {processor.py:914} INFO - Processing file /home/ec2-user/environment/lab4_model_training/venv/lib64/python3.12/site-packages/airflow/example_dags/example_setup_teardown_taskflow.py for tasks to queue
[2026-03-23T01:19:36.006+0000] {logging_mixin.py:190} INFO - [2026-03-23T01:19:36.006+0000] {dagbag.py:588} INFO - Filling up the DagBag from /home/ec2-user/environment/lab4_model_training/venv/lib64/python3.12/site-packages/airflow/example_dags/example_setup_teardown_taskflow.py
[2026-03-23T01:19:36.017+0000] {processor.py:925} INFO - DAG(s) 'example_setup_teardown_taskflow' retrieved from /home/ec2-user/environment/lab4_model_training/venv/lib64/python3.12/site-packages/airflow/example_dags/example_setup_teardown_taskflow.py
[2026-03-23T01:19:36.033+0000] {logging_mixin.py:190} INFO - [2026-03-23T01:19:36.033+0000] {dag.py:3239} INFO - Sync 1 DAGs
[2026-03-23T01:19:36.045+0000] {logging_mixin.py:190} INFO - [2026-03-23T01:19:36.045+0000] {dag.py:4180} INFO - Setting next_dagrun for example_setup_teardown_taskflow to None, run_after=None
[2026-03-23T01:19:36.067+0000] {processor.py:208} INFO - Processing /home/ec2-user/environment/lab4_model_training/venv/lib64/python3.12/site-packages/airflow/example_dags/example_setup_teardown_taskflow.py took 0.069 seconds
[2026-03-23T01:20:41.735+0000] {processor.py:186} INFO - Started process (PID=8854) to work on /home/ec2-user/environment/lab4_model_training/venv/lib64/python3.12/site-packages/airflow/example_dags/example_setup_teardown_taskflow.py
[2026-03-23T01:20:41.736+0000] {processor.py:914} INFO - Processing file /home/ec2-user/environment/lab4_model_training/venv/lib64/python3.12/site-packages/airflow/example_dags/example_setup_teardown_taskflow.py for tasks to queue
[2026-03-23T01:20:41.738+0000] {logging_mixin.py:190} INFO - [2026-03-23T01:20:41.737+0000] {dagbag.py:588} INFO - Filling up the DagBag from /home/ec2-user/environment/lab4_model_training/venv/lib64/python3.12/site-packages/airflow/example_dags/example_setup_teardown_taskflow.py
[2026-03-23T01:20:41.748+0000] {processor.py:925} INFO - DAG(s) 'example_setup_teardown_taskflow' retrieved from /home/ec2-user/environment/lab4_model_training/venv/lib64/python3.12/site-packages/airflow/example_dags/example_setup_teardown_taskflow.py
[2026-03-23T01:20:41.764+0000] {logging_mixin.py:190} INFO - [2026-03-23T01:20:41.764+0000] {dag.py:3239} INFO - Sync 1 DAGs
[2026-03-23T01:20:41.776+0000] {logging_mixin.py:190} INFO - [2026-03-23T01:20:41.776+0000] {dag.py:4180} INFO - Setting next_dagrun for example_setup_teardown_taskflow to None, run_after=None
[2026-03-23T01:20:41.797+0000] {processor.py:208} INFO - Processing /home/ec2-user/environment/lab4_model_training/venv/lib64/python3.12/site-packages/airflow/example_dags/example_setup_teardown_taskflow.py took 0.068 seconds
[2026-03-23T01:21:47.991+0000] {processor.py:186} INFO - Started process (PID=9028) to work on /home/ec2-user/environment/lab4_model_training/venv/lib64/python3.12/site-packages/airflow/example_dags/example_setup_teardown_taskflow.py
[2026-03-23T01:21:47.992+0000] {processor.py:914} INFO - Processing file /home/ec2-user/environment/lab4_model_training/venv/lib64/python3.12/site-packages/airflow/example_dags/example_setup_teardown_taskflow.py for tasks to queue
[2026-03-23T01:21:47.994+0000] {logging_mixin.py:190} INFO - [2026-03-23T01:21:47.994+0000] {dagbag.py:588} INFO - Filling up the DagBag from /home/ec2-user/environment/lab4_model_training/venv/lib64/python3.12/site-packages/airflow/example_dags/example_setup_teardown_taskflow.py
[2026-03-23T01:21:48.005+0000] {processor.py:925} INFO - DAG(s) 'example_setup_teardown_taskflow' retrieved from /home/ec2-user/environment/lab4_model_training/venv/lib64/python3.12/site-packages/airflow/example_dags/example_setup_teardown_taskflow.py
[2026-03-23T01:21:48.021+0000] {logging_mixin.py:190} INFO - [2026-03-23T01:21:48.021+0000] {dag.py:3239} INFO - Sync 1 DAGs
[2026-03-23T01:21:48.033+0000] {logging_mixin.py:190} INFO - [2026-03-23T01:21:48.033+0000] {dag.py:4180} INFO - Setting next_dagrun for example_setup_teardown_taskflow to None, run_after=None
[2026-03-23T01:21:48.052+0000] {processor.py:208} INFO - Processing /home/ec2-user/environment/lab4_model_training/venv/lib64/python3.12/site-packages/airflow/example_dags/example_setup_teardown_taskflow.py took 0.067 seconds
[2026-03-23T01:22:59.143+0000] {processor.py:186} INFO - Started process (PID=9153) to work on /home/ec2-user/environment/lab4_model_training/venv/lib64/python3.12/site-packages/airflow/example_dags/example_setup_teardown_taskflow.py
[2026-03-23T01:22:59.144+0000] {processor.py:914} INFO - Processing file /home/ec2-user/environment/lab4_model_training/venv/lib64/python3.12/site-packages/airflow/example_dags/example_setup_teardown_taskflow.py for tasks to queue
[2026-03-23T01:22:59.146+0000] {logging_mixin.py:190} INFO - [2026-03-23T01:22:59.146+0000] {dagbag.py:588} INFO - Filling up the DagBag from /home/ec2-user/environment/lab4_model_training/venv/lib64/python3.12/site-packages/airflow/example_dags/example_setup_teardown_taskflow.py
[2026-03-23T01:22:59.156+0000] {processor.py:925} INFO - DAG(s) 'example_setup_teardown_taskflow' retrieved from /home/ec2-user/environment/lab4_model_training/venv/lib64/python3.12/site-packages/airflow/example_dags/example_setup_teardown_taskflow.py
[2026-03-23T01:22:59.173+0000] {logging_mixin.py:190} INFO - [2026-03-23T01:22:59.173+0000] {dag.py:3239} INFO - Sync 1 DAGs
[2026-03-23T01:22:59.188+0000] {logging_mixin.py:190} INFO - [2026-03-23T01:22:59.188+0000] {dag.py:4180} INFO - Setting next_dagrun for example_setup_teardown_taskflow to None, run_after=None
[2026-03-23T01:22:59.211+0000] {processor.py:208} INFO - Processing /home/ec2-user/environment/lab4_model_training/venv/lib64/python3.12/site-packages/airflow/example_dags/example_setup_teardown_taskflow.py took 0.073 seconds
[2026-03-23T01:24:06.132+0000] {processor.py:186} INFO - Started process (PID=9377) to work on /home/ec2-user/environment/lab4_model_training/venv/lib64/python3.12/site-packages/airflow/example_dags/example_setup_teardown_taskflow.py
[2026-03-23T01:24:06.134+0000] {processor.py:914} INFO - Processing file /home/ec2-user/environment/lab4_model_training/venv/lib64/python3.12/site-packages/airflow/example_dags/example_setup_teardown_taskflow.py for tasks to queue
[2026-03-23T01:24:06.136+0000] {logging_mixin.py:190} INFO - [2026-03-23T01:24:06.135+0000] {dagbag.py:588} INFO - Filling up the DagBag from /home/ec2-user/environment/lab4_model_training/venv/lib64/python3.12/site-packages/airflow/example_dags/example_setup_teardown_taskflow.py
[2026-03-23T01:24:06.146+0000] {processor.py:925} INFO - DAG(s) 'example_setup_teardown_taskflow' retrieved from /home/ec2-user/environment/lab4_model_training/venv/lib64/python3.12/site-packages/airflow/example_dags/example_setup_teardown_taskflow.py
[2026-03-23T01:24:06.163+0000] {logging_mixin.py:190} INFO - [2026-03-23T01:24:06.163+0000] {dag.py:3239} INFO - Sync 1 DAGs
[2026-03-23T01:24:06.175+0000] {logging_mixin.py:190} INFO - [2026-03-23T01:24:06.175+0000] {dag.py:4180} INFO - Setting next_dagrun for example_setup_teardown_taskflow to None, run_after=None
[2026-03-23T01:24:06.198+0000] {processor.py:208} INFO - Processing /home/ec2-user/environment/lab4_model_training/venv/lib64/python3.12/site-packages/airflow/example_dags/example_setup_teardown_taskflow.py took 0.071 seconds
