[2026-03-23T00:59:40.384+0000] {processor.py:186} INFO - Started process (PID=5856) to work on /home/ec2-user/environment/lab4_model_training/venv/lib64/python3.12/site-packages/airflow/example_dags/example_time_delta_sensor_async.py
[2026-03-23T00:59:40.385+0000] {processor.py:914} INFO - Processing file /home/ec2-user/environment/lab4_model_training/venv/lib64/python3.12/site-packages/airflow/example_dags/example_time_delta_sensor_async.py for tasks to queue
[2026-03-23T00:59:40.387+0000] {logging_mixin.py:190} INFO - [2026-03-23T00:59:40.387+0000] {dagbag.py:588} INFO - Filling up the DagBag from /home/ec2-user/environment/lab4_model_training/venv/lib64/python3.12/site-packages/airflow/example_dags/example_time_delta_sensor_async.py
[2026-03-23T00:59:40.394+0000] {processor.py:925} INFO - DAG(s) 'example_time_delta_sensor_async' retrieved from /home/ec2-user/environment/lab4_model_training/venv/lib64/python3.12/site-packages/airflow/example_dags/example_time_delta_sensor_async.py
[2026-03-23T00:59:40.409+0000] {logging_mixin.py:190} INFO - [2026-03-23T00:59:40.409+0000] {dag.py:3239} INFO - Sync 1 DAGs
[2026-03-23T00:59:40.421+0000] {logging_mixin.py:190} INFO - [2026-03-23T00:59:40.421+0000] {dag.py:4180} INFO - Setting next_dagrun for example_time_delta_sensor_async to None, run_after=None
[2026-03-23T00:59:40.442+0000] {processor.py:208} INFO - Processing /home/ec2-user/environment/lab4_model_training/venv/lib64/python3.12/site-packages/airflow/example_dags/example_time_delta_sensor_async.py took 0.064 seconds
[2026-03-23T01:00:46.341+0000] {processor.py:186} INFO - Started process (PID=6044) to work on /home/ec2-user/environment/lab4_model_training/venv/lib64/python3.12/site-packages/airflow/example_dags/example_time_delta_sensor_async.py
[2026-03-23T01:00:46.342+0000] {processor.py:914} INFO - Processing file /home/ec2-user/environment/lab4_model_training/venv/lib64/python3.12/site-packages/airflow/example_dags/example_time_delta_sensor_async.py for tasks to queue
[2026-03-23T01:00:46.344+0000] {logging_mixin.py:190} INFO - [2026-03-23T01:00:46.343+0000] {dagbag.py:588} INFO - Filling up the DagBag from /home/ec2-user/environment/lab4_model_training/venv/lib64/python3.12/site-packages/airflow/example_dags/example_time_delta_sensor_async.py
[2026-03-23T01:00:46.350+0000] {processor.py:925} INFO - DAG(s) 'example_time_delta_sensor_async' retrieved from /home/ec2-user/environment/lab4_model_training/venv/lib64/python3.12/site-packages/airflow/example_dags/example_time_delta_sensor_async.py
[2026-03-23T01:00:46.365+0000] {logging_mixin.py:190} INFO - [2026-03-23T01:00:46.365+0000] {dag.py:3239} INFO - Sync 1 DAGs
[2026-03-23T01:00:46.377+0000] {logging_mixin.py:190} INFO - [2026-03-23T01:00:46.377+0000] {dag.py:4180} INFO - Setting next_dagrun for example_time_delta_sensor_async to None, run_after=None
[2026-03-23T01:00:46.399+0000] {processor.py:208} INFO - Processing /home/ec2-user/environment/lab4_model_training/venv/lib64/python3.12/site-packages/airflow/example_dags/example_time_delta_sensor_async.py took 0.063 seconds
[2026-03-23T01:01:49.838+0000] {processor.py:186} INFO - Started process (PID=6262) to work on /home/ec2-user/environment/lab4_model_training/venv/lib64/python3.12/site-packages/airflow/example_dags/example_time_delta_sensor_async.py
[2026-03-23T01:01:49.839+0000] {processor.py:914} INFO - Processing file /home/ec2-user/environment/lab4_model_training/venv/lib64/python3.12/site-packages/airflow/example_dags/example_time_delta_sensor_async.py for tasks to queue
[2026-03-23T01:01:49.841+0000] {logging_mixin.py:190} INFO - [2026-03-23T01:01:49.841+0000] {dagbag.py:588} INFO - Filling up the DagBag from /home/ec2-user/environment/lab4_model_training/venv/lib64/python3.12/site-packages/airflow/example_dags/example_time_delta_sensor_async.py
[2026-03-23T01:01:49.848+0000] {processor.py:925} INFO - DAG(s) 'example_time_delta_sensor_async' retrieved from /home/ec2-user/environment/lab4_model_training/venv/lib64/python3.12/site-packages/airflow/example_dags/example_time_delta_sensor_async.py
[2026-03-23T01:01:49.863+0000] {logging_mixin.py:190} INFO - [2026-03-23T01:01:49.863+0000] {dag.py:3239} INFO - Sync 1 DAGs
[2026-03-23T01:01:49.875+0000] {logging_mixin.py:190} INFO - [2026-03-23T01:01:49.875+0000] {dag.py:4180} INFO - Setting next_dagrun for example_time_delta_sensor_async to None, run_after=None
[2026-03-23T01:01:49.897+0000] {processor.py:208} INFO - Processing /home/ec2-user/environment/lab4_model_training/venv/lib64/python3.12/site-packages/airflow/example_dags/example_time_delta_sensor_async.py took 0.065 seconds
[2026-03-23T01:02:53.306+0000] {processor.py:186} INFO - Started process (PID=6452) to work on /home/ec2-user/environment/lab4_model_training/venv/lib64/python3.12/site-packages/airflow/example_dags/example_time_delta_sensor_async.py
[2026-03-23T01:02:53.307+0000] {processor.py:914} INFO - Processing file /home/ec2-user/environment/lab4_model_training/venv/lib64/python3.12/site-packages/airflow/example_dags/example_time_delta_sensor_async.py for tasks to queue
[2026-03-23T01:02:53.309+0000] {logging_mixin.py:190} INFO - [2026-03-23T01:02:53.309+0000] {dagbag.py:588} INFO - Filling up the DagBag from /home/ec2-user/environment/lab4_model_training/venv/lib64/python3.12/site-packages/airflow/example_dags/example_time_delta_sensor_async.py
[2026-03-23T01:02:53.316+0000] {processor.py:925} INFO - DAG(s) 'example_time_delta_sensor_async' retrieved from /home/ec2-user/environment/lab4_model_training/venv/lib64/python3.12/site-packages/airflow/example_dags/example_time_delta_sensor_async.py
[2026-03-23T01:02:53.331+0000] {logging_mixin.py:190} INFO - [2026-03-23T01:02:53.330+0000] {dag.py:3239} INFO - Sync 1 DAGs
[2026-03-23T01:02:53.342+0000] {logging_mixin.py:190} INFO - [2026-03-23T01:02:53.342+0000] {dag.py:4180} INFO - Setting next_dagrun for example_time_delta_sensor_async to None, run_after=None
[2026-03-23T01:02:53.365+0000] {processor.py:208} INFO - Processing /home/ec2-user/environment/lab4_model_training/venv/lib64/python3.12/site-packages/airflow/example_dags/example_time_delta_sensor_async.py took 0.064 seconds
[2026-03-23T01:03:58.878+0000] {processor.py:186} INFO - Started process (PID=6600) to work on /home/ec2-user/environment/lab4_model_training/venv/lib64/python3.12/site-packages/airflow/example_dags/example_time_delta_sensor_async.py
[2026-03-23T01:03:58.879+0000] {processor.py:914} INFO - Processing file /home/ec2-user/environment/lab4_model_training/venv/lib64/python3.12/site-packages/airflow/example_dags/example_time_delta_sensor_async.py for tasks to queue
[2026-03-23T01:03:58.881+0000] {logging_mixin.py:190} INFO - [2026-03-23T01:03:58.881+0000] {dagbag.py:588} INFO - Filling up the DagBag from /home/ec2-user/environment/lab4_model_training/venv/lib64/python3.12/site-packages/airflow/example_dags/example_time_delta_sensor_async.py
[2026-03-23T01:03:58.888+0000] {processor.py:925} INFO - DAG(s) 'example_time_delta_sensor_async' retrieved from /home/ec2-user/environment/lab4_model_training/venv/lib64/python3.12/site-packages/airflow/example_dags/example_time_delta_sensor_async.py
[2026-03-23T01:03:58.902+0000] {logging_mixin.py:190} INFO - [2026-03-23T01:03:58.902+0000] {dag.py:3239} INFO - Sync 1 DAGs
[2026-03-23T01:03:58.914+0000] {logging_mixin.py:190} INFO - [2026-03-23T01:03:58.913+0000] {dag.py:4180} INFO - Setting next_dagrun for example_time_delta_sensor_async to None, run_after=None
[2026-03-23T01:03:58.935+0000] {processor.py:208} INFO - Processing /home/ec2-user/environment/lab4_model_training/venv/lib64/python3.12/site-packages/airflow/example_dags/example_time_delta_sensor_async.py took 0.063 seconds
[2026-03-23T01:05:03.426+0000] {processor.py:186} INFO - Started process (PID=6786) to work on /home/ec2-user/environment/lab4_model_training/venv/lib64/python3.12/site-packages/airflow/example_dags/example_time_delta_sensor_async.py
[2026-03-23T01:05:03.428+0000] {processor.py:914} INFO - Processing file /home/ec2-user/environment/lab4_model_training/venv/lib64/python3.12/site-packages/airflow/example_dags/example_time_delta_sensor_async.py for tasks to queue
[2026-03-23T01:05:03.429+0000] {logging_mixin.py:190} INFO - [2026-03-23T01:05:03.429+0000] {dagbag.py:588} INFO - Filling up the DagBag from /home/ec2-user/environment/lab4_model_training/venv/lib64/python3.12/site-packages/airflow/example_dags/example_time_delta_sensor_async.py
[2026-03-23T01:05:03.436+0000] {processor.py:925} INFO - DAG(s) 'example_time_delta_sensor_async' retrieved from /home/ec2-user/environment/lab4_model_training/venv/lib64/python3.12/site-packages/airflow/example_dags/example_time_delta_sensor_async.py
[2026-03-23T01:05:03.450+0000] {logging_mixin.py:190} INFO - [2026-03-23T01:05:03.450+0000] {dag.py:3239} INFO - Sync 1 DAGs
[2026-03-23T01:05:03.463+0000] {logging_mixin.py:190} INFO - [2026-03-23T01:05:03.462+0000] {dag.py:4180} INFO - Setting next_dagrun for example_time_delta_sensor_async to None, run_after=None
[2026-03-23T01:05:03.484+0000] {processor.py:208} INFO - Processing /home/ec2-user/environment/lab4_model_training/venv/lib64/python3.12/site-packages/airflow/example_dags/example_time_delta_sensor_async.py took 0.064 seconds
[2026-03-23T01:06:20.983+0000] {processor.py:186} INFO - Started process (PID=6943) to work on /home/ec2-user/environment/lab4_model_training/venv/lib64/python3.12/site-packages/airflow/example_dags/example_time_delta_sensor_async.py
[2026-03-23T01:06:20.984+0000] {processor.py:914} INFO - Processing file /home/ec2-user/environment/lab4_model_training/venv/lib64/python3.12/site-packages/airflow/example_dags/example_time_delta_sensor_async.py for tasks to queue
[2026-03-23T01:06:20.986+0000] {logging_mixin.py:190} INFO - [2026-03-23T01:06:20.986+0000] {dagbag.py:588} INFO - Filling up the DagBag from /home/ec2-user/environment/lab4_model_training/venv/lib64/python3.12/site-packages/airflow/example_dags/example_time_delta_sensor_async.py
[2026-03-23T01:06:20.992+0000] {processor.py:925} INFO - DAG(s) 'example_time_delta_sensor_async' retrieved from /home/ec2-user/environment/lab4_model_training/venv/lib64/python3.12/site-packages/airflow/example_dags/example_time_delta_sensor_async.py
[2026-03-23T01:06:21.007+0000] {logging_mixin.py:190} INFO - [2026-03-23T01:06:21.007+0000] {dag.py:3239} INFO - Sync 1 DAGs
[2026-03-23T01:06:21.020+0000] {logging_mixin.py:190} INFO - [2026-03-23T01:06:21.019+0000] {dag.py:4180} INFO - Setting next_dagrun for example_time_delta_sensor_async to None, run_after=None
[2026-03-23T01:06:21.041+0000] {processor.py:208} INFO - Processing /home/ec2-user/environment/lab4_model_training/venv/lib64/python3.12/site-packages/airflow/example_dags/example_time_delta_sensor_async.py took 0.063 seconds
[2026-03-23T01:07:37.685+0000] {processor.py:186} INFO - Started process (PID=7129) to work on /home/ec2-user/environment/lab4_model_training/venv/lib64/python3.12/site-packages/airflow/example_dags/example_time_delta_sensor_async.py
[2026-03-23T01:07:37.686+0000] {processor.py:914} INFO - Processing file /home/ec2-user/environment/lab4_model_training/venv/lib64/python3.12/site-packages/airflow/example_dags/example_time_delta_sensor_async.py for tasks to queue
[2026-03-23T01:07:37.688+0000] {logging_mixin.py:190} INFO - [2026-03-23T01:07:37.688+0000] {dagbag.py:588} INFO - Filling up the DagBag from /home/ec2-user/environment/lab4_model_training/venv/lib64/python3.12/site-packages/airflow/example_dags/example_time_delta_sensor_async.py
[2026-03-23T01:07:37.695+0000] {processor.py:925} INFO - DAG(s) 'example_time_delta_sensor_async' retrieved from /home/ec2-user/environment/lab4_model_training/venv/lib64/python3.12/site-packages/airflow/example_dags/example_time_delta_sensor_async.py
[2026-03-23T01:07:37.710+0000] {logging_mixin.py:190} INFO - [2026-03-23T01:07:37.709+0000] {dag.py:3239} INFO - Sync 1 DAGs
[2026-03-23T01:07:37.722+0000] {logging_mixin.py:190} INFO - [2026-03-23T01:07:37.721+0000] {dag.py:4180} INFO - Setting next_dagrun for example_time_delta_sensor_async to None, run_after=None
[2026-03-23T01:07:37.743+0000] {processor.py:208} INFO - Processing /home/ec2-user/environment/lab4_model_training/venv/lib64/python3.12/site-packages/airflow/example_dags/example_time_delta_sensor_async.py took 0.063 seconds
[2026-03-23T01:08:49.262+0000] {processor.py:186} INFO - Started process (PID=7291) to work on /home/ec2-user/environment/lab4_model_training/venv/lib64/python3.12/site-packages/airflow/example_dags/example_time_delta_sensor_async.py
[2026-03-23T01:08:49.263+0000] {processor.py:914} INFO - Processing file /home/ec2-user/environment/lab4_model_training/venv/lib64/python3.12/site-packages/airflow/example_dags/example_time_delta_sensor_async.py for tasks to queue
[2026-03-23T01:08:49.265+0000] {logging_mixin.py:190} INFO - [2026-03-23T01:08:49.265+0000] {dagbag.py:588} INFO - Filling up the DagBag from /home/ec2-user/environment/lab4_model_training/venv/lib64/python3.12/site-packages/airflow/example_dags/example_time_delta_sensor_async.py
[2026-03-23T01:08:49.272+0000] {processor.py:925} INFO - DAG(s) 'example_time_delta_sensor_async' retrieved from /home/ec2-user/environment/lab4_model_training/venv/lib64/python3.12/site-packages/airflow/example_dags/example_time_delta_sensor_async.py
[2026-03-23T01:08:49.287+0000] {logging_mixin.py:190} INFO - [2026-03-23T01:08:49.287+0000] {dag.py:3239} INFO - Sync 1 DAGs
[2026-03-23T01:08:49.299+0000] {logging_mixin.py:190} INFO - [2026-03-23T01:08:49.299+0000] {dag.py:4180} INFO - Setting next_dagrun for example_time_delta_sensor_async to None, run_after=None
[2026-03-23T01:08:49.321+0000] {processor.py:208} INFO - Processing /home/ec2-user/environment/lab4_model_training/venv/lib64/python3.12/site-packages/airflow/example_dags/example_time_delta_sensor_async.py took 0.065 seconds
[2026-03-23T01:10:09.926+0000] {processor.py:186} INFO - Started process (PID=7442) to work on /home/ec2-user/environment/lab4_model_training/venv/lib64/python3.12/site-packages/airflow/example_dags/example_time_delta_sensor_async.py
[2026-03-23T01:10:09.927+0000] {processor.py:914} INFO - Processing file /home/ec2-user/environment/lab4_model_training/venv/lib64/python3.12/site-packages/airflow/example_dags/example_time_delta_sensor_async.py for tasks to queue
[2026-03-23T01:10:09.930+0000] {logging_mixin.py:190} INFO - [2026-03-23T01:10:09.930+0000] {dagbag.py:588} INFO - Filling up the DagBag from /home/ec2-user/environment/lab4_model_training/venv/lib64/python3.12/site-packages/airflow/example_dags/example_time_delta_sensor_async.py
[2026-03-23T01:10:09.939+0000] {processor.py:925} INFO - DAG(s) 'example_time_delta_sensor_async' retrieved from /home/ec2-user/environment/lab4_model_training/venv/lib64/python3.12/site-packages/airflow/example_dags/example_time_delta_sensor_async.py
[2026-03-23T01:10:09.953+0000] {logging_mixin.py:190} INFO - [2026-03-23T01:10:09.953+0000] {dag.py:3239} INFO - Sync 1 DAGs
[2026-03-23T01:10:09.965+0000] {logging_mixin.py:190} INFO - [2026-03-23T01:10:09.965+0000] {dag.py:4180} INFO - Setting next_dagrun for example_time_delta_sensor_async to None, run_after=None
[2026-03-23T01:10:09.987+0000] {processor.py:208} INFO - Processing /home/ec2-user/environment/lab4_model_training/venv/lib64/python3.12/site-packages/airflow/example_dags/example_time_delta_sensor_async.py took 0.066 seconds
[2026-03-23T01:11:16.762+0000] {processor.py:186} INFO - Started process (PID=7624) to work on /home/ec2-user/environment/lab4_model_training/venv/lib64/python3.12/site-packages/airflow/example_dags/example_time_delta_sensor_async.py
[2026-03-23T01:11:16.763+0000] {processor.py:914} INFO - Processing file /home/ec2-user/environment/lab4_model_training/venv/lib64/python3.12/site-packages/airflow/example_dags/example_time_delta_sensor_async.py for tasks to queue
[2026-03-23T01:11:16.765+0000] {logging_mixin.py:190} INFO - [2026-03-23T01:11:16.765+0000] {dagbag.py:588} INFO - Filling up the DagBag from /home/ec2-user/environment/lab4_model_training/venv/lib64/python3.12/site-packages/airflow/example_dags/example_time_delta_sensor_async.py
[2026-03-23T01:11:16.772+0000] {processor.py:925} INFO - DAG(s) 'example_time_delta_sensor_async' retrieved from /home/ec2-user/environment/lab4_model_training/venv/lib64/python3.12/site-packages/airflow/example_dags/example_time_delta_sensor_async.py
[2026-03-23T01:11:16.787+0000] {logging_mixin.py:190} INFO - [2026-03-23T01:11:16.787+0000] {dag.py:3239} INFO - Sync 1 DAGs
[2026-03-23T01:11:16.799+0000] {logging_mixin.py:190} INFO - [2026-03-23T01:11:16.799+0000] {dag.py:4180} INFO - Setting next_dagrun for example_time_delta_sensor_async to None, run_after=None
[2026-03-23T01:11:16.821+0000] {processor.py:208} INFO - Processing /home/ec2-user/environment/lab4_model_training/venv/lib64/python3.12/site-packages/airflow/example_dags/example_time_delta_sensor_async.py took 0.064 seconds
[2026-03-23T01:12:20.921+0000] {processor.py:186} INFO - Started process (PID=7782) to work on /home/ec2-user/environment/lab4_model_training/venv/lib64/python3.12/site-packages/airflow/example_dags/example_time_delta_sensor_async.py
[2026-03-23T01:12:20.922+0000] {processor.py:914} INFO - Processing file /home/ec2-user/environment/lab4_model_training/venv/lib64/python3.12/site-packages/airflow/example_dags/example_time_delta_sensor_async.py for tasks to queue
[2026-03-23T01:12:20.924+0000] {logging_mixin.py:190} INFO - [2026-03-23T01:12:20.923+0000] {dagbag.py:588} INFO - Filling up the DagBag from /home/ec2-user/environment/lab4_model_training/venv/lib64/python3.12/site-packages/airflow/example_dags/example_time_delta_sensor_async.py
[2026-03-23T01:12:20.930+0000] {processor.py:925} INFO - DAG(s) 'example_time_delta_sensor_async' retrieved from /home/ec2-user/environment/lab4_model_training/venv/lib64/python3.12/site-packages/airflow/example_dags/example_time_delta_sensor_async.py
[2026-03-23T01:12:20.945+0000] {logging_mixin.py:190} INFO - [2026-03-23T01:12:20.944+0000] {dag.py:3239} INFO - Sync 1 DAGs
[2026-03-23T01:12:20.956+0000] {logging_mixin.py:190} INFO - [2026-03-23T01:12:20.956+0000] {dag.py:4180} INFO - Setting next_dagrun for example_time_delta_sensor_async to None, run_after=None
[2026-03-23T01:12:20.977+0000] {processor.py:208} INFO - Processing /home/ec2-user/environment/lab4_model_training/venv/lib64/python3.12/site-packages/airflow/example_dags/example_time_delta_sensor_async.py took 0.061 seconds
[2026-03-23T01:13:25.334+0000] {processor.py:186} INFO - Started process (PID=7890) to work on /home/ec2-user/environment/lab4_model_training/venv/lib64/python3.12/site-packages/airflow/example_dags/example_time_delta_sensor_async.py
[2026-03-23T01:13:25.335+0000] {processor.py:914} INFO - Processing file /home/ec2-user/environment/lab4_model_training/venv/lib64/python3.12/site-packages/airflow/example_dags/example_time_delta_sensor_async.py for tasks to queue
[2026-03-23T01:13:25.337+0000] {logging_mixin.py:190} INFO - [2026-03-23T01:13:25.337+0000] {dagbag.py:588} INFO - Filling up the DagBag from /home/ec2-user/environment/lab4_model_training/venv/lib64/python3.12/site-packages/airflow/example_dags/example_time_delta_sensor_async.py
[2026-03-23T01:13:25.344+0000] {processor.py:925} INFO - DAG(s) 'example_time_delta_sensor_async' retrieved from /home/ec2-user/environment/lab4_model_training/venv/lib64/python3.12/site-packages/airflow/example_dags/example_time_delta_sensor_async.py
[2026-03-23T01:13:25.358+0000] {logging_mixin.py:190} INFO - [2026-03-23T01:13:25.358+0000] {dag.py:3239} INFO - Sync 1 DAGs
[2026-03-23T01:13:25.370+0000] {logging_mixin.py:190} INFO - [2026-03-23T01:13:25.370+0000] {dag.py:4180} INFO - Setting next_dagrun for example_time_delta_sensor_async to None, run_after=None
[2026-03-23T01:13:25.392+0000] {processor.py:208} INFO - Processing /home/ec2-user/environment/lab4_model_training/venv/lib64/python3.12/site-packages/airflow/example_dags/example_time_delta_sensor_async.py took 0.063 seconds
[2026-03-23T01:14:28.305+0000] {processor.py:186} INFO - Started process (PID=8044) to work on /home/ec2-user/environment/lab4_model_training/venv/lib64/python3.12/site-packages/airflow/example_dags/example_time_delta_sensor_async.py
[2026-03-23T01:14:28.307+0000] {processor.py:914} INFO - Processing file /home/ec2-user/environment/lab4_model_training/venv/lib64/python3.12/site-packages/airflow/example_dags/example_time_delta_sensor_async.py for tasks to queue
[2026-03-23T01:14:28.309+0000] {logging_mixin.py:190} INFO - [2026-03-23T01:14:28.308+0000] {dagbag.py:588} INFO - Filling up the DagBag from /home/ec2-user/environment/lab4_model_training/venv/lib64/python3.12/site-packages/airflow/example_dags/example_time_delta_sensor_async.py
[2026-03-23T01:14:28.316+0000] {processor.py:925} INFO - DAG(s) 'example_time_delta_sensor_async' retrieved from /home/ec2-user/environment/lab4_model_training/venv/lib64/python3.12/site-packages/airflow/example_dags/example_time_delta_sensor_async.py
[2026-03-23T01:14:28.330+0000] {logging_mixin.py:190} INFO - [2026-03-23T01:14:28.330+0000] {dag.py:3239} INFO - Sync 1 DAGs
[2026-03-23T01:14:28.342+0000] {logging_mixin.py:190} INFO - [2026-03-23T01:14:28.342+0000] {dag.py:4180} INFO - Setting next_dagrun for example_time_delta_sensor_async to None, run_after=None
[2026-03-23T01:14:28.364+0000] {processor.py:208} INFO - Processing /home/ec2-user/environment/lab4_model_training/venv/lib64/python3.12/site-packages/airflow/example_dags/example_time_delta_sensor_async.py took 0.064 seconds
[2026-03-23T01:15:38.972+0000] {processor.py:186} INFO - Started process (PID=8169) to work on /home/ec2-user/environment/lab4_model_training/venv/lib64/python3.12/site-packages/airflow/example_dags/example_time_delta_sensor_async.py
[2026-03-23T01:15:38.973+0000] {processor.py:914} INFO - Processing file /home/ec2-user/environment/lab4_model_training/venv/lib64/python3.12/site-packages/airflow/example_dags/example_time_delta_sensor_async.py for tasks to queue
[2026-03-23T01:15:38.975+0000] {logging_mixin.py:190} INFO - [2026-03-23T01:15:38.975+0000] {dagbag.py:588} INFO - Filling up the DagBag from /home/ec2-user/environment/lab4_model_training/venv/lib64/python3.12/site-packages/airflow/example_dags/example_time_delta_sensor_async.py
[2026-03-23T01:15:38.982+0000] {processor.py:925} INFO - DAG(s) 'example_time_delta_sensor_async' retrieved from /home/ec2-user/environment/lab4_model_training/venv/lib64/python3.12/site-packages/airflow/example_dags/example_time_delta_sensor_async.py
[2026-03-23T01:15:38.996+0000] {logging_mixin.py:190} INFO - [2026-03-23T01:15:38.996+0000] {dag.py:3239} INFO - Sync 1 DAGs
[2026-03-23T01:15:39.008+0000] {logging_mixin.py:190} INFO - [2026-03-23T01:15:39.008+0000] {dag.py:4180} INFO - Setting next_dagrun for example_time_delta_sensor_async to None, run_after=None
[2026-03-23T01:15:39.029+0000] {processor.py:208} INFO - Processing /home/ec2-user/environment/lab4_model_training/venv/lib64/python3.12/site-packages/airflow/example_dags/example_time_delta_sensor_async.py took 0.062 seconds
[2026-03-23T01:16:46.187+0000] {processor.py:186} INFO - Started process (PID=8327) to work on /home/ec2-user/environment/lab4_model_training/venv/lib64/python3.12/site-packages/airflow/example_dags/example_time_delta_sensor_async.py
[2026-03-23T01:16:46.189+0000] {processor.py:914} INFO - Processing file /home/ec2-user/environment/lab4_model_training/venv/lib64/python3.12/site-packages/airflow/example_dags/example_time_delta_sensor_async.py for tasks to queue
[2026-03-23T01:16:46.191+0000] {logging_mixin.py:190} INFO - [2026-03-23T01:16:46.190+0000] {dagbag.py:588} INFO - Filling up the DagBag from /home/ec2-user/environment/lab4_model_training/venv/lib64/python3.12/site-packages/airflow/example_dags/example_time_delta_sensor_async.py
[2026-03-23T01:16:46.197+0000] {processor.py:925} INFO - DAG(s) 'example_time_delta_sensor_async' retrieved from /home/ec2-user/environment/lab4_model_training/venv/lib64/python3.12/site-packages/airflow/example_dags/example_time_delta_sensor_async.py
[2026-03-23T01:16:46.212+0000] {logging_mixin.py:190} INFO - [2026-03-23T01:16:46.212+0000] {dag.py:3239} INFO - Sync 1 DAGs
[2026-03-23T01:16:46.224+0000] {logging_mixin.py:190} INFO - [2026-03-23T01:16:46.223+0000] {dag.py:4180} INFO - Setting next_dagrun for example_time_delta_sensor_async to None, run_after=None
[2026-03-23T01:16:46.246+0000] {processor.py:208} INFO - Processing /home/ec2-user/environment/lab4_model_training/venv/lib64/python3.12/site-packages/airflow/example_dags/example_time_delta_sensor_async.py took 0.064 seconds
[2026-03-23T01:17:49.881+0000] {processor.py:186} INFO - Started process (PID=8488) to work on /home/ec2-user/environment/lab4_model_training/venv/lib64/python3.12/site-packages/airflow/example_dags/example_time_delta_sensor_async.py
[2026-03-23T01:17:49.883+0000] {processor.py:914} INFO - Processing file /home/ec2-user/environment/lab4_model_training/venv/lib64/python3.12/site-packages/airflow/example_dags/example_time_delta_sensor_async.py for tasks to queue
[2026-03-23T01:17:49.885+0000] {logging_mixin.py:190} INFO - [2026-03-23T01:17:49.885+0000] {dagbag.py:588} INFO - Filling up the DagBag from /home/ec2-user/environment/lab4_model_training/venv/lib64/python3.12/site-packages/airflow/example_dags/example_time_delta_sensor_async.py
[2026-03-23T01:17:49.892+0000] {processor.py:925} INFO - DAG(s) 'example_time_delta_sensor_async' retrieved from /home/ec2-user/environment/lab4_model_training/venv/lib64/python3.12/site-packages/airflow/example_dags/example_time_delta_sensor_async.py
[2026-03-23T01:17:49.906+0000] {logging_mixin.py:190} INFO - [2026-03-23T01:17:49.906+0000] {dag.py:3239} INFO - Sync 1 DAGs
[2026-03-23T01:17:49.918+0000] {logging_mixin.py:190} INFO - [2026-03-23T01:17:49.918+0000] {dag.py:4180} INFO - Setting next_dagrun for example_time_delta_sensor_async to None, run_after=None
[2026-03-23T01:17:49.940+0000] {processor.py:208} INFO - Processing /home/ec2-user/environment/lab4_model_training/venv/lib64/python3.12/site-packages/airflow/example_dags/example_time_delta_sensor_async.py took 0.064 seconds
[2026-03-23T01:18:52.586+0000] {processor.py:186} INFO - Started process (PID=8616) to work on /home/ec2-user/environment/lab4_model_training/venv/lib64/python3.12/site-packages/airflow/example_dags/example_time_delta_sensor_async.py
[2026-03-23T01:18:52.588+0000] {processor.py:914} INFO - Processing file /home/ec2-user/environment/lab4_model_training/venv/lib64/python3.12/site-packages/airflow/example_dags/example_time_delta_sensor_async.py for tasks to queue
[2026-03-23T01:18:52.590+0000] {logging_mixin.py:190} INFO - [2026-03-23T01:18:52.589+0000] {dagbag.py:588} INFO - Filling up the DagBag from /home/ec2-user/environment/lab4_model_training/venv/lib64/python3.12/site-packages/airflow/example_dags/example_time_delta_sensor_async.py
[2026-03-23T01:18:52.596+0000] {processor.py:925} INFO - DAG(s) 'example_time_delta_sensor_async' retrieved from /home/ec2-user/environment/lab4_model_training/venv/lib64/python3.12/site-packages/airflow/example_dags/example_time_delta_sensor_async.py
[2026-03-23T01:18:52.611+0000] {logging_mixin.py:190} INFO - [2026-03-23T01:18:52.610+0000] {dag.py:3239} INFO - Sync 1 DAGs
[2026-03-23T01:18:52.622+0000] {logging_mixin.py:190} INFO - [2026-03-23T01:18:52.622+0000] {dag.py:4180} INFO - Setting next_dagrun for example_time_delta_sensor_async to None, run_after=None
[2026-03-23T01:18:52.644+0000] {processor.py:208} INFO - Processing /home/ec2-user/environment/lab4_model_training/venv/lib64/python3.12/site-packages/airflow/example_dags/example_time_delta_sensor_async.py took 0.062 seconds
[2026-03-23T01:19:54.245+0000] {processor.py:186} INFO - Started process (PID=8768) to work on /home/ec2-user/environment/lab4_model_training/venv/lib64/python3.12/site-packages/airflow/example_dags/example_time_delta_sensor_async.py
[2026-03-23T01:19:54.246+0000] {processor.py:914} INFO - Processing file /home/ec2-user/environment/lab4_model_training/venv/lib64/python3.12/site-packages/airflow/example_dags/example_time_delta_sensor_async.py for tasks to queue
[2026-03-23T01:19:54.248+0000] {logging_mixin.py:190} INFO - [2026-03-23T01:19:54.247+0000] {dagbag.py:588} INFO - Filling up the DagBag from /home/ec2-user/environment/lab4_model_training/venv/lib64/python3.12/site-packages/airflow/example_dags/example_time_delta_sensor_async.py
[2026-03-23T01:19:54.254+0000] {processor.py:925} INFO - DAG(s) 'example_time_delta_sensor_async' retrieved from /home/ec2-user/environment/lab4_model_training/venv/lib64/python3.12/site-packages/airflow/example_dags/example_time_delta_sensor_async.py
[2026-03-23T01:19:54.268+0000] {logging_mixin.py:190} INFO - [2026-03-23T01:19:54.268+0000] {dag.py:3239} INFO - Sync 1 DAGs
[2026-03-23T01:19:54.279+0000] {logging_mixin.py:190} INFO - [2026-03-23T01:19:54.279+0000] {dag.py:4180} INFO - Setting next_dagrun for example_time_delta_sensor_async to None, run_after=None
[2026-03-23T01:19:54.299+0000] {processor.py:208} INFO - Processing /home/ec2-user/environment/lab4_model_training/venv/lib64/python3.12/site-packages/airflow/example_dags/example_time_delta_sensor_async.py took 0.059 seconds
[2026-03-23T01:21:00.977+0000] {processor.py:186} INFO - Started process (PID=8882) to work on /home/ec2-user/environment/lab4_model_training/venv/lib64/python3.12/site-packages/airflow/example_dags/example_time_delta_sensor_async.py
[2026-03-23T01:21:00.978+0000] {processor.py:914} INFO - Processing file /home/ec2-user/environment/lab4_model_training/venv/lib64/python3.12/site-packages/airflow/example_dags/example_time_delta_sensor_async.py for tasks to queue
[2026-03-23T01:21:00.980+0000] {logging_mixin.py:190} INFO - [2026-03-23T01:21:00.980+0000] {dagbag.py:588} INFO - Filling up the DagBag from /home/ec2-user/environment/lab4_model_training/venv/lib64/python3.12/site-packages/airflow/example_dags/example_time_delta_sensor_async.py
[2026-03-23T01:21:00.987+0000] {processor.py:925} INFO - DAG(s) 'example_time_delta_sensor_async' retrieved from /home/ec2-user/environment/lab4_model_training/venv/lib64/python3.12/site-packages/airflow/example_dags/example_time_delta_sensor_async.py
[2026-03-23T01:21:01.001+0000] {logging_mixin.py:190} INFO - [2026-03-23T01:21:01.001+0000] {dag.py:3239} INFO - Sync 1 DAGs
[2026-03-23T01:21:01.013+0000] {logging_mixin.py:190} INFO - [2026-03-23T01:21:01.013+0000] {dag.py:4180} INFO - Setting next_dagrun for example_time_delta_sensor_async to None, run_after=None
[2026-03-23T01:21:01.033+0000] {processor.py:208} INFO - Processing /home/ec2-user/environment/lab4_model_training/venv/lib64/python3.12/site-packages/airflow/example_dags/example_time_delta_sensor_async.py took 0.062 seconds
[2026-03-23T01:22:07.009+0000] {processor.py:186} INFO - Started process (PID=9068) to work on /home/ec2-user/environment/lab4_model_training/venv/lib64/python3.12/site-packages/airflow/example_dags/example_time_delta_sensor_async.py
[2026-03-23T01:22:07.010+0000] {processor.py:914} INFO - Processing file /home/ec2-user/environment/lab4_model_training/venv/lib64/python3.12/site-packages/airflow/example_dags/example_time_delta_sensor_async.py for tasks to queue
[2026-03-23T01:22:07.012+0000] {logging_mixin.py:190} INFO - [2026-03-23T01:22:07.011+0000] {dagbag.py:588} INFO - Filling up the DagBag from /home/ec2-user/environment/lab4_model_training/venv/lib64/python3.12/site-packages/airflow/example_dags/example_time_delta_sensor_async.py
[2026-03-23T01:22:07.018+0000] {processor.py:925} INFO - DAG(s) 'example_time_delta_sensor_async' retrieved from /home/ec2-user/environment/lab4_model_training/venv/lib64/python3.12/site-packages/airflow/example_dags/example_time_delta_sensor_async.py
[2026-03-23T01:22:07.033+0000] {logging_mixin.py:190} INFO - [2026-03-23T01:22:07.033+0000] {dag.py:3239} INFO - Sync 1 DAGs
[2026-03-23T01:22:07.045+0000] {logging_mixin.py:190} INFO - [2026-03-23T01:22:07.045+0000] {dag.py:4180} INFO - Setting next_dagrun for example_time_delta_sensor_async to None, run_after=None
[2026-03-23T01:22:07.066+0000] {processor.py:208} INFO - Processing /home/ec2-user/environment/lab4_model_training/venv/lib64/python3.12/site-packages/airflow/example_dags/example_time_delta_sensor_async.py took 0.063 seconds
[2026-03-23T01:23:19.452+0000] {processor.py:186} INFO - Started process (PID=9206) to work on /home/ec2-user/environment/lab4_model_training/venv/lib64/python3.12/site-packages/airflow/example_dags/example_time_delta_sensor_async.py
[2026-03-23T01:23:19.454+0000] {processor.py:914} INFO - Processing file /home/ec2-user/environment/lab4_model_training/venv/lib64/python3.12/site-packages/airflow/example_dags/example_time_delta_sensor_async.py for tasks to queue
[2026-03-23T01:23:19.456+0000] {logging_mixin.py:190} INFO - [2026-03-23T01:23:19.455+0000] {dagbag.py:588} INFO - Filling up the DagBag from /home/ec2-user/environment/lab4_model_training/venv/lib64/python3.12/site-packages/airflow/example_dags/example_time_delta_sensor_async.py
[2026-03-23T01:23:19.462+0000] {processor.py:925} INFO - DAG(s) 'example_time_delta_sensor_async' retrieved from /home/ec2-user/environment/lab4_model_training/venv/lib64/python3.12/site-packages/airflow/example_dags/example_time_delta_sensor_async.py
[2026-03-23T01:23:19.477+0000] {logging_mixin.py:190} INFO - [2026-03-23T01:23:19.477+0000] {dag.py:3239} INFO - Sync 1 DAGs
[2026-03-23T01:23:19.489+0000] {logging_mixin.py:190} INFO - [2026-03-23T01:23:19.489+0000] {dag.py:4180} INFO - Setting next_dagrun for example_time_delta_sensor_async to None, run_after=None
[2026-03-23T01:23:19.511+0000] {processor.py:208} INFO - Processing /home/ec2-user/environment/lab4_model_training/venv/lib64/python3.12/site-packages/airflow/example_dags/example_time_delta_sensor_async.py took 0.064 seconds
[2026-03-23T01:24:23.864+0000] {processor.py:186} INFO - Started process (PID=9416) to work on /home/ec2-user/environment/lab4_model_training/venv/lib64/python3.12/site-packages/airflow/example_dags/example_time_delta_sensor_async.py
[2026-03-23T01:24:23.865+0000] {processor.py:914} INFO - Processing file /home/ec2-user/environment/lab4_model_training/venv/lib64/python3.12/site-packages/airflow/example_dags/example_time_delta_sensor_async.py for tasks to queue
[2026-03-23T01:24:23.867+0000] {logging_mixin.py:190} INFO - [2026-03-23T01:24:23.867+0000] {dagbag.py:588} INFO - Filling up the DagBag from /home/ec2-user/environment/lab4_model_training/venv/lib64/python3.12/site-packages/airflow/example_dags/example_time_delta_sensor_async.py
[2026-03-23T01:24:23.874+0000] {processor.py:925} INFO - DAG(s) 'example_time_delta_sensor_async' retrieved from /home/ec2-user/environment/lab4_model_training/venv/lib64/python3.12/site-packages/airflow/example_dags/example_time_delta_sensor_async.py
[2026-03-23T01:24:23.889+0000] {logging_mixin.py:190} INFO - [2026-03-23T01:24:23.889+0000] {dag.py:3239} INFO - Sync 1 DAGs
[2026-03-23T01:24:23.902+0000] {logging_mixin.py:190} INFO - [2026-03-23T01:24:23.902+0000] {dag.py:4180} INFO - Setting next_dagrun for example_time_delta_sensor_async to None, run_after=None
[2026-03-23T01:24:23.925+0000] {processor.py:208} INFO - Processing /home/ec2-user/environment/lab4_model_training/venv/lib64/python3.12/site-packages/airflow/example_dags/example_time_delta_sensor_async.py took 0.067 seconds
[2026-03-23T01:25:41.745+0000] {processor.py:186} INFO - Started process (PID=9677) to work on /home/ec2-user/environment/lab4_model_training/venv/lib64/python3.12/site-packages/airflow/example_dags/example_time_delta_sensor_async.py
[2026-03-23T01:25:41.749+0000] {processor.py:914} INFO - Processing file /home/ec2-user/environment/lab4_model_training/venv/lib64/python3.12/site-packages/airflow/example_dags/example_time_delta_sensor_async.py for tasks to queue
[2026-03-23T01:25:41.751+0000] {logging_mixin.py:190} INFO - [2026-03-23T01:25:41.751+0000] {dagbag.py:588} INFO - Filling up the DagBag from /home/ec2-user/environment/lab4_model_training/venv/lib64/python3.12/site-packages/airflow/example_dags/example_time_delta_sensor_async.py
[2026-03-23T01:25:41.767+0000] {processor.py:925} INFO - DAG(s) 'example_time_delta_sensor_async' retrieved from /home/ec2-user/environment/lab4_model_training/venv/lib64/python3.12/site-packages/airflow/example_dags/example_time_delta_sensor_async.py
[2026-03-23T01:25:41.807+0000] {logging_mixin.py:190} INFO - [2026-03-23T01:25:41.806+0000] {dag.py:3239} INFO - Sync 1 DAGs
[2026-03-23T01:25:41.848+0000] {logging_mixin.py:190} INFO - [2026-03-23T01:25:41.847+0000] {dag.py:4180} INFO - Setting next_dagrun for example_time_delta_sensor_async to None, run_after=None
[2026-03-23T01:25:41.910+0000] {processor.py:208} INFO - Processing /home/ec2-user/environment/lab4_model_training/venv/lib64/python3.12/site-packages/airflow/example_dags/example_time_delta_sensor_async.py took 0.182 seconds
[2026-03-23T01:27:02.698+0000] {processor.py:186} INFO - Started process (PID=9906) to work on /home/ec2-user/environment/lab4_model_training/venv/lib64/python3.12/site-packages/airflow/example_dags/example_time_delta_sensor_async.py
[2026-03-23T01:27:02.699+0000] {processor.py:914} INFO - Processing file /home/ec2-user/environment/lab4_model_training/venv/lib64/python3.12/site-packages/airflow/example_dags/example_time_delta_sensor_async.py for tasks to queue
[2026-03-23T01:27:02.701+0000] {logging_mixin.py:190} INFO - [2026-03-23T01:27:02.701+0000] {dagbag.py:588} INFO - Filling up the DagBag from /home/ec2-user/environment/lab4_model_training/venv/lib64/python3.12/site-packages/airflow/example_dags/example_time_delta_sensor_async.py
[2026-03-23T01:27:02.708+0000] {processor.py:925} INFO - DAG(s) 'example_time_delta_sensor_async' retrieved from /home/ec2-user/environment/lab4_model_training/venv/lib64/python3.12/site-packages/airflow/example_dags/example_time_delta_sensor_async.py
[2026-03-23T01:27:02.722+0000] {logging_mixin.py:190} INFO - [2026-03-23T01:27:02.722+0000] {dag.py:3239} INFO - Sync 1 DAGs
[2026-03-23T01:27:02.735+0000] {logging_mixin.py:190} INFO - [2026-03-23T01:27:02.735+0000] {dag.py:4180} INFO - Setting next_dagrun for example_time_delta_sensor_async to None, run_after=None
[2026-03-23T01:27:02.756+0000] {processor.py:208} INFO - Processing /home/ec2-user/environment/lab4_model_training/venv/lib64/python3.12/site-packages/airflow/example_dags/example_time_delta_sensor_async.py took 0.064 seconds
[2026-03-23T01:28:05.401+0000] {processor.py:186} INFO - Started process (PID=10062) to work on /home/ec2-user/environment/lab4_model_training/venv/lib64/python3.12/site-packages/airflow/example_dags/example_time_delta_sensor_async.py
[2026-03-23T01:28:05.402+0000] {processor.py:914} INFO - Processing file /home/ec2-user/environment/lab4_model_training/venv/lib64/python3.12/site-packages/airflow/example_dags/example_time_delta_sensor_async.py for tasks to queue
[2026-03-23T01:28:05.404+0000] {logging_mixin.py:190} INFO - [2026-03-23T01:28:05.404+0000] {dagbag.py:588} INFO - Filling up the DagBag from /home/ec2-user/environment/lab4_model_training/venv/lib64/python3.12/site-packages/airflow/example_dags/example_time_delta_sensor_async.py
[2026-03-23T01:28:05.411+0000] {processor.py:925} INFO - DAG(s) 'example_time_delta_sensor_async' retrieved from /home/ec2-user/environment/lab4_model_training/venv/lib64/python3.12/site-packages/airflow/example_dags/example_time_delta_sensor_async.py
[2026-03-23T01:28:05.426+0000] {logging_mixin.py:190} INFO - [2026-03-23T01:28:05.426+0000] {dag.py:3239} INFO - Sync 1 DAGs
[2026-03-23T01:28:05.438+0000] {logging_mixin.py:190} INFO - [2026-03-23T01:28:05.438+0000] {dag.py:4180} INFO - Setting next_dagrun for example_time_delta_sensor_async to None, run_after=None
[2026-03-23T01:28:05.460+0000] {processor.py:208} INFO - Processing /home/ec2-user/environment/lab4_model_training/venv/lib64/python3.12/site-packages/airflow/example_dags/example_time_delta_sensor_async.py took 0.064 seconds
[2026-03-23T01:29:08.346+0000] {processor.py:186} INFO - Started process (PID=10189) to work on /home/ec2-user/environment/lab4_model_training/venv/lib64/python3.12/site-packages/airflow/example_dags/example_time_delta_sensor_async.py
[2026-03-23T01:29:08.347+0000] {processor.py:914} INFO - Processing file /home/ec2-user/environment/lab4_model_training/venv/lib64/python3.12/site-packages/airflow/example_dags/example_time_delta_sensor_async.py for tasks to queue
[2026-03-23T01:29:08.349+0000] {logging_mixin.py:190} INFO - [2026-03-23T01:29:08.349+0000] {dagbag.py:588} INFO - Filling up the DagBag from /home/ec2-user/environment/lab4_model_training/venv/lib64/python3.12/site-packages/airflow/example_dags/example_time_delta_sensor_async.py
[2026-03-23T01:29:08.356+0000] {processor.py:925} INFO - DAG(s) 'example_time_delta_sensor_async' retrieved from /home/ec2-user/environment/lab4_model_training/venv/lib64/python3.12/site-packages/airflow/example_dags/example_time_delta_sensor_async.py
[2026-03-23T01:29:08.370+0000] {logging_mixin.py:190} INFO - [2026-03-23T01:29:08.370+0000] {dag.py:3239} INFO - Sync 1 DAGs
[2026-03-23T01:29:08.382+0000] {logging_mixin.py:190} INFO - [2026-03-23T01:29:08.382+0000] {dag.py:4180} INFO - Setting next_dagrun for example_time_delta_sensor_async to None, run_after=None
[2026-03-23T01:29:08.403+0000] {processor.py:208} INFO - Processing /home/ec2-user/environment/lab4_model_training/venv/lib64/python3.12/site-packages/airflow/example_dags/example_time_delta_sensor_async.py took 0.062 seconds
[2026-03-23T01:30:17.004+0000] {processor.py:186} INFO - Started process (PID=10475) to work on /home/ec2-user/environment/lab4_model_training/venv/lib64/python3.12/site-packages/airflow/example_dags/example_time_delta_sensor_async.py
[2026-03-23T01:30:17.005+0000] {processor.py:914} INFO - Processing file /home/ec2-user/environment/lab4_model_training/venv/lib64/python3.12/site-packages/airflow/example_dags/example_time_delta_sensor_async.py for tasks to queue
[2026-03-23T01:30:17.007+0000] {logging_mixin.py:190} INFO - [2026-03-23T01:30:17.006+0000] {dagbag.py:588} INFO - Filling up the DagBag from /home/ec2-user/environment/lab4_model_training/venv/lib64/python3.12/site-packages/airflow/example_dags/example_time_delta_sensor_async.py
[2026-03-23T01:30:17.013+0000] {processor.py:925} INFO - DAG(s) 'example_time_delta_sensor_async' retrieved from /home/ec2-user/environment/lab4_model_training/venv/lib64/python3.12/site-packages/airflow/example_dags/example_time_delta_sensor_async.py
[2026-03-23T01:30:17.027+0000] {logging_mixin.py:190} INFO - [2026-03-23T01:30:17.027+0000] {dag.py:3239} INFO - Sync 1 DAGs
[2026-03-23T01:30:17.039+0000] {logging_mixin.py:190} INFO - [2026-03-23T01:30:17.039+0000] {dag.py:4180} INFO - Setting next_dagrun for example_time_delta_sensor_async to None, run_after=None
[2026-03-23T01:30:17.059+0000] {processor.py:208} INFO - Processing /home/ec2-user/environment/lab4_model_training/venv/lib64/python3.12/site-packages/airflow/example_dags/example_time_delta_sensor_async.py took 0.061 seconds
[2026-03-23T01:31:20.820+0000] {processor.py:186} INFO - Started process (PID=10667) to work on /home/ec2-user/environment/lab4_model_training/venv/lib64/python3.12/site-packages/airflow/example_dags/example_time_delta_sensor_async.py
[2026-03-23T01:31:20.821+0000] {processor.py:914} INFO - Processing file /home/ec2-user/environment/lab4_model_training/venv/lib64/python3.12/site-packages/airflow/example_dags/example_time_delta_sensor_async.py for tasks to queue
[2026-03-23T01:31:20.823+0000] {logging_mixin.py:190} INFO - [2026-03-23T01:31:20.822+0000] {dagbag.py:588} INFO - Filling up the DagBag from /home/ec2-user/environment/lab4_model_training/venv/lib64/python3.12/site-packages/airflow/example_dags/example_time_delta_sensor_async.py
[2026-03-23T01:31:20.829+0000] {processor.py:925} INFO - DAG(s) 'example_time_delta_sensor_async' retrieved from /home/ec2-user/environment/lab4_model_training/venv/lib64/python3.12/site-packages/airflow/example_dags/example_time_delta_sensor_async.py
[2026-03-23T01:31:20.844+0000] {logging_mixin.py:190} INFO - [2026-03-23T01:31:20.843+0000] {dag.py:3239} INFO - Sync 1 DAGs
[2026-03-23T01:31:20.856+0000] {logging_mixin.py:190} INFO - [2026-03-23T01:31:20.856+0000] {dag.py:4180} INFO - Setting next_dagrun for example_time_delta_sensor_async to None, run_after=None
[2026-03-23T01:31:20.877+0000] {processor.py:208} INFO - Processing /home/ec2-user/environment/lab4_model_training/venv/lib64/python3.12/site-packages/airflow/example_dags/example_time_delta_sensor_async.py took 0.062 seconds
[2026-03-23T01:32:25.485+0000] {processor.py:186} INFO - Started process (PID=10865) to work on /home/ec2-user/environment/lab4_model_training/venv/lib64/python3.12/site-packages/airflow/example_dags/example_time_delta_sensor_async.py
[2026-03-23T01:32:25.486+0000] {processor.py:914} INFO - Processing file /home/ec2-user/environment/lab4_model_training/venv/lib64/python3.12/site-packages/airflow/example_dags/example_time_delta_sensor_async.py for tasks to queue
[2026-03-23T01:32:25.488+0000] {logging_mixin.py:190} INFO - [2026-03-23T01:32:25.488+0000] {dagbag.py:588} INFO - Filling up the DagBag from /home/ec2-user/environment/lab4_model_training/venv/lib64/python3.12/site-packages/airflow/example_dags/example_time_delta_sensor_async.py
[2026-03-23T01:32:25.495+0000] {processor.py:925} INFO - DAG(s) 'example_time_delta_sensor_async' retrieved from /home/ec2-user/environment/lab4_model_training/venv/lib64/python3.12/site-packages/airflow/example_dags/example_time_delta_sensor_async.py
[2026-03-23T01:32:25.510+0000] {logging_mixin.py:190} INFO - [2026-03-23T01:32:25.509+0000] {dag.py:3239} INFO - Sync 1 DAGs
[2026-03-23T01:32:25.522+0000] {logging_mixin.py:190} INFO - [2026-03-23T01:32:25.522+0000] {dag.py:4180} INFO - Setting next_dagrun for example_time_delta_sensor_async to None, run_after=None
[2026-03-23T01:32:25.544+0000] {processor.py:208} INFO - Processing /home/ec2-user/environment/lab4_model_training/venv/lib64/python3.12/site-packages/airflow/example_dags/example_time_delta_sensor_async.py took 0.064 seconds
[2026-03-23T01:33:32.218+0000] {processor.py:186} INFO - Started process (PID=11063) to work on /home/ec2-user/environment/lab4_model_training/venv/lib64/python3.12/site-packages/airflow/example_dags/example_time_delta_sensor_async.py
[2026-03-23T01:33:32.219+0000] {processor.py:914} INFO - Processing file /home/ec2-user/environment/lab4_model_training/venv/lib64/python3.12/site-packages/airflow/example_dags/example_time_delta_sensor_async.py for tasks to queue
[2026-03-23T01:33:32.221+0000] {logging_mixin.py:190} INFO - [2026-03-23T01:33:32.221+0000] {dagbag.py:588} INFO - Filling up the DagBag from /home/ec2-user/environment/lab4_model_training/venv/lib64/python3.12/site-packages/airflow/example_dags/example_time_delta_sensor_async.py
[2026-03-23T01:33:32.228+0000] {processor.py:925} INFO - DAG(s) 'example_time_delta_sensor_async' retrieved from /home/ec2-user/environment/lab4_model_training/venv/lib64/python3.12/site-packages/airflow/example_dags/example_time_delta_sensor_async.py
[2026-03-23T01:33:32.242+0000] {logging_mixin.py:190} INFO - [2026-03-23T01:33:32.242+0000] {dag.py:3239} INFO - Sync 1 DAGs
[2026-03-23T01:33:32.254+0000] {logging_mixin.py:190} INFO - [2026-03-23T01:33:32.254+0000] {dag.py:4180} INFO - Setting next_dagrun for example_time_delta_sensor_async to None, run_after=None
[2026-03-23T01:33:32.275+0000] {processor.py:208} INFO - Processing /home/ec2-user/environment/lab4_model_training/venv/lib64/python3.12/site-packages/airflow/example_dags/example_time_delta_sensor_async.py took 0.062 seconds
[2026-03-23T01:34:39.253+0000] {processor.py:186} INFO - Started process (PID=11177) to work on /home/ec2-user/environment/lab4_model_training/venv/lib64/python3.12/site-packages/airflow/example_dags/example_time_delta_sensor_async.py
[2026-03-23T01:34:39.254+0000] {processor.py:914} INFO - Processing file /home/ec2-user/environment/lab4_model_training/venv/lib64/python3.12/site-packages/airflow/example_dags/example_time_delta_sensor_async.py for tasks to queue
[2026-03-23T01:34:39.256+0000] {logging_mixin.py:190} INFO - [2026-03-23T01:34:39.256+0000] {dagbag.py:588} INFO - Filling up the DagBag from /home/ec2-user/environment/lab4_model_training/venv/lib64/python3.12/site-packages/airflow/example_dags/example_time_delta_sensor_async.py
[2026-03-23T01:34:39.262+0000] {processor.py:925} INFO - DAG(s) 'example_time_delta_sensor_async' retrieved from /home/ec2-user/environment/lab4_model_training/venv/lib64/python3.12/site-packages/airflow/example_dags/example_time_delta_sensor_async.py
[2026-03-23T01:34:39.277+0000] {logging_mixin.py:190} INFO - [2026-03-23T01:34:39.277+0000] {dag.py:3239} INFO - Sync 1 DAGs
[2026-03-23T01:34:39.289+0000] {logging_mixin.py:190} INFO - [2026-03-23T01:34:39.289+0000] {dag.py:4180} INFO - Setting next_dagrun for example_time_delta_sensor_async to None, run_after=None
[2026-03-23T01:34:39.310+0000] {processor.py:208} INFO - Processing /home/ec2-user/environment/lab4_model_training/venv/lib64/python3.12/site-packages/airflow/example_dags/example_time_delta_sensor_async.py took 0.063 seconds
