[2026-03-23T00:59:07.164+0000] {processor.py:186} INFO - Started process (PID=5794) to work on /home/ec2-user/environment/lab4_model_training/venv/lib64/python3.12/site-packages/airflow/example_dags/example_branch_operator_decorator.py
[2026-03-23T00:59:07.165+0000] {processor.py:914} INFO - Processing file /home/ec2-user/environment/lab4_model_training/venv/lib64/python3.12/site-packages/airflow/example_dags/example_branch_operator_decorator.py for tasks to queue
[2026-03-23T00:59:07.167+0000] {logging_mixin.py:190} INFO - [2026-03-23T00:59:07.166+0000] {dagbag.py:588} INFO - Filling up the DagBag from /home/ec2-user/environment/lab4_model_training/venv/lib64/python3.12/site-packages/airflow/example_dags/example_branch_operator_decorator.py
[2026-03-23T00:59:07.169+0000] {processor.py:927} WARNING - No viable dags retrieved from /home/ec2-user/environment/lab4_model_training/venv/lib64/python3.12/site-packages/airflow/example_dags/example_branch_operator_decorator.py
[2026-03-23T00:59:07.180+0000] {processor.py:208} INFO - Processing /home/ec2-user/environment/lab4_model_training/venv/lib64/python3.12/site-packages/airflow/example_dags/example_branch_operator_decorator.py took 0.020 seconds
[2026-03-23T01:00:10.202+0000] {processor.py:186} INFO - Started process (PID=5964) to work on /home/ec2-user/environment/lab4_model_training/venv/lib64/python3.12/site-packages/airflow/example_dags/example_branch_operator_decorator.py
[2026-03-23T01:00:10.203+0000] {processor.py:914} INFO - Processing file /home/ec2-user/environment/lab4_model_training/venv/lib64/python3.12/site-packages/airflow/example_dags/example_branch_operator_decorator.py for tasks to queue
[2026-03-23T01:00:10.205+0000] {logging_mixin.py:190} INFO - [2026-03-23T01:00:10.205+0000] {dagbag.py:588} INFO - Filling up the DagBag from /home/ec2-user/environment/lab4_model_training/venv/lib64/python3.12/site-packages/airflow/example_dags/example_branch_operator_decorator.py
[2026-03-23T01:00:10.208+0000] {processor.py:927} WARNING - No viable dags retrieved from /home/ec2-user/environment/lab4_model_training/venv/lib64/python3.12/site-packages/airflow/example_dags/example_branch_operator_decorator.py
[2026-03-23T01:00:10.219+0000] {processor.py:208} INFO - Processing /home/ec2-user/environment/lab4_model_training/venv/lib64/python3.12/site-packages/airflow/example_dags/example_branch_operator_decorator.py took 0.022 seconds
[2026-03-23T01:01:14.640+0000] {processor.py:186} INFO - Started process (PID=6168) to work on /home/ec2-user/environment/lab4_model_training/venv/lib64/python3.12/site-packages/airflow/example_dags/example_branch_operator_decorator.py
[2026-03-23T01:01:14.642+0000] {processor.py:914} INFO - Processing file /home/ec2-user/environment/lab4_model_training/venv/lib64/python3.12/site-packages/airflow/example_dags/example_branch_operator_decorator.py for tasks to queue
[2026-03-23T01:01:14.644+0000] {logging_mixin.py:190} INFO - [2026-03-23T01:01:14.643+0000] {dagbag.py:588} INFO - Filling up the DagBag from /home/ec2-user/environment/lab4_model_training/venv/lib64/python3.12/site-packages/airflow/example_dags/example_branch_operator_decorator.py
[2026-03-23T01:01:14.646+0000] {processor.py:927} WARNING - No viable dags retrieved from /home/ec2-user/environment/lab4_model_training/venv/lib64/python3.12/site-packages/airflow/example_dags/example_branch_operator_decorator.py
[2026-03-23T01:01:14.657+0000] {processor.py:208} INFO - Processing /home/ec2-user/environment/lab4_model_training/venv/lib64/python3.12/site-packages/airflow/example_dags/example_branch_operator_decorator.py took 0.022 seconds
[2026-03-23T01:02:14.882+0000] {processor.py:186} INFO - Started process (PID=6325) to work on /home/ec2-user/environment/lab4_model_training/venv/lib64/python3.12/site-packages/airflow/example_dags/example_branch_operator_decorator.py
[2026-03-23T01:02:14.883+0000] {processor.py:914} INFO - Processing file /home/ec2-user/environment/lab4_model_training/venv/lib64/python3.12/site-packages/airflow/example_dags/example_branch_operator_decorator.py for tasks to queue
[2026-03-23T01:02:14.885+0000] {logging_mixin.py:190} INFO - [2026-03-23T01:02:14.885+0000] {dagbag.py:588} INFO - Filling up the DagBag from /home/ec2-user/environment/lab4_model_training/venv/lib64/python3.12/site-packages/airflow/example_dags/example_branch_operator_decorator.py
[2026-03-23T01:02:14.887+0000] {processor.py:927} WARNING - No viable dags retrieved from /home/ec2-user/environment/lab4_model_training/venv/lib64/python3.12/site-packages/airflow/example_dags/example_branch_operator_decorator.py
[2026-03-23T01:02:14.898+0000] {processor.py:208} INFO - Processing /home/ec2-user/environment/lab4_model_training/venv/lib64/python3.12/site-packages/airflow/example_dags/example_branch_operator_decorator.py took 0.021 seconds
[2026-03-23T01:03:22.871+0000] {processor.py:186} INFO - Started process (PID=6534) to work on /home/ec2-user/environment/lab4_model_training/venv/lib64/python3.12/site-packages/airflow/example_dags/example_branch_operator_decorator.py
[2026-03-23T01:03:22.872+0000] {processor.py:914} INFO - Processing file /home/ec2-user/environment/lab4_model_training/venv/lib64/python3.12/site-packages/airflow/example_dags/example_branch_operator_decorator.py for tasks to queue
[2026-03-23T01:03:22.874+0000] {logging_mixin.py:190} INFO - [2026-03-23T01:03:22.873+0000] {dagbag.py:588} INFO - Filling up the DagBag from /home/ec2-user/environment/lab4_model_training/venv/lib64/python3.12/site-packages/airflow/example_dags/example_branch_operator_decorator.py
[2026-03-23T01:03:22.876+0000] {processor.py:927} WARNING - No viable dags retrieved from /home/ec2-user/environment/lab4_model_training/venv/lib64/python3.12/site-packages/airflow/example_dags/example_branch_operator_decorator.py
[2026-03-23T01:03:22.887+0000] {processor.py:208} INFO - Processing /home/ec2-user/environment/lab4_model_training/venv/lib64/python3.12/site-packages/airflow/example_dags/example_branch_operator_decorator.py took 0.021 seconds
[2026-03-23T01:04:27.592+0000] {processor.py:186} INFO - Started process (PID=6669) to work on /home/ec2-user/environment/lab4_model_training/venv/lib64/python3.12/site-packages/airflow/example_dags/example_branch_operator_decorator.py
[2026-03-23T01:04:27.593+0000] {processor.py:914} INFO - Processing file /home/ec2-user/environment/lab4_model_training/venv/lib64/python3.12/site-packages/airflow/example_dags/example_branch_operator_decorator.py for tasks to queue
[2026-03-23T01:04:27.595+0000] {logging_mixin.py:190} INFO - [2026-03-23T01:04:27.595+0000] {dagbag.py:588} INFO - Filling up the DagBag from /home/ec2-user/environment/lab4_model_training/venv/lib64/python3.12/site-packages/airflow/example_dags/example_branch_operator_decorator.py
[2026-03-23T01:04:27.598+0000] {processor.py:927} WARNING - No viable dags retrieved from /home/ec2-user/environment/lab4_model_training/venv/lib64/python3.12/site-packages/airflow/example_dags/example_branch_operator_decorator.py
[2026-03-23T01:04:27.608+0000] {processor.py:208} INFO - Processing /home/ec2-user/environment/lab4_model_training/venv/lib64/python3.12/site-packages/airflow/example_dags/example_branch_operator_decorator.py took 0.020 seconds
[2026-03-23T01:05:37.820+0000] {processor.py:186} INFO - Started process (PID=6843) to work on /home/ec2-user/environment/lab4_model_training/venv/lib64/python3.12/site-packages/airflow/example_dags/example_branch_operator_decorator.py
[2026-03-23T01:05:37.821+0000] {processor.py:914} INFO - Processing file /home/ec2-user/environment/lab4_model_training/venv/lib64/python3.12/site-packages/airflow/example_dags/example_branch_operator_decorator.py for tasks to queue
[2026-03-23T01:05:37.823+0000] {logging_mixin.py:190} INFO - [2026-03-23T01:05:37.823+0000] {dagbag.py:588} INFO - Filling up the DagBag from /home/ec2-user/environment/lab4_model_training/venv/lib64/python3.12/site-packages/airflow/example_dags/example_branch_operator_decorator.py
[2026-03-23T01:05:37.825+0000] {processor.py:927} WARNING - No viable dags retrieved from /home/ec2-user/environment/lab4_model_training/venv/lib64/python3.12/site-packages/airflow/example_dags/example_branch_operator_decorator.py
[2026-03-23T01:05:37.835+0000] {processor.py:208} INFO - Processing /home/ec2-user/environment/lab4_model_training/venv/lib64/python3.12/site-packages/airflow/example_dags/example_branch_operator_decorator.py took 0.021 seconds
[2026-03-23T01:06:17.394+0000] {processor.py:186} INFO - Started process (PID=6919) to work on /home/ec2-user/environment/lab4_model_training/venv/lib64/python3.12/site-packages/airflow/example_dags/example_branch_operator_decorator.py
[2026-03-23T01:06:17.395+0000] {processor.py:914} INFO - Processing file /home/ec2-user/environment/lab4_model_training/venv/lib64/python3.12/site-packages/airflow/example_dags/example_branch_operator_decorator.py for tasks to queue
[2026-03-23T01:06:17.397+0000] {logging_mixin.py:190} INFO - [2026-03-23T01:06:17.397+0000] {dagbag.py:588} INFO - Filling up the DagBag from /home/ec2-user/environment/lab4_model_training/venv/lib64/python3.12/site-packages/airflow/example_dags/example_branch_operator_decorator.py
[2026-03-23T01:06:17.400+0000] {processor.py:927} WARNING - No viable dags retrieved from /home/ec2-user/environment/lab4_model_training/venv/lib64/python3.12/site-packages/airflow/example_dags/example_branch_operator_decorator.py
[2026-03-23T01:06:17.411+0000] {processor.py:208} INFO - Processing /home/ec2-user/environment/lab4_model_training/venv/lib64/python3.12/site-packages/airflow/example_dags/example_branch_operator_decorator.py took 0.022 seconds
[2026-03-23T01:06:55.279+0000] {processor.py:186} INFO - Started process (PID=7048) to work on /home/ec2-user/environment/lab4_model_training/venv/lib64/python3.12/site-packages/airflow/example_dags/example_branch_operator_decorator.py
[2026-03-23T01:06:55.280+0000] {processor.py:914} INFO - Processing file /home/ec2-user/environment/lab4_model_training/venv/lib64/python3.12/site-packages/airflow/example_dags/example_branch_operator_decorator.py for tasks to queue
[2026-03-23T01:06:55.282+0000] {logging_mixin.py:190} INFO - [2026-03-23T01:06:55.281+0000] {dagbag.py:588} INFO - Filling up the DagBag from /home/ec2-user/environment/lab4_model_training/venv/lib64/python3.12/site-packages/airflow/example_dags/example_branch_operator_decorator.py
[2026-03-23T01:06:55.284+0000] {processor.py:927} WARNING - No viable dags retrieved from /home/ec2-user/environment/lab4_model_training/venv/lib64/python3.12/site-packages/airflow/example_dags/example_branch_operator_decorator.py
[2026-03-23T01:06:55.294+0000] {processor.py:208} INFO - Processing /home/ec2-user/environment/lab4_model_training/venv/lib64/python3.12/site-packages/airflow/example_dags/example_branch_operator_decorator.py took 0.021 seconds
[2026-03-23T01:07:34.652+0000] {processor.py:186} INFO - Started process (PID=7126) to work on /home/ec2-user/environment/lab4_model_training/venv/lib64/python3.12/site-packages/airflow/example_dags/example_branch_operator_decorator.py
[2026-03-23T01:07:34.653+0000] {processor.py:914} INFO - Processing file /home/ec2-user/environment/lab4_model_training/venv/lib64/python3.12/site-packages/airflow/example_dags/example_branch_operator_decorator.py for tasks to queue
[2026-03-23T01:07:34.655+0000] {logging_mixin.py:190} INFO - [2026-03-23T01:07:34.655+0000] {dagbag.py:588} INFO - Filling up the DagBag from /home/ec2-user/environment/lab4_model_training/venv/lib64/python3.12/site-packages/airflow/example_dags/example_branch_operator_decorator.py
[2026-03-23T01:07:34.657+0000] {processor.py:927} WARNING - No viable dags retrieved from /home/ec2-user/environment/lab4_model_training/venv/lib64/python3.12/site-packages/airflow/example_dags/example_branch_operator_decorator.py
[2026-03-23T01:07:34.667+0000] {processor.py:208} INFO - Processing /home/ec2-user/environment/lab4_model_training/venv/lib64/python3.12/site-packages/airflow/example_dags/example_branch_operator_decorator.py took 0.020 seconds
[2026-03-23T01:08:43.942+0000] {processor.py:186} INFO - Started process (PID=7234) to work on /home/ec2-user/environment/lab4_model_training/venv/lib64/python3.12/site-packages/airflow/example_dags/example_branch_operator_decorator.py
[2026-03-23T01:08:43.943+0000] {processor.py:914} INFO - Processing file /home/ec2-user/environment/lab4_model_training/venv/lib64/python3.12/site-packages/airflow/example_dags/example_branch_operator_decorator.py for tasks to queue
[2026-03-23T01:08:43.945+0000] {logging_mixin.py:190} INFO - [2026-03-23T01:08:43.945+0000] {dagbag.py:588} INFO - Filling up the DagBag from /home/ec2-user/environment/lab4_model_training/venv/lib64/python3.12/site-packages/airflow/example_dags/example_branch_operator_decorator.py
[2026-03-23T01:08:43.948+0000] {processor.py:927} WARNING - No viable dags retrieved from /home/ec2-user/environment/lab4_model_training/venv/lib64/python3.12/site-packages/airflow/example_dags/example_branch_operator_decorator.py
[2026-03-23T01:08:43.958+0000] {processor.py:208} INFO - Processing /home/ec2-user/environment/lab4_model_training/venv/lib64/python3.12/site-packages/airflow/example_dags/example_branch_operator_decorator.py took 0.021 seconds
[2026-03-23T01:09:20.719+0000] {processor.py:186} INFO - Started process (PID=7354) to work on /home/ec2-user/environment/lab4_model_training/venv/lib64/python3.12/site-packages/airflow/example_dags/example_branch_operator_decorator.py
[2026-03-23T01:09:20.720+0000] {processor.py:914} INFO - Processing file /home/ec2-user/environment/lab4_model_training/venv/lib64/python3.12/site-packages/airflow/example_dags/example_branch_operator_decorator.py for tasks to queue
[2026-03-23T01:09:20.722+0000] {logging_mixin.py:190} INFO - [2026-03-23T01:09:20.721+0000] {dagbag.py:588} INFO - Filling up the DagBag from /home/ec2-user/environment/lab4_model_training/venv/lib64/python3.12/site-packages/airflow/example_dags/example_branch_operator_decorator.py
[2026-03-23T01:09:20.724+0000] {processor.py:927} WARNING - No viable dags retrieved from /home/ec2-user/environment/lab4_model_training/venv/lib64/python3.12/site-packages/airflow/example_dags/example_branch_operator_decorator.py
[2026-03-23T01:09:20.734+0000] {processor.py:208} INFO - Processing /home/ec2-user/environment/lab4_model_training/venv/lib64/python3.12/site-packages/airflow/example_dags/example_branch_operator_decorator.py took 0.021 seconds
[2026-03-23T01:10:02.460+0000] {processor.py:186} INFO - Started process (PID=7431) to work on /home/ec2-user/environment/lab4_model_training/venv/lib64/python3.12/site-packages/airflow/example_dags/example_branch_operator_decorator.py
[2026-03-23T01:10:02.461+0000] {processor.py:914} INFO - Processing file /home/ec2-user/environment/lab4_model_training/venv/lib64/python3.12/site-packages/airflow/example_dags/example_branch_operator_decorator.py for tasks to queue
[2026-03-23T01:10:02.463+0000] {logging_mixin.py:190} INFO - [2026-03-23T01:10:02.462+0000] {dagbag.py:588} INFO - Filling up the DagBag from /home/ec2-user/environment/lab4_model_training/venv/lib64/python3.12/site-packages/airflow/example_dags/example_branch_operator_decorator.py
[2026-03-23T01:10:02.465+0000] {processor.py:927} WARNING - No viable dags retrieved from /home/ec2-user/environment/lab4_model_training/venv/lib64/python3.12/site-packages/airflow/example_dags/example_branch_operator_decorator.py
[2026-03-23T01:10:02.475+0000] {processor.py:208} INFO - Processing /home/ec2-user/environment/lab4_model_training/venv/lib64/python3.12/site-packages/airflow/example_dags/example_branch_operator_decorator.py took 0.021 seconds
[2026-03-23T01:11:10.181+0000] {processor.py:186} INFO - Started process (PID=7617) to work on /home/ec2-user/environment/lab4_model_training/venv/lib64/python3.12/site-packages/airflow/example_dags/example_branch_operator_decorator.py
[2026-03-23T01:11:10.182+0000] {processor.py:914} INFO - Processing file /home/ec2-user/environment/lab4_model_training/venv/lib64/python3.12/site-packages/airflow/example_dags/example_branch_operator_decorator.py for tasks to queue
[2026-03-23T01:11:10.184+0000] {logging_mixin.py:190} INFO - [2026-03-23T01:11:10.183+0000] {dagbag.py:588} INFO - Filling up the DagBag from /home/ec2-user/environment/lab4_model_training/venv/lib64/python3.12/site-packages/airflow/example_dags/example_branch_operator_decorator.py
[2026-03-23T01:11:10.186+0000] {processor.py:927} WARNING - No viable dags retrieved from /home/ec2-user/environment/lab4_model_training/venv/lib64/python3.12/site-packages/airflow/example_dags/example_branch_operator_decorator.py
[2026-03-23T01:11:10.196+0000] {processor.py:208} INFO - Processing /home/ec2-user/environment/lab4_model_training/venv/lib64/python3.12/site-packages/airflow/example_dags/example_branch_operator_decorator.py took 0.021 seconds
[2026-03-23T01:12:14.359+0000] {processor.py:186} INFO - Started process (PID=7775) to work on /home/ec2-user/environment/lab4_model_training/venv/lib64/python3.12/site-packages/airflow/example_dags/example_branch_operator_decorator.py
[2026-03-23T01:12:14.360+0000] {processor.py:914} INFO - Processing file /home/ec2-user/environment/lab4_model_training/venv/lib64/python3.12/site-packages/airflow/example_dags/example_branch_operator_decorator.py for tasks to queue
[2026-03-23T01:12:14.362+0000] {logging_mixin.py:190} INFO - [2026-03-23T01:12:14.361+0000] {dagbag.py:588} INFO - Filling up the DagBag from /home/ec2-user/environment/lab4_model_training/venv/lib64/python3.12/site-packages/airflow/example_dags/example_branch_operator_decorator.py
[2026-03-23T01:12:14.364+0000] {processor.py:927} WARNING - No viable dags retrieved from /home/ec2-user/environment/lab4_model_training/venv/lib64/python3.12/site-packages/airflow/example_dags/example_branch_operator_decorator.py
[2026-03-23T01:12:14.374+0000] {processor.py:208} INFO - Processing /home/ec2-user/environment/lab4_model_training/venv/lib64/python3.12/site-packages/airflow/example_dags/example_branch_operator_decorator.py took 0.021 seconds
[2026-03-23T01:13:17.877+0000] {processor.py:186} INFO - Started process (PID=7883) to work on /home/ec2-user/environment/lab4_model_training/venv/lib64/python3.12/site-packages/airflow/example_dags/example_branch_operator_decorator.py
[2026-03-23T01:13:17.878+0000] {processor.py:914} INFO - Processing file /home/ec2-user/environment/lab4_model_training/venv/lib64/python3.12/site-packages/airflow/example_dags/example_branch_operator_decorator.py for tasks to queue
[2026-03-23T01:13:17.880+0000] {logging_mixin.py:190} INFO - [2026-03-23T01:13:17.880+0000] {dagbag.py:588} INFO - Filling up the DagBag from /home/ec2-user/environment/lab4_model_training/venv/lib64/python3.12/site-packages/airflow/example_dags/example_branch_operator_decorator.py
[2026-03-23T01:13:17.882+0000] {processor.py:927} WARNING - No viable dags retrieved from /home/ec2-user/environment/lab4_model_training/venv/lib64/python3.12/site-packages/airflow/example_dags/example_branch_operator_decorator.py
[2026-03-23T01:13:17.892+0000] {processor.py:208} INFO - Processing /home/ec2-user/environment/lab4_model_training/venv/lib64/python3.12/site-packages/airflow/example_dags/example_branch_operator_decorator.py took 0.021 seconds
[2026-03-23T01:14:21.559+0000] {processor.py:186} INFO - Started process (PID=8037) to work on /home/ec2-user/environment/lab4_model_training/venv/lib64/python3.12/site-packages/airflow/example_dags/example_branch_operator_decorator.py
[2026-03-23T01:14:21.561+0000] {processor.py:914} INFO - Processing file /home/ec2-user/environment/lab4_model_training/venv/lib64/python3.12/site-packages/airflow/example_dags/example_branch_operator_decorator.py for tasks to queue
[2026-03-23T01:14:21.562+0000] {logging_mixin.py:190} INFO - [2026-03-23T01:14:21.562+0000] {dagbag.py:588} INFO - Filling up the DagBag from /home/ec2-user/environment/lab4_model_training/venv/lib64/python3.12/site-packages/airflow/example_dags/example_branch_operator_decorator.py
[2026-03-23T01:14:21.565+0000] {processor.py:927} WARNING - No viable dags retrieved from /home/ec2-user/environment/lab4_model_training/venv/lib64/python3.12/site-packages/airflow/example_dags/example_branch_operator_decorator.py
[2026-03-23T01:14:21.575+0000] {processor.py:208} INFO - Processing /home/ec2-user/environment/lab4_model_training/venv/lib64/python3.12/site-packages/airflow/example_dags/example_branch_operator_decorator.py took 0.021 seconds
[2026-03-23T01:15:00.715+0000] {processor.py:186} INFO - Started process (PID=8094) to work on /home/ec2-user/environment/lab4_model_training/venv/lib64/python3.12/site-packages/airflow/example_dags/example_branch_operator_decorator.py
[2026-03-23T01:15:00.717+0000] {processor.py:914} INFO - Processing file /home/ec2-user/environment/lab4_model_training/venv/lib64/python3.12/site-packages/airflow/example_dags/example_branch_operator_decorator.py for tasks to queue
[2026-03-23T01:15:00.719+0000] {logging_mixin.py:190} INFO - [2026-03-23T01:15:00.718+0000] {dagbag.py:588} INFO - Filling up the DagBag from /home/ec2-user/environment/lab4_model_training/venv/lib64/python3.12/site-packages/airflow/example_dags/example_branch_operator_decorator.py
[2026-03-23T01:15:00.721+0000] {processor.py:927} WARNING - No viable dags retrieved from /home/ec2-user/environment/lab4_model_training/venv/lib64/python3.12/site-packages/airflow/example_dags/example_branch_operator_decorator.py
[2026-03-23T01:15:00.731+0000] {processor.py:208} INFO - Processing /home/ec2-user/environment/lab4_model_training/venv/lib64/python3.12/site-packages/airflow/example_dags/example_branch_operator_decorator.py took 0.020 seconds
[2026-03-23T01:16:07.468+0000] {processor.py:186} INFO - Started process (PID=8273) to work on /home/ec2-user/environment/lab4_model_training/venv/lib64/python3.12/site-packages/airflow/example_dags/example_branch_operator_decorator.py
[2026-03-23T01:16:07.469+0000] {processor.py:914} INFO - Processing file /home/ec2-user/environment/lab4_model_training/venv/lib64/python3.12/site-packages/airflow/example_dags/example_branch_operator_decorator.py for tasks to queue
[2026-03-23T01:16:07.471+0000] {logging_mixin.py:190} INFO - [2026-03-23T01:16:07.471+0000] {dagbag.py:588} INFO - Filling up the DagBag from /home/ec2-user/environment/lab4_model_training/venv/lib64/python3.12/site-packages/airflow/example_dags/example_branch_operator_decorator.py
[2026-03-23T01:16:07.473+0000] {processor.py:927} WARNING - No viable dags retrieved from /home/ec2-user/environment/lab4_model_training/venv/lib64/python3.12/site-packages/airflow/example_dags/example_branch_operator_decorator.py
[2026-03-23T01:16:07.484+0000] {processor.py:208} INFO - Processing /home/ec2-user/environment/lab4_model_training/venv/lib64/python3.12/site-packages/airflow/example_dags/example_branch_operator_decorator.py took 0.021 seconds
[2026-03-23T01:17:12.735+0000] {processor.py:186} INFO - Started process (PID=8382) to work on /home/ec2-user/environment/lab4_model_training/venv/lib64/python3.12/site-packages/airflow/example_dags/example_branch_operator_decorator.py
[2026-03-23T01:17:12.736+0000] {processor.py:914} INFO - Processing file /home/ec2-user/environment/lab4_model_training/venv/lib64/python3.12/site-packages/airflow/example_dags/example_branch_operator_decorator.py for tasks to queue
[2026-03-23T01:17:12.738+0000] {logging_mixin.py:190} INFO - [2026-03-23T01:17:12.737+0000] {dagbag.py:588} INFO - Filling up the DagBag from /home/ec2-user/environment/lab4_model_training/venv/lib64/python3.12/site-packages/airflow/example_dags/example_branch_operator_decorator.py
[2026-03-23T01:17:12.740+0000] {processor.py:927} WARNING - No viable dags retrieved from /home/ec2-user/environment/lab4_model_training/venv/lib64/python3.12/site-packages/airflow/example_dags/example_branch_operator_decorator.py
[2026-03-23T01:17:12.750+0000] {processor.py:208} INFO - Processing /home/ec2-user/environment/lab4_model_training/venv/lib64/python3.12/site-packages/airflow/example_dags/example_branch_operator_decorator.py took 0.021 seconds
[2026-03-23T01:18:15.041+0000] {processor.py:186} INFO - Started process (PID=8563) to work on /home/ec2-user/environment/lab4_model_training/venv/lib64/python3.12/site-packages/airflow/example_dags/example_branch_operator_decorator.py
[2026-03-23T01:18:15.042+0000] {processor.py:914} INFO - Processing file /home/ec2-user/environment/lab4_model_training/venv/lib64/python3.12/site-packages/airflow/example_dags/example_branch_operator_decorator.py for tasks to queue
[2026-03-23T01:18:15.044+0000] {logging_mixin.py:190} INFO - [2026-03-23T01:18:15.043+0000] {dagbag.py:588} INFO - Filling up the DagBag from /home/ec2-user/environment/lab4_model_training/venv/lib64/python3.12/site-packages/airflow/example_dags/example_branch_operator_decorator.py
[2026-03-23T01:18:15.046+0000] {processor.py:927} WARNING - No viable dags retrieved from /home/ec2-user/environment/lab4_model_training/venv/lib64/python3.12/site-packages/airflow/example_dags/example_branch_operator_decorator.py
[2026-03-23T01:18:15.056+0000] {processor.py:208} INFO - Processing /home/ec2-user/environment/lab4_model_training/venv/lib64/python3.12/site-packages/airflow/example_dags/example_branch_operator_decorator.py took 0.021 seconds
[2026-03-23T01:19:15.724+0000] {processor.py:186} INFO - Started process (PID=8667) to work on /home/ec2-user/environment/lab4_model_training/venv/lib64/python3.12/site-packages/airflow/example_dags/example_branch_operator_decorator.py
[2026-03-23T01:19:15.725+0000] {processor.py:914} INFO - Processing file /home/ec2-user/environment/lab4_model_training/venv/lib64/python3.12/site-packages/airflow/example_dags/example_branch_operator_decorator.py for tasks to queue
[2026-03-23T01:19:15.727+0000] {logging_mixin.py:190} INFO - [2026-03-23T01:19:15.727+0000] {dagbag.py:588} INFO - Filling up the DagBag from /home/ec2-user/environment/lab4_model_training/venv/lib64/python3.12/site-packages/airflow/example_dags/example_branch_operator_decorator.py
[2026-03-23T01:19:15.729+0000] {processor.py:927} WARNING - No viable dags retrieved from /home/ec2-user/environment/lab4_model_training/venv/lib64/python3.12/site-packages/airflow/example_dags/example_branch_operator_decorator.py
[2026-03-23T01:19:15.739+0000] {processor.py:208} INFO - Processing /home/ec2-user/environment/lab4_model_training/venv/lib64/python3.12/site-packages/airflow/example_dags/example_branch_operator_decorator.py took 0.020 seconds
[2026-03-23T01:20:21.144+0000] {processor.py:186} INFO - Started process (PID=8823) to work on /home/ec2-user/environment/lab4_model_training/venv/lib64/python3.12/site-packages/airflow/example_dags/example_branch_operator_decorator.py
[2026-03-23T01:20:21.145+0000] {processor.py:914} INFO - Processing file /home/ec2-user/environment/lab4_model_training/venv/lib64/python3.12/site-packages/airflow/example_dags/example_branch_operator_decorator.py for tasks to queue
[2026-03-23T01:20:21.147+0000] {logging_mixin.py:190} INFO - [2026-03-23T01:20:21.147+0000] {dagbag.py:588} INFO - Filling up the DagBag from /home/ec2-user/environment/lab4_model_training/venv/lib64/python3.12/site-packages/airflow/example_dags/example_branch_operator_decorator.py
[2026-03-23T01:20:21.150+0000] {processor.py:927} WARNING - No viable dags retrieved from /home/ec2-user/environment/lab4_model_training/venv/lib64/python3.12/site-packages/airflow/example_dags/example_branch_operator_decorator.py
[2026-03-23T01:20:21.160+0000] {processor.py:208} INFO - Processing /home/ec2-user/environment/lab4_model_training/venv/lib64/python3.12/site-packages/airflow/example_dags/example_branch_operator_decorator.py took 0.021 seconds
[2026-03-23T01:21:28.294+0000] {processor.py:186} INFO - Started process (PID=8938) to work on /home/ec2-user/environment/lab4_model_training/venv/lib64/python3.12/site-packages/airflow/example_dags/example_branch_operator_decorator.py
[2026-03-23T01:21:28.295+0000] {processor.py:914} INFO - Processing file /home/ec2-user/environment/lab4_model_training/venv/lib64/python3.12/site-packages/airflow/example_dags/example_branch_operator_decorator.py for tasks to queue
[2026-03-23T01:21:28.297+0000] {logging_mixin.py:190} INFO - [2026-03-23T01:21:28.296+0000] {dagbag.py:588} INFO - Filling up the DagBag from /home/ec2-user/environment/lab4_model_training/venv/lib64/python3.12/site-packages/airflow/example_dags/example_branch_operator_decorator.py
[2026-03-23T01:21:28.299+0000] {processor.py:927} WARNING - No viable dags retrieved from /home/ec2-user/environment/lab4_model_training/venv/lib64/python3.12/site-packages/airflow/example_dags/example_branch_operator_decorator.py
[2026-03-23T01:21:28.309+0000] {processor.py:208} INFO - Processing /home/ec2-user/environment/lab4_model_training/venv/lib64/python3.12/site-packages/airflow/example_dags/example_branch_operator_decorator.py took 0.021 seconds
[2026-03-23T01:22:35.441+0000] {processor.py:186} INFO - Started process (PID=9112) to work on /home/ec2-user/environment/lab4_model_training/venv/lib64/python3.12/site-packages/airflow/example_dags/example_branch_operator_decorator.py
[2026-03-23T01:22:35.442+0000] {processor.py:914} INFO - Processing file /home/ec2-user/environment/lab4_model_training/venv/lib64/python3.12/site-packages/airflow/example_dags/example_branch_operator_decorator.py for tasks to queue
[2026-03-23T01:22:35.444+0000] {logging_mixin.py:190} INFO - [2026-03-23T01:22:35.444+0000] {dagbag.py:588} INFO - Filling up the DagBag from /home/ec2-user/environment/lab4_model_training/venv/lib64/python3.12/site-packages/airflow/example_dags/example_branch_operator_decorator.py
[2026-03-23T01:22:35.446+0000] {processor.py:927} WARNING - No viable dags retrieved from /home/ec2-user/environment/lab4_model_training/venv/lib64/python3.12/site-packages/airflow/example_dags/example_branch_operator_decorator.py
[2026-03-23T01:22:35.457+0000] {processor.py:208} INFO - Processing /home/ec2-user/environment/lab4_model_training/venv/lib64/python3.12/site-packages/airflow/example_dags/example_branch_operator_decorator.py took 0.021 seconds
[2026-03-23T01:23:45.850+0000] {processor.py:186} INFO - Started process (PID=9302) to work on /home/ec2-user/environment/lab4_model_training/venv/lib64/python3.12/site-packages/airflow/example_dags/example_branch_operator_decorator.py
[2026-03-23T01:23:45.852+0000] {processor.py:914} INFO - Processing file /home/ec2-user/environment/lab4_model_training/venv/lib64/python3.12/site-packages/airflow/example_dags/example_branch_operator_decorator.py for tasks to queue
[2026-03-23T01:23:45.854+0000] {logging_mixin.py:190} INFO - [2026-03-23T01:23:45.853+0000] {dagbag.py:588} INFO - Filling up the DagBag from /home/ec2-user/environment/lab4_model_training/venv/lib64/python3.12/site-packages/airflow/example_dags/example_branch_operator_decorator.py
[2026-03-23T01:23:45.856+0000] {processor.py:927} WARNING - No viable dags retrieved from /home/ec2-user/environment/lab4_model_training/venv/lib64/python3.12/site-packages/airflow/example_dags/example_branch_operator_decorator.py
[2026-03-23T01:23:45.866+0000] {processor.py:208} INFO - Processing /home/ec2-user/environment/lab4_model_training/venv/lib64/python3.12/site-packages/airflow/example_dags/example_branch_operator_decorator.py took 0.021 seconds
[2026-03-23T01:24:55.878+0000] {processor.py:186} INFO - Started process (PID=9465) to work on /home/ec2-user/environment/lab4_model_training/venv/lib64/python3.12/site-packages/airflow/example_dags/example_branch_operator_decorator.py
[2026-03-23T01:24:55.879+0000] {processor.py:914} INFO - Processing file /home/ec2-user/environment/lab4_model_training/venv/lib64/python3.12/site-packages/airflow/example_dags/example_branch_operator_decorator.py for tasks to queue
[2026-03-23T01:24:55.881+0000] {logging_mixin.py:190} INFO - [2026-03-23T01:24:55.881+0000] {dagbag.py:588} INFO - Filling up the DagBag from /home/ec2-user/environment/lab4_model_training/venv/lib64/python3.12/site-packages/airflow/example_dags/example_branch_operator_decorator.py
[2026-03-23T01:24:55.884+0000] {processor.py:927} WARNING - No viable dags retrieved from /home/ec2-user/environment/lab4_model_training/venv/lib64/python3.12/site-packages/airflow/example_dags/example_branch_operator_decorator.py
[2026-03-23T01:24:55.895+0000] {processor.py:208} INFO - Processing /home/ec2-user/environment/lab4_model_training/venv/lib64/python3.12/site-packages/airflow/example_dags/example_branch_operator_decorator.py took 0.023 seconds
[2026-03-23T01:26:17.893+0000] {processor.py:186} INFO - Started process (PID=9762) to work on /home/ec2-user/environment/lab4_model_training/venv/lib64/python3.12/site-packages/airflow/example_dags/example_branch_operator_decorator.py
[2026-03-23T01:26:17.895+0000] {processor.py:914} INFO - Processing file /home/ec2-user/environment/lab4_model_training/venv/lib64/python3.12/site-packages/airflow/example_dags/example_branch_operator_decorator.py for tasks to queue
[2026-03-23T01:26:17.897+0000] {logging_mixin.py:190} INFO - [2026-03-23T01:26:17.897+0000] {dagbag.py:588} INFO - Filling up the DagBag from /home/ec2-user/environment/lab4_model_training/venv/lib64/python3.12/site-packages/airflow/example_dags/example_branch_operator_decorator.py
[2026-03-23T01:26:17.900+0000] {processor.py:927} WARNING - No viable dags retrieved from /home/ec2-user/environment/lab4_model_training/venv/lib64/python3.12/site-packages/airflow/example_dags/example_branch_operator_decorator.py
[2026-03-23T01:26:17.912+0000] {processor.py:208} INFO - Processing /home/ec2-user/environment/lab4_model_training/venv/lib64/python3.12/site-packages/airflow/example_dags/example_branch_operator_decorator.py took 0.026 seconds
[2026-03-23T01:26:58.406+0000] {processor.py:186} INFO - Started process (PID=9888) to work on /home/ec2-user/environment/lab4_model_training/venv/lib64/python3.12/site-packages/airflow/example_dags/example_branch_operator_decorator.py
[2026-03-23T01:26:58.408+0000] {processor.py:914} INFO - Processing file /home/ec2-user/environment/lab4_model_training/venv/lib64/python3.12/site-packages/airflow/example_dags/example_branch_operator_decorator.py for tasks to queue
[2026-03-23T01:26:58.409+0000] {logging_mixin.py:190} INFO - [2026-03-23T01:26:58.409+0000] {dagbag.py:588} INFO - Filling up the DagBag from /home/ec2-user/environment/lab4_model_training/venv/lib64/python3.12/site-packages/airflow/example_dags/example_branch_operator_decorator.py
[2026-03-23T01:26:58.412+0000] {processor.py:927} WARNING - No viable dags retrieved from /home/ec2-user/environment/lab4_model_training/venv/lib64/python3.12/site-packages/airflow/example_dags/example_branch_operator_decorator.py
[2026-03-23T01:26:58.424+0000] {processor.py:208} INFO - Processing /home/ec2-user/environment/lab4_model_training/venv/lib64/python3.12/site-packages/airflow/example_dags/example_branch_operator_decorator.py took 0.022 seconds
[2026-03-23T01:28:01.736+0000] {processor.py:186} INFO - Started process (PID=10058) to work on /home/ec2-user/environment/lab4_model_training/venv/lib64/python3.12/site-packages/airflow/example_dags/example_branch_operator_decorator.py
[2026-03-23T01:28:01.737+0000] {processor.py:914} INFO - Processing file /home/ec2-user/environment/lab4_model_training/venv/lib64/python3.12/site-packages/airflow/example_dags/example_branch_operator_decorator.py for tasks to queue
[2026-03-23T01:28:01.739+0000] {logging_mixin.py:190} INFO - [2026-03-23T01:28:01.739+0000] {dagbag.py:588} INFO - Filling up the DagBag from /home/ec2-user/environment/lab4_model_training/venv/lib64/python3.12/site-packages/airflow/example_dags/example_branch_operator_decorator.py
[2026-03-23T01:28:01.741+0000] {processor.py:927} WARNING - No viable dags retrieved from /home/ec2-user/environment/lab4_model_training/venv/lib64/python3.12/site-packages/airflow/example_dags/example_branch_operator_decorator.py
[2026-03-23T01:28:01.751+0000] {processor.py:208} INFO - Processing /home/ec2-user/environment/lab4_model_training/venv/lib64/python3.12/site-packages/airflow/example_dags/example_branch_operator_decorator.py took 0.021 seconds
[2026-03-23T01:29:05.174+0000] {processor.py:186} INFO - Started process (PID=10185) to work on /home/ec2-user/environment/lab4_model_training/venv/lib64/python3.12/site-packages/airflow/example_dags/example_branch_operator_decorator.py
[2026-03-23T01:29:05.175+0000] {processor.py:914} INFO - Processing file /home/ec2-user/environment/lab4_model_training/venv/lib64/python3.12/site-packages/airflow/example_dags/example_branch_operator_decorator.py for tasks to queue
[2026-03-23T01:29:05.177+0000] {logging_mixin.py:190} INFO - [2026-03-23T01:29:05.177+0000] {dagbag.py:588} INFO - Filling up the DagBag from /home/ec2-user/environment/lab4_model_training/venv/lib64/python3.12/site-packages/airflow/example_dags/example_branch_operator_decorator.py
[2026-03-23T01:29:05.179+0000] {processor.py:927} WARNING - No viable dags retrieved from /home/ec2-user/environment/lab4_model_training/venv/lib64/python3.12/site-packages/airflow/example_dags/example_branch_operator_decorator.py
[2026-03-23T01:29:05.189+0000] {processor.py:208} INFO - Processing /home/ec2-user/environment/lab4_model_training/venv/lib64/python3.12/site-packages/airflow/example_dags/example_branch_operator_decorator.py took 0.021 seconds
[2026-03-23T01:30:12.264+0000] {processor.py:186} INFO - Started process (PID=10469) to work on /home/ec2-user/environment/lab4_model_training/venv/lib64/python3.12/site-packages/airflow/example_dags/example_branch_operator_decorator.py
[2026-03-23T01:30:12.265+0000] {processor.py:914} INFO - Processing file /home/ec2-user/environment/lab4_model_training/venv/lib64/python3.12/site-packages/airflow/example_dags/example_branch_operator_decorator.py for tasks to queue
[2026-03-23T01:30:12.267+0000] {logging_mixin.py:190} INFO - [2026-03-23T01:30:12.267+0000] {dagbag.py:588} INFO - Filling up the DagBag from /home/ec2-user/environment/lab4_model_training/venv/lib64/python3.12/site-packages/airflow/example_dags/example_branch_operator_decorator.py
[2026-03-23T01:30:12.269+0000] {processor.py:927} WARNING - No viable dags retrieved from /home/ec2-user/environment/lab4_model_training/venv/lib64/python3.12/site-packages/airflow/example_dags/example_branch_operator_decorator.py
[2026-03-23T01:30:12.279+0000] {processor.py:208} INFO - Processing /home/ec2-user/environment/lab4_model_training/venv/lib64/python3.12/site-packages/airflow/example_dags/example_branch_operator_decorator.py took 0.020 seconds
[2026-03-23T01:31:15.516+0000] {processor.py:186} INFO - Started process (PID=10656) to work on /home/ec2-user/environment/lab4_model_training/venv/lib64/python3.12/site-packages/airflow/example_dags/example_branch_operator_decorator.py
[2026-03-23T01:31:15.517+0000] {processor.py:914} INFO - Processing file /home/ec2-user/environment/lab4_model_training/venv/lib64/python3.12/site-packages/airflow/example_dags/example_branch_operator_decorator.py for tasks to queue
[2026-03-23T01:31:15.519+0000] {logging_mixin.py:190} INFO - [2026-03-23T01:31:15.519+0000] {dagbag.py:588} INFO - Filling up the DagBag from /home/ec2-user/environment/lab4_model_training/venv/lib64/python3.12/site-packages/airflow/example_dags/example_branch_operator_decorator.py
[2026-03-23T01:31:15.521+0000] {processor.py:927} WARNING - No viable dags retrieved from /home/ec2-user/environment/lab4_model_training/venv/lib64/python3.12/site-packages/airflow/example_dags/example_branch_operator_decorator.py
[2026-03-23T01:31:15.531+0000] {processor.py:208} INFO - Processing /home/ec2-user/environment/lab4_model_training/venv/lib64/python3.12/site-packages/airflow/example_dags/example_branch_operator_decorator.py took 0.021 seconds
[2026-03-23T01:32:20.337+0000] {processor.py:186} INFO - Started process (PID=10850) to work on /home/ec2-user/environment/lab4_model_training/venv/lib64/python3.12/site-packages/airflow/example_dags/example_branch_operator_decorator.py
[2026-03-23T01:32:20.338+0000] {processor.py:914} INFO - Processing file /home/ec2-user/environment/lab4_model_training/venv/lib64/python3.12/site-packages/airflow/example_dags/example_branch_operator_decorator.py for tasks to queue
[2026-03-23T01:32:20.340+0000] {logging_mixin.py:190} INFO - [2026-03-23T01:32:20.340+0000] {dagbag.py:588} INFO - Filling up the DagBag from /home/ec2-user/environment/lab4_model_training/venv/lib64/python3.12/site-packages/airflow/example_dags/example_branch_operator_decorator.py
[2026-03-23T01:32:20.343+0000] {processor.py:927} WARNING - No viable dags retrieved from /home/ec2-user/environment/lab4_model_training/venv/lib64/python3.12/site-packages/airflow/example_dags/example_branch_operator_decorator.py
[2026-03-23T01:32:20.353+0000] {processor.py:208} INFO - Processing /home/ec2-user/environment/lab4_model_training/venv/lib64/python3.12/site-packages/airflow/example_dags/example_branch_operator_decorator.py took 0.021 seconds
[2026-03-23T01:33:28.084+0000] {processor.py:186} INFO - Started process (PID=11049) to work on /home/ec2-user/environment/lab4_model_training/venv/lib64/python3.12/site-packages/airflow/example_dags/example_branch_operator_decorator.py
[2026-03-23T01:33:28.086+0000] {processor.py:914} INFO - Processing file /home/ec2-user/environment/lab4_model_training/venv/lib64/python3.12/site-packages/airflow/example_dags/example_branch_operator_decorator.py for tasks to queue
[2026-03-23T01:33:28.087+0000] {logging_mixin.py:190} INFO - [2026-03-23T01:33:28.087+0000] {dagbag.py:588} INFO - Filling up the DagBag from /home/ec2-user/environment/lab4_model_training/venv/lib64/python3.12/site-packages/airflow/example_dags/example_branch_operator_decorator.py
[2026-03-23T01:33:28.090+0000] {processor.py:927} WARNING - No viable dags retrieved from /home/ec2-user/environment/lab4_model_training/venv/lib64/python3.12/site-packages/airflow/example_dags/example_branch_operator_decorator.py
[2026-03-23T01:33:28.100+0000] {processor.py:208} INFO - Processing /home/ec2-user/environment/lab4_model_training/venv/lib64/python3.12/site-packages/airflow/example_dags/example_branch_operator_decorator.py took 0.020 seconds
[2026-03-23T01:34:34.120+0000] {processor.py:186} INFO - Started process (PID=11172) to work on /home/ec2-user/environment/lab4_model_training/venv/lib64/python3.12/site-packages/airflow/example_dags/example_branch_operator_decorator.py
[2026-03-23T01:34:34.121+0000] {processor.py:914} INFO - Processing file /home/ec2-user/environment/lab4_model_training/venv/lib64/python3.12/site-packages/airflow/example_dags/example_branch_operator_decorator.py for tasks to queue
[2026-03-23T01:34:34.123+0000] {logging_mixin.py:190} INFO - [2026-03-23T01:34:34.123+0000] {dagbag.py:588} INFO - Filling up the DagBag from /home/ec2-user/environment/lab4_model_training/venv/lib64/python3.12/site-packages/airflow/example_dags/example_branch_operator_decorator.py
[2026-03-23T01:34:34.125+0000] {processor.py:927} WARNING - No viable dags retrieved from /home/ec2-user/environment/lab4_model_training/venv/lib64/python3.12/site-packages/airflow/example_dags/example_branch_operator_decorator.py
[2026-03-23T01:34:34.136+0000] {processor.py:208} INFO - Processing /home/ec2-user/environment/lab4_model_training/venv/lib64/python3.12/site-packages/airflow/example_dags/example_branch_operator_decorator.py took 0.021 seconds
