[2026-03-23T00:59:03.235+0000] {processor.py:186} INFO - Started process (PID=5787) to work on /home/ec2-user/environment/lab4_model_training/venv/lib64/python3.12/site-packages/airflow/example_dags/example_branch_datetime_operator.py
[2026-03-23T00:59:03.235+0000] {processor.py:914} INFO - Processing file /home/ec2-user/environment/lab4_model_training/venv/lib64/python3.12/site-packages/airflow/example_dags/example_branch_datetime_operator.py for tasks to queue
[2026-03-23T00:59:03.237+0000] {logging_mixin.py:190} INFO - [2026-03-23T00:59:03.237+0000] {dagbag.py:588} INFO - Filling up the DagBag from /home/ec2-user/environment/lab4_model_training/venv/lib64/python3.12/site-packages/airflow/example_dags/example_branch_datetime_operator.py
[2026-03-23T00:59:03.252+0000] {processor.py:925} INFO - DAG(s) 'example_branch_datetime_operator_2', 'example_branch_datetime_operator_3', 'example_branch_datetime_operator' retrieved from /home/ec2-user/environment/lab4_model_training/venv/lib64/python3.12/site-packages/airflow/example_dags/example_branch_datetime_operator.py
[2026-03-23T00:59:03.282+0000] {logging_mixin.py:190} INFO - [2026-03-23T00:59:03.282+0000] {dag.py:3239} INFO - Sync 3 DAGs
[2026-03-23T00:59:03.304+0000] {logging_mixin.py:190} INFO - [2026-03-23T00:59:03.304+0000] {dag.py:4180} INFO - Setting next_dagrun for example_branch_datetime_operator to 2026-03-22 00:00:00+00:00, run_after=2026-03-23 00:00:00+00:00
[2026-03-23T00:59:03.309+0000] {logging_mixin.py:190} INFO - [2026-03-23T00:59:03.308+0000] {dag.py:4180} INFO - Setting next_dagrun for example_branch_datetime_operator_2 to 2026-03-22 00:00:00+00:00, run_after=2026-03-23 00:00:00+00:00
[2026-03-23T00:59:03.311+0000] {logging_mixin.py:190} INFO - [2026-03-23T00:59:03.310+0000] {dag.py:4180} INFO - Setting next_dagrun for example_branch_datetime_operator_3 to 2026-03-22 00:00:00+00:00, run_after=2026-03-23 00:00:00+00:00
[2026-03-23T00:59:03.332+0000] {processor.py:208} INFO - Processing /home/ec2-user/environment/lab4_model_training/venv/lib64/python3.12/site-packages/airflow/example_dags/example_branch_datetime_operator.py took 0.102 seconds
[2026-03-23T01:00:06.161+0000] {processor.py:186} INFO - Started process (PID=5957) to work on /home/ec2-user/environment/lab4_model_training/venv/lib64/python3.12/site-packages/airflow/example_dags/example_branch_datetime_operator.py
[2026-03-23T01:00:06.162+0000] {processor.py:914} INFO - Processing file /home/ec2-user/environment/lab4_model_training/venv/lib64/python3.12/site-packages/airflow/example_dags/example_branch_datetime_operator.py for tasks to queue
[2026-03-23T01:00:06.164+0000] {logging_mixin.py:190} INFO - [2026-03-23T01:00:06.163+0000] {dagbag.py:588} INFO - Filling up the DagBag from /home/ec2-user/environment/lab4_model_training/venv/lib64/python3.12/site-packages/airflow/example_dags/example_branch_datetime_operator.py
[2026-03-23T01:00:06.176+0000] {processor.py:925} INFO - DAG(s) 'example_branch_datetime_operator_2', 'example_branch_datetime_operator_3', 'example_branch_datetime_operator' retrieved from /home/ec2-user/environment/lab4_model_training/venv/lib64/python3.12/site-packages/airflow/example_dags/example_branch_datetime_operator.py
[2026-03-23T01:00:06.197+0000] {logging_mixin.py:190} INFO - [2026-03-23T01:00:06.197+0000] {dag.py:3239} INFO - Sync 3 DAGs
[2026-03-23T01:00:06.219+0000] {logging_mixin.py:190} INFO - [2026-03-23T01:00:06.219+0000] {dag.py:4180} INFO - Setting next_dagrun for example_branch_datetime_operator to 2026-03-22 00:00:00+00:00, run_after=2026-03-23 00:00:00+00:00
[2026-03-23T01:00:06.224+0000] {logging_mixin.py:190} INFO - [2026-03-23T01:00:06.223+0000] {dag.py:4180} INFO - Setting next_dagrun for example_branch_datetime_operator_2 to 2026-03-22 00:00:00+00:00, run_after=2026-03-23 00:00:00+00:00
[2026-03-23T01:00:06.226+0000] {logging_mixin.py:190} INFO - [2026-03-23T01:00:06.226+0000] {dag.py:4180} INFO - Setting next_dagrun for example_branch_datetime_operator_3 to 2026-03-22 00:00:00+00:00, run_after=2026-03-23 00:00:00+00:00
[2026-03-23T01:00:06.246+0000] {processor.py:208} INFO - Processing /home/ec2-user/environment/lab4_model_training/venv/lib64/python3.12/site-packages/airflow/example_dags/example_branch_datetime_operator.py took 0.091 seconds
[2026-03-23T01:00:38.903+0000] {processor.py:186} INFO - Started process (PID=6023) to work on /home/ec2-user/environment/lab4_model_training/venv/lib64/python3.12/site-packages/airflow/example_dags/example_branch_datetime_operator.py
[2026-03-23T01:00:38.904+0000] {processor.py:914} INFO - Processing file /home/ec2-user/environment/lab4_model_training/venv/lib64/python3.12/site-packages/airflow/example_dags/example_branch_datetime_operator.py for tasks to queue
[2026-03-23T01:00:38.907+0000] {logging_mixin.py:190} INFO - [2026-03-23T01:00:38.907+0000] {dagbag.py:588} INFO - Filling up the DagBag from /home/ec2-user/environment/lab4_model_training/venv/lib64/python3.12/site-packages/airflow/example_dags/example_branch_datetime_operator.py
[2026-03-23T01:00:38.920+0000] {processor.py:925} INFO - DAG(s) 'example_branch_datetime_operator_3', 'example_branch_datetime_operator_2', 'example_branch_datetime_operator' retrieved from /home/ec2-user/environment/lab4_model_training/venv/lib64/python3.12/site-packages/airflow/example_dags/example_branch_datetime_operator.py
[2026-03-23T01:00:38.941+0000] {logging_mixin.py:190} INFO - [2026-03-23T01:00:38.941+0000] {dag.py:3239} INFO - Sync 3 DAGs
[2026-03-23T01:00:38.962+0000] {logging_mixin.py:190} INFO - [2026-03-23T01:00:38.962+0000] {dag.py:4180} INFO - Setting next_dagrun for example_branch_datetime_operator to 2026-03-22 00:00:00+00:00, run_after=2026-03-23 00:00:00+00:00
[2026-03-23T01:00:38.966+0000] {logging_mixin.py:190} INFO - [2026-03-23T01:00:38.966+0000] {dag.py:4180} INFO - Setting next_dagrun for example_branch_datetime_operator_2 to 2026-03-22 00:00:00+00:00, run_after=2026-03-23 00:00:00+00:00
[2026-03-23T01:00:38.968+0000] {logging_mixin.py:190} INFO - [2026-03-23T01:00:38.968+0000] {dag.py:4180} INFO - Setting next_dagrun for example_branch_datetime_operator_3 to 2026-03-22 00:00:00+00:00, run_after=2026-03-23 00:00:00+00:00
[2026-03-23T01:00:38.992+0000] {processor.py:208} INFO - Processing /home/ec2-user/environment/lab4_model_training/venv/lib64/python3.12/site-packages/airflow/example_dags/example_branch_datetime_operator.py took 0.094 seconds
[2026-03-23T01:01:10.868+0000] {processor.py:186} INFO - Started process (PID=6164) to work on /home/ec2-user/environment/lab4_model_training/venv/lib64/python3.12/site-packages/airflow/example_dags/example_branch_datetime_operator.py
[2026-03-23T01:01:10.869+0000] {processor.py:914} INFO - Processing file /home/ec2-user/environment/lab4_model_training/venv/lib64/python3.12/site-packages/airflow/example_dags/example_branch_datetime_operator.py for tasks to queue
[2026-03-23T01:01:10.871+0000] {logging_mixin.py:190} INFO - [2026-03-23T01:01:10.871+0000] {dagbag.py:588} INFO - Filling up the DagBag from /home/ec2-user/environment/lab4_model_training/venv/lib64/python3.12/site-packages/airflow/example_dags/example_branch_datetime_operator.py
[2026-03-23T01:01:10.883+0000] {processor.py:925} INFO - DAG(s) 'example_branch_datetime_operator_3', 'example_branch_datetime_operator_2', 'example_branch_datetime_operator' retrieved from /home/ec2-user/environment/lab4_model_training/venv/lib64/python3.12/site-packages/airflow/example_dags/example_branch_datetime_operator.py
[2026-03-23T01:01:10.904+0000] {logging_mixin.py:190} INFO - [2026-03-23T01:01:10.904+0000] {dag.py:3239} INFO - Sync 3 DAGs
[2026-03-23T01:01:10.925+0000] {logging_mixin.py:190} INFO - [2026-03-23T01:01:10.925+0000] {dag.py:4180} INFO - Setting next_dagrun for example_branch_datetime_operator to 2026-03-22 00:00:00+00:00, run_after=2026-03-23 00:00:00+00:00
[2026-03-23T01:01:10.929+0000] {logging_mixin.py:190} INFO - [2026-03-23T01:01:10.929+0000] {dag.py:4180} INFO - Setting next_dagrun for example_branch_datetime_operator_2 to 2026-03-22 00:00:00+00:00, run_after=2026-03-23 00:00:00+00:00
[2026-03-23T01:01:10.931+0000] {logging_mixin.py:190} INFO - [2026-03-23T01:01:10.931+0000] {dag.py:4180} INFO - Setting next_dagrun for example_branch_datetime_operator_3 to 2026-03-22 00:00:00+00:00, run_after=2026-03-23 00:00:00+00:00
[2026-03-23T01:01:10.951+0000] {processor.py:208} INFO - Processing /home/ec2-user/environment/lab4_model_training/venv/lib64/python3.12/site-packages/airflow/example_dags/example_branch_datetime_operator.py took 0.088 seconds
[2026-03-23T01:01:42.783+0000] {processor.py:186} INFO - Started process (PID=6245) to work on /home/ec2-user/environment/lab4_model_training/venv/lib64/python3.12/site-packages/airflow/example_dags/example_branch_datetime_operator.py
[2026-03-23T01:01:42.784+0000] {processor.py:914} INFO - Processing file /home/ec2-user/environment/lab4_model_training/venv/lib64/python3.12/site-packages/airflow/example_dags/example_branch_datetime_operator.py for tasks to queue
[2026-03-23T01:01:42.787+0000] {logging_mixin.py:190} INFO - [2026-03-23T01:01:42.786+0000] {dagbag.py:588} INFO - Filling up the DagBag from /home/ec2-user/environment/lab4_model_training/venv/lib64/python3.12/site-packages/airflow/example_dags/example_branch_datetime_operator.py
[2026-03-23T01:01:42.799+0000] {processor.py:925} INFO - DAG(s) 'example_branch_datetime_operator_2', 'example_branch_datetime_operator', 'example_branch_datetime_operator_3' retrieved from /home/ec2-user/environment/lab4_model_training/venv/lib64/python3.12/site-packages/airflow/example_dags/example_branch_datetime_operator.py
[2026-03-23T01:01:42.820+0000] {logging_mixin.py:190} INFO - [2026-03-23T01:01:42.820+0000] {dag.py:3239} INFO - Sync 3 DAGs
[2026-03-23T01:01:42.841+0000] {logging_mixin.py:190} INFO - [2026-03-23T01:01:42.841+0000] {dag.py:4180} INFO - Setting next_dagrun for example_branch_datetime_operator to 2026-03-22 00:00:00+00:00, run_after=2026-03-23 00:00:00+00:00
[2026-03-23T01:01:42.846+0000] {logging_mixin.py:190} INFO - [2026-03-23T01:01:42.846+0000] {dag.py:4180} INFO - Setting next_dagrun for example_branch_datetime_operator_2 to 2026-03-22 00:00:00+00:00, run_after=2026-03-23 00:00:00+00:00
[2026-03-23T01:01:42.848+0000] {logging_mixin.py:190} INFO - [2026-03-23T01:01:42.848+0000] {dag.py:4180} INFO - Setting next_dagrun for example_branch_datetime_operator_3 to 2026-03-22 00:00:00+00:00, run_after=2026-03-23 00:00:00+00:00
[2026-03-23T01:01:42.868+0000] {processor.py:208} INFO - Processing /home/ec2-user/environment/lab4_model_training/venv/lib64/python3.12/site-packages/airflow/example_dags/example_branch_datetime_operator.py took 0.090 seconds
[2026-03-23T01:02:44.726+0000] {processor.py:186} INFO - Started process (PID=6378) to work on /home/ec2-user/environment/lab4_model_training/venv/lib64/python3.12/site-packages/airflow/example_dags/example_branch_datetime_operator.py
[2026-03-23T01:02:44.727+0000] {processor.py:914} INFO - Processing file /home/ec2-user/environment/lab4_model_training/venv/lib64/python3.12/site-packages/airflow/example_dags/example_branch_datetime_operator.py for tasks to queue
[2026-03-23T01:02:44.730+0000] {logging_mixin.py:190} INFO - [2026-03-23T01:02:44.729+0000] {dagbag.py:588} INFO - Filling up the DagBag from /home/ec2-user/environment/lab4_model_training/venv/lib64/python3.12/site-packages/airflow/example_dags/example_branch_datetime_operator.py
[2026-03-23T01:02:44.742+0000] {processor.py:925} INFO - DAG(s) 'example_branch_datetime_operator_2', 'example_branch_datetime_operator', 'example_branch_datetime_operator_3' retrieved from /home/ec2-user/environment/lab4_model_training/venv/lib64/python3.12/site-packages/airflow/example_dags/example_branch_datetime_operator.py
[2026-03-23T01:02:44.764+0000] {logging_mixin.py:190} INFO - [2026-03-23T01:02:44.763+0000] {dag.py:3239} INFO - Sync 3 DAGs
[2026-03-23T01:02:44.785+0000] {logging_mixin.py:190} INFO - [2026-03-23T01:02:44.784+0000] {dag.py:4180} INFO - Setting next_dagrun for example_branch_datetime_operator to 2026-03-22 00:00:00+00:00, run_after=2026-03-23 00:00:00+00:00
[2026-03-23T01:02:44.789+0000] {logging_mixin.py:190} INFO - [2026-03-23T01:02:44.789+0000] {dag.py:4180} INFO - Setting next_dagrun for example_branch_datetime_operator_2 to 2026-03-22 00:00:00+00:00, run_after=2026-03-23 00:00:00+00:00
[2026-03-23T01:02:44.791+0000] {logging_mixin.py:190} INFO - [2026-03-23T01:02:44.791+0000] {dag.py:4180} INFO - Setting next_dagrun for example_branch_datetime_operator_3 to 2026-03-22 00:00:00+00:00, run_after=2026-03-23 00:00:00+00:00
[2026-03-23T01:02:44.813+0000] {processor.py:208} INFO - Processing /home/ec2-user/environment/lab4_model_training/venv/lib64/python3.12/site-packages/airflow/example_dags/example_branch_datetime_operator.py took 0.092 seconds
[2026-03-23T01:03:18.429+0000] {processor.py:186} INFO - Started process (PID=6526) to work on /home/ec2-user/environment/lab4_model_training/venv/lib64/python3.12/site-packages/airflow/example_dags/example_branch_datetime_operator.py
[2026-03-23T01:03:18.429+0000] {processor.py:914} INFO - Processing file /home/ec2-user/environment/lab4_model_training/venv/lib64/python3.12/site-packages/airflow/example_dags/example_branch_datetime_operator.py for tasks to queue
[2026-03-23T01:03:18.432+0000] {logging_mixin.py:190} INFO - [2026-03-23T01:03:18.431+0000] {dagbag.py:588} INFO - Filling up the DagBag from /home/ec2-user/environment/lab4_model_training/venv/lib64/python3.12/site-packages/airflow/example_dags/example_branch_datetime_operator.py
[2026-03-23T01:03:18.444+0000] {processor.py:925} INFO - DAG(s) 'example_branch_datetime_operator_3', 'example_branch_datetime_operator_2', 'example_branch_datetime_operator' retrieved from /home/ec2-user/environment/lab4_model_training/venv/lib64/python3.12/site-packages/airflow/example_dags/example_branch_datetime_operator.py
[2026-03-23T01:03:18.465+0000] {logging_mixin.py:190} INFO - [2026-03-23T01:03:18.464+0000] {dag.py:3239} INFO - Sync 3 DAGs
[2026-03-23T01:03:18.486+0000] {logging_mixin.py:190} INFO - [2026-03-23T01:03:18.486+0000] {dag.py:4180} INFO - Setting next_dagrun for example_branch_datetime_operator to 2026-03-22 00:00:00+00:00, run_after=2026-03-23 00:00:00+00:00
[2026-03-23T01:03:18.490+0000] {logging_mixin.py:190} INFO - [2026-03-23T01:03:18.490+0000] {dag.py:4180} INFO - Setting next_dagrun for example_branch_datetime_operator_2 to 2026-03-22 00:00:00+00:00, run_after=2026-03-23 00:00:00+00:00
[2026-03-23T01:03:18.492+0000] {logging_mixin.py:190} INFO - [2026-03-23T01:03:18.492+0000] {dag.py:4180} INFO - Setting next_dagrun for example_branch_datetime_operator_3 to 2026-03-22 00:00:00+00:00, run_after=2026-03-23 00:00:00+00:00
[2026-03-23T01:03:18.513+0000] {processor.py:208} INFO - Processing /home/ec2-user/environment/lab4_model_training/venv/lib64/python3.12/site-packages/airflow/example_dags/example_branch_datetime_operator.py took 0.090 seconds
[2026-03-23T01:03:51.974+0000] {processor.py:186} INFO - Started process (PID=6588) to work on /home/ec2-user/environment/lab4_model_training/venv/lib64/python3.12/site-packages/airflow/example_dags/example_branch_datetime_operator.py
[2026-03-23T01:03:51.975+0000] {processor.py:914} INFO - Processing file /home/ec2-user/environment/lab4_model_training/venv/lib64/python3.12/site-packages/airflow/example_dags/example_branch_datetime_operator.py for tasks to queue
[2026-03-23T01:03:51.977+0000] {logging_mixin.py:190} INFO - [2026-03-23T01:03:51.977+0000] {dagbag.py:588} INFO - Filling up the DagBag from /home/ec2-user/environment/lab4_model_training/venv/lib64/python3.12/site-packages/airflow/example_dags/example_branch_datetime_operator.py
[2026-03-23T01:03:51.990+0000] {processor.py:925} INFO - DAG(s) 'example_branch_datetime_operator_3', 'example_branch_datetime_operator', 'example_branch_datetime_operator_2' retrieved from /home/ec2-user/environment/lab4_model_training/venv/lib64/python3.12/site-packages/airflow/example_dags/example_branch_datetime_operator.py
[2026-03-23T01:03:52.011+0000] {logging_mixin.py:190} INFO - [2026-03-23T01:03:52.011+0000] {dag.py:3239} INFO - Sync 3 DAGs
[2026-03-23T01:03:52.032+0000] {logging_mixin.py:190} INFO - [2026-03-23T01:03:52.032+0000] {dag.py:4180} INFO - Setting next_dagrun for example_branch_datetime_operator to 2026-03-22 00:00:00+00:00, run_after=2026-03-23 00:00:00+00:00
[2026-03-23T01:03:52.037+0000] {logging_mixin.py:190} INFO - [2026-03-23T01:03:52.036+0000] {dag.py:4180} INFO - Setting next_dagrun for example_branch_datetime_operator_2 to 2026-03-22 00:00:00+00:00, run_after=2026-03-23 00:00:00+00:00
[2026-03-23T01:03:52.039+0000] {logging_mixin.py:190} INFO - [2026-03-23T01:03:52.039+0000] {dag.py:4180} INFO - Setting next_dagrun for example_branch_datetime_operator_3 to 2026-03-22 00:00:00+00:00, run_after=2026-03-23 00:00:00+00:00
[2026-03-23T01:03:52.059+0000] {processor.py:208} INFO - Processing /home/ec2-user/environment/lab4_model_training/venv/lib64/python3.12/site-packages/airflow/example_dags/example_branch_datetime_operator.py took 0.091 seconds
[2026-03-23T01:04:24.844+0000] {processor.py:186} INFO - Started process (PID=6663) to work on /home/ec2-user/environment/lab4_model_training/venv/lib64/python3.12/site-packages/airflow/example_dags/example_branch_datetime_operator.py
[2026-03-23T01:04:24.845+0000] {processor.py:914} INFO - Processing file /home/ec2-user/environment/lab4_model_training/venv/lib64/python3.12/site-packages/airflow/example_dags/example_branch_datetime_operator.py for tasks to queue
[2026-03-23T01:04:24.847+0000] {logging_mixin.py:190} INFO - [2026-03-23T01:04:24.846+0000] {dagbag.py:588} INFO - Filling up the DagBag from /home/ec2-user/environment/lab4_model_training/venv/lib64/python3.12/site-packages/airflow/example_dags/example_branch_datetime_operator.py
[2026-03-23T01:04:24.859+0000] {processor.py:925} INFO - DAG(s) 'example_branch_datetime_operator_3', 'example_branch_datetime_operator', 'example_branch_datetime_operator_2' retrieved from /home/ec2-user/environment/lab4_model_training/venv/lib64/python3.12/site-packages/airflow/example_dags/example_branch_datetime_operator.py
[2026-03-23T01:04:24.880+0000] {logging_mixin.py:190} INFO - [2026-03-23T01:04:24.880+0000] {dag.py:3239} INFO - Sync 3 DAGs
[2026-03-23T01:04:24.901+0000] {logging_mixin.py:190} INFO - [2026-03-23T01:04:24.901+0000] {dag.py:4180} INFO - Setting next_dagrun for example_branch_datetime_operator to 2026-03-22 00:00:00+00:00, run_after=2026-03-23 00:00:00+00:00
[2026-03-23T01:04:24.905+0000] {logging_mixin.py:190} INFO - [2026-03-23T01:04:24.905+0000] {dag.py:4180} INFO - Setting next_dagrun for example_branch_datetime_operator_2 to 2026-03-22 00:00:00+00:00, run_after=2026-03-23 00:00:00+00:00
[2026-03-23T01:04:24.907+0000] {logging_mixin.py:190} INFO - [2026-03-23T01:04:24.907+0000] {dag.py:4180} INFO - Setting next_dagrun for example_branch_datetime_operator_3 to 2026-03-22 00:00:00+00:00, run_after=2026-03-23 00:00:00+00:00
[2026-03-23T01:04:24.927+0000] {processor.py:208} INFO - Processing /home/ec2-user/environment/lab4_model_training/venv/lib64/python3.12/site-packages/airflow/example_dags/example_branch_datetime_operator.py took 0.088 seconds
[2026-03-23T01:05:33.936+0000] {processor.py:186} INFO - Started process (PID=6835) to work on /home/ec2-user/environment/lab4_model_training/venv/lib64/python3.12/site-packages/airflow/example_dags/example_branch_datetime_operator.py
[2026-03-23T01:05:33.938+0000] {processor.py:914} INFO - Processing file /home/ec2-user/environment/lab4_model_training/venv/lib64/python3.12/site-packages/airflow/example_dags/example_branch_datetime_operator.py for tasks to queue
[2026-03-23T01:05:33.940+0000] {logging_mixin.py:190} INFO - [2026-03-23T01:05:33.939+0000] {dagbag.py:588} INFO - Filling up the DagBag from /home/ec2-user/environment/lab4_model_training/venv/lib64/python3.12/site-packages/airflow/example_dags/example_branch_datetime_operator.py
[2026-03-23T01:05:33.952+0000] {processor.py:925} INFO - DAG(s) 'example_branch_datetime_operator_2', 'example_branch_datetime_operator', 'example_branch_datetime_operator_3' retrieved from /home/ec2-user/environment/lab4_model_training/venv/lib64/python3.12/site-packages/airflow/example_dags/example_branch_datetime_operator.py
[2026-03-23T01:05:33.974+0000] {logging_mixin.py:190} INFO - [2026-03-23T01:05:33.973+0000] {dag.py:3239} INFO - Sync 3 DAGs
[2026-03-23T01:05:33.994+0000] {logging_mixin.py:190} INFO - [2026-03-23T01:05:33.994+0000] {dag.py:4180} INFO - Setting next_dagrun for example_branch_datetime_operator to 2026-03-22 00:00:00+00:00, run_after=2026-03-23 00:00:00+00:00
[2026-03-23T01:05:33.999+0000] {logging_mixin.py:190} INFO - [2026-03-23T01:05:33.998+0000] {dag.py:4180} INFO - Setting next_dagrun for example_branch_datetime_operator_2 to 2026-03-22 00:00:00+00:00, run_after=2026-03-23 00:00:00+00:00
[2026-03-23T01:05:34.001+0000] {logging_mixin.py:190} INFO - [2026-03-23T01:05:34.000+0000] {dag.py:4180} INFO - Setting next_dagrun for example_branch_datetime_operator_3 to 2026-03-22 00:00:00+00:00, run_after=2026-03-23 00:00:00+00:00
[2026-03-23T01:05:34.023+0000] {processor.py:208} INFO - Processing /home/ec2-user/environment/lab4_model_training/venv/lib64/python3.12/site-packages/airflow/example_dags/example_branch_datetime_operator.py took 0.092 seconds
[2026-03-23T01:06:13.338+0000] {processor.py:186} INFO - Started process (PID=6910) to work on /home/ec2-user/environment/lab4_model_training/venv/lib64/python3.12/site-packages/airflow/example_dags/example_branch_datetime_operator.py
[2026-03-23T01:06:13.339+0000] {processor.py:914} INFO - Processing file /home/ec2-user/environment/lab4_model_training/venv/lib64/python3.12/site-packages/airflow/example_dags/example_branch_datetime_operator.py for tasks to queue
[2026-03-23T01:06:13.341+0000] {logging_mixin.py:190} INFO - [2026-03-23T01:06:13.341+0000] {dagbag.py:588} INFO - Filling up the DagBag from /home/ec2-user/environment/lab4_model_training/venv/lib64/python3.12/site-packages/airflow/example_dags/example_branch_datetime_operator.py
[2026-03-23T01:06:13.354+0000] {processor.py:925} INFO - DAG(s) 'example_branch_datetime_operator_2', 'example_branch_datetime_operator_3', 'example_branch_datetime_operator' retrieved from /home/ec2-user/environment/lab4_model_training/venv/lib64/python3.12/site-packages/airflow/example_dags/example_branch_datetime_operator.py
[2026-03-23T01:06:13.375+0000] {logging_mixin.py:190} INFO - [2026-03-23T01:06:13.375+0000] {dag.py:3239} INFO - Sync 3 DAGs
[2026-03-23T01:06:13.396+0000] {logging_mixin.py:190} INFO - [2026-03-23T01:06:13.396+0000] {dag.py:4180} INFO - Setting next_dagrun for example_branch_datetime_operator to 2026-03-22 00:00:00+00:00, run_after=2026-03-23 00:00:00+00:00
[2026-03-23T01:06:13.401+0000] {logging_mixin.py:190} INFO - [2026-03-23T01:06:13.401+0000] {dag.py:4180} INFO - Setting next_dagrun for example_branch_datetime_operator_2 to 2026-03-22 00:00:00+00:00, run_after=2026-03-23 00:00:00+00:00
[2026-03-23T01:06:13.404+0000] {logging_mixin.py:190} INFO - [2026-03-23T01:06:13.403+0000] {dag.py:4180} INFO - Setting next_dagrun for example_branch_datetime_operator_3 to 2026-03-22 00:00:00+00:00, run_after=2026-03-23 00:00:00+00:00
[2026-03-23T01:06:13.424+0000] {processor.py:208} INFO - Processing /home/ec2-user/environment/lab4_model_training/venv/lib64/python3.12/site-packages/airflow/example_dags/example_branch_datetime_operator.py took 0.091 seconds
[2026-03-23T01:06:51.292+0000] {processor.py:186} INFO - Started process (PID=7037) to work on /home/ec2-user/environment/lab4_model_training/venv/lib64/python3.12/site-packages/airflow/example_dags/example_branch_datetime_operator.py
[2026-03-23T01:06:51.293+0000] {processor.py:914} INFO - Processing file /home/ec2-user/environment/lab4_model_training/venv/lib64/python3.12/site-packages/airflow/example_dags/example_branch_datetime_operator.py for tasks to queue
[2026-03-23T01:06:51.295+0000] {logging_mixin.py:190} INFO - [2026-03-23T01:06:51.295+0000] {dagbag.py:588} INFO - Filling up the DagBag from /home/ec2-user/environment/lab4_model_training/venv/lib64/python3.12/site-packages/airflow/example_dags/example_branch_datetime_operator.py
[2026-03-23T01:06:51.308+0000] {processor.py:925} INFO - DAG(s) 'example_branch_datetime_operator', 'example_branch_datetime_operator_3', 'example_branch_datetime_operator_2' retrieved from /home/ec2-user/environment/lab4_model_training/venv/lib64/python3.12/site-packages/airflow/example_dags/example_branch_datetime_operator.py
[2026-03-23T01:06:51.328+0000] {logging_mixin.py:190} INFO - [2026-03-23T01:06:51.328+0000] {dag.py:3239} INFO - Sync 3 DAGs
[2026-03-23T01:06:51.349+0000] {logging_mixin.py:190} INFO - [2026-03-23T01:06:51.349+0000] {dag.py:4180} INFO - Setting next_dagrun for example_branch_datetime_operator to 2026-03-22 00:00:00+00:00, run_after=2026-03-23 00:00:00+00:00
[2026-03-23T01:06:51.353+0000] {logging_mixin.py:190} INFO - [2026-03-23T01:06:51.353+0000] {dag.py:4180} INFO - Setting next_dagrun for example_branch_datetime_operator_2 to 2026-03-22 00:00:00+00:00, run_after=2026-03-23 00:00:00+00:00
[2026-03-23T01:06:51.355+0000] {logging_mixin.py:190} INFO - [2026-03-23T01:06:51.355+0000] {dag.py:4180} INFO - Setting next_dagrun for example_branch_datetime_operator_3 to 2026-03-22 00:00:00+00:00, run_after=2026-03-23 00:00:00+00:00
[2026-03-23T01:06:51.376+0000] {processor.py:208} INFO - Processing /home/ec2-user/environment/lab4_model_training/venv/lib64/python3.12/site-packages/airflow/example_dags/example_branch_datetime_operator.py took 0.089 seconds
[2026-03-23T01:07:30.778+0000] {processor.py:186} INFO - Started process (PID=7122) to work on /home/ec2-user/environment/lab4_model_training/venv/lib64/python3.12/site-packages/airflow/example_dags/example_branch_datetime_operator.py
[2026-03-23T01:07:30.779+0000] {processor.py:914} INFO - Processing file /home/ec2-user/environment/lab4_model_training/venv/lib64/python3.12/site-packages/airflow/example_dags/example_branch_datetime_operator.py for tasks to queue
[2026-03-23T01:07:30.781+0000] {logging_mixin.py:190} INFO - [2026-03-23T01:07:30.781+0000] {dagbag.py:588} INFO - Filling up the DagBag from /home/ec2-user/environment/lab4_model_training/venv/lib64/python3.12/site-packages/airflow/example_dags/example_branch_datetime_operator.py
[2026-03-23T01:07:30.793+0000] {processor.py:925} INFO - DAG(s) 'example_branch_datetime_operator_2', 'example_branch_datetime_operator_3', 'example_branch_datetime_operator' retrieved from /home/ec2-user/environment/lab4_model_training/venv/lib64/python3.12/site-packages/airflow/example_dags/example_branch_datetime_operator.py
[2026-03-23T01:07:30.817+0000] {logging_mixin.py:190} INFO - [2026-03-23T01:07:30.817+0000] {dag.py:3239} INFO - Sync 3 DAGs
[2026-03-23T01:07:30.838+0000] {logging_mixin.py:190} INFO - [2026-03-23T01:07:30.837+0000] {dag.py:4180} INFO - Setting next_dagrun for example_branch_datetime_operator to 2026-03-22 00:00:00+00:00, run_after=2026-03-23 00:00:00+00:00
[2026-03-23T01:07:30.842+0000] {logging_mixin.py:190} INFO - [2026-03-23T01:07:30.842+0000] {dag.py:4180} INFO - Setting next_dagrun for example_branch_datetime_operator_2 to 2026-03-22 00:00:00+00:00, run_after=2026-03-23 00:00:00+00:00
[2026-03-23T01:07:30.844+0000] {logging_mixin.py:190} INFO - [2026-03-23T01:07:30.844+0000] {dag.py:4180} INFO - Setting next_dagrun for example_branch_datetime_operator_3 to 2026-03-22 00:00:00+00:00, run_after=2026-03-23 00:00:00+00:00
[2026-03-23T01:07:30.863+0000] {processor.py:208} INFO - Processing /home/ec2-user/environment/lab4_model_training/venv/lib64/python3.12/site-packages/airflow/example_dags/example_branch_datetime_operator.py took 0.091 seconds
[2026-03-23T01:08:39.664+0000] {processor.py:186} INFO - Started process (PID=7230) to work on /home/ec2-user/environment/lab4_model_training/venv/lib64/python3.12/site-packages/airflow/example_dags/example_branch_datetime_operator.py
[2026-03-23T01:08:39.665+0000] {processor.py:914} INFO - Processing file /home/ec2-user/environment/lab4_model_training/venv/lib64/python3.12/site-packages/airflow/example_dags/example_branch_datetime_operator.py for tasks to queue
[2026-03-23T01:08:39.667+0000] {logging_mixin.py:190} INFO - [2026-03-23T01:08:39.667+0000] {dagbag.py:588} INFO - Filling up the DagBag from /home/ec2-user/environment/lab4_model_training/venv/lib64/python3.12/site-packages/airflow/example_dags/example_branch_datetime_operator.py
[2026-03-23T01:08:39.679+0000] {processor.py:925} INFO - DAG(s) 'example_branch_datetime_operator', 'example_branch_datetime_operator_3', 'example_branch_datetime_operator_2' retrieved from /home/ec2-user/environment/lab4_model_training/venv/lib64/python3.12/site-packages/airflow/example_dags/example_branch_datetime_operator.py
[2026-03-23T01:08:39.700+0000] {logging_mixin.py:190} INFO - [2026-03-23T01:08:39.700+0000] {dag.py:3239} INFO - Sync 3 DAGs
[2026-03-23T01:08:39.721+0000] {logging_mixin.py:190} INFO - [2026-03-23T01:08:39.720+0000] {dag.py:4180} INFO - Setting next_dagrun for example_branch_datetime_operator to 2026-03-22 00:00:00+00:00, run_after=2026-03-23 00:00:00+00:00
[2026-03-23T01:08:39.725+0000] {logging_mixin.py:190} INFO - [2026-03-23T01:08:39.725+0000] {dag.py:4180} INFO - Setting next_dagrun for example_branch_datetime_operator_2 to 2026-03-22 00:00:00+00:00, run_after=2026-03-23 00:00:00+00:00
[2026-03-23T01:08:39.727+0000] {logging_mixin.py:190} INFO - [2026-03-23T01:08:39.727+0000] {dag.py:4180} INFO - Setting next_dagrun for example_branch_datetime_operator_3 to 2026-03-22 00:00:00+00:00, run_after=2026-03-23 00:00:00+00:00
[2026-03-23T01:08:39.746+0000] {processor.py:208} INFO - Processing /home/ec2-user/environment/lab4_model_training/venv/lib64/python3.12/site-packages/airflow/example_dags/example_branch_datetime_operator.py took 0.088 seconds
[2026-03-23T01:09:16.777+0000] {processor.py:186} INFO - Started process (PID=7350) to work on /home/ec2-user/environment/lab4_model_training/venv/lib64/python3.12/site-packages/airflow/example_dags/example_branch_datetime_operator.py
[2026-03-23T01:09:16.778+0000] {processor.py:914} INFO - Processing file /home/ec2-user/environment/lab4_model_training/venv/lib64/python3.12/site-packages/airflow/example_dags/example_branch_datetime_operator.py for tasks to queue
[2026-03-23T01:09:16.780+0000] {logging_mixin.py:190} INFO - [2026-03-23T01:09:16.780+0000] {dagbag.py:588} INFO - Filling up the DagBag from /home/ec2-user/environment/lab4_model_training/venv/lib64/python3.12/site-packages/airflow/example_dags/example_branch_datetime_operator.py
[2026-03-23T01:09:16.793+0000] {processor.py:925} INFO - DAG(s) 'example_branch_datetime_operator_3', 'example_branch_datetime_operator', 'example_branch_datetime_operator_2' retrieved from /home/ec2-user/environment/lab4_model_training/venv/lib64/python3.12/site-packages/airflow/example_dags/example_branch_datetime_operator.py
[2026-03-23T01:09:16.814+0000] {logging_mixin.py:190} INFO - [2026-03-23T01:09:16.813+0000] {dag.py:3239} INFO - Sync 3 DAGs
[2026-03-23T01:09:16.834+0000] {logging_mixin.py:190} INFO - [2026-03-23T01:09:16.834+0000] {dag.py:4180} INFO - Setting next_dagrun for example_branch_datetime_operator to 2026-03-22 00:00:00+00:00, run_after=2026-03-23 00:00:00+00:00
[2026-03-23T01:09:16.838+0000] {logging_mixin.py:190} INFO - [2026-03-23T01:09:16.838+0000] {dag.py:4180} INFO - Setting next_dagrun for example_branch_datetime_operator_2 to 2026-03-22 00:00:00+00:00, run_after=2026-03-23 00:00:00+00:00
[2026-03-23T01:09:16.840+0000] {logging_mixin.py:190} INFO - [2026-03-23T01:09:16.840+0000] {dag.py:4180} INFO - Setting next_dagrun for example_branch_datetime_operator_3 to 2026-03-22 00:00:00+00:00, run_after=2026-03-23 00:00:00+00:00
[2026-03-23T01:09:16.861+0000] {processor.py:208} INFO - Processing /home/ec2-user/environment/lab4_model_training/venv/lib64/python3.12/site-packages/airflow/example_dags/example_branch_datetime_operator.py took 0.089 seconds
[2026-03-23T01:09:58.460+0000] {processor.py:186} INFO - Started process (PID=7415) to work on /home/ec2-user/environment/lab4_model_training/venv/lib64/python3.12/site-packages/airflow/example_dags/example_branch_datetime_operator.py
[2026-03-23T01:09:58.461+0000] {processor.py:914} INFO - Processing file /home/ec2-user/environment/lab4_model_training/venv/lib64/python3.12/site-packages/airflow/example_dags/example_branch_datetime_operator.py for tasks to queue
[2026-03-23T01:09:58.463+0000] {logging_mixin.py:190} INFO - [2026-03-23T01:09:58.463+0000] {dagbag.py:588} INFO - Filling up the DagBag from /home/ec2-user/environment/lab4_model_training/venv/lib64/python3.12/site-packages/airflow/example_dags/example_branch_datetime_operator.py
[2026-03-23T01:09:58.476+0000] {processor.py:925} INFO - DAG(s) 'example_branch_datetime_operator_3', 'example_branch_datetime_operator_2', 'example_branch_datetime_operator' retrieved from /home/ec2-user/environment/lab4_model_training/venv/lib64/python3.12/site-packages/airflow/example_dags/example_branch_datetime_operator.py
[2026-03-23T01:09:58.497+0000] {logging_mixin.py:190} INFO - [2026-03-23T01:09:58.497+0000] {dag.py:3239} INFO - Sync 3 DAGs
[2026-03-23T01:09:58.518+0000] {logging_mixin.py:190} INFO - [2026-03-23T01:09:58.517+0000] {dag.py:4180} INFO - Setting next_dagrun for example_branch_datetime_operator to 2026-03-22 00:00:00+00:00, run_after=2026-03-23 00:00:00+00:00
[2026-03-23T01:09:58.522+0000] {logging_mixin.py:190} INFO - [2026-03-23T01:09:58.522+0000] {dag.py:4180} INFO - Setting next_dagrun for example_branch_datetime_operator_2 to 2026-03-22 00:00:00+00:00, run_after=2026-03-23 00:00:00+00:00
[2026-03-23T01:09:58.524+0000] {logging_mixin.py:190} INFO - [2026-03-23T01:09:58.524+0000] {dag.py:4180} INFO - Setting next_dagrun for example_branch_datetime_operator_3 to 2026-03-22 00:00:00+00:00, run_after=2026-03-23 00:00:00+00:00
[2026-03-23T01:09:58.543+0000] {processor.py:208} INFO - Processing /home/ec2-user/environment/lab4_model_training/venv/lib64/python3.12/site-packages/airflow/example_dags/example_branch_datetime_operator.py took 0.089 seconds
[2026-03-23T01:10:36.323+0000] {processor.py:186} INFO - Started process (PID=7555) to work on /home/ec2-user/environment/lab4_model_training/venv/lib64/python3.12/site-packages/airflow/example_dags/example_branch_datetime_operator.py
[2026-03-23T01:10:36.325+0000] {processor.py:914} INFO - Processing file /home/ec2-user/environment/lab4_model_training/venv/lib64/python3.12/site-packages/airflow/example_dags/example_branch_datetime_operator.py for tasks to queue
[2026-03-23T01:10:36.327+0000] {logging_mixin.py:190} INFO - [2026-03-23T01:10:36.326+0000] {dagbag.py:588} INFO - Filling up the DagBag from /home/ec2-user/environment/lab4_model_training/venv/lib64/python3.12/site-packages/airflow/example_dags/example_branch_datetime_operator.py
[2026-03-23T01:10:36.339+0000] {processor.py:925} INFO - DAG(s) 'example_branch_datetime_operator_2', 'example_branch_datetime_operator', 'example_branch_datetime_operator_3' retrieved from /home/ec2-user/environment/lab4_model_training/venv/lib64/python3.12/site-packages/airflow/example_dags/example_branch_datetime_operator.py
[2026-03-23T01:10:36.360+0000] {logging_mixin.py:190} INFO - [2026-03-23T01:10:36.359+0000] {dag.py:3239} INFO - Sync 3 DAGs
[2026-03-23T01:10:36.380+0000] {logging_mixin.py:190} INFO - [2026-03-23T01:10:36.379+0000] {dag.py:4180} INFO - Setting next_dagrun for example_branch_datetime_operator to 2026-03-22 00:00:00+00:00, run_after=2026-03-23 00:00:00+00:00
[2026-03-23T01:10:36.384+0000] {logging_mixin.py:190} INFO - [2026-03-23T01:10:36.384+0000] {dag.py:4180} INFO - Setting next_dagrun for example_branch_datetime_operator_2 to 2026-03-22 00:00:00+00:00, run_after=2026-03-23 00:00:00+00:00
[2026-03-23T01:10:36.386+0000] {logging_mixin.py:190} INFO - [2026-03-23T01:10:36.386+0000] {dag.py:4180} INFO - Setting next_dagrun for example_branch_datetime_operator_3 to 2026-03-22 00:00:00+00:00, run_after=2026-03-23 00:00:00+00:00
[2026-03-23T01:10:36.405+0000] {processor.py:208} INFO - Processing /home/ec2-user/environment/lab4_model_training/venv/lib64/python3.12/site-packages/airflow/example_dags/example_branch_datetime_operator.py took 0.087 seconds
[2026-03-23T01:11:40.039+0000] {processor.py:186} INFO - Started process (PID=7662) to work on /home/ec2-user/environment/lab4_model_training/venv/lib64/python3.12/site-packages/airflow/example_dags/example_branch_datetime_operator.py
[2026-03-23T01:11:40.040+0000] {processor.py:914} INFO - Processing file /home/ec2-user/environment/lab4_model_training/venv/lib64/python3.12/site-packages/airflow/example_dags/example_branch_datetime_operator.py for tasks to queue
[2026-03-23T01:11:40.042+0000] {logging_mixin.py:190} INFO - [2026-03-23T01:11:40.042+0000] {dagbag.py:588} INFO - Filling up the DagBag from /home/ec2-user/environment/lab4_model_training/venv/lib64/python3.12/site-packages/airflow/example_dags/example_branch_datetime_operator.py
[2026-03-23T01:11:40.055+0000] {processor.py:925} INFO - DAG(s) 'example_branch_datetime_operator', 'example_branch_datetime_operator_2', 'example_branch_datetime_operator_3' retrieved from /home/ec2-user/environment/lab4_model_training/venv/lib64/python3.12/site-packages/airflow/example_dags/example_branch_datetime_operator.py
[2026-03-23T01:11:40.075+0000] {logging_mixin.py:190} INFO - [2026-03-23T01:11:40.075+0000] {dag.py:3239} INFO - Sync 3 DAGs
[2026-03-23T01:11:40.095+0000] {logging_mixin.py:190} INFO - [2026-03-23T01:11:40.095+0000] {dag.py:4180} INFO - Setting next_dagrun for example_branch_datetime_operator to 2026-03-22 00:00:00+00:00, run_after=2026-03-23 00:00:00+00:00
[2026-03-23T01:11:40.099+0000] {logging_mixin.py:190} INFO - [2026-03-23T01:11:40.099+0000] {dag.py:4180} INFO - Setting next_dagrun for example_branch_datetime_operator_2 to 2026-03-22 00:00:00+00:00, run_after=2026-03-23 00:00:00+00:00
[2026-03-23T01:11:40.101+0000] {logging_mixin.py:190} INFO - [2026-03-23T01:11:40.101+0000] {dag.py:4180} INFO - Setting next_dagrun for example_branch_datetime_operator_3 to 2026-03-22 00:00:00+00:00, run_after=2026-03-23 00:00:00+00:00
[2026-03-23T01:11:40.120+0000] {processor.py:208} INFO - Processing /home/ec2-user/environment/lab4_model_training/venv/lib64/python3.12/site-packages/airflow/example_dags/example_branch_datetime_operator.py took 0.085 seconds
[2026-03-23T01:12:44.172+0000] {processor.py:186} INFO - Started process (PID=7822) to work on /home/ec2-user/environment/lab4_model_training/venv/lib64/python3.12/site-packages/airflow/example_dags/example_branch_datetime_operator.py
[2026-03-23T01:12:44.173+0000] {processor.py:914} INFO - Processing file /home/ec2-user/environment/lab4_model_training/venv/lib64/python3.12/site-packages/airflow/example_dags/example_branch_datetime_operator.py for tasks to queue
[2026-03-23T01:12:44.175+0000] {logging_mixin.py:190} INFO - [2026-03-23T01:12:44.175+0000] {dagbag.py:588} INFO - Filling up the DagBag from /home/ec2-user/environment/lab4_model_training/venv/lib64/python3.12/site-packages/airflow/example_dags/example_branch_datetime_operator.py
[2026-03-23T01:12:44.187+0000] {processor.py:925} INFO - DAG(s) 'example_branch_datetime_operator_2', 'example_branch_datetime_operator', 'example_branch_datetime_operator_3' retrieved from /home/ec2-user/environment/lab4_model_training/venv/lib64/python3.12/site-packages/airflow/example_dags/example_branch_datetime_operator.py
[2026-03-23T01:12:44.209+0000] {logging_mixin.py:190} INFO - [2026-03-23T01:12:44.208+0000] {dag.py:3239} INFO - Sync 3 DAGs
[2026-03-23T01:12:44.230+0000] {logging_mixin.py:190} INFO - [2026-03-23T01:12:44.230+0000] {dag.py:4180} INFO - Setting next_dagrun for example_branch_datetime_operator to 2026-03-22 00:00:00+00:00, run_after=2026-03-23 00:00:00+00:00
[2026-03-23T01:12:44.234+0000] {logging_mixin.py:190} INFO - [2026-03-23T01:12:44.234+0000] {dag.py:4180} INFO - Setting next_dagrun for example_branch_datetime_operator_2 to 2026-03-22 00:00:00+00:00, run_after=2026-03-23 00:00:00+00:00
[2026-03-23T01:12:44.236+0000] {logging_mixin.py:190} INFO - [2026-03-23T01:12:44.236+0000] {dag.py:4180} INFO - Setting next_dagrun for example_branch_datetime_operator_3 to 2026-03-22 00:00:00+00:00, run_after=2026-03-23 00:00:00+00:00
[2026-03-23T01:12:44.256+0000] {processor.py:208} INFO - Processing /home/ec2-user/environment/lab4_model_training/venv/lib64/python3.12/site-packages/airflow/example_dags/example_branch_datetime_operator.py took 0.089 seconds
[2026-03-23T01:13:47.176+0000] {processor.py:186} INFO - Started process (PID=7976) to work on /home/ec2-user/environment/lab4_model_training/venv/lib64/python3.12/site-packages/airflow/example_dags/example_branch_datetime_operator.py
[2026-03-23T01:13:47.178+0000] {processor.py:914} INFO - Processing file /home/ec2-user/environment/lab4_model_training/venv/lib64/python3.12/site-packages/airflow/example_dags/example_branch_datetime_operator.py for tasks to queue
[2026-03-23T01:13:47.179+0000] {logging_mixin.py:190} INFO - [2026-03-23T01:13:47.179+0000] {dagbag.py:588} INFO - Filling up the DagBag from /home/ec2-user/environment/lab4_model_training/venv/lib64/python3.12/site-packages/airflow/example_dags/example_branch_datetime_operator.py
[2026-03-23T01:13:47.192+0000] {processor.py:925} INFO - DAG(s) 'example_branch_datetime_operator_3', 'example_branch_datetime_operator', 'example_branch_datetime_operator_2' retrieved from /home/ec2-user/environment/lab4_model_training/venv/lib64/python3.12/site-packages/airflow/example_dags/example_branch_datetime_operator.py
[2026-03-23T01:13:47.212+0000] {logging_mixin.py:190} INFO - [2026-03-23T01:13:47.212+0000] {dag.py:3239} INFO - Sync 3 DAGs
[2026-03-23T01:13:47.232+0000] {logging_mixin.py:190} INFO - [2026-03-23T01:13:47.231+0000] {dag.py:4180} INFO - Setting next_dagrun for example_branch_datetime_operator to 2026-03-22 00:00:00+00:00, run_after=2026-03-23 00:00:00+00:00
[2026-03-23T01:13:47.236+0000] {logging_mixin.py:190} INFO - [2026-03-23T01:13:47.235+0000] {dag.py:4180} INFO - Setting next_dagrun for example_branch_datetime_operator_2 to 2026-03-22 00:00:00+00:00, run_after=2026-03-23 00:00:00+00:00
[2026-03-23T01:13:47.237+0000] {logging_mixin.py:190} INFO - [2026-03-23T01:13:47.237+0000] {dag.py:4180} INFO - Setting next_dagrun for example_branch_datetime_operator_3 to 2026-03-22 00:00:00+00:00, run_after=2026-03-23 00:00:00+00:00
[2026-03-23T01:13:47.257+0000] {processor.py:208} INFO - Processing /home/ec2-user/environment/lab4_model_training/venv/lib64/python3.12/site-packages/airflow/example_dags/example_branch_datetime_operator.py took 0.086 seconds
[2026-03-23T01:14:56.689+0000] {processor.py:186} INFO - Started process (PID=8090) to work on /home/ec2-user/environment/lab4_model_training/venv/lib64/python3.12/site-packages/airflow/example_dags/example_branch_datetime_operator.py
[2026-03-23T01:14:56.691+0000] {processor.py:914} INFO - Processing file /home/ec2-user/environment/lab4_model_training/venv/lib64/python3.12/site-packages/airflow/example_dags/example_branch_datetime_operator.py for tasks to queue
[2026-03-23T01:14:56.693+0000] {logging_mixin.py:190} INFO - [2026-03-23T01:14:56.692+0000] {dagbag.py:588} INFO - Filling up the DagBag from /home/ec2-user/environment/lab4_model_training/venv/lib64/python3.12/site-packages/airflow/example_dags/example_branch_datetime_operator.py
[2026-03-23T01:14:56.705+0000] {processor.py:925} INFO - DAG(s) 'example_branch_datetime_operator_2', 'example_branch_datetime_operator', 'example_branch_datetime_operator_3' retrieved from /home/ec2-user/environment/lab4_model_training/venv/lib64/python3.12/site-packages/airflow/example_dags/example_branch_datetime_operator.py
[2026-03-23T01:14:56.726+0000] {logging_mixin.py:190} INFO - [2026-03-23T01:14:56.726+0000] {dag.py:3239} INFO - Sync 3 DAGs
[2026-03-23T01:14:56.746+0000] {logging_mixin.py:190} INFO - [2026-03-23T01:14:56.746+0000] {dag.py:4180} INFO - Setting next_dagrun for example_branch_datetime_operator to 2026-03-22 00:00:00+00:00, run_after=2026-03-23 00:00:00+00:00
[2026-03-23T01:14:56.750+0000] {logging_mixin.py:190} INFO - [2026-03-23T01:14:56.750+0000] {dag.py:4180} INFO - Setting next_dagrun for example_branch_datetime_operator_2 to 2026-03-22 00:00:00+00:00, run_after=2026-03-23 00:00:00+00:00
[2026-03-23T01:14:56.752+0000] {logging_mixin.py:190} INFO - [2026-03-23T01:14:56.752+0000] {dag.py:4180} INFO - Setting next_dagrun for example_branch_datetime_operator_3 to 2026-03-22 00:00:00+00:00, run_after=2026-03-23 00:00:00+00:00
[2026-03-23T01:14:56.772+0000] {processor.py:208} INFO - Processing /home/ec2-user/environment/lab4_model_training/venv/lib64/python3.12/site-packages/airflow/example_dags/example_branch_datetime_operator.py took 0.088 seconds
[2026-03-23T01:15:31.953+0000] {processor.py:186} INFO - Started process (PID=8152) to work on /home/ec2-user/environment/lab4_model_training/venv/lib64/python3.12/site-packages/airflow/example_dags/example_branch_datetime_operator.py
[2026-03-23T01:15:31.954+0000] {processor.py:914} INFO - Processing file /home/ec2-user/environment/lab4_model_training/venv/lib64/python3.12/site-packages/airflow/example_dags/example_branch_datetime_operator.py for tasks to queue
[2026-03-23T01:15:31.956+0000] {logging_mixin.py:190} INFO - [2026-03-23T01:15:31.955+0000] {dagbag.py:588} INFO - Filling up the DagBag from /home/ec2-user/environment/lab4_model_training/venv/lib64/python3.12/site-packages/airflow/example_dags/example_branch_datetime_operator.py
[2026-03-23T01:15:31.968+0000] {processor.py:925} INFO - DAG(s) 'example_branch_datetime_operator_3', 'example_branch_datetime_operator', 'example_branch_datetime_operator_2' retrieved from /home/ec2-user/environment/lab4_model_training/venv/lib64/python3.12/site-packages/airflow/example_dags/example_branch_datetime_operator.py
[2026-03-23T01:15:31.988+0000] {logging_mixin.py:190} INFO - [2026-03-23T01:15:31.988+0000] {dag.py:3239} INFO - Sync 3 DAGs
[2026-03-23T01:15:32.008+0000] {logging_mixin.py:190} INFO - [2026-03-23T01:15:32.008+0000] {dag.py:4180} INFO - Setting next_dagrun for example_branch_datetime_operator to 2026-03-22 00:00:00+00:00, run_after=2026-03-23 00:00:00+00:00
[2026-03-23T01:15:32.012+0000] {logging_mixin.py:190} INFO - [2026-03-23T01:15:32.012+0000] {dag.py:4180} INFO - Setting next_dagrun for example_branch_datetime_operator_2 to 2026-03-22 00:00:00+00:00, run_after=2026-03-23 00:00:00+00:00
[2026-03-23T01:15:32.014+0000] {logging_mixin.py:190} INFO - [2026-03-23T01:15:32.014+0000] {dag.py:4180} INFO - Setting next_dagrun for example_branch_datetime_operator_3 to 2026-03-22 00:00:00+00:00, run_after=2026-03-23 00:00:00+00:00
[2026-03-23T01:15:32.033+0000] {processor.py:208} INFO - Processing /home/ec2-user/environment/lab4_model_training/venv/lib64/python3.12/site-packages/airflow/example_dags/example_branch_datetime_operator.py took 0.086 seconds
[2026-03-23T01:16:38.780+0000] {processor.py:186} INFO - Started process (PID=8319) to work on /home/ec2-user/environment/lab4_model_training/venv/lib64/python3.12/site-packages/airflow/example_dags/example_branch_datetime_operator.py
[2026-03-23T01:16:38.781+0000] {processor.py:914} INFO - Processing file /home/ec2-user/environment/lab4_model_training/venv/lib64/python3.12/site-packages/airflow/example_dags/example_branch_datetime_operator.py for tasks to queue
[2026-03-23T01:16:38.783+0000] {logging_mixin.py:190} INFO - [2026-03-23T01:16:38.783+0000] {dagbag.py:588} INFO - Filling up the DagBag from /home/ec2-user/environment/lab4_model_training/venv/lib64/python3.12/site-packages/airflow/example_dags/example_branch_datetime_operator.py
[2026-03-23T01:16:38.796+0000] {processor.py:925} INFO - DAG(s) 'example_branch_datetime_operator_2', 'example_branch_datetime_operator_3', 'example_branch_datetime_operator' retrieved from /home/ec2-user/environment/lab4_model_training/venv/lib64/python3.12/site-packages/airflow/example_dags/example_branch_datetime_operator.py
[2026-03-23T01:16:38.816+0000] {logging_mixin.py:190} INFO - [2026-03-23T01:16:38.816+0000] {dag.py:3239} INFO - Sync 3 DAGs
[2026-03-23T01:16:38.836+0000] {logging_mixin.py:190} INFO - [2026-03-23T01:16:38.836+0000] {dag.py:4180} INFO - Setting next_dagrun for example_branch_datetime_operator to 2026-03-22 00:00:00+00:00, run_after=2026-03-23 00:00:00+00:00
[2026-03-23T01:16:38.841+0000] {logging_mixin.py:190} INFO - [2026-03-23T01:16:38.841+0000] {dag.py:4180} INFO - Setting next_dagrun for example_branch_datetime_operator_2 to 2026-03-22 00:00:00+00:00, run_after=2026-03-23 00:00:00+00:00
[2026-03-23T01:16:38.843+0000] {logging_mixin.py:190} INFO - [2026-03-23T01:16:38.843+0000] {dag.py:4180} INFO - Setting next_dagrun for example_branch_datetime_operator_3 to 2026-03-22 00:00:00+00:00, run_after=2026-03-23 00:00:00+00:00
[2026-03-23T01:16:38.862+0000] {processor.py:208} INFO - Processing /home/ec2-user/environment/lab4_model_training/venv/lib64/python3.12/site-packages/airflow/example_dags/example_branch_datetime_operator.py took 0.087 seconds
[2026-03-23T01:17:42.352+0000] {processor.py:186} INFO - Started process (PID=8430) to work on /home/ec2-user/environment/lab4_model_training/venv/lib64/python3.12/site-packages/airflow/example_dags/example_branch_datetime_operator.py
[2026-03-23T01:17:42.353+0000] {processor.py:914} INFO - Processing file /home/ec2-user/environment/lab4_model_training/venv/lib64/python3.12/site-packages/airflow/example_dags/example_branch_datetime_operator.py for tasks to queue
[2026-03-23T01:17:42.355+0000] {logging_mixin.py:190} INFO - [2026-03-23T01:17:42.354+0000] {dagbag.py:588} INFO - Filling up the DagBag from /home/ec2-user/environment/lab4_model_training/venv/lib64/python3.12/site-packages/airflow/example_dags/example_branch_datetime_operator.py
[2026-03-23T01:17:42.367+0000] {processor.py:925} INFO - DAG(s) 'example_branch_datetime_operator_3', 'example_branch_datetime_operator', 'example_branch_datetime_operator_2' retrieved from /home/ec2-user/environment/lab4_model_training/venv/lib64/python3.12/site-packages/airflow/example_dags/example_branch_datetime_operator.py
[2026-03-23T01:17:42.388+0000] {logging_mixin.py:190} INFO - [2026-03-23T01:17:42.388+0000] {dag.py:3239} INFO - Sync 3 DAGs
[2026-03-23T01:17:42.409+0000] {logging_mixin.py:190} INFO - [2026-03-23T01:17:42.409+0000] {dag.py:4180} INFO - Setting next_dagrun for example_branch_datetime_operator to 2026-03-22 00:00:00+00:00, run_after=2026-03-23 00:00:00+00:00
[2026-03-23T01:17:42.414+0000] {logging_mixin.py:190} INFO - [2026-03-23T01:17:42.413+0000] {dag.py:4180} INFO - Setting next_dagrun for example_branch_datetime_operator_2 to 2026-03-22 00:00:00+00:00, run_after=2026-03-23 00:00:00+00:00
[2026-03-23T01:17:42.416+0000] {logging_mixin.py:190} INFO - [2026-03-23T01:17:42.415+0000] {dag.py:4180} INFO - Setting next_dagrun for example_branch_datetime_operator_3 to 2026-03-22 00:00:00+00:00, run_after=2026-03-23 00:00:00+00:00
[2026-03-23T01:17:42.435+0000] {processor.py:208} INFO - Processing /home/ec2-user/environment/lab4_model_training/venv/lib64/python3.12/site-packages/airflow/example_dags/example_branch_datetime_operator.py took 0.089 seconds
[2026-03-23T01:18:45.480+0000] {processor.py:186} INFO - Started process (PID=8609) to work on /home/ec2-user/environment/lab4_model_training/venv/lib64/python3.12/site-packages/airflow/example_dags/example_branch_datetime_operator.py
[2026-03-23T01:18:45.481+0000] {processor.py:914} INFO - Processing file /home/ec2-user/environment/lab4_model_training/venv/lib64/python3.12/site-packages/airflow/example_dags/example_branch_datetime_operator.py for tasks to queue
[2026-03-23T01:18:45.483+0000] {logging_mixin.py:190} INFO - [2026-03-23T01:18:45.483+0000] {dagbag.py:588} INFO - Filling up the DagBag from /home/ec2-user/environment/lab4_model_training/venv/lib64/python3.12/site-packages/airflow/example_dags/example_branch_datetime_operator.py
[2026-03-23T01:18:45.496+0000] {processor.py:925} INFO - DAG(s) 'example_branch_datetime_operator', 'example_branch_datetime_operator_3', 'example_branch_datetime_operator_2' retrieved from /home/ec2-user/environment/lab4_model_training/venv/lib64/python3.12/site-packages/airflow/example_dags/example_branch_datetime_operator.py
[2026-03-23T01:18:45.517+0000] {logging_mixin.py:190} INFO - [2026-03-23T01:18:45.517+0000] {dag.py:3239} INFO - Sync 3 DAGs
[2026-03-23T01:18:45.537+0000] {logging_mixin.py:190} INFO - [2026-03-23T01:18:45.537+0000] {dag.py:4180} INFO - Setting next_dagrun for example_branch_datetime_operator to 2026-03-22 00:00:00+00:00, run_after=2026-03-23 00:00:00+00:00
[2026-03-23T01:18:45.542+0000] {logging_mixin.py:190} INFO - [2026-03-23T01:18:45.541+0000] {dag.py:4180} INFO - Setting next_dagrun for example_branch_datetime_operator_2 to 2026-03-22 00:00:00+00:00, run_after=2026-03-23 00:00:00+00:00
[2026-03-23T01:18:45.544+0000] {logging_mixin.py:190} INFO - [2026-03-23T01:18:45.544+0000] {dag.py:4180} INFO - Setting next_dagrun for example_branch_datetime_operator_3 to 2026-03-22 00:00:00+00:00, run_after=2026-03-23 00:00:00+00:00
[2026-03-23T01:18:45.563+0000] {processor.py:208} INFO - Processing /home/ec2-user/environment/lab4_model_training/venv/lib64/python3.12/site-packages/airflow/example_dags/example_branch_datetime_operator.py took 0.088 seconds
[2026-03-23T01:19:47.341+0000] {processor.py:186} INFO - Started process (PID=8761) to work on /home/ec2-user/environment/lab4_model_training/venv/lib64/python3.12/site-packages/airflow/example_dags/example_branch_datetime_operator.py
[2026-03-23T01:19:47.342+0000] {processor.py:914} INFO - Processing file /home/ec2-user/environment/lab4_model_training/venv/lib64/python3.12/site-packages/airflow/example_dags/example_branch_datetime_operator.py for tasks to queue
[2026-03-23T01:19:47.344+0000] {logging_mixin.py:190} INFO - [2026-03-23T01:19:47.344+0000] {dagbag.py:588} INFO - Filling up the DagBag from /home/ec2-user/environment/lab4_model_training/venv/lib64/python3.12/site-packages/airflow/example_dags/example_branch_datetime_operator.py
[2026-03-23T01:19:47.356+0000] {processor.py:925} INFO - DAG(s) 'example_branch_datetime_operator', 'example_branch_datetime_operator_2', 'example_branch_datetime_operator_3' retrieved from /home/ec2-user/environment/lab4_model_training/venv/lib64/python3.12/site-packages/airflow/example_dags/example_branch_datetime_operator.py
[2026-03-23T01:19:47.377+0000] {logging_mixin.py:190} INFO - [2026-03-23T01:19:47.377+0000] {dag.py:3239} INFO - Sync 3 DAGs
[2026-03-23T01:19:47.396+0000] {logging_mixin.py:190} INFO - [2026-03-23T01:19:47.396+0000] {dag.py:4180} INFO - Setting next_dagrun for example_branch_datetime_operator to 2026-03-22 00:00:00+00:00, run_after=2026-03-23 00:00:00+00:00
[2026-03-23T01:19:47.400+0000] {logging_mixin.py:190} INFO - [2026-03-23T01:19:47.400+0000] {dag.py:4180} INFO - Setting next_dagrun for example_branch_datetime_operator_2 to 2026-03-22 00:00:00+00:00, run_after=2026-03-23 00:00:00+00:00
[2026-03-23T01:19:47.402+0000] {logging_mixin.py:190} INFO - [2026-03-23T01:19:47.402+0000] {dag.py:4180} INFO - Setting next_dagrun for example_branch_datetime_operator_3 to 2026-03-22 00:00:00+00:00, run_after=2026-03-23 00:00:00+00:00
[2026-03-23T01:19:47.420+0000] {processor.py:208} INFO - Processing /home/ec2-user/environment/lab4_model_training/venv/lib64/python3.12/site-packages/airflow/example_dags/example_branch_datetime_operator.py took 0.084 seconds
[2026-03-23T01:20:52.854+0000] {processor.py:186} INFO - Started process (PID=8869) to work on /home/ec2-user/environment/lab4_model_training/venv/lib64/python3.12/site-packages/airflow/example_dags/example_branch_datetime_operator.py
[2026-03-23T01:20:52.855+0000] {processor.py:914} INFO - Processing file /home/ec2-user/environment/lab4_model_training/venv/lib64/python3.12/site-packages/airflow/example_dags/example_branch_datetime_operator.py for tasks to queue
[2026-03-23T01:20:52.857+0000] {logging_mixin.py:190} INFO - [2026-03-23T01:20:52.857+0000] {dagbag.py:588} INFO - Filling up the DagBag from /home/ec2-user/environment/lab4_model_training/venv/lib64/python3.12/site-packages/airflow/example_dags/example_branch_datetime_operator.py
[2026-03-23T01:20:52.869+0000] {processor.py:925} INFO - DAG(s) 'example_branch_datetime_operator_2', 'example_branch_datetime_operator_3', 'example_branch_datetime_operator' retrieved from /home/ec2-user/environment/lab4_model_training/venv/lib64/python3.12/site-packages/airflow/example_dags/example_branch_datetime_operator.py
[2026-03-23T01:20:52.888+0000] {logging_mixin.py:190} INFO - [2026-03-23T01:20:52.888+0000] {dag.py:3239} INFO - Sync 3 DAGs
[2026-03-23T01:20:52.909+0000] {logging_mixin.py:190} INFO - [2026-03-23T01:20:52.909+0000] {dag.py:4180} INFO - Setting next_dagrun for example_branch_datetime_operator to 2026-03-22 00:00:00+00:00, run_after=2026-03-23 00:00:00+00:00
[2026-03-23T01:20:52.913+0000] {logging_mixin.py:190} INFO - [2026-03-23T01:20:52.913+0000] {dag.py:4180} INFO - Setting next_dagrun for example_branch_datetime_operator_2 to 2026-03-22 00:00:00+00:00, run_after=2026-03-23 00:00:00+00:00
[2026-03-23T01:20:52.915+0000] {logging_mixin.py:190} INFO - [2026-03-23T01:20:52.915+0000] {dag.py:4180} INFO - Setting next_dagrun for example_branch_datetime_operator_3 to 2026-03-22 00:00:00+00:00, run_after=2026-03-23 00:00:00+00:00
[2026-03-23T01:20:52.933+0000] {processor.py:208} INFO - Processing /home/ec2-user/environment/lab4_model_training/venv/lib64/python3.12/site-packages/airflow/example_dags/example_branch_datetime_operator.py took 0.084 seconds
[2026-03-23T01:21:59.271+0000] {processor.py:186} INFO - Started process (PID=9042) to work on /home/ec2-user/environment/lab4_model_training/venv/lib64/python3.12/site-packages/airflow/example_dags/example_branch_datetime_operator.py
[2026-03-23T01:21:59.272+0000] {processor.py:914} INFO - Processing file /home/ec2-user/environment/lab4_model_training/venv/lib64/python3.12/site-packages/airflow/example_dags/example_branch_datetime_operator.py for tasks to queue
[2026-03-23T01:21:59.274+0000] {logging_mixin.py:190} INFO - [2026-03-23T01:21:59.274+0000] {dagbag.py:588} INFO - Filling up the DagBag from /home/ec2-user/environment/lab4_model_training/venv/lib64/python3.12/site-packages/airflow/example_dags/example_branch_datetime_operator.py
[2026-03-23T01:21:59.286+0000] {processor.py:925} INFO - DAG(s) 'example_branch_datetime_operator_3', 'example_branch_datetime_operator', 'example_branch_datetime_operator_2' retrieved from /home/ec2-user/environment/lab4_model_training/venv/lib64/python3.12/site-packages/airflow/example_dags/example_branch_datetime_operator.py
[2026-03-23T01:21:59.307+0000] {logging_mixin.py:190} INFO - [2026-03-23T01:21:59.306+0000] {dag.py:3239} INFO - Sync 3 DAGs
[2026-03-23T01:21:59.327+0000] {logging_mixin.py:190} INFO - [2026-03-23T01:21:59.327+0000] {dag.py:4180} INFO - Setting next_dagrun for example_branch_datetime_operator to 2026-03-22 00:00:00+00:00, run_after=2026-03-23 00:00:00+00:00
[2026-03-23T01:21:59.331+0000] {logging_mixin.py:190} INFO - [2026-03-23T01:21:59.331+0000] {dag.py:4180} INFO - Setting next_dagrun for example_branch_datetime_operator_2 to 2026-03-22 00:00:00+00:00, run_after=2026-03-23 00:00:00+00:00
[2026-03-23T01:21:59.333+0000] {logging_mixin.py:190} INFO - [2026-03-23T01:21:59.333+0000] {dag.py:4180} INFO - Setting next_dagrun for example_branch_datetime_operator_3 to 2026-03-22 00:00:00+00:00, run_after=2026-03-23 00:00:00+00:00
[2026-03-23T01:21:59.352+0000] {processor.py:208} INFO - Processing /home/ec2-user/environment/lab4_model_training/venv/lib64/python3.12/site-packages/airflow/example_dags/example_branch_datetime_operator.py took 0.087 seconds
[2026-03-23T01:23:09.441+0000] {processor.py:186} INFO - Started process (PID=9187) to work on /home/ec2-user/environment/lab4_model_training/venv/lib64/python3.12/site-packages/airflow/example_dags/example_branch_datetime_operator.py
[2026-03-23T01:23:09.442+0000] {processor.py:914} INFO - Processing file /home/ec2-user/environment/lab4_model_training/venv/lib64/python3.12/site-packages/airflow/example_dags/example_branch_datetime_operator.py for tasks to queue
[2026-03-23T01:23:09.444+0000] {logging_mixin.py:190} INFO - [2026-03-23T01:23:09.443+0000] {dagbag.py:588} INFO - Filling up the DagBag from /home/ec2-user/environment/lab4_model_training/venv/lib64/python3.12/site-packages/airflow/example_dags/example_branch_datetime_operator.py
[2026-03-23T01:23:09.457+0000] {processor.py:925} INFO - DAG(s) 'example_branch_datetime_operator', 'example_branch_datetime_operator_2', 'example_branch_datetime_operator_3' retrieved from /home/ec2-user/environment/lab4_model_training/venv/lib64/python3.12/site-packages/airflow/example_dags/example_branch_datetime_operator.py
[2026-03-23T01:23:09.478+0000] {logging_mixin.py:190} INFO - [2026-03-23T01:23:09.478+0000] {dag.py:3239} INFO - Sync 3 DAGs
[2026-03-23T01:23:09.499+0000] {logging_mixin.py:190} INFO - [2026-03-23T01:23:09.499+0000] {dag.py:4180} INFO - Setting next_dagrun for example_branch_datetime_operator to 2026-03-22 00:00:00+00:00, run_after=2026-03-23 00:00:00+00:00
[2026-03-23T01:23:09.503+0000] {logging_mixin.py:190} INFO - [2026-03-23T01:23:09.503+0000] {dag.py:4180} INFO - Setting next_dagrun for example_branch_datetime_operator_2 to 2026-03-22 00:00:00+00:00, run_after=2026-03-23 00:00:00+00:00
[2026-03-23T01:23:09.505+0000] {logging_mixin.py:190} INFO - [2026-03-23T01:23:09.505+0000] {dag.py:4180} INFO - Setting next_dagrun for example_branch_datetime_operator_3 to 2026-03-22 00:00:00+00:00, run_after=2026-03-23 00:00:00+00:00
[2026-03-23T01:23:09.525+0000] {processor.py:208} INFO - Processing /home/ec2-user/environment/lab4_model_training/venv/lib64/python3.12/site-packages/airflow/example_dags/example_branch_datetime_operator.py took 0.090 seconds
[2026-03-23T01:23:44.708+0000] {processor.py:186} INFO - Started process (PID=9252) to work on /home/ec2-user/environment/lab4_model_training/venv/lib64/python3.12/site-packages/airflow/example_dags/example_branch_datetime_operator.py
[2026-03-23T01:23:44.709+0000] {processor.py:914} INFO - Processing file /home/ec2-user/environment/lab4_model_training/venv/lib64/python3.12/site-packages/airflow/example_dags/example_branch_datetime_operator.py for tasks to queue
[2026-03-23T01:23:44.711+0000] {logging_mixin.py:190} INFO - [2026-03-23T01:23:44.711+0000] {dagbag.py:588} INFO - Filling up the DagBag from /home/ec2-user/environment/lab4_model_training/venv/lib64/python3.12/site-packages/airflow/example_dags/example_branch_datetime_operator.py
[2026-03-23T01:23:44.724+0000] {processor.py:925} INFO - DAG(s) 'example_branch_datetime_operator', 'example_branch_datetime_operator_3', 'example_branch_datetime_operator_2' retrieved from /home/ec2-user/environment/lab4_model_training/venv/lib64/python3.12/site-packages/airflow/example_dags/example_branch_datetime_operator.py
[2026-03-23T01:23:44.745+0000] {logging_mixin.py:190} INFO - [2026-03-23T01:23:44.745+0000] {dag.py:3239} INFO - Sync 3 DAGs
[2026-03-23T01:23:44.768+0000] {logging_mixin.py:190} INFO - [2026-03-23T01:23:44.768+0000] {dag.py:4180} INFO - Setting next_dagrun for example_branch_datetime_operator to 2026-03-22 00:00:00+00:00, run_after=2026-03-23 00:00:00+00:00
[2026-03-23T01:23:44.772+0000] {logging_mixin.py:190} INFO - [2026-03-23T01:23:44.772+0000] {dag.py:4180} INFO - Setting next_dagrun for example_branch_datetime_operator_2 to 2026-03-22 00:00:00+00:00, run_after=2026-03-23 00:00:00+00:00
[2026-03-23T01:23:44.774+0000] {logging_mixin.py:190} INFO - [2026-03-23T01:23:44.774+0000] {dag.py:4180} INFO - Setting next_dagrun for example_branch_datetime_operator_3 to 2026-03-22 00:00:00+00:00, run_after=2026-03-23 00:00:00+00:00
[2026-03-23T01:23:44.795+0000] {processor.py:208} INFO - Processing /home/ec2-user/environment/lab4_model_training/venv/lib64/python3.12/site-packages/airflow/example_dags/example_branch_datetime_operator.py took 0.092 seconds
[2026-03-23T01:24:52.194+0000] {processor.py:186} INFO - Started process (PID=9458) to work on /home/ec2-user/environment/lab4_model_training/venv/lib64/python3.12/site-packages/airflow/example_dags/example_branch_datetime_operator.py
[2026-03-23T01:24:52.195+0000] {processor.py:914} INFO - Processing file /home/ec2-user/environment/lab4_model_training/venv/lib64/python3.12/site-packages/airflow/example_dags/example_branch_datetime_operator.py for tasks to queue
[2026-03-23T01:24:52.197+0000] {logging_mixin.py:190} INFO - [2026-03-23T01:24:52.197+0000] {dagbag.py:588} INFO - Filling up the DagBag from /home/ec2-user/environment/lab4_model_training/venv/lib64/python3.12/site-packages/airflow/example_dags/example_branch_datetime_operator.py
[2026-03-23T01:24:52.213+0000] {processor.py:925} INFO - DAG(s) 'example_branch_datetime_operator', 'example_branch_datetime_operator_2', 'example_branch_datetime_operator_3' retrieved from /home/ec2-user/environment/lab4_model_training/venv/lib64/python3.12/site-packages/airflow/example_dags/example_branch_datetime_operator.py
[2026-03-23T01:24:52.239+0000] {logging_mixin.py:190} INFO - [2026-03-23T01:24:52.239+0000] {dag.py:3239} INFO - Sync 3 DAGs
[2026-03-23T01:24:52.265+0000] {logging_mixin.py:190} INFO - [2026-03-23T01:24:52.264+0000] {dag.py:4180} INFO - Setting next_dagrun for example_branch_datetime_operator to 2026-03-22 00:00:00+00:00, run_after=2026-03-23 00:00:00+00:00
[2026-03-23T01:24:52.270+0000] {logging_mixin.py:190} INFO - [2026-03-23T01:24:52.270+0000] {dag.py:4180} INFO - Setting next_dagrun for example_branch_datetime_operator_2 to 2026-03-22 00:00:00+00:00, run_after=2026-03-23 00:00:00+00:00
[2026-03-23T01:24:52.272+0000] {logging_mixin.py:190} INFO - [2026-03-23T01:24:52.272+0000] {dag.py:4180} INFO - Setting next_dagrun for example_branch_datetime_operator_3 to 2026-03-22 00:00:00+00:00, run_after=2026-03-23 00:00:00+00:00
[2026-03-23T01:24:52.307+0000] {processor.py:208} INFO - Processing /home/ec2-user/environment/lab4_model_training/venv/lib64/python3.12/site-packages/airflow/example_dags/example_branch_datetime_operator.py took 0.119 seconds
[2026-03-23T01:25:30.986+0000] {processor.py:186} INFO - Started process (PID=9649) to work on /home/ec2-user/environment/lab4_model_training/venv/lib64/python3.12/site-packages/airflow/example_dags/example_branch_datetime_operator.py
[2026-03-23T01:25:30.988+0000] {processor.py:914} INFO - Processing file /home/ec2-user/environment/lab4_model_training/venv/lib64/python3.12/site-packages/airflow/example_dags/example_branch_datetime_operator.py for tasks to queue
[2026-03-23T01:25:30.990+0000] {logging_mixin.py:190} INFO - [2026-03-23T01:25:30.990+0000] {dagbag.py:588} INFO - Filling up the DagBag from /home/ec2-user/environment/lab4_model_training/venv/lib64/python3.12/site-packages/airflow/example_dags/example_branch_datetime_operator.py
[2026-03-23T01:25:31.039+0000] {processor.py:925} INFO - DAG(s) 'example_branch_datetime_operator_3', 'example_branch_datetime_operator', 'example_branch_datetime_operator_2' retrieved from /home/ec2-user/environment/lab4_model_training/venv/lib64/python3.12/site-packages/airflow/example_dags/example_branch_datetime_operator.py
[2026-03-23T01:25:31.107+0000] {logging_mixin.py:190} INFO - [2026-03-23T01:25:31.107+0000] {dag.py:3239} INFO - Sync 3 DAGs
[2026-03-23T01:25:31.176+0000] {logging_mixin.py:190} INFO - [2026-03-23T01:25:31.176+0000] {dag.py:4180} INFO - Setting next_dagrun for example_branch_datetime_operator to 2026-03-22 00:00:00+00:00, run_after=2026-03-23 00:00:00+00:00
[2026-03-23T01:25:31.183+0000] {logging_mixin.py:190} INFO - [2026-03-23T01:25:31.183+0000] {dag.py:4180} INFO - Setting next_dagrun for example_branch_datetime_operator_2 to 2026-03-22 00:00:00+00:00, run_after=2026-03-23 00:00:00+00:00
[2026-03-23T01:25:31.197+0000] {logging_mixin.py:190} INFO - [2026-03-23T01:25:31.196+0000] {dag.py:4180} INFO - Setting next_dagrun for example_branch_datetime_operator_3 to 2026-03-22 00:00:00+00:00, run_after=2026-03-23 00:00:00+00:00
[2026-03-23T01:25:31.245+0000] {processor.py:208} INFO - Processing /home/ec2-user/environment/lab4_model_training/venv/lib64/python3.12/site-packages/airflow/example_dags/example_branch_datetime_operator.py took 0.276 seconds
[2026-03-23T01:26:13.673+0000] {processor.py:186} INFO - Started process (PID=9749) to work on /home/ec2-user/environment/lab4_model_training/venv/lib64/python3.12/site-packages/airflow/example_dags/example_branch_datetime_operator.py
[2026-03-23T01:26:13.675+0000] {processor.py:914} INFO - Processing file /home/ec2-user/environment/lab4_model_training/venv/lib64/python3.12/site-packages/airflow/example_dags/example_branch_datetime_operator.py for tasks to queue
[2026-03-23T01:26:13.677+0000] {logging_mixin.py:190} INFO - [2026-03-23T01:26:13.676+0000] {dagbag.py:588} INFO - Filling up the DagBag from /home/ec2-user/environment/lab4_model_training/venv/lib64/python3.12/site-packages/airflow/example_dags/example_branch_datetime_operator.py
[2026-03-23T01:26:13.694+0000] {processor.py:925} INFO - DAG(s) 'example_branch_datetime_operator_2', 'example_branch_datetime_operator_3', 'example_branch_datetime_operator' retrieved from /home/ec2-user/environment/lab4_model_training/venv/lib64/python3.12/site-packages/airflow/example_dags/example_branch_datetime_operator.py
[2026-03-23T01:26:13.723+0000] {logging_mixin.py:190} INFO - [2026-03-23T01:26:13.723+0000] {dag.py:3239} INFO - Sync 3 DAGs
[2026-03-23T01:26:13.752+0000] {logging_mixin.py:190} INFO - [2026-03-23T01:26:13.752+0000] {dag.py:4180} INFO - Setting next_dagrun for example_branch_datetime_operator to 2026-03-22 00:00:00+00:00, run_after=2026-03-23 00:00:00+00:00
[2026-03-23T01:26:13.759+0000] {logging_mixin.py:190} INFO - [2026-03-23T01:26:13.758+0000] {dag.py:4180} INFO - Setting next_dagrun for example_branch_datetime_operator_2 to 2026-03-22 00:00:00+00:00, run_after=2026-03-23 00:00:00+00:00
[2026-03-23T01:26:13.762+0000] {logging_mixin.py:190} INFO - [2026-03-23T01:26:13.762+0000] {dag.py:4180} INFO - Setting next_dagrun for example_branch_datetime_operator_3 to 2026-03-22 00:00:00+00:00, run_after=2026-03-23 00:00:00+00:00
[2026-03-23T01:26:13.789+0000] {processor.py:208} INFO - Processing /home/ec2-user/environment/lab4_model_training/venv/lib64/python3.12/site-packages/airflow/example_dags/example_branch_datetime_operator.py took 0.122 seconds
[2026-03-23T01:26:54.410+0000] {processor.py:186} INFO - Started process (PID=9880) to work on /home/ec2-user/environment/lab4_model_training/venv/lib64/python3.12/site-packages/airflow/example_dags/example_branch_datetime_operator.py
[2026-03-23T01:26:54.411+0000] {processor.py:914} INFO - Processing file /home/ec2-user/environment/lab4_model_training/venv/lib64/python3.12/site-packages/airflow/example_dags/example_branch_datetime_operator.py for tasks to queue
[2026-03-23T01:26:54.413+0000] {logging_mixin.py:190} INFO - [2026-03-23T01:26:54.413+0000] {dagbag.py:588} INFO - Filling up the DagBag from /home/ec2-user/environment/lab4_model_training/venv/lib64/python3.12/site-packages/airflow/example_dags/example_branch_datetime_operator.py
[2026-03-23T01:26:54.425+0000] {processor.py:925} INFO - DAG(s) 'example_branch_datetime_operator', 'example_branch_datetime_operator_2', 'example_branch_datetime_operator_3' retrieved from /home/ec2-user/environment/lab4_model_training/venv/lib64/python3.12/site-packages/airflow/example_dags/example_branch_datetime_operator.py
[2026-03-23T01:26:54.446+0000] {logging_mixin.py:190} INFO - [2026-03-23T01:26:54.446+0000] {dag.py:3239} INFO - Sync 3 DAGs
[2026-03-23T01:26:54.466+0000] {logging_mixin.py:190} INFO - [2026-03-23T01:26:54.466+0000] {dag.py:4180} INFO - Setting next_dagrun for example_branch_datetime_operator to 2026-03-22 00:00:00+00:00, run_after=2026-03-23 00:00:00+00:00
[2026-03-23T01:26:54.471+0000] {logging_mixin.py:190} INFO - [2026-03-23T01:26:54.470+0000] {dag.py:4180} INFO - Setting next_dagrun for example_branch_datetime_operator_2 to 2026-03-22 00:00:00+00:00, run_after=2026-03-23 00:00:00+00:00
[2026-03-23T01:26:54.473+0000] {logging_mixin.py:190} INFO - [2026-03-23T01:26:54.472+0000] {dag.py:4180} INFO - Setting next_dagrun for example_branch_datetime_operator_3 to 2026-03-22 00:00:00+00:00, run_after=2026-03-23 00:00:00+00:00
[2026-03-23T01:26:54.491+0000] {processor.py:208} INFO - Processing /home/ec2-user/environment/lab4_model_training/venv/lib64/python3.12/site-packages/airflow/example_dags/example_branch_datetime_operator.py took 0.086 seconds
[2026-03-23T01:27:57.736+0000] {processor.py:186} INFO - Started process (PID=10038) to work on /home/ec2-user/environment/lab4_model_training/venv/lib64/python3.12/site-packages/airflow/example_dags/example_branch_datetime_operator.py
[2026-03-23T01:27:57.737+0000] {processor.py:914} INFO - Processing file /home/ec2-user/environment/lab4_model_training/venv/lib64/python3.12/site-packages/airflow/example_dags/example_branch_datetime_operator.py for tasks to queue
[2026-03-23T01:27:57.739+0000] {logging_mixin.py:190} INFO - [2026-03-23T01:27:57.739+0000] {dagbag.py:588} INFO - Filling up the DagBag from /home/ec2-user/environment/lab4_model_training/venv/lib64/python3.12/site-packages/airflow/example_dags/example_branch_datetime_operator.py
[2026-03-23T01:27:57.751+0000] {processor.py:925} INFO - DAG(s) 'example_branch_datetime_operator_3', 'example_branch_datetime_operator_2', 'example_branch_datetime_operator' retrieved from /home/ec2-user/environment/lab4_model_training/venv/lib64/python3.12/site-packages/airflow/example_dags/example_branch_datetime_operator.py
[2026-03-23T01:27:57.772+0000] {logging_mixin.py:190} INFO - [2026-03-23T01:27:57.772+0000] {dag.py:3239} INFO - Sync 3 DAGs
[2026-03-23T01:27:57.793+0000] {logging_mixin.py:190} INFO - [2026-03-23T01:27:57.793+0000] {dag.py:4180} INFO - Setting next_dagrun for example_branch_datetime_operator to 2026-03-22 00:00:00+00:00, run_after=2026-03-23 00:00:00+00:00
[2026-03-23T01:27:57.798+0000] {logging_mixin.py:190} INFO - [2026-03-23T01:27:57.798+0000] {dag.py:4180} INFO - Setting next_dagrun for example_branch_datetime_operator_2 to 2026-03-22 00:00:00+00:00, run_after=2026-03-23 00:00:00+00:00
[2026-03-23T01:27:57.800+0000] {logging_mixin.py:190} INFO - [2026-03-23T01:27:57.800+0000] {dag.py:4180} INFO - Setting next_dagrun for example_branch_datetime_operator_3 to 2026-03-22 00:00:00+00:00, run_after=2026-03-23 00:00:00+00:00
[2026-03-23T01:27:57.819+0000] {processor.py:208} INFO - Processing /home/ec2-user/environment/lab4_model_training/venv/lib64/python3.12/site-packages/airflow/example_dags/example_branch_datetime_operator.py took 0.088 seconds
[2026-03-23T01:29:00.629+0000] {processor.py:186} INFO - Started process (PID=10157) to work on /home/ec2-user/environment/lab4_model_training/venv/lib64/python3.12/site-packages/airflow/example_dags/example_branch_datetime_operator.py
[2026-03-23T01:29:00.630+0000] {processor.py:914} INFO - Processing file /home/ec2-user/environment/lab4_model_training/venv/lib64/python3.12/site-packages/airflow/example_dags/example_branch_datetime_operator.py for tasks to queue
[2026-03-23T01:29:00.632+0000] {logging_mixin.py:190} INFO - [2026-03-23T01:29:00.632+0000] {dagbag.py:588} INFO - Filling up the DagBag from /home/ec2-user/environment/lab4_model_training/venv/lib64/python3.12/site-packages/airflow/example_dags/example_branch_datetime_operator.py
[2026-03-23T01:29:00.645+0000] {processor.py:925} INFO - DAG(s) 'example_branch_datetime_operator_2', 'example_branch_datetime_operator', 'example_branch_datetime_operator_3' retrieved from /home/ec2-user/environment/lab4_model_training/venv/lib64/python3.12/site-packages/airflow/example_dags/example_branch_datetime_operator.py
[2026-03-23T01:29:00.666+0000] {logging_mixin.py:190} INFO - [2026-03-23T01:29:00.665+0000] {dag.py:3239} INFO - Sync 3 DAGs
[2026-03-23T01:29:00.686+0000] {logging_mixin.py:190} INFO - [2026-03-23T01:29:00.686+0000] {dag.py:4180} INFO - Setting next_dagrun for example_branch_datetime_operator to 2026-03-22 00:00:00+00:00, run_after=2026-03-23 00:00:00+00:00
[2026-03-23T01:29:00.691+0000] {logging_mixin.py:190} INFO - [2026-03-23T01:29:00.691+0000] {dag.py:4180} INFO - Setting next_dagrun for example_branch_datetime_operator_2 to 2026-03-22 00:00:00+00:00, run_after=2026-03-23 00:00:00+00:00
[2026-03-23T01:29:00.693+0000] {logging_mixin.py:190} INFO - [2026-03-23T01:29:00.693+0000] {dag.py:4180} INFO - Setting next_dagrun for example_branch_datetime_operator_3 to 2026-03-22 00:00:00+00:00, run_after=2026-03-23 00:00:00+00:00
[2026-03-23T01:29:00.713+0000] {processor.py:208} INFO - Processing /home/ec2-user/environment/lab4_model_training/venv/lib64/python3.12/site-packages/airflow/example_dags/example_branch_datetime_operator.py took 0.090 seconds
[2026-03-23T01:30:09.231+0000] {processor.py:186} INFO - Started process (PID=10465) to work on /home/ec2-user/environment/lab4_model_training/venv/lib64/python3.12/site-packages/airflow/example_dags/example_branch_datetime_operator.py
[2026-03-23T01:30:09.232+0000] {processor.py:914} INFO - Processing file /home/ec2-user/environment/lab4_model_training/venv/lib64/python3.12/site-packages/airflow/example_dags/example_branch_datetime_operator.py for tasks to queue
[2026-03-23T01:30:09.234+0000] {logging_mixin.py:190} INFO - [2026-03-23T01:30:09.234+0000] {dagbag.py:588} INFO - Filling up the DagBag from /home/ec2-user/environment/lab4_model_training/venv/lib64/python3.12/site-packages/airflow/example_dags/example_branch_datetime_operator.py
[2026-03-23T01:30:09.247+0000] {processor.py:925} INFO - DAG(s) 'example_branch_datetime_operator', 'example_branch_datetime_operator_2', 'example_branch_datetime_operator_3' retrieved from /home/ec2-user/environment/lab4_model_training/venv/lib64/python3.12/site-packages/airflow/example_dags/example_branch_datetime_operator.py
[2026-03-23T01:30:09.269+0000] {logging_mixin.py:190} INFO - [2026-03-23T01:30:09.269+0000] {dag.py:3239} INFO - Sync 3 DAGs
[2026-03-23T01:30:09.290+0000] {logging_mixin.py:190} INFO - [2026-03-23T01:30:09.289+0000] {dag.py:4180} INFO - Setting next_dagrun for example_branch_datetime_operator to 2026-03-22 00:00:00+00:00, run_after=2026-03-23 00:00:00+00:00
[2026-03-23T01:30:09.294+0000] {logging_mixin.py:190} INFO - [2026-03-23T01:30:09.294+0000] {dag.py:4180} INFO - Setting next_dagrun for example_branch_datetime_operator_2 to 2026-03-22 00:00:00+00:00, run_after=2026-03-23 00:00:00+00:00
[2026-03-23T01:30:09.296+0000] {logging_mixin.py:190} INFO - [2026-03-23T01:30:09.296+0000] {dag.py:4180} INFO - Setting next_dagrun for example_branch_datetime_operator_3 to 2026-03-22 00:00:00+00:00, run_after=2026-03-23 00:00:00+00:00
[2026-03-23T01:30:09.316+0000] {processor.py:208} INFO - Processing /home/ec2-user/environment/lab4_model_training/venv/lib64/python3.12/site-packages/airflow/example_dags/example_branch_datetime_operator.py took 0.090 seconds
[2026-03-23T01:31:11.797+0000] {processor.py:186} INFO - Started process (PID=10643) to work on /home/ec2-user/environment/lab4_model_training/venv/lib64/python3.12/site-packages/airflow/example_dags/example_branch_datetime_operator.py
[2026-03-23T01:31:11.798+0000] {processor.py:914} INFO - Processing file /home/ec2-user/environment/lab4_model_training/venv/lib64/python3.12/site-packages/airflow/example_dags/example_branch_datetime_operator.py for tasks to queue
[2026-03-23T01:31:11.800+0000] {logging_mixin.py:190} INFO - [2026-03-23T01:31:11.800+0000] {dagbag.py:588} INFO - Filling up the DagBag from /home/ec2-user/environment/lab4_model_training/venv/lib64/python3.12/site-packages/airflow/example_dags/example_branch_datetime_operator.py
[2026-03-23T01:31:11.813+0000] {processor.py:925} INFO - DAG(s) 'example_branch_datetime_operator', 'example_branch_datetime_operator_2', 'example_branch_datetime_operator_3' retrieved from /home/ec2-user/environment/lab4_model_training/venv/lib64/python3.12/site-packages/airflow/example_dags/example_branch_datetime_operator.py
[2026-03-23T01:31:11.834+0000] {logging_mixin.py:190} INFO - [2026-03-23T01:31:11.834+0000] {dag.py:3239} INFO - Sync 3 DAGs
[2026-03-23T01:31:11.856+0000] {logging_mixin.py:190} INFO - [2026-03-23T01:31:11.855+0000] {dag.py:4180} INFO - Setting next_dagrun for example_branch_datetime_operator to 2026-03-22 00:00:00+00:00, run_after=2026-03-23 00:00:00+00:00
[2026-03-23T01:31:11.860+0000] {logging_mixin.py:190} INFO - [2026-03-23T01:31:11.860+0000] {dag.py:4180} INFO - Setting next_dagrun for example_branch_datetime_operator_2 to 2026-03-22 00:00:00+00:00, run_after=2026-03-23 00:00:00+00:00
[2026-03-23T01:31:11.862+0000] {logging_mixin.py:190} INFO - [2026-03-23T01:31:11.862+0000] {dag.py:4180} INFO - Setting next_dagrun for example_branch_datetime_operator_3 to 2026-03-22 00:00:00+00:00, run_after=2026-03-23 00:00:00+00:00
[2026-03-23T01:31:11.882+0000] {processor.py:208} INFO - Processing /home/ec2-user/environment/lab4_model_training/venv/lib64/python3.12/site-packages/airflow/example_dags/example_branch_datetime_operator.py took 0.090 seconds
[2026-03-23T01:31:47.432+0000] {processor.py:186} INFO - Started process (PID=10731) to work on /home/ec2-user/environment/lab4_model_training/venv/lib64/python3.12/site-packages/airflow/example_dags/example_branch_datetime_operator.py
[2026-03-23T01:31:47.433+0000] {processor.py:914} INFO - Processing file /home/ec2-user/environment/lab4_model_training/venv/lib64/python3.12/site-packages/airflow/example_dags/example_branch_datetime_operator.py for tasks to queue
[2026-03-23T01:31:47.435+0000] {logging_mixin.py:190} INFO - [2026-03-23T01:31:47.435+0000] {dagbag.py:588} INFO - Filling up the DagBag from /home/ec2-user/environment/lab4_model_training/venv/lib64/python3.12/site-packages/airflow/example_dags/example_branch_datetime_operator.py
[2026-03-23T01:31:47.450+0000] {processor.py:925} INFO - DAG(s) 'example_branch_datetime_operator_2', 'example_branch_datetime_operator_3', 'example_branch_datetime_operator' retrieved from /home/ec2-user/environment/lab4_model_training/venv/lib64/python3.12/site-packages/airflow/example_dags/example_branch_datetime_operator.py
[2026-03-23T01:31:47.472+0000] {logging_mixin.py:190} INFO - [2026-03-23T01:31:47.472+0000] {dag.py:3239} INFO - Sync 3 DAGs
[2026-03-23T01:31:47.492+0000] {logging_mixin.py:190} INFO - [2026-03-23T01:31:47.492+0000] {dag.py:4180} INFO - Setting next_dagrun for example_branch_datetime_operator to 2026-03-22 00:00:00+00:00, run_after=2026-03-23 00:00:00+00:00
[2026-03-23T01:31:47.496+0000] {logging_mixin.py:190} INFO - [2026-03-23T01:31:47.496+0000] {dag.py:4180} INFO - Setting next_dagrun for example_branch_datetime_operator_2 to 2026-03-22 00:00:00+00:00, run_after=2026-03-23 00:00:00+00:00
[2026-03-23T01:31:47.498+0000] {logging_mixin.py:190} INFO - [2026-03-23T01:31:47.498+0000] {dag.py:4180} INFO - Setting next_dagrun for example_branch_datetime_operator_3 to 2026-03-22 00:00:00+00:00, run_after=2026-03-23 00:00:00+00:00
[2026-03-23T01:31:47.517+0000] {processor.py:208} INFO - Processing /home/ec2-user/environment/lab4_model_training/venv/lib64/python3.12/site-packages/airflow/example_dags/example_branch_datetime_operator.py took 0.090 seconds
[2026-03-23T01:32:52.326+0000] {processor.py:186} INFO - Started process (PID=10897) to work on /home/ec2-user/environment/lab4_model_training/venv/lib64/python3.12/site-packages/airflow/example_dags/example_branch_datetime_operator.py
[2026-03-23T01:32:52.328+0000] {processor.py:914} INFO - Processing file /home/ec2-user/environment/lab4_model_training/venv/lib64/python3.12/site-packages/airflow/example_dags/example_branch_datetime_operator.py for tasks to queue
[2026-03-23T01:32:52.329+0000] {logging_mixin.py:190} INFO - [2026-03-23T01:32:52.329+0000] {dagbag.py:588} INFO - Filling up the DagBag from /home/ec2-user/environment/lab4_model_training/venv/lib64/python3.12/site-packages/airflow/example_dags/example_branch_datetime_operator.py
[2026-03-23T01:32:52.342+0000] {processor.py:925} INFO - DAG(s) 'example_branch_datetime_operator', 'example_branch_datetime_operator_3', 'example_branch_datetime_operator_2' retrieved from /home/ec2-user/environment/lab4_model_training/venv/lib64/python3.12/site-packages/airflow/example_dags/example_branch_datetime_operator.py
[2026-03-23T01:32:52.363+0000] {logging_mixin.py:190} INFO - [2026-03-23T01:32:52.363+0000] {dag.py:3239} INFO - Sync 3 DAGs
[2026-03-23T01:32:52.383+0000] {logging_mixin.py:190} INFO - [2026-03-23T01:32:52.383+0000] {dag.py:4180} INFO - Setting next_dagrun for example_branch_datetime_operator to 2026-03-22 00:00:00+00:00, run_after=2026-03-23 00:00:00+00:00
[2026-03-23T01:32:52.387+0000] {logging_mixin.py:190} INFO - [2026-03-23T01:32:52.387+0000] {dag.py:4180} INFO - Setting next_dagrun for example_branch_datetime_operator_2 to 2026-03-22 00:00:00+00:00, run_after=2026-03-23 00:00:00+00:00
[2026-03-23T01:32:52.389+0000] {logging_mixin.py:190} INFO - [2026-03-23T01:32:52.389+0000] {dag.py:4180} INFO - Setting next_dagrun for example_branch_datetime_operator_3 to 2026-03-22 00:00:00+00:00, run_after=2026-03-23 00:00:00+00:00
[2026-03-23T01:32:52.565+0000] {processor.py:208} INFO - Processing /home/ec2-user/environment/lab4_model_training/venv/lib64/python3.12/site-packages/airflow/example_dags/example_branch_datetime_operator.py took 0.244 seconds
[2026-03-23T01:33:56.009+0000] {processor.py:186} INFO - Started process (PID=11098) to work on /home/ec2-user/environment/lab4_model_training/venv/lib64/python3.12/site-packages/airflow/example_dags/example_branch_datetime_operator.py
[2026-03-23T01:33:56.010+0000] {processor.py:914} INFO - Processing file /home/ec2-user/environment/lab4_model_training/venv/lib64/python3.12/site-packages/airflow/example_dags/example_branch_datetime_operator.py for tasks to queue
[2026-03-23T01:33:56.012+0000] {logging_mixin.py:190} INFO - [2026-03-23T01:33:56.012+0000] {dagbag.py:588} INFO - Filling up the DagBag from /home/ec2-user/environment/lab4_model_training/venv/lib64/python3.12/site-packages/airflow/example_dags/example_branch_datetime_operator.py
[2026-03-23T01:33:56.024+0000] {processor.py:925} INFO - DAG(s) 'example_branch_datetime_operator_3', 'example_branch_datetime_operator', 'example_branch_datetime_operator_2' retrieved from /home/ec2-user/environment/lab4_model_training/venv/lib64/python3.12/site-packages/airflow/example_dags/example_branch_datetime_operator.py
[2026-03-23T01:33:56.045+0000] {logging_mixin.py:190} INFO - [2026-03-23T01:33:56.045+0000] {dag.py:3239} INFO - Sync 3 DAGs
[2026-03-23T01:33:56.065+0000] {logging_mixin.py:190} INFO - [2026-03-23T01:33:56.065+0000] {dag.py:4180} INFO - Setting next_dagrun for example_branch_datetime_operator to 2026-03-22 00:00:00+00:00, run_after=2026-03-23 00:00:00+00:00
[2026-03-23T01:33:56.069+0000] {logging_mixin.py:190} INFO - [2026-03-23T01:33:56.069+0000] {dag.py:4180} INFO - Setting next_dagrun for example_branch_datetime_operator_2 to 2026-03-22 00:00:00+00:00, run_after=2026-03-23 00:00:00+00:00
[2026-03-23T01:33:56.071+0000] {logging_mixin.py:190} INFO - [2026-03-23T01:33:56.071+0000] {dag.py:4180} INFO - Setting next_dagrun for example_branch_datetime_operator_3 to 2026-03-22 00:00:00+00:00, run_after=2026-03-23 00:00:00+00:00
[2026-03-23T01:33:56.090+0000] {processor.py:208} INFO - Processing /home/ec2-user/environment/lab4_model_training/venv/lib64/python3.12/site-packages/airflow/example_dags/example_branch_datetime_operator.py took 0.086 seconds
[2026-03-23T01:34:31.213+0000] {processor.py:186} INFO - Started process (PID=11169) to work on /home/ec2-user/environment/lab4_model_training/venv/lib64/python3.12/site-packages/airflow/example_dags/example_branch_datetime_operator.py
[2026-03-23T01:34:31.215+0000] {processor.py:914} INFO - Processing file /home/ec2-user/environment/lab4_model_training/venv/lib64/python3.12/site-packages/airflow/example_dags/example_branch_datetime_operator.py for tasks to queue
[2026-03-23T01:34:31.217+0000] {logging_mixin.py:190} INFO - [2026-03-23T01:34:31.216+0000] {dagbag.py:588} INFO - Filling up the DagBag from /home/ec2-user/environment/lab4_model_training/venv/lib64/python3.12/site-packages/airflow/example_dags/example_branch_datetime_operator.py
[2026-03-23T01:34:31.229+0000] {processor.py:925} INFO - DAG(s) 'example_branch_datetime_operator_2', 'example_branch_datetime_operator_3', 'example_branch_datetime_operator' retrieved from /home/ec2-user/environment/lab4_model_training/venv/lib64/python3.12/site-packages/airflow/example_dags/example_branch_datetime_operator.py
[2026-03-23T01:34:31.250+0000] {logging_mixin.py:190} INFO - [2026-03-23T01:34:31.249+0000] {dag.py:3239} INFO - Sync 3 DAGs
[2026-03-23T01:34:31.270+0000] {logging_mixin.py:190} INFO - [2026-03-23T01:34:31.270+0000] {dag.py:4180} INFO - Setting next_dagrun for example_branch_datetime_operator to 2026-03-22 00:00:00+00:00, run_after=2026-03-23 00:00:00+00:00
[2026-03-23T01:34:31.275+0000] {logging_mixin.py:190} INFO - [2026-03-23T01:34:31.275+0000] {dag.py:4180} INFO - Setting next_dagrun for example_branch_datetime_operator_2 to 2026-03-22 00:00:00+00:00, run_after=2026-03-23 00:00:00+00:00
[2026-03-23T01:34:31.277+0000] {logging_mixin.py:190} INFO - [2026-03-23T01:34:31.277+0000] {dag.py:4180} INFO - Setting next_dagrun for example_branch_datetime_operator_3 to 2026-03-22 00:00:00+00:00, run_after=2026-03-23 00:00:00+00:00
[2026-03-23T01:34:31.445+0000] {processor.py:208} INFO - Processing /home/ec2-user/environment/lab4_model_training/venv/lib64/python3.12/site-packages/airflow/example_dags/example_branch_datetime_operator.py took 0.237 seconds
[2026-03-23T01:35:06.091+0000] {processor.py:186} INFO - Started process (PID=11297) to work on /home/ec2-user/environment/lab4_model_training/venv/lib64/python3.12/site-packages/airflow/example_dags/example_branch_datetime_operator.py
[2026-03-23T01:35:06.092+0000] {processor.py:914} INFO - Processing file /home/ec2-user/environment/lab4_model_training/venv/lib64/python3.12/site-packages/airflow/example_dags/example_branch_datetime_operator.py for tasks to queue
[2026-03-23T01:35:06.094+0000] {logging_mixin.py:190} INFO - [2026-03-23T01:35:06.094+0000] {dagbag.py:588} INFO - Filling up the DagBag from /home/ec2-user/environment/lab4_model_training/venv/lib64/python3.12/site-packages/airflow/example_dags/example_branch_datetime_operator.py
[2026-03-23T01:35:06.107+0000] {processor.py:925} INFO - DAG(s) 'example_branch_datetime_operator_2', 'example_branch_datetime_operator', 'example_branch_datetime_operator_3' retrieved from /home/ec2-user/environment/lab4_model_training/venv/lib64/python3.12/site-packages/airflow/example_dags/example_branch_datetime_operator.py
[2026-03-23T01:35:06.128+0000] {logging_mixin.py:190} INFO - [2026-03-23T01:35:06.128+0000] {dag.py:3239} INFO - Sync 3 DAGs
[2026-03-23T01:35:06.149+0000] {logging_mixin.py:190} INFO - [2026-03-23T01:35:06.149+0000] {dag.py:4180} INFO - Setting next_dagrun for example_branch_datetime_operator to 2026-03-22 00:00:00+00:00, run_after=2026-03-23 00:00:00+00:00
[2026-03-23T01:35:06.153+0000] {logging_mixin.py:190} INFO - [2026-03-23T01:35:06.153+0000] {dag.py:4180} INFO - Setting next_dagrun for example_branch_datetime_operator_2 to 2026-03-22 00:00:00+00:00, run_after=2026-03-23 00:00:00+00:00
[2026-03-23T01:35:06.155+0000] {logging_mixin.py:190} INFO - [2026-03-23T01:35:06.155+0000] {dag.py:4180} INFO - Setting next_dagrun for example_branch_datetime_operator_3 to 2026-03-22 00:00:00+00:00, run_after=2026-03-23 00:00:00+00:00
[2026-03-23T01:35:06.175+0000] {processor.py:208} INFO - Processing /home/ec2-user/environment/lab4_model_training/venv/lib64/python3.12/site-packages/airflow/example_dags/example_branch_datetime_operator.py took 0.089 seconds
