[2026-03-23T00:59:44.497+0000] {processor.py:186} INFO - Started process (PID=5860) to work on /home/ec2-user/environment/lab4_model_training/venv/lib64/python3.12/site-packages/airflow/example_dags/example_xcom.py
[2026-03-23T00:59:44.497+0000] {processor.py:914} INFO - Processing file /home/ec2-user/environment/lab4_model_training/venv/lib64/python3.12/site-packages/airflow/example_dags/example_xcom.py for tasks to queue
[2026-03-23T00:59:44.499+0000] {logging_mixin.py:190} INFO - [2026-03-23T00:59:44.499+0000] {dagbag.py:588} INFO - Filling up the DagBag from /home/ec2-user/environment/lab4_model_training/venv/lib64/python3.12/site-packages/airflow/example_dags/example_xcom.py
[2026-03-23T00:59:44.508+0000] {processor.py:925} INFO - DAG(s) 'example_xcom' retrieved from /home/ec2-user/environment/lab4_model_training/venv/lib64/python3.12/site-packages/airflow/example_dags/example_xcom.py
[2026-03-23T00:59:44.523+0000] {logging_mixin.py:190} INFO - [2026-03-23T00:59:44.523+0000] {dag.py:3239} INFO - Sync 1 DAGs
[2026-03-23T00:59:44.545+0000] {logging_mixin.py:190} INFO - [2026-03-23T00:59:44.544+0000] {dag.py:4180} INFO - Setting next_dagrun for example_xcom to 2021-01-01 00:00:00+00:00, run_after=2021-01-01 00:00:00+00:00
[2026-03-23T00:59:44.574+0000] {processor.py:208} INFO - Processing /home/ec2-user/environment/lab4_model_training/venv/lib64/python3.12/site-packages/airflow/example_dags/example_xcom.py took 0.082 seconds
[2026-03-23T01:00:50.324+0000] {processor.py:186} INFO - Started process (PID=6056) to work on /home/ec2-user/environment/lab4_model_training/venv/lib64/python3.12/site-packages/airflow/example_dags/example_xcom.py
[2026-03-23T01:00:50.325+0000] {processor.py:914} INFO - Processing file /home/ec2-user/environment/lab4_model_training/venv/lib64/python3.12/site-packages/airflow/example_dags/example_xcom.py for tasks to queue
[2026-03-23T01:00:50.327+0000] {logging_mixin.py:190} INFO - [2026-03-23T01:00:50.326+0000] {dagbag.py:588} INFO - Filling up the DagBag from /home/ec2-user/environment/lab4_model_training/venv/lib64/python3.12/site-packages/airflow/example_dags/example_xcom.py
[2026-03-23T01:00:50.336+0000] {processor.py:925} INFO - DAG(s) 'example_xcom' retrieved from /home/ec2-user/environment/lab4_model_training/venv/lib64/python3.12/site-packages/airflow/example_dags/example_xcom.py
[2026-03-23T01:00:50.352+0000] {logging_mixin.py:190} INFO - [2026-03-23T01:00:50.352+0000] {dag.py:3239} INFO - Sync 1 DAGs
[2026-03-23T01:00:50.371+0000] {logging_mixin.py:190} INFO - [2026-03-23T01:00:50.370+0000] {dag.py:4180} INFO - Setting next_dagrun for example_xcom to 2021-01-01 00:00:00+00:00, run_after=2021-01-01 00:00:00+00:00
[2026-03-23T01:00:50.392+0000] {processor.py:208} INFO - Processing /home/ec2-user/environment/lab4_model_training/venv/lib64/python3.12/site-packages/airflow/example_dags/example_xcom.py took 0.074 seconds
[2026-03-23T01:01:52.925+0000] {processor.py:186} INFO - Started process (PID=6271) to work on /home/ec2-user/environment/lab4_model_training/venv/lib64/python3.12/site-packages/airflow/example_dags/example_xcom.py
[2026-03-23T01:01:52.926+0000] {processor.py:914} INFO - Processing file /home/ec2-user/environment/lab4_model_training/venv/lib64/python3.12/site-packages/airflow/example_dags/example_xcom.py for tasks to queue
[2026-03-23T01:01:52.928+0000] {logging_mixin.py:190} INFO - [2026-03-23T01:01:52.927+0000] {dagbag.py:588} INFO - Filling up the DagBag from /home/ec2-user/environment/lab4_model_training/venv/lib64/python3.12/site-packages/airflow/example_dags/example_xcom.py
[2026-03-23T01:01:52.937+0000] {processor.py:925} INFO - DAG(s) 'example_xcom' retrieved from /home/ec2-user/environment/lab4_model_training/venv/lib64/python3.12/site-packages/airflow/example_dags/example_xcom.py
[2026-03-23T01:01:52.953+0000] {logging_mixin.py:190} INFO - [2026-03-23T01:01:52.953+0000] {dag.py:3239} INFO - Sync 1 DAGs
[2026-03-23T01:01:52.972+0000] {logging_mixin.py:190} INFO - [2026-03-23T01:01:52.971+0000] {dag.py:4180} INFO - Setting next_dagrun for example_xcom to 2021-01-01 00:00:00+00:00, run_after=2021-01-01 00:00:00+00:00
[2026-03-23T01:01:52.993+0000] {processor.py:208} INFO - Processing /home/ec2-user/environment/lab4_model_training/venv/lib64/python3.12/site-packages/airflow/example_dags/example_xcom.py took 0.074 seconds
[2026-03-23T01:02:57.414+0000] {processor.py:186} INFO - Started process (PID=6460) to work on /home/ec2-user/environment/lab4_model_training/venv/lib64/python3.12/site-packages/airflow/example_dags/example_xcom.py
[2026-03-23T01:02:57.416+0000] {processor.py:914} INFO - Processing file /home/ec2-user/environment/lab4_model_training/venv/lib64/python3.12/site-packages/airflow/example_dags/example_xcom.py for tasks to queue
[2026-03-23T01:02:57.417+0000] {logging_mixin.py:190} INFO - [2026-03-23T01:02:57.417+0000] {dagbag.py:588} INFO - Filling up the DagBag from /home/ec2-user/environment/lab4_model_training/venv/lib64/python3.12/site-packages/airflow/example_dags/example_xcom.py
[2026-03-23T01:02:57.426+0000] {processor.py:925} INFO - DAG(s) 'example_xcom' retrieved from /home/ec2-user/environment/lab4_model_training/venv/lib64/python3.12/site-packages/airflow/example_dags/example_xcom.py
[2026-03-23T01:02:57.442+0000] {logging_mixin.py:190} INFO - [2026-03-23T01:02:57.442+0000] {dag.py:3239} INFO - Sync 1 DAGs
[2026-03-23T01:02:57.460+0000] {logging_mixin.py:190} INFO - [2026-03-23T01:02:57.460+0000] {dag.py:4180} INFO - Setting next_dagrun for example_xcom to 2021-01-01 00:00:00+00:00, run_after=2021-01-01 00:00:00+00:00
[2026-03-23T01:02:57.481+0000] {processor.py:208} INFO - Processing /home/ec2-user/environment/lab4_model_training/venv/lib64/python3.12/site-packages/airflow/example_dags/example_xcom.py took 0.072 seconds
[2026-03-23T01:04:02.738+0000] {processor.py:186} INFO - Started process (PID=6619) to work on /home/ec2-user/environment/lab4_model_training/venv/lib64/python3.12/site-packages/airflow/example_dags/example_xcom.py
[2026-03-23T01:04:02.740+0000] {processor.py:914} INFO - Processing file /home/ec2-user/environment/lab4_model_training/venv/lib64/python3.12/site-packages/airflow/example_dags/example_xcom.py for tasks to queue
[2026-03-23T01:04:02.741+0000] {logging_mixin.py:190} INFO - [2026-03-23T01:04:02.741+0000] {dagbag.py:588} INFO - Filling up the DagBag from /home/ec2-user/environment/lab4_model_training/venv/lib64/python3.12/site-packages/airflow/example_dags/example_xcom.py
[2026-03-23T01:04:02.750+0000] {processor.py:925} INFO - DAG(s) 'example_xcom' retrieved from /home/ec2-user/environment/lab4_model_training/venv/lib64/python3.12/site-packages/airflow/example_dags/example_xcom.py
[2026-03-23T01:04:02.766+0000] {logging_mixin.py:190} INFO - [2026-03-23T01:04:02.766+0000] {dag.py:3239} INFO - Sync 1 DAGs
[2026-03-23T01:04:02.784+0000] {logging_mixin.py:190} INFO - [2026-03-23T01:04:02.784+0000] {dag.py:4180} INFO - Setting next_dagrun for example_xcom to 2021-01-01 00:00:00+00:00, run_after=2021-01-01 00:00:00+00:00
[2026-03-23T01:04:02.805+0000] {processor.py:208} INFO - Processing /home/ec2-user/environment/lab4_model_training/venv/lib64/python3.12/site-packages/airflow/example_dags/example_xcom.py took 0.072 seconds
[2026-03-23T01:05:07.508+0000] {processor.py:186} INFO - Started process (PID=6797) to work on /home/ec2-user/environment/lab4_model_training/venv/lib64/python3.12/site-packages/airflow/example_dags/example_xcom.py
[2026-03-23T01:05:07.509+0000] {processor.py:914} INFO - Processing file /home/ec2-user/environment/lab4_model_training/venv/lib64/python3.12/site-packages/airflow/example_dags/example_xcom.py for tasks to queue
[2026-03-23T01:05:07.511+0000] {logging_mixin.py:190} INFO - [2026-03-23T01:05:07.510+0000] {dagbag.py:588} INFO - Filling up the DagBag from /home/ec2-user/environment/lab4_model_training/venv/lib64/python3.12/site-packages/airflow/example_dags/example_xcom.py
[2026-03-23T01:05:07.520+0000] {processor.py:925} INFO - DAG(s) 'example_xcom' retrieved from /home/ec2-user/environment/lab4_model_training/venv/lib64/python3.12/site-packages/airflow/example_dags/example_xcom.py
[2026-03-23T01:05:07.536+0000] {logging_mixin.py:190} INFO - [2026-03-23T01:05:07.536+0000] {dag.py:3239} INFO - Sync 1 DAGs
[2026-03-23T01:05:07.554+0000] {logging_mixin.py:190} INFO - [2026-03-23T01:05:07.554+0000] {dag.py:4180} INFO - Setting next_dagrun for example_xcom to 2021-01-01 00:00:00+00:00, run_after=2021-01-01 00:00:00+00:00
[2026-03-23T01:05:07.576+0000] {processor.py:208} INFO - Processing /home/ec2-user/environment/lab4_model_training/venv/lib64/python3.12/site-packages/airflow/example_dags/example_xcom.py took 0.073 seconds
[2026-03-23T01:06:24.255+0000] {processor.py:186} INFO - Started process (PID=6947) to work on /home/ec2-user/environment/lab4_model_training/venv/lib64/python3.12/site-packages/airflow/example_dags/example_xcom.py
[2026-03-23T01:06:24.257+0000] {processor.py:914} INFO - Processing file /home/ec2-user/environment/lab4_model_training/venv/lib64/python3.12/site-packages/airflow/example_dags/example_xcom.py for tasks to queue
[2026-03-23T01:06:24.258+0000] {logging_mixin.py:190} INFO - [2026-03-23T01:06:24.258+0000] {dagbag.py:588} INFO - Filling up the DagBag from /home/ec2-user/environment/lab4_model_training/venv/lib64/python3.12/site-packages/airflow/example_dags/example_xcom.py
[2026-03-23T01:06:24.268+0000] {processor.py:925} INFO - DAG(s) 'example_xcom' retrieved from /home/ec2-user/environment/lab4_model_training/venv/lib64/python3.12/site-packages/airflow/example_dags/example_xcom.py
[2026-03-23T01:06:24.283+0000] {logging_mixin.py:190} INFO - [2026-03-23T01:06:24.283+0000] {dag.py:3239} INFO - Sync 1 DAGs
[2026-03-23T01:06:24.302+0000] {logging_mixin.py:190} INFO - [2026-03-23T01:06:24.302+0000] {dag.py:4180} INFO - Setting next_dagrun for example_xcom to 2021-01-01 00:00:00+00:00, run_after=2021-01-01 00:00:00+00:00
[2026-03-23T01:06:24.323+0000] {processor.py:208} INFO - Processing /home/ec2-user/environment/lab4_model_training/venv/lib64/python3.12/site-packages/airflow/example_dags/example_xcom.py took 0.073 seconds
[2026-03-23T01:07:42.405+0000] {processor.py:186} INFO - Started process (PID=7137) to work on /home/ec2-user/environment/lab4_model_training/venv/lib64/python3.12/site-packages/airflow/example_dags/example_xcom.py
[2026-03-23T01:07:42.406+0000] {processor.py:914} INFO - Processing file /home/ec2-user/environment/lab4_model_training/venv/lib64/python3.12/site-packages/airflow/example_dags/example_xcom.py for tasks to queue
[2026-03-23T01:07:42.408+0000] {logging_mixin.py:190} INFO - [2026-03-23T01:07:42.407+0000] {dagbag.py:588} INFO - Filling up the DagBag from /home/ec2-user/environment/lab4_model_training/venv/lib64/python3.12/site-packages/airflow/example_dags/example_xcom.py
[2026-03-23T01:07:42.417+0000] {processor.py:925} INFO - DAG(s) 'example_xcom' retrieved from /home/ec2-user/environment/lab4_model_training/venv/lib64/python3.12/site-packages/airflow/example_dags/example_xcom.py
[2026-03-23T01:07:42.433+0000] {logging_mixin.py:190} INFO - [2026-03-23T01:07:42.432+0000] {dag.py:3239} INFO - Sync 1 DAGs
[2026-03-23T01:07:42.451+0000] {logging_mixin.py:190} INFO - [2026-03-23T01:07:42.451+0000] {dag.py:4180} INFO - Setting next_dagrun for example_xcom to 2021-01-01 00:00:00+00:00, run_after=2021-01-01 00:00:00+00:00
[2026-03-23T01:07:42.474+0000] {processor.py:208} INFO - Processing /home/ec2-user/environment/lab4_model_training/venv/lib64/python3.12/site-packages/airflow/example_dags/example_xcom.py took 0.074 seconds
[2026-03-23T01:08:53.317+0000] {processor.py:186} INFO - Started process (PID=7301) to work on /home/ec2-user/environment/lab4_model_training/venv/lib64/python3.12/site-packages/airflow/example_dags/example_xcom.py
[2026-03-23T01:08:53.318+0000] {processor.py:914} INFO - Processing file /home/ec2-user/environment/lab4_model_training/venv/lib64/python3.12/site-packages/airflow/example_dags/example_xcom.py for tasks to queue
[2026-03-23T01:08:53.320+0000] {logging_mixin.py:190} INFO - [2026-03-23T01:08:53.320+0000] {dagbag.py:588} INFO - Filling up the DagBag from /home/ec2-user/environment/lab4_model_training/venv/lib64/python3.12/site-packages/airflow/example_dags/example_xcom.py
[2026-03-23T01:08:53.329+0000] {processor.py:925} INFO - DAG(s) 'example_xcom' retrieved from /home/ec2-user/environment/lab4_model_training/venv/lib64/python3.12/site-packages/airflow/example_dags/example_xcom.py
[2026-03-23T01:08:53.345+0000] {logging_mixin.py:190} INFO - [2026-03-23T01:08:53.345+0000] {dag.py:3239} INFO - Sync 1 DAGs
[2026-03-23T01:08:53.366+0000] {logging_mixin.py:190} INFO - [2026-03-23T01:08:53.366+0000] {dag.py:4180} INFO - Setting next_dagrun for example_xcom to 2021-01-01 00:00:00+00:00, run_after=2021-01-01 00:00:00+00:00
[2026-03-23T01:08:53.389+0000] {processor.py:208} INFO - Processing /home/ec2-user/environment/lab4_model_training/venv/lib64/python3.12/site-packages/airflow/example_dags/example_xcom.py took 0.078 seconds
[2026-03-23T01:10:12.778+0000] {processor.py:186} INFO - Started process (PID=7497) to work on /home/ec2-user/environment/lab4_model_training/venv/lib64/python3.12/site-packages/airflow/example_dags/example_xcom.py
[2026-03-23T01:10:12.779+0000] {processor.py:914} INFO - Processing file /home/ec2-user/environment/lab4_model_training/venv/lib64/python3.12/site-packages/airflow/example_dags/example_xcom.py for tasks to queue
[2026-03-23T01:10:12.781+0000] {logging_mixin.py:190} INFO - [2026-03-23T01:10:12.780+0000] {dagbag.py:588} INFO - Filling up the DagBag from /home/ec2-user/environment/lab4_model_training/venv/lib64/python3.12/site-packages/airflow/example_dags/example_xcom.py
[2026-03-23T01:10:12.790+0000] {processor.py:925} INFO - DAG(s) 'example_xcom' retrieved from /home/ec2-user/environment/lab4_model_training/venv/lib64/python3.12/site-packages/airflow/example_dags/example_xcom.py
[2026-03-23T01:10:12.806+0000] {logging_mixin.py:190} INFO - [2026-03-23T01:10:12.805+0000] {dag.py:3239} INFO - Sync 1 DAGs
[2026-03-23T01:10:12.824+0000] {logging_mixin.py:190} INFO - [2026-03-23T01:10:12.823+0000] {dag.py:4180} INFO - Setting next_dagrun for example_xcom to 2021-01-01 00:00:00+00:00, run_after=2021-01-01 00:00:00+00:00
[2026-03-23T01:10:12.844+0000] {processor.py:208} INFO - Processing /home/ec2-user/environment/lab4_model_training/venv/lib64/python3.12/site-packages/airflow/example_dags/example_xcom.py took 0.072 seconds
[2026-03-23T01:11:20.640+0000] {processor.py:186} INFO - Started process (PID=7632) to work on /home/ec2-user/environment/lab4_model_training/venv/lib64/python3.12/site-packages/airflow/example_dags/example_xcom.py
[2026-03-23T01:11:20.641+0000] {processor.py:914} INFO - Processing file /home/ec2-user/environment/lab4_model_training/venv/lib64/python3.12/site-packages/airflow/example_dags/example_xcom.py for tasks to queue
[2026-03-23T01:11:20.643+0000] {logging_mixin.py:190} INFO - [2026-03-23T01:11:20.643+0000] {dagbag.py:588} INFO - Filling up the DagBag from /home/ec2-user/environment/lab4_model_training/venv/lib64/python3.12/site-packages/airflow/example_dags/example_xcom.py
[2026-03-23T01:11:20.653+0000] {processor.py:925} INFO - DAG(s) 'example_xcom' retrieved from /home/ec2-user/environment/lab4_model_training/venv/lib64/python3.12/site-packages/airflow/example_dags/example_xcom.py
[2026-03-23T01:11:20.668+0000] {logging_mixin.py:190} INFO - [2026-03-23T01:11:20.668+0000] {dag.py:3239} INFO - Sync 1 DAGs
[2026-03-23T01:11:20.687+0000] {logging_mixin.py:190} INFO - [2026-03-23T01:11:20.687+0000] {dag.py:4180} INFO - Setting next_dagrun for example_xcom to 2021-01-01 00:00:00+00:00, run_after=2021-01-01 00:00:00+00:00
[2026-03-23T01:11:20.708+0000] {processor.py:208} INFO - Processing /home/ec2-user/environment/lab4_model_training/venv/lib64/python3.12/site-packages/airflow/example_dags/example_xcom.py took 0.073 seconds
[2026-03-23T01:12:24.928+0000] {processor.py:186} INFO - Started process (PID=7790) to work on /home/ec2-user/environment/lab4_model_training/venv/lib64/python3.12/site-packages/airflow/example_dags/example_xcom.py
[2026-03-23T01:12:24.929+0000] {processor.py:914} INFO - Processing file /home/ec2-user/environment/lab4_model_training/venv/lib64/python3.12/site-packages/airflow/example_dags/example_xcom.py for tasks to queue
[2026-03-23T01:12:24.931+0000] {logging_mixin.py:190} INFO - [2026-03-23T01:12:24.931+0000] {dagbag.py:588} INFO - Filling up the DagBag from /home/ec2-user/environment/lab4_model_training/venv/lib64/python3.12/site-packages/airflow/example_dags/example_xcom.py
[2026-03-23T01:12:24.940+0000] {processor.py:925} INFO - DAG(s) 'example_xcom' retrieved from /home/ec2-user/environment/lab4_model_training/venv/lib64/python3.12/site-packages/airflow/example_dags/example_xcom.py
[2026-03-23T01:12:24.956+0000] {logging_mixin.py:190} INFO - [2026-03-23T01:12:24.956+0000] {dag.py:3239} INFO - Sync 1 DAGs
[2026-03-23T01:12:24.976+0000] {logging_mixin.py:190} INFO - [2026-03-23T01:12:24.975+0000] {dag.py:4180} INFO - Setting next_dagrun for example_xcom to 2021-01-01 00:00:00+00:00, run_after=2021-01-01 00:00:00+00:00
[2026-03-23T01:12:24.996+0000] {processor.py:208} INFO - Processing /home/ec2-user/environment/lab4_model_training/venv/lib64/python3.12/site-packages/airflow/example_dags/example_xcom.py took 0.073 seconds
[2026-03-23T01:13:29.276+0000] {processor.py:186} INFO - Started process (PID=7898) to work on /home/ec2-user/environment/lab4_model_training/venv/lib64/python3.12/site-packages/airflow/example_dags/example_xcom.py
[2026-03-23T01:13:29.277+0000] {processor.py:914} INFO - Processing file /home/ec2-user/environment/lab4_model_training/venv/lib64/python3.12/site-packages/airflow/example_dags/example_xcom.py for tasks to queue
[2026-03-23T01:13:29.279+0000] {logging_mixin.py:190} INFO - [2026-03-23T01:13:29.279+0000] {dagbag.py:588} INFO - Filling up the DagBag from /home/ec2-user/environment/lab4_model_training/venv/lib64/python3.12/site-packages/airflow/example_dags/example_xcom.py
[2026-03-23T01:13:29.288+0000] {processor.py:925} INFO - DAG(s) 'example_xcom' retrieved from /home/ec2-user/environment/lab4_model_training/venv/lib64/python3.12/site-packages/airflow/example_dags/example_xcom.py
[2026-03-23T01:13:29.304+0000] {logging_mixin.py:190} INFO - [2026-03-23T01:13:29.304+0000] {dag.py:3239} INFO - Sync 1 DAGs
[2026-03-23T01:13:29.322+0000] {logging_mixin.py:190} INFO - [2026-03-23T01:13:29.322+0000] {dag.py:4180} INFO - Setting next_dagrun for example_xcom to 2021-01-01 00:00:00+00:00, run_after=2021-01-01 00:00:00+00:00
[2026-03-23T01:13:29.345+0000] {processor.py:208} INFO - Processing /home/ec2-user/environment/lab4_model_training/venv/lib64/python3.12/site-packages/airflow/example_dags/example_xcom.py took 0.074 seconds
[2026-03-23T01:14:32.031+0000] {processor.py:186} INFO - Started process (PID=8058) to work on /home/ec2-user/environment/lab4_model_training/venv/lib64/python3.12/site-packages/airflow/example_dags/example_xcom.py
[2026-03-23T01:14:32.032+0000] {processor.py:914} INFO - Processing file /home/ec2-user/environment/lab4_model_training/venv/lib64/python3.12/site-packages/airflow/example_dags/example_xcom.py for tasks to queue
[2026-03-23T01:14:32.034+0000] {logging_mixin.py:190} INFO - [2026-03-23T01:14:32.034+0000] {dagbag.py:588} INFO - Filling up the DagBag from /home/ec2-user/environment/lab4_model_training/venv/lib64/python3.12/site-packages/airflow/example_dags/example_xcom.py
[2026-03-23T01:14:32.043+0000] {processor.py:925} INFO - DAG(s) 'example_xcom' retrieved from /home/ec2-user/environment/lab4_model_training/venv/lib64/python3.12/site-packages/airflow/example_dags/example_xcom.py
[2026-03-23T01:14:32.059+0000] {logging_mixin.py:190} INFO - [2026-03-23T01:14:32.059+0000] {dag.py:3239} INFO - Sync 1 DAGs
[2026-03-23T01:14:32.078+0000] {logging_mixin.py:190} INFO - [2026-03-23T01:14:32.078+0000] {dag.py:4180} INFO - Setting next_dagrun for example_xcom to 2021-01-01 00:00:00+00:00, run_after=2021-01-01 00:00:00+00:00
[2026-03-23T01:14:32.099+0000] {processor.py:208} INFO - Processing /home/ec2-user/environment/lab4_model_training/venv/lib64/python3.12/site-packages/airflow/example_dags/example_xcom.py took 0.073 seconds
[2026-03-23T01:15:43.330+0000] {processor.py:186} INFO - Started process (PID=8173) to work on /home/ec2-user/environment/lab4_model_training/venv/lib64/python3.12/site-packages/airflow/example_dags/example_xcom.py
[2026-03-23T01:15:43.332+0000] {processor.py:914} INFO - Processing file /home/ec2-user/environment/lab4_model_training/venv/lib64/python3.12/site-packages/airflow/example_dags/example_xcom.py for tasks to queue
[2026-03-23T01:15:43.333+0000] {logging_mixin.py:190} INFO - [2026-03-23T01:15:43.333+0000] {dagbag.py:588} INFO - Filling up the DagBag from /home/ec2-user/environment/lab4_model_training/venv/lib64/python3.12/site-packages/airflow/example_dags/example_xcom.py
[2026-03-23T01:15:43.343+0000] {processor.py:925} INFO - DAG(s) 'example_xcom' retrieved from /home/ec2-user/environment/lab4_model_training/venv/lib64/python3.12/site-packages/airflow/example_dags/example_xcom.py
[2026-03-23T01:15:43.359+0000] {logging_mixin.py:190} INFO - [2026-03-23T01:15:43.358+0000] {dag.py:3239} INFO - Sync 1 DAGs
[2026-03-23T01:15:43.377+0000] {logging_mixin.py:190} INFO - [2026-03-23T01:15:43.377+0000] {dag.py:4180} INFO - Setting next_dagrun for example_xcom to 2021-01-01 00:00:00+00:00, run_after=2021-01-01 00:00:00+00:00
[2026-03-23T01:15:43.398+0000] {processor.py:208} INFO - Processing /home/ec2-user/environment/lab4_model_training/venv/lib64/python3.12/site-packages/airflow/example_dags/example_xcom.py took 0.073 seconds
[2026-03-23T01:16:50.295+0000] {processor.py:186} INFO - Started process (PID=8335) to work on /home/ec2-user/environment/lab4_model_training/venv/lib64/python3.12/site-packages/airflow/example_dags/example_xcom.py
[2026-03-23T01:16:50.297+0000] {processor.py:914} INFO - Processing file /home/ec2-user/environment/lab4_model_training/venv/lib64/python3.12/site-packages/airflow/example_dags/example_xcom.py for tasks to queue
[2026-03-23T01:16:50.298+0000] {logging_mixin.py:190} INFO - [2026-03-23T01:16:50.298+0000] {dagbag.py:588} INFO - Filling up the DagBag from /home/ec2-user/environment/lab4_model_training/venv/lib64/python3.12/site-packages/airflow/example_dags/example_xcom.py
[2026-03-23T01:16:50.308+0000] {processor.py:925} INFO - DAG(s) 'example_xcom' retrieved from /home/ec2-user/environment/lab4_model_training/venv/lib64/python3.12/site-packages/airflow/example_dags/example_xcom.py
[2026-03-23T01:16:50.323+0000] {logging_mixin.py:190} INFO - [2026-03-23T01:16:50.323+0000] {dag.py:3239} INFO - Sync 1 DAGs
[2026-03-23T01:16:50.342+0000] {logging_mixin.py:190} INFO - [2026-03-23T01:16:50.342+0000] {dag.py:4180} INFO - Setting next_dagrun for example_xcom to 2021-01-01 00:00:00+00:00, run_after=2021-01-01 00:00:00+00:00
[2026-03-23T01:16:50.363+0000] {processor.py:208} INFO - Processing /home/ec2-user/environment/lab4_model_training/venv/lib64/python3.12/site-packages/airflow/example_dags/example_xcom.py took 0.073 seconds
[2026-03-23T01:17:53.071+0000] {processor.py:186} INFO - Started process (PID=8496) to work on /home/ec2-user/environment/lab4_model_training/venv/lib64/python3.12/site-packages/airflow/example_dags/example_xcom.py
[2026-03-23T01:17:53.072+0000] {processor.py:914} INFO - Processing file /home/ec2-user/environment/lab4_model_training/venv/lib64/python3.12/site-packages/airflow/example_dags/example_xcom.py for tasks to queue
[2026-03-23T01:17:53.074+0000] {logging_mixin.py:190} INFO - [2026-03-23T01:17:53.073+0000] {dagbag.py:588} INFO - Filling up the DagBag from /home/ec2-user/environment/lab4_model_training/venv/lib64/python3.12/site-packages/airflow/example_dags/example_xcom.py
[2026-03-23T01:17:53.083+0000] {processor.py:925} INFO - DAG(s) 'example_xcom' retrieved from /home/ec2-user/environment/lab4_model_training/venv/lib64/python3.12/site-packages/airflow/example_dags/example_xcom.py
[2026-03-23T01:17:53.100+0000] {logging_mixin.py:190} INFO - [2026-03-23T01:17:53.100+0000] {dag.py:3239} INFO - Sync 1 DAGs
[2026-03-23T01:17:53.120+0000] {logging_mixin.py:190} INFO - [2026-03-23T01:17:53.120+0000] {dag.py:4180} INFO - Setting next_dagrun for example_xcom to 2021-01-01 00:00:00+00:00, run_after=2021-01-01 00:00:00+00:00
[2026-03-23T01:17:53.141+0000] {processor.py:208} INFO - Processing /home/ec2-user/environment/lab4_model_training/venv/lib64/python3.12/site-packages/airflow/example_dags/example_xcom.py took 0.076 seconds
[2026-03-23T01:18:56.700+0000] {processor.py:186} INFO - Started process (PID=8624) to work on /home/ec2-user/environment/lab4_model_training/venv/lib64/python3.12/site-packages/airflow/example_dags/example_xcom.py
[2026-03-23T01:18:56.701+0000] {processor.py:914} INFO - Processing file /home/ec2-user/environment/lab4_model_training/venv/lib64/python3.12/site-packages/airflow/example_dags/example_xcom.py for tasks to queue
[2026-03-23T01:18:56.703+0000] {logging_mixin.py:190} INFO - [2026-03-23T01:18:56.703+0000] {dagbag.py:588} INFO - Filling up the DagBag from /home/ec2-user/environment/lab4_model_training/venv/lib64/python3.12/site-packages/airflow/example_dags/example_xcom.py
[2026-03-23T01:18:56.712+0000] {processor.py:925} INFO - DAG(s) 'example_xcom' retrieved from /home/ec2-user/environment/lab4_model_training/venv/lib64/python3.12/site-packages/airflow/example_dags/example_xcom.py
[2026-03-23T01:18:56.728+0000] {logging_mixin.py:190} INFO - [2026-03-23T01:18:56.728+0000] {dag.py:3239} INFO - Sync 1 DAGs
[2026-03-23T01:18:56.746+0000] {logging_mixin.py:190} INFO - [2026-03-23T01:18:56.745+0000] {dag.py:4180} INFO - Setting next_dagrun for example_xcom to 2021-01-01 00:00:00+00:00, run_after=2021-01-01 00:00:00+00:00
[2026-03-23T01:18:56.765+0000] {processor.py:208} INFO - Processing /home/ec2-user/environment/lab4_model_training/venv/lib64/python3.12/site-packages/airflow/example_dags/example_xcom.py took 0.071 seconds
[2026-03-23T01:19:58.718+0000] {processor.py:186} INFO - Started process (PID=8772) to work on /home/ec2-user/environment/lab4_model_training/venv/lib64/python3.12/site-packages/airflow/example_dags/example_xcom.py
[2026-03-23T01:19:58.719+0000] {processor.py:914} INFO - Processing file /home/ec2-user/environment/lab4_model_training/venv/lib64/python3.12/site-packages/airflow/example_dags/example_xcom.py for tasks to queue
[2026-03-23T01:19:58.721+0000] {logging_mixin.py:190} INFO - [2026-03-23T01:19:58.720+0000] {dagbag.py:588} INFO - Filling up the DagBag from /home/ec2-user/environment/lab4_model_training/venv/lib64/python3.12/site-packages/airflow/example_dags/example_xcom.py
[2026-03-23T01:19:58.730+0000] {processor.py:925} INFO - DAG(s) 'example_xcom' retrieved from /home/ec2-user/environment/lab4_model_training/venv/lib64/python3.12/site-packages/airflow/example_dags/example_xcom.py
[2026-03-23T01:19:58.746+0000] {logging_mixin.py:190} INFO - [2026-03-23T01:19:58.746+0000] {dag.py:3239} INFO - Sync 1 DAGs
[2026-03-23T01:19:58.764+0000] {logging_mixin.py:190} INFO - [2026-03-23T01:19:58.764+0000] {dag.py:4180} INFO - Setting next_dagrun for example_xcom to 2021-01-01 00:00:00+00:00, run_after=2021-01-01 00:00:00+00:00
[2026-03-23T01:19:58.785+0000] {processor.py:208} INFO - Processing /home/ec2-user/environment/lab4_model_training/venv/lib64/python3.12/site-packages/airflow/example_dags/example_xcom.py took 0.072 seconds
[2026-03-23T01:21:04.485+0000] {processor.py:186} INFO - Started process (PID=8903) to work on /home/ec2-user/environment/lab4_model_training/venv/lib64/python3.12/site-packages/airflow/example_dags/example_xcom.py
[2026-03-23T01:21:04.487+0000] {processor.py:914} INFO - Processing file /home/ec2-user/environment/lab4_model_training/venv/lib64/python3.12/site-packages/airflow/example_dags/example_xcom.py for tasks to queue
[2026-03-23T01:21:04.489+0000] {logging_mixin.py:190} INFO - [2026-03-23T01:21:04.488+0000] {dagbag.py:588} INFO - Filling up the DagBag from /home/ec2-user/environment/lab4_model_training/venv/lib64/python3.12/site-packages/airflow/example_dags/example_xcom.py
[2026-03-23T01:21:04.498+0000] {processor.py:925} INFO - DAG(s) 'example_xcom' retrieved from /home/ec2-user/environment/lab4_model_training/venv/lib64/python3.12/site-packages/airflow/example_dags/example_xcom.py
[2026-03-23T01:21:04.514+0000] {logging_mixin.py:190} INFO - [2026-03-23T01:21:04.513+0000] {dag.py:3239} INFO - Sync 1 DAGs
[2026-03-23T01:21:04.532+0000] {logging_mixin.py:190} INFO - [2026-03-23T01:21:04.532+0000] {dag.py:4180} INFO - Setting next_dagrun for example_xcom to 2021-01-01 00:00:00+00:00, run_after=2021-01-01 00:00:00+00:00
[2026-03-23T01:21:04.552+0000] {processor.py:208} INFO - Processing /home/ec2-user/environment/lab4_model_training/venv/lib64/python3.12/site-packages/airflow/example_dags/example_xcom.py took 0.072 seconds
[2026-03-23T01:22:11.360+0000] {processor.py:186} INFO - Started process (PID=9079) to work on /home/ec2-user/environment/lab4_model_training/venv/lib64/python3.12/site-packages/airflow/example_dags/example_xcom.py
[2026-03-23T01:22:11.361+0000] {processor.py:914} INFO - Processing file /home/ec2-user/environment/lab4_model_training/venv/lib64/python3.12/site-packages/airflow/example_dags/example_xcom.py for tasks to queue
[2026-03-23T01:22:11.363+0000] {logging_mixin.py:190} INFO - [2026-03-23T01:22:11.363+0000] {dagbag.py:588} INFO - Filling up the DagBag from /home/ec2-user/environment/lab4_model_training/venv/lib64/python3.12/site-packages/airflow/example_dags/example_xcom.py
[2026-03-23T01:22:11.372+0000] {processor.py:925} INFO - DAG(s) 'example_xcom' retrieved from /home/ec2-user/environment/lab4_model_training/venv/lib64/python3.12/site-packages/airflow/example_dags/example_xcom.py
[2026-03-23T01:22:11.388+0000] {logging_mixin.py:190} INFO - [2026-03-23T01:22:11.387+0000] {dag.py:3239} INFO - Sync 1 DAGs
[2026-03-23T01:22:11.406+0000] {logging_mixin.py:190} INFO - [2026-03-23T01:22:11.406+0000] {dag.py:4180} INFO - Setting next_dagrun for example_xcom to 2021-01-01 00:00:00+00:00, run_after=2021-01-01 00:00:00+00:00
[2026-03-23T01:22:11.428+0000] {processor.py:208} INFO - Processing /home/ec2-user/environment/lab4_model_training/venv/lib64/python3.12/site-packages/airflow/example_dags/example_xcom.py took 0.073 seconds
[2026-03-23T01:23:23.363+0000] {processor.py:186} INFO - Started process (PID=9214) to work on /home/ec2-user/environment/lab4_model_training/venv/lib64/python3.12/site-packages/airflow/example_dags/example_xcom.py
[2026-03-23T01:23:23.364+0000] {processor.py:914} INFO - Processing file /home/ec2-user/environment/lab4_model_training/venv/lib64/python3.12/site-packages/airflow/example_dags/example_xcom.py for tasks to queue
[2026-03-23T01:23:23.366+0000] {logging_mixin.py:190} INFO - [2026-03-23T01:23:23.366+0000] {dagbag.py:588} INFO - Filling up the DagBag from /home/ec2-user/environment/lab4_model_training/venv/lib64/python3.12/site-packages/airflow/example_dags/example_xcom.py
[2026-03-23T01:23:23.375+0000] {processor.py:925} INFO - DAG(s) 'example_xcom' retrieved from /home/ec2-user/environment/lab4_model_training/venv/lib64/python3.12/site-packages/airflow/example_dags/example_xcom.py
[2026-03-23T01:23:23.391+0000] {logging_mixin.py:190} INFO - [2026-03-23T01:23:23.391+0000] {dag.py:3239} INFO - Sync 1 DAGs
[2026-03-23T01:23:23.409+0000] {logging_mixin.py:190} INFO - [2026-03-23T01:23:23.409+0000] {dag.py:4180} INFO - Setting next_dagrun for example_xcom to 2021-01-01 00:00:00+00:00, run_after=2021-01-01 00:00:00+00:00
[2026-03-23T01:23:23.429+0000] {processor.py:208} INFO - Processing /home/ec2-user/environment/lab4_model_training/venv/lib64/python3.12/site-packages/airflow/example_dags/example_xcom.py took 0.072 seconds
[2026-03-23T01:24:27.671+0000] {processor.py:186} INFO - Started process (PID=9421) to work on /home/ec2-user/environment/lab4_model_training/venv/lib64/python3.12/site-packages/airflow/example_dags/example_xcom.py
[2026-03-23T01:24:27.673+0000] {processor.py:914} INFO - Processing file /home/ec2-user/environment/lab4_model_training/venv/lib64/python3.12/site-packages/airflow/example_dags/example_xcom.py for tasks to queue
[2026-03-23T01:24:27.675+0000] {logging_mixin.py:190} INFO - [2026-03-23T01:24:27.675+0000] {dagbag.py:588} INFO - Filling up the DagBag from /home/ec2-user/environment/lab4_model_training/venv/lib64/python3.12/site-packages/airflow/example_dags/example_xcom.py
[2026-03-23T01:24:27.687+0000] {processor.py:925} INFO - DAG(s) 'example_xcom' retrieved from /home/ec2-user/environment/lab4_model_training/venv/lib64/python3.12/site-packages/airflow/example_dags/example_xcom.py
[2026-03-23T01:24:27.709+0000] {logging_mixin.py:190} INFO - [2026-03-23T01:24:27.709+0000] {dag.py:3239} INFO - Sync 1 DAGs
[2026-03-23T01:24:27.736+0000] {logging_mixin.py:190} INFO - [2026-03-23T01:24:27.735+0000] {dag.py:4180} INFO - Setting next_dagrun for example_xcom to 2021-01-01 00:00:00+00:00, run_after=2021-01-01 00:00:00+00:00
[2026-03-23T01:24:27.768+0000] {processor.py:208} INFO - Processing /home/ec2-user/environment/lab4_model_training/venv/lib64/python3.12/site-packages/airflow/example_dags/example_xcom.py took 0.104 seconds
[2026-03-23T01:25:46.396+0000] {processor.py:186} INFO - Started process (PID=9684) to work on /home/ec2-user/environment/lab4_model_training/venv/lib64/python3.12/site-packages/airflow/example_dags/example_xcom.py
[2026-03-23T01:25:46.398+0000] {processor.py:914} INFO - Processing file /home/ec2-user/environment/lab4_model_training/venv/lib64/python3.12/site-packages/airflow/example_dags/example_xcom.py for tasks to queue
[2026-03-23T01:25:46.400+0000] {logging_mixin.py:190} INFO - [2026-03-23T01:25:46.400+0000] {dagbag.py:588} INFO - Filling up the DagBag from /home/ec2-user/environment/lab4_model_training/venv/lib64/python3.12/site-packages/airflow/example_dags/example_xcom.py
[2026-03-23T01:25:46.424+0000] {processor.py:925} INFO - DAG(s) 'example_xcom' retrieved from /home/ec2-user/environment/lab4_model_training/venv/lib64/python3.12/site-packages/airflow/example_dags/example_xcom.py
[2026-03-23T01:25:46.478+0000] {logging_mixin.py:190} INFO - [2026-03-23T01:25:46.477+0000] {dag.py:3239} INFO - Sync 1 DAGs
[2026-03-23T01:25:46.526+0000] {logging_mixin.py:190} INFO - [2026-03-23T01:25:46.525+0000] {dag.py:4180} INFO - Setting next_dagrun for example_xcom to 2021-01-01 00:00:00+00:00, run_after=2021-01-01 00:00:00+00:00
[2026-03-23T01:25:46.565+0000] {processor.py:208} INFO - Processing /home/ec2-user/environment/lab4_model_training/venv/lib64/python3.12/site-packages/airflow/example_dags/example_xcom.py took 0.186 seconds
[2026-03-23T01:27:05.790+0000] {processor.py:186} INFO - Started process (PID=9910) to work on /home/ec2-user/environment/lab4_model_training/venv/lib64/python3.12/site-packages/airflow/example_dags/example_xcom.py
[2026-03-23T01:27:05.791+0000] {processor.py:914} INFO - Processing file /home/ec2-user/environment/lab4_model_training/venv/lib64/python3.12/site-packages/airflow/example_dags/example_xcom.py for tasks to queue
[2026-03-23T01:27:05.793+0000] {logging_mixin.py:190} INFO - [2026-03-23T01:27:05.793+0000] {dagbag.py:588} INFO - Filling up the DagBag from /home/ec2-user/environment/lab4_model_training/venv/lib64/python3.12/site-packages/airflow/example_dags/example_xcom.py
[2026-03-23T01:27:05.802+0000] {processor.py:925} INFO - DAG(s) 'example_xcom' retrieved from /home/ec2-user/environment/lab4_model_training/venv/lib64/python3.12/site-packages/airflow/example_dags/example_xcom.py
[2026-03-23T01:27:05.818+0000] {logging_mixin.py:190} INFO - [2026-03-23T01:27:05.818+0000] {dag.py:3239} INFO - Sync 1 DAGs
[2026-03-23T01:27:05.837+0000] {logging_mixin.py:190} INFO - [2026-03-23T01:27:05.837+0000] {dag.py:4180} INFO - Setting next_dagrun for example_xcom to 2021-01-01 00:00:00+00:00, run_after=2021-01-01 00:00:00+00:00
[2026-03-23T01:27:05.857+0000] {processor.py:208} INFO - Processing /home/ec2-user/environment/lab4_model_training/venv/lib64/python3.12/site-packages/airflow/example_dags/example_xcom.py took 0.073 seconds
[2026-03-23T01:28:09.272+0000] {processor.py:186} INFO - Started process (PID=10066) to work on /home/ec2-user/environment/lab4_model_training/venv/lib64/python3.12/site-packages/airflow/example_dags/example_xcom.py
[2026-03-23T01:28:09.273+0000] {processor.py:914} INFO - Processing file /home/ec2-user/environment/lab4_model_training/venv/lib64/python3.12/site-packages/airflow/example_dags/example_xcom.py for tasks to queue
[2026-03-23T01:28:09.275+0000] {logging_mixin.py:190} INFO - [2026-03-23T01:28:09.275+0000] {dagbag.py:588} INFO - Filling up the DagBag from /home/ec2-user/environment/lab4_model_training/venv/lib64/python3.12/site-packages/airflow/example_dags/example_xcom.py
[2026-03-23T01:28:09.284+0000] {processor.py:925} INFO - DAG(s) 'example_xcom' retrieved from /home/ec2-user/environment/lab4_model_training/venv/lib64/python3.12/site-packages/airflow/example_dags/example_xcom.py
[2026-03-23T01:28:09.300+0000] {logging_mixin.py:190} INFO - [2026-03-23T01:28:09.300+0000] {dag.py:3239} INFO - Sync 1 DAGs
[2026-03-23T01:28:09.319+0000] {logging_mixin.py:190} INFO - [2026-03-23T01:28:09.319+0000] {dag.py:4180} INFO - Setting next_dagrun for example_xcom to 2021-01-01 00:00:00+00:00, run_after=2021-01-01 00:00:00+00:00
[2026-03-23T01:28:09.341+0000] {processor.py:208} INFO - Processing /home/ec2-user/environment/lab4_model_training/venv/lib64/python3.12/site-packages/airflow/example_dags/example_xcom.py took 0.075 seconds
[2026-03-23T01:29:12.944+0000] {processor.py:186} INFO - Started process (PID=10250) to work on /home/ec2-user/environment/lab4_model_training/venv/lib64/python3.12/site-packages/airflow/example_dags/example_xcom.py
[2026-03-23T01:29:12.945+0000] {processor.py:914} INFO - Processing file /home/ec2-user/environment/lab4_model_training/venv/lib64/python3.12/site-packages/airflow/example_dags/example_xcom.py for tasks to queue
[2026-03-23T01:29:12.947+0000] {logging_mixin.py:190} INFO - [2026-03-23T01:29:12.947+0000] {dagbag.py:588} INFO - Filling up the DagBag from /home/ec2-user/environment/lab4_model_training/venv/lib64/python3.12/site-packages/airflow/example_dags/example_xcom.py
[2026-03-23T01:29:12.956+0000] {processor.py:925} INFO - DAG(s) 'example_xcom' retrieved from /home/ec2-user/environment/lab4_model_training/venv/lib64/python3.12/site-packages/airflow/example_dags/example_xcom.py
[2026-03-23T01:29:12.972+0000] {logging_mixin.py:190} INFO - [2026-03-23T01:29:12.972+0000] {dag.py:3239} INFO - Sync 1 DAGs
[2026-03-23T01:29:12.990+0000] {logging_mixin.py:190} INFO - [2026-03-23T01:29:12.990+0000] {dag.py:4180} INFO - Setting next_dagrun for example_xcom to 2021-01-01 00:00:00+00:00, run_after=2021-01-01 00:00:00+00:00
[2026-03-23T01:29:13.011+0000] {processor.py:208} INFO - Processing /home/ec2-user/environment/lab4_model_training/venv/lib64/python3.12/site-packages/airflow/example_dags/example_xcom.py took 0.072 seconds
[2026-03-23T01:30:20.125+0000] {processor.py:186} INFO - Started process (PID=10489) to work on /home/ec2-user/environment/lab4_model_training/venv/lib64/python3.12/site-packages/airflow/example_dags/example_xcom.py
[2026-03-23T01:30:20.126+0000] {processor.py:914} INFO - Processing file /home/ec2-user/environment/lab4_model_training/venv/lib64/python3.12/site-packages/airflow/example_dags/example_xcom.py for tasks to queue
[2026-03-23T01:30:20.128+0000] {logging_mixin.py:190} INFO - [2026-03-23T01:30:20.128+0000] {dagbag.py:588} INFO - Filling up the DagBag from /home/ec2-user/environment/lab4_model_training/venv/lib64/python3.12/site-packages/airflow/example_dags/example_xcom.py
[2026-03-23T01:30:20.137+0000] {processor.py:925} INFO - DAG(s) 'example_xcom' retrieved from /home/ec2-user/environment/lab4_model_training/venv/lib64/python3.12/site-packages/airflow/example_dags/example_xcom.py
[2026-03-23T01:30:20.153+0000] {logging_mixin.py:190} INFO - [2026-03-23T01:30:20.152+0000] {dag.py:3239} INFO - Sync 1 DAGs
[2026-03-23T01:30:20.171+0000] {logging_mixin.py:190} INFO - [2026-03-23T01:30:20.171+0000] {dag.py:4180} INFO - Setting next_dagrun for example_xcom to 2021-01-01 00:00:00+00:00, run_after=2021-01-01 00:00:00+00:00
[2026-03-23T01:30:20.192+0000] {processor.py:208} INFO - Processing /home/ec2-user/environment/lab4_model_training/venv/lib64/python3.12/site-packages/airflow/example_dags/example_xcom.py took 0.073 seconds
[2026-03-23T01:31:24.921+0000] {processor.py:186} INFO - Started process (PID=10675) to work on /home/ec2-user/environment/lab4_model_training/venv/lib64/python3.12/site-packages/airflow/example_dags/example_xcom.py
[2026-03-23T01:31:24.922+0000] {processor.py:914} INFO - Processing file /home/ec2-user/environment/lab4_model_training/venv/lib64/python3.12/site-packages/airflow/example_dags/example_xcom.py for tasks to queue
[2026-03-23T01:31:24.924+0000] {logging_mixin.py:190} INFO - [2026-03-23T01:31:24.924+0000] {dagbag.py:588} INFO - Filling up the DagBag from /home/ec2-user/environment/lab4_model_training/venv/lib64/python3.12/site-packages/airflow/example_dags/example_xcom.py
[2026-03-23T01:31:24.933+0000] {processor.py:925} INFO - DAG(s) 'example_xcom' retrieved from /home/ec2-user/environment/lab4_model_training/venv/lib64/python3.12/site-packages/airflow/example_dags/example_xcom.py
[2026-03-23T01:31:24.950+0000] {logging_mixin.py:190} INFO - [2026-03-23T01:31:24.950+0000] {dag.py:3239} INFO - Sync 1 DAGs
[2026-03-23T01:31:24.969+0000] {logging_mixin.py:190} INFO - [2026-03-23T01:31:24.969+0000] {dag.py:4180} INFO - Setting next_dagrun for example_xcom to 2021-01-01 00:00:00+00:00, run_after=2021-01-01 00:00:00+00:00
[2026-03-23T01:31:24.991+0000] {processor.py:208} INFO - Processing /home/ec2-user/environment/lab4_model_training/venv/lib64/python3.12/site-packages/airflow/example_dags/example_xcom.py took 0.075 seconds
[2026-03-23T01:32:29.846+0000] {processor.py:186} INFO - Started process (PID=10869) to work on /home/ec2-user/environment/lab4_model_training/venv/lib64/python3.12/site-packages/airflow/example_dags/example_xcom.py
[2026-03-23T01:32:29.847+0000] {processor.py:914} INFO - Processing file /home/ec2-user/environment/lab4_model_training/venv/lib64/python3.12/site-packages/airflow/example_dags/example_xcom.py for tasks to queue
[2026-03-23T01:32:29.849+0000] {logging_mixin.py:190} INFO - [2026-03-23T01:32:29.849+0000] {dagbag.py:588} INFO - Filling up the DagBag from /home/ec2-user/environment/lab4_model_training/venv/lib64/python3.12/site-packages/airflow/example_dags/example_xcom.py
[2026-03-23T01:32:29.858+0000] {processor.py:925} INFO - DAG(s) 'example_xcom' retrieved from /home/ec2-user/environment/lab4_model_training/venv/lib64/python3.12/site-packages/airflow/example_dags/example_xcom.py
[2026-03-23T01:32:29.874+0000] {logging_mixin.py:190} INFO - [2026-03-23T01:32:29.874+0000] {dag.py:3239} INFO - Sync 1 DAGs
[2026-03-23T01:32:29.892+0000] {logging_mixin.py:190} INFO - [2026-03-23T01:32:29.892+0000] {dag.py:4180} INFO - Setting next_dagrun for example_xcom to 2021-01-01 00:00:00+00:00, run_after=2021-01-01 00:00:00+00:00
[2026-03-23T01:32:29.915+0000] {processor.py:208} INFO - Processing /home/ec2-user/environment/lab4_model_training/venv/lib64/python3.12/site-packages/airflow/example_dags/example_xcom.py took 0.074 seconds
[2026-03-23T01:33:36.052+0000] {processor.py:186} INFO - Started process (PID=11067) to work on /home/ec2-user/environment/lab4_model_training/venv/lib64/python3.12/site-packages/airflow/example_dags/example_xcom.py
[2026-03-23T01:33:36.053+0000] {processor.py:914} INFO - Processing file /home/ec2-user/environment/lab4_model_training/venv/lib64/python3.12/site-packages/airflow/example_dags/example_xcom.py for tasks to queue
[2026-03-23T01:33:36.055+0000] {logging_mixin.py:190} INFO - [2026-03-23T01:33:36.055+0000] {dagbag.py:588} INFO - Filling up the DagBag from /home/ec2-user/environment/lab4_model_training/venv/lib64/python3.12/site-packages/airflow/example_dags/example_xcom.py
[2026-03-23T01:33:36.064+0000] {processor.py:925} INFO - DAG(s) 'example_xcom' retrieved from /home/ec2-user/environment/lab4_model_training/venv/lib64/python3.12/site-packages/airflow/example_dags/example_xcom.py
[2026-03-23T01:33:36.080+0000] {logging_mixin.py:190} INFO - [2026-03-23T01:33:36.080+0000] {dag.py:3239} INFO - Sync 1 DAGs
[2026-03-23T01:33:36.099+0000] {logging_mixin.py:190} INFO - [2026-03-23T01:33:36.098+0000] {dag.py:4180} INFO - Setting next_dagrun for example_xcom to 2021-01-01 00:00:00+00:00, run_after=2021-01-01 00:00:00+00:00
[2026-03-23T01:33:36.119+0000] {processor.py:208} INFO - Processing /home/ec2-user/environment/lab4_model_training/venv/lib64/python3.12/site-packages/airflow/example_dags/example_xcom.py took 0.073 seconds
[2026-03-23T01:34:43.254+0000] {processor.py:186} INFO - Started process (PID=11181) to work on /home/ec2-user/environment/lab4_model_training/venv/lib64/python3.12/site-packages/airflow/example_dags/example_xcom.py
[2026-03-23T01:34:43.255+0000] {processor.py:914} INFO - Processing file /home/ec2-user/environment/lab4_model_training/venv/lib64/python3.12/site-packages/airflow/example_dags/example_xcom.py for tasks to queue
[2026-03-23T01:34:43.257+0000] {logging_mixin.py:190} INFO - [2026-03-23T01:34:43.257+0000] {dagbag.py:588} INFO - Filling up the DagBag from /home/ec2-user/environment/lab4_model_training/venv/lib64/python3.12/site-packages/airflow/example_dags/example_xcom.py
[2026-03-23T01:34:43.266+0000] {processor.py:925} INFO - DAG(s) 'example_xcom' retrieved from /home/ec2-user/environment/lab4_model_training/venv/lib64/python3.12/site-packages/airflow/example_dags/example_xcom.py
[2026-03-23T01:34:43.282+0000] {logging_mixin.py:190} INFO - [2026-03-23T01:34:43.282+0000] {dag.py:3239} INFO - Sync 1 DAGs
[2026-03-23T01:34:43.301+0000] {logging_mixin.py:190} INFO - [2026-03-23T01:34:43.301+0000] {dag.py:4180} INFO - Setting next_dagrun for example_xcom to 2021-01-01 00:00:00+00:00, run_after=2021-01-01 00:00:00+00:00
[2026-03-23T01:34:43.322+0000] {processor.py:208} INFO - Processing /home/ec2-user/environment/lab4_model_training/venv/lib64/python3.12/site-packages/airflow/example_dags/example_xcom.py took 0.074 seconds
