[2026-03-23T00:59:20.139+0000] {processor.py:186} INFO - Started process (PID=5831) to work on /home/ec2-user/environment/lab4_model_training/venv/lib64/python3.12/site-packages/airflow/example_dags/example_latest_only.py
[2026-03-23T00:59:20.140+0000] {processor.py:914} INFO - Processing file /home/ec2-user/environment/lab4_model_training/venv/lib64/python3.12/site-packages/airflow/example_dags/example_latest_only.py for tasks to queue
[2026-03-23T00:59:20.142+0000] {logging_mixin.py:190} INFO - [2026-03-23T00:59:20.141+0000] {dagbag.py:588} INFO - Filling up the DagBag from /home/ec2-user/environment/lab4_model_training/venv/lib64/python3.12/site-packages/airflow/example_dags/example_latest_only.py
[2026-03-23T00:59:20.151+0000] {processor.py:925} INFO - DAG(s) 'latest_only' retrieved from /home/ec2-user/environment/lab4_model_training/venv/lib64/python3.12/site-packages/airflow/example_dags/example_latest_only.py
[2026-03-23T00:59:20.167+0000] {logging_mixin.py:190} INFO - [2026-03-23T00:59:20.167+0000] {dag.py:3239} INFO - Sync 1 DAGs
[2026-03-23T00:59:20.186+0000] {logging_mixin.py:190} INFO - [2026-03-23T00:59:20.186+0000] {dag.py:4180} INFO - Setting next_dagrun for latest_only to 2026-03-22 20:00:00+00:00, run_after=2026-03-23 00:00:00+00:00
[2026-03-23T00:59:20.207+0000] {processor.py:208} INFO - Processing /home/ec2-user/environment/lab4_model_training/venv/lib64/python3.12/site-packages/airflow/example_dags/example_latest_only.py took 0.073 seconds
[2026-03-23T01:00:22.800+0000] {processor.py:186} INFO - Started process (PID=5992) to work on /home/ec2-user/environment/lab4_model_training/venv/lib64/python3.12/site-packages/airflow/example_dags/example_latest_only.py
[2026-03-23T01:00:22.801+0000] {processor.py:914} INFO - Processing file /home/ec2-user/environment/lab4_model_training/venv/lib64/python3.12/site-packages/airflow/example_dags/example_latest_only.py for tasks to queue
[2026-03-23T01:00:22.803+0000] {logging_mixin.py:190} INFO - [2026-03-23T01:00:22.803+0000] {dagbag.py:588} INFO - Filling up the DagBag from /home/ec2-user/environment/lab4_model_training/venv/lib64/python3.12/site-packages/airflow/example_dags/example_latest_only.py
[2026-03-23T01:00:22.810+0000] {processor.py:925} INFO - DAG(s) 'latest_only' retrieved from /home/ec2-user/environment/lab4_model_training/venv/lib64/python3.12/site-packages/airflow/example_dags/example_latest_only.py
[2026-03-23T01:00:22.825+0000] {logging_mixin.py:190} INFO - [2026-03-23T01:00:22.824+0000] {dag.py:3239} INFO - Sync 1 DAGs
[2026-03-23T01:00:22.843+0000] {logging_mixin.py:190} INFO - [2026-03-23T01:00:22.843+0000] {dag.py:4180} INFO - Setting next_dagrun for latest_only to 2026-03-22 20:00:00+00:00, run_after=2026-03-23 00:00:00+00:00
[2026-03-23T01:00:22.866+0000] {processor.py:208} INFO - Processing /home/ec2-user/environment/lab4_model_training/venv/lib64/python3.12/site-packages/airflow/example_dags/example_latest_only.py took 0.071 seconds
[2026-03-23T01:01:26.313+0000] {processor.py:186} INFO - Started process (PID=6203) to work on /home/ec2-user/environment/lab4_model_training/venv/lib64/python3.12/site-packages/airflow/example_dags/example_latest_only.py
[2026-03-23T01:01:26.315+0000] {processor.py:914} INFO - Processing file /home/ec2-user/environment/lab4_model_training/venv/lib64/python3.12/site-packages/airflow/example_dags/example_latest_only.py for tasks to queue
[2026-03-23T01:01:26.317+0000] {logging_mixin.py:190} INFO - [2026-03-23T01:01:26.316+0000] {dagbag.py:588} INFO - Filling up the DagBag from /home/ec2-user/environment/lab4_model_training/venv/lib64/python3.12/site-packages/airflow/example_dags/example_latest_only.py
[2026-03-23T01:01:26.326+0000] {processor.py:925} INFO - DAG(s) 'latest_only' retrieved from /home/ec2-user/environment/lab4_model_training/venv/lib64/python3.12/site-packages/airflow/example_dags/example_latest_only.py
[2026-03-23T01:01:26.341+0000] {logging_mixin.py:190} INFO - [2026-03-23T01:01:26.341+0000] {dag.py:3239} INFO - Sync 1 DAGs
[2026-03-23T01:01:26.362+0000] {logging_mixin.py:190} INFO - [2026-03-23T01:01:26.362+0000] {dag.py:4180} INFO - Setting next_dagrun for latest_only to 2026-03-22 20:00:00+00:00, run_after=2026-03-23 00:00:00+00:00
[2026-03-23T01:01:26.383+0000] {processor.py:208} INFO - Processing /home/ec2-user/environment/lab4_model_training/venv/lib64/python3.12/site-packages/airflow/example_dags/example_latest_only.py took 0.075 seconds
[2026-03-23T01:02:28.692+0000] {processor.py:186} INFO - Started process (PID=6350) to work on /home/ec2-user/environment/lab4_model_training/venv/lib64/python3.12/site-packages/airflow/example_dags/example_latest_only.py
[2026-03-23T01:02:28.693+0000] {processor.py:914} INFO - Processing file /home/ec2-user/environment/lab4_model_training/venv/lib64/python3.12/site-packages/airflow/example_dags/example_latest_only.py for tasks to queue
[2026-03-23T01:02:28.695+0000] {logging_mixin.py:190} INFO - [2026-03-23T01:02:28.695+0000] {dagbag.py:588} INFO - Filling up the DagBag from /home/ec2-user/environment/lab4_model_training/venv/lib64/python3.12/site-packages/airflow/example_dags/example_latest_only.py
[2026-03-23T01:02:28.702+0000] {processor.py:925} INFO - DAG(s) 'latest_only' retrieved from /home/ec2-user/environment/lab4_model_training/venv/lib64/python3.12/site-packages/airflow/example_dags/example_latest_only.py
[2026-03-23T01:02:28.717+0000] {logging_mixin.py:190} INFO - [2026-03-23T01:02:28.717+0000] {dag.py:3239} INFO - Sync 1 DAGs
[2026-03-23T01:02:28.740+0000] {logging_mixin.py:190} INFO - [2026-03-23T01:02:28.740+0000] {dag.py:4180} INFO - Setting next_dagrun for latest_only to 2026-03-22 20:00:00+00:00, run_after=2026-03-23 00:00:00+00:00
[2026-03-23T01:02:28.763+0000] {processor.py:208} INFO - Processing /home/ec2-user/environment/lab4_model_training/venv/lib64/python3.12/site-packages/airflow/example_dags/example_latest_only.py took 0.076 seconds
[2026-03-23T01:03:35.845+0000] {processor.py:186} INFO - Started process (PID=6555) to work on /home/ec2-user/environment/lab4_model_training/venv/lib64/python3.12/site-packages/airflow/example_dags/example_latest_only.py
[2026-03-23T01:03:35.847+0000] {processor.py:914} INFO - Processing file /home/ec2-user/environment/lab4_model_training/venv/lib64/python3.12/site-packages/airflow/example_dags/example_latest_only.py for tasks to queue
[2026-03-23T01:03:35.849+0000] {logging_mixin.py:190} INFO - [2026-03-23T01:03:35.848+0000] {dagbag.py:588} INFO - Filling up the DagBag from /home/ec2-user/environment/lab4_model_training/venv/lib64/python3.12/site-packages/airflow/example_dags/example_latest_only.py
[2026-03-23T01:03:35.855+0000] {processor.py:925} INFO - DAG(s) 'latest_only' retrieved from /home/ec2-user/environment/lab4_model_training/venv/lib64/python3.12/site-packages/airflow/example_dags/example_latest_only.py
[2026-03-23T01:03:35.870+0000] {logging_mixin.py:190} INFO - [2026-03-23T01:03:35.870+0000] {dag.py:3239} INFO - Sync 1 DAGs
[2026-03-23T01:03:35.889+0000] {logging_mixin.py:190} INFO - [2026-03-23T01:03:35.889+0000] {dag.py:4180} INFO - Setting next_dagrun for latest_only to 2026-03-22 20:00:00+00:00, run_after=2026-03-23 00:00:00+00:00
[2026-03-23T01:03:35.909+0000] {processor.py:208} INFO - Processing /home/ec2-user/environment/lab4_model_training/venv/lib64/python3.12/site-packages/airflow/example_dags/example_latest_only.py took 0.069 seconds
[2026-03-23T01:04:40.033+0000] {processor.py:186} INFO - Started process (PID=6688) to work on /home/ec2-user/environment/lab4_model_training/venv/lib64/python3.12/site-packages/airflow/example_dags/example_latest_only.py
[2026-03-23T01:04:40.035+0000] {processor.py:914} INFO - Processing file /home/ec2-user/environment/lab4_model_training/venv/lib64/python3.12/site-packages/airflow/example_dags/example_latest_only.py for tasks to queue
[2026-03-23T01:04:40.036+0000] {logging_mixin.py:190} INFO - [2026-03-23T01:04:40.036+0000] {dagbag.py:588} INFO - Filling up the DagBag from /home/ec2-user/environment/lab4_model_training/venv/lib64/python3.12/site-packages/airflow/example_dags/example_latest_only.py
[2026-03-23T01:04:40.043+0000] {processor.py:925} INFO - DAG(s) 'latest_only' retrieved from /home/ec2-user/environment/lab4_model_training/venv/lib64/python3.12/site-packages/airflow/example_dags/example_latest_only.py
[2026-03-23T01:04:40.058+0000] {logging_mixin.py:190} INFO - [2026-03-23T01:04:40.057+0000] {dag.py:3239} INFO - Sync 1 DAGs
[2026-03-23T01:04:40.077+0000] {logging_mixin.py:190} INFO - [2026-03-23T01:04:40.077+0000] {dag.py:4180} INFO - Setting next_dagrun for latest_only to 2026-03-22 20:00:00+00:00, run_after=2026-03-23 00:00:00+00:00
[2026-03-23T01:04:40.098+0000] {processor.py:208} INFO - Processing /home/ec2-user/environment/lab4_model_training/venv/lib64/python3.12/site-packages/airflow/example_dags/example_latest_only.py took 0.070 seconds
[2026-03-23T01:05:50.671+0000] {processor.py:186} INFO - Started process (PID=6863) to work on /home/ec2-user/environment/lab4_model_training/venv/lib64/python3.12/site-packages/airflow/example_dags/example_latest_only.py
[2026-03-23T01:05:50.672+0000] {processor.py:914} INFO - Processing file /home/ec2-user/environment/lab4_model_training/venv/lib64/python3.12/site-packages/airflow/example_dags/example_latest_only.py for tasks to queue
[2026-03-23T01:05:50.674+0000] {logging_mixin.py:190} INFO - [2026-03-23T01:05:50.674+0000] {dagbag.py:588} INFO - Filling up the DagBag from /home/ec2-user/environment/lab4_model_training/venv/lib64/python3.12/site-packages/airflow/example_dags/example_latest_only.py
[2026-03-23T01:05:50.681+0000] {processor.py:925} INFO - DAG(s) 'latest_only' retrieved from /home/ec2-user/environment/lab4_model_training/venv/lib64/python3.12/site-packages/airflow/example_dags/example_latest_only.py
[2026-03-23T01:05:50.696+0000] {logging_mixin.py:190} INFO - [2026-03-23T01:05:50.696+0000] {dag.py:3239} INFO - Sync 1 DAGs
[2026-03-23T01:05:50.715+0000] {logging_mixin.py:190} INFO - [2026-03-23T01:05:50.715+0000] {dag.py:4180} INFO - Setting next_dagrun for latest_only to 2026-03-22 20:00:00+00:00, run_after=2026-03-23 00:00:00+00:00
[2026-03-23T01:05:50.736+0000] {processor.py:208} INFO - Processing /home/ec2-user/environment/lab4_model_training/venv/lib64/python3.12/site-packages/airflow/example_dags/example_latest_only.py took 0.071 seconds
[2026-03-23T01:07:06.458+0000] {processor.py:186} INFO - Started process (PID=7076) to work on /home/ec2-user/environment/lab4_model_training/venv/lib64/python3.12/site-packages/airflow/example_dags/example_latest_only.py
[2026-03-23T01:07:06.459+0000] {processor.py:914} INFO - Processing file /home/ec2-user/environment/lab4_model_training/venv/lib64/python3.12/site-packages/airflow/example_dags/example_latest_only.py for tasks to queue
[2026-03-23T01:07:06.461+0000] {logging_mixin.py:190} INFO - [2026-03-23T01:07:06.461+0000] {dagbag.py:588} INFO - Filling up the DagBag from /home/ec2-user/environment/lab4_model_training/venv/lib64/python3.12/site-packages/airflow/example_dags/example_latest_only.py
[2026-03-23T01:07:06.468+0000] {processor.py:925} INFO - DAG(s) 'latest_only' retrieved from /home/ec2-user/environment/lab4_model_training/venv/lib64/python3.12/site-packages/airflow/example_dags/example_latest_only.py
[2026-03-23T01:07:06.483+0000] {logging_mixin.py:190} INFO - [2026-03-23T01:07:06.483+0000] {dag.py:3239} INFO - Sync 1 DAGs
[2026-03-23T01:07:06.502+0000] {logging_mixin.py:190} INFO - [2026-03-23T01:07:06.502+0000] {dag.py:4180} INFO - Setting next_dagrun for latest_only to 2026-03-22 20:00:00+00:00, run_after=2026-03-23 00:00:00+00:00
[2026-03-23T01:07:06.524+0000] {processor.py:208} INFO - Processing /home/ec2-user/environment/lab4_model_training/venv/lib64/python3.12/site-packages/airflow/example_dags/example_latest_only.py took 0.072 seconds
[2026-03-23T01:08:15.376+0000] {processor.py:186} INFO - Started process (PID=7196) to work on /home/ec2-user/environment/lab4_model_training/venv/lib64/python3.12/site-packages/airflow/example_dags/example_latest_only.py
[2026-03-23T01:08:15.378+0000] {processor.py:914} INFO - Processing file /home/ec2-user/environment/lab4_model_training/venv/lib64/python3.12/site-packages/airflow/example_dags/example_latest_only.py for tasks to queue
[2026-03-23T01:08:15.380+0000] {logging_mixin.py:190} INFO - [2026-03-23T01:08:15.379+0000] {dagbag.py:588} INFO - Filling up the DagBag from /home/ec2-user/environment/lab4_model_training/venv/lib64/python3.12/site-packages/airflow/example_dags/example_latest_only.py
[2026-03-23T01:08:15.387+0000] {processor.py:925} INFO - DAG(s) 'latest_only' retrieved from /home/ec2-user/environment/lab4_model_training/venv/lib64/python3.12/site-packages/airflow/example_dags/example_latest_only.py
[2026-03-23T01:08:15.401+0000] {logging_mixin.py:190} INFO - [2026-03-23T01:08:15.401+0000] {dag.py:3239} INFO - Sync 1 DAGs
[2026-03-23T01:08:15.421+0000] {logging_mixin.py:190} INFO - [2026-03-23T01:08:15.421+0000] {dag.py:4180} INFO - Setting next_dagrun for latest_only to 2026-03-22 20:00:00+00:00, run_after=2026-03-23 00:00:00+00:00
[2026-03-23T01:08:15.443+0000] {processor.py:208} INFO - Processing /home/ec2-user/environment/lab4_model_training/venv/lib64/python3.12/site-packages/airflow/example_dags/example_latest_only.py took 0.072 seconds
[2026-03-23T01:09:30.872+0000] {processor.py:186} INFO - Started process (PID=7370) to work on /home/ec2-user/environment/lab4_model_training/venv/lib64/python3.12/site-packages/airflow/example_dags/example_latest_only.py
[2026-03-23T01:09:30.873+0000] {processor.py:914} INFO - Processing file /home/ec2-user/environment/lab4_model_training/venv/lib64/python3.12/site-packages/airflow/example_dags/example_latest_only.py for tasks to queue
[2026-03-23T01:09:30.875+0000] {logging_mixin.py:190} INFO - [2026-03-23T01:09:30.875+0000] {dagbag.py:588} INFO - Filling up the DagBag from /home/ec2-user/environment/lab4_model_training/venv/lib64/python3.12/site-packages/airflow/example_dags/example_latest_only.py
[2026-03-23T01:09:30.882+0000] {processor.py:925} INFO - DAG(s) 'latest_only' retrieved from /home/ec2-user/environment/lab4_model_training/venv/lib64/python3.12/site-packages/airflow/example_dags/example_latest_only.py
[2026-03-23T01:09:30.897+0000] {logging_mixin.py:190} INFO - [2026-03-23T01:09:30.897+0000] {dag.py:3239} INFO - Sync 1 DAGs
[2026-03-23T01:09:30.917+0000] {logging_mixin.py:190} INFO - [2026-03-23T01:09:30.916+0000] {dag.py:4180} INFO - Setting next_dagrun for latest_only to 2026-03-22 20:00:00+00:00, run_after=2026-03-23 00:00:00+00:00
[2026-03-23T01:09:30.938+0000] {processor.py:208} INFO - Processing /home/ec2-user/environment/lab4_model_training/venv/lib64/python3.12/site-packages/airflow/example_dags/example_latest_only.py took 0.071 seconds
[2026-03-23T01:10:46.739+0000] {processor.py:186} INFO - Started process (PID=7567) to work on /home/ec2-user/environment/lab4_model_training/venv/lib64/python3.12/site-packages/airflow/example_dags/example_latest_only.py
[2026-03-23T01:10:46.740+0000] {processor.py:914} INFO - Processing file /home/ec2-user/environment/lab4_model_training/venv/lib64/python3.12/site-packages/airflow/example_dags/example_latest_only.py for tasks to queue
[2026-03-23T01:10:46.742+0000] {logging_mixin.py:190} INFO - [2026-03-23T01:10:46.742+0000] {dagbag.py:588} INFO - Filling up the DagBag from /home/ec2-user/environment/lab4_model_training/venv/lib64/python3.12/site-packages/airflow/example_dags/example_latest_only.py
[2026-03-23T01:10:46.749+0000] {processor.py:925} INFO - DAG(s) 'latest_only' retrieved from /home/ec2-user/environment/lab4_model_training/venv/lib64/python3.12/site-packages/airflow/example_dags/example_latest_only.py
[2026-03-23T01:10:46.764+0000] {logging_mixin.py:190} INFO - [2026-03-23T01:10:46.763+0000] {dag.py:3239} INFO - Sync 1 DAGs
[2026-03-23T01:10:46.783+0000] {logging_mixin.py:190} INFO - [2026-03-23T01:10:46.782+0000] {dag.py:4180} INFO - Setting next_dagrun for latest_only to 2026-03-22 20:00:00+00:00, run_after=2026-03-23 00:00:00+00:00
[2026-03-23T01:10:46.819+0000] {processor.py:208} INFO - Processing /home/ec2-user/environment/lab4_model_training/venv/lib64/python3.12/site-packages/airflow/example_dags/example_latest_only.py took 0.085 seconds
[2026-03-23T01:11:50.457+0000] {processor.py:186} INFO - Started process (PID=7724) to work on /home/ec2-user/environment/lab4_model_training/venv/lib64/python3.12/site-packages/airflow/example_dags/example_latest_only.py
[2026-03-23T01:11:50.458+0000] {processor.py:914} INFO - Processing file /home/ec2-user/environment/lab4_model_training/venv/lib64/python3.12/site-packages/airflow/example_dags/example_latest_only.py for tasks to queue
[2026-03-23T01:11:50.460+0000] {logging_mixin.py:190} INFO - [2026-03-23T01:11:50.460+0000] {dagbag.py:588} INFO - Filling up the DagBag from /home/ec2-user/environment/lab4_model_training/venv/lib64/python3.12/site-packages/airflow/example_dags/example_latest_only.py
[2026-03-23T01:11:50.467+0000] {processor.py:925} INFO - DAG(s) 'latest_only' retrieved from /home/ec2-user/environment/lab4_model_training/venv/lib64/python3.12/site-packages/airflow/example_dags/example_latest_only.py
[2026-03-23T01:11:50.482+0000] {logging_mixin.py:190} INFO - [2026-03-23T01:11:50.481+0000] {dag.py:3239} INFO - Sync 1 DAGs
[2026-03-23T01:11:50.501+0000] {logging_mixin.py:190} INFO - [2026-03-23T01:11:50.500+0000] {dag.py:4180} INFO - Setting next_dagrun for latest_only to 2026-03-22 20:00:00+00:00, run_after=2026-03-23 00:00:00+00:00
[2026-03-23T01:11:50.522+0000] {processor.py:208} INFO - Processing /home/ec2-user/environment/lab4_model_training/venv/lib64/python3.12/site-packages/airflow/example_dags/example_latest_only.py took 0.071 seconds
[2026-03-23T01:12:55.738+0000] {processor.py:186} INFO - Started process (PID=7837) to work on /home/ec2-user/environment/lab4_model_training/venv/lib64/python3.12/site-packages/airflow/example_dags/example_latest_only.py
[2026-03-23T01:12:55.740+0000] {processor.py:914} INFO - Processing file /home/ec2-user/environment/lab4_model_training/venv/lib64/python3.12/site-packages/airflow/example_dags/example_latest_only.py for tasks to queue
[2026-03-23T01:12:55.741+0000] {logging_mixin.py:190} INFO - [2026-03-23T01:12:55.741+0000] {dagbag.py:588} INFO - Filling up the DagBag from /home/ec2-user/environment/lab4_model_training/venv/lib64/python3.12/site-packages/airflow/example_dags/example_latest_only.py
[2026-03-23T01:12:55.748+0000] {processor.py:925} INFO - DAG(s) 'latest_only' retrieved from /home/ec2-user/environment/lab4_model_training/venv/lib64/python3.12/site-packages/airflow/example_dags/example_latest_only.py
[2026-03-23T01:12:55.763+0000] {logging_mixin.py:190} INFO - [2026-03-23T01:12:55.763+0000] {dag.py:3239} INFO - Sync 1 DAGs
[2026-03-23T01:12:55.782+0000] {logging_mixin.py:190} INFO - [2026-03-23T01:12:55.782+0000] {dag.py:4180} INFO - Setting next_dagrun for latest_only to 2026-03-22 20:00:00+00:00, run_after=2026-03-23 00:00:00+00:00
[2026-03-23T01:12:55.803+0000] {processor.py:208} INFO - Processing /home/ec2-user/environment/lab4_model_training/venv/lib64/python3.12/site-packages/airflow/example_dags/example_latest_only.py took 0.070 seconds
[2026-03-23T01:13:58.379+0000] {processor.py:186} INFO - Started process (PID=7987) to work on /home/ec2-user/environment/lab4_model_training/venv/lib64/python3.12/site-packages/airflow/example_dags/example_latest_only.py
[2026-03-23T01:13:58.380+0000] {processor.py:914} INFO - Processing file /home/ec2-user/environment/lab4_model_training/venv/lib64/python3.12/site-packages/airflow/example_dags/example_latest_only.py for tasks to queue
[2026-03-23T01:13:58.382+0000] {logging_mixin.py:190} INFO - [2026-03-23T01:13:58.381+0000] {dagbag.py:588} INFO - Filling up the DagBag from /home/ec2-user/environment/lab4_model_training/venv/lib64/python3.12/site-packages/airflow/example_dags/example_latest_only.py
[2026-03-23T01:13:58.389+0000] {processor.py:925} INFO - DAG(s) 'latest_only' retrieved from /home/ec2-user/environment/lab4_model_training/venv/lib64/python3.12/site-packages/airflow/example_dags/example_latest_only.py
[2026-03-23T01:13:58.404+0000] {logging_mixin.py:190} INFO - [2026-03-23T01:13:58.403+0000] {dag.py:3239} INFO - Sync 1 DAGs
[2026-03-23T01:13:58.423+0000] {logging_mixin.py:190} INFO - [2026-03-23T01:13:58.423+0000] {dag.py:4180} INFO - Setting next_dagrun for latest_only to 2026-03-22 20:00:00+00:00, run_after=2026-03-23 00:00:00+00:00
[2026-03-23T01:13:58.445+0000] {processor.py:208} INFO - Processing /home/ec2-user/environment/lab4_model_training/venv/lib64/python3.12/site-packages/airflow/example_dags/example_latest_only.py took 0.071 seconds
[2026-03-23T01:15:07.327+0000] {processor.py:186} INFO - Started process (PID=8124) to work on /home/ec2-user/environment/lab4_model_training/venv/lib64/python3.12/site-packages/airflow/example_dags/example_latest_only.py
[2026-03-23T01:15:07.329+0000] {processor.py:914} INFO - Processing file /home/ec2-user/environment/lab4_model_training/venv/lib64/python3.12/site-packages/airflow/example_dags/example_latest_only.py for tasks to queue
[2026-03-23T01:15:07.330+0000] {logging_mixin.py:190} INFO - [2026-03-23T01:15:07.330+0000] {dagbag.py:588} INFO - Filling up the DagBag from /home/ec2-user/environment/lab4_model_training/venv/lib64/python3.12/site-packages/airflow/example_dags/example_latest_only.py
[2026-03-23T01:15:07.337+0000] {processor.py:925} INFO - DAG(s) 'latest_only' retrieved from /home/ec2-user/environment/lab4_model_training/venv/lib64/python3.12/site-packages/airflow/example_dags/example_latest_only.py
[2026-03-23T01:15:07.352+0000] {logging_mixin.py:190} INFO - [2026-03-23T01:15:07.352+0000] {dag.py:3239} INFO - Sync 1 DAGs
[2026-03-23T01:15:07.371+0000] {logging_mixin.py:190} INFO - [2026-03-23T01:15:07.371+0000] {dag.py:4180} INFO - Setting next_dagrun for latest_only to 2026-03-22 20:00:00+00:00, run_after=2026-03-23 00:00:00+00:00
[2026-03-23T01:15:07.393+0000] {processor.py:208} INFO - Processing /home/ec2-user/environment/lab4_model_training/venv/lib64/python3.12/site-packages/airflow/example_dags/example_latest_only.py took 0.071 seconds
[2026-03-23T01:16:15.797+0000] {processor.py:186} INFO - Started process (PID=8281) to work on /home/ec2-user/environment/lab4_model_training/venv/lib64/python3.12/site-packages/airflow/example_dags/example_latest_only.py
[2026-03-23T01:16:15.798+0000] {processor.py:914} INFO - Processing file /home/ec2-user/environment/lab4_model_training/venv/lib64/python3.12/site-packages/airflow/example_dags/example_latest_only.py for tasks to queue
[2026-03-23T01:16:15.800+0000] {logging_mixin.py:190} INFO - [2026-03-23T01:16:15.800+0000] {dagbag.py:588} INFO - Filling up the DagBag from /home/ec2-user/environment/lab4_model_training/venv/lib64/python3.12/site-packages/airflow/example_dags/example_latest_only.py
[2026-03-23T01:16:15.807+0000] {processor.py:925} INFO - DAG(s) 'latest_only' retrieved from /home/ec2-user/environment/lab4_model_training/venv/lib64/python3.12/site-packages/airflow/example_dags/example_latest_only.py
[2026-03-23T01:16:15.822+0000] {logging_mixin.py:190} INFO - [2026-03-23T01:16:15.822+0000] {dag.py:3239} INFO - Sync 1 DAGs
[2026-03-23T01:16:15.841+0000] {logging_mixin.py:190} INFO - [2026-03-23T01:16:15.841+0000] {dag.py:4180} INFO - Setting next_dagrun for latest_only to 2026-03-22 20:00:00+00:00, run_after=2026-03-23 00:00:00+00:00
[2026-03-23T01:16:15.865+0000] {processor.py:208} INFO - Processing /home/ec2-user/environment/lab4_model_training/venv/lib64/python3.12/site-packages/airflow/example_dags/example_latest_only.py took 0.074 seconds
[2026-03-23T01:17:19.601+0000] {processor.py:186} INFO - Started process (PID=8395) to work on /home/ec2-user/environment/lab4_model_training/venv/lib64/python3.12/site-packages/airflow/example_dags/example_latest_only.py
[2026-03-23T01:17:19.603+0000] {processor.py:914} INFO - Processing file /home/ec2-user/environment/lab4_model_training/venv/lib64/python3.12/site-packages/airflow/example_dags/example_latest_only.py for tasks to queue
[2026-03-23T01:17:19.605+0000] {logging_mixin.py:190} INFO - [2026-03-23T01:17:19.604+0000] {dagbag.py:588} INFO - Filling up the DagBag from /home/ec2-user/environment/lab4_model_training/venv/lib64/python3.12/site-packages/airflow/example_dags/example_latest_only.py
[2026-03-23T01:17:19.612+0000] {processor.py:925} INFO - DAG(s) 'latest_only' retrieved from /home/ec2-user/environment/lab4_model_training/venv/lib64/python3.12/site-packages/airflow/example_dags/example_latest_only.py
[2026-03-23T01:17:19.627+0000] {logging_mixin.py:190} INFO - [2026-03-23T01:17:19.627+0000] {dag.py:3239} INFO - Sync 1 DAGs
[2026-03-23T01:17:19.646+0000] {logging_mixin.py:190} INFO - [2026-03-23T01:17:19.646+0000] {dag.py:4180} INFO - Setting next_dagrun for latest_only to 2026-03-22 20:00:00+00:00, run_after=2026-03-23 00:00:00+00:00
[2026-03-23T01:17:19.669+0000] {processor.py:208} INFO - Processing /home/ec2-user/environment/lab4_model_training/venv/lib64/python3.12/site-packages/airflow/example_dags/example_latest_only.py took 0.073 seconds
[2026-03-23T01:18:23.295+0000] {processor.py:186} INFO - Started process (PID=8571) to work on /home/ec2-user/environment/lab4_model_training/venv/lib64/python3.12/site-packages/airflow/example_dags/example_latest_only.py
[2026-03-23T01:18:23.296+0000] {processor.py:914} INFO - Processing file /home/ec2-user/environment/lab4_model_training/venv/lib64/python3.12/site-packages/airflow/example_dags/example_latest_only.py for tasks to queue
[2026-03-23T01:18:23.298+0000] {logging_mixin.py:190} INFO - [2026-03-23T01:18:23.297+0000] {dagbag.py:588} INFO - Filling up the DagBag from /home/ec2-user/environment/lab4_model_training/venv/lib64/python3.12/site-packages/airflow/example_dags/example_latest_only.py
[2026-03-23T01:18:23.305+0000] {processor.py:925} INFO - DAG(s) 'latest_only' retrieved from /home/ec2-user/environment/lab4_model_training/venv/lib64/python3.12/site-packages/airflow/example_dags/example_latest_only.py
[2026-03-23T01:18:23.322+0000] {logging_mixin.py:190} INFO - [2026-03-23T01:18:23.322+0000] {dag.py:3239} INFO - Sync 1 DAGs
[2026-03-23T01:18:23.341+0000] {logging_mixin.py:190} INFO - [2026-03-23T01:18:23.341+0000] {dag.py:4180} INFO - Setting next_dagrun for latest_only to 2026-03-22 20:00:00+00:00, run_after=2026-03-23 00:00:00+00:00
[2026-03-23T01:18:23.363+0000] {processor.py:208} INFO - Processing /home/ec2-user/environment/lab4_model_training/venv/lib64/python3.12/site-packages/airflow/example_dags/example_latest_only.py took 0.073 seconds
[2026-03-23T01:19:23.506+0000] {processor.py:186} INFO - Started process (PID=8675) to work on /home/ec2-user/environment/lab4_model_training/venv/lib64/python3.12/site-packages/airflow/example_dags/example_latest_only.py
[2026-03-23T01:19:23.508+0000] {processor.py:914} INFO - Processing file /home/ec2-user/environment/lab4_model_training/venv/lib64/python3.12/site-packages/airflow/example_dags/example_latest_only.py for tasks to queue
[2026-03-23T01:19:23.510+0000] {logging_mixin.py:190} INFO - [2026-03-23T01:19:23.509+0000] {dagbag.py:588} INFO - Filling up the DagBag from /home/ec2-user/environment/lab4_model_training/venv/lib64/python3.12/site-packages/airflow/example_dags/example_latest_only.py
[2026-03-23T01:19:23.516+0000] {processor.py:925} INFO - DAG(s) 'latest_only' retrieved from /home/ec2-user/environment/lab4_model_training/venv/lib64/python3.12/site-packages/airflow/example_dags/example_latest_only.py
[2026-03-23T01:19:23.531+0000] {logging_mixin.py:190} INFO - [2026-03-23T01:19:23.531+0000] {dag.py:3239} INFO - Sync 1 DAGs
[2026-03-23T01:19:23.551+0000] {logging_mixin.py:190} INFO - [2026-03-23T01:19:23.551+0000] {dag.py:4180} INFO - Setting next_dagrun for latest_only to 2026-03-22 20:00:00+00:00, run_after=2026-03-23 00:00:00+00:00
[2026-03-23T01:19:23.573+0000] {processor.py:208} INFO - Processing /home/ec2-user/environment/lab4_model_training/venv/lib64/python3.12/site-packages/airflow/example_dags/example_latest_only.py took 0.072 seconds
[2026-03-23T01:20:28.282+0000] {processor.py:186} INFO - Started process (PID=8831) to work on /home/ec2-user/environment/lab4_model_training/venv/lib64/python3.12/site-packages/airflow/example_dags/example_latest_only.py
[2026-03-23T01:20:28.283+0000] {processor.py:914} INFO - Processing file /home/ec2-user/environment/lab4_model_training/venv/lib64/python3.12/site-packages/airflow/example_dags/example_latest_only.py for tasks to queue
[2026-03-23T01:20:28.285+0000] {logging_mixin.py:190} INFO - [2026-03-23T01:20:28.285+0000] {dagbag.py:588} INFO - Filling up the DagBag from /home/ec2-user/environment/lab4_model_training/venv/lib64/python3.12/site-packages/airflow/example_dags/example_latest_only.py
[2026-03-23T01:20:28.292+0000] {processor.py:925} INFO - DAG(s) 'latest_only' retrieved from /home/ec2-user/environment/lab4_model_training/venv/lib64/python3.12/site-packages/airflow/example_dags/example_latest_only.py
[2026-03-23T01:20:28.307+0000] {logging_mixin.py:190} INFO - [2026-03-23T01:20:28.306+0000] {dag.py:3239} INFO - Sync 1 DAGs
[2026-03-23T01:20:28.325+0000] {logging_mixin.py:190} INFO - [2026-03-23T01:20:28.325+0000] {dag.py:4180} INFO - Setting next_dagrun for latest_only to 2026-03-22 20:00:00+00:00, run_after=2026-03-23 00:00:00+00:00
[2026-03-23T01:20:28.347+0000] {processor.py:208} INFO - Processing /home/ec2-user/environment/lab4_model_training/venv/lib64/python3.12/site-packages/airflow/example_dags/example_latest_only.py took 0.070 seconds
[2026-03-23T01:21:35.411+0000] {processor.py:186} INFO - Started process (PID=8957) to work on /home/ec2-user/environment/lab4_model_training/venv/lib64/python3.12/site-packages/airflow/example_dags/example_latest_only.py
[2026-03-23T01:21:35.412+0000] {processor.py:914} INFO - Processing file /home/ec2-user/environment/lab4_model_training/venv/lib64/python3.12/site-packages/airflow/example_dags/example_latest_only.py for tasks to queue
[2026-03-23T01:21:35.414+0000] {logging_mixin.py:190} INFO - [2026-03-23T01:21:35.414+0000] {dagbag.py:588} INFO - Filling up the DagBag from /home/ec2-user/environment/lab4_model_training/venv/lib64/python3.12/site-packages/airflow/example_dags/example_latest_only.py
[2026-03-23T01:21:35.421+0000] {processor.py:925} INFO - DAG(s) 'latest_only' retrieved from /home/ec2-user/environment/lab4_model_training/venv/lib64/python3.12/site-packages/airflow/example_dags/example_latest_only.py
[2026-03-23T01:21:35.436+0000] {logging_mixin.py:190} INFO - [2026-03-23T01:21:35.436+0000] {dag.py:3239} INFO - Sync 1 DAGs
[2026-03-23T01:21:35.455+0000] {logging_mixin.py:190} INFO - [2026-03-23T01:21:35.455+0000] {dag.py:4180} INFO - Setting next_dagrun for latest_only to 2026-03-22 20:00:00+00:00, run_after=2026-03-23 00:00:00+00:00
[2026-03-23T01:21:35.477+0000] {processor.py:208} INFO - Processing /home/ec2-user/environment/lab4_model_training/venv/lib64/python3.12/site-packages/airflow/example_dags/example_latest_only.py took 0.071 seconds
[2026-03-23T01:22:43.152+0000] {processor.py:186} INFO - Started process (PID=9129) to work on /home/ec2-user/environment/lab4_model_training/venv/lib64/python3.12/site-packages/airflow/example_dags/example_latest_only.py
[2026-03-23T01:22:43.153+0000] {processor.py:914} INFO - Processing file /home/ec2-user/environment/lab4_model_training/venv/lib64/python3.12/site-packages/airflow/example_dags/example_latest_only.py for tasks to queue
[2026-03-23T01:22:43.155+0000] {logging_mixin.py:190} INFO - [2026-03-23T01:22:43.154+0000] {dagbag.py:588} INFO - Filling up the DagBag from /home/ec2-user/environment/lab4_model_training/venv/lib64/python3.12/site-packages/airflow/example_dags/example_latest_only.py
[2026-03-23T01:22:43.162+0000] {processor.py:925} INFO - DAG(s) 'latest_only' retrieved from /home/ec2-user/environment/lab4_model_training/venv/lib64/python3.12/site-packages/airflow/example_dags/example_latest_only.py
[2026-03-23T01:22:43.176+0000] {logging_mixin.py:190} INFO - [2026-03-23T01:22:43.176+0000] {dag.py:3239} INFO - Sync 1 DAGs
[2026-03-23T01:22:43.195+0000] {logging_mixin.py:190} INFO - [2026-03-23T01:22:43.195+0000] {dag.py:4180} INFO - Setting next_dagrun for latest_only to 2026-03-22 20:00:00+00:00, run_after=2026-03-23 00:00:00+00:00
[2026-03-23T01:22:43.216+0000] {processor.py:208} INFO - Processing /home/ec2-user/environment/lab4_model_training/venv/lib64/python3.12/site-packages/airflow/example_dags/example_latest_only.py took 0.069 seconds
[2026-03-23T01:23:54.119+0000] {processor.py:186} INFO - Started process (PID=9314) to work on /home/ec2-user/environment/lab4_model_training/venv/lib64/python3.12/site-packages/airflow/example_dags/example_latest_only.py
[2026-03-23T01:23:54.120+0000] {processor.py:914} INFO - Processing file /home/ec2-user/environment/lab4_model_training/venv/lib64/python3.12/site-packages/airflow/example_dags/example_latest_only.py for tasks to queue
[2026-03-23T01:23:54.122+0000] {logging_mixin.py:190} INFO - [2026-03-23T01:23:54.122+0000] {dagbag.py:588} INFO - Filling up the DagBag from /home/ec2-user/environment/lab4_model_training/venv/lib64/python3.12/site-packages/airflow/example_dags/example_latest_only.py
[2026-03-23T01:23:54.130+0000] {processor.py:925} INFO - DAG(s) 'latest_only' retrieved from /home/ec2-user/environment/lab4_model_training/venv/lib64/python3.12/site-packages/airflow/example_dags/example_latest_only.py
[2026-03-23T01:23:54.145+0000] {logging_mixin.py:190} INFO - [2026-03-23T01:23:54.145+0000] {dag.py:3239} INFO - Sync 1 DAGs
[2026-03-23T01:23:54.166+0000] {logging_mixin.py:190} INFO - [2026-03-23T01:23:54.166+0000] {dag.py:4180} INFO - Setting next_dagrun for latest_only to 2026-03-22 20:00:00+00:00, run_after=2026-03-23 00:00:00+00:00
[2026-03-23T01:23:54.188+0000] {processor.py:208} INFO - Processing /home/ec2-user/environment/lab4_model_training/venv/lib64/python3.12/site-packages/airflow/example_dags/example_latest_only.py took 0.075 seconds
