[2026-03-23T00:59:15.140+0000] {processor.py:186} INFO - Started process (PID=5815) to work on /home/ec2-user/environment/lab4_model_training/venv/lib64/python3.12/site-packages/airflow/example_dags/example_dynamic_task_mapping.py
[2026-03-23T00:59:15.141+0000] {processor.py:914} INFO - Processing file /home/ec2-user/environment/lab4_model_training/venv/lib64/python3.12/site-packages/airflow/example_dags/example_dynamic_task_mapping.py for tasks to queue
[2026-03-23T00:59:15.142+0000] {logging_mixin.py:190} INFO - [2026-03-23T00:59:15.142+0000] {dagbag.py:588} INFO - Filling up the DagBag from /home/ec2-user/environment/lab4_model_training/venv/lib64/python3.12/site-packages/airflow/example_dags/example_dynamic_task_mapping.py
[2026-03-23T00:59:15.151+0000] {processor.py:925} INFO - DAG(s) 'example_dynamic_task_mapping' retrieved from /home/ec2-user/environment/lab4_model_training/venv/lib64/python3.12/site-packages/airflow/example_dags/example_dynamic_task_mapping.py
[2026-03-23T00:59:15.173+0000] {logging_mixin.py:190} INFO - [2026-03-23T00:59:15.173+0000] {dag.py:3239} INFO - Sync 1 DAGs
[2026-03-23T00:59:15.185+0000] {logging_mixin.py:190} INFO - [2026-03-23T00:59:15.184+0000] {dag.py:4180} INFO - Setting next_dagrun for example_dynamic_task_mapping to None, run_after=None
[2026-03-23T00:59:15.205+0000] {processor.py:208} INFO - Processing /home/ec2-user/environment/lab4_model_training/venv/lib64/python3.12/site-packages/airflow/example_dags/example_dynamic_task_mapping.py took 0.070 seconds
[2026-03-23T01:00:17.656+0000] {processor.py:186} INFO - Started process (PID=5983) to work on /home/ec2-user/environment/lab4_model_training/venv/lib64/python3.12/site-packages/airflow/example_dags/example_dynamic_task_mapping.py
[2026-03-23T01:00:17.657+0000] {processor.py:914} INFO - Processing file /home/ec2-user/environment/lab4_model_training/venv/lib64/python3.12/site-packages/airflow/example_dags/example_dynamic_task_mapping.py for tasks to queue
[2026-03-23T01:00:17.659+0000] {logging_mixin.py:190} INFO - [2026-03-23T01:00:17.659+0000] {dagbag.py:588} INFO - Filling up the DagBag from /home/ec2-user/environment/lab4_model_training/venv/lib64/python3.12/site-packages/airflow/example_dags/example_dynamic_task_mapping.py
[2026-03-23T01:00:17.667+0000] {processor.py:925} INFO - DAG(s) 'example_dynamic_task_mapping' retrieved from /home/ec2-user/environment/lab4_model_training/venv/lib64/python3.12/site-packages/airflow/example_dags/example_dynamic_task_mapping.py
[2026-03-23T01:00:17.682+0000] {logging_mixin.py:190} INFO - [2026-03-23T01:00:17.682+0000] {dag.py:3239} INFO - Sync 1 DAGs
[2026-03-23T01:00:17.694+0000] {logging_mixin.py:190} INFO - [2026-03-23T01:00:17.694+0000] {dag.py:4180} INFO - Setting next_dagrun for example_dynamic_task_mapping to None, run_after=None
[2026-03-23T01:00:17.715+0000] {processor.py:208} INFO - Processing /home/ec2-user/environment/lab4_model_training/venv/lib64/python3.12/site-packages/airflow/example_dags/example_dynamic_task_mapping.py took 0.065 seconds
[2026-03-23T01:01:22.314+0000] {processor.py:186} INFO - Started process (PID=6196) to work on /home/ec2-user/environment/lab4_model_training/venv/lib64/python3.12/site-packages/airflow/example_dags/example_dynamic_task_mapping.py
[2026-03-23T01:01:22.315+0000] {processor.py:914} INFO - Processing file /home/ec2-user/environment/lab4_model_training/venv/lib64/python3.12/site-packages/airflow/example_dags/example_dynamic_task_mapping.py for tasks to queue
[2026-03-23T01:01:22.317+0000] {logging_mixin.py:190} INFO - [2026-03-23T01:01:22.317+0000] {dagbag.py:588} INFO - Filling up the DagBag from /home/ec2-user/environment/lab4_model_training/venv/lib64/python3.12/site-packages/airflow/example_dags/example_dynamic_task_mapping.py
[2026-03-23T01:01:22.326+0000] {processor.py:925} INFO - DAG(s) 'example_dynamic_task_mapping' retrieved from /home/ec2-user/environment/lab4_model_training/venv/lib64/python3.12/site-packages/airflow/example_dags/example_dynamic_task_mapping.py
[2026-03-23T01:01:22.340+0000] {logging_mixin.py:190} INFO - [2026-03-23T01:01:22.340+0000] {dag.py:3239} INFO - Sync 1 DAGs
[2026-03-23T01:01:22.352+0000] {logging_mixin.py:190} INFO - [2026-03-23T01:01:22.352+0000] {dag.py:4180} INFO - Setting next_dagrun for example_dynamic_task_mapping to None, run_after=None
[2026-03-23T01:01:22.374+0000] {processor.py:208} INFO - Processing /home/ec2-user/environment/lab4_model_training/venv/lib64/python3.12/site-packages/airflow/example_dags/example_dynamic_task_mapping.py took 0.065 seconds
[2026-03-23T01:02:23.257+0000] {processor.py:186} INFO - Started process (PID=6344) to work on /home/ec2-user/environment/lab4_model_training/venv/lib64/python3.12/site-packages/airflow/example_dags/example_dynamic_task_mapping.py
[2026-03-23T01:02:23.258+0000] {processor.py:914} INFO - Processing file /home/ec2-user/environment/lab4_model_training/venv/lib64/python3.12/site-packages/airflow/example_dags/example_dynamic_task_mapping.py for tasks to queue
[2026-03-23T01:02:23.260+0000] {logging_mixin.py:190} INFO - [2026-03-23T01:02:23.260+0000] {dagbag.py:588} INFO - Filling up the DagBag from /home/ec2-user/environment/lab4_model_training/venv/lib64/python3.12/site-packages/airflow/example_dags/example_dynamic_task_mapping.py
[2026-03-23T01:02:23.268+0000] {processor.py:925} INFO - DAG(s) 'example_dynamic_task_mapping' retrieved from /home/ec2-user/environment/lab4_model_training/venv/lib64/python3.12/site-packages/airflow/example_dags/example_dynamic_task_mapping.py
[2026-03-23T01:02:23.283+0000] {logging_mixin.py:190} INFO - [2026-03-23T01:02:23.283+0000] {dag.py:3239} INFO - Sync 1 DAGs
[2026-03-23T01:02:23.295+0000] {logging_mixin.py:190} INFO - [2026-03-23T01:02:23.295+0000] {dag.py:4180} INFO - Setting next_dagrun for example_dynamic_task_mapping to None, run_after=None
[2026-03-23T01:02:23.317+0000] {processor.py:208} INFO - Processing /home/ec2-user/environment/lab4_model_training/venv/lib64/python3.12/site-packages/airflow/example_dags/example_dynamic_task_mapping.py took 0.066 seconds
[2026-03-23T01:03:31.541+0000] {processor.py:186} INFO - Started process (PID=6546) to work on /home/ec2-user/environment/lab4_model_training/venv/lib64/python3.12/site-packages/airflow/example_dags/example_dynamic_task_mapping.py
[2026-03-23T01:03:31.542+0000] {processor.py:914} INFO - Processing file /home/ec2-user/environment/lab4_model_training/venv/lib64/python3.12/site-packages/airflow/example_dags/example_dynamic_task_mapping.py for tasks to queue
[2026-03-23T01:03:31.544+0000] {logging_mixin.py:190} INFO - [2026-03-23T01:03:31.544+0000] {dagbag.py:588} INFO - Filling up the DagBag from /home/ec2-user/environment/lab4_model_training/venv/lib64/python3.12/site-packages/airflow/example_dags/example_dynamic_task_mapping.py
[2026-03-23T01:03:31.552+0000] {processor.py:925} INFO - DAG(s) 'example_dynamic_task_mapping' retrieved from /home/ec2-user/environment/lab4_model_training/venv/lib64/python3.12/site-packages/airflow/example_dags/example_dynamic_task_mapping.py
[2026-03-23T01:03:31.567+0000] {logging_mixin.py:190} INFO - [2026-03-23T01:03:31.567+0000] {dag.py:3239} INFO - Sync 1 DAGs
[2026-03-23T01:03:31.579+0000] {logging_mixin.py:190} INFO - [2026-03-23T01:03:31.579+0000] {dag.py:4180} INFO - Setting next_dagrun for example_dynamic_task_mapping to None, run_after=None
[2026-03-23T01:03:31.601+0000] {processor.py:208} INFO - Processing /home/ec2-user/environment/lab4_model_training/venv/lib64/python3.12/site-packages/airflow/example_dags/example_dynamic_task_mapping.py took 0.065 seconds
[2026-03-23T01:04:35.017+0000] {processor.py:186} INFO - Started process (PID=6682) to work on /home/ec2-user/environment/lab4_model_training/venv/lib64/python3.12/site-packages/airflow/example_dags/example_dynamic_task_mapping.py
[2026-03-23T01:04:35.018+0000] {processor.py:914} INFO - Processing file /home/ec2-user/environment/lab4_model_training/venv/lib64/python3.12/site-packages/airflow/example_dags/example_dynamic_task_mapping.py for tasks to queue
[2026-03-23T01:04:35.020+0000] {logging_mixin.py:190} INFO - [2026-03-23T01:04:35.019+0000] {dagbag.py:588} INFO - Filling up the DagBag from /home/ec2-user/environment/lab4_model_training/venv/lib64/python3.12/site-packages/airflow/example_dags/example_dynamic_task_mapping.py
[2026-03-23T01:04:35.028+0000] {processor.py:925} INFO - DAG(s) 'example_dynamic_task_mapping' retrieved from /home/ec2-user/environment/lab4_model_training/venv/lib64/python3.12/site-packages/airflow/example_dags/example_dynamic_task_mapping.py
[2026-03-23T01:04:35.043+0000] {logging_mixin.py:190} INFO - [2026-03-23T01:04:35.042+0000] {dag.py:3239} INFO - Sync 1 DAGs
[2026-03-23T01:04:35.054+0000] {logging_mixin.py:190} INFO - [2026-03-23T01:04:35.054+0000] {dag.py:4180} INFO - Setting next_dagrun for example_dynamic_task_mapping to None, run_after=None
[2026-03-23T01:04:35.077+0000] {processor.py:208} INFO - Processing /home/ec2-user/environment/lab4_model_training/venv/lib64/python3.12/site-packages/airflow/example_dags/example_dynamic_task_mapping.py took 0.065 seconds
[2026-03-23T01:05:46.538+0000] {processor.py:186} INFO - Started process (PID=6852) to work on /home/ec2-user/environment/lab4_model_training/venv/lib64/python3.12/site-packages/airflow/example_dags/example_dynamic_task_mapping.py
[2026-03-23T01:05:46.539+0000] {processor.py:914} INFO - Processing file /home/ec2-user/environment/lab4_model_training/venv/lib64/python3.12/site-packages/airflow/example_dags/example_dynamic_task_mapping.py for tasks to queue
[2026-03-23T01:05:46.541+0000] {logging_mixin.py:190} INFO - [2026-03-23T01:05:46.541+0000] {dagbag.py:588} INFO - Filling up the DagBag from /home/ec2-user/environment/lab4_model_training/venv/lib64/python3.12/site-packages/airflow/example_dags/example_dynamic_task_mapping.py
[2026-03-23T01:05:46.550+0000] {processor.py:925} INFO - DAG(s) 'example_dynamic_task_mapping' retrieved from /home/ec2-user/environment/lab4_model_training/venv/lib64/python3.12/site-packages/airflow/example_dags/example_dynamic_task_mapping.py
[2026-03-23T01:05:46.564+0000] {logging_mixin.py:190} INFO - [2026-03-23T01:05:46.564+0000] {dag.py:3239} INFO - Sync 1 DAGs
[2026-03-23T01:05:46.576+0000] {logging_mixin.py:190} INFO - [2026-03-23T01:05:46.576+0000] {dag.py:4180} INFO - Setting next_dagrun for example_dynamic_task_mapping to None, run_after=None
[2026-03-23T01:05:46.598+0000] {processor.py:208} INFO - Processing /home/ec2-user/environment/lab4_model_training/venv/lib64/python3.12/site-packages/airflow/example_dags/example_dynamic_task_mapping.py took 0.065 seconds
[2026-03-23T01:07:01.948+0000] {processor.py:186} INFO - Started process (PID=7071) to work on /home/ec2-user/environment/lab4_model_training/venv/lib64/python3.12/site-packages/airflow/example_dags/example_dynamic_task_mapping.py
[2026-03-23T01:07:01.950+0000] {processor.py:914} INFO - Processing file /home/ec2-user/environment/lab4_model_training/venv/lib64/python3.12/site-packages/airflow/example_dags/example_dynamic_task_mapping.py for tasks to queue
[2026-03-23T01:07:01.952+0000] {logging_mixin.py:190} INFO - [2026-03-23T01:07:01.951+0000] {dagbag.py:588} INFO - Filling up the DagBag from /home/ec2-user/environment/lab4_model_training/venv/lib64/python3.12/site-packages/airflow/example_dags/example_dynamic_task_mapping.py
[2026-03-23T01:07:01.960+0000] {processor.py:925} INFO - DAG(s) 'example_dynamic_task_mapping' retrieved from /home/ec2-user/environment/lab4_model_training/venv/lib64/python3.12/site-packages/airflow/example_dags/example_dynamic_task_mapping.py
[2026-03-23T01:07:01.976+0000] {logging_mixin.py:190} INFO - [2026-03-23T01:07:01.975+0000] {dag.py:3239} INFO - Sync 1 DAGs
[2026-03-23T01:07:01.988+0000] {logging_mixin.py:190} INFO - [2026-03-23T01:07:01.988+0000] {dag.py:4180} INFO - Setting next_dagrun for example_dynamic_task_mapping to None, run_after=None
[2026-03-23T01:07:02.010+0000] {processor.py:208} INFO - Processing /home/ec2-user/environment/lab4_model_training/venv/lib64/python3.12/site-packages/airflow/example_dags/example_dynamic_task_mapping.py took 0.067 seconds
[2026-03-23T01:08:10.763+0000] {processor.py:186} INFO - Started process (PID=7187) to work on /home/ec2-user/environment/lab4_model_training/venv/lib64/python3.12/site-packages/airflow/example_dags/example_dynamic_task_mapping.py
[2026-03-23T01:08:10.764+0000] {processor.py:914} INFO - Processing file /home/ec2-user/environment/lab4_model_training/venv/lib64/python3.12/site-packages/airflow/example_dags/example_dynamic_task_mapping.py for tasks to queue
[2026-03-23T01:08:10.766+0000] {logging_mixin.py:190} INFO - [2026-03-23T01:08:10.765+0000] {dagbag.py:588} INFO - Filling up the DagBag from /home/ec2-user/environment/lab4_model_training/venv/lib64/python3.12/site-packages/airflow/example_dags/example_dynamic_task_mapping.py
[2026-03-23T01:08:10.774+0000] {processor.py:925} INFO - DAG(s) 'example_dynamic_task_mapping' retrieved from /home/ec2-user/environment/lab4_model_training/venv/lib64/python3.12/site-packages/airflow/example_dags/example_dynamic_task_mapping.py
[2026-03-23T01:08:10.789+0000] {logging_mixin.py:190} INFO - [2026-03-23T01:08:10.788+0000] {dag.py:3239} INFO - Sync 1 DAGs
[2026-03-23T01:08:10.801+0000] {logging_mixin.py:190} INFO - [2026-03-23T01:08:10.801+0000] {dag.py:4180} INFO - Setting next_dagrun for example_dynamic_task_mapping to None, run_after=None
[2026-03-23T01:08:10.823+0000] {processor.py:208} INFO - Processing /home/ec2-user/environment/lab4_model_training/venv/lib64/python3.12/site-packages/airflow/example_dags/example_dynamic_task_mapping.py took 0.066 seconds
[2026-03-23T01:09:26.359+0000] {processor.py:186} INFO - Started process (PID=7365) to work on /home/ec2-user/environment/lab4_model_training/venv/lib64/python3.12/site-packages/airflow/example_dags/example_dynamic_task_mapping.py
[2026-03-23T01:09:26.361+0000] {processor.py:914} INFO - Processing file /home/ec2-user/environment/lab4_model_training/venv/lib64/python3.12/site-packages/airflow/example_dags/example_dynamic_task_mapping.py for tasks to queue
[2026-03-23T01:09:26.363+0000] {logging_mixin.py:190} INFO - [2026-03-23T01:09:26.362+0000] {dagbag.py:588} INFO - Filling up the DagBag from /home/ec2-user/environment/lab4_model_training/venv/lib64/python3.12/site-packages/airflow/example_dags/example_dynamic_task_mapping.py
[2026-03-23T01:09:26.371+0000] {processor.py:925} INFO - DAG(s) 'example_dynamic_task_mapping' retrieved from /home/ec2-user/environment/lab4_model_training/venv/lib64/python3.12/site-packages/airflow/example_dags/example_dynamic_task_mapping.py
[2026-03-23T01:09:26.386+0000] {logging_mixin.py:190} INFO - [2026-03-23T01:09:26.385+0000] {dag.py:3239} INFO - Sync 1 DAGs
[2026-03-23T01:09:26.397+0000] {logging_mixin.py:190} INFO - [2026-03-23T01:09:26.397+0000] {dag.py:4180} INFO - Setting next_dagrun for example_dynamic_task_mapping to None, run_after=None
[2026-03-23T01:09:26.420+0000] {processor.py:208} INFO - Processing /home/ec2-user/environment/lab4_model_training/venv/lib64/python3.12/site-packages/airflow/example_dags/example_dynamic_task_mapping.py took 0.066 seconds
[2026-03-23T01:10:42.728+0000] {processor.py:186} INFO - Started process (PID=7562) to work on /home/ec2-user/environment/lab4_model_training/venv/lib64/python3.12/site-packages/airflow/example_dags/example_dynamic_task_mapping.py
[2026-03-23T01:10:42.729+0000] {processor.py:914} INFO - Processing file /home/ec2-user/environment/lab4_model_training/venv/lib64/python3.12/site-packages/airflow/example_dags/example_dynamic_task_mapping.py for tasks to queue
[2026-03-23T01:10:42.731+0000] {logging_mixin.py:190} INFO - [2026-03-23T01:10:42.730+0000] {dagbag.py:588} INFO - Filling up the DagBag from /home/ec2-user/environment/lab4_model_training/venv/lib64/python3.12/site-packages/airflow/example_dags/example_dynamic_task_mapping.py
[2026-03-23T01:10:42.739+0000] {processor.py:925} INFO - DAG(s) 'example_dynamic_task_mapping' retrieved from /home/ec2-user/environment/lab4_model_training/venv/lib64/python3.12/site-packages/airflow/example_dags/example_dynamic_task_mapping.py
[2026-03-23T01:10:42.753+0000] {logging_mixin.py:190} INFO - [2026-03-23T01:10:42.753+0000] {dag.py:3239} INFO - Sync 1 DAGs
[2026-03-23T01:10:42.765+0000] {logging_mixin.py:190} INFO - [2026-03-23T01:10:42.765+0000] {dag.py:4180} INFO - Setting next_dagrun for example_dynamic_task_mapping to None, run_after=None
[2026-03-23T01:10:42.785+0000] {processor.py:208} INFO - Processing /home/ec2-user/environment/lab4_model_training/venv/lib64/python3.12/site-packages/airflow/example_dags/example_dynamic_task_mapping.py took 0.063 seconds
[2026-03-23T01:11:45.415+0000] {processor.py:186} INFO - Started process (PID=7668) to work on /home/ec2-user/environment/lab4_model_training/venv/lib64/python3.12/site-packages/airflow/example_dags/example_dynamic_task_mapping.py
[2026-03-23T01:11:45.417+0000] {processor.py:914} INFO - Processing file /home/ec2-user/environment/lab4_model_training/venv/lib64/python3.12/site-packages/airflow/example_dags/example_dynamic_task_mapping.py for tasks to queue
[2026-03-23T01:11:45.418+0000] {logging_mixin.py:190} INFO - [2026-03-23T01:11:45.418+0000] {dagbag.py:588} INFO - Filling up the DagBag from /home/ec2-user/environment/lab4_model_training/venv/lib64/python3.12/site-packages/airflow/example_dags/example_dynamic_task_mapping.py
[2026-03-23T01:11:45.427+0000] {processor.py:925} INFO - DAG(s) 'example_dynamic_task_mapping' retrieved from /home/ec2-user/environment/lab4_model_training/venv/lib64/python3.12/site-packages/airflow/example_dags/example_dynamic_task_mapping.py
[2026-03-23T01:11:45.442+0000] {logging_mixin.py:190} INFO - [2026-03-23T01:11:45.442+0000] {dag.py:3239} INFO - Sync 1 DAGs
[2026-03-23T01:11:45.454+0000] {logging_mixin.py:190} INFO - [2026-03-23T01:11:45.454+0000] {dag.py:4180} INFO - Setting next_dagrun for example_dynamic_task_mapping to None, run_after=None
[2026-03-23T01:11:45.476+0000] {processor.py:208} INFO - Processing /home/ec2-user/environment/lab4_model_training/venv/lib64/python3.12/site-packages/airflow/example_dags/example_dynamic_task_mapping.py took 0.067 seconds
[2026-03-23T01:12:50.579+0000] {processor.py:186} INFO - Started process (PID=7828) to work on /home/ec2-user/environment/lab4_model_training/venv/lib64/python3.12/site-packages/airflow/example_dags/example_dynamic_task_mapping.py
[2026-03-23T01:12:50.580+0000] {processor.py:914} INFO - Processing file /home/ec2-user/environment/lab4_model_training/venv/lib64/python3.12/site-packages/airflow/example_dags/example_dynamic_task_mapping.py for tasks to queue
[2026-03-23T01:12:50.582+0000] {logging_mixin.py:190} INFO - [2026-03-23T01:12:50.581+0000] {dagbag.py:588} INFO - Filling up the DagBag from /home/ec2-user/environment/lab4_model_training/venv/lib64/python3.12/site-packages/airflow/example_dags/example_dynamic_task_mapping.py
[2026-03-23T01:12:50.590+0000] {processor.py:925} INFO - DAG(s) 'example_dynamic_task_mapping' retrieved from /home/ec2-user/environment/lab4_model_training/venv/lib64/python3.12/site-packages/airflow/example_dags/example_dynamic_task_mapping.py
[2026-03-23T01:12:50.605+0000] {logging_mixin.py:190} INFO - [2026-03-23T01:12:50.605+0000] {dag.py:3239} INFO - Sync 1 DAGs
[2026-03-23T01:12:50.617+0000] {logging_mixin.py:190} INFO - [2026-03-23T01:12:50.617+0000] {dag.py:4180} INFO - Setting next_dagrun for example_dynamic_task_mapping to None, run_after=None
[2026-03-23T01:12:50.639+0000] {processor.py:208} INFO - Processing /home/ec2-user/environment/lab4_model_training/venv/lib64/python3.12/site-packages/airflow/example_dags/example_dynamic_task_mapping.py took 0.065 seconds
[2026-03-23T01:13:53.217+0000] {processor.py:186} INFO - Started process (PID=7982) to work on /home/ec2-user/environment/lab4_model_training/venv/lib64/python3.12/site-packages/airflow/example_dags/example_dynamic_task_mapping.py
[2026-03-23T01:13:53.218+0000] {processor.py:914} INFO - Processing file /home/ec2-user/environment/lab4_model_training/venv/lib64/python3.12/site-packages/airflow/example_dags/example_dynamic_task_mapping.py for tasks to queue
[2026-03-23T01:13:53.220+0000] {logging_mixin.py:190} INFO - [2026-03-23T01:13:53.219+0000] {dagbag.py:588} INFO - Filling up the DagBag from /home/ec2-user/environment/lab4_model_training/venv/lib64/python3.12/site-packages/airflow/example_dags/example_dynamic_task_mapping.py
[2026-03-23T01:13:53.228+0000] {processor.py:925} INFO - DAG(s) 'example_dynamic_task_mapping' retrieved from /home/ec2-user/environment/lab4_model_training/venv/lib64/python3.12/site-packages/airflow/example_dags/example_dynamic_task_mapping.py
[2026-03-23T01:13:53.243+0000] {logging_mixin.py:190} INFO - [2026-03-23T01:13:53.242+0000] {dag.py:3239} INFO - Sync 1 DAGs
[2026-03-23T01:13:53.255+0000] {logging_mixin.py:190} INFO - [2026-03-23T01:13:53.255+0000] {dag.py:4180} INFO - Setting next_dagrun for example_dynamic_task_mapping to None, run_after=None
[2026-03-23T01:13:53.276+0000] {processor.py:208} INFO - Processing /home/ec2-user/environment/lab4_model_training/venv/lib64/python3.12/site-packages/airflow/example_dags/example_dynamic_task_mapping.py took 0.065 seconds
[2026-03-23T01:15:04.223+0000] {processor.py:186} INFO - Started process (PID=8119) to work on /home/ec2-user/environment/lab4_model_training/venv/lib64/python3.12/site-packages/airflow/example_dags/example_dynamic_task_mapping.py
[2026-03-23T01:15:04.224+0000] {processor.py:914} INFO - Processing file /home/ec2-user/environment/lab4_model_training/venv/lib64/python3.12/site-packages/airflow/example_dags/example_dynamic_task_mapping.py for tasks to queue
[2026-03-23T01:15:04.226+0000] {logging_mixin.py:190} INFO - [2026-03-23T01:15:04.225+0000] {dagbag.py:588} INFO - Filling up the DagBag from /home/ec2-user/environment/lab4_model_training/venv/lib64/python3.12/site-packages/airflow/example_dags/example_dynamic_task_mapping.py
[2026-03-23T01:15:04.234+0000] {processor.py:925} INFO - DAG(s) 'example_dynamic_task_mapping' retrieved from /home/ec2-user/environment/lab4_model_training/venv/lib64/python3.12/site-packages/airflow/example_dags/example_dynamic_task_mapping.py
[2026-03-23T01:15:04.249+0000] {logging_mixin.py:190} INFO - [2026-03-23T01:15:04.249+0000] {dag.py:3239} INFO - Sync 1 DAGs
[2026-03-23T01:15:04.261+0000] {logging_mixin.py:190} INFO - [2026-03-23T01:15:04.261+0000] {dag.py:4180} INFO - Setting next_dagrun for example_dynamic_task_mapping to None, run_after=None
[2026-03-23T01:15:04.282+0000] {processor.py:208} INFO - Processing /home/ec2-user/environment/lab4_model_training/venv/lib64/python3.12/site-packages/airflow/example_dags/example_dynamic_task_mapping.py took 0.065 seconds
[2026-03-23T01:16:10.866+0000] {processor.py:186} INFO - Started process (PID=8276) to work on /home/ec2-user/environment/lab4_model_training/venv/lib64/python3.12/site-packages/airflow/example_dags/example_dynamic_task_mapping.py
[2026-03-23T01:16:10.867+0000] {processor.py:914} INFO - Processing file /home/ec2-user/environment/lab4_model_training/venv/lib64/python3.12/site-packages/airflow/example_dags/example_dynamic_task_mapping.py for tasks to queue
[2026-03-23T01:16:10.869+0000] {logging_mixin.py:190} INFO - [2026-03-23T01:16:10.869+0000] {dagbag.py:588} INFO - Filling up the DagBag from /home/ec2-user/environment/lab4_model_training/venv/lib64/python3.12/site-packages/airflow/example_dags/example_dynamic_task_mapping.py
[2026-03-23T01:16:10.878+0000] {processor.py:925} INFO - DAG(s) 'example_dynamic_task_mapping' retrieved from /home/ec2-user/environment/lab4_model_training/venv/lib64/python3.12/site-packages/airflow/example_dags/example_dynamic_task_mapping.py
[2026-03-23T01:16:10.892+0000] {logging_mixin.py:190} INFO - [2026-03-23T01:16:10.892+0000] {dag.py:3239} INFO - Sync 1 DAGs
[2026-03-23T01:16:10.904+0000] {logging_mixin.py:190} INFO - [2026-03-23T01:16:10.904+0000] {dag.py:4180} INFO - Setting next_dagrun for example_dynamic_task_mapping to None, run_after=None
[2026-03-23T01:16:10.926+0000] {processor.py:208} INFO - Processing /home/ec2-user/environment/lab4_model_training/venv/lib64/python3.12/site-packages/airflow/example_dags/example_dynamic_task_mapping.py took 0.065 seconds
[2026-03-23T01:17:14.453+0000] {processor.py:186} INFO - Started process (PID=8386) to work on /home/ec2-user/environment/lab4_model_training/venv/lib64/python3.12/site-packages/airflow/example_dags/example_dynamic_task_mapping.py
[2026-03-23T01:17:14.455+0000] {processor.py:914} INFO - Processing file /home/ec2-user/environment/lab4_model_training/venv/lib64/python3.12/site-packages/airflow/example_dags/example_dynamic_task_mapping.py for tasks to queue
[2026-03-23T01:17:14.457+0000] {logging_mixin.py:190} INFO - [2026-03-23T01:17:14.456+0000] {dagbag.py:588} INFO - Filling up the DagBag from /home/ec2-user/environment/lab4_model_training/venv/lib64/python3.12/site-packages/airflow/example_dags/example_dynamic_task_mapping.py
[2026-03-23T01:17:14.465+0000] {processor.py:925} INFO - DAG(s) 'example_dynamic_task_mapping' retrieved from /home/ec2-user/environment/lab4_model_training/venv/lib64/python3.12/site-packages/airflow/example_dags/example_dynamic_task_mapping.py
[2026-03-23T01:17:14.480+0000] {logging_mixin.py:190} INFO - [2026-03-23T01:17:14.480+0000] {dag.py:3239} INFO - Sync 1 DAGs
[2026-03-23T01:17:14.492+0000] {logging_mixin.py:190} INFO - [2026-03-23T01:17:14.491+0000] {dag.py:4180} INFO - Setting next_dagrun for example_dynamic_task_mapping to None, run_after=None
[2026-03-23T01:17:14.513+0000] {processor.py:208} INFO - Processing /home/ec2-user/environment/lab4_model_training/venv/lib64/python3.12/site-packages/airflow/example_dags/example_dynamic_task_mapping.py took 0.064 seconds
[2026-03-23T01:18:18.441+0000] {processor.py:186} INFO - Started process (PID=8566) to work on /home/ec2-user/environment/lab4_model_training/venv/lib64/python3.12/site-packages/airflow/example_dags/example_dynamic_task_mapping.py
[2026-03-23T01:18:18.442+0000] {processor.py:914} INFO - Processing file /home/ec2-user/environment/lab4_model_training/venv/lib64/python3.12/site-packages/airflow/example_dags/example_dynamic_task_mapping.py for tasks to queue
[2026-03-23T01:18:18.444+0000] {logging_mixin.py:190} INFO - [2026-03-23T01:18:18.444+0000] {dagbag.py:588} INFO - Filling up the DagBag from /home/ec2-user/environment/lab4_model_training/venv/lib64/python3.12/site-packages/airflow/example_dags/example_dynamic_task_mapping.py
[2026-03-23T01:18:18.453+0000] {processor.py:925} INFO - DAG(s) 'example_dynamic_task_mapping' retrieved from /home/ec2-user/environment/lab4_model_training/venv/lib64/python3.12/site-packages/airflow/example_dags/example_dynamic_task_mapping.py
[2026-03-23T01:18:18.468+0000] {logging_mixin.py:190} INFO - [2026-03-23T01:18:18.467+0000] {dag.py:3239} INFO - Sync 1 DAGs
[2026-03-23T01:18:18.480+0000] {logging_mixin.py:190} INFO - [2026-03-23T01:18:18.480+0000] {dag.py:4180} INFO - Setting next_dagrun for example_dynamic_task_mapping to None, run_after=None
[2026-03-23T01:18:18.502+0000] {processor.py:208} INFO - Processing /home/ec2-user/environment/lab4_model_training/venv/lib64/python3.12/site-packages/airflow/example_dags/example_dynamic_task_mapping.py took 0.066 seconds
[2026-03-23T01:19:18.358+0000] {processor.py:186} INFO - Started process (PID=8670) to work on /home/ec2-user/environment/lab4_model_training/venv/lib64/python3.12/site-packages/airflow/example_dags/example_dynamic_task_mapping.py
[2026-03-23T01:19:18.359+0000] {processor.py:914} INFO - Processing file /home/ec2-user/environment/lab4_model_training/venv/lib64/python3.12/site-packages/airflow/example_dags/example_dynamic_task_mapping.py for tasks to queue
[2026-03-23T01:19:18.361+0000] {logging_mixin.py:190} INFO - [2026-03-23T01:19:18.360+0000] {dagbag.py:588} INFO - Filling up the DagBag from /home/ec2-user/environment/lab4_model_training/venv/lib64/python3.12/site-packages/airflow/example_dags/example_dynamic_task_mapping.py
[2026-03-23T01:19:18.369+0000] {processor.py:925} INFO - DAG(s) 'example_dynamic_task_mapping' retrieved from /home/ec2-user/environment/lab4_model_training/venv/lib64/python3.12/site-packages/airflow/example_dags/example_dynamic_task_mapping.py
[2026-03-23T01:19:18.382+0000] {logging_mixin.py:190} INFO - [2026-03-23T01:19:18.382+0000] {dag.py:3239} INFO - Sync 1 DAGs
[2026-03-23T01:19:18.393+0000] {logging_mixin.py:190} INFO - [2026-03-23T01:19:18.393+0000] {dag.py:4180} INFO - Setting next_dagrun for example_dynamic_task_mapping to None, run_after=None
[2026-03-23T01:19:18.414+0000] {processor.py:208} INFO - Processing /home/ec2-user/environment/lab4_model_training/venv/lib64/python3.12/site-packages/airflow/example_dags/example_dynamic_task_mapping.py took 0.061 seconds
[2026-03-23T01:20:24.658+0000] {processor.py:186} INFO - Started process (PID=8826) to work on /home/ec2-user/environment/lab4_model_training/venv/lib64/python3.12/site-packages/airflow/example_dags/example_dynamic_task_mapping.py
[2026-03-23T01:20:24.659+0000] {processor.py:914} INFO - Processing file /home/ec2-user/environment/lab4_model_training/venv/lib64/python3.12/site-packages/airflow/example_dags/example_dynamic_task_mapping.py for tasks to queue
[2026-03-23T01:20:24.661+0000] {logging_mixin.py:190} INFO - [2026-03-23T01:20:24.661+0000] {dagbag.py:588} INFO - Filling up the DagBag from /home/ec2-user/environment/lab4_model_training/venv/lib64/python3.12/site-packages/airflow/example_dags/example_dynamic_task_mapping.py
[2026-03-23T01:20:24.669+0000] {processor.py:925} INFO - DAG(s) 'example_dynamic_task_mapping' retrieved from /home/ec2-user/environment/lab4_model_training/venv/lib64/python3.12/site-packages/airflow/example_dags/example_dynamic_task_mapping.py
[2026-03-23T01:20:24.684+0000] {logging_mixin.py:190} INFO - [2026-03-23T01:20:24.684+0000] {dag.py:3239} INFO - Sync 1 DAGs
[2026-03-23T01:20:24.695+0000] {logging_mixin.py:190} INFO - [2026-03-23T01:20:24.695+0000] {dag.py:4180} INFO - Setting next_dagrun for example_dynamic_task_mapping to None, run_after=None
[2026-03-23T01:20:24.717+0000] {processor.py:208} INFO - Processing /home/ec2-user/environment/lab4_model_training/venv/lib64/python3.12/site-packages/airflow/example_dags/example_dynamic_task_mapping.py took 0.064 seconds
[2026-03-23T01:21:30.251+0000] {processor.py:186} INFO - Started process (PID=8943) to work on /home/ec2-user/environment/lab4_model_training/venv/lib64/python3.12/site-packages/airflow/example_dags/example_dynamic_task_mapping.py
[2026-03-23T01:21:30.252+0000] {processor.py:914} INFO - Processing file /home/ec2-user/environment/lab4_model_training/venv/lib64/python3.12/site-packages/airflow/example_dags/example_dynamic_task_mapping.py for tasks to queue
[2026-03-23T01:21:30.255+0000] {logging_mixin.py:190} INFO - [2026-03-23T01:21:30.254+0000] {dagbag.py:588} INFO - Filling up the DagBag from /home/ec2-user/environment/lab4_model_training/venv/lib64/python3.12/site-packages/airflow/example_dags/example_dynamic_task_mapping.py
[2026-03-23T01:21:30.266+0000] {processor.py:925} INFO - DAG(s) 'example_dynamic_task_mapping' retrieved from /home/ec2-user/environment/lab4_model_training/venv/lib64/python3.12/site-packages/airflow/example_dags/example_dynamic_task_mapping.py
[2026-03-23T01:21:30.287+0000] {logging_mixin.py:190} INFO - [2026-03-23T01:21:30.287+0000] {dag.py:3239} INFO - Sync 1 DAGs
[2026-03-23T01:21:30.305+0000] {logging_mixin.py:190} INFO - [2026-03-23T01:21:30.305+0000] {dag.py:4180} INFO - Setting next_dagrun for example_dynamic_task_mapping to None, run_after=None
[2026-03-23T01:21:30.336+0000] {processor.py:208} INFO - Processing /home/ec2-user/environment/lab4_model_training/venv/lib64/python3.12/site-packages/airflow/example_dags/example_dynamic_task_mapping.py took 0.093 seconds
[2026-03-23T01:22:38.302+0000] {processor.py:186} INFO - Started process (PID=9117) to work on /home/ec2-user/environment/lab4_model_training/venv/lib64/python3.12/site-packages/airflow/example_dags/example_dynamic_task_mapping.py
[2026-03-23T01:22:38.303+0000] {processor.py:914} INFO - Processing file /home/ec2-user/environment/lab4_model_training/venv/lib64/python3.12/site-packages/airflow/example_dags/example_dynamic_task_mapping.py for tasks to queue
[2026-03-23T01:22:38.305+0000] {logging_mixin.py:190} INFO - [2026-03-23T01:22:38.305+0000] {dagbag.py:588} INFO - Filling up the DagBag from /home/ec2-user/environment/lab4_model_training/venv/lib64/python3.12/site-packages/airflow/example_dags/example_dynamic_task_mapping.py
[2026-03-23T01:22:38.313+0000] {processor.py:925} INFO - DAG(s) 'example_dynamic_task_mapping' retrieved from /home/ec2-user/environment/lab4_model_training/venv/lib64/python3.12/site-packages/airflow/example_dags/example_dynamic_task_mapping.py
[2026-03-23T01:22:38.328+0000] {logging_mixin.py:190} INFO - [2026-03-23T01:22:38.327+0000] {dag.py:3239} INFO - Sync 1 DAGs
[2026-03-23T01:22:38.340+0000] {logging_mixin.py:190} INFO - [2026-03-23T01:22:38.339+0000] {dag.py:4180} INFO - Setting next_dagrun for example_dynamic_task_mapping to None, run_after=None
[2026-03-23T01:22:38.361+0000] {processor.py:208} INFO - Processing /home/ec2-user/environment/lab4_model_training/venv/lib64/python3.12/site-packages/airflow/example_dags/example_dynamic_task_mapping.py took 0.064 seconds
[2026-03-23T01:23:48.970+0000] {processor.py:186} INFO - Started process (PID=9305) to work on /home/ec2-user/environment/lab4_model_training/venv/lib64/python3.12/site-packages/airflow/example_dags/example_dynamic_task_mapping.py
[2026-03-23T01:23:48.972+0000] {processor.py:914} INFO - Processing file /home/ec2-user/environment/lab4_model_training/venv/lib64/python3.12/site-packages/airflow/example_dags/example_dynamic_task_mapping.py for tasks to queue
[2026-03-23T01:23:48.973+0000] {logging_mixin.py:190} INFO - [2026-03-23T01:23:48.973+0000] {dagbag.py:588} INFO - Filling up the DagBag from /home/ec2-user/environment/lab4_model_training/venv/lib64/python3.12/site-packages/airflow/example_dags/example_dynamic_task_mapping.py
[2026-03-23T01:23:48.982+0000] {processor.py:925} INFO - DAG(s) 'example_dynamic_task_mapping' retrieved from /home/ec2-user/environment/lab4_model_training/venv/lib64/python3.12/site-packages/airflow/example_dags/example_dynamic_task_mapping.py
[2026-03-23T01:23:48.997+0000] {logging_mixin.py:190} INFO - [2026-03-23T01:23:48.996+0000] {dag.py:3239} INFO - Sync 1 DAGs
[2026-03-23T01:23:49.009+0000] {logging_mixin.py:190} INFO - [2026-03-23T01:23:49.009+0000] {dag.py:4180} INFO - Setting next_dagrun for example_dynamic_task_mapping to None, run_after=None
[2026-03-23T01:23:49.031+0000] {processor.py:208} INFO - Processing /home/ec2-user/environment/lab4_model_training/venv/lib64/python3.12/site-packages/airflow/example_dags/example_dynamic_task_mapping.py took 0.065 seconds
[2026-03-23T01:24:58.702+0000] {processor.py:186} INFO - Started process (PID=9473) to work on /home/ec2-user/environment/lab4_model_training/venv/lib64/python3.12/site-packages/airflow/example_dags/example_dynamic_task_mapping.py
[2026-03-23T01:24:58.704+0000] {processor.py:914} INFO - Processing file /home/ec2-user/environment/lab4_model_training/venv/lib64/python3.12/site-packages/airflow/example_dags/example_dynamic_task_mapping.py for tasks to queue
[2026-03-23T01:24:58.706+0000] {logging_mixin.py:190} INFO - [2026-03-23T01:24:58.705+0000] {dagbag.py:588} INFO - Filling up the DagBag from /home/ec2-user/environment/lab4_model_training/venv/lib64/python3.12/site-packages/airflow/example_dags/example_dynamic_task_mapping.py
[2026-03-23T01:24:58.714+0000] {processor.py:925} INFO - DAG(s) 'example_dynamic_task_mapping' retrieved from /home/ec2-user/environment/lab4_model_training/venv/lib64/python3.12/site-packages/airflow/example_dags/example_dynamic_task_mapping.py
[2026-03-23T01:24:58.729+0000] {logging_mixin.py:190} INFO - [2026-03-23T01:24:58.729+0000] {dag.py:3239} INFO - Sync 1 DAGs
[2026-03-23T01:24:58.741+0000] {logging_mixin.py:190} INFO - [2026-03-23T01:24:58.741+0000] {dag.py:4180} INFO - Setting next_dagrun for example_dynamic_task_mapping to None, run_after=None
[2026-03-23T01:24:58.764+0000] {processor.py:208} INFO - Processing /home/ec2-user/environment/lab4_model_training/venv/lib64/python3.12/site-packages/airflow/example_dags/example_dynamic_task_mapping.py took 0.066 seconds
[2026-03-23T01:26:25.127+0000] {processor.py:186} INFO - Started process (PID=9782) to work on /home/ec2-user/environment/lab4_model_training/venv/lib64/python3.12/site-packages/airflow/example_dags/example_dynamic_task_mapping.py
[2026-03-23T01:26:25.135+0000] {processor.py:914} INFO - Processing file /home/ec2-user/environment/lab4_model_training/venv/lib64/python3.12/site-packages/airflow/example_dags/example_dynamic_task_mapping.py for tasks to queue
[2026-03-23T01:26:25.138+0000] {logging_mixin.py:190} INFO - [2026-03-23T01:26:25.137+0000] {dagbag.py:588} INFO - Filling up the DagBag from /home/ec2-user/environment/lab4_model_training/venv/lib64/python3.12/site-packages/airflow/example_dags/example_dynamic_task_mapping.py
[2026-03-23T01:26:25.159+0000] {processor.py:925} INFO - DAG(s) 'example_dynamic_task_mapping' retrieved from /home/ec2-user/environment/lab4_model_training/venv/lib64/python3.12/site-packages/airflow/example_dags/example_dynamic_task_mapping.py
[2026-03-23T01:26:25.200+0000] {logging_mixin.py:190} INFO - [2026-03-23T01:26:25.200+0000] {dag.py:3239} INFO - Sync 1 DAGs
[2026-03-23T01:26:25.217+0000] {logging_mixin.py:190} INFO - [2026-03-23T01:26:25.217+0000] {dag.py:4180} INFO - Setting next_dagrun for example_dynamic_task_mapping to None, run_after=None
[2026-03-23T01:26:25.257+0000] {processor.py:208} INFO - Processing /home/ec2-user/environment/lab4_model_training/venv/lib64/python3.12/site-packages/airflow/example_dags/example_dynamic_task_mapping.py took 0.148 seconds
[2026-03-23T01:27:33.507+0000] {processor.py:186} INFO - Started process (PID=9951) to work on /home/ec2-user/environment/lab4_model_training/venv/lib64/python3.12/site-packages/airflow/example_dags/example_dynamic_task_mapping.py
[2026-03-23T01:27:33.508+0000] {processor.py:914} INFO - Processing file /home/ec2-user/environment/lab4_model_training/venv/lib64/python3.12/site-packages/airflow/example_dags/example_dynamic_task_mapping.py for tasks to queue
[2026-03-23T01:27:33.510+0000] {logging_mixin.py:190} INFO - [2026-03-23T01:27:33.510+0000] {dagbag.py:588} INFO - Filling up the DagBag from /home/ec2-user/environment/lab4_model_training/venv/lib64/python3.12/site-packages/airflow/example_dags/example_dynamic_task_mapping.py
[2026-03-23T01:27:33.519+0000] {processor.py:925} INFO - DAG(s) 'example_dynamic_task_mapping' retrieved from /home/ec2-user/environment/lab4_model_training/venv/lib64/python3.12/site-packages/airflow/example_dags/example_dynamic_task_mapping.py
[2026-03-23T01:27:33.534+0000] {logging_mixin.py:190} INFO - [2026-03-23T01:27:33.534+0000] {dag.py:3239} INFO - Sync 1 DAGs
[2026-03-23T01:27:33.546+0000] {logging_mixin.py:190} INFO - [2026-03-23T01:27:33.546+0000] {dag.py:4180} INFO - Setting next_dagrun for example_dynamic_task_mapping to None, run_after=None
[2026-03-23T01:27:33.568+0000] {processor.py:208} INFO - Processing /home/ec2-user/environment/lab4_model_training/venv/lib64/python3.12/site-packages/airflow/example_dags/example_dynamic_task_mapping.py took 0.066 seconds
[2026-03-23T01:28:33.162+0000] {processor.py:186} INFO - Started process (PID=10106) to work on /home/ec2-user/environment/lab4_model_training/venv/lib64/python3.12/site-packages/airflow/example_dags/example_dynamic_task_mapping.py
[2026-03-23T01:28:33.163+0000] {processor.py:914} INFO - Processing file /home/ec2-user/environment/lab4_model_training/venv/lib64/python3.12/site-packages/airflow/example_dags/example_dynamic_task_mapping.py for tasks to queue
[2026-03-23T01:28:33.165+0000] {logging_mixin.py:190} INFO - [2026-03-23T01:28:33.165+0000] {dagbag.py:588} INFO - Filling up the DagBag from /home/ec2-user/environment/lab4_model_training/venv/lib64/python3.12/site-packages/airflow/example_dags/example_dynamic_task_mapping.py
[2026-03-23T01:28:33.173+0000] {processor.py:925} INFO - DAG(s) 'example_dynamic_task_mapping' retrieved from /home/ec2-user/environment/lab4_model_training/venv/lib64/python3.12/site-packages/airflow/example_dags/example_dynamic_task_mapping.py
[2026-03-23T01:28:33.188+0000] {logging_mixin.py:190} INFO - [2026-03-23T01:28:33.188+0000] {dag.py:3239} INFO - Sync 1 DAGs
[2026-03-23T01:28:33.200+0000] {logging_mixin.py:190} INFO - [2026-03-23T01:28:33.200+0000] {dag.py:4180} INFO - Setting next_dagrun for example_dynamic_task_mapping to None, run_after=None
[2026-03-23T01:28:33.221+0000] {processor.py:208} INFO - Processing /home/ec2-user/environment/lab4_model_training/venv/lib64/python3.12/site-packages/airflow/example_dags/example_dynamic_task_mapping.py took 0.064 seconds
[2026-03-23T01:29:39.564+0000] {processor.py:186} INFO - Started process (PID=10299) to work on /home/ec2-user/environment/lab4_model_training/venv/lib64/python3.12/site-packages/airflow/example_dags/example_dynamic_task_mapping.py
[2026-03-23T01:29:39.565+0000] {processor.py:914} INFO - Processing file /home/ec2-user/environment/lab4_model_training/venv/lib64/python3.12/site-packages/airflow/example_dags/example_dynamic_task_mapping.py for tasks to queue
[2026-03-23T01:29:39.567+0000] {logging_mixin.py:190} INFO - [2026-03-23T01:29:39.566+0000] {dagbag.py:588} INFO - Filling up the DagBag from /home/ec2-user/environment/lab4_model_training/venv/lib64/python3.12/site-packages/airflow/example_dags/example_dynamic_task_mapping.py
[2026-03-23T01:29:39.575+0000] {processor.py:925} INFO - DAG(s) 'example_dynamic_task_mapping' retrieved from /home/ec2-user/environment/lab4_model_training/venv/lib64/python3.12/site-packages/airflow/example_dags/example_dynamic_task_mapping.py
[2026-03-23T01:29:39.590+0000] {logging_mixin.py:190} INFO - [2026-03-23T01:29:39.590+0000] {dag.py:3239} INFO - Sync 1 DAGs
[2026-03-23T01:29:39.603+0000] {logging_mixin.py:190} INFO - [2026-03-23T01:29:39.603+0000] {dag.py:4180} INFO - Setting next_dagrun for example_dynamic_task_mapping to None, run_after=None
[2026-03-23T01:29:39.625+0000] {processor.py:208} INFO - Processing /home/ec2-user/environment/lab4_model_training/venv/lib64/python3.12/site-packages/airflow/example_dags/example_dynamic_task_mapping.py took 0.066 seconds
[2026-03-23T01:30:46.570+0000] {processor.py:186} INFO - Started process (PID=10568) to work on /home/ec2-user/environment/lab4_model_training/venv/lib64/python3.12/site-packages/airflow/example_dags/example_dynamic_task_mapping.py
[2026-03-23T01:30:46.571+0000] {processor.py:914} INFO - Processing file /home/ec2-user/environment/lab4_model_training/venv/lib64/python3.12/site-packages/airflow/example_dags/example_dynamic_task_mapping.py for tasks to queue
[2026-03-23T01:30:46.573+0000] {logging_mixin.py:190} INFO - [2026-03-23T01:30:46.573+0000] {dagbag.py:588} INFO - Filling up the DagBag from /home/ec2-user/environment/lab4_model_training/venv/lib64/python3.12/site-packages/airflow/example_dags/example_dynamic_task_mapping.py
[2026-03-23T01:30:46.581+0000] {processor.py:925} INFO - DAG(s) 'example_dynamic_task_mapping' retrieved from /home/ec2-user/environment/lab4_model_training/venv/lib64/python3.12/site-packages/airflow/example_dags/example_dynamic_task_mapping.py
[2026-03-23T01:30:46.596+0000] {logging_mixin.py:190} INFO - [2026-03-23T01:30:46.596+0000] {dag.py:3239} INFO - Sync 1 DAGs
[2026-03-23T01:30:46.608+0000] {logging_mixin.py:190} INFO - [2026-03-23T01:30:46.608+0000] {dag.py:4180} INFO - Setting next_dagrun for example_dynamic_task_mapping to None, run_after=None
[2026-03-23T01:30:46.630+0000] {processor.py:208} INFO - Processing /home/ec2-user/environment/lab4_model_training/venv/lib64/python3.12/site-packages/airflow/example_dags/example_dynamic_task_mapping.py took 0.066 seconds
[2026-03-23T01:31:53.437+0000] {processor.py:186} INFO - Started process (PID=10747) to work on /home/ec2-user/environment/lab4_model_training/venv/lib64/python3.12/site-packages/airflow/example_dags/example_dynamic_task_mapping.py
[2026-03-23T01:31:53.439+0000] {processor.py:914} INFO - Processing file /home/ec2-user/environment/lab4_model_training/venv/lib64/python3.12/site-packages/airflow/example_dags/example_dynamic_task_mapping.py for tasks to queue
[2026-03-23T01:31:53.441+0000] {logging_mixin.py:190} INFO - [2026-03-23T01:31:53.440+0000] {dagbag.py:588} INFO - Filling up the DagBag from /home/ec2-user/environment/lab4_model_training/venv/lib64/python3.12/site-packages/airflow/example_dags/example_dynamic_task_mapping.py
[2026-03-23T01:31:53.449+0000] {processor.py:925} INFO - DAG(s) 'example_dynamic_task_mapping' retrieved from /home/ec2-user/environment/lab4_model_training/venv/lib64/python3.12/site-packages/airflow/example_dags/example_dynamic_task_mapping.py
[2026-03-23T01:31:53.464+0000] {logging_mixin.py:190} INFO - [2026-03-23T01:31:53.464+0000] {dag.py:3239} INFO - Sync 1 DAGs
[2026-03-23T01:31:53.476+0000] {logging_mixin.py:190} INFO - [2026-03-23T01:31:53.476+0000] {dag.py:4180} INFO - Setting next_dagrun for example_dynamic_task_mapping to None, run_after=None
[2026-03-23T01:31:53.501+0000] {processor.py:208} INFO - Processing /home/ec2-user/environment/lab4_model_training/venv/lib64/python3.12/site-packages/airflow/example_dags/example_dynamic_task_mapping.py took 0.069 seconds
[2026-03-23T01:32:57.950+0000] {processor.py:186} INFO - Started process (PID=10913) to work on /home/ec2-user/environment/lab4_model_training/venv/lib64/python3.12/site-packages/airflow/example_dags/example_dynamic_task_mapping.py
[2026-03-23T01:32:57.951+0000] {processor.py:914} INFO - Processing file /home/ec2-user/environment/lab4_model_training/venv/lib64/python3.12/site-packages/airflow/example_dags/example_dynamic_task_mapping.py for tasks to queue
[2026-03-23T01:32:57.953+0000] {logging_mixin.py:190} INFO - [2026-03-23T01:32:57.953+0000] {dagbag.py:588} INFO - Filling up the DagBag from /home/ec2-user/environment/lab4_model_training/venv/lib64/python3.12/site-packages/airflow/example_dags/example_dynamic_task_mapping.py
[2026-03-23T01:32:57.961+0000] {processor.py:925} INFO - DAG(s) 'example_dynamic_task_mapping' retrieved from /home/ec2-user/environment/lab4_model_training/venv/lib64/python3.12/site-packages/airflow/example_dags/example_dynamic_task_mapping.py
[2026-03-23T01:32:57.976+0000] {logging_mixin.py:190} INFO - [2026-03-23T01:32:57.976+0000] {dag.py:3239} INFO - Sync 1 DAGs
[2026-03-23T01:32:57.988+0000] {logging_mixin.py:190} INFO - [2026-03-23T01:32:57.988+0000] {dag.py:4180} INFO - Setting next_dagrun for example_dynamic_task_mapping to None, run_after=None
[2026-03-23T01:32:58.010+0000] {processor.py:208} INFO - Processing /home/ec2-user/environment/lab4_model_training/venv/lib64/python3.12/site-packages/airflow/example_dags/example_dynamic_task_mapping.py took 0.066 seconds
[2026-03-23T01:34:01.156+0000] {processor.py:186} INFO - Started process (PID=11108) to work on /home/ec2-user/environment/lab4_model_training/venv/lib64/python3.12/site-packages/airflow/example_dags/example_dynamic_task_mapping.py
[2026-03-23T01:34:01.157+0000] {processor.py:914} INFO - Processing file /home/ec2-user/environment/lab4_model_training/venv/lib64/python3.12/site-packages/airflow/example_dags/example_dynamic_task_mapping.py for tasks to queue
[2026-03-23T01:34:01.159+0000] {logging_mixin.py:190} INFO - [2026-03-23T01:34:01.158+0000] {dagbag.py:588} INFO - Filling up the DagBag from /home/ec2-user/environment/lab4_model_training/venv/lib64/python3.12/site-packages/airflow/example_dags/example_dynamic_task_mapping.py
[2026-03-23T01:34:01.167+0000] {processor.py:925} INFO - DAG(s) 'example_dynamic_task_mapping' retrieved from /home/ec2-user/environment/lab4_model_training/venv/lib64/python3.12/site-packages/airflow/example_dags/example_dynamic_task_mapping.py
[2026-03-23T01:34:01.182+0000] {logging_mixin.py:190} INFO - [2026-03-23T01:34:01.182+0000] {dag.py:3239} INFO - Sync 1 DAGs
[2026-03-23T01:34:01.193+0000] {logging_mixin.py:190} INFO - [2026-03-23T01:34:01.193+0000] {dag.py:4180} INFO - Setting next_dagrun for example_dynamic_task_mapping to None, run_after=None
[2026-03-23T01:34:01.215+0000] {processor.py:208} INFO - Processing /home/ec2-user/environment/lab4_model_training/venv/lib64/python3.12/site-packages/airflow/example_dags/example_dynamic_task_mapping.py took 0.064 seconds
[2026-03-23T01:35:11.239+0000] {processor.py:186} INFO - Started process (PID=11303) to work on /home/ec2-user/environment/lab4_model_training/venv/lib64/python3.12/site-packages/airflow/example_dags/example_dynamic_task_mapping.py
[2026-03-23T01:35:11.240+0000] {processor.py:914} INFO - Processing file /home/ec2-user/environment/lab4_model_training/venv/lib64/python3.12/site-packages/airflow/example_dags/example_dynamic_task_mapping.py for tasks to queue
[2026-03-23T01:35:11.242+0000] {logging_mixin.py:190} INFO - [2026-03-23T01:35:11.241+0000] {dagbag.py:588} INFO - Filling up the DagBag from /home/ec2-user/environment/lab4_model_training/venv/lib64/python3.12/site-packages/airflow/example_dags/example_dynamic_task_mapping.py
[2026-03-23T01:35:11.250+0000] {processor.py:925} INFO - DAG(s) 'example_dynamic_task_mapping' retrieved from /home/ec2-user/environment/lab4_model_training/venv/lib64/python3.12/site-packages/airflow/example_dags/example_dynamic_task_mapping.py
[2026-03-23T01:35:11.265+0000] {logging_mixin.py:190} INFO - [2026-03-23T01:35:11.265+0000] {dag.py:3239} INFO - Sync 1 DAGs
[2026-03-23T01:35:11.276+0000] {logging_mixin.py:190} INFO - [2026-03-23T01:35:11.276+0000] {dag.py:4180} INFO - Setting next_dagrun for example_dynamic_task_mapping to None, run_after=None
[2026-03-23T01:35:11.298+0000] {processor.py:208} INFO - Processing /home/ec2-user/environment/lab4_model_training/venv/lib64/python3.12/site-packages/airflow/example_dags/example_dynamic_task_mapping.py took 0.064 seconds
