[2026-03-23T00:59:19.710+0000] {processor.py:186} INFO - Started process (PID=5830) to work on /home/ec2-user/environment/lab4_model_training/venv/lib64/python3.12/site-packages/airflow/example_dags/example_kubernetes_executor.py
[2026-03-23T00:59:19.710+0000] {processor.py:914} INFO - Processing file /home/ec2-user/environment/lab4_model_training/venv/lib64/python3.12/site-packages/airflow/example_dags/example_kubernetes_executor.py for tasks to queue
[2026-03-23T00:59:19.712+0000] {logging_mixin.py:190} INFO - [2026-03-23T00:59:19.712+0000] {dagbag.py:588} INFO - Filling up the DagBag from /home/ec2-user/environment/lab4_model_training/venv/lib64/python3.12/site-packages/airflow/example_dags/example_kubernetes_executor.py
[2026-03-23T00:59:19.715+0000] {logging_mixin.py:190} INFO - [2026-03-23T00:59:19.714+0000] {example_kubernetes_executor.py:39} WARNING - The example_kubernetes_executor example DAG requires the kubernetes provider. Please install it with: pip install apache-airflow[cncf.kubernetes]
[2026-03-23T00:59:19.715+0000] {processor.py:927} WARNING - No viable dags retrieved from /home/ec2-user/environment/lab4_model_training/venv/lib64/python3.12/site-packages/airflow/example_dags/example_kubernetes_executor.py
[2026-03-23T00:59:19.727+0000] {processor.py:208} INFO - Processing /home/ec2-user/environment/lab4_model_training/venv/lib64/python3.12/site-packages/airflow/example_dags/example_kubernetes_executor.py took 0.022 seconds
[2026-03-23T01:00:21.661+0000] {processor.py:186} INFO - Started process (PID=5991) to work on /home/ec2-user/environment/lab4_model_training/venv/lib64/python3.12/site-packages/airflow/example_dags/example_kubernetes_executor.py
[2026-03-23T01:00:21.662+0000] {processor.py:914} INFO - Processing file /home/ec2-user/environment/lab4_model_training/venv/lib64/python3.12/site-packages/airflow/example_dags/example_kubernetes_executor.py for tasks to queue
[2026-03-23T01:00:21.664+0000] {logging_mixin.py:190} INFO - [2026-03-23T01:00:21.663+0000] {dagbag.py:588} INFO - Filling up the DagBag from /home/ec2-user/environment/lab4_model_training/venv/lib64/python3.12/site-packages/airflow/example_dags/example_kubernetes_executor.py
[2026-03-23T01:00:21.666+0000] {logging_mixin.py:190} INFO - [2026-03-23T01:00:21.666+0000] {example_kubernetes_executor.py:39} WARNING - The example_kubernetes_executor example DAG requires the kubernetes provider. Please install it with: pip install apache-airflow[cncf.kubernetes]
[2026-03-23T01:00:21.666+0000] {processor.py:927} WARNING - No viable dags retrieved from /home/ec2-user/environment/lab4_model_training/venv/lib64/python3.12/site-packages/airflow/example_dags/example_kubernetes_executor.py
[2026-03-23T01:00:21.677+0000] {processor.py:208} INFO - Processing /home/ec2-user/environment/lab4_model_training/venv/lib64/python3.12/site-packages/airflow/example_dags/example_kubernetes_executor.py took 0.021 seconds
[2026-03-23T01:01:25.918+0000] {processor.py:186} INFO - Started process (PID=6202) to work on /home/ec2-user/environment/lab4_model_training/venv/lib64/python3.12/site-packages/airflow/example_dags/example_kubernetes_executor.py
[2026-03-23T01:01:25.919+0000] {processor.py:914} INFO - Processing file /home/ec2-user/environment/lab4_model_training/venv/lib64/python3.12/site-packages/airflow/example_dags/example_kubernetes_executor.py for tasks to queue
[2026-03-23T01:01:25.921+0000] {logging_mixin.py:190} INFO - [2026-03-23T01:01:25.921+0000] {dagbag.py:588} INFO - Filling up the DagBag from /home/ec2-user/environment/lab4_model_training/venv/lib64/python3.12/site-packages/airflow/example_dags/example_kubernetes_executor.py
[2026-03-23T01:01:25.924+0000] {logging_mixin.py:190} INFO - [2026-03-23T01:01:25.923+0000] {example_kubernetes_executor.py:39} WARNING - The example_kubernetes_executor example DAG requires the kubernetes provider. Please install it with: pip install apache-airflow[cncf.kubernetes]
[2026-03-23T01:01:25.924+0000] {processor.py:927} WARNING - No viable dags retrieved from /home/ec2-user/environment/lab4_model_training/venv/lib64/python3.12/site-packages/airflow/example_dags/example_kubernetes_executor.py
[2026-03-23T01:01:25.934+0000] {processor.py:208} INFO - Processing /home/ec2-user/environment/lab4_model_training/venv/lib64/python3.12/site-packages/airflow/example_dags/example_kubernetes_executor.py took 0.021 seconds
[2026-03-23T01:02:27.555+0000] {processor.py:186} INFO - Started process (PID=6349) to work on /home/ec2-user/environment/lab4_model_training/venv/lib64/python3.12/site-packages/airflow/example_dags/example_kubernetes_executor.py
[2026-03-23T01:02:27.556+0000] {processor.py:914} INFO - Processing file /home/ec2-user/environment/lab4_model_training/venv/lib64/python3.12/site-packages/airflow/example_dags/example_kubernetes_executor.py for tasks to queue
[2026-03-23T01:02:27.558+0000] {logging_mixin.py:190} INFO - [2026-03-23T01:02:27.558+0000] {dagbag.py:588} INFO - Filling up the DagBag from /home/ec2-user/environment/lab4_model_training/venv/lib64/python3.12/site-packages/airflow/example_dags/example_kubernetes_executor.py
[2026-03-23T01:02:27.561+0000] {logging_mixin.py:190} INFO - [2026-03-23T01:02:27.560+0000] {example_kubernetes_executor.py:39} WARNING - The example_kubernetes_executor example DAG requires the kubernetes provider. Please install it with: pip install apache-airflow[cncf.kubernetes]
[2026-03-23T01:02:27.561+0000] {processor.py:927} WARNING - No viable dags retrieved from /home/ec2-user/environment/lab4_model_training/venv/lib64/python3.12/site-packages/airflow/example_dags/example_kubernetes_executor.py
[2026-03-23T01:02:27.571+0000] {processor.py:208} INFO - Processing /home/ec2-user/environment/lab4_model_training/venv/lib64/python3.12/site-packages/airflow/example_dags/example_kubernetes_executor.py took 0.021 seconds
[2026-03-23T01:03:34.709+0000] {processor.py:186} INFO - Started process (PID=6554) to work on /home/ec2-user/environment/lab4_model_training/venv/lib64/python3.12/site-packages/airflow/example_dags/example_kubernetes_executor.py
[2026-03-23T01:03:34.710+0000] {processor.py:914} INFO - Processing file /home/ec2-user/environment/lab4_model_training/venv/lib64/python3.12/site-packages/airflow/example_dags/example_kubernetes_executor.py for tasks to queue
[2026-03-23T01:03:34.712+0000] {logging_mixin.py:190} INFO - [2026-03-23T01:03:34.712+0000] {dagbag.py:588} INFO - Filling up the DagBag from /home/ec2-user/environment/lab4_model_training/venv/lib64/python3.12/site-packages/airflow/example_dags/example_kubernetes_executor.py
[2026-03-23T01:03:34.714+0000] {logging_mixin.py:190} INFO - [2026-03-23T01:03:34.714+0000] {example_kubernetes_executor.py:39} WARNING - The example_kubernetes_executor example DAG requires the kubernetes provider. Please install it with: pip install apache-airflow[cncf.kubernetes]
[2026-03-23T01:03:34.715+0000] {processor.py:927} WARNING - No viable dags retrieved from /home/ec2-user/environment/lab4_model_training/venv/lib64/python3.12/site-packages/airflow/example_dags/example_kubernetes_executor.py
[2026-03-23T01:03:34.725+0000] {processor.py:208} INFO - Processing /home/ec2-user/environment/lab4_model_training/venv/lib64/python3.12/site-packages/airflow/example_dags/example_kubernetes_executor.py took 0.021 seconds
[2026-03-23T01:04:38.880+0000] {processor.py:186} INFO - Started process (PID=6687) to work on /home/ec2-user/environment/lab4_model_training/venv/lib64/python3.12/site-packages/airflow/example_dags/example_kubernetes_executor.py
[2026-03-23T01:04:38.882+0000] {processor.py:914} INFO - Processing file /home/ec2-user/environment/lab4_model_training/venv/lib64/python3.12/site-packages/airflow/example_dags/example_kubernetes_executor.py for tasks to queue
[2026-03-23T01:04:38.884+0000] {logging_mixin.py:190} INFO - [2026-03-23T01:04:38.884+0000] {dagbag.py:588} INFO - Filling up the DagBag from /home/ec2-user/environment/lab4_model_training/venv/lib64/python3.12/site-packages/airflow/example_dags/example_kubernetes_executor.py
[2026-03-23T01:04:38.887+0000] {logging_mixin.py:190} INFO - [2026-03-23T01:04:38.887+0000] {example_kubernetes_executor.py:39} WARNING - The example_kubernetes_executor example DAG requires the kubernetes provider. Please install it with: pip install apache-airflow[cncf.kubernetes]
[2026-03-23T01:04:38.888+0000] {processor.py:927} WARNING - No viable dags retrieved from /home/ec2-user/environment/lab4_model_training/venv/lib64/python3.12/site-packages/airflow/example_dags/example_kubernetes_executor.py
[2026-03-23T01:04:38.900+0000] {processor.py:208} INFO - Processing /home/ec2-user/environment/lab4_model_training/venv/lib64/python3.12/site-packages/airflow/example_dags/example_kubernetes_executor.py took 0.027 seconds
[2026-03-23T01:05:50.449+0000] {processor.py:186} INFO - Started process (PID=6862) to work on /home/ec2-user/environment/lab4_model_training/venv/lib64/python3.12/site-packages/airflow/example_dags/example_kubernetes_executor.py
[2026-03-23T01:05:50.451+0000] {processor.py:914} INFO - Processing file /home/ec2-user/environment/lab4_model_training/venv/lib64/python3.12/site-packages/airflow/example_dags/example_kubernetes_executor.py for tasks to queue
[2026-03-23T01:05:50.453+0000] {logging_mixin.py:190} INFO - [2026-03-23T01:05:50.452+0000] {dagbag.py:588} INFO - Filling up the DagBag from /home/ec2-user/environment/lab4_model_training/venv/lib64/python3.12/site-packages/airflow/example_dags/example_kubernetes_executor.py
[2026-03-23T01:05:50.455+0000] {logging_mixin.py:190} INFO - [2026-03-23T01:05:50.455+0000] {example_kubernetes_executor.py:39} WARNING - The example_kubernetes_executor example DAG requires the kubernetes provider. Please install it with: pip install apache-airflow[cncf.kubernetes]
[2026-03-23T01:05:50.456+0000] {processor.py:927} WARNING - No viable dags retrieved from /home/ec2-user/environment/lab4_model_training/venv/lib64/python3.12/site-packages/airflow/example_dags/example_kubernetes_executor.py
[2026-03-23T01:05:50.466+0000] {processor.py:208} INFO - Processing /home/ec2-user/environment/lab4_model_training/venv/lib64/python3.12/site-packages/airflow/example_dags/example_kubernetes_executor.py took 0.022 seconds
[2026-03-23T01:07:05.707+0000] {processor.py:186} INFO - Started process (PID=7075) to work on /home/ec2-user/environment/lab4_model_training/venv/lib64/python3.12/site-packages/airflow/example_dags/example_kubernetes_executor.py
[2026-03-23T01:07:05.708+0000] {processor.py:914} INFO - Processing file /home/ec2-user/environment/lab4_model_training/venv/lib64/python3.12/site-packages/airflow/example_dags/example_kubernetes_executor.py for tasks to queue
[2026-03-23T01:07:05.710+0000] {logging_mixin.py:190} INFO - [2026-03-23T01:07:05.710+0000] {dagbag.py:588} INFO - Filling up the DagBag from /home/ec2-user/environment/lab4_model_training/venv/lib64/python3.12/site-packages/airflow/example_dags/example_kubernetes_executor.py
[2026-03-23T01:07:05.713+0000] {logging_mixin.py:190} INFO - [2026-03-23T01:07:05.712+0000] {example_kubernetes_executor.py:39} WARNING - The example_kubernetes_executor example DAG requires the kubernetes provider. Please install it with: pip install apache-airflow[cncf.kubernetes]
[2026-03-23T01:07:05.713+0000] {processor.py:927} WARNING - No viable dags retrieved from /home/ec2-user/environment/lab4_model_training/venv/lib64/python3.12/site-packages/airflow/example_dags/example_kubernetes_executor.py
[2026-03-23T01:07:05.723+0000] {processor.py:208} INFO - Processing /home/ec2-user/environment/lab4_model_training/venv/lib64/python3.12/site-packages/airflow/example_dags/example_kubernetes_executor.py took 0.021 seconds
[2026-03-23T01:08:14.764+0000] {processor.py:186} INFO - Started process (PID=7195) to work on /home/ec2-user/environment/lab4_model_training/venv/lib64/python3.12/site-packages/airflow/example_dags/example_kubernetes_executor.py
[2026-03-23T01:08:14.765+0000] {processor.py:914} INFO - Processing file /home/ec2-user/environment/lab4_model_training/venv/lib64/python3.12/site-packages/airflow/example_dags/example_kubernetes_executor.py for tasks to queue
[2026-03-23T01:08:14.767+0000] {logging_mixin.py:190} INFO - [2026-03-23T01:08:14.767+0000] {dagbag.py:588} INFO - Filling up the DagBag from /home/ec2-user/environment/lab4_model_training/venv/lib64/python3.12/site-packages/airflow/example_dags/example_kubernetes_executor.py
[2026-03-23T01:08:14.769+0000] {logging_mixin.py:190} INFO - [2026-03-23T01:08:14.769+0000] {example_kubernetes_executor.py:39} WARNING - The example_kubernetes_executor example DAG requires the kubernetes provider. Please install it with: pip install apache-airflow[cncf.kubernetes]
[2026-03-23T01:08:14.770+0000] {processor.py:927} WARNING - No viable dags retrieved from /home/ec2-user/environment/lab4_model_training/venv/lib64/python3.12/site-packages/airflow/example_dags/example_kubernetes_executor.py
[2026-03-23T01:08:14.780+0000] {processor.py:208} INFO - Processing /home/ec2-user/environment/lab4_model_training/venv/lib64/python3.12/site-packages/airflow/example_dags/example_kubernetes_executor.py took 0.021 seconds
[2026-03-23T01:09:29.721+0000] {processor.py:186} INFO - Started process (PID=7369) to work on /home/ec2-user/environment/lab4_model_training/venv/lib64/python3.12/site-packages/airflow/example_dags/example_kubernetes_executor.py
[2026-03-23T01:09:29.722+0000] {processor.py:914} INFO - Processing file /home/ec2-user/environment/lab4_model_training/venv/lib64/python3.12/site-packages/airflow/example_dags/example_kubernetes_executor.py for tasks to queue
[2026-03-23T01:09:29.724+0000] {logging_mixin.py:190} INFO - [2026-03-23T01:09:29.724+0000] {dagbag.py:588} INFO - Filling up the DagBag from /home/ec2-user/environment/lab4_model_training/venv/lib64/python3.12/site-packages/airflow/example_dags/example_kubernetes_executor.py
[2026-03-23T01:09:29.727+0000] {logging_mixin.py:190} INFO - [2026-03-23T01:09:29.727+0000] {example_kubernetes_executor.py:39} WARNING - The example_kubernetes_executor example DAG requires the kubernetes provider. Please install it with: pip install apache-airflow[cncf.kubernetes]
[2026-03-23T01:09:29.727+0000] {processor.py:927} WARNING - No viable dags retrieved from /home/ec2-user/environment/lab4_model_training/venv/lib64/python3.12/site-packages/airflow/example_dags/example_kubernetes_executor.py
[2026-03-23T01:09:29.737+0000] {processor.py:208} INFO - Processing /home/ec2-user/environment/lab4_model_training/venv/lib64/python3.12/site-packages/airflow/example_dags/example_kubernetes_executor.py took 0.021 seconds
[2026-03-23T01:10:45.581+0000] {processor.py:186} INFO - Started process (PID=7566) to work on /home/ec2-user/environment/lab4_model_training/venv/lib64/python3.12/site-packages/airflow/example_dags/example_kubernetes_executor.py
[2026-03-23T01:10:45.583+0000] {processor.py:914} INFO - Processing file /home/ec2-user/environment/lab4_model_training/venv/lib64/python3.12/site-packages/airflow/example_dags/example_kubernetes_executor.py for tasks to queue
[2026-03-23T01:10:45.585+0000] {logging_mixin.py:190} INFO - [2026-03-23T01:10:45.584+0000] {dagbag.py:588} INFO - Filling up the DagBag from /home/ec2-user/environment/lab4_model_training/venv/lib64/python3.12/site-packages/airflow/example_dags/example_kubernetes_executor.py
[2026-03-23T01:10:45.587+0000] {logging_mixin.py:190} INFO - [2026-03-23T01:10:45.587+0000] {example_kubernetes_executor.py:39} WARNING - The example_kubernetes_executor example DAG requires the kubernetes provider. Please install it with: pip install apache-airflow[cncf.kubernetes]
[2026-03-23T01:10:45.587+0000] {processor.py:927} WARNING - No viable dags retrieved from /home/ec2-user/environment/lab4_model_training/venv/lib64/python3.12/site-packages/airflow/example_dags/example_kubernetes_executor.py
[2026-03-23T01:10:45.597+0000] {processor.py:208} INFO - Processing /home/ec2-user/environment/lab4_model_training/venv/lib64/python3.12/site-packages/airflow/example_dags/example_kubernetes_executor.py took 0.021 seconds
[2026-03-23T01:11:49.299+0000] {processor.py:186} INFO - Started process (PID=7723) to work on /home/ec2-user/environment/lab4_model_training/venv/lib64/python3.12/site-packages/airflow/example_dags/example_kubernetes_executor.py
[2026-03-23T01:11:49.300+0000] {processor.py:914} INFO - Processing file /home/ec2-user/environment/lab4_model_training/venv/lib64/python3.12/site-packages/airflow/example_dags/example_kubernetes_executor.py for tasks to queue
[2026-03-23T01:11:49.302+0000] {logging_mixin.py:190} INFO - [2026-03-23T01:11:49.302+0000] {dagbag.py:588} INFO - Filling up the DagBag from /home/ec2-user/environment/lab4_model_training/venv/lib64/python3.12/site-packages/airflow/example_dags/example_kubernetes_executor.py
[2026-03-23T01:11:49.304+0000] {logging_mixin.py:190} INFO - [2026-03-23T01:11:49.304+0000] {example_kubernetes_executor.py:39} WARNING - The example_kubernetes_executor example DAG requires the kubernetes provider. Please install it with: pip install apache-airflow[cncf.kubernetes]
[2026-03-23T01:11:49.305+0000] {processor.py:927} WARNING - No viable dags retrieved from /home/ec2-user/environment/lab4_model_training/venv/lib64/python3.12/site-packages/airflow/example_dags/example_kubernetes_executor.py
[2026-03-23T01:11:49.315+0000] {processor.py:208} INFO - Processing /home/ec2-user/environment/lab4_model_training/venv/lib64/python3.12/site-packages/airflow/example_dags/example_kubernetes_executor.py took 0.021 seconds
[2026-03-23T01:12:54.591+0000] {processor.py:186} INFO - Started process (PID=7832) to work on /home/ec2-user/environment/lab4_model_training/venv/lib64/python3.12/site-packages/airflow/example_dags/example_kubernetes_executor.py
[2026-03-23T01:12:54.592+0000] {processor.py:914} INFO - Processing file /home/ec2-user/environment/lab4_model_training/venv/lib64/python3.12/site-packages/airflow/example_dags/example_kubernetes_executor.py for tasks to queue
[2026-03-23T01:12:54.594+0000] {logging_mixin.py:190} INFO - [2026-03-23T01:12:54.593+0000] {dagbag.py:588} INFO - Filling up the DagBag from /home/ec2-user/environment/lab4_model_training/venv/lib64/python3.12/site-packages/airflow/example_dags/example_kubernetes_executor.py
[2026-03-23T01:12:54.596+0000] {logging_mixin.py:190} INFO - [2026-03-23T01:12:54.596+0000] {example_kubernetes_executor.py:39} WARNING - The example_kubernetes_executor example DAG requires the kubernetes provider. Please install it with: pip install apache-airflow[cncf.kubernetes]
[2026-03-23T01:12:54.596+0000] {processor.py:927} WARNING - No viable dags retrieved from /home/ec2-user/environment/lab4_model_training/venv/lib64/python3.12/site-packages/airflow/example_dags/example_kubernetes_executor.py
[2026-03-23T01:12:54.606+0000] {processor.py:208} INFO - Processing /home/ec2-user/environment/lab4_model_training/venv/lib64/python3.12/site-packages/airflow/example_dags/example_kubernetes_executor.py took 0.021 seconds
[2026-03-23T01:13:57.218+0000] {processor.py:186} INFO - Started process (PID=7986) to work on /home/ec2-user/environment/lab4_model_training/venv/lib64/python3.12/site-packages/airflow/example_dags/example_kubernetes_executor.py
[2026-03-23T01:13:57.219+0000] {processor.py:914} INFO - Processing file /home/ec2-user/environment/lab4_model_training/venv/lib64/python3.12/site-packages/airflow/example_dags/example_kubernetes_executor.py for tasks to queue
[2026-03-23T01:13:57.221+0000] {logging_mixin.py:190} INFO - [2026-03-23T01:13:57.221+0000] {dagbag.py:588} INFO - Filling up the DagBag from /home/ec2-user/environment/lab4_model_training/venv/lib64/python3.12/site-packages/airflow/example_dags/example_kubernetes_executor.py
[2026-03-23T01:13:57.223+0000] {logging_mixin.py:190} INFO - [2026-03-23T01:13:57.223+0000] {example_kubernetes_executor.py:39} WARNING - The example_kubernetes_executor example DAG requires the kubernetes provider. Please install it with: pip install apache-airflow[cncf.kubernetes]
[2026-03-23T01:13:57.224+0000] {processor.py:927} WARNING - No viable dags retrieved from /home/ec2-user/environment/lab4_model_training/venv/lib64/python3.12/site-packages/airflow/example_dags/example_kubernetes_executor.py
[2026-03-23T01:13:57.234+0000] {processor.py:208} INFO - Processing /home/ec2-user/environment/lab4_model_training/venv/lib64/python3.12/site-packages/airflow/example_dags/example_kubernetes_executor.py took 0.021 seconds
[2026-03-23T01:15:07.087+0000] {processor.py:186} INFO - Started process (PID=8123) to work on /home/ec2-user/environment/lab4_model_training/venv/lib64/python3.12/site-packages/airflow/example_dags/example_kubernetes_executor.py
[2026-03-23T01:15:07.088+0000] {processor.py:914} INFO - Processing file /home/ec2-user/environment/lab4_model_training/venv/lib64/python3.12/site-packages/airflow/example_dags/example_kubernetes_executor.py for tasks to queue
[2026-03-23T01:15:07.090+0000] {logging_mixin.py:190} INFO - [2026-03-23T01:15:07.090+0000] {dagbag.py:588} INFO - Filling up the DagBag from /home/ec2-user/environment/lab4_model_training/venv/lib64/python3.12/site-packages/airflow/example_dags/example_kubernetes_executor.py
[2026-03-23T01:15:07.093+0000] {logging_mixin.py:190} INFO - [2026-03-23T01:15:07.093+0000] {example_kubernetes_executor.py:39} WARNING - The example_kubernetes_executor example DAG requires the kubernetes provider. Please install it with: pip install apache-airflow[cncf.kubernetes]
[2026-03-23T01:15:07.093+0000] {processor.py:927} WARNING - No viable dags retrieved from /home/ec2-user/environment/lab4_model_training/venv/lib64/python3.12/site-packages/airflow/example_dags/example_kubernetes_executor.py
[2026-03-23T01:15:07.103+0000] {processor.py:208} INFO - Processing /home/ec2-user/environment/lab4_model_training/venv/lib64/python3.12/site-packages/airflow/example_dags/example_kubernetes_executor.py took 0.021 seconds
[2026-03-23T01:16:14.660+0000] {processor.py:186} INFO - Started process (PID=8280) to work on /home/ec2-user/environment/lab4_model_training/venv/lib64/python3.12/site-packages/airflow/example_dags/example_kubernetes_executor.py
[2026-03-23T01:16:14.661+0000] {processor.py:914} INFO - Processing file /home/ec2-user/environment/lab4_model_training/venv/lib64/python3.12/site-packages/airflow/example_dags/example_kubernetes_executor.py for tasks to queue
[2026-03-23T01:16:14.663+0000] {logging_mixin.py:190} INFO - [2026-03-23T01:16:14.662+0000] {dagbag.py:588} INFO - Filling up the DagBag from /home/ec2-user/environment/lab4_model_training/venv/lib64/python3.12/site-packages/airflow/example_dags/example_kubernetes_executor.py
[2026-03-23T01:16:14.665+0000] {logging_mixin.py:190} INFO - [2026-03-23T01:16:14.665+0000] {example_kubernetes_executor.py:39} WARNING - The example_kubernetes_executor example DAG requires the kubernetes provider. Please install it with: pip install apache-airflow[cncf.kubernetes]
[2026-03-23T01:16:14.665+0000] {processor.py:927} WARNING - No viable dags retrieved from /home/ec2-user/environment/lab4_model_training/venv/lib64/python3.12/site-packages/airflow/example_dags/example_kubernetes_executor.py
[2026-03-23T01:16:14.675+0000] {processor.py:208} INFO - Processing /home/ec2-user/environment/lab4_model_training/venv/lib64/python3.12/site-packages/airflow/example_dags/example_kubernetes_executor.py took 0.021 seconds
[2026-03-23T01:17:19.022+0000] {processor.py:186} INFO - Started process (PID=8390) to work on /home/ec2-user/environment/lab4_model_training/venv/lib64/python3.12/site-packages/airflow/example_dags/example_kubernetes_executor.py
[2026-03-23T01:17:19.023+0000] {processor.py:914} INFO - Processing file /home/ec2-user/environment/lab4_model_training/venv/lib64/python3.12/site-packages/airflow/example_dags/example_kubernetes_executor.py for tasks to queue
[2026-03-23T01:17:19.025+0000] {logging_mixin.py:190} INFO - [2026-03-23T01:17:19.024+0000] {dagbag.py:588} INFO - Filling up the DagBag from /home/ec2-user/environment/lab4_model_training/venv/lib64/python3.12/site-packages/airflow/example_dags/example_kubernetes_executor.py
[2026-03-23T01:17:19.027+0000] {logging_mixin.py:190} INFO - [2026-03-23T01:17:19.027+0000] {example_kubernetes_executor.py:39} WARNING - The example_kubernetes_executor example DAG requires the kubernetes provider. Please install it with: pip install apache-airflow[cncf.kubernetes]
[2026-03-23T01:17:19.027+0000] {processor.py:927} WARNING - No viable dags retrieved from /home/ec2-user/environment/lab4_model_training/venv/lib64/python3.12/site-packages/airflow/example_dags/example_kubernetes_executor.py
[2026-03-23T01:17:19.038+0000] {processor.py:208} INFO - Processing /home/ec2-user/environment/lab4_model_training/venv/lib64/python3.12/site-packages/airflow/example_dags/example_kubernetes_executor.py took 0.021 seconds
[2026-03-23T01:18:23.002+0000] {processor.py:186} INFO - Started process (PID=8570) to work on /home/ec2-user/environment/lab4_model_training/venv/lib64/python3.12/site-packages/airflow/example_dags/example_kubernetes_executor.py
[2026-03-23T01:18:23.003+0000] {processor.py:914} INFO - Processing file /home/ec2-user/environment/lab4_model_training/venv/lib64/python3.12/site-packages/airflow/example_dags/example_kubernetes_executor.py for tasks to queue
[2026-03-23T01:18:23.005+0000] {logging_mixin.py:190} INFO - [2026-03-23T01:18:23.005+0000] {dagbag.py:588} INFO - Filling up the DagBag from /home/ec2-user/environment/lab4_model_training/venv/lib64/python3.12/site-packages/airflow/example_dags/example_kubernetes_executor.py
[2026-03-23T01:18:23.007+0000] {logging_mixin.py:190} INFO - [2026-03-23T01:18:23.007+0000] {example_kubernetes_executor.py:39} WARNING - The example_kubernetes_executor example DAG requires the kubernetes provider. Please install it with: pip install apache-airflow[cncf.kubernetes]
[2026-03-23T01:18:23.008+0000] {processor.py:927} WARNING - No viable dags retrieved from /home/ec2-user/environment/lab4_model_training/venv/lib64/python3.12/site-packages/airflow/example_dags/example_kubernetes_executor.py
[2026-03-23T01:18:23.017+0000] {processor.py:208} INFO - Processing /home/ec2-user/environment/lab4_model_training/venv/lib64/python3.12/site-packages/airflow/example_dags/example_kubernetes_executor.py took 0.021 seconds
[2026-03-23T01:19:22.360+0000] {processor.py:186} INFO - Started process (PID=8674) to work on /home/ec2-user/environment/lab4_model_training/venv/lib64/python3.12/site-packages/airflow/example_dags/example_kubernetes_executor.py
[2026-03-23T01:19:22.361+0000] {processor.py:914} INFO - Processing file /home/ec2-user/environment/lab4_model_training/venv/lib64/python3.12/site-packages/airflow/example_dags/example_kubernetes_executor.py for tasks to queue
[2026-03-23T01:19:22.363+0000] {logging_mixin.py:190} INFO - [2026-03-23T01:19:22.362+0000] {dagbag.py:588} INFO - Filling up the DagBag from /home/ec2-user/environment/lab4_model_training/venv/lib64/python3.12/site-packages/airflow/example_dags/example_kubernetes_executor.py
[2026-03-23T01:19:22.365+0000] {logging_mixin.py:190} INFO - [2026-03-23T01:19:22.365+0000] {example_kubernetes_executor.py:39} WARNING - The example_kubernetes_executor example DAG requires the kubernetes provider. Please install it with: pip install apache-airflow[cncf.kubernetes]
[2026-03-23T01:19:22.365+0000] {processor.py:927} WARNING - No viable dags retrieved from /home/ec2-user/environment/lab4_model_training/venv/lib64/python3.12/site-packages/airflow/example_dags/example_kubernetes_executor.py
[2026-03-23T01:19:22.375+0000] {processor.py:208} INFO - Processing /home/ec2-user/environment/lab4_model_training/venv/lib64/python3.12/site-packages/airflow/example_dags/example_kubernetes_executor.py took 0.021 seconds
[2026-03-23T01:20:27.142+0000] {processor.py:186} INFO - Started process (PID=8830) to work on /home/ec2-user/environment/lab4_model_training/venv/lib64/python3.12/site-packages/airflow/example_dags/example_kubernetes_executor.py
[2026-03-23T01:20:27.144+0000] {processor.py:914} INFO - Processing file /home/ec2-user/environment/lab4_model_training/venv/lib64/python3.12/site-packages/airflow/example_dags/example_kubernetes_executor.py for tasks to queue
[2026-03-23T01:20:27.146+0000] {logging_mixin.py:190} INFO - [2026-03-23T01:20:27.145+0000] {dagbag.py:588} INFO - Filling up the DagBag from /home/ec2-user/environment/lab4_model_training/venv/lib64/python3.12/site-packages/airflow/example_dags/example_kubernetes_executor.py
[2026-03-23T01:20:27.148+0000] {logging_mixin.py:190} INFO - [2026-03-23T01:20:27.148+0000] {example_kubernetes_executor.py:39} WARNING - The example_kubernetes_executor example DAG requires the kubernetes provider. Please install it with: pip install apache-airflow[cncf.kubernetes]
[2026-03-23T01:20:27.148+0000] {processor.py:927} WARNING - No viable dags retrieved from /home/ec2-user/environment/lab4_model_training/venv/lib64/python3.12/site-packages/airflow/example_dags/example_kubernetes_executor.py
[2026-03-23T01:20:27.158+0000] {processor.py:208} INFO - Processing /home/ec2-user/environment/lab4_model_training/venv/lib64/python3.12/site-packages/airflow/example_dags/example_kubernetes_executor.py took 0.021 seconds
[2026-03-23T01:21:34.825+0000] {processor.py:186} INFO - Started process (PID=8956) to work on /home/ec2-user/environment/lab4_model_training/venv/lib64/python3.12/site-packages/airflow/example_dags/example_kubernetes_executor.py
[2026-03-23T01:21:34.826+0000] {processor.py:914} INFO - Processing file /home/ec2-user/environment/lab4_model_training/venv/lib64/python3.12/site-packages/airflow/example_dags/example_kubernetes_executor.py for tasks to queue
[2026-03-23T01:21:34.828+0000] {logging_mixin.py:190} INFO - [2026-03-23T01:21:34.828+0000] {dagbag.py:588} INFO - Filling up the DagBag from /home/ec2-user/environment/lab4_model_training/venv/lib64/python3.12/site-packages/airflow/example_dags/example_kubernetes_executor.py
[2026-03-23T01:21:34.831+0000] {logging_mixin.py:190} INFO - [2026-03-23T01:21:34.831+0000] {example_kubernetes_executor.py:39} WARNING - The example_kubernetes_executor example DAG requires the kubernetes provider. Please install it with: pip install apache-airflow[cncf.kubernetes]
[2026-03-23T01:21:34.831+0000] {processor.py:927} WARNING - No viable dags retrieved from /home/ec2-user/environment/lab4_model_training/venv/lib64/python3.12/site-packages/airflow/example_dags/example_kubernetes_executor.py
[2026-03-23T01:21:34.841+0000] {processor.py:208} INFO - Processing /home/ec2-user/environment/lab4_model_training/venv/lib64/python3.12/site-packages/airflow/example_dags/example_kubernetes_executor.py took 0.021 seconds
[2026-03-23T01:22:42.576+0000] {processor.py:186} INFO - Started process (PID=9128) to work on /home/ec2-user/environment/lab4_model_training/venv/lib64/python3.12/site-packages/airflow/example_dags/example_kubernetes_executor.py
[2026-03-23T01:22:42.577+0000] {processor.py:914} INFO - Processing file /home/ec2-user/environment/lab4_model_training/venv/lib64/python3.12/site-packages/airflow/example_dags/example_kubernetes_executor.py for tasks to queue
[2026-03-23T01:22:42.579+0000] {logging_mixin.py:190} INFO - [2026-03-23T01:22:42.579+0000] {dagbag.py:588} INFO - Filling up the DagBag from /home/ec2-user/environment/lab4_model_training/venv/lib64/python3.12/site-packages/airflow/example_dags/example_kubernetes_executor.py
[2026-03-23T01:22:42.581+0000] {logging_mixin.py:190} INFO - [2026-03-23T01:22:42.581+0000] {example_kubernetes_executor.py:39} WARNING - The example_kubernetes_executor example DAG requires the kubernetes provider. Please install it with: pip install apache-airflow[cncf.kubernetes]
[2026-03-23T01:22:42.581+0000] {processor.py:927} WARNING - No viable dags retrieved from /home/ec2-user/environment/lab4_model_training/venv/lib64/python3.12/site-packages/airflow/example_dags/example_kubernetes_executor.py
[2026-03-23T01:22:42.591+0000] {processor.py:208} INFO - Processing /home/ec2-user/environment/lab4_model_training/venv/lib64/python3.12/site-packages/airflow/example_dags/example_kubernetes_executor.py took 0.020 seconds
[2026-03-23T01:23:52.981+0000] {processor.py:186} INFO - Started process (PID=9313) to work on /home/ec2-user/environment/lab4_model_training/venv/lib64/python3.12/site-packages/airflow/example_dags/example_kubernetes_executor.py
[2026-03-23T01:23:52.982+0000] {processor.py:914} INFO - Processing file /home/ec2-user/environment/lab4_model_training/venv/lib64/python3.12/site-packages/airflow/example_dags/example_kubernetes_executor.py for tasks to queue
[2026-03-23T01:23:52.984+0000] {logging_mixin.py:190} INFO - [2026-03-23T01:23:52.983+0000] {dagbag.py:588} INFO - Filling up the DagBag from /home/ec2-user/environment/lab4_model_training/venv/lib64/python3.12/site-packages/airflow/example_dags/example_kubernetes_executor.py
[2026-03-23T01:23:52.986+0000] {logging_mixin.py:190} INFO - [2026-03-23T01:23:52.986+0000] {example_kubernetes_executor.py:39} WARNING - The example_kubernetes_executor example DAG requires the kubernetes provider. Please install it with: pip install apache-airflow[cncf.kubernetes]
[2026-03-23T01:23:52.987+0000] {processor.py:927} WARNING - No viable dags retrieved from /home/ec2-user/environment/lab4_model_training/venv/lib64/python3.12/site-packages/airflow/example_dags/example_kubernetes_executor.py
[2026-03-23T01:23:52.997+0000] {processor.py:208} INFO - Processing /home/ec2-user/environment/lab4_model_training/venv/lib64/python3.12/site-packages/airflow/example_dags/example_kubernetes_executor.py took 0.022 seconds
