[2026-03-23T00:59:35.826+0000] {processor.py:186} INFO - Started process (PID=5852) to work on /home/ec2-user/environment/lab4_model_training/venv/lib64/python3.12/site-packages/airflow/example_dags/example_sla_dag.py
[2026-03-23T00:59:35.827+0000] {processor.py:914} INFO - Processing file /home/ec2-user/environment/lab4_model_training/venv/lib64/python3.12/site-packages/airflow/example_dags/example_sla_dag.py for tasks to queue
[2026-03-23T00:59:35.829+0000] {logging_mixin.py:190} INFO - [2026-03-23T00:59:35.829+0000] {dagbag.py:588} INFO - Filling up the DagBag from /home/ec2-user/environment/lab4_model_training/venv/lib64/python3.12/site-packages/airflow/example_dags/example_sla_dag.py
[2026-03-23T00:59:35.839+0000] {processor.py:925} INFO - DAG(s) 'example_sla_dag' retrieved from /home/ec2-user/environment/lab4_model_training/venv/lib64/python3.12/site-packages/airflow/example_dags/example_sla_dag.py
[2026-03-23T00:59:35.854+0000] {logging_mixin.py:190} INFO - [2026-03-23T00:59:35.854+0000] {dag.py:3239} INFO - Sync 1 DAGs
[2026-03-23T00:59:35.875+0000] {logging_mixin.py:190} INFO - [2026-03-23T00:59:35.875+0000] {dag.py:4180} INFO - Setting next_dagrun for example_sla_dag to 2026-03-23 00:56:00+00:00, run_after=2026-03-23 00:58:00+00:00
[2026-03-23T00:59:35.897+0000] {processor.py:208} INFO - Processing /home/ec2-user/environment/lab4_model_training/venv/lib64/python3.12/site-packages/airflow/example_dags/example_sla_dag.py took 0.076 seconds
[2026-03-23T01:00:41.942+0000] {processor.py:186} INFO - Started process (PID=6028) to work on /home/ec2-user/environment/lab4_model_training/venv/lib64/python3.12/site-packages/airflow/example_dags/example_sla_dag.py
[2026-03-23T01:00:41.943+0000] {processor.py:914} INFO - Processing file /home/ec2-user/environment/lab4_model_training/venv/lib64/python3.12/site-packages/airflow/example_dags/example_sla_dag.py for tasks to queue
[2026-03-23T01:00:41.946+0000] {logging_mixin.py:190} INFO - [2026-03-23T01:00:41.946+0000] {dagbag.py:588} INFO - Filling up the DagBag from /home/ec2-user/environment/lab4_model_training/venv/lib64/python3.12/site-packages/airflow/example_dags/example_sla_dag.py
[2026-03-23T01:00:41.957+0000] {processor.py:925} INFO - DAG(s) 'example_sla_dag' retrieved from /home/ec2-user/environment/lab4_model_training/venv/lib64/python3.12/site-packages/airflow/example_dags/example_sla_dag.py
[2026-03-23T01:00:41.972+0000] {logging_mixin.py:190} INFO - [2026-03-23T01:00:41.972+0000] {dag.py:3239} INFO - Sync 1 DAGs
[2026-03-23T01:00:41.993+0000] {logging_mixin.py:190} INFO - [2026-03-23T01:00:41.993+0000] {dag.py:4180} INFO - Setting next_dagrun for example_sla_dag to 2026-03-23 00:58:00+00:00, run_after=2026-03-23 01:00:00+00:00
[2026-03-23T01:00:42.018+0000] {processor.py:208} INFO - Processing /home/ec2-user/environment/lab4_model_training/venv/lib64/python3.12/site-packages/airflow/example_dags/example_sla_dag.py took 0.081 seconds
[2026-03-23T01:01:46.202+0000] {processor.py:186} INFO - Started process (PID=6254) to work on /home/ec2-user/environment/lab4_model_training/venv/lib64/python3.12/site-packages/airflow/example_dags/example_sla_dag.py
[2026-03-23T01:01:46.203+0000] {processor.py:914} INFO - Processing file /home/ec2-user/environment/lab4_model_training/venv/lib64/python3.12/site-packages/airflow/example_dags/example_sla_dag.py for tasks to queue
[2026-03-23T01:01:46.206+0000] {logging_mixin.py:190} INFO - [2026-03-23T01:01:46.205+0000] {dagbag.py:588} INFO - Filling up the DagBag from /home/ec2-user/environment/lab4_model_training/venv/lib64/python3.12/site-packages/airflow/example_dags/example_sla_dag.py
[2026-03-23T01:01:46.216+0000] {processor.py:925} INFO - DAG(s) 'example_sla_dag' retrieved from /home/ec2-user/environment/lab4_model_training/venv/lib64/python3.12/site-packages/airflow/example_dags/example_sla_dag.py
[2026-03-23T01:01:46.231+0000] {logging_mixin.py:190} INFO - [2026-03-23T01:01:46.231+0000] {dag.py:3239} INFO - Sync 1 DAGs
[2026-03-23T01:01:46.254+0000] {logging_mixin.py:190} INFO - [2026-03-23T01:01:46.254+0000] {dag.py:4180} INFO - Setting next_dagrun for example_sla_dag to 2026-03-23 00:58:00+00:00, run_after=2026-03-23 01:00:00+00:00
[2026-03-23T01:01:46.277+0000] {processor.py:208} INFO - Processing /home/ec2-user/environment/lab4_model_training/venv/lib64/python3.12/site-packages/airflow/example_dags/example_sla_dag.py took 0.081 seconds
[2026-03-23T01:02:49.290+0000] {processor.py:186} INFO - Started process (PID=6444) to work on /home/ec2-user/environment/lab4_model_training/venv/lib64/python3.12/site-packages/airflow/example_dags/example_sla_dag.py
[2026-03-23T01:02:49.291+0000] {processor.py:914} INFO - Processing file /home/ec2-user/environment/lab4_model_training/venv/lib64/python3.12/site-packages/airflow/example_dags/example_sla_dag.py for tasks to queue
[2026-03-23T01:02:49.294+0000] {logging_mixin.py:190} INFO - [2026-03-23T01:02:49.293+0000] {dagbag.py:588} INFO - Filling up the DagBag from /home/ec2-user/environment/lab4_model_training/venv/lib64/python3.12/site-packages/airflow/example_dags/example_sla_dag.py
[2026-03-23T01:02:49.303+0000] {processor.py:925} INFO - DAG(s) 'example_sla_dag' retrieved from /home/ec2-user/environment/lab4_model_training/venv/lib64/python3.12/site-packages/airflow/example_dags/example_sla_dag.py
[2026-03-23T01:02:49.318+0000] {logging_mixin.py:190} INFO - [2026-03-23T01:02:49.318+0000] {dag.py:3239} INFO - Sync 1 DAGs
[2026-03-23T01:02:49.340+0000] {logging_mixin.py:190} INFO - [2026-03-23T01:02:49.340+0000] {dag.py:4180} INFO - Setting next_dagrun for example_sla_dag to 2026-03-23 01:00:00+00:00, run_after=2026-03-23 01:02:00+00:00
[2026-03-23T01:02:49.363+0000] {processor.py:208} INFO - Processing /home/ec2-user/environment/lab4_model_training/venv/lib64/python3.12/site-packages/airflow/example_dags/example_sla_dag.py took 0.078 seconds
[2026-03-23T01:03:56.016+0000] {processor.py:186} INFO - Started process (PID=6596) to work on /home/ec2-user/environment/lab4_model_training/venv/lib64/python3.12/site-packages/airflow/example_dags/example_sla_dag.py
[2026-03-23T01:03:56.018+0000] {processor.py:914} INFO - Processing file /home/ec2-user/environment/lab4_model_training/venv/lib64/python3.12/site-packages/airflow/example_dags/example_sla_dag.py for tasks to queue
[2026-03-23T01:03:56.020+0000] {logging_mixin.py:190} INFO - [2026-03-23T01:03:56.020+0000] {dagbag.py:588} INFO - Filling up the DagBag from /home/ec2-user/environment/lab4_model_training/venv/lib64/python3.12/site-packages/airflow/example_dags/example_sla_dag.py
[2026-03-23T01:03:56.030+0000] {processor.py:925} INFO - DAG(s) 'example_sla_dag' retrieved from /home/ec2-user/environment/lab4_model_training/venv/lib64/python3.12/site-packages/airflow/example_dags/example_sla_dag.py
[2026-03-23T01:03:56.045+0000] {logging_mixin.py:190} INFO - [2026-03-23T01:03:56.044+0000] {dag.py:3239} INFO - Sync 1 DAGs
[2026-03-23T01:03:56.066+0000] {logging_mixin.py:190} INFO - [2026-03-23T01:03:56.066+0000] {dag.py:4180} INFO - Setting next_dagrun for example_sla_dag to 2026-03-23 01:00:00+00:00, run_after=2026-03-23 01:02:00+00:00
[2026-03-23T01:03:56.087+0000] {processor.py:208} INFO - Processing /home/ec2-user/environment/lab4_model_training/venv/lib64/python3.12/site-packages/airflow/example_dags/example_sla_dag.py took 0.076 seconds
[2026-03-23T01:05:00.168+0000] {processor.py:186} INFO - Started process (PID=6766) to work on /home/ec2-user/environment/lab4_model_training/venv/lib64/python3.12/site-packages/airflow/example_dags/example_sla_dag.py
[2026-03-23T01:05:00.169+0000] {processor.py:914} INFO - Processing file /home/ec2-user/environment/lab4_model_training/venv/lib64/python3.12/site-packages/airflow/example_dags/example_sla_dag.py for tasks to queue
[2026-03-23T01:05:00.171+0000] {logging_mixin.py:190} INFO - [2026-03-23T01:05:00.171+0000] {dagbag.py:588} INFO - Filling up the DagBag from /home/ec2-user/environment/lab4_model_training/venv/lib64/python3.12/site-packages/airflow/example_dags/example_sla_dag.py
[2026-03-23T01:05:00.181+0000] {processor.py:925} INFO - DAG(s) 'example_sla_dag' retrieved from /home/ec2-user/environment/lab4_model_training/venv/lib64/python3.12/site-packages/airflow/example_dags/example_sla_dag.py
[2026-03-23T01:05:00.196+0000] {logging_mixin.py:190} INFO - [2026-03-23T01:05:00.195+0000] {dag.py:3239} INFO - Sync 1 DAGs
[2026-03-23T01:05:00.217+0000] {logging_mixin.py:190} INFO - [2026-03-23T01:05:00.217+0000] {dag.py:4180} INFO - Setting next_dagrun for example_sla_dag to 2026-03-23 01:02:00+00:00, run_after=2026-03-23 01:04:00+00:00
[2026-03-23T01:05:00.238+0000] {processor.py:208} INFO - Processing /home/ec2-user/environment/lab4_model_training/venv/lib64/python3.12/site-packages/airflow/example_dags/example_sla_dag.py took 0.076 seconds
[2026-03-23T01:06:08.130+0000] {processor.py:186} INFO - Started process (PID=6898) to work on /home/ec2-user/environment/lab4_model_training/venv/lib64/python3.12/site-packages/airflow/example_dags/example_sla_dag.py
[2026-03-23T01:06:08.132+0000] {processor.py:914} INFO - Processing file /home/ec2-user/environment/lab4_model_training/venv/lib64/python3.12/site-packages/airflow/example_dags/example_sla_dag.py for tasks to queue
[2026-03-23T01:06:08.133+0000] {logging_mixin.py:190} INFO - [2026-03-23T01:06:08.133+0000] {dagbag.py:588} INFO - Filling up the DagBag from /home/ec2-user/environment/lab4_model_training/venv/lib64/python3.12/site-packages/airflow/example_dags/example_sla_dag.py
[2026-03-23T01:06:08.144+0000] {processor.py:925} INFO - DAG(s) 'example_sla_dag' retrieved from /home/ec2-user/environment/lab4_model_training/venv/lib64/python3.12/site-packages/airflow/example_dags/example_sla_dag.py
[2026-03-23T01:06:08.158+0000] {logging_mixin.py:190} INFO - [2026-03-23T01:06:08.158+0000] {dag.py:3239} INFO - Sync 1 DAGs
[2026-03-23T01:06:08.179+0000] {logging_mixin.py:190} INFO - [2026-03-23T01:06:08.179+0000] {dag.py:4180} INFO - Setting next_dagrun for example_sla_dag to 2026-03-23 01:04:00+00:00, run_after=2026-03-23 01:06:00+00:00
[2026-03-23T01:06:08.201+0000] {processor.py:208} INFO - Processing /home/ec2-user/environment/lab4_model_training/venv/lib64/python3.12/site-packages/airflow/example_dags/example_sla_dag.py took 0.076 seconds
[2026-03-23T01:07:23.928+0000] {processor.py:186} INFO - Started process (PID=7111) to work on /home/ec2-user/environment/lab4_model_training/venv/lib64/python3.12/site-packages/airflow/example_dags/example_sla_dag.py
[2026-03-23T01:07:23.929+0000] {processor.py:914} INFO - Processing file /home/ec2-user/environment/lab4_model_training/venv/lib64/python3.12/site-packages/airflow/example_dags/example_sla_dag.py for tasks to queue
[2026-03-23T01:07:23.932+0000] {logging_mixin.py:190} INFO - [2026-03-23T01:07:23.931+0000] {dagbag.py:588} INFO - Filling up the DagBag from /home/ec2-user/environment/lab4_model_training/venv/lib64/python3.12/site-packages/airflow/example_dags/example_sla_dag.py
[2026-03-23T01:07:23.942+0000] {processor.py:925} INFO - DAG(s) 'example_sla_dag' retrieved from /home/ec2-user/environment/lab4_model_training/venv/lib64/python3.12/site-packages/airflow/example_dags/example_sla_dag.py
[2026-03-23T01:07:23.956+0000] {logging_mixin.py:190} INFO - [2026-03-23T01:07:23.956+0000] {dag.py:3239} INFO - Sync 1 DAGs
[2026-03-23T01:07:23.978+0000] {logging_mixin.py:190} INFO - [2026-03-23T01:07:23.977+0000] {dag.py:4180} INFO - Setting next_dagrun for example_sla_dag to 2026-03-23 01:04:00+00:00, run_after=2026-03-23 01:06:00+00:00
[2026-03-23T01:07:23.999+0000] {processor.py:208} INFO - Processing /home/ec2-user/environment/lab4_model_training/venv/lib64/python3.12/site-packages/airflow/example_dags/example_sla_dag.py took 0.076 seconds
[2026-03-23T01:08:33.614+0000] {processor.py:186} INFO - Started process (PID=7223) to work on /home/ec2-user/environment/lab4_model_training/venv/lib64/python3.12/site-packages/airflow/example_dags/example_sla_dag.py
[2026-03-23T01:08:33.615+0000] {processor.py:914} INFO - Processing file /home/ec2-user/environment/lab4_model_training/venv/lib64/python3.12/site-packages/airflow/example_dags/example_sla_dag.py for tasks to queue
[2026-03-23T01:08:33.617+0000] {logging_mixin.py:190} INFO - [2026-03-23T01:08:33.617+0000] {dagbag.py:588} INFO - Filling up the DagBag from /home/ec2-user/environment/lab4_model_training/venv/lib64/python3.12/site-packages/airflow/example_dags/example_sla_dag.py
[2026-03-23T01:08:33.627+0000] {processor.py:925} INFO - DAG(s) 'example_sla_dag' retrieved from /home/ec2-user/environment/lab4_model_training/venv/lib64/python3.12/site-packages/airflow/example_dags/example_sla_dag.py
[2026-03-23T01:08:33.642+0000] {logging_mixin.py:190} INFO - [2026-03-23T01:08:33.642+0000] {dag.py:3239} INFO - Sync 1 DAGs
[2026-03-23T01:08:33.663+0000] {logging_mixin.py:190} INFO - [2026-03-23T01:08:33.663+0000] {dag.py:4180} INFO - Setting next_dagrun for example_sla_dag to 2026-03-23 01:06:00+00:00, run_after=2026-03-23 01:08:00+00:00
[2026-03-23T01:08:33.685+0000] {processor.py:208} INFO - Processing /home/ec2-user/environment/lab4_model_training/venv/lib64/python3.12/site-packages/airflow/example_dags/example_sla_dag.py took 0.076 seconds
[2026-03-23T01:09:51.232+0000] {processor.py:186} INFO - Started process (PID=7402) to work on /home/ec2-user/environment/lab4_model_training/venv/lib64/python3.12/site-packages/airflow/example_dags/example_sla_dag.py
[2026-03-23T01:09:51.233+0000] {processor.py:914} INFO - Processing file /home/ec2-user/environment/lab4_model_training/venv/lib64/python3.12/site-packages/airflow/example_dags/example_sla_dag.py for tasks to queue
[2026-03-23T01:09:51.236+0000] {logging_mixin.py:190} INFO - [2026-03-23T01:09:51.235+0000] {dagbag.py:588} INFO - Filling up the DagBag from /home/ec2-user/environment/lab4_model_training/venv/lib64/python3.12/site-packages/airflow/example_dags/example_sla_dag.py
[2026-03-23T01:09:51.246+0000] {processor.py:925} INFO - DAG(s) 'example_sla_dag' retrieved from /home/ec2-user/environment/lab4_model_training/venv/lib64/python3.12/site-packages/airflow/example_dags/example_sla_dag.py
[2026-03-23T01:09:51.260+0000] {logging_mixin.py:190} INFO - [2026-03-23T01:09:51.260+0000] {dag.py:3239} INFO - Sync 1 DAGs
[2026-03-23T01:09:51.282+0000] {logging_mixin.py:190} INFO - [2026-03-23T01:09:51.282+0000] {dag.py:4180} INFO - Setting next_dagrun for example_sla_dag to 2026-03-23 01:06:00+00:00, run_after=2026-03-23 01:08:00+00:00
[2026-03-23T01:09:51.304+0000] {processor.py:208} INFO - Processing /home/ec2-user/environment/lab4_model_training/venv/lib64/python3.12/site-packages/airflow/example_dags/example_sla_dag.py took 0.077 seconds
[2026-03-23T01:11:03.326+0000] {processor.py:186} INFO - Started process (PID=7606) to work on /home/ec2-user/environment/lab4_model_training/venv/lib64/python3.12/site-packages/airflow/example_dags/example_sla_dag.py
[2026-03-23T01:11:03.327+0000] {processor.py:914} INFO - Processing file /home/ec2-user/environment/lab4_model_training/venv/lib64/python3.12/site-packages/airflow/example_dags/example_sla_dag.py for tasks to queue
[2026-03-23T01:11:03.329+0000] {logging_mixin.py:190} INFO - [2026-03-23T01:11:03.329+0000] {dagbag.py:588} INFO - Filling up the DagBag from /home/ec2-user/environment/lab4_model_training/venv/lib64/python3.12/site-packages/airflow/example_dags/example_sla_dag.py
[2026-03-23T01:11:03.339+0000] {processor.py:925} INFO - DAG(s) 'example_sla_dag' retrieved from /home/ec2-user/environment/lab4_model_training/venv/lib64/python3.12/site-packages/airflow/example_dags/example_sla_dag.py
[2026-03-23T01:11:03.353+0000] {logging_mixin.py:190} INFO - [2026-03-23T01:11:03.353+0000] {dag.py:3239} INFO - Sync 1 DAGs
[2026-03-23T01:11:03.374+0000] {logging_mixin.py:190} INFO - [2026-03-23T01:11:03.374+0000] {dag.py:4180} INFO - Setting next_dagrun for example_sla_dag to 2026-03-23 01:08:00+00:00, run_after=2026-03-23 01:10:00+00:00
[2026-03-23T01:11:03.395+0000] {processor.py:208} INFO - Processing /home/ec2-user/environment/lab4_model_training/venv/lib64/python3.12/site-packages/airflow/example_dags/example_sla_dag.py took 0.074 seconds
[2026-03-23T01:12:06.875+0000] {processor.py:186} INFO - Started process (PID=7764) to work on /home/ec2-user/environment/lab4_model_training/venv/lib64/python3.12/site-packages/airflow/example_dags/example_sla_dag.py
[2026-03-23T01:12:06.876+0000] {processor.py:914} INFO - Processing file /home/ec2-user/environment/lab4_model_training/venv/lib64/python3.12/site-packages/airflow/example_dags/example_sla_dag.py for tasks to queue
[2026-03-23T01:12:06.878+0000] {logging_mixin.py:190} INFO - [2026-03-23T01:12:06.878+0000] {dagbag.py:588} INFO - Filling up the DagBag from /home/ec2-user/environment/lab4_model_training/venv/lib64/python3.12/site-packages/airflow/example_dags/example_sla_dag.py
[2026-03-23T01:12:06.888+0000] {processor.py:925} INFO - DAG(s) 'example_sla_dag' retrieved from /home/ec2-user/environment/lab4_model_training/venv/lib64/python3.12/site-packages/airflow/example_dags/example_sla_dag.py
[2026-03-23T01:12:06.903+0000] {logging_mixin.py:190} INFO - [2026-03-23T01:12:06.903+0000] {dag.py:3239} INFO - Sync 1 DAGs
[2026-03-23T01:12:06.925+0000] {logging_mixin.py:190} INFO - [2026-03-23T01:12:06.925+0000] {dag.py:4180} INFO - Setting next_dagrun for example_sla_dag to 2026-03-23 01:10:00+00:00, run_after=2026-03-23 01:12:00+00:00
[2026-03-23T01:12:06.947+0000] {processor.py:208} INFO - Processing /home/ec2-user/environment/lab4_model_training/venv/lib64/python3.12/site-packages/airflow/example_dags/example_sla_dag.py took 0.077 seconds
[2026-03-23T01:13:11.216+0000] {processor.py:186} INFO - Started process (PID=7872) to work on /home/ec2-user/environment/lab4_model_training/venv/lib64/python3.12/site-packages/airflow/example_dags/example_sla_dag.py
[2026-03-23T01:13:11.218+0000] {processor.py:914} INFO - Processing file /home/ec2-user/environment/lab4_model_training/venv/lib64/python3.12/site-packages/airflow/example_dags/example_sla_dag.py for tasks to queue
[2026-03-23T01:13:11.220+0000] {logging_mixin.py:190} INFO - [2026-03-23T01:13:11.220+0000] {dagbag.py:588} INFO - Filling up the DagBag from /home/ec2-user/environment/lab4_model_training/venv/lib64/python3.12/site-packages/airflow/example_dags/example_sla_dag.py
[2026-03-23T01:13:11.230+0000] {processor.py:925} INFO - DAG(s) 'example_sla_dag' retrieved from /home/ec2-user/environment/lab4_model_training/venv/lib64/python3.12/site-packages/airflow/example_dags/example_sla_dag.py
[2026-03-23T01:13:11.244+0000] {logging_mixin.py:190} INFO - [2026-03-23T01:13:11.244+0000] {dag.py:3239} INFO - Sync 1 DAGs
[2026-03-23T01:13:11.266+0000] {logging_mixin.py:190} INFO - [2026-03-23T01:13:11.265+0000] {dag.py:4180} INFO - Setting next_dagrun for example_sla_dag to 2026-03-23 01:10:00+00:00, run_after=2026-03-23 01:12:00+00:00
[2026-03-23T01:13:11.286+0000] {processor.py:208} INFO - Processing /home/ec2-user/environment/lab4_model_training/venv/lib64/python3.12/site-packages/airflow/example_dags/example_sla_dag.py took 0.076 seconds
[2026-03-23T01:14:13.699+0000] {processor.py:186} INFO - Started process (PID=8026) to work on /home/ec2-user/environment/lab4_model_training/venv/lib64/python3.12/site-packages/airflow/example_dags/example_sla_dag.py
[2026-03-23T01:14:13.701+0000] {processor.py:914} INFO - Processing file /home/ec2-user/environment/lab4_model_training/venv/lib64/python3.12/site-packages/airflow/example_dags/example_sla_dag.py for tasks to queue
[2026-03-23T01:14:13.703+0000] {logging_mixin.py:190} INFO - [2026-03-23T01:14:13.703+0000] {dagbag.py:588} INFO - Filling up the DagBag from /home/ec2-user/environment/lab4_model_training/venv/lib64/python3.12/site-packages/airflow/example_dags/example_sla_dag.py
[2026-03-23T01:14:13.713+0000] {processor.py:925} INFO - DAG(s) 'example_sla_dag' retrieved from /home/ec2-user/environment/lab4_model_training/venv/lib64/python3.12/site-packages/airflow/example_dags/example_sla_dag.py
[2026-03-23T01:14:13.728+0000] {logging_mixin.py:190} INFO - [2026-03-23T01:14:13.728+0000] {dag.py:3239} INFO - Sync 1 DAGs
[2026-03-23T01:14:13.750+0000] {logging_mixin.py:190} INFO - [2026-03-23T01:14:13.750+0000] {dag.py:4180} INFO - Setting next_dagrun for example_sla_dag to 2026-03-23 01:12:00+00:00, run_after=2026-03-23 01:14:00+00:00
[2026-03-23T01:14:13.771+0000] {processor.py:208} INFO - Processing /home/ec2-user/environment/lab4_model_training/venv/lib64/python3.12/site-packages/airflow/example_dags/example_sla_dag.py took 0.078 seconds
[2026-03-23T01:15:24.812+0000] {processor.py:186} INFO - Started process (PID=8145) to work on /home/ec2-user/environment/lab4_model_training/venv/lib64/python3.12/site-packages/airflow/example_dags/example_sla_dag.py
[2026-03-23T01:15:24.813+0000] {processor.py:914} INFO - Processing file /home/ec2-user/environment/lab4_model_training/venv/lib64/python3.12/site-packages/airflow/example_dags/example_sla_dag.py for tasks to queue
[2026-03-23T01:15:24.815+0000] {logging_mixin.py:190} INFO - [2026-03-23T01:15:24.815+0000] {dagbag.py:588} INFO - Filling up the DagBag from /home/ec2-user/environment/lab4_model_training/venv/lib64/python3.12/site-packages/airflow/example_dags/example_sla_dag.py
[2026-03-23T01:15:24.825+0000] {processor.py:925} INFO - DAG(s) 'example_sla_dag' retrieved from /home/ec2-user/environment/lab4_model_training/venv/lib64/python3.12/site-packages/airflow/example_dags/example_sla_dag.py
[2026-03-23T01:15:24.839+0000] {logging_mixin.py:190} INFO - [2026-03-23T01:15:24.839+0000] {dag.py:3239} INFO - Sync 1 DAGs
[2026-03-23T01:15:24.861+0000] {logging_mixin.py:190} INFO - [2026-03-23T01:15:24.860+0000] {dag.py:4180} INFO - Setting next_dagrun for example_sla_dag to 2026-03-23 01:12:00+00:00, run_after=2026-03-23 01:14:00+00:00
[2026-03-23T01:15:24.880+0000] {processor.py:208} INFO - Processing /home/ec2-user/environment/lab4_model_training/venv/lib64/python3.12/site-packages/airflow/example_dags/example_sla_dag.py took 0.074 seconds
[2026-03-23T01:16:31.457+0000] {processor.py:186} INFO - Started process (PID=8302) to work on /home/ec2-user/environment/lab4_model_training/venv/lib64/python3.12/site-packages/airflow/example_dags/example_sla_dag.py
[2026-03-23T01:16:31.458+0000] {processor.py:914} INFO - Processing file /home/ec2-user/environment/lab4_model_training/venv/lib64/python3.12/site-packages/airflow/example_dags/example_sla_dag.py for tasks to queue
[2026-03-23T01:16:31.460+0000] {logging_mixin.py:190} INFO - [2026-03-23T01:16:31.460+0000] {dagbag.py:588} INFO - Filling up the DagBag from /home/ec2-user/environment/lab4_model_training/venv/lib64/python3.12/site-packages/airflow/example_dags/example_sla_dag.py
[2026-03-23T01:16:31.470+0000] {processor.py:925} INFO - DAG(s) 'example_sla_dag' retrieved from /home/ec2-user/environment/lab4_model_training/venv/lib64/python3.12/site-packages/airflow/example_dags/example_sla_dag.py
[2026-03-23T01:16:31.485+0000] {logging_mixin.py:190} INFO - [2026-03-23T01:16:31.484+0000] {dag.py:3239} INFO - Sync 1 DAGs
[2026-03-23T01:16:31.505+0000] {logging_mixin.py:190} INFO - [2026-03-23T01:16:31.505+0000] {dag.py:4180} INFO - Setting next_dagrun for example_sla_dag to 2026-03-23 01:14:00+00:00, run_after=2026-03-23 01:16:00+00:00
[2026-03-23T01:16:31.527+0000] {processor.py:208} INFO - Processing /home/ec2-user/environment/lab4_model_training/venv/lib64/python3.12/site-packages/airflow/example_dags/example_sla_dag.py took 0.076 seconds
[2026-03-23T01:17:36.194+0000] {processor.py:186} INFO - Started process (PID=8423) to work on /home/ec2-user/environment/lab4_model_training/venv/lib64/python3.12/site-packages/airflow/example_dags/example_sla_dag.py
[2026-03-23T01:17:36.196+0000] {processor.py:914} INFO - Processing file /home/ec2-user/environment/lab4_model_training/venv/lib64/python3.12/site-packages/airflow/example_dags/example_sla_dag.py for tasks to queue
[2026-03-23T01:17:36.198+0000] {logging_mixin.py:190} INFO - [2026-03-23T01:17:36.198+0000] {dagbag.py:588} INFO - Filling up the DagBag from /home/ec2-user/environment/lab4_model_training/venv/lib64/python3.12/site-packages/airflow/example_dags/example_sla_dag.py
[2026-03-23T01:17:36.208+0000] {processor.py:925} INFO - DAG(s) 'example_sla_dag' retrieved from /home/ec2-user/environment/lab4_model_training/venv/lib64/python3.12/site-packages/airflow/example_dags/example_sla_dag.py
[2026-03-23T01:17:36.222+0000] {logging_mixin.py:190} INFO - [2026-03-23T01:17:36.222+0000] {dag.py:3239} INFO - Sync 1 DAGs
[2026-03-23T01:17:36.243+0000] {logging_mixin.py:190} INFO - [2026-03-23T01:17:36.242+0000] {dag.py:4180} INFO - Setting next_dagrun for example_sla_dag to 2026-03-23 01:14:00+00:00, run_after=2026-03-23 01:16:00+00:00
[2026-03-23T01:17:36.263+0000] {processor.py:208} INFO - Processing /home/ec2-user/environment/lab4_model_training/venv/lib64/python3.12/site-packages/airflow/example_dags/example_sla_dag.py took 0.074 seconds
[2026-03-23T01:18:38.898+0000] {processor.py:186} INFO - Started process (PID=8598) to work on /home/ec2-user/environment/lab4_model_training/venv/lib64/python3.12/site-packages/airflow/example_dags/example_sla_dag.py
[2026-03-23T01:18:38.899+0000] {processor.py:914} INFO - Processing file /home/ec2-user/environment/lab4_model_training/venv/lib64/python3.12/site-packages/airflow/example_dags/example_sla_dag.py for tasks to queue
[2026-03-23T01:18:38.901+0000] {logging_mixin.py:190} INFO - [2026-03-23T01:18:38.901+0000] {dagbag.py:588} INFO - Filling up the DagBag from /home/ec2-user/environment/lab4_model_training/venv/lib64/python3.12/site-packages/airflow/example_dags/example_sla_dag.py
[2026-03-23T01:18:38.911+0000] {processor.py:925} INFO - DAG(s) 'example_sla_dag' retrieved from /home/ec2-user/environment/lab4_model_training/venv/lib64/python3.12/site-packages/airflow/example_dags/example_sla_dag.py
[2026-03-23T01:18:38.926+0000] {logging_mixin.py:190} INFO - [2026-03-23T01:18:38.925+0000] {dag.py:3239} INFO - Sync 1 DAGs
[2026-03-23T01:18:38.947+0000] {logging_mixin.py:190} INFO - [2026-03-23T01:18:38.947+0000] {dag.py:4180} INFO - Setting next_dagrun for example_sla_dag to 2026-03-23 01:16:00+00:00, run_after=2026-03-23 01:18:00+00:00
[2026-03-23T01:18:38.968+0000] {processor.py:208} INFO - Processing /home/ec2-user/environment/lab4_model_training/venv/lib64/python3.12/site-packages/airflow/example_dags/example_sla_dag.py took 0.075 seconds
[2026-03-23T01:19:40.084+0000] {processor.py:186} INFO - Started process (PID=8702) to work on /home/ec2-user/environment/lab4_model_training/venv/lib64/python3.12/site-packages/airflow/example_dags/example_sla_dag.py
[2026-03-23T01:19:40.085+0000] {processor.py:914} INFO - Processing file /home/ec2-user/environment/lab4_model_training/venv/lib64/python3.12/site-packages/airflow/example_dags/example_sla_dag.py for tasks to queue
[2026-03-23T01:19:40.087+0000] {logging_mixin.py:190} INFO - [2026-03-23T01:19:40.087+0000] {dagbag.py:588} INFO - Filling up the DagBag from /home/ec2-user/environment/lab4_model_training/venv/lib64/python3.12/site-packages/airflow/example_dags/example_sla_dag.py
[2026-03-23T01:19:40.097+0000] {processor.py:925} INFO - DAG(s) 'example_sla_dag' retrieved from /home/ec2-user/environment/lab4_model_training/venv/lib64/python3.12/site-packages/airflow/example_dags/example_sla_dag.py
[2026-03-23T01:19:40.111+0000] {logging_mixin.py:190} INFO - [2026-03-23T01:19:40.111+0000] {dag.py:3239} INFO - Sync 1 DAGs
[2026-03-23T01:19:40.132+0000] {logging_mixin.py:190} INFO - [2026-03-23T01:19:40.132+0000] {dag.py:4180} INFO - Setting next_dagrun for example_sla_dag to 2026-03-23 01:16:00+00:00, run_after=2026-03-23 01:18:00+00:00
[2026-03-23T01:19:40.152+0000] {processor.py:208} INFO - Processing /home/ec2-user/environment/lab4_model_training/venv/lib64/python3.12/site-packages/airflow/example_dags/example_sla_dag.py took 0.073 seconds
[2026-03-23T01:20:45.732+0000] {processor.py:186} INFO - Started process (PID=8858) to work on /home/ec2-user/environment/lab4_model_training/venv/lib64/python3.12/site-packages/airflow/example_dags/example_sla_dag.py
[2026-03-23T01:20:45.733+0000] {processor.py:914} INFO - Processing file /home/ec2-user/environment/lab4_model_training/venv/lib64/python3.12/site-packages/airflow/example_dags/example_sla_dag.py for tasks to queue
[2026-03-23T01:20:45.736+0000] {logging_mixin.py:190} INFO - [2026-03-23T01:20:45.735+0000] {dagbag.py:588} INFO - Filling up the DagBag from /home/ec2-user/environment/lab4_model_training/venv/lib64/python3.12/site-packages/airflow/example_dags/example_sla_dag.py
[2026-03-23T01:20:45.746+0000] {processor.py:925} INFO - DAG(s) 'example_sla_dag' retrieved from /home/ec2-user/environment/lab4_model_training/venv/lib64/python3.12/site-packages/airflow/example_dags/example_sla_dag.py
[2026-03-23T01:20:45.760+0000] {logging_mixin.py:190} INFO - [2026-03-23T01:20:45.760+0000] {dag.py:3239} INFO - Sync 1 DAGs
[2026-03-23T01:20:45.782+0000] {logging_mixin.py:190} INFO - [2026-03-23T01:20:45.782+0000] {dag.py:4180} INFO - Setting next_dagrun for example_sla_dag to 2026-03-23 01:18:00+00:00, run_after=2026-03-23 01:20:00+00:00
[2026-03-23T01:20:45.803+0000] {processor.py:208} INFO - Processing /home/ec2-user/environment/lab4_model_training/venv/lib64/python3.12/site-packages/airflow/example_dags/example_sla_dag.py took 0.076 seconds
[2026-03-23T01:21:51.999+0000] {processor.py:186} INFO - Started process (PID=9032) to work on /home/ec2-user/environment/lab4_model_training/venv/lib64/python3.12/site-packages/airflow/example_dags/example_sla_dag.py
[2026-03-23T01:21:52.000+0000] {processor.py:914} INFO - Processing file /home/ec2-user/environment/lab4_model_training/venv/lib64/python3.12/site-packages/airflow/example_dags/example_sla_dag.py for tasks to queue
[2026-03-23T01:21:52.002+0000] {logging_mixin.py:190} INFO - [2026-03-23T01:21:52.002+0000] {dagbag.py:588} INFO - Filling up the DagBag from /home/ec2-user/environment/lab4_model_training/venv/lib64/python3.12/site-packages/airflow/example_dags/example_sla_dag.py
[2026-03-23T01:21:52.012+0000] {processor.py:925} INFO - DAG(s) 'example_sla_dag' retrieved from /home/ec2-user/environment/lab4_model_training/venv/lib64/python3.12/site-packages/airflow/example_dags/example_sla_dag.py
[2026-03-23T01:21:52.027+0000] {logging_mixin.py:190} INFO - [2026-03-23T01:21:52.026+0000] {dag.py:3239} INFO - Sync 1 DAGs
[2026-03-23T01:21:52.048+0000] {logging_mixin.py:190} INFO - [2026-03-23T01:21:52.048+0000] {dag.py:4180} INFO - Setting next_dagrun for example_sla_dag to 2026-03-23 01:18:00+00:00, run_after=2026-03-23 01:20:00+00:00
[2026-03-23T01:21:52.067+0000] {processor.py:208} INFO - Processing /home/ec2-user/environment/lab4_model_training/venv/lib64/python3.12/site-packages/airflow/example_dags/example_sla_dag.py took 0.073 seconds
[2026-03-23T01:23:03.557+0000] {processor.py:186} INFO - Started process (PID=9174) to work on /home/ec2-user/environment/lab4_model_training/venv/lib64/python3.12/site-packages/airflow/example_dags/example_sla_dag.py
[2026-03-23T01:23:03.558+0000] {processor.py:914} INFO - Processing file /home/ec2-user/environment/lab4_model_training/venv/lib64/python3.12/site-packages/airflow/example_dags/example_sla_dag.py for tasks to queue
[2026-03-23T01:23:03.560+0000] {logging_mixin.py:190} INFO - [2026-03-23T01:23:03.560+0000] {dagbag.py:588} INFO - Filling up the DagBag from /home/ec2-user/environment/lab4_model_training/venv/lib64/python3.12/site-packages/airflow/example_dags/example_sla_dag.py
[2026-03-23T01:23:03.570+0000] {processor.py:925} INFO - DAG(s) 'example_sla_dag' retrieved from /home/ec2-user/environment/lab4_model_training/venv/lib64/python3.12/site-packages/airflow/example_dags/example_sla_dag.py
[2026-03-23T01:23:03.585+0000] {logging_mixin.py:190} INFO - [2026-03-23T01:23:03.585+0000] {dag.py:3239} INFO - Sync 1 DAGs
[2026-03-23T01:23:03.607+0000] {logging_mixin.py:190} INFO - [2026-03-23T01:23:03.607+0000] {dag.py:4180} INFO - Setting next_dagrun for example_sla_dag to 2026-03-23 01:20:00+00:00, run_after=2026-03-23 01:22:00+00:00
[2026-03-23T01:23:03.629+0000] {processor.py:208} INFO - Processing /home/ec2-user/environment/lab4_model_training/venv/lib64/python3.12/site-packages/airflow/example_dags/example_sla_dag.py took 0.078 seconds
[2026-03-23T01:24:10.499+0000] {processor.py:186} INFO - Started process (PID=9388) to work on /home/ec2-user/environment/lab4_model_training/venv/lib64/python3.12/site-packages/airflow/example_dags/example_sla_dag.py
[2026-03-23T01:24:10.500+0000] {processor.py:914} INFO - Processing file /home/ec2-user/environment/lab4_model_training/venv/lib64/python3.12/site-packages/airflow/example_dags/example_sla_dag.py for tasks to queue
[2026-03-23T01:24:10.502+0000] {logging_mixin.py:190} INFO - [2026-03-23T01:24:10.502+0000] {dagbag.py:588} INFO - Filling up the DagBag from /home/ec2-user/environment/lab4_model_training/venv/lib64/python3.12/site-packages/airflow/example_dags/example_sla_dag.py
[2026-03-23T01:24:10.512+0000] {processor.py:925} INFO - DAG(s) 'example_sla_dag' retrieved from /home/ec2-user/environment/lab4_model_training/venv/lib64/python3.12/site-packages/airflow/example_dags/example_sla_dag.py
[2026-03-23T01:24:10.527+0000] {logging_mixin.py:190} INFO - [2026-03-23T01:24:10.527+0000] {dag.py:3239} INFO - Sync 1 DAGs
[2026-03-23T01:24:10.549+0000] {logging_mixin.py:190} INFO - [2026-03-23T01:24:10.549+0000] {dag.py:4180} INFO - Setting next_dagrun for example_sla_dag to 2026-03-23 01:22:00+00:00, run_after=2026-03-23 01:24:00+00:00
[2026-03-23T01:24:10.571+0000] {processor.py:208} INFO - Processing /home/ec2-user/environment/lab4_model_training/venv/lib64/python3.12/site-packages/airflow/example_dags/example_sla_dag.py took 0.077 seconds
