[2026-03-23T00:59:23.708+0000] {processor.py:186} INFO - Started process (PID=5835) to work on /home/ec2-user/environment/lab4_model_training/venv/lib64/python3.12/site-packages/airflow/example_dags/example_outlet_event_extra.py
[2026-03-23T00:59:23.709+0000] {processor.py:914} INFO - Processing file /home/ec2-user/environment/lab4_model_training/venv/lib64/python3.12/site-packages/airflow/example_dags/example_outlet_event_extra.py for tasks to queue
[2026-03-23T00:59:23.713+0000] {logging_mixin.py:190} INFO - [2026-03-23T00:59:23.713+0000] {dagbag.py:588} INFO - Filling up the DagBag from /home/ec2-user/environment/lab4_model_training/venv/lib64/python3.12/site-packages/airflow/example_dags/example_outlet_event_extra.py
[2026-03-23T00:59:23.727+0000] {processor.py:925} INFO - DAG(s) 'dataset_with_extra_by_yield', 'dataset_with_extra_by_context', 'dataset_with_extra_from_classic_operator' retrieved from /home/ec2-user/environment/lab4_model_training/venv/lib64/python3.12/site-packages/airflow/example_dags/example_outlet_event_extra.py
[2026-03-23T00:59:23.747+0000] {logging_mixin.py:190} INFO - [2026-03-23T00:59:23.747+0000] {dag.py:3239} INFO - Sync 3 DAGs
[2026-03-23T00:59:23.767+0000] {logging_mixin.py:190} INFO - [2026-03-23T00:59:23.767+0000] {dag.py:4180} INFO - Setting next_dagrun for dataset_with_extra_by_context to 2026-03-22 00:00:00+00:00, run_after=2026-03-23 00:00:00+00:00
[2026-03-23T00:59:23.771+0000] {logging_mixin.py:190} INFO - [2026-03-23T00:59:23.771+0000] {dag.py:4180} INFO - Setting next_dagrun for dataset_with_extra_by_yield to 2026-03-22 00:00:00+00:00, run_after=2026-03-23 00:00:00+00:00
[2026-03-23T00:59:23.773+0000] {logging_mixin.py:190} INFO - [2026-03-23T00:59:23.773+0000] {dag.py:4180} INFO - Setting next_dagrun for dataset_with_extra_from_classic_operator to 2026-03-22 00:00:00+00:00, run_after=2026-03-23 00:00:00+00:00
[2026-03-23T00:59:23.794+0000] {processor.py:208} INFO - Processing /home/ec2-user/environment/lab4_model_training/venv/lib64/python3.12/site-packages/airflow/example_dags/example_outlet_event_extra.py took 0.091 seconds
[2026-03-23T01:00:26.881+0000] {processor.py:186} INFO - Started process (PID=5996) to work on /home/ec2-user/environment/lab4_model_training/venv/lib64/python3.12/site-packages/airflow/example_dags/example_outlet_event_extra.py
[2026-03-23T01:00:26.883+0000] {processor.py:914} INFO - Processing file /home/ec2-user/environment/lab4_model_training/venv/lib64/python3.12/site-packages/airflow/example_dags/example_outlet_event_extra.py for tasks to queue
[2026-03-23T01:00:26.884+0000] {logging_mixin.py:190} INFO - [2026-03-23T01:00:26.884+0000] {dagbag.py:588} INFO - Filling up the DagBag from /home/ec2-user/environment/lab4_model_training/venv/lib64/python3.12/site-packages/airflow/example_dags/example_outlet_event_extra.py
[2026-03-23T01:00:26.903+0000] {processor.py:925} INFO - DAG(s) 'dataset_with_extra_by_context', 'dataset_with_extra_from_classic_operator', 'dataset_with_extra_by_yield' retrieved from /home/ec2-user/environment/lab4_model_training/venv/lib64/python3.12/site-packages/airflow/example_dags/example_outlet_event_extra.py
[2026-03-23T01:00:26.923+0000] {logging_mixin.py:190} INFO - [2026-03-23T01:00:26.923+0000] {dag.py:3239} INFO - Sync 3 DAGs
[2026-03-23T01:00:26.943+0000] {logging_mixin.py:190} INFO - [2026-03-23T01:00:26.943+0000] {dag.py:4180} INFO - Setting next_dagrun for dataset_with_extra_by_context to 2026-03-22 00:00:00+00:00, run_after=2026-03-23 00:00:00+00:00
[2026-03-23T01:00:26.948+0000] {logging_mixin.py:190} INFO - [2026-03-23T01:00:26.948+0000] {dag.py:4180} INFO - Setting next_dagrun for dataset_with_extra_by_yield to 2026-03-22 00:00:00+00:00, run_after=2026-03-23 00:00:00+00:00
[2026-03-23T01:00:26.950+0000] {logging_mixin.py:190} INFO - [2026-03-23T01:00:26.950+0000] {dag.py:4180} INFO - Setting next_dagrun for dataset_with_extra_from_classic_operator to 2026-03-22 00:00:00+00:00, run_after=2026-03-23 00:00:00+00:00
[2026-03-23T01:00:26.974+0000] {processor.py:208} INFO - Processing /home/ec2-user/environment/lab4_model_training/venv/lib64/python3.12/site-packages/airflow/example_dags/example_outlet_event_extra.py took 0.097 seconds
[2026-03-23T01:01:30.873+0000] {processor.py:186} INFO - Started process (PID=6217) to work on /home/ec2-user/environment/lab4_model_training/venv/lib64/python3.12/site-packages/airflow/example_dags/example_outlet_event_extra.py
[2026-03-23T01:01:30.874+0000] {processor.py:914} INFO - Processing file /home/ec2-user/environment/lab4_model_training/venv/lib64/python3.12/site-packages/airflow/example_dags/example_outlet_event_extra.py for tasks to queue
[2026-03-23T01:01:30.876+0000] {logging_mixin.py:190} INFO - [2026-03-23T01:01:30.876+0000] {dagbag.py:588} INFO - Filling up the DagBag from /home/ec2-user/environment/lab4_model_training/venv/lib64/python3.12/site-packages/airflow/example_dags/example_outlet_event_extra.py
[2026-03-23T01:01:30.892+0000] {processor.py:925} INFO - DAG(s) 'dataset_with_extra_by_context', 'dataset_with_extra_by_yield', 'dataset_with_extra_from_classic_operator' retrieved from /home/ec2-user/environment/lab4_model_training/venv/lib64/python3.12/site-packages/airflow/example_dags/example_outlet_event_extra.py
[2026-03-23T01:01:30.911+0000] {logging_mixin.py:190} INFO - [2026-03-23T01:01:30.911+0000] {dag.py:3239} INFO - Sync 3 DAGs
[2026-03-23T01:01:30.933+0000] {logging_mixin.py:190} INFO - [2026-03-23T01:01:30.933+0000] {dag.py:4180} INFO - Setting next_dagrun for dataset_with_extra_by_context to 2026-03-22 00:00:00+00:00, run_after=2026-03-23 00:00:00+00:00
[2026-03-23T01:01:30.937+0000] {logging_mixin.py:190} INFO - [2026-03-23T01:01:30.937+0000] {dag.py:4180} INFO - Setting next_dagrun for dataset_with_extra_by_yield to 2026-03-22 00:00:00+00:00, run_after=2026-03-23 00:00:00+00:00
[2026-03-23T01:01:30.939+0000] {logging_mixin.py:190} INFO - [2026-03-23T01:01:30.939+0000] {dag.py:4180} INFO - Setting next_dagrun for dataset_with_extra_from_classic_operator to 2026-03-22 00:00:00+00:00, run_after=2026-03-23 00:00:00+00:00
[2026-03-23T01:01:30.962+0000] {processor.py:208} INFO - Processing /home/ec2-user/environment/lab4_model_training/venv/lib64/python3.12/site-packages/airflow/example_dags/example_outlet_event_extra.py took 0.094 seconds
[2026-03-23T01:02:32.703+0000] {processor.py:186} INFO - Started process (PID=6354) to work on /home/ec2-user/environment/lab4_model_training/venv/lib64/python3.12/site-packages/airflow/example_dags/example_outlet_event_extra.py
[2026-03-23T01:02:32.704+0000] {processor.py:914} INFO - Processing file /home/ec2-user/environment/lab4_model_training/venv/lib64/python3.12/site-packages/airflow/example_dags/example_outlet_event_extra.py for tasks to queue
[2026-03-23T01:02:32.706+0000] {logging_mixin.py:190} INFO - [2026-03-23T01:02:32.706+0000] {dagbag.py:588} INFO - Filling up the DagBag from /home/ec2-user/environment/lab4_model_training/venv/lib64/python3.12/site-packages/airflow/example_dags/example_outlet_event_extra.py
[2026-03-23T01:02:32.722+0000] {processor.py:925} INFO - DAG(s) 'dataset_with_extra_from_classic_operator', 'dataset_with_extra_by_yield', 'dataset_with_extra_by_context' retrieved from /home/ec2-user/environment/lab4_model_training/venv/lib64/python3.12/site-packages/airflow/example_dags/example_outlet_event_extra.py
[2026-03-23T01:02:32.742+0000] {logging_mixin.py:190} INFO - [2026-03-23T01:02:32.742+0000] {dag.py:3239} INFO - Sync 3 DAGs
[2026-03-23T01:02:32.766+0000] {logging_mixin.py:190} INFO - [2026-03-23T01:02:32.766+0000] {dag.py:4180} INFO - Setting next_dagrun for dataset_with_extra_by_context to 2026-03-22 00:00:00+00:00, run_after=2026-03-23 00:00:00+00:00
[2026-03-23T01:02:32.771+0000] {logging_mixin.py:190} INFO - [2026-03-23T01:02:32.771+0000] {dag.py:4180} INFO - Setting next_dagrun for dataset_with_extra_by_yield to 2026-03-22 00:00:00+00:00, run_after=2026-03-23 00:00:00+00:00
[2026-03-23T01:02:32.773+0000] {logging_mixin.py:190} INFO - [2026-03-23T01:02:32.773+0000] {dag.py:4180} INFO - Setting next_dagrun for dataset_with_extra_from_classic_operator to 2026-03-22 00:00:00+00:00, run_after=2026-03-23 00:00:00+00:00
[2026-03-23T01:02:32.797+0000] {processor.py:208} INFO - Processing /home/ec2-user/environment/lab4_model_training/venv/lib64/python3.12/site-packages/airflow/example_dags/example_outlet_event_extra.py took 0.099 seconds
[2026-03-23T01:03:39.435+0000] {processor.py:186} INFO - Started process (PID=6559) to work on /home/ec2-user/environment/lab4_model_training/venv/lib64/python3.12/site-packages/airflow/example_dags/example_outlet_event_extra.py
[2026-03-23T01:03:39.436+0000] {processor.py:914} INFO - Processing file /home/ec2-user/environment/lab4_model_training/venv/lib64/python3.12/site-packages/airflow/example_dags/example_outlet_event_extra.py for tasks to queue
[2026-03-23T01:03:39.438+0000] {logging_mixin.py:190} INFO - [2026-03-23T01:03:39.438+0000] {dagbag.py:588} INFO - Filling up the DagBag from /home/ec2-user/environment/lab4_model_training/venv/lib64/python3.12/site-packages/airflow/example_dags/example_outlet_event_extra.py
[2026-03-23T01:03:39.453+0000] {processor.py:925} INFO - DAG(s) 'dataset_with_extra_by_yield', 'dataset_with_extra_by_context', 'dataset_with_extra_from_classic_operator' retrieved from /home/ec2-user/environment/lab4_model_training/venv/lib64/python3.12/site-packages/airflow/example_dags/example_outlet_event_extra.py
[2026-03-23T01:03:39.472+0000] {logging_mixin.py:190} INFO - [2026-03-23T01:03:39.472+0000] {dag.py:3239} INFO - Sync 3 DAGs
[2026-03-23T01:03:39.492+0000] {logging_mixin.py:190} INFO - [2026-03-23T01:03:39.492+0000] {dag.py:4180} INFO - Setting next_dagrun for dataset_with_extra_by_context to 2026-03-22 00:00:00+00:00, run_after=2026-03-23 00:00:00+00:00
[2026-03-23T01:03:39.497+0000] {logging_mixin.py:190} INFO - [2026-03-23T01:03:39.497+0000] {dag.py:4180} INFO - Setting next_dagrun for dataset_with_extra_by_yield to 2026-03-22 00:00:00+00:00, run_after=2026-03-23 00:00:00+00:00
[2026-03-23T01:03:39.499+0000] {logging_mixin.py:190} INFO - [2026-03-23T01:03:39.499+0000] {dag.py:4180} INFO - Setting next_dagrun for dataset_with_extra_from_classic_operator to 2026-03-22 00:00:00+00:00, run_after=2026-03-23 00:00:00+00:00
[2026-03-23T01:03:39.522+0000] {processor.py:208} INFO - Processing /home/ec2-user/environment/lab4_model_training/venv/lib64/python3.12/site-packages/airflow/example_dags/example_outlet_event_extra.py took 0.092 seconds
[2026-03-23T01:04:44.591+0000] {processor.py:186} INFO - Started process (PID=6692) to work on /home/ec2-user/environment/lab4_model_training/venv/lib64/python3.12/site-packages/airflow/example_dags/example_outlet_event_extra.py
[2026-03-23T01:04:44.592+0000] {processor.py:914} INFO - Processing file /home/ec2-user/environment/lab4_model_training/venv/lib64/python3.12/site-packages/airflow/example_dags/example_outlet_event_extra.py for tasks to queue
[2026-03-23T01:04:44.594+0000] {logging_mixin.py:190} INFO - [2026-03-23T01:04:44.593+0000] {dagbag.py:588} INFO - Filling up the DagBag from /home/ec2-user/environment/lab4_model_training/venv/lib64/python3.12/site-packages/airflow/example_dags/example_outlet_event_extra.py
[2026-03-23T01:04:44.608+0000] {processor.py:925} INFO - DAG(s) 'dataset_with_extra_by_yield', 'dataset_with_extra_by_context', 'dataset_with_extra_from_classic_operator' retrieved from /home/ec2-user/environment/lab4_model_training/venv/lib64/python3.12/site-packages/airflow/example_dags/example_outlet_event_extra.py
[2026-03-23T01:04:44.627+0000] {logging_mixin.py:190} INFO - [2026-03-23T01:04:44.627+0000] {dag.py:3239} INFO - Sync 3 DAGs
[2026-03-23T01:04:44.650+0000] {logging_mixin.py:190} INFO - [2026-03-23T01:04:44.650+0000] {dag.py:4180} INFO - Setting next_dagrun for dataset_with_extra_by_context to 2026-03-22 00:00:00+00:00, run_after=2026-03-23 00:00:00+00:00
[2026-03-23T01:04:44.656+0000] {logging_mixin.py:190} INFO - [2026-03-23T01:04:44.656+0000] {dag.py:4180} INFO - Setting next_dagrun for dataset_with_extra_by_yield to 2026-03-22 00:00:00+00:00, run_after=2026-03-23 00:00:00+00:00
[2026-03-23T01:04:44.658+0000] {logging_mixin.py:190} INFO - [2026-03-23T01:04:44.658+0000] {dag.py:4180} INFO - Setting next_dagrun for dataset_with_extra_from_classic_operator to 2026-03-22 00:00:00+00:00, run_after=2026-03-23 00:00:00+00:00
[2026-03-23T01:04:44.681+0000] {processor.py:208} INFO - Processing /home/ec2-user/environment/lab4_model_training/venv/lib64/python3.12/site-packages/airflow/example_dags/example_outlet_event_extra.py took 0.095 seconds
[2026-03-23T01:05:54.460+0000] {processor.py:186} INFO - Started process (PID=6871) to work on /home/ec2-user/environment/lab4_model_training/venv/lib64/python3.12/site-packages/airflow/example_dags/example_outlet_event_extra.py
[2026-03-23T01:05:54.462+0000] {processor.py:914} INFO - Processing file /home/ec2-user/environment/lab4_model_training/venv/lib64/python3.12/site-packages/airflow/example_dags/example_outlet_event_extra.py for tasks to queue
[2026-03-23T01:05:54.463+0000] {logging_mixin.py:190} INFO - [2026-03-23T01:05:54.463+0000] {dagbag.py:588} INFO - Filling up the DagBag from /home/ec2-user/environment/lab4_model_training/venv/lib64/python3.12/site-packages/airflow/example_dags/example_outlet_event_extra.py
[2026-03-23T01:05:54.479+0000] {processor.py:925} INFO - DAG(s) 'dataset_with_extra_from_classic_operator', 'dataset_with_extra_by_context', 'dataset_with_extra_by_yield' retrieved from /home/ec2-user/environment/lab4_model_training/venv/lib64/python3.12/site-packages/airflow/example_dags/example_outlet_event_extra.py
[2026-03-23T01:05:54.498+0000] {logging_mixin.py:190} INFO - [2026-03-23T01:05:54.498+0000] {dag.py:3239} INFO - Sync 3 DAGs
[2026-03-23T01:05:54.519+0000] {logging_mixin.py:190} INFO - [2026-03-23T01:05:54.519+0000] {dag.py:4180} INFO - Setting next_dagrun for dataset_with_extra_by_context to 2026-03-22 00:00:00+00:00, run_after=2026-03-23 00:00:00+00:00
[2026-03-23T01:05:54.523+0000] {logging_mixin.py:190} INFO - [2026-03-23T01:05:54.523+0000] {dag.py:4180} INFO - Setting next_dagrun for dataset_with_extra_by_yield to 2026-03-22 00:00:00+00:00, run_after=2026-03-23 00:00:00+00:00
[2026-03-23T01:05:54.526+0000] {logging_mixin.py:190} INFO - [2026-03-23T01:05:54.526+0000] {dag.py:4180} INFO - Setting next_dagrun for dataset_with_extra_from_classic_operator to 2026-03-22 00:00:00+00:00, run_after=2026-03-23 00:00:00+00:00
[2026-03-23T01:05:54.550+0000] {processor.py:208} INFO - Processing /home/ec2-user/environment/lab4_model_training/venv/lib64/python3.12/site-packages/airflow/example_dags/example_outlet_event_extra.py took 0.095 seconds
[2026-03-23T01:07:10.869+0000] {processor.py:186} INFO - Started process (PID=7084) to work on /home/ec2-user/environment/lab4_model_training/venv/lib64/python3.12/site-packages/airflow/example_dags/example_outlet_event_extra.py
[2026-03-23T01:07:10.870+0000] {processor.py:914} INFO - Processing file /home/ec2-user/environment/lab4_model_training/venv/lib64/python3.12/site-packages/airflow/example_dags/example_outlet_event_extra.py for tasks to queue
[2026-03-23T01:07:10.872+0000] {logging_mixin.py:190} INFO - [2026-03-23T01:07:10.872+0000] {dagbag.py:588} INFO - Filling up the DagBag from /home/ec2-user/environment/lab4_model_training/venv/lib64/python3.12/site-packages/airflow/example_dags/example_outlet_event_extra.py
[2026-03-23T01:07:10.887+0000] {processor.py:925} INFO - DAG(s) 'dataset_with_extra_by_yield', 'dataset_with_extra_by_context', 'dataset_with_extra_from_classic_operator' retrieved from /home/ec2-user/environment/lab4_model_training/venv/lib64/python3.12/site-packages/airflow/example_dags/example_outlet_event_extra.py
[2026-03-23T01:07:10.906+0000] {logging_mixin.py:190} INFO - [2026-03-23T01:07:10.906+0000] {dag.py:3239} INFO - Sync 3 DAGs
[2026-03-23T01:07:10.926+0000] {logging_mixin.py:190} INFO - [2026-03-23T01:07:10.926+0000] {dag.py:4180} INFO - Setting next_dagrun for dataset_with_extra_by_context to 2026-03-22 00:00:00+00:00, run_after=2026-03-23 00:00:00+00:00
[2026-03-23T01:07:10.930+0000] {logging_mixin.py:190} INFO - [2026-03-23T01:07:10.930+0000] {dag.py:4180} INFO - Setting next_dagrun for dataset_with_extra_by_yield to 2026-03-22 00:00:00+00:00, run_after=2026-03-23 00:00:00+00:00
[2026-03-23T01:07:10.932+0000] {logging_mixin.py:190} INFO - [2026-03-23T01:07:10.932+0000] {dag.py:4180} INFO - Setting next_dagrun for dataset_with_extra_from_classic_operator to 2026-03-22 00:00:00+00:00, run_after=2026-03-23 00:00:00+00:00
[2026-03-23T01:07:10.955+0000] {processor.py:208} INFO - Processing /home/ec2-user/environment/lab4_model_training/venv/lib64/python3.12/site-packages/airflow/example_dags/example_outlet_event_extra.py took 0.091 seconds
[2026-03-23T01:08:19.926+0000] {processor.py:186} INFO - Started process (PID=7200) to work on /home/ec2-user/environment/lab4_model_training/venv/lib64/python3.12/site-packages/airflow/example_dags/example_outlet_event_extra.py
[2026-03-23T01:08:19.927+0000] {processor.py:914} INFO - Processing file /home/ec2-user/environment/lab4_model_training/venv/lib64/python3.12/site-packages/airflow/example_dags/example_outlet_event_extra.py for tasks to queue
[2026-03-23T01:08:19.929+0000] {logging_mixin.py:190} INFO - [2026-03-23T01:08:19.929+0000] {dagbag.py:588} INFO - Filling up the DagBag from /home/ec2-user/environment/lab4_model_training/venv/lib64/python3.12/site-packages/airflow/example_dags/example_outlet_event_extra.py
[2026-03-23T01:08:19.944+0000] {processor.py:925} INFO - DAG(s) 'dataset_with_extra_by_context', 'dataset_with_extra_by_yield', 'dataset_with_extra_from_classic_operator' retrieved from /home/ec2-user/environment/lab4_model_training/venv/lib64/python3.12/site-packages/airflow/example_dags/example_outlet_event_extra.py
[2026-03-23T01:08:19.964+0000] {logging_mixin.py:190} INFO - [2026-03-23T01:08:19.964+0000] {dag.py:3239} INFO - Sync 3 DAGs
[2026-03-23T01:08:19.985+0000] {logging_mixin.py:190} INFO - [2026-03-23T01:08:19.985+0000] {dag.py:4180} INFO - Setting next_dagrun for dataset_with_extra_by_context to 2026-03-22 00:00:00+00:00, run_after=2026-03-23 00:00:00+00:00
[2026-03-23T01:08:19.990+0000] {logging_mixin.py:190} INFO - [2026-03-23T01:08:19.990+0000] {dag.py:4180} INFO - Setting next_dagrun for dataset_with_extra_by_yield to 2026-03-22 00:00:00+00:00, run_after=2026-03-23 00:00:00+00:00
[2026-03-23T01:08:19.992+0000] {logging_mixin.py:190} INFO - [2026-03-23T01:08:19.992+0000] {dag.py:4180} INFO - Setting next_dagrun for dataset_with_extra_from_classic_operator to 2026-03-22 00:00:00+00:00, run_after=2026-03-23 00:00:00+00:00
[2026-03-23T01:08:20.015+0000] {processor.py:208} INFO - Processing /home/ec2-user/environment/lab4_model_training/venv/lib64/python3.12/site-packages/airflow/example_dags/example_outlet_event_extra.py took 0.095 seconds
[2026-03-23T01:09:34.441+0000] {processor.py:186} INFO - Started process (PID=7378) to work on /home/ec2-user/environment/lab4_model_training/venv/lib64/python3.12/site-packages/airflow/example_dags/example_outlet_event_extra.py
[2026-03-23T01:09:34.442+0000] {processor.py:914} INFO - Processing file /home/ec2-user/environment/lab4_model_training/venv/lib64/python3.12/site-packages/airflow/example_dags/example_outlet_event_extra.py for tasks to queue
[2026-03-23T01:09:34.444+0000] {logging_mixin.py:190} INFO - [2026-03-23T01:09:34.444+0000] {dagbag.py:588} INFO - Filling up the DagBag from /home/ec2-user/environment/lab4_model_training/venv/lib64/python3.12/site-packages/airflow/example_dags/example_outlet_event_extra.py
[2026-03-23T01:09:34.459+0000] {processor.py:925} INFO - DAG(s) 'dataset_with_extra_by_yield', 'dataset_with_extra_from_classic_operator', 'dataset_with_extra_by_context' retrieved from /home/ec2-user/environment/lab4_model_training/venv/lib64/python3.12/site-packages/airflow/example_dags/example_outlet_event_extra.py
[2026-03-23T01:09:34.479+0000] {logging_mixin.py:190} INFO - [2026-03-23T01:09:34.479+0000] {dag.py:3239} INFO - Sync 3 DAGs
[2026-03-23T01:09:34.500+0000] {logging_mixin.py:190} INFO - [2026-03-23T01:09:34.500+0000] {dag.py:4180} INFO - Setting next_dagrun for dataset_with_extra_by_context to 2026-03-22 00:00:00+00:00, run_after=2026-03-23 00:00:00+00:00
[2026-03-23T01:09:34.504+0000] {logging_mixin.py:190} INFO - [2026-03-23T01:09:34.504+0000] {dag.py:4180} INFO - Setting next_dagrun for dataset_with_extra_by_yield to 2026-03-22 00:00:00+00:00, run_after=2026-03-23 00:00:00+00:00
[2026-03-23T01:09:34.506+0000] {logging_mixin.py:190} INFO - [2026-03-23T01:09:34.506+0000] {dag.py:4180} INFO - Setting next_dagrun for dataset_with_extra_from_classic_operator to 2026-03-22 00:00:00+00:00, run_after=2026-03-23 00:00:00+00:00
[2026-03-23T01:09:34.529+0000] {processor.py:208} INFO - Processing /home/ec2-user/environment/lab4_model_training/venv/lib64/python3.12/site-packages/airflow/example_dags/example_outlet_event_extra.py took 0.093 seconds
[2026-03-23T01:10:50.739+0000] {processor.py:186} INFO - Started process (PID=7575) to work on /home/ec2-user/environment/lab4_model_training/venv/lib64/python3.12/site-packages/airflow/example_dags/example_outlet_event_extra.py
[2026-03-23T01:10:50.741+0000] {processor.py:914} INFO - Processing file /home/ec2-user/environment/lab4_model_training/venv/lib64/python3.12/site-packages/airflow/example_dags/example_outlet_event_extra.py for tasks to queue
[2026-03-23T01:10:50.742+0000] {logging_mixin.py:190} INFO - [2026-03-23T01:10:50.742+0000] {dagbag.py:588} INFO - Filling up the DagBag from /home/ec2-user/environment/lab4_model_training/venv/lib64/python3.12/site-packages/airflow/example_dags/example_outlet_event_extra.py
[2026-03-23T01:10:50.757+0000] {processor.py:925} INFO - DAG(s) 'dataset_with_extra_by_context', 'dataset_with_extra_by_yield', 'dataset_with_extra_from_classic_operator' retrieved from /home/ec2-user/environment/lab4_model_training/venv/lib64/python3.12/site-packages/airflow/example_dags/example_outlet_event_extra.py
[2026-03-23T01:10:50.777+0000] {logging_mixin.py:190} INFO - [2026-03-23T01:10:50.776+0000] {dag.py:3239} INFO - Sync 3 DAGs
[2026-03-23T01:10:50.797+0000] {logging_mixin.py:190} INFO - [2026-03-23T01:10:50.796+0000] {dag.py:4180} INFO - Setting next_dagrun for dataset_with_extra_by_context to 2026-03-22 00:00:00+00:00, run_after=2026-03-23 00:00:00+00:00
[2026-03-23T01:10:50.801+0000] {logging_mixin.py:190} INFO - [2026-03-23T01:10:50.801+0000] {dag.py:4180} INFO - Setting next_dagrun for dataset_with_extra_by_yield to 2026-03-22 00:00:00+00:00, run_after=2026-03-23 00:00:00+00:00
[2026-03-23T01:10:50.804+0000] {logging_mixin.py:190} INFO - [2026-03-23T01:10:50.804+0000] {dag.py:4180} INFO - Setting next_dagrun for dataset_with_extra_from_classic_operator to 2026-03-22 00:00:00+00:00, run_after=2026-03-23 00:00:00+00:00
[2026-03-23T01:10:50.826+0000] {processor.py:208} INFO - Processing /home/ec2-user/environment/lab4_model_training/venv/lib64/python3.12/site-packages/airflow/example_dags/example_outlet_event_extra.py took 0.092 seconds
[2026-03-23T01:11:54.457+0000] {processor.py:186} INFO - Started process (PID=7732) to work on /home/ec2-user/environment/lab4_model_training/venv/lib64/python3.12/site-packages/airflow/example_dags/example_outlet_event_extra.py
[2026-03-23T01:11:54.459+0000] {processor.py:914} INFO - Processing file /home/ec2-user/environment/lab4_model_training/venv/lib64/python3.12/site-packages/airflow/example_dags/example_outlet_event_extra.py for tasks to queue
[2026-03-23T01:11:54.461+0000] {logging_mixin.py:190} INFO - [2026-03-23T01:11:54.460+0000] {dagbag.py:588} INFO - Filling up the DagBag from /home/ec2-user/environment/lab4_model_training/venv/lib64/python3.12/site-packages/airflow/example_dags/example_outlet_event_extra.py
[2026-03-23T01:11:54.476+0000] {processor.py:925} INFO - DAG(s) 'dataset_with_extra_by_context', 'dataset_with_extra_from_classic_operator', 'dataset_with_extra_by_yield' retrieved from /home/ec2-user/environment/lab4_model_training/venv/lib64/python3.12/site-packages/airflow/example_dags/example_outlet_event_extra.py
[2026-03-23T01:11:54.496+0000] {logging_mixin.py:190} INFO - [2026-03-23T01:11:54.495+0000] {dag.py:3239} INFO - Sync 3 DAGs
[2026-03-23T01:11:54.516+0000] {logging_mixin.py:190} INFO - [2026-03-23T01:11:54.516+0000] {dag.py:4180} INFO - Setting next_dagrun for dataset_with_extra_by_context to 2026-03-22 00:00:00+00:00, run_after=2026-03-23 00:00:00+00:00
[2026-03-23T01:11:54.521+0000] {logging_mixin.py:190} INFO - [2026-03-23T01:11:54.520+0000] {dag.py:4180} INFO - Setting next_dagrun for dataset_with_extra_by_yield to 2026-03-22 00:00:00+00:00, run_after=2026-03-23 00:00:00+00:00
[2026-03-23T01:11:54.523+0000] {logging_mixin.py:190} INFO - [2026-03-23T01:11:54.523+0000] {dag.py:4180} INFO - Setting next_dagrun for dataset_with_extra_from_classic_operator to 2026-03-22 00:00:00+00:00, run_after=2026-03-23 00:00:00+00:00
[2026-03-23T01:11:54.547+0000] {processor.py:208} INFO - Processing /home/ec2-user/environment/lab4_model_training/venv/lib64/python3.12/site-packages/airflow/example_dags/example_outlet_event_extra.py took 0.095 seconds
[2026-03-23T01:12:59.752+0000] {processor.py:186} INFO - Started process (PID=7847) to work on /home/ec2-user/environment/lab4_model_training/venv/lib64/python3.12/site-packages/airflow/example_dags/example_outlet_event_extra.py
[2026-03-23T01:12:59.753+0000] {processor.py:914} INFO - Processing file /home/ec2-user/environment/lab4_model_training/venv/lib64/python3.12/site-packages/airflow/example_dags/example_outlet_event_extra.py for tasks to queue
[2026-03-23T01:12:59.755+0000] {logging_mixin.py:190} INFO - [2026-03-23T01:12:59.755+0000] {dagbag.py:588} INFO - Filling up the DagBag from /home/ec2-user/environment/lab4_model_training/venv/lib64/python3.12/site-packages/airflow/example_dags/example_outlet_event_extra.py
[2026-03-23T01:12:59.770+0000] {processor.py:925} INFO - DAG(s) 'dataset_with_extra_by_yield', 'dataset_with_extra_from_classic_operator', 'dataset_with_extra_by_context' retrieved from /home/ec2-user/environment/lab4_model_training/venv/lib64/python3.12/site-packages/airflow/example_dags/example_outlet_event_extra.py
[2026-03-23T01:12:59.789+0000] {logging_mixin.py:190} INFO - [2026-03-23T01:12:59.789+0000] {dag.py:3239} INFO - Sync 3 DAGs
[2026-03-23T01:12:59.809+0000] {logging_mixin.py:190} INFO - [2026-03-23T01:12:59.809+0000] {dag.py:4180} INFO - Setting next_dagrun for dataset_with_extra_by_context to 2026-03-22 00:00:00+00:00, run_after=2026-03-23 00:00:00+00:00
[2026-03-23T01:12:59.814+0000] {logging_mixin.py:190} INFO - [2026-03-23T01:12:59.813+0000] {dag.py:4180} INFO - Setting next_dagrun for dataset_with_extra_by_yield to 2026-03-22 00:00:00+00:00, run_after=2026-03-23 00:00:00+00:00
[2026-03-23T01:12:59.816+0000] {logging_mixin.py:190} INFO - [2026-03-23T01:12:59.816+0000] {dag.py:4180} INFO - Setting next_dagrun for dataset_with_extra_from_classic_operator to 2026-03-22 00:00:00+00:00, run_after=2026-03-23 00:00:00+00:00
[2026-03-23T01:12:59.838+0000] {processor.py:208} INFO - Processing /home/ec2-user/environment/lab4_model_training/venv/lib64/python3.12/site-packages/airflow/example_dags/example_outlet_event_extra.py took 0.091 seconds
[2026-03-23T01:14:02.062+0000] {processor.py:186} INFO - Started process (PID=8013) to work on /home/ec2-user/environment/lab4_model_training/venv/lib64/python3.12/site-packages/airflow/example_dags/example_outlet_event_extra.py
[2026-03-23T01:14:02.064+0000] {processor.py:914} INFO - Processing file /home/ec2-user/environment/lab4_model_training/venv/lib64/python3.12/site-packages/airflow/example_dags/example_outlet_event_extra.py for tasks to queue
[2026-03-23T01:14:02.066+0000] {logging_mixin.py:190} INFO - [2026-03-23T01:14:02.065+0000] {dagbag.py:588} INFO - Filling up the DagBag from /home/ec2-user/environment/lab4_model_training/venv/lib64/python3.12/site-packages/airflow/example_dags/example_outlet_event_extra.py
[2026-03-23T01:14:02.080+0000] {processor.py:925} INFO - DAG(s) 'dataset_with_extra_from_classic_operator', 'dataset_with_extra_by_yield', 'dataset_with_extra_by_context' retrieved from /home/ec2-user/environment/lab4_model_training/venv/lib64/python3.12/site-packages/airflow/example_dags/example_outlet_event_extra.py
[2026-03-23T01:14:02.100+0000] {logging_mixin.py:190} INFO - [2026-03-23T01:14:02.099+0000] {dag.py:3239} INFO - Sync 3 DAGs
[2026-03-23T01:14:02.120+0000] {logging_mixin.py:190} INFO - [2026-03-23T01:14:02.120+0000] {dag.py:4180} INFO - Setting next_dagrun for dataset_with_extra_by_context to 2026-03-22 00:00:00+00:00, run_after=2026-03-23 00:00:00+00:00
[2026-03-23T01:14:02.124+0000] {logging_mixin.py:190} INFO - [2026-03-23T01:14:02.124+0000] {dag.py:4180} INFO - Setting next_dagrun for dataset_with_extra_by_yield to 2026-03-22 00:00:00+00:00, run_after=2026-03-23 00:00:00+00:00
[2026-03-23T01:14:02.126+0000] {logging_mixin.py:190} INFO - [2026-03-23T01:14:02.126+0000] {dag.py:4180} INFO - Setting next_dagrun for dataset_with_extra_from_classic_operator to 2026-03-22 00:00:00+00:00, run_after=2026-03-23 00:00:00+00:00
[2026-03-23T01:14:02.149+0000] {processor.py:208} INFO - Processing /home/ec2-user/environment/lab4_model_training/venv/lib64/python3.12/site-packages/airflow/example_dags/example_outlet_event_extra.py took 0.092 seconds
[2026-03-23T01:15:11.887+0000] {processor.py:186} INFO - Started process (PID=8128) to work on /home/ec2-user/environment/lab4_model_training/venv/lib64/python3.12/site-packages/airflow/example_dags/example_outlet_event_extra.py
[2026-03-23T01:15:11.888+0000] {processor.py:914} INFO - Processing file /home/ec2-user/environment/lab4_model_training/venv/lib64/python3.12/site-packages/airflow/example_dags/example_outlet_event_extra.py for tasks to queue
[2026-03-23T01:15:11.890+0000] {logging_mixin.py:190} INFO - [2026-03-23T01:15:11.889+0000] {dagbag.py:588} INFO - Filling up the DagBag from /home/ec2-user/environment/lab4_model_training/venv/lib64/python3.12/site-packages/airflow/example_dags/example_outlet_event_extra.py
[2026-03-23T01:15:11.904+0000] {processor.py:925} INFO - DAG(s) 'dataset_with_extra_by_yield', 'dataset_with_extra_by_context', 'dataset_with_extra_from_classic_operator' retrieved from /home/ec2-user/environment/lab4_model_training/venv/lib64/python3.12/site-packages/airflow/example_dags/example_outlet_event_extra.py
[2026-03-23T01:15:11.923+0000] {logging_mixin.py:190} INFO - [2026-03-23T01:15:11.923+0000] {dag.py:3239} INFO - Sync 3 DAGs
[2026-03-23T01:15:11.944+0000] {logging_mixin.py:190} INFO - [2026-03-23T01:15:11.943+0000] {dag.py:4180} INFO - Setting next_dagrun for dataset_with_extra_by_context to 2026-03-22 00:00:00+00:00, run_after=2026-03-23 00:00:00+00:00
[2026-03-23T01:15:11.948+0000] {logging_mixin.py:190} INFO - [2026-03-23T01:15:11.947+0000] {dag.py:4180} INFO - Setting next_dagrun for dataset_with_extra_by_yield to 2026-03-22 00:00:00+00:00, run_after=2026-03-23 00:00:00+00:00
[2026-03-23T01:15:11.950+0000] {logging_mixin.py:190} INFO - [2026-03-23T01:15:11.949+0000] {dag.py:4180} INFO - Setting next_dagrun for dataset_with_extra_from_classic_operator to 2026-03-22 00:00:00+00:00, run_after=2026-03-23 00:00:00+00:00
[2026-03-23T01:15:11.971+0000] {processor.py:208} INFO - Processing /home/ec2-user/environment/lab4_model_training/venv/lib64/python3.12/site-packages/airflow/example_dags/example_outlet_event_extra.py took 0.090 seconds
[2026-03-23T01:16:19.437+0000] {processor.py:186} INFO - Started process (PID=8289) to work on /home/ec2-user/environment/lab4_model_training/venv/lib64/python3.12/site-packages/airflow/example_dags/example_outlet_event_extra.py
[2026-03-23T01:16:19.438+0000] {processor.py:914} INFO - Processing file /home/ec2-user/environment/lab4_model_training/venv/lib64/python3.12/site-packages/airflow/example_dags/example_outlet_event_extra.py for tasks to queue
[2026-03-23T01:16:19.440+0000] {logging_mixin.py:190} INFO - [2026-03-23T01:16:19.440+0000] {dagbag.py:588} INFO - Filling up the DagBag from /home/ec2-user/environment/lab4_model_training/venv/lib64/python3.12/site-packages/airflow/example_dags/example_outlet_event_extra.py
[2026-03-23T01:16:19.455+0000] {processor.py:925} INFO - DAG(s) 'dataset_with_extra_from_classic_operator', 'dataset_with_extra_by_context', 'dataset_with_extra_by_yield' retrieved from /home/ec2-user/environment/lab4_model_training/venv/lib64/python3.12/site-packages/airflow/example_dags/example_outlet_event_extra.py
[2026-03-23T01:16:19.474+0000] {logging_mixin.py:190} INFO - [2026-03-23T01:16:19.474+0000] {dag.py:3239} INFO - Sync 3 DAGs
[2026-03-23T01:16:19.497+0000] {logging_mixin.py:190} INFO - [2026-03-23T01:16:19.497+0000] {dag.py:4180} INFO - Setting next_dagrun for dataset_with_extra_by_context to 2026-03-22 00:00:00+00:00, run_after=2026-03-23 00:00:00+00:00
[2026-03-23T01:16:19.502+0000] {logging_mixin.py:190} INFO - [2026-03-23T01:16:19.501+0000] {dag.py:4180} INFO - Setting next_dagrun for dataset_with_extra_by_yield to 2026-03-22 00:00:00+00:00, run_after=2026-03-23 00:00:00+00:00
[2026-03-23T01:16:19.504+0000] {logging_mixin.py:190} INFO - [2026-03-23T01:16:19.504+0000] {dag.py:4180} INFO - Setting next_dagrun for dataset_with_extra_from_classic_operator to 2026-03-22 00:00:00+00:00, run_after=2026-03-23 00:00:00+00:00
[2026-03-23T01:16:19.526+0000] {processor.py:208} INFO - Processing /home/ec2-user/environment/lab4_model_training/venv/lib64/python3.12/site-packages/airflow/example_dags/example_outlet_event_extra.py took 0.094 seconds
[2026-03-23T01:17:23.830+0000] {processor.py:186} INFO - Started process (PID=8399) to work on /home/ec2-user/environment/lab4_model_training/venv/lib64/python3.12/site-packages/airflow/example_dags/example_outlet_event_extra.py
[2026-03-23T01:17:23.831+0000] {processor.py:914} INFO - Processing file /home/ec2-user/environment/lab4_model_training/venv/lib64/python3.12/site-packages/airflow/example_dags/example_outlet_event_extra.py for tasks to queue
[2026-03-23T01:17:23.833+0000] {logging_mixin.py:190} INFO - [2026-03-23T01:17:23.833+0000] {dagbag.py:588} INFO - Filling up the DagBag from /home/ec2-user/environment/lab4_model_training/venv/lib64/python3.12/site-packages/airflow/example_dags/example_outlet_event_extra.py
[2026-03-23T01:17:23.848+0000] {processor.py:925} INFO - DAG(s) 'dataset_with_extra_by_context', 'dataset_with_extra_from_classic_operator', 'dataset_with_extra_by_yield' retrieved from /home/ec2-user/environment/lab4_model_training/venv/lib64/python3.12/site-packages/airflow/example_dags/example_outlet_event_extra.py
[2026-03-23T01:17:23.868+0000] {logging_mixin.py:190} INFO - [2026-03-23T01:17:23.867+0000] {dag.py:3239} INFO - Sync 3 DAGs
[2026-03-23T01:17:23.888+0000] {logging_mixin.py:190} INFO - [2026-03-23T01:17:23.888+0000] {dag.py:4180} INFO - Setting next_dagrun for dataset_with_extra_by_context to 2026-03-22 00:00:00+00:00, run_after=2026-03-23 00:00:00+00:00
[2026-03-23T01:17:23.892+0000] {logging_mixin.py:190} INFO - [2026-03-23T01:17:23.892+0000] {dag.py:4180} INFO - Setting next_dagrun for dataset_with_extra_by_yield to 2026-03-22 00:00:00+00:00, run_after=2026-03-23 00:00:00+00:00
[2026-03-23T01:17:23.894+0000] {logging_mixin.py:190} INFO - [2026-03-23T01:17:23.894+0000] {dag.py:4180} INFO - Setting next_dagrun for dataset_with_extra_from_classic_operator to 2026-03-22 00:00:00+00:00, run_after=2026-03-23 00:00:00+00:00
[2026-03-23T01:17:23.919+0000] {processor.py:208} INFO - Processing /home/ec2-user/environment/lab4_model_training/venv/lib64/python3.12/site-packages/airflow/example_dags/example_outlet_event_extra.py took 0.094 seconds
[2026-03-23T01:18:26.322+0000] {processor.py:186} INFO - Started process (PID=8579) to work on /home/ec2-user/environment/lab4_model_training/venv/lib64/python3.12/site-packages/airflow/example_dags/example_outlet_event_extra.py
[2026-03-23T01:18:26.323+0000] {processor.py:914} INFO - Processing file /home/ec2-user/environment/lab4_model_training/venv/lib64/python3.12/site-packages/airflow/example_dags/example_outlet_event_extra.py for tasks to queue
[2026-03-23T01:18:26.325+0000] {logging_mixin.py:190} INFO - [2026-03-23T01:18:26.325+0000] {dagbag.py:588} INFO - Filling up the DagBag from /home/ec2-user/environment/lab4_model_training/venv/lib64/python3.12/site-packages/airflow/example_dags/example_outlet_event_extra.py
[2026-03-23T01:18:26.344+0000] {processor.py:925} INFO - DAG(s) 'dataset_with_extra_by_yield', 'dataset_with_extra_from_classic_operator', 'dataset_with_extra_by_context' retrieved from /home/ec2-user/environment/lab4_model_training/venv/lib64/python3.12/site-packages/airflow/example_dags/example_outlet_event_extra.py
[2026-03-23T01:18:26.363+0000] {logging_mixin.py:190} INFO - [2026-03-23T01:18:26.363+0000] {dag.py:3239} INFO - Sync 3 DAGs
[2026-03-23T01:18:26.384+0000] {logging_mixin.py:190} INFO - [2026-03-23T01:18:26.384+0000] {dag.py:4180} INFO - Setting next_dagrun for dataset_with_extra_by_context to 2026-03-22 00:00:00+00:00, run_after=2026-03-23 00:00:00+00:00
[2026-03-23T01:18:26.388+0000] {logging_mixin.py:190} INFO - [2026-03-23T01:18:26.388+0000] {dag.py:4180} INFO - Setting next_dagrun for dataset_with_extra_by_yield to 2026-03-22 00:00:00+00:00, run_after=2026-03-23 00:00:00+00:00
[2026-03-23T01:18:26.390+0000] {logging_mixin.py:190} INFO - [2026-03-23T01:18:26.390+0000] {dag.py:4180} INFO - Setting next_dagrun for dataset_with_extra_from_classic_operator to 2026-03-22 00:00:00+00:00, run_after=2026-03-23 00:00:00+00:00
[2026-03-23T01:18:26.413+0000] {processor.py:208} INFO - Processing /home/ec2-user/environment/lab4_model_training/venv/lib64/python3.12/site-packages/airflow/example_dags/example_outlet_event_extra.py took 0.096 seconds
[2026-03-23T01:19:27.002+0000] {processor.py:186} INFO - Started process (PID=8679) to work on /home/ec2-user/environment/lab4_model_training/venv/lib64/python3.12/site-packages/airflow/example_dags/example_outlet_event_extra.py
[2026-03-23T01:19:27.004+0000] {processor.py:914} INFO - Processing file /home/ec2-user/environment/lab4_model_training/venv/lib64/python3.12/site-packages/airflow/example_dags/example_outlet_event_extra.py for tasks to queue
[2026-03-23T01:19:27.005+0000] {logging_mixin.py:190} INFO - [2026-03-23T01:19:27.005+0000] {dagbag.py:588} INFO - Filling up the DagBag from /home/ec2-user/environment/lab4_model_training/venv/lib64/python3.12/site-packages/airflow/example_dags/example_outlet_event_extra.py
[2026-03-23T01:19:27.020+0000] {processor.py:925} INFO - DAG(s) 'dataset_with_extra_by_yield', 'dataset_with_extra_by_context', 'dataset_with_extra_from_classic_operator' retrieved from /home/ec2-user/environment/lab4_model_training/venv/lib64/python3.12/site-packages/airflow/example_dags/example_outlet_event_extra.py
[2026-03-23T01:19:27.039+0000] {logging_mixin.py:190} INFO - [2026-03-23T01:19:27.039+0000] {dag.py:3239} INFO - Sync 3 DAGs
[2026-03-23T01:19:27.059+0000] {logging_mixin.py:190} INFO - [2026-03-23T01:19:27.059+0000] {dag.py:4180} INFO - Setting next_dagrun for dataset_with_extra_by_context to 2026-03-22 00:00:00+00:00, run_after=2026-03-23 00:00:00+00:00
[2026-03-23T01:19:27.063+0000] {logging_mixin.py:190} INFO - [2026-03-23T01:19:27.063+0000] {dag.py:4180} INFO - Setting next_dagrun for dataset_with_extra_by_yield to 2026-03-22 00:00:00+00:00, run_after=2026-03-23 00:00:00+00:00
[2026-03-23T01:19:27.065+0000] {logging_mixin.py:190} INFO - [2026-03-23T01:19:27.065+0000] {dag.py:4180} INFO - Setting next_dagrun for dataset_with_extra_from_classic_operator to 2026-03-22 00:00:00+00:00, run_after=2026-03-23 00:00:00+00:00
[2026-03-23T01:19:27.086+0000] {processor.py:208} INFO - Processing /home/ec2-user/environment/lab4_model_training/venv/lib64/python3.12/site-packages/airflow/example_dags/example_outlet_event_extra.py took 0.088 seconds
[2026-03-23T01:20:32.575+0000] {processor.py:186} INFO - Started process (PID=8839) to work on /home/ec2-user/environment/lab4_model_training/venv/lib64/python3.12/site-packages/airflow/example_dags/example_outlet_event_extra.py
[2026-03-23T01:20:32.576+0000] {processor.py:914} INFO - Processing file /home/ec2-user/environment/lab4_model_training/venv/lib64/python3.12/site-packages/airflow/example_dags/example_outlet_event_extra.py for tasks to queue
[2026-03-23T01:20:32.578+0000] {logging_mixin.py:190} INFO - [2026-03-23T01:20:32.578+0000] {dagbag.py:588} INFO - Filling up the DagBag from /home/ec2-user/environment/lab4_model_training/venv/lib64/python3.12/site-packages/airflow/example_dags/example_outlet_event_extra.py
[2026-03-23T01:20:32.593+0000] {processor.py:925} INFO - DAG(s) 'dataset_with_extra_from_classic_operator', 'dataset_with_extra_by_yield', 'dataset_with_extra_by_context' retrieved from /home/ec2-user/environment/lab4_model_training/venv/lib64/python3.12/site-packages/airflow/example_dags/example_outlet_event_extra.py
[2026-03-23T01:20:32.613+0000] {logging_mixin.py:190} INFO - [2026-03-23T01:20:32.613+0000] {dag.py:3239} INFO - Sync 3 DAGs
[2026-03-23T01:20:32.633+0000] {logging_mixin.py:190} INFO - [2026-03-23T01:20:32.633+0000] {dag.py:4180} INFO - Setting next_dagrun for dataset_with_extra_by_context to 2026-03-22 00:00:00+00:00, run_after=2026-03-23 00:00:00+00:00
[2026-03-23T01:20:32.638+0000] {logging_mixin.py:190} INFO - [2026-03-23T01:20:32.637+0000] {dag.py:4180} INFO - Setting next_dagrun for dataset_with_extra_by_yield to 2026-03-22 00:00:00+00:00, run_after=2026-03-23 00:00:00+00:00
[2026-03-23T01:20:32.640+0000] {logging_mixin.py:190} INFO - [2026-03-23T01:20:32.640+0000] {dag.py:4180} INFO - Setting next_dagrun for dataset_with_extra_from_classic_operator to 2026-03-22 00:00:00+00:00, run_after=2026-03-23 00:00:00+00:00
[2026-03-23T01:20:32.664+0000] {processor.py:208} INFO - Processing /home/ec2-user/environment/lab4_model_training/venv/lib64/python3.12/site-packages/airflow/example_dags/example_outlet_event_extra.py took 0.095 seconds
[2026-03-23T01:21:39.034+0000] {processor.py:186} INFO - Started process (PID=8961) to work on /home/ec2-user/environment/lab4_model_training/venv/lib64/python3.12/site-packages/airflow/example_dags/example_outlet_event_extra.py
[2026-03-23T01:21:39.035+0000] {processor.py:914} INFO - Processing file /home/ec2-user/environment/lab4_model_training/venv/lib64/python3.12/site-packages/airflow/example_dags/example_outlet_event_extra.py for tasks to queue
[2026-03-23T01:21:39.037+0000] {logging_mixin.py:190} INFO - [2026-03-23T01:21:39.036+0000] {dagbag.py:588} INFO - Filling up the DagBag from /home/ec2-user/environment/lab4_model_training/venv/lib64/python3.12/site-packages/airflow/example_dags/example_outlet_event_extra.py
[2026-03-23T01:21:39.052+0000] {processor.py:925} INFO - DAG(s) 'dataset_with_extra_by_context', 'dataset_with_extra_by_yield', 'dataset_with_extra_from_classic_operator' retrieved from /home/ec2-user/environment/lab4_model_training/venv/lib64/python3.12/site-packages/airflow/example_dags/example_outlet_event_extra.py
[2026-03-23T01:21:39.072+0000] {logging_mixin.py:190} INFO - [2026-03-23T01:21:39.071+0000] {dag.py:3239} INFO - Sync 3 DAGs
[2026-03-23T01:21:39.092+0000] {logging_mixin.py:190} INFO - [2026-03-23T01:21:39.092+0000] {dag.py:4180} INFO - Setting next_dagrun for dataset_with_extra_by_context to 2026-03-22 00:00:00+00:00, run_after=2026-03-23 00:00:00+00:00
[2026-03-23T01:21:39.097+0000] {logging_mixin.py:190} INFO - [2026-03-23T01:21:39.096+0000] {dag.py:4180} INFO - Setting next_dagrun for dataset_with_extra_by_yield to 2026-03-22 00:00:00+00:00, run_after=2026-03-23 00:00:00+00:00
[2026-03-23T01:21:39.099+0000] {logging_mixin.py:190} INFO - [2026-03-23T01:21:39.099+0000] {dag.py:4180} INFO - Setting next_dagrun for dataset_with_extra_from_classic_operator to 2026-03-22 00:00:00+00:00, run_after=2026-03-23 00:00:00+00:00
[2026-03-23T01:21:39.122+0000] {processor.py:208} INFO - Processing /home/ec2-user/environment/lab4_model_training/venv/lib64/python3.12/site-packages/airflow/example_dags/example_outlet_event_extra.py took 0.093 seconds
[2026-03-23T01:22:46.874+0000] {processor.py:186} INFO - Started process (PID=9133) to work on /home/ec2-user/environment/lab4_model_training/venv/lib64/python3.12/site-packages/airflow/example_dags/example_outlet_event_extra.py
[2026-03-23T01:22:46.876+0000] {processor.py:914} INFO - Processing file /home/ec2-user/environment/lab4_model_training/venv/lib64/python3.12/site-packages/airflow/example_dags/example_outlet_event_extra.py for tasks to queue
[2026-03-23T01:22:46.877+0000] {logging_mixin.py:190} INFO - [2026-03-23T01:22:46.877+0000] {dagbag.py:588} INFO - Filling up the DagBag from /home/ec2-user/environment/lab4_model_training/venv/lib64/python3.12/site-packages/airflow/example_dags/example_outlet_event_extra.py
[2026-03-23T01:22:46.892+0000] {processor.py:925} INFO - DAG(s) 'dataset_with_extra_from_classic_operator', 'dataset_with_extra_by_yield', 'dataset_with_extra_by_context' retrieved from /home/ec2-user/environment/lab4_model_training/venv/lib64/python3.12/site-packages/airflow/example_dags/example_outlet_event_extra.py
[2026-03-23T01:22:46.911+0000] {logging_mixin.py:190} INFO - [2026-03-23T01:22:46.911+0000] {dag.py:3239} INFO - Sync 3 DAGs
[2026-03-23T01:22:46.931+0000] {logging_mixin.py:190} INFO - [2026-03-23T01:22:46.931+0000] {dag.py:4180} INFO - Setting next_dagrun for dataset_with_extra_by_context to 2026-03-22 00:00:00+00:00, run_after=2026-03-23 00:00:00+00:00
[2026-03-23T01:22:46.935+0000] {logging_mixin.py:190} INFO - [2026-03-23T01:22:46.935+0000] {dag.py:4180} INFO - Setting next_dagrun for dataset_with_extra_by_yield to 2026-03-22 00:00:00+00:00, run_after=2026-03-23 00:00:00+00:00
[2026-03-23T01:22:46.937+0000] {logging_mixin.py:190} INFO - [2026-03-23T01:22:46.937+0000] {dag.py:4180} INFO - Setting next_dagrun for dataset_with_extra_from_classic_operator to 2026-03-22 00:00:00+00:00, run_after=2026-03-23 00:00:00+00:00
[2026-03-23T01:22:46.983+0000] {processor.py:208} INFO - Processing /home/ec2-user/environment/lab4_model_training/venv/lib64/python3.12/site-packages/airflow/example_dags/example_outlet_event_extra.py took 0.114 seconds
[2026-03-23T01:23:58.127+0000] {processor.py:186} INFO - Started process (PID=9318) to work on /home/ec2-user/environment/lab4_model_training/venv/lib64/python3.12/site-packages/airflow/example_dags/example_outlet_event_extra.py
[2026-03-23T01:23:58.128+0000] {processor.py:914} INFO - Processing file /home/ec2-user/environment/lab4_model_training/venv/lib64/python3.12/site-packages/airflow/example_dags/example_outlet_event_extra.py for tasks to queue
[2026-03-23T01:23:58.130+0000] {logging_mixin.py:190} INFO - [2026-03-23T01:23:58.130+0000] {dagbag.py:588} INFO - Filling up the DagBag from /home/ec2-user/environment/lab4_model_training/venv/lib64/python3.12/site-packages/airflow/example_dags/example_outlet_event_extra.py
[2026-03-23T01:23:58.145+0000] {processor.py:925} INFO - DAG(s) 'dataset_with_extra_from_classic_operator', 'dataset_with_extra_by_context', 'dataset_with_extra_by_yield' retrieved from /home/ec2-user/environment/lab4_model_training/venv/lib64/python3.12/site-packages/airflow/example_dags/example_outlet_event_extra.py
[2026-03-23T01:23:58.165+0000] {logging_mixin.py:190} INFO - [2026-03-23T01:23:58.165+0000] {dag.py:3239} INFO - Sync 3 DAGs
[2026-03-23T01:23:58.186+0000] {logging_mixin.py:190} INFO - [2026-03-23T01:23:58.186+0000] {dag.py:4180} INFO - Setting next_dagrun for dataset_with_extra_by_context to 2026-03-22 00:00:00+00:00, run_after=2026-03-23 00:00:00+00:00
[2026-03-23T01:23:58.190+0000] {logging_mixin.py:190} INFO - [2026-03-23T01:23:58.190+0000] {dag.py:4180} INFO - Setting next_dagrun for dataset_with_extra_by_yield to 2026-03-22 00:00:00+00:00, run_after=2026-03-23 00:00:00+00:00
[2026-03-23T01:23:58.192+0000] {logging_mixin.py:190} INFO - [2026-03-23T01:23:58.192+0000] {dag.py:4180} INFO - Setting next_dagrun for dataset_with_extra_from_classic_operator to 2026-03-22 00:00:00+00:00, run_after=2026-03-23 00:00:00+00:00
[2026-03-23T01:23:58.216+0000] {processor.py:208} INFO - Processing /home/ec2-user/environment/lab4_model_training/venv/lib64/python3.12/site-packages/airflow/example_dags/example_outlet_event_extra.py took 0.094 seconds
[2026-03-23T01:25:07.165+0000] {processor.py:186} INFO - Started process (PID=9494) to work on /home/ec2-user/environment/lab4_model_training/venv/lib64/python3.12/site-packages/airflow/example_dags/example_outlet_event_extra.py
[2026-03-23T01:25:07.166+0000] {processor.py:914} INFO - Processing file /home/ec2-user/environment/lab4_model_training/venv/lib64/python3.12/site-packages/airflow/example_dags/example_outlet_event_extra.py for tasks to queue
[2026-03-23T01:25:07.168+0000] {logging_mixin.py:190} INFO - [2026-03-23T01:25:07.168+0000] {dagbag.py:588} INFO - Filling up the DagBag from /home/ec2-user/environment/lab4_model_training/venv/lib64/python3.12/site-packages/airflow/example_dags/example_outlet_event_extra.py
[2026-03-23T01:25:07.183+0000] {processor.py:925} INFO - DAG(s) 'dataset_with_extra_by_yield', 'dataset_with_extra_from_classic_operator', 'dataset_with_extra_by_context' retrieved from /home/ec2-user/environment/lab4_model_training/venv/lib64/python3.12/site-packages/airflow/example_dags/example_outlet_event_extra.py
[2026-03-23T01:25:07.203+0000] {logging_mixin.py:190} INFO - [2026-03-23T01:25:07.203+0000] {dag.py:3239} INFO - Sync 3 DAGs
[2026-03-23T01:25:07.225+0000] {logging_mixin.py:190} INFO - [2026-03-23T01:25:07.224+0000] {dag.py:4180} INFO - Setting next_dagrun for dataset_with_extra_by_context to 2026-03-22 00:00:00+00:00, run_after=2026-03-23 00:00:00+00:00
[2026-03-23T01:25:07.229+0000] {logging_mixin.py:190} INFO - [2026-03-23T01:25:07.229+0000] {dag.py:4180} INFO - Setting next_dagrun for dataset_with_extra_by_yield to 2026-03-22 00:00:00+00:00, run_after=2026-03-23 00:00:00+00:00
[2026-03-23T01:25:07.231+0000] {logging_mixin.py:190} INFO - [2026-03-23T01:25:07.231+0000] {dag.py:4180} INFO - Setting next_dagrun for dataset_with_extra_from_classic_operator to 2026-03-22 00:00:00+00:00, run_after=2026-03-23 00:00:00+00:00
[2026-03-23T01:25:07.255+0000] {processor.py:208} INFO - Processing /home/ec2-user/environment/lab4_model_training/venv/lib64/python3.12/site-packages/airflow/example_dags/example_outlet_event_extra.py took 0.095 seconds
[2026-03-23T01:26:34.101+0000] {processor.py:186} INFO - Started process (PID=9799) to work on /home/ec2-user/environment/lab4_model_training/venv/lib64/python3.12/site-packages/airflow/example_dags/example_outlet_event_extra.py
[2026-03-23T01:26:34.102+0000] {processor.py:914} INFO - Processing file /home/ec2-user/environment/lab4_model_training/venv/lib64/python3.12/site-packages/airflow/example_dags/example_outlet_event_extra.py for tasks to queue
[2026-03-23T01:26:34.104+0000] {logging_mixin.py:190} INFO - [2026-03-23T01:26:34.104+0000] {dagbag.py:588} INFO - Filling up the DagBag from /home/ec2-user/environment/lab4_model_training/venv/lib64/python3.12/site-packages/airflow/example_dags/example_outlet_event_extra.py
[2026-03-23T01:26:34.125+0000] {processor.py:925} INFO - DAG(s) 'dataset_with_extra_from_classic_operator', 'dataset_with_extra_by_yield', 'dataset_with_extra_by_context' retrieved from /home/ec2-user/environment/lab4_model_training/venv/lib64/python3.12/site-packages/airflow/example_dags/example_outlet_event_extra.py
[2026-03-23T01:26:34.153+0000] {logging_mixin.py:190} INFO - [2026-03-23T01:26:34.152+0000] {dag.py:3239} INFO - Sync 3 DAGs
[2026-03-23T01:26:34.182+0000] {logging_mixin.py:190} INFO - [2026-03-23T01:26:34.182+0000] {dag.py:4180} INFO - Setting next_dagrun for dataset_with_extra_by_context to 2026-03-22 00:00:00+00:00, run_after=2026-03-23 00:00:00+00:00
[2026-03-23T01:26:34.189+0000] {logging_mixin.py:190} INFO - [2026-03-23T01:26:34.188+0000] {dag.py:4180} INFO - Setting next_dagrun for dataset_with_extra_by_yield to 2026-03-22 00:00:00+00:00, run_after=2026-03-23 00:00:00+00:00
[2026-03-23T01:26:34.192+0000] {logging_mixin.py:190} INFO - [2026-03-23T01:26:34.192+0000] {dag.py:4180} INFO - Setting next_dagrun for dataset_with_extra_from_classic_operator to 2026-03-22 00:00:00+00:00, run_after=2026-03-23 00:00:00+00:00
[2026-03-23T01:26:34.225+0000] {processor.py:208} INFO - Processing /home/ec2-user/environment/lab4_model_training/venv/lib64/python3.12/site-packages/airflow/example_dags/example_outlet_event_extra.py took 0.131 seconds
[2026-03-23T01:27:41.290+0000] {processor.py:186} INFO - Started process (PID=9961) to work on /home/ec2-user/environment/lab4_model_training/venv/lib64/python3.12/site-packages/airflow/example_dags/example_outlet_event_extra.py
[2026-03-23T01:27:41.291+0000] {processor.py:914} INFO - Processing file /home/ec2-user/environment/lab4_model_training/venv/lib64/python3.12/site-packages/airflow/example_dags/example_outlet_event_extra.py for tasks to queue
[2026-03-23T01:27:41.293+0000] {logging_mixin.py:190} INFO - [2026-03-23T01:27:41.293+0000] {dagbag.py:588} INFO - Filling up the DagBag from /home/ec2-user/environment/lab4_model_training/venv/lib64/python3.12/site-packages/airflow/example_dags/example_outlet_event_extra.py
[2026-03-23T01:27:41.309+0000] {processor.py:925} INFO - DAG(s) 'dataset_with_extra_by_yield', 'dataset_with_extra_from_classic_operator', 'dataset_with_extra_by_context' retrieved from /home/ec2-user/environment/lab4_model_training/venv/lib64/python3.12/site-packages/airflow/example_dags/example_outlet_event_extra.py
[2026-03-23T01:27:41.329+0000] {logging_mixin.py:190} INFO - [2026-03-23T01:27:41.329+0000] {dag.py:3239} INFO - Sync 3 DAGs
[2026-03-23T01:27:41.350+0000] {logging_mixin.py:190} INFO - [2026-03-23T01:27:41.349+0000] {dag.py:4180} INFO - Setting next_dagrun for dataset_with_extra_by_context to 2026-03-22 00:00:00+00:00, run_after=2026-03-23 00:00:00+00:00
[2026-03-23T01:27:41.354+0000] {logging_mixin.py:190} INFO - [2026-03-23T01:27:41.354+0000] {dag.py:4180} INFO - Setting next_dagrun for dataset_with_extra_by_yield to 2026-03-22 00:00:00+00:00, run_after=2026-03-23 00:00:00+00:00
[2026-03-23T01:27:41.356+0000] {logging_mixin.py:190} INFO - [2026-03-23T01:27:41.356+0000] {dag.py:4180} INFO - Setting next_dagrun for dataset_with_extra_from_classic_operator to 2026-03-22 00:00:00+00:00, run_after=2026-03-23 00:00:00+00:00
[2026-03-23T01:27:41.379+0000] {processor.py:208} INFO - Processing /home/ec2-user/environment/lab4_model_training/venv/lib64/python3.12/site-packages/airflow/example_dags/example_outlet_event_extra.py took 0.094 seconds
[2026-03-23T01:28:40.983+0000] {processor.py:186} INFO - Started process (PID=10115) to work on /home/ec2-user/environment/lab4_model_training/venv/lib64/python3.12/site-packages/airflow/example_dags/example_outlet_event_extra.py
[2026-03-23T01:28:40.985+0000] {processor.py:914} INFO - Processing file /home/ec2-user/environment/lab4_model_training/venv/lib64/python3.12/site-packages/airflow/example_dags/example_outlet_event_extra.py for tasks to queue
[2026-03-23T01:28:40.987+0000] {logging_mixin.py:190} INFO - [2026-03-23T01:28:40.986+0000] {dagbag.py:588} INFO - Filling up the DagBag from /home/ec2-user/environment/lab4_model_training/venv/lib64/python3.12/site-packages/airflow/example_dags/example_outlet_event_extra.py
[2026-03-23T01:28:41.001+0000] {processor.py:925} INFO - DAG(s) 'dataset_with_extra_by_context', 'dataset_with_extra_from_classic_operator', 'dataset_with_extra_by_yield' retrieved from /home/ec2-user/environment/lab4_model_training/venv/lib64/python3.12/site-packages/airflow/example_dags/example_outlet_event_extra.py
[2026-03-23T01:28:41.021+0000] {logging_mixin.py:190} INFO - [2026-03-23T01:28:41.021+0000] {dag.py:3239} INFO - Sync 3 DAGs
[2026-03-23T01:28:41.042+0000] {logging_mixin.py:190} INFO - [2026-03-23T01:28:41.042+0000] {dag.py:4180} INFO - Setting next_dagrun for dataset_with_extra_by_context to 2026-03-22 00:00:00+00:00, run_after=2026-03-23 00:00:00+00:00
[2026-03-23T01:28:41.046+0000] {logging_mixin.py:190} INFO - [2026-03-23T01:28:41.046+0000] {dag.py:4180} INFO - Setting next_dagrun for dataset_with_extra_by_yield to 2026-03-22 00:00:00+00:00, run_after=2026-03-23 00:00:00+00:00
[2026-03-23T01:28:41.048+0000] {logging_mixin.py:190} INFO - [2026-03-23T01:28:41.048+0000] {dag.py:4180} INFO - Setting next_dagrun for dataset_with_extra_from_classic_operator to 2026-03-22 00:00:00+00:00, run_after=2026-03-23 00:00:00+00:00
[2026-03-23T01:28:41.071+0000] {processor.py:208} INFO - Processing /home/ec2-user/environment/lab4_model_training/venv/lib64/python3.12/site-packages/airflow/example_dags/example_outlet_event_extra.py took 0.093 seconds
[2026-03-23T01:29:48.881+0000] {processor.py:186} INFO - Started process (PID=10368) to work on /home/ec2-user/environment/lab4_model_training/venv/lib64/python3.12/site-packages/airflow/example_dags/example_outlet_event_extra.py
[2026-03-23T01:29:48.882+0000] {processor.py:914} INFO - Processing file /home/ec2-user/environment/lab4_model_training/venv/lib64/python3.12/site-packages/airflow/example_dags/example_outlet_event_extra.py for tasks to queue
[2026-03-23T01:29:48.884+0000] {logging_mixin.py:190} INFO - [2026-03-23T01:29:48.883+0000] {dagbag.py:588} INFO - Filling up the DagBag from /home/ec2-user/environment/lab4_model_training/venv/lib64/python3.12/site-packages/airflow/example_dags/example_outlet_event_extra.py
[2026-03-23T01:29:48.898+0000] {processor.py:925} INFO - DAG(s) 'dataset_with_extra_from_classic_operator', 'dataset_with_extra_by_context', 'dataset_with_extra_by_yield' retrieved from /home/ec2-user/environment/lab4_model_training/venv/lib64/python3.12/site-packages/airflow/example_dags/example_outlet_event_extra.py
[2026-03-23T01:29:48.917+0000] {logging_mixin.py:190} INFO - [2026-03-23T01:29:48.917+0000] {dag.py:3239} INFO - Sync 3 DAGs
[2026-03-23T01:29:48.937+0000] {logging_mixin.py:190} INFO - [2026-03-23T01:29:48.937+0000] {dag.py:4180} INFO - Setting next_dagrun for dataset_with_extra_by_context to 2026-03-22 00:00:00+00:00, run_after=2026-03-23 00:00:00+00:00
[2026-03-23T01:29:48.941+0000] {logging_mixin.py:190} INFO - [2026-03-23T01:29:48.941+0000] {dag.py:4180} INFO - Setting next_dagrun for dataset_with_extra_by_yield to 2026-03-22 00:00:00+00:00, run_after=2026-03-23 00:00:00+00:00
[2026-03-23T01:29:48.943+0000] {logging_mixin.py:190} INFO - [2026-03-23T01:29:48.943+0000] {dag.py:4180} INFO - Setting next_dagrun for dataset_with_extra_from_classic_operator to 2026-03-22 00:00:00+00:00, run_after=2026-03-23 00:00:00+00:00
[2026-03-23T01:29:48.965+0000] {processor.py:208} INFO - Processing /home/ec2-user/environment/lab4_model_training/venv/lib64/python3.12/site-packages/airflow/example_dags/example_outlet_event_extra.py took 0.090 seconds
[2026-03-23T01:30:54.512+0000] {processor.py:186} INFO - Started process (PID=10587) to work on /home/ec2-user/environment/lab4_model_training/venv/lib64/python3.12/site-packages/airflow/example_dags/example_outlet_event_extra.py
[2026-03-23T01:30:54.513+0000] {processor.py:914} INFO - Processing file /home/ec2-user/environment/lab4_model_training/venv/lib64/python3.12/site-packages/airflow/example_dags/example_outlet_event_extra.py for tasks to queue
[2026-03-23T01:30:54.515+0000] {logging_mixin.py:190} INFO - [2026-03-23T01:30:54.515+0000] {dagbag.py:588} INFO - Filling up the DagBag from /home/ec2-user/environment/lab4_model_training/venv/lib64/python3.12/site-packages/airflow/example_dags/example_outlet_event_extra.py
[2026-03-23T01:30:54.530+0000] {processor.py:925} INFO - DAG(s) 'dataset_with_extra_by_context', 'dataset_with_extra_from_classic_operator', 'dataset_with_extra_by_yield' retrieved from /home/ec2-user/environment/lab4_model_training/venv/lib64/python3.12/site-packages/airflow/example_dags/example_outlet_event_extra.py
[2026-03-23T01:30:54.550+0000] {logging_mixin.py:190} INFO - [2026-03-23T01:30:54.550+0000] {dag.py:3239} INFO - Sync 3 DAGs
[2026-03-23T01:30:54.570+0000] {logging_mixin.py:190} INFO - [2026-03-23T01:30:54.570+0000] {dag.py:4180} INFO - Setting next_dagrun for dataset_with_extra_by_context to 2026-03-22 00:00:00+00:00, run_after=2026-03-23 00:00:00+00:00
[2026-03-23T01:30:54.575+0000] {logging_mixin.py:190} INFO - [2026-03-23T01:30:54.574+0000] {dag.py:4180} INFO - Setting next_dagrun for dataset_with_extra_by_yield to 2026-03-22 00:00:00+00:00, run_after=2026-03-23 00:00:00+00:00
[2026-03-23T01:30:54.577+0000] {logging_mixin.py:190} INFO - [2026-03-23T01:30:54.577+0000] {dag.py:4180} INFO - Setting next_dagrun for dataset_with_extra_from_classic_operator to 2026-03-22 00:00:00+00:00, run_after=2026-03-23 00:00:00+00:00
[2026-03-23T01:30:54.601+0000] {processor.py:208} INFO - Processing /home/ec2-user/environment/lab4_model_training/venv/lib64/python3.12/site-packages/airflow/example_dags/example_outlet_event_extra.py took 0.094 seconds
[2026-03-23T01:32:02.032+0000] {processor.py:186} INFO - Started process (PID=10826) to work on /home/ec2-user/environment/lab4_model_training/venv/lib64/python3.12/site-packages/airflow/example_dags/example_outlet_event_extra.py
[2026-03-23T01:32:02.033+0000] {processor.py:914} INFO - Processing file /home/ec2-user/environment/lab4_model_training/venv/lib64/python3.12/site-packages/airflow/example_dags/example_outlet_event_extra.py for tasks to queue
[2026-03-23T01:32:02.035+0000] {logging_mixin.py:190} INFO - [2026-03-23T01:32:02.035+0000] {dagbag.py:588} INFO - Filling up the DagBag from /home/ec2-user/environment/lab4_model_training/venv/lib64/python3.12/site-packages/airflow/example_dags/example_outlet_event_extra.py
[2026-03-23T01:32:02.051+0000] {processor.py:925} INFO - DAG(s) 'dataset_with_extra_by_context', 'dataset_with_extra_from_classic_operator', 'dataset_with_extra_by_yield' retrieved from /home/ec2-user/environment/lab4_model_training/venv/lib64/python3.12/site-packages/airflow/example_dags/example_outlet_event_extra.py
[2026-03-23T01:32:02.072+0000] {logging_mixin.py:190} INFO - [2026-03-23T01:32:02.071+0000] {dag.py:3239} INFO - Sync 3 DAGs
[2026-03-23T01:32:02.093+0000] {logging_mixin.py:190} INFO - [2026-03-23T01:32:02.092+0000] {dag.py:4180} INFO - Setting next_dagrun for dataset_with_extra_by_context to 2026-03-22 00:00:00+00:00, run_after=2026-03-23 00:00:00+00:00
[2026-03-23T01:32:02.097+0000] {logging_mixin.py:190} INFO - [2026-03-23T01:32:02.097+0000] {dag.py:4180} INFO - Setting next_dagrun for dataset_with_extra_by_yield to 2026-03-22 00:00:00+00:00, run_after=2026-03-23 00:00:00+00:00
[2026-03-23T01:32:02.099+0000] {logging_mixin.py:190} INFO - [2026-03-23T01:32:02.099+0000] {dag.py:4180} INFO - Setting next_dagrun for dataset_with_extra_from_classic_operator to 2026-03-22 00:00:00+00:00, run_after=2026-03-23 00:00:00+00:00
[2026-03-23T01:32:02.124+0000] {processor.py:208} INFO - Processing /home/ec2-user/environment/lab4_model_training/venv/lib64/python3.12/site-packages/airflow/example_dags/example_outlet_event_extra.py took 0.097 seconds
[2026-03-23T01:33:06.505+0000] {processor.py:186} INFO - Started process (PID=11005) to work on /home/ec2-user/environment/lab4_model_training/venv/lib64/python3.12/site-packages/airflow/example_dags/example_outlet_event_extra.py
[2026-03-23T01:33:06.507+0000] {processor.py:914} INFO - Processing file /home/ec2-user/environment/lab4_model_training/venv/lib64/python3.12/site-packages/airflow/example_dags/example_outlet_event_extra.py for tasks to queue
[2026-03-23T01:33:06.508+0000] {logging_mixin.py:190} INFO - [2026-03-23T01:33:06.508+0000] {dagbag.py:588} INFO - Filling up the DagBag from /home/ec2-user/environment/lab4_model_training/venv/lib64/python3.12/site-packages/airflow/example_dags/example_outlet_event_extra.py
[2026-03-23T01:33:06.523+0000] {processor.py:925} INFO - DAG(s) 'dataset_with_extra_by_yield', 'dataset_with_extra_from_classic_operator', 'dataset_with_extra_by_context' retrieved from /home/ec2-user/environment/lab4_model_training/venv/lib64/python3.12/site-packages/airflow/example_dags/example_outlet_event_extra.py
[2026-03-23T01:33:06.543+0000] {logging_mixin.py:190} INFO - [2026-03-23T01:33:06.543+0000] {dag.py:3239} INFO - Sync 3 DAGs
[2026-03-23T01:33:06.564+0000] {logging_mixin.py:190} INFO - [2026-03-23T01:33:06.564+0000] {dag.py:4180} INFO - Setting next_dagrun for dataset_with_extra_by_context to 2026-03-22 00:00:00+00:00, run_after=2026-03-23 00:00:00+00:00
[2026-03-23T01:33:06.568+0000] {logging_mixin.py:190} INFO - [2026-03-23T01:33:06.568+0000] {dag.py:4180} INFO - Setting next_dagrun for dataset_with_extra_by_yield to 2026-03-22 00:00:00+00:00, run_after=2026-03-23 00:00:00+00:00
[2026-03-23T01:33:06.570+0000] {logging_mixin.py:190} INFO - [2026-03-23T01:33:06.570+0000] {dag.py:4180} INFO - Setting next_dagrun for dataset_with_extra_from_classic_operator to 2026-03-22 00:00:00+00:00, run_after=2026-03-23 00:00:00+00:00
[2026-03-23T01:33:06.593+0000] {processor.py:208} INFO - Processing /home/ec2-user/environment/lab4_model_training/venv/lib64/python3.12/site-packages/airflow/example_dags/example_outlet_event_extra.py took 0.093 seconds
[2026-03-23T01:34:10.872+0000] {processor.py:186} INFO - Started process (PID=11129) to work on /home/ec2-user/environment/lab4_model_training/venv/lib64/python3.12/site-packages/airflow/example_dags/example_outlet_event_extra.py
[2026-03-23T01:34:10.874+0000] {processor.py:914} INFO - Processing file /home/ec2-user/environment/lab4_model_training/venv/lib64/python3.12/site-packages/airflow/example_dags/example_outlet_event_extra.py for tasks to queue
[2026-03-23T01:34:10.876+0000] {logging_mixin.py:190} INFO - [2026-03-23T01:34:10.875+0000] {dagbag.py:588} INFO - Filling up the DagBag from /home/ec2-user/environment/lab4_model_training/venv/lib64/python3.12/site-packages/airflow/example_dags/example_outlet_event_extra.py
[2026-03-23T01:34:10.891+0000] {processor.py:925} INFO - DAG(s) 'dataset_with_extra_from_classic_operator', 'dataset_with_extra_by_context', 'dataset_with_extra_by_yield' retrieved from /home/ec2-user/environment/lab4_model_training/venv/lib64/python3.12/site-packages/airflow/example_dags/example_outlet_event_extra.py
[2026-03-23T01:34:10.910+0000] {logging_mixin.py:190} INFO - [2026-03-23T01:34:10.909+0000] {dag.py:3239} INFO - Sync 3 DAGs
[2026-03-23T01:34:10.929+0000] {logging_mixin.py:190} INFO - [2026-03-23T01:34:10.929+0000] {dag.py:4180} INFO - Setting next_dagrun for dataset_with_extra_by_context to 2026-03-22 00:00:00+00:00, run_after=2026-03-23 00:00:00+00:00
[2026-03-23T01:34:10.933+0000] {logging_mixin.py:190} INFO - [2026-03-23T01:34:10.933+0000] {dag.py:4180} INFO - Setting next_dagrun for dataset_with_extra_by_yield to 2026-03-22 00:00:00+00:00, run_after=2026-03-23 00:00:00+00:00
[2026-03-23T01:34:10.936+0000] {logging_mixin.py:190} INFO - [2026-03-23T01:34:10.935+0000] {dag.py:4180} INFO - Setting next_dagrun for dataset_with_extra_from_classic_operator to 2026-03-22 00:00:00+00:00, run_after=2026-03-23 00:00:00+00:00
[2026-03-23T01:34:10.958+0000] {processor.py:208} INFO - Processing /home/ec2-user/environment/lab4_model_training/venv/lib64/python3.12/site-packages/airflow/example_dags/example_outlet_event_extra.py took 0.090 seconds
[2026-03-23T01:35:19.930+0000] {processor.py:186} INFO - Started process (PID=11316) to work on /home/ec2-user/environment/lab4_model_training/venv/lib64/python3.12/site-packages/airflow/example_dags/example_outlet_event_extra.py
[2026-03-23T01:35:19.931+0000] {processor.py:914} INFO - Processing file /home/ec2-user/environment/lab4_model_training/venv/lib64/python3.12/site-packages/airflow/example_dags/example_outlet_event_extra.py for tasks to queue
[2026-03-23T01:35:19.933+0000] {logging_mixin.py:190} INFO - [2026-03-23T01:35:19.933+0000] {dagbag.py:588} INFO - Filling up the DagBag from /home/ec2-user/environment/lab4_model_training/venv/lib64/python3.12/site-packages/airflow/example_dags/example_outlet_event_extra.py
[2026-03-23T01:35:19.952+0000] {processor.py:925} INFO - DAG(s) 'dataset_with_extra_from_classic_operator', 'dataset_with_extra_by_yield', 'dataset_with_extra_by_context' retrieved from /home/ec2-user/environment/lab4_model_training/venv/lib64/python3.12/site-packages/airflow/example_dags/example_outlet_event_extra.py
[2026-03-23T01:35:19.972+0000] {logging_mixin.py:190} INFO - [2026-03-23T01:35:19.972+0000] {dag.py:3239} INFO - Sync 3 DAGs
[2026-03-23T01:35:19.993+0000] {logging_mixin.py:190} INFO - [2026-03-23T01:35:19.993+0000] {dag.py:4180} INFO - Setting next_dagrun for dataset_with_extra_by_context to 2026-03-22 00:00:00+00:00, run_after=2026-03-23 00:00:00+00:00
[2026-03-23T01:35:19.997+0000] {logging_mixin.py:190} INFO - [2026-03-23T01:35:19.997+0000] {dag.py:4180} INFO - Setting next_dagrun for dataset_with_extra_by_yield to 2026-03-22 00:00:00+00:00, run_after=2026-03-23 00:00:00+00:00
[2026-03-23T01:35:20.000+0000] {logging_mixin.py:190} INFO - [2026-03-23T01:35:19.999+0000] {dag.py:4180} INFO - Setting next_dagrun for dataset_with_extra_from_classic_operator to 2026-03-22 00:00:00+00:00, run_after=2026-03-23 00:00:00+00:00
[2026-03-23T01:35:20.023+0000] {processor.py:208} INFO - Processing /home/ec2-user/environment/lab4_model_training/venv/lib64/python3.12/site-packages/airflow/example_dags/example_outlet_event_extra.py took 0.099 seconds
