[2026-03-23T00:59:45.132+0000] {processor.py:186} INFO - Started process (PID=5861) to work on /home/ec2-user/environment/lab4_model_training/venv/lib64/python3.12/site-packages/airflow/example_dags/example_xcomargs.py
[2026-03-23T00:59:45.132+0000] {processor.py:914} INFO - Processing file /home/ec2-user/environment/lab4_model_training/venv/lib64/python3.12/site-packages/airflow/example_dags/example_xcomargs.py for tasks to queue
[2026-03-23T00:59:45.134+0000] {logging_mixin.py:190} INFO - [2026-03-23T00:59:45.134+0000] {dagbag.py:588} INFO - Filling up the DagBag from /home/ec2-user/environment/lab4_model_training/venv/lib64/python3.12/site-packages/airflow/example_dags/example_xcomargs.py
[2026-03-23T00:59:45.144+0000] {processor.py:925} INFO - DAG(s) 'example_xcom_args_with_operators', 'example_xcom_args' retrieved from /home/ec2-user/environment/lab4_model_training/venv/lib64/python3.12/site-packages/airflow/example_dags/example_xcomargs.py
[2026-03-23T00:59:45.162+0000] {logging_mixin.py:190} INFO - [2026-03-23T00:59:45.162+0000] {dag.py:3239} INFO - Sync 2 DAGs
[2026-03-23T00:59:45.174+0000] {logging_mixin.py:190} INFO - [2026-03-23T00:59:45.173+0000] {dag.py:4180} INFO - Setting next_dagrun for example_xcom_args to None, run_after=None
[2026-03-23T00:59:45.177+0000] {logging_mixin.py:190} INFO - [2026-03-23T00:59:45.177+0000] {dag.py:4180} INFO - Setting next_dagrun for example_xcom_args_with_operators to None, run_after=None
[2026-03-23T00:59:45.196+0000] {processor.py:208} INFO - Processing /home/ec2-user/environment/lab4_model_training/venv/lib64/python3.12/site-packages/airflow/example_dags/example_xcomargs.py took 0.070 seconds
[2026-03-23T01:00:51.461+0000] {processor.py:186} INFO - Started process (PID=6057) to work on /home/ec2-user/environment/lab4_model_training/venv/lib64/python3.12/site-packages/airflow/example_dags/example_xcomargs.py
[2026-03-23T01:00:51.462+0000] {processor.py:914} INFO - Processing file /home/ec2-user/environment/lab4_model_training/venv/lib64/python3.12/site-packages/airflow/example_dags/example_xcomargs.py for tasks to queue
[2026-03-23T01:00:51.464+0000] {logging_mixin.py:190} INFO - [2026-03-23T01:00:51.464+0000] {dagbag.py:588} INFO - Filling up the DagBag from /home/ec2-user/environment/lab4_model_training/venv/lib64/python3.12/site-packages/airflow/example_dags/example_xcomargs.py
[2026-03-23T01:00:51.474+0000] {processor.py:925} INFO - DAG(s) 'example_xcom_args', 'example_xcom_args_with_operators' retrieved from /home/ec2-user/environment/lab4_model_training/venv/lib64/python3.12/site-packages/airflow/example_dags/example_xcomargs.py
[2026-03-23T01:00:51.492+0000] {logging_mixin.py:190} INFO - [2026-03-23T01:00:51.491+0000] {dag.py:3239} INFO - Sync 2 DAGs
[2026-03-23T01:00:51.503+0000] {logging_mixin.py:190} INFO - [2026-03-23T01:00:51.503+0000] {dag.py:4180} INFO - Setting next_dagrun for example_xcom_args to None, run_after=None
[2026-03-23T01:00:51.507+0000] {logging_mixin.py:190} INFO - [2026-03-23T01:00:51.506+0000] {dag.py:4180} INFO - Setting next_dagrun for example_xcom_args_with_operators to None, run_after=None
[2026-03-23T01:00:51.526+0000] {processor.py:208} INFO - Processing /home/ec2-user/environment/lab4_model_training/venv/lib64/python3.12/site-packages/airflow/example_dags/example_xcomargs.py took 0.070 seconds
[2026-03-23T01:01:54.065+0000] {processor.py:186} INFO - Started process (PID=6272) to work on /home/ec2-user/environment/lab4_model_training/venv/lib64/python3.12/site-packages/airflow/example_dags/example_xcomargs.py
[2026-03-23T01:01:54.066+0000] {processor.py:914} INFO - Processing file /home/ec2-user/environment/lab4_model_training/venv/lib64/python3.12/site-packages/airflow/example_dags/example_xcomargs.py for tasks to queue
[2026-03-23T01:01:54.068+0000] {logging_mixin.py:190} INFO - [2026-03-23T01:01:54.067+0000] {dagbag.py:588} INFO - Filling up the DagBag from /home/ec2-user/environment/lab4_model_training/venv/lib64/python3.12/site-packages/airflow/example_dags/example_xcomargs.py
[2026-03-23T01:01:54.077+0000] {processor.py:925} INFO - DAG(s) 'example_xcom_args', 'example_xcom_args_with_operators' retrieved from /home/ec2-user/environment/lab4_model_training/venv/lib64/python3.12/site-packages/airflow/example_dags/example_xcomargs.py
[2026-03-23T01:01:54.096+0000] {logging_mixin.py:190} INFO - [2026-03-23T01:01:54.095+0000] {dag.py:3239} INFO - Sync 2 DAGs
[2026-03-23T01:01:54.108+0000] {logging_mixin.py:190} INFO - [2026-03-23T01:01:54.108+0000] {dag.py:4180} INFO - Setting next_dagrun for example_xcom_args to None, run_after=None
[2026-03-23T01:01:54.111+0000] {logging_mixin.py:190} INFO - [2026-03-23T01:01:54.111+0000] {dag.py:4180} INFO - Setting next_dagrun for example_xcom_args_with_operators to None, run_after=None
[2026-03-23T01:01:54.130+0000] {processor.py:208} INFO - Processing /home/ec2-user/environment/lab4_model_training/venv/lib64/python3.12/site-packages/airflow/example_dags/example_xcomargs.py took 0.071 seconds
[2026-03-23T01:02:58.551+0000] {processor.py:186} INFO - Started process (PID=6483) to work on /home/ec2-user/environment/lab4_model_training/venv/lib64/python3.12/site-packages/airflow/example_dags/example_xcomargs.py
[2026-03-23T01:02:58.553+0000] {processor.py:914} INFO - Processing file /home/ec2-user/environment/lab4_model_training/venv/lib64/python3.12/site-packages/airflow/example_dags/example_xcomargs.py for tasks to queue
[2026-03-23T01:02:58.554+0000] {logging_mixin.py:190} INFO - [2026-03-23T01:02:58.554+0000] {dagbag.py:588} INFO - Filling up the DagBag from /home/ec2-user/environment/lab4_model_training/venv/lib64/python3.12/site-packages/airflow/example_dags/example_xcomargs.py
[2026-03-23T01:02:58.564+0000] {processor.py:925} INFO - DAG(s) 'example_xcom_args_with_operators', 'example_xcom_args' retrieved from /home/ec2-user/environment/lab4_model_training/venv/lib64/python3.12/site-packages/airflow/example_dags/example_xcomargs.py
[2026-03-23T01:02:58.581+0000] {logging_mixin.py:190} INFO - [2026-03-23T01:02:58.581+0000] {dag.py:3239} INFO - Sync 2 DAGs
[2026-03-23T01:02:58.593+0000] {logging_mixin.py:190} INFO - [2026-03-23T01:02:58.592+0000] {dag.py:4180} INFO - Setting next_dagrun for example_xcom_args to None, run_after=None
[2026-03-23T01:02:58.596+0000] {logging_mixin.py:190} INFO - [2026-03-23T01:02:58.596+0000] {dag.py:4180} INFO - Setting next_dagrun for example_xcom_args_with_operators to None, run_after=None
[2026-03-23T01:02:58.614+0000] {processor.py:208} INFO - Processing /home/ec2-user/environment/lab4_model_training/venv/lib64/python3.12/site-packages/airflow/example_dags/example_xcomargs.py took 0.068 seconds
[2026-03-23T01:04:03.733+0000] {processor.py:186} INFO - Started process (PID=6620) to work on /home/ec2-user/environment/lab4_model_training/venv/lib64/python3.12/site-packages/airflow/example_dags/example_xcomargs.py
[2026-03-23T01:04:03.734+0000] {processor.py:914} INFO - Processing file /home/ec2-user/environment/lab4_model_training/venv/lib64/python3.12/site-packages/airflow/example_dags/example_xcomargs.py for tasks to queue
[2026-03-23T01:04:03.736+0000] {logging_mixin.py:190} INFO - [2026-03-23T01:04:03.736+0000] {dagbag.py:588} INFO - Filling up the DagBag from /home/ec2-user/environment/lab4_model_training/venv/lib64/python3.12/site-packages/airflow/example_dags/example_xcomargs.py
[2026-03-23T01:04:03.746+0000] {processor.py:925} INFO - DAG(s) 'example_xcom_args', 'example_xcom_args_with_operators' retrieved from /home/ec2-user/environment/lab4_model_training/venv/lib64/python3.12/site-packages/airflow/example_dags/example_xcomargs.py
[2026-03-23T01:04:03.764+0000] {logging_mixin.py:190} INFO - [2026-03-23T01:04:03.764+0000] {dag.py:3239} INFO - Sync 2 DAGs
[2026-03-23T01:04:03.776+0000] {logging_mixin.py:190} INFO - [2026-03-23T01:04:03.776+0000] {dag.py:4180} INFO - Setting next_dagrun for example_xcom_args to None, run_after=None
[2026-03-23T01:04:03.779+0000] {logging_mixin.py:190} INFO - [2026-03-23T01:04:03.779+0000] {dag.py:4180} INFO - Setting next_dagrun for example_xcom_args_with_operators to None, run_after=None
[2026-03-23T01:04:03.799+0000] {processor.py:208} INFO - Processing /home/ec2-user/environment/lab4_model_training/venv/lib64/python3.12/site-packages/airflow/example_dags/example_xcomargs.py took 0.071 seconds
[2026-03-23T01:05:08.153+0000] {processor.py:186} INFO - Started process (PID=6798) to work on /home/ec2-user/environment/lab4_model_training/venv/lib64/python3.12/site-packages/airflow/example_dags/example_xcomargs.py
[2026-03-23T01:05:08.154+0000] {processor.py:914} INFO - Processing file /home/ec2-user/environment/lab4_model_training/venv/lib64/python3.12/site-packages/airflow/example_dags/example_xcomargs.py for tasks to queue
[2026-03-23T01:05:08.156+0000] {logging_mixin.py:190} INFO - [2026-03-23T01:05:08.156+0000] {dagbag.py:588} INFO - Filling up the DagBag from /home/ec2-user/environment/lab4_model_training/venv/lib64/python3.12/site-packages/airflow/example_dags/example_xcomargs.py
[2026-03-23T01:05:08.166+0000] {processor.py:925} INFO - DAG(s) 'example_xcom_args_with_operators', 'example_xcom_args' retrieved from /home/ec2-user/environment/lab4_model_training/venv/lib64/python3.12/site-packages/airflow/example_dags/example_xcomargs.py
[2026-03-23T01:05:08.184+0000] {logging_mixin.py:190} INFO - [2026-03-23T01:05:08.184+0000] {dag.py:3239} INFO - Sync 2 DAGs
[2026-03-23T01:05:08.196+0000] {logging_mixin.py:190} INFO - [2026-03-23T01:05:08.196+0000] {dag.py:4180} INFO - Setting next_dagrun for example_xcom_args to None, run_after=None
[2026-03-23T01:05:08.199+0000] {logging_mixin.py:190} INFO - [2026-03-23T01:05:08.199+0000] {dag.py:4180} INFO - Setting next_dagrun for example_xcom_args_with_operators to None, run_after=None
[2026-03-23T01:05:08.218+0000] {processor.py:208} INFO - Processing /home/ec2-user/environment/lab4_model_training/venv/lib64/python3.12/site-packages/airflow/example_dags/example_xcomargs.py took 0.070 seconds
[2026-03-23T01:06:25.414+0000] {processor.py:186} INFO - Started process (PID=6952) to work on /home/ec2-user/environment/lab4_model_training/venv/lib64/python3.12/site-packages/airflow/example_dags/example_xcomargs.py
[2026-03-23T01:06:25.415+0000] {processor.py:914} INFO - Processing file /home/ec2-user/environment/lab4_model_training/venv/lib64/python3.12/site-packages/airflow/example_dags/example_xcomargs.py for tasks to queue
[2026-03-23T01:06:25.417+0000] {logging_mixin.py:190} INFO - [2026-03-23T01:06:25.417+0000] {dagbag.py:588} INFO - Filling up the DagBag from /home/ec2-user/environment/lab4_model_training/venv/lib64/python3.12/site-packages/airflow/example_dags/example_xcomargs.py
[2026-03-23T01:06:25.427+0000] {processor.py:925} INFO - DAG(s) 'example_xcom_args_with_operators', 'example_xcom_args' retrieved from /home/ec2-user/environment/lab4_model_training/venv/lib64/python3.12/site-packages/airflow/example_dags/example_xcomargs.py
[2026-03-23T01:06:25.445+0000] {logging_mixin.py:190} INFO - [2026-03-23T01:06:25.445+0000] {dag.py:3239} INFO - Sync 2 DAGs
[2026-03-23T01:06:25.458+0000] {logging_mixin.py:190} INFO - [2026-03-23T01:06:25.458+0000] {dag.py:4180} INFO - Setting next_dagrun for example_xcom_args to None, run_after=None
[2026-03-23T01:06:25.461+0000] {logging_mixin.py:190} INFO - [2026-03-23T01:06:25.461+0000] {dag.py:4180} INFO - Setting next_dagrun for example_xcom_args_with_operators to None, run_after=None
[2026-03-23T01:06:25.481+0000] {processor.py:208} INFO - Processing /home/ec2-user/environment/lab4_model_training/venv/lib64/python3.12/site-packages/airflow/example_dags/example_xcomargs.py took 0.072 seconds
[2026-03-23T01:07:42.847+0000] {processor.py:186} INFO - Started process (PID=7138) to work on /home/ec2-user/environment/lab4_model_training/venv/lib64/python3.12/site-packages/airflow/example_dags/example_xcomargs.py
[2026-03-23T01:07:42.849+0000] {processor.py:914} INFO - Processing file /home/ec2-user/environment/lab4_model_training/venv/lib64/python3.12/site-packages/airflow/example_dags/example_xcomargs.py for tasks to queue
[2026-03-23T01:07:42.850+0000] {logging_mixin.py:190} INFO - [2026-03-23T01:07:42.850+0000] {dagbag.py:588} INFO - Filling up the DagBag from /home/ec2-user/environment/lab4_model_training/venv/lib64/python3.12/site-packages/airflow/example_dags/example_xcomargs.py
[2026-03-23T01:07:42.860+0000] {processor.py:925} INFO - DAG(s) 'example_xcom_args_with_operators', 'example_xcom_args' retrieved from /home/ec2-user/environment/lab4_model_training/venv/lib64/python3.12/site-packages/airflow/example_dags/example_xcomargs.py
[2026-03-23T01:07:42.878+0000] {logging_mixin.py:190} INFO - [2026-03-23T01:07:42.878+0000] {dag.py:3239} INFO - Sync 2 DAGs
[2026-03-23T01:07:42.893+0000] {logging_mixin.py:190} INFO - [2026-03-23T01:07:42.893+0000] {dag.py:4180} INFO - Setting next_dagrun for example_xcom_args to None, run_after=None
[2026-03-23T01:07:42.897+0000] {logging_mixin.py:190} INFO - [2026-03-23T01:07:42.897+0000] {dag.py:4180} INFO - Setting next_dagrun for example_xcom_args_with_operators to None, run_after=None
[2026-03-23T01:07:42.917+0000] {processor.py:208} INFO - Processing /home/ec2-user/environment/lab4_model_training/venv/lib64/python3.12/site-packages/airflow/example_dags/example_xcomargs.py took 0.075 seconds
[2026-03-23T01:08:53.663+0000] {processor.py:186} INFO - Started process (PID=7302) to work on /home/ec2-user/environment/lab4_model_training/venv/lib64/python3.12/site-packages/airflow/example_dags/example_xcomargs.py
[2026-03-23T01:08:53.665+0000] {processor.py:914} INFO - Processing file /home/ec2-user/environment/lab4_model_training/venv/lib64/python3.12/site-packages/airflow/example_dags/example_xcomargs.py for tasks to queue
[2026-03-23T01:08:53.666+0000] {logging_mixin.py:190} INFO - [2026-03-23T01:08:53.666+0000] {dagbag.py:588} INFO - Filling up the DagBag from /home/ec2-user/environment/lab4_model_training/venv/lib64/python3.12/site-packages/airflow/example_dags/example_xcomargs.py
[2026-03-23T01:08:53.677+0000] {processor.py:925} INFO - DAG(s) 'example_xcom_args', 'example_xcom_args_with_operators' retrieved from /home/ec2-user/environment/lab4_model_training/venv/lib64/python3.12/site-packages/airflow/example_dags/example_xcomargs.py
[2026-03-23T01:08:53.695+0000] {logging_mixin.py:190} INFO - [2026-03-23T01:08:53.694+0000] {dag.py:3239} INFO - Sync 2 DAGs
[2026-03-23T01:08:53.707+0000] {logging_mixin.py:190} INFO - [2026-03-23T01:08:53.706+0000] {dag.py:4180} INFO - Setting next_dagrun for example_xcom_args to None, run_after=None
[2026-03-23T01:08:53.710+0000] {logging_mixin.py:190} INFO - [2026-03-23T01:08:53.710+0000] {dag.py:4180} INFO - Setting next_dagrun for example_xcom_args_with_operators to None, run_after=None
[2026-03-23T01:08:53.730+0000] {processor.py:208} INFO - Processing /home/ec2-user/environment/lab4_model_training/venv/lib64/python3.12/site-packages/airflow/example_dags/example_xcomargs.py took 0.072 seconds
[2026-03-23T01:10:13.936+0000] {processor.py:186} INFO - Started process (PID=7498) to work on /home/ec2-user/environment/lab4_model_training/venv/lib64/python3.12/site-packages/airflow/example_dags/example_xcomargs.py
[2026-03-23T01:10:13.937+0000] {processor.py:914} INFO - Processing file /home/ec2-user/environment/lab4_model_training/venv/lib64/python3.12/site-packages/airflow/example_dags/example_xcomargs.py for tasks to queue
[2026-03-23T01:10:13.939+0000] {logging_mixin.py:190} INFO - [2026-03-23T01:10:13.939+0000] {dagbag.py:588} INFO - Filling up the DagBag from /home/ec2-user/environment/lab4_model_training/venv/lib64/python3.12/site-packages/airflow/example_dags/example_xcomargs.py
[2026-03-23T01:10:13.949+0000] {processor.py:925} INFO - DAG(s) 'example_xcom_args', 'example_xcom_args_with_operators' retrieved from /home/ec2-user/environment/lab4_model_training/venv/lib64/python3.12/site-packages/airflow/example_dags/example_xcomargs.py
[2026-03-23T01:10:13.967+0000] {logging_mixin.py:190} INFO - [2026-03-23T01:10:13.967+0000] {dag.py:3239} INFO - Sync 2 DAGs
[2026-03-23T01:10:13.982+0000] {logging_mixin.py:190} INFO - [2026-03-23T01:10:13.981+0000] {dag.py:4180} INFO - Setting next_dagrun for example_xcom_args to None, run_after=None
[2026-03-23T01:10:13.985+0000] {logging_mixin.py:190} INFO - [2026-03-23T01:10:13.984+0000] {dag.py:4180} INFO - Setting next_dagrun for example_xcom_args_with_operators to None, run_after=None
[2026-03-23T01:10:14.003+0000] {processor.py:208} INFO - Processing /home/ec2-user/environment/lab4_model_training/venv/lib64/python3.12/site-packages/airflow/example_dags/example_xcomargs.py took 0.073 seconds
[2026-03-23T01:11:21.789+0000] {processor.py:186} INFO - Started process (PID=7633) to work on /home/ec2-user/environment/lab4_model_training/venv/lib64/python3.12/site-packages/airflow/example_dags/example_xcomargs.py
[2026-03-23T01:11:21.791+0000] {processor.py:914} INFO - Processing file /home/ec2-user/environment/lab4_model_training/venv/lib64/python3.12/site-packages/airflow/example_dags/example_xcomargs.py for tasks to queue
[2026-03-23T01:11:21.793+0000] {logging_mixin.py:190} INFO - [2026-03-23T01:11:21.792+0000] {dagbag.py:588} INFO - Filling up the DagBag from /home/ec2-user/environment/lab4_model_training/venv/lib64/python3.12/site-packages/airflow/example_dags/example_xcomargs.py
[2026-03-23T01:11:21.803+0000] {processor.py:925} INFO - DAG(s) 'example_xcom_args_with_operators', 'example_xcom_args' retrieved from /home/ec2-user/environment/lab4_model_training/venv/lib64/python3.12/site-packages/airflow/example_dags/example_xcomargs.py
[2026-03-23T01:11:21.821+0000] {logging_mixin.py:190} INFO - [2026-03-23T01:11:21.820+0000] {dag.py:3239} INFO - Sync 2 DAGs
[2026-03-23T01:11:21.833+0000] {logging_mixin.py:190} INFO - [2026-03-23T01:11:21.833+0000] {dag.py:4180} INFO - Setting next_dagrun for example_xcom_args to None, run_after=None
[2026-03-23T01:11:21.836+0000] {logging_mixin.py:190} INFO - [2026-03-23T01:11:21.836+0000] {dag.py:4180} INFO - Setting next_dagrun for example_xcom_args_with_operators to None, run_after=None
[2026-03-23T01:11:21.856+0000] {processor.py:208} INFO - Processing /home/ec2-user/environment/lab4_model_training/venv/lib64/python3.12/site-packages/airflow/example_dags/example_xcomargs.py took 0.072 seconds
[2026-03-23T01:12:26.026+0000] {processor.py:186} INFO - Started process (PID=7791) to work on /home/ec2-user/environment/lab4_model_training/venv/lib64/python3.12/site-packages/airflow/example_dags/example_xcomargs.py
[2026-03-23T01:12:26.028+0000] {processor.py:914} INFO - Processing file /home/ec2-user/environment/lab4_model_training/venv/lib64/python3.12/site-packages/airflow/example_dags/example_xcomargs.py for tasks to queue
[2026-03-23T01:12:26.030+0000] {logging_mixin.py:190} INFO - [2026-03-23T01:12:26.029+0000] {dagbag.py:588} INFO - Filling up the DagBag from /home/ec2-user/environment/lab4_model_training/venv/lib64/python3.12/site-packages/airflow/example_dags/example_xcomargs.py
[2026-03-23T01:12:26.039+0000] {processor.py:925} INFO - DAG(s) 'example_xcom_args', 'example_xcom_args_with_operators' retrieved from /home/ec2-user/environment/lab4_model_training/venv/lib64/python3.12/site-packages/airflow/example_dags/example_xcomargs.py
[2026-03-23T01:12:26.057+0000] {logging_mixin.py:190} INFO - [2026-03-23T01:12:26.057+0000] {dag.py:3239} INFO - Sync 2 DAGs
[2026-03-23T01:12:26.069+0000] {logging_mixin.py:190} INFO - [2026-03-23T01:12:26.069+0000] {dag.py:4180} INFO - Setting next_dagrun for example_xcom_args to None, run_after=None
[2026-03-23T01:12:26.072+0000] {logging_mixin.py:190} INFO - [2026-03-23T01:12:26.072+0000] {dag.py:4180} INFO - Setting next_dagrun for example_xcom_args_with_operators to None, run_after=None
[2026-03-23T01:12:26.092+0000] {processor.py:208} INFO - Processing /home/ec2-user/environment/lab4_model_training/venv/lib64/python3.12/site-packages/airflow/example_dags/example_xcomargs.py took 0.070 seconds
[2026-03-23T01:13:30.429+0000] {processor.py:186} INFO - Started process (PID=7905) to work on /home/ec2-user/environment/lab4_model_training/venv/lib64/python3.12/site-packages/airflow/example_dags/example_xcomargs.py
[2026-03-23T01:13:30.430+0000] {processor.py:914} INFO - Processing file /home/ec2-user/environment/lab4_model_training/venv/lib64/python3.12/site-packages/airflow/example_dags/example_xcomargs.py for tasks to queue
[2026-03-23T01:13:30.432+0000] {logging_mixin.py:190} INFO - [2026-03-23T01:13:30.432+0000] {dagbag.py:588} INFO - Filling up the DagBag from /home/ec2-user/environment/lab4_model_training/venv/lib64/python3.12/site-packages/airflow/example_dags/example_xcomargs.py
[2026-03-23T01:13:30.442+0000] {processor.py:925} INFO - DAG(s) 'example_xcom_args_with_operators', 'example_xcom_args' retrieved from /home/ec2-user/environment/lab4_model_training/venv/lib64/python3.12/site-packages/airflow/example_dags/example_xcomargs.py
[2026-03-23T01:13:30.460+0000] {logging_mixin.py:190} INFO - [2026-03-23T01:13:30.460+0000] {dag.py:3239} INFO - Sync 2 DAGs
[2026-03-23T01:13:30.472+0000] {logging_mixin.py:190} INFO - [2026-03-23T01:13:30.472+0000] {dag.py:4180} INFO - Setting next_dagrun for example_xcom_args to None, run_after=None
[2026-03-23T01:13:30.475+0000] {logging_mixin.py:190} INFO - [2026-03-23T01:13:30.475+0000] {dag.py:4180} INFO - Setting next_dagrun for example_xcom_args_with_operators to None, run_after=None
[2026-03-23T01:13:30.495+0000] {processor.py:208} INFO - Processing /home/ec2-user/environment/lab4_model_training/venv/lib64/python3.12/site-packages/airflow/example_dags/example_xcomargs.py took 0.071 seconds
[2026-03-23T01:14:33.180+0000] {processor.py:186} INFO - Started process (PID=8059) to work on /home/ec2-user/environment/lab4_model_training/venv/lib64/python3.12/site-packages/airflow/example_dags/example_xcomargs.py
[2026-03-23T01:14:33.182+0000] {processor.py:914} INFO - Processing file /home/ec2-user/environment/lab4_model_training/venv/lib64/python3.12/site-packages/airflow/example_dags/example_xcomargs.py for tasks to queue
[2026-03-23T01:14:33.184+0000] {logging_mixin.py:190} INFO - [2026-03-23T01:14:33.183+0000] {dagbag.py:588} INFO - Filling up the DagBag from /home/ec2-user/environment/lab4_model_training/venv/lib64/python3.12/site-packages/airflow/example_dags/example_xcomargs.py
[2026-03-23T01:14:33.194+0000] {processor.py:925} INFO - DAG(s) 'example_xcom_args', 'example_xcom_args_with_operators' retrieved from /home/ec2-user/environment/lab4_model_training/venv/lib64/python3.12/site-packages/airflow/example_dags/example_xcomargs.py
[2026-03-23T01:14:33.212+0000] {logging_mixin.py:190} INFO - [2026-03-23T01:14:33.211+0000] {dag.py:3239} INFO - Sync 2 DAGs
[2026-03-23T01:14:33.224+0000] {logging_mixin.py:190} INFO - [2026-03-23T01:14:33.223+0000] {dag.py:4180} INFO - Setting next_dagrun for example_xcom_args to None, run_after=None
[2026-03-23T01:14:33.227+0000] {logging_mixin.py:190} INFO - [2026-03-23T01:14:33.227+0000] {dag.py:4180} INFO - Setting next_dagrun for example_xcom_args_with_operators to None, run_after=None
[2026-03-23T01:14:33.246+0000] {processor.py:208} INFO - Processing /home/ec2-user/environment/lab4_model_training/venv/lib64/python3.12/site-packages/airflow/example_dags/example_xcomargs.py took 0.071 seconds
[2026-03-23T01:15:44.120+0000] {processor.py:186} INFO - Started process (PID=8174) to work on /home/ec2-user/environment/lab4_model_training/venv/lib64/python3.12/site-packages/airflow/example_dags/example_xcomargs.py
[2026-03-23T01:15:44.121+0000] {processor.py:914} INFO - Processing file /home/ec2-user/environment/lab4_model_training/venv/lib64/python3.12/site-packages/airflow/example_dags/example_xcomargs.py for tasks to queue
[2026-03-23T01:15:44.123+0000] {logging_mixin.py:190} INFO - [2026-03-23T01:15:44.123+0000] {dagbag.py:588} INFO - Filling up the DagBag from /home/ec2-user/environment/lab4_model_training/venv/lib64/python3.12/site-packages/airflow/example_dags/example_xcomargs.py
[2026-03-23T01:15:44.133+0000] {processor.py:925} INFO - DAG(s) 'example_xcom_args_with_operators', 'example_xcom_args' retrieved from /home/ec2-user/environment/lab4_model_training/venv/lib64/python3.12/site-packages/airflow/example_dags/example_xcomargs.py
[2026-03-23T01:15:44.151+0000] {logging_mixin.py:190} INFO - [2026-03-23T01:15:44.151+0000] {dag.py:3239} INFO - Sync 2 DAGs
[2026-03-23T01:15:44.162+0000] {logging_mixin.py:190} INFO - [2026-03-23T01:15:44.162+0000] {dag.py:4180} INFO - Setting next_dagrun for example_xcom_args to None, run_after=None
[2026-03-23T01:15:44.166+0000] {logging_mixin.py:190} INFO - [2026-03-23T01:15:44.165+0000] {dag.py:4180} INFO - Setting next_dagrun for example_xcom_args_with_operators to None, run_after=None
[2026-03-23T01:15:44.184+0000] {processor.py:208} INFO - Processing /home/ec2-user/environment/lab4_model_training/venv/lib64/python3.12/site-packages/airflow/example_dags/example_xcomargs.py took 0.069 seconds
[2026-03-23T01:16:51.038+0000] {processor.py:186} INFO - Started process (PID=8336) to work on /home/ec2-user/environment/lab4_model_training/venv/lib64/python3.12/site-packages/airflow/example_dags/example_xcomargs.py
[2026-03-23T01:16:51.039+0000] {processor.py:914} INFO - Processing file /home/ec2-user/environment/lab4_model_training/venv/lib64/python3.12/site-packages/airflow/example_dags/example_xcomargs.py for tasks to queue
[2026-03-23T01:16:51.041+0000] {logging_mixin.py:190} INFO - [2026-03-23T01:16:51.041+0000] {dagbag.py:588} INFO - Filling up the DagBag from /home/ec2-user/environment/lab4_model_training/venv/lib64/python3.12/site-packages/airflow/example_dags/example_xcomargs.py
[2026-03-23T01:16:51.051+0000] {processor.py:925} INFO - DAG(s) 'example_xcom_args_with_operators', 'example_xcom_args' retrieved from /home/ec2-user/environment/lab4_model_training/venv/lib64/python3.12/site-packages/airflow/example_dags/example_xcomargs.py
[2026-03-23T01:16:51.069+0000] {logging_mixin.py:190} INFO - [2026-03-23T01:16:51.069+0000] {dag.py:3239} INFO - Sync 2 DAGs
[2026-03-23T01:16:51.082+0000] {logging_mixin.py:190} INFO - [2026-03-23T01:16:51.082+0000] {dag.py:4180} INFO - Setting next_dagrun for example_xcom_args to None, run_after=None
[2026-03-23T01:16:51.085+0000] {logging_mixin.py:190} INFO - [2026-03-23T01:16:51.085+0000] {dag.py:4180} INFO - Setting next_dagrun for example_xcom_args_with_operators to None, run_after=None
[2026-03-23T01:16:51.104+0000] {processor.py:208} INFO - Processing /home/ec2-user/environment/lab4_model_training/venv/lib64/python3.12/site-packages/airflow/example_dags/example_xcomargs.py took 0.071 seconds
[2026-03-23T01:17:54.208+0000] {processor.py:186} INFO - Started process (PID=8497) to work on /home/ec2-user/environment/lab4_model_training/venv/lib64/python3.12/site-packages/airflow/example_dags/example_xcomargs.py
[2026-03-23T01:17:54.209+0000] {processor.py:914} INFO - Processing file /home/ec2-user/environment/lab4_model_training/venv/lib64/python3.12/site-packages/airflow/example_dags/example_xcomargs.py for tasks to queue
[2026-03-23T01:17:54.211+0000] {logging_mixin.py:190} INFO - [2026-03-23T01:17:54.211+0000] {dagbag.py:588} INFO - Filling up the DagBag from /home/ec2-user/environment/lab4_model_training/venv/lib64/python3.12/site-packages/airflow/example_dags/example_xcomargs.py
[2026-03-23T01:17:54.221+0000] {processor.py:925} INFO - DAG(s) 'example_xcom_args_with_operators', 'example_xcom_args' retrieved from /home/ec2-user/environment/lab4_model_training/venv/lib64/python3.12/site-packages/airflow/example_dags/example_xcomargs.py
[2026-03-23T01:17:54.238+0000] {logging_mixin.py:190} INFO - [2026-03-23T01:17:54.238+0000] {dag.py:3239} INFO - Sync 2 DAGs
[2026-03-23T01:17:54.250+0000] {logging_mixin.py:190} INFO - [2026-03-23T01:17:54.250+0000] {dag.py:4180} INFO - Setting next_dagrun for example_xcom_args to None, run_after=None
[2026-03-23T01:17:54.253+0000] {logging_mixin.py:190} INFO - [2026-03-23T01:17:54.253+0000] {dag.py:4180} INFO - Setting next_dagrun for example_xcom_args_with_operators to None, run_after=None
[2026-03-23T01:17:54.272+0000] {processor.py:208} INFO - Processing /home/ec2-user/environment/lab4_model_training/venv/lib64/python3.12/site-packages/airflow/example_dags/example_xcomargs.py took 0.070 seconds
[2026-03-23T01:18:57.837+0000] {processor.py:186} INFO - Started process (PID=8625) to work on /home/ec2-user/environment/lab4_model_training/venv/lib64/python3.12/site-packages/airflow/example_dags/example_xcomargs.py
[2026-03-23T01:18:57.838+0000] {processor.py:914} INFO - Processing file /home/ec2-user/environment/lab4_model_training/venv/lib64/python3.12/site-packages/airflow/example_dags/example_xcomargs.py for tasks to queue
[2026-03-23T01:18:57.840+0000] {logging_mixin.py:190} INFO - [2026-03-23T01:18:57.839+0000] {dagbag.py:588} INFO - Filling up the DagBag from /home/ec2-user/environment/lab4_model_training/venv/lib64/python3.12/site-packages/airflow/example_dags/example_xcomargs.py
[2026-03-23T01:18:57.849+0000] {processor.py:925} INFO - DAG(s) 'example_xcom_args', 'example_xcom_args_with_operators' retrieved from /home/ec2-user/environment/lab4_model_training/venv/lib64/python3.12/site-packages/airflow/example_dags/example_xcomargs.py
[2026-03-23T01:18:57.866+0000] {logging_mixin.py:190} INFO - [2026-03-23T01:18:57.866+0000] {dag.py:3239} INFO - Sync 2 DAGs
[2026-03-23T01:18:57.878+0000] {logging_mixin.py:190} INFO - [2026-03-23T01:18:57.878+0000] {dag.py:4180} INFO - Setting next_dagrun for example_xcom_args to None, run_after=None
[2026-03-23T01:18:57.881+0000] {logging_mixin.py:190} INFO - [2026-03-23T01:18:57.881+0000] {dag.py:4180} INFO - Setting next_dagrun for example_xcom_args_with_operators to None, run_after=None
[2026-03-23T01:18:57.899+0000] {processor.py:208} INFO - Processing /home/ec2-user/environment/lab4_model_training/venv/lib64/python3.12/site-packages/airflow/example_dags/example_xcomargs.py took 0.068 seconds
[2026-03-23T01:19:59.391+0000] {processor.py:186} INFO - Started process (PID=8773) to work on /home/ec2-user/environment/lab4_model_training/venv/lib64/python3.12/site-packages/airflow/example_dags/example_xcomargs.py
[2026-03-23T01:19:59.392+0000] {processor.py:914} INFO - Processing file /home/ec2-user/environment/lab4_model_training/venv/lib64/python3.12/site-packages/airflow/example_dags/example_xcomargs.py for tasks to queue
[2026-03-23T01:19:59.394+0000] {logging_mixin.py:190} INFO - [2026-03-23T01:19:59.394+0000] {dagbag.py:588} INFO - Filling up the DagBag from /home/ec2-user/environment/lab4_model_training/venv/lib64/python3.12/site-packages/airflow/example_dags/example_xcomargs.py
[2026-03-23T01:19:59.404+0000] {processor.py:925} INFO - DAG(s) 'example_xcom_args_with_operators', 'example_xcom_args' retrieved from /home/ec2-user/environment/lab4_model_training/venv/lib64/python3.12/site-packages/airflow/example_dags/example_xcomargs.py
[2026-03-23T01:19:59.427+0000] {logging_mixin.py:190} INFO - [2026-03-23T01:19:59.427+0000] {dag.py:3239} INFO - Sync 2 DAGs
[2026-03-23T01:19:59.438+0000] {logging_mixin.py:190} INFO - [2026-03-23T01:19:59.438+0000] {dag.py:4180} INFO - Setting next_dagrun for example_xcom_args to None, run_after=None
[2026-03-23T01:19:59.441+0000] {logging_mixin.py:190} INFO - [2026-03-23T01:19:59.441+0000] {dag.py:4180} INFO - Setting next_dagrun for example_xcom_args_with_operators to None, run_after=None
[2026-03-23T01:19:59.460+0000] {processor.py:208} INFO - Processing /home/ec2-user/environment/lab4_model_training/venv/lib64/python3.12/site-packages/airflow/example_dags/example_xcomargs.py took 0.074 seconds
[2026-03-23T01:21:05.622+0000] {processor.py:186} INFO - Started process (PID=8904) to work on /home/ec2-user/environment/lab4_model_training/venv/lib64/python3.12/site-packages/airflow/example_dags/example_xcomargs.py
[2026-03-23T01:21:05.623+0000] {processor.py:914} INFO - Processing file /home/ec2-user/environment/lab4_model_training/venv/lib64/python3.12/site-packages/airflow/example_dags/example_xcomargs.py for tasks to queue
[2026-03-23T01:21:05.625+0000] {logging_mixin.py:190} INFO - [2026-03-23T01:21:05.625+0000] {dagbag.py:588} INFO - Filling up the DagBag from /home/ec2-user/environment/lab4_model_training/venv/lib64/python3.12/site-packages/airflow/example_dags/example_xcomargs.py
[2026-03-23T01:21:05.635+0000] {processor.py:925} INFO - DAG(s) 'example_xcom_args_with_operators', 'example_xcom_args' retrieved from /home/ec2-user/environment/lab4_model_training/venv/lib64/python3.12/site-packages/airflow/example_dags/example_xcomargs.py
[2026-03-23T01:21:05.653+0000] {logging_mixin.py:190} INFO - [2026-03-23T01:21:05.652+0000] {dag.py:3239} INFO - Sync 2 DAGs
[2026-03-23T01:21:05.665+0000] {logging_mixin.py:190} INFO - [2026-03-23T01:21:05.665+0000] {dag.py:4180} INFO - Setting next_dagrun for example_xcom_args to None, run_after=None
[2026-03-23T01:21:05.668+0000] {logging_mixin.py:190} INFO - [2026-03-23T01:21:05.668+0000] {dag.py:4180} INFO - Setting next_dagrun for example_xcom_args_with_operators to None, run_after=None
[2026-03-23T01:21:05.686+0000] {processor.py:208} INFO - Processing /home/ec2-user/environment/lab4_model_training/venv/lib64/python3.12/site-packages/airflow/example_dags/example_xcomargs.py took 0.069 seconds
[2026-03-23T01:22:11.763+0000] {processor.py:186} INFO - Started process (PID=9080) to work on /home/ec2-user/environment/lab4_model_training/venv/lib64/python3.12/site-packages/airflow/example_dags/example_xcomargs.py
[2026-03-23T01:22:11.764+0000] {processor.py:914} INFO - Processing file /home/ec2-user/environment/lab4_model_training/venv/lib64/python3.12/site-packages/airflow/example_dags/example_xcomargs.py for tasks to queue
[2026-03-23T01:22:11.766+0000] {logging_mixin.py:190} INFO - [2026-03-23T01:22:11.766+0000] {dagbag.py:588} INFO - Filling up the DagBag from /home/ec2-user/environment/lab4_model_training/venv/lib64/python3.12/site-packages/airflow/example_dags/example_xcomargs.py
[2026-03-23T01:22:11.776+0000] {processor.py:925} INFO - DAG(s) 'example_xcom_args', 'example_xcom_args_with_operators' retrieved from /home/ec2-user/environment/lab4_model_training/venv/lib64/python3.12/site-packages/airflow/example_dags/example_xcomargs.py
[2026-03-23T01:22:11.794+0000] {logging_mixin.py:190} INFO - [2026-03-23T01:22:11.794+0000] {dag.py:3239} INFO - Sync 2 DAGs
[2026-03-23T01:22:11.806+0000] {logging_mixin.py:190} INFO - [2026-03-23T01:22:11.806+0000] {dag.py:4180} INFO - Setting next_dagrun for example_xcom_args to None, run_after=None
[2026-03-23T01:22:11.809+0000] {logging_mixin.py:190} INFO - [2026-03-23T01:22:11.809+0000] {dag.py:4180} INFO - Setting next_dagrun for example_xcom_args_with_operators to None, run_after=None
[2026-03-23T01:22:11.828+0000] {processor.py:208} INFO - Processing /home/ec2-user/environment/lab4_model_training/venv/lib64/python3.12/site-packages/airflow/example_dags/example_xcomargs.py took 0.070 seconds
[2026-03-23T01:23:24.426+0000] {processor.py:186} INFO - Started process (PID=9215) to work on /home/ec2-user/environment/lab4_model_training/venv/lib64/python3.12/site-packages/airflow/example_dags/example_xcomargs.py
[2026-03-23T01:23:24.427+0000] {processor.py:914} INFO - Processing file /home/ec2-user/environment/lab4_model_training/venv/lib64/python3.12/site-packages/airflow/example_dags/example_xcomargs.py for tasks to queue
[2026-03-23T01:23:24.429+0000] {logging_mixin.py:190} INFO - [2026-03-23T01:23:24.428+0000] {dagbag.py:588} INFO - Filling up the DagBag from /home/ec2-user/environment/lab4_model_training/venv/lib64/python3.12/site-packages/airflow/example_dags/example_xcomargs.py
[2026-03-23T01:23:24.439+0000] {processor.py:925} INFO - DAG(s) 'example_xcom_args_with_operators', 'example_xcom_args' retrieved from /home/ec2-user/environment/lab4_model_training/venv/lib64/python3.12/site-packages/airflow/example_dags/example_xcomargs.py
[2026-03-23T01:23:24.457+0000] {logging_mixin.py:190} INFO - [2026-03-23T01:23:24.457+0000] {dag.py:3239} INFO - Sync 2 DAGs
[2026-03-23T01:23:24.469+0000] {logging_mixin.py:190} INFO - [2026-03-23T01:23:24.469+0000] {dag.py:4180} INFO - Setting next_dagrun for example_xcom_args to None, run_after=None
[2026-03-23T01:23:24.472+0000] {logging_mixin.py:190} INFO - [2026-03-23T01:23:24.472+0000] {dag.py:4180} INFO - Setting next_dagrun for example_xcom_args_with_operators to None, run_after=None
[2026-03-23T01:23:24.492+0000] {processor.py:208} INFO - Processing /home/ec2-user/environment/lab4_model_training/venv/lib64/python3.12/site-packages/airflow/example_dags/example_xcomargs.py took 0.072 seconds
