[2026-03-23T00:59:32.964+0000] {processor.py:186} INFO - Started process (PID=5849) to work on /home/ec2-user/environment/lab4_model_training/venv/lib64/python3.12/site-packages/airflow/example_dags/example_short_circuit_decorator.py
[2026-03-23T00:59:32.964+0000] {processor.py:914} INFO - Processing file /home/ec2-user/environment/lab4_model_training/venv/lib64/python3.12/site-packages/airflow/example_dags/example_short_circuit_decorator.py for tasks to queue
[2026-03-23T00:59:32.966+0000] {logging_mixin.py:190} INFO - [2026-03-23T00:59:32.966+0000] {dagbag.py:588} INFO - Filling up the DagBag from /home/ec2-user/environment/lab4_model_training/venv/lib64/python3.12/site-packages/airflow/example_dags/example_short_circuit_decorator.py
[2026-03-23T00:59:32.976+0000] {processor.py:925} INFO - DAG(s) 'example_short_circuit_decorator' retrieved from /home/ec2-user/environment/lab4_model_training/venv/lib64/python3.12/site-packages/airflow/example_dags/example_short_circuit_decorator.py
[2026-03-23T00:59:32.995+0000] {logging_mixin.py:190} INFO - [2026-03-23T00:59:32.995+0000] {dag.py:3239} INFO - Sync 1 DAGs
[2026-03-23T00:59:33.007+0000] {logging_mixin.py:190} INFO - [2026-03-23T00:59:33.006+0000] {dag.py:4180} INFO - Setting next_dagrun for example_short_circuit_decorator to None, run_after=None
[2026-03-23T00:59:33.028+0000] {processor.py:208} INFO - Processing /home/ec2-user/environment/lab4_model_training/venv/lib64/python3.12/site-packages/airflow/example_dags/example_short_circuit_decorator.py took 0.070 seconds
[2026-03-23T01:00:36.041+0000] {processor.py:186} INFO - Started process (PID=6020) to work on /home/ec2-user/environment/lab4_model_training/venv/lib64/python3.12/site-packages/airflow/example_dags/example_short_circuit_decorator.py
[2026-03-23T01:00:36.042+0000] {processor.py:914} INFO - Processing file /home/ec2-user/environment/lab4_model_training/venv/lib64/python3.12/site-packages/airflow/example_dags/example_short_circuit_decorator.py for tasks to queue
[2026-03-23T01:00:36.045+0000] {logging_mixin.py:190} INFO - [2026-03-23T01:00:36.045+0000] {dagbag.py:588} INFO - Filling up the DagBag from /home/ec2-user/environment/lab4_model_training/venv/lib64/python3.12/site-packages/airflow/example_dags/example_short_circuit_decorator.py
[2026-03-23T01:00:36.054+0000] {processor.py:925} INFO - DAG(s) 'example_short_circuit_decorator' retrieved from /home/ec2-user/environment/lab4_model_training/venv/lib64/python3.12/site-packages/airflow/example_dags/example_short_circuit_decorator.py
[2026-03-23T01:00:36.072+0000] {logging_mixin.py:190} INFO - [2026-03-23T01:00:36.072+0000] {dag.py:3239} INFO - Sync 1 DAGs
[2026-03-23T01:00:36.084+0000] {logging_mixin.py:190} INFO - [2026-03-23T01:00:36.084+0000] {dag.py:4180} INFO - Setting next_dagrun for example_short_circuit_decorator to None, run_after=None
[2026-03-23T01:00:36.107+0000] {processor.py:208} INFO - Processing /home/ec2-user/environment/lab4_model_training/venv/lib64/python3.12/site-packages/airflow/example_dags/example_short_circuit_decorator.py took 0.071 seconds
[2026-03-23T01:01:40.038+0000] {processor.py:186} INFO - Started process (PID=6236) to work on /home/ec2-user/environment/lab4_model_training/venv/lib64/python3.12/site-packages/airflow/example_dags/example_short_circuit_decorator.py
[2026-03-23T01:01:40.039+0000] {processor.py:914} INFO - Processing file /home/ec2-user/environment/lab4_model_training/venv/lib64/python3.12/site-packages/airflow/example_dags/example_short_circuit_decorator.py for tasks to queue
[2026-03-23T01:01:40.041+0000] {logging_mixin.py:190} INFO - [2026-03-23T01:01:40.041+0000] {dagbag.py:588} INFO - Filling up the DagBag from /home/ec2-user/environment/lab4_model_training/venv/lib64/python3.12/site-packages/airflow/example_dags/example_short_circuit_decorator.py
[2026-03-23T01:01:40.051+0000] {processor.py:925} INFO - DAG(s) 'example_short_circuit_decorator' retrieved from /home/ec2-user/environment/lab4_model_training/venv/lib64/python3.12/site-packages/airflow/example_dags/example_short_circuit_decorator.py
[2026-03-23T01:01:40.069+0000] {logging_mixin.py:190} INFO - [2026-03-23T01:01:40.069+0000] {dag.py:3239} INFO - Sync 1 DAGs
[2026-03-23T01:01:40.082+0000] {logging_mixin.py:190} INFO - [2026-03-23T01:01:40.081+0000] {dag.py:4180} INFO - Setting next_dagrun for example_short_circuit_decorator to None, run_after=None
[2026-03-23T01:01:40.104+0000] {processor.py:208} INFO - Processing /home/ec2-user/environment/lab4_model_training/venv/lib64/python3.12/site-packages/airflow/example_dags/example_short_circuit_decorator.py took 0.071 seconds
[2026-03-23T01:02:41.864+0000] {processor.py:186} INFO - Started process (PID=6372) to work on /home/ec2-user/environment/lab4_model_training/venv/lib64/python3.12/site-packages/airflow/example_dags/example_short_circuit_decorator.py
[2026-03-23T01:02:41.866+0000] {processor.py:914} INFO - Processing file /home/ec2-user/environment/lab4_model_training/venv/lib64/python3.12/site-packages/airflow/example_dags/example_short_circuit_decorator.py for tasks to queue
[2026-03-23T01:02:41.867+0000] {logging_mixin.py:190} INFO - [2026-03-23T01:02:41.867+0000] {dagbag.py:588} INFO - Filling up the DagBag from /home/ec2-user/environment/lab4_model_training/venv/lib64/python3.12/site-packages/airflow/example_dags/example_short_circuit_decorator.py
[2026-03-23T01:02:41.877+0000] {processor.py:925} INFO - DAG(s) 'example_short_circuit_decorator' retrieved from /home/ec2-user/environment/lab4_model_training/venv/lib64/python3.12/site-packages/airflow/example_dags/example_short_circuit_decorator.py
[2026-03-23T01:02:41.895+0000] {logging_mixin.py:190} INFO - [2026-03-23T01:02:41.895+0000] {dag.py:3239} INFO - Sync 1 DAGs
[2026-03-23T01:02:41.907+0000] {logging_mixin.py:190} INFO - [2026-03-23T01:02:41.907+0000] {dag.py:4180} INFO - Setting next_dagrun for example_short_circuit_decorator to None, run_after=None
[2026-03-23T01:02:41.929+0000] {processor.py:208} INFO - Processing /home/ec2-user/environment/lab4_model_training/venv/lib64/python3.12/site-packages/airflow/example_dags/example_short_circuit_decorator.py took 0.070 seconds
[2026-03-23T01:03:48.583+0000] {processor.py:186} INFO - Started process (PID=6580) to work on /home/ec2-user/environment/lab4_model_training/venv/lib64/python3.12/site-packages/airflow/example_dags/example_short_circuit_decorator.py
[2026-03-23T01:03:48.584+0000] {processor.py:914} INFO - Processing file /home/ec2-user/environment/lab4_model_training/venv/lib64/python3.12/site-packages/airflow/example_dags/example_short_circuit_decorator.py for tasks to queue
[2026-03-23T01:03:48.586+0000] {logging_mixin.py:190} INFO - [2026-03-23T01:03:48.585+0000] {dagbag.py:588} INFO - Filling up the DagBag from /home/ec2-user/environment/lab4_model_training/venv/lib64/python3.12/site-packages/airflow/example_dags/example_short_circuit_decorator.py
[2026-03-23T01:03:48.595+0000] {processor.py:925} INFO - DAG(s) 'example_short_circuit_decorator' retrieved from /home/ec2-user/environment/lab4_model_training/venv/lib64/python3.12/site-packages/airflow/example_dags/example_short_circuit_decorator.py
[2026-03-23T01:03:48.613+0000] {logging_mixin.py:190} INFO - [2026-03-23T01:03:48.613+0000] {dag.py:3239} INFO - Sync 1 DAGs
[2026-03-23T01:03:48.625+0000] {logging_mixin.py:190} INFO - [2026-03-23T01:03:48.625+0000] {dag.py:4180} INFO - Setting next_dagrun for example_short_circuit_decorator to None, run_after=None
[2026-03-23T01:03:48.646+0000] {processor.py:208} INFO - Processing /home/ec2-user/environment/lab4_model_training/venv/lib64/python3.12/site-packages/airflow/example_dags/example_short_circuit_decorator.py took 0.069 seconds
[2026-03-23T01:04:53.751+0000] {processor.py:186} INFO - Started process (PID=6760) to work on /home/ec2-user/environment/lab4_model_training/venv/lib64/python3.12/site-packages/airflow/example_dags/example_short_circuit_decorator.py
[2026-03-23T01:04:53.752+0000] {processor.py:914} INFO - Processing file /home/ec2-user/environment/lab4_model_training/venv/lib64/python3.12/site-packages/airflow/example_dags/example_short_circuit_decorator.py for tasks to queue
[2026-03-23T01:04:53.754+0000] {logging_mixin.py:190} INFO - [2026-03-23T01:04:53.754+0000] {dagbag.py:588} INFO - Filling up the DagBag from /home/ec2-user/environment/lab4_model_training/venv/lib64/python3.12/site-packages/airflow/example_dags/example_short_circuit_decorator.py
[2026-03-23T01:04:53.764+0000] {processor.py:925} INFO - DAG(s) 'example_short_circuit_decorator' retrieved from /home/ec2-user/environment/lab4_model_training/venv/lib64/python3.12/site-packages/airflow/example_dags/example_short_circuit_decorator.py
[2026-03-23T01:04:53.782+0000] {logging_mixin.py:190} INFO - [2026-03-23T01:04:53.781+0000] {dag.py:3239} INFO - Sync 1 DAGs
[2026-03-23T01:04:53.794+0000] {logging_mixin.py:190} INFO - [2026-03-23T01:04:53.794+0000] {dag.py:4180} INFO - Setting next_dagrun for example_short_circuit_decorator to None, run_after=None
[2026-03-23T01:04:53.816+0000] {processor.py:208} INFO - Processing /home/ec2-user/environment/lab4_model_training/venv/lib64/python3.12/site-packages/airflow/example_dags/example_short_circuit_decorator.py took 0.070 seconds
[2026-03-23T01:06:04.778+0000] {processor.py:186} INFO - Started process (PID=6895) to work on /home/ec2-user/environment/lab4_model_training/venv/lib64/python3.12/site-packages/airflow/example_dags/example_short_circuit_decorator.py
[2026-03-23T01:06:04.779+0000] {processor.py:914} INFO - Processing file /home/ec2-user/environment/lab4_model_training/venv/lib64/python3.12/site-packages/airflow/example_dags/example_short_circuit_decorator.py for tasks to queue
[2026-03-23T01:06:04.781+0000] {logging_mixin.py:190} INFO - [2026-03-23T01:06:04.781+0000] {dagbag.py:588} INFO - Filling up the DagBag from /home/ec2-user/environment/lab4_model_training/venv/lib64/python3.12/site-packages/airflow/example_dags/example_short_circuit_decorator.py
[2026-03-23T01:06:04.790+0000] {processor.py:925} INFO - DAG(s) 'example_short_circuit_decorator' retrieved from /home/ec2-user/environment/lab4_model_training/venv/lib64/python3.12/site-packages/airflow/example_dags/example_short_circuit_decorator.py
[2026-03-23T01:06:04.808+0000] {logging_mixin.py:190} INFO - [2026-03-23T01:06:04.808+0000] {dag.py:3239} INFO - Sync 1 DAGs
[2026-03-23T01:06:04.819+0000] {logging_mixin.py:190} INFO - [2026-03-23T01:06:04.819+0000] {dag.py:4180} INFO - Setting next_dagrun for example_short_circuit_decorator to None, run_after=None
[2026-03-23T01:06:04.841+0000] {processor.py:208} INFO - Processing /home/ec2-user/environment/lab4_model_training/venv/lib64/python3.12/site-packages/airflow/example_dags/example_short_circuit_decorator.py took 0.068 seconds
[2026-03-23T01:07:21.195+0000] {processor.py:186} INFO - Started process (PID=7108) to work on /home/ec2-user/environment/lab4_model_training/venv/lib64/python3.12/site-packages/airflow/example_dags/example_short_circuit_decorator.py
[2026-03-23T01:07:21.196+0000] {processor.py:914} INFO - Processing file /home/ec2-user/environment/lab4_model_training/venv/lib64/python3.12/site-packages/airflow/example_dags/example_short_circuit_decorator.py for tasks to queue
[2026-03-23T01:07:21.198+0000] {logging_mixin.py:190} INFO - [2026-03-23T01:07:21.198+0000] {dagbag.py:588} INFO - Filling up the DagBag from /home/ec2-user/environment/lab4_model_training/venv/lib64/python3.12/site-packages/airflow/example_dags/example_short_circuit_decorator.py
[2026-03-23T01:07:21.207+0000] {processor.py:925} INFO - DAG(s) 'example_short_circuit_decorator' retrieved from /home/ec2-user/environment/lab4_model_training/venv/lib64/python3.12/site-packages/airflow/example_dags/example_short_circuit_decorator.py
[2026-03-23T01:07:21.225+0000] {logging_mixin.py:190} INFO - [2026-03-23T01:07:21.225+0000] {dag.py:3239} INFO - Sync 1 DAGs
[2026-03-23T01:07:21.237+0000] {logging_mixin.py:190} INFO - [2026-03-23T01:07:21.237+0000] {dag.py:4180} INFO - Setting next_dagrun for example_short_circuit_decorator to None, run_after=None
[2026-03-23T01:07:21.258+0000] {processor.py:208} INFO - Processing /home/ec2-user/environment/lab4_model_training/venv/lib64/python3.12/site-packages/airflow/example_dags/example_short_circuit_decorator.py took 0.069 seconds
[2026-03-23T01:08:30.145+0000] {processor.py:186} INFO - Started process (PID=7220) to work on /home/ec2-user/environment/lab4_model_training/venv/lib64/python3.12/site-packages/airflow/example_dags/example_short_circuit_decorator.py
[2026-03-23T01:08:30.146+0000] {processor.py:914} INFO - Processing file /home/ec2-user/environment/lab4_model_training/venv/lib64/python3.12/site-packages/airflow/example_dags/example_short_circuit_decorator.py for tasks to queue
[2026-03-23T01:08:30.148+0000] {logging_mixin.py:190} INFO - [2026-03-23T01:08:30.148+0000] {dagbag.py:588} INFO - Filling up the DagBag from /home/ec2-user/environment/lab4_model_training/venv/lib64/python3.12/site-packages/airflow/example_dags/example_short_circuit_decorator.py
[2026-03-23T01:08:30.158+0000] {processor.py:925} INFO - DAG(s) 'example_short_circuit_decorator' retrieved from /home/ec2-user/environment/lab4_model_training/venv/lib64/python3.12/site-packages/airflow/example_dags/example_short_circuit_decorator.py
[2026-03-23T01:08:30.176+0000] {logging_mixin.py:190} INFO - [2026-03-23T01:08:30.176+0000] {dag.py:3239} INFO - Sync 1 DAGs
[2026-03-23T01:08:30.188+0000] {logging_mixin.py:190} INFO - [2026-03-23T01:08:30.188+0000] {dag.py:4180} INFO - Setting next_dagrun for example_short_circuit_decorator to None, run_after=None
[2026-03-23T01:08:30.210+0000] {processor.py:208} INFO - Processing /home/ec2-user/environment/lab4_model_training/venv/lib64/python3.12/site-packages/airflow/example_dags/example_short_circuit_decorator.py took 0.070 seconds
[2026-03-23T01:09:47.790+0000] {processor.py:186} INFO - Started process (PID=7395) to work on /home/ec2-user/environment/lab4_model_training/venv/lib64/python3.12/site-packages/airflow/example_dags/example_short_circuit_decorator.py
[2026-03-23T01:09:47.791+0000] {processor.py:914} INFO - Processing file /home/ec2-user/environment/lab4_model_training/venv/lib64/python3.12/site-packages/airflow/example_dags/example_short_circuit_decorator.py for tasks to queue
[2026-03-23T01:09:47.793+0000] {logging_mixin.py:190} INFO - [2026-03-23T01:09:47.792+0000] {dagbag.py:588} INFO - Filling up the DagBag from /home/ec2-user/environment/lab4_model_training/venv/lib64/python3.12/site-packages/airflow/example_dags/example_short_circuit_decorator.py
[2026-03-23T01:09:47.802+0000] {processor.py:925} INFO - DAG(s) 'example_short_circuit_decorator' retrieved from /home/ec2-user/environment/lab4_model_training/venv/lib64/python3.12/site-packages/airflow/example_dags/example_short_circuit_decorator.py
[2026-03-23T01:09:47.820+0000] {logging_mixin.py:190} INFO - [2026-03-23T01:09:47.820+0000] {dag.py:3239} INFO - Sync 1 DAGs
[2026-03-23T01:09:47.832+0000] {logging_mixin.py:190} INFO - [2026-03-23T01:09:47.832+0000] {dag.py:4180} INFO - Setting next_dagrun for example_short_circuit_decorator to None, run_after=None
[2026-03-23T01:09:47.854+0000] {processor.py:208} INFO - Processing /home/ec2-user/environment/lab4_model_training/venv/lib64/python3.12/site-packages/airflow/example_dags/example_short_circuit_decorator.py took 0.069 seconds
[2026-03-23T01:11:00.540+0000] {processor.py:186} INFO - Started process (PID=7591) to work on /home/ec2-user/environment/lab4_model_training/venv/lib64/python3.12/site-packages/airflow/example_dags/example_short_circuit_decorator.py
[2026-03-23T01:11:00.541+0000] {processor.py:914} INFO - Processing file /home/ec2-user/environment/lab4_model_training/venv/lib64/python3.12/site-packages/airflow/example_dags/example_short_circuit_decorator.py for tasks to queue
[2026-03-23T01:11:00.543+0000] {logging_mixin.py:190} INFO - [2026-03-23T01:11:00.543+0000] {dagbag.py:588} INFO - Filling up the DagBag from /home/ec2-user/environment/lab4_model_training/venv/lib64/python3.12/site-packages/airflow/example_dags/example_short_circuit_decorator.py
[2026-03-23T01:11:00.553+0000] {processor.py:925} INFO - DAG(s) 'example_short_circuit_decorator' retrieved from /home/ec2-user/environment/lab4_model_training/venv/lib64/python3.12/site-packages/airflow/example_dags/example_short_circuit_decorator.py
[2026-03-23T01:11:00.571+0000] {logging_mixin.py:190} INFO - [2026-03-23T01:11:00.570+0000] {dag.py:3239} INFO - Sync 1 DAGs
[2026-03-23T01:11:00.582+0000] {logging_mixin.py:190} INFO - [2026-03-23T01:11:00.582+0000] {dag.py:4180} INFO - Setting next_dagrun for example_short_circuit_decorator to None, run_after=None
[2026-03-23T01:11:00.605+0000] {processor.py:208} INFO - Processing /home/ec2-user/environment/lab4_model_training/venv/lib64/python3.12/site-packages/airflow/example_dags/example_short_circuit_decorator.py took 0.070 seconds
[2026-03-23T01:12:04.511+0000] {processor.py:186} INFO - Started process (PID=7760) to work on /home/ec2-user/environment/lab4_model_training/venv/lib64/python3.12/site-packages/airflow/example_dags/example_short_circuit_decorator.py
[2026-03-23T01:12:04.512+0000] {processor.py:914} INFO - Processing file /home/ec2-user/environment/lab4_model_training/venv/lib64/python3.12/site-packages/airflow/example_dags/example_short_circuit_decorator.py for tasks to queue
[2026-03-23T01:12:04.514+0000] {logging_mixin.py:190} INFO - [2026-03-23T01:12:04.514+0000] {dagbag.py:588} INFO - Filling up the DagBag from /home/ec2-user/environment/lab4_model_training/venv/lib64/python3.12/site-packages/airflow/example_dags/example_short_circuit_decorator.py
[2026-03-23T01:12:04.524+0000] {processor.py:925} INFO - DAG(s) 'example_short_circuit_decorator' retrieved from /home/ec2-user/environment/lab4_model_training/venv/lib64/python3.12/site-packages/airflow/example_dags/example_short_circuit_decorator.py
[2026-03-23T01:12:04.542+0000] {logging_mixin.py:190} INFO - [2026-03-23T01:12:04.541+0000] {dag.py:3239} INFO - Sync 1 DAGs
[2026-03-23T01:12:04.553+0000] {logging_mixin.py:190} INFO - [2026-03-23T01:12:04.553+0000] {dag.py:4180} INFO - Setting next_dagrun for example_short_circuit_decorator to None, run_after=None
[2026-03-23T01:12:04.576+0000] {processor.py:208} INFO - Processing /home/ec2-user/environment/lab4_model_training/venv/lib64/python3.12/site-packages/airflow/example_dags/example_short_circuit_decorator.py took 0.070 seconds
[2026-03-23T01:13:08.182+0000] {processor.py:186} INFO - Started process (PID=7869) to work on /home/ec2-user/environment/lab4_model_training/venv/lib64/python3.12/site-packages/airflow/example_dags/example_short_circuit_decorator.py
[2026-03-23T01:13:08.183+0000] {processor.py:914} INFO - Processing file /home/ec2-user/environment/lab4_model_training/venv/lib64/python3.12/site-packages/airflow/example_dags/example_short_circuit_decorator.py for tasks to queue
[2026-03-23T01:13:08.186+0000] {logging_mixin.py:190} INFO - [2026-03-23T01:13:08.185+0000] {dagbag.py:588} INFO - Filling up the DagBag from /home/ec2-user/environment/lab4_model_training/venv/lib64/python3.12/site-packages/airflow/example_dags/example_short_circuit_decorator.py
[2026-03-23T01:13:08.196+0000] {processor.py:925} INFO - DAG(s) 'example_short_circuit_decorator' retrieved from /home/ec2-user/environment/lab4_model_training/venv/lib64/python3.12/site-packages/airflow/example_dags/example_short_circuit_decorator.py
[2026-03-23T01:13:08.214+0000] {logging_mixin.py:190} INFO - [2026-03-23T01:13:08.214+0000] {dag.py:3239} INFO - Sync 1 DAGs
[2026-03-23T01:13:08.226+0000] {logging_mixin.py:190} INFO - [2026-03-23T01:13:08.226+0000] {dag.py:4180} INFO - Setting next_dagrun for example_short_circuit_decorator to None, run_after=None
[2026-03-23T01:13:08.246+0000] {processor.py:208} INFO - Processing /home/ec2-user/environment/lab4_model_training/venv/lib64/python3.12/site-packages/airflow/example_dags/example_short_circuit_decorator.py took 0.070 seconds
[2026-03-23T01:14:10.838+0000] {processor.py:186} INFO - Started process (PID=8023) to work on /home/ec2-user/environment/lab4_model_training/venv/lib64/python3.12/site-packages/airflow/example_dags/example_short_circuit_decorator.py
[2026-03-23T01:14:10.839+0000] {processor.py:914} INFO - Processing file /home/ec2-user/environment/lab4_model_training/venv/lib64/python3.12/site-packages/airflow/example_dags/example_short_circuit_decorator.py for tasks to queue
[2026-03-23T01:14:10.841+0000] {logging_mixin.py:190} INFO - [2026-03-23T01:14:10.840+0000] {dagbag.py:588} INFO - Filling up the DagBag from /home/ec2-user/environment/lab4_model_training/venv/lib64/python3.12/site-packages/airflow/example_dags/example_short_circuit_decorator.py
[2026-03-23T01:14:10.850+0000] {processor.py:925} INFO - DAG(s) 'example_short_circuit_decorator' retrieved from /home/ec2-user/environment/lab4_model_training/venv/lib64/python3.12/site-packages/airflow/example_dags/example_short_circuit_decorator.py
[2026-03-23T01:14:10.868+0000] {logging_mixin.py:190} INFO - [2026-03-23T01:14:10.868+0000] {dag.py:3239} INFO - Sync 1 DAGs
[2026-03-23T01:14:10.880+0000] {logging_mixin.py:190} INFO - [2026-03-23T01:14:10.880+0000] {dag.py:4180} INFO - Setting next_dagrun for example_short_circuit_decorator to None, run_after=None
[2026-03-23T01:14:10.902+0000] {processor.py:208} INFO - Processing /home/ec2-user/environment/lab4_model_training/venv/lib64/python3.12/site-packages/airflow/example_dags/example_short_circuit_decorator.py took 0.069 seconds
[2026-03-23T01:15:21.943+0000] {processor.py:186} INFO - Started process (PID=8142) to work on /home/ec2-user/environment/lab4_model_training/venv/lib64/python3.12/site-packages/airflow/example_dags/example_short_circuit_decorator.py
[2026-03-23T01:15:21.944+0000] {processor.py:914} INFO - Processing file /home/ec2-user/environment/lab4_model_training/venv/lib64/python3.12/site-packages/airflow/example_dags/example_short_circuit_decorator.py for tasks to queue
[2026-03-23T01:15:21.946+0000] {logging_mixin.py:190} INFO - [2026-03-23T01:15:21.946+0000] {dagbag.py:588} INFO - Filling up the DagBag from /home/ec2-user/environment/lab4_model_training/venv/lib64/python3.12/site-packages/airflow/example_dags/example_short_circuit_decorator.py
[2026-03-23T01:15:21.956+0000] {processor.py:925} INFO - DAG(s) 'example_short_circuit_decorator' retrieved from /home/ec2-user/environment/lab4_model_training/venv/lib64/python3.12/site-packages/airflow/example_dags/example_short_circuit_decorator.py
[2026-03-23T01:15:21.973+0000] {logging_mixin.py:190} INFO - [2026-03-23T01:15:21.973+0000] {dag.py:3239} INFO - Sync 1 DAGs
[2026-03-23T01:15:21.985+0000] {logging_mixin.py:190} INFO - [2026-03-23T01:15:21.985+0000] {dag.py:4180} INFO - Setting next_dagrun for example_short_circuit_decorator to None, run_after=None
[2026-03-23T01:15:22.006+0000] {processor.py:208} INFO - Processing /home/ec2-user/environment/lab4_model_training/venv/lib64/python3.12/site-packages/airflow/example_dags/example_short_circuit_decorator.py took 0.069 seconds
[2026-03-23T01:16:28.595+0000] {processor.py:186} INFO - Started process (PID=8299) to work on /home/ec2-user/environment/lab4_model_training/venv/lib64/python3.12/site-packages/airflow/example_dags/example_short_circuit_decorator.py
[2026-03-23T01:16:28.596+0000] {processor.py:914} INFO - Processing file /home/ec2-user/environment/lab4_model_training/venv/lib64/python3.12/site-packages/airflow/example_dags/example_short_circuit_decorator.py for tasks to queue
[2026-03-23T01:16:28.598+0000] {logging_mixin.py:190} INFO - [2026-03-23T01:16:28.597+0000] {dagbag.py:588} INFO - Filling up the DagBag from /home/ec2-user/environment/lab4_model_training/venv/lib64/python3.12/site-packages/airflow/example_dags/example_short_circuit_decorator.py
[2026-03-23T01:16:28.608+0000] {processor.py:925} INFO - DAG(s) 'example_short_circuit_decorator' retrieved from /home/ec2-user/environment/lab4_model_training/venv/lib64/python3.12/site-packages/airflow/example_dags/example_short_circuit_decorator.py
[2026-03-23T01:16:28.626+0000] {logging_mixin.py:190} INFO - [2026-03-23T01:16:28.625+0000] {dag.py:3239} INFO - Sync 1 DAGs
[2026-03-23T01:16:28.637+0000] {logging_mixin.py:190} INFO - [2026-03-23T01:16:28.637+0000] {dag.py:4180} INFO - Setting next_dagrun for example_short_circuit_decorator to None, run_after=None
[2026-03-23T01:16:28.659+0000] {processor.py:208} INFO - Processing /home/ec2-user/environment/lab4_model_training/venv/lib64/python3.12/site-packages/airflow/example_dags/example_short_circuit_decorator.py took 0.070 seconds
[2026-03-23T01:17:33.323+0000] {processor.py:186} INFO - Started process (PID=8409) to work on /home/ec2-user/environment/lab4_model_training/venv/lib64/python3.12/site-packages/airflow/example_dags/example_short_circuit_decorator.py
[2026-03-23T01:17:33.324+0000] {processor.py:914} INFO - Processing file /home/ec2-user/environment/lab4_model_training/venv/lib64/python3.12/site-packages/airflow/example_dags/example_short_circuit_decorator.py for tasks to queue
[2026-03-23T01:17:33.326+0000] {logging_mixin.py:190} INFO - [2026-03-23T01:17:33.325+0000] {dagbag.py:588} INFO - Filling up the DagBag from /home/ec2-user/environment/lab4_model_training/venv/lib64/python3.12/site-packages/airflow/example_dags/example_short_circuit_decorator.py
[2026-03-23T01:17:33.335+0000] {processor.py:925} INFO - DAG(s) 'example_short_circuit_decorator' retrieved from /home/ec2-user/environment/lab4_model_training/venv/lib64/python3.12/site-packages/airflow/example_dags/example_short_circuit_decorator.py
[2026-03-23T01:17:33.353+0000] {logging_mixin.py:190} INFO - [2026-03-23T01:17:33.353+0000] {dag.py:3239} INFO - Sync 1 DAGs
[2026-03-23T01:17:33.365+0000] {logging_mixin.py:190} INFO - [2026-03-23T01:17:33.365+0000] {dag.py:4180} INFO - Setting next_dagrun for example_short_circuit_decorator to None, run_after=None
[2026-03-23T01:17:33.387+0000] {processor.py:208} INFO - Processing /home/ec2-user/environment/lab4_model_training/venv/lib64/python3.12/site-packages/airflow/example_dags/example_short_circuit_decorator.py took 0.069 seconds
[2026-03-23T01:18:36.478+0000] {processor.py:186} INFO - Started process (PID=8595) to work on /home/ec2-user/environment/lab4_model_training/venv/lib64/python3.12/site-packages/airflow/example_dags/example_short_circuit_decorator.py
[2026-03-23T01:18:36.479+0000] {processor.py:914} INFO - Processing file /home/ec2-user/environment/lab4_model_training/venv/lib64/python3.12/site-packages/airflow/example_dags/example_short_circuit_decorator.py for tasks to queue
[2026-03-23T01:18:36.481+0000] {logging_mixin.py:190} INFO - [2026-03-23T01:18:36.480+0000] {dagbag.py:588} INFO - Filling up the DagBag from /home/ec2-user/environment/lab4_model_training/venv/lib64/python3.12/site-packages/airflow/example_dags/example_short_circuit_decorator.py
[2026-03-23T01:18:36.490+0000] {processor.py:925} INFO - DAG(s) 'example_short_circuit_decorator' retrieved from /home/ec2-user/environment/lab4_model_training/venv/lib64/python3.12/site-packages/airflow/example_dags/example_short_circuit_decorator.py
[2026-03-23T01:18:36.509+0000] {logging_mixin.py:190} INFO - [2026-03-23T01:18:36.509+0000] {dag.py:3239} INFO - Sync 1 DAGs
[2026-03-23T01:18:36.521+0000] {logging_mixin.py:190} INFO - [2026-03-23T01:18:36.521+0000] {dag.py:4180} INFO - Setting next_dagrun for example_short_circuit_decorator to None, run_after=None
[2026-03-23T01:18:36.543+0000] {processor.py:208} INFO - Processing /home/ec2-user/environment/lab4_model_training/venv/lib64/python3.12/site-packages/airflow/example_dags/example_short_circuit_decorator.py took 0.071 seconds
[2026-03-23T01:19:37.148+0000] {processor.py:186} INFO - Started process (PID=8693) to work on /home/ec2-user/environment/lab4_model_training/venv/lib64/python3.12/site-packages/airflow/example_dags/example_short_circuit_decorator.py
[2026-03-23T01:19:37.149+0000] {processor.py:914} INFO - Processing file /home/ec2-user/environment/lab4_model_training/venv/lib64/python3.12/site-packages/airflow/example_dags/example_short_circuit_decorator.py for tasks to queue
[2026-03-23T01:19:37.151+0000] {logging_mixin.py:190} INFO - [2026-03-23T01:19:37.151+0000] {dagbag.py:588} INFO - Filling up the DagBag from /home/ec2-user/environment/lab4_model_training/venv/lib64/python3.12/site-packages/airflow/example_dags/example_short_circuit_decorator.py
[2026-03-23T01:19:37.161+0000] {processor.py:925} INFO - DAG(s) 'example_short_circuit_decorator' retrieved from /home/ec2-user/environment/lab4_model_training/venv/lib64/python3.12/site-packages/airflow/example_dags/example_short_circuit_decorator.py
[2026-03-23T01:19:37.178+0000] {logging_mixin.py:190} INFO - [2026-03-23T01:19:37.178+0000] {dag.py:3239} INFO - Sync 1 DAGs
[2026-03-23T01:19:37.190+0000] {logging_mixin.py:190} INFO - [2026-03-23T01:19:37.190+0000] {dag.py:4180} INFO - Setting next_dagrun for example_short_circuit_decorator to None, run_after=None
[2026-03-23T01:19:37.211+0000] {processor.py:208} INFO - Processing /home/ec2-user/environment/lab4_model_training/venv/lib64/python3.12/site-packages/airflow/example_dags/example_short_circuit_decorator.py took 0.068 seconds
[2026-03-23T01:20:42.872+0000] {processor.py:186} INFO - Started process (PID=8855) to work on /home/ec2-user/environment/lab4_model_training/venv/lib64/python3.12/site-packages/airflow/example_dags/example_short_circuit_decorator.py
[2026-03-23T01:20:42.873+0000] {processor.py:914} INFO - Processing file /home/ec2-user/environment/lab4_model_training/venv/lib64/python3.12/site-packages/airflow/example_dags/example_short_circuit_decorator.py for tasks to queue
[2026-03-23T01:20:42.875+0000] {logging_mixin.py:190} INFO - [2026-03-23T01:20:42.875+0000] {dagbag.py:588} INFO - Filling up the DagBag from /home/ec2-user/environment/lab4_model_training/venv/lib64/python3.12/site-packages/airflow/example_dags/example_short_circuit_decorator.py
[2026-03-23T01:20:42.884+0000] {processor.py:925} INFO - DAG(s) 'example_short_circuit_decorator' retrieved from /home/ec2-user/environment/lab4_model_training/venv/lib64/python3.12/site-packages/airflow/example_dags/example_short_circuit_decorator.py
[2026-03-23T01:20:42.902+0000] {logging_mixin.py:190} INFO - [2026-03-23T01:20:42.902+0000] {dag.py:3239} INFO - Sync 1 DAGs
[2026-03-23T01:20:42.914+0000] {logging_mixin.py:190} INFO - [2026-03-23T01:20:42.913+0000] {dag.py:4180} INFO - Setting next_dagrun for example_short_circuit_decorator to None, run_after=None
[2026-03-23T01:20:42.936+0000] {processor.py:208} INFO - Processing /home/ec2-user/environment/lab4_model_training/venv/lib64/python3.12/site-packages/airflow/example_dags/example_short_circuit_decorator.py took 0.069 seconds
[2026-03-23T01:21:49.129+0000] {processor.py:186} INFO - Started process (PID=9029) to work on /home/ec2-user/environment/lab4_model_training/venv/lib64/python3.12/site-packages/airflow/example_dags/example_short_circuit_decorator.py
[2026-03-23T01:21:49.130+0000] {processor.py:914} INFO - Processing file /home/ec2-user/environment/lab4_model_training/venv/lib64/python3.12/site-packages/airflow/example_dags/example_short_circuit_decorator.py for tasks to queue
[2026-03-23T01:21:49.132+0000] {logging_mixin.py:190} INFO - [2026-03-23T01:21:49.132+0000] {dagbag.py:588} INFO - Filling up the DagBag from /home/ec2-user/environment/lab4_model_training/venv/lib64/python3.12/site-packages/airflow/example_dags/example_short_circuit_decorator.py
[2026-03-23T01:21:49.142+0000] {processor.py:925} INFO - DAG(s) 'example_short_circuit_decorator' retrieved from /home/ec2-user/environment/lab4_model_training/venv/lib64/python3.12/site-packages/airflow/example_dags/example_short_circuit_decorator.py
[2026-03-23T01:21:49.159+0000] {logging_mixin.py:190} INFO - [2026-03-23T01:21:49.159+0000] {dag.py:3239} INFO - Sync 1 DAGs
[2026-03-23T01:21:49.171+0000] {logging_mixin.py:190} INFO - [2026-03-23T01:21:49.171+0000] {dag.py:4180} INFO - Setting next_dagrun for example_short_circuit_decorator to None, run_after=None
[2026-03-23T01:21:49.190+0000] {processor.py:208} INFO - Processing /home/ec2-user/environment/lab4_model_training/venv/lib64/python3.12/site-packages/airflow/example_dags/example_short_circuit_decorator.py took 0.066 seconds
[2026-03-23T01:23:00.291+0000] {processor.py:186} INFO - Started process (PID=9154) to work on /home/ec2-user/environment/lab4_model_training/venv/lib64/python3.12/site-packages/airflow/example_dags/example_short_circuit_decorator.py
[2026-03-23T01:23:00.292+0000] {processor.py:914} INFO - Processing file /home/ec2-user/environment/lab4_model_training/venv/lib64/python3.12/site-packages/airflow/example_dags/example_short_circuit_decorator.py for tasks to queue
[2026-03-23T01:23:00.294+0000] {logging_mixin.py:190} INFO - [2026-03-23T01:23:00.293+0000] {dagbag.py:588} INFO - Filling up the DagBag from /home/ec2-user/environment/lab4_model_training/venv/lib64/python3.12/site-packages/airflow/example_dags/example_short_circuit_decorator.py
[2026-03-23T01:23:00.303+0000] {processor.py:925} INFO - DAG(s) 'example_short_circuit_decorator' retrieved from /home/ec2-user/environment/lab4_model_training/venv/lib64/python3.12/site-packages/airflow/example_dags/example_short_circuit_decorator.py
[2026-03-23T01:23:00.321+0000] {logging_mixin.py:190} INFO - [2026-03-23T01:23:00.321+0000] {dag.py:3239} INFO - Sync 1 DAGs
[2026-03-23T01:23:00.333+0000] {logging_mixin.py:190} INFO - [2026-03-23T01:23:00.333+0000] {dag.py:4180} INFO - Setting next_dagrun for example_short_circuit_decorator to None, run_after=None
[2026-03-23T01:23:00.355+0000] {processor.py:208} INFO - Processing /home/ec2-user/environment/lab4_model_training/venv/lib64/python3.12/site-packages/airflow/example_dags/example_short_circuit_decorator.py took 0.069 seconds
[2026-03-23T01:24:07.270+0000] {processor.py:186} INFO - Started process (PID=9378) to work on /home/ec2-user/environment/lab4_model_training/venv/lib64/python3.12/site-packages/airflow/example_dags/example_short_circuit_decorator.py
[2026-03-23T01:24:07.271+0000] {processor.py:914} INFO - Processing file /home/ec2-user/environment/lab4_model_training/venv/lib64/python3.12/site-packages/airflow/example_dags/example_short_circuit_decorator.py for tasks to queue
[2026-03-23T01:24:07.273+0000] {logging_mixin.py:190} INFO - [2026-03-23T01:24:07.273+0000] {dagbag.py:588} INFO - Filling up the DagBag from /home/ec2-user/environment/lab4_model_training/venv/lib64/python3.12/site-packages/airflow/example_dags/example_short_circuit_decorator.py
[2026-03-23T01:24:07.283+0000] {processor.py:925} INFO - DAG(s) 'example_short_circuit_decorator' retrieved from /home/ec2-user/environment/lab4_model_training/venv/lib64/python3.12/site-packages/airflow/example_dags/example_short_circuit_decorator.py
[2026-03-23T01:24:07.301+0000] {logging_mixin.py:190} INFO - [2026-03-23T01:24:07.300+0000] {dag.py:3239} INFO - Sync 1 DAGs
[2026-03-23T01:24:07.312+0000] {logging_mixin.py:190} INFO - [2026-03-23T01:24:07.312+0000] {dag.py:4180} INFO - Setting next_dagrun for example_short_circuit_decorator to None, run_after=None
[2026-03-23T01:24:07.333+0000] {processor.py:208} INFO - Processing /home/ec2-user/environment/lab4_model_training/venv/lib64/python3.12/site-packages/airflow/example_dags/example_short_circuit_decorator.py took 0.068 seconds
[2026-03-23T01:25:16.164+0000] {processor.py:186} INFO - Started process (PID=9514) to work on /home/ec2-user/environment/lab4_model_training/venv/lib64/python3.12/site-packages/airflow/example_dags/example_short_circuit_decorator.py
[2026-03-23T01:25:16.165+0000] {processor.py:914} INFO - Processing file /home/ec2-user/environment/lab4_model_training/venv/lib64/python3.12/site-packages/airflow/example_dags/example_short_circuit_decorator.py for tasks to queue
[2026-03-23T01:25:16.167+0000] {logging_mixin.py:190} INFO - [2026-03-23T01:25:16.166+0000] {dagbag.py:588} INFO - Filling up the DagBag from /home/ec2-user/environment/lab4_model_training/venv/lib64/python3.12/site-packages/airflow/example_dags/example_short_circuit_decorator.py
[2026-03-23T01:25:16.177+0000] {processor.py:925} INFO - DAG(s) 'example_short_circuit_decorator' retrieved from /home/ec2-user/environment/lab4_model_training/venv/lib64/python3.12/site-packages/airflow/example_dags/example_short_circuit_decorator.py
[2026-03-23T01:25:16.195+0000] {logging_mixin.py:190} INFO - [2026-03-23T01:25:16.194+0000] {dag.py:3239} INFO - Sync 1 DAGs
[2026-03-23T01:25:16.208+0000] {logging_mixin.py:190} INFO - [2026-03-23T01:25:16.208+0000] {dag.py:4180} INFO - Setting next_dagrun for example_short_circuit_decorator to None, run_after=None
[2026-03-23T01:25:16.233+0000] {processor.py:208} INFO - Processing /home/ec2-user/environment/lab4_model_training/venv/lib64/python3.12/site-packages/airflow/example_dags/example_short_circuit_decorator.py took 0.074 seconds
[2026-03-23T01:26:44.348+0000] {processor.py:186} INFO - Started process (PID=9870) to work on /home/ec2-user/environment/lab4_model_training/venv/lib64/python3.12/site-packages/airflow/example_dags/example_short_circuit_decorator.py
[2026-03-23T01:26:44.349+0000] {processor.py:914} INFO - Processing file /home/ec2-user/environment/lab4_model_training/venv/lib64/python3.12/site-packages/airflow/example_dags/example_short_circuit_decorator.py for tasks to queue
[2026-03-23T01:26:44.351+0000] {logging_mixin.py:190} INFO - [2026-03-23T01:26:44.351+0000] {dagbag.py:588} INFO - Filling up the DagBag from /home/ec2-user/environment/lab4_model_training/venv/lib64/python3.12/site-packages/airflow/example_dags/example_short_circuit_decorator.py
[2026-03-23T01:26:44.361+0000] {processor.py:925} INFO - DAG(s) 'example_short_circuit_decorator' retrieved from /home/ec2-user/environment/lab4_model_training/venv/lib64/python3.12/site-packages/airflow/example_dags/example_short_circuit_decorator.py
[2026-03-23T01:26:44.379+0000] {logging_mixin.py:190} INFO - [2026-03-23T01:26:44.379+0000] {dag.py:3239} INFO - Sync 1 DAGs
[2026-03-23T01:26:44.391+0000] {logging_mixin.py:190} INFO - [2026-03-23T01:26:44.390+0000] {dag.py:4180} INFO - Setting next_dagrun for example_short_circuit_decorator to None, run_after=None
[2026-03-23T01:26:44.416+0000] {processor.py:208} INFO - Processing /home/ec2-user/environment/lab4_model_training/venv/lib64/python3.12/site-packages/airflow/example_dags/example_short_circuit_decorator.py took 0.073 seconds
[2026-03-23T01:27:50.437+0000] {processor.py:186} INFO - Started process (PID=10029) to work on /home/ec2-user/environment/lab4_model_training/venv/lib64/python3.12/site-packages/airflow/example_dags/example_short_circuit_decorator.py
[2026-03-23T01:27:50.438+0000] {processor.py:914} INFO - Processing file /home/ec2-user/environment/lab4_model_training/venv/lib64/python3.12/site-packages/airflow/example_dags/example_short_circuit_decorator.py for tasks to queue
[2026-03-23T01:27:50.440+0000] {logging_mixin.py:190} INFO - [2026-03-23T01:27:50.440+0000] {dagbag.py:588} INFO - Filling up the DagBag from /home/ec2-user/environment/lab4_model_training/venv/lib64/python3.12/site-packages/airflow/example_dags/example_short_circuit_decorator.py
[2026-03-23T01:27:50.450+0000] {processor.py:925} INFO - DAG(s) 'example_short_circuit_decorator' retrieved from /home/ec2-user/environment/lab4_model_training/venv/lib64/python3.12/site-packages/airflow/example_dags/example_short_circuit_decorator.py
[2026-03-23T01:27:50.468+0000] {logging_mixin.py:190} INFO - [2026-03-23T01:27:50.468+0000] {dag.py:3239} INFO - Sync 1 DAGs
[2026-03-23T01:27:50.480+0000] {logging_mixin.py:190} INFO - [2026-03-23T01:27:50.480+0000] {dag.py:4180} INFO - Setting next_dagrun for example_short_circuit_decorator to None, run_after=None
[2026-03-23T01:27:50.502+0000] {processor.py:208} INFO - Processing /home/ec2-user/environment/lab4_model_training/venv/lib64/python3.12/site-packages/airflow/example_dags/example_short_circuit_decorator.py took 0.070 seconds
[2026-03-23T01:28:51.279+0000] {processor.py:186} INFO - Started process (PID=10135) to work on /home/ec2-user/environment/lab4_model_training/venv/lib64/python3.12/site-packages/airflow/example_dags/example_short_circuit_decorator.py
[2026-03-23T01:28:51.280+0000] {processor.py:914} INFO - Processing file /home/ec2-user/environment/lab4_model_training/venv/lib64/python3.12/site-packages/airflow/example_dags/example_short_circuit_decorator.py for tasks to queue
[2026-03-23T01:28:51.282+0000] {logging_mixin.py:190} INFO - [2026-03-23T01:28:51.281+0000] {dagbag.py:588} INFO - Filling up the DagBag from /home/ec2-user/environment/lab4_model_training/venv/lib64/python3.12/site-packages/airflow/example_dags/example_short_circuit_decorator.py
[2026-03-23T01:28:51.291+0000] {processor.py:925} INFO - DAG(s) 'example_short_circuit_decorator' retrieved from /home/ec2-user/environment/lab4_model_training/venv/lib64/python3.12/site-packages/airflow/example_dags/example_short_circuit_decorator.py
[2026-03-23T01:28:51.309+0000] {logging_mixin.py:190} INFO - [2026-03-23T01:28:51.309+0000] {dag.py:3239} INFO - Sync 1 DAGs
[2026-03-23T01:28:51.321+0000] {logging_mixin.py:190} INFO - [2026-03-23T01:28:51.320+0000] {dag.py:4180} INFO - Setting next_dagrun for example_short_circuit_decorator to None, run_after=None
[2026-03-23T01:28:51.342+0000] {processor.py:208} INFO - Processing /home/ec2-user/environment/lab4_model_training/venv/lib64/python3.12/site-packages/airflow/example_dags/example_short_circuit_decorator.py took 0.069 seconds
[2026-03-23T01:29:59.173+0000] {processor.py:186} INFO - Started process (PID=10439) to work on /home/ec2-user/environment/lab4_model_training/venv/lib64/python3.12/site-packages/airflow/example_dags/example_short_circuit_decorator.py
[2026-03-23T01:29:59.175+0000] {processor.py:914} INFO - Processing file /home/ec2-user/environment/lab4_model_training/venv/lib64/python3.12/site-packages/airflow/example_dags/example_short_circuit_decorator.py for tasks to queue
[2026-03-23T01:29:59.176+0000] {logging_mixin.py:190} INFO - [2026-03-23T01:29:59.176+0000] {dagbag.py:588} INFO - Filling up the DagBag from /home/ec2-user/environment/lab4_model_training/venv/lib64/python3.12/site-packages/airflow/example_dags/example_short_circuit_decorator.py
[2026-03-23T01:29:59.186+0000] {processor.py:925} INFO - DAG(s) 'example_short_circuit_decorator' retrieved from /home/ec2-user/environment/lab4_model_training/venv/lib64/python3.12/site-packages/airflow/example_dags/example_short_circuit_decorator.py
[2026-03-23T01:29:59.204+0000] {logging_mixin.py:190} INFO - [2026-03-23T01:29:59.203+0000] {dag.py:3239} INFO - Sync 1 DAGs
[2026-03-23T01:29:59.215+0000] {logging_mixin.py:190} INFO - [2026-03-23T01:29:59.215+0000] {dag.py:4180} INFO - Setting next_dagrun for example_short_circuit_decorator to None, run_after=None
[2026-03-23T01:29:59.235+0000] {processor.py:208} INFO - Processing /home/ec2-user/environment/lab4_model_training/venv/lib64/python3.12/site-packages/airflow/example_dags/example_short_circuit_decorator.py took 0.067 seconds
[2026-03-23T01:31:04.222+0000] {processor.py:186} INFO - Started process (PID=10623) to work on /home/ec2-user/environment/lab4_model_training/venv/lib64/python3.12/site-packages/airflow/example_dags/example_short_circuit_decorator.py
[2026-03-23T01:31:04.224+0000] {processor.py:914} INFO - Processing file /home/ec2-user/environment/lab4_model_training/venv/lib64/python3.12/site-packages/airflow/example_dags/example_short_circuit_decorator.py for tasks to queue
[2026-03-23T01:31:04.225+0000] {logging_mixin.py:190} INFO - [2026-03-23T01:31:04.225+0000] {dagbag.py:588} INFO - Filling up the DagBag from /home/ec2-user/environment/lab4_model_training/venv/lib64/python3.12/site-packages/airflow/example_dags/example_short_circuit_decorator.py
[2026-03-23T01:31:04.235+0000] {processor.py:925} INFO - DAG(s) 'example_short_circuit_decorator' retrieved from /home/ec2-user/environment/lab4_model_training/venv/lib64/python3.12/site-packages/airflow/example_dags/example_short_circuit_decorator.py
[2026-03-23T01:31:04.252+0000] {logging_mixin.py:190} INFO - [2026-03-23T01:31:04.252+0000] {dag.py:3239} INFO - Sync 1 DAGs
[2026-03-23T01:31:04.263+0000] {logging_mixin.py:190} INFO - [2026-03-23T01:31:04.263+0000] {dag.py:4180} INFO - Setting next_dagrun for example_short_circuit_decorator to None, run_after=None
[2026-03-23T01:31:04.284+0000] {processor.py:208} INFO - Processing /home/ec2-user/environment/lab4_model_training/venv/lib64/python3.12/site-packages/airflow/example_dags/example_short_circuit_decorator.py took 0.067 seconds
[2026-03-23T01:32:11.190+0000] {processor.py:186} INFO - Started process (PID=10840) to work on /home/ec2-user/environment/lab4_model_training/venv/lib64/python3.12/site-packages/airflow/example_dags/example_short_circuit_decorator.py
[2026-03-23T01:32:11.191+0000] {processor.py:914} INFO - Processing file /home/ec2-user/environment/lab4_model_training/venv/lib64/python3.12/site-packages/airflow/example_dags/example_short_circuit_decorator.py for tasks to queue
[2026-03-23T01:32:11.193+0000] {logging_mixin.py:190} INFO - [2026-03-23T01:32:11.193+0000] {dagbag.py:588} INFO - Filling up the DagBag from /home/ec2-user/environment/lab4_model_training/venv/lib64/python3.12/site-packages/airflow/example_dags/example_short_circuit_decorator.py
[2026-03-23T01:32:11.202+0000] {processor.py:925} INFO - DAG(s) 'example_short_circuit_decorator' retrieved from /home/ec2-user/environment/lab4_model_training/venv/lib64/python3.12/site-packages/airflow/example_dags/example_short_circuit_decorator.py
[2026-03-23T01:32:11.220+0000] {logging_mixin.py:190} INFO - [2026-03-23T01:32:11.220+0000] {dag.py:3239} INFO - Sync 1 DAGs
[2026-03-23T01:32:11.232+0000] {logging_mixin.py:190} INFO - [2026-03-23T01:32:11.232+0000] {dag.py:4180} INFO - Setting next_dagrun for example_short_circuit_decorator to None, run_after=None
[2026-03-23T01:32:11.254+0000] {processor.py:208} INFO - Processing /home/ec2-user/environment/lab4_model_training/venv/lib64/python3.12/site-packages/airflow/example_dags/example_short_circuit_decorator.py took 0.069 seconds
[2026-03-23T01:33:15.794+0000] {processor.py:186} INFO - Started process (PID=11019) to work on /home/ec2-user/environment/lab4_model_training/venv/lib64/python3.12/site-packages/airflow/example_dags/example_short_circuit_decorator.py
[2026-03-23T01:33:15.795+0000] {processor.py:914} INFO - Processing file /home/ec2-user/environment/lab4_model_training/venv/lib64/python3.12/site-packages/airflow/example_dags/example_short_circuit_decorator.py for tasks to queue
[2026-03-23T01:33:15.797+0000] {logging_mixin.py:190} INFO - [2026-03-23T01:33:15.797+0000] {dagbag.py:588} INFO - Filling up the DagBag from /home/ec2-user/environment/lab4_model_training/venv/lib64/python3.12/site-packages/airflow/example_dags/example_short_circuit_decorator.py
[2026-03-23T01:33:15.806+0000] {processor.py:925} INFO - DAG(s) 'example_short_circuit_decorator' retrieved from /home/ec2-user/environment/lab4_model_training/venv/lib64/python3.12/site-packages/airflow/example_dags/example_short_circuit_decorator.py
[2026-03-23T01:33:15.824+0000] {logging_mixin.py:190} INFO - [2026-03-23T01:33:15.824+0000] {dag.py:3239} INFO - Sync 1 DAGs
[2026-03-23T01:33:15.837+0000] {logging_mixin.py:190} INFO - [2026-03-23T01:33:15.836+0000] {dag.py:4180} INFO - Setting next_dagrun for example_short_circuit_decorator to None, run_after=None
[2026-03-23T01:33:15.858+0000] {processor.py:208} INFO - Processing /home/ec2-user/environment/lab4_model_training/venv/lib64/python3.12/site-packages/airflow/example_dags/example_short_circuit_decorator.py took 0.069 seconds
[2026-03-23T01:34:21.168+0000] {processor.py:186} INFO - Started process (PID=11143) to work on /home/ec2-user/environment/lab4_model_training/venv/lib64/python3.12/site-packages/airflow/example_dags/example_short_circuit_decorator.py
[2026-03-23T01:34:21.169+0000] {processor.py:914} INFO - Processing file /home/ec2-user/environment/lab4_model_training/venv/lib64/python3.12/site-packages/airflow/example_dags/example_short_circuit_decorator.py for tasks to queue
[2026-03-23T01:34:21.171+0000] {logging_mixin.py:190} INFO - [2026-03-23T01:34:21.170+0000] {dagbag.py:588} INFO - Filling up the DagBag from /home/ec2-user/environment/lab4_model_training/venv/lib64/python3.12/site-packages/airflow/example_dags/example_short_circuit_decorator.py
[2026-03-23T01:34:21.180+0000] {processor.py:925} INFO - DAG(s) 'example_short_circuit_decorator' retrieved from /home/ec2-user/environment/lab4_model_training/venv/lib64/python3.12/site-packages/airflow/example_dags/example_short_circuit_decorator.py
[2026-03-23T01:34:21.198+0000] {logging_mixin.py:190} INFO - [2026-03-23T01:34:21.198+0000] {dag.py:3239} INFO - Sync 1 DAGs
[2026-03-23T01:34:21.210+0000] {logging_mixin.py:190} INFO - [2026-03-23T01:34:21.210+0000] {dag.py:4180} INFO - Setting next_dagrun for example_short_circuit_decorator to None, run_after=None
[2026-03-23T01:34:21.231+0000] {processor.py:208} INFO - Processing /home/ec2-user/environment/lab4_model_training/venv/lib64/python3.12/site-packages/airflow/example_dags/example_short_circuit_decorator.py took 0.069 seconds
[2026-03-23T01:35:30.006+0000] {processor.py:186} INFO - Started process (PID=11332) to work on /home/ec2-user/environment/lab4_model_training/venv/lib64/python3.12/site-packages/airflow/example_dags/example_short_circuit_decorator.py
[2026-03-23T01:35:30.008+0000] {processor.py:914} INFO - Processing file /home/ec2-user/environment/lab4_model_training/venv/lib64/python3.12/site-packages/airflow/example_dags/example_short_circuit_decorator.py for tasks to queue
[2026-03-23T01:35:30.010+0000] {logging_mixin.py:190} INFO - [2026-03-23T01:35:30.010+0000] {dagbag.py:588} INFO - Filling up the DagBag from /home/ec2-user/environment/lab4_model_training/venv/lib64/python3.12/site-packages/airflow/example_dags/example_short_circuit_decorator.py
[2026-03-23T01:35:30.022+0000] {processor.py:925} INFO - DAG(s) 'example_short_circuit_decorator' retrieved from /home/ec2-user/environment/lab4_model_training/venv/lib64/python3.12/site-packages/airflow/example_dags/example_short_circuit_decorator.py
[2026-03-23T01:35:30.039+0000] {logging_mixin.py:190} INFO - [2026-03-23T01:35:30.039+0000] {dag.py:3239} INFO - Sync 1 DAGs
[2026-03-23T01:35:30.051+0000] {logging_mixin.py:190} INFO - [2026-03-23T01:35:30.051+0000] {dag.py:4180} INFO - Setting next_dagrun for example_short_circuit_decorator to None, run_after=None
[2026-03-23T01:35:30.073+0000] {processor.py:208} INFO - Processing /home/ec2-user/environment/lab4_model_training/venv/lib64/python3.12/site-packages/airflow/example_dags/example_short_circuit_decorator.py took 0.072 seconds
