[2026-03-23T00:59:04.476+0000] {processor.py:186} INFO - Started process (PID=5788) to work on /home/ec2-user/environment/lab4_model_training/venv/lib64/python3.12/site-packages/airflow/example_dags/example_branch_day_of_week_operator.py
[2026-03-23T00:59:04.476+0000] {processor.py:914} INFO - Processing file /home/ec2-user/environment/lab4_model_training/venv/lib64/python3.12/site-packages/airflow/example_dags/example_branch_day_of_week_operator.py for tasks to queue
[2026-03-23T00:59:04.478+0000] {logging_mixin.py:190} INFO - [2026-03-23T00:59:04.478+0000] {dagbag.py:588} INFO - Filling up the DagBag from /home/ec2-user/environment/lab4_model_training/venv/lib64/python3.12/site-packages/airflow/example_dags/example_branch_day_of_week_operator.py
[2026-03-23T00:59:04.491+0000] {processor.py:925} INFO - DAG(s) 'example_weekday_branch_operator' retrieved from /home/ec2-user/environment/lab4_model_training/venv/lib64/python3.12/site-packages/airflow/example_dags/example_branch_day_of_week_operator.py
[2026-03-23T00:59:04.512+0000] {logging_mixin.py:190} INFO - [2026-03-23T00:59:04.512+0000] {dag.py:3239} INFO - Sync 1 DAGs
[2026-03-23T00:59:04.535+0000] {logging_mixin.py:190} INFO - [2026-03-23T00:59:04.535+0000] {dag.py:4180} INFO - Setting next_dagrun for example_weekday_branch_operator to 2026-03-22 00:00:00+00:00, run_after=2026-03-23 00:00:00+00:00
[2026-03-23T00:59:04.557+0000] {processor.py:208} INFO - Processing /home/ec2-user/environment/lab4_model_training/venv/lib64/python3.12/site-packages/airflow/example_dags/example_branch_day_of_week_operator.py took 0.086 seconds
[2026-03-23T01:00:07.298+0000] {processor.py:186} INFO - Started process (PID=5958) to work on /home/ec2-user/environment/lab4_model_training/venv/lib64/python3.12/site-packages/airflow/example_dags/example_branch_day_of_week_operator.py
[2026-03-23T01:00:07.299+0000] {processor.py:914} INFO - Processing file /home/ec2-user/environment/lab4_model_training/venv/lib64/python3.12/site-packages/airflow/example_dags/example_branch_day_of_week_operator.py for tasks to queue
[2026-03-23T01:00:07.301+0000] {logging_mixin.py:190} INFO - [2026-03-23T01:00:07.301+0000] {dagbag.py:588} INFO - Filling up the DagBag from /home/ec2-user/environment/lab4_model_training/venv/lib64/python3.12/site-packages/airflow/example_dags/example_branch_day_of_week_operator.py
[2026-03-23T01:00:07.311+0000] {processor.py:925} INFO - DAG(s) 'example_weekday_branch_operator' retrieved from /home/ec2-user/environment/lab4_model_training/venv/lib64/python3.12/site-packages/airflow/example_dags/example_branch_day_of_week_operator.py
[2026-03-23T01:00:07.327+0000] {logging_mixin.py:190} INFO - [2026-03-23T01:00:07.327+0000] {dag.py:3239} INFO - Sync 1 DAGs
[2026-03-23T01:00:07.347+0000] {logging_mixin.py:190} INFO - [2026-03-23T01:00:07.347+0000] {dag.py:4180} INFO - Setting next_dagrun for example_weekday_branch_operator to 2026-03-22 00:00:00+00:00, run_after=2026-03-23 00:00:00+00:00
[2026-03-23T01:00:07.370+0000] {processor.py:208} INFO - Processing /home/ec2-user/environment/lab4_model_training/venv/lib64/python3.12/site-packages/airflow/example_dags/example_branch_day_of_week_operator.py took 0.077 seconds
[2026-03-23T01:01:12.015+0000] {processor.py:186} INFO - Started process (PID=6165) to work on /home/ec2-user/environment/lab4_model_training/venv/lib64/python3.12/site-packages/airflow/example_dags/example_branch_day_of_week_operator.py
[2026-03-23T01:01:12.016+0000] {processor.py:914} INFO - Processing file /home/ec2-user/environment/lab4_model_training/venv/lib64/python3.12/site-packages/airflow/example_dags/example_branch_day_of_week_operator.py for tasks to queue
[2026-03-23T01:01:12.018+0000] {logging_mixin.py:190} INFO - [2026-03-23T01:01:12.018+0000] {dagbag.py:588} INFO - Filling up the DagBag from /home/ec2-user/environment/lab4_model_training/venv/lib64/python3.12/site-packages/airflow/example_dags/example_branch_day_of_week_operator.py
[2026-03-23T01:01:12.028+0000] {processor.py:925} INFO - DAG(s) 'example_weekday_branch_operator' retrieved from /home/ec2-user/environment/lab4_model_training/venv/lib64/python3.12/site-packages/airflow/example_dags/example_branch_day_of_week_operator.py
[2026-03-23T01:01:12.043+0000] {logging_mixin.py:190} INFO - [2026-03-23T01:01:12.043+0000] {dag.py:3239} INFO - Sync 1 DAGs
[2026-03-23T01:01:12.062+0000] {logging_mixin.py:190} INFO - [2026-03-23T01:01:12.062+0000] {dag.py:4180} INFO - Setting next_dagrun for example_weekday_branch_operator to 2026-03-22 00:00:00+00:00, run_after=2026-03-23 00:00:00+00:00
[2026-03-23T01:01:12.082+0000] {processor.py:208} INFO - Processing /home/ec2-user/environment/lab4_model_training/venv/lib64/python3.12/site-packages/airflow/example_dags/example_branch_day_of_week_operator.py took 0.072 seconds
[2026-03-23T01:02:11.978+0000] {processor.py:186} INFO - Started process (PID=6321) to work on /home/ec2-user/environment/lab4_model_training/venv/lib64/python3.12/site-packages/airflow/example_dags/example_branch_day_of_week_operator.py
[2026-03-23T01:02:11.979+0000] {processor.py:914} INFO - Processing file /home/ec2-user/environment/lab4_model_training/venv/lib64/python3.12/site-packages/airflow/example_dags/example_branch_day_of_week_operator.py for tasks to queue
[2026-03-23T01:02:11.981+0000] {logging_mixin.py:190} INFO - [2026-03-23T01:02:11.981+0000] {dagbag.py:588} INFO - Filling up the DagBag from /home/ec2-user/environment/lab4_model_training/venv/lib64/python3.12/site-packages/airflow/example_dags/example_branch_day_of_week_operator.py
[2026-03-23T01:02:11.991+0000] {processor.py:925} INFO - DAG(s) 'example_weekday_branch_operator' retrieved from /home/ec2-user/environment/lab4_model_training/venv/lib64/python3.12/site-packages/airflow/example_dags/example_branch_day_of_week_operator.py
[2026-03-23T01:02:12.007+0000] {logging_mixin.py:190} INFO - [2026-03-23T01:02:12.007+0000] {dag.py:3239} INFO - Sync 1 DAGs
[2026-03-23T01:02:12.027+0000] {logging_mixin.py:190} INFO - [2026-03-23T01:02:12.027+0000] {dag.py:4180} INFO - Setting next_dagrun for example_weekday_branch_operator to 2026-03-22 00:00:00+00:00, run_after=2026-03-23 00:00:00+00:00
[2026-03-23T01:02:12.049+0000] {processor.py:208} INFO - Processing /home/ec2-user/environment/lab4_model_training/venv/lib64/python3.12/site-packages/airflow/example_dags/example_branch_day_of_week_operator.py took 0.076 seconds
[2026-03-23T01:02:45.875+0000] {processor.py:186} INFO - Started process (PID=6434) to work on /home/ec2-user/environment/lab4_model_training/venv/lib64/python3.12/site-packages/airflow/example_dags/example_branch_day_of_week_operator.py
[2026-03-23T01:02:45.876+0000] {processor.py:914} INFO - Processing file /home/ec2-user/environment/lab4_model_training/venv/lib64/python3.12/site-packages/airflow/example_dags/example_branch_day_of_week_operator.py for tasks to queue
[2026-03-23T01:02:45.878+0000] {logging_mixin.py:190} INFO - [2026-03-23T01:02:45.878+0000] {dagbag.py:588} INFO - Filling up the DagBag from /home/ec2-user/environment/lab4_model_training/venv/lib64/python3.12/site-packages/airflow/example_dags/example_branch_day_of_week_operator.py
[2026-03-23T01:02:45.888+0000] {processor.py:925} INFO - DAG(s) 'example_weekday_branch_operator' retrieved from /home/ec2-user/environment/lab4_model_training/venv/lib64/python3.12/site-packages/airflow/example_dags/example_branch_day_of_week_operator.py
[2026-03-23T01:02:45.903+0000] {logging_mixin.py:190} INFO - [2026-03-23T01:02:45.903+0000] {dag.py:3239} INFO - Sync 1 DAGs
[2026-03-23T01:02:45.924+0000] {logging_mixin.py:190} INFO - [2026-03-23T01:02:45.923+0000] {dag.py:4180} INFO - Setting next_dagrun for example_weekday_branch_operator to 2026-03-22 00:00:00+00:00, run_after=2026-03-23 00:00:00+00:00
[2026-03-23T01:02:45.947+0000] {processor.py:208} INFO - Processing /home/ec2-user/environment/lab4_model_training/venv/lib64/python3.12/site-packages/airflow/example_dags/example_branch_day_of_week_operator.py took 0.078 seconds
[2026-03-23T01:03:19.569+0000] {processor.py:186} INFO - Started process (PID=6531) to work on /home/ec2-user/environment/lab4_model_training/venv/lib64/python3.12/site-packages/airflow/example_dags/example_branch_day_of_week_operator.py
[2026-03-23T01:03:19.570+0000] {processor.py:914} INFO - Processing file /home/ec2-user/environment/lab4_model_training/venv/lib64/python3.12/site-packages/airflow/example_dags/example_branch_day_of_week_operator.py for tasks to queue
[2026-03-23T01:03:19.573+0000] {logging_mixin.py:190} INFO - [2026-03-23T01:03:19.572+0000] {dagbag.py:588} INFO - Filling up the DagBag from /home/ec2-user/environment/lab4_model_training/venv/lib64/python3.12/site-packages/airflow/example_dags/example_branch_day_of_week_operator.py
[2026-03-23T01:03:19.582+0000] {processor.py:925} INFO - DAG(s) 'example_weekday_branch_operator' retrieved from /home/ec2-user/environment/lab4_model_training/venv/lib64/python3.12/site-packages/airflow/example_dags/example_branch_day_of_week_operator.py
[2026-03-23T01:03:19.598+0000] {logging_mixin.py:190} INFO - [2026-03-23T01:03:19.598+0000] {dag.py:3239} INFO - Sync 1 DAGs
[2026-03-23T01:03:19.619+0000] {logging_mixin.py:190} INFO - [2026-03-23T01:03:19.618+0000] {dag.py:4180} INFO - Setting next_dagrun for example_weekday_branch_operator to 2026-03-22 00:00:00+00:00, run_after=2026-03-23 00:00:00+00:00
[2026-03-23T01:03:19.640+0000] {processor.py:208} INFO - Processing /home/ec2-user/environment/lab4_model_training/venv/lib64/python3.12/site-packages/airflow/example_dags/example_branch_day_of_week_operator.py took 0.077 seconds
[2026-03-23T01:03:53.112+0000] {processor.py:186} INFO - Started process (PID=6589) to work on /home/ec2-user/environment/lab4_model_training/venv/lib64/python3.12/site-packages/airflow/example_dags/example_branch_day_of_week_operator.py
[2026-03-23T01:03:53.112+0000] {processor.py:914} INFO - Processing file /home/ec2-user/environment/lab4_model_training/venv/lib64/python3.12/site-packages/airflow/example_dags/example_branch_day_of_week_operator.py for tasks to queue
[2026-03-23T01:03:53.115+0000] {logging_mixin.py:190} INFO - [2026-03-23T01:03:53.114+0000] {dagbag.py:588} INFO - Filling up the DagBag from /home/ec2-user/environment/lab4_model_training/venv/lib64/python3.12/site-packages/airflow/example_dags/example_branch_day_of_week_operator.py
[2026-03-23T01:03:53.124+0000] {processor.py:925} INFO - DAG(s) 'example_weekday_branch_operator' retrieved from /home/ec2-user/environment/lab4_model_training/venv/lib64/python3.12/site-packages/airflow/example_dags/example_branch_day_of_week_operator.py
[2026-03-23T01:03:53.140+0000] {logging_mixin.py:190} INFO - [2026-03-23T01:03:53.140+0000] {dag.py:3239} INFO - Sync 1 DAGs
[2026-03-23T01:03:53.161+0000] {logging_mixin.py:190} INFO - [2026-03-23T01:03:53.160+0000] {dag.py:4180} INFO - Setting next_dagrun for example_weekday_branch_operator to 2026-03-22 00:00:00+00:00, run_after=2026-03-23 00:00:00+00:00
[2026-03-23T01:03:53.182+0000] {processor.py:208} INFO - Processing /home/ec2-user/environment/lab4_model_training/venv/lib64/python3.12/site-packages/airflow/example_dags/example_branch_day_of_week_operator.py took 0.076 seconds
[2026-03-23T01:04:57.138+0000] {processor.py:186} INFO - Started process (PID=6763) to work on /home/ec2-user/environment/lab4_model_training/venv/lib64/python3.12/site-packages/airflow/example_dags/example_branch_day_of_week_operator.py
[2026-03-23T01:04:57.140+0000] {processor.py:914} INFO - Processing file /home/ec2-user/environment/lab4_model_training/venv/lib64/python3.12/site-packages/airflow/example_dags/example_branch_day_of_week_operator.py for tasks to queue
[2026-03-23T01:04:57.142+0000] {logging_mixin.py:190} INFO - [2026-03-23T01:04:57.141+0000] {dagbag.py:588} INFO - Filling up the DagBag from /home/ec2-user/environment/lab4_model_training/venv/lib64/python3.12/site-packages/airflow/example_dags/example_branch_day_of_week_operator.py
[2026-03-23T01:04:57.152+0000] {processor.py:925} INFO - DAG(s) 'example_weekday_branch_operator' retrieved from /home/ec2-user/environment/lab4_model_training/venv/lib64/python3.12/site-packages/airflow/example_dags/example_branch_day_of_week_operator.py
[2026-03-23T01:04:57.167+0000] {logging_mixin.py:190} INFO - [2026-03-23T01:04:57.167+0000] {dag.py:3239} INFO - Sync 1 DAGs
[2026-03-23T01:04:57.188+0000] {logging_mixin.py:190} INFO - [2026-03-23T01:04:57.187+0000] {dag.py:4180} INFO - Setting next_dagrun for example_weekday_branch_operator to 2026-03-22 00:00:00+00:00, run_after=2026-03-23 00:00:00+00:00
[2026-03-23T01:04:57.209+0000] {processor.py:208} INFO - Processing /home/ec2-user/environment/lab4_model_training/venv/lib64/python3.12/site-packages/airflow/example_dags/example_branch_day_of_week_operator.py took 0.076 seconds
[2026-03-23T01:05:35.084+0000] {processor.py:186} INFO - Started process (PID=6836) to work on /home/ec2-user/environment/lab4_model_training/venv/lib64/python3.12/site-packages/airflow/example_dags/example_branch_day_of_week_operator.py
[2026-03-23T01:05:35.085+0000] {processor.py:914} INFO - Processing file /home/ec2-user/environment/lab4_model_training/venv/lib64/python3.12/site-packages/airflow/example_dags/example_branch_day_of_week_operator.py for tasks to queue
[2026-03-23T01:05:35.087+0000] {logging_mixin.py:190} INFO - [2026-03-23T01:05:35.087+0000] {dagbag.py:588} INFO - Filling up the DagBag from /home/ec2-user/environment/lab4_model_training/venv/lib64/python3.12/site-packages/airflow/example_dags/example_branch_day_of_week_operator.py
[2026-03-23T01:05:35.097+0000] {processor.py:925} INFO - DAG(s) 'example_weekday_branch_operator' retrieved from /home/ec2-user/environment/lab4_model_training/venv/lib64/python3.12/site-packages/airflow/example_dags/example_branch_day_of_week_operator.py
[2026-03-23T01:05:35.118+0000] {logging_mixin.py:190} INFO - [2026-03-23T01:05:35.117+0000] {dag.py:3239} INFO - Sync 1 DAGs
[2026-03-23T01:05:35.151+0000] {logging_mixin.py:190} INFO - [2026-03-23T01:05:35.151+0000] {dag.py:4180} INFO - Setting next_dagrun for example_weekday_branch_operator to 2026-03-22 00:00:00+00:00, run_after=2026-03-23 00:00:00+00:00
[2026-03-23T01:05:35.173+0000] {processor.py:208} INFO - Processing /home/ec2-user/environment/lab4_model_training/venv/lib64/python3.12/site-packages/airflow/example_dags/example_branch_day_of_week_operator.py took 0.094 seconds
[2026-03-23T01:06:13.937+0000] {processor.py:186} INFO - Started process (PID=6911) to work on /home/ec2-user/environment/lab4_model_training/venv/lib64/python3.12/site-packages/airflow/example_dags/example_branch_day_of_week_operator.py
[2026-03-23T01:06:13.939+0000] {processor.py:914} INFO - Processing file /home/ec2-user/environment/lab4_model_training/venv/lib64/python3.12/site-packages/airflow/example_dags/example_branch_day_of_week_operator.py for tasks to queue
[2026-03-23T01:06:13.940+0000] {logging_mixin.py:190} INFO - [2026-03-23T01:06:13.940+0000] {dagbag.py:588} INFO - Filling up the DagBag from /home/ec2-user/environment/lab4_model_training/venv/lib64/python3.12/site-packages/airflow/example_dags/example_branch_day_of_week_operator.py
[2026-03-23T01:06:13.950+0000] {processor.py:925} INFO - DAG(s) 'example_weekday_branch_operator' retrieved from /home/ec2-user/environment/lab4_model_training/venv/lib64/python3.12/site-packages/airflow/example_dags/example_branch_day_of_week_operator.py
[2026-03-23T01:06:13.966+0000] {logging_mixin.py:190} INFO - [2026-03-23T01:06:13.966+0000] {dag.py:3239} INFO - Sync 1 DAGs
[2026-03-23T01:06:13.986+0000] {logging_mixin.py:190} INFO - [2026-03-23T01:06:13.986+0000] {dag.py:4180} INFO - Setting next_dagrun for example_weekday_branch_operator to 2026-03-22 00:00:00+00:00, run_after=2026-03-23 00:00:00+00:00
[2026-03-23T01:06:14.009+0000] {processor.py:208} INFO - Processing /home/ec2-user/environment/lab4_model_training/venv/lib64/python3.12/site-packages/airflow/example_dags/example_branch_day_of_week_operator.py took 0.077 seconds
[2026-03-23T01:06:52.457+0000] {processor.py:186} INFO - Started process (PID=7041) to work on /home/ec2-user/environment/lab4_model_training/venv/lib64/python3.12/site-packages/airflow/example_dags/example_branch_day_of_week_operator.py
[2026-03-23T01:06:52.458+0000] {processor.py:914} INFO - Processing file /home/ec2-user/environment/lab4_model_training/venv/lib64/python3.12/site-packages/airflow/example_dags/example_branch_day_of_week_operator.py for tasks to queue
[2026-03-23T01:06:52.460+0000] {logging_mixin.py:190} INFO - [2026-03-23T01:06:52.460+0000] {dagbag.py:588} INFO - Filling up the DagBag from /home/ec2-user/environment/lab4_model_training/venv/lib64/python3.12/site-packages/airflow/example_dags/example_branch_day_of_week_operator.py
[2026-03-23T01:06:52.470+0000] {processor.py:925} INFO - DAG(s) 'example_weekday_branch_operator' retrieved from /home/ec2-user/environment/lab4_model_training/venv/lib64/python3.12/site-packages/airflow/example_dags/example_branch_day_of_week_operator.py
[2026-03-23T01:06:52.486+0000] {logging_mixin.py:190} INFO - [2026-03-23T01:06:52.485+0000] {dag.py:3239} INFO - Sync 1 DAGs
[2026-03-23T01:06:52.506+0000] {logging_mixin.py:190} INFO - [2026-03-23T01:06:52.506+0000] {dag.py:4180} INFO - Setting next_dagrun for example_weekday_branch_operator to 2026-03-22 00:00:00+00:00, run_after=2026-03-23 00:00:00+00:00
[2026-03-23T01:06:52.528+0000] {processor.py:208} INFO - Processing /home/ec2-user/environment/lab4_model_training/venv/lib64/python3.12/site-packages/airflow/example_dags/example_branch_day_of_week_operator.py took 0.076 seconds
[2026-03-23T01:07:31.930+0000] {processor.py:186} INFO - Started process (PID=7123) to work on /home/ec2-user/environment/lab4_model_training/venv/lib64/python3.12/site-packages/airflow/example_dags/example_branch_day_of_week_operator.py
[2026-03-23T01:07:31.931+0000] {processor.py:914} INFO - Processing file /home/ec2-user/environment/lab4_model_training/venv/lib64/python3.12/site-packages/airflow/example_dags/example_branch_day_of_week_operator.py for tasks to queue
[2026-03-23T01:07:31.933+0000] {logging_mixin.py:190} INFO - [2026-03-23T01:07:31.932+0000] {dagbag.py:588} INFO - Filling up the DagBag from /home/ec2-user/environment/lab4_model_training/venv/lib64/python3.12/site-packages/airflow/example_dags/example_branch_day_of_week_operator.py
[2026-03-23T01:07:31.942+0000] {processor.py:925} INFO - DAG(s) 'example_weekday_branch_operator' retrieved from /home/ec2-user/environment/lab4_model_training/venv/lib64/python3.12/site-packages/airflow/example_dags/example_branch_day_of_week_operator.py
[2026-03-23T01:07:31.958+0000] {logging_mixin.py:190} INFO - [2026-03-23T01:07:31.958+0000] {dag.py:3239} INFO - Sync 1 DAGs
[2026-03-23T01:07:31.978+0000] {logging_mixin.py:190} INFO - [2026-03-23T01:07:31.978+0000] {dag.py:4180} INFO - Setting next_dagrun for example_weekday_branch_operator to 2026-03-22 00:00:00+00:00, run_after=2026-03-23 00:00:00+00:00
[2026-03-23T01:07:32.000+0000] {processor.py:208} INFO - Processing /home/ec2-user/environment/lab4_model_training/venv/lib64/python3.12/site-packages/airflow/example_dags/example_branch_day_of_week_operator.py took 0.076 seconds
[2026-03-23T01:08:40.470+0000] {processor.py:186} INFO - Started process (PID=7231) to work on /home/ec2-user/environment/lab4_model_training/venv/lib64/python3.12/site-packages/airflow/example_dags/example_branch_day_of_week_operator.py
[2026-03-23T01:08:40.471+0000] {processor.py:914} INFO - Processing file /home/ec2-user/environment/lab4_model_training/venv/lib64/python3.12/site-packages/airflow/example_dags/example_branch_day_of_week_operator.py for tasks to queue
[2026-03-23T01:08:40.473+0000] {logging_mixin.py:190} INFO - [2026-03-23T01:08:40.473+0000] {dagbag.py:588} INFO - Filling up the DagBag from /home/ec2-user/environment/lab4_model_training/venv/lib64/python3.12/site-packages/airflow/example_dags/example_branch_day_of_week_operator.py
[2026-03-23T01:08:40.482+0000] {processor.py:925} INFO - DAG(s) 'example_weekday_branch_operator' retrieved from /home/ec2-user/environment/lab4_model_training/venv/lib64/python3.12/site-packages/airflow/example_dags/example_branch_day_of_week_operator.py
[2026-03-23T01:08:40.498+0000] {logging_mixin.py:190} INFO - [2026-03-23T01:08:40.498+0000] {dag.py:3239} INFO - Sync 1 DAGs
[2026-03-23T01:08:40.518+0000] {logging_mixin.py:190} INFO - [2026-03-23T01:08:40.518+0000] {dag.py:4180} INFO - Setting next_dagrun for example_weekday_branch_operator to 2026-03-22 00:00:00+00:00, run_after=2026-03-23 00:00:00+00:00
[2026-03-23T01:08:40.540+0000] {processor.py:208} INFO - Processing /home/ec2-user/environment/lab4_model_training/venv/lib64/python3.12/site-packages/airflow/example_dags/example_branch_day_of_week_operator.py took 0.075 seconds
[2026-03-23T01:09:17.935+0000] {processor.py:186} INFO - Started process (PID=7351) to work on /home/ec2-user/environment/lab4_model_training/venv/lib64/python3.12/site-packages/airflow/example_dags/example_branch_day_of_week_operator.py
[2026-03-23T01:09:17.936+0000] {processor.py:914} INFO - Processing file /home/ec2-user/environment/lab4_model_training/venv/lib64/python3.12/site-packages/airflow/example_dags/example_branch_day_of_week_operator.py for tasks to queue
[2026-03-23T01:09:17.938+0000] {logging_mixin.py:190} INFO - [2026-03-23T01:09:17.938+0000] {dagbag.py:588} INFO - Filling up the DagBag from /home/ec2-user/environment/lab4_model_training/venv/lib64/python3.12/site-packages/airflow/example_dags/example_branch_day_of_week_operator.py
[2026-03-23T01:09:17.948+0000] {processor.py:925} INFO - DAG(s) 'example_weekday_branch_operator' retrieved from /home/ec2-user/environment/lab4_model_training/venv/lib64/python3.12/site-packages/airflow/example_dags/example_branch_day_of_week_operator.py
[2026-03-23T01:09:17.964+0000] {logging_mixin.py:190} INFO - [2026-03-23T01:09:17.963+0000] {dag.py:3239} INFO - Sync 1 DAGs
[2026-03-23T01:09:17.983+0000] {logging_mixin.py:190} INFO - [2026-03-23T01:09:17.983+0000] {dag.py:4180} INFO - Setting next_dagrun for example_weekday_branch_operator to 2026-03-22 00:00:00+00:00, run_after=2026-03-23 00:00:00+00:00
[2026-03-23T01:09:18.002+0000] {processor.py:208} INFO - Processing /home/ec2-user/environment/lab4_model_training/venv/lib64/python3.12/site-packages/airflow/example_dags/example_branch_day_of_week_operator.py took 0.073 seconds
[2026-03-23T01:09:59.609+0000] {processor.py:186} INFO - Started process (PID=7416) to work on /home/ec2-user/environment/lab4_model_training/venv/lib64/python3.12/site-packages/airflow/example_dags/example_branch_day_of_week_operator.py
[2026-03-23T01:09:59.610+0000] {processor.py:914} INFO - Processing file /home/ec2-user/environment/lab4_model_training/venv/lib64/python3.12/site-packages/airflow/example_dags/example_branch_day_of_week_operator.py for tasks to queue
[2026-03-23T01:09:59.612+0000] {logging_mixin.py:190} INFO - [2026-03-23T01:09:59.611+0000] {dagbag.py:588} INFO - Filling up the DagBag from /home/ec2-user/environment/lab4_model_training/venv/lib64/python3.12/site-packages/airflow/example_dags/example_branch_day_of_week_operator.py
[2026-03-23T01:09:59.621+0000] {processor.py:925} INFO - DAG(s) 'example_weekday_branch_operator' retrieved from /home/ec2-user/environment/lab4_model_training/venv/lib64/python3.12/site-packages/airflow/example_dags/example_branch_day_of_week_operator.py
[2026-03-23T01:09:59.637+0000] {logging_mixin.py:190} INFO - [2026-03-23T01:09:59.637+0000] {dag.py:3239} INFO - Sync 1 DAGs
[2026-03-23T01:09:59.657+0000] {logging_mixin.py:190} INFO - [2026-03-23T01:09:59.657+0000] {dag.py:4180} INFO - Setting next_dagrun for example_weekday_branch_operator to 2026-03-22 00:00:00+00:00, run_after=2026-03-23 00:00:00+00:00
[2026-03-23T01:09:59.679+0000] {processor.py:208} INFO - Processing /home/ec2-user/environment/lab4_model_training/venv/lib64/python3.12/site-packages/airflow/example_dags/example_branch_day_of_week_operator.py took 0.076 seconds
[2026-03-23T01:10:37.471+0000] {processor.py:186} INFO - Started process (PID=7556) to work on /home/ec2-user/environment/lab4_model_training/venv/lib64/python3.12/site-packages/airflow/example_dags/example_branch_day_of_week_operator.py
[2026-03-23T01:10:37.472+0000] {processor.py:914} INFO - Processing file /home/ec2-user/environment/lab4_model_training/venv/lib64/python3.12/site-packages/airflow/example_dags/example_branch_day_of_week_operator.py for tasks to queue
[2026-03-23T01:10:37.475+0000] {logging_mixin.py:190} INFO - [2026-03-23T01:10:37.474+0000] {dagbag.py:588} INFO - Filling up the DagBag from /home/ec2-user/environment/lab4_model_training/venv/lib64/python3.12/site-packages/airflow/example_dags/example_branch_day_of_week_operator.py
[2026-03-23T01:10:37.484+0000] {processor.py:925} INFO - DAG(s) 'example_weekday_branch_operator' retrieved from /home/ec2-user/environment/lab4_model_training/venv/lib64/python3.12/site-packages/airflow/example_dags/example_branch_day_of_week_operator.py
[2026-03-23T01:10:37.500+0000] {logging_mixin.py:190} INFO - [2026-03-23T01:10:37.500+0000] {dag.py:3239} INFO - Sync 1 DAGs
[2026-03-23T01:10:37.519+0000] {logging_mixin.py:190} INFO - [2026-03-23T01:10:37.519+0000] {dag.py:4180} INFO - Setting next_dagrun for example_weekday_branch_operator to 2026-03-22 00:00:00+00:00, run_after=2026-03-23 00:00:00+00:00
[2026-03-23T01:10:37.540+0000] {processor.py:208} INFO - Processing /home/ec2-user/environment/lab4_model_training/venv/lib64/python3.12/site-packages/airflow/example_dags/example_branch_day_of_week_operator.py took 0.074 seconds
[2026-03-23T01:11:41.187+0000] {processor.py:186} INFO - Started process (PID=7663) to work on /home/ec2-user/environment/lab4_model_training/venv/lib64/python3.12/site-packages/airflow/example_dags/example_branch_day_of_week_operator.py
[2026-03-23T01:11:41.189+0000] {processor.py:914} INFO - Processing file /home/ec2-user/environment/lab4_model_training/venv/lib64/python3.12/site-packages/airflow/example_dags/example_branch_day_of_week_operator.py for tasks to queue
[2026-03-23T01:11:41.190+0000] {logging_mixin.py:190} INFO - [2026-03-23T01:11:41.190+0000] {dagbag.py:588} INFO - Filling up the DagBag from /home/ec2-user/environment/lab4_model_training/venv/lib64/python3.12/site-packages/airflow/example_dags/example_branch_day_of_week_operator.py
[2026-03-23T01:11:41.200+0000] {processor.py:925} INFO - DAG(s) 'example_weekday_branch_operator' retrieved from /home/ec2-user/environment/lab4_model_training/venv/lib64/python3.12/site-packages/airflow/example_dags/example_branch_day_of_week_operator.py
[2026-03-23T01:11:41.216+0000] {logging_mixin.py:190} INFO - [2026-03-23T01:11:41.216+0000] {dag.py:3239} INFO - Sync 1 DAGs
[2026-03-23T01:11:41.235+0000] {logging_mixin.py:190} INFO - [2026-03-23T01:11:41.234+0000] {dag.py:4180} INFO - Setting next_dagrun for example_weekday_branch_operator to 2026-03-22 00:00:00+00:00, run_after=2026-03-23 00:00:00+00:00
[2026-03-23T01:11:41.255+0000] {processor.py:208} INFO - Processing /home/ec2-user/environment/lab4_model_training/venv/lib64/python3.12/site-packages/airflow/example_dags/example_branch_day_of_week_operator.py took 0.072 seconds
[2026-03-23T01:12:45.320+0000] {processor.py:186} INFO - Started process (PID=7823) to work on /home/ec2-user/environment/lab4_model_training/venv/lib64/python3.12/site-packages/airflow/example_dags/example_branch_day_of_week_operator.py
[2026-03-23T01:12:45.321+0000] {processor.py:914} INFO - Processing file /home/ec2-user/environment/lab4_model_training/venv/lib64/python3.12/site-packages/airflow/example_dags/example_branch_day_of_week_operator.py for tasks to queue
[2026-03-23T01:12:45.323+0000] {logging_mixin.py:190} INFO - [2026-03-23T01:12:45.323+0000] {dagbag.py:588} INFO - Filling up the DagBag from /home/ec2-user/environment/lab4_model_training/venv/lib64/python3.12/site-packages/airflow/example_dags/example_branch_day_of_week_operator.py
[2026-03-23T01:12:45.333+0000] {processor.py:925} INFO - DAG(s) 'example_weekday_branch_operator' retrieved from /home/ec2-user/environment/lab4_model_training/venv/lib64/python3.12/site-packages/airflow/example_dags/example_branch_day_of_week_operator.py
[2026-03-23T01:12:45.349+0000] {logging_mixin.py:190} INFO - [2026-03-23T01:12:45.348+0000] {dag.py:3239} INFO - Sync 1 DAGs
[2026-03-23T01:12:45.369+0000] {logging_mixin.py:190} INFO - [2026-03-23T01:12:45.369+0000] {dag.py:4180} INFO - Setting next_dagrun for example_weekday_branch_operator to 2026-03-22 00:00:00+00:00, run_after=2026-03-23 00:00:00+00:00
[2026-03-23T01:12:45.390+0000] {processor.py:208} INFO - Processing /home/ec2-user/environment/lab4_model_training/venv/lib64/python3.12/site-packages/airflow/example_dags/example_branch_day_of_week_operator.py took 0.075 seconds
[2026-03-23T01:13:48.326+0000] {processor.py:186} INFO - Started process (PID=7977) to work on /home/ec2-user/environment/lab4_model_training/venv/lib64/python3.12/site-packages/airflow/example_dags/example_branch_day_of_week_operator.py
[2026-03-23T01:13:48.327+0000] {processor.py:914} INFO - Processing file /home/ec2-user/environment/lab4_model_training/venv/lib64/python3.12/site-packages/airflow/example_dags/example_branch_day_of_week_operator.py for tasks to queue
[2026-03-23T01:13:48.329+0000] {logging_mixin.py:190} INFO - [2026-03-23T01:13:48.329+0000] {dagbag.py:588} INFO - Filling up the DagBag from /home/ec2-user/environment/lab4_model_training/venv/lib64/python3.12/site-packages/airflow/example_dags/example_branch_day_of_week_operator.py
[2026-03-23T01:13:48.339+0000] {processor.py:925} INFO - DAG(s) 'example_weekday_branch_operator' retrieved from /home/ec2-user/environment/lab4_model_training/venv/lib64/python3.12/site-packages/airflow/example_dags/example_branch_day_of_week_operator.py
[2026-03-23T01:13:48.354+0000] {logging_mixin.py:190} INFO - [2026-03-23T01:13:48.353+0000] {dag.py:3239} INFO - Sync 1 DAGs
[2026-03-23T01:13:48.372+0000] {logging_mixin.py:190} INFO - [2026-03-23T01:13:48.372+0000] {dag.py:4180} INFO - Setting next_dagrun for example_weekday_branch_operator to 2026-03-22 00:00:00+00:00, run_after=2026-03-23 00:00:00+00:00
[2026-03-23T01:13:48.393+0000] {processor.py:208} INFO - Processing /home/ec2-user/environment/lab4_model_training/venv/lib64/python3.12/site-packages/airflow/example_dags/example_branch_day_of_week_operator.py took 0.072 seconds
[2026-03-23T01:14:57.838+0000] {processor.py:186} INFO - Started process (PID=8091) to work on /home/ec2-user/environment/lab4_model_training/venv/lib64/python3.12/site-packages/airflow/example_dags/example_branch_day_of_week_operator.py
[2026-03-23T01:14:57.839+0000] {processor.py:914} INFO - Processing file /home/ec2-user/environment/lab4_model_training/venv/lib64/python3.12/site-packages/airflow/example_dags/example_branch_day_of_week_operator.py for tasks to queue
[2026-03-23T01:14:57.841+0000] {logging_mixin.py:190} INFO - [2026-03-23T01:14:57.841+0000] {dagbag.py:588} INFO - Filling up the DagBag from /home/ec2-user/environment/lab4_model_training/venv/lib64/python3.12/site-packages/airflow/example_dags/example_branch_day_of_week_operator.py
[2026-03-23T01:14:57.851+0000] {processor.py:925} INFO - DAG(s) 'example_weekday_branch_operator' retrieved from /home/ec2-user/environment/lab4_model_training/venv/lib64/python3.12/site-packages/airflow/example_dags/example_branch_day_of_week_operator.py
[2026-03-23T01:14:57.866+0000] {logging_mixin.py:190} INFO - [2026-03-23T01:14:57.866+0000] {dag.py:3239} INFO - Sync 1 DAGs
[2026-03-23T01:14:57.886+0000] {logging_mixin.py:190} INFO - [2026-03-23T01:14:57.885+0000] {dag.py:4180} INFO - Setting next_dagrun for example_weekday_branch_operator to 2026-03-22 00:00:00+00:00, run_after=2026-03-23 00:00:00+00:00
[2026-03-23T01:14:57.907+0000] {processor.py:208} INFO - Processing /home/ec2-user/environment/lab4_model_training/venv/lib64/python3.12/site-packages/airflow/example_dags/example_branch_day_of_week_operator.py took 0.074 seconds
[2026-03-23T01:16:05.182+0000] {processor.py:186} INFO - Started process (PID=8270) to work on /home/ec2-user/environment/lab4_model_training/venv/lib64/python3.12/site-packages/airflow/example_dags/example_branch_day_of_week_operator.py
[2026-03-23T01:16:05.183+0000] {processor.py:914} INFO - Processing file /home/ec2-user/environment/lab4_model_training/venv/lib64/python3.12/site-packages/airflow/example_dags/example_branch_day_of_week_operator.py for tasks to queue
[2026-03-23T01:16:05.185+0000] {logging_mixin.py:190} INFO - [2026-03-23T01:16:05.185+0000] {dagbag.py:588} INFO - Filling up the DagBag from /home/ec2-user/environment/lab4_model_training/venv/lib64/python3.12/site-packages/airflow/example_dags/example_branch_day_of_week_operator.py
[2026-03-23T01:16:05.195+0000] {processor.py:925} INFO - DAG(s) 'example_weekday_branch_operator' retrieved from /home/ec2-user/environment/lab4_model_training/venv/lib64/python3.12/site-packages/airflow/example_dags/example_branch_day_of_week_operator.py
[2026-03-23T01:16:05.211+0000] {logging_mixin.py:190} INFO - [2026-03-23T01:16:05.211+0000] {dag.py:3239} INFO - Sync 1 DAGs
[2026-03-23T01:16:05.231+0000] {logging_mixin.py:190} INFO - [2026-03-23T01:16:05.231+0000] {dag.py:4180} INFO - Setting next_dagrun for example_weekday_branch_operator to 2026-03-22 00:00:00+00:00, run_after=2026-03-23 00:00:00+00:00
[2026-03-23T01:16:05.253+0000] {processor.py:208} INFO - Processing /home/ec2-user/environment/lab4_model_training/venv/lib64/python3.12/site-packages/airflow/example_dags/example_branch_day_of_week_operator.py took 0.076 seconds
[2026-03-23T01:17:09.307+0000] {processor.py:186} INFO - Started process (PID=8378) to work on /home/ec2-user/environment/lab4_model_training/venv/lib64/python3.12/site-packages/airflow/example_dags/example_branch_day_of_week_operator.py
[2026-03-23T01:17:09.308+0000] {processor.py:914} INFO - Processing file /home/ec2-user/environment/lab4_model_training/venv/lib64/python3.12/site-packages/airflow/example_dags/example_branch_day_of_week_operator.py for tasks to queue
[2026-03-23T01:17:09.310+0000] {logging_mixin.py:190} INFO - [2026-03-23T01:17:09.309+0000] {dagbag.py:588} INFO - Filling up the DagBag from /home/ec2-user/environment/lab4_model_training/venv/lib64/python3.12/site-packages/airflow/example_dags/example_branch_day_of_week_operator.py
[2026-03-23T01:17:09.319+0000] {processor.py:925} INFO - DAG(s) 'example_weekday_branch_operator' retrieved from /home/ec2-user/environment/lab4_model_training/venv/lib64/python3.12/site-packages/airflow/example_dags/example_branch_day_of_week_operator.py
[2026-03-23T01:17:09.335+0000] {logging_mixin.py:190} INFO - [2026-03-23T01:17:09.335+0000] {dag.py:3239} INFO - Sync 1 DAGs
[2026-03-23T01:17:09.355+0000] {logging_mixin.py:190} INFO - [2026-03-23T01:17:09.355+0000] {dag.py:4180} INFO - Setting next_dagrun for example_weekday_branch_operator to 2026-03-22 00:00:00+00:00, run_after=2026-03-23 00:00:00+00:00
[2026-03-23T01:17:09.376+0000] {processor.py:208} INFO - Processing /home/ec2-user/environment/lab4_model_training/venv/lib64/python3.12/site-packages/airflow/example_dags/example_branch_day_of_week_operator.py took 0.075 seconds
[2026-03-23T01:18:13.080+0000] {processor.py:186} INFO - Started process (PID=8560) to work on /home/ec2-user/environment/lab4_model_training/venv/lib64/python3.12/site-packages/airflow/example_dags/example_branch_day_of_week_operator.py
[2026-03-23T01:18:13.081+0000] {processor.py:914} INFO - Processing file /home/ec2-user/environment/lab4_model_training/venv/lib64/python3.12/site-packages/airflow/example_dags/example_branch_day_of_week_operator.py for tasks to queue
[2026-03-23T01:18:13.083+0000] {logging_mixin.py:190} INFO - [2026-03-23T01:18:13.083+0000] {dagbag.py:588} INFO - Filling up the DagBag from /home/ec2-user/environment/lab4_model_training/venv/lib64/python3.12/site-packages/airflow/example_dags/example_branch_day_of_week_operator.py
[2026-03-23T01:18:13.093+0000] {processor.py:925} INFO - DAG(s) 'example_weekday_branch_operator' retrieved from /home/ec2-user/environment/lab4_model_training/venv/lib64/python3.12/site-packages/airflow/example_dags/example_branch_day_of_week_operator.py
[2026-03-23T01:18:13.109+0000] {logging_mixin.py:190} INFO - [2026-03-23T01:18:13.109+0000] {dag.py:3239} INFO - Sync 1 DAGs
[2026-03-23T01:18:13.129+0000] {logging_mixin.py:190} INFO - [2026-03-23T01:18:13.129+0000] {dag.py:4180} INFO - Setting next_dagrun for example_weekday_branch_operator to 2026-03-22 00:00:00+00:00, run_after=2026-03-23 00:00:00+00:00
[2026-03-23T01:18:13.151+0000] {processor.py:208} INFO - Processing /home/ec2-user/environment/lab4_model_training/venv/lib64/python3.12/site-packages/airflow/example_dags/example_branch_day_of_week_operator.py took 0.076 seconds
[2026-03-23T01:19:13.211+0000] {processor.py:186} INFO - Started process (PID=8664) to work on /home/ec2-user/environment/lab4_model_training/venv/lib64/python3.12/site-packages/airflow/example_dags/example_branch_day_of_week_operator.py
[2026-03-23T01:19:13.212+0000] {processor.py:914} INFO - Processing file /home/ec2-user/environment/lab4_model_training/venv/lib64/python3.12/site-packages/airflow/example_dags/example_branch_day_of_week_operator.py for tasks to queue
[2026-03-23T01:19:13.214+0000] {logging_mixin.py:190} INFO - [2026-03-23T01:19:13.214+0000] {dagbag.py:588} INFO - Filling up the DagBag from /home/ec2-user/environment/lab4_model_training/venv/lib64/python3.12/site-packages/airflow/example_dags/example_branch_day_of_week_operator.py
[2026-03-23T01:19:13.224+0000] {processor.py:925} INFO - DAG(s) 'example_weekday_branch_operator' retrieved from /home/ec2-user/environment/lab4_model_training/venv/lib64/python3.12/site-packages/airflow/example_dags/example_branch_day_of_week_operator.py
[2026-03-23T01:19:13.239+0000] {logging_mixin.py:190} INFO - [2026-03-23T01:19:13.239+0000] {dag.py:3239} INFO - Sync 1 DAGs
[2026-03-23T01:19:13.258+0000] {logging_mixin.py:190} INFO - [2026-03-23T01:19:13.257+0000] {dag.py:4180} INFO - Setting next_dagrun for example_weekday_branch_operator to 2026-03-22 00:00:00+00:00, run_after=2026-03-23 00:00:00+00:00
[2026-03-23T01:19:13.278+0000] {processor.py:208} INFO - Processing /home/ec2-user/environment/lab4_model_training/venv/lib64/python3.12/site-packages/airflow/example_dags/example_branch_day_of_week_operator.py took 0.072 seconds
[2026-03-23T01:20:18.140+0000] {processor.py:186} INFO - Started process (PID=8820) to work on /home/ec2-user/environment/lab4_model_training/venv/lib64/python3.12/site-packages/airflow/example_dags/example_branch_day_of_week_operator.py
[2026-03-23T01:20:18.141+0000] {processor.py:914} INFO - Processing file /home/ec2-user/environment/lab4_model_training/venv/lib64/python3.12/site-packages/airflow/example_dags/example_branch_day_of_week_operator.py for tasks to queue
[2026-03-23T01:20:18.143+0000] {logging_mixin.py:190} INFO - [2026-03-23T01:20:18.143+0000] {dagbag.py:588} INFO - Filling up the DagBag from /home/ec2-user/environment/lab4_model_training/venv/lib64/python3.12/site-packages/airflow/example_dags/example_branch_day_of_week_operator.py
[2026-03-23T01:20:18.153+0000] {processor.py:925} INFO - DAG(s) 'example_weekday_branch_operator' retrieved from /home/ec2-user/environment/lab4_model_training/venv/lib64/python3.12/site-packages/airflow/example_dags/example_branch_day_of_week_operator.py
[2026-03-23T01:20:18.169+0000] {logging_mixin.py:190} INFO - [2026-03-23T01:20:18.168+0000] {dag.py:3239} INFO - Sync 1 DAGs
[2026-03-23T01:20:18.188+0000] {logging_mixin.py:190} INFO - [2026-03-23T01:20:18.188+0000] {dag.py:4180} INFO - Setting next_dagrun for example_weekday_branch_operator to 2026-03-22 00:00:00+00:00, run_after=2026-03-23 00:00:00+00:00
[2026-03-23T01:20:18.210+0000] {processor.py:208} INFO - Processing /home/ec2-user/environment/lab4_model_training/venv/lib64/python3.12/site-packages/airflow/example_dags/example_branch_day_of_week_operator.py took 0.076 seconds
[2026-03-23T01:20:53.992+0000] {processor.py:186} INFO - Started process (PID=8870) to work on /home/ec2-user/environment/lab4_model_training/venv/lib64/python3.12/site-packages/airflow/example_dags/example_branch_day_of_week_operator.py
[2026-03-23T01:20:53.993+0000] {processor.py:914} INFO - Processing file /home/ec2-user/environment/lab4_model_training/venv/lib64/python3.12/site-packages/airflow/example_dags/example_branch_day_of_week_operator.py for tasks to queue
[2026-03-23T01:20:53.995+0000] {logging_mixin.py:190} INFO - [2026-03-23T01:20:53.994+0000] {dagbag.py:588} INFO - Filling up the DagBag from /home/ec2-user/environment/lab4_model_training/venv/lib64/python3.12/site-packages/airflow/example_dags/example_branch_day_of_week_operator.py
[2026-03-23T01:20:54.004+0000] {processor.py:925} INFO - DAG(s) 'example_weekday_branch_operator' retrieved from /home/ec2-user/environment/lab4_model_training/venv/lib64/python3.12/site-packages/airflow/example_dags/example_branch_day_of_week_operator.py
[2026-03-23T01:20:54.020+0000] {logging_mixin.py:190} INFO - [2026-03-23T01:20:54.020+0000] {dag.py:3239} INFO - Sync 1 DAGs
[2026-03-23T01:20:54.041+0000] {logging_mixin.py:190} INFO - [2026-03-23T01:20:54.040+0000] {dag.py:4180} INFO - Setting next_dagrun for example_weekday_branch_operator to 2026-03-22 00:00:00+00:00, run_after=2026-03-23 00:00:00+00:00
[2026-03-23T01:20:54.062+0000] {processor.py:208} INFO - Processing /home/ec2-user/environment/lab4_model_training/venv/lib64/python3.12/site-packages/airflow/example_dags/example_branch_day_of_week_operator.py took 0.076 seconds
[2026-03-23T01:22:00.411+0000] {processor.py:186} INFO - Started process (PID=9043) to work on /home/ec2-user/environment/lab4_model_training/venv/lib64/python3.12/site-packages/airflow/example_dags/example_branch_day_of_week_operator.py
[2026-03-23T01:22:00.412+0000] {processor.py:914} INFO - Processing file /home/ec2-user/environment/lab4_model_training/venv/lib64/python3.12/site-packages/airflow/example_dags/example_branch_day_of_week_operator.py for tasks to queue
[2026-03-23T01:22:00.414+0000] {logging_mixin.py:190} INFO - [2026-03-23T01:22:00.414+0000] {dagbag.py:588} INFO - Filling up the DagBag from /home/ec2-user/environment/lab4_model_training/venv/lib64/python3.12/site-packages/airflow/example_dags/example_branch_day_of_week_operator.py
[2026-03-23T01:22:00.424+0000] {processor.py:925} INFO - DAG(s) 'example_weekday_branch_operator' retrieved from /home/ec2-user/environment/lab4_model_training/venv/lib64/python3.12/site-packages/airflow/example_dags/example_branch_day_of_week_operator.py
[2026-03-23T01:22:00.440+0000] {logging_mixin.py:190} INFO - [2026-03-23T01:22:00.440+0000] {dag.py:3239} INFO - Sync 1 DAGs
[2026-03-23T01:22:00.459+0000] {logging_mixin.py:190} INFO - [2026-03-23T01:22:00.459+0000] {dag.py:4180} INFO - Setting next_dagrun for example_weekday_branch_operator to 2026-03-22 00:00:00+00:00, run_after=2026-03-23 00:00:00+00:00
[2026-03-23T01:22:00.480+0000] {processor.py:208} INFO - Processing /home/ec2-user/environment/lab4_model_training/venv/lib64/python3.12/site-packages/airflow/example_dags/example_branch_day_of_week_operator.py took 0.075 seconds
[2026-03-23T01:23:10.358+0000] {processor.py:186} INFO - Started process (PID=9194) to work on /home/ec2-user/environment/lab4_model_training/venv/lib64/python3.12/site-packages/airflow/example_dags/example_branch_day_of_week_operator.py
[2026-03-23T01:23:10.359+0000] {processor.py:914} INFO - Processing file /home/ec2-user/environment/lab4_model_training/venv/lib64/python3.12/site-packages/airflow/example_dags/example_branch_day_of_week_operator.py for tasks to queue
[2026-03-23T01:23:10.361+0000] {logging_mixin.py:190} INFO - [2026-03-23T01:23:10.361+0000] {dagbag.py:588} INFO - Filling up the DagBag from /home/ec2-user/environment/lab4_model_training/venv/lib64/python3.12/site-packages/airflow/example_dags/example_branch_day_of_week_operator.py
[2026-03-23T01:23:10.375+0000] {processor.py:925} INFO - DAG(s) 'example_weekday_branch_operator' retrieved from /home/ec2-user/environment/lab4_model_training/venv/lib64/python3.12/site-packages/airflow/example_dags/example_branch_day_of_week_operator.py
[2026-03-23T01:23:10.392+0000] {logging_mixin.py:190} INFO - [2026-03-23T01:23:10.392+0000] {dag.py:3239} INFO - Sync 1 DAGs
[2026-03-23T01:23:10.412+0000] {logging_mixin.py:190} INFO - [2026-03-23T01:23:10.412+0000] {dag.py:4180} INFO - Setting next_dagrun for example_weekday_branch_operator to 2026-03-22 00:00:00+00:00, run_after=2026-03-23 00:00:00+00:00
[2026-03-23T01:23:10.434+0000] {processor.py:208} INFO - Processing /home/ec2-user/environment/lab4_model_training/venv/lib64/python3.12/site-packages/airflow/example_dags/example_branch_day_of_week_operator.py took 0.081 seconds
[2026-03-23T01:24:15.132+0000] {processor.py:186} INFO - Started process (PID=9396) to work on /home/ec2-user/environment/lab4_model_training/venv/lib64/python3.12/site-packages/airflow/example_dags/example_branch_day_of_week_operator.py
[2026-03-23T01:24:15.133+0000] {processor.py:914} INFO - Processing file /home/ec2-user/environment/lab4_model_training/venv/lib64/python3.12/site-packages/airflow/example_dags/example_branch_day_of_week_operator.py for tasks to queue
[2026-03-23T01:24:15.135+0000] {logging_mixin.py:190} INFO - [2026-03-23T01:24:15.135+0000] {dagbag.py:588} INFO - Filling up the DagBag from /home/ec2-user/environment/lab4_model_training/venv/lib64/python3.12/site-packages/airflow/example_dags/example_branch_day_of_week_operator.py
[2026-03-23T01:24:15.145+0000] {processor.py:925} INFO - DAG(s) 'example_weekday_branch_operator' retrieved from /home/ec2-user/environment/lab4_model_training/venv/lib64/python3.12/site-packages/airflow/example_dags/example_branch_day_of_week_operator.py
[2026-03-23T01:24:15.161+0000] {logging_mixin.py:190} INFO - [2026-03-23T01:24:15.161+0000] {dag.py:3239} INFO - Sync 1 DAGs
[2026-03-23T01:24:15.181+0000] {logging_mixin.py:190} INFO - [2026-03-23T01:24:15.181+0000] {dag.py:4180} INFO - Setting next_dagrun for example_weekday_branch_operator to 2026-03-22 00:00:00+00:00, run_after=2026-03-23 00:00:00+00:00
[2026-03-23T01:24:15.202+0000] {processor.py:208} INFO - Processing /home/ec2-user/environment/lab4_model_training/venv/lib64/python3.12/site-packages/airflow/example_dags/example_branch_day_of_week_operator.py took 0.076 seconds
