[2026-03-23T00:59:09.460+0000] {processor.py:186} INFO - Started process (PID=5796) to work on /home/ec2-user/environment/lab4_model_training/venv/lib64/python3.12/site-packages/airflow/example_dags/example_complex.py
[2026-03-23T00:59:09.461+0000] {processor.py:914} INFO - Processing file /home/ec2-user/environment/lab4_model_training/venv/lib64/python3.12/site-packages/airflow/example_dags/example_complex.py for tasks to queue
[2026-03-23T00:59:09.463+0000] {logging_mixin.py:190} INFO - [2026-03-23T00:59:09.462+0000] {dagbag.py:588} INFO - Filling up the DagBag from /home/ec2-user/environment/lab4_model_training/venv/lib64/python3.12/site-packages/airflow/example_dags/example_complex.py
[2026-03-23T00:59:09.474+0000] {processor.py:925} INFO - DAG(s) 'example_complex' retrieved from /home/ec2-user/environment/lab4_model_training/venv/lib64/python3.12/site-packages/airflow/example_dags/example_complex.py
[2026-03-23T00:59:09.507+0000] {logging_mixin.py:190} INFO - [2026-03-23T00:59:09.507+0000] {dag.py:3239} INFO - Sync 1 DAGs
[2026-03-23T00:59:09.519+0000] {logging_mixin.py:190} INFO - [2026-03-23T00:59:09.518+0000] {dag.py:4180} INFO - Setting next_dagrun for example_complex to None, run_after=None
[2026-03-23T00:59:09.540+0000] {processor.py:208} INFO - Processing /home/ec2-user/environment/lab4_model_training/venv/lib64/python3.12/site-packages/airflow/example_dags/example_complex.py took 0.085 seconds
[2026-03-23T01:00:11.519+0000] {processor.py:186} INFO - Started process (PID=5967) to work on /home/ec2-user/environment/lab4_model_training/venv/lib64/python3.12/site-packages/airflow/example_dags/example_complex.py
[2026-03-23T01:00:11.520+0000] {processor.py:914} INFO - Processing file /home/ec2-user/environment/lab4_model_training/venv/lib64/python3.12/site-packages/airflow/example_dags/example_complex.py for tasks to queue
[2026-03-23T01:00:11.522+0000] {logging_mixin.py:190} INFO - [2026-03-23T01:00:11.522+0000] {dagbag.py:588} INFO - Filling up the DagBag from /home/ec2-user/environment/lab4_model_training/venv/lib64/python3.12/site-packages/airflow/example_dags/example_complex.py
[2026-03-23T01:00:11.533+0000] {processor.py:925} INFO - DAG(s) 'example_complex' retrieved from /home/ec2-user/environment/lab4_model_training/venv/lib64/python3.12/site-packages/airflow/example_dags/example_complex.py
[2026-03-23T01:00:11.559+0000] {logging_mixin.py:190} INFO - [2026-03-23T01:00:11.558+0000] {dag.py:3239} INFO - Sync 1 DAGs
[2026-03-23T01:00:11.571+0000] {logging_mixin.py:190} INFO - [2026-03-23T01:00:11.571+0000] {dag.py:4180} INFO - Setting next_dagrun for example_complex to None, run_after=None
[2026-03-23T01:00:11.594+0000] {processor.py:208} INFO - Processing /home/ec2-user/environment/lab4_model_training/venv/lib64/python3.12/site-packages/airflow/example_dags/example_complex.py took 0.080 seconds
[2026-03-23T01:01:16.016+0000] {processor.py:186} INFO - Started process (PID=6176) to work on /home/ec2-user/environment/lab4_model_training/venv/lib64/python3.12/site-packages/airflow/example_dags/example_complex.py
[2026-03-23T01:01:16.017+0000] {processor.py:914} INFO - Processing file /home/ec2-user/environment/lab4_model_training/venv/lib64/python3.12/site-packages/airflow/example_dags/example_complex.py for tasks to queue
[2026-03-23T01:01:16.019+0000] {logging_mixin.py:190} INFO - [2026-03-23T01:01:16.019+0000] {dagbag.py:588} INFO - Filling up the DagBag from /home/ec2-user/environment/lab4_model_training/venv/lib64/python3.12/site-packages/airflow/example_dags/example_complex.py
[2026-03-23T01:01:16.031+0000] {processor.py:925} INFO - DAG(s) 'example_complex' retrieved from /home/ec2-user/environment/lab4_model_training/venv/lib64/python3.12/site-packages/airflow/example_dags/example_complex.py
[2026-03-23T01:01:16.056+0000] {logging_mixin.py:190} INFO - [2026-03-23T01:01:16.056+0000] {dag.py:3239} INFO - Sync 1 DAGs
[2026-03-23T01:01:16.068+0000] {logging_mixin.py:190} INFO - [2026-03-23T01:01:16.068+0000] {dag.py:4180} INFO - Setting next_dagrun for example_complex to None, run_after=None
[2026-03-23T01:01:16.090+0000] {processor.py:208} INFO - Processing /home/ec2-user/environment/lab4_model_training/venv/lib64/python3.12/site-packages/airflow/example_dags/example_complex.py took 0.079 seconds
[2026-03-23T01:02:17.157+0000] {processor.py:186} INFO - Started process (PID=6333) to work on /home/ec2-user/environment/lab4_model_training/venv/lib64/python3.12/site-packages/airflow/example_dags/example_complex.py
[2026-03-23T01:02:17.158+0000] {processor.py:914} INFO - Processing file /home/ec2-user/environment/lab4_model_training/venv/lib64/python3.12/site-packages/airflow/example_dags/example_complex.py for tasks to queue
[2026-03-23T01:02:17.160+0000] {logging_mixin.py:190} INFO - [2026-03-23T01:02:17.159+0000] {dagbag.py:588} INFO - Filling up the DagBag from /home/ec2-user/environment/lab4_model_training/venv/lib64/python3.12/site-packages/airflow/example_dags/example_complex.py
[2026-03-23T01:02:17.171+0000] {processor.py:925} INFO - DAG(s) 'example_complex' retrieved from /home/ec2-user/environment/lab4_model_training/venv/lib64/python3.12/site-packages/airflow/example_dags/example_complex.py
[2026-03-23T01:02:17.196+0000] {logging_mixin.py:190} INFO - [2026-03-23T01:02:17.196+0000] {dag.py:3239} INFO - Sync 1 DAGs
[2026-03-23T01:02:17.208+0000] {logging_mixin.py:190} INFO - [2026-03-23T01:02:17.208+0000] {dag.py:4180} INFO - Setting next_dagrun for example_complex to None, run_after=None
[2026-03-23T01:02:17.229+0000] {processor.py:208} INFO - Processing /home/ec2-user/environment/lab4_model_training/venv/lib64/python3.12/site-packages/airflow/example_dags/example_complex.py took 0.078 seconds
[2026-03-23T01:03:25.156+0000] {processor.py:186} INFO - Started process (PID=6536) to work on /home/ec2-user/environment/lab4_model_training/venv/lib64/python3.12/site-packages/airflow/example_dags/example_complex.py
[2026-03-23T01:03:25.157+0000] {processor.py:914} INFO - Processing file /home/ec2-user/environment/lab4_model_training/venv/lib64/python3.12/site-packages/airflow/example_dags/example_complex.py for tasks to queue
[2026-03-23T01:03:25.159+0000] {logging_mixin.py:190} INFO - [2026-03-23T01:03:25.159+0000] {dagbag.py:588} INFO - Filling up the DagBag from /home/ec2-user/environment/lab4_model_training/venv/lib64/python3.12/site-packages/airflow/example_dags/example_complex.py
[2026-03-23T01:03:25.170+0000] {processor.py:925} INFO - DAG(s) 'example_complex' retrieved from /home/ec2-user/environment/lab4_model_training/venv/lib64/python3.12/site-packages/airflow/example_dags/example_complex.py
[2026-03-23T01:03:25.196+0000] {logging_mixin.py:190} INFO - [2026-03-23T01:03:25.196+0000] {dag.py:3239} INFO - Sync 1 DAGs
[2026-03-23T01:03:25.208+0000] {logging_mixin.py:190} INFO - [2026-03-23T01:03:25.208+0000] {dag.py:4180} INFO - Setting next_dagrun for example_complex to None, run_after=None
[2026-03-23T01:03:25.230+0000] {processor.py:208} INFO - Processing /home/ec2-user/environment/lab4_model_training/venv/lib64/python3.12/site-packages/airflow/example_dags/example_complex.py took 0.079 seconds
[2026-03-23T01:04:29.871+0000] {processor.py:186} INFO - Started process (PID=6671) to work on /home/ec2-user/environment/lab4_model_training/venv/lib64/python3.12/site-packages/airflow/example_dags/example_complex.py
[2026-03-23T01:04:29.872+0000] {processor.py:914} INFO - Processing file /home/ec2-user/environment/lab4_model_training/venv/lib64/python3.12/site-packages/airflow/example_dags/example_complex.py for tasks to queue
[2026-03-23T01:04:29.874+0000] {logging_mixin.py:190} INFO - [2026-03-23T01:04:29.873+0000] {dagbag.py:588} INFO - Filling up the DagBag from /home/ec2-user/environment/lab4_model_training/venv/lib64/python3.12/site-packages/airflow/example_dags/example_complex.py
[2026-03-23T01:04:29.885+0000] {processor.py:925} INFO - DAG(s) 'example_complex' retrieved from /home/ec2-user/environment/lab4_model_training/venv/lib64/python3.12/site-packages/airflow/example_dags/example_complex.py
[2026-03-23T01:04:29.910+0000] {logging_mixin.py:190} INFO - [2026-03-23T01:04:29.910+0000] {dag.py:3239} INFO - Sync 1 DAGs
[2026-03-23T01:04:29.922+0000] {logging_mixin.py:190} INFO - [2026-03-23T01:04:29.921+0000] {dag.py:4180} INFO - Setting next_dagrun for example_complex to None, run_after=None
[2026-03-23T01:04:29.943+0000] {processor.py:208} INFO - Processing /home/ec2-user/environment/lab4_model_training/venv/lib64/python3.12/site-packages/airflow/example_dags/example_complex.py took 0.077 seconds
[2026-03-23T01:05:40.127+0000] {processor.py:186} INFO - Started process (PID=6845) to work on /home/ec2-user/environment/lab4_model_training/venv/lib64/python3.12/site-packages/airflow/example_dags/example_complex.py
[2026-03-23T01:05:40.128+0000] {processor.py:914} INFO - Processing file /home/ec2-user/environment/lab4_model_training/venv/lib64/python3.12/site-packages/airflow/example_dags/example_complex.py for tasks to queue
[2026-03-23T01:05:40.130+0000] {logging_mixin.py:190} INFO - [2026-03-23T01:05:40.130+0000] {dagbag.py:588} INFO - Filling up the DagBag from /home/ec2-user/environment/lab4_model_training/venv/lib64/python3.12/site-packages/airflow/example_dags/example_complex.py
[2026-03-23T01:05:40.141+0000] {processor.py:925} INFO - DAG(s) 'example_complex' retrieved from /home/ec2-user/environment/lab4_model_training/venv/lib64/python3.12/site-packages/airflow/example_dags/example_complex.py
[2026-03-23T01:05:40.167+0000] {logging_mixin.py:190} INFO - [2026-03-23T01:05:40.166+0000] {dag.py:3239} INFO - Sync 1 DAGs
[2026-03-23T01:05:40.178+0000] {logging_mixin.py:190} INFO - [2026-03-23T01:05:40.178+0000] {dag.py:4180} INFO - Setting next_dagrun for example_complex to None, run_after=None
[2026-03-23T01:05:40.200+0000] {processor.py:208} INFO - Processing /home/ec2-user/environment/lab4_model_training/venv/lib64/python3.12/site-packages/airflow/example_dags/example_complex.py took 0.078 seconds
[2026-03-23T01:06:19.097+0000] {processor.py:186} INFO - Started process (PID=6934) to work on /home/ec2-user/environment/lab4_model_training/venv/lib64/python3.12/site-packages/airflow/example_dags/example_complex.py
[2026-03-23T01:06:19.098+0000] {processor.py:914} INFO - Processing file /home/ec2-user/environment/lab4_model_training/venv/lib64/python3.12/site-packages/airflow/example_dags/example_complex.py for tasks to queue
[2026-03-23T01:06:19.100+0000] {logging_mixin.py:190} INFO - [2026-03-23T01:06:19.100+0000] {dagbag.py:588} INFO - Filling up the DagBag from /home/ec2-user/environment/lab4_model_training/venv/lib64/python3.12/site-packages/airflow/example_dags/example_complex.py
[2026-03-23T01:06:19.111+0000] {processor.py:925} INFO - DAG(s) 'example_complex' retrieved from /home/ec2-user/environment/lab4_model_training/venv/lib64/python3.12/site-packages/airflow/example_dags/example_complex.py
[2026-03-23T01:06:19.136+0000] {logging_mixin.py:190} INFO - [2026-03-23T01:06:19.136+0000] {dag.py:3239} INFO - Sync 1 DAGs
[2026-03-23T01:06:19.148+0000] {logging_mixin.py:190} INFO - [2026-03-23T01:06:19.148+0000] {dag.py:4180} INFO - Setting next_dagrun for example_complex to None, run_after=None
[2026-03-23T01:06:19.170+0000] {processor.py:208} INFO - Processing /home/ec2-user/environment/lab4_model_training/venv/lib64/python3.12/site-packages/airflow/example_dags/example_complex.py took 0.078 seconds
[2026-03-23T01:07:35.807+0000] {processor.py:186} INFO - Started process (PID=7127) to work on /home/ec2-user/environment/lab4_model_training/venv/lib64/python3.12/site-packages/airflow/example_dags/example_complex.py
[2026-03-23T01:07:35.808+0000] {processor.py:914} INFO - Processing file /home/ec2-user/environment/lab4_model_training/venv/lib64/python3.12/site-packages/airflow/example_dags/example_complex.py for tasks to queue
[2026-03-23T01:07:35.810+0000] {logging_mixin.py:190} INFO - [2026-03-23T01:07:35.810+0000] {dagbag.py:588} INFO - Filling up the DagBag from /home/ec2-user/environment/lab4_model_training/venv/lib64/python3.12/site-packages/airflow/example_dags/example_complex.py
[2026-03-23T01:07:35.821+0000] {processor.py:925} INFO - DAG(s) 'example_complex' retrieved from /home/ec2-user/environment/lab4_model_training/venv/lib64/python3.12/site-packages/airflow/example_dags/example_complex.py
[2026-03-23T01:07:35.851+0000] {logging_mixin.py:190} INFO - [2026-03-23T01:07:35.851+0000] {dag.py:3239} INFO - Sync 1 DAGs
[2026-03-23T01:07:35.863+0000] {logging_mixin.py:190} INFO - [2026-03-23T01:07:35.862+0000] {dag.py:4180} INFO - Setting next_dagrun for example_complex to None, run_after=None
[2026-03-23T01:07:35.884+0000] {processor.py:208} INFO - Processing /home/ec2-user/environment/lab4_model_training/venv/lib64/python3.12/site-packages/airflow/example_dags/example_complex.py took 0.082 seconds
[2026-03-23T01:08:45.643+0000] {processor.py:186} INFO - Started process (PID=7258) to work on /home/ec2-user/environment/lab4_model_training/venv/lib64/python3.12/site-packages/airflow/example_dags/example_complex.py
[2026-03-23T01:08:45.645+0000] {processor.py:914} INFO - Processing file /home/ec2-user/environment/lab4_model_training/venv/lib64/python3.12/site-packages/airflow/example_dags/example_complex.py for tasks to queue
[2026-03-23T01:08:45.648+0000] {logging_mixin.py:190} INFO - [2026-03-23T01:08:45.647+0000] {dagbag.py:588} INFO - Filling up the DagBag from /home/ec2-user/environment/lab4_model_training/venv/lib64/python3.12/site-packages/airflow/example_dags/example_complex.py
[2026-03-23T01:08:45.665+0000] {processor.py:925} INFO - DAG(s) 'example_complex' retrieved from /home/ec2-user/environment/lab4_model_training/venv/lib64/python3.12/site-packages/airflow/example_dags/example_complex.py
[2026-03-23T01:08:45.709+0000] {logging_mixin.py:190} INFO - [2026-03-23T01:08:45.709+0000] {dag.py:3239} INFO - Sync 1 DAGs
[2026-03-23T01:08:45.721+0000] {logging_mixin.py:190} INFO - [2026-03-23T01:08:45.721+0000] {dag.py:4180} INFO - Setting next_dagrun for example_complex to None, run_after=None
[2026-03-23T01:08:45.743+0000] {processor.py:208} INFO - Processing /home/ec2-user/environment/lab4_model_training/venv/lib64/python3.12/site-packages/airflow/example_dags/example_complex.py took 0.107 seconds
[2026-03-23T01:10:04.766+0000] {processor.py:186} INFO - Started process (PID=7437) to work on /home/ec2-user/environment/lab4_model_training/venv/lib64/python3.12/site-packages/airflow/example_dags/example_complex.py
[2026-03-23T01:10:04.768+0000] {processor.py:914} INFO - Processing file /home/ec2-user/environment/lab4_model_training/venv/lib64/python3.12/site-packages/airflow/example_dags/example_complex.py for tasks to queue
[2026-03-23T01:10:04.770+0000] {logging_mixin.py:190} INFO - [2026-03-23T01:10:04.769+0000] {dagbag.py:588} INFO - Filling up the DagBag from /home/ec2-user/environment/lab4_model_training/venv/lib64/python3.12/site-packages/airflow/example_dags/example_complex.py
[2026-03-23T01:10:04.781+0000] {processor.py:925} INFO - DAG(s) 'example_complex' retrieved from /home/ec2-user/environment/lab4_model_training/venv/lib64/python3.12/site-packages/airflow/example_dags/example_complex.py
[2026-03-23T01:10:04.806+0000] {logging_mixin.py:190} INFO - [2026-03-23T01:10:04.806+0000] {dag.py:3239} INFO - Sync 1 DAGs
[2026-03-23T01:10:04.818+0000] {logging_mixin.py:190} INFO - [2026-03-23T01:10:04.818+0000] {dag.py:4180} INFO - Setting next_dagrun for example_complex to None, run_after=None
[2026-03-23T01:10:04.839+0000] {processor.py:208} INFO - Processing /home/ec2-user/environment/lab4_model_training/venv/lib64/python3.12/site-packages/airflow/example_dags/example_complex.py took 0.078 seconds
[2026-03-23T01:11:11.929+0000] {processor.py:186} INFO - Started process (PID=7619) to work on /home/ec2-user/environment/lab4_model_training/venv/lib64/python3.12/site-packages/airflow/example_dags/example_complex.py
[2026-03-23T01:11:11.930+0000] {processor.py:914} INFO - Processing file /home/ec2-user/environment/lab4_model_training/venv/lib64/python3.12/site-packages/airflow/example_dags/example_complex.py for tasks to queue
[2026-03-23T01:11:11.932+0000] {logging_mixin.py:190} INFO - [2026-03-23T01:11:11.931+0000] {dagbag.py:588} INFO - Filling up the DagBag from /home/ec2-user/environment/lab4_model_training/venv/lib64/python3.12/site-packages/airflow/example_dags/example_complex.py
[2026-03-23T01:11:11.943+0000] {processor.py:925} INFO - DAG(s) 'example_complex' retrieved from /home/ec2-user/environment/lab4_model_training/venv/lib64/python3.12/site-packages/airflow/example_dags/example_complex.py
[2026-03-23T01:11:11.968+0000] {logging_mixin.py:190} INFO - [2026-03-23T01:11:11.968+0000] {dag.py:3239} INFO - Sync 1 DAGs
[2026-03-23T01:11:11.981+0000] {logging_mixin.py:190} INFO - [2026-03-23T01:11:11.980+0000] {dag.py:4180} INFO - Setting next_dagrun for example_complex to None, run_after=None
[2026-03-23T01:11:12.002+0000] {processor.py:208} INFO - Processing /home/ec2-user/environment/lab4_model_training/venv/lib64/python3.12/site-packages/airflow/example_dags/example_complex.py took 0.079 seconds
[2026-03-23T01:12:15.875+0000] {processor.py:186} INFO - Started process (PID=7777) to work on /home/ec2-user/environment/lab4_model_training/venv/lib64/python3.12/site-packages/airflow/example_dags/example_complex.py
[2026-03-23T01:12:15.877+0000] {processor.py:914} INFO - Processing file /home/ec2-user/environment/lab4_model_training/venv/lib64/python3.12/site-packages/airflow/example_dags/example_complex.py for tasks to queue
[2026-03-23T01:12:15.879+0000] {logging_mixin.py:190} INFO - [2026-03-23T01:12:15.878+0000] {dagbag.py:588} INFO - Filling up the DagBag from /home/ec2-user/environment/lab4_model_training/venv/lib64/python3.12/site-packages/airflow/example_dags/example_complex.py
[2026-03-23T01:12:15.890+0000] {processor.py:925} INFO - DAG(s) 'example_complex' retrieved from /home/ec2-user/environment/lab4_model_training/venv/lib64/python3.12/site-packages/airflow/example_dags/example_complex.py
[2026-03-23T01:12:15.915+0000] {logging_mixin.py:190} INFO - [2026-03-23T01:12:15.915+0000] {dag.py:3239} INFO - Sync 1 DAGs
[2026-03-23T01:12:15.927+0000] {logging_mixin.py:190} INFO - [2026-03-23T01:12:15.927+0000] {dag.py:4180} INFO - Setting next_dagrun for example_complex to None, run_after=None
[2026-03-23T01:12:15.949+0000] {processor.py:208} INFO - Processing /home/ec2-user/environment/lab4_model_training/venv/lib64/python3.12/site-packages/airflow/example_dags/example_complex.py took 0.079 seconds
[2026-03-23T01:13:20.173+0000] {processor.py:186} INFO - Started process (PID=7885) to work on /home/ec2-user/environment/lab4_model_training/venv/lib64/python3.12/site-packages/airflow/example_dags/example_complex.py
[2026-03-23T01:13:20.174+0000] {processor.py:914} INFO - Processing file /home/ec2-user/environment/lab4_model_training/venv/lib64/python3.12/site-packages/airflow/example_dags/example_complex.py for tasks to queue
[2026-03-23T01:13:20.176+0000] {logging_mixin.py:190} INFO - [2026-03-23T01:13:20.176+0000] {dagbag.py:588} INFO - Filling up the DagBag from /home/ec2-user/environment/lab4_model_training/venv/lib64/python3.12/site-packages/airflow/example_dags/example_complex.py
[2026-03-23T01:13:20.187+0000] {processor.py:925} INFO - DAG(s) 'example_complex' retrieved from /home/ec2-user/environment/lab4_model_training/venv/lib64/python3.12/site-packages/airflow/example_dags/example_complex.py
[2026-03-23T01:13:20.212+0000] {logging_mixin.py:190} INFO - [2026-03-23T01:13:20.212+0000] {dag.py:3239} INFO - Sync 1 DAGs
[2026-03-23T01:13:20.224+0000] {logging_mixin.py:190} INFO - [2026-03-23T01:13:20.224+0000] {dag.py:4180} INFO - Setting next_dagrun for example_complex to None, run_after=None
[2026-03-23T01:13:20.245+0000] {processor.py:208} INFO - Processing /home/ec2-user/environment/lab4_model_training/venv/lib64/python3.12/site-packages/airflow/example_dags/example_complex.py took 0.077 seconds
[2026-03-23T01:14:23.308+0000] {processor.py:186} INFO - Started process (PID=8039) to work on /home/ec2-user/environment/lab4_model_training/venv/lib64/python3.12/site-packages/airflow/example_dags/example_complex.py
[2026-03-23T01:14:23.310+0000] {processor.py:914} INFO - Processing file /home/ec2-user/environment/lab4_model_training/venv/lib64/python3.12/site-packages/airflow/example_dags/example_complex.py for tasks to queue
[2026-03-23T01:14:23.312+0000] {logging_mixin.py:190} INFO - [2026-03-23T01:14:23.311+0000] {dagbag.py:588} INFO - Filling up the DagBag from /home/ec2-user/environment/lab4_model_training/venv/lib64/python3.12/site-packages/airflow/example_dags/example_complex.py
[2026-03-23T01:14:23.323+0000] {processor.py:925} INFO - DAG(s) 'example_complex' retrieved from /home/ec2-user/environment/lab4_model_training/venv/lib64/python3.12/site-packages/airflow/example_dags/example_complex.py
[2026-03-23T01:14:23.348+0000] {logging_mixin.py:190} INFO - [2026-03-23T01:14:23.348+0000] {dag.py:3239} INFO - Sync 1 DAGs
[2026-03-23T01:14:23.360+0000] {logging_mixin.py:190} INFO - [2026-03-23T01:14:23.360+0000] {dag.py:4180} INFO - Setting next_dagrun for example_complex to None, run_after=None
[2026-03-23T01:14:23.381+0000] {processor.py:208} INFO - Processing /home/ec2-user/environment/lab4_model_training/venv/lib64/python3.12/site-packages/airflow/example_dags/example_complex.py took 0.078 seconds
[2026-03-23T01:15:33.824+0000] {processor.py:186} INFO - Started process (PID=8164) to work on /home/ec2-user/environment/lab4_model_training/venv/lib64/python3.12/site-packages/airflow/example_dags/example_complex.py
[2026-03-23T01:15:33.825+0000] {processor.py:914} INFO - Processing file /home/ec2-user/environment/lab4_model_training/venv/lib64/python3.12/site-packages/airflow/example_dags/example_complex.py for tasks to queue
[2026-03-23T01:15:33.827+0000] {logging_mixin.py:190} INFO - [2026-03-23T01:15:33.827+0000] {dagbag.py:588} INFO - Filling up the DagBag from /home/ec2-user/environment/lab4_model_training/venv/lib64/python3.12/site-packages/airflow/example_dags/example_complex.py
[2026-03-23T01:15:33.838+0000] {processor.py:925} INFO - DAG(s) 'example_complex' retrieved from /home/ec2-user/environment/lab4_model_training/venv/lib64/python3.12/site-packages/airflow/example_dags/example_complex.py
[2026-03-23T01:15:33.863+0000] {logging_mixin.py:190} INFO - [2026-03-23T01:15:33.862+0000] {dag.py:3239} INFO - Sync 1 DAGs
[2026-03-23T01:15:33.874+0000] {logging_mixin.py:190} INFO - [2026-03-23T01:15:33.874+0000] {dag.py:4180} INFO - Setting next_dagrun for example_complex to None, run_after=None
[2026-03-23T01:15:33.894+0000] {processor.py:208} INFO - Processing /home/ec2-user/environment/lab4_model_training/venv/lib64/python3.12/site-packages/airflow/example_dags/example_complex.py took 0.075 seconds
[2026-03-23T01:16:41.055+0000] {processor.py:186} INFO - Started process (PID=8321) to work on /home/ec2-user/environment/lab4_model_training/venv/lib64/python3.12/site-packages/airflow/example_dags/example_complex.py
[2026-03-23T01:16:41.057+0000] {processor.py:914} INFO - Processing file /home/ec2-user/environment/lab4_model_training/venv/lib64/python3.12/site-packages/airflow/example_dags/example_complex.py for tasks to queue
[2026-03-23T01:16:41.058+0000] {logging_mixin.py:190} INFO - [2026-03-23T01:16:41.058+0000] {dagbag.py:588} INFO - Filling up the DagBag from /home/ec2-user/environment/lab4_model_training/venv/lib64/python3.12/site-packages/airflow/example_dags/example_complex.py
[2026-03-23T01:16:41.069+0000] {processor.py:925} INFO - DAG(s) 'example_complex' retrieved from /home/ec2-user/environment/lab4_model_training/venv/lib64/python3.12/site-packages/airflow/example_dags/example_complex.py
[2026-03-23T01:16:41.094+0000] {logging_mixin.py:190} INFO - [2026-03-23T01:16:41.094+0000] {dag.py:3239} INFO - Sync 1 DAGs
[2026-03-23T01:16:41.107+0000] {logging_mixin.py:190} INFO - [2026-03-23T01:16:41.106+0000] {dag.py:4180} INFO - Setting next_dagrun for example_complex to None, run_after=None
[2026-03-23T01:16:41.127+0000] {processor.py:208} INFO - Processing /home/ec2-user/environment/lab4_model_training/venv/lib64/python3.12/site-packages/airflow/example_dags/example_complex.py took 0.077 seconds
[2026-03-23T01:17:44.612+0000] {processor.py:186} INFO - Started process (PID=8434) to work on /home/ec2-user/environment/lab4_model_training/venv/lib64/python3.12/site-packages/airflow/example_dags/example_complex.py
[2026-03-23T01:17:44.613+0000] {processor.py:914} INFO - Processing file /home/ec2-user/environment/lab4_model_training/venv/lib64/python3.12/site-packages/airflow/example_dags/example_complex.py for tasks to queue
[2026-03-23T01:17:44.615+0000] {logging_mixin.py:190} INFO - [2026-03-23T01:17:44.615+0000] {dagbag.py:588} INFO - Filling up the DagBag from /home/ec2-user/environment/lab4_model_training/venv/lib64/python3.12/site-packages/airflow/example_dags/example_complex.py
[2026-03-23T01:17:44.626+0000] {processor.py:925} INFO - DAG(s) 'example_complex' retrieved from /home/ec2-user/environment/lab4_model_training/venv/lib64/python3.12/site-packages/airflow/example_dags/example_complex.py
[2026-03-23T01:17:44.652+0000] {logging_mixin.py:190} INFO - [2026-03-23T01:17:44.651+0000] {dag.py:3239} INFO - Sync 1 DAGs
[2026-03-23T01:17:44.664+0000] {logging_mixin.py:190} INFO - [2026-03-23T01:17:44.663+0000] {dag.py:4180} INFO - Setting next_dagrun for example_complex to None, run_after=None
[2026-03-23T01:17:44.685+0000] {processor.py:208} INFO - Processing /home/ec2-user/environment/lab4_model_training/venv/lib64/python3.12/site-packages/airflow/example_dags/example_complex.py took 0.078 seconds
[2026-03-23T01:18:47.759+0000] {processor.py:186} INFO - Started process (PID=8611) to work on /home/ec2-user/environment/lab4_model_training/venv/lib64/python3.12/site-packages/airflow/example_dags/example_complex.py
[2026-03-23T01:18:47.760+0000] {processor.py:914} INFO - Processing file /home/ec2-user/environment/lab4_model_training/venv/lib64/python3.12/site-packages/airflow/example_dags/example_complex.py for tasks to queue
[2026-03-23T01:18:47.762+0000] {logging_mixin.py:190} INFO - [2026-03-23T01:18:47.761+0000] {dagbag.py:588} INFO - Filling up the DagBag from /home/ec2-user/environment/lab4_model_training/venv/lib64/python3.12/site-packages/airflow/example_dags/example_complex.py
[2026-03-23T01:18:47.773+0000] {processor.py:925} INFO - DAG(s) 'example_complex' retrieved from /home/ec2-user/environment/lab4_model_training/venv/lib64/python3.12/site-packages/airflow/example_dags/example_complex.py
[2026-03-23T01:18:47.798+0000] {logging_mixin.py:190} INFO - [2026-03-23T01:18:47.798+0000] {dag.py:3239} INFO - Sync 1 DAGs
[2026-03-23T01:18:47.810+0000] {logging_mixin.py:190} INFO - [2026-03-23T01:18:47.810+0000] {dag.py:4180} INFO - Setting next_dagrun for example_complex to None, run_after=None
[2026-03-23T01:18:47.831+0000] {processor.py:208} INFO - Processing /home/ec2-user/environment/lab4_model_training/venv/lib64/python3.12/site-packages/airflow/example_dags/example_complex.py took 0.078 seconds
[2026-03-23T01:19:49.099+0000] {processor.py:186} INFO - Started process (PID=8763) to work on /home/ec2-user/environment/lab4_model_training/venv/lib64/python3.12/site-packages/airflow/example_dags/example_complex.py
[2026-03-23T01:19:49.100+0000] {processor.py:914} INFO - Processing file /home/ec2-user/environment/lab4_model_training/venv/lib64/python3.12/site-packages/airflow/example_dags/example_complex.py for tasks to queue
[2026-03-23T01:19:49.102+0000] {logging_mixin.py:190} INFO - [2026-03-23T01:19:49.101+0000] {dagbag.py:588} INFO - Filling up the DagBag from /home/ec2-user/environment/lab4_model_training/venv/lib64/python3.12/site-packages/airflow/example_dags/example_complex.py
[2026-03-23T01:19:49.113+0000] {processor.py:925} INFO - DAG(s) 'example_complex' retrieved from /home/ec2-user/environment/lab4_model_training/venv/lib64/python3.12/site-packages/airflow/example_dags/example_complex.py
[2026-03-23T01:19:49.139+0000] {logging_mixin.py:190} INFO - [2026-03-23T01:19:49.138+0000] {dag.py:3239} INFO - Sync 1 DAGs
[2026-03-23T01:19:49.151+0000] {logging_mixin.py:190} INFO - [2026-03-23T01:19:49.151+0000] {dag.py:4180} INFO - Setting next_dagrun for example_complex to None, run_after=None
[2026-03-23T01:19:49.173+0000] {processor.py:208} INFO - Processing /home/ec2-user/environment/lab4_model_training/venv/lib64/python3.12/site-packages/airflow/example_dags/example_complex.py took 0.079 seconds
[2026-03-23T01:20:55.735+0000] {processor.py:186} INFO - Started process (PID=8873) to work on /home/ec2-user/environment/lab4_model_training/venv/lib64/python3.12/site-packages/airflow/example_dags/example_complex.py
[2026-03-23T01:20:55.736+0000] {processor.py:914} INFO - Processing file /home/ec2-user/environment/lab4_model_training/venv/lib64/python3.12/site-packages/airflow/example_dags/example_complex.py for tasks to queue
[2026-03-23T01:20:55.738+0000] {logging_mixin.py:190} INFO - [2026-03-23T01:20:55.738+0000] {dagbag.py:588} INFO - Filling up the DagBag from /home/ec2-user/environment/lab4_model_training/venv/lib64/python3.12/site-packages/airflow/example_dags/example_complex.py
[2026-03-23T01:20:55.749+0000] {processor.py:925} INFO - DAG(s) 'example_complex' retrieved from /home/ec2-user/environment/lab4_model_training/venv/lib64/python3.12/site-packages/airflow/example_dags/example_complex.py
[2026-03-23T01:20:55.773+0000] {logging_mixin.py:190} INFO - [2026-03-23T01:20:55.773+0000] {dag.py:3239} INFO - Sync 1 DAGs
[2026-03-23T01:20:55.786+0000] {logging_mixin.py:190} INFO - [2026-03-23T01:20:55.786+0000] {dag.py:4180} INFO - Setting next_dagrun for example_complex to None, run_after=None
[2026-03-23T01:20:55.806+0000] {processor.py:208} INFO - Processing /home/ec2-user/environment/lab4_model_training/venv/lib64/python3.12/site-packages/airflow/example_dags/example_complex.py took 0.077 seconds
[2026-03-23T01:22:01.761+0000] {processor.py:186} INFO - Started process (PID=9045) to work on /home/ec2-user/environment/lab4_model_training/venv/lib64/python3.12/site-packages/airflow/example_dags/example_complex.py
[2026-03-23T01:22:01.762+0000] {processor.py:914} INFO - Processing file /home/ec2-user/environment/lab4_model_training/venv/lib64/python3.12/site-packages/airflow/example_dags/example_complex.py for tasks to queue
[2026-03-23T01:22:01.764+0000] {logging_mixin.py:190} INFO - [2026-03-23T01:22:01.764+0000] {dagbag.py:588} INFO - Filling up the DagBag from /home/ec2-user/environment/lab4_model_training/venv/lib64/python3.12/site-packages/airflow/example_dags/example_complex.py
[2026-03-23T01:22:01.775+0000] {processor.py:925} INFO - DAG(s) 'example_complex' retrieved from /home/ec2-user/environment/lab4_model_training/venv/lib64/python3.12/site-packages/airflow/example_dags/example_complex.py
[2026-03-23T01:22:01.818+0000] {logging_mixin.py:190} INFO - [2026-03-23T01:22:01.818+0000] {dag.py:3239} INFO - Sync 1 DAGs
[2026-03-23T01:22:01.837+0000] {logging_mixin.py:190} INFO - [2026-03-23T01:22:01.837+0000] {dag.py:4180} INFO - Setting next_dagrun for example_complex to None, run_after=None
[2026-03-23T01:22:01.859+0000] {processor.py:208} INFO - Processing /home/ec2-user/environment/lab4_model_training/venv/lib64/python3.12/site-packages/airflow/example_dags/example_complex.py took 0.103 seconds
[2026-03-23T01:23:14.285+0000] {processor.py:186} INFO - Started process (PID=9201) to work on /home/ec2-user/environment/lab4_model_training/venv/lib64/python3.12/site-packages/airflow/example_dags/example_complex.py
[2026-03-23T01:23:14.286+0000] {processor.py:914} INFO - Processing file /home/ec2-user/environment/lab4_model_training/venv/lib64/python3.12/site-packages/airflow/example_dags/example_complex.py for tasks to queue
[2026-03-23T01:23:14.289+0000] {logging_mixin.py:190} INFO - [2026-03-23T01:23:14.288+0000] {dagbag.py:588} INFO - Filling up the DagBag from /home/ec2-user/environment/lab4_model_training/venv/lib64/python3.12/site-packages/airflow/example_dags/example_complex.py
[2026-03-23T01:23:14.302+0000] {processor.py:925} INFO - DAG(s) 'example_complex' retrieved from /home/ec2-user/environment/lab4_model_training/venv/lib64/python3.12/site-packages/airflow/example_dags/example_complex.py
[2026-03-23T01:23:14.328+0000] {logging_mixin.py:190} INFO - [2026-03-23T01:23:14.327+0000] {dag.py:3239} INFO - Sync 1 DAGs
[2026-03-23T01:23:14.340+0000] {logging_mixin.py:190} INFO - [2026-03-23T01:23:14.339+0000] {dag.py:4180} INFO - Setting next_dagrun for example_complex to None, run_after=None
[2026-03-23T01:23:14.361+0000] {processor.py:208} INFO - Processing /home/ec2-user/environment/lab4_model_training/venv/lib64/python3.12/site-packages/airflow/example_dags/example_complex.py took 0.081 seconds
[2026-03-23T01:24:18.715+0000] {processor.py:186} INFO - Started process (PID=9407) to work on /home/ec2-user/environment/lab4_model_training/venv/lib64/python3.12/site-packages/airflow/example_dags/example_complex.py
[2026-03-23T01:24:18.717+0000] {processor.py:914} INFO - Processing file /home/ec2-user/environment/lab4_model_training/venv/lib64/python3.12/site-packages/airflow/example_dags/example_complex.py for tasks to queue
[2026-03-23T01:24:18.718+0000] {logging_mixin.py:190} INFO - [2026-03-23T01:24:18.718+0000] {dagbag.py:588} INFO - Filling up the DagBag from /home/ec2-user/environment/lab4_model_training/venv/lib64/python3.12/site-packages/airflow/example_dags/example_complex.py
[2026-03-23T01:24:18.729+0000] {processor.py:925} INFO - DAG(s) 'example_complex' retrieved from /home/ec2-user/environment/lab4_model_training/venv/lib64/python3.12/site-packages/airflow/example_dags/example_complex.py
[2026-03-23T01:24:18.759+0000] {logging_mixin.py:190} INFO - [2026-03-23T01:24:18.759+0000] {dag.py:3239} INFO - Sync 1 DAGs
[2026-03-23T01:24:18.771+0000] {logging_mixin.py:190} INFO - [2026-03-23T01:24:18.771+0000] {dag.py:4180} INFO - Setting next_dagrun for example_complex to None, run_after=None
[2026-03-23T01:24:18.792+0000] {processor.py:208} INFO - Processing /home/ec2-user/environment/lab4_model_training/venv/lib64/python3.12/site-packages/airflow/example_dags/example_complex.py took 0.082 seconds
[2026-03-23T01:25:34.976+0000] {processor.py:186} INFO - Started process (PID=9652) to work on /home/ec2-user/environment/lab4_model_training/venv/lib64/python3.12/site-packages/airflow/example_dags/example_complex.py
[2026-03-23T01:25:34.985+0000] {processor.py:914} INFO - Processing file /home/ec2-user/environment/lab4_model_training/venv/lib64/python3.12/site-packages/airflow/example_dags/example_complex.py for tasks to queue
[2026-03-23T01:25:34.987+0000] {logging_mixin.py:190} INFO - [2026-03-23T01:25:34.987+0000] {dagbag.py:588} INFO - Filling up the DagBag from /home/ec2-user/environment/lab4_model_training/venv/lib64/python3.12/site-packages/airflow/example_dags/example_complex.py
[2026-03-23T01:25:35.025+0000] {processor.py:925} INFO - DAG(s) 'example_complex' retrieved from /home/ec2-user/environment/lab4_model_training/venv/lib64/python3.12/site-packages/airflow/example_dags/example_complex.py
[2026-03-23T01:25:35.106+0000] {logging_mixin.py:190} INFO - [2026-03-23T01:25:35.106+0000] {dag.py:3239} INFO - Sync 1 DAGs
[2026-03-23T01:25:35.134+0000] {logging_mixin.py:190} INFO - [2026-03-23T01:25:35.134+0000] {dag.py:4180} INFO - Setting next_dagrun for example_complex to None, run_after=None
[2026-03-23T01:25:35.198+0000] {processor.py:208} INFO - Processing /home/ec2-user/environment/lab4_model_training/venv/lib64/python3.12/site-packages/airflow/example_dags/example_complex.py took 0.239 seconds
[2026-03-23T01:26:20.003+0000] {processor.py:186} INFO - Started process (PID=9772) to work on /home/ec2-user/environment/lab4_model_training/venv/lib64/python3.12/site-packages/airflow/example_dags/example_complex.py
[2026-03-23T01:26:20.004+0000] {processor.py:914} INFO - Processing file /home/ec2-user/environment/lab4_model_training/venv/lib64/python3.12/site-packages/airflow/example_dags/example_complex.py for tasks to queue
[2026-03-23T01:26:20.007+0000] {logging_mixin.py:190} INFO - [2026-03-23T01:26:20.006+0000] {dagbag.py:588} INFO - Filling up the DagBag from /home/ec2-user/environment/lab4_model_training/venv/lib64/python3.12/site-packages/airflow/example_dags/example_complex.py
[2026-03-23T01:26:20.023+0000] {processor.py:925} INFO - DAG(s) 'example_complex' retrieved from /home/ec2-user/environment/lab4_model_training/venv/lib64/python3.12/site-packages/airflow/example_dags/example_complex.py
[2026-03-23T01:26:20.061+0000] {logging_mixin.py:190} INFO - [2026-03-23T01:26:20.061+0000] {dag.py:3239} INFO - Sync 1 DAGs
[2026-03-23T01:26:20.078+0000] {logging_mixin.py:190} INFO - [2026-03-23T01:26:20.078+0000] {dag.py:4180} INFO - Setting next_dagrun for example_complex to None, run_after=None
[2026-03-23T01:26:20.106+0000] {processor.py:208} INFO - Processing /home/ec2-user/environment/lab4_model_training/venv/lib64/python3.12/site-packages/airflow/example_dags/example_complex.py took 0.110 seconds
[2026-03-23T01:27:28.130+0000] {processor.py:186} INFO - Started process (PID=9946) to work on /home/ec2-user/environment/lab4_model_training/venv/lib64/python3.12/site-packages/airflow/example_dags/example_complex.py
[2026-03-23T01:27:28.132+0000] {processor.py:914} INFO - Processing file /home/ec2-user/environment/lab4_model_training/venv/lib64/python3.12/site-packages/airflow/example_dags/example_complex.py for tasks to queue
[2026-03-23T01:27:28.133+0000] {logging_mixin.py:190} INFO - [2026-03-23T01:27:28.133+0000] {dagbag.py:588} INFO - Filling up the DagBag from /home/ec2-user/environment/lab4_model_training/venv/lib64/python3.12/site-packages/airflow/example_dags/example_complex.py
[2026-03-23T01:27:28.145+0000] {processor.py:925} INFO - DAG(s) 'example_complex' retrieved from /home/ec2-user/environment/lab4_model_training/venv/lib64/python3.12/site-packages/airflow/example_dags/example_complex.py
[2026-03-23T01:27:28.170+0000] {logging_mixin.py:190} INFO - [2026-03-23T01:27:28.170+0000] {dag.py:3239} INFO - Sync 1 DAGs
[2026-03-23T01:27:28.182+0000] {logging_mixin.py:190} INFO - [2026-03-23T01:27:28.182+0000] {dag.py:4180} INFO - Setting next_dagrun for example_complex to None, run_after=None
[2026-03-23T01:27:28.203+0000] {processor.py:208} INFO - Processing /home/ec2-user/environment/lab4_model_training/venv/lib64/python3.12/site-packages/airflow/example_dags/example_complex.py took 0.078 seconds
[2026-03-23T01:28:27.925+0000] {processor.py:186} INFO - Started process (PID=10097) to work on /home/ec2-user/environment/lab4_model_training/venv/lib64/python3.12/site-packages/airflow/example_dags/example_complex.py
[2026-03-23T01:28:27.927+0000] {processor.py:914} INFO - Processing file /home/ec2-user/environment/lab4_model_training/venv/lib64/python3.12/site-packages/airflow/example_dags/example_complex.py for tasks to queue
[2026-03-23T01:28:27.929+0000] {logging_mixin.py:190} INFO - [2026-03-23T01:28:27.928+0000] {dagbag.py:588} INFO - Filling up the DagBag from /home/ec2-user/environment/lab4_model_training/venv/lib64/python3.12/site-packages/airflow/example_dags/example_complex.py
[2026-03-23T01:28:27.940+0000] {processor.py:925} INFO - DAG(s) 'example_complex' retrieved from /home/ec2-user/environment/lab4_model_training/venv/lib64/python3.12/site-packages/airflow/example_dags/example_complex.py
[2026-03-23T01:28:27.965+0000] {logging_mixin.py:190} INFO - [2026-03-23T01:28:27.965+0000] {dag.py:3239} INFO - Sync 1 DAGs
[2026-03-23T01:28:27.978+0000] {logging_mixin.py:190} INFO - [2026-03-23T01:28:27.978+0000] {dag.py:4180} INFO - Setting next_dagrun for example_complex to None, run_after=None
[2026-03-23T01:28:27.999+0000] {processor.py:208} INFO - Processing /home/ec2-user/environment/lab4_model_training/venv/lib64/python3.12/site-packages/airflow/example_dags/example_complex.py took 0.080 seconds
[2026-03-23T01:29:34.570+0000] {processor.py:186} INFO - Started process (PID=10286) to work on /home/ec2-user/environment/lab4_model_training/venv/lib64/python3.12/site-packages/airflow/example_dags/example_complex.py
[2026-03-23T01:29:34.571+0000] {processor.py:914} INFO - Processing file /home/ec2-user/environment/lab4_model_training/venv/lib64/python3.12/site-packages/airflow/example_dags/example_complex.py for tasks to queue
[2026-03-23T01:29:34.573+0000] {logging_mixin.py:190} INFO - [2026-03-23T01:29:34.573+0000] {dagbag.py:588} INFO - Filling up the DagBag from /home/ec2-user/environment/lab4_model_training/venv/lib64/python3.12/site-packages/airflow/example_dags/example_complex.py
[2026-03-23T01:29:34.584+0000] {processor.py:925} INFO - DAG(s) 'example_complex' retrieved from /home/ec2-user/environment/lab4_model_training/venv/lib64/python3.12/site-packages/airflow/example_dags/example_complex.py
[2026-03-23T01:29:34.610+0000] {logging_mixin.py:190} INFO - [2026-03-23T01:29:34.610+0000] {dag.py:3239} INFO - Sync 1 DAGs
[2026-03-23T01:29:34.622+0000] {logging_mixin.py:190} INFO - [2026-03-23T01:29:34.622+0000] {dag.py:4180} INFO - Setting next_dagrun for example_complex to None, run_after=None
[2026-03-23T01:29:34.645+0000] {processor.py:208} INFO - Processing /home/ec2-user/environment/lab4_model_training/venv/lib64/python3.12/site-packages/airflow/example_dags/example_complex.py took 0.080 seconds
[2026-03-23T01:30:14.229+0000] {processor.py:186} INFO - Started process (PID=10471) to work on /home/ec2-user/environment/lab4_model_training/venv/lib64/python3.12/site-packages/airflow/example_dags/example_complex.py
[2026-03-23T01:30:14.230+0000] {processor.py:914} INFO - Processing file /home/ec2-user/environment/lab4_model_training/venv/lib64/python3.12/site-packages/airflow/example_dags/example_complex.py for tasks to queue
[2026-03-23T01:30:14.232+0000] {logging_mixin.py:190} INFO - [2026-03-23T01:30:14.232+0000] {dagbag.py:588} INFO - Filling up the DagBag from /home/ec2-user/environment/lab4_model_training/venv/lib64/python3.12/site-packages/airflow/example_dags/example_complex.py
[2026-03-23T01:30:14.244+0000] {processor.py:925} INFO - DAG(s) 'example_complex' retrieved from /home/ec2-user/environment/lab4_model_training/venv/lib64/python3.12/site-packages/airflow/example_dags/example_complex.py
[2026-03-23T01:30:14.271+0000] {logging_mixin.py:190} INFO - [2026-03-23T01:30:14.270+0000] {dag.py:3239} INFO - Sync 1 DAGs
[2026-03-23T01:30:14.283+0000] {logging_mixin.py:190} INFO - [2026-03-23T01:30:14.283+0000] {dag.py:4180} INFO - Setting next_dagrun for example_complex to None, run_after=None
[2026-03-23T01:30:14.309+0000] {processor.py:208} INFO - Processing /home/ec2-user/environment/lab4_model_training/venv/lib64/python3.12/site-packages/airflow/example_dags/example_complex.py took 0.085 seconds
[2026-03-23T01:31:17.386+0000] {processor.py:186} INFO - Started process (PID=10658) to work on /home/ec2-user/environment/lab4_model_training/venv/lib64/python3.12/site-packages/airflow/example_dags/example_complex.py
[2026-03-23T01:31:17.388+0000] {processor.py:914} INFO - Processing file /home/ec2-user/environment/lab4_model_training/venv/lib64/python3.12/site-packages/airflow/example_dags/example_complex.py for tasks to queue
[2026-03-23T01:31:17.390+0000] {logging_mixin.py:190} INFO - [2026-03-23T01:31:17.389+0000] {dagbag.py:588} INFO - Filling up the DagBag from /home/ec2-user/environment/lab4_model_training/venv/lib64/python3.12/site-packages/airflow/example_dags/example_complex.py
[2026-03-23T01:31:17.401+0000] {processor.py:925} INFO - DAG(s) 'example_complex' retrieved from /home/ec2-user/environment/lab4_model_training/venv/lib64/python3.12/site-packages/airflow/example_dags/example_complex.py
[2026-03-23T01:31:17.426+0000] {logging_mixin.py:190} INFO - [2026-03-23T01:31:17.426+0000] {dag.py:3239} INFO - Sync 1 DAGs
[2026-03-23T01:31:17.438+0000] {logging_mixin.py:190} INFO - [2026-03-23T01:31:17.438+0000] {dag.py:4180} INFO - Setting next_dagrun for example_complex to None, run_after=None
[2026-03-23T01:31:17.460+0000] {processor.py:208} INFO - Processing /home/ec2-user/environment/lab4_model_training/venv/lib64/python3.12/site-packages/airflow/example_dags/example_complex.py took 0.079 seconds
[2026-03-23T01:32:22.629+0000] {processor.py:186} INFO - Started process (PID=10858) to work on /home/ec2-user/environment/lab4_model_training/venv/lib64/python3.12/site-packages/airflow/example_dags/example_complex.py
[2026-03-23T01:32:22.630+0000] {processor.py:914} INFO - Processing file /home/ec2-user/environment/lab4_model_training/venv/lib64/python3.12/site-packages/airflow/example_dags/example_complex.py for tasks to queue
[2026-03-23T01:32:22.632+0000] {logging_mixin.py:190} INFO - [2026-03-23T01:32:22.632+0000] {dagbag.py:588} INFO - Filling up the DagBag from /home/ec2-user/environment/lab4_model_training/venv/lib64/python3.12/site-packages/airflow/example_dags/example_complex.py
[2026-03-23T01:32:22.643+0000] {processor.py:925} INFO - DAG(s) 'example_complex' retrieved from /home/ec2-user/environment/lab4_model_training/venv/lib64/python3.12/site-packages/airflow/example_dags/example_complex.py
[2026-03-23T01:32:22.669+0000] {logging_mixin.py:190} INFO - [2026-03-23T01:32:22.668+0000] {dag.py:3239} INFO - Sync 1 DAGs
[2026-03-23T01:32:22.680+0000] {logging_mixin.py:190} INFO - [2026-03-23T01:32:22.680+0000] {dag.py:4180} INFO - Setting next_dagrun for example_complex to None, run_after=None
[2026-03-23T01:32:22.704+0000] {processor.py:208} INFO - Processing /home/ec2-user/environment/lab4_model_training/venv/lib64/python3.12/site-packages/airflow/example_dags/example_complex.py took 0.081 seconds
[2026-03-23T01:33:29.377+0000] {processor.py:186} INFO - Started process (PID=11051) to work on /home/ec2-user/environment/lab4_model_training/venv/lib64/python3.12/site-packages/airflow/example_dags/example_complex.py
[2026-03-23T01:33:29.379+0000] {processor.py:914} INFO - Processing file /home/ec2-user/environment/lab4_model_training/venv/lib64/python3.12/site-packages/airflow/example_dags/example_complex.py for tasks to queue
[2026-03-23T01:33:29.381+0000] {logging_mixin.py:190} INFO - [2026-03-23T01:33:29.380+0000] {dagbag.py:588} INFO - Filling up the DagBag from /home/ec2-user/environment/lab4_model_training/venv/lib64/python3.12/site-packages/airflow/example_dags/example_complex.py
[2026-03-23T01:33:29.392+0000] {processor.py:925} INFO - DAG(s) 'example_complex' retrieved from /home/ec2-user/environment/lab4_model_training/venv/lib64/python3.12/site-packages/airflow/example_dags/example_complex.py
[2026-03-23T01:33:29.418+0000] {logging_mixin.py:190} INFO - [2026-03-23T01:33:29.417+0000] {dag.py:3239} INFO - Sync 1 DAGs
[2026-03-23T01:33:29.430+0000] {logging_mixin.py:190} INFO - [2026-03-23T01:33:29.429+0000] {dag.py:4180} INFO - Setting next_dagrun for example_complex to None, run_after=None
[2026-03-23T01:33:29.452+0000] {processor.py:208} INFO - Processing /home/ec2-user/environment/lab4_model_training/venv/lib64/python3.12/site-packages/airflow/example_dags/example_complex.py took 0.080 seconds
[2026-03-23T01:34:35.822+0000] {processor.py:186} INFO - Started process (PID=11174) to work on /home/ec2-user/environment/lab4_model_training/venv/lib64/python3.12/site-packages/airflow/example_dags/example_complex.py
[2026-03-23T01:34:35.823+0000] {processor.py:914} INFO - Processing file /home/ec2-user/environment/lab4_model_training/venv/lib64/python3.12/site-packages/airflow/example_dags/example_complex.py for tasks to queue
[2026-03-23T01:34:35.825+0000] {logging_mixin.py:190} INFO - [2026-03-23T01:34:35.824+0000] {dagbag.py:588} INFO - Filling up the DagBag from /home/ec2-user/environment/lab4_model_training/venv/lib64/python3.12/site-packages/airflow/example_dags/example_complex.py
[2026-03-23T01:34:35.836+0000] {processor.py:925} INFO - DAG(s) 'example_complex' retrieved from /home/ec2-user/environment/lab4_model_training/venv/lib64/python3.12/site-packages/airflow/example_dags/example_complex.py
[2026-03-23T01:34:35.861+0000] {logging_mixin.py:190} INFO - [2026-03-23T01:34:35.861+0000] {dag.py:3239} INFO - Sync 1 DAGs
[2026-03-23T01:34:35.873+0000] {logging_mixin.py:190} INFO - [2026-03-23T01:34:35.873+0000] {dag.py:4180} INFO - Setting next_dagrun for example_complex to None, run_after=None
[2026-03-23T01:34:35.895+0000] {processor.py:208} INFO - Processing /home/ec2-user/environment/lab4_model_training/venv/lib64/python3.12/site-packages/airflow/example_dags/example_complex.py took 0.078 seconds
