[2026-03-23T00:59:14.852+0000] {processor.py:186} INFO - Started process (PID=5814) to work on /home/ec2-user/environment/lab4_model_training/venv/lib64/python3.12/site-packages/airflow/example_dags/example_display_name.py
[2026-03-23T00:59:14.852+0000] {processor.py:914} INFO - Processing file /home/ec2-user/environment/lab4_model_training/venv/lib64/python3.12/site-packages/airflow/example_dags/example_display_name.py for tasks to queue
[2026-03-23T00:59:14.854+0000] {logging_mixin.py:190} INFO - [2026-03-23T00:59:14.854+0000] {dagbag.py:588} INFO - Filling up the DagBag from /home/ec2-user/environment/lab4_model_training/venv/lib64/python3.12/site-packages/airflow/example_dags/example_display_name.py
[2026-03-23T00:59:14.862+0000] {processor.py:925} INFO - DAG(s) 'example_display_name' retrieved from /home/ec2-user/environment/lab4_model_training/venv/lib64/python3.12/site-packages/airflow/example_dags/example_display_name.py
[2026-03-23T00:59:14.883+0000] {logging_mixin.py:190} INFO - [2026-03-23T00:59:14.883+0000] {dag.py:3239} INFO - Sync 1 DAGs
[2026-03-23T00:59:14.894+0000] {logging_mixin.py:190} INFO - [2026-03-23T00:59:14.894+0000] {dag.py:4180} INFO - Setting next_dagrun for example_display_name to None, run_after=None
[2026-03-23T00:59:14.915+0000] {processor.py:208} INFO - Processing /home/ec2-user/environment/lab4_model_training/venv/lib64/python3.12/site-packages/airflow/example_dags/example_display_name.py took 0.068 seconds
[2026-03-23T01:00:16.516+0000] {processor.py:186} INFO - Started process (PID=5982) to work on /home/ec2-user/environment/lab4_model_training/venv/lib64/python3.12/site-packages/airflow/example_dags/example_display_name.py
[2026-03-23T01:00:16.517+0000] {processor.py:914} INFO - Processing file /home/ec2-user/environment/lab4_model_training/venv/lib64/python3.12/site-packages/airflow/example_dags/example_display_name.py for tasks to queue
[2026-03-23T01:00:16.519+0000] {logging_mixin.py:190} INFO - [2026-03-23T01:00:16.518+0000] {dagbag.py:588} INFO - Filling up the DagBag from /home/ec2-user/environment/lab4_model_training/venv/lib64/python3.12/site-packages/airflow/example_dags/example_display_name.py
[2026-03-23T01:00:16.526+0000] {processor.py:925} INFO - DAG(s) 'example_display_name' retrieved from /home/ec2-user/environment/lab4_model_training/venv/lib64/python3.12/site-packages/airflow/example_dags/example_display_name.py
[2026-03-23T01:00:16.541+0000] {logging_mixin.py:190} INFO - [2026-03-23T01:00:16.541+0000] {dag.py:3239} INFO - Sync 1 DAGs
[2026-03-23T01:00:16.553+0000] {logging_mixin.py:190} INFO - [2026-03-23T01:00:16.553+0000] {dag.py:4180} INFO - Setting next_dagrun for example_display_name to None, run_after=None
[2026-03-23T01:00:16.576+0000] {processor.py:208} INFO - Processing /home/ec2-user/environment/lab4_model_training/venv/lib64/python3.12/site-packages/airflow/example_dags/example_display_name.py took 0.065 seconds
[2026-03-23T01:01:21.164+0000] {processor.py:186} INFO - Started process (PID=6194) to work on /home/ec2-user/environment/lab4_model_training/venv/lib64/python3.12/site-packages/airflow/example_dags/example_display_name.py
[2026-03-23T01:01:21.165+0000] {processor.py:914} INFO - Processing file /home/ec2-user/environment/lab4_model_training/venv/lib64/python3.12/site-packages/airflow/example_dags/example_display_name.py for tasks to queue
[2026-03-23T01:01:21.167+0000] {logging_mixin.py:190} INFO - [2026-03-23T01:01:21.167+0000] {dagbag.py:588} INFO - Filling up the DagBag from /home/ec2-user/environment/lab4_model_training/venv/lib64/python3.12/site-packages/airflow/example_dags/example_display_name.py
[2026-03-23T01:01:21.175+0000] {processor.py:925} INFO - DAG(s) 'example_display_name' retrieved from /home/ec2-user/environment/lab4_model_training/venv/lib64/python3.12/site-packages/airflow/example_dags/example_display_name.py
[2026-03-23T01:01:21.189+0000] {logging_mixin.py:190} INFO - [2026-03-23T01:01:21.189+0000] {dag.py:3239} INFO - Sync 1 DAGs
[2026-03-23T01:01:21.201+0000] {logging_mixin.py:190} INFO - [2026-03-23T01:01:21.201+0000] {dag.py:4180} INFO - Setting next_dagrun for example_display_name to None, run_after=None
[2026-03-23T01:01:21.223+0000] {processor.py:208} INFO - Processing /home/ec2-user/environment/lab4_model_training/venv/lib64/python3.12/site-packages/airflow/example_dags/example_display_name.py took 0.064 seconds
[2026-03-23T01:02:22.608+0000] {processor.py:186} INFO - Started process (PID=6343) to work on /home/ec2-user/environment/lab4_model_training/venv/lib64/python3.12/site-packages/airflow/example_dags/example_display_name.py
[2026-03-23T01:02:22.609+0000] {processor.py:914} INFO - Processing file /home/ec2-user/environment/lab4_model_training/venv/lib64/python3.12/site-packages/airflow/example_dags/example_display_name.py for tasks to queue
[2026-03-23T01:02:22.611+0000] {logging_mixin.py:190} INFO - [2026-03-23T01:02:22.611+0000] {dagbag.py:588} INFO - Filling up the DagBag from /home/ec2-user/environment/lab4_model_training/venv/lib64/python3.12/site-packages/airflow/example_dags/example_display_name.py
[2026-03-23T01:02:22.618+0000] {processor.py:925} INFO - DAG(s) 'example_display_name' retrieved from /home/ec2-user/environment/lab4_model_training/venv/lib64/python3.12/site-packages/airflow/example_dags/example_display_name.py
[2026-03-23T01:02:22.633+0000] {logging_mixin.py:190} INFO - [2026-03-23T01:02:22.632+0000] {dag.py:3239} INFO - Sync 1 DAGs
[2026-03-23T01:02:22.645+0000] {logging_mixin.py:190} INFO - [2026-03-23T01:02:22.644+0000] {dag.py:4180} INFO - Setting next_dagrun for example_display_name to None, run_after=None
[2026-03-23T01:02:22.667+0000] {processor.py:208} INFO - Processing /home/ec2-user/environment/lab4_model_training/venv/lib64/python3.12/site-packages/airflow/example_dags/example_display_name.py took 0.064 seconds
[2026-03-23T01:03:30.403+0000] {processor.py:186} INFO - Started process (PID=6545) to work on /home/ec2-user/environment/lab4_model_training/venv/lib64/python3.12/site-packages/airflow/example_dags/example_display_name.py
[2026-03-23T01:03:30.405+0000] {processor.py:914} INFO - Processing file /home/ec2-user/environment/lab4_model_training/venv/lib64/python3.12/site-packages/airflow/example_dags/example_display_name.py for tasks to queue
[2026-03-23T01:03:30.406+0000] {logging_mixin.py:190} INFO - [2026-03-23T01:03:30.406+0000] {dagbag.py:588} INFO - Filling up the DagBag from /home/ec2-user/environment/lab4_model_training/venv/lib64/python3.12/site-packages/airflow/example_dags/example_display_name.py
[2026-03-23T01:03:30.414+0000] {processor.py:925} INFO - DAG(s) 'example_display_name' retrieved from /home/ec2-user/environment/lab4_model_training/venv/lib64/python3.12/site-packages/airflow/example_dags/example_display_name.py
[2026-03-23T01:03:30.428+0000] {logging_mixin.py:190} INFO - [2026-03-23T01:03:30.428+0000] {dag.py:3239} INFO - Sync 1 DAGs
[2026-03-23T01:03:30.440+0000] {logging_mixin.py:190} INFO - [2026-03-23T01:03:30.440+0000] {dag.py:4180} INFO - Setting next_dagrun for example_display_name to None, run_after=None
[2026-03-23T01:03:30.462+0000] {processor.py:208} INFO - Processing /home/ec2-user/environment/lab4_model_training/venv/lib64/python3.12/site-packages/airflow/example_dags/example_display_name.py took 0.064 seconds
[2026-03-23T01:04:34.841+0000] {processor.py:186} INFO - Started process (PID=6681) to work on /home/ec2-user/environment/lab4_model_training/venv/lib64/python3.12/site-packages/airflow/example_dags/example_display_name.py
[2026-03-23T01:04:34.842+0000] {processor.py:914} INFO - Processing file /home/ec2-user/environment/lab4_model_training/venv/lib64/python3.12/site-packages/airflow/example_dags/example_display_name.py for tasks to queue
[2026-03-23T01:04:34.844+0000] {logging_mixin.py:190} INFO - [2026-03-23T01:04:34.843+0000] {dagbag.py:588} INFO - Filling up the DagBag from /home/ec2-user/environment/lab4_model_training/venv/lib64/python3.12/site-packages/airflow/example_dags/example_display_name.py
[2026-03-23T01:04:34.851+0000] {processor.py:925} INFO - DAG(s) 'example_display_name' retrieved from /home/ec2-user/environment/lab4_model_training/venv/lib64/python3.12/site-packages/airflow/example_dags/example_display_name.py
[2026-03-23T01:04:34.865+0000] {logging_mixin.py:190} INFO - [2026-03-23T01:04:34.865+0000] {dag.py:3239} INFO - Sync 1 DAGs
[2026-03-23T01:04:34.876+0000] {logging_mixin.py:190} INFO - [2026-03-23T01:04:34.876+0000] {dag.py:4180} INFO - Setting next_dagrun for example_display_name to None, run_after=None
[2026-03-23T01:04:34.897+0000] {processor.py:208} INFO - Processing /home/ec2-user/environment/lab4_model_training/venv/lib64/python3.12/site-packages/airflow/example_dags/example_display_name.py took 0.062 seconds
[2026-03-23T01:05:45.389+0000] {processor.py:186} INFO - Started process (PID=6851) to work on /home/ec2-user/environment/lab4_model_training/venv/lib64/python3.12/site-packages/airflow/example_dags/example_display_name.py
[2026-03-23T01:05:45.391+0000] {processor.py:914} INFO - Processing file /home/ec2-user/environment/lab4_model_training/venv/lib64/python3.12/site-packages/airflow/example_dags/example_display_name.py for tasks to queue
[2026-03-23T01:05:45.393+0000] {logging_mixin.py:190} INFO - [2026-03-23T01:05:45.392+0000] {dagbag.py:588} INFO - Filling up the DagBag from /home/ec2-user/environment/lab4_model_training/venv/lib64/python3.12/site-packages/airflow/example_dags/example_display_name.py
[2026-03-23T01:05:45.400+0000] {processor.py:925} INFO - DAG(s) 'example_display_name' retrieved from /home/ec2-user/environment/lab4_model_training/venv/lib64/python3.12/site-packages/airflow/example_dags/example_display_name.py
[2026-03-23T01:05:45.415+0000] {logging_mixin.py:190} INFO - [2026-03-23T01:05:45.414+0000] {dag.py:3239} INFO - Sync 1 DAGs
[2026-03-23T01:05:45.426+0000] {logging_mixin.py:190} INFO - [2026-03-23T01:05:45.426+0000] {dag.py:4180} INFO - Setting next_dagrun for example_display_name to None, run_after=None
[2026-03-23T01:05:45.448+0000] {processor.py:208} INFO - Processing /home/ec2-user/environment/lab4_model_training/venv/lib64/python3.12/site-packages/airflow/example_dags/example_display_name.py took 0.064 seconds
[2026-03-23T01:07:00.790+0000] {processor.py:186} INFO - Started process (PID=7058) to work on /home/ec2-user/environment/lab4_model_training/venv/lib64/python3.12/site-packages/airflow/example_dags/example_display_name.py
[2026-03-23T01:07:00.791+0000] {processor.py:914} INFO - Processing file /home/ec2-user/environment/lab4_model_training/venv/lib64/python3.12/site-packages/airflow/example_dags/example_display_name.py for tasks to queue
[2026-03-23T01:07:00.793+0000] {logging_mixin.py:190} INFO - [2026-03-23T01:07:00.793+0000] {dagbag.py:588} INFO - Filling up the DagBag from /home/ec2-user/environment/lab4_model_training/venv/lib64/python3.12/site-packages/airflow/example_dags/example_display_name.py
[2026-03-23T01:07:00.801+0000] {processor.py:925} INFO - DAG(s) 'example_display_name' retrieved from /home/ec2-user/environment/lab4_model_training/venv/lib64/python3.12/site-packages/airflow/example_dags/example_display_name.py
[2026-03-23T01:07:00.816+0000] {logging_mixin.py:190} INFO - [2026-03-23T01:07:00.815+0000] {dag.py:3239} INFO - Sync 1 DAGs
[2026-03-23T01:07:00.828+0000] {logging_mixin.py:190} INFO - [2026-03-23T01:07:00.827+0000] {dag.py:4180} INFO - Setting next_dagrun for example_display_name to None, run_after=None
[2026-03-23T01:07:00.850+0000] {processor.py:208} INFO - Processing /home/ec2-user/environment/lab4_model_training/venv/lib64/python3.12/site-packages/airflow/example_dags/example_display_name.py took 0.065 seconds
[2026-03-23T01:08:09.599+0000] {processor.py:186} INFO - Started process (PID=7186) to work on /home/ec2-user/environment/lab4_model_training/venv/lib64/python3.12/site-packages/airflow/example_dags/example_display_name.py
[2026-03-23T01:08:09.600+0000] {processor.py:914} INFO - Processing file /home/ec2-user/environment/lab4_model_training/venv/lib64/python3.12/site-packages/airflow/example_dags/example_display_name.py for tasks to queue
[2026-03-23T01:08:09.602+0000] {logging_mixin.py:190} INFO - [2026-03-23T01:08:09.602+0000] {dagbag.py:588} INFO - Filling up the DagBag from /home/ec2-user/environment/lab4_model_training/venv/lib64/python3.12/site-packages/airflow/example_dags/example_display_name.py
[2026-03-23T01:08:09.610+0000] {processor.py:925} INFO - DAG(s) 'example_display_name' retrieved from /home/ec2-user/environment/lab4_model_training/venv/lib64/python3.12/site-packages/airflow/example_dags/example_display_name.py
[2026-03-23T01:08:09.624+0000] {logging_mixin.py:190} INFO - [2026-03-23T01:08:09.624+0000] {dag.py:3239} INFO - Sync 1 DAGs
[2026-03-23T01:08:09.636+0000] {logging_mixin.py:190} INFO - [2026-03-23T01:08:09.636+0000] {dag.py:4180} INFO - Setting next_dagrun for example_display_name to None, run_after=None
[2026-03-23T01:08:09.659+0000] {processor.py:208} INFO - Processing /home/ec2-user/environment/lab4_model_training/venv/lib64/python3.12/site-packages/airflow/example_dags/example_display_name.py took 0.065 seconds
[2026-03-23T01:09:25.222+0000] {processor.py:186} INFO - Started process (PID=7364) to work on /home/ec2-user/environment/lab4_model_training/venv/lib64/python3.12/site-packages/airflow/example_dags/example_display_name.py
[2026-03-23T01:09:25.223+0000] {processor.py:914} INFO - Processing file /home/ec2-user/environment/lab4_model_training/venv/lib64/python3.12/site-packages/airflow/example_dags/example_display_name.py for tasks to queue
[2026-03-23T01:09:25.225+0000] {logging_mixin.py:190} INFO - [2026-03-23T01:09:25.225+0000] {dagbag.py:588} INFO - Filling up the DagBag from /home/ec2-user/environment/lab4_model_training/venv/lib64/python3.12/site-packages/airflow/example_dags/example_display_name.py
[2026-03-23T01:09:25.233+0000] {processor.py:925} INFO - DAG(s) 'example_display_name' retrieved from /home/ec2-user/environment/lab4_model_training/venv/lib64/python3.12/site-packages/airflow/example_dags/example_display_name.py
[2026-03-23T01:09:25.247+0000] {logging_mixin.py:190} INFO - [2026-03-23T01:09:25.247+0000] {dag.py:3239} INFO - Sync 1 DAGs
[2026-03-23T01:09:25.259+0000] {logging_mixin.py:190} INFO - [2026-03-23T01:09:25.259+0000] {dag.py:4180} INFO - Setting next_dagrun for example_display_name to None, run_after=None
[2026-03-23T01:09:25.281+0000] {processor.py:208} INFO - Processing /home/ec2-user/environment/lab4_model_training/venv/lib64/python3.12/site-packages/airflow/example_dags/example_display_name.py took 0.064 seconds
[2026-03-23T01:10:41.580+0000] {processor.py:186} INFO - Started process (PID=7561) to work on /home/ec2-user/environment/lab4_model_training/venv/lib64/python3.12/site-packages/airflow/example_dags/example_display_name.py
[2026-03-23T01:10:41.581+0000] {processor.py:914} INFO - Processing file /home/ec2-user/environment/lab4_model_training/venv/lib64/python3.12/site-packages/airflow/example_dags/example_display_name.py for tasks to queue
[2026-03-23T01:10:41.583+0000] {logging_mixin.py:190} INFO - [2026-03-23T01:10:41.583+0000] {dagbag.py:588} INFO - Filling up the DagBag from /home/ec2-user/environment/lab4_model_training/venv/lib64/python3.12/site-packages/airflow/example_dags/example_display_name.py
[2026-03-23T01:10:41.591+0000] {processor.py:925} INFO - DAG(s) 'example_display_name' retrieved from /home/ec2-user/environment/lab4_model_training/venv/lib64/python3.12/site-packages/airflow/example_dags/example_display_name.py
[2026-03-23T01:10:41.605+0000] {logging_mixin.py:190} INFO - [2026-03-23T01:10:41.605+0000] {dag.py:3239} INFO - Sync 1 DAGs
[2026-03-23T01:10:41.616+0000] {logging_mixin.py:190} INFO - [2026-03-23T01:10:41.616+0000] {dag.py:4180} INFO - Setting next_dagrun for example_display_name to None, run_after=None
[2026-03-23T01:10:41.638+0000] {processor.py:208} INFO - Processing /home/ec2-user/environment/lab4_model_training/venv/lib64/python3.12/site-packages/airflow/example_dags/example_display_name.py took 0.063 seconds
[2026-03-23T01:11:44.763+0000] {processor.py:186} INFO - Started process (PID=7667) to work on /home/ec2-user/environment/lab4_model_training/venv/lib64/python3.12/site-packages/airflow/example_dags/example_display_name.py
[2026-03-23T01:11:44.764+0000] {processor.py:914} INFO - Processing file /home/ec2-user/environment/lab4_model_training/venv/lib64/python3.12/site-packages/airflow/example_dags/example_display_name.py for tasks to queue
[2026-03-23T01:11:44.766+0000] {logging_mixin.py:190} INFO - [2026-03-23T01:11:44.766+0000] {dagbag.py:588} INFO - Filling up the DagBag from /home/ec2-user/environment/lab4_model_training/venv/lib64/python3.12/site-packages/airflow/example_dags/example_display_name.py
[2026-03-23T01:11:44.773+0000] {processor.py:925} INFO - DAG(s) 'example_display_name' retrieved from /home/ec2-user/environment/lab4_model_training/venv/lib64/python3.12/site-packages/airflow/example_dags/example_display_name.py
[2026-03-23T01:11:44.788+0000] {logging_mixin.py:190} INFO - [2026-03-23T01:11:44.788+0000] {dag.py:3239} INFO - Sync 1 DAGs
[2026-03-23T01:11:44.800+0000] {logging_mixin.py:190} INFO - [2026-03-23T01:11:44.800+0000] {dag.py:4180} INFO - Setting next_dagrun for example_display_name to None, run_after=None
[2026-03-23T01:11:44.823+0000] {processor.py:208} INFO - Processing /home/ec2-user/environment/lab4_model_training/venv/lib64/python3.12/site-packages/airflow/example_dags/example_display_name.py took 0.065 seconds
[2026-03-23T01:12:49.430+0000] {processor.py:186} INFO - Started process (PID=7827) to work on /home/ec2-user/environment/lab4_model_training/venv/lib64/python3.12/site-packages/airflow/example_dags/example_display_name.py
[2026-03-23T01:12:49.431+0000] {processor.py:914} INFO - Processing file /home/ec2-user/environment/lab4_model_training/venv/lib64/python3.12/site-packages/airflow/example_dags/example_display_name.py for tasks to queue
[2026-03-23T01:12:49.433+0000] {logging_mixin.py:190} INFO - [2026-03-23T01:12:49.433+0000] {dagbag.py:588} INFO - Filling up the DagBag from /home/ec2-user/environment/lab4_model_training/venv/lib64/python3.12/site-packages/airflow/example_dags/example_display_name.py
[2026-03-23T01:12:49.441+0000] {processor.py:925} INFO - DAG(s) 'example_display_name' retrieved from /home/ec2-user/environment/lab4_model_training/venv/lib64/python3.12/site-packages/airflow/example_dags/example_display_name.py
[2026-03-23T01:12:49.455+0000] {logging_mixin.py:190} INFO - [2026-03-23T01:12:49.455+0000] {dag.py:3239} INFO - Sync 1 DAGs
[2026-03-23T01:12:49.467+0000] {logging_mixin.py:190} INFO - [2026-03-23T01:12:49.467+0000] {dag.py:4180} INFO - Setting next_dagrun for example_display_name to None, run_after=None
[2026-03-23T01:12:49.489+0000] {processor.py:208} INFO - Processing /home/ec2-user/environment/lab4_model_training/venv/lib64/python3.12/site-packages/airflow/example_dags/example_display_name.py took 0.064 seconds
[2026-03-23T01:13:52.060+0000] {processor.py:186} INFO - Started process (PID=7981) to work on /home/ec2-user/environment/lab4_model_training/venv/lib64/python3.12/site-packages/airflow/example_dags/example_display_name.py
[2026-03-23T01:13:52.061+0000] {processor.py:914} INFO - Processing file /home/ec2-user/environment/lab4_model_training/venv/lib64/python3.12/site-packages/airflow/example_dags/example_display_name.py for tasks to queue
[2026-03-23T01:13:52.063+0000] {logging_mixin.py:190} INFO - [2026-03-23T01:13:52.063+0000] {dagbag.py:588} INFO - Filling up the DagBag from /home/ec2-user/environment/lab4_model_training/venv/lib64/python3.12/site-packages/airflow/example_dags/example_display_name.py
[2026-03-23T01:13:52.070+0000] {processor.py:925} INFO - DAG(s) 'example_display_name' retrieved from /home/ec2-user/environment/lab4_model_training/venv/lib64/python3.12/site-packages/airflow/example_dags/example_display_name.py
[2026-03-23T01:13:52.084+0000] {logging_mixin.py:190} INFO - [2026-03-23T01:13:52.084+0000] {dag.py:3239} INFO - Sync 1 DAGs
[2026-03-23T01:13:52.095+0000] {logging_mixin.py:190} INFO - [2026-03-23T01:13:52.095+0000] {dag.py:4180} INFO - Setting next_dagrun for example_display_name to None, run_after=None
[2026-03-23T01:13:52.116+0000] {processor.py:208} INFO - Processing /home/ec2-user/environment/lab4_model_training/venv/lib64/python3.12/site-packages/airflow/example_dags/example_display_name.py took 0.062 seconds
[2026-03-23T01:15:03.086+0000] {processor.py:186} INFO - Started process (PID=8114) to work on /home/ec2-user/environment/lab4_model_training/venv/lib64/python3.12/site-packages/airflow/example_dags/example_display_name.py
[2026-03-23T01:15:03.087+0000] {processor.py:914} INFO - Processing file /home/ec2-user/environment/lab4_model_training/venv/lib64/python3.12/site-packages/airflow/example_dags/example_display_name.py for tasks to queue
[2026-03-23T01:15:03.089+0000] {logging_mixin.py:190} INFO - [2026-03-23T01:15:03.088+0000] {dagbag.py:588} INFO - Filling up the DagBag from /home/ec2-user/environment/lab4_model_training/venv/lib64/python3.12/site-packages/airflow/example_dags/example_display_name.py
[2026-03-23T01:15:03.096+0000] {processor.py:925} INFO - DAG(s) 'example_display_name' retrieved from /home/ec2-user/environment/lab4_model_training/venv/lib64/python3.12/site-packages/airflow/example_dags/example_display_name.py
[2026-03-23T01:15:03.110+0000] {logging_mixin.py:190} INFO - [2026-03-23T01:15:03.110+0000] {dag.py:3239} INFO - Sync 1 DAGs
[2026-03-23T01:15:03.122+0000] {logging_mixin.py:190} INFO - [2026-03-23T01:15:03.122+0000] {dag.py:4180} INFO - Setting next_dagrun for example_display_name to None, run_after=None
[2026-03-23T01:15:03.143+0000] {processor.py:208} INFO - Processing /home/ec2-user/environment/lab4_model_training/venv/lib64/python3.12/site-packages/airflow/example_dags/example_display_name.py took 0.062 seconds
[2026-03-23T01:16:09.852+0000] {processor.py:186} INFO - Started process (PID=8275) to work on /home/ec2-user/environment/lab4_model_training/venv/lib64/python3.12/site-packages/airflow/example_dags/example_display_name.py
[2026-03-23T01:16:09.853+0000] {processor.py:914} INFO - Processing file /home/ec2-user/environment/lab4_model_training/venv/lib64/python3.12/site-packages/airflow/example_dags/example_display_name.py for tasks to queue
[2026-03-23T01:16:09.855+0000] {logging_mixin.py:190} INFO - [2026-03-23T01:16:09.854+0000] {dagbag.py:588} INFO - Filling up the DagBag from /home/ec2-user/environment/lab4_model_training/venv/lib64/python3.12/site-packages/airflow/example_dags/example_display_name.py
[2026-03-23T01:16:09.862+0000] {processor.py:925} INFO - DAG(s) 'example_display_name' retrieved from /home/ec2-user/environment/lab4_model_training/venv/lib64/python3.12/site-packages/airflow/example_dags/example_display_name.py
[2026-03-23T01:16:09.876+0000] {logging_mixin.py:190} INFO - [2026-03-23T01:16:09.876+0000] {dag.py:3239} INFO - Sync 1 DAGs
[2026-03-23T01:16:09.888+0000] {logging_mixin.py:190} INFO - [2026-03-23T01:16:09.888+0000] {dag.py:4180} INFO - Setting next_dagrun for example_display_name to None, run_after=None
[2026-03-23T01:16:09.910+0000] {processor.py:208} INFO - Processing /home/ec2-user/environment/lab4_model_training/venv/lib64/python3.12/site-packages/airflow/example_dags/example_display_name.py took 0.064 seconds
[2026-03-23T01:17:14.305+0000] {processor.py:186} INFO - Started process (PID=8385) to work on /home/ec2-user/environment/lab4_model_training/venv/lib64/python3.12/site-packages/airflow/example_dags/example_display_name.py
[2026-03-23T01:17:14.306+0000] {processor.py:914} INFO - Processing file /home/ec2-user/environment/lab4_model_training/venv/lib64/python3.12/site-packages/airflow/example_dags/example_display_name.py for tasks to queue
[2026-03-23T01:17:14.308+0000] {logging_mixin.py:190} INFO - [2026-03-23T01:17:14.308+0000] {dagbag.py:588} INFO - Filling up the DagBag from /home/ec2-user/environment/lab4_model_training/venv/lib64/python3.12/site-packages/airflow/example_dags/example_display_name.py
[2026-03-23T01:17:14.315+0000] {processor.py:925} INFO - DAG(s) 'example_display_name' retrieved from /home/ec2-user/environment/lab4_model_training/venv/lib64/python3.12/site-packages/airflow/example_dags/example_display_name.py
[2026-03-23T01:17:14.331+0000] {logging_mixin.py:190} INFO - [2026-03-23T01:17:14.330+0000] {dag.py:3239} INFO - Sync 1 DAGs
[2026-03-23T01:17:14.343+0000] {logging_mixin.py:190} INFO - [2026-03-23T01:17:14.342+0000] {dag.py:4180} INFO - Setting next_dagrun for example_display_name to None, run_after=None
[2026-03-23T01:17:14.365+0000] {processor.py:208} INFO - Processing /home/ec2-user/environment/lab4_model_training/venv/lib64/python3.12/site-packages/airflow/example_dags/example_display_name.py took 0.065 seconds
[2026-03-23T01:18:17.421+0000] {processor.py:186} INFO - Started process (PID=8565) to work on /home/ec2-user/environment/lab4_model_training/venv/lib64/python3.12/site-packages/airflow/example_dags/example_display_name.py
[2026-03-23T01:18:17.422+0000] {processor.py:914} INFO - Processing file /home/ec2-user/environment/lab4_model_training/venv/lib64/python3.12/site-packages/airflow/example_dags/example_display_name.py for tasks to queue
[2026-03-23T01:18:17.424+0000] {logging_mixin.py:190} INFO - [2026-03-23T01:18:17.424+0000] {dagbag.py:588} INFO - Filling up the DagBag from /home/ec2-user/environment/lab4_model_training/venv/lib64/python3.12/site-packages/airflow/example_dags/example_display_name.py
[2026-03-23T01:18:17.431+0000] {processor.py:925} INFO - DAG(s) 'example_display_name' retrieved from /home/ec2-user/environment/lab4_model_training/venv/lib64/python3.12/site-packages/airflow/example_dags/example_display_name.py
[2026-03-23T01:18:17.446+0000] {logging_mixin.py:190} INFO - [2026-03-23T01:18:17.446+0000] {dag.py:3239} INFO - Sync 1 DAGs
[2026-03-23T01:18:17.458+0000] {logging_mixin.py:190} INFO - [2026-03-23T01:18:17.458+0000] {dag.py:4180} INFO - Setting next_dagrun for example_display_name to None, run_after=None
[2026-03-23T01:18:17.480+0000] {processor.py:208} INFO - Processing /home/ec2-user/environment/lab4_model_training/venv/lib64/python3.12/site-packages/airflow/example_dags/example_display_name.py took 0.064 seconds
[2026-03-23T01:19:17.210+0000] {processor.py:186} INFO - Started process (PID=8669) to work on /home/ec2-user/environment/lab4_model_training/venv/lib64/python3.12/site-packages/airflow/example_dags/example_display_name.py
[2026-03-23T01:19:17.212+0000] {processor.py:914} INFO - Processing file /home/ec2-user/environment/lab4_model_training/venv/lib64/python3.12/site-packages/airflow/example_dags/example_display_name.py for tasks to queue
[2026-03-23T01:19:17.213+0000] {logging_mixin.py:190} INFO - [2026-03-23T01:19:17.213+0000] {dagbag.py:588} INFO - Filling up the DagBag from /home/ec2-user/environment/lab4_model_training/venv/lib64/python3.12/site-packages/airflow/example_dags/example_display_name.py
[2026-03-23T01:19:17.221+0000] {processor.py:925} INFO - DAG(s) 'example_display_name' retrieved from /home/ec2-user/environment/lab4_model_training/venv/lib64/python3.12/site-packages/airflow/example_dags/example_display_name.py
[2026-03-23T01:19:17.235+0000] {logging_mixin.py:190} INFO - [2026-03-23T01:19:17.235+0000] {dag.py:3239} INFO - Sync 1 DAGs
[2026-03-23T01:19:17.246+0000] {logging_mixin.py:190} INFO - [2026-03-23T01:19:17.246+0000] {dag.py:4180} INFO - Setting next_dagrun for example_display_name to None, run_after=None
[2026-03-23T01:19:17.268+0000] {processor.py:208} INFO - Processing /home/ec2-user/environment/lab4_model_training/venv/lib64/python3.12/site-packages/airflow/example_dags/example_display_name.py took 0.062 seconds
[2026-03-23T01:20:23.520+0000] {processor.py:186} INFO - Started process (PID=8825) to work on /home/ec2-user/environment/lab4_model_training/venv/lib64/python3.12/site-packages/airflow/example_dags/example_display_name.py
[2026-03-23T01:20:23.521+0000] {processor.py:914} INFO - Processing file /home/ec2-user/environment/lab4_model_training/venv/lib64/python3.12/site-packages/airflow/example_dags/example_display_name.py for tasks to queue
[2026-03-23T01:20:23.523+0000] {logging_mixin.py:190} INFO - [2026-03-23T01:20:23.523+0000] {dagbag.py:588} INFO - Filling up the DagBag from /home/ec2-user/environment/lab4_model_training/venv/lib64/python3.12/site-packages/airflow/example_dags/example_display_name.py
[2026-03-23T01:20:23.530+0000] {processor.py:925} INFO - DAG(s) 'example_display_name' retrieved from /home/ec2-user/environment/lab4_model_training/venv/lib64/python3.12/site-packages/airflow/example_dags/example_display_name.py
[2026-03-23T01:20:23.544+0000] {logging_mixin.py:190} INFO - [2026-03-23T01:20:23.544+0000] {dag.py:3239} INFO - Sync 1 DAGs
[2026-03-23T01:20:23.556+0000] {logging_mixin.py:190} INFO - [2026-03-23T01:20:23.556+0000] {dag.py:4180} INFO - Setting next_dagrun for example_display_name to None, run_after=None
[2026-03-23T01:20:23.577+0000] {processor.py:208} INFO - Processing /home/ec2-user/environment/lab4_model_training/venv/lib64/python3.12/site-packages/airflow/example_dags/example_display_name.py took 0.062 seconds
[2026-03-23T01:21:30.034+0000] {processor.py:186} INFO - Started process (PID=8940) to work on /home/ec2-user/environment/lab4_model_training/venv/lib64/python3.12/site-packages/airflow/example_dags/example_display_name.py
[2026-03-23T01:21:30.035+0000] {processor.py:914} INFO - Processing file /home/ec2-user/environment/lab4_model_training/venv/lib64/python3.12/site-packages/airflow/example_dags/example_display_name.py for tasks to queue
[2026-03-23T01:21:30.037+0000] {logging_mixin.py:190} INFO - [2026-03-23T01:21:30.037+0000] {dagbag.py:588} INFO - Filling up the DagBag from /home/ec2-user/environment/lab4_model_training/venv/lib64/python3.12/site-packages/airflow/example_dags/example_display_name.py
[2026-03-23T01:21:30.047+0000] {processor.py:925} INFO - DAG(s) 'example_display_name' retrieved from /home/ec2-user/environment/lab4_model_training/venv/lib64/python3.12/site-packages/airflow/example_dags/example_display_name.py
[2026-03-23T01:21:30.061+0000] {logging_mixin.py:190} INFO - [2026-03-23T01:21:30.061+0000] {dag.py:3239} INFO - Sync 1 DAGs
[2026-03-23T01:21:30.073+0000] {logging_mixin.py:190} INFO - [2026-03-23T01:21:30.072+0000] {dag.py:4180} INFO - Setting next_dagrun for example_display_name to None, run_after=None
[2026-03-23T01:21:30.094+0000] {processor.py:208} INFO - Processing /home/ec2-user/environment/lab4_model_training/venv/lib64/python3.12/site-packages/airflow/example_dags/example_display_name.py took 0.065 seconds
[2026-03-23T01:22:37.815+0000] {processor.py:186} INFO - Started process (PID=9116) to work on /home/ec2-user/environment/lab4_model_training/venv/lib64/python3.12/site-packages/airflow/example_dags/example_display_name.py
[2026-03-23T01:22:37.816+0000] {processor.py:914} INFO - Processing file /home/ec2-user/environment/lab4_model_training/venv/lib64/python3.12/site-packages/airflow/example_dags/example_display_name.py for tasks to queue
[2026-03-23T01:22:37.818+0000] {logging_mixin.py:190} INFO - [2026-03-23T01:22:37.818+0000] {dagbag.py:588} INFO - Filling up the DagBag from /home/ec2-user/environment/lab4_model_training/venv/lib64/python3.12/site-packages/airflow/example_dags/example_display_name.py
[2026-03-23T01:22:37.825+0000] {processor.py:925} INFO - DAG(s) 'example_display_name' retrieved from /home/ec2-user/environment/lab4_model_training/venv/lib64/python3.12/site-packages/airflow/example_dags/example_display_name.py
[2026-03-23T01:22:37.839+0000] {logging_mixin.py:190} INFO - [2026-03-23T01:22:37.839+0000] {dag.py:3239} INFO - Sync 1 DAGs
[2026-03-23T01:22:37.851+0000] {logging_mixin.py:190} INFO - [2026-03-23T01:22:37.851+0000] {dag.py:4180} INFO - Setting next_dagrun for example_display_name to None, run_after=None
[2026-03-23T01:22:37.873+0000] {processor.py:208} INFO - Processing /home/ec2-user/environment/lab4_model_training/venv/lib64/python3.12/site-packages/airflow/example_dags/example_display_name.py took 0.063 seconds
[2026-03-23T01:23:47.832+0000] {processor.py:186} INFO - Started process (PID=9304) to work on /home/ec2-user/environment/lab4_model_training/venv/lib64/python3.12/site-packages/airflow/example_dags/example_display_name.py
[2026-03-23T01:23:47.833+0000] {processor.py:914} INFO - Processing file /home/ec2-user/environment/lab4_model_training/venv/lib64/python3.12/site-packages/airflow/example_dags/example_display_name.py for tasks to queue
[2026-03-23T01:23:47.835+0000] {logging_mixin.py:190} INFO - [2026-03-23T01:23:47.834+0000] {dagbag.py:588} INFO - Filling up the DagBag from /home/ec2-user/environment/lab4_model_training/venv/lib64/python3.12/site-packages/airflow/example_dags/example_display_name.py
[2026-03-23T01:23:47.842+0000] {processor.py:925} INFO - DAG(s) 'example_display_name' retrieved from /home/ec2-user/environment/lab4_model_training/venv/lib64/python3.12/site-packages/airflow/example_dags/example_display_name.py
[2026-03-23T01:23:47.857+0000] {logging_mixin.py:190} INFO - [2026-03-23T01:23:47.857+0000] {dag.py:3239} INFO - Sync 1 DAGs
[2026-03-23T01:23:47.869+0000] {logging_mixin.py:190} INFO - [2026-03-23T01:23:47.869+0000] {dag.py:4180} INFO - Setting next_dagrun for example_display_name to None, run_after=None
[2026-03-23T01:23:47.893+0000] {processor.py:208} INFO - Processing /home/ec2-user/environment/lab4_model_training/venv/lib64/python3.12/site-packages/airflow/example_dags/example_display_name.py took 0.067 seconds
