[2026-03-23T00:59:09.887+0000] {processor.py:186} INFO - Started process (PID=5797) to work on /home/ec2-user/environment/lab4_model_training/venv/lib64/python3.12/site-packages/airflow/example_dags/example_dag_decorator.py
[2026-03-23T00:59:09.888+0000] {processor.py:914} INFO - Processing file /home/ec2-user/environment/lab4_model_training/venv/lib64/python3.12/site-packages/airflow/example_dags/example_dag_decorator.py for tasks to queue
[2026-03-23T00:59:09.890+0000] {logging_mixin.py:190} INFO - [2026-03-23T00:59:09.889+0000] {dagbag.py:588} INFO - Filling up the DagBag from /home/ec2-user/environment/lab4_model_training/venv/lib64/python3.12/site-packages/airflow/example_dags/example_dag_decorator.py
[2026-03-23T00:59:09.901+0000] {processor.py:925} INFO - DAG(s) 'example_dag_decorator' retrieved from /home/ec2-user/environment/lab4_model_training/venv/lib64/python3.12/site-packages/airflow/example_dags/example_dag_decorator.py
[2026-03-23T00:59:09.999+0000] {logging_mixin.py:190} INFO - [2026-03-23T00:59:09.999+0000] {dag.py:3239} INFO - Sync 1 DAGs
[2026-03-23T00:59:10.009+0000] {logging_mixin.py:190} INFO - [2026-03-23T00:59:10.008+0000] {dag.py:4180} INFO - Setting next_dagrun for example_dag_decorator to None, run_after=None
[2026-03-23T00:59:10.029+0000] {processor.py:208} INFO - Processing /home/ec2-user/environment/lab4_model_training/venv/lib64/python3.12/site-packages/airflow/example_dags/example_dag_decorator.py took 0.147 seconds
[2026-03-23T01:00:12.660+0000] {processor.py:186} INFO - Started process (PID=5970) to work on /home/ec2-user/environment/lab4_model_training/venv/lib64/python3.12/site-packages/airflow/example_dags/example_dag_decorator.py
[2026-03-23T01:00:12.661+0000] {processor.py:914} INFO - Processing file /home/ec2-user/environment/lab4_model_training/venv/lib64/python3.12/site-packages/airflow/example_dags/example_dag_decorator.py for tasks to queue
[2026-03-23T01:00:12.663+0000] {logging_mixin.py:190} INFO - [2026-03-23T01:00:12.663+0000] {dagbag.py:588} INFO - Filling up the DagBag from /home/ec2-user/environment/lab4_model_training/venv/lib64/python3.12/site-packages/airflow/example_dags/example_dag_decorator.py
[2026-03-23T01:00:12.675+0000] {processor.py:925} INFO - DAG(s) 'example_dag_decorator' retrieved from /home/ec2-user/environment/lab4_model_training/venv/lib64/python3.12/site-packages/airflow/example_dags/example_dag_decorator.py
[2026-03-23T01:00:12.770+0000] {logging_mixin.py:190} INFO - [2026-03-23T01:00:12.769+0000] {dag.py:3239} INFO - Sync 1 DAGs
[2026-03-23T01:00:12.780+0000] {logging_mixin.py:190} INFO - [2026-03-23T01:00:12.779+0000] {dag.py:4180} INFO - Setting next_dagrun for example_dag_decorator to None, run_after=None
[2026-03-23T01:00:12.805+0000] {processor.py:208} INFO - Processing /home/ec2-user/environment/lab4_model_training/venv/lib64/python3.12/site-packages/airflow/example_dags/example_dag_decorator.py took 0.150 seconds
[2026-03-23T01:01:17.165+0000] {processor.py:186} INFO - Started process (PID=6181) to work on /home/ec2-user/environment/lab4_model_training/venv/lib64/python3.12/site-packages/airflow/example_dags/example_dag_decorator.py
[2026-03-23T01:01:17.166+0000] {processor.py:914} INFO - Processing file /home/ec2-user/environment/lab4_model_training/venv/lib64/python3.12/site-packages/airflow/example_dags/example_dag_decorator.py for tasks to queue
[2026-03-23T01:01:17.168+0000] {logging_mixin.py:190} INFO - [2026-03-23T01:01:17.167+0000] {dagbag.py:588} INFO - Filling up the DagBag from /home/ec2-user/environment/lab4_model_training/venv/lib64/python3.12/site-packages/airflow/example_dags/example_dag_decorator.py
[2026-03-23T01:01:17.179+0000] {processor.py:925} INFO - DAG(s) 'example_dag_decorator' retrieved from /home/ec2-user/environment/lab4_model_training/venv/lib64/python3.12/site-packages/airflow/example_dags/example_dag_decorator.py
[2026-03-23T01:01:17.275+0000] {logging_mixin.py:190} INFO - [2026-03-23T01:01:17.275+0000] {dag.py:3239} INFO - Sync 1 DAGs
[2026-03-23T01:01:17.285+0000] {logging_mixin.py:190} INFO - [2026-03-23T01:01:17.285+0000] {dag.py:4180} INFO - Setting next_dagrun for example_dag_decorator to None, run_after=None
[2026-03-23T01:01:17.308+0000] {processor.py:208} INFO - Processing /home/ec2-user/environment/lab4_model_training/venv/lib64/python3.12/site-packages/airflow/example_dags/example_dag_decorator.py took 0.149 seconds
[2026-03-23T01:02:17.834+0000] {processor.py:186} INFO - Started process (PID=6334) to work on /home/ec2-user/environment/lab4_model_training/venv/lib64/python3.12/site-packages/airflow/example_dags/example_dag_decorator.py
[2026-03-23T01:02:17.835+0000] {processor.py:914} INFO - Processing file /home/ec2-user/environment/lab4_model_training/venv/lib64/python3.12/site-packages/airflow/example_dags/example_dag_decorator.py for tasks to queue
[2026-03-23T01:02:17.837+0000] {logging_mixin.py:190} INFO - [2026-03-23T01:02:17.837+0000] {dagbag.py:588} INFO - Filling up the DagBag from /home/ec2-user/environment/lab4_model_training/venv/lib64/python3.12/site-packages/airflow/example_dags/example_dag_decorator.py
[2026-03-23T01:02:17.848+0000] {processor.py:925} INFO - DAG(s) 'example_dag_decorator' retrieved from /home/ec2-user/environment/lab4_model_training/venv/lib64/python3.12/site-packages/airflow/example_dags/example_dag_decorator.py
[2026-03-23T01:02:17.946+0000] {logging_mixin.py:190} INFO - [2026-03-23T01:02:17.946+0000] {dag.py:3239} INFO - Sync 1 DAGs
[2026-03-23T01:02:17.956+0000] {logging_mixin.py:190} INFO - [2026-03-23T01:02:17.956+0000] {dag.py:4180} INFO - Setting next_dagrun for example_dag_decorator to None, run_after=None
[2026-03-23T01:02:17.978+0000] {processor.py:208} INFO - Processing /home/ec2-user/environment/lab4_model_training/venv/lib64/python3.12/site-packages/airflow/example_dags/example_dag_decorator.py took 0.149 seconds
[2026-03-23T01:03:25.771+0000] {processor.py:186} INFO - Started process (PID=6537) to work on /home/ec2-user/environment/lab4_model_training/venv/lib64/python3.12/site-packages/airflow/example_dags/example_dag_decorator.py
[2026-03-23T01:03:25.773+0000] {processor.py:914} INFO - Processing file /home/ec2-user/environment/lab4_model_training/venv/lib64/python3.12/site-packages/airflow/example_dags/example_dag_decorator.py for tasks to queue
[2026-03-23T01:03:25.774+0000] {logging_mixin.py:190} INFO - [2026-03-23T01:03:25.774+0000] {dagbag.py:588} INFO - Filling up the DagBag from /home/ec2-user/environment/lab4_model_training/venv/lib64/python3.12/site-packages/airflow/example_dags/example_dag_decorator.py
[2026-03-23T01:03:25.786+0000] {processor.py:925} INFO - DAG(s) 'example_dag_decorator' retrieved from /home/ec2-user/environment/lab4_model_training/venv/lib64/python3.12/site-packages/airflow/example_dags/example_dag_decorator.py
[2026-03-23T01:03:25.882+0000] {logging_mixin.py:190} INFO - [2026-03-23T01:03:25.882+0000] {dag.py:3239} INFO - Sync 1 DAGs
[2026-03-23T01:03:25.893+0000] {logging_mixin.py:190} INFO - [2026-03-23T01:03:25.893+0000] {dag.py:4180} INFO - Setting next_dagrun for example_dag_decorator to None, run_after=None
[2026-03-23T01:03:25.914+0000] {processor.py:208} INFO - Processing /home/ec2-user/environment/lab4_model_training/venv/lib64/python3.12/site-packages/airflow/example_dags/example_dag_decorator.py took 0.148 seconds
[2026-03-23T01:04:31.017+0000] {processor.py:186} INFO - Started process (PID=6672) to work on /home/ec2-user/environment/lab4_model_training/venv/lib64/python3.12/site-packages/airflow/example_dags/example_dag_decorator.py
[2026-03-23T01:04:31.019+0000] {processor.py:914} INFO - Processing file /home/ec2-user/environment/lab4_model_training/venv/lib64/python3.12/site-packages/airflow/example_dags/example_dag_decorator.py for tasks to queue
[2026-03-23T01:04:31.020+0000] {logging_mixin.py:190} INFO - [2026-03-23T01:04:31.020+0000] {dagbag.py:588} INFO - Filling up the DagBag from /home/ec2-user/environment/lab4_model_training/venv/lib64/python3.12/site-packages/airflow/example_dags/example_dag_decorator.py
[2026-03-23T01:04:31.032+0000] {processor.py:925} INFO - DAG(s) 'example_dag_decorator' retrieved from /home/ec2-user/environment/lab4_model_training/venv/lib64/python3.12/site-packages/airflow/example_dags/example_dag_decorator.py
[2026-03-23T01:04:31.129+0000] {logging_mixin.py:190} INFO - [2026-03-23T01:04:31.129+0000] {dag.py:3239} INFO - Sync 1 DAGs
[2026-03-23T01:04:31.138+0000] {logging_mixin.py:190} INFO - [2026-03-23T01:04:31.138+0000] {dag.py:4180} INFO - Setting next_dagrun for example_dag_decorator to None, run_after=None
[2026-03-23T01:04:31.161+0000] {processor.py:208} INFO - Processing /home/ec2-user/environment/lab4_model_training/venv/lib64/python3.12/site-packages/airflow/example_dags/example_dag_decorator.py took 0.149 seconds
[2026-03-23T01:05:41.178+0000] {processor.py:186} INFO - Started process (PID=6847) to work on /home/ec2-user/environment/lab4_model_training/venv/lib64/python3.12/site-packages/airflow/example_dags/example_dag_decorator.py
[2026-03-23T01:05:41.179+0000] {processor.py:914} INFO - Processing file /home/ec2-user/environment/lab4_model_training/venv/lib64/python3.12/site-packages/airflow/example_dags/example_dag_decorator.py for tasks to queue
[2026-03-23T01:05:41.181+0000] {logging_mixin.py:190} INFO - [2026-03-23T01:05:41.181+0000] {dagbag.py:588} INFO - Filling up the DagBag from /home/ec2-user/environment/lab4_model_training/venv/lib64/python3.12/site-packages/airflow/example_dags/example_dag_decorator.py
[2026-03-23T01:05:41.200+0000] {processor.py:925} INFO - DAG(s) 'example_dag_decorator' retrieved from /home/ec2-user/environment/lab4_model_training/venv/lib64/python3.12/site-packages/airflow/example_dags/example_dag_decorator.py
[2026-03-23T01:05:41.292+0000] {logging_mixin.py:190} INFO - [2026-03-23T01:05:41.291+0000] {dag.py:3239} INFO - Sync 1 DAGs
[2026-03-23T01:05:41.301+0000] {logging_mixin.py:190} INFO - [2026-03-23T01:05:41.301+0000] {dag.py:4180} INFO - Setting next_dagrun for example_dag_decorator to None, run_after=None
[2026-03-23T01:05:41.332+0000] {processor.py:208} INFO - Processing /home/ec2-user/environment/lab4_model_training/venv/lib64/python3.12/site-packages/airflow/example_dags/example_dag_decorator.py took 0.159 seconds
[2026-03-23T01:06:57.596+0000] {processor.py:186} INFO - Started process (PID=7053) to work on /home/ec2-user/environment/lab4_model_training/venv/lib64/python3.12/site-packages/airflow/example_dags/example_dag_decorator.py
[2026-03-23T01:06:57.597+0000] {processor.py:914} INFO - Processing file /home/ec2-user/environment/lab4_model_training/venv/lib64/python3.12/site-packages/airflow/example_dags/example_dag_decorator.py for tasks to queue
[2026-03-23T01:06:57.599+0000] {logging_mixin.py:190} INFO - [2026-03-23T01:06:57.599+0000] {dagbag.py:588} INFO - Filling up the DagBag from /home/ec2-user/environment/lab4_model_training/venv/lib64/python3.12/site-packages/airflow/example_dags/example_dag_decorator.py
[2026-03-23T01:06:57.610+0000] {processor.py:925} INFO - DAG(s) 'example_dag_decorator' retrieved from /home/ec2-user/environment/lab4_model_training/venv/lib64/python3.12/site-packages/airflow/example_dags/example_dag_decorator.py
[2026-03-23T01:06:57.703+0000] {logging_mixin.py:190} INFO - [2026-03-23T01:06:57.703+0000] {dag.py:3239} INFO - Sync 1 DAGs
[2026-03-23T01:06:57.713+0000] {logging_mixin.py:190} INFO - [2026-03-23T01:06:57.713+0000] {dag.py:4180} INFO - Setting next_dagrun for example_dag_decorator to None, run_after=None
[2026-03-23T01:06:57.735+0000] {processor.py:208} INFO - Processing /home/ec2-user/environment/lab4_model_training/venv/lib64/python3.12/site-packages/airflow/example_dags/example_dag_decorator.py took 0.145 seconds
[2026-03-23T01:08:05.121+0000] {processor.py:186} INFO - Started process (PID=7182) to work on /home/ec2-user/environment/lab4_model_training/venv/lib64/python3.12/site-packages/airflow/example_dags/example_dag_decorator.py
[2026-03-23T01:08:05.122+0000] {processor.py:914} INFO - Processing file /home/ec2-user/environment/lab4_model_training/venv/lib64/python3.12/site-packages/airflow/example_dags/example_dag_decorator.py for tasks to queue
[2026-03-23T01:08:05.124+0000] {logging_mixin.py:190} INFO - [2026-03-23T01:08:05.124+0000] {dagbag.py:588} INFO - Filling up the DagBag from /home/ec2-user/environment/lab4_model_training/venv/lib64/python3.12/site-packages/airflow/example_dags/example_dag_decorator.py
[2026-03-23T01:08:05.136+0000] {processor.py:925} INFO - DAG(s) 'example_dag_decorator' retrieved from /home/ec2-user/environment/lab4_model_training/venv/lib64/python3.12/site-packages/airflow/example_dags/example_dag_decorator.py
[2026-03-23T01:08:05.229+0000] {logging_mixin.py:190} INFO - [2026-03-23T01:08:05.229+0000] {dag.py:3239} INFO - Sync 1 DAGs
[2026-03-23T01:08:05.240+0000] {logging_mixin.py:190} INFO - [2026-03-23T01:08:05.240+0000] {dag.py:4180} INFO - Setting next_dagrun for example_dag_decorator to None, run_after=None
[2026-03-23T01:08:05.262+0000] {processor.py:208} INFO - Processing /home/ec2-user/environment/lab4_model_training/venv/lib64/python3.12/site-packages/airflow/example_dags/example_dag_decorator.py took 0.147 seconds
[2026-03-23T01:08:46.843+0000] {processor.py:186} INFO - Started process (PID=7289) to work on /home/ec2-user/environment/lab4_model_training/venv/lib64/python3.12/site-packages/airflow/example_dags/example_dag_decorator.py
[2026-03-23T01:08:46.844+0000] {processor.py:914} INFO - Processing file /home/ec2-user/environment/lab4_model_training/venv/lib64/python3.12/site-packages/airflow/example_dags/example_dag_decorator.py for tasks to queue
[2026-03-23T01:08:46.846+0000] {logging_mixin.py:190} INFO - [2026-03-23T01:08:46.846+0000] {dagbag.py:588} INFO - Filling up the DagBag from /home/ec2-user/environment/lab4_model_training/venv/lib64/python3.12/site-packages/airflow/example_dags/example_dag_decorator.py
[2026-03-23T01:08:46.858+0000] {processor.py:925} INFO - DAG(s) 'example_dag_decorator' retrieved from /home/ec2-user/environment/lab4_model_training/venv/lib64/python3.12/site-packages/airflow/example_dags/example_dag_decorator.py
[2026-03-23T01:08:46.950+0000] {logging_mixin.py:190} INFO - [2026-03-23T01:08:46.950+0000] {dag.py:3239} INFO - Sync 1 DAGs
[2026-03-23T01:08:46.960+0000] {logging_mixin.py:190} INFO - [2026-03-23T01:08:46.959+0000] {dag.py:4180} INFO - Setting next_dagrun for example_dag_decorator to None, run_after=None
[2026-03-23T01:08:46.981+0000] {processor.py:208} INFO - Processing /home/ec2-user/environment/lab4_model_training/venv/lib64/python3.12/site-packages/airflow/example_dags/example_dag_decorator.py took 0.143 seconds
[2026-03-23T01:10:05.513+0000] {processor.py:186} INFO - Started process (PID=7438) to work on /home/ec2-user/environment/lab4_model_training/venv/lib64/python3.12/site-packages/airflow/example_dags/example_dag_decorator.py
[2026-03-23T01:10:05.514+0000] {processor.py:914} INFO - Processing file /home/ec2-user/environment/lab4_model_training/venv/lib64/python3.12/site-packages/airflow/example_dags/example_dag_decorator.py for tasks to queue
[2026-03-23T01:10:05.516+0000] {logging_mixin.py:190} INFO - [2026-03-23T01:10:05.515+0000] {dagbag.py:588} INFO - Filling up the DagBag from /home/ec2-user/environment/lab4_model_training/venv/lib64/python3.12/site-packages/airflow/example_dags/example_dag_decorator.py
[2026-03-23T01:10:05.527+0000] {processor.py:925} INFO - DAG(s) 'example_dag_decorator' retrieved from /home/ec2-user/environment/lab4_model_training/venv/lib64/python3.12/site-packages/airflow/example_dags/example_dag_decorator.py
[2026-03-23T01:10:05.620+0000] {logging_mixin.py:190} INFO - [2026-03-23T01:10:05.620+0000] {dag.py:3239} INFO - Sync 1 DAGs
[2026-03-23T01:10:05.630+0000] {logging_mixin.py:190} INFO - [2026-03-23T01:10:05.630+0000] {dag.py:4180} INFO - Setting next_dagrun for example_dag_decorator to None, run_after=None
[2026-03-23T01:10:05.650+0000] {processor.py:208} INFO - Processing /home/ec2-user/environment/lab4_model_training/venv/lib64/python3.12/site-packages/airflow/example_dags/example_dag_decorator.py took 0.143 seconds
[2026-03-23T01:11:13.087+0000] {processor.py:186} INFO - Started process (PID=7620) to work on /home/ec2-user/environment/lab4_model_training/venv/lib64/python3.12/site-packages/airflow/example_dags/example_dag_decorator.py
[2026-03-23T01:11:13.088+0000] {processor.py:914} INFO - Processing file /home/ec2-user/environment/lab4_model_training/venv/lib64/python3.12/site-packages/airflow/example_dags/example_dag_decorator.py for tasks to queue
[2026-03-23T01:11:13.090+0000] {logging_mixin.py:190} INFO - [2026-03-23T01:11:13.090+0000] {dagbag.py:588} INFO - Filling up the DagBag from /home/ec2-user/environment/lab4_model_training/venv/lib64/python3.12/site-packages/airflow/example_dags/example_dag_decorator.py
[2026-03-23T01:11:13.102+0000] {processor.py:925} INFO - DAG(s) 'example_dag_decorator' retrieved from /home/ec2-user/environment/lab4_model_training/venv/lib64/python3.12/site-packages/airflow/example_dags/example_dag_decorator.py
[2026-03-23T01:11:13.195+0000] {logging_mixin.py:190} INFO - [2026-03-23T01:11:13.195+0000] {dag.py:3239} INFO - Sync 1 DAGs
[2026-03-23T01:11:13.205+0000] {logging_mixin.py:190} INFO - [2026-03-23T01:11:13.204+0000] {dag.py:4180} INFO - Setting next_dagrun for example_dag_decorator to None, run_after=None
[2026-03-23T01:11:13.226+0000] {processor.py:208} INFO - Processing /home/ec2-user/environment/lab4_model_training/venv/lib64/python3.12/site-packages/airflow/example_dags/example_dag_decorator.py took 0.144 seconds
[2026-03-23T01:12:16.108+0000] {processor.py:186} INFO - Started process (PID=7778) to work on /home/ec2-user/environment/lab4_model_training/venv/lib64/python3.12/site-packages/airflow/example_dags/example_dag_decorator.py
[2026-03-23T01:12:16.109+0000] {processor.py:914} INFO - Processing file /home/ec2-user/environment/lab4_model_training/venv/lib64/python3.12/site-packages/airflow/example_dags/example_dag_decorator.py for tasks to queue
[2026-03-23T01:12:16.111+0000] {logging_mixin.py:190} INFO - [2026-03-23T01:12:16.111+0000] {dagbag.py:588} INFO - Filling up the DagBag from /home/ec2-user/environment/lab4_model_training/venv/lib64/python3.12/site-packages/airflow/example_dags/example_dag_decorator.py
[2026-03-23T01:12:16.123+0000] {processor.py:925} INFO - DAG(s) 'example_dag_decorator' retrieved from /home/ec2-user/environment/lab4_model_training/venv/lib64/python3.12/site-packages/airflow/example_dags/example_dag_decorator.py
[2026-03-23T01:12:16.216+0000] {logging_mixin.py:190} INFO - [2026-03-23T01:12:16.216+0000] {dag.py:3239} INFO - Sync 1 DAGs
[2026-03-23T01:12:16.227+0000] {logging_mixin.py:190} INFO - [2026-03-23T01:12:16.227+0000] {dag.py:4180} INFO - Setting next_dagrun for example_dag_decorator to None, run_after=None
[2026-03-23T01:12:16.249+0000] {processor.py:208} INFO - Processing /home/ec2-user/environment/lab4_model_training/venv/lib64/python3.12/site-packages/airflow/example_dags/example_dag_decorator.py took 0.147 seconds
[2026-03-23T01:13:21.334+0000] {processor.py:186} INFO - Started process (PID=7886) to work on /home/ec2-user/environment/lab4_model_training/venv/lib64/python3.12/site-packages/airflow/example_dags/example_dag_decorator.py
[2026-03-23T01:13:21.335+0000] {processor.py:914} INFO - Processing file /home/ec2-user/environment/lab4_model_training/venv/lib64/python3.12/site-packages/airflow/example_dags/example_dag_decorator.py for tasks to queue
[2026-03-23T01:13:21.337+0000] {logging_mixin.py:190} INFO - [2026-03-23T01:13:21.336+0000] {dagbag.py:588} INFO - Filling up the DagBag from /home/ec2-user/environment/lab4_model_training/venv/lib64/python3.12/site-packages/airflow/example_dags/example_dag_decorator.py
[2026-03-23T01:13:21.348+0000] {processor.py:925} INFO - DAG(s) 'example_dag_decorator' retrieved from /home/ec2-user/environment/lab4_model_training/venv/lib64/python3.12/site-packages/airflow/example_dags/example_dag_decorator.py
[2026-03-23T01:13:21.438+0000] {logging_mixin.py:190} INFO - [2026-03-23T01:13:21.438+0000] {dag.py:3239} INFO - Sync 1 DAGs
[2026-03-23T01:13:21.448+0000] {logging_mixin.py:190} INFO - [2026-03-23T01:13:21.448+0000] {dag.py:4180} INFO - Setting next_dagrun for example_dag_decorator to None, run_after=None
[2026-03-23T01:13:21.469+0000] {processor.py:208} INFO - Processing /home/ec2-user/environment/lab4_model_training/venv/lib64/python3.12/site-packages/airflow/example_dags/example_dag_decorator.py took 0.140 seconds
[2026-03-23T01:14:24.467+0000] {processor.py:186} INFO - Started process (PID=8040) to work on /home/ec2-user/environment/lab4_model_training/venv/lib64/python3.12/site-packages/airflow/example_dags/example_dag_decorator.py
[2026-03-23T01:14:24.468+0000] {processor.py:914} INFO - Processing file /home/ec2-user/environment/lab4_model_training/venv/lib64/python3.12/site-packages/airflow/example_dags/example_dag_decorator.py for tasks to queue
[2026-03-23T01:14:24.470+0000] {logging_mixin.py:190} INFO - [2026-03-23T01:14:24.469+0000] {dagbag.py:588} INFO - Filling up the DagBag from /home/ec2-user/environment/lab4_model_training/venv/lib64/python3.12/site-packages/airflow/example_dags/example_dag_decorator.py
[2026-03-23T01:14:24.481+0000] {processor.py:925} INFO - DAG(s) 'example_dag_decorator' retrieved from /home/ec2-user/environment/lab4_model_training/venv/lib64/python3.12/site-packages/airflow/example_dags/example_dag_decorator.py
[2026-03-23T01:14:24.575+0000] {logging_mixin.py:190} INFO - [2026-03-23T01:14:24.575+0000] {dag.py:3239} INFO - Sync 1 DAGs
[2026-03-23T01:14:24.585+0000] {logging_mixin.py:190} INFO - [2026-03-23T01:14:24.585+0000] {dag.py:4180} INFO - Setting next_dagrun for example_dag_decorator to None, run_after=None
[2026-03-23T01:14:24.607+0000] {processor.py:208} INFO - Processing /home/ec2-user/environment/lab4_model_training/venv/lib64/python3.12/site-packages/airflow/example_dags/example_dag_decorator.py took 0.146 seconds
[2026-03-23T01:15:34.802+0000] {processor.py:186} INFO - Started process (PID=8165) to work on /home/ec2-user/environment/lab4_model_training/venv/lib64/python3.12/site-packages/airflow/example_dags/example_dag_decorator.py
[2026-03-23T01:15:34.804+0000] {processor.py:914} INFO - Processing file /home/ec2-user/environment/lab4_model_training/venv/lib64/python3.12/site-packages/airflow/example_dags/example_dag_decorator.py for tasks to queue
[2026-03-23T01:15:34.805+0000] {logging_mixin.py:190} INFO - [2026-03-23T01:15:34.805+0000] {dagbag.py:588} INFO - Filling up the DagBag from /home/ec2-user/environment/lab4_model_training/venv/lib64/python3.12/site-packages/airflow/example_dags/example_dag_decorator.py
[2026-03-23T01:15:34.816+0000] {processor.py:925} INFO - DAG(s) 'example_dag_decorator' retrieved from /home/ec2-user/environment/lab4_model_training/venv/lib64/python3.12/site-packages/airflow/example_dags/example_dag_decorator.py
[2026-03-23T01:15:34.906+0000] {logging_mixin.py:190} INFO - [2026-03-23T01:15:34.906+0000] {dag.py:3239} INFO - Sync 1 DAGs
[2026-03-23T01:15:34.915+0000] {logging_mixin.py:190} INFO - [2026-03-23T01:15:34.915+0000] {dag.py:4180} INFO - Setting next_dagrun for example_dag_decorator to None, run_after=None
[2026-03-23T01:15:34.936+0000] {processor.py:208} INFO - Processing /home/ec2-user/environment/lab4_model_training/venv/lib64/python3.12/site-packages/airflow/example_dags/example_dag_decorator.py took 0.139 seconds
[2026-03-23T01:16:42.193+0000] {processor.py:186} INFO - Started process (PID=8322) to work on /home/ec2-user/environment/lab4_model_training/venv/lib64/python3.12/site-packages/airflow/example_dags/example_dag_decorator.py
[2026-03-23T01:16:42.194+0000] {processor.py:914} INFO - Processing file /home/ec2-user/environment/lab4_model_training/venv/lib64/python3.12/site-packages/airflow/example_dags/example_dag_decorator.py for tasks to queue
[2026-03-23T01:16:42.196+0000] {logging_mixin.py:190} INFO - [2026-03-23T01:16:42.196+0000] {dagbag.py:588} INFO - Filling up the DagBag from /home/ec2-user/environment/lab4_model_training/venv/lib64/python3.12/site-packages/airflow/example_dags/example_dag_decorator.py
[2026-03-23T01:16:42.208+0000] {processor.py:925} INFO - DAG(s) 'example_dag_decorator' retrieved from /home/ec2-user/environment/lab4_model_training/venv/lib64/python3.12/site-packages/airflow/example_dags/example_dag_decorator.py
[2026-03-23T01:16:42.226+0000] {logging_mixin.py:190} INFO - [2026-03-23T01:16:42.226+0000] {dag.py:3239} INFO - Sync 1 DAGs
[2026-03-23T01:16:42.238+0000] {logging_mixin.py:190} INFO - [2026-03-23T01:16:42.238+0000] {dag.py:4180} INFO - Setting next_dagrun for example_dag_decorator to None, run_after=None
[2026-03-23T01:16:42.260+0000] {processor.py:208} INFO - Processing /home/ec2-user/environment/lab4_model_training/venv/lib64/python3.12/site-packages/airflow/example_dags/example_dag_decorator.py took 0.072 seconds
[2026-03-23T01:17:45.753+0000] {processor.py:186} INFO - Started process (PID=8483) to work on /home/ec2-user/environment/lab4_model_training/venv/lib64/python3.12/site-packages/airflow/example_dags/example_dag_decorator.py
[2026-03-23T01:17:45.754+0000] {processor.py:914} INFO - Processing file /home/ec2-user/environment/lab4_model_training/venv/lib64/python3.12/site-packages/airflow/example_dags/example_dag_decorator.py for tasks to queue
[2026-03-23T01:17:45.756+0000] {logging_mixin.py:190} INFO - [2026-03-23T01:17:45.756+0000] {dagbag.py:588} INFO - Filling up the DagBag from /home/ec2-user/environment/lab4_model_training/venv/lib64/python3.12/site-packages/airflow/example_dags/example_dag_decorator.py
[2026-03-23T01:17:45.768+0000] {processor.py:925} INFO - DAG(s) 'example_dag_decorator' retrieved from /home/ec2-user/environment/lab4_model_training/venv/lib64/python3.12/site-packages/airflow/example_dags/example_dag_decorator.py
[2026-03-23T01:17:45.862+0000] {logging_mixin.py:190} INFO - [2026-03-23T01:17:45.862+0000] {dag.py:3239} INFO - Sync 1 DAGs
[2026-03-23T01:17:45.872+0000] {logging_mixin.py:190} INFO - [2026-03-23T01:17:45.872+0000] {dag.py:4180} INFO - Setting next_dagrun for example_dag_decorator to None, run_after=None
[2026-03-23T01:17:45.894+0000] {processor.py:208} INFO - Processing /home/ec2-user/environment/lab4_model_training/venv/lib64/python3.12/site-packages/airflow/example_dags/example_dag_decorator.py took 0.146 seconds
[2026-03-23T01:18:48.896+0000] {processor.py:186} INFO - Started process (PID=8612) to work on /home/ec2-user/environment/lab4_model_training/venv/lib64/python3.12/site-packages/airflow/example_dags/example_dag_decorator.py
[2026-03-23T01:18:48.897+0000] {processor.py:914} INFO - Processing file /home/ec2-user/environment/lab4_model_training/venv/lib64/python3.12/site-packages/airflow/example_dags/example_dag_decorator.py for tasks to queue
[2026-03-23T01:18:48.899+0000] {logging_mixin.py:190} INFO - [2026-03-23T01:18:48.898+0000] {dagbag.py:588} INFO - Filling up the DagBag from /home/ec2-user/environment/lab4_model_training/venv/lib64/python3.12/site-packages/airflow/example_dags/example_dag_decorator.py
[2026-03-23T01:18:48.910+0000] {processor.py:925} INFO - DAG(s) 'example_dag_decorator' retrieved from /home/ec2-user/environment/lab4_model_training/venv/lib64/python3.12/site-packages/airflow/example_dags/example_dag_decorator.py
[2026-03-23T01:18:48.928+0000] {logging_mixin.py:190} INFO - [2026-03-23T01:18:48.928+0000] {dag.py:3239} INFO - Sync 1 DAGs
[2026-03-23T01:18:48.940+0000] {logging_mixin.py:190} INFO - [2026-03-23T01:18:48.940+0000] {dag.py:4180} INFO - Setting next_dagrun for example_dag_decorator to None, run_after=None
[2026-03-23T01:18:48.961+0000] {processor.py:208} INFO - Processing /home/ec2-user/environment/lab4_model_training/venv/lib64/python3.12/site-packages/airflow/example_dags/example_dag_decorator.py took 0.071 seconds
[2026-03-23T01:19:50.245+0000] {processor.py:186} INFO - Started process (PID=8764) to work on /home/ec2-user/environment/lab4_model_training/venv/lib64/python3.12/site-packages/airflow/example_dags/example_dag_decorator.py
[2026-03-23T01:19:50.246+0000] {processor.py:914} INFO - Processing file /home/ec2-user/environment/lab4_model_training/venv/lib64/python3.12/site-packages/airflow/example_dags/example_dag_decorator.py for tasks to queue
[2026-03-23T01:19:50.248+0000] {logging_mixin.py:190} INFO - [2026-03-23T01:19:50.248+0000] {dagbag.py:588} INFO - Filling up the DagBag from /home/ec2-user/environment/lab4_model_training/venv/lib64/python3.12/site-packages/airflow/example_dags/example_dag_decorator.py
[2026-03-23T01:19:50.259+0000] {processor.py:925} INFO - DAG(s) 'example_dag_decorator' retrieved from /home/ec2-user/environment/lab4_model_training/venv/lib64/python3.12/site-packages/airflow/example_dags/example_dag_decorator.py
[2026-03-23T01:19:50.277+0000] {logging_mixin.py:190} INFO - [2026-03-23T01:19:50.277+0000] {dag.py:3239} INFO - Sync 1 DAGs
[2026-03-23T01:19:50.288+0000] {logging_mixin.py:190} INFO - [2026-03-23T01:19:50.288+0000] {dag.py:4180} INFO - Setting next_dagrun for example_dag_decorator to None, run_after=None
[2026-03-23T01:19:50.308+0000] {processor.py:208} INFO - Processing /home/ec2-user/environment/lab4_model_training/venv/lib64/python3.12/site-packages/airflow/example_dags/example_dag_decorator.py took 0.068 seconds
[2026-03-23T01:20:56.854+0000] {processor.py:186} INFO - Started process (PID=8874) to work on /home/ec2-user/environment/lab4_model_training/venv/lib64/python3.12/site-packages/airflow/example_dags/example_dag_decorator.py
[2026-03-23T01:20:56.855+0000] {processor.py:914} INFO - Processing file /home/ec2-user/environment/lab4_model_training/venv/lib64/python3.12/site-packages/airflow/example_dags/example_dag_decorator.py for tasks to queue
[2026-03-23T01:20:56.857+0000] {logging_mixin.py:190} INFO - [2026-03-23T01:20:56.857+0000] {dagbag.py:588} INFO - Filling up the DagBag from /home/ec2-user/environment/lab4_model_training/venv/lib64/python3.12/site-packages/airflow/example_dags/example_dag_decorator.py
[2026-03-23T01:20:56.868+0000] {processor.py:925} INFO - DAG(s) 'example_dag_decorator' retrieved from /home/ec2-user/environment/lab4_model_training/venv/lib64/python3.12/site-packages/airflow/example_dags/example_dag_decorator.py
[2026-03-23T01:20:56.959+0000] {logging_mixin.py:190} INFO - [2026-03-23T01:20:56.958+0000] {dag.py:3239} INFO - Sync 1 DAGs
[2026-03-23T01:20:56.969+0000] {logging_mixin.py:190} INFO - [2026-03-23T01:20:56.969+0000] {dag.py:4180} INFO - Setting next_dagrun for example_dag_decorator to None, run_after=None
[2026-03-23T01:20:56.989+0000] {processor.py:208} INFO - Processing /home/ec2-user/environment/lab4_model_training/venv/lib64/python3.12/site-packages/airflow/example_dags/example_dag_decorator.py took 0.140 seconds
[2026-03-23T01:22:03.009+0000] {processor.py:186} INFO - Started process (PID=9064) to work on /home/ec2-user/environment/lab4_model_training/venv/lib64/python3.12/site-packages/airflow/example_dags/example_dag_decorator.py
[2026-03-23T01:22:03.010+0000] {processor.py:914} INFO - Processing file /home/ec2-user/environment/lab4_model_training/venv/lib64/python3.12/site-packages/airflow/example_dags/example_dag_decorator.py for tasks to queue
[2026-03-23T01:22:03.012+0000] {logging_mixin.py:190} INFO - [2026-03-23T01:22:03.011+0000] {dagbag.py:588} INFO - Filling up the DagBag from /home/ec2-user/environment/lab4_model_training/venv/lib64/python3.12/site-packages/airflow/example_dags/example_dag_decorator.py
[2026-03-23T01:22:03.023+0000] {processor.py:925} INFO - DAG(s) 'example_dag_decorator' retrieved from /home/ec2-user/environment/lab4_model_training/venv/lib64/python3.12/site-packages/airflow/example_dags/example_dag_decorator.py
[2026-03-23T01:22:03.114+0000] {logging_mixin.py:190} INFO - [2026-03-23T01:22:03.114+0000] {dag.py:3239} INFO - Sync 1 DAGs
[2026-03-23T01:22:03.124+0000] {logging_mixin.py:190} INFO - [2026-03-23T01:22:03.124+0000] {dag.py:4180} INFO - Setting next_dagrun for example_dag_decorator to None, run_after=None
[2026-03-23T01:22:03.147+0000] {processor.py:208} INFO - Processing /home/ec2-user/environment/lab4_model_training/venv/lib64/python3.12/site-packages/airflow/example_dags/example_dag_decorator.py took 0.143 seconds
[2026-03-23T01:23:14.588+0000] {processor.py:186} INFO - Started process (PID=9202) to work on /home/ec2-user/environment/lab4_model_training/venv/lib64/python3.12/site-packages/airflow/example_dags/example_dag_decorator.py
[2026-03-23T01:23:14.590+0000] {processor.py:914} INFO - Processing file /home/ec2-user/environment/lab4_model_training/venv/lib64/python3.12/site-packages/airflow/example_dags/example_dag_decorator.py for tasks to queue
[2026-03-23T01:23:14.592+0000] {logging_mixin.py:190} INFO - [2026-03-23T01:23:14.591+0000] {dagbag.py:588} INFO - Filling up the DagBag from /home/ec2-user/environment/lab4_model_training/venv/lib64/python3.12/site-packages/airflow/example_dags/example_dag_decorator.py
[2026-03-23T01:23:14.603+0000] {processor.py:925} INFO - DAG(s) 'example_dag_decorator' retrieved from /home/ec2-user/environment/lab4_model_training/venv/lib64/python3.12/site-packages/airflow/example_dags/example_dag_decorator.py
[2026-03-23T01:23:14.695+0000] {logging_mixin.py:190} INFO - [2026-03-23T01:23:14.695+0000] {dag.py:3239} INFO - Sync 1 DAGs
[2026-03-23T01:23:14.706+0000] {logging_mixin.py:190} INFO - [2026-03-23T01:23:14.706+0000] {dag.py:4180} INFO - Setting next_dagrun for example_dag_decorator to None, run_after=None
[2026-03-23T01:23:14.728+0000] {processor.py:208} INFO - Processing /home/ec2-user/environment/lab4_model_training/venv/lib64/python3.12/site-packages/airflow/example_dags/example_dag_decorator.py took 0.145 seconds
[2026-03-23T01:24:19.854+0000] {processor.py:186} INFO - Started process (PID=9408) to work on /home/ec2-user/environment/lab4_model_training/venv/lib64/python3.12/site-packages/airflow/example_dags/example_dag_decorator.py
[2026-03-23T01:24:19.855+0000] {processor.py:914} INFO - Processing file /home/ec2-user/environment/lab4_model_training/venv/lib64/python3.12/site-packages/airflow/example_dags/example_dag_decorator.py for tasks to queue
[2026-03-23T01:24:19.857+0000] {logging_mixin.py:190} INFO - [2026-03-23T01:24:19.857+0000] {dagbag.py:588} INFO - Filling up the DagBag from /home/ec2-user/environment/lab4_model_training/venv/lib64/python3.12/site-packages/airflow/example_dags/example_dag_decorator.py
[2026-03-23T01:24:19.869+0000] {processor.py:925} INFO - DAG(s) 'example_dag_decorator' retrieved from /home/ec2-user/environment/lab4_model_training/venv/lib64/python3.12/site-packages/airflow/example_dags/example_dag_decorator.py
[2026-03-23T01:24:19.964+0000] {logging_mixin.py:190} INFO - [2026-03-23T01:24:19.964+0000] {dag.py:3239} INFO - Sync 1 DAGs
[2026-03-23T01:24:19.974+0000] {logging_mixin.py:190} INFO - [2026-03-23T01:24:19.973+0000] {dag.py:4180} INFO - Setting next_dagrun for example_dag_decorator to None, run_after=None
[2026-03-23T01:24:19.997+0000] {processor.py:208} INFO - Processing /home/ec2-user/environment/lab4_model_training/venv/lib64/python3.12/site-packages/airflow/example_dags/example_dag_decorator.py took 0.148 seconds
[2026-03-23T01:25:36.376+0000] {processor.py:186} INFO - Started process (PID=9653) to work on /home/ec2-user/environment/lab4_model_training/venv/lib64/python3.12/site-packages/airflow/example_dags/example_dag_decorator.py
[2026-03-23T01:25:36.385+0000] {processor.py:914} INFO - Processing file /home/ec2-user/environment/lab4_model_training/venv/lib64/python3.12/site-packages/airflow/example_dags/example_dag_decorator.py for tasks to queue
[2026-03-23T01:25:36.387+0000] {logging_mixin.py:190} INFO - [2026-03-23T01:25:36.387+0000] {dagbag.py:588} INFO - Filling up the DagBag from /home/ec2-user/environment/lab4_model_training/venv/lib64/python3.12/site-packages/airflow/example_dags/example_dag_decorator.py
[2026-03-23T01:25:36.413+0000] {processor.py:925} INFO - DAG(s) 'example_dag_decorator' retrieved from /home/ec2-user/environment/lab4_model_training/venv/lib64/python3.12/site-packages/airflow/example_dags/example_dag_decorator.py
[2026-03-23T01:25:36.714+0000] {logging_mixin.py:190} INFO - [2026-03-23T01:25:36.714+0000] {dag.py:3239} INFO - Sync 1 DAGs
[2026-03-23T01:25:36.734+0000] {logging_mixin.py:190} INFO - [2026-03-23T01:25:36.734+0000] {dag.py:4180} INFO - Setting next_dagrun for example_dag_decorator to None, run_after=None
[2026-03-23T01:25:36.805+0000] {processor.py:208} INFO - Processing /home/ec2-user/environment/lab4_model_training/venv/lib64/python3.12/site-packages/airflow/example_dags/example_dag_decorator.py took 0.447 seconds
[2026-03-23T01:26:20.743+0000] {processor.py:186} INFO - Started process (PID=9773) to work on /home/ec2-user/environment/lab4_model_training/venv/lib64/python3.12/site-packages/airflow/example_dags/example_dag_decorator.py
[2026-03-23T01:26:20.744+0000] {processor.py:914} INFO - Processing file /home/ec2-user/environment/lab4_model_training/venv/lib64/python3.12/site-packages/airflow/example_dags/example_dag_decorator.py for tasks to queue
[2026-03-23T01:26:20.747+0000] {logging_mixin.py:190} INFO - [2026-03-23T01:26:20.746+0000] {dagbag.py:588} INFO - Filling up the DagBag from /home/ec2-user/environment/lab4_model_training/venv/lib64/python3.12/site-packages/airflow/example_dags/example_dag_decorator.py
[2026-03-23T01:26:20.762+0000] {processor.py:925} INFO - DAG(s) 'example_dag_decorator' retrieved from /home/ec2-user/environment/lab4_model_training/venv/lib64/python3.12/site-packages/airflow/example_dags/example_dag_decorator.py
[2026-03-23T01:26:20.896+0000] {logging_mixin.py:190} INFO - [2026-03-23T01:26:20.896+0000] {dag.py:3239} INFO - Sync 1 DAGs
[2026-03-23T01:26:20.911+0000] {logging_mixin.py:190} INFO - [2026-03-23T01:26:20.910+0000] {dag.py:4180} INFO - Setting next_dagrun for example_dag_decorator to None, run_after=None
[2026-03-23T01:26:20.939+0000] {processor.py:208} INFO - Processing /home/ec2-user/environment/lab4_model_training/venv/lib64/python3.12/site-packages/airflow/example_dags/example_dag_decorator.py took 0.202 seconds
[2026-03-23T01:27:29.269+0000] {processor.py:186} INFO - Started process (PID=9947) to work on /home/ec2-user/environment/lab4_model_training/venv/lib64/python3.12/site-packages/airflow/example_dags/example_dag_decorator.py
[2026-03-23T01:27:29.270+0000] {processor.py:914} INFO - Processing file /home/ec2-user/environment/lab4_model_training/venv/lib64/python3.12/site-packages/airflow/example_dags/example_dag_decorator.py for tasks to queue
[2026-03-23T01:27:29.272+0000] {logging_mixin.py:190} INFO - [2026-03-23T01:27:29.271+0000] {dagbag.py:588} INFO - Filling up the DagBag from /home/ec2-user/environment/lab4_model_training/venv/lib64/python3.12/site-packages/airflow/example_dags/example_dag_decorator.py
[2026-03-23T01:27:29.283+0000] {processor.py:925} INFO - DAG(s) 'example_dag_decorator' retrieved from /home/ec2-user/environment/lab4_model_training/venv/lib64/python3.12/site-packages/airflow/example_dags/example_dag_decorator.py
[2026-03-23T01:27:29.377+0000] {logging_mixin.py:190} INFO - [2026-03-23T01:27:29.377+0000] {dag.py:3239} INFO - Sync 1 DAGs
[2026-03-23T01:27:29.387+0000] {logging_mixin.py:190} INFO - [2026-03-23T01:27:29.387+0000] {dag.py:4180} INFO - Setting next_dagrun for example_dag_decorator to None, run_after=None
[2026-03-23T01:27:29.409+0000] {processor.py:208} INFO - Processing /home/ec2-user/environment/lab4_model_training/venv/lib64/python3.12/site-packages/airflow/example_dags/example_dag_decorator.py took 0.146 seconds
[2026-03-23T01:28:28.401+0000] {processor.py:186} INFO - Started process (PID=10098) to work on /home/ec2-user/environment/lab4_model_training/venv/lib64/python3.12/site-packages/airflow/example_dags/example_dag_decorator.py
[2026-03-23T01:28:28.402+0000] {processor.py:914} INFO - Processing file /home/ec2-user/environment/lab4_model_training/venv/lib64/python3.12/site-packages/airflow/example_dags/example_dag_decorator.py for tasks to queue
[2026-03-23T01:28:28.404+0000] {logging_mixin.py:190} INFO - [2026-03-23T01:28:28.404+0000] {dagbag.py:588} INFO - Filling up the DagBag from /home/ec2-user/environment/lab4_model_training/venv/lib64/python3.12/site-packages/airflow/example_dags/example_dag_decorator.py
[2026-03-23T01:28:28.416+0000] {processor.py:925} INFO - DAG(s) 'example_dag_decorator' retrieved from /home/ec2-user/environment/lab4_model_training/venv/lib64/python3.12/site-packages/airflow/example_dags/example_dag_decorator.py
[2026-03-23T01:28:28.434+0000] {logging_mixin.py:190} INFO - [2026-03-23T01:28:28.434+0000] {dag.py:3239} INFO - Sync 1 DAGs
[2026-03-23T01:28:28.446+0000] {logging_mixin.py:190} INFO - [2026-03-23T01:28:28.446+0000] {dag.py:4180} INFO - Setting next_dagrun for example_dag_decorator to None, run_after=None
[2026-03-23T01:28:28.468+0000] {processor.py:208} INFO - Processing /home/ec2-user/environment/lab4_model_training/venv/lib64/python3.12/site-packages/airflow/example_dags/example_dag_decorator.py took 0.072 seconds
[2026-03-23T01:29:35.709+0000] {processor.py:186} INFO - Started process (PID=10287) to work on /home/ec2-user/environment/lab4_model_training/venv/lib64/python3.12/site-packages/airflow/example_dags/example_dag_decorator.py
[2026-03-23T01:29:35.710+0000] {processor.py:914} INFO - Processing file /home/ec2-user/environment/lab4_model_training/venv/lib64/python3.12/site-packages/airflow/example_dags/example_dag_decorator.py for tasks to queue
[2026-03-23T01:29:35.712+0000] {logging_mixin.py:190} INFO - [2026-03-23T01:29:35.712+0000] {dagbag.py:588} INFO - Filling up the DagBag from /home/ec2-user/environment/lab4_model_training/venv/lib64/python3.12/site-packages/airflow/example_dags/example_dag_decorator.py
[2026-03-23T01:29:35.724+0000] {processor.py:925} INFO - DAG(s) 'example_dag_decorator' retrieved from /home/ec2-user/environment/lab4_model_training/venv/lib64/python3.12/site-packages/airflow/example_dags/example_dag_decorator.py
[2026-03-23T01:29:35.742+0000] {logging_mixin.py:190} INFO - [2026-03-23T01:29:35.741+0000] {dag.py:3239} INFO - Sync 1 DAGs
[2026-03-23T01:29:35.753+0000] {logging_mixin.py:190} INFO - [2026-03-23T01:29:35.753+0000] {dag.py:4180} INFO - Setting next_dagrun for example_dag_decorator to None, run_after=None
[2026-03-23T01:29:35.775+0000] {processor.py:208} INFO - Processing /home/ec2-user/environment/lab4_model_training/venv/lib64/python3.12/site-packages/airflow/example_dags/example_dag_decorator.py took 0.071 seconds
[2026-03-23T01:30:42.570+0000] {processor.py:186} INFO - Started process (PID=10515) to work on /home/ec2-user/environment/lab4_model_training/venv/lib64/python3.12/site-packages/airflow/example_dags/example_dag_decorator.py
[2026-03-23T01:30:42.571+0000] {processor.py:914} INFO - Processing file /home/ec2-user/environment/lab4_model_training/venv/lib64/python3.12/site-packages/airflow/example_dags/example_dag_decorator.py for tasks to queue
[2026-03-23T01:30:42.573+0000] {logging_mixin.py:190} INFO - [2026-03-23T01:30:42.573+0000] {dagbag.py:588} INFO - Filling up the DagBag from /home/ec2-user/environment/lab4_model_training/venv/lib64/python3.12/site-packages/airflow/example_dags/example_dag_decorator.py
[2026-03-23T01:30:42.585+0000] {processor.py:925} INFO - DAG(s) 'example_dag_decorator' retrieved from /home/ec2-user/environment/lab4_model_training/venv/lib64/python3.12/site-packages/airflow/example_dags/example_dag_decorator.py
[2026-03-23T01:30:42.603+0000] {logging_mixin.py:190} INFO - [2026-03-23T01:30:42.603+0000] {dag.py:3239} INFO - Sync 1 DAGs
[2026-03-23T01:30:42.615+0000] {logging_mixin.py:190} INFO - [2026-03-23T01:30:42.614+0000] {dag.py:4180} INFO - Setting next_dagrun for example_dag_decorator to None, run_after=None
[2026-03-23T01:30:42.636+0000] {processor.py:208} INFO - Processing /home/ec2-user/environment/lab4_model_training/venv/lib64/python3.12/site-packages/airflow/example_dags/example_dag_decorator.py took 0.071 seconds
[2026-03-23T01:31:49.282+0000] {processor.py:186} INFO - Started process (PID=10733) to work on /home/ec2-user/environment/lab4_model_training/venv/lib64/python3.12/site-packages/airflow/example_dags/example_dag_decorator.py
[2026-03-23T01:31:49.283+0000] {processor.py:914} INFO - Processing file /home/ec2-user/environment/lab4_model_training/venv/lib64/python3.12/site-packages/airflow/example_dags/example_dag_decorator.py for tasks to queue
[2026-03-23T01:31:49.285+0000] {logging_mixin.py:190} INFO - [2026-03-23T01:31:49.285+0000] {dagbag.py:588} INFO - Filling up the DagBag from /home/ec2-user/environment/lab4_model_training/venv/lib64/python3.12/site-packages/airflow/example_dags/example_dag_decorator.py
[2026-03-23T01:31:49.296+0000] {processor.py:925} INFO - DAG(s) 'example_dag_decorator' retrieved from /home/ec2-user/environment/lab4_model_training/venv/lib64/python3.12/site-packages/airflow/example_dags/example_dag_decorator.py
[2026-03-23T01:31:49.538+0000] {logging_mixin.py:190} INFO - [2026-03-23T01:31:49.538+0000] {dag.py:3239} INFO - Sync 1 DAGs
[2026-03-23T01:31:49.547+0000] {logging_mixin.py:190} INFO - [2026-03-23T01:31:49.547+0000] {dag.py:4180} INFO - Setting next_dagrun for example_dag_decorator to None, run_after=None
[2026-03-23T01:31:49.567+0000] {processor.py:208} INFO - Processing /home/ec2-user/environment/lab4_model_training/venv/lib64/python3.12/site-packages/airflow/example_dags/example_dag_decorator.py took 0.291 seconds
[2026-03-23T01:32:54.089+0000] {processor.py:186} INFO - Started process (PID=10905) to work on /home/ec2-user/environment/lab4_model_training/venv/lib64/python3.12/site-packages/airflow/example_dags/example_dag_decorator.py
[2026-03-23T01:32:54.091+0000] {processor.py:914} INFO - Processing file /home/ec2-user/environment/lab4_model_training/venv/lib64/python3.12/site-packages/airflow/example_dags/example_dag_decorator.py for tasks to queue
[2026-03-23T01:32:54.093+0000] {logging_mixin.py:190} INFO - [2026-03-23T01:32:54.093+0000] {dagbag.py:588} INFO - Filling up the DagBag from /home/ec2-user/environment/lab4_model_training/venv/lib64/python3.12/site-packages/airflow/example_dags/example_dag_decorator.py
[2026-03-23T01:32:54.104+0000] {processor.py:925} INFO - DAG(s) 'example_dag_decorator' retrieved from /home/ec2-user/environment/lab4_model_training/venv/lib64/python3.12/site-packages/airflow/example_dags/example_dag_decorator.py
[2026-03-23T01:32:54.122+0000] {logging_mixin.py:190} INFO - [2026-03-23T01:32:54.122+0000] {dag.py:3239} INFO - Sync 1 DAGs
[2026-03-23T01:32:54.134+0000] {logging_mixin.py:190} INFO - [2026-03-23T01:32:54.134+0000] {dag.py:4180} INFO - Setting next_dagrun for example_dag_decorator to None, run_after=None
[2026-03-23T01:32:54.156+0000] {processor.py:208} INFO - Processing /home/ec2-user/environment/lab4_model_training/venv/lib64/python3.12/site-packages/airflow/example_dags/example_dag_decorator.py took 0.072 seconds
[2026-03-23T01:33:58.295+0000] {processor.py:186} INFO - Started process (PID=11100) to work on /home/ec2-user/environment/lab4_model_training/venv/lib64/python3.12/site-packages/airflow/example_dags/example_dag_decorator.py
[2026-03-23T01:33:58.296+0000] {processor.py:914} INFO - Processing file /home/ec2-user/environment/lab4_model_training/venv/lib64/python3.12/site-packages/airflow/example_dags/example_dag_decorator.py for tasks to queue
[2026-03-23T01:33:58.298+0000] {logging_mixin.py:190} INFO - [2026-03-23T01:33:58.297+0000] {dagbag.py:588} INFO - Filling up the DagBag from /home/ec2-user/environment/lab4_model_training/venv/lib64/python3.12/site-packages/airflow/example_dags/example_dag_decorator.py
[2026-03-23T01:33:58.309+0000] {processor.py:925} INFO - DAG(s) 'example_dag_decorator' retrieved from /home/ec2-user/environment/lab4_model_training/venv/lib64/python3.12/site-packages/airflow/example_dags/example_dag_decorator.py
[2026-03-23T01:33:58.328+0000] {logging_mixin.py:190} INFO - [2026-03-23T01:33:58.327+0000] {dag.py:3239} INFO - Sync 1 DAGs
[2026-03-23T01:33:58.340+0000] {logging_mixin.py:190} INFO - [2026-03-23T01:33:58.340+0000] {dag.py:4180} INFO - Setting next_dagrun for example_dag_decorator to None, run_after=None
[2026-03-23T01:33:58.361+0000] {processor.py:208} INFO - Processing /home/ec2-user/environment/lab4_model_training/venv/lib64/python3.12/site-packages/airflow/example_dags/example_dag_decorator.py took 0.072 seconds
[2026-03-23T01:35:07.513+0000] {processor.py:186} INFO - Started process (PID=11299) to work on /home/ec2-user/environment/lab4_model_training/venv/lib64/python3.12/site-packages/airflow/example_dags/example_dag_decorator.py
[2026-03-23T01:35:07.514+0000] {processor.py:914} INFO - Processing file /home/ec2-user/environment/lab4_model_training/venv/lib64/python3.12/site-packages/airflow/example_dags/example_dag_decorator.py for tasks to queue
[2026-03-23T01:35:07.516+0000] {logging_mixin.py:190} INFO - [2026-03-23T01:35:07.516+0000] {dagbag.py:588} INFO - Filling up the DagBag from /home/ec2-user/environment/lab4_model_training/venv/lib64/python3.12/site-packages/airflow/example_dags/example_dag_decorator.py
[2026-03-23T01:35:07.527+0000] {processor.py:925} INFO - DAG(s) 'example_dag_decorator' retrieved from /home/ec2-user/environment/lab4_model_training/venv/lib64/python3.12/site-packages/airflow/example_dags/example_dag_decorator.py
[2026-03-23T01:35:07.545+0000] {logging_mixin.py:190} INFO - [2026-03-23T01:35:07.544+0000] {dag.py:3239} INFO - Sync 1 DAGs
[2026-03-23T01:35:07.556+0000] {logging_mixin.py:190} INFO - [2026-03-23T01:35:07.556+0000] {dag.py:4180} INFO - Setting next_dagrun for example_dag_decorator to None, run_after=None
[2026-03-23T01:35:07.577+0000] {processor.py:208} INFO - Processing /home/ec2-user/environment/lab4_model_training/venv/lib64/python3.12/site-packages/airflow/example_dags/example_dag_decorator.py took 0.069 seconds
