[2026-03-23T00:59:34.105+0000] {processor.py:186} INFO - Started process (PID=5850) to work on /home/ec2-user/environment/lab4_model_training/venv/lib64/python3.12/site-packages/airflow/example_dags/example_short_circuit_operator.py
[2026-03-23T00:59:34.106+0000] {processor.py:914} INFO - Processing file /home/ec2-user/environment/lab4_model_training/venv/lib64/python3.12/site-packages/airflow/example_dags/example_short_circuit_operator.py for tasks to queue
[2026-03-23T00:59:34.108+0000] {logging_mixin.py:190} INFO - [2026-03-23T00:59:34.108+0000] {dagbag.py:588} INFO - Filling up the DagBag from /home/ec2-user/environment/lab4_model_training/venv/lib64/python3.12/site-packages/airflow/example_dags/example_short_circuit_operator.py
[2026-03-23T00:59:34.116+0000] {processor.py:925} INFO - DAG(s) 'example_short_circuit_operator' retrieved from /home/ec2-user/environment/lab4_model_training/venv/lib64/python3.12/site-packages/airflow/example_dags/example_short_circuit_operator.py
[2026-03-23T00:59:34.135+0000] {logging_mixin.py:190} INFO - [2026-03-23T00:59:34.134+0000] {dag.py:3239} INFO - Sync 1 DAGs
[2026-03-23T00:59:34.146+0000] {logging_mixin.py:190} INFO - [2026-03-23T00:59:34.146+0000] {dag.py:4180} INFO - Setting next_dagrun for example_short_circuit_operator to None, run_after=None
[2026-03-23T00:59:34.166+0000] {processor.py:208} INFO - Processing /home/ec2-user/environment/lab4_model_training/venv/lib64/python3.12/site-packages/airflow/example_dags/example_short_circuit_operator.py took 0.066 seconds
[2026-03-23T01:00:40.054+0000] {processor.py:186} INFO - Started process (PID=6024) to work on /home/ec2-user/environment/lab4_model_training/venv/lib64/python3.12/site-packages/airflow/example_dags/example_short_circuit_operator.py
[2026-03-23T01:00:40.055+0000] {processor.py:914} INFO - Processing file /home/ec2-user/environment/lab4_model_training/venv/lib64/python3.12/site-packages/airflow/example_dags/example_short_circuit_operator.py for tasks to queue
[2026-03-23T01:00:40.058+0000] {logging_mixin.py:190} INFO - [2026-03-23T01:00:40.057+0000] {dagbag.py:588} INFO - Filling up the DagBag from /home/ec2-user/environment/lab4_model_training/venv/lib64/python3.12/site-packages/airflow/example_dags/example_short_circuit_operator.py
[2026-03-23T01:00:40.066+0000] {processor.py:925} INFO - DAG(s) 'example_short_circuit_operator' retrieved from /home/ec2-user/environment/lab4_model_training/venv/lib64/python3.12/site-packages/airflow/example_dags/example_short_circuit_operator.py
[2026-03-23T01:00:40.084+0000] {logging_mixin.py:190} INFO - [2026-03-23T01:00:40.083+0000] {dag.py:3239} INFO - Sync 1 DAGs
[2026-03-23T01:00:40.095+0000] {logging_mixin.py:190} INFO - [2026-03-23T01:00:40.095+0000] {dag.py:4180} INFO - Setting next_dagrun for example_short_circuit_operator to None, run_after=None
[2026-03-23T01:00:40.117+0000] {processor.py:208} INFO - Processing /home/ec2-user/environment/lab4_model_training/venv/lib64/python3.12/site-packages/airflow/example_dags/example_short_circuit_operator.py took 0.068 seconds
[2026-03-23T01:01:43.925+0000] {processor.py:186} INFO - Started process (PID=6246) to work on /home/ec2-user/environment/lab4_model_training/venv/lib64/python3.12/site-packages/airflow/example_dags/example_short_circuit_operator.py
[2026-03-23T01:01:43.926+0000] {processor.py:914} INFO - Processing file /home/ec2-user/environment/lab4_model_training/venv/lib64/python3.12/site-packages/airflow/example_dags/example_short_circuit_operator.py for tasks to queue
[2026-03-23T01:01:43.929+0000] {logging_mixin.py:190} INFO - [2026-03-23T01:01:43.928+0000] {dagbag.py:588} INFO - Filling up the DagBag from /home/ec2-user/environment/lab4_model_training/venv/lib64/python3.12/site-packages/airflow/example_dags/example_short_circuit_operator.py
[2026-03-23T01:01:43.937+0000] {processor.py:925} INFO - DAG(s) 'example_short_circuit_operator' retrieved from /home/ec2-user/environment/lab4_model_training/venv/lib64/python3.12/site-packages/airflow/example_dags/example_short_circuit_operator.py
[2026-03-23T01:01:43.956+0000] {logging_mixin.py:190} INFO - [2026-03-23T01:01:43.956+0000] {dag.py:3239} INFO - Sync 1 DAGs
[2026-03-23T01:01:43.969+0000] {logging_mixin.py:190} INFO - [2026-03-23T01:01:43.968+0000] {dag.py:4180} INFO - Setting next_dagrun for example_short_circuit_operator to None, run_after=None
[2026-03-23T01:01:43.991+0000] {processor.py:208} INFO - Processing /home/ec2-user/environment/lab4_model_training/venv/lib64/python3.12/site-packages/airflow/example_dags/example_short_circuit_operator.py took 0.071 seconds
[2026-03-23T01:02:47.013+0000] {processor.py:186} INFO - Started process (PID=6435) to work on /home/ec2-user/environment/lab4_model_training/venv/lib64/python3.12/site-packages/airflow/example_dags/example_short_circuit_operator.py
[2026-03-23T01:02:47.014+0000] {processor.py:914} INFO - Processing file /home/ec2-user/environment/lab4_model_training/venv/lib64/python3.12/site-packages/airflow/example_dags/example_short_circuit_operator.py for tasks to queue
[2026-03-23T01:02:47.016+0000] {logging_mixin.py:190} INFO - [2026-03-23T01:02:47.016+0000] {dagbag.py:588} INFO - Filling up the DagBag from /home/ec2-user/environment/lab4_model_training/venv/lib64/python3.12/site-packages/airflow/example_dags/example_short_circuit_operator.py
[2026-03-23T01:02:47.024+0000] {processor.py:925} INFO - DAG(s) 'example_short_circuit_operator' retrieved from /home/ec2-user/environment/lab4_model_training/venv/lib64/python3.12/site-packages/airflow/example_dags/example_short_circuit_operator.py
[2026-03-23T01:02:47.042+0000] {logging_mixin.py:190} INFO - [2026-03-23T01:02:47.042+0000] {dag.py:3239} INFO - Sync 1 DAGs
[2026-03-23T01:02:47.054+0000] {logging_mixin.py:190} INFO - [2026-03-23T01:02:47.054+0000] {dag.py:4180} INFO - Setting next_dagrun for example_short_circuit_operator to None, run_after=None
[2026-03-23T01:02:47.077+0000] {processor.py:208} INFO - Processing /home/ec2-user/environment/lab4_model_training/venv/lib64/python3.12/site-packages/airflow/example_dags/example_short_circuit_operator.py took 0.069 seconds
[2026-03-23T01:03:53.731+0000] {processor.py:186} INFO - Started process (PID=6590) to work on /home/ec2-user/environment/lab4_model_training/venv/lib64/python3.12/site-packages/airflow/example_dags/example_short_circuit_operator.py
[2026-03-23T01:03:53.732+0000] {processor.py:914} INFO - Processing file /home/ec2-user/environment/lab4_model_training/venv/lib64/python3.12/site-packages/airflow/example_dags/example_short_circuit_operator.py for tasks to queue
[2026-03-23T01:03:53.734+0000] {logging_mixin.py:190} INFO - [2026-03-23T01:03:53.734+0000] {dagbag.py:588} INFO - Filling up the DagBag from /home/ec2-user/environment/lab4_model_training/venv/lib64/python3.12/site-packages/airflow/example_dags/example_short_circuit_operator.py
[2026-03-23T01:03:53.742+0000] {processor.py:925} INFO - DAG(s) 'example_short_circuit_operator' retrieved from /home/ec2-user/environment/lab4_model_training/venv/lib64/python3.12/site-packages/airflow/example_dags/example_short_circuit_operator.py
[2026-03-23T01:03:53.760+0000] {logging_mixin.py:190} INFO - [2026-03-23T01:03:53.760+0000] {dag.py:3239} INFO - Sync 1 DAGs
[2026-03-23T01:03:53.772+0000] {logging_mixin.py:190} INFO - [2026-03-23T01:03:53.772+0000] {dag.py:4180} INFO - Setting next_dagrun for example_short_circuit_operator to None, run_after=None
[2026-03-23T01:03:53.793+0000] {processor.py:208} INFO - Processing /home/ec2-user/environment/lab4_model_training/venv/lib64/python3.12/site-packages/airflow/example_dags/example_short_circuit_operator.py took 0.068 seconds
[2026-03-23T01:04:58.012+0000] {processor.py:186} INFO - Started process (PID=6764) to work on /home/ec2-user/environment/lab4_model_training/venv/lib64/python3.12/site-packages/airflow/example_dags/example_short_circuit_operator.py
[2026-03-23T01:04:58.014+0000] {processor.py:914} INFO - Processing file /home/ec2-user/environment/lab4_model_training/venv/lib64/python3.12/site-packages/airflow/example_dags/example_short_circuit_operator.py for tasks to queue
[2026-03-23T01:04:58.016+0000] {logging_mixin.py:190} INFO - [2026-03-23T01:04:58.016+0000] {dagbag.py:588} INFO - Filling up the DagBag from /home/ec2-user/environment/lab4_model_training/venv/lib64/python3.12/site-packages/airflow/example_dags/example_short_circuit_operator.py
[2026-03-23T01:04:58.024+0000] {processor.py:925} INFO - DAG(s) 'example_short_circuit_operator' retrieved from /home/ec2-user/environment/lab4_model_training/venv/lib64/python3.12/site-packages/airflow/example_dags/example_short_circuit_operator.py
[2026-03-23T01:04:58.042+0000] {logging_mixin.py:190} INFO - [2026-03-23T01:04:58.042+0000] {dag.py:3239} INFO - Sync 1 DAGs
[2026-03-23T01:04:58.054+0000] {logging_mixin.py:190} INFO - [2026-03-23T01:04:58.054+0000] {dag.py:4180} INFO - Setting next_dagrun for example_short_circuit_operator to None, run_after=None
[2026-03-23T01:04:58.076+0000] {processor.py:208} INFO - Processing /home/ec2-user/environment/lab4_model_training/venv/lib64/python3.12/site-packages/airflow/example_dags/example_short_circuit_operator.py took 0.069 seconds
[2026-03-23T01:06:05.833+0000] {processor.py:186} INFO - Started process (PID=6896) to work on /home/ec2-user/environment/lab4_model_training/venv/lib64/python3.12/site-packages/airflow/example_dags/example_short_circuit_operator.py
[2026-03-23T01:06:05.834+0000] {processor.py:914} INFO - Processing file /home/ec2-user/environment/lab4_model_training/venv/lib64/python3.12/site-packages/airflow/example_dags/example_short_circuit_operator.py for tasks to queue
[2026-03-23T01:06:05.836+0000] {logging_mixin.py:190} INFO - [2026-03-23T01:06:05.835+0000] {dagbag.py:588} INFO - Filling up the DagBag from /home/ec2-user/environment/lab4_model_training/venv/lib64/python3.12/site-packages/airflow/example_dags/example_short_circuit_operator.py
[2026-03-23T01:06:05.844+0000] {processor.py:925} INFO - DAG(s) 'example_short_circuit_operator' retrieved from /home/ec2-user/environment/lab4_model_training/venv/lib64/python3.12/site-packages/airflow/example_dags/example_short_circuit_operator.py
[2026-03-23T01:06:05.862+0000] {logging_mixin.py:190} INFO - [2026-03-23T01:06:05.862+0000] {dag.py:3239} INFO - Sync 1 DAGs
[2026-03-23T01:06:05.874+0000] {logging_mixin.py:190} INFO - [2026-03-23T01:06:05.874+0000] {dag.py:4180} INFO - Setting next_dagrun for example_short_circuit_operator to None, run_after=None
[2026-03-23T01:06:05.895+0000] {processor.py:208} INFO - Processing /home/ec2-user/environment/lab4_model_training/venv/lib64/python3.12/site-packages/airflow/example_dags/example_short_circuit_operator.py took 0.068 seconds
[2026-03-23T01:07:21.613+0000] {processor.py:186} INFO - Started process (PID=7109) to work on /home/ec2-user/environment/lab4_model_training/venv/lib64/python3.12/site-packages/airflow/example_dags/example_short_circuit_operator.py
[2026-03-23T01:07:21.614+0000] {processor.py:914} INFO - Processing file /home/ec2-user/environment/lab4_model_training/venv/lib64/python3.12/site-packages/airflow/example_dags/example_short_circuit_operator.py for tasks to queue
[2026-03-23T01:07:21.616+0000] {logging_mixin.py:190} INFO - [2026-03-23T01:07:21.616+0000] {dagbag.py:588} INFO - Filling up the DagBag from /home/ec2-user/environment/lab4_model_training/venv/lib64/python3.12/site-packages/airflow/example_dags/example_short_circuit_operator.py
[2026-03-23T01:07:21.624+0000] {processor.py:925} INFO - DAG(s) 'example_short_circuit_operator' retrieved from /home/ec2-user/environment/lab4_model_training/venv/lib64/python3.12/site-packages/airflow/example_dags/example_short_circuit_operator.py
[2026-03-23T01:07:21.642+0000] {logging_mixin.py:190} INFO - [2026-03-23T01:07:21.642+0000] {dag.py:3239} INFO - Sync 1 DAGs
[2026-03-23T01:07:21.654+0000] {logging_mixin.py:190} INFO - [2026-03-23T01:07:21.654+0000] {dag.py:4180} INFO - Setting next_dagrun for example_short_circuit_operator to None, run_after=None
[2026-03-23T01:07:21.676+0000] {processor.py:208} INFO - Processing /home/ec2-user/environment/lab4_model_training/venv/lib64/python3.12/site-packages/airflow/example_dags/example_short_circuit_operator.py took 0.068 seconds
[2026-03-23T01:08:31.309+0000] {processor.py:186} INFO - Started process (PID=7221) to work on /home/ec2-user/environment/lab4_model_training/venv/lib64/python3.12/site-packages/airflow/example_dags/example_short_circuit_operator.py
[2026-03-23T01:08:31.310+0000] {processor.py:914} INFO - Processing file /home/ec2-user/environment/lab4_model_training/venv/lib64/python3.12/site-packages/airflow/example_dags/example_short_circuit_operator.py for tasks to queue
[2026-03-23T01:08:31.312+0000] {logging_mixin.py:190} INFO - [2026-03-23T01:08:31.311+0000] {dagbag.py:588} INFO - Filling up the DagBag from /home/ec2-user/environment/lab4_model_training/venv/lib64/python3.12/site-packages/airflow/example_dags/example_short_circuit_operator.py
[2026-03-23T01:08:31.320+0000] {processor.py:925} INFO - DAG(s) 'example_short_circuit_operator' retrieved from /home/ec2-user/environment/lab4_model_training/venv/lib64/python3.12/site-packages/airflow/example_dags/example_short_circuit_operator.py
[2026-03-23T01:08:31.338+0000] {logging_mixin.py:190} INFO - [2026-03-23T01:08:31.338+0000] {dag.py:3239} INFO - Sync 1 DAGs
[2026-03-23T01:08:31.350+0000] {logging_mixin.py:190} INFO - [2026-03-23T01:08:31.350+0000] {dag.py:4180} INFO - Setting next_dagrun for example_short_circuit_operator to None, run_after=None
[2026-03-23T01:08:31.372+0000] {processor.py:208} INFO - Processing /home/ec2-user/environment/lab4_model_training/venv/lib64/python3.12/site-packages/airflow/example_dags/example_short_circuit_operator.py took 0.068 seconds
[2026-03-23T01:09:48.936+0000] {processor.py:186} INFO - Started process (PID=7400) to work on /home/ec2-user/environment/lab4_model_training/venv/lib64/python3.12/site-packages/airflow/example_dags/example_short_circuit_operator.py
[2026-03-23T01:09:48.937+0000] {processor.py:914} INFO - Processing file /home/ec2-user/environment/lab4_model_training/venv/lib64/python3.12/site-packages/airflow/example_dags/example_short_circuit_operator.py for tasks to queue
[2026-03-23T01:09:48.939+0000] {logging_mixin.py:190} INFO - [2026-03-23T01:09:48.939+0000] {dagbag.py:588} INFO - Filling up the DagBag from /home/ec2-user/environment/lab4_model_training/venv/lib64/python3.12/site-packages/airflow/example_dags/example_short_circuit_operator.py
[2026-03-23T01:09:48.948+0000] {processor.py:925} INFO - DAG(s) 'example_short_circuit_operator' retrieved from /home/ec2-user/environment/lab4_model_training/venv/lib64/python3.12/site-packages/airflow/example_dags/example_short_circuit_operator.py
[2026-03-23T01:09:48.966+0000] {logging_mixin.py:190} INFO - [2026-03-23T01:09:48.965+0000] {dag.py:3239} INFO - Sync 1 DAGs
[2026-03-23T01:09:48.978+0000] {logging_mixin.py:190} INFO - [2026-03-23T01:09:48.978+0000] {dag.py:4180} INFO - Setting next_dagrun for example_short_circuit_operator to None, run_after=None
[2026-03-23T01:09:48.999+0000] {processor.py:208} INFO - Processing /home/ec2-user/environment/lab4_model_training/venv/lib64/python3.12/site-packages/airflow/example_dags/example_short_circuit_operator.py took 0.068 seconds
[2026-03-23T01:11:01.019+0000] {processor.py:186} INFO - Started process (PID=7592) to work on /home/ec2-user/environment/lab4_model_training/venv/lib64/python3.12/site-packages/airflow/example_dags/example_short_circuit_operator.py
[2026-03-23T01:11:01.020+0000] {processor.py:914} INFO - Processing file /home/ec2-user/environment/lab4_model_training/venv/lib64/python3.12/site-packages/airflow/example_dags/example_short_circuit_operator.py for tasks to queue
[2026-03-23T01:11:01.022+0000] {logging_mixin.py:190} INFO - [2026-03-23T01:11:01.022+0000] {dagbag.py:588} INFO - Filling up the DagBag from /home/ec2-user/environment/lab4_model_training/venv/lib64/python3.12/site-packages/airflow/example_dags/example_short_circuit_operator.py
[2026-03-23T01:11:01.030+0000] {processor.py:925} INFO - DAG(s) 'example_short_circuit_operator' retrieved from /home/ec2-user/environment/lab4_model_training/venv/lib64/python3.12/site-packages/airflow/example_dags/example_short_circuit_operator.py
[2026-03-23T01:11:01.048+0000] {logging_mixin.py:190} INFO - [2026-03-23T01:11:01.048+0000] {dag.py:3239} INFO - Sync 1 DAGs
[2026-03-23T01:11:01.060+0000] {logging_mixin.py:190} INFO - [2026-03-23T01:11:01.060+0000] {dag.py:4180} INFO - Setting next_dagrun for example_short_circuit_operator to None, run_after=None
[2026-03-23T01:11:01.082+0000] {processor.py:208} INFO - Processing /home/ec2-user/environment/lab4_model_training/venv/lib64/python3.12/site-packages/airflow/example_dags/example_short_circuit_operator.py took 0.068 seconds
[2026-03-23T01:12:04.781+0000] {processor.py:186} INFO - Started process (PID=7761) to work on /home/ec2-user/environment/lab4_model_training/venv/lib64/python3.12/site-packages/airflow/example_dags/example_short_circuit_operator.py
[2026-03-23T01:12:04.783+0000] {processor.py:914} INFO - Processing file /home/ec2-user/environment/lab4_model_training/venv/lib64/python3.12/site-packages/airflow/example_dags/example_short_circuit_operator.py for tasks to queue
[2026-03-23T01:12:04.784+0000] {logging_mixin.py:190} INFO - [2026-03-23T01:12:04.784+0000] {dagbag.py:588} INFO - Filling up the DagBag from /home/ec2-user/environment/lab4_model_training/venv/lib64/python3.12/site-packages/airflow/example_dags/example_short_circuit_operator.py
[2026-03-23T01:12:04.793+0000] {processor.py:925} INFO - DAG(s) 'example_short_circuit_operator' retrieved from /home/ec2-user/environment/lab4_model_training/venv/lib64/python3.12/site-packages/airflow/example_dags/example_short_circuit_operator.py
[2026-03-23T01:12:04.811+0000] {logging_mixin.py:190} INFO - [2026-03-23T01:12:04.811+0000] {dag.py:3239} INFO - Sync 1 DAGs
[2026-03-23T01:12:04.823+0000] {logging_mixin.py:190} INFO - [2026-03-23T01:12:04.823+0000] {dag.py:4180} INFO - Setting next_dagrun for example_short_circuit_operator to None, run_after=None
[2026-03-23T01:12:04.845+0000] {processor.py:208} INFO - Processing /home/ec2-user/environment/lab4_model_training/venv/lib64/python3.12/site-packages/airflow/example_dags/example_short_circuit_operator.py took 0.069 seconds
[2026-03-23T01:13:08.910+0000] {processor.py:186} INFO - Started process (PID=7870) to work on /home/ec2-user/environment/lab4_model_training/venv/lib64/python3.12/site-packages/airflow/example_dags/example_short_circuit_operator.py
[2026-03-23T01:13:08.911+0000] {processor.py:914} INFO - Processing file /home/ec2-user/environment/lab4_model_training/venv/lib64/python3.12/site-packages/airflow/example_dags/example_short_circuit_operator.py for tasks to queue
[2026-03-23T01:13:08.913+0000] {logging_mixin.py:190} INFO - [2026-03-23T01:13:08.912+0000] {dagbag.py:588} INFO - Filling up the DagBag from /home/ec2-user/environment/lab4_model_training/venv/lib64/python3.12/site-packages/airflow/example_dags/example_short_circuit_operator.py
[2026-03-23T01:13:08.921+0000] {processor.py:925} INFO - DAG(s) 'example_short_circuit_operator' retrieved from /home/ec2-user/environment/lab4_model_training/venv/lib64/python3.12/site-packages/airflow/example_dags/example_short_circuit_operator.py
[2026-03-23T01:13:08.938+0000] {logging_mixin.py:190} INFO - [2026-03-23T01:13:08.938+0000] {dag.py:3239} INFO - Sync 1 DAGs
[2026-03-23T01:13:08.950+0000] {logging_mixin.py:190} INFO - [2026-03-23T01:13:08.950+0000] {dag.py:4180} INFO - Setting next_dagrun for example_short_circuit_operator to None, run_after=None
[2026-03-23T01:13:08.971+0000] {processor.py:208} INFO - Processing /home/ec2-user/environment/lab4_model_training/venv/lib64/python3.12/site-packages/airflow/example_dags/example_short_circuit_operator.py took 0.066 seconds
[2026-03-23T01:14:11.986+0000] {processor.py:186} INFO - Started process (PID=8024) to work on /home/ec2-user/environment/lab4_model_training/venv/lib64/python3.12/site-packages/airflow/example_dags/example_short_circuit_operator.py
[2026-03-23T01:14:11.987+0000] {processor.py:914} INFO - Processing file /home/ec2-user/environment/lab4_model_training/venv/lib64/python3.12/site-packages/airflow/example_dags/example_short_circuit_operator.py for tasks to queue
[2026-03-23T01:14:11.989+0000] {logging_mixin.py:190} INFO - [2026-03-23T01:14:11.988+0000] {dagbag.py:588} INFO - Filling up the DagBag from /home/ec2-user/environment/lab4_model_training/venv/lib64/python3.12/site-packages/airflow/example_dags/example_short_circuit_operator.py
[2026-03-23T01:14:11.997+0000] {processor.py:925} INFO - DAG(s) 'example_short_circuit_operator' retrieved from /home/ec2-user/environment/lab4_model_training/venv/lib64/python3.12/site-packages/airflow/example_dags/example_short_circuit_operator.py
[2026-03-23T01:14:12.016+0000] {logging_mixin.py:190} INFO - [2026-03-23T01:14:12.015+0000] {dag.py:3239} INFO - Sync 1 DAGs
[2026-03-23T01:14:12.028+0000] {logging_mixin.py:190} INFO - [2026-03-23T01:14:12.028+0000] {dag.py:4180} INFO - Setting next_dagrun for example_short_circuit_operator to None, run_after=None
[2026-03-23T01:14:12.050+0000] {processor.py:208} INFO - Processing /home/ec2-user/environment/lab4_model_training/venv/lib64/python3.12/site-packages/airflow/example_dags/example_short_circuit_operator.py took 0.070 seconds
[2026-03-23T01:15:22.527+0000] {processor.py:186} INFO - Started process (PID=8143) to work on /home/ec2-user/environment/lab4_model_training/venv/lib64/python3.12/site-packages/airflow/example_dags/example_short_circuit_operator.py
[2026-03-23T01:15:22.528+0000] {processor.py:914} INFO - Processing file /home/ec2-user/environment/lab4_model_training/venv/lib64/python3.12/site-packages/airflow/example_dags/example_short_circuit_operator.py for tasks to queue
[2026-03-23T01:15:22.530+0000] {logging_mixin.py:190} INFO - [2026-03-23T01:15:22.530+0000] {dagbag.py:588} INFO - Filling up the DagBag from /home/ec2-user/environment/lab4_model_training/venv/lib64/python3.12/site-packages/airflow/example_dags/example_short_circuit_operator.py
[2026-03-23T01:15:22.538+0000] {processor.py:925} INFO - DAG(s) 'example_short_circuit_operator' retrieved from /home/ec2-user/environment/lab4_model_training/venv/lib64/python3.12/site-packages/airflow/example_dags/example_short_circuit_operator.py
[2026-03-23T01:15:22.556+0000] {logging_mixin.py:190} INFO - [2026-03-23T01:15:22.556+0000] {dag.py:3239} INFO - Sync 1 DAGs
[2026-03-23T01:15:22.569+0000] {logging_mixin.py:190} INFO - [2026-03-23T01:15:22.568+0000] {dag.py:4180} INFO - Setting next_dagrun for example_short_circuit_operator to None, run_after=None
[2026-03-23T01:15:22.590+0000] {processor.py:208} INFO - Processing /home/ec2-user/environment/lab4_model_training/venv/lib64/python3.12/site-packages/airflow/example_dags/example_short_circuit_operator.py took 0.068 seconds
[2026-03-23T01:16:29.733+0000] {processor.py:186} INFO - Started process (PID=8300) to work on /home/ec2-user/environment/lab4_model_training/venv/lib64/python3.12/site-packages/airflow/example_dags/example_short_circuit_operator.py
[2026-03-23T01:16:29.734+0000] {processor.py:914} INFO - Processing file /home/ec2-user/environment/lab4_model_training/venv/lib64/python3.12/site-packages/airflow/example_dags/example_short_circuit_operator.py for tasks to queue
[2026-03-23T01:16:29.736+0000] {logging_mixin.py:190} INFO - [2026-03-23T01:16:29.736+0000] {dagbag.py:588} INFO - Filling up the DagBag from /home/ec2-user/environment/lab4_model_training/venv/lib64/python3.12/site-packages/airflow/example_dags/example_short_circuit_operator.py
[2026-03-23T01:16:29.745+0000] {processor.py:925} INFO - DAG(s) 'example_short_circuit_operator' retrieved from /home/ec2-user/environment/lab4_model_training/venv/lib64/python3.12/site-packages/airflow/example_dags/example_short_circuit_operator.py
[2026-03-23T01:16:29.763+0000] {logging_mixin.py:190} INFO - [2026-03-23T01:16:29.763+0000] {dag.py:3239} INFO - Sync 1 DAGs
[2026-03-23T01:16:29.775+0000] {logging_mixin.py:190} INFO - [2026-03-23T01:16:29.775+0000] {dag.py:4180} INFO - Setting next_dagrun for example_short_circuit_operator to None, run_after=None
[2026-03-23T01:16:29.797+0000] {processor.py:208} INFO - Processing /home/ec2-user/environment/lab4_model_training/venv/lib64/python3.12/site-packages/airflow/example_dags/example_short_circuit_operator.py took 0.069 seconds
[2026-03-23T01:17:34.466+0000] {processor.py:186} INFO - Started process (PID=8416) to work on /home/ec2-user/environment/lab4_model_training/venv/lib64/python3.12/site-packages/airflow/example_dags/example_short_circuit_operator.py
[2026-03-23T01:17:34.467+0000] {processor.py:914} INFO - Processing file /home/ec2-user/environment/lab4_model_training/venv/lib64/python3.12/site-packages/airflow/example_dags/example_short_circuit_operator.py for tasks to queue
[2026-03-23T01:17:34.469+0000] {logging_mixin.py:190} INFO - [2026-03-23T01:17:34.469+0000] {dagbag.py:588} INFO - Filling up the DagBag from /home/ec2-user/environment/lab4_model_training/venv/lib64/python3.12/site-packages/airflow/example_dags/example_short_circuit_operator.py
[2026-03-23T01:17:34.477+0000] {processor.py:925} INFO - DAG(s) 'example_short_circuit_operator' retrieved from /home/ec2-user/environment/lab4_model_training/venv/lib64/python3.12/site-packages/airflow/example_dags/example_short_circuit_operator.py
[2026-03-23T01:17:34.495+0000] {logging_mixin.py:190} INFO - [2026-03-23T01:17:34.495+0000] {dag.py:3239} INFO - Sync 1 DAGs
[2026-03-23T01:17:34.506+0000] {logging_mixin.py:190} INFO - [2026-03-23T01:17:34.506+0000] {dag.py:4180} INFO - Setting next_dagrun for example_short_circuit_operator to None, run_after=None
[2026-03-23T01:17:34.528+0000] {processor.py:208} INFO - Processing /home/ec2-user/environment/lab4_model_training/venv/lib64/python3.12/site-packages/airflow/example_dags/example_short_circuit_operator.py took 0.067 seconds
[2026-03-23T01:18:37.615+0000] {processor.py:186} INFO - Started process (PID=8596) to work on /home/ec2-user/environment/lab4_model_training/venv/lib64/python3.12/site-packages/airflow/example_dags/example_short_circuit_operator.py
[2026-03-23T01:18:37.616+0000] {processor.py:914} INFO - Processing file /home/ec2-user/environment/lab4_model_training/venv/lib64/python3.12/site-packages/airflow/example_dags/example_short_circuit_operator.py for tasks to queue
[2026-03-23T01:18:37.618+0000] {logging_mixin.py:190} INFO - [2026-03-23T01:18:37.618+0000] {dagbag.py:588} INFO - Filling up the DagBag from /home/ec2-user/environment/lab4_model_training/venv/lib64/python3.12/site-packages/airflow/example_dags/example_short_circuit_operator.py
[2026-03-23T01:18:37.627+0000] {processor.py:925} INFO - DAG(s) 'example_short_circuit_operator' retrieved from /home/ec2-user/environment/lab4_model_training/venv/lib64/python3.12/site-packages/airflow/example_dags/example_short_circuit_operator.py
[2026-03-23T01:18:37.645+0000] {logging_mixin.py:190} INFO - [2026-03-23T01:18:37.644+0000] {dag.py:3239} INFO - Sync 1 DAGs
[2026-03-23T01:18:37.656+0000] {logging_mixin.py:190} INFO - [2026-03-23T01:18:37.656+0000] {dag.py:4180} INFO - Setting next_dagrun for example_short_circuit_operator to None, run_after=None
[2026-03-23T01:18:37.677+0000] {processor.py:208} INFO - Processing /home/ec2-user/environment/lab4_model_training/venv/lib64/python3.12/site-packages/airflow/example_dags/example_short_circuit_operator.py took 0.067 seconds
[2026-03-23T01:19:37.803+0000] {processor.py:186} INFO - Started process (PID=8700) to work on /home/ec2-user/environment/lab4_model_training/venv/lib64/python3.12/site-packages/airflow/example_dags/example_short_circuit_operator.py
[2026-03-23T01:19:37.804+0000] {processor.py:914} INFO - Processing file /home/ec2-user/environment/lab4_model_training/venv/lib64/python3.12/site-packages/airflow/example_dags/example_short_circuit_operator.py for tasks to queue
[2026-03-23T01:19:37.806+0000] {logging_mixin.py:190} INFO - [2026-03-23T01:19:37.806+0000] {dagbag.py:588} INFO - Filling up the DagBag from /home/ec2-user/environment/lab4_model_training/venv/lib64/python3.12/site-packages/airflow/example_dags/example_short_circuit_operator.py
[2026-03-23T01:19:37.814+0000] {processor.py:925} INFO - DAG(s) 'example_short_circuit_operator' retrieved from /home/ec2-user/environment/lab4_model_training/venv/lib64/python3.12/site-packages/airflow/example_dags/example_short_circuit_operator.py
[2026-03-23T01:19:37.832+0000] {logging_mixin.py:190} INFO - [2026-03-23T01:19:37.832+0000] {dag.py:3239} INFO - Sync 1 DAGs
[2026-03-23T01:19:37.844+0000] {logging_mixin.py:190} INFO - [2026-03-23T01:19:37.844+0000] {dag.py:4180} INFO - Setting next_dagrun for example_short_circuit_operator to None, run_after=None
[2026-03-23T01:19:37.865+0000] {processor.py:208} INFO - Processing /home/ec2-user/environment/lab4_model_training/venv/lib64/python3.12/site-packages/airflow/example_dags/example_short_circuit_operator.py took 0.068 seconds
[2026-03-23T01:20:44.009+0000] {processor.py:186} INFO - Started process (PID=8856) to work on /home/ec2-user/environment/lab4_model_training/venv/lib64/python3.12/site-packages/airflow/example_dags/example_short_circuit_operator.py
[2026-03-23T01:20:44.011+0000] {processor.py:914} INFO - Processing file /home/ec2-user/environment/lab4_model_training/venv/lib64/python3.12/site-packages/airflow/example_dags/example_short_circuit_operator.py for tasks to queue
[2026-03-23T01:20:44.012+0000] {logging_mixin.py:190} INFO - [2026-03-23T01:20:44.012+0000] {dagbag.py:588} INFO - Filling up the DagBag from /home/ec2-user/environment/lab4_model_training/venv/lib64/python3.12/site-packages/airflow/example_dags/example_short_circuit_operator.py
[2026-03-23T01:20:44.020+0000] {processor.py:925} INFO - DAG(s) 'example_short_circuit_operator' retrieved from /home/ec2-user/environment/lab4_model_training/venv/lib64/python3.12/site-packages/airflow/example_dags/example_short_circuit_operator.py
[2026-03-23T01:20:44.038+0000] {logging_mixin.py:190} INFO - [2026-03-23T01:20:44.038+0000] {dag.py:3239} INFO - Sync 1 DAGs
[2026-03-23T01:20:44.049+0000] {logging_mixin.py:190} INFO - [2026-03-23T01:20:44.049+0000] {dag.py:4180} INFO - Setting next_dagrun for example_short_circuit_operator to None, run_after=None
[2026-03-23T01:20:44.070+0000] {processor.py:208} INFO - Processing /home/ec2-user/environment/lab4_model_training/venv/lib64/python3.12/site-packages/airflow/example_dags/example_short_circuit_operator.py took 0.067 seconds
[2026-03-23T01:21:50.270+0000] {processor.py:186} INFO - Started process (PID=9030) to work on /home/ec2-user/environment/lab4_model_training/venv/lib64/python3.12/site-packages/airflow/example_dags/example_short_circuit_operator.py
[2026-03-23T01:21:50.272+0000] {processor.py:914} INFO - Processing file /home/ec2-user/environment/lab4_model_training/venv/lib64/python3.12/site-packages/airflow/example_dags/example_short_circuit_operator.py for tasks to queue
[2026-03-23T01:21:50.273+0000] {logging_mixin.py:190} INFO - [2026-03-23T01:21:50.273+0000] {dagbag.py:588} INFO - Filling up the DagBag from /home/ec2-user/environment/lab4_model_training/venv/lib64/python3.12/site-packages/airflow/example_dags/example_short_circuit_operator.py
[2026-03-23T01:21:50.282+0000] {processor.py:925} INFO - DAG(s) 'example_short_circuit_operator' retrieved from /home/ec2-user/environment/lab4_model_training/venv/lib64/python3.12/site-packages/airflow/example_dags/example_short_circuit_operator.py
[2026-03-23T01:21:50.300+0000] {logging_mixin.py:190} INFO - [2026-03-23T01:21:50.299+0000] {dag.py:3239} INFO - Sync 1 DAGs
[2026-03-23T01:21:50.311+0000] {logging_mixin.py:190} INFO - [2026-03-23T01:21:50.311+0000] {dag.py:4180} INFO - Setting next_dagrun for example_short_circuit_operator to None, run_after=None
[2026-03-23T01:21:50.331+0000] {processor.py:208} INFO - Processing /home/ec2-user/environment/lab4_model_training/venv/lib64/python3.12/site-packages/airflow/example_dags/example_short_circuit_operator.py took 0.066 seconds
[2026-03-23T01:23:01.278+0000] {processor.py:186} INFO - Started process (PID=9155) to work on /home/ec2-user/environment/lab4_model_training/venv/lib64/python3.12/site-packages/airflow/example_dags/example_short_circuit_operator.py
[2026-03-23T01:23:01.280+0000] {processor.py:914} INFO - Processing file /home/ec2-user/environment/lab4_model_training/venv/lib64/python3.12/site-packages/airflow/example_dags/example_short_circuit_operator.py for tasks to queue
[2026-03-23T01:23:01.282+0000] {logging_mixin.py:190} INFO - [2026-03-23T01:23:01.281+0000] {dagbag.py:588} INFO - Filling up the DagBag from /home/ec2-user/environment/lab4_model_training/venv/lib64/python3.12/site-packages/airflow/example_dags/example_short_circuit_operator.py
[2026-03-23T01:23:01.290+0000] {processor.py:925} INFO - DAG(s) 'example_short_circuit_operator' retrieved from /home/ec2-user/environment/lab4_model_training/venv/lib64/python3.12/site-packages/airflow/example_dags/example_short_circuit_operator.py
[2026-03-23T01:23:01.308+0000] {logging_mixin.py:190} INFO - [2026-03-23T01:23:01.307+0000] {dag.py:3239} INFO - Sync 1 DAGs
[2026-03-23T01:23:01.319+0000] {logging_mixin.py:190} INFO - [2026-03-23T01:23:01.319+0000] {dag.py:4180} INFO - Setting next_dagrun for example_short_circuit_operator to None, run_after=None
[2026-03-23T01:23:01.341+0000] {processor.py:208} INFO - Processing /home/ec2-user/environment/lab4_model_training/venv/lib64/python3.12/site-packages/airflow/example_dags/example_short_circuit_operator.py took 0.067 seconds
[2026-03-23T01:24:08.418+0000] {processor.py:186} INFO - Started process (PID=9383) to work on /home/ec2-user/environment/lab4_model_training/venv/lib64/python3.12/site-packages/airflow/example_dags/example_short_circuit_operator.py
[2026-03-23T01:24:08.419+0000] {processor.py:914} INFO - Processing file /home/ec2-user/environment/lab4_model_training/venv/lib64/python3.12/site-packages/airflow/example_dags/example_short_circuit_operator.py for tasks to queue
[2026-03-23T01:24:08.421+0000] {logging_mixin.py:190} INFO - [2026-03-23T01:24:08.421+0000] {dagbag.py:588} INFO - Filling up the DagBag from /home/ec2-user/environment/lab4_model_training/venv/lib64/python3.12/site-packages/airflow/example_dags/example_short_circuit_operator.py
[2026-03-23T01:24:08.430+0000] {processor.py:925} INFO - DAG(s) 'example_short_circuit_operator' retrieved from /home/ec2-user/environment/lab4_model_training/venv/lib64/python3.12/site-packages/airflow/example_dags/example_short_circuit_operator.py
[2026-03-23T01:24:08.448+0000] {logging_mixin.py:190} INFO - [2026-03-23T01:24:08.448+0000] {dag.py:3239} INFO - Sync 1 DAGs
[2026-03-23T01:24:08.460+0000] {logging_mixin.py:190} INFO - [2026-03-23T01:24:08.459+0000] {dag.py:4180} INFO - Setting next_dagrun for example_short_circuit_operator to None, run_after=None
[2026-03-23T01:24:08.481+0000] {processor.py:208} INFO - Processing /home/ec2-user/environment/lab4_model_training/venv/lib64/python3.12/site-packages/airflow/example_dags/example_short_circuit_operator.py took 0.068 seconds
