[2026-03-23T00:59:42.122+0000] {processor.py:186} INFO - Started process (PID=5858) to work on /home/ec2-user/environment/lab4_model_training/venv/lib64/python3.12/site-packages/airflow/example_dags/example_trigger_target_dag.py
[2026-03-23T00:59:42.122+0000] {processor.py:914} INFO - Processing file /home/ec2-user/environment/lab4_model_training/venv/lib64/python3.12/site-packages/airflow/example_dags/example_trigger_target_dag.py for tasks to queue
[2026-03-23T00:59:42.124+0000] {logging_mixin.py:190} INFO - [2026-03-23T00:59:42.124+0000] {dagbag.py:588} INFO - Filling up the DagBag from /home/ec2-user/environment/lab4_model_training/venv/lib64/python3.12/site-packages/airflow/example_dags/example_trigger_target_dag.py
[2026-03-23T00:59:42.132+0000] {processor.py:925} INFO - DAG(s) 'example_trigger_target_dag' retrieved from /home/ec2-user/environment/lab4_model_training/venv/lib64/python3.12/site-packages/airflow/example_dags/example_trigger_target_dag.py
[2026-03-23T00:59:42.146+0000] {logging_mixin.py:190} INFO - [2026-03-23T00:59:42.146+0000] {dag.py:3239} INFO - Sync 1 DAGs
[2026-03-23T00:59:42.158+0000] {logging_mixin.py:190} INFO - [2026-03-23T00:59:42.157+0000] {dag.py:4180} INFO - Setting next_dagrun for example_trigger_target_dag to None, run_after=None
[2026-03-23T00:59:42.179+0000] {processor.py:208} INFO - Processing /home/ec2-user/environment/lab4_model_training/venv/lib64/python3.12/site-packages/airflow/example_dags/example_trigger_target_dag.py took 0.062 seconds
[2026-03-23T01:00:47.936+0000] {processor.py:186} INFO - Started process (PID=6046) to work on /home/ec2-user/environment/lab4_model_training/venv/lib64/python3.12/site-packages/airflow/example_dags/example_trigger_target_dag.py
[2026-03-23T01:00:47.937+0000] {processor.py:914} INFO - Processing file /home/ec2-user/environment/lab4_model_training/venv/lib64/python3.12/site-packages/airflow/example_dags/example_trigger_target_dag.py for tasks to queue
[2026-03-23T01:00:47.939+0000] {logging_mixin.py:190} INFO - [2026-03-23T01:00:47.938+0000] {dagbag.py:588} INFO - Filling up the DagBag from /home/ec2-user/environment/lab4_model_training/venv/lib64/python3.12/site-packages/airflow/example_dags/example_trigger_target_dag.py
[2026-03-23T01:00:47.946+0000] {processor.py:925} INFO - DAG(s) 'example_trigger_target_dag' retrieved from /home/ec2-user/environment/lab4_model_training/venv/lib64/python3.12/site-packages/airflow/example_dags/example_trigger_target_dag.py
[2026-03-23T01:00:47.961+0000] {logging_mixin.py:190} INFO - [2026-03-23T01:00:47.961+0000] {dag.py:3239} INFO - Sync 1 DAGs
[2026-03-23T01:00:47.973+0000] {logging_mixin.py:190} INFO - [2026-03-23T01:00:47.972+0000] {dag.py:4180} INFO - Setting next_dagrun for example_trigger_target_dag to None, run_after=None
[2026-03-23T01:00:47.994+0000] {processor.py:208} INFO - Processing /home/ec2-user/environment/lab4_model_training/venv/lib64/python3.12/site-packages/airflow/example_dags/example_trigger_target_dag.py took 0.064 seconds
[2026-03-23T01:01:52.113+0000] {processor.py:186} INFO - Started process (PID=6269) to work on /home/ec2-user/environment/lab4_model_training/venv/lib64/python3.12/site-packages/airflow/example_dags/example_trigger_target_dag.py
[2026-03-23T01:01:52.115+0000] {processor.py:914} INFO - Processing file /home/ec2-user/environment/lab4_model_training/venv/lib64/python3.12/site-packages/airflow/example_dags/example_trigger_target_dag.py for tasks to queue
[2026-03-23T01:01:52.117+0000] {logging_mixin.py:190} INFO - [2026-03-23T01:01:52.116+0000] {dagbag.py:588} INFO - Filling up the DagBag from /home/ec2-user/environment/lab4_model_training/venv/lib64/python3.12/site-packages/airflow/example_dags/example_trigger_target_dag.py
[2026-03-23T01:01:52.124+0000] {processor.py:925} INFO - DAG(s) 'example_trigger_target_dag' retrieved from /home/ec2-user/environment/lab4_model_training/venv/lib64/python3.12/site-packages/airflow/example_dags/example_trigger_target_dag.py
[2026-03-23T01:01:52.138+0000] {logging_mixin.py:190} INFO - [2026-03-23T01:01:52.138+0000] {dag.py:3239} INFO - Sync 1 DAGs
[2026-03-23T01:01:52.150+0000] {logging_mixin.py:190} INFO - [2026-03-23T01:01:52.150+0000] {dag.py:4180} INFO - Setting next_dagrun for example_trigger_target_dag to None, run_after=None
[2026-03-23T01:01:52.171+0000] {processor.py:208} INFO - Processing /home/ec2-user/environment/lab4_model_training/venv/lib64/python3.12/site-packages/airflow/example_dags/example_trigger_target_dag.py took 0.063 seconds
[2026-03-23T01:02:55.030+0000] {processor.py:186} INFO - Started process (PID=6458) to work on /home/ec2-user/environment/lab4_model_training/venv/lib64/python3.12/site-packages/airflow/example_dags/example_trigger_target_dag.py
[2026-03-23T01:02:55.032+0000] {processor.py:914} INFO - Processing file /home/ec2-user/environment/lab4_model_training/venv/lib64/python3.12/site-packages/airflow/example_dags/example_trigger_target_dag.py for tasks to queue
[2026-03-23T01:02:55.033+0000] {logging_mixin.py:190} INFO - [2026-03-23T01:02:55.033+0000] {dagbag.py:588} INFO - Filling up the DagBag from /home/ec2-user/environment/lab4_model_training/venv/lib64/python3.12/site-packages/airflow/example_dags/example_trigger_target_dag.py
[2026-03-23T01:02:55.041+0000] {processor.py:925} INFO - DAG(s) 'example_trigger_target_dag' retrieved from /home/ec2-user/environment/lab4_model_training/venv/lib64/python3.12/site-packages/airflow/example_dags/example_trigger_target_dag.py
[2026-03-23T01:02:55.055+0000] {logging_mixin.py:190} INFO - [2026-03-23T01:02:55.055+0000] {dag.py:3239} INFO - Sync 1 DAGs
[2026-03-23T01:02:55.066+0000] {logging_mixin.py:190} INFO - [2026-03-23T01:02:55.066+0000] {dag.py:4180} INFO - Setting next_dagrun for example_trigger_target_dag to None, run_after=None
[2026-03-23T01:02:55.088+0000] {processor.py:208} INFO - Processing /home/ec2-user/environment/lab4_model_training/venv/lib64/python3.12/site-packages/airflow/example_dags/example_trigger_target_dag.py took 0.063 seconds
[2026-03-23T01:04:00.357+0000] {processor.py:186} INFO - Started process (PID=6602) to work on /home/ec2-user/environment/lab4_model_training/venv/lib64/python3.12/site-packages/airflow/example_dags/example_trigger_target_dag.py
[2026-03-23T01:04:00.358+0000] {processor.py:914} INFO - Processing file /home/ec2-user/environment/lab4_model_training/venv/lib64/python3.12/site-packages/airflow/example_dags/example_trigger_target_dag.py for tasks to queue
[2026-03-23T01:04:00.360+0000] {logging_mixin.py:190} INFO - [2026-03-23T01:04:00.360+0000] {dagbag.py:588} INFO - Filling up the DagBag from /home/ec2-user/environment/lab4_model_training/venv/lib64/python3.12/site-packages/airflow/example_dags/example_trigger_target_dag.py
[2026-03-23T01:04:00.368+0000] {processor.py:925} INFO - DAG(s) 'example_trigger_target_dag' retrieved from /home/ec2-user/environment/lab4_model_training/venv/lib64/python3.12/site-packages/airflow/example_dags/example_trigger_target_dag.py
[2026-03-23T01:04:00.383+0000] {logging_mixin.py:190} INFO - [2026-03-23T01:04:00.383+0000] {dag.py:3239} INFO - Sync 1 DAGs
[2026-03-23T01:04:00.395+0000] {logging_mixin.py:190} INFO - [2026-03-23T01:04:00.395+0000] {dag.py:4180} INFO - Setting next_dagrun for example_trigger_target_dag to None, run_after=None
[2026-03-23T01:04:00.418+0000] {processor.py:208} INFO - Processing /home/ec2-user/environment/lab4_model_training/venv/lib64/python3.12/site-packages/airflow/example_dags/example_trigger_target_dag.py took 0.067 seconds
[2026-03-23T01:05:05.120+0000] {processor.py:186} INFO - Started process (PID=6790) to work on /home/ec2-user/environment/lab4_model_training/venv/lib64/python3.12/site-packages/airflow/example_dags/example_trigger_target_dag.py
[2026-03-23T01:05:05.122+0000] {processor.py:914} INFO - Processing file /home/ec2-user/environment/lab4_model_training/venv/lib64/python3.12/site-packages/airflow/example_dags/example_trigger_target_dag.py for tasks to queue
[2026-03-23T01:05:05.123+0000] {logging_mixin.py:190} INFO - [2026-03-23T01:05:05.123+0000] {dagbag.py:588} INFO - Filling up the DagBag from /home/ec2-user/environment/lab4_model_training/venv/lib64/python3.12/site-packages/airflow/example_dags/example_trigger_target_dag.py
[2026-03-23T01:05:05.131+0000] {processor.py:925} INFO - DAG(s) 'example_trigger_target_dag' retrieved from /home/ec2-user/environment/lab4_model_training/venv/lib64/python3.12/site-packages/airflow/example_dags/example_trigger_target_dag.py
[2026-03-23T01:05:05.148+0000] {logging_mixin.py:190} INFO - [2026-03-23T01:05:05.148+0000] {dag.py:3239} INFO - Sync 1 DAGs
[2026-03-23T01:05:05.160+0000] {logging_mixin.py:190} INFO - [2026-03-23T01:05:05.160+0000] {dag.py:4180} INFO - Setting next_dagrun for example_trigger_target_dag to None, run_after=None
[2026-03-23T01:05:05.181+0000] {processor.py:208} INFO - Processing /home/ec2-user/environment/lab4_model_training/venv/lib64/python3.12/site-packages/airflow/example_dags/example_trigger_target_dag.py took 0.067 seconds
[2026-03-23T01:06:22.337+0000] {processor.py:186} INFO - Started process (PID=6945) to work on /home/ec2-user/environment/lab4_model_training/venv/lib64/python3.12/site-packages/airflow/example_dags/example_trigger_target_dag.py
[2026-03-23T01:06:22.338+0000] {processor.py:914} INFO - Processing file /home/ec2-user/environment/lab4_model_training/venv/lib64/python3.12/site-packages/airflow/example_dags/example_trigger_target_dag.py for tasks to queue
[2026-03-23T01:06:22.340+0000] {logging_mixin.py:190} INFO - [2026-03-23T01:06:22.340+0000] {dagbag.py:588} INFO - Filling up the DagBag from /home/ec2-user/environment/lab4_model_training/venv/lib64/python3.12/site-packages/airflow/example_dags/example_trigger_target_dag.py
[2026-03-23T01:06:22.348+0000] {processor.py:925} INFO - DAG(s) 'example_trigger_target_dag' retrieved from /home/ec2-user/environment/lab4_model_training/venv/lib64/python3.12/site-packages/airflow/example_dags/example_trigger_target_dag.py
[2026-03-23T01:06:22.363+0000] {logging_mixin.py:190} INFO - [2026-03-23T01:06:22.362+0000] {dag.py:3239} INFO - Sync 1 DAGs
[2026-03-23T01:06:22.375+0000] {logging_mixin.py:190} INFO - [2026-03-23T01:06:22.375+0000] {dag.py:4180} INFO - Setting next_dagrun for example_trigger_target_dag to None, run_after=None
[2026-03-23T01:06:22.397+0000] {processor.py:208} INFO - Processing /home/ec2-user/environment/lab4_model_training/venv/lib64/python3.12/site-packages/airflow/example_dags/example_trigger_target_dag.py took 0.065 seconds
[2026-03-23T01:07:40.000+0000] {processor.py:186} INFO - Started process (PID=7131) to work on /home/ec2-user/environment/lab4_model_training/venv/lib64/python3.12/site-packages/airflow/example_dags/example_trigger_target_dag.py
[2026-03-23T01:07:40.001+0000] {processor.py:914} INFO - Processing file /home/ec2-user/environment/lab4_model_training/venv/lib64/python3.12/site-packages/airflow/example_dags/example_trigger_target_dag.py for tasks to queue
[2026-03-23T01:07:40.003+0000] {logging_mixin.py:190} INFO - [2026-03-23T01:07:40.003+0000] {dagbag.py:588} INFO - Filling up the DagBag from /home/ec2-user/environment/lab4_model_training/venv/lib64/python3.12/site-packages/airflow/example_dags/example_trigger_target_dag.py
[2026-03-23T01:07:40.011+0000] {processor.py:925} INFO - DAG(s) 'example_trigger_target_dag' retrieved from /home/ec2-user/environment/lab4_model_training/venv/lib64/python3.12/site-packages/airflow/example_dags/example_trigger_target_dag.py
[2026-03-23T01:07:40.025+0000] {logging_mixin.py:190} INFO - [2026-03-23T01:07:40.025+0000] {dag.py:3239} INFO - Sync 1 DAGs
[2026-03-23T01:07:40.037+0000] {logging_mixin.py:190} INFO - [2026-03-23T01:07:40.037+0000] {dag.py:4180} INFO - Setting next_dagrun for example_trigger_target_dag to None, run_after=None
[2026-03-23T01:07:40.059+0000] {processor.py:208} INFO - Processing /home/ec2-user/environment/lab4_model_training/venv/lib64/python3.12/site-packages/airflow/example_dags/example_trigger_target_dag.py took 0.064 seconds
[2026-03-23T01:08:50.902+0000] {processor.py:186} INFO - Started process (PID=7293) to work on /home/ec2-user/environment/lab4_model_training/venv/lib64/python3.12/site-packages/airflow/example_dags/example_trigger_target_dag.py
[2026-03-23T01:08:50.903+0000] {processor.py:914} INFO - Processing file /home/ec2-user/environment/lab4_model_training/venv/lib64/python3.12/site-packages/airflow/example_dags/example_trigger_target_dag.py for tasks to queue
[2026-03-23T01:08:50.905+0000] {logging_mixin.py:190} INFO - [2026-03-23T01:08:50.905+0000] {dagbag.py:588} INFO - Filling up the DagBag from /home/ec2-user/environment/lab4_model_training/venv/lib64/python3.12/site-packages/airflow/example_dags/example_trigger_target_dag.py
[2026-03-23T01:08:50.913+0000] {processor.py:925} INFO - DAG(s) 'example_trigger_target_dag' retrieved from /home/ec2-user/environment/lab4_model_training/venv/lib64/python3.12/site-packages/airflow/example_dags/example_trigger_target_dag.py
[2026-03-23T01:08:50.927+0000] {logging_mixin.py:190} INFO - [2026-03-23T01:08:50.927+0000] {dag.py:3239} INFO - Sync 1 DAGs
[2026-03-23T01:08:50.939+0000] {logging_mixin.py:190} INFO - [2026-03-23T01:08:50.939+0000] {dag.py:4180} INFO - Setting next_dagrun for example_trigger_target_dag to None, run_after=None
[2026-03-23T01:08:50.960+0000] {processor.py:208} INFO - Processing /home/ec2-user/environment/lab4_model_training/venv/lib64/python3.12/site-packages/airflow/example_dags/example_trigger_target_dag.py took 0.063 seconds
[2026-03-23T01:10:11.952+0000] {processor.py:186} INFO - Started process (PID=7462) to work on /home/ec2-user/environment/lab4_model_training/venv/lib64/python3.12/site-packages/airflow/example_dags/example_trigger_target_dag.py
[2026-03-23T01:10:11.954+0000] {processor.py:914} INFO - Processing file /home/ec2-user/environment/lab4_model_training/venv/lib64/python3.12/site-packages/airflow/example_dags/example_trigger_target_dag.py for tasks to queue
[2026-03-23T01:10:11.960+0000] {logging_mixin.py:190} INFO - [2026-03-23T01:10:11.960+0000] {dagbag.py:588} INFO - Filling up the DagBag from /home/ec2-user/environment/lab4_model_training/venv/lib64/python3.12/site-packages/airflow/example_dags/example_trigger_target_dag.py
[2026-03-23T01:10:11.972+0000] {processor.py:925} INFO - DAG(s) 'example_trigger_target_dag' retrieved from /home/ec2-user/environment/lab4_model_training/venv/lib64/python3.12/site-packages/airflow/example_dags/example_trigger_target_dag.py
[2026-03-23T01:10:11.992+0000] {logging_mixin.py:190} INFO - [2026-03-23T01:10:11.992+0000] {dag.py:3239} INFO - Sync 1 DAGs
[2026-03-23T01:10:12.010+0000] {logging_mixin.py:190} INFO - [2026-03-23T01:10:12.010+0000] {dag.py:4180} INFO - Setting next_dagrun for example_trigger_target_dag to None, run_after=None
[2026-03-23T01:10:12.037+0000] {processor.py:208} INFO - Processing /home/ec2-user/environment/lab4_model_training/venv/lib64/python3.12/site-packages/airflow/example_dags/example_trigger_target_dag.py took 0.093 seconds
[2026-03-23T01:11:18.244+0000] {processor.py:186} INFO - Started process (PID=7626) to work on /home/ec2-user/environment/lab4_model_training/venv/lib64/python3.12/site-packages/airflow/example_dags/example_trigger_target_dag.py
[2026-03-23T01:11:18.246+0000] {processor.py:914} INFO - Processing file /home/ec2-user/environment/lab4_model_training/venv/lib64/python3.12/site-packages/airflow/example_dags/example_trigger_target_dag.py for tasks to queue
[2026-03-23T01:11:18.248+0000] {logging_mixin.py:190} INFO - [2026-03-23T01:11:18.247+0000] {dagbag.py:588} INFO - Filling up the DagBag from /home/ec2-user/environment/lab4_model_training/venv/lib64/python3.12/site-packages/airflow/example_dags/example_trigger_target_dag.py
[2026-03-23T01:11:18.255+0000] {processor.py:925} INFO - DAG(s) 'example_trigger_target_dag' retrieved from /home/ec2-user/environment/lab4_model_training/venv/lib64/python3.12/site-packages/airflow/example_dags/example_trigger_target_dag.py
[2026-03-23T01:11:18.270+0000] {logging_mixin.py:190} INFO - [2026-03-23T01:11:18.270+0000] {dag.py:3239} INFO - Sync 1 DAGs
[2026-03-23T01:11:18.282+0000] {logging_mixin.py:190} INFO - [2026-03-23T01:11:18.282+0000] {dag.py:4180} INFO - Setting next_dagrun for example_trigger_target_dag to None, run_after=None
[2026-03-23T01:11:18.305+0000] {processor.py:208} INFO - Processing /home/ec2-user/environment/lab4_model_training/venv/lib64/python3.12/site-packages/airflow/example_dags/example_trigger_target_dag.py took 0.066 seconds
[2026-03-23T01:12:22.529+0000] {processor.py:186} INFO - Started process (PID=7784) to work on /home/ec2-user/environment/lab4_model_training/venv/lib64/python3.12/site-packages/airflow/example_dags/example_trigger_target_dag.py
[2026-03-23T01:12:22.530+0000] {processor.py:914} INFO - Processing file /home/ec2-user/environment/lab4_model_training/venv/lib64/python3.12/site-packages/airflow/example_dags/example_trigger_target_dag.py for tasks to queue
[2026-03-23T01:12:22.532+0000] {logging_mixin.py:190} INFO - [2026-03-23T01:12:22.532+0000] {dagbag.py:588} INFO - Filling up the DagBag from /home/ec2-user/environment/lab4_model_training/venv/lib64/python3.12/site-packages/airflow/example_dags/example_trigger_target_dag.py
[2026-03-23T01:12:22.540+0000] {processor.py:925} INFO - DAG(s) 'example_trigger_target_dag' retrieved from /home/ec2-user/environment/lab4_model_training/venv/lib64/python3.12/site-packages/airflow/example_dags/example_trigger_target_dag.py
[2026-03-23T01:12:22.554+0000] {logging_mixin.py:190} INFO - [2026-03-23T01:12:22.554+0000] {dag.py:3239} INFO - Sync 1 DAGs
[2026-03-23T01:12:22.566+0000] {logging_mixin.py:190} INFO - [2026-03-23T01:12:22.565+0000] {dag.py:4180} INFO - Setting next_dagrun for example_trigger_target_dag to None, run_after=None
[2026-03-23T01:12:22.588+0000] {processor.py:208} INFO - Processing /home/ec2-user/environment/lab4_model_training/venv/lib64/python3.12/site-packages/airflow/example_dags/example_trigger_target_dag.py took 0.064 seconds
[2026-03-23T01:13:26.876+0000] {processor.py:186} INFO - Started process (PID=7892) to work on /home/ec2-user/environment/lab4_model_training/venv/lib64/python3.12/site-packages/airflow/example_dags/example_trigger_target_dag.py
[2026-03-23T01:13:26.877+0000] {processor.py:914} INFO - Processing file /home/ec2-user/environment/lab4_model_training/venv/lib64/python3.12/site-packages/airflow/example_dags/example_trigger_target_dag.py for tasks to queue
[2026-03-23T01:13:26.879+0000] {logging_mixin.py:190} INFO - [2026-03-23T01:13:26.879+0000] {dagbag.py:588} INFO - Filling up the DagBag from /home/ec2-user/environment/lab4_model_training/venv/lib64/python3.12/site-packages/airflow/example_dags/example_trigger_target_dag.py
[2026-03-23T01:13:26.887+0000] {processor.py:925} INFO - DAG(s) 'example_trigger_target_dag' retrieved from /home/ec2-user/environment/lab4_model_training/venv/lib64/python3.12/site-packages/airflow/example_dags/example_trigger_target_dag.py
[2026-03-23T01:13:26.902+0000] {logging_mixin.py:190} INFO - [2026-03-23T01:13:26.902+0000] {dag.py:3239} INFO - Sync 1 DAGs
[2026-03-23T01:13:26.914+0000] {logging_mixin.py:190} INFO - [2026-03-23T01:13:26.913+0000] {dag.py:4180} INFO - Setting next_dagrun for example_trigger_target_dag to None, run_after=None
[2026-03-23T01:13:26.935+0000] {processor.py:208} INFO - Processing /home/ec2-user/environment/lab4_model_training/venv/lib64/python3.12/site-packages/airflow/example_dags/example_trigger_target_dag.py took 0.064 seconds
[2026-03-23T01:14:29.625+0000] {processor.py:186} INFO - Started process (PID=8046) to work on /home/ec2-user/environment/lab4_model_training/venv/lib64/python3.12/site-packages/airflow/example_dags/example_trigger_target_dag.py
[2026-03-23T01:14:29.627+0000] {processor.py:914} INFO - Processing file /home/ec2-user/environment/lab4_model_training/venv/lib64/python3.12/site-packages/airflow/example_dags/example_trigger_target_dag.py for tasks to queue
[2026-03-23T01:14:29.629+0000] {logging_mixin.py:190} INFO - [2026-03-23T01:14:29.628+0000] {dagbag.py:588} INFO - Filling up the DagBag from /home/ec2-user/environment/lab4_model_training/venv/lib64/python3.12/site-packages/airflow/example_dags/example_trigger_target_dag.py
[2026-03-23T01:14:29.637+0000] {processor.py:925} INFO - DAG(s) 'example_trigger_target_dag' retrieved from /home/ec2-user/environment/lab4_model_training/venv/lib64/python3.12/site-packages/airflow/example_dags/example_trigger_target_dag.py
[2026-03-23T01:14:29.651+0000] {logging_mixin.py:190} INFO - [2026-03-23T01:14:29.651+0000] {dag.py:3239} INFO - Sync 1 DAGs
[2026-03-23T01:14:29.663+0000] {logging_mixin.py:190} INFO - [2026-03-23T01:14:29.663+0000] {dag.py:4180} INFO - Setting next_dagrun for example_trigger_target_dag to None, run_after=None
[2026-03-23T01:14:29.684+0000] {processor.py:208} INFO - Processing /home/ec2-user/environment/lab4_model_training/venv/lib64/python3.12/site-packages/airflow/example_dags/example_trigger_target_dag.py took 0.064 seconds
[2026-03-23T01:15:40.952+0000] {processor.py:186} INFO - Started process (PID=8171) to work on /home/ec2-user/environment/lab4_model_training/venv/lib64/python3.12/site-packages/airflow/example_dags/example_trigger_target_dag.py
[2026-03-23T01:15:40.954+0000] {processor.py:914} INFO - Processing file /home/ec2-user/environment/lab4_model_training/venv/lib64/python3.12/site-packages/airflow/example_dags/example_trigger_target_dag.py for tasks to queue
[2026-03-23T01:15:40.955+0000] {logging_mixin.py:190} INFO - [2026-03-23T01:15:40.955+0000] {dagbag.py:588} INFO - Filling up the DagBag from /home/ec2-user/environment/lab4_model_training/venv/lib64/python3.12/site-packages/airflow/example_dags/example_trigger_target_dag.py
[2026-03-23T01:15:40.963+0000] {processor.py:925} INFO - DAG(s) 'example_trigger_target_dag' retrieved from /home/ec2-user/environment/lab4_model_training/venv/lib64/python3.12/site-packages/airflow/example_dags/example_trigger_target_dag.py
[2026-03-23T01:15:40.978+0000] {logging_mixin.py:190} INFO - [2026-03-23T01:15:40.978+0000] {dag.py:3239} INFO - Sync 1 DAGs
[2026-03-23T01:15:40.990+0000] {logging_mixin.py:190} INFO - [2026-03-23T01:15:40.989+0000] {dag.py:4180} INFO - Setting next_dagrun for example_trigger_target_dag to None, run_after=None
[2026-03-23T01:15:41.012+0000] {processor.py:208} INFO - Processing /home/ec2-user/environment/lab4_model_training/venv/lib64/python3.12/site-packages/airflow/example_dags/example_trigger_target_dag.py took 0.065 seconds
[2026-03-23T01:16:47.910+0000] {processor.py:186} INFO - Started process (PID=8329) to work on /home/ec2-user/environment/lab4_model_training/venv/lib64/python3.12/site-packages/airflow/example_dags/example_trigger_target_dag.py
[2026-03-23T01:16:47.911+0000] {processor.py:914} INFO - Processing file /home/ec2-user/environment/lab4_model_training/venv/lib64/python3.12/site-packages/airflow/example_dags/example_trigger_target_dag.py for tasks to queue
[2026-03-23T01:16:47.913+0000] {logging_mixin.py:190} INFO - [2026-03-23T01:16:47.912+0000] {dagbag.py:588} INFO - Filling up the DagBag from /home/ec2-user/environment/lab4_model_training/venv/lib64/python3.12/site-packages/airflow/example_dags/example_trigger_target_dag.py
[2026-03-23T01:16:47.920+0000] {processor.py:925} INFO - DAG(s) 'example_trigger_target_dag' retrieved from /home/ec2-user/environment/lab4_model_training/venv/lib64/python3.12/site-packages/airflow/example_dags/example_trigger_target_dag.py
[2026-03-23T01:16:47.935+0000] {logging_mixin.py:190} INFO - [2026-03-23T01:16:47.934+0000] {dag.py:3239} INFO - Sync 1 DAGs
[2026-03-23T01:16:47.946+0000] {logging_mixin.py:190} INFO - [2026-03-23T01:16:47.946+0000] {dag.py:4180} INFO - Setting next_dagrun for example_trigger_target_dag to None, run_after=None
[2026-03-23T01:16:47.968+0000] {processor.py:208} INFO - Processing /home/ec2-user/environment/lab4_model_training/venv/lib64/python3.12/site-packages/airflow/example_dags/example_trigger_target_dag.py took 0.063 seconds
[2026-03-23T01:17:51.600+0000] {processor.py:186} INFO - Started process (PID=8494) to work on /home/ec2-user/environment/lab4_model_training/venv/lib64/python3.12/site-packages/airflow/example_dags/example_trigger_target_dag.py
[2026-03-23T01:17:51.601+0000] {processor.py:914} INFO - Processing file /home/ec2-user/environment/lab4_model_training/venv/lib64/python3.12/site-packages/airflow/example_dags/example_trigger_target_dag.py for tasks to queue
[2026-03-23T01:17:51.603+0000] {logging_mixin.py:190} INFO - [2026-03-23T01:17:51.603+0000] {dagbag.py:588} INFO - Filling up the DagBag from /home/ec2-user/environment/lab4_model_training/venv/lib64/python3.12/site-packages/airflow/example_dags/example_trigger_target_dag.py
[2026-03-23T01:17:51.611+0000] {processor.py:925} INFO - DAG(s) 'example_trigger_target_dag' retrieved from /home/ec2-user/environment/lab4_model_training/venv/lib64/python3.12/site-packages/airflow/example_dags/example_trigger_target_dag.py
[2026-03-23T01:17:51.625+0000] {logging_mixin.py:190} INFO - [2026-03-23T01:17:51.625+0000] {dag.py:3239} INFO - Sync 1 DAGs
[2026-03-23T01:17:51.637+0000] {logging_mixin.py:190} INFO - [2026-03-23T01:17:51.637+0000] {dag.py:4180} INFO - Setting next_dagrun for example_trigger_target_dag to None, run_after=None
[2026-03-23T01:17:51.658+0000] {processor.py:208} INFO - Processing /home/ec2-user/environment/lab4_model_training/venv/lib64/python3.12/site-packages/airflow/example_dags/example_trigger_target_dag.py took 0.063 seconds
[2026-03-23T01:18:54.714+0000] {processor.py:186} INFO - Started process (PID=8618) to work on /home/ec2-user/environment/lab4_model_training/venv/lib64/python3.12/site-packages/airflow/example_dags/example_trigger_target_dag.py
[2026-03-23T01:18:54.716+0000] {processor.py:914} INFO - Processing file /home/ec2-user/environment/lab4_model_training/venv/lib64/python3.12/site-packages/airflow/example_dags/example_trigger_target_dag.py for tasks to queue
[2026-03-23T01:18:54.717+0000] {logging_mixin.py:190} INFO - [2026-03-23T01:18:54.717+0000] {dagbag.py:588} INFO - Filling up the DagBag from /home/ec2-user/environment/lab4_model_training/venv/lib64/python3.12/site-packages/airflow/example_dags/example_trigger_target_dag.py
[2026-03-23T01:18:54.725+0000] {processor.py:925} INFO - DAG(s) 'example_trigger_target_dag' retrieved from /home/ec2-user/environment/lab4_model_training/venv/lib64/python3.12/site-packages/airflow/example_dags/example_trigger_target_dag.py
[2026-03-23T01:18:54.739+0000] {logging_mixin.py:190} INFO - [2026-03-23T01:18:54.739+0000] {dag.py:3239} INFO - Sync 1 DAGs
[2026-03-23T01:18:54.750+0000] {logging_mixin.py:190} INFO - [2026-03-23T01:18:54.750+0000] {dag.py:4180} INFO - Setting next_dagrun for example_trigger_target_dag to None, run_after=None
[2026-03-23T01:18:54.771+0000] {processor.py:208} INFO - Processing /home/ec2-user/environment/lab4_model_training/venv/lib64/python3.12/site-packages/airflow/example_dags/example_trigger_target_dag.py took 0.062 seconds
[2026-03-23T01:19:56.340+0000] {processor.py:186} INFO - Started process (PID=8770) to work on /home/ec2-user/environment/lab4_model_training/venv/lib64/python3.12/site-packages/airflow/example_dags/example_trigger_target_dag.py
[2026-03-23T01:19:56.342+0000] {processor.py:914} INFO - Processing file /home/ec2-user/environment/lab4_model_training/venv/lib64/python3.12/site-packages/airflow/example_dags/example_trigger_target_dag.py for tasks to queue
[2026-03-23T01:19:56.343+0000] {logging_mixin.py:190} INFO - [2026-03-23T01:19:56.343+0000] {dagbag.py:588} INFO - Filling up the DagBag from /home/ec2-user/environment/lab4_model_training/venv/lib64/python3.12/site-packages/airflow/example_dags/example_trigger_target_dag.py
[2026-03-23T01:19:56.351+0000] {processor.py:925} INFO - DAG(s) 'example_trigger_target_dag' retrieved from /home/ec2-user/environment/lab4_model_training/venv/lib64/python3.12/site-packages/airflow/example_dags/example_trigger_target_dag.py
[2026-03-23T01:19:56.365+0000] {logging_mixin.py:190} INFO - [2026-03-23T01:19:56.365+0000] {dag.py:3239} INFO - Sync 1 DAGs
[2026-03-23T01:19:56.376+0000] {logging_mixin.py:190} INFO - [2026-03-23T01:19:56.376+0000] {dag.py:4180} INFO - Setting next_dagrun for example_trigger_target_dag to None, run_after=None
[2026-03-23T01:19:56.396+0000] {processor.py:208} INFO - Processing /home/ec2-user/environment/lab4_model_training/venv/lib64/python3.12/site-packages/airflow/example_dags/example_trigger_target_dag.py took 0.061 seconds
[2026-03-23T01:21:02.100+0000] {processor.py:186} INFO - Started process (PID=8901) to work on /home/ec2-user/environment/lab4_model_training/venv/lib64/python3.12/site-packages/airflow/example_dags/example_trigger_target_dag.py
[2026-03-23T01:21:02.101+0000] {processor.py:914} INFO - Processing file /home/ec2-user/environment/lab4_model_training/venv/lib64/python3.12/site-packages/airflow/example_dags/example_trigger_target_dag.py for tasks to queue
[2026-03-23T01:21:02.103+0000] {logging_mixin.py:190} INFO - [2026-03-23T01:21:02.103+0000] {dagbag.py:588} INFO - Filling up the DagBag from /home/ec2-user/environment/lab4_model_training/venv/lib64/python3.12/site-packages/airflow/example_dags/example_trigger_target_dag.py
[2026-03-23T01:21:02.111+0000] {processor.py:925} INFO - DAG(s) 'example_trigger_target_dag' retrieved from /home/ec2-user/environment/lab4_model_training/venv/lib64/python3.12/site-packages/airflow/example_dags/example_trigger_target_dag.py
[2026-03-23T01:21:02.125+0000] {logging_mixin.py:190} INFO - [2026-03-23T01:21:02.125+0000] {dag.py:3239} INFO - Sync 1 DAGs
[2026-03-23T01:21:02.137+0000] {logging_mixin.py:190} INFO - [2026-03-23T01:21:02.137+0000] {dag.py:4180} INFO - Setting next_dagrun for example_trigger_target_dag to None, run_after=None
[2026-03-23T01:21:02.157+0000] {processor.py:208} INFO - Processing /home/ec2-user/environment/lab4_model_training/venv/lib64/python3.12/site-packages/airflow/example_dags/example_trigger_target_dag.py took 0.062 seconds
[2026-03-23T01:22:09.299+0000] {processor.py:186} INFO - Started process (PID=9070) to work on /home/ec2-user/environment/lab4_model_training/venv/lib64/python3.12/site-packages/airflow/example_dags/example_trigger_target_dag.py
[2026-03-23T01:22:09.300+0000] {processor.py:914} INFO - Processing file /home/ec2-user/environment/lab4_model_training/venv/lib64/python3.12/site-packages/airflow/example_dags/example_trigger_target_dag.py for tasks to queue
[2026-03-23T01:22:09.302+0000] {logging_mixin.py:190} INFO - [2026-03-23T01:22:09.301+0000] {dagbag.py:588} INFO - Filling up the DagBag from /home/ec2-user/environment/lab4_model_training/venv/lib64/python3.12/site-packages/airflow/example_dags/example_trigger_target_dag.py
[2026-03-23T01:22:09.310+0000] {processor.py:925} INFO - DAG(s) 'example_trigger_target_dag' retrieved from /home/ec2-user/environment/lab4_model_training/venv/lib64/python3.12/site-packages/airflow/example_dags/example_trigger_target_dag.py
[2026-03-23T01:22:09.324+0000] {logging_mixin.py:190} INFO - [2026-03-23T01:22:09.324+0000] {dag.py:3239} INFO - Sync 1 DAGs
[2026-03-23T01:22:09.335+0000] {logging_mixin.py:190} INFO - [2026-03-23T01:22:09.335+0000] {dag.py:4180} INFO - Setting next_dagrun for example_trigger_target_dag to None, run_after=None
[2026-03-23T01:22:09.357+0000] {processor.py:208} INFO - Processing /home/ec2-user/environment/lab4_model_training/venv/lib64/python3.12/site-packages/airflow/example_dags/example_trigger_target_dag.py took 0.063 seconds
[2026-03-23T01:23:20.984+0000] {processor.py:186} INFO - Started process (PID=9212) to work on /home/ec2-user/environment/lab4_model_training/venv/lib64/python3.12/site-packages/airflow/example_dags/example_trigger_target_dag.py
[2026-03-23T01:23:20.986+0000] {processor.py:914} INFO - Processing file /home/ec2-user/environment/lab4_model_training/venv/lib64/python3.12/site-packages/airflow/example_dags/example_trigger_target_dag.py for tasks to queue
[2026-03-23T01:23:20.988+0000] {logging_mixin.py:190} INFO - [2026-03-23T01:23:20.987+0000] {dagbag.py:588} INFO - Filling up the DagBag from /home/ec2-user/environment/lab4_model_training/venv/lib64/python3.12/site-packages/airflow/example_dags/example_trigger_target_dag.py
[2026-03-23T01:23:20.996+0000] {processor.py:925} INFO - DAG(s) 'example_trigger_target_dag' retrieved from /home/ec2-user/environment/lab4_model_training/venv/lib64/python3.12/site-packages/airflow/example_dags/example_trigger_target_dag.py
[2026-03-23T01:23:21.010+0000] {logging_mixin.py:190} INFO - [2026-03-23T01:23:21.010+0000] {dag.py:3239} INFO - Sync 1 DAGs
[2026-03-23T01:23:21.022+0000] {logging_mixin.py:190} INFO - [2026-03-23T01:23:21.021+0000] {dag.py:4180} INFO - Setting next_dagrun for example_trigger_target_dag to None, run_after=None
[2026-03-23T01:23:21.043+0000] {processor.py:208} INFO - Processing /home/ec2-user/environment/lab4_model_training/venv/lib64/python3.12/site-packages/airflow/example_dags/example_trigger_target_dag.py took 0.064 seconds
[2026-03-23T01:24:25.276+0000] {processor.py:186} INFO - Started process (PID=9419) to work on /home/ec2-user/environment/lab4_model_training/venv/lib64/python3.12/site-packages/airflow/example_dags/example_trigger_target_dag.py
[2026-03-23T01:24:25.277+0000] {processor.py:914} INFO - Processing file /home/ec2-user/environment/lab4_model_training/venv/lib64/python3.12/site-packages/airflow/example_dags/example_trigger_target_dag.py for tasks to queue
[2026-03-23T01:24:25.279+0000] {logging_mixin.py:190} INFO - [2026-03-23T01:24:25.279+0000] {dagbag.py:588} INFO - Filling up the DagBag from /home/ec2-user/environment/lab4_model_training/venv/lib64/python3.12/site-packages/airflow/example_dags/example_trigger_target_dag.py
[2026-03-23T01:24:25.289+0000] {processor.py:925} INFO - DAG(s) 'example_trigger_target_dag' retrieved from /home/ec2-user/environment/lab4_model_training/venv/lib64/python3.12/site-packages/airflow/example_dags/example_trigger_target_dag.py
[2026-03-23T01:24:25.307+0000] {logging_mixin.py:190} INFO - [2026-03-23T01:24:25.306+0000] {dag.py:3239} INFO - Sync 1 DAGs
[2026-03-23T01:24:25.322+0000] {logging_mixin.py:190} INFO - [2026-03-23T01:24:25.321+0000] {dag.py:4180} INFO - Setting next_dagrun for example_trigger_target_dag to None, run_after=None
[2026-03-23T01:24:25.350+0000] {processor.py:208} INFO - Processing /home/ec2-user/environment/lab4_model_training/venv/lib64/python3.12/site-packages/airflow/example_dags/example_trigger_target_dag.py took 0.080 seconds
