[2026-03-23T00:59:28.954+0000] {processor.py:186} INFO - Started process (PID=5840) to work on /home/ec2-user/environment/lab4_model_training/venv/lib64/python3.12/site-packages/airflow/example_dags/example_python_operator.py
[2026-03-23T00:59:28.955+0000] {processor.py:914} INFO - Processing file /home/ec2-user/environment/lab4_model_training/venv/lib64/python3.12/site-packages/airflow/example_dags/example_python_operator.py for tasks to queue
[2026-03-23T00:59:28.956+0000] {logging_mixin.py:190} INFO - [2026-03-23T00:59:28.956+0000] {dagbag.py:588} INFO - Filling up the DagBag from /home/ec2-user/environment/lab4_model_training/venv/lib64/python3.12/site-packages/airflow/example_dags/example_python_operator.py
[2026-03-23T00:59:28.963+0000] {logging_mixin.py:190} INFO - [2026-03-23T00:59:28.962+0000] {example_python_operator.py:93} WARNING - The virtalenv_python example task requires virtualenv, please install it.
[2026-03-23T00:59:28.965+0000] {processor.py:925} INFO - DAG(s) 'example_python_operator' retrieved from /home/ec2-user/environment/lab4_model_training/venv/lib64/python3.12/site-packages/airflow/example_dags/example_python_operator.py
[2026-03-23T00:59:28.982+0000] {logging_mixin.py:190} INFO - [2026-03-23T00:59:28.982+0000] {dag.py:3239} INFO - Sync 1 DAGs
[2026-03-23T00:59:28.994+0000] {logging_mixin.py:190} INFO - [2026-03-23T00:59:28.994+0000] {dag.py:4180} INFO - Setting next_dagrun for example_python_operator to None, run_after=None
[2026-03-23T00:59:29.015+0000] {processor.py:208} INFO - Processing /home/ec2-user/environment/lab4_model_training/venv/lib64/python3.12/site-packages/airflow/example_dags/example_python_operator.py took 0.066 seconds
[2026-03-23T01:00:31.656+0000] {processor.py:186} INFO - Started process (PID=6006) to work on /home/ec2-user/environment/lab4_model_training/venv/lib64/python3.12/site-packages/airflow/example_dags/example_python_operator.py
[2026-03-23T01:00:31.658+0000] {processor.py:914} INFO - Processing file /home/ec2-user/environment/lab4_model_training/venv/lib64/python3.12/site-packages/airflow/example_dags/example_python_operator.py for tasks to queue
[2026-03-23T01:00:31.659+0000] {logging_mixin.py:190} INFO - [2026-03-23T01:00:31.659+0000] {dagbag.py:588} INFO - Filling up the DagBag from /home/ec2-user/environment/lab4_model_training/venv/lib64/python3.12/site-packages/airflow/example_dags/example_python_operator.py
[2026-03-23T01:00:31.666+0000] {logging_mixin.py:190} INFO - [2026-03-23T01:00:31.666+0000] {example_python_operator.py:93} WARNING - The virtalenv_python example task requires virtualenv, please install it.
[2026-03-23T01:00:31.668+0000] {processor.py:925} INFO - DAG(s) 'example_python_operator' retrieved from /home/ec2-user/environment/lab4_model_training/venv/lib64/python3.12/site-packages/airflow/example_dags/example_python_operator.py
[2026-03-23T01:00:31.685+0000] {logging_mixin.py:190} INFO - [2026-03-23T01:00:31.684+0000] {dag.py:3239} INFO - Sync 1 DAGs
[2026-03-23T01:00:31.697+0000] {logging_mixin.py:190} INFO - [2026-03-23T01:00:31.696+0000] {dag.py:4180} INFO - Setting next_dagrun for example_python_operator to None, run_after=None
[2026-03-23T01:00:31.719+0000] {processor.py:208} INFO - Processing /home/ec2-user/environment/lab4_model_training/venv/lib64/python3.12/site-packages/airflow/example_dags/example_python_operator.py took 0.068 seconds
[2026-03-23T01:01:34.923+0000] {processor.py:186} INFO - Started process (PID=6230) to work on /home/ec2-user/environment/lab4_model_training/venv/lib64/python3.12/site-packages/airflow/example_dags/example_python_operator.py
[2026-03-23T01:01:34.924+0000] {processor.py:914} INFO - Processing file /home/ec2-user/environment/lab4_model_training/venv/lib64/python3.12/site-packages/airflow/example_dags/example_python_operator.py for tasks to queue
[2026-03-23T01:01:34.926+0000] {logging_mixin.py:190} INFO - [2026-03-23T01:01:34.926+0000] {dagbag.py:588} INFO - Filling up the DagBag from /home/ec2-user/environment/lab4_model_training/venv/lib64/python3.12/site-packages/airflow/example_dags/example_python_operator.py
[2026-03-23T01:01:34.932+0000] {logging_mixin.py:190} INFO - [2026-03-23T01:01:34.932+0000] {example_python_operator.py:93} WARNING - The virtalenv_python example task requires virtualenv, please install it.
[2026-03-23T01:01:34.935+0000] {processor.py:925} INFO - DAG(s) 'example_python_operator' retrieved from /home/ec2-user/environment/lab4_model_training/venv/lib64/python3.12/site-packages/airflow/example_dags/example_python_operator.py
[2026-03-23T01:01:34.951+0000] {logging_mixin.py:190} INFO - [2026-03-23T01:01:34.951+0000] {dag.py:3239} INFO - Sync 1 DAGs
[2026-03-23T01:01:34.963+0000] {logging_mixin.py:190} INFO - [2026-03-23T01:01:34.963+0000] {dag.py:4180} INFO - Setting next_dagrun for example_python_operator to None, run_after=None
[2026-03-23T01:01:34.986+0000] {processor.py:208} INFO - Processing /home/ec2-user/environment/lab4_model_training/venv/lib64/python3.12/site-packages/airflow/example_dags/example_python_operator.py took 0.068 seconds
[2026-03-23T01:02:36.714+0000] {processor.py:186} INFO - Started process (PID=6364) to work on /home/ec2-user/environment/lab4_model_training/venv/lib64/python3.12/site-packages/airflow/example_dags/example_python_operator.py
[2026-03-23T01:02:36.715+0000] {processor.py:914} INFO - Processing file /home/ec2-user/environment/lab4_model_training/venv/lib64/python3.12/site-packages/airflow/example_dags/example_python_operator.py for tasks to queue
[2026-03-23T01:02:36.717+0000] {logging_mixin.py:190} INFO - [2026-03-23T01:02:36.717+0000] {dagbag.py:588} INFO - Filling up the DagBag from /home/ec2-user/environment/lab4_model_training/venv/lib64/python3.12/site-packages/airflow/example_dags/example_python_operator.py
[2026-03-23T01:02:36.724+0000] {logging_mixin.py:190} INFO - [2026-03-23T01:02:36.723+0000] {example_python_operator.py:93} WARNING - The virtalenv_python example task requires virtualenv, please install it.
[2026-03-23T01:02:36.726+0000] {processor.py:925} INFO - DAG(s) 'example_python_operator' retrieved from /home/ec2-user/environment/lab4_model_training/venv/lib64/python3.12/site-packages/airflow/example_dags/example_python_operator.py
[2026-03-23T01:02:36.742+0000] {logging_mixin.py:190} INFO - [2026-03-23T01:02:36.742+0000] {dag.py:3239} INFO - Sync 1 DAGs
[2026-03-23T01:02:36.754+0000] {logging_mixin.py:190} INFO - [2026-03-23T01:02:36.754+0000] {dag.py:4180} INFO - Setting next_dagrun for example_python_operator to None, run_after=None
[2026-03-23T01:02:36.776+0000] {processor.py:208} INFO - Processing /home/ec2-user/environment/lab4_model_training/venv/lib64/python3.12/site-packages/airflow/example_dags/example_python_operator.py took 0.067 seconds
[2026-03-23T01:03:44.583+0000] {processor.py:186} INFO - Started process (PID=6564) to work on /home/ec2-user/environment/lab4_model_training/venv/lib64/python3.12/site-packages/airflow/example_dags/example_python_operator.py
[2026-03-23T01:03:44.584+0000] {processor.py:914} INFO - Processing file /home/ec2-user/environment/lab4_model_training/venv/lib64/python3.12/site-packages/airflow/example_dags/example_python_operator.py for tasks to queue
[2026-03-23T01:03:44.586+0000] {logging_mixin.py:190} INFO - [2026-03-23T01:03:44.585+0000] {dagbag.py:588} INFO - Filling up the DagBag from /home/ec2-user/environment/lab4_model_training/venv/lib64/python3.12/site-packages/airflow/example_dags/example_python_operator.py
[2026-03-23T01:03:44.592+0000] {logging_mixin.py:190} INFO - [2026-03-23T01:03:44.592+0000] {example_python_operator.py:93} WARNING - The virtalenv_python example task requires virtualenv, please install it.
[2026-03-23T01:03:44.594+0000] {processor.py:925} INFO - DAG(s) 'example_python_operator' retrieved from /home/ec2-user/environment/lab4_model_training/venv/lib64/python3.12/site-packages/airflow/example_dags/example_python_operator.py
[2026-03-23T01:03:44.611+0000] {logging_mixin.py:190} INFO - [2026-03-23T01:03:44.610+0000] {dag.py:3239} INFO - Sync 1 DAGs
[2026-03-23T01:03:44.622+0000] {logging_mixin.py:190} INFO - [2026-03-23T01:03:44.622+0000] {dag.py:4180} INFO - Setting next_dagrun for example_python_operator to None, run_after=None
[2026-03-23T01:03:44.644+0000] {processor.py:208} INFO - Processing /home/ec2-user/environment/lab4_model_training/venv/lib64/python3.12/site-packages/airflow/example_dags/example_python_operator.py took 0.066 seconds
[2026-03-23T01:04:49.013+0000] {processor.py:186} INFO - Started process (PID=6751) to work on /home/ec2-user/environment/lab4_model_training/venv/lib64/python3.12/site-packages/airflow/example_dags/example_python_operator.py
[2026-03-23T01:04:49.014+0000] {processor.py:914} INFO - Processing file /home/ec2-user/environment/lab4_model_training/venv/lib64/python3.12/site-packages/airflow/example_dags/example_python_operator.py for tasks to queue
[2026-03-23T01:04:49.016+0000] {logging_mixin.py:190} INFO - [2026-03-23T01:04:49.016+0000] {dagbag.py:588} INFO - Filling up the DagBag from /home/ec2-user/environment/lab4_model_training/venv/lib64/python3.12/site-packages/airflow/example_dags/example_python_operator.py
[2026-03-23T01:04:49.022+0000] {logging_mixin.py:190} INFO - [2026-03-23T01:04:49.022+0000] {example_python_operator.py:93} WARNING - The virtalenv_python example task requires virtualenv, please install it.
[2026-03-23T01:04:49.025+0000] {processor.py:925} INFO - DAG(s) 'example_python_operator' retrieved from /home/ec2-user/environment/lab4_model_training/venv/lib64/python3.12/site-packages/airflow/example_dags/example_python_operator.py
[2026-03-23T01:04:49.041+0000] {logging_mixin.py:190} INFO - [2026-03-23T01:04:49.040+0000] {dag.py:3239} INFO - Sync 1 DAGs
[2026-03-23T01:04:49.053+0000] {logging_mixin.py:190} INFO - [2026-03-23T01:04:49.053+0000] {dag.py:4180} INFO - Setting next_dagrun for example_python_operator to None, run_after=None
[2026-03-23T01:04:49.075+0000] {processor.py:208} INFO - Processing /home/ec2-user/environment/lab4_model_training/venv/lib64/python3.12/site-packages/airflow/example_dags/example_python_operator.py took 0.067 seconds
[2026-03-23T01:05:59.621+0000] {processor.py:186} INFO - Started process (PID=6876) to work on /home/ec2-user/environment/lab4_model_training/venv/lib64/python3.12/site-packages/airflow/example_dags/example_python_operator.py
[2026-03-23T01:05:59.622+0000] {processor.py:914} INFO - Processing file /home/ec2-user/environment/lab4_model_training/venv/lib64/python3.12/site-packages/airflow/example_dags/example_python_operator.py for tasks to queue
[2026-03-23T01:05:59.624+0000] {logging_mixin.py:190} INFO - [2026-03-23T01:05:59.623+0000] {dagbag.py:588} INFO - Filling up the DagBag from /home/ec2-user/environment/lab4_model_training/venv/lib64/python3.12/site-packages/airflow/example_dags/example_python_operator.py
[2026-03-23T01:05:59.630+0000] {logging_mixin.py:190} INFO - [2026-03-23T01:05:59.630+0000] {example_python_operator.py:93} WARNING - The virtalenv_python example task requires virtualenv, please install it.
[2026-03-23T01:05:59.633+0000] {processor.py:925} INFO - DAG(s) 'example_python_operator' retrieved from /home/ec2-user/environment/lab4_model_training/venv/lib64/python3.12/site-packages/airflow/example_dags/example_python_operator.py
[2026-03-23T01:05:59.649+0000] {logging_mixin.py:190} INFO - [2026-03-23T01:05:59.649+0000] {dag.py:3239} INFO - Sync 1 DAGs
[2026-03-23T01:05:59.661+0000] {logging_mixin.py:190} INFO - [2026-03-23T01:05:59.660+0000] {dag.py:4180} INFO - Setting next_dagrun for example_python_operator to None, run_after=None
[2026-03-23T01:05:59.682+0000] {processor.py:208} INFO - Processing /home/ec2-user/environment/lab4_model_training/venv/lib64/python3.12/site-packages/airflow/example_dags/example_python_operator.py took 0.067 seconds
[2026-03-23T01:07:16.032+0000] {processor.py:186} INFO - Started process (PID=7097) to work on /home/ec2-user/environment/lab4_model_training/venv/lib64/python3.12/site-packages/airflow/example_dags/example_python_operator.py
[2026-03-23T01:07:16.033+0000] {processor.py:914} INFO - Processing file /home/ec2-user/environment/lab4_model_training/venv/lib64/python3.12/site-packages/airflow/example_dags/example_python_operator.py for tasks to queue
[2026-03-23T01:07:16.035+0000] {logging_mixin.py:190} INFO - [2026-03-23T01:07:16.035+0000] {dagbag.py:588} INFO - Filling up the DagBag from /home/ec2-user/environment/lab4_model_training/venv/lib64/python3.12/site-packages/airflow/example_dags/example_python_operator.py
[2026-03-23T01:07:16.041+0000] {logging_mixin.py:190} INFO - [2026-03-23T01:07:16.041+0000] {example_python_operator.py:93} WARNING - The virtalenv_python example task requires virtualenv, please install it.
[2026-03-23T01:07:16.044+0000] {processor.py:925} INFO - DAG(s) 'example_python_operator' retrieved from /home/ec2-user/environment/lab4_model_training/venv/lib64/python3.12/site-packages/airflow/example_dags/example_python_operator.py
[2026-03-23T01:07:16.060+0000] {logging_mixin.py:190} INFO - [2026-03-23T01:07:16.060+0000] {dag.py:3239} INFO - Sync 1 DAGs
[2026-03-23T01:07:16.072+0000] {logging_mixin.py:190} INFO - [2026-03-23T01:07:16.071+0000] {dag.py:4180} INFO - Setting next_dagrun for example_python_operator to None, run_after=None
[2026-03-23T01:07:16.093+0000] {processor.py:208} INFO - Processing /home/ec2-user/environment/lab4_model_training/venv/lib64/python3.12/site-packages/airflow/example_dags/example_python_operator.py took 0.066 seconds
[2026-03-23T01:08:25.092+0000] {processor.py:186} INFO - Started process (PID=7211) to work on /home/ec2-user/environment/lab4_model_training/venv/lib64/python3.12/site-packages/airflow/example_dags/example_python_operator.py
[2026-03-23T01:08:25.093+0000] {processor.py:914} INFO - Processing file /home/ec2-user/environment/lab4_model_training/venv/lib64/python3.12/site-packages/airflow/example_dags/example_python_operator.py for tasks to queue
[2026-03-23T01:08:25.095+0000] {logging_mixin.py:190} INFO - [2026-03-23T01:08:25.094+0000] {dagbag.py:588} INFO - Filling up the DagBag from /home/ec2-user/environment/lab4_model_training/venv/lib64/python3.12/site-packages/airflow/example_dags/example_python_operator.py
[2026-03-23T01:08:25.101+0000] {logging_mixin.py:190} INFO - [2026-03-23T01:08:25.101+0000] {example_python_operator.py:93} WARNING - The virtalenv_python example task requires virtualenv, please install it.
[2026-03-23T01:08:25.103+0000] {processor.py:925} INFO - DAG(s) 'example_python_operator' retrieved from /home/ec2-user/environment/lab4_model_training/venv/lib64/python3.12/site-packages/airflow/example_dags/example_python_operator.py
[2026-03-23T01:08:25.120+0000] {logging_mixin.py:190} INFO - [2026-03-23T01:08:25.120+0000] {dag.py:3239} INFO - Sync 1 DAGs
[2026-03-23T01:08:25.132+0000] {logging_mixin.py:190} INFO - [2026-03-23T01:08:25.131+0000] {dag.py:4180} INFO - Setting next_dagrun for example_python_operator to None, run_after=None
[2026-03-23T01:08:25.153+0000] {processor.py:208} INFO - Processing /home/ec2-user/environment/lab4_model_training/venv/lib64/python3.12/site-packages/airflow/example_dags/example_python_operator.py took 0.067 seconds
[2026-03-23T01:09:42.785+0000] {processor.py:186} INFO - Started process (PID=7390) to work on /home/ec2-user/environment/lab4_model_training/venv/lib64/python3.12/site-packages/airflow/example_dags/example_python_operator.py
[2026-03-23T01:09:42.786+0000] {processor.py:914} INFO - Processing file /home/ec2-user/environment/lab4_model_training/venv/lib64/python3.12/site-packages/airflow/example_dags/example_python_operator.py for tasks to queue
[2026-03-23T01:09:42.788+0000] {logging_mixin.py:190} INFO - [2026-03-23T01:09:42.787+0000] {dagbag.py:588} INFO - Filling up the DagBag from /home/ec2-user/environment/lab4_model_training/venv/lib64/python3.12/site-packages/airflow/example_dags/example_python_operator.py
[2026-03-23T01:09:42.794+0000] {logging_mixin.py:190} INFO - [2026-03-23T01:09:42.794+0000] {example_python_operator.py:93} WARNING - The virtalenv_python example task requires virtualenv, please install it.
[2026-03-23T01:09:42.796+0000] {processor.py:925} INFO - DAG(s) 'example_python_operator' retrieved from /home/ec2-user/environment/lab4_model_training/venv/lib64/python3.12/site-packages/airflow/example_dags/example_python_operator.py
[2026-03-23T01:09:42.813+0000] {logging_mixin.py:190} INFO - [2026-03-23T01:09:42.812+0000] {dag.py:3239} INFO - Sync 1 DAGs
[2026-03-23T01:09:42.825+0000] {logging_mixin.py:190} INFO - [2026-03-23T01:09:42.825+0000] {dag.py:4180} INFO - Setting next_dagrun for example_python_operator to None, run_after=None
[2026-03-23T01:09:42.846+0000] {processor.py:208} INFO - Processing /home/ec2-user/environment/lab4_model_training/venv/lib64/python3.12/site-packages/airflow/example_dags/example_python_operator.py took 0.067 seconds
[2026-03-23T01:10:55.856+0000] {processor.py:186} INFO - Started process (PID=7586) to work on /home/ec2-user/environment/lab4_model_training/venv/lib64/python3.12/site-packages/airflow/example_dags/example_python_operator.py
[2026-03-23T01:10:55.857+0000] {processor.py:914} INFO - Processing file /home/ec2-user/environment/lab4_model_training/venv/lib64/python3.12/site-packages/airflow/example_dags/example_python_operator.py for tasks to queue
[2026-03-23T01:10:55.859+0000] {logging_mixin.py:190} INFO - [2026-03-23T01:10:55.858+0000] {dagbag.py:588} INFO - Filling up the DagBag from /home/ec2-user/environment/lab4_model_training/venv/lib64/python3.12/site-packages/airflow/example_dags/example_python_operator.py
[2026-03-23T01:10:55.865+0000] {logging_mixin.py:190} INFO - [2026-03-23T01:10:55.865+0000] {example_python_operator.py:93} WARNING - The virtalenv_python example task requires virtualenv, please install it.
[2026-03-23T01:10:55.867+0000] {processor.py:925} INFO - DAG(s) 'example_python_operator' retrieved from /home/ec2-user/environment/lab4_model_training/venv/lib64/python3.12/site-packages/airflow/example_dags/example_python_operator.py
[2026-03-23T01:10:55.884+0000] {logging_mixin.py:190} INFO - [2026-03-23T01:10:55.883+0000] {dag.py:3239} INFO - Sync 1 DAGs
[2026-03-23T01:10:55.895+0000] {logging_mixin.py:190} INFO - [2026-03-23T01:10:55.895+0000] {dag.py:4180} INFO - Setting next_dagrun for example_python_operator to None, run_after=None
[2026-03-23T01:10:55.918+0000] {processor.py:208} INFO - Processing /home/ec2-user/environment/lab4_model_training/venv/lib64/python3.12/site-packages/airflow/example_dags/example_python_operator.py took 0.067 seconds
[2026-03-23T01:11:59.620+0000] {processor.py:186} INFO - Started process (PID=7743) to work on /home/ec2-user/environment/lab4_model_training/venv/lib64/python3.12/site-packages/airflow/example_dags/example_python_operator.py
[2026-03-23T01:11:59.621+0000] {processor.py:914} INFO - Processing file /home/ec2-user/environment/lab4_model_training/venv/lib64/python3.12/site-packages/airflow/example_dags/example_python_operator.py for tasks to queue
[2026-03-23T01:11:59.623+0000] {logging_mixin.py:190} INFO - [2026-03-23T01:11:59.623+0000] {dagbag.py:588} INFO - Filling up the DagBag from /home/ec2-user/environment/lab4_model_training/venv/lib64/python3.12/site-packages/airflow/example_dags/example_python_operator.py
[2026-03-23T01:11:59.629+0000] {logging_mixin.py:190} INFO - [2026-03-23T01:11:59.629+0000] {example_python_operator.py:93} WARNING - The virtalenv_python example task requires virtualenv, please install it.
[2026-03-23T01:11:59.632+0000] {processor.py:925} INFO - DAG(s) 'example_python_operator' retrieved from /home/ec2-user/environment/lab4_model_training/venv/lib64/python3.12/site-packages/airflow/example_dags/example_python_operator.py
[2026-03-23T01:11:59.648+0000] {logging_mixin.py:190} INFO - [2026-03-23T01:11:59.648+0000] {dag.py:3239} INFO - Sync 1 DAGs
[2026-03-23T01:11:59.660+0000] {logging_mixin.py:190} INFO - [2026-03-23T01:11:59.659+0000] {dag.py:4180} INFO - Setting next_dagrun for example_python_operator to None, run_after=None
[2026-03-23T01:11:59.681+0000] {processor.py:208} INFO - Processing /home/ec2-user/environment/lab4_model_training/venv/lib64/python3.12/site-packages/airflow/example_dags/example_python_operator.py took 0.067 seconds
[2026-03-23T01:13:03.753+0000] {processor.py:186} INFO - Started process (PID=7864) to work on /home/ec2-user/environment/lab4_model_training/venv/lib64/python3.12/site-packages/airflow/example_dags/example_python_operator.py
[2026-03-23T01:13:03.754+0000] {processor.py:914} INFO - Processing file /home/ec2-user/environment/lab4_model_training/venv/lib64/python3.12/site-packages/airflow/example_dags/example_python_operator.py for tasks to queue
[2026-03-23T01:13:03.756+0000] {logging_mixin.py:190} INFO - [2026-03-23T01:13:03.755+0000] {dagbag.py:588} INFO - Filling up the DagBag from /home/ec2-user/environment/lab4_model_training/venv/lib64/python3.12/site-packages/airflow/example_dags/example_python_operator.py
[2026-03-23T01:13:03.762+0000] {logging_mixin.py:190} INFO - [2026-03-23T01:13:03.762+0000] {example_python_operator.py:93} WARNING - The virtalenv_python example task requires virtualenv, please install it.
[2026-03-23T01:13:03.764+0000] {processor.py:925} INFO - DAG(s) 'example_python_operator' retrieved from /home/ec2-user/environment/lab4_model_training/venv/lib64/python3.12/site-packages/airflow/example_dags/example_python_operator.py
[2026-03-23T01:13:03.780+0000] {logging_mixin.py:190} INFO - [2026-03-23T01:13:03.780+0000] {dag.py:3239} INFO - Sync 1 DAGs
[2026-03-23T01:13:03.792+0000] {logging_mixin.py:190} INFO - [2026-03-23T01:13:03.791+0000] {dag.py:4180} INFO - Setting next_dagrun for example_python_operator to None, run_after=None
[2026-03-23T01:13:03.813+0000] {processor.py:208} INFO - Processing /home/ec2-user/environment/lab4_model_training/venv/lib64/python3.12/site-packages/airflow/example_dags/example_python_operator.py took 0.065 seconds
[2026-03-23T01:14:06.980+0000] {processor.py:186} INFO - Started process (PID=8018) to work on /home/ec2-user/environment/lab4_model_training/venv/lib64/python3.12/site-packages/airflow/example_dags/example_python_operator.py
[2026-03-23T01:14:06.981+0000] {processor.py:914} INFO - Processing file /home/ec2-user/environment/lab4_model_training/venv/lib64/python3.12/site-packages/airflow/example_dags/example_python_operator.py for tasks to queue
[2026-03-23T01:14:06.983+0000] {logging_mixin.py:190} INFO - [2026-03-23T01:14:06.982+0000] {dagbag.py:588} INFO - Filling up the DagBag from /home/ec2-user/environment/lab4_model_training/venv/lib64/python3.12/site-packages/airflow/example_dags/example_python_operator.py
[2026-03-23T01:14:06.989+0000] {logging_mixin.py:190} INFO - [2026-03-23T01:14:06.989+0000] {example_python_operator.py:93} WARNING - The virtalenv_python example task requires virtualenv, please install it.
[2026-03-23T01:14:06.991+0000] {processor.py:925} INFO - DAG(s) 'example_python_operator' retrieved from /home/ec2-user/environment/lab4_model_training/venv/lib64/python3.12/site-packages/airflow/example_dags/example_python_operator.py
[2026-03-23T01:14:07.007+0000] {logging_mixin.py:190} INFO - [2026-03-23T01:14:07.007+0000] {dag.py:3239} INFO - Sync 1 DAGs
[2026-03-23T01:14:07.019+0000] {logging_mixin.py:190} INFO - [2026-03-23T01:14:07.019+0000] {dag.py:4180} INFO - Setting next_dagrun for example_python_operator to None, run_after=None
[2026-03-23T01:14:07.040+0000] {processor.py:208} INFO - Processing /home/ec2-user/environment/lab4_model_training/venv/lib64/python3.12/site-packages/airflow/example_dags/example_python_operator.py took 0.065 seconds
[2026-03-23T01:15:16.793+0000] {processor.py:186} INFO - Started process (PID=8133) to work on /home/ec2-user/environment/lab4_model_training/venv/lib64/python3.12/site-packages/airflow/example_dags/example_python_operator.py
[2026-03-23T01:15:16.795+0000] {processor.py:914} INFO - Processing file /home/ec2-user/environment/lab4_model_training/venv/lib64/python3.12/site-packages/airflow/example_dags/example_python_operator.py for tasks to queue
[2026-03-23T01:15:16.796+0000] {logging_mixin.py:190} INFO - [2026-03-23T01:15:16.796+0000] {dagbag.py:588} INFO - Filling up the DagBag from /home/ec2-user/environment/lab4_model_training/venv/lib64/python3.12/site-packages/airflow/example_dags/example_python_operator.py
[2026-03-23T01:15:16.803+0000] {logging_mixin.py:190} INFO - [2026-03-23T01:15:16.802+0000] {example_python_operator.py:93} WARNING - The virtalenv_python example task requires virtualenv, please install it.
[2026-03-23T01:15:16.805+0000] {processor.py:925} INFO - DAG(s) 'example_python_operator' retrieved from /home/ec2-user/environment/lab4_model_training/venv/lib64/python3.12/site-packages/airflow/example_dags/example_python_operator.py
[2026-03-23T01:15:16.821+0000] {logging_mixin.py:190} INFO - [2026-03-23T01:15:16.821+0000] {dag.py:3239} INFO - Sync 1 DAGs
[2026-03-23T01:15:16.833+0000] {logging_mixin.py:190} INFO - [2026-03-23T01:15:16.833+0000] {dag.py:4180} INFO - Setting next_dagrun for example_python_operator to None, run_after=None
[2026-03-23T01:15:16.853+0000] {processor.py:208} INFO - Processing /home/ec2-user/environment/lab4_model_training/venv/lib64/python3.12/site-packages/airflow/example_dags/example_python_operator.py took 0.065 seconds
[2026-03-23T01:16:23.665+0000] {processor.py:186} INFO - Started process (PID=8294) to work on /home/ec2-user/environment/lab4_model_training/venv/lib64/python3.12/site-packages/airflow/example_dags/example_python_operator.py
[2026-03-23T01:16:23.666+0000] {processor.py:914} INFO - Processing file /home/ec2-user/environment/lab4_model_training/venv/lib64/python3.12/site-packages/airflow/example_dags/example_python_operator.py for tasks to queue
[2026-03-23T01:16:23.668+0000] {logging_mixin.py:190} INFO - [2026-03-23T01:16:23.668+0000] {dagbag.py:588} INFO - Filling up the DagBag from /home/ec2-user/environment/lab4_model_training/venv/lib64/python3.12/site-packages/airflow/example_dags/example_python_operator.py
[2026-03-23T01:16:23.674+0000] {logging_mixin.py:190} INFO - [2026-03-23T01:16:23.674+0000] {example_python_operator.py:93} WARNING - The virtalenv_python example task requires virtualenv, please install it.
[2026-03-23T01:16:23.677+0000] {processor.py:925} INFO - DAG(s) 'example_python_operator' retrieved from /home/ec2-user/environment/lab4_model_training/venv/lib64/python3.12/site-packages/airflow/example_dags/example_python_operator.py
[2026-03-23T01:16:23.693+0000] {logging_mixin.py:190} INFO - [2026-03-23T01:16:23.693+0000] {dag.py:3239} INFO - Sync 1 DAGs
[2026-03-23T01:16:23.705+0000] {logging_mixin.py:190} INFO - [2026-03-23T01:16:23.704+0000] {dag.py:4180} INFO - Setting next_dagrun for example_python_operator to None, run_after=None
[2026-03-23T01:16:23.726+0000] {processor.py:208} INFO - Processing /home/ec2-user/environment/lab4_model_training/venv/lib64/python3.12/site-packages/airflow/example_dags/example_python_operator.py took 0.067 seconds
[2026-03-23T01:17:28.176+0000] {processor.py:186} INFO - Started process (PID=8404) to work on /home/ec2-user/environment/lab4_model_training/venv/lib64/python3.12/site-packages/airflow/example_dags/example_python_operator.py
[2026-03-23T01:17:28.177+0000] {processor.py:914} INFO - Processing file /home/ec2-user/environment/lab4_model_training/venv/lib64/python3.12/site-packages/airflow/example_dags/example_python_operator.py for tasks to queue
[2026-03-23T01:17:28.178+0000] {logging_mixin.py:190} INFO - [2026-03-23T01:17:28.178+0000] {dagbag.py:588} INFO - Filling up the DagBag from /home/ec2-user/environment/lab4_model_training/venv/lib64/python3.12/site-packages/airflow/example_dags/example_python_operator.py
[2026-03-23T01:17:28.185+0000] {logging_mixin.py:190} INFO - [2026-03-23T01:17:28.185+0000] {example_python_operator.py:93} WARNING - The virtalenv_python example task requires virtualenv, please install it.
[2026-03-23T01:17:28.187+0000] {processor.py:925} INFO - DAG(s) 'example_python_operator' retrieved from /home/ec2-user/environment/lab4_model_training/venv/lib64/python3.12/site-packages/airflow/example_dags/example_python_operator.py
[2026-03-23T01:17:28.203+0000] {logging_mixin.py:190} INFO - [2026-03-23T01:17:28.203+0000] {dag.py:3239} INFO - Sync 1 DAGs
[2026-03-23T01:17:28.215+0000] {logging_mixin.py:190} INFO - [2026-03-23T01:17:28.214+0000] {dag.py:4180} INFO - Setting next_dagrun for example_python_operator to None, run_after=None
[2026-03-23T01:17:28.236+0000] {processor.py:208} INFO - Processing /home/ec2-user/environment/lab4_model_training/venv/lib64/python3.12/site-packages/airflow/example_dags/example_python_operator.py took 0.066 seconds
[2026-03-23T01:18:32.026+0000] {processor.py:186} INFO - Started process (PID=8584) to work on /home/ec2-user/environment/lab4_model_training/venv/lib64/python3.12/site-packages/airflow/example_dags/example_python_operator.py
[2026-03-23T01:18:32.027+0000] {processor.py:914} INFO - Processing file /home/ec2-user/environment/lab4_model_training/venv/lib64/python3.12/site-packages/airflow/example_dags/example_python_operator.py for tasks to queue
[2026-03-23T01:18:32.029+0000] {logging_mixin.py:190} INFO - [2026-03-23T01:18:32.029+0000] {dagbag.py:588} INFO - Filling up the DagBag from /home/ec2-user/environment/lab4_model_training/venv/lib64/python3.12/site-packages/airflow/example_dags/example_python_operator.py
[2026-03-23T01:18:32.036+0000] {logging_mixin.py:190} INFO - [2026-03-23T01:18:32.035+0000] {example_python_operator.py:93} WARNING - The virtalenv_python example task requires virtualenv, please install it.
[2026-03-23T01:18:32.038+0000] {processor.py:925} INFO - DAG(s) 'example_python_operator' retrieved from /home/ec2-user/environment/lab4_model_training/venv/lib64/python3.12/site-packages/airflow/example_dags/example_python_operator.py
[2026-03-23T01:18:32.054+0000] {logging_mixin.py:190} INFO - [2026-03-23T01:18:32.054+0000] {dag.py:3239} INFO - Sync 1 DAGs
[2026-03-23T01:18:32.066+0000] {logging_mixin.py:190} INFO - [2026-03-23T01:18:32.066+0000] {dag.py:4180} INFO - Setting next_dagrun for example_python_operator to None, run_after=None
[2026-03-23T01:18:32.088+0000] {processor.py:208} INFO - Processing /home/ec2-user/environment/lab4_model_training/venv/lib64/python3.12/site-packages/airflow/example_dags/example_python_operator.py took 0.067 seconds
[2026-03-23T01:19:32.067+0000] {processor.py:186} INFO - Started process (PID=8688) to work on /home/ec2-user/environment/lab4_model_training/venv/lib64/python3.12/site-packages/airflow/example_dags/example_python_operator.py
[2026-03-23T01:19:32.069+0000] {processor.py:914} INFO - Processing file /home/ec2-user/environment/lab4_model_training/venv/lib64/python3.12/site-packages/airflow/example_dags/example_python_operator.py for tasks to queue
[2026-03-23T01:19:32.071+0000] {logging_mixin.py:190} INFO - [2026-03-23T01:19:32.070+0000] {dagbag.py:588} INFO - Filling up the DagBag from /home/ec2-user/environment/lab4_model_training/venv/lib64/python3.12/site-packages/airflow/example_dags/example_python_operator.py
[2026-03-23T01:19:32.077+0000] {logging_mixin.py:190} INFO - [2026-03-23T01:19:32.077+0000] {example_python_operator.py:93} WARNING - The virtalenv_python example task requires virtualenv, please install it.
[2026-03-23T01:19:32.079+0000] {processor.py:925} INFO - DAG(s) 'example_python_operator' retrieved from /home/ec2-user/environment/lab4_model_training/venv/lib64/python3.12/site-packages/airflow/example_dags/example_python_operator.py
[2026-03-23T01:19:32.095+0000] {logging_mixin.py:190} INFO - [2026-03-23T01:19:32.095+0000] {dag.py:3239} INFO - Sync 1 DAGs
[2026-03-23T01:19:32.107+0000] {logging_mixin.py:190} INFO - [2026-03-23T01:19:32.107+0000] {dag.py:4180} INFO - Setting next_dagrun for example_python_operator to None, run_after=None
[2026-03-23T01:19:32.129+0000] {processor.py:208} INFO - Processing /home/ec2-user/environment/lab4_model_training/venv/lib64/python3.12/site-packages/airflow/example_dags/example_python_operator.py took 0.066 seconds
[2026-03-23T01:20:37.282+0000] {processor.py:186} INFO - Started process (PID=8844) to work on /home/ec2-user/environment/lab4_model_training/venv/lib64/python3.12/site-packages/airflow/example_dags/example_python_operator.py
[2026-03-23T01:20:37.284+0000] {processor.py:914} INFO - Processing file /home/ec2-user/environment/lab4_model_training/venv/lib64/python3.12/site-packages/airflow/example_dags/example_python_operator.py for tasks to queue
[2026-03-23T01:20:37.286+0000] {logging_mixin.py:190} INFO - [2026-03-23T01:20:37.285+0000] {dagbag.py:588} INFO - Filling up the DagBag from /home/ec2-user/environment/lab4_model_training/venv/lib64/python3.12/site-packages/airflow/example_dags/example_python_operator.py
[2026-03-23T01:20:37.292+0000] {logging_mixin.py:190} INFO - [2026-03-23T01:20:37.292+0000] {example_python_operator.py:93} WARNING - The virtalenv_python example task requires virtualenv, please install it.
[2026-03-23T01:20:37.294+0000] {processor.py:925} INFO - DAG(s) 'example_python_operator' retrieved from /home/ec2-user/environment/lab4_model_training/venv/lib64/python3.12/site-packages/airflow/example_dags/example_python_operator.py
[2026-03-23T01:20:37.310+0000] {logging_mixin.py:190} INFO - [2026-03-23T01:20:37.310+0000] {dag.py:3239} INFO - Sync 1 DAGs
[2026-03-23T01:20:37.321+0000] {logging_mixin.py:190} INFO - [2026-03-23T01:20:37.321+0000] {dag.py:4180} INFO - Setting next_dagrun for example_python_operator to None, run_after=None
[2026-03-23T01:20:37.343+0000] {processor.py:208} INFO - Processing /home/ec2-user/environment/lab4_model_training/venv/lib64/python3.12/site-packages/airflow/example_dags/example_python_operator.py took 0.066 seconds
[2026-03-23T01:21:43.432+0000] {processor.py:186} INFO - Started process (PID=8972) to work on /home/ec2-user/environment/lab4_model_training/venv/lib64/python3.12/site-packages/airflow/example_dags/example_python_operator.py
[2026-03-23T01:21:43.433+0000] {processor.py:914} INFO - Processing file /home/ec2-user/environment/lab4_model_training/venv/lib64/python3.12/site-packages/airflow/example_dags/example_python_operator.py for tasks to queue
[2026-03-23T01:21:43.435+0000] {logging_mixin.py:190} INFO - [2026-03-23T01:21:43.434+0000] {dagbag.py:588} INFO - Filling up the DagBag from /home/ec2-user/environment/lab4_model_training/venv/lib64/python3.12/site-packages/airflow/example_dags/example_python_operator.py
[2026-03-23T01:21:43.441+0000] {logging_mixin.py:190} INFO - [2026-03-23T01:21:43.441+0000] {example_python_operator.py:93} WARNING - The virtalenv_python example task requires virtualenv, please install it.
[2026-03-23T01:21:43.443+0000] {processor.py:925} INFO - DAG(s) 'example_python_operator' retrieved from /home/ec2-user/environment/lab4_model_training/venv/lib64/python3.12/site-packages/airflow/example_dags/example_python_operator.py
[2026-03-23T01:21:43.459+0000] {logging_mixin.py:190} INFO - [2026-03-23T01:21:43.459+0000] {dag.py:3239} INFO - Sync 1 DAGs
[2026-03-23T01:21:43.470+0000] {logging_mixin.py:190} INFO - [2026-03-23T01:21:43.470+0000] {dag.py:4180} INFO - Setting next_dagrun for example_python_operator to None, run_after=None
[2026-03-23T01:21:43.489+0000] {processor.py:208} INFO - Processing /home/ec2-user/environment/lab4_model_training/venv/lib64/python3.12/site-packages/airflow/example_dags/example_python_operator.py took 0.062 seconds
[2026-03-23T01:22:55.291+0000] {processor.py:186} INFO - Started process (PID=9149) to work on /home/ec2-user/environment/lab4_model_training/venv/lib64/python3.12/site-packages/airflow/example_dags/example_python_operator.py
[2026-03-23T01:22:55.292+0000] {processor.py:914} INFO - Processing file /home/ec2-user/environment/lab4_model_training/venv/lib64/python3.12/site-packages/airflow/example_dags/example_python_operator.py for tasks to queue
[2026-03-23T01:22:55.294+0000] {logging_mixin.py:190} INFO - [2026-03-23T01:22:55.294+0000] {dagbag.py:588} INFO - Filling up the DagBag from /home/ec2-user/environment/lab4_model_training/venv/lib64/python3.12/site-packages/airflow/example_dags/example_python_operator.py
[2026-03-23T01:22:55.301+0000] {logging_mixin.py:190} INFO - [2026-03-23T01:22:55.300+0000] {example_python_operator.py:93} WARNING - The virtalenv_python example task requires virtualenv, please install it.
[2026-03-23T01:22:55.303+0000] {processor.py:925} INFO - DAG(s) 'example_python_operator' retrieved from /home/ec2-user/environment/lab4_model_training/venv/lib64/python3.12/site-packages/airflow/example_dags/example_python_operator.py
[2026-03-23T01:22:55.319+0000] {logging_mixin.py:190} INFO - [2026-03-23T01:22:55.319+0000] {dag.py:3239} INFO - Sync 1 DAGs
[2026-03-23T01:22:55.331+0000] {logging_mixin.py:190} INFO - [2026-03-23T01:22:55.331+0000] {dag.py:4180} INFO - Setting next_dagrun for example_python_operator to None, run_after=None
[2026-03-23T01:22:55.353+0000] {processor.py:208} INFO - Processing /home/ec2-user/environment/lab4_model_training/venv/lib64/python3.12/site-packages/airflow/example_dags/example_python_operator.py took 0.067 seconds
[2026-03-23T01:24:02.127+0000] {processor.py:186} INFO - Started process (PID=9335) to work on /home/ec2-user/environment/lab4_model_training/venv/lib64/python3.12/site-packages/airflow/example_dags/example_python_operator.py
[2026-03-23T01:24:02.128+0000] {processor.py:914} INFO - Processing file /home/ec2-user/environment/lab4_model_training/venv/lib64/python3.12/site-packages/airflow/example_dags/example_python_operator.py for tasks to queue
[2026-03-23T01:24:02.130+0000] {logging_mixin.py:190} INFO - [2026-03-23T01:24:02.130+0000] {dagbag.py:588} INFO - Filling up the DagBag from /home/ec2-user/environment/lab4_model_training/venv/lib64/python3.12/site-packages/airflow/example_dags/example_python_operator.py
[2026-03-23T01:24:02.137+0000] {logging_mixin.py:190} INFO - [2026-03-23T01:24:02.136+0000] {example_python_operator.py:93} WARNING - The virtalenv_python example task requires virtualenv, please install it.
[2026-03-23T01:24:02.139+0000] {processor.py:925} INFO - DAG(s) 'example_python_operator' retrieved from /home/ec2-user/environment/lab4_model_training/venv/lib64/python3.12/site-packages/airflow/example_dags/example_python_operator.py
[2026-03-23T01:24:02.156+0000] {logging_mixin.py:190} INFO - [2026-03-23T01:24:02.155+0000] {dag.py:3239} INFO - Sync 1 DAGs
[2026-03-23T01:24:02.167+0000] {logging_mixin.py:190} INFO - [2026-03-23T01:24:02.167+0000] {dag.py:4180} INFO - Setting next_dagrun for example_python_operator to None, run_after=None
[2026-03-23T01:24:02.189+0000] {processor.py:208} INFO - Processing /home/ec2-user/environment/lab4_model_training/venv/lib64/python3.12/site-packages/airflow/example_dags/example_python_operator.py took 0.067 seconds
[2026-03-23T01:25:11.800+0000] {processor.py:186} INFO - Started process (PID=9509) to work on /home/ec2-user/environment/lab4_model_training/venv/lib64/python3.12/site-packages/airflow/example_dags/example_python_operator.py
[2026-03-23T01:25:11.801+0000] {processor.py:914} INFO - Processing file /home/ec2-user/environment/lab4_model_training/venv/lib64/python3.12/site-packages/airflow/example_dags/example_python_operator.py for tasks to queue
[2026-03-23T01:25:11.803+0000] {logging_mixin.py:190} INFO - [2026-03-23T01:25:11.802+0000] {dagbag.py:588} INFO - Filling up the DagBag from /home/ec2-user/environment/lab4_model_training/venv/lib64/python3.12/site-packages/airflow/example_dags/example_python_operator.py
[2026-03-23T01:25:11.809+0000] {logging_mixin.py:190} INFO - [2026-03-23T01:25:11.809+0000] {example_python_operator.py:93} WARNING - The virtalenv_python example task requires virtualenv, please install it.
[2026-03-23T01:25:11.811+0000] {processor.py:925} INFO - DAG(s) 'example_python_operator' retrieved from /home/ec2-user/environment/lab4_model_training/venv/lib64/python3.12/site-packages/airflow/example_dags/example_python_operator.py
[2026-03-23T01:25:11.827+0000] {logging_mixin.py:190} INFO - [2026-03-23T01:25:11.827+0000] {dag.py:3239} INFO - Sync 1 DAGs
[2026-03-23T01:25:11.839+0000] {logging_mixin.py:190} INFO - [2026-03-23T01:25:11.839+0000] {dag.py:4180} INFO - Setting next_dagrun for example_python_operator to None, run_after=None
[2026-03-23T01:25:11.867+0000] {processor.py:208} INFO - Processing /home/ec2-user/environment/lab4_model_training/venv/lib64/python3.12/site-packages/airflow/example_dags/example_python_operator.py took 0.073 seconds
[2026-03-23T01:26:40.272+0000] {processor.py:186} INFO - Started process (PID=9808) to work on /home/ec2-user/environment/lab4_model_training/venv/lib64/python3.12/site-packages/airflow/example_dags/example_python_operator.py
[2026-03-23T01:26:40.273+0000] {processor.py:914} INFO - Processing file /home/ec2-user/environment/lab4_model_training/venv/lib64/python3.12/site-packages/airflow/example_dags/example_python_operator.py for tasks to queue
[2026-03-23T01:26:40.276+0000] {logging_mixin.py:190} INFO - [2026-03-23T01:26:40.275+0000] {dagbag.py:588} INFO - Filling up the DagBag from /home/ec2-user/environment/lab4_model_training/venv/lib64/python3.12/site-packages/airflow/example_dags/example_python_operator.py
[2026-03-23T01:26:40.296+0000] {logging_mixin.py:190} INFO - [2026-03-23T01:26:40.295+0000] {example_python_operator.py:93} WARNING - The virtalenv_python example task requires virtualenv, please install it.
[2026-03-23T01:26:40.299+0000] {processor.py:925} INFO - DAG(s) 'example_python_operator' retrieved from /home/ec2-user/environment/lab4_model_training/venv/lib64/python3.12/site-packages/airflow/example_dags/example_python_operator.py
[2026-03-23T01:26:40.322+0000] {logging_mixin.py:190} INFO - [2026-03-23T01:26:40.322+0000] {dag.py:3239} INFO - Sync 1 DAGs
[2026-03-23T01:26:40.340+0000] {logging_mixin.py:190} INFO - [2026-03-23T01:26:40.340+0000] {dag.py:4180} INFO - Setting next_dagrun for example_python_operator to None, run_after=None
[2026-03-23T01:26:40.372+0000] {processor.py:208} INFO - Processing /home/ec2-user/environment/lab4_model_training/venv/lib64/python3.12/site-packages/airflow/example_dags/example_python_operator.py took 0.107 seconds
[2026-03-23T01:27:45.290+0000] {processor.py:186} INFO - Started process (PID=9976) to work on /home/ec2-user/environment/lab4_model_training/venv/lib64/python3.12/site-packages/airflow/example_dags/example_python_operator.py
[2026-03-23T01:27:45.291+0000] {processor.py:914} INFO - Processing file /home/ec2-user/environment/lab4_model_training/venv/lib64/python3.12/site-packages/airflow/example_dags/example_python_operator.py for tasks to queue
[2026-03-23T01:27:45.293+0000] {logging_mixin.py:190} INFO - [2026-03-23T01:27:45.293+0000] {dagbag.py:588} INFO - Filling up the DagBag from /home/ec2-user/environment/lab4_model_training/venv/lib64/python3.12/site-packages/airflow/example_dags/example_python_operator.py
[2026-03-23T01:27:45.299+0000] {logging_mixin.py:190} INFO - [2026-03-23T01:27:45.299+0000] {example_python_operator.py:93} WARNING - The virtalenv_python example task requires virtualenv, please install it.
[2026-03-23T01:27:45.301+0000] {processor.py:925} INFO - DAG(s) 'example_python_operator' retrieved from /home/ec2-user/environment/lab4_model_training/venv/lib64/python3.12/site-packages/airflow/example_dags/example_python_operator.py
[2026-03-23T01:27:45.317+0000] {logging_mixin.py:190} INFO - [2026-03-23T01:27:45.317+0000] {dag.py:3239} INFO - Sync 1 DAGs
[2026-03-23T01:27:45.329+0000] {logging_mixin.py:190} INFO - [2026-03-23T01:27:45.329+0000] {dag.py:4180} INFO - Setting next_dagrun for example_python_operator to None, run_after=None
[2026-03-23T01:27:45.351+0000] {processor.py:208} INFO - Processing /home/ec2-user/environment/lab4_model_training/venv/lib64/python3.12/site-packages/airflow/example_dags/example_python_operator.py took 0.066 seconds
[2026-03-23T01:28:46.130+0000] {processor.py:186} INFO - Started process (PID=10120) to work on /home/ec2-user/environment/lab4_model_training/venv/lib64/python3.12/site-packages/airflow/example_dags/example_python_operator.py
[2026-03-23T01:28:46.131+0000] {processor.py:914} INFO - Processing file /home/ec2-user/environment/lab4_model_training/venv/lib64/python3.12/site-packages/airflow/example_dags/example_python_operator.py for tasks to queue
[2026-03-23T01:28:46.133+0000] {logging_mixin.py:190} INFO - [2026-03-23T01:28:46.133+0000] {dagbag.py:588} INFO - Filling up the DagBag from /home/ec2-user/environment/lab4_model_training/venv/lib64/python3.12/site-packages/airflow/example_dags/example_python_operator.py
[2026-03-23T01:28:46.139+0000] {logging_mixin.py:190} INFO - [2026-03-23T01:28:46.139+0000] {example_python_operator.py:93} WARNING - The virtalenv_python example task requires virtualenv, please install it.
[2026-03-23T01:28:46.142+0000] {processor.py:925} INFO - DAG(s) 'example_python_operator' retrieved from /home/ec2-user/environment/lab4_model_training/venv/lib64/python3.12/site-packages/airflow/example_dags/example_python_operator.py
[2026-03-23T01:28:46.158+0000] {logging_mixin.py:190} INFO - [2026-03-23T01:28:46.158+0000] {dag.py:3239} INFO - Sync 1 DAGs
[2026-03-23T01:28:46.174+0000] {logging_mixin.py:190} INFO - [2026-03-23T01:28:46.174+0000] {dag.py:4180} INFO - Setting next_dagrun for example_python_operator to None, run_after=None
[2026-03-23T01:28:46.196+0000] {processor.py:208} INFO - Processing /home/ec2-user/environment/lab4_model_training/venv/lib64/python3.12/site-packages/airflow/example_dags/example_python_operator.py took 0.072 seconds
[2026-03-23T01:29:54.027+0000] {processor.py:186} INFO - Started process (PID=10434) to work on /home/ec2-user/environment/lab4_model_training/venv/lib64/python3.12/site-packages/airflow/example_dags/example_python_operator.py
[2026-03-23T01:29:54.028+0000] {processor.py:914} INFO - Processing file /home/ec2-user/environment/lab4_model_training/venv/lib64/python3.12/site-packages/airflow/example_dags/example_python_operator.py for tasks to queue
[2026-03-23T01:29:54.030+0000] {logging_mixin.py:190} INFO - [2026-03-23T01:29:54.029+0000] {dagbag.py:588} INFO - Filling up the DagBag from /home/ec2-user/environment/lab4_model_training/venv/lib64/python3.12/site-packages/airflow/example_dags/example_python_operator.py
[2026-03-23T01:29:54.036+0000] {logging_mixin.py:190} INFO - [2026-03-23T01:29:54.035+0000] {example_python_operator.py:93} WARNING - The virtalenv_python example task requires virtualenv, please install it.
[2026-03-23T01:29:54.038+0000] {processor.py:925} INFO - DAG(s) 'example_python_operator' retrieved from /home/ec2-user/environment/lab4_model_training/venv/lib64/python3.12/site-packages/airflow/example_dags/example_python_operator.py
[2026-03-23T01:29:54.053+0000] {logging_mixin.py:190} INFO - [2026-03-23T01:29:54.053+0000] {dag.py:3239} INFO - Sync 1 DAGs
[2026-03-23T01:29:54.064+0000] {logging_mixin.py:190} INFO - [2026-03-23T01:29:54.064+0000] {dag.py:4180} INFO - Setting next_dagrun for example_python_operator to None, run_after=None
[2026-03-23T01:29:54.084+0000] {processor.py:208} INFO - Processing /home/ec2-user/environment/lab4_model_training/venv/lib64/python3.12/site-packages/airflow/example_dags/example_python_operator.py took 0.062 seconds
[2026-03-23T01:31:00.222+0000] {processor.py:186} INFO - Started process (PID=10598) to work on /home/ec2-user/environment/lab4_model_training/venv/lib64/python3.12/site-packages/airflow/example_dags/example_python_operator.py
[2026-03-23T01:31:00.223+0000] {processor.py:914} INFO - Processing file /home/ec2-user/environment/lab4_model_training/venv/lib64/python3.12/site-packages/airflow/example_dags/example_python_operator.py for tasks to queue
[2026-03-23T01:31:00.226+0000] {logging_mixin.py:190} INFO - [2026-03-23T01:31:00.225+0000] {dagbag.py:588} INFO - Filling up the DagBag from /home/ec2-user/environment/lab4_model_training/venv/lib64/python3.12/site-packages/airflow/example_dags/example_python_operator.py
[2026-03-23T01:31:00.234+0000] {logging_mixin.py:190} INFO - [2026-03-23T01:31:00.234+0000] {example_python_operator.py:93} WARNING - The virtalenv_python example task requires virtualenv, please install it.
[2026-03-23T01:31:00.237+0000] {processor.py:925} INFO - DAG(s) 'example_python_operator' retrieved from /home/ec2-user/environment/lab4_model_training/venv/lib64/python3.12/site-packages/airflow/example_dags/example_python_operator.py
[2026-03-23T01:31:00.260+0000] {logging_mixin.py:190} INFO - [2026-03-23T01:31:00.260+0000] {dag.py:3239} INFO - Sync 1 DAGs
[2026-03-23T01:31:00.278+0000] {logging_mixin.py:190} INFO - [2026-03-23T01:31:00.277+0000] {dag.py:4180} INFO - Setting next_dagrun for example_python_operator to None, run_after=None
[2026-03-23T01:31:00.308+0000] {processor.py:208} INFO - Processing /home/ec2-user/environment/lab4_model_training/venv/lib64/python3.12/site-packages/airflow/example_dags/example_python_operator.py took 0.093 seconds
[2026-03-23T01:32:06.042+0000] {processor.py:186} INFO - Started process (PID=10831) to work on /home/ec2-user/environment/lab4_model_training/venv/lib64/python3.12/site-packages/airflow/example_dags/example_python_operator.py
[2026-03-23T01:32:06.043+0000] {processor.py:914} INFO - Processing file /home/ec2-user/environment/lab4_model_training/venv/lib64/python3.12/site-packages/airflow/example_dags/example_python_operator.py for tasks to queue
[2026-03-23T01:32:06.045+0000] {logging_mixin.py:190} INFO - [2026-03-23T01:32:06.045+0000] {dagbag.py:588} INFO - Filling up the DagBag from /home/ec2-user/environment/lab4_model_training/venv/lib64/python3.12/site-packages/airflow/example_dags/example_python_operator.py
[2026-03-23T01:32:06.052+0000] {logging_mixin.py:190} INFO - [2026-03-23T01:32:06.052+0000] {example_python_operator.py:93} WARNING - The virtalenv_python example task requires virtualenv, please install it.
[2026-03-23T01:32:06.054+0000] {processor.py:925} INFO - DAG(s) 'example_python_operator' retrieved from /home/ec2-user/environment/lab4_model_training/venv/lib64/python3.12/site-packages/airflow/example_dags/example_python_operator.py
[2026-03-23T01:32:06.070+0000] {logging_mixin.py:190} INFO - [2026-03-23T01:32:06.070+0000] {dag.py:3239} INFO - Sync 1 DAGs
[2026-03-23T01:32:06.082+0000] {logging_mixin.py:190} INFO - [2026-03-23T01:32:06.082+0000] {dag.py:4180} INFO - Setting next_dagrun for example_python_operator to None, run_after=None
[2026-03-23T01:32:06.105+0000] {processor.py:208} INFO - Processing /home/ec2-user/environment/lab4_model_training/venv/lib64/python3.12/site-packages/airflow/example_dags/example_python_operator.py took 0.068 seconds
[2026-03-23T01:33:11.410+0000] {processor.py:186} INFO - Started process (PID=11010) to work on /home/ec2-user/environment/lab4_model_training/venv/lib64/python3.12/site-packages/airflow/example_dags/example_python_operator.py
[2026-03-23T01:33:11.411+0000] {processor.py:914} INFO - Processing file /home/ec2-user/environment/lab4_model_training/venv/lib64/python3.12/site-packages/airflow/example_dags/example_python_operator.py for tasks to queue
[2026-03-23T01:33:11.413+0000] {logging_mixin.py:190} INFO - [2026-03-23T01:33:11.413+0000] {dagbag.py:588} INFO - Filling up the DagBag from /home/ec2-user/environment/lab4_model_training/venv/lib64/python3.12/site-packages/airflow/example_dags/example_python_operator.py
[2026-03-23T01:33:11.419+0000] {logging_mixin.py:190} INFO - [2026-03-23T01:33:11.419+0000] {example_python_operator.py:93} WARNING - The virtalenv_python example task requires virtualenv, please install it.
[2026-03-23T01:33:11.422+0000] {processor.py:925} INFO - DAG(s) 'example_python_operator' retrieved from /home/ec2-user/environment/lab4_model_training/venv/lib64/python3.12/site-packages/airflow/example_dags/example_python_operator.py
[2026-03-23T01:33:11.438+0000] {logging_mixin.py:190} INFO - [2026-03-23T01:33:11.438+0000] {dag.py:3239} INFO - Sync 1 DAGs
[2026-03-23T01:33:11.450+0000] {logging_mixin.py:190} INFO - [2026-03-23T01:33:11.450+0000] {dag.py:4180} INFO - Setting next_dagrun for example_python_operator to None, run_after=None
[2026-03-23T01:33:11.472+0000] {processor.py:208} INFO - Processing /home/ec2-user/environment/lab4_model_training/venv/lib64/python3.12/site-packages/airflow/example_dags/example_python_operator.py took 0.067 seconds
[2026-03-23T01:34:15.541+0000] {processor.py:186} INFO - Started process (PID=11138) to work on /home/ec2-user/environment/lab4_model_training/venv/lib64/python3.12/site-packages/airflow/example_dags/example_python_operator.py
[2026-03-23T01:34:15.542+0000] {processor.py:914} INFO - Processing file /home/ec2-user/environment/lab4_model_training/venv/lib64/python3.12/site-packages/airflow/example_dags/example_python_operator.py for tasks to queue
[2026-03-23T01:34:15.544+0000] {logging_mixin.py:190} INFO - [2026-03-23T01:34:15.544+0000] {dagbag.py:588} INFO - Filling up the DagBag from /home/ec2-user/environment/lab4_model_training/venv/lib64/python3.12/site-packages/airflow/example_dags/example_python_operator.py
[2026-03-23T01:34:15.550+0000] {logging_mixin.py:190} INFO - [2026-03-23T01:34:15.550+0000] {example_python_operator.py:93} WARNING - The virtalenv_python example task requires virtualenv, please install it.
[2026-03-23T01:34:15.553+0000] {processor.py:925} INFO - DAG(s) 'example_python_operator' retrieved from /home/ec2-user/environment/lab4_model_training/venv/lib64/python3.12/site-packages/airflow/example_dags/example_python_operator.py
[2026-03-23T01:34:15.569+0000] {logging_mixin.py:190} INFO - [2026-03-23T01:34:15.569+0000] {dag.py:3239} INFO - Sync 1 DAGs
[2026-03-23T01:34:15.581+0000] {logging_mixin.py:190} INFO - [2026-03-23T01:34:15.581+0000] {dag.py:4180} INFO - Setting next_dagrun for example_python_operator to None, run_after=None
[2026-03-23T01:34:15.603+0000] {processor.py:208} INFO - Processing /home/ec2-user/environment/lab4_model_training/venv/lib64/python3.12/site-packages/airflow/example_dags/example_python_operator.py took 0.067 seconds
[2026-03-23T01:35:24.853+0000] {processor.py:186} INFO - Started process (PID=11321) to work on /home/ec2-user/environment/lab4_model_training/venv/lib64/python3.12/site-packages/airflow/example_dags/example_python_operator.py
[2026-03-23T01:35:24.854+0000] {processor.py:914} INFO - Processing file /home/ec2-user/environment/lab4_model_training/venv/lib64/python3.12/site-packages/airflow/example_dags/example_python_operator.py for tasks to queue
[2026-03-23T01:35:24.856+0000] {logging_mixin.py:190} INFO - [2026-03-23T01:35:24.856+0000] {dagbag.py:588} INFO - Filling up the DagBag from /home/ec2-user/environment/lab4_model_training/venv/lib64/python3.12/site-packages/airflow/example_dags/example_python_operator.py
[2026-03-23T01:35:24.862+0000] {logging_mixin.py:190} INFO - [2026-03-23T01:35:24.862+0000] {example_python_operator.py:93} WARNING - The virtalenv_python example task requires virtualenv, please install it.
[2026-03-23T01:35:24.865+0000] {processor.py:925} INFO - DAG(s) 'example_python_operator' retrieved from /home/ec2-user/environment/lab4_model_training/venv/lib64/python3.12/site-packages/airflow/example_dags/example_python_operator.py
[2026-03-23T01:35:24.881+0000] {logging_mixin.py:190} INFO - [2026-03-23T01:35:24.881+0000] {dag.py:3239} INFO - Sync 1 DAGs
[2026-03-23T01:35:24.893+0000] {logging_mixin.py:190} INFO - [2026-03-23T01:35:24.893+0000] {dag.py:4180} INFO - Setting next_dagrun for example_python_operator to None, run_after=None
[2026-03-23T01:35:24.915+0000] {processor.py:208} INFO - Processing /home/ec2-user/environment/lab4_model_training/venv/lib64/python3.12/site-packages/airflow/example_dags/example_python_operator.py took 0.068 seconds
