[2026-03-23T00:59:35.242+0000] {processor.py:186} INFO - Started process (PID=5851) to work on /home/ec2-user/environment/lab4_model_training/venv/lib64/python3.12/site-packages/airflow/example_dags/example_skip_dag.py
[2026-03-23T00:59:35.243+0000] {processor.py:914} INFO - Processing file /home/ec2-user/environment/lab4_model_training/venv/lib64/python3.12/site-packages/airflow/example_dags/example_skip_dag.py for tasks to queue
[2026-03-23T00:59:35.245+0000] {logging_mixin.py:190} INFO - [2026-03-23T00:59:35.245+0000] {dagbag.py:588} INFO - Filling up the DagBag from /home/ec2-user/environment/lab4_model_training/venv/lib64/python3.12/site-packages/airflow/example_dags/example_skip_dag.py
[2026-03-23T00:59:35.252+0000] {processor.py:925} INFO - DAG(s) 'example_skip_dag' retrieved from /home/ec2-user/environment/lab4_model_training/venv/lib64/python3.12/site-packages/airflow/example_dags/example_skip_dag.py
[2026-03-23T00:59:35.269+0000] {logging_mixin.py:190} INFO - [2026-03-23T00:59:35.269+0000] {dag.py:3239} INFO - Sync 1 DAGs
[2026-03-23T00:59:35.287+0000] {logging_mixin.py:190} INFO - [2026-03-23T00:59:35.287+0000] {dag.py:4180} INFO - Setting next_dagrun for example_skip_dag to 2026-03-22 00:00:00+00:00, run_after=2026-03-23 00:00:00+00:00
[2026-03-23T00:59:35.309+0000] {processor.py:208} INFO - Processing /home/ec2-user/environment/lab4_model_training/venv/lib64/python3.12/site-packages/airflow/example_dags/example_skip_dag.py took 0.071 seconds
[2026-03-23T01:00:41.191+0000] {processor.py:186} INFO - Started process (PID=6027) to work on /home/ec2-user/environment/lab4_model_training/venv/lib64/python3.12/site-packages/airflow/example_dags/example_skip_dag.py
[2026-03-23T01:00:41.193+0000] {processor.py:914} INFO - Processing file /home/ec2-user/environment/lab4_model_training/venv/lib64/python3.12/site-packages/airflow/example_dags/example_skip_dag.py for tasks to queue
[2026-03-23T01:00:41.195+0000] {logging_mixin.py:190} INFO - [2026-03-23T01:00:41.195+0000] {dagbag.py:588} INFO - Filling up the DagBag from /home/ec2-user/environment/lab4_model_training/venv/lib64/python3.12/site-packages/airflow/example_dags/example_skip_dag.py
[2026-03-23T01:00:41.203+0000] {processor.py:925} INFO - DAG(s) 'example_skip_dag' retrieved from /home/ec2-user/environment/lab4_model_training/venv/lib64/python3.12/site-packages/airflow/example_dags/example_skip_dag.py
[2026-03-23T01:00:41.219+0000] {logging_mixin.py:190} INFO - [2026-03-23T01:00:41.219+0000] {dag.py:3239} INFO - Sync 1 DAGs
[2026-03-23T01:00:41.239+0000] {logging_mixin.py:190} INFO - [2026-03-23T01:00:41.238+0000] {dag.py:4180} INFO - Setting next_dagrun for example_skip_dag to 2026-03-22 00:00:00+00:00, run_after=2026-03-23 00:00:00+00:00
[2026-03-23T01:00:41.261+0000] {processor.py:208} INFO - Processing /home/ec2-user/environment/lab4_model_training/venv/lib64/python3.12/site-packages/airflow/example_dags/example_skip_dag.py took 0.075 seconds
[2026-03-23T01:01:45.063+0000] {processor.py:186} INFO - Started process (PID=6247) to work on /home/ec2-user/environment/lab4_model_training/venv/lib64/python3.12/site-packages/airflow/example_dags/example_skip_dag.py
[2026-03-23T01:01:45.064+0000] {processor.py:914} INFO - Processing file /home/ec2-user/environment/lab4_model_training/venv/lib64/python3.12/site-packages/airflow/example_dags/example_skip_dag.py for tasks to queue
[2026-03-23T01:01:45.067+0000] {logging_mixin.py:190} INFO - [2026-03-23T01:01:45.066+0000] {dagbag.py:588} INFO - Filling up the DagBag from /home/ec2-user/environment/lab4_model_training/venv/lib64/python3.12/site-packages/airflow/example_dags/example_skip_dag.py
[2026-03-23T01:01:45.074+0000] {processor.py:925} INFO - DAG(s) 'example_skip_dag' retrieved from /home/ec2-user/environment/lab4_model_training/venv/lib64/python3.12/site-packages/airflow/example_dags/example_skip_dag.py
[2026-03-23T01:01:45.091+0000] {logging_mixin.py:190} INFO - [2026-03-23T01:01:45.091+0000] {dag.py:3239} INFO - Sync 1 DAGs
[2026-03-23T01:01:45.111+0000] {logging_mixin.py:190} INFO - [2026-03-23T01:01:45.111+0000] {dag.py:4180} INFO - Setting next_dagrun for example_skip_dag to 2026-03-22 00:00:00+00:00, run_after=2026-03-23 00:00:00+00:00
[2026-03-23T01:01:45.133+0000] {processor.py:208} INFO - Processing /home/ec2-user/environment/lab4_model_training/venv/lib64/python3.12/site-packages/airflow/example_dags/example_skip_dag.py took 0.075 seconds
[2026-03-23T01:02:48.150+0000] {processor.py:186} INFO - Started process (PID=6439) to work on /home/ec2-user/environment/lab4_model_training/venv/lib64/python3.12/site-packages/airflow/example_dags/example_skip_dag.py
[2026-03-23T01:02:48.152+0000] {processor.py:914} INFO - Processing file /home/ec2-user/environment/lab4_model_training/venv/lib64/python3.12/site-packages/airflow/example_dags/example_skip_dag.py for tasks to queue
[2026-03-23T01:02:48.154+0000] {logging_mixin.py:190} INFO - [2026-03-23T01:02:48.154+0000] {dagbag.py:588} INFO - Filling up the DagBag from /home/ec2-user/environment/lab4_model_training/venv/lib64/python3.12/site-packages/airflow/example_dags/example_skip_dag.py
[2026-03-23T01:02:48.161+0000] {processor.py:925} INFO - DAG(s) 'example_skip_dag' retrieved from /home/ec2-user/environment/lab4_model_training/venv/lib64/python3.12/site-packages/airflow/example_dags/example_skip_dag.py
[2026-03-23T01:02:48.178+0000] {logging_mixin.py:190} INFO - [2026-03-23T01:02:48.178+0000] {dag.py:3239} INFO - Sync 1 DAGs
[2026-03-23T01:02:48.197+0000] {logging_mixin.py:190} INFO - [2026-03-23T01:02:48.197+0000] {dag.py:4180} INFO - Setting next_dagrun for example_skip_dag to 2026-03-22 00:00:00+00:00, run_after=2026-03-23 00:00:00+00:00
[2026-03-23T01:02:48.220+0000] {processor.py:208} INFO - Processing /home/ec2-user/environment/lab4_model_training/venv/lib64/python3.12/site-packages/airflow/example_dags/example_skip_dag.py took 0.075 seconds
[2026-03-23T01:03:54.878+0000] {processor.py:186} INFO - Started process (PID=6592) to work on /home/ec2-user/environment/lab4_model_training/venv/lib64/python3.12/site-packages/airflow/example_dags/example_skip_dag.py
[2026-03-23T01:03:54.880+0000] {processor.py:914} INFO - Processing file /home/ec2-user/environment/lab4_model_training/venv/lib64/python3.12/site-packages/airflow/example_dags/example_skip_dag.py for tasks to queue
[2026-03-23T01:03:54.882+0000] {logging_mixin.py:190} INFO - [2026-03-23T01:03:54.882+0000] {dagbag.py:588} INFO - Filling up the DagBag from /home/ec2-user/environment/lab4_model_training/venv/lib64/python3.12/site-packages/airflow/example_dags/example_skip_dag.py
[2026-03-23T01:03:54.890+0000] {processor.py:925} INFO - DAG(s) 'example_skip_dag' retrieved from /home/ec2-user/environment/lab4_model_training/venv/lib64/python3.12/site-packages/airflow/example_dags/example_skip_dag.py
[2026-03-23T01:03:54.906+0000] {logging_mixin.py:190} INFO - [2026-03-23T01:03:54.906+0000] {dag.py:3239} INFO - Sync 1 DAGs
[2026-03-23T01:03:54.926+0000] {logging_mixin.py:190} INFO - [2026-03-23T01:03:54.926+0000] {dag.py:4180} INFO - Setting next_dagrun for example_skip_dag to 2026-03-22 00:00:00+00:00, run_after=2026-03-23 00:00:00+00:00
[2026-03-23T01:03:54.948+0000] {processor.py:208} INFO - Processing /home/ec2-user/environment/lab4_model_training/venv/lib64/python3.12/site-packages/airflow/example_dags/example_skip_dag.py took 0.075 seconds
[2026-03-23T01:04:59.154+0000] {processor.py:186} INFO - Started process (PID=6765) to work on /home/ec2-user/environment/lab4_model_training/venv/lib64/python3.12/site-packages/airflow/example_dags/example_skip_dag.py
[2026-03-23T01:04:59.155+0000] {processor.py:914} INFO - Processing file /home/ec2-user/environment/lab4_model_training/venv/lib64/python3.12/site-packages/airflow/example_dags/example_skip_dag.py for tasks to queue
[2026-03-23T01:04:59.157+0000] {logging_mixin.py:190} INFO - [2026-03-23T01:04:59.157+0000] {dagbag.py:588} INFO - Filling up the DagBag from /home/ec2-user/environment/lab4_model_training/venv/lib64/python3.12/site-packages/airflow/example_dags/example_skip_dag.py
[2026-03-23T01:04:59.165+0000] {processor.py:925} INFO - DAG(s) 'example_skip_dag' retrieved from /home/ec2-user/environment/lab4_model_training/venv/lib64/python3.12/site-packages/airflow/example_dags/example_skip_dag.py
[2026-03-23T01:04:59.181+0000] {logging_mixin.py:190} INFO - [2026-03-23T01:04:59.181+0000] {dag.py:3239} INFO - Sync 1 DAGs
[2026-03-23T01:04:59.201+0000] {logging_mixin.py:190} INFO - [2026-03-23T01:04:59.201+0000] {dag.py:4180} INFO - Setting next_dagrun for example_skip_dag to 2026-03-22 00:00:00+00:00, run_after=2026-03-23 00:00:00+00:00
[2026-03-23T01:04:59.223+0000] {processor.py:208} INFO - Processing /home/ec2-user/environment/lab4_model_training/venv/lib64/python3.12/site-packages/airflow/example_dags/example_skip_dag.py took 0.075 seconds
[2026-03-23T01:06:06.983+0000] {processor.py:186} INFO - Started process (PID=6897) to work on /home/ec2-user/environment/lab4_model_training/venv/lib64/python3.12/site-packages/airflow/example_dags/example_skip_dag.py
[2026-03-23T01:06:06.984+0000] {processor.py:914} INFO - Processing file /home/ec2-user/environment/lab4_model_training/venv/lib64/python3.12/site-packages/airflow/example_dags/example_skip_dag.py for tasks to queue
[2026-03-23T01:06:06.986+0000] {logging_mixin.py:190} INFO - [2026-03-23T01:06:06.986+0000] {dagbag.py:588} INFO - Filling up the DagBag from /home/ec2-user/environment/lab4_model_training/venv/lib64/python3.12/site-packages/airflow/example_dags/example_skip_dag.py
[2026-03-23T01:06:06.994+0000] {processor.py:925} INFO - DAG(s) 'example_skip_dag' retrieved from /home/ec2-user/environment/lab4_model_training/venv/lib64/python3.12/site-packages/airflow/example_dags/example_skip_dag.py
[2026-03-23T01:06:07.010+0000] {logging_mixin.py:190} INFO - [2026-03-23T01:06:07.010+0000] {dag.py:3239} INFO - Sync 1 DAGs
[2026-03-23T01:06:07.029+0000] {logging_mixin.py:190} INFO - [2026-03-23T01:06:07.029+0000] {dag.py:4180} INFO - Setting next_dagrun for example_skip_dag to 2026-03-22 00:00:00+00:00, run_after=2026-03-23 00:00:00+00:00
[2026-03-23T01:06:07.051+0000] {processor.py:208} INFO - Processing /home/ec2-user/environment/lab4_model_training/venv/lib64/python3.12/site-packages/airflow/example_dags/example_skip_dag.py took 0.074 seconds
[2026-03-23T01:07:22.776+0000] {processor.py:186} INFO - Started process (PID=7110) to work on /home/ec2-user/environment/lab4_model_training/venv/lib64/python3.12/site-packages/airflow/example_dags/example_skip_dag.py
[2026-03-23T01:07:22.778+0000] {processor.py:914} INFO - Processing file /home/ec2-user/environment/lab4_model_training/venv/lib64/python3.12/site-packages/airflow/example_dags/example_skip_dag.py for tasks to queue
[2026-03-23T01:07:22.779+0000] {logging_mixin.py:190} INFO - [2026-03-23T01:07:22.779+0000] {dagbag.py:588} INFO - Filling up the DagBag from /home/ec2-user/environment/lab4_model_training/venv/lib64/python3.12/site-packages/airflow/example_dags/example_skip_dag.py
[2026-03-23T01:07:22.787+0000] {processor.py:925} INFO - DAG(s) 'example_skip_dag' retrieved from /home/ec2-user/environment/lab4_model_training/venv/lib64/python3.12/site-packages/airflow/example_dags/example_skip_dag.py
[2026-03-23T01:07:22.804+0000] {logging_mixin.py:190} INFO - [2026-03-23T01:07:22.803+0000] {dag.py:3239} INFO - Sync 1 DAGs
[2026-03-23T01:07:22.823+0000] {logging_mixin.py:190} INFO - [2026-03-23T01:07:22.822+0000] {dag.py:4180} INFO - Setting next_dagrun for example_skip_dag to 2026-03-22 00:00:00+00:00, run_after=2026-03-23 00:00:00+00:00
[2026-03-23T01:07:22.844+0000] {processor.py:208} INFO - Processing /home/ec2-user/environment/lab4_model_training/venv/lib64/python3.12/site-packages/airflow/example_dags/example_skip_dag.py took 0.073 seconds
[2026-03-23T01:08:32.461+0000] {processor.py:186} INFO - Started process (PID=7222) to work on /home/ec2-user/environment/lab4_model_training/venv/lib64/python3.12/site-packages/airflow/example_dags/example_skip_dag.py
[2026-03-23T01:08:32.462+0000] {processor.py:914} INFO - Processing file /home/ec2-user/environment/lab4_model_training/venv/lib64/python3.12/site-packages/airflow/example_dags/example_skip_dag.py for tasks to queue
[2026-03-23T01:08:32.464+0000] {logging_mixin.py:190} INFO - [2026-03-23T01:08:32.464+0000] {dagbag.py:588} INFO - Filling up the DagBag from /home/ec2-user/environment/lab4_model_training/venv/lib64/python3.12/site-packages/airflow/example_dags/example_skip_dag.py
[2026-03-23T01:08:32.472+0000] {processor.py:925} INFO - DAG(s) 'example_skip_dag' retrieved from /home/ec2-user/environment/lab4_model_training/venv/lib64/python3.12/site-packages/airflow/example_dags/example_skip_dag.py
[2026-03-23T01:08:32.489+0000] {logging_mixin.py:190} INFO - [2026-03-23T01:08:32.489+0000] {dag.py:3239} INFO - Sync 1 DAGs
[2026-03-23T01:08:32.508+0000] {logging_mixin.py:190} INFO - [2026-03-23T01:08:32.508+0000] {dag.py:4180} INFO - Setting next_dagrun for example_skip_dag to 2026-03-22 00:00:00+00:00, run_after=2026-03-23 00:00:00+00:00
[2026-03-23T01:08:32.530+0000] {processor.py:208} INFO - Processing /home/ec2-user/environment/lab4_model_training/venv/lib64/python3.12/site-packages/airflow/example_dags/example_skip_dag.py took 0.074 seconds
[2026-03-23T01:09:50.084+0000] {processor.py:186} INFO - Started process (PID=7401) to work on /home/ec2-user/environment/lab4_model_training/venv/lib64/python3.12/site-packages/airflow/example_dags/example_skip_dag.py
[2026-03-23T01:09:50.086+0000] {processor.py:914} INFO - Processing file /home/ec2-user/environment/lab4_model_training/venv/lib64/python3.12/site-packages/airflow/example_dags/example_skip_dag.py for tasks to queue
[2026-03-23T01:09:50.088+0000] {logging_mixin.py:190} INFO - [2026-03-23T01:09:50.087+0000] {dagbag.py:588} INFO - Filling up the DagBag from /home/ec2-user/environment/lab4_model_training/venv/lib64/python3.12/site-packages/airflow/example_dags/example_skip_dag.py
[2026-03-23T01:09:50.095+0000] {processor.py:925} INFO - DAG(s) 'example_skip_dag' retrieved from /home/ec2-user/environment/lab4_model_training/venv/lib64/python3.12/site-packages/airflow/example_dags/example_skip_dag.py
[2026-03-23T01:09:50.112+0000] {logging_mixin.py:190} INFO - [2026-03-23T01:09:50.112+0000] {dag.py:3239} INFO - Sync 1 DAGs
[2026-03-23T01:09:50.131+0000] {logging_mixin.py:190} INFO - [2026-03-23T01:09:50.131+0000] {dag.py:4180} INFO - Setting next_dagrun for example_skip_dag to 2026-03-22 00:00:00+00:00, run_after=2026-03-23 00:00:00+00:00
[2026-03-23T01:09:50.153+0000] {processor.py:208} INFO - Processing /home/ec2-user/environment/lab4_model_training/venv/lib64/python3.12/site-packages/airflow/example_dags/example_skip_dag.py took 0.074 seconds
[2026-03-23T01:11:02.177+0000] {processor.py:186} INFO - Started process (PID=7605) to work on /home/ec2-user/environment/lab4_model_training/venv/lib64/python3.12/site-packages/airflow/example_dags/example_skip_dag.py
[2026-03-23T01:11:02.178+0000] {processor.py:914} INFO - Processing file /home/ec2-user/environment/lab4_model_training/venv/lib64/python3.12/site-packages/airflow/example_dags/example_skip_dag.py for tasks to queue
[2026-03-23T01:11:02.180+0000] {logging_mixin.py:190} INFO - [2026-03-23T01:11:02.179+0000] {dagbag.py:588} INFO - Filling up the DagBag from /home/ec2-user/environment/lab4_model_training/venv/lib64/python3.12/site-packages/airflow/example_dags/example_skip_dag.py
[2026-03-23T01:11:02.187+0000] {processor.py:925} INFO - DAG(s) 'example_skip_dag' retrieved from /home/ec2-user/environment/lab4_model_training/venv/lib64/python3.12/site-packages/airflow/example_dags/example_skip_dag.py
[2026-03-23T01:11:02.203+0000] {logging_mixin.py:190} INFO - [2026-03-23T01:11:02.203+0000] {dag.py:3239} INFO - Sync 1 DAGs
[2026-03-23T01:11:02.223+0000] {logging_mixin.py:190} INFO - [2026-03-23T01:11:02.223+0000] {dag.py:4180} INFO - Setting next_dagrun for example_skip_dag to 2026-03-22 00:00:00+00:00, run_after=2026-03-23 00:00:00+00:00
[2026-03-23T01:11:02.243+0000] {processor.py:208} INFO - Processing /home/ec2-user/environment/lab4_model_training/venv/lib64/python3.12/site-packages/airflow/example_dags/example_skip_dag.py took 0.072 seconds
[2026-03-23T01:12:05.723+0000] {processor.py:186} INFO - Started process (PID=7762) to work on /home/ec2-user/environment/lab4_model_training/venv/lib64/python3.12/site-packages/airflow/example_dags/example_skip_dag.py
[2026-03-23T01:12:05.724+0000] {processor.py:914} INFO - Processing file /home/ec2-user/environment/lab4_model_training/venv/lib64/python3.12/site-packages/airflow/example_dags/example_skip_dag.py for tasks to queue
[2026-03-23T01:12:05.726+0000] {logging_mixin.py:190} INFO - [2026-03-23T01:12:05.726+0000] {dagbag.py:588} INFO - Filling up the DagBag from /home/ec2-user/environment/lab4_model_training/venv/lib64/python3.12/site-packages/airflow/example_dags/example_skip_dag.py
[2026-03-23T01:12:05.735+0000] {processor.py:925} INFO - DAG(s) 'example_skip_dag' retrieved from /home/ec2-user/environment/lab4_model_training/venv/lib64/python3.12/site-packages/airflow/example_dags/example_skip_dag.py
[2026-03-23T01:12:05.754+0000] {logging_mixin.py:190} INFO - [2026-03-23T01:12:05.753+0000] {dag.py:3239} INFO - Sync 1 DAGs
[2026-03-23T01:12:05.775+0000] {logging_mixin.py:190} INFO - [2026-03-23T01:12:05.775+0000] {dag.py:4180} INFO - Setting next_dagrun for example_skip_dag to 2026-03-22 00:00:00+00:00, run_after=2026-03-23 00:00:00+00:00
[2026-03-23T01:12:05.798+0000] {processor.py:208} INFO - Processing /home/ec2-user/environment/lab4_model_training/venv/lib64/python3.12/site-packages/airflow/example_dags/example_skip_dag.py took 0.080 seconds
[2026-03-23T01:13:10.066+0000] {processor.py:186} INFO - Started process (PID=7871) to work on /home/ec2-user/environment/lab4_model_training/venv/lib64/python3.12/site-packages/airflow/example_dags/example_skip_dag.py
[2026-03-23T01:13:10.067+0000] {processor.py:914} INFO - Processing file /home/ec2-user/environment/lab4_model_training/venv/lib64/python3.12/site-packages/airflow/example_dags/example_skip_dag.py for tasks to queue
[2026-03-23T01:13:10.069+0000] {logging_mixin.py:190} INFO - [2026-03-23T01:13:10.069+0000] {dagbag.py:588} INFO - Filling up the DagBag from /home/ec2-user/environment/lab4_model_training/venv/lib64/python3.12/site-packages/airflow/example_dags/example_skip_dag.py
[2026-03-23T01:13:10.077+0000] {processor.py:925} INFO - DAG(s) 'example_skip_dag' retrieved from /home/ec2-user/environment/lab4_model_training/venv/lib64/python3.12/site-packages/airflow/example_dags/example_skip_dag.py
[2026-03-23T01:13:10.093+0000] {logging_mixin.py:190} INFO - [2026-03-23T01:13:10.093+0000] {dag.py:3239} INFO - Sync 1 DAGs
[2026-03-23T01:13:10.112+0000] {logging_mixin.py:190} INFO - [2026-03-23T01:13:10.112+0000] {dag.py:4180} INFO - Setting next_dagrun for example_skip_dag to 2026-03-22 00:00:00+00:00, run_after=2026-03-23 00:00:00+00:00
[2026-03-23T01:13:10.132+0000] {processor.py:208} INFO - Processing /home/ec2-user/environment/lab4_model_training/venv/lib64/python3.12/site-packages/airflow/example_dags/example_skip_dag.py took 0.072 seconds
[2026-03-23T01:14:12.540+0000] {processor.py:186} INFO - Started process (PID=8025) to work on /home/ec2-user/environment/lab4_model_training/venv/lib64/python3.12/site-packages/airflow/example_dags/example_skip_dag.py
[2026-03-23T01:14:12.541+0000] {processor.py:914} INFO - Processing file /home/ec2-user/environment/lab4_model_training/venv/lib64/python3.12/site-packages/airflow/example_dags/example_skip_dag.py for tasks to queue
[2026-03-23T01:14:12.543+0000] {logging_mixin.py:190} INFO - [2026-03-23T01:14:12.543+0000] {dagbag.py:588} INFO - Filling up the DagBag from /home/ec2-user/environment/lab4_model_training/venv/lib64/python3.12/site-packages/airflow/example_dags/example_skip_dag.py
[2026-03-23T01:14:12.551+0000] {processor.py:925} INFO - DAG(s) 'example_skip_dag' retrieved from /home/ec2-user/environment/lab4_model_training/venv/lib64/python3.12/site-packages/airflow/example_dags/example_skip_dag.py
[2026-03-23T01:14:12.568+0000] {logging_mixin.py:190} INFO - [2026-03-23T01:14:12.567+0000] {dag.py:3239} INFO - Sync 1 DAGs
[2026-03-23T01:14:12.587+0000] {logging_mixin.py:190} INFO - [2026-03-23T01:14:12.587+0000] {dag.py:4180} INFO - Setting next_dagrun for example_skip_dag to 2026-03-22 00:00:00+00:00, run_after=2026-03-23 00:00:00+00:00
[2026-03-23T01:14:12.609+0000] {processor.py:208} INFO - Processing /home/ec2-user/environment/lab4_model_training/venv/lib64/python3.12/site-packages/airflow/example_dags/example_skip_dag.py took 0.074 seconds
[2026-03-23T01:15:23.675+0000] {processor.py:186} INFO - Started process (PID=8144) to work on /home/ec2-user/environment/lab4_model_training/venv/lib64/python3.12/site-packages/airflow/example_dags/example_skip_dag.py
[2026-03-23T01:15:23.677+0000] {processor.py:914} INFO - Processing file /home/ec2-user/environment/lab4_model_training/venv/lib64/python3.12/site-packages/airflow/example_dags/example_skip_dag.py for tasks to queue
[2026-03-23T01:15:23.678+0000] {logging_mixin.py:190} INFO - [2026-03-23T01:15:23.678+0000] {dagbag.py:588} INFO - Filling up the DagBag from /home/ec2-user/environment/lab4_model_training/venv/lib64/python3.12/site-packages/airflow/example_dags/example_skip_dag.py
[2026-03-23T01:15:23.686+0000] {processor.py:925} INFO - DAG(s) 'example_skip_dag' retrieved from /home/ec2-user/environment/lab4_model_training/venv/lib64/python3.12/site-packages/airflow/example_dags/example_skip_dag.py
[2026-03-23T01:15:23.702+0000] {logging_mixin.py:190} INFO - [2026-03-23T01:15:23.702+0000] {dag.py:3239} INFO - Sync 1 DAGs
[2026-03-23T01:15:23.721+0000] {logging_mixin.py:190} INFO - [2026-03-23T01:15:23.721+0000] {dag.py:4180} INFO - Setting next_dagrun for example_skip_dag to 2026-03-22 00:00:00+00:00, run_after=2026-03-23 00:00:00+00:00
[2026-03-23T01:15:23.742+0000] {processor.py:208} INFO - Processing /home/ec2-user/environment/lab4_model_training/venv/lib64/python3.12/site-packages/airflow/example_dags/example_skip_dag.py took 0.072 seconds
[2026-03-23T01:16:30.871+0000] {processor.py:186} INFO - Started process (PID=8301) to work on /home/ec2-user/environment/lab4_model_training/venv/lib64/python3.12/site-packages/airflow/example_dags/example_skip_dag.py
[2026-03-23T01:16:30.873+0000] {processor.py:914} INFO - Processing file /home/ec2-user/environment/lab4_model_training/venv/lib64/python3.12/site-packages/airflow/example_dags/example_skip_dag.py for tasks to queue
[2026-03-23T01:16:30.875+0000] {logging_mixin.py:190} INFO - [2026-03-23T01:16:30.874+0000] {dagbag.py:588} INFO - Filling up the DagBag from /home/ec2-user/environment/lab4_model_training/venv/lib64/python3.12/site-packages/airflow/example_dags/example_skip_dag.py
[2026-03-23T01:16:30.882+0000] {processor.py:925} INFO - DAG(s) 'example_skip_dag' retrieved from /home/ec2-user/environment/lab4_model_training/venv/lib64/python3.12/site-packages/airflow/example_dags/example_skip_dag.py
[2026-03-23T01:16:30.899+0000] {logging_mixin.py:190} INFO - [2026-03-23T01:16:30.898+0000] {dag.py:3239} INFO - Sync 1 DAGs
[2026-03-23T01:16:30.918+0000] {logging_mixin.py:190} INFO - [2026-03-23T01:16:30.918+0000] {dag.py:4180} INFO - Setting next_dagrun for example_skip_dag to 2026-03-22 00:00:00+00:00, run_after=2026-03-23 00:00:00+00:00
[2026-03-23T01:16:30.939+0000] {processor.py:208} INFO - Processing /home/ec2-user/environment/lab4_model_training/venv/lib64/python3.12/site-packages/airflow/example_dags/example_skip_dag.py took 0.073 seconds
[2026-03-23T01:17:35.047+0000] {processor.py:186} INFO - Started process (PID=8417) to work on /home/ec2-user/environment/lab4_model_training/venv/lib64/python3.12/site-packages/airflow/example_dags/example_skip_dag.py
[2026-03-23T01:17:35.048+0000] {processor.py:914} INFO - Processing file /home/ec2-user/environment/lab4_model_training/venv/lib64/python3.12/site-packages/airflow/example_dags/example_skip_dag.py for tasks to queue
[2026-03-23T01:17:35.050+0000] {logging_mixin.py:190} INFO - [2026-03-23T01:17:35.050+0000] {dagbag.py:588} INFO - Filling up the DagBag from /home/ec2-user/environment/lab4_model_training/venv/lib64/python3.12/site-packages/airflow/example_dags/example_skip_dag.py
[2026-03-23T01:17:35.058+0000] {processor.py:925} INFO - DAG(s) 'example_skip_dag' retrieved from /home/ec2-user/environment/lab4_model_training/venv/lib64/python3.12/site-packages/airflow/example_dags/example_skip_dag.py
[2026-03-23T01:17:35.074+0000] {logging_mixin.py:190} INFO - [2026-03-23T01:17:35.074+0000] {dag.py:3239} INFO - Sync 1 DAGs
[2026-03-23T01:17:35.093+0000] {logging_mixin.py:190} INFO - [2026-03-23T01:17:35.093+0000] {dag.py:4180} INFO - Setting next_dagrun for example_skip_dag to 2026-03-22 00:00:00+00:00, run_after=2026-03-23 00:00:00+00:00
[2026-03-23T01:17:35.115+0000] {processor.py:208} INFO - Processing /home/ec2-user/environment/lab4_model_training/venv/lib64/python3.12/site-packages/airflow/example_dags/example_skip_dag.py took 0.073 seconds
[2026-03-23T01:18:38.435+0000] {processor.py:186} INFO - Started process (PID=8597) to work on /home/ec2-user/environment/lab4_model_training/venv/lib64/python3.12/site-packages/airflow/example_dags/example_skip_dag.py
[2026-03-23T01:18:38.437+0000] {processor.py:914} INFO - Processing file /home/ec2-user/environment/lab4_model_training/venv/lib64/python3.12/site-packages/airflow/example_dags/example_skip_dag.py for tasks to queue
[2026-03-23T01:18:38.438+0000] {logging_mixin.py:190} INFO - [2026-03-23T01:18:38.438+0000] {dagbag.py:588} INFO - Filling up the DagBag from /home/ec2-user/environment/lab4_model_training/venv/lib64/python3.12/site-packages/airflow/example_dags/example_skip_dag.py
[2026-03-23T01:18:38.446+0000] {processor.py:925} INFO - DAG(s) 'example_skip_dag' retrieved from /home/ec2-user/environment/lab4_model_training/venv/lib64/python3.12/site-packages/airflow/example_dags/example_skip_dag.py
[2026-03-23T01:18:38.462+0000] {logging_mixin.py:190} INFO - [2026-03-23T01:18:38.462+0000] {dag.py:3239} INFO - Sync 1 DAGs
[2026-03-23T01:18:38.481+0000] {logging_mixin.py:190} INFO - [2026-03-23T01:18:38.481+0000] {dag.py:4180} INFO - Setting next_dagrun for example_skip_dag to 2026-03-22 00:00:00+00:00, run_after=2026-03-23 00:00:00+00:00
[2026-03-23T01:18:38.503+0000] {processor.py:208} INFO - Processing /home/ec2-user/environment/lab4_model_training/venv/lib64/python3.12/site-packages/airflow/example_dags/example_skip_dag.py took 0.072 seconds
[2026-03-23T01:19:38.947+0000] {processor.py:186} INFO - Started process (PID=8701) to work on /home/ec2-user/environment/lab4_model_training/venv/lib64/python3.12/site-packages/airflow/example_dags/example_skip_dag.py
[2026-03-23T01:19:38.948+0000] {processor.py:914} INFO - Processing file /home/ec2-user/environment/lab4_model_training/venv/lib64/python3.12/site-packages/airflow/example_dags/example_skip_dag.py for tasks to queue
[2026-03-23T01:19:38.950+0000] {logging_mixin.py:190} INFO - [2026-03-23T01:19:38.950+0000] {dagbag.py:588} INFO - Filling up the DagBag from /home/ec2-user/environment/lab4_model_training/venv/lib64/python3.12/site-packages/airflow/example_dags/example_skip_dag.py
[2026-03-23T01:19:38.958+0000] {processor.py:925} INFO - DAG(s) 'example_skip_dag' retrieved from /home/ec2-user/environment/lab4_model_training/venv/lib64/python3.12/site-packages/airflow/example_dags/example_skip_dag.py
[2026-03-23T01:19:38.974+0000] {logging_mixin.py:190} INFO - [2026-03-23T01:19:38.974+0000] {dag.py:3239} INFO - Sync 1 DAGs
[2026-03-23T01:19:38.993+0000] {logging_mixin.py:190} INFO - [2026-03-23T01:19:38.993+0000] {dag.py:4180} INFO - Setting next_dagrun for example_skip_dag to 2026-03-22 00:00:00+00:00, run_after=2026-03-23 00:00:00+00:00
[2026-03-23T01:19:39.013+0000] {processor.py:208} INFO - Processing /home/ec2-user/environment/lab4_model_training/venv/lib64/python3.12/site-packages/airflow/example_dags/example_skip_dag.py took 0.071 seconds
[2026-03-23T01:20:45.146+0000] {processor.py:186} INFO - Started process (PID=8857) to work on /home/ec2-user/environment/lab4_model_training/venv/lib64/python3.12/site-packages/airflow/example_dags/example_skip_dag.py
[2026-03-23T01:20:45.147+0000] {processor.py:914} INFO - Processing file /home/ec2-user/environment/lab4_model_training/venv/lib64/python3.12/site-packages/airflow/example_dags/example_skip_dag.py for tasks to queue
[2026-03-23T01:20:45.149+0000] {logging_mixin.py:190} INFO - [2026-03-23T01:20:45.149+0000] {dagbag.py:588} INFO - Filling up the DagBag from /home/ec2-user/environment/lab4_model_training/venv/lib64/python3.12/site-packages/airflow/example_dags/example_skip_dag.py
[2026-03-23T01:20:45.157+0000] {processor.py:925} INFO - DAG(s) 'example_skip_dag' retrieved from /home/ec2-user/environment/lab4_model_training/venv/lib64/python3.12/site-packages/airflow/example_dags/example_skip_dag.py
[2026-03-23T01:20:45.173+0000] {logging_mixin.py:190} INFO - [2026-03-23T01:20:45.173+0000] {dag.py:3239} INFO - Sync 1 DAGs
[2026-03-23T01:20:45.193+0000] {logging_mixin.py:190} INFO - [2026-03-23T01:20:45.193+0000] {dag.py:4180} INFO - Setting next_dagrun for example_skip_dag to 2026-03-22 00:00:00+00:00, run_after=2026-03-23 00:00:00+00:00
[2026-03-23T01:20:45.214+0000] {processor.py:208} INFO - Processing /home/ec2-user/environment/lab4_model_training/venv/lib64/python3.12/site-packages/airflow/example_dags/example_skip_dag.py took 0.073 seconds
[2026-03-23T01:21:50.853+0000] {processor.py:186} INFO - Started process (PID=9031) to work on /home/ec2-user/environment/lab4_model_training/venv/lib64/python3.12/site-packages/airflow/example_dags/example_skip_dag.py
[2026-03-23T01:21:50.855+0000] {processor.py:914} INFO - Processing file /home/ec2-user/environment/lab4_model_training/venv/lib64/python3.12/site-packages/airflow/example_dags/example_skip_dag.py for tasks to queue
[2026-03-23T01:21:50.857+0000] {logging_mixin.py:190} INFO - [2026-03-23T01:21:50.856+0000] {dagbag.py:588} INFO - Filling up the DagBag from /home/ec2-user/environment/lab4_model_training/venv/lib64/python3.12/site-packages/airflow/example_dags/example_skip_dag.py
[2026-03-23T01:21:50.864+0000] {processor.py:925} INFO - DAG(s) 'example_skip_dag' retrieved from /home/ec2-user/environment/lab4_model_training/venv/lib64/python3.12/site-packages/airflow/example_dags/example_skip_dag.py
[2026-03-23T01:21:50.881+0000] {logging_mixin.py:190} INFO - [2026-03-23T01:21:50.881+0000] {dag.py:3239} INFO - Sync 1 DAGs
[2026-03-23T01:21:50.900+0000] {logging_mixin.py:190} INFO - [2026-03-23T01:21:50.900+0000] {dag.py:4180} INFO - Setting next_dagrun for example_skip_dag to 2026-03-22 00:00:00+00:00, run_after=2026-03-23 00:00:00+00:00
[2026-03-23T01:21:50.919+0000] {processor.py:208} INFO - Processing /home/ec2-user/environment/lab4_model_training/venv/lib64/python3.12/site-packages/airflow/example_dags/example_skip_dag.py took 0.071 seconds
[2026-03-23T01:23:02.419+0000] {processor.py:186} INFO - Started process (PID=9173) to work on /home/ec2-user/environment/lab4_model_training/venv/lib64/python3.12/site-packages/airflow/example_dags/example_skip_dag.py
[2026-03-23T01:23:02.420+0000] {processor.py:914} INFO - Processing file /home/ec2-user/environment/lab4_model_training/venv/lib64/python3.12/site-packages/airflow/example_dags/example_skip_dag.py for tasks to queue
[2026-03-23T01:23:02.422+0000] {logging_mixin.py:190} INFO - [2026-03-23T01:23:02.421+0000] {dagbag.py:588} INFO - Filling up the DagBag from /home/ec2-user/environment/lab4_model_training/venv/lib64/python3.12/site-packages/airflow/example_dags/example_skip_dag.py
[2026-03-23T01:23:02.430+0000] {processor.py:925} INFO - DAG(s) 'example_skip_dag' retrieved from /home/ec2-user/environment/lab4_model_training/venv/lib64/python3.12/site-packages/airflow/example_dags/example_skip_dag.py
[2026-03-23T01:23:02.446+0000] {logging_mixin.py:190} INFO - [2026-03-23T01:23:02.446+0000] {dag.py:3239} INFO - Sync 1 DAGs
[2026-03-23T01:23:02.466+0000] {logging_mixin.py:190} INFO - [2026-03-23T01:23:02.465+0000] {dag.py:4180} INFO - Setting next_dagrun for example_skip_dag to 2026-03-22 00:00:00+00:00, run_after=2026-03-23 00:00:00+00:00
[2026-03-23T01:23:02.488+0000] {processor.py:208} INFO - Processing /home/ec2-user/environment/lab4_model_training/venv/lib64/python3.12/site-packages/airflow/example_dags/example_skip_dag.py took 0.075 seconds
[2026-03-23T01:24:09.556+0000] {processor.py:186} INFO - Started process (PID=9384) to work on /home/ec2-user/environment/lab4_model_training/venv/lib64/python3.12/site-packages/airflow/example_dags/example_skip_dag.py
[2026-03-23T01:24:09.557+0000] {processor.py:914} INFO - Processing file /home/ec2-user/environment/lab4_model_training/venv/lib64/python3.12/site-packages/airflow/example_dags/example_skip_dag.py for tasks to queue
[2026-03-23T01:24:09.559+0000] {logging_mixin.py:190} INFO - [2026-03-23T01:24:09.559+0000] {dagbag.py:588} INFO - Filling up the DagBag from /home/ec2-user/environment/lab4_model_training/venv/lib64/python3.12/site-packages/airflow/example_dags/example_skip_dag.py
[2026-03-23T01:24:09.567+0000] {processor.py:925} INFO - DAG(s) 'example_skip_dag' retrieved from /home/ec2-user/environment/lab4_model_training/venv/lib64/python3.12/site-packages/airflow/example_dags/example_skip_dag.py
[2026-03-23T01:24:09.583+0000] {logging_mixin.py:190} INFO - [2026-03-23T01:24:09.583+0000] {dag.py:3239} INFO - Sync 1 DAGs
[2026-03-23T01:24:09.603+0000] {logging_mixin.py:190} INFO - [2026-03-23T01:24:09.602+0000] {dag.py:4180} INFO - Setting next_dagrun for example_skip_dag to 2026-03-22 00:00:00+00:00, run_after=2026-03-23 00:00:00+00:00
[2026-03-23T01:24:09.625+0000] {processor.py:208} INFO - Processing /home/ec2-user/environment/lab4_model_training/venv/lib64/python3.12/site-packages/airflow/example_dags/example_skip_dag.py took 0.074 seconds
[2026-03-23T01:25:18.445+0000] {processor.py:186} INFO - Started process (PID=9516) to work on /home/ec2-user/environment/lab4_model_training/venv/lib64/python3.12/site-packages/airflow/example_dags/example_skip_dag.py
[2026-03-23T01:25:18.446+0000] {processor.py:914} INFO - Processing file /home/ec2-user/environment/lab4_model_training/venv/lib64/python3.12/site-packages/airflow/example_dags/example_skip_dag.py for tasks to queue
[2026-03-23T01:25:18.448+0000] {logging_mixin.py:190} INFO - [2026-03-23T01:25:18.448+0000] {dagbag.py:588} INFO - Filling up the DagBag from /home/ec2-user/environment/lab4_model_training/venv/lib64/python3.12/site-packages/airflow/example_dags/example_skip_dag.py
[2026-03-23T01:25:18.456+0000] {processor.py:925} INFO - DAG(s) 'example_skip_dag' retrieved from /home/ec2-user/environment/lab4_model_training/venv/lib64/python3.12/site-packages/airflow/example_dags/example_skip_dag.py
[2026-03-23T01:25:18.473+0000] {logging_mixin.py:190} INFO - [2026-03-23T01:25:18.472+0000] {dag.py:3239} INFO - Sync 1 DAGs
[2026-03-23T01:25:18.492+0000] {logging_mixin.py:190} INFO - [2026-03-23T01:25:18.492+0000] {dag.py:4180} INFO - Setting next_dagrun for example_skip_dag to 2026-03-22 00:00:00+00:00, run_after=2026-03-23 00:00:00+00:00
[2026-03-23T01:25:18.514+0000] {processor.py:208} INFO - Processing /home/ec2-user/environment/lab4_model_training/venv/lib64/python3.12/site-packages/airflow/example_dags/example_skip_dag.py took 0.074 seconds
[2026-03-23T01:26:46.642+0000] {processor.py:186} INFO - Started process (PID=9872) to work on /home/ec2-user/environment/lab4_model_training/venv/lib64/python3.12/site-packages/airflow/example_dags/example_skip_dag.py
[2026-03-23T01:26:46.644+0000] {processor.py:914} INFO - Processing file /home/ec2-user/environment/lab4_model_training/venv/lib64/python3.12/site-packages/airflow/example_dags/example_skip_dag.py for tasks to queue
[2026-03-23T01:26:46.646+0000] {logging_mixin.py:190} INFO - [2026-03-23T01:26:46.645+0000] {dagbag.py:588} INFO - Filling up the DagBag from /home/ec2-user/environment/lab4_model_training/venv/lib64/python3.12/site-packages/airflow/example_dags/example_skip_dag.py
[2026-03-23T01:26:46.654+0000] {processor.py:925} INFO - DAG(s) 'example_skip_dag' retrieved from /home/ec2-user/environment/lab4_model_training/venv/lib64/python3.12/site-packages/airflow/example_dags/example_skip_dag.py
[2026-03-23T01:26:46.670+0000] {logging_mixin.py:190} INFO - [2026-03-23T01:26:46.670+0000] {dag.py:3239} INFO - Sync 1 DAGs
[2026-03-23T01:26:46.690+0000] {logging_mixin.py:190} INFO - [2026-03-23T01:26:46.690+0000] {dag.py:4180} INFO - Setting next_dagrun for example_skip_dag to 2026-03-22 00:00:00+00:00, run_after=2026-03-23 00:00:00+00:00
[2026-03-23T01:26:46.712+0000] {processor.py:208} INFO - Processing /home/ec2-user/environment/lab4_model_training/venv/lib64/python3.12/site-packages/airflow/example_dags/example_skip_dag.py took 0.074 seconds
[2026-03-23T01:27:51.870+0000] {processor.py:186} INFO - Started process (PID=10031) to work on /home/ec2-user/environment/lab4_model_training/venv/lib64/python3.12/site-packages/airflow/example_dags/example_skip_dag.py
[2026-03-23T01:27:51.871+0000] {processor.py:914} INFO - Processing file /home/ec2-user/environment/lab4_model_training/venv/lib64/python3.12/site-packages/airflow/example_dags/example_skip_dag.py for tasks to queue
[2026-03-23T01:27:51.873+0000] {logging_mixin.py:190} INFO - [2026-03-23T01:27:51.873+0000] {dagbag.py:588} INFO - Filling up the DagBag from /home/ec2-user/environment/lab4_model_training/venv/lib64/python3.12/site-packages/airflow/example_dags/example_skip_dag.py
[2026-03-23T01:27:51.881+0000] {processor.py:925} INFO - DAG(s) 'example_skip_dag' retrieved from /home/ec2-user/environment/lab4_model_training/venv/lib64/python3.12/site-packages/airflow/example_dags/example_skip_dag.py
[2026-03-23T01:27:51.897+0000] {logging_mixin.py:190} INFO - [2026-03-23T01:27:51.897+0000] {dag.py:3239} INFO - Sync 1 DAGs
[2026-03-23T01:27:51.916+0000] {logging_mixin.py:190} INFO - [2026-03-23T01:27:51.916+0000] {dag.py:4180} INFO - Setting next_dagrun for example_skip_dag to 2026-03-22 00:00:00+00:00, run_after=2026-03-23 00:00:00+00:00
[2026-03-23T01:27:51.937+0000] {processor.py:208} INFO - Processing /home/ec2-user/environment/lab4_model_training/venv/lib64/python3.12/site-packages/airflow/example_dags/example_skip_dag.py took 0.072 seconds
[2026-03-23T01:28:53.556+0000] {processor.py:186} INFO - Started process (PID=10137) to work on /home/ec2-user/environment/lab4_model_training/venv/lib64/python3.12/site-packages/airflow/example_dags/example_skip_dag.py
[2026-03-23T01:28:53.557+0000] {processor.py:914} INFO - Processing file /home/ec2-user/environment/lab4_model_training/venv/lib64/python3.12/site-packages/airflow/example_dags/example_skip_dag.py for tasks to queue
[2026-03-23T01:28:53.559+0000] {logging_mixin.py:190} INFO - [2026-03-23T01:28:53.559+0000] {dagbag.py:588} INFO - Filling up the DagBag from /home/ec2-user/environment/lab4_model_training/venv/lib64/python3.12/site-packages/airflow/example_dags/example_skip_dag.py
[2026-03-23T01:28:53.567+0000] {processor.py:925} INFO - DAG(s) 'example_skip_dag' retrieved from /home/ec2-user/environment/lab4_model_training/venv/lib64/python3.12/site-packages/airflow/example_dags/example_skip_dag.py
[2026-03-23T01:28:53.584+0000] {logging_mixin.py:190} INFO - [2026-03-23T01:28:53.583+0000] {dag.py:3239} INFO - Sync 1 DAGs
[2026-03-23T01:28:53.603+0000] {logging_mixin.py:190} INFO - [2026-03-23T01:28:53.603+0000] {dag.py:4180} INFO - Setting next_dagrun for example_skip_dag to 2026-03-22 00:00:00+00:00, run_after=2026-03-23 00:00:00+00:00
[2026-03-23T01:28:53.625+0000] {processor.py:208} INFO - Processing /home/ec2-user/environment/lab4_model_training/venv/lib64/python3.12/site-packages/airflow/example_dags/example_skip_dag.py took 0.074 seconds
[2026-03-23T01:30:00.983+0000] {processor.py:186} INFO - Started process (PID=10441) to work on /home/ec2-user/environment/lab4_model_training/venv/lib64/python3.12/site-packages/airflow/example_dags/example_skip_dag.py
[2026-03-23T01:30:00.984+0000] {processor.py:914} INFO - Processing file /home/ec2-user/environment/lab4_model_training/venv/lib64/python3.12/site-packages/airflow/example_dags/example_skip_dag.py for tasks to queue
[2026-03-23T01:30:00.986+0000] {logging_mixin.py:190} INFO - [2026-03-23T01:30:00.985+0000] {dagbag.py:588} INFO - Filling up the DagBag from /home/ec2-user/environment/lab4_model_training/venv/lib64/python3.12/site-packages/airflow/example_dags/example_skip_dag.py
[2026-03-23T01:30:00.993+0000] {processor.py:925} INFO - DAG(s) 'example_skip_dag' retrieved from /home/ec2-user/environment/lab4_model_training/venv/lib64/python3.12/site-packages/airflow/example_dags/example_skip_dag.py
[2026-03-23T01:30:01.009+0000] {logging_mixin.py:190} INFO - [2026-03-23T01:30:01.008+0000] {dag.py:3239} INFO - Sync 1 DAGs
[2026-03-23T01:30:01.026+0000] {logging_mixin.py:190} INFO - [2026-03-23T01:30:01.026+0000] {dag.py:4180} INFO - Setting next_dagrun for example_skip_dag to 2026-03-22 00:00:00+00:00, run_after=2026-03-23 00:00:00+00:00
[2026-03-23T01:30:01.046+0000] {processor.py:208} INFO - Processing /home/ec2-user/environment/lab4_model_training/venv/lib64/python3.12/site-packages/airflow/example_dags/example_skip_dag.py took 0.069 seconds
[2026-03-23T01:31:06.498+0000] {processor.py:186} INFO - Started process (PID=10633) to work on /home/ec2-user/environment/lab4_model_training/venv/lib64/python3.12/site-packages/airflow/example_dags/example_skip_dag.py
[2026-03-23T01:31:06.499+0000] {processor.py:914} INFO - Processing file /home/ec2-user/environment/lab4_model_training/venv/lib64/python3.12/site-packages/airflow/example_dags/example_skip_dag.py for tasks to queue
[2026-03-23T01:31:06.501+0000] {logging_mixin.py:190} INFO - [2026-03-23T01:31:06.501+0000] {dagbag.py:588} INFO - Filling up the DagBag from /home/ec2-user/environment/lab4_model_training/venv/lib64/python3.12/site-packages/airflow/example_dags/example_skip_dag.py
[2026-03-23T01:31:06.509+0000] {processor.py:925} INFO - DAG(s) 'example_skip_dag' retrieved from /home/ec2-user/environment/lab4_model_training/venv/lib64/python3.12/site-packages/airflow/example_dags/example_skip_dag.py
[2026-03-23T01:31:06.526+0000] {logging_mixin.py:190} INFO - [2026-03-23T01:31:06.525+0000] {dag.py:3239} INFO - Sync 1 DAGs
[2026-03-23T01:31:06.546+0000] {logging_mixin.py:190} INFO - [2026-03-23T01:31:06.546+0000] {dag.py:4180} INFO - Setting next_dagrun for example_skip_dag to 2026-03-22 00:00:00+00:00, run_after=2026-03-23 00:00:00+00:00
[2026-03-23T01:31:06.568+0000] {processor.py:208} INFO - Processing /home/ec2-user/environment/lab4_model_training/venv/lib64/python3.12/site-packages/airflow/example_dags/example_skip_dag.py took 0.075 seconds
[2026-03-23T01:32:12.581+0000] {processor.py:186} INFO - Started process (PID=10842) to work on /home/ec2-user/environment/lab4_model_training/venv/lib64/python3.12/site-packages/airflow/example_dags/example_skip_dag.py
[2026-03-23T01:32:12.582+0000] {processor.py:914} INFO - Processing file /home/ec2-user/environment/lab4_model_training/venv/lib64/python3.12/site-packages/airflow/example_dags/example_skip_dag.py for tasks to queue
[2026-03-23T01:32:12.584+0000] {logging_mixin.py:190} INFO - [2026-03-23T01:32:12.584+0000] {dagbag.py:588} INFO - Filling up the DagBag from /home/ec2-user/environment/lab4_model_training/venv/lib64/python3.12/site-packages/airflow/example_dags/example_skip_dag.py
[2026-03-23T01:32:12.592+0000] {processor.py:925} INFO - DAG(s) 'example_skip_dag' retrieved from /home/ec2-user/environment/lab4_model_training/venv/lib64/python3.12/site-packages/airflow/example_dags/example_skip_dag.py
[2026-03-23T01:32:12.608+0000] {logging_mixin.py:190} INFO - [2026-03-23T01:32:12.608+0000] {dag.py:3239} INFO - Sync 1 DAGs
[2026-03-23T01:32:12.630+0000] {logging_mixin.py:190} INFO - [2026-03-23T01:32:12.630+0000] {dag.py:4180} INFO - Setting next_dagrun for example_skip_dag to 2026-03-22 00:00:00+00:00, run_after=2026-03-23 00:00:00+00:00
[2026-03-23T01:32:12.652+0000] {processor.py:208} INFO - Processing /home/ec2-user/environment/lab4_model_training/venv/lib64/python3.12/site-packages/airflow/example_dags/example_skip_dag.py took 0.076 seconds
[2026-03-23T01:33:18.069+0000] {processor.py:186} INFO - Started process (PID=11021) to work on /home/ec2-user/environment/lab4_model_training/venv/lib64/python3.12/site-packages/airflow/example_dags/example_skip_dag.py
[2026-03-23T01:33:18.070+0000] {processor.py:914} INFO - Processing file /home/ec2-user/environment/lab4_model_training/venv/lib64/python3.12/site-packages/airflow/example_dags/example_skip_dag.py for tasks to queue
[2026-03-23T01:33:18.072+0000] {logging_mixin.py:190} INFO - [2026-03-23T01:33:18.072+0000] {dagbag.py:588} INFO - Filling up the DagBag from /home/ec2-user/environment/lab4_model_training/venv/lib64/python3.12/site-packages/airflow/example_dags/example_skip_dag.py
[2026-03-23T01:33:18.082+0000] {processor.py:925} INFO - DAG(s) 'example_skip_dag' retrieved from /home/ec2-user/environment/lab4_model_training/venv/lib64/python3.12/site-packages/airflow/example_dags/example_skip_dag.py
[2026-03-23T01:33:18.098+0000] {logging_mixin.py:190} INFO - [2026-03-23T01:33:18.098+0000] {dag.py:3239} INFO - Sync 1 DAGs
[2026-03-23T01:33:18.116+0000] {logging_mixin.py:190} INFO - [2026-03-23T01:33:18.116+0000] {dag.py:4180} INFO - Setting next_dagrun for example_skip_dag to 2026-03-22 00:00:00+00:00, run_after=2026-03-23 00:00:00+00:00
[2026-03-23T01:33:18.137+0000] {processor.py:208} INFO - Processing /home/ec2-user/environment/lab4_model_training/venv/lib64/python3.12/site-packages/airflow/example_dags/example_skip_dag.py took 0.073 seconds
[2026-03-23T01:34:22.901+0000] {processor.py:186} INFO - Started process (PID=11145) to work on /home/ec2-user/environment/lab4_model_training/venv/lib64/python3.12/site-packages/airflow/example_dags/example_skip_dag.py
[2026-03-23T01:34:22.903+0000] {processor.py:914} INFO - Processing file /home/ec2-user/environment/lab4_model_training/venv/lib64/python3.12/site-packages/airflow/example_dags/example_skip_dag.py for tasks to queue
[2026-03-23T01:34:22.904+0000] {logging_mixin.py:190} INFO - [2026-03-23T01:34:22.904+0000] {dagbag.py:588} INFO - Filling up the DagBag from /home/ec2-user/environment/lab4_model_training/venv/lib64/python3.12/site-packages/airflow/example_dags/example_skip_dag.py
[2026-03-23T01:34:22.912+0000] {processor.py:925} INFO - DAG(s) 'example_skip_dag' retrieved from /home/ec2-user/environment/lab4_model_training/venv/lib64/python3.12/site-packages/airflow/example_dags/example_skip_dag.py
[2026-03-23T01:34:22.929+0000] {logging_mixin.py:190} INFO - [2026-03-23T01:34:22.929+0000] {dag.py:3239} INFO - Sync 1 DAGs
[2026-03-23T01:34:22.948+0000] {logging_mixin.py:190} INFO - [2026-03-23T01:34:22.948+0000] {dag.py:4180} INFO - Setting next_dagrun for example_skip_dag to 2026-03-22 00:00:00+00:00, run_after=2026-03-23 00:00:00+00:00
[2026-03-23T01:34:22.971+0000] {processor.py:208} INFO - Processing /home/ec2-user/environment/lab4_model_training/venv/lib64/python3.12/site-packages/airflow/example_dags/example_skip_dag.py took 0.075 seconds
[2026-03-23T01:35:31.222+0000] {processor.py:186} INFO - Started process (PID=11334) to work on /home/ec2-user/environment/lab4_model_training/venv/lib64/python3.12/site-packages/airflow/example_dags/example_skip_dag.py
[2026-03-23T01:35:31.223+0000] {processor.py:914} INFO - Processing file /home/ec2-user/environment/lab4_model_training/venv/lib64/python3.12/site-packages/airflow/example_dags/example_skip_dag.py for tasks to queue
[2026-03-23T01:35:31.225+0000] {logging_mixin.py:190} INFO - [2026-03-23T01:35:31.225+0000] {dagbag.py:588} INFO - Filling up the DagBag from /home/ec2-user/environment/lab4_model_training/venv/lib64/python3.12/site-packages/airflow/example_dags/example_skip_dag.py
[2026-03-23T01:35:31.233+0000] {processor.py:925} INFO - DAG(s) 'example_skip_dag' retrieved from /home/ec2-user/environment/lab4_model_training/venv/lib64/python3.12/site-packages/airflow/example_dags/example_skip_dag.py
[2026-03-23T01:35:31.249+0000] {logging_mixin.py:190} INFO - [2026-03-23T01:35:31.249+0000] {dag.py:3239} INFO - Sync 1 DAGs
[2026-03-23T01:35:31.268+0000] {logging_mixin.py:190} INFO - [2026-03-23T01:35:31.268+0000] {dag.py:4180} INFO - Setting next_dagrun for example_skip_dag to 2026-03-22 00:00:00+00:00, run_after=2026-03-23 00:00:00+00:00
[2026-03-23T01:35:31.288+0000] {processor.py:208} INFO - Processing /home/ec2-user/environment/lab4_model_training/venv/lib64/python3.12/site-packages/airflow/example_dags/example_skip_dag.py took 0.072 seconds
