[2026-03-23T00:59:43.259+0000] {processor.py:186} INFO - Started process (PID=5859) to work on /home/ec2-user/environment/lab4_model_training/venv/lib64/python3.12/site-packages/airflow/example_dags/example_workday_timetable.py
[2026-03-23T00:59:43.260+0000] {processor.py:914} INFO - Processing file /home/ec2-user/environment/lab4_model_training/venv/lib64/python3.12/site-packages/airflow/example_dags/example_workday_timetable.py for tasks to queue
[2026-03-23T00:59:43.261+0000] {logging_mixin.py:190} INFO - [2026-03-23T00:59:43.261+0000] {dagbag.py:588} INFO - Filling up the DagBag from /home/ec2-user/environment/lab4_model_training/venv/lib64/python3.12/site-packages/airflow/example_dags/example_workday_timetable.py
[2026-03-23T00:59:43.267+0000] {processor.py:925} INFO - DAG(s) 'example_workday_timetable' retrieved from /home/ec2-user/environment/lab4_model_training/venv/lib64/python3.12/site-packages/airflow/example_dags/example_workday_timetable.py
[2026-03-23T00:59:43.281+0000] {logging_mixin.py:190} INFO - [2026-03-23T00:59:43.281+0000] {dag.py:3239} INFO - Sync 1 DAGs
[2026-03-23T00:59:43.350+0000] {logging_mixin.py:190} INFO - [2026-03-23T00:59:43.349+0000] {dag.py:4180} INFO - Setting next_dagrun for example_workday_timetable to 2021-01-04 00:00:00+00:00, run_after=2021-01-05 00:00:00+00:00
[2026-03-23T00:59:43.373+0000] {processor.py:208} INFO - Processing /home/ec2-user/environment/lab4_model_training/venv/lib64/python3.12/site-packages/airflow/example_dags/example_workday_timetable.py took 0.119 seconds
[2026-03-23T01:00:49.075+0000] {processor.py:186} INFO - Started process (PID=6051) to work on /home/ec2-user/environment/lab4_model_training/venv/lib64/python3.12/site-packages/airflow/example_dags/example_workday_timetable.py
[2026-03-23T01:00:49.076+0000] {processor.py:914} INFO - Processing file /home/ec2-user/environment/lab4_model_training/venv/lib64/python3.12/site-packages/airflow/example_dags/example_workday_timetable.py for tasks to queue
[2026-03-23T01:00:49.078+0000] {logging_mixin.py:190} INFO - [2026-03-23T01:00:49.078+0000] {dagbag.py:588} INFO - Filling up the DagBag from /home/ec2-user/environment/lab4_model_training/venv/lib64/python3.12/site-packages/airflow/example_dags/example_workday_timetable.py
[2026-03-23T01:00:49.084+0000] {processor.py:925} INFO - DAG(s) 'example_workday_timetable' retrieved from /home/ec2-user/environment/lab4_model_training/venv/lib64/python3.12/site-packages/airflow/example_dags/example_workday_timetable.py
[2026-03-23T01:00:49.099+0000] {logging_mixin.py:190} INFO - [2026-03-23T01:00:49.098+0000] {dag.py:3239} INFO - Sync 1 DAGs
[2026-03-23T01:00:49.155+0000] {logging_mixin.py:190} INFO - [2026-03-23T01:00:49.155+0000] {dag.py:4180} INFO - Setting next_dagrun for example_workday_timetable to 2021-01-04 00:00:00+00:00, run_after=2021-01-05 00:00:00+00:00
[2026-03-23T01:00:49.178+0000] {processor.py:208} INFO - Processing /home/ec2-user/environment/lab4_model_training/venv/lib64/python3.12/site-packages/airflow/example_dags/example_workday_timetable.py took 0.108 seconds
[2026-03-23T01:01:52.497+0000] {processor.py:186} INFO - Started process (PID=6270) to work on /home/ec2-user/environment/lab4_model_training/venv/lib64/python3.12/site-packages/airflow/example_dags/example_workday_timetable.py
[2026-03-23T01:01:52.499+0000] {processor.py:914} INFO - Processing file /home/ec2-user/environment/lab4_model_training/venv/lib64/python3.12/site-packages/airflow/example_dags/example_workday_timetable.py for tasks to queue
[2026-03-23T01:01:52.501+0000] {logging_mixin.py:190} INFO - [2026-03-23T01:01:52.500+0000] {dagbag.py:588} INFO - Filling up the DagBag from /home/ec2-user/environment/lab4_model_training/venv/lib64/python3.12/site-packages/airflow/example_dags/example_workday_timetable.py
[2026-03-23T01:01:52.506+0000] {processor.py:925} INFO - DAG(s) 'example_workday_timetable' retrieved from /home/ec2-user/environment/lab4_model_training/venv/lib64/python3.12/site-packages/airflow/example_dags/example_workday_timetable.py
[2026-03-23T01:01:52.521+0000] {logging_mixin.py:190} INFO - [2026-03-23T01:01:52.521+0000] {dag.py:3239} INFO - Sync 1 DAGs
[2026-03-23T01:01:52.578+0000] {logging_mixin.py:190} INFO - [2026-03-23T01:01:52.578+0000] {dag.py:4180} INFO - Setting next_dagrun for example_workday_timetable to 2021-01-04 00:00:00+00:00, run_after=2021-01-05 00:00:00+00:00
[2026-03-23T01:01:52.600+0000] {processor.py:208} INFO - Processing /home/ec2-user/environment/lab4_model_training/venv/lib64/python3.12/site-packages/airflow/example_dags/example_workday_timetable.py took 0.108 seconds
[2026-03-23T01:02:56.178+0000] {processor.py:186} INFO - Started process (PID=6459) to work on /home/ec2-user/environment/lab4_model_training/venv/lib64/python3.12/site-packages/airflow/example_dags/example_workday_timetable.py
[2026-03-23T01:02:56.179+0000] {processor.py:914} INFO - Processing file /home/ec2-user/environment/lab4_model_training/venv/lib64/python3.12/site-packages/airflow/example_dags/example_workday_timetable.py for tasks to queue
[2026-03-23T01:02:56.181+0000] {logging_mixin.py:190} INFO - [2026-03-23T01:02:56.181+0000] {dagbag.py:588} INFO - Filling up the DagBag from /home/ec2-user/environment/lab4_model_training/venv/lib64/python3.12/site-packages/airflow/example_dags/example_workday_timetable.py
[2026-03-23T01:02:56.186+0000] {processor.py:925} INFO - DAG(s) 'example_workday_timetable' retrieved from /home/ec2-user/environment/lab4_model_training/venv/lib64/python3.12/site-packages/airflow/example_dags/example_workday_timetable.py
[2026-03-23T01:02:56.201+0000] {logging_mixin.py:190} INFO - [2026-03-23T01:02:56.201+0000] {dag.py:3239} INFO - Sync 1 DAGs
[2026-03-23T01:02:56.256+0000] {logging_mixin.py:190} INFO - [2026-03-23T01:02:56.255+0000] {dag.py:4180} INFO - Setting next_dagrun for example_workday_timetable to 2021-01-04 00:00:00+00:00, run_after=2021-01-05 00:00:00+00:00
[2026-03-23T01:02:56.278+0000] {processor.py:208} INFO - Processing /home/ec2-user/environment/lab4_model_training/venv/lib64/python3.12/site-packages/airflow/example_dags/example_workday_timetable.py took 0.106 seconds
[2026-03-23T01:04:01.501+0000] {processor.py:186} INFO - Started process (PID=6618) to work on /home/ec2-user/environment/lab4_model_training/venv/lib64/python3.12/site-packages/airflow/example_dags/example_workday_timetable.py
[2026-03-23T01:04:01.502+0000] {processor.py:914} INFO - Processing file /home/ec2-user/environment/lab4_model_training/venv/lib64/python3.12/site-packages/airflow/example_dags/example_workday_timetable.py for tasks to queue
[2026-03-23T01:04:01.504+0000] {logging_mixin.py:190} INFO - [2026-03-23T01:04:01.504+0000] {dagbag.py:588} INFO - Filling up the DagBag from /home/ec2-user/environment/lab4_model_training/venv/lib64/python3.12/site-packages/airflow/example_dags/example_workday_timetable.py
[2026-03-23T01:04:01.509+0000] {processor.py:925} INFO - DAG(s) 'example_workday_timetable' retrieved from /home/ec2-user/environment/lab4_model_training/venv/lib64/python3.12/site-packages/airflow/example_dags/example_workday_timetable.py
[2026-03-23T01:04:01.524+0000] {logging_mixin.py:190} INFO - [2026-03-23T01:04:01.524+0000] {dag.py:3239} INFO - Sync 1 DAGs
[2026-03-23T01:04:01.580+0000] {logging_mixin.py:190} INFO - [2026-03-23T01:04:01.580+0000] {dag.py:4180} INFO - Setting next_dagrun for example_workday_timetable to 2021-01-04 00:00:00+00:00, run_after=2021-01-05 00:00:00+00:00
[2026-03-23T01:04:01.601+0000] {processor.py:208} INFO - Processing /home/ec2-user/environment/lab4_model_training/venv/lib64/python3.12/site-packages/airflow/example_dags/example_workday_timetable.py took 0.106 seconds
[2026-03-23T01:05:06.260+0000] {processor.py:186} INFO - Started process (PID=6796) to work on /home/ec2-user/environment/lab4_model_training/venv/lib64/python3.12/site-packages/airflow/example_dags/example_workday_timetable.py
[2026-03-23T01:05:06.261+0000] {processor.py:914} INFO - Processing file /home/ec2-user/environment/lab4_model_training/venv/lib64/python3.12/site-packages/airflow/example_dags/example_workday_timetable.py for tasks to queue
[2026-03-23T01:05:06.263+0000] {logging_mixin.py:190} INFO - [2026-03-23T01:05:06.263+0000] {dagbag.py:588} INFO - Filling up the DagBag from /home/ec2-user/environment/lab4_model_training/venv/lib64/python3.12/site-packages/airflow/example_dags/example_workday_timetable.py
[2026-03-23T01:05:06.268+0000] {processor.py:925} INFO - DAG(s) 'example_workday_timetable' retrieved from /home/ec2-user/environment/lab4_model_training/venv/lib64/python3.12/site-packages/airflow/example_dags/example_workday_timetable.py
[2026-03-23T01:05:06.283+0000] {logging_mixin.py:190} INFO - [2026-03-23T01:05:06.283+0000] {dag.py:3239} INFO - Sync 1 DAGs
[2026-03-23T01:05:06.340+0000] {logging_mixin.py:190} INFO - [2026-03-23T01:05:06.340+0000] {dag.py:4180} INFO - Setting next_dagrun for example_workday_timetable to 2021-01-04 00:00:00+00:00, run_after=2021-01-05 00:00:00+00:00
[2026-03-23T01:05:06.362+0000] {processor.py:208} INFO - Processing /home/ec2-user/environment/lab4_model_training/venv/lib64/python3.12/site-packages/airflow/example_dags/example_workday_timetable.py took 0.108 seconds
[2026-03-23T01:06:23.488+0000] {processor.py:186} INFO - Started process (PID=6946) to work on /home/ec2-user/environment/lab4_model_training/venv/lib64/python3.12/site-packages/airflow/example_dags/example_workday_timetable.py
[2026-03-23T01:06:23.489+0000] {processor.py:914} INFO - Processing file /home/ec2-user/environment/lab4_model_training/venv/lib64/python3.12/site-packages/airflow/example_dags/example_workday_timetable.py for tasks to queue
[2026-03-23T01:06:23.491+0000] {logging_mixin.py:190} INFO - [2026-03-23T01:06:23.491+0000] {dagbag.py:588} INFO - Filling up the DagBag from /home/ec2-user/environment/lab4_model_training/venv/lib64/python3.12/site-packages/airflow/example_dags/example_workday_timetable.py
[2026-03-23T01:06:23.496+0000] {processor.py:925} INFO - DAG(s) 'example_workday_timetable' retrieved from /home/ec2-user/environment/lab4_model_training/venv/lib64/python3.12/site-packages/airflow/example_dags/example_workday_timetable.py
[2026-03-23T01:06:23.511+0000] {logging_mixin.py:190} INFO - [2026-03-23T01:06:23.511+0000] {dag.py:3239} INFO - Sync 1 DAGs
[2026-03-23T01:06:23.568+0000] {logging_mixin.py:190} INFO - [2026-03-23T01:06:23.568+0000] {dag.py:4180} INFO - Setting next_dagrun for example_workday_timetable to 2021-01-04 00:00:00+00:00, run_after=2021-01-05 00:00:00+00:00
[2026-03-23T01:06:23.589+0000] {processor.py:208} INFO - Processing /home/ec2-user/environment/lab4_model_training/venv/lib64/python3.12/site-packages/airflow/example_dags/example_workday_timetable.py took 0.107 seconds
[2026-03-23T01:07:41.152+0000] {processor.py:186} INFO - Started process (PID=7132) to work on /home/ec2-user/environment/lab4_model_training/venv/lib64/python3.12/site-packages/airflow/example_dags/example_workday_timetable.py
[2026-03-23T01:07:41.153+0000] {processor.py:914} INFO - Processing file /home/ec2-user/environment/lab4_model_training/venv/lib64/python3.12/site-packages/airflow/example_dags/example_workday_timetable.py for tasks to queue
[2026-03-23T01:07:41.155+0000] {logging_mixin.py:190} INFO - [2026-03-23T01:07:41.155+0000] {dagbag.py:588} INFO - Filling up the DagBag from /home/ec2-user/environment/lab4_model_training/venv/lib64/python3.12/site-packages/airflow/example_dags/example_workday_timetable.py
[2026-03-23T01:07:41.160+0000] {processor.py:925} INFO - DAG(s) 'example_workday_timetable' retrieved from /home/ec2-user/environment/lab4_model_training/venv/lib64/python3.12/site-packages/airflow/example_dags/example_workday_timetable.py
[2026-03-23T01:07:41.176+0000] {logging_mixin.py:190} INFO - [2026-03-23T01:07:41.175+0000] {dag.py:3239} INFO - Sync 1 DAGs
[2026-03-23T01:07:41.231+0000] {logging_mixin.py:190} INFO - [2026-03-23T01:07:41.231+0000] {dag.py:4180} INFO - Setting next_dagrun for example_workday_timetable to 2021-01-04 00:00:00+00:00, run_after=2021-01-05 00:00:00+00:00
[2026-03-23T01:07:41.254+0000] {processor.py:208} INFO - Processing /home/ec2-user/environment/lab4_model_training/venv/lib64/python3.12/site-packages/airflow/example_dags/example_workday_timetable.py took 0.107 seconds
[2026-03-23T01:08:52.064+0000] {processor.py:186} INFO - Started process (PID=7294) to work on /home/ec2-user/environment/lab4_model_training/venv/lib64/python3.12/site-packages/airflow/example_dags/example_workday_timetable.py
[2026-03-23T01:08:52.065+0000] {processor.py:914} INFO - Processing file /home/ec2-user/environment/lab4_model_training/venv/lib64/python3.12/site-packages/airflow/example_dags/example_workday_timetable.py for tasks to queue
[2026-03-23T01:08:52.067+0000] {logging_mixin.py:190} INFO - [2026-03-23T01:08:52.067+0000] {dagbag.py:588} INFO - Filling up the DagBag from /home/ec2-user/environment/lab4_model_training/venv/lib64/python3.12/site-packages/airflow/example_dags/example_workday_timetable.py
[2026-03-23T01:08:52.072+0000] {processor.py:925} INFO - DAG(s) 'example_workday_timetable' retrieved from /home/ec2-user/environment/lab4_model_training/venv/lib64/python3.12/site-packages/airflow/example_dags/example_workday_timetable.py
[2026-03-23T01:08:52.087+0000] {logging_mixin.py:190} INFO - [2026-03-23T01:08:52.087+0000] {dag.py:3239} INFO - Sync 1 DAGs
[2026-03-23T01:08:52.142+0000] {logging_mixin.py:190} INFO - [2026-03-23T01:08:52.142+0000] {dag.py:4180} INFO - Setting next_dagrun for example_workday_timetable to 2021-01-04 00:00:00+00:00, run_after=2021-01-05 00:00:00+00:00
[2026-03-23T01:08:52.164+0000] {processor.py:208} INFO - Processing /home/ec2-user/environment/lab4_model_training/venv/lib64/python3.12/site-packages/airflow/example_dags/example_workday_timetable.py took 0.105 seconds
[2026-03-23T01:10:12.456+0000] {processor.py:186} INFO - Started process (PID=7496) to work on /home/ec2-user/environment/lab4_model_training/venv/lib64/python3.12/site-packages/airflow/example_dags/example_workday_timetable.py
[2026-03-23T01:10:12.458+0000] {processor.py:914} INFO - Processing file /home/ec2-user/environment/lab4_model_training/venv/lib64/python3.12/site-packages/airflow/example_dags/example_workday_timetable.py for tasks to queue
[2026-03-23T01:10:12.460+0000] {logging_mixin.py:190} INFO - [2026-03-23T01:10:12.459+0000] {dagbag.py:588} INFO - Filling up the DagBag from /home/ec2-user/environment/lab4_model_training/venv/lib64/python3.12/site-packages/airflow/example_dags/example_workday_timetable.py
[2026-03-23T01:10:12.465+0000] {processor.py:925} INFO - DAG(s) 'example_workday_timetable' retrieved from /home/ec2-user/environment/lab4_model_training/venv/lib64/python3.12/site-packages/airflow/example_dags/example_workday_timetable.py
[2026-03-23T01:10:12.480+0000] {logging_mixin.py:190} INFO - [2026-03-23T01:10:12.479+0000] {dag.py:3239} INFO - Sync 1 DAGs
[2026-03-23T01:10:12.535+0000] {logging_mixin.py:190} INFO - [2026-03-23T01:10:12.534+0000] {dag.py:4180} INFO - Setting next_dagrun for example_workday_timetable to 2021-01-04 00:00:00+00:00, run_after=2021-01-05 00:00:00+00:00
[2026-03-23T01:10:12.555+0000] {processor.py:208} INFO - Processing /home/ec2-user/environment/lab4_model_training/venv/lib64/python3.12/site-packages/airflow/example_dags/example_workday_timetable.py took 0.104 seconds
[2026-03-23T01:11:19.392+0000] {processor.py:186} INFO - Started process (PID=7627) to work on /home/ec2-user/environment/lab4_model_training/venv/lib64/python3.12/site-packages/airflow/example_dags/example_workday_timetable.py
[2026-03-23T01:11:19.393+0000] {processor.py:914} INFO - Processing file /home/ec2-user/environment/lab4_model_training/venv/lib64/python3.12/site-packages/airflow/example_dags/example_workday_timetable.py for tasks to queue
[2026-03-23T01:11:19.395+0000] {logging_mixin.py:190} INFO - [2026-03-23T01:11:19.395+0000] {dagbag.py:588} INFO - Filling up the DagBag from /home/ec2-user/environment/lab4_model_training/venv/lib64/python3.12/site-packages/airflow/example_dags/example_workday_timetable.py
[2026-03-23T01:11:19.401+0000] {processor.py:925} INFO - DAG(s) 'example_workday_timetable' retrieved from /home/ec2-user/environment/lab4_model_training/venv/lib64/python3.12/site-packages/airflow/example_dags/example_workday_timetable.py
[2026-03-23T01:11:19.417+0000] {logging_mixin.py:190} INFO - [2026-03-23T01:11:19.417+0000] {dag.py:3239} INFO - Sync 1 DAGs
[2026-03-23T01:11:19.476+0000] {logging_mixin.py:190} INFO - [2026-03-23T01:11:19.476+0000] {dag.py:4180} INFO - Setting next_dagrun for example_workday_timetable to 2021-01-04 00:00:00+00:00, run_after=2021-01-05 00:00:00+00:00
[2026-03-23T01:11:19.497+0000] {processor.py:208} INFO - Processing /home/ec2-user/environment/lab4_model_training/venv/lib64/python3.12/site-packages/airflow/example_dags/example_workday_timetable.py took 0.111 seconds
[2026-03-23T01:12:23.676+0000] {processor.py:186} INFO - Started process (PID=7789) to work on /home/ec2-user/environment/lab4_model_training/venv/lib64/python3.12/site-packages/airflow/example_dags/example_workday_timetable.py
[2026-03-23T01:12:23.677+0000] {processor.py:914} INFO - Processing file /home/ec2-user/environment/lab4_model_training/venv/lib64/python3.12/site-packages/airflow/example_dags/example_workday_timetable.py for tasks to queue
[2026-03-23T01:12:23.679+0000] {logging_mixin.py:190} INFO - [2026-03-23T01:12:23.678+0000] {dagbag.py:588} INFO - Filling up the DagBag from /home/ec2-user/environment/lab4_model_training/venv/lib64/python3.12/site-packages/airflow/example_dags/example_workday_timetable.py
[2026-03-23T01:12:23.684+0000] {processor.py:925} INFO - DAG(s) 'example_workday_timetable' retrieved from /home/ec2-user/environment/lab4_model_training/venv/lib64/python3.12/site-packages/airflow/example_dags/example_workday_timetable.py
[2026-03-23T01:12:23.699+0000] {logging_mixin.py:190} INFO - [2026-03-23T01:12:23.699+0000] {dag.py:3239} INFO - Sync 1 DAGs
[2026-03-23T01:12:23.754+0000] {logging_mixin.py:190} INFO - [2026-03-23T01:12:23.754+0000] {dag.py:4180} INFO - Setting next_dagrun for example_workday_timetable to 2021-01-04 00:00:00+00:00, run_after=2021-01-05 00:00:00+00:00
[2026-03-23T01:12:23.774+0000] {processor.py:208} INFO - Processing /home/ec2-user/environment/lab4_model_training/venv/lib64/python3.12/site-packages/airflow/example_dags/example_workday_timetable.py took 0.104 seconds
[2026-03-23T01:13:28.027+0000] {processor.py:186} INFO - Started process (PID=7897) to work on /home/ec2-user/environment/lab4_model_training/venv/lib64/python3.12/site-packages/airflow/example_dags/example_workday_timetable.py
[2026-03-23T01:13:28.028+0000] {processor.py:914} INFO - Processing file /home/ec2-user/environment/lab4_model_training/venv/lib64/python3.12/site-packages/airflow/example_dags/example_workday_timetable.py for tasks to queue
[2026-03-23T01:13:28.030+0000] {logging_mixin.py:190} INFO - [2026-03-23T01:13:28.030+0000] {dagbag.py:588} INFO - Filling up the DagBag from /home/ec2-user/environment/lab4_model_training/venv/lib64/python3.12/site-packages/airflow/example_dags/example_workday_timetable.py
[2026-03-23T01:13:28.036+0000] {processor.py:925} INFO - DAG(s) 'example_workday_timetable' retrieved from /home/ec2-user/environment/lab4_model_training/venv/lib64/python3.12/site-packages/airflow/example_dags/example_workday_timetable.py
[2026-03-23T01:13:28.051+0000] {logging_mixin.py:190} INFO - [2026-03-23T01:13:28.050+0000] {dag.py:3239} INFO - Sync 1 DAGs
[2026-03-23T01:13:28.107+0000] {logging_mixin.py:190} INFO - [2026-03-23T01:13:28.107+0000] {dag.py:4180} INFO - Setting next_dagrun for example_workday_timetable to 2021-01-04 00:00:00+00:00, run_after=2021-01-05 00:00:00+00:00
[2026-03-23T01:13:28.129+0000] {processor.py:208} INFO - Processing /home/ec2-user/environment/lab4_model_training/venv/lib64/python3.12/site-packages/airflow/example_dags/example_workday_timetable.py took 0.108 seconds
[2026-03-23T01:14:30.783+0000] {processor.py:186} INFO - Started process (PID=8047) to work on /home/ec2-user/environment/lab4_model_training/venv/lib64/python3.12/site-packages/airflow/example_dags/example_workday_timetable.py
[2026-03-23T01:14:30.784+0000] {processor.py:914} INFO - Processing file /home/ec2-user/environment/lab4_model_training/venv/lib64/python3.12/site-packages/airflow/example_dags/example_workday_timetable.py for tasks to queue
[2026-03-23T01:14:30.786+0000] {logging_mixin.py:190} INFO - [2026-03-23T01:14:30.785+0000] {dagbag.py:588} INFO - Filling up the DagBag from /home/ec2-user/environment/lab4_model_training/venv/lib64/python3.12/site-packages/airflow/example_dags/example_workday_timetable.py
[2026-03-23T01:14:30.791+0000] {processor.py:925} INFO - DAG(s) 'example_workday_timetable' retrieved from /home/ec2-user/environment/lab4_model_training/venv/lib64/python3.12/site-packages/airflow/example_dags/example_workday_timetable.py
[2026-03-23T01:14:30.806+0000] {logging_mixin.py:190} INFO - [2026-03-23T01:14:30.806+0000] {dag.py:3239} INFO - Sync 1 DAGs
[2026-03-23T01:14:30.862+0000] {logging_mixin.py:190} INFO - [2026-03-23T01:14:30.862+0000] {dag.py:4180} INFO - Setting next_dagrun for example_workday_timetable to 2021-01-04 00:00:00+00:00, run_after=2021-01-05 00:00:00+00:00
[2026-03-23T01:14:30.884+0000] {processor.py:208} INFO - Processing /home/ec2-user/environment/lab4_model_training/venv/lib64/python3.12/site-packages/airflow/example_dags/example_workday_timetable.py took 0.107 seconds
[2026-03-23T01:15:42.092+0000] {processor.py:186} INFO - Started process (PID=8172) to work on /home/ec2-user/environment/lab4_model_training/venv/lib64/python3.12/site-packages/airflow/example_dags/example_workday_timetable.py
[2026-03-23T01:15:42.093+0000] {processor.py:914} INFO - Processing file /home/ec2-user/environment/lab4_model_training/venv/lib64/python3.12/site-packages/airflow/example_dags/example_workday_timetable.py for tasks to queue
[2026-03-23T01:15:42.095+0000] {logging_mixin.py:190} INFO - [2026-03-23T01:15:42.094+0000] {dagbag.py:588} INFO - Filling up the DagBag from /home/ec2-user/environment/lab4_model_training/venv/lib64/python3.12/site-packages/airflow/example_dags/example_workday_timetable.py
[2026-03-23T01:15:42.100+0000] {processor.py:925} INFO - DAG(s) 'example_workday_timetable' retrieved from /home/ec2-user/environment/lab4_model_training/venv/lib64/python3.12/site-packages/airflow/example_dags/example_workday_timetable.py
[2026-03-23T01:15:42.115+0000] {logging_mixin.py:190} INFO - [2026-03-23T01:15:42.115+0000] {dag.py:3239} INFO - Sync 1 DAGs
[2026-03-23T01:15:42.171+0000] {logging_mixin.py:190} INFO - [2026-03-23T01:15:42.170+0000] {dag.py:4180} INFO - Setting next_dagrun for example_workday_timetable to 2021-01-04 00:00:00+00:00, run_after=2021-01-05 00:00:00+00:00
[2026-03-23T01:15:42.192+0000] {processor.py:208} INFO - Processing /home/ec2-user/environment/lab4_model_training/venv/lib64/python3.12/site-packages/airflow/example_dags/example_workday_timetable.py took 0.106 seconds
[2026-03-23T01:16:49.057+0000] {processor.py:186} INFO - Started process (PID=8334) to work on /home/ec2-user/environment/lab4_model_training/venv/lib64/python3.12/site-packages/airflow/example_dags/example_workday_timetable.py
[2026-03-23T01:16:49.058+0000] {processor.py:914} INFO - Processing file /home/ec2-user/environment/lab4_model_training/venv/lib64/python3.12/site-packages/airflow/example_dags/example_workday_timetable.py for tasks to queue
[2026-03-23T01:16:49.060+0000] {logging_mixin.py:190} INFO - [2026-03-23T01:16:49.060+0000] {dagbag.py:588} INFO - Filling up the DagBag from /home/ec2-user/environment/lab4_model_training/venv/lib64/python3.12/site-packages/airflow/example_dags/example_workday_timetable.py
[2026-03-23T01:16:49.066+0000] {processor.py:925} INFO - DAG(s) 'example_workday_timetable' retrieved from /home/ec2-user/environment/lab4_model_training/venv/lib64/python3.12/site-packages/airflow/example_dags/example_workday_timetable.py
[2026-03-23T01:16:49.081+0000] {logging_mixin.py:190} INFO - [2026-03-23T01:16:49.081+0000] {dag.py:3239} INFO - Sync 1 DAGs
[2026-03-23T01:16:49.138+0000] {logging_mixin.py:190} INFO - [2026-03-23T01:16:49.138+0000] {dag.py:4180} INFO - Setting next_dagrun for example_workday_timetable to 2021-01-04 00:00:00+00:00, run_after=2021-01-05 00:00:00+00:00
[2026-03-23T01:16:49.162+0000] {processor.py:208} INFO - Processing /home/ec2-user/environment/lab4_model_training/venv/lib64/python3.12/site-packages/airflow/example_dags/example_workday_timetable.py took 0.110 seconds
[2026-03-23T01:17:51.830+0000] {processor.py:186} INFO - Started process (PID=8495) to work on /home/ec2-user/environment/lab4_model_training/venv/lib64/python3.12/site-packages/airflow/example_dags/example_workday_timetable.py
[2026-03-23T01:17:51.831+0000] {processor.py:914} INFO - Processing file /home/ec2-user/environment/lab4_model_training/venv/lib64/python3.12/site-packages/airflow/example_dags/example_workday_timetable.py for tasks to queue
[2026-03-23T01:17:51.833+0000] {logging_mixin.py:190} INFO - [2026-03-23T01:17:51.833+0000] {dagbag.py:588} INFO - Filling up the DagBag from /home/ec2-user/environment/lab4_model_training/venv/lib64/python3.12/site-packages/airflow/example_dags/example_workday_timetable.py
[2026-03-23T01:17:51.839+0000] {processor.py:925} INFO - DAG(s) 'example_workday_timetable' retrieved from /home/ec2-user/environment/lab4_model_training/venv/lib64/python3.12/site-packages/airflow/example_dags/example_workday_timetable.py
[2026-03-23T01:17:51.853+0000] {logging_mixin.py:190} INFO - [2026-03-23T01:17:51.853+0000] {dag.py:3239} INFO - Sync 1 DAGs
[2026-03-23T01:17:51.909+0000] {logging_mixin.py:190} INFO - [2026-03-23T01:17:51.908+0000] {dag.py:4180} INFO - Setting next_dagrun for example_workday_timetable to 2021-01-04 00:00:00+00:00, run_after=2021-01-05 00:00:00+00:00
[2026-03-23T01:17:51.930+0000] {processor.py:208} INFO - Processing /home/ec2-user/environment/lab4_model_training/venv/lib64/python3.12/site-packages/airflow/example_dags/example_workday_timetable.py took 0.105 seconds
[2026-03-23T01:18:55.450+0000] {processor.py:186} INFO - Started process (PID=8623) to work on /home/ec2-user/environment/lab4_model_training/venv/lib64/python3.12/site-packages/airflow/example_dags/example_workday_timetable.py
[2026-03-23T01:18:55.451+0000] {processor.py:914} INFO - Processing file /home/ec2-user/environment/lab4_model_training/venv/lib64/python3.12/site-packages/airflow/example_dags/example_workday_timetable.py for tasks to queue
[2026-03-23T01:18:55.453+0000] {logging_mixin.py:190} INFO - [2026-03-23T01:18:55.452+0000] {dagbag.py:588} INFO - Filling up the DagBag from /home/ec2-user/environment/lab4_model_training/venv/lib64/python3.12/site-packages/airflow/example_dags/example_workday_timetable.py
[2026-03-23T01:18:55.458+0000] {processor.py:925} INFO - DAG(s) 'example_workday_timetable' retrieved from /home/ec2-user/environment/lab4_model_training/venv/lib64/python3.12/site-packages/airflow/example_dags/example_workday_timetable.py
[2026-03-23T01:18:55.472+0000] {logging_mixin.py:190} INFO - [2026-03-23T01:18:55.472+0000] {dag.py:3239} INFO - Sync 1 DAGs
[2026-03-23T01:18:55.525+0000] {logging_mixin.py:190} INFO - [2026-03-23T01:18:55.525+0000] {dag.py:4180} INFO - Setting next_dagrun for example_workday_timetable to 2021-01-04 00:00:00+00:00, run_after=2021-01-05 00:00:00+00:00
[2026-03-23T01:18:55.549+0000] {processor.py:208} INFO - Processing /home/ec2-user/environment/lab4_model_training/venv/lib64/python3.12/site-packages/airflow/example_dags/example_workday_timetable.py took 0.105 seconds
[2026-03-23T01:19:57.480+0000] {processor.py:186} INFO - Started process (PID=8771) to work on /home/ec2-user/environment/lab4_model_training/venv/lib64/python3.12/site-packages/airflow/example_dags/example_workday_timetable.py
[2026-03-23T01:19:57.481+0000] {processor.py:914} INFO - Processing file /home/ec2-user/environment/lab4_model_training/venv/lib64/python3.12/site-packages/airflow/example_dags/example_workday_timetable.py for tasks to queue
[2026-03-23T01:19:57.483+0000] {logging_mixin.py:190} INFO - [2026-03-23T01:19:57.483+0000] {dagbag.py:588} INFO - Filling up the DagBag from /home/ec2-user/environment/lab4_model_training/venv/lib64/python3.12/site-packages/airflow/example_dags/example_workday_timetable.py
[2026-03-23T01:19:57.489+0000] {processor.py:925} INFO - DAG(s) 'example_workday_timetable' retrieved from /home/ec2-user/environment/lab4_model_training/venv/lib64/python3.12/site-packages/airflow/example_dags/example_workday_timetable.py
[2026-03-23T01:19:57.503+0000] {logging_mixin.py:190} INFO - [2026-03-23T01:19:57.503+0000] {dag.py:3239} INFO - Sync 1 DAGs
[2026-03-23T01:19:57.558+0000] {logging_mixin.py:190} INFO - [2026-03-23T01:19:57.558+0000] {dag.py:4180} INFO - Setting next_dagrun for example_workday_timetable to 2021-01-04 00:00:00+00:00, run_after=2021-01-05 00:00:00+00:00
[2026-03-23T01:19:57.578+0000] {processor.py:208} INFO - Processing /home/ec2-user/environment/lab4_model_training/venv/lib64/python3.12/site-packages/airflow/example_dags/example_workday_timetable.py took 0.104 seconds
[2026-03-23T01:21:03.247+0000] {processor.py:186} INFO - Started process (PID=8902) to work on /home/ec2-user/environment/lab4_model_training/venv/lib64/python3.12/site-packages/airflow/example_dags/example_workday_timetable.py
[2026-03-23T01:21:03.249+0000] {processor.py:914} INFO - Processing file /home/ec2-user/environment/lab4_model_training/venv/lib64/python3.12/site-packages/airflow/example_dags/example_workday_timetable.py for tasks to queue
[2026-03-23T01:21:03.250+0000] {logging_mixin.py:190} INFO - [2026-03-23T01:21:03.250+0000] {dagbag.py:588} INFO - Filling up the DagBag from /home/ec2-user/environment/lab4_model_training/venv/lib64/python3.12/site-packages/airflow/example_dags/example_workday_timetable.py
[2026-03-23T01:21:03.256+0000] {processor.py:925} INFO - DAG(s) 'example_workday_timetable' retrieved from /home/ec2-user/environment/lab4_model_training/venv/lib64/python3.12/site-packages/airflow/example_dags/example_workday_timetable.py
[2026-03-23T01:21:03.270+0000] {logging_mixin.py:190} INFO - [2026-03-23T01:21:03.270+0000] {dag.py:3239} INFO - Sync 1 DAGs
[2026-03-23T01:21:03.326+0000] {logging_mixin.py:190} INFO - [2026-03-23T01:21:03.325+0000] {dag.py:4180} INFO - Setting next_dagrun for example_workday_timetable to 2021-01-04 00:00:00+00:00, run_after=2021-01-05 00:00:00+00:00
[2026-03-23T01:21:03.348+0000] {processor.py:208} INFO - Processing /home/ec2-user/environment/lab4_model_training/venv/lib64/python3.12/site-packages/airflow/example_dags/example_workday_timetable.py took 0.106 seconds
[2026-03-23T01:22:10.118+0000] {processor.py:186} INFO - Started process (PID=9077) to work on /home/ec2-user/environment/lab4_model_training/venv/lib64/python3.12/site-packages/airflow/example_dags/example_workday_timetable.py
[2026-03-23T01:22:10.119+0000] {processor.py:914} INFO - Processing file /home/ec2-user/environment/lab4_model_training/venv/lib64/python3.12/site-packages/airflow/example_dags/example_workday_timetable.py for tasks to queue
[2026-03-23T01:22:10.121+0000] {logging_mixin.py:190} INFO - [2026-03-23T01:22:10.120+0000] {dagbag.py:588} INFO - Filling up the DagBag from /home/ec2-user/environment/lab4_model_training/venv/lib64/python3.12/site-packages/airflow/example_dags/example_workday_timetable.py
[2026-03-23T01:22:10.127+0000] {processor.py:925} INFO - DAG(s) 'example_workday_timetable' retrieved from /home/ec2-user/environment/lab4_model_training/venv/lib64/python3.12/site-packages/airflow/example_dags/example_workday_timetable.py
[2026-03-23T01:22:10.141+0000] {logging_mixin.py:190} INFO - [2026-03-23T01:22:10.141+0000] {dag.py:3239} INFO - Sync 1 DAGs
[2026-03-23T01:22:10.197+0000] {logging_mixin.py:190} INFO - [2026-03-23T01:22:10.196+0000] {dag.py:4180} INFO - Setting next_dagrun for example_workday_timetable to 2021-01-04 00:00:00+00:00, run_after=2021-01-05 00:00:00+00:00
[2026-03-23T01:22:10.219+0000] {processor.py:208} INFO - Processing /home/ec2-user/environment/lab4_model_training/venv/lib64/python3.12/site-packages/airflow/example_dags/example_workday_timetable.py took 0.106 seconds
[2026-03-23T01:23:22.122+0000] {processor.py:186} INFO - Started process (PID=9213) to work on /home/ec2-user/environment/lab4_model_training/venv/lib64/python3.12/site-packages/airflow/example_dags/example_workday_timetable.py
[2026-03-23T01:23:22.123+0000] {processor.py:914} INFO - Processing file /home/ec2-user/environment/lab4_model_training/venv/lib64/python3.12/site-packages/airflow/example_dags/example_workday_timetable.py for tasks to queue
[2026-03-23T01:23:22.125+0000] {logging_mixin.py:190} INFO - [2026-03-23T01:23:22.125+0000] {dagbag.py:588} INFO - Filling up the DagBag from /home/ec2-user/environment/lab4_model_training/venv/lib64/python3.12/site-packages/airflow/example_dags/example_workday_timetable.py
[2026-03-23T01:23:22.131+0000] {processor.py:925} INFO - DAG(s) 'example_workday_timetable' retrieved from /home/ec2-user/environment/lab4_model_training/venv/lib64/python3.12/site-packages/airflow/example_dags/example_workday_timetable.py
[2026-03-23T01:23:22.146+0000] {logging_mixin.py:190} INFO - [2026-03-23T01:23:22.146+0000] {dag.py:3239} INFO - Sync 1 DAGs
[2026-03-23T01:23:22.203+0000] {logging_mixin.py:190} INFO - [2026-03-23T01:23:22.203+0000] {dag.py:4180} INFO - Setting next_dagrun for example_workday_timetable to 2021-01-04 00:00:00+00:00, run_after=2021-01-05 00:00:00+00:00
[2026-03-23T01:23:22.225+0000] {processor.py:208} INFO - Processing /home/ec2-user/environment/lab4_model_training/venv/lib64/python3.12/site-packages/airflow/example_dags/example_workday_timetable.py took 0.108 seconds
