[2026-03-23T00:59:49.544+0000] {processor.py:186} INFO - Started process (PID=5924) to work on /home/ec2-user/environment/lab4_model_training/venv/lib64/python3.12/site-packages/airflow/example_dags/tutorial_taskflow_api.py
[2026-03-23T00:59:49.545+0000] {processor.py:914} INFO - Processing file /home/ec2-user/environment/lab4_model_training/venv/lib64/python3.12/site-packages/airflow/example_dags/tutorial_taskflow_api.py for tasks to queue
[2026-03-23T00:59:49.547+0000] {logging_mixin.py:190} INFO - [2026-03-23T00:59:49.546+0000] {dagbag.py:588} INFO - Filling up the DagBag from /home/ec2-user/environment/lab4_model_training/venv/lib64/python3.12/site-packages/airflow/example_dags/tutorial_taskflow_api.py
[2026-03-23T00:59:49.554+0000] {processor.py:925} INFO - DAG(s) 'tutorial_taskflow_api' retrieved from /home/ec2-user/environment/lab4_model_training/venv/lib64/python3.12/site-packages/airflow/example_dags/tutorial_taskflow_api.py
[2026-03-23T00:59:49.569+0000] {logging_mixin.py:190} INFO - [2026-03-23T00:59:49.568+0000] {dag.py:3239} INFO - Sync 1 DAGs
[2026-03-23T00:59:49.581+0000] {logging_mixin.py:190} INFO - [2026-03-23T00:59:49.580+0000] {dag.py:4180} INFO - Setting next_dagrun for tutorial_taskflow_api to None, run_after=None
[2026-03-23T00:59:49.602+0000] {processor.py:208} INFO - Processing /home/ec2-user/environment/lab4_model_training/venv/lib64/python3.12/site-packages/airflow/example_dags/tutorial_taskflow_api.py took 0.063 seconds
[2026-03-23T01:00:55.472+0000] {processor.py:186} INFO - Started process (PID=6067) to work on /home/ec2-user/environment/lab4_model_training/venv/lib64/python3.12/site-packages/airflow/example_dags/tutorial_taskflow_api.py
[2026-03-23T01:00:55.473+0000] {processor.py:914} INFO - Processing file /home/ec2-user/environment/lab4_model_training/venv/lib64/python3.12/site-packages/airflow/example_dags/tutorial_taskflow_api.py for tasks to queue
[2026-03-23T01:00:55.476+0000] {logging_mixin.py:190} INFO - [2026-03-23T01:00:55.475+0000] {dagbag.py:588} INFO - Filling up the DagBag from /home/ec2-user/environment/lab4_model_training/venv/lib64/python3.12/site-packages/airflow/example_dags/tutorial_taskflow_api.py
[2026-03-23T01:00:55.483+0000] {processor.py:925} INFO - DAG(s) 'tutorial_taskflow_api' retrieved from /home/ec2-user/environment/lab4_model_training/venv/lib64/python3.12/site-packages/airflow/example_dags/tutorial_taskflow_api.py
[2026-03-23T01:00:55.498+0000] {logging_mixin.py:190} INFO - [2026-03-23T01:00:55.498+0000] {dag.py:3239} INFO - Sync 1 DAGs
[2026-03-23T01:00:55.510+0000] {logging_mixin.py:190} INFO - [2026-03-23T01:00:55.510+0000] {dag.py:4180} INFO - Setting next_dagrun for tutorial_taskflow_api to None, run_after=None
[2026-03-23T01:00:55.531+0000] {processor.py:208} INFO - Processing /home/ec2-user/environment/lab4_model_training/venv/lib64/python3.12/site-packages/airflow/example_dags/tutorial_taskflow_api.py took 0.064 seconds
[2026-03-23T01:01:57.743+0000] {processor.py:186} INFO - Started process (PID=6280) to work on /home/ec2-user/environment/lab4_model_training/venv/lib64/python3.12/site-packages/airflow/example_dags/tutorial_taskflow_api.py
[2026-03-23T01:01:57.744+0000] {processor.py:914} INFO - Processing file /home/ec2-user/environment/lab4_model_training/venv/lib64/python3.12/site-packages/airflow/example_dags/tutorial_taskflow_api.py for tasks to queue
[2026-03-23T01:01:57.746+0000] {logging_mixin.py:190} INFO - [2026-03-23T01:01:57.746+0000] {dagbag.py:588} INFO - Filling up the DagBag from /home/ec2-user/environment/lab4_model_training/venv/lib64/python3.12/site-packages/airflow/example_dags/tutorial_taskflow_api.py
[2026-03-23T01:01:57.754+0000] {processor.py:925} INFO - DAG(s) 'tutorial_taskflow_api' retrieved from /home/ec2-user/environment/lab4_model_training/venv/lib64/python3.12/site-packages/airflow/example_dags/tutorial_taskflow_api.py
[2026-03-23T01:01:57.769+0000] {logging_mixin.py:190} INFO - [2026-03-23T01:01:57.769+0000] {dag.py:3239} INFO - Sync 1 DAGs
[2026-03-23T01:01:57.781+0000] {logging_mixin.py:190} INFO - [2026-03-23T01:01:57.781+0000] {dag.py:4180} INFO - Setting next_dagrun for tutorial_taskflow_api to None, run_after=None
[2026-03-23T01:01:57.802+0000] {processor.py:208} INFO - Processing /home/ec2-user/environment/lab4_model_training/venv/lib64/python3.12/site-packages/airflow/example_dags/tutorial_taskflow_api.py took 0.064 seconds
[2026-03-23T01:03:01.331+0000] {processor.py:186} INFO - Started process (PID=6499) to work on /home/ec2-user/environment/lab4_model_training/venv/lib64/python3.12/site-packages/airflow/example_dags/tutorial_taskflow_api.py
[2026-03-23T01:03:01.332+0000] {processor.py:914} INFO - Processing file /home/ec2-user/environment/lab4_model_training/venv/lib64/python3.12/site-packages/airflow/example_dags/tutorial_taskflow_api.py for tasks to queue
[2026-03-23T01:03:01.334+0000] {logging_mixin.py:190} INFO - [2026-03-23T01:03:01.334+0000] {dagbag.py:588} INFO - Filling up the DagBag from /home/ec2-user/environment/lab4_model_training/venv/lib64/python3.12/site-packages/airflow/example_dags/tutorial_taskflow_api.py
[2026-03-23T01:03:01.342+0000] {processor.py:925} INFO - DAG(s) 'tutorial_taskflow_api' retrieved from /home/ec2-user/environment/lab4_model_training/venv/lib64/python3.12/site-packages/airflow/example_dags/tutorial_taskflow_api.py
[2026-03-23T01:03:01.357+0000] {logging_mixin.py:190} INFO - [2026-03-23T01:03:01.357+0000] {dag.py:3239} INFO - Sync 1 DAGs
[2026-03-23T01:03:01.368+0000] {logging_mixin.py:190} INFO - [2026-03-23T01:03:01.368+0000] {dag.py:4180} INFO - Setting next_dagrun for tutorial_taskflow_api to None, run_after=None
[2026-03-23T01:03:01.389+0000] {processor.py:208} INFO - Processing /home/ec2-user/environment/lab4_model_training/venv/lib64/python3.12/site-packages/airflow/example_dags/tutorial_taskflow_api.py took 0.063 seconds
[2026-03-23T01:04:07.451+0000] {processor.py:186} INFO - Started process (PID=6631) to work on /home/ec2-user/environment/lab4_model_training/venv/lib64/python3.12/site-packages/airflow/example_dags/tutorial_taskflow_api.py
[2026-03-23T01:04:07.452+0000] {processor.py:914} INFO - Processing file /home/ec2-user/environment/lab4_model_training/venv/lib64/python3.12/site-packages/airflow/example_dags/tutorial_taskflow_api.py for tasks to queue
[2026-03-23T01:04:07.454+0000] {logging_mixin.py:190} INFO - [2026-03-23T01:04:07.454+0000] {dagbag.py:588} INFO - Filling up the DagBag from /home/ec2-user/environment/lab4_model_training/venv/lib64/python3.12/site-packages/airflow/example_dags/tutorial_taskflow_api.py
[2026-03-23T01:04:07.462+0000] {processor.py:925} INFO - DAG(s) 'tutorial_taskflow_api' retrieved from /home/ec2-user/environment/lab4_model_training/venv/lib64/python3.12/site-packages/airflow/example_dags/tutorial_taskflow_api.py
[2026-03-23T01:04:07.477+0000] {logging_mixin.py:190} INFO - [2026-03-23T01:04:07.477+0000] {dag.py:3239} INFO - Sync 1 DAGs
[2026-03-23T01:04:07.489+0000] {logging_mixin.py:190} INFO - [2026-03-23T01:04:07.488+0000] {dag.py:4180} INFO - Setting next_dagrun for tutorial_taskflow_api to None, run_after=None
[2026-03-23T01:04:07.510+0000] {processor.py:208} INFO - Processing /home/ec2-user/environment/lab4_model_training/venv/lib64/python3.12/site-packages/airflow/example_dags/tutorial_taskflow_api.py took 0.064 seconds
[2026-03-23T01:05:12.657+0000] {processor.py:186} INFO - Started process (PID=6802) to work on /home/ec2-user/environment/lab4_model_training/venv/lib64/python3.12/site-packages/airflow/example_dags/tutorial_taskflow_api.py
[2026-03-23T01:05:12.659+0000] {processor.py:914} INFO - Processing file /home/ec2-user/environment/lab4_model_training/venv/lib64/python3.12/site-packages/airflow/example_dags/tutorial_taskflow_api.py for tasks to queue
[2026-03-23T01:05:12.661+0000] {logging_mixin.py:190} INFO - [2026-03-23T01:05:12.661+0000] {dagbag.py:588} INFO - Filling up the DagBag from /home/ec2-user/environment/lab4_model_training/venv/lib64/python3.12/site-packages/airflow/example_dags/tutorial_taskflow_api.py
[2026-03-23T01:05:12.672+0000] {processor.py:925} INFO - DAG(s) 'tutorial_taskflow_api' retrieved from /home/ec2-user/environment/lab4_model_training/venv/lib64/python3.12/site-packages/airflow/example_dags/tutorial_taskflow_api.py
[2026-03-23T01:05:12.692+0000] {logging_mixin.py:190} INFO - [2026-03-23T01:05:12.692+0000] {dag.py:3239} INFO - Sync 1 DAGs
[2026-03-23T01:05:12.707+0000] {logging_mixin.py:190} INFO - [2026-03-23T01:05:12.707+0000] {dag.py:4180} INFO - Setting next_dagrun for tutorial_taskflow_api to None, run_after=None
[2026-03-23T01:05:12.731+0000] {processor.py:208} INFO - Processing /home/ec2-user/environment/lab4_model_training/venv/lib64/python3.12/site-packages/airflow/example_dags/tutorial_taskflow_api.py took 0.081 seconds
[2026-03-23T01:06:33.239+0000] {processor.py:186} INFO - Started process (PID=6962) to work on /home/ec2-user/environment/lab4_model_training/venv/lib64/python3.12/site-packages/airflow/example_dags/tutorial_taskflow_api.py
[2026-03-23T01:06:33.240+0000] {processor.py:914} INFO - Processing file /home/ec2-user/environment/lab4_model_training/venv/lib64/python3.12/site-packages/airflow/example_dags/tutorial_taskflow_api.py for tasks to queue
[2026-03-23T01:06:33.242+0000] {logging_mixin.py:190} INFO - [2026-03-23T01:06:33.242+0000] {dagbag.py:588} INFO - Filling up the DagBag from /home/ec2-user/environment/lab4_model_training/venv/lib64/python3.12/site-packages/airflow/example_dags/tutorial_taskflow_api.py
[2026-03-23T01:06:33.250+0000] {processor.py:925} INFO - DAG(s) 'tutorial_taskflow_api' retrieved from /home/ec2-user/environment/lab4_model_training/venv/lib64/python3.12/site-packages/airflow/example_dags/tutorial_taskflow_api.py
[2026-03-23T01:06:33.264+0000] {logging_mixin.py:190} INFO - [2026-03-23T01:06:33.264+0000] {dag.py:3239} INFO - Sync 1 DAGs
[2026-03-23T01:06:33.276+0000] {logging_mixin.py:190} INFO - [2026-03-23T01:06:33.276+0000] {dag.py:4180} INFO - Setting next_dagrun for tutorial_taskflow_api to None, run_after=None
[2026-03-23T01:06:33.296+0000] {processor.py:208} INFO - Processing /home/ec2-user/environment/lab4_model_training/venv/lib64/python3.12/site-packages/airflow/example_dags/tutorial_taskflow_api.py took 0.063 seconds
[2026-03-23T01:07:47.117+0000] {processor.py:186} INFO - Started process (PID=7142) to work on /home/ec2-user/environment/lab4_model_training/venv/lib64/python3.12/site-packages/airflow/example_dags/tutorial_taskflow_api.py
[2026-03-23T01:07:47.118+0000] {processor.py:914} INFO - Processing file /home/ec2-user/environment/lab4_model_training/venv/lib64/python3.12/site-packages/airflow/example_dags/tutorial_taskflow_api.py for tasks to queue
[2026-03-23T01:07:47.120+0000] {logging_mixin.py:190} INFO - [2026-03-23T01:07:47.120+0000] {dagbag.py:588} INFO - Filling up the DagBag from /home/ec2-user/environment/lab4_model_training/venv/lib64/python3.12/site-packages/airflow/example_dags/tutorial_taskflow_api.py
[2026-03-23T01:07:47.129+0000] {processor.py:925} INFO - DAG(s) 'tutorial_taskflow_api' retrieved from /home/ec2-user/environment/lab4_model_training/venv/lib64/python3.12/site-packages/airflow/example_dags/tutorial_taskflow_api.py
[2026-03-23T01:07:47.143+0000] {logging_mixin.py:190} INFO - [2026-03-23T01:07:47.143+0000] {dag.py:3239} INFO - Sync 1 DAGs
[2026-03-23T01:07:47.155+0000] {logging_mixin.py:190} INFO - [2026-03-23T01:07:47.155+0000] {dag.py:4180} INFO - Setting next_dagrun for tutorial_taskflow_api to None, run_after=None
[2026-03-23T01:07:47.177+0000] {processor.py:208} INFO - Processing /home/ec2-user/environment/lab4_model_training/venv/lib64/python3.12/site-packages/airflow/example_dags/tutorial_taskflow_api.py took 0.065 seconds
[2026-03-23T01:09:00.028+0000] {processor.py:186} INFO - Started process (PID=7309) to work on /home/ec2-user/environment/lab4_model_training/venv/lib64/python3.12/site-packages/airflow/example_dags/tutorial_taskflow_api.py
[2026-03-23T01:09:00.029+0000] {processor.py:914} INFO - Processing file /home/ec2-user/environment/lab4_model_training/venv/lib64/python3.12/site-packages/airflow/example_dags/tutorial_taskflow_api.py for tasks to queue
[2026-03-23T01:09:00.031+0000] {logging_mixin.py:190} INFO - [2026-03-23T01:09:00.030+0000] {dagbag.py:588} INFO - Filling up the DagBag from /home/ec2-user/environment/lab4_model_training/venv/lib64/python3.12/site-packages/airflow/example_dags/tutorial_taskflow_api.py
[2026-03-23T01:09:00.039+0000] {processor.py:925} INFO - DAG(s) 'tutorial_taskflow_api' retrieved from /home/ec2-user/environment/lab4_model_training/venv/lib64/python3.12/site-packages/airflow/example_dags/tutorial_taskflow_api.py
[2026-03-23T01:09:00.053+0000] {logging_mixin.py:190} INFO - [2026-03-23T01:09:00.053+0000] {dag.py:3239} INFO - Sync 1 DAGs
[2026-03-23T01:09:00.065+0000] {logging_mixin.py:190} INFO - [2026-03-23T01:09:00.065+0000] {dag.py:4180} INFO - Setting next_dagrun for tutorial_taskflow_api to None, run_after=None
[2026-03-23T01:09:00.086+0000] {processor.py:208} INFO - Processing /home/ec2-user/environment/lab4_model_training/venv/lib64/python3.12/site-packages/airflow/example_dags/tutorial_taskflow_api.py took 0.064 seconds
[2026-03-23T01:10:17.936+0000] {processor.py:186} INFO - Started process (PID=7502) to work on /home/ec2-user/environment/lab4_model_training/venv/lib64/python3.12/site-packages/airflow/example_dags/tutorial_taskflow_api.py
[2026-03-23T01:10:17.937+0000] {processor.py:914} INFO - Processing file /home/ec2-user/environment/lab4_model_training/venv/lib64/python3.12/site-packages/airflow/example_dags/tutorial_taskflow_api.py for tasks to queue
[2026-03-23T01:10:17.939+0000] {logging_mixin.py:190} INFO - [2026-03-23T01:10:17.939+0000] {dagbag.py:588} INFO - Filling up the DagBag from /home/ec2-user/environment/lab4_model_training/venv/lib64/python3.12/site-packages/airflow/example_dags/tutorial_taskflow_api.py
[2026-03-23T01:10:17.947+0000] {processor.py:925} INFO - DAG(s) 'tutorial_taskflow_api' retrieved from /home/ec2-user/environment/lab4_model_training/venv/lib64/python3.12/site-packages/airflow/example_dags/tutorial_taskflow_api.py
[2026-03-23T01:10:17.962+0000] {logging_mixin.py:190} INFO - [2026-03-23T01:10:17.961+0000] {dag.py:3239} INFO - Sync 1 DAGs
[2026-03-23T01:10:17.973+0000] {logging_mixin.py:190} INFO - [2026-03-23T01:10:17.973+0000] {dag.py:4180} INFO - Setting next_dagrun for tutorial_taskflow_api to None, run_after=None
[2026-03-23T01:10:17.994+0000] {processor.py:208} INFO - Processing /home/ec2-user/environment/lab4_model_training/venv/lib64/python3.12/site-packages/airflow/example_dags/tutorial_taskflow_api.py took 0.063 seconds
[2026-03-23T01:11:25.162+0000] {processor.py:186} INFO - Started process (PID=7637) to work on /home/ec2-user/environment/lab4_model_training/venv/lib64/python3.12/site-packages/airflow/example_dags/tutorial_taskflow_api.py
[2026-03-23T01:11:25.164+0000] {processor.py:914} INFO - Processing file /home/ec2-user/environment/lab4_model_training/venv/lib64/python3.12/site-packages/airflow/example_dags/tutorial_taskflow_api.py for tasks to queue
[2026-03-23T01:11:25.165+0000] {logging_mixin.py:190} INFO - [2026-03-23T01:11:25.165+0000] {dagbag.py:588} INFO - Filling up the DagBag from /home/ec2-user/environment/lab4_model_training/venv/lib64/python3.12/site-packages/airflow/example_dags/tutorial_taskflow_api.py
[2026-03-23T01:11:25.173+0000] {processor.py:925} INFO - DAG(s) 'tutorial_taskflow_api' retrieved from /home/ec2-user/environment/lab4_model_training/venv/lib64/python3.12/site-packages/airflow/example_dags/tutorial_taskflow_api.py
[2026-03-23T01:11:25.188+0000] {logging_mixin.py:190} INFO - [2026-03-23T01:11:25.188+0000] {dag.py:3239} INFO - Sync 1 DAGs
[2026-03-23T01:11:25.200+0000] {logging_mixin.py:190} INFO - [2026-03-23T01:11:25.200+0000] {dag.py:4180} INFO - Setting next_dagrun for tutorial_taskflow_api to None, run_after=None
[2026-03-23T01:11:25.222+0000] {processor.py:208} INFO - Processing /home/ec2-user/environment/lab4_model_training/venv/lib64/python3.12/site-packages/airflow/example_dags/tutorial_taskflow_api.py took 0.065 seconds
[2026-03-23T01:12:29.990+0000] {processor.py:186} INFO - Started process (PID=7801) to work on /home/ec2-user/environment/lab4_model_training/venv/lib64/python3.12/site-packages/airflow/example_dags/tutorial_taskflow_api.py
[2026-03-23T01:12:29.991+0000] {processor.py:914} INFO - Processing file /home/ec2-user/environment/lab4_model_training/venv/lib64/python3.12/site-packages/airflow/example_dags/tutorial_taskflow_api.py for tasks to queue
[2026-03-23T01:12:29.993+0000] {logging_mixin.py:190} INFO - [2026-03-23T01:12:29.992+0000] {dagbag.py:588} INFO - Filling up the DagBag from /home/ec2-user/environment/lab4_model_training/venv/lib64/python3.12/site-packages/airflow/example_dags/tutorial_taskflow_api.py
[2026-03-23T01:12:30.001+0000] {processor.py:925} INFO - DAG(s) 'tutorial_taskflow_api' retrieved from /home/ec2-user/environment/lab4_model_training/venv/lib64/python3.12/site-packages/airflow/example_dags/tutorial_taskflow_api.py
[2026-03-23T01:12:30.015+0000] {logging_mixin.py:190} INFO - [2026-03-23T01:12:30.015+0000] {dag.py:3239} INFO - Sync 1 DAGs
[2026-03-23T01:12:30.026+0000] {logging_mixin.py:190} INFO - [2026-03-23T01:12:30.026+0000] {dag.py:4180} INFO - Setting next_dagrun for tutorial_taskflow_api to None, run_after=None
[2026-03-23T01:12:30.048+0000] {processor.py:208} INFO - Processing /home/ec2-user/environment/lab4_model_training/venv/lib64/python3.12/site-packages/airflow/example_dags/tutorial_taskflow_api.py took 0.063 seconds
[2026-03-23T01:13:34.192+0000] {processor.py:186} INFO - Started process (PID=7909) to work on /home/ec2-user/environment/lab4_model_training/venv/lib64/python3.12/site-packages/airflow/example_dags/tutorial_taskflow_api.py
[2026-03-23T01:13:34.193+0000] {processor.py:914} INFO - Processing file /home/ec2-user/environment/lab4_model_training/venv/lib64/python3.12/site-packages/airflow/example_dags/tutorial_taskflow_api.py for tasks to queue
[2026-03-23T01:13:34.195+0000] {logging_mixin.py:190} INFO - [2026-03-23T01:13:34.195+0000] {dagbag.py:588} INFO - Filling up the DagBag from /home/ec2-user/environment/lab4_model_training/venv/lib64/python3.12/site-packages/airflow/example_dags/tutorial_taskflow_api.py
[2026-03-23T01:13:34.203+0000] {processor.py:925} INFO - DAG(s) 'tutorial_taskflow_api' retrieved from /home/ec2-user/environment/lab4_model_training/venv/lib64/python3.12/site-packages/airflow/example_dags/tutorial_taskflow_api.py
[2026-03-23T01:13:34.218+0000] {logging_mixin.py:190} INFO - [2026-03-23T01:13:34.217+0000] {dag.py:3239} INFO - Sync 1 DAGs
[2026-03-23T01:13:34.229+0000] {logging_mixin.py:190} INFO - [2026-03-23T01:13:34.229+0000] {dag.py:4180} INFO - Setting next_dagrun for tutorial_taskflow_api to None, run_after=None
[2026-03-23T01:13:34.250+0000] {processor.py:208} INFO - Processing /home/ec2-user/environment/lab4_model_training/venv/lib64/python3.12/site-packages/airflow/example_dags/tutorial_taskflow_api.py took 0.063 seconds
[2026-03-23T01:14:37.085+0000] {processor.py:186} INFO - Started process (PID=8063) to work on /home/ec2-user/environment/lab4_model_training/venv/lib64/python3.12/site-packages/airflow/example_dags/tutorial_taskflow_api.py
[2026-03-23T01:14:37.086+0000] {processor.py:914} INFO - Processing file /home/ec2-user/environment/lab4_model_training/venv/lib64/python3.12/site-packages/airflow/example_dags/tutorial_taskflow_api.py for tasks to queue
[2026-03-23T01:14:37.088+0000] {logging_mixin.py:190} INFO - [2026-03-23T01:14:37.087+0000] {dagbag.py:588} INFO - Filling up the DagBag from /home/ec2-user/environment/lab4_model_training/venv/lib64/python3.12/site-packages/airflow/example_dags/tutorial_taskflow_api.py
[2026-03-23T01:14:37.096+0000] {processor.py:925} INFO - DAG(s) 'tutorial_taskflow_api' retrieved from /home/ec2-user/environment/lab4_model_training/venv/lib64/python3.12/site-packages/airflow/example_dags/tutorial_taskflow_api.py
[2026-03-23T01:14:37.111+0000] {logging_mixin.py:190} INFO - [2026-03-23T01:14:37.110+0000] {dag.py:3239} INFO - Sync 1 DAGs
[2026-03-23T01:14:37.122+0000] {logging_mixin.py:190} INFO - [2026-03-23T01:14:37.122+0000] {dag.py:4180} INFO - Setting next_dagrun for tutorial_taskflow_api to None, run_after=None
[2026-03-23T01:14:37.144+0000] {processor.py:208} INFO - Processing /home/ec2-user/environment/lab4_model_training/venv/lib64/python3.12/site-packages/airflow/example_dags/tutorial_taskflow_api.py took 0.065 seconds
[2026-03-23T01:15:48.685+0000] {processor.py:186} INFO - Started process (PID=8231) to work on /home/ec2-user/environment/lab4_model_training/venv/lib64/python3.12/site-packages/airflow/example_dags/tutorial_taskflow_api.py
[2026-03-23T01:15:48.686+0000] {processor.py:914} INFO - Processing file /home/ec2-user/environment/lab4_model_training/venv/lib64/python3.12/site-packages/airflow/example_dags/tutorial_taskflow_api.py for tasks to queue
[2026-03-23T01:15:48.688+0000] {logging_mixin.py:190} INFO - [2026-03-23T01:15:48.687+0000] {dagbag.py:588} INFO - Filling up the DagBag from /home/ec2-user/environment/lab4_model_training/venv/lib64/python3.12/site-packages/airflow/example_dags/tutorial_taskflow_api.py
[2026-03-23T01:15:48.696+0000] {processor.py:925} INFO - DAG(s) 'tutorial_taskflow_api' retrieved from /home/ec2-user/environment/lab4_model_training/venv/lib64/python3.12/site-packages/airflow/example_dags/tutorial_taskflow_api.py
[2026-03-23T01:15:48.710+0000] {logging_mixin.py:190} INFO - [2026-03-23T01:15:48.710+0000] {dag.py:3239} INFO - Sync 1 DAGs
[2026-03-23T01:15:48.722+0000] {logging_mixin.py:190} INFO - [2026-03-23T01:15:48.722+0000] {dag.py:4180} INFO - Setting next_dagrun for tutorial_taskflow_api to None, run_after=None
[2026-03-23T01:15:48.743+0000] {processor.py:208} INFO - Processing /home/ec2-user/environment/lab4_model_training/venv/lib64/python3.12/site-packages/airflow/example_dags/tutorial_taskflow_api.py took 0.063 seconds
[2026-03-23T01:16:54.204+0000] {processor.py:186} INFO - Started process (PID=8340) to work on /home/ec2-user/environment/lab4_model_training/venv/lib64/python3.12/site-packages/airflow/example_dags/tutorial_taskflow_api.py
[2026-03-23T01:16:54.206+0000] {processor.py:914} INFO - Processing file /home/ec2-user/environment/lab4_model_training/venv/lib64/python3.12/site-packages/airflow/example_dags/tutorial_taskflow_api.py for tasks to queue
[2026-03-23T01:16:54.207+0000] {logging_mixin.py:190} INFO - [2026-03-23T01:16:54.207+0000] {dagbag.py:588} INFO - Filling up the DagBag from /home/ec2-user/environment/lab4_model_training/venv/lib64/python3.12/site-packages/airflow/example_dags/tutorial_taskflow_api.py
[2026-03-23T01:16:54.216+0000] {processor.py:925} INFO - DAG(s) 'tutorial_taskflow_api' retrieved from /home/ec2-user/environment/lab4_model_training/venv/lib64/python3.12/site-packages/airflow/example_dags/tutorial_taskflow_api.py
[2026-03-23T01:16:54.230+0000] {logging_mixin.py:190} INFO - [2026-03-23T01:16:54.230+0000] {dag.py:3239} INFO - Sync 1 DAGs
[2026-03-23T01:16:54.243+0000] {logging_mixin.py:190} INFO - [2026-03-23T01:16:54.243+0000] {dag.py:4180} INFO - Setting next_dagrun for tutorial_taskflow_api to None, run_after=None
[2026-03-23T01:16:54.264+0000] {processor.py:208} INFO - Processing /home/ec2-user/environment/lab4_model_training/venv/lib64/python3.12/site-packages/airflow/example_dags/tutorial_taskflow_api.py took 0.065 seconds
[2026-03-23T01:17:57.896+0000] {processor.py:186} INFO - Started process (PID=8501) to work on /home/ec2-user/environment/lab4_model_training/venv/lib64/python3.12/site-packages/airflow/example_dags/tutorial_taskflow_api.py
[2026-03-23T01:17:57.898+0000] {processor.py:914} INFO - Processing file /home/ec2-user/environment/lab4_model_training/venv/lib64/python3.12/site-packages/airflow/example_dags/tutorial_taskflow_api.py for tasks to queue
[2026-03-23T01:17:57.899+0000] {logging_mixin.py:190} INFO - [2026-03-23T01:17:57.899+0000] {dagbag.py:588} INFO - Filling up the DagBag from /home/ec2-user/environment/lab4_model_training/venv/lib64/python3.12/site-packages/airflow/example_dags/tutorial_taskflow_api.py
[2026-03-23T01:17:57.908+0000] {processor.py:925} INFO - DAG(s) 'tutorial_taskflow_api' retrieved from /home/ec2-user/environment/lab4_model_training/venv/lib64/python3.12/site-packages/airflow/example_dags/tutorial_taskflow_api.py
[2026-03-23T01:17:57.922+0000] {logging_mixin.py:190} INFO - [2026-03-23T01:17:57.922+0000] {dag.py:3239} INFO - Sync 1 DAGs
[2026-03-23T01:17:57.934+0000] {logging_mixin.py:190} INFO - [2026-03-23T01:17:57.934+0000] {dag.py:4180} INFO - Setting next_dagrun for tutorial_taskflow_api to None, run_after=None
[2026-03-23T01:17:57.956+0000] {processor.py:208} INFO - Processing /home/ec2-user/environment/lab4_model_training/venv/lib64/python3.12/site-packages/airflow/example_dags/tutorial_taskflow_api.py took 0.065 seconds
[2026-03-23T01:19:00.697+0000] {processor.py:186} INFO - Started process (PID=8629) to work on /home/ec2-user/environment/lab4_model_training/venv/lib64/python3.12/site-packages/airflow/example_dags/tutorial_taskflow_api.py
[2026-03-23T01:19:00.698+0000] {processor.py:914} INFO - Processing file /home/ec2-user/environment/lab4_model_training/venv/lib64/python3.12/site-packages/airflow/example_dags/tutorial_taskflow_api.py for tasks to queue
[2026-03-23T01:19:00.700+0000] {logging_mixin.py:190} INFO - [2026-03-23T01:19:00.700+0000] {dagbag.py:588} INFO - Filling up the DagBag from /home/ec2-user/environment/lab4_model_training/venv/lib64/python3.12/site-packages/airflow/example_dags/tutorial_taskflow_api.py
[2026-03-23T01:19:00.708+0000] {processor.py:925} INFO - DAG(s) 'tutorial_taskflow_api' retrieved from /home/ec2-user/environment/lab4_model_training/venv/lib64/python3.12/site-packages/airflow/example_dags/tutorial_taskflow_api.py
[2026-03-23T01:19:00.723+0000] {logging_mixin.py:190} INFO - [2026-03-23T01:19:00.722+0000] {dag.py:3239} INFO - Sync 1 DAGs
[2026-03-23T01:19:00.734+0000] {logging_mixin.py:190} INFO - [2026-03-23T01:19:00.734+0000] {dag.py:4180} INFO - Setting next_dagrun for tutorial_taskflow_api to None, run_after=None
[2026-03-23T01:19:00.754+0000] {processor.py:208} INFO - Processing /home/ec2-user/environment/lab4_model_training/venv/lib64/python3.12/site-packages/airflow/example_dags/tutorial_taskflow_api.py took 0.062 seconds
[2026-03-23T01:20:03.950+0000] {processor.py:186} INFO - Started process (PID=8793) to work on /home/ec2-user/environment/lab4_model_training/venv/lib64/python3.12/site-packages/airflow/example_dags/tutorial_taskflow_api.py
[2026-03-23T01:20:03.952+0000] {processor.py:914} INFO - Processing file /home/ec2-user/environment/lab4_model_training/venv/lib64/python3.12/site-packages/airflow/example_dags/tutorial_taskflow_api.py for tasks to queue
[2026-03-23T01:20:03.953+0000] {logging_mixin.py:190} INFO - [2026-03-23T01:20:03.953+0000] {dagbag.py:588} INFO - Filling up the DagBag from /home/ec2-user/environment/lab4_model_training/venv/lib64/python3.12/site-packages/airflow/example_dags/tutorial_taskflow_api.py
[2026-03-23T01:20:03.962+0000] {processor.py:925} INFO - DAG(s) 'tutorial_taskflow_api' retrieved from /home/ec2-user/environment/lab4_model_training/venv/lib64/python3.12/site-packages/airflow/example_dags/tutorial_taskflow_api.py
[2026-03-23T01:20:03.979+0000] {logging_mixin.py:190} INFO - [2026-03-23T01:20:03.978+0000] {dag.py:3239} INFO - Sync 1 DAGs
[2026-03-23T01:20:03.990+0000] {logging_mixin.py:190} INFO - [2026-03-23T01:20:03.990+0000] {dag.py:4180} INFO - Setting next_dagrun for tutorial_taskflow_api to None, run_after=None
[2026-03-23T01:20:04.011+0000] {processor.py:208} INFO - Processing /home/ec2-user/environment/lab4_model_training/venv/lib64/python3.12/site-packages/airflow/example_dags/tutorial_taskflow_api.py took 0.066 seconds
[2026-03-23T01:21:08.841+0000] {processor.py:186} INFO - Started process (PID=8908) to work on /home/ec2-user/environment/lab4_model_training/venv/lib64/python3.12/site-packages/airflow/example_dags/tutorial_taskflow_api.py
[2026-03-23T01:21:08.842+0000] {processor.py:914} INFO - Processing file /home/ec2-user/environment/lab4_model_training/venv/lib64/python3.12/site-packages/airflow/example_dags/tutorial_taskflow_api.py for tasks to queue
[2026-03-23T01:21:08.844+0000] {logging_mixin.py:190} INFO - [2026-03-23T01:21:08.844+0000] {dagbag.py:588} INFO - Filling up the DagBag from /home/ec2-user/environment/lab4_model_training/venv/lib64/python3.12/site-packages/airflow/example_dags/tutorial_taskflow_api.py
[2026-03-23T01:21:08.852+0000] {processor.py:925} INFO - DAG(s) 'tutorial_taskflow_api' retrieved from /home/ec2-user/environment/lab4_model_training/venv/lib64/python3.12/site-packages/airflow/example_dags/tutorial_taskflow_api.py
[2026-03-23T01:21:08.866+0000] {logging_mixin.py:190} INFO - [2026-03-23T01:21:08.866+0000] {dag.py:3239} INFO - Sync 1 DAGs
[2026-03-23T01:21:08.878+0000] {logging_mixin.py:190} INFO - [2026-03-23T01:21:08.878+0000] {dag.py:4180} INFO - Setting next_dagrun for tutorial_taskflow_api to None, run_after=None
[2026-03-23T01:21:08.898+0000] {processor.py:208} INFO - Processing /home/ec2-user/environment/lab4_model_training/venv/lib64/python3.12/site-packages/airflow/example_dags/tutorial_taskflow_api.py took 0.061 seconds
[2026-03-23T01:22:15.583+0000] {processor.py:186} INFO - Started process (PID=9085) to work on /home/ec2-user/environment/lab4_model_training/venv/lib64/python3.12/site-packages/airflow/example_dags/tutorial_taskflow_api.py
[2026-03-23T01:22:15.584+0000] {processor.py:914} INFO - Processing file /home/ec2-user/environment/lab4_model_training/venv/lib64/python3.12/site-packages/airflow/example_dags/tutorial_taskflow_api.py for tasks to queue
[2026-03-23T01:22:15.586+0000] {logging_mixin.py:190} INFO - [2026-03-23T01:22:15.585+0000] {dagbag.py:588} INFO - Filling up the DagBag from /home/ec2-user/environment/lab4_model_training/venv/lib64/python3.12/site-packages/airflow/example_dags/tutorial_taskflow_api.py
[2026-03-23T01:22:15.593+0000] {processor.py:925} INFO - DAG(s) 'tutorial_taskflow_api' retrieved from /home/ec2-user/environment/lab4_model_training/venv/lib64/python3.12/site-packages/airflow/example_dags/tutorial_taskflow_api.py
[2026-03-23T01:22:15.608+0000] {logging_mixin.py:190} INFO - [2026-03-23T01:22:15.608+0000] {dag.py:3239} INFO - Sync 1 DAGs
[2026-03-23T01:22:15.619+0000] {logging_mixin.py:190} INFO - [2026-03-23T01:22:15.619+0000] {dag.py:4180} INFO - Setting next_dagrun for tutorial_taskflow_api to None, run_after=None
[2026-03-23T01:22:15.640+0000] {processor.py:208} INFO - Processing /home/ec2-user/environment/lab4_model_training/venv/lib64/python3.12/site-packages/airflow/example_dags/tutorial_taskflow_api.py took 0.063 seconds
[2026-03-23T01:23:28.409+0000] {processor.py:186} INFO - Started process (PID=9219) to work on /home/ec2-user/environment/lab4_model_training/venv/lib64/python3.12/site-packages/airflow/example_dags/tutorial_taskflow_api.py
[2026-03-23T01:23:28.410+0000] {processor.py:914} INFO - Processing file /home/ec2-user/environment/lab4_model_training/venv/lib64/python3.12/site-packages/airflow/example_dags/tutorial_taskflow_api.py for tasks to queue
[2026-03-23T01:23:28.412+0000] {logging_mixin.py:190} INFO - [2026-03-23T01:23:28.412+0000] {dagbag.py:588} INFO - Filling up the DagBag from /home/ec2-user/environment/lab4_model_training/venv/lib64/python3.12/site-packages/airflow/example_dags/tutorial_taskflow_api.py
[2026-03-23T01:23:28.420+0000] {processor.py:925} INFO - DAG(s) 'tutorial_taskflow_api' retrieved from /home/ec2-user/environment/lab4_model_training/venv/lib64/python3.12/site-packages/airflow/example_dags/tutorial_taskflow_api.py
[2026-03-23T01:23:28.434+0000] {logging_mixin.py:190} INFO - [2026-03-23T01:23:28.434+0000] {dag.py:3239} INFO - Sync 1 DAGs
[2026-03-23T01:23:28.446+0000] {logging_mixin.py:190} INFO - [2026-03-23T01:23:28.446+0000] {dag.py:4180} INFO - Setting next_dagrun for tutorial_taskflow_api to None, run_after=None
[2026-03-23T01:23:28.467+0000] {processor.py:208} INFO - Processing /home/ec2-user/environment/lab4_model_training/venv/lib64/python3.12/site-packages/airflow/example_dags/tutorial_taskflow_api.py took 0.064 seconds
[2026-03-23T01:24:32.930+0000] {processor.py:186} INFO - Started process (PID=9426) to work on /home/ec2-user/environment/lab4_model_training/venv/lib64/python3.12/site-packages/airflow/example_dags/tutorial_taskflow_api.py
[2026-03-23T01:24:32.931+0000] {processor.py:914} INFO - Processing file /home/ec2-user/environment/lab4_model_training/venv/lib64/python3.12/site-packages/airflow/example_dags/tutorial_taskflow_api.py for tasks to queue
[2026-03-23T01:24:32.933+0000] {logging_mixin.py:190} INFO - [2026-03-23T01:24:32.933+0000] {dagbag.py:588} INFO - Filling up the DagBag from /home/ec2-user/environment/lab4_model_training/venv/lib64/python3.12/site-packages/airflow/example_dags/tutorial_taskflow_api.py
[2026-03-23T01:24:32.942+0000] {processor.py:925} INFO - DAG(s) 'tutorial_taskflow_api' retrieved from /home/ec2-user/environment/lab4_model_training/venv/lib64/python3.12/site-packages/airflow/example_dags/tutorial_taskflow_api.py
[2026-03-23T01:24:32.961+0000] {logging_mixin.py:190} INFO - [2026-03-23T01:24:32.961+0000] {dag.py:3239} INFO - Sync 1 DAGs
[2026-03-23T01:24:32.975+0000] {logging_mixin.py:190} INFO - [2026-03-23T01:24:32.975+0000] {dag.py:4180} INFO - Setting next_dagrun for tutorial_taskflow_api to None, run_after=None
[2026-03-23T01:24:33.008+0000] {processor.py:208} INFO - Processing /home/ec2-user/environment/lab4_model_training/venv/lib64/python3.12/site-packages/airflow/example_dags/tutorial_taskflow_api.py took 0.085 seconds
[2026-03-23T01:25:52.026+0000] {processor.py:186} INFO - Started process (PID=9689) to work on /home/ec2-user/environment/lab4_model_training/venv/lib64/python3.12/site-packages/airflow/example_dags/tutorial_taskflow_api.py
[2026-03-23T01:25:52.034+0000] {processor.py:914} INFO - Processing file /home/ec2-user/environment/lab4_model_training/venv/lib64/python3.12/site-packages/airflow/example_dags/tutorial_taskflow_api.py for tasks to queue
[2026-03-23T01:25:52.036+0000] {logging_mixin.py:190} INFO - [2026-03-23T01:25:52.036+0000] {dagbag.py:588} INFO - Filling up the DagBag from /home/ec2-user/environment/lab4_model_training/venv/lib64/python3.12/site-packages/airflow/example_dags/tutorial_taskflow_api.py
[2026-03-23T01:25:52.057+0000] {processor.py:925} INFO - DAG(s) 'tutorial_taskflow_api' retrieved from /home/ec2-user/environment/lab4_model_training/venv/lib64/python3.12/site-packages/airflow/example_dags/tutorial_taskflow_api.py
[2026-03-23T01:25:52.096+0000] {logging_mixin.py:190} INFO - [2026-03-23T01:25:52.096+0000] {dag.py:3239} INFO - Sync 1 DAGs
[2026-03-23T01:25:52.124+0000] {logging_mixin.py:190} INFO - [2026-03-23T01:25:52.123+0000] {dag.py:4180} INFO - Setting next_dagrun for tutorial_taskflow_api to None, run_after=None
[2026-03-23T01:25:52.173+0000] {processor.py:208} INFO - Processing /home/ec2-user/environment/lab4_model_training/venv/lib64/python3.12/site-packages/airflow/example_dags/tutorial_taskflow_api.py took 0.165 seconds
[2026-03-23T01:27:10.985+0000] {processor.py:186} INFO - Started process (PID=9915) to work on /home/ec2-user/environment/lab4_model_training/venv/lib64/python3.12/site-packages/airflow/example_dags/tutorial_taskflow_api.py
[2026-03-23T01:27:10.986+0000] {processor.py:914} INFO - Processing file /home/ec2-user/environment/lab4_model_training/venv/lib64/python3.12/site-packages/airflow/example_dags/tutorial_taskflow_api.py for tasks to queue
[2026-03-23T01:27:10.988+0000] {logging_mixin.py:190} INFO - [2026-03-23T01:27:10.988+0000] {dagbag.py:588} INFO - Filling up the DagBag from /home/ec2-user/environment/lab4_model_training/venv/lib64/python3.12/site-packages/airflow/example_dags/tutorial_taskflow_api.py
[2026-03-23T01:27:10.996+0000] {processor.py:925} INFO - DAG(s) 'tutorial_taskflow_api' retrieved from /home/ec2-user/environment/lab4_model_training/venv/lib64/python3.12/site-packages/airflow/example_dags/tutorial_taskflow_api.py
[2026-03-23T01:27:11.010+0000] {logging_mixin.py:190} INFO - [2026-03-23T01:27:11.010+0000] {dag.py:3239} INFO - Sync 1 DAGs
[2026-03-23T01:27:11.023+0000] {logging_mixin.py:190} INFO - [2026-03-23T01:27:11.022+0000] {dag.py:4180} INFO - Setting next_dagrun for tutorial_taskflow_api to None, run_after=None
[2026-03-23T01:27:11.043+0000] {processor.py:208} INFO - Processing /home/ec2-user/environment/lab4_model_training/venv/lib64/python3.12/site-packages/airflow/example_dags/tutorial_taskflow_api.py took 0.064 seconds
[2026-03-23T01:28:13.949+0000] {processor.py:186} INFO - Started process (PID=10071) to work on /home/ec2-user/environment/lab4_model_training/venv/lib64/python3.12/site-packages/airflow/example_dags/tutorial_taskflow_api.py
[2026-03-23T01:28:13.950+0000] {processor.py:914} INFO - Processing file /home/ec2-user/environment/lab4_model_training/venv/lib64/python3.12/site-packages/airflow/example_dags/tutorial_taskflow_api.py for tasks to queue
[2026-03-23T01:28:13.952+0000] {logging_mixin.py:190} INFO - [2026-03-23T01:28:13.952+0000] {dagbag.py:588} INFO - Filling up the DagBag from /home/ec2-user/environment/lab4_model_training/venv/lib64/python3.12/site-packages/airflow/example_dags/tutorial_taskflow_api.py
[2026-03-23T01:28:13.960+0000] {processor.py:925} INFO - DAG(s) 'tutorial_taskflow_api' retrieved from /home/ec2-user/environment/lab4_model_training/venv/lib64/python3.12/site-packages/airflow/example_dags/tutorial_taskflow_api.py
[2026-03-23T01:28:13.975+0000] {logging_mixin.py:190} INFO - [2026-03-23T01:28:13.974+0000] {dag.py:3239} INFO - Sync 1 DAGs
[2026-03-23T01:28:13.987+0000] {logging_mixin.py:190} INFO - [2026-03-23T01:28:13.986+0000] {dag.py:4180} INFO - Setting next_dagrun for tutorial_taskflow_api to None, run_after=None
[2026-03-23T01:28:14.008+0000] {processor.py:208} INFO - Processing /home/ec2-user/environment/lab4_model_training/venv/lib64/python3.12/site-packages/airflow/example_dags/tutorial_taskflow_api.py took 0.067 seconds
[2026-03-23T01:29:18.066+0000] {processor.py:186} INFO - Started process (PID=10265) to work on /home/ec2-user/environment/lab4_model_training/venv/lib64/python3.12/site-packages/airflow/example_dags/tutorial_taskflow_api.py
[2026-03-23T01:29:18.067+0000] {processor.py:914} INFO - Processing file /home/ec2-user/environment/lab4_model_training/venv/lib64/python3.12/site-packages/airflow/example_dags/tutorial_taskflow_api.py for tasks to queue
[2026-03-23T01:29:18.069+0000] {logging_mixin.py:190} INFO - [2026-03-23T01:29:18.069+0000] {dagbag.py:588} INFO - Filling up the DagBag from /home/ec2-user/environment/lab4_model_training/venv/lib64/python3.12/site-packages/airflow/example_dags/tutorial_taskflow_api.py
[2026-03-23T01:29:18.078+0000] {processor.py:925} INFO - DAG(s) 'tutorial_taskflow_api' retrieved from /home/ec2-user/environment/lab4_model_training/venv/lib64/python3.12/site-packages/airflow/example_dags/tutorial_taskflow_api.py
[2026-03-23T01:29:18.093+0000] {logging_mixin.py:190} INFO - [2026-03-23T01:29:18.093+0000] {dag.py:3239} INFO - Sync 1 DAGs
[2026-03-23T01:29:18.105+0000] {logging_mixin.py:190} INFO - [2026-03-23T01:29:18.105+0000] {dag.py:4180} INFO - Setting next_dagrun for tutorial_taskflow_api to None, run_after=None
[2026-03-23T01:29:18.127+0000] {processor.py:208} INFO - Processing /home/ec2-user/environment/lab4_model_training/venv/lib64/python3.12/site-packages/airflow/example_dags/tutorial_taskflow_api.py took 0.066 seconds
[2026-03-23T01:30:25.113+0000] {processor.py:186} INFO - Started process (PID=10494) to work on /home/ec2-user/environment/lab4_model_training/venv/lib64/python3.12/site-packages/airflow/example_dags/tutorial_taskflow_api.py
[2026-03-23T01:30:25.115+0000] {processor.py:914} INFO - Processing file /home/ec2-user/environment/lab4_model_training/venv/lib64/python3.12/site-packages/airflow/example_dags/tutorial_taskflow_api.py for tasks to queue
[2026-03-23T01:30:25.117+0000] {logging_mixin.py:190} INFO - [2026-03-23T01:30:25.117+0000] {dagbag.py:588} INFO - Filling up the DagBag from /home/ec2-user/environment/lab4_model_training/venv/lib64/python3.12/site-packages/airflow/example_dags/tutorial_taskflow_api.py
[2026-03-23T01:30:25.125+0000] {processor.py:925} INFO - DAG(s) 'tutorial_taskflow_api' retrieved from /home/ec2-user/environment/lab4_model_training/venv/lib64/python3.12/site-packages/airflow/example_dags/tutorial_taskflow_api.py
[2026-03-23T01:30:25.140+0000] {logging_mixin.py:190} INFO - [2026-03-23T01:30:25.139+0000] {dag.py:3239} INFO - Sync 1 DAGs
[2026-03-23T01:30:25.152+0000] {logging_mixin.py:190} INFO - [2026-03-23T01:30:25.151+0000] {dag.py:4180} INFO - Setting next_dagrun for tutorial_taskflow_api to None, run_after=None
[2026-03-23T01:30:25.173+0000] {processor.py:208} INFO - Processing /home/ec2-user/environment/lab4_model_training/venv/lib64/python3.12/site-packages/airflow/example_dags/tutorial_taskflow_api.py took 0.065 seconds
[2026-03-23T01:31:29.970+0000] {processor.py:186} INFO - Started process (PID=10688) to work on /home/ec2-user/environment/lab4_model_training/venv/lib64/python3.12/site-packages/airflow/example_dags/tutorial_taskflow_api.py
[2026-03-23T01:31:29.971+0000] {processor.py:914} INFO - Processing file /home/ec2-user/environment/lab4_model_training/venv/lib64/python3.12/site-packages/airflow/example_dags/tutorial_taskflow_api.py for tasks to queue
[2026-03-23T01:31:29.973+0000] {logging_mixin.py:190} INFO - [2026-03-23T01:31:29.973+0000] {dagbag.py:588} INFO - Filling up the DagBag from /home/ec2-user/environment/lab4_model_training/venv/lib64/python3.12/site-packages/airflow/example_dags/tutorial_taskflow_api.py
[2026-03-23T01:31:29.981+0000] {processor.py:925} INFO - DAG(s) 'tutorial_taskflow_api' retrieved from /home/ec2-user/environment/lab4_model_training/venv/lib64/python3.12/site-packages/airflow/example_dags/tutorial_taskflow_api.py
[2026-03-23T01:31:29.996+0000] {logging_mixin.py:190} INFO - [2026-03-23T01:31:29.996+0000] {dag.py:3239} INFO - Sync 1 DAGs
[2026-03-23T01:31:30.009+0000] {logging_mixin.py:190} INFO - [2026-03-23T01:31:30.008+0000] {dag.py:4180} INFO - Setting next_dagrun for tutorial_taskflow_api to None, run_after=None
[2026-03-23T01:31:30.030+0000] {processor.py:208} INFO - Processing /home/ec2-user/environment/lab4_model_training/venv/lib64/python3.12/site-packages/airflow/example_dags/tutorial_taskflow_api.py took 0.066 seconds
[2026-03-23T01:32:35.049+0000] {processor.py:186} INFO - Started process (PID=10874) to work on /home/ec2-user/environment/lab4_model_training/venv/lib64/python3.12/site-packages/airflow/example_dags/tutorial_taskflow_api.py
[2026-03-23T01:32:35.050+0000] {processor.py:914} INFO - Processing file /home/ec2-user/environment/lab4_model_training/venv/lib64/python3.12/site-packages/airflow/example_dags/tutorial_taskflow_api.py for tasks to queue
[2026-03-23T01:32:35.052+0000] {logging_mixin.py:190} INFO - [2026-03-23T01:32:35.052+0000] {dagbag.py:588} INFO - Filling up the DagBag from /home/ec2-user/environment/lab4_model_training/venv/lib64/python3.12/site-packages/airflow/example_dags/tutorial_taskflow_api.py
[2026-03-23T01:32:35.060+0000] {processor.py:925} INFO - DAG(s) 'tutorial_taskflow_api' retrieved from /home/ec2-user/environment/lab4_model_training/venv/lib64/python3.12/site-packages/airflow/example_dags/tutorial_taskflow_api.py
[2026-03-23T01:32:35.075+0000] {logging_mixin.py:190} INFO - [2026-03-23T01:32:35.075+0000] {dag.py:3239} INFO - Sync 1 DAGs
[2026-03-23T01:32:35.087+0000] {logging_mixin.py:190} INFO - [2026-03-23T01:32:35.087+0000] {dag.py:4180} INFO - Setting next_dagrun for tutorial_taskflow_api to None, run_after=None
[2026-03-23T01:32:35.109+0000] {processor.py:208} INFO - Processing /home/ec2-user/environment/lab4_model_training/venv/lib64/python3.12/site-packages/airflow/example_dags/tutorial_taskflow_api.py took 0.065 seconds
[2026-03-23T01:33:41.199+0000] {processor.py:186} INFO - Started process (PID=11072) to work on /home/ec2-user/environment/lab4_model_training/venv/lib64/python3.12/site-packages/airflow/example_dags/tutorial_taskflow_api.py
[2026-03-23T01:33:41.200+0000] {processor.py:914} INFO - Processing file /home/ec2-user/environment/lab4_model_training/venv/lib64/python3.12/site-packages/airflow/example_dags/tutorial_taskflow_api.py for tasks to queue
[2026-03-23T01:33:41.202+0000] {logging_mixin.py:190} INFO - [2026-03-23T01:33:41.202+0000] {dagbag.py:588} INFO - Filling up the DagBag from /home/ec2-user/environment/lab4_model_training/venv/lib64/python3.12/site-packages/airflow/example_dags/tutorial_taskflow_api.py
[2026-03-23T01:33:41.210+0000] {processor.py:925} INFO - DAG(s) 'tutorial_taskflow_api' retrieved from /home/ec2-user/environment/lab4_model_training/venv/lib64/python3.12/site-packages/airflow/example_dags/tutorial_taskflow_api.py
[2026-03-23T01:33:41.225+0000] {logging_mixin.py:190} INFO - [2026-03-23T01:33:41.225+0000] {dag.py:3239} INFO - Sync 1 DAGs
[2026-03-23T01:33:41.237+0000] {logging_mixin.py:190} INFO - [2026-03-23T01:33:41.237+0000] {dag.py:4180} INFO - Setting next_dagrun for tutorial_taskflow_api to None, run_after=None
[2026-03-23T01:33:41.262+0000] {processor.py:208} INFO - Processing /home/ec2-user/environment/lab4_model_training/venv/lib64/python3.12/site-packages/airflow/example_dags/tutorial_taskflow_api.py took 0.069 seconds
[2026-03-23T01:34:48.267+0000] {processor.py:186} INFO - Started process (PID=11247) to work on /home/ec2-user/environment/lab4_model_training/venv/lib64/python3.12/site-packages/airflow/example_dags/tutorial_taskflow_api.py
[2026-03-23T01:34:48.268+0000] {processor.py:914} INFO - Processing file /home/ec2-user/environment/lab4_model_training/venv/lib64/python3.12/site-packages/airflow/example_dags/tutorial_taskflow_api.py for tasks to queue
[2026-03-23T01:34:48.270+0000] {logging_mixin.py:190} INFO - [2026-03-23T01:34:48.270+0000] {dagbag.py:588} INFO - Filling up the DagBag from /home/ec2-user/environment/lab4_model_training/venv/lib64/python3.12/site-packages/airflow/example_dags/tutorial_taskflow_api.py
[2026-03-23T01:34:48.278+0000] {processor.py:925} INFO - DAG(s) 'tutorial_taskflow_api' retrieved from /home/ec2-user/environment/lab4_model_training/venv/lib64/python3.12/site-packages/airflow/example_dags/tutorial_taskflow_api.py
[2026-03-23T01:34:48.293+0000] {logging_mixin.py:190} INFO - [2026-03-23T01:34:48.292+0000] {dag.py:3239} INFO - Sync 1 DAGs
[2026-03-23T01:34:48.305+0000] {logging_mixin.py:190} INFO - [2026-03-23T01:34:48.305+0000] {dag.py:4180} INFO - Setting next_dagrun for tutorial_taskflow_api to None, run_after=None
[2026-03-23T01:34:48.326+0000] {processor.py:208} INFO - Processing /home/ec2-user/environment/lab4_model_training/venv/lib64/python3.12/site-packages/airflow/example_dags/tutorial_taskflow_api.py took 0.065 seconds
