[2026-03-23T00:59:47.269+0000] {processor.py:186} INFO - Started process (PID=5917) to work on /home/ec2-user/environment/lab4_model_training/venv/lib64/python3.12/site-packages/airflow/example_dags/tutorial_dag.py
[2026-03-23T00:59:47.270+0000] {processor.py:914} INFO - Processing file /home/ec2-user/environment/lab4_model_training/venv/lib64/python3.12/site-packages/airflow/example_dags/tutorial_dag.py for tasks to queue
[2026-03-23T00:59:47.271+0000] {logging_mixin.py:190} INFO - [2026-03-23T00:59:47.271+0000] {dagbag.py:588} INFO - Filling up the DagBag from /home/ec2-user/environment/lab4_model_training/venv/lib64/python3.12/site-packages/airflow/example_dags/tutorial_dag.py
[2026-03-23T00:59:47.279+0000] {processor.py:925} INFO - DAG(s) 'tutorial_dag' retrieved from /home/ec2-user/environment/lab4_model_training/venv/lib64/python3.12/site-packages/airflow/example_dags/tutorial_dag.py
[2026-03-23T00:59:47.293+0000] {logging_mixin.py:190} INFO - [2026-03-23T00:59:47.293+0000] {dag.py:3239} INFO - Sync 1 DAGs
[2026-03-23T00:59:47.305+0000] {logging_mixin.py:190} INFO - [2026-03-23T00:59:47.305+0000] {dag.py:4180} INFO - Setting next_dagrun for tutorial_dag to None, run_after=None
[2026-03-23T00:59:47.325+0000] {processor.py:208} INFO - Processing /home/ec2-user/environment/lab4_model_training/venv/lib64/python3.12/site-packages/airflow/example_dags/tutorial_dag.py took 0.061 seconds
[2026-03-23T01:00:53.223+0000] {processor.py:186} INFO - Started process (PID=6059) to work on /home/ec2-user/environment/lab4_model_training/venv/lib64/python3.12/site-packages/airflow/example_dags/tutorial_dag.py
[2026-03-23T01:00:53.225+0000] {processor.py:914} INFO - Processing file /home/ec2-user/environment/lab4_model_training/venv/lib64/python3.12/site-packages/airflow/example_dags/tutorial_dag.py for tasks to queue
[2026-03-23T01:00:53.226+0000] {logging_mixin.py:190} INFO - [2026-03-23T01:00:53.226+0000] {dagbag.py:588} INFO - Filling up the DagBag from /home/ec2-user/environment/lab4_model_training/venv/lib64/python3.12/site-packages/airflow/example_dags/tutorial_dag.py
[2026-03-23T01:00:53.234+0000] {processor.py:925} INFO - DAG(s) 'tutorial_dag' retrieved from /home/ec2-user/environment/lab4_model_training/venv/lib64/python3.12/site-packages/airflow/example_dags/tutorial_dag.py
[2026-03-23T01:00:53.248+0000] {logging_mixin.py:190} INFO - [2026-03-23T01:00:53.248+0000] {dag.py:3239} INFO - Sync 1 DAGs
[2026-03-23T01:00:53.260+0000] {logging_mixin.py:190} INFO - [2026-03-23T01:00:53.260+0000] {dag.py:4180} INFO - Setting next_dagrun for tutorial_dag to None, run_after=None
[2026-03-23T01:00:53.282+0000] {processor.py:208} INFO - Processing /home/ec2-user/environment/lab4_model_training/venv/lib64/python3.12/site-packages/airflow/example_dags/tutorial_dag.py took 0.063 seconds
[2026-03-23T01:01:56.353+0000] {processor.py:186} INFO - Started process (PID=6278) to work on /home/ec2-user/environment/lab4_model_training/venv/lib64/python3.12/site-packages/airflow/example_dags/tutorial_dag.py
[2026-03-23T01:01:56.354+0000] {processor.py:914} INFO - Processing file /home/ec2-user/environment/lab4_model_training/venv/lib64/python3.12/site-packages/airflow/example_dags/tutorial_dag.py for tasks to queue
[2026-03-23T01:01:56.356+0000] {logging_mixin.py:190} INFO - [2026-03-23T01:01:56.356+0000] {dagbag.py:588} INFO - Filling up the DagBag from /home/ec2-user/environment/lab4_model_training/venv/lib64/python3.12/site-packages/airflow/example_dags/tutorial_dag.py
[2026-03-23T01:01:56.363+0000] {processor.py:925} INFO - DAG(s) 'tutorial_dag' retrieved from /home/ec2-user/environment/lab4_model_training/venv/lib64/python3.12/site-packages/airflow/example_dags/tutorial_dag.py
[2026-03-23T01:01:56.378+0000] {logging_mixin.py:190} INFO - [2026-03-23T01:01:56.378+0000] {dag.py:3239} INFO - Sync 1 DAGs
[2026-03-23T01:01:56.390+0000] {logging_mixin.py:190} INFO - [2026-03-23T01:01:56.390+0000] {dag.py:4180} INFO - Setting next_dagrun for tutorial_dag to None, run_after=None
[2026-03-23T01:01:56.411+0000] {processor.py:208} INFO - Processing /home/ec2-user/environment/lab4_model_training/venv/lib64/python3.12/site-packages/airflow/example_dags/tutorial_dag.py took 0.063 seconds
[2026-03-23T01:03:00.028+0000] {processor.py:186} INFO - Started process (PID=6485) to work on /home/ec2-user/environment/lab4_model_training/venv/lib64/python3.12/site-packages/airflow/example_dags/tutorial_dag.py
[2026-03-23T01:03:00.029+0000] {processor.py:914} INFO - Processing file /home/ec2-user/environment/lab4_model_training/venv/lib64/python3.12/site-packages/airflow/example_dags/tutorial_dag.py for tasks to queue
[2026-03-23T01:03:00.031+0000] {logging_mixin.py:190} INFO - [2026-03-23T01:03:00.031+0000] {dagbag.py:588} INFO - Filling up the DagBag from /home/ec2-user/environment/lab4_model_training/venv/lib64/python3.12/site-packages/airflow/example_dags/tutorial_dag.py
[2026-03-23T01:03:00.038+0000] {processor.py:925} INFO - DAG(s) 'tutorial_dag' retrieved from /home/ec2-user/environment/lab4_model_training/venv/lib64/python3.12/site-packages/airflow/example_dags/tutorial_dag.py
[2026-03-23T01:03:00.053+0000] {logging_mixin.py:190} INFO - [2026-03-23T01:03:00.053+0000] {dag.py:3239} INFO - Sync 1 DAGs
[2026-03-23T01:03:00.065+0000] {logging_mixin.py:190} INFO - [2026-03-23T01:03:00.065+0000] {dag.py:4180} INFO - Setting next_dagrun for tutorial_dag to None, run_after=None
[2026-03-23T01:03:00.086+0000] {processor.py:208} INFO - Processing /home/ec2-user/environment/lab4_model_training/venv/lib64/python3.12/site-packages/airflow/example_dags/tutorial_dag.py took 0.063 seconds
[2026-03-23T01:04:05.174+0000] {processor.py:186} INFO - Started process (PID=6626) to work on /home/ec2-user/environment/lab4_model_training/venv/lib64/python3.12/site-packages/airflow/example_dags/tutorial_dag.py
[2026-03-23T01:04:05.175+0000] {processor.py:914} INFO - Processing file /home/ec2-user/environment/lab4_model_training/venv/lib64/python3.12/site-packages/airflow/example_dags/tutorial_dag.py for tasks to queue
[2026-03-23T01:04:05.177+0000] {logging_mixin.py:190} INFO - [2026-03-23T01:04:05.177+0000] {dagbag.py:588} INFO - Filling up the DagBag from /home/ec2-user/environment/lab4_model_training/venv/lib64/python3.12/site-packages/airflow/example_dags/tutorial_dag.py
[2026-03-23T01:04:05.185+0000] {processor.py:925} INFO - DAG(s) 'tutorial_dag' retrieved from /home/ec2-user/environment/lab4_model_training/venv/lib64/python3.12/site-packages/airflow/example_dags/tutorial_dag.py
[2026-03-23T01:04:05.200+0000] {logging_mixin.py:190} INFO - [2026-03-23T01:04:05.199+0000] {dag.py:3239} INFO - Sync 1 DAGs
[2026-03-23T01:04:05.212+0000] {logging_mixin.py:190} INFO - [2026-03-23T01:04:05.211+0000] {dag.py:4180} INFO - Setting next_dagrun for tutorial_dag to None, run_after=None
[2026-03-23T01:04:05.233+0000] {processor.py:208} INFO - Processing /home/ec2-user/environment/lab4_model_training/venv/lib64/python3.12/site-packages/airflow/example_dags/tutorial_dag.py took 0.064 seconds
[2026-03-23T01:05:10.432+0000] {processor.py:186} INFO - Started process (PID=6800) to work on /home/ec2-user/environment/lab4_model_training/venv/lib64/python3.12/site-packages/airflow/example_dags/tutorial_dag.py
[2026-03-23T01:05:10.433+0000] {processor.py:914} INFO - Processing file /home/ec2-user/environment/lab4_model_training/venv/lib64/python3.12/site-packages/airflow/example_dags/tutorial_dag.py for tasks to queue
[2026-03-23T01:05:10.435+0000] {logging_mixin.py:190} INFO - [2026-03-23T01:05:10.435+0000] {dagbag.py:588} INFO - Filling up the DagBag from /home/ec2-user/environment/lab4_model_training/venv/lib64/python3.12/site-packages/airflow/example_dags/tutorial_dag.py
[2026-03-23T01:05:10.442+0000] {processor.py:925} INFO - DAG(s) 'tutorial_dag' retrieved from /home/ec2-user/environment/lab4_model_training/venv/lib64/python3.12/site-packages/airflow/example_dags/tutorial_dag.py
[2026-03-23T01:05:10.457+0000] {logging_mixin.py:190} INFO - [2026-03-23T01:05:10.457+0000] {dag.py:3239} INFO - Sync 1 DAGs
[2026-03-23T01:05:10.469+0000] {logging_mixin.py:190} INFO - [2026-03-23T01:05:10.469+0000] {dag.py:4180} INFO - Setting next_dagrun for tutorial_dag to None, run_after=None
[2026-03-23T01:05:10.490+0000] {processor.py:208} INFO - Processing /home/ec2-user/environment/lab4_model_training/venv/lib64/python3.12/site-packages/airflow/example_dags/tutorial_dag.py took 0.064 seconds
[2026-03-23T01:06:27.710+0000] {processor.py:186} INFO - Started process (PID=6954) to work on /home/ec2-user/environment/lab4_model_training/venv/lib64/python3.12/site-packages/airflow/example_dags/tutorial_dag.py
[2026-03-23T01:06:27.712+0000] {processor.py:914} INFO - Processing file /home/ec2-user/environment/lab4_model_training/venv/lib64/python3.12/site-packages/airflow/example_dags/tutorial_dag.py for tasks to queue
[2026-03-23T01:06:27.713+0000] {logging_mixin.py:190} INFO - [2026-03-23T01:06:27.713+0000] {dagbag.py:588} INFO - Filling up the DagBag from /home/ec2-user/environment/lab4_model_training/venv/lib64/python3.12/site-packages/airflow/example_dags/tutorial_dag.py
[2026-03-23T01:06:27.721+0000] {processor.py:925} INFO - DAG(s) 'tutorial_dag' retrieved from /home/ec2-user/environment/lab4_model_training/venv/lib64/python3.12/site-packages/airflow/example_dags/tutorial_dag.py
[2026-03-23T01:06:27.736+0000] {logging_mixin.py:190} INFO - [2026-03-23T01:06:27.736+0000] {dag.py:3239} INFO - Sync 1 DAGs
[2026-03-23T01:06:27.748+0000] {logging_mixin.py:190} INFO - [2026-03-23T01:06:27.748+0000] {dag.py:4180} INFO - Setting next_dagrun for tutorial_dag to None, run_after=None
[2026-03-23T01:06:27.771+0000] {processor.py:208} INFO - Processing /home/ec2-user/environment/lab4_model_training/venv/lib64/python3.12/site-packages/airflow/example_dags/tutorial_dag.py took 0.066 seconds
[2026-03-23T01:07:44.806+0000] {processor.py:186} INFO - Started process (PID=7140) to work on /home/ec2-user/environment/lab4_model_training/venv/lib64/python3.12/site-packages/airflow/example_dags/tutorial_dag.py
[2026-03-23T01:07:44.807+0000] {processor.py:914} INFO - Processing file /home/ec2-user/environment/lab4_model_training/venv/lib64/python3.12/site-packages/airflow/example_dags/tutorial_dag.py for tasks to queue
[2026-03-23T01:07:44.809+0000] {logging_mixin.py:190} INFO - [2026-03-23T01:07:44.809+0000] {dagbag.py:588} INFO - Filling up the DagBag from /home/ec2-user/environment/lab4_model_training/venv/lib64/python3.12/site-packages/airflow/example_dags/tutorial_dag.py
[2026-03-23T01:07:44.817+0000] {processor.py:925} INFO - DAG(s) 'tutorial_dag' retrieved from /home/ec2-user/environment/lab4_model_training/venv/lib64/python3.12/site-packages/airflow/example_dags/tutorial_dag.py
[2026-03-23T01:07:44.831+0000] {logging_mixin.py:190} INFO - [2026-03-23T01:07:44.831+0000] {dag.py:3239} INFO - Sync 1 DAGs
[2026-03-23T01:07:44.843+0000] {logging_mixin.py:190} INFO - [2026-03-23T01:07:44.843+0000] {dag.py:4180} INFO - Setting next_dagrun for tutorial_dag to None, run_after=None
[2026-03-23T01:07:44.864+0000] {processor.py:208} INFO - Processing /home/ec2-user/environment/lab4_model_training/venv/lib64/python3.12/site-packages/airflow/example_dags/tutorial_dag.py took 0.063 seconds
[2026-03-23T01:08:55.970+0000] {processor.py:186} INFO - Started process (PID=7304) to work on /home/ec2-user/environment/lab4_model_training/venv/lib64/python3.12/site-packages/airflow/example_dags/tutorial_dag.py
[2026-03-23T01:08:55.972+0000] {processor.py:914} INFO - Processing file /home/ec2-user/environment/lab4_model_training/venv/lib64/python3.12/site-packages/airflow/example_dags/tutorial_dag.py for tasks to queue
[2026-03-23T01:08:55.973+0000] {logging_mixin.py:190} INFO - [2026-03-23T01:08:55.973+0000] {dagbag.py:588} INFO - Filling up the DagBag from /home/ec2-user/environment/lab4_model_training/venv/lib64/python3.12/site-packages/airflow/example_dags/tutorial_dag.py
[2026-03-23T01:08:55.981+0000] {processor.py:925} INFO - DAG(s) 'tutorial_dag' retrieved from /home/ec2-user/environment/lab4_model_training/venv/lib64/python3.12/site-packages/airflow/example_dags/tutorial_dag.py
[2026-03-23T01:08:55.996+0000] {logging_mixin.py:190} INFO - [2026-03-23T01:08:55.995+0000] {dag.py:3239} INFO - Sync 1 DAGs
[2026-03-23T01:08:56.007+0000] {logging_mixin.py:190} INFO - [2026-03-23T01:08:56.007+0000] {dag.py:4180} INFO - Setting next_dagrun for tutorial_dag to None, run_after=None
[2026-03-23T01:08:56.029+0000] {processor.py:208} INFO - Processing /home/ec2-user/environment/lab4_model_training/venv/lib64/python3.12/site-packages/airflow/example_dags/tutorial_dag.py took 0.063 seconds
[2026-03-23T01:10:16.231+0000] {processor.py:186} INFO - Started process (PID=7500) to work on /home/ec2-user/environment/lab4_model_training/venv/lib64/python3.12/site-packages/airflow/example_dags/tutorial_dag.py
[2026-03-23T01:10:16.232+0000] {processor.py:914} INFO - Processing file /home/ec2-user/environment/lab4_model_training/venv/lib64/python3.12/site-packages/airflow/example_dags/tutorial_dag.py for tasks to queue
[2026-03-23T01:10:16.235+0000] {logging_mixin.py:190} INFO - [2026-03-23T01:10:16.234+0000] {dagbag.py:588} INFO - Filling up the DagBag from /home/ec2-user/environment/lab4_model_training/venv/lib64/python3.12/site-packages/airflow/example_dags/tutorial_dag.py
[2026-03-23T01:10:16.242+0000] {processor.py:925} INFO - DAG(s) 'tutorial_dag' retrieved from /home/ec2-user/environment/lab4_model_training/venv/lib64/python3.12/site-packages/airflow/example_dags/tutorial_dag.py
[2026-03-23T01:10:16.256+0000] {logging_mixin.py:190} INFO - [2026-03-23T01:10:16.256+0000] {dag.py:3239} INFO - Sync 1 DAGs
[2026-03-23T01:10:16.268+0000] {logging_mixin.py:190} INFO - [2026-03-23T01:10:16.268+0000] {dag.py:4180} INFO - Setting next_dagrun for tutorial_dag to None, run_after=None
[2026-03-23T01:10:16.289+0000] {processor.py:208} INFO - Processing /home/ec2-user/environment/lab4_model_training/venv/lib64/python3.12/site-packages/airflow/example_dags/tutorial_dag.py took 0.064 seconds
[2026-03-23T01:11:23.416+0000] {processor.py:186} INFO - Started process (PID=7635) to work on /home/ec2-user/environment/lab4_model_training/venv/lib64/python3.12/site-packages/airflow/example_dags/tutorial_dag.py
[2026-03-23T01:11:23.417+0000] {processor.py:914} INFO - Processing file /home/ec2-user/environment/lab4_model_training/venv/lib64/python3.12/site-packages/airflow/example_dags/tutorial_dag.py for tasks to queue
[2026-03-23T01:11:23.419+0000] {logging_mixin.py:190} INFO - [2026-03-23T01:11:23.419+0000] {dagbag.py:588} INFO - Filling up the DagBag from /home/ec2-user/environment/lab4_model_training/venv/lib64/python3.12/site-packages/airflow/example_dags/tutorial_dag.py
[2026-03-23T01:11:23.426+0000] {processor.py:925} INFO - DAG(s) 'tutorial_dag' retrieved from /home/ec2-user/environment/lab4_model_training/venv/lib64/python3.12/site-packages/airflow/example_dags/tutorial_dag.py
[2026-03-23T01:11:23.441+0000] {logging_mixin.py:190} INFO - [2026-03-23T01:11:23.441+0000] {dag.py:3239} INFO - Sync 1 DAGs
[2026-03-23T01:11:23.457+0000] {logging_mixin.py:190} INFO - [2026-03-23T01:11:23.456+0000] {dag.py:4180} INFO - Setting next_dagrun for tutorial_dag to None, run_after=None
[2026-03-23T01:11:23.478+0000] {processor.py:208} INFO - Processing /home/ec2-user/environment/lab4_model_training/venv/lib64/python3.12/site-packages/airflow/example_dags/tutorial_dag.py took 0.068 seconds
[2026-03-23T01:12:27.689+0000] {processor.py:186} INFO - Started process (PID=7799) to work on /home/ec2-user/environment/lab4_model_training/venv/lib64/python3.12/site-packages/airflow/example_dags/tutorial_dag.py
[2026-03-23T01:12:27.690+0000] {processor.py:914} INFO - Processing file /home/ec2-user/environment/lab4_model_training/venv/lib64/python3.12/site-packages/airflow/example_dags/tutorial_dag.py for tasks to queue
[2026-03-23T01:12:27.692+0000] {logging_mixin.py:190} INFO - [2026-03-23T01:12:27.692+0000] {dagbag.py:588} INFO - Filling up the DagBag from /home/ec2-user/environment/lab4_model_training/venv/lib64/python3.12/site-packages/airflow/example_dags/tutorial_dag.py
[2026-03-23T01:12:27.699+0000] {processor.py:925} INFO - DAG(s) 'tutorial_dag' retrieved from /home/ec2-user/environment/lab4_model_training/venv/lib64/python3.12/site-packages/airflow/example_dags/tutorial_dag.py
[2026-03-23T01:12:27.713+0000] {logging_mixin.py:190} INFO - [2026-03-23T01:12:27.713+0000] {dag.py:3239} INFO - Sync 1 DAGs
[2026-03-23T01:12:27.725+0000] {logging_mixin.py:190} INFO - [2026-03-23T01:12:27.725+0000] {dag.py:4180} INFO - Setting next_dagrun for tutorial_dag to None, run_after=None
[2026-03-23T01:12:27.747+0000] {processor.py:208} INFO - Processing /home/ec2-user/environment/lab4_model_training/venv/lib64/python3.12/site-packages/airflow/example_dags/tutorial_dag.py took 0.064 seconds
[2026-03-23T01:13:31.873+0000] {processor.py:186} INFO - Started process (PID=7907) to work on /home/ec2-user/environment/lab4_model_training/venv/lib64/python3.12/site-packages/airflow/example_dags/tutorial_dag.py
[2026-03-23T01:13:31.874+0000] {processor.py:914} INFO - Processing file /home/ec2-user/environment/lab4_model_training/venv/lib64/python3.12/site-packages/airflow/example_dags/tutorial_dag.py for tasks to queue
[2026-03-23T01:13:31.877+0000] {logging_mixin.py:190} INFO - [2026-03-23T01:13:31.877+0000] {dagbag.py:588} INFO - Filling up the DagBag from /home/ec2-user/environment/lab4_model_training/venv/lib64/python3.12/site-packages/airflow/example_dags/tutorial_dag.py
[2026-03-23T01:13:31.884+0000] {processor.py:925} INFO - DAG(s) 'tutorial_dag' retrieved from /home/ec2-user/environment/lab4_model_training/venv/lib64/python3.12/site-packages/airflow/example_dags/tutorial_dag.py
[2026-03-23T01:13:31.899+0000] {logging_mixin.py:190} INFO - [2026-03-23T01:13:31.898+0000] {dag.py:3239} INFO - Sync 1 DAGs
[2026-03-23T01:13:31.910+0000] {logging_mixin.py:190} INFO - [2026-03-23T01:13:31.910+0000] {dag.py:4180} INFO - Setting next_dagrun for tutorial_dag to None, run_after=None
[2026-03-23T01:13:31.932+0000] {processor.py:208} INFO - Processing /home/ec2-user/environment/lab4_model_training/venv/lib64/python3.12/site-packages/airflow/example_dags/tutorial_dag.py took 0.064 seconds
[2026-03-23T01:14:34.787+0000] {processor.py:186} INFO - Started process (PID=8061) to work on /home/ec2-user/environment/lab4_model_training/venv/lib64/python3.12/site-packages/airflow/example_dags/tutorial_dag.py
[2026-03-23T01:14:34.788+0000] {processor.py:914} INFO - Processing file /home/ec2-user/environment/lab4_model_training/venv/lib64/python3.12/site-packages/airflow/example_dags/tutorial_dag.py for tasks to queue
[2026-03-23T01:14:34.791+0000] {logging_mixin.py:190} INFO - [2026-03-23T01:14:34.790+0000] {dagbag.py:588} INFO - Filling up the DagBag from /home/ec2-user/environment/lab4_model_training/venv/lib64/python3.12/site-packages/airflow/example_dags/tutorial_dag.py
[2026-03-23T01:14:34.798+0000] {processor.py:925} INFO - DAG(s) 'tutorial_dag' retrieved from /home/ec2-user/environment/lab4_model_training/venv/lib64/python3.12/site-packages/airflow/example_dags/tutorial_dag.py
[2026-03-23T01:14:34.812+0000] {logging_mixin.py:190} INFO - [2026-03-23T01:14:34.812+0000] {dag.py:3239} INFO - Sync 1 DAGs
[2026-03-23T01:14:34.825+0000] {logging_mixin.py:190} INFO - [2026-03-23T01:14:34.824+0000] {dag.py:4180} INFO - Setting next_dagrun for tutorial_dag to None, run_after=None
[2026-03-23T01:14:34.846+0000] {processor.py:208} INFO - Processing /home/ec2-user/environment/lab4_model_training/venv/lib64/python3.12/site-packages/airflow/example_dags/tutorial_dag.py took 0.064 seconds
[2026-03-23T01:15:46.410+0000] {processor.py:186} INFO - Started process (PID=8225) to work on /home/ec2-user/environment/lab4_model_training/venv/lib64/python3.12/site-packages/airflow/example_dags/tutorial_dag.py
[2026-03-23T01:15:46.411+0000] {processor.py:914} INFO - Processing file /home/ec2-user/environment/lab4_model_training/venv/lib64/python3.12/site-packages/airflow/example_dags/tutorial_dag.py for tasks to queue
[2026-03-23T01:15:46.414+0000] {logging_mixin.py:190} INFO - [2026-03-23T01:15:46.413+0000] {dagbag.py:588} INFO - Filling up the DagBag from /home/ec2-user/environment/lab4_model_training/venv/lib64/python3.12/site-packages/airflow/example_dags/tutorial_dag.py
[2026-03-23T01:15:46.421+0000] {processor.py:925} INFO - DAG(s) 'tutorial_dag' retrieved from /home/ec2-user/environment/lab4_model_training/venv/lib64/python3.12/site-packages/airflow/example_dags/tutorial_dag.py
[2026-03-23T01:15:46.435+0000] {logging_mixin.py:190} INFO - [2026-03-23T01:15:46.435+0000] {dag.py:3239} INFO - Sync 1 DAGs
[2026-03-23T01:15:46.447+0000] {logging_mixin.py:190} INFO - [2026-03-23T01:15:46.447+0000] {dag.py:4180} INFO - Setting next_dagrun for tutorial_dag to None, run_after=None
[2026-03-23T01:15:46.468+0000] {processor.py:208} INFO - Processing /home/ec2-user/environment/lab4_model_training/venv/lib64/python3.12/site-packages/airflow/example_dags/tutorial_dag.py took 0.063 seconds
[2026-03-23T01:16:52.908+0000] {processor.py:186} INFO - Started process (PID=8338) to work on /home/ec2-user/environment/lab4_model_training/venv/lib64/python3.12/site-packages/airflow/example_dags/tutorial_dag.py
[2026-03-23T01:16:52.909+0000] {processor.py:914} INFO - Processing file /home/ec2-user/environment/lab4_model_training/venv/lib64/python3.12/site-packages/airflow/example_dags/tutorial_dag.py for tasks to queue
[2026-03-23T01:16:52.912+0000] {logging_mixin.py:190} INFO - [2026-03-23T01:16:52.911+0000] {dagbag.py:588} INFO - Filling up the DagBag from /home/ec2-user/environment/lab4_model_training/venv/lib64/python3.12/site-packages/airflow/example_dags/tutorial_dag.py
[2026-03-23T01:16:52.918+0000] {processor.py:925} INFO - DAG(s) 'tutorial_dag' retrieved from /home/ec2-user/environment/lab4_model_training/venv/lib64/python3.12/site-packages/airflow/example_dags/tutorial_dag.py
[2026-03-23T01:16:52.933+0000] {logging_mixin.py:190} INFO - [2026-03-23T01:16:52.933+0000] {dag.py:3239} INFO - Sync 1 DAGs
[2026-03-23T01:16:52.945+0000] {logging_mixin.py:190} INFO - [2026-03-23T01:16:52.945+0000] {dag.py:4180} INFO - Setting next_dagrun for tutorial_dag to None, run_after=None
[2026-03-23T01:16:52.968+0000] {processor.py:208} INFO - Processing /home/ec2-user/environment/lab4_model_training/venv/lib64/python3.12/site-packages/airflow/example_dags/tutorial_dag.py took 0.065 seconds
[2026-03-23T01:17:55.893+0000] {processor.py:186} INFO - Started process (PID=8499) to work on /home/ec2-user/environment/lab4_model_training/venv/lib64/python3.12/site-packages/airflow/example_dags/tutorial_dag.py
[2026-03-23T01:17:55.895+0000] {processor.py:914} INFO - Processing file /home/ec2-user/environment/lab4_model_training/venv/lib64/python3.12/site-packages/airflow/example_dags/tutorial_dag.py for tasks to queue
[2026-03-23T01:17:55.897+0000] {logging_mixin.py:190} INFO - [2026-03-23T01:17:55.897+0000] {dagbag.py:588} INFO - Filling up the DagBag from /home/ec2-user/environment/lab4_model_training/venv/lib64/python3.12/site-packages/airflow/example_dags/tutorial_dag.py
[2026-03-23T01:17:55.904+0000] {processor.py:925} INFO - DAG(s) 'tutorial_dag' retrieved from /home/ec2-user/environment/lab4_model_training/venv/lib64/python3.12/site-packages/airflow/example_dags/tutorial_dag.py
[2026-03-23T01:17:55.919+0000] {logging_mixin.py:190} INFO - [2026-03-23T01:17:55.919+0000] {dag.py:3239} INFO - Sync 1 DAGs
[2026-03-23T01:17:55.931+0000] {logging_mixin.py:190} INFO - [2026-03-23T01:17:55.930+0000] {dag.py:4180} INFO - Setting next_dagrun for tutorial_dag to None, run_after=None
[2026-03-23T01:17:55.953+0000] {processor.py:208} INFO - Processing /home/ec2-user/environment/lab4_model_training/venv/lib64/python3.12/site-packages/airflow/example_dags/tutorial_dag.py took 0.065 seconds
[2026-03-23T01:19:00.112+0000] {processor.py:186} INFO - Started process (PID=8627) to work on /home/ec2-user/environment/lab4_model_training/venv/lib64/python3.12/site-packages/airflow/example_dags/tutorial_dag.py
[2026-03-23T01:19:00.113+0000] {processor.py:914} INFO - Processing file /home/ec2-user/environment/lab4_model_training/venv/lib64/python3.12/site-packages/airflow/example_dags/tutorial_dag.py for tasks to queue
[2026-03-23T01:19:00.116+0000] {logging_mixin.py:190} INFO - [2026-03-23T01:19:00.115+0000] {dagbag.py:588} INFO - Filling up the DagBag from /home/ec2-user/environment/lab4_model_training/venv/lib64/python3.12/site-packages/airflow/example_dags/tutorial_dag.py
[2026-03-23T01:19:00.122+0000] {processor.py:925} INFO - DAG(s) 'tutorial_dag' retrieved from /home/ec2-user/environment/lab4_model_training/venv/lib64/python3.12/site-packages/airflow/example_dags/tutorial_dag.py
[2026-03-23T01:19:00.137+0000] {logging_mixin.py:190} INFO - [2026-03-23T01:19:00.137+0000] {dag.py:3239} INFO - Sync 1 DAGs
[2026-03-23T01:19:00.148+0000] {logging_mixin.py:190} INFO - [2026-03-23T01:19:00.148+0000] {dag.py:4180} INFO - Setting next_dagrun for tutorial_dag to None, run_after=None
[2026-03-23T01:19:00.169+0000] {processor.py:208} INFO - Processing /home/ec2-user/environment/lab4_model_training/venv/lib64/python3.12/site-packages/airflow/example_dags/tutorial_dag.py took 0.062 seconds
[2026-03-23T01:20:01.676+0000] {processor.py:186} INFO - Started process (PID=8779) to work on /home/ec2-user/environment/lab4_model_training/venv/lib64/python3.12/site-packages/airflow/example_dags/tutorial_dag.py
[2026-03-23T01:20:01.677+0000] {processor.py:914} INFO - Processing file /home/ec2-user/environment/lab4_model_training/venv/lib64/python3.12/site-packages/airflow/example_dags/tutorial_dag.py for tasks to queue
[2026-03-23T01:20:01.679+0000] {logging_mixin.py:190} INFO - [2026-03-23T01:20:01.679+0000] {dagbag.py:588} INFO - Filling up the DagBag from /home/ec2-user/environment/lab4_model_training/venv/lib64/python3.12/site-packages/airflow/example_dags/tutorial_dag.py
[2026-03-23T01:20:01.686+0000] {processor.py:925} INFO - DAG(s) 'tutorial_dag' retrieved from /home/ec2-user/environment/lab4_model_training/venv/lib64/python3.12/site-packages/airflow/example_dags/tutorial_dag.py
[2026-03-23T01:20:01.700+0000] {logging_mixin.py:190} INFO - [2026-03-23T01:20:01.700+0000] {dag.py:3239} INFO - Sync 1 DAGs
[2026-03-23T01:20:01.715+0000] {logging_mixin.py:190} INFO - [2026-03-23T01:20:01.715+0000] {dag.py:4180} INFO - Setting next_dagrun for tutorial_dag to None, run_after=None
[2026-03-23T01:20:01.745+0000] {processor.py:208} INFO - Processing /home/ec2-user/environment/lab4_model_training/venv/lib64/python3.12/site-packages/airflow/example_dags/tutorial_dag.py took 0.075 seconds
[2026-03-23T01:21:07.247+0000] {processor.py:186} INFO - Started process (PID=8906) to work on /home/ec2-user/environment/lab4_model_training/venv/lib64/python3.12/site-packages/airflow/example_dags/tutorial_dag.py
[2026-03-23T01:21:07.249+0000] {processor.py:914} INFO - Processing file /home/ec2-user/environment/lab4_model_training/venv/lib64/python3.12/site-packages/airflow/example_dags/tutorial_dag.py for tasks to queue
[2026-03-23T01:21:07.251+0000] {logging_mixin.py:190} INFO - [2026-03-23T01:21:07.250+0000] {dagbag.py:588} INFO - Filling up the DagBag from /home/ec2-user/environment/lab4_model_training/venv/lib64/python3.12/site-packages/airflow/example_dags/tutorial_dag.py
[2026-03-23T01:21:07.257+0000] {processor.py:925} INFO - DAG(s) 'tutorial_dag' retrieved from /home/ec2-user/environment/lab4_model_training/venv/lib64/python3.12/site-packages/airflow/example_dags/tutorial_dag.py
[2026-03-23T01:21:07.272+0000] {logging_mixin.py:190} INFO - [2026-03-23T01:21:07.271+0000] {dag.py:3239} INFO - Sync 1 DAGs
[2026-03-23T01:21:07.283+0000] {logging_mixin.py:190} INFO - [2026-03-23T01:21:07.283+0000] {dag.py:4180} INFO - Setting next_dagrun for tutorial_dag to None, run_after=None
[2026-03-23T01:21:07.304+0000] {processor.py:208} INFO - Processing /home/ec2-user/environment/lab4_model_training/venv/lib64/python3.12/site-packages/airflow/example_dags/tutorial_dag.py took 0.062 seconds
[2026-03-23T01:22:13.308+0000] {processor.py:186} INFO - Started process (PID=9082) to work on /home/ec2-user/environment/lab4_model_training/venv/lib64/python3.12/site-packages/airflow/example_dags/tutorial_dag.py
[2026-03-23T01:22:13.309+0000] {processor.py:914} INFO - Processing file /home/ec2-user/environment/lab4_model_training/venv/lib64/python3.12/site-packages/airflow/example_dags/tutorial_dag.py for tasks to queue
[2026-03-23T01:22:13.311+0000] {logging_mixin.py:190} INFO - [2026-03-23T01:22:13.311+0000] {dagbag.py:588} INFO - Filling up the DagBag from /home/ec2-user/environment/lab4_model_training/venv/lib64/python3.12/site-packages/airflow/example_dags/tutorial_dag.py
[2026-03-23T01:22:13.318+0000] {processor.py:925} INFO - DAG(s) 'tutorial_dag' retrieved from /home/ec2-user/environment/lab4_model_training/venv/lib64/python3.12/site-packages/airflow/example_dags/tutorial_dag.py
[2026-03-23T01:22:13.332+0000] {logging_mixin.py:190} INFO - [2026-03-23T01:22:13.332+0000] {dag.py:3239} INFO - Sync 1 DAGs
[2026-03-23T01:22:13.344+0000] {logging_mixin.py:190} INFO - [2026-03-23T01:22:13.344+0000] {dag.py:4180} INFO - Setting next_dagrun for tutorial_dag to None, run_after=None
[2026-03-23T01:22:13.365+0000] {processor.py:208} INFO - Processing /home/ec2-user/environment/lab4_model_training/venv/lib64/python3.12/site-packages/airflow/example_dags/tutorial_dag.py took 0.063 seconds
[2026-03-23T01:23:26.133+0000] {processor.py:186} INFO - Started process (PID=9217) to work on /home/ec2-user/environment/lab4_model_training/venv/lib64/python3.12/site-packages/airflow/example_dags/tutorial_dag.py
[2026-03-23T01:23:26.135+0000] {processor.py:914} INFO - Processing file /home/ec2-user/environment/lab4_model_training/venv/lib64/python3.12/site-packages/airflow/example_dags/tutorial_dag.py for tasks to queue
[2026-03-23T01:23:26.137+0000] {logging_mixin.py:190} INFO - [2026-03-23T01:23:26.137+0000] {dagbag.py:588} INFO - Filling up the DagBag from /home/ec2-user/environment/lab4_model_training/venv/lib64/python3.12/site-packages/airflow/example_dags/tutorial_dag.py
[2026-03-23T01:23:26.144+0000] {processor.py:925} INFO - DAG(s) 'tutorial_dag' retrieved from /home/ec2-user/environment/lab4_model_training/venv/lib64/python3.12/site-packages/airflow/example_dags/tutorial_dag.py
[2026-03-23T01:23:26.158+0000] {logging_mixin.py:190} INFO - [2026-03-23T01:23:26.158+0000] {dag.py:3239} INFO - Sync 1 DAGs
[2026-03-23T01:23:26.170+0000] {logging_mixin.py:190} INFO - [2026-03-23T01:23:26.170+0000] {dag.py:4180} INFO - Setting next_dagrun for tutorial_dag to None, run_after=None
[2026-03-23T01:23:26.192+0000] {processor.py:208} INFO - Processing /home/ec2-user/environment/lab4_model_training/venv/lib64/python3.12/site-packages/airflow/example_dags/tutorial_dag.py took 0.064 seconds
[2026-03-23T01:24:30.869+0000] {processor.py:186} INFO - Started process (PID=9424) to work on /home/ec2-user/environment/lab4_model_training/venv/lib64/python3.12/site-packages/airflow/example_dags/tutorial_dag.py
[2026-03-23T01:24:30.871+0000] {processor.py:914} INFO - Processing file /home/ec2-user/environment/lab4_model_training/venv/lib64/python3.12/site-packages/airflow/example_dags/tutorial_dag.py for tasks to queue
[2026-03-23T01:24:30.873+0000] {logging_mixin.py:190} INFO - [2026-03-23T01:24:30.873+0000] {dagbag.py:588} INFO - Filling up the DagBag from /home/ec2-user/environment/lab4_model_training/venv/lib64/python3.12/site-packages/airflow/example_dags/tutorial_dag.py
[2026-03-23T01:24:30.881+0000] {processor.py:925} INFO - DAG(s) 'tutorial_dag' retrieved from /home/ec2-user/environment/lab4_model_training/venv/lib64/python3.12/site-packages/airflow/example_dags/tutorial_dag.py
[2026-03-23T01:24:30.899+0000] {logging_mixin.py:190} INFO - [2026-03-23T01:24:30.899+0000] {dag.py:3239} INFO - Sync 1 DAGs
[2026-03-23T01:24:30.914+0000] {logging_mixin.py:190} INFO - [2026-03-23T01:24:30.913+0000] {dag.py:4180} INFO - Setting next_dagrun for tutorial_dag to None, run_after=None
[2026-03-23T01:24:30.946+0000] {processor.py:208} INFO - Processing /home/ec2-user/environment/lab4_model_training/venv/lib64/python3.12/site-packages/airflow/example_dags/tutorial_dag.py took 0.082 seconds
[2026-03-23T01:25:49.636+0000] {processor.py:186} INFO - Started process (PID=9687) to work on /home/ec2-user/environment/lab4_model_training/venv/lib64/python3.12/site-packages/airflow/example_dags/tutorial_dag.py
[2026-03-23T01:25:49.645+0000] {processor.py:914} INFO - Processing file /home/ec2-user/environment/lab4_model_training/venv/lib64/python3.12/site-packages/airflow/example_dags/tutorial_dag.py for tasks to queue
[2026-03-23T01:25:49.648+0000] {logging_mixin.py:190} INFO - [2026-03-23T01:25:49.648+0000] {dagbag.py:588} INFO - Filling up the DagBag from /home/ec2-user/environment/lab4_model_training/venv/lib64/python3.12/site-packages/airflow/example_dags/tutorial_dag.py
[2026-03-23T01:25:49.667+0000] {processor.py:925} INFO - DAG(s) 'tutorial_dag' retrieved from /home/ec2-user/environment/lab4_model_training/venv/lib64/python3.12/site-packages/airflow/example_dags/tutorial_dag.py
[2026-03-23T01:25:49.708+0000] {logging_mixin.py:190} INFO - [2026-03-23T01:25:49.707+0000] {dag.py:3239} INFO - Sync 1 DAGs
[2026-03-23T01:25:49.730+0000] {logging_mixin.py:190} INFO - [2026-03-23T01:25:49.730+0000] {dag.py:4180} INFO - Setting next_dagrun for tutorial_dag to None, run_after=None
[2026-03-23T01:25:49.781+0000] {processor.py:208} INFO - Processing /home/ec2-user/environment/lab4_model_training/venv/lib64/python3.12/site-packages/airflow/example_dags/tutorial_dag.py took 0.162 seconds
[2026-03-23T01:27:08.700+0000] {processor.py:186} INFO - Started process (PID=9913) to work on /home/ec2-user/environment/lab4_model_training/venv/lib64/python3.12/site-packages/airflow/example_dags/tutorial_dag.py
[2026-03-23T01:27:08.701+0000] {processor.py:914} INFO - Processing file /home/ec2-user/environment/lab4_model_training/venv/lib64/python3.12/site-packages/airflow/example_dags/tutorial_dag.py for tasks to queue
[2026-03-23T01:27:08.704+0000] {logging_mixin.py:190} INFO - [2026-03-23T01:27:08.703+0000] {dagbag.py:588} INFO - Filling up the DagBag from /home/ec2-user/environment/lab4_model_training/venv/lib64/python3.12/site-packages/airflow/example_dags/tutorial_dag.py
[2026-03-23T01:27:08.711+0000] {processor.py:925} INFO - DAG(s) 'tutorial_dag' retrieved from /home/ec2-user/environment/lab4_model_training/venv/lib64/python3.12/site-packages/airflow/example_dags/tutorial_dag.py
[2026-03-23T01:27:08.726+0000] {logging_mixin.py:190} INFO - [2026-03-23T01:27:08.725+0000] {dag.py:3239} INFO - Sync 1 DAGs
[2026-03-23T01:27:08.738+0000] {logging_mixin.py:190} INFO - [2026-03-23T01:27:08.738+0000] {dag.py:4180} INFO - Setting next_dagrun for tutorial_dag to None, run_after=None
[2026-03-23T01:27:08.760+0000] {processor.py:208} INFO - Processing /home/ec2-user/environment/lab4_model_training/venv/lib64/python3.12/site-packages/airflow/example_dags/tutorial_dag.py took 0.065 seconds
[2026-03-23T01:28:12.034+0000] {processor.py:186} INFO - Started process (PID=10069) to work on /home/ec2-user/environment/lab4_model_training/venv/lib64/python3.12/site-packages/airflow/example_dags/tutorial_dag.py
[2026-03-23T01:28:12.036+0000] {processor.py:914} INFO - Processing file /home/ec2-user/environment/lab4_model_training/venv/lib64/python3.12/site-packages/airflow/example_dags/tutorial_dag.py for tasks to queue
[2026-03-23T01:28:12.038+0000] {logging_mixin.py:190} INFO - [2026-03-23T01:28:12.038+0000] {dagbag.py:588} INFO - Filling up the DagBag from /home/ec2-user/environment/lab4_model_training/venv/lib64/python3.12/site-packages/airflow/example_dags/tutorial_dag.py
[2026-03-23T01:28:12.045+0000] {processor.py:925} INFO - DAG(s) 'tutorial_dag' retrieved from /home/ec2-user/environment/lab4_model_training/venv/lib64/python3.12/site-packages/airflow/example_dags/tutorial_dag.py
[2026-03-23T01:28:12.060+0000] {logging_mixin.py:190} INFO - [2026-03-23T01:28:12.060+0000] {dag.py:3239} INFO - Sync 1 DAGs
[2026-03-23T01:28:12.072+0000] {logging_mixin.py:190} INFO - [2026-03-23T01:28:12.072+0000] {dag.py:4180} INFO - Setting next_dagrun for tutorial_dag to None, run_after=None
[2026-03-23T01:28:12.094+0000] {processor.py:208} INFO - Processing /home/ec2-user/environment/lab4_model_training/venv/lib64/python3.12/site-packages/airflow/example_dags/tutorial_dag.py took 0.064 seconds
[2026-03-23T01:29:15.770+0000] {processor.py:186} INFO - Started process (PID=10253) to work on /home/ec2-user/environment/lab4_model_training/venv/lib64/python3.12/site-packages/airflow/example_dags/tutorial_dag.py
[2026-03-23T01:29:15.772+0000] {processor.py:914} INFO - Processing file /home/ec2-user/environment/lab4_model_training/venv/lib64/python3.12/site-packages/airflow/example_dags/tutorial_dag.py for tasks to queue
[2026-03-23T01:29:15.773+0000] {logging_mixin.py:190} INFO - [2026-03-23T01:29:15.773+0000] {dagbag.py:588} INFO - Filling up the DagBag from /home/ec2-user/environment/lab4_model_training/venv/lib64/python3.12/site-packages/airflow/example_dags/tutorial_dag.py
[2026-03-23T01:29:15.781+0000] {processor.py:925} INFO - DAG(s) 'tutorial_dag' retrieved from /home/ec2-user/environment/lab4_model_training/venv/lib64/python3.12/site-packages/airflow/example_dags/tutorial_dag.py
[2026-03-23T01:29:15.796+0000] {logging_mixin.py:190} INFO - [2026-03-23T01:29:15.796+0000] {dag.py:3239} INFO - Sync 1 DAGs
[2026-03-23T01:29:15.808+0000] {logging_mixin.py:190} INFO - [2026-03-23T01:29:15.808+0000] {dag.py:4180} INFO - Setting next_dagrun for tutorial_dag to None, run_after=None
[2026-03-23T01:29:15.829+0000] {processor.py:208} INFO - Processing /home/ec2-user/environment/lab4_model_training/venv/lib64/python3.12/site-packages/airflow/example_dags/tutorial_dag.py took 0.064 seconds
[2026-03-23T01:30:23.231+0000] {processor.py:186} INFO - Started process (PID=10492) to work on /home/ec2-user/environment/lab4_model_training/venv/lib64/python3.12/site-packages/airflow/example_dags/tutorial_dag.py
[2026-03-23T01:30:23.232+0000] {processor.py:914} INFO - Processing file /home/ec2-user/environment/lab4_model_training/venv/lib64/python3.12/site-packages/airflow/example_dags/tutorial_dag.py for tasks to queue
[2026-03-23T01:30:23.234+0000] {logging_mixin.py:190} INFO - [2026-03-23T01:30:23.233+0000] {dagbag.py:588} INFO - Filling up the DagBag from /home/ec2-user/environment/lab4_model_training/venv/lib64/python3.12/site-packages/airflow/example_dags/tutorial_dag.py
[2026-03-23T01:30:23.241+0000] {processor.py:925} INFO - DAG(s) 'tutorial_dag' retrieved from /home/ec2-user/environment/lab4_model_training/venv/lib64/python3.12/site-packages/airflow/example_dags/tutorial_dag.py
[2026-03-23T01:30:23.256+0000] {logging_mixin.py:190} INFO - [2026-03-23T01:30:23.256+0000] {dag.py:3239} INFO - Sync 1 DAGs
[2026-03-23T01:30:23.267+0000] {logging_mixin.py:190} INFO - [2026-03-23T01:30:23.267+0000] {dag.py:4180} INFO - Setting next_dagrun for tutorial_dag to None, run_after=None
[2026-03-23T01:30:23.288+0000] {processor.py:208} INFO - Processing /home/ec2-user/environment/lab4_model_training/venv/lib64/python3.12/site-packages/airflow/example_dags/tutorial_dag.py took 0.063 seconds
[2026-03-23T01:31:27.683+0000] {processor.py:186} INFO - Started process (PID=10686) to work on /home/ec2-user/environment/lab4_model_training/venv/lib64/python3.12/site-packages/airflow/example_dags/tutorial_dag.py
[2026-03-23T01:31:27.684+0000] {processor.py:914} INFO - Processing file /home/ec2-user/environment/lab4_model_training/venv/lib64/python3.12/site-packages/airflow/example_dags/tutorial_dag.py for tasks to queue
[2026-03-23T01:31:27.686+0000] {logging_mixin.py:190} INFO - [2026-03-23T01:31:27.686+0000] {dagbag.py:588} INFO - Filling up the DagBag from /home/ec2-user/environment/lab4_model_training/venv/lib64/python3.12/site-packages/airflow/example_dags/tutorial_dag.py
[2026-03-23T01:31:27.694+0000] {processor.py:925} INFO - DAG(s) 'tutorial_dag' retrieved from /home/ec2-user/environment/lab4_model_training/venv/lib64/python3.12/site-packages/airflow/example_dags/tutorial_dag.py
[2026-03-23T01:31:27.709+0000] {logging_mixin.py:190} INFO - [2026-03-23T01:31:27.709+0000] {dag.py:3239} INFO - Sync 1 DAGs
[2026-03-23T01:31:27.721+0000] {logging_mixin.py:190} INFO - [2026-03-23T01:31:27.721+0000] {dag.py:4180} INFO - Setting next_dagrun for tutorial_dag to None, run_after=None
[2026-03-23T01:31:27.743+0000] {processor.py:208} INFO - Processing /home/ec2-user/environment/lab4_model_training/venv/lib64/python3.12/site-packages/airflow/example_dags/tutorial_dag.py took 0.066 seconds
[2026-03-23T01:32:32.773+0000] {processor.py:186} INFO - Started process (PID=10872) to work on /home/ec2-user/environment/lab4_model_training/venv/lib64/python3.12/site-packages/airflow/example_dags/tutorial_dag.py
[2026-03-23T01:32:32.774+0000] {processor.py:914} INFO - Processing file /home/ec2-user/environment/lab4_model_training/venv/lib64/python3.12/site-packages/airflow/example_dags/tutorial_dag.py for tasks to queue
[2026-03-23T01:32:32.776+0000] {logging_mixin.py:190} INFO - [2026-03-23T01:32:32.776+0000] {dagbag.py:588} INFO - Filling up the DagBag from /home/ec2-user/environment/lab4_model_training/venv/lib64/python3.12/site-packages/airflow/example_dags/tutorial_dag.py
[2026-03-23T01:32:32.783+0000] {processor.py:925} INFO - DAG(s) 'tutorial_dag' retrieved from /home/ec2-user/environment/lab4_model_training/venv/lib64/python3.12/site-packages/airflow/example_dags/tutorial_dag.py
[2026-03-23T01:32:32.798+0000] {logging_mixin.py:190} INFO - [2026-03-23T01:32:32.798+0000] {dag.py:3239} INFO - Sync 1 DAGs
[2026-03-23T01:32:32.810+0000] {logging_mixin.py:190} INFO - [2026-03-23T01:32:32.810+0000] {dag.py:4180} INFO - Setting next_dagrun for tutorial_dag to None, run_after=None
[2026-03-23T01:32:32.831+0000] {processor.py:208} INFO - Processing /home/ec2-user/environment/lab4_model_training/venv/lib64/python3.12/site-packages/airflow/example_dags/tutorial_dag.py took 0.064 seconds
[2026-03-23T01:33:39.462+0000] {processor.py:186} INFO - Started process (PID=11070) to work on /home/ec2-user/environment/lab4_model_training/venv/lib64/python3.12/site-packages/airflow/example_dags/tutorial_dag.py
[2026-03-23T01:33:39.464+0000] {processor.py:914} INFO - Processing file /home/ec2-user/environment/lab4_model_training/venv/lib64/python3.12/site-packages/airflow/example_dags/tutorial_dag.py for tasks to queue
[2026-03-23T01:33:39.465+0000] {logging_mixin.py:190} INFO - [2026-03-23T01:33:39.465+0000] {dagbag.py:588} INFO - Filling up the DagBag from /home/ec2-user/environment/lab4_model_training/venv/lib64/python3.12/site-packages/airflow/example_dags/tutorial_dag.py
[2026-03-23T01:33:39.473+0000] {processor.py:925} INFO - DAG(s) 'tutorial_dag' retrieved from /home/ec2-user/environment/lab4_model_training/venv/lib64/python3.12/site-packages/airflow/example_dags/tutorial_dag.py
[2026-03-23T01:33:39.487+0000] {logging_mixin.py:190} INFO - [2026-03-23T01:33:39.487+0000] {dag.py:3239} INFO - Sync 1 DAGs
[2026-03-23T01:33:39.499+0000] {logging_mixin.py:190} INFO - [2026-03-23T01:33:39.498+0000] {dag.py:4180} INFO - Setting next_dagrun for tutorial_dag to None, run_after=None
[2026-03-23T01:33:39.519+0000] {processor.py:208} INFO - Processing /home/ec2-user/environment/lab4_model_training/venv/lib64/python3.12/site-packages/airflow/example_dags/tutorial_dag.py took 0.062 seconds
[2026-03-23T01:34:45.974+0000] {processor.py:186} INFO - Started process (PID=11243) to work on /home/ec2-user/environment/lab4_model_training/venv/lib64/python3.12/site-packages/airflow/example_dags/tutorial_dag.py
[2026-03-23T01:34:45.975+0000] {processor.py:914} INFO - Processing file /home/ec2-user/environment/lab4_model_training/venv/lib64/python3.12/site-packages/airflow/example_dags/tutorial_dag.py for tasks to queue
[2026-03-23T01:34:45.977+0000] {logging_mixin.py:190} INFO - [2026-03-23T01:34:45.977+0000] {dagbag.py:588} INFO - Filling up the DagBag from /home/ec2-user/environment/lab4_model_training/venv/lib64/python3.12/site-packages/airflow/example_dags/tutorial_dag.py
[2026-03-23T01:34:45.987+0000] {processor.py:925} INFO - DAG(s) 'tutorial_dag' retrieved from /home/ec2-user/environment/lab4_model_training/venv/lib64/python3.12/site-packages/airflow/example_dags/tutorial_dag.py
[2026-03-23T01:34:46.007+0000] {logging_mixin.py:190} INFO - [2026-03-23T01:34:46.007+0000] {dag.py:3239} INFO - Sync 1 DAGs
[2026-03-23T01:34:46.027+0000] {logging_mixin.py:190} INFO - [2026-03-23T01:34:46.026+0000] {dag.py:4180} INFO - Setting next_dagrun for tutorial_dag to None, run_after=None
[2026-03-23T01:34:46.059+0000] {processor.py:208} INFO - Processing /home/ec2-user/environment/lab4_model_training/venv/lib64/python3.12/site-packages/airflow/example_dags/tutorial_dag.py took 0.093 seconds
