[2026-03-23T00:59:46.122+0000] {processor.py:186} INFO - Started process (PID=5916) to work on /home/ec2-user/environment/lab4_model_training/venv/lib64/python3.12/site-packages/airflow/example_dags/tutorial.py
[2026-03-23T00:59:46.122+0000] {processor.py:914} INFO - Processing file /home/ec2-user/environment/lab4_model_training/venv/lib64/python3.12/site-packages/airflow/example_dags/tutorial.py for tasks to queue
[2026-03-23T00:59:46.124+0000] {logging_mixin.py:190} INFO - [2026-03-23T00:59:46.124+0000] {dagbag.py:588} INFO - Filling up the DagBag from /home/ec2-user/environment/lab4_model_training/venv/lib64/python3.12/site-packages/airflow/example_dags/tutorial.py
[2026-03-23T00:59:46.132+0000] {processor.py:925} INFO - DAG(s) 'tutorial' retrieved from /home/ec2-user/environment/lab4_model_training/venv/lib64/python3.12/site-packages/airflow/example_dags/tutorial.py
[2026-03-23T00:59:46.147+0000] {logging_mixin.py:190} INFO - [2026-03-23T00:59:46.146+0000] {dag.py:3239} INFO - Sync 1 DAGs
[2026-03-23T00:59:46.165+0000] {logging_mixin.py:190} INFO - [2026-03-23T00:59:46.165+0000] {dag.py:4180} INFO - Setting next_dagrun for tutorial to 2026-03-22 00:00:00+00:00, run_after=2026-03-23 00:00:00+00:00
[2026-03-23T00:59:46.188+0000] {processor.py:208} INFO - Processing /home/ec2-user/environment/lab4_model_training/venv/lib64/python3.12/site-packages/airflow/example_dags/tutorial.py took 0.071 seconds
[2026-03-23T01:00:52.086+0000] {processor.py:186} INFO - Started process (PID=6058) to work on /home/ec2-user/environment/lab4_model_training/venv/lib64/python3.12/site-packages/airflow/example_dags/tutorial.py
[2026-03-23T01:00:52.087+0000] {processor.py:914} INFO - Processing file /home/ec2-user/environment/lab4_model_training/venv/lib64/python3.12/site-packages/airflow/example_dags/tutorial.py for tasks to queue
[2026-03-23T01:00:52.089+0000] {logging_mixin.py:190} INFO - [2026-03-23T01:00:52.088+0000] {dagbag.py:588} INFO - Filling up the DagBag from /home/ec2-user/environment/lab4_model_training/venv/lib64/python3.12/site-packages/airflow/example_dags/tutorial.py
[2026-03-23T01:00:52.097+0000] {processor.py:925} INFO - DAG(s) 'tutorial' retrieved from /home/ec2-user/environment/lab4_model_training/venv/lib64/python3.12/site-packages/airflow/example_dags/tutorial.py
[2026-03-23T01:00:52.112+0000] {logging_mixin.py:190} INFO - [2026-03-23T01:00:52.111+0000] {dag.py:3239} INFO - Sync 1 DAGs
[2026-03-23T01:00:52.131+0000] {logging_mixin.py:190} INFO - [2026-03-23T01:00:52.130+0000] {dag.py:4180} INFO - Setting next_dagrun for tutorial to 2026-03-22 00:00:00+00:00, run_after=2026-03-23 00:00:00+00:00
[2026-03-23T01:00:52.152+0000] {processor.py:208} INFO - Processing /home/ec2-user/environment/lab4_model_training/venv/lib64/python3.12/site-packages/airflow/example_dags/tutorial.py took 0.072 seconds
[2026-03-23T01:01:55.216+0000] {processor.py:186} INFO - Started process (PID=6277) to work on /home/ec2-user/environment/lab4_model_training/venv/lib64/python3.12/site-packages/airflow/example_dags/tutorial.py
[2026-03-23T01:01:55.217+0000] {processor.py:914} INFO - Processing file /home/ec2-user/environment/lab4_model_training/venv/lib64/python3.12/site-packages/airflow/example_dags/tutorial.py for tasks to queue
[2026-03-23T01:01:55.219+0000] {logging_mixin.py:190} INFO - [2026-03-23T01:01:55.218+0000] {dagbag.py:588} INFO - Filling up the DagBag from /home/ec2-user/environment/lab4_model_training/venv/lib64/python3.12/site-packages/airflow/example_dags/tutorial.py
[2026-03-23T01:01:55.227+0000] {processor.py:925} INFO - DAG(s) 'tutorial' retrieved from /home/ec2-user/environment/lab4_model_training/venv/lib64/python3.12/site-packages/airflow/example_dags/tutorial.py
[2026-03-23T01:01:55.241+0000] {logging_mixin.py:190} INFO - [2026-03-23T01:01:55.241+0000] {dag.py:3239} INFO - Sync 1 DAGs
[2026-03-23T01:01:55.261+0000] {logging_mixin.py:190} INFO - [2026-03-23T01:01:55.261+0000] {dag.py:4180} INFO - Setting next_dagrun for tutorial to 2026-03-22 00:00:00+00:00, run_after=2026-03-23 00:00:00+00:00
[2026-03-23T01:01:55.282+0000] {processor.py:208} INFO - Processing /home/ec2-user/environment/lab4_model_training/venv/lib64/python3.12/site-packages/airflow/example_dags/tutorial.py took 0.072 seconds
[2026-03-23T01:02:59.689+0000] {processor.py:186} INFO - Started process (PID=6484) to work on /home/ec2-user/environment/lab4_model_training/venv/lib64/python3.12/site-packages/airflow/example_dags/tutorial.py
[2026-03-23T01:02:59.690+0000] {processor.py:914} INFO - Processing file /home/ec2-user/environment/lab4_model_training/venv/lib64/python3.12/site-packages/airflow/example_dags/tutorial.py for tasks to queue
[2026-03-23T01:02:59.692+0000] {logging_mixin.py:190} INFO - [2026-03-23T01:02:59.692+0000] {dagbag.py:588} INFO - Filling up the DagBag from /home/ec2-user/environment/lab4_model_training/venv/lib64/python3.12/site-packages/airflow/example_dags/tutorial.py
[2026-03-23T01:02:59.700+0000] {processor.py:925} INFO - DAG(s) 'tutorial' retrieved from /home/ec2-user/environment/lab4_model_training/venv/lib64/python3.12/site-packages/airflow/example_dags/tutorial.py
[2026-03-23T01:02:59.714+0000] {logging_mixin.py:190} INFO - [2026-03-23T01:02:59.714+0000] {dag.py:3239} INFO - Sync 1 DAGs
[2026-03-23T01:02:59.733+0000] {logging_mixin.py:190} INFO - [2026-03-23T01:02:59.733+0000] {dag.py:4180} INFO - Setting next_dagrun for tutorial to 2026-03-22 00:00:00+00:00, run_after=2026-03-23 00:00:00+00:00
[2026-03-23T01:02:59.755+0000] {processor.py:208} INFO - Processing /home/ec2-user/environment/lab4_model_training/venv/lib64/python3.12/site-packages/airflow/example_dags/tutorial.py took 0.071 seconds
[2026-03-23T01:04:04.025+0000] {processor.py:186} INFO - Started process (PID=6621) to work on /home/ec2-user/environment/lab4_model_training/venv/lib64/python3.12/site-packages/airflow/example_dags/tutorial.py
[2026-03-23T01:04:04.026+0000] {processor.py:914} INFO - Processing file /home/ec2-user/environment/lab4_model_training/venv/lib64/python3.12/site-packages/airflow/example_dags/tutorial.py for tasks to queue
[2026-03-23T01:04:04.028+0000] {logging_mixin.py:190} INFO - [2026-03-23T01:04:04.027+0000] {dagbag.py:588} INFO - Filling up the DagBag from /home/ec2-user/environment/lab4_model_training/venv/lib64/python3.12/site-packages/airflow/example_dags/tutorial.py
[2026-03-23T01:04:04.036+0000] {processor.py:925} INFO - DAG(s) 'tutorial' retrieved from /home/ec2-user/environment/lab4_model_training/venv/lib64/python3.12/site-packages/airflow/example_dags/tutorial.py
[2026-03-23T01:04:04.051+0000] {logging_mixin.py:190} INFO - [2026-03-23T01:04:04.051+0000] {dag.py:3239} INFO - Sync 1 DAGs
[2026-03-23T01:04:04.070+0000] {logging_mixin.py:190} INFO - [2026-03-23T01:04:04.070+0000] {dag.py:4180} INFO - Setting next_dagrun for tutorial to 2026-03-22 00:00:00+00:00, run_after=2026-03-23 00:00:00+00:00
[2026-03-23T01:04:04.092+0000] {processor.py:208} INFO - Processing /home/ec2-user/environment/lab4_model_training/venv/lib64/python3.12/site-packages/airflow/example_dags/tutorial.py took 0.072 seconds
[2026-03-23T01:05:09.293+0000] {processor.py:186} INFO - Started process (PID=6799) to work on /home/ec2-user/environment/lab4_model_training/venv/lib64/python3.12/site-packages/airflow/example_dags/tutorial.py
[2026-03-23T01:05:09.295+0000] {processor.py:914} INFO - Processing file /home/ec2-user/environment/lab4_model_training/venv/lib64/python3.12/site-packages/airflow/example_dags/tutorial.py for tasks to queue
[2026-03-23T01:05:09.297+0000] {logging_mixin.py:190} INFO - [2026-03-23T01:05:09.296+0000] {dagbag.py:588} INFO - Filling up the DagBag from /home/ec2-user/environment/lab4_model_training/venv/lib64/python3.12/site-packages/airflow/example_dags/tutorial.py
[2026-03-23T01:05:09.305+0000] {processor.py:925} INFO - DAG(s) 'tutorial' retrieved from /home/ec2-user/environment/lab4_model_training/venv/lib64/python3.12/site-packages/airflow/example_dags/tutorial.py
[2026-03-23T01:05:09.325+0000] {logging_mixin.py:190} INFO - [2026-03-23T01:05:09.325+0000] {dag.py:3239} INFO - Sync 1 DAGs
[2026-03-23T01:05:09.348+0000] {logging_mixin.py:190} INFO - [2026-03-23T01:05:09.348+0000] {dag.py:4180} INFO - Setting next_dagrun for tutorial to 2026-03-22 00:00:00+00:00, run_after=2026-03-23 00:00:00+00:00
[2026-03-23T01:05:09.370+0000] {processor.py:208} INFO - Processing /home/ec2-user/environment/lab4_model_training/venv/lib64/python3.12/site-packages/airflow/example_dags/tutorial.py took 0.082 seconds
[2026-03-23T01:06:26.562+0000] {processor.py:186} INFO - Started process (PID=6953) to work on /home/ec2-user/environment/lab4_model_training/venv/lib64/python3.12/site-packages/airflow/example_dags/tutorial.py
[2026-03-23T01:06:26.563+0000] {processor.py:914} INFO - Processing file /home/ec2-user/environment/lab4_model_training/venv/lib64/python3.12/site-packages/airflow/example_dags/tutorial.py for tasks to queue
[2026-03-23T01:06:26.565+0000] {logging_mixin.py:190} INFO - [2026-03-23T01:06:26.565+0000] {dagbag.py:588} INFO - Filling up the DagBag from /home/ec2-user/environment/lab4_model_training/venv/lib64/python3.12/site-packages/airflow/example_dags/tutorial.py
[2026-03-23T01:06:26.573+0000] {processor.py:925} INFO - DAG(s) 'tutorial' retrieved from /home/ec2-user/environment/lab4_model_training/venv/lib64/python3.12/site-packages/airflow/example_dags/tutorial.py
[2026-03-23T01:06:26.588+0000] {logging_mixin.py:190} INFO - [2026-03-23T01:06:26.588+0000] {dag.py:3239} INFO - Sync 1 DAGs
[2026-03-23T01:06:26.608+0000] {logging_mixin.py:190} INFO - [2026-03-23T01:06:26.608+0000] {dag.py:4180} INFO - Setting next_dagrun for tutorial to 2026-03-22 00:00:00+00:00, run_after=2026-03-23 00:00:00+00:00
[2026-03-23T01:06:26.630+0000] {processor.py:208} INFO - Processing /home/ec2-user/environment/lab4_model_training/venv/lib64/python3.12/site-packages/airflow/example_dags/tutorial.py took 0.073 seconds
[2026-03-23T01:07:44.011+0000] {processor.py:186} INFO - Started process (PID=7139) to work on /home/ec2-user/environment/lab4_model_training/venv/lib64/python3.12/site-packages/airflow/example_dags/tutorial.py
[2026-03-23T01:07:44.012+0000] {processor.py:914} INFO - Processing file /home/ec2-user/environment/lab4_model_training/venv/lib64/python3.12/site-packages/airflow/example_dags/tutorial.py for tasks to queue
[2026-03-23T01:07:44.014+0000] {logging_mixin.py:190} INFO - [2026-03-23T01:07:44.014+0000] {dagbag.py:588} INFO - Filling up the DagBag from /home/ec2-user/environment/lab4_model_training/venv/lib64/python3.12/site-packages/airflow/example_dags/tutorial.py
[2026-03-23T01:07:44.022+0000] {processor.py:925} INFO - DAG(s) 'tutorial' retrieved from /home/ec2-user/environment/lab4_model_training/venv/lib64/python3.12/site-packages/airflow/example_dags/tutorial.py
[2026-03-23T01:07:44.037+0000] {logging_mixin.py:190} INFO - [2026-03-23T01:07:44.037+0000] {dag.py:3239} INFO - Sync 1 DAGs
[2026-03-23T01:07:44.057+0000] {logging_mixin.py:190} INFO - [2026-03-23T01:07:44.056+0000] {dag.py:4180} INFO - Setting next_dagrun for tutorial to 2026-03-22 00:00:00+00:00, run_after=2026-03-23 00:00:00+00:00
[2026-03-23T01:07:44.079+0000] {processor.py:208} INFO - Processing /home/ec2-user/environment/lab4_model_training/venv/lib64/python3.12/site-packages/airflow/example_dags/tutorial.py took 0.073 seconds
[2026-03-23T01:08:54.818+0000] {processor.py:186} INFO - Started process (PID=7303) to work on /home/ec2-user/environment/lab4_model_training/venv/lib64/python3.12/site-packages/airflow/example_dags/tutorial.py
[2026-03-23T01:08:54.819+0000] {processor.py:914} INFO - Processing file /home/ec2-user/environment/lab4_model_training/venv/lib64/python3.12/site-packages/airflow/example_dags/tutorial.py for tasks to queue
[2026-03-23T01:08:54.821+0000] {logging_mixin.py:190} INFO - [2026-03-23T01:08:54.821+0000] {dagbag.py:588} INFO - Filling up the DagBag from /home/ec2-user/environment/lab4_model_training/venv/lib64/python3.12/site-packages/airflow/example_dags/tutorial.py
[2026-03-23T01:08:54.829+0000] {processor.py:925} INFO - DAG(s) 'tutorial' retrieved from /home/ec2-user/environment/lab4_model_training/venv/lib64/python3.12/site-packages/airflow/example_dags/tutorial.py
[2026-03-23T01:08:54.844+0000] {logging_mixin.py:190} INFO - [2026-03-23T01:08:54.844+0000] {dag.py:3239} INFO - Sync 1 DAGs
[2026-03-23T01:08:54.864+0000] {logging_mixin.py:190} INFO - [2026-03-23T01:08:54.864+0000] {dag.py:4180} INFO - Setting next_dagrun for tutorial to 2026-03-22 00:00:00+00:00, run_after=2026-03-23 00:00:00+00:00
[2026-03-23T01:08:54.885+0000] {processor.py:208} INFO - Processing /home/ec2-user/environment/lab4_model_training/venv/lib64/python3.12/site-packages/airflow/example_dags/tutorial.py took 0.073 seconds
[2026-03-23T01:10:15.084+0000] {processor.py:186} INFO - Started process (PID=7499) to work on /home/ec2-user/environment/lab4_model_training/venv/lib64/python3.12/site-packages/airflow/example_dags/tutorial.py
[2026-03-23T01:10:15.085+0000] {processor.py:914} INFO - Processing file /home/ec2-user/environment/lab4_model_training/venv/lib64/python3.12/site-packages/airflow/example_dags/tutorial.py for tasks to queue
[2026-03-23T01:10:15.087+0000] {logging_mixin.py:190} INFO - [2026-03-23T01:10:15.086+0000] {dagbag.py:588} INFO - Filling up the DagBag from /home/ec2-user/environment/lab4_model_training/venv/lib64/python3.12/site-packages/airflow/example_dags/tutorial.py
[2026-03-23T01:10:15.095+0000] {processor.py:925} INFO - DAG(s) 'tutorial' retrieved from /home/ec2-user/environment/lab4_model_training/venv/lib64/python3.12/site-packages/airflow/example_dags/tutorial.py
[2026-03-23T01:10:15.109+0000] {logging_mixin.py:190} INFO - [2026-03-23T01:10:15.109+0000] {dag.py:3239} INFO - Sync 1 DAGs
[2026-03-23T01:10:15.128+0000] {logging_mixin.py:190} INFO - [2026-03-23T01:10:15.128+0000] {dag.py:4180} INFO - Setting next_dagrun for tutorial to 2026-03-22 00:00:00+00:00, run_after=2026-03-23 00:00:00+00:00
[2026-03-23T01:10:15.150+0000] {processor.py:208} INFO - Processing /home/ec2-user/environment/lab4_model_training/venv/lib64/python3.12/site-packages/airflow/example_dags/tutorial.py took 0.071 seconds
[2026-03-23T01:11:22.244+0000] {processor.py:186} INFO - Started process (PID=7634) to work on /home/ec2-user/environment/lab4_model_training/venv/lib64/python3.12/site-packages/airflow/example_dags/tutorial.py
[2026-03-23T01:11:22.246+0000] {processor.py:914} INFO - Processing file /home/ec2-user/environment/lab4_model_training/venv/lib64/python3.12/site-packages/airflow/example_dags/tutorial.py for tasks to queue
[2026-03-23T01:11:22.248+0000] {logging_mixin.py:190} INFO - [2026-03-23T01:11:22.247+0000] {dagbag.py:588} INFO - Filling up the DagBag from /home/ec2-user/environment/lab4_model_training/venv/lib64/python3.12/site-packages/airflow/example_dags/tutorial.py
[2026-03-23T01:11:22.256+0000] {processor.py:925} INFO - DAG(s) 'tutorial' retrieved from /home/ec2-user/environment/lab4_model_training/venv/lib64/python3.12/site-packages/airflow/example_dags/tutorial.py
[2026-03-23T01:11:22.270+0000] {logging_mixin.py:190} INFO - [2026-03-23T01:11:22.270+0000] {dag.py:3239} INFO - Sync 1 DAGs
[2026-03-23T01:11:22.290+0000] {logging_mixin.py:190} INFO - [2026-03-23T01:11:22.290+0000] {dag.py:4180} INFO - Setting next_dagrun for tutorial to 2026-03-22 00:00:00+00:00, run_after=2026-03-23 00:00:00+00:00
[2026-03-23T01:11:22.313+0000] {processor.py:208} INFO - Processing /home/ec2-user/environment/lab4_model_training/venv/lib64/python3.12/site-packages/airflow/example_dags/tutorial.py took 0.074 seconds
[2026-03-23T01:12:26.529+0000] {processor.py:186} INFO - Started process (PID=7792) to work on /home/ec2-user/environment/lab4_model_training/venv/lib64/python3.12/site-packages/airflow/example_dags/tutorial.py
[2026-03-23T01:12:26.531+0000] {processor.py:914} INFO - Processing file /home/ec2-user/environment/lab4_model_training/venv/lib64/python3.12/site-packages/airflow/example_dags/tutorial.py for tasks to queue
[2026-03-23T01:12:26.533+0000] {logging_mixin.py:190} INFO - [2026-03-23T01:12:26.532+0000] {dagbag.py:588} INFO - Filling up the DagBag from /home/ec2-user/environment/lab4_model_training/venv/lib64/python3.12/site-packages/airflow/example_dags/tutorial.py
[2026-03-23T01:12:26.540+0000] {processor.py:925} INFO - DAG(s) 'tutorial' retrieved from /home/ec2-user/environment/lab4_model_training/venv/lib64/python3.12/site-packages/airflow/example_dags/tutorial.py
[2026-03-23T01:12:26.555+0000] {logging_mixin.py:190} INFO - [2026-03-23T01:12:26.555+0000] {dag.py:3239} INFO - Sync 1 DAGs
[2026-03-23T01:12:26.575+0000] {logging_mixin.py:190} INFO - [2026-03-23T01:12:26.575+0000] {dag.py:4180} INFO - Setting next_dagrun for tutorial to 2026-03-22 00:00:00+00:00, run_after=2026-03-23 00:00:00+00:00
[2026-03-23T01:12:26.596+0000] {processor.py:208} INFO - Processing /home/ec2-user/environment/lab4_model_training/venv/lib64/python3.12/site-packages/airflow/example_dags/tutorial.py took 0.072 seconds
[2026-03-23T01:13:31.588+0000] {processor.py:186} INFO - Started process (PID=7906) to work on /home/ec2-user/environment/lab4_model_training/venv/lib64/python3.12/site-packages/airflow/example_dags/tutorial.py
[2026-03-23T01:13:31.589+0000] {processor.py:914} INFO - Processing file /home/ec2-user/environment/lab4_model_training/venv/lib64/python3.12/site-packages/airflow/example_dags/tutorial.py for tasks to queue
[2026-03-23T01:13:31.591+0000] {logging_mixin.py:190} INFO - [2026-03-23T01:13:31.591+0000] {dagbag.py:588} INFO - Filling up the DagBag from /home/ec2-user/environment/lab4_model_training/venv/lib64/python3.12/site-packages/airflow/example_dags/tutorial.py
[2026-03-23T01:13:31.599+0000] {processor.py:925} INFO - DAG(s) 'tutorial' retrieved from /home/ec2-user/environment/lab4_model_training/venv/lib64/python3.12/site-packages/airflow/example_dags/tutorial.py
[2026-03-23T01:13:31.614+0000] {logging_mixin.py:190} INFO - [2026-03-23T01:13:31.613+0000] {dag.py:3239} INFO - Sync 1 DAGs
[2026-03-23T01:13:31.633+0000] {logging_mixin.py:190} INFO - [2026-03-23T01:13:31.632+0000] {dag.py:4180} INFO - Setting next_dagrun for tutorial to 2026-03-22 00:00:00+00:00, run_after=2026-03-23 00:00:00+00:00
[2026-03-23T01:13:31.654+0000] {processor.py:208} INFO - Processing /home/ec2-user/environment/lab4_model_training/venv/lib64/python3.12/site-packages/airflow/example_dags/tutorial.py took 0.071 seconds
[2026-03-23T01:14:33.625+0000] {processor.py:186} INFO - Started process (PID=8060) to work on /home/ec2-user/environment/lab4_model_training/venv/lib64/python3.12/site-packages/airflow/example_dags/tutorial.py
[2026-03-23T01:14:33.626+0000] {processor.py:914} INFO - Processing file /home/ec2-user/environment/lab4_model_training/venv/lib64/python3.12/site-packages/airflow/example_dags/tutorial.py for tasks to queue
[2026-03-23T01:14:33.628+0000] {logging_mixin.py:190} INFO - [2026-03-23T01:14:33.628+0000] {dagbag.py:588} INFO - Filling up the DagBag from /home/ec2-user/environment/lab4_model_training/venv/lib64/python3.12/site-packages/airflow/example_dags/tutorial.py
[2026-03-23T01:14:33.636+0000] {processor.py:925} INFO - DAG(s) 'tutorial' retrieved from /home/ec2-user/environment/lab4_model_training/venv/lib64/python3.12/site-packages/airflow/example_dags/tutorial.py
[2026-03-23T01:14:33.652+0000] {logging_mixin.py:190} INFO - [2026-03-23T01:14:33.652+0000] {dag.py:3239} INFO - Sync 1 DAGs
[2026-03-23T01:14:33.671+0000] {logging_mixin.py:190} INFO - [2026-03-23T01:14:33.671+0000] {dag.py:4180} INFO - Setting next_dagrun for tutorial to 2026-03-22 00:00:00+00:00, run_after=2026-03-23 00:00:00+00:00
[2026-03-23T01:14:33.693+0000] {processor.py:208} INFO - Processing /home/ec2-user/environment/lab4_model_training/venv/lib64/python3.12/site-packages/airflow/example_dags/tutorial.py took 0.073 seconds
[2026-03-23T01:15:45.272+0000] {processor.py:186} INFO - Started process (PID=8175) to work on /home/ec2-user/environment/lab4_model_training/venv/lib64/python3.12/site-packages/airflow/example_dags/tutorial.py
[2026-03-23T01:15:45.274+0000] {processor.py:914} INFO - Processing file /home/ec2-user/environment/lab4_model_training/venv/lib64/python3.12/site-packages/airflow/example_dags/tutorial.py for tasks to queue
[2026-03-23T01:15:45.276+0000] {logging_mixin.py:190} INFO - [2026-03-23T01:15:45.275+0000] {dagbag.py:588} INFO - Filling up the DagBag from /home/ec2-user/environment/lab4_model_training/venv/lib64/python3.12/site-packages/airflow/example_dags/tutorial.py
[2026-03-23T01:15:45.283+0000] {processor.py:925} INFO - DAG(s) 'tutorial' retrieved from /home/ec2-user/environment/lab4_model_training/venv/lib64/python3.12/site-packages/airflow/example_dags/tutorial.py
[2026-03-23T01:15:45.298+0000] {logging_mixin.py:190} INFO - [2026-03-23T01:15:45.298+0000] {dag.py:3239} INFO - Sync 1 DAGs
[2026-03-23T01:15:45.317+0000] {logging_mixin.py:190} INFO - [2026-03-23T01:15:45.316+0000] {dag.py:4180} INFO - Setting next_dagrun for tutorial to 2026-03-22 00:00:00+00:00, run_after=2026-03-23 00:00:00+00:00
[2026-03-23T01:15:45.337+0000] {processor.py:208} INFO - Processing /home/ec2-user/environment/lab4_model_training/venv/lib64/python3.12/site-packages/airflow/example_dags/tutorial.py took 0.069 seconds
[2026-03-23T01:16:52.179+0000] {processor.py:186} INFO - Started process (PID=8337) to work on /home/ec2-user/environment/lab4_model_training/venv/lib64/python3.12/site-packages/airflow/example_dags/tutorial.py
[2026-03-23T01:16:52.181+0000] {processor.py:914} INFO - Processing file /home/ec2-user/environment/lab4_model_training/venv/lib64/python3.12/site-packages/airflow/example_dags/tutorial.py for tasks to queue
[2026-03-23T01:16:52.183+0000] {logging_mixin.py:190} INFO - [2026-03-23T01:16:52.182+0000] {dagbag.py:588} INFO - Filling up the DagBag from /home/ec2-user/environment/lab4_model_training/venv/lib64/python3.12/site-packages/airflow/example_dags/tutorial.py
[2026-03-23T01:16:52.191+0000] {processor.py:925} INFO - DAG(s) 'tutorial' retrieved from /home/ec2-user/environment/lab4_model_training/venv/lib64/python3.12/site-packages/airflow/example_dags/tutorial.py
[2026-03-23T01:16:52.206+0000] {logging_mixin.py:190} INFO - [2026-03-23T01:16:52.206+0000] {dag.py:3239} INFO - Sync 1 DAGs
[2026-03-23T01:16:52.226+0000] {logging_mixin.py:190} INFO - [2026-03-23T01:16:52.226+0000] {dag.py:4180} INFO - Setting next_dagrun for tutorial to 2026-03-22 00:00:00+00:00, run_after=2026-03-23 00:00:00+00:00
[2026-03-23T01:16:52.248+0000] {processor.py:208} INFO - Processing /home/ec2-user/environment/lab4_model_training/venv/lib64/python3.12/site-packages/airflow/example_dags/tutorial.py took 0.073 seconds
[2026-03-23T01:17:54.753+0000] {processor.py:186} INFO - Started process (PID=8498) to work on /home/ec2-user/environment/lab4_model_training/venv/lib64/python3.12/site-packages/airflow/example_dags/tutorial.py
[2026-03-23T01:17:54.754+0000] {processor.py:914} INFO - Processing file /home/ec2-user/environment/lab4_model_training/venv/lib64/python3.12/site-packages/airflow/example_dags/tutorial.py for tasks to queue
[2026-03-23T01:17:54.756+0000] {logging_mixin.py:190} INFO - [2026-03-23T01:17:54.756+0000] {dagbag.py:588} INFO - Filling up the DagBag from /home/ec2-user/environment/lab4_model_training/venv/lib64/python3.12/site-packages/airflow/example_dags/tutorial.py
[2026-03-23T01:17:54.764+0000] {processor.py:925} INFO - DAG(s) 'tutorial' retrieved from /home/ec2-user/environment/lab4_model_training/venv/lib64/python3.12/site-packages/airflow/example_dags/tutorial.py
[2026-03-23T01:17:54.779+0000] {logging_mixin.py:190} INFO - [2026-03-23T01:17:54.778+0000] {dag.py:3239} INFO - Sync 1 DAGs
[2026-03-23T01:17:54.798+0000] {logging_mixin.py:190} INFO - [2026-03-23T01:17:54.798+0000] {dag.py:4180} INFO - Setting next_dagrun for tutorial to 2026-03-22 00:00:00+00:00, run_after=2026-03-23 00:00:00+00:00
[2026-03-23T01:17:54.820+0000] {processor.py:208} INFO - Processing /home/ec2-user/environment/lab4_model_training/venv/lib64/python3.12/site-packages/airflow/example_dags/tutorial.py took 0.073 seconds
[2026-03-23T01:18:58.974+0000] {processor.py:186} INFO - Started process (PID=8626) to work on /home/ec2-user/environment/lab4_model_training/venv/lib64/python3.12/site-packages/airflow/example_dags/tutorial.py
[2026-03-23T01:18:58.975+0000] {processor.py:914} INFO - Processing file /home/ec2-user/environment/lab4_model_training/venv/lib64/python3.12/site-packages/airflow/example_dags/tutorial.py for tasks to queue
[2026-03-23T01:18:58.977+0000] {logging_mixin.py:190} INFO - [2026-03-23T01:18:58.976+0000] {dagbag.py:588} INFO - Filling up the DagBag from /home/ec2-user/environment/lab4_model_training/venv/lib64/python3.12/site-packages/airflow/example_dags/tutorial.py
[2026-03-23T01:18:58.985+0000] {processor.py:925} INFO - DAG(s) 'tutorial' retrieved from /home/ec2-user/environment/lab4_model_training/venv/lib64/python3.12/site-packages/airflow/example_dags/tutorial.py
[2026-03-23T01:18:58.999+0000] {logging_mixin.py:190} INFO - [2026-03-23T01:18:58.999+0000] {dag.py:3239} INFO - Sync 1 DAGs
[2026-03-23T01:18:59.018+0000] {logging_mixin.py:190} INFO - [2026-03-23T01:18:59.018+0000] {dag.py:4180} INFO - Setting next_dagrun for tutorial to 2026-03-22 00:00:00+00:00, run_after=2026-03-23 00:00:00+00:00
[2026-03-23T01:18:59.039+0000] {processor.py:208} INFO - Processing /home/ec2-user/environment/lab4_model_training/venv/lib64/python3.12/site-packages/airflow/example_dags/tutorial.py took 0.070 seconds
[2026-03-23T01:20:00.538+0000] {processor.py:186} INFO - Started process (PID=8778) to work on /home/ec2-user/environment/lab4_model_training/venv/lib64/python3.12/site-packages/airflow/example_dags/tutorial.py
[2026-03-23T01:20:00.539+0000] {processor.py:914} INFO - Processing file /home/ec2-user/environment/lab4_model_training/venv/lib64/python3.12/site-packages/airflow/example_dags/tutorial.py for tasks to queue
[2026-03-23T01:20:00.541+0000] {logging_mixin.py:190} INFO - [2026-03-23T01:20:00.540+0000] {dagbag.py:588} INFO - Filling up the DagBag from /home/ec2-user/environment/lab4_model_training/venv/lib64/python3.12/site-packages/airflow/example_dags/tutorial.py
[2026-03-23T01:20:00.549+0000] {processor.py:925} INFO - DAG(s) 'tutorial' retrieved from /home/ec2-user/environment/lab4_model_training/venv/lib64/python3.12/site-packages/airflow/example_dags/tutorial.py
[2026-03-23T01:20:00.563+0000] {logging_mixin.py:190} INFO - [2026-03-23T01:20:00.563+0000] {dag.py:3239} INFO - Sync 1 DAGs
[2026-03-23T01:20:00.582+0000] {logging_mixin.py:190} INFO - [2026-03-23T01:20:00.582+0000] {dag.py:4180} INFO - Setting next_dagrun for tutorial to 2026-03-22 00:00:00+00:00, run_after=2026-03-23 00:00:00+00:00
[2026-03-23T01:20:00.602+0000] {processor.py:208} INFO - Processing /home/ec2-user/environment/lab4_model_training/venv/lib64/python3.12/site-packages/airflow/example_dags/tutorial.py took 0.070 seconds
[2026-03-23T01:21:06.759+0000] {processor.py:186} INFO - Started process (PID=8905) to work on /home/ec2-user/environment/lab4_model_training/venv/lib64/python3.12/site-packages/airflow/example_dags/tutorial.py
[2026-03-23T01:21:06.760+0000] {processor.py:914} INFO - Processing file /home/ec2-user/environment/lab4_model_training/venv/lib64/python3.12/site-packages/airflow/example_dags/tutorial.py for tasks to queue
[2026-03-23T01:21:06.762+0000] {logging_mixin.py:190} INFO - [2026-03-23T01:21:06.762+0000] {dagbag.py:588} INFO - Filling up the DagBag from /home/ec2-user/environment/lab4_model_training/venv/lib64/python3.12/site-packages/airflow/example_dags/tutorial.py
[2026-03-23T01:21:06.770+0000] {processor.py:925} INFO - DAG(s) 'tutorial' retrieved from /home/ec2-user/environment/lab4_model_training/venv/lib64/python3.12/site-packages/airflow/example_dags/tutorial.py
[2026-03-23T01:21:06.784+0000] {logging_mixin.py:190} INFO - [2026-03-23T01:21:06.784+0000] {dag.py:3239} INFO - Sync 1 DAGs
[2026-03-23T01:21:06.803+0000] {logging_mixin.py:190} INFO - [2026-03-23T01:21:06.803+0000] {dag.py:4180} INFO - Setting next_dagrun for tutorial to 2026-03-22 00:00:00+00:00, run_after=2026-03-23 00:00:00+00:00
[2026-03-23T01:21:06.823+0000] {processor.py:208} INFO - Processing /home/ec2-user/environment/lab4_model_training/venv/lib64/python3.12/site-packages/airflow/example_dags/tutorial.py took 0.069 seconds
[2026-03-23T01:22:12.159+0000] {processor.py:186} INFO - Started process (PID=9081) to work on /home/ec2-user/environment/lab4_model_training/venv/lib64/python3.12/site-packages/airflow/example_dags/tutorial.py
[2026-03-23T01:22:12.160+0000] {processor.py:914} INFO - Processing file /home/ec2-user/environment/lab4_model_training/venv/lib64/python3.12/site-packages/airflow/example_dags/tutorial.py for tasks to queue
[2026-03-23T01:22:12.162+0000] {logging_mixin.py:190} INFO - [2026-03-23T01:22:12.162+0000] {dagbag.py:588} INFO - Filling up the DagBag from /home/ec2-user/environment/lab4_model_training/venv/lib64/python3.12/site-packages/airflow/example_dags/tutorial.py
[2026-03-23T01:22:12.170+0000] {processor.py:925} INFO - DAG(s) 'tutorial' retrieved from /home/ec2-user/environment/lab4_model_training/venv/lib64/python3.12/site-packages/airflow/example_dags/tutorial.py
[2026-03-23T01:22:12.186+0000] {logging_mixin.py:190} INFO - [2026-03-23T01:22:12.185+0000] {dag.py:3239} INFO - Sync 1 DAGs
[2026-03-23T01:22:12.205+0000] {logging_mixin.py:190} INFO - [2026-03-23T01:22:12.204+0000] {dag.py:4180} INFO - Setting next_dagrun for tutorial to 2026-03-22 00:00:00+00:00, run_after=2026-03-23 00:00:00+00:00
[2026-03-23T01:22:12.227+0000] {processor.py:208} INFO - Processing /home/ec2-user/environment/lab4_model_training/venv/lib64/python3.12/site-packages/airflow/example_dags/tutorial.py took 0.074 seconds
[2026-03-23T01:23:24.985+0000] {processor.py:186} INFO - Started process (PID=9216) to work on /home/ec2-user/environment/lab4_model_training/venv/lib64/python3.12/site-packages/airflow/example_dags/tutorial.py
[2026-03-23T01:23:24.986+0000] {processor.py:914} INFO - Processing file /home/ec2-user/environment/lab4_model_training/venv/lib64/python3.12/site-packages/airflow/example_dags/tutorial.py for tasks to queue
[2026-03-23T01:23:24.988+0000] {logging_mixin.py:190} INFO - [2026-03-23T01:23:24.988+0000] {dagbag.py:588} INFO - Filling up the DagBag from /home/ec2-user/environment/lab4_model_training/venv/lib64/python3.12/site-packages/airflow/example_dags/tutorial.py
[2026-03-23T01:23:24.997+0000] {processor.py:925} INFO - DAG(s) 'tutorial' retrieved from /home/ec2-user/environment/lab4_model_training/venv/lib64/python3.12/site-packages/airflow/example_dags/tutorial.py
[2026-03-23T01:23:25.012+0000] {logging_mixin.py:190} INFO - [2026-03-23T01:23:25.012+0000] {dag.py:3239} INFO - Sync 1 DAGs
[2026-03-23T01:23:25.032+0000] {logging_mixin.py:190} INFO - [2026-03-23T01:23:25.032+0000] {dag.py:4180} INFO - Setting next_dagrun for tutorial to 2026-03-22 00:00:00+00:00, run_after=2026-03-23 00:00:00+00:00
[2026-03-23T01:23:25.054+0000] {processor.py:208} INFO - Processing /home/ec2-user/environment/lab4_model_training/venv/lib64/python3.12/site-packages/airflow/example_dags/tutorial.py took 0.074 seconds
[2026-03-23T01:24:29.715+0000] {processor.py:186} INFO - Started process (PID=9423) to work on /home/ec2-user/environment/lab4_model_training/venv/lib64/python3.12/site-packages/airflow/example_dags/tutorial.py
[2026-03-23T01:24:29.716+0000] {processor.py:914} INFO - Processing file /home/ec2-user/environment/lab4_model_training/venv/lib64/python3.12/site-packages/airflow/example_dags/tutorial.py for tasks to queue
[2026-03-23T01:24:29.719+0000] {logging_mixin.py:190} INFO - [2026-03-23T01:24:29.718+0000] {dagbag.py:588} INFO - Filling up the DagBag from /home/ec2-user/environment/lab4_model_training/venv/lib64/python3.12/site-packages/airflow/example_dags/tutorial.py
[2026-03-23T01:24:29.728+0000] {processor.py:925} INFO - DAG(s) 'tutorial' retrieved from /home/ec2-user/environment/lab4_model_training/venv/lib64/python3.12/site-packages/airflow/example_dags/tutorial.py
[2026-03-23T01:24:29.746+0000] {logging_mixin.py:190} INFO - [2026-03-23T01:24:29.746+0000] {dag.py:3239} INFO - Sync 1 DAGs
[2026-03-23T01:24:29.771+0000] {logging_mixin.py:190} INFO - [2026-03-23T01:24:29.771+0000] {dag.py:4180} INFO - Setting next_dagrun for tutorial to 2026-03-22 00:00:00+00:00, run_after=2026-03-23 00:00:00+00:00
[2026-03-23T01:24:29.805+0000] {processor.py:208} INFO - Processing /home/ec2-user/environment/lab4_model_training/venv/lib64/python3.12/site-packages/airflow/example_dags/tutorial.py took 0.096 seconds
[2026-03-23T01:25:48.366+0000] {processor.py:186} INFO - Started process (PID=9686) to work on /home/ec2-user/environment/lab4_model_training/venv/lib64/python3.12/site-packages/airflow/example_dags/tutorial.py
[2026-03-23T01:25:48.367+0000] {processor.py:914} INFO - Processing file /home/ec2-user/environment/lab4_model_training/venv/lib64/python3.12/site-packages/airflow/example_dags/tutorial.py for tasks to queue
[2026-03-23T01:25:48.370+0000] {logging_mixin.py:190} INFO - [2026-03-23T01:25:48.369+0000] {dagbag.py:588} INFO - Filling up the DagBag from /home/ec2-user/environment/lab4_model_training/venv/lib64/python3.12/site-packages/airflow/example_dags/tutorial.py
[2026-03-23T01:25:48.391+0000] {processor.py:925} INFO - DAG(s) 'tutorial' retrieved from /home/ec2-user/environment/lab4_model_training/venv/lib64/python3.12/site-packages/airflow/example_dags/tutorial.py
[2026-03-23T01:25:48.432+0000] {logging_mixin.py:190} INFO - [2026-03-23T01:25:48.432+0000] {dag.py:3239} INFO - Sync 1 DAGs
[2026-03-23T01:25:48.491+0000] {logging_mixin.py:190} INFO - [2026-03-23T01:25:48.490+0000] {dag.py:4180} INFO - Setting next_dagrun for tutorial to 2026-03-22 00:00:00+00:00, run_after=2026-03-23 00:00:00+00:00
[2026-03-23T01:25:48.524+0000] {processor.py:208} INFO - Processing /home/ec2-user/environment/lab4_model_training/venv/lib64/python3.12/site-packages/airflow/example_dags/tutorial.py took 0.175 seconds
[2026-03-23T01:27:08.066+0000] {processor.py:186} INFO - Started process (PID=9912) to work on /home/ec2-user/environment/lab4_model_training/venv/lib64/python3.12/site-packages/airflow/example_dags/tutorial.py
[2026-03-23T01:27:08.067+0000] {processor.py:914} INFO - Processing file /home/ec2-user/environment/lab4_model_training/venv/lib64/python3.12/site-packages/airflow/example_dags/tutorial.py for tasks to queue
[2026-03-23T01:27:08.069+0000] {logging_mixin.py:190} INFO - [2026-03-23T01:27:08.069+0000] {dagbag.py:588} INFO - Filling up the DagBag from /home/ec2-user/environment/lab4_model_training/venv/lib64/python3.12/site-packages/airflow/example_dags/tutorial.py
[2026-03-23T01:27:08.077+0000] {processor.py:925} INFO - DAG(s) 'tutorial' retrieved from /home/ec2-user/environment/lab4_model_training/venv/lib64/python3.12/site-packages/airflow/example_dags/tutorial.py
[2026-03-23T01:27:08.092+0000] {logging_mixin.py:190} INFO - [2026-03-23T01:27:08.092+0000] {dag.py:3239} INFO - Sync 1 DAGs
[2026-03-23T01:27:08.112+0000] {logging_mixin.py:190} INFO - [2026-03-23T01:27:08.112+0000] {dag.py:4180} INFO - Setting next_dagrun for tutorial to 2026-03-22 00:00:00+00:00, run_after=2026-03-23 00:00:00+00:00
[2026-03-23T01:27:08.133+0000] {processor.py:208} INFO - Processing /home/ec2-user/environment/lab4_model_training/venv/lib64/python3.12/site-packages/airflow/example_dags/tutorial.py took 0.072 seconds
[2026-03-23T01:28:11.547+0000] {processor.py:186} INFO - Started process (PID=10068) to work on /home/ec2-user/environment/lab4_model_training/venv/lib64/python3.12/site-packages/airflow/example_dags/tutorial.py
[2026-03-23T01:28:11.549+0000] {processor.py:914} INFO - Processing file /home/ec2-user/environment/lab4_model_training/venv/lib64/python3.12/site-packages/airflow/example_dags/tutorial.py for tasks to queue
[2026-03-23T01:28:11.550+0000] {logging_mixin.py:190} INFO - [2026-03-23T01:28:11.550+0000] {dagbag.py:588} INFO - Filling up the DagBag from /home/ec2-user/environment/lab4_model_training/venv/lib64/python3.12/site-packages/airflow/example_dags/tutorial.py
[2026-03-23T01:28:11.558+0000] {processor.py:925} INFO - DAG(s) 'tutorial' retrieved from /home/ec2-user/environment/lab4_model_training/venv/lib64/python3.12/site-packages/airflow/example_dags/tutorial.py
[2026-03-23T01:28:11.573+0000] {logging_mixin.py:190} INFO - [2026-03-23T01:28:11.573+0000] {dag.py:3239} INFO - Sync 1 DAGs
[2026-03-23T01:28:11.592+0000] {logging_mixin.py:190} INFO - [2026-03-23T01:28:11.592+0000] {dag.py:4180} INFO - Setting next_dagrun for tutorial to 2026-03-22 00:00:00+00:00, run_after=2026-03-23 00:00:00+00:00
[2026-03-23T01:28:11.614+0000] {processor.py:208} INFO - Processing /home/ec2-user/environment/lab4_model_training/venv/lib64/python3.12/site-packages/airflow/example_dags/tutorial.py took 0.072 seconds
[2026-03-23T01:29:15.223+0000] {processor.py:186} INFO - Started process (PID=10252) to work on /home/ec2-user/environment/lab4_model_training/venv/lib64/python3.12/site-packages/airflow/example_dags/tutorial.py
[2026-03-23T01:29:15.224+0000] {processor.py:914} INFO - Processing file /home/ec2-user/environment/lab4_model_training/venv/lib64/python3.12/site-packages/airflow/example_dags/tutorial.py for tasks to queue
[2026-03-23T01:29:15.226+0000] {logging_mixin.py:190} INFO - [2026-03-23T01:29:15.226+0000] {dagbag.py:588} INFO - Filling up the DagBag from /home/ec2-user/environment/lab4_model_training/venv/lib64/python3.12/site-packages/airflow/example_dags/tutorial.py
[2026-03-23T01:29:15.234+0000] {processor.py:925} INFO - DAG(s) 'tutorial' retrieved from /home/ec2-user/environment/lab4_model_training/venv/lib64/python3.12/site-packages/airflow/example_dags/tutorial.py
[2026-03-23T01:29:15.249+0000] {logging_mixin.py:190} INFO - [2026-03-23T01:29:15.248+0000] {dag.py:3239} INFO - Sync 1 DAGs
[2026-03-23T01:29:15.267+0000] {logging_mixin.py:190} INFO - [2026-03-23T01:29:15.267+0000] {dag.py:4180} INFO - Setting next_dagrun for tutorial to 2026-03-22 00:00:00+00:00, run_after=2026-03-23 00:00:00+00:00
[2026-03-23T01:29:15.289+0000] {processor.py:208} INFO - Processing /home/ec2-user/environment/lab4_model_training/venv/lib64/python3.12/site-packages/airflow/example_dags/tutorial.py took 0.071 seconds
[2026-03-23T01:30:22.402+0000] {processor.py:186} INFO - Started process (PID=10491) to work on /home/ec2-user/environment/lab4_model_training/venv/lib64/python3.12/site-packages/airflow/example_dags/tutorial.py
[2026-03-23T01:30:22.404+0000] {processor.py:914} INFO - Processing file /home/ec2-user/environment/lab4_model_training/venv/lib64/python3.12/site-packages/airflow/example_dags/tutorial.py for tasks to queue
[2026-03-23T01:30:22.406+0000] {logging_mixin.py:190} INFO - [2026-03-23T01:30:22.405+0000] {dagbag.py:588} INFO - Filling up the DagBag from /home/ec2-user/environment/lab4_model_training/venv/lib64/python3.12/site-packages/airflow/example_dags/tutorial.py
[2026-03-23T01:30:22.414+0000] {processor.py:925} INFO - DAG(s) 'tutorial' retrieved from /home/ec2-user/environment/lab4_model_training/venv/lib64/python3.12/site-packages/airflow/example_dags/tutorial.py
[2026-03-23T01:30:22.429+0000] {logging_mixin.py:190} INFO - [2026-03-23T01:30:22.428+0000] {dag.py:3239} INFO - Sync 1 DAGs
[2026-03-23T01:30:22.448+0000] {logging_mixin.py:190} INFO - [2026-03-23T01:30:22.448+0000] {dag.py:4180} INFO - Setting next_dagrun for tutorial to 2026-03-22 00:00:00+00:00, run_after=2026-03-23 00:00:00+00:00
[2026-03-23T01:30:22.470+0000] {processor.py:208} INFO - Processing /home/ec2-user/environment/lab4_model_training/venv/lib64/python3.12/site-packages/airflow/example_dags/tutorial.py took 0.073 seconds
[2026-03-23T01:31:27.053+0000] {processor.py:186} INFO - Started process (PID=10685) to work on /home/ec2-user/environment/lab4_model_training/venv/lib64/python3.12/site-packages/airflow/example_dags/tutorial.py
[2026-03-23T01:31:27.054+0000] {processor.py:914} INFO - Processing file /home/ec2-user/environment/lab4_model_training/venv/lib64/python3.12/site-packages/airflow/example_dags/tutorial.py for tasks to queue
[2026-03-23T01:31:27.056+0000] {logging_mixin.py:190} INFO - [2026-03-23T01:31:27.056+0000] {dagbag.py:588} INFO - Filling up the DagBag from /home/ec2-user/environment/lab4_model_training/venv/lib64/python3.12/site-packages/airflow/example_dags/tutorial.py
[2026-03-23T01:31:27.064+0000] {processor.py:925} INFO - DAG(s) 'tutorial' retrieved from /home/ec2-user/environment/lab4_model_training/venv/lib64/python3.12/site-packages/airflow/example_dags/tutorial.py
[2026-03-23T01:31:27.080+0000] {logging_mixin.py:190} INFO - [2026-03-23T01:31:27.080+0000] {dag.py:3239} INFO - Sync 1 DAGs
[2026-03-23T01:31:27.100+0000] {logging_mixin.py:190} INFO - [2026-03-23T01:31:27.100+0000] {dag.py:4180} INFO - Setting next_dagrun for tutorial to 2026-03-22 00:00:00+00:00, run_after=2026-03-23 00:00:00+00:00
[2026-03-23T01:31:27.122+0000] {processor.py:208} INFO - Processing /home/ec2-user/environment/lab4_model_training/venv/lib64/python3.12/site-packages/airflow/example_dags/tutorial.py took 0.074 seconds
[2026-03-23T01:32:31.782+0000] {processor.py:186} INFO - Started process (PID=10871) to work on /home/ec2-user/environment/lab4_model_training/venv/lib64/python3.12/site-packages/airflow/example_dags/tutorial.py
[2026-03-23T01:32:31.783+0000] {processor.py:914} INFO - Processing file /home/ec2-user/environment/lab4_model_training/venv/lib64/python3.12/site-packages/airflow/example_dags/tutorial.py for tasks to queue
[2026-03-23T01:32:31.785+0000] {logging_mixin.py:190} INFO - [2026-03-23T01:32:31.784+0000] {dagbag.py:588} INFO - Filling up the DagBag from /home/ec2-user/environment/lab4_model_training/venv/lib64/python3.12/site-packages/airflow/example_dags/tutorial.py
[2026-03-23T01:32:31.793+0000] {processor.py:925} INFO - DAG(s) 'tutorial' retrieved from /home/ec2-user/environment/lab4_model_training/venv/lib64/python3.12/site-packages/airflow/example_dags/tutorial.py
[2026-03-23T01:32:31.808+0000] {logging_mixin.py:190} INFO - [2026-03-23T01:32:31.807+0000] {dag.py:3239} INFO - Sync 1 DAGs
[2026-03-23T01:32:31.827+0000] {logging_mixin.py:190} INFO - [2026-03-23T01:32:31.827+0000] {dag.py:4180} INFO - Setting next_dagrun for tutorial to 2026-03-22 00:00:00+00:00, run_after=2026-03-23 00:00:00+00:00
[2026-03-23T01:32:31.850+0000] {processor.py:208} INFO - Processing /home/ec2-user/environment/lab4_model_training/venv/lib64/python3.12/site-packages/airflow/example_dags/tutorial.py took 0.074 seconds
[2026-03-23T01:33:38.326+0000] {processor.py:186} INFO - Started process (PID=11069) to work on /home/ec2-user/environment/lab4_model_training/venv/lib64/python3.12/site-packages/airflow/example_dags/tutorial.py
[2026-03-23T01:33:38.327+0000] {processor.py:914} INFO - Processing file /home/ec2-user/environment/lab4_model_training/venv/lib64/python3.12/site-packages/airflow/example_dags/tutorial.py for tasks to queue
[2026-03-23T01:33:38.329+0000] {logging_mixin.py:190} INFO - [2026-03-23T01:33:38.328+0000] {dagbag.py:588} INFO - Filling up the DagBag from /home/ec2-user/environment/lab4_model_training/venv/lib64/python3.12/site-packages/airflow/example_dags/tutorial.py
[2026-03-23T01:33:38.337+0000] {processor.py:925} INFO - DAG(s) 'tutorial' retrieved from /home/ec2-user/environment/lab4_model_training/venv/lib64/python3.12/site-packages/airflow/example_dags/tutorial.py
[2026-03-23T01:33:38.352+0000] {logging_mixin.py:190} INFO - [2026-03-23T01:33:38.352+0000] {dag.py:3239} INFO - Sync 1 DAGs
[2026-03-23T01:33:38.371+0000] {logging_mixin.py:190} INFO - [2026-03-23T01:33:38.371+0000] {dag.py:4180} INFO - Setting next_dagrun for tutorial to 2026-03-22 00:00:00+00:00, run_after=2026-03-23 00:00:00+00:00
[2026-03-23T01:33:38.393+0000] {processor.py:208} INFO - Processing /home/ec2-user/environment/lab4_model_training/venv/lib64/python3.12/site-packages/airflow/example_dags/tutorial.py took 0.072 seconds
[2026-03-23T01:34:45.213+0000] {processor.py:186} INFO - Started process (PID=11183) to work on /home/ec2-user/environment/lab4_model_training/venv/lib64/python3.12/site-packages/airflow/example_dags/tutorial.py
[2026-03-23T01:34:45.214+0000] {processor.py:914} INFO - Processing file /home/ec2-user/environment/lab4_model_training/venv/lib64/python3.12/site-packages/airflow/example_dags/tutorial.py for tasks to queue
[2026-03-23T01:34:45.216+0000] {logging_mixin.py:190} INFO - [2026-03-23T01:34:45.216+0000] {dagbag.py:588} INFO - Filling up the DagBag from /home/ec2-user/environment/lab4_model_training/venv/lib64/python3.12/site-packages/airflow/example_dags/tutorial.py
[2026-03-23T01:34:45.224+0000] {processor.py:925} INFO - DAG(s) 'tutorial' retrieved from /home/ec2-user/environment/lab4_model_training/venv/lib64/python3.12/site-packages/airflow/example_dags/tutorial.py
[2026-03-23T01:34:45.239+0000] {logging_mixin.py:190} INFO - [2026-03-23T01:34:45.239+0000] {dag.py:3239} INFO - Sync 1 DAGs
[2026-03-23T01:34:45.259+0000] {logging_mixin.py:190} INFO - [2026-03-23T01:34:45.259+0000] {dag.py:4180} INFO - Setting next_dagrun for tutorial to 2026-03-22 00:00:00+00:00, run_after=2026-03-23 00:00:00+00:00
[2026-03-23T01:34:45.280+0000] {processor.py:208} INFO - Processing /home/ec2-user/environment/lab4_model_training/venv/lib64/python3.12/site-packages/airflow/example_dags/tutorial.py took 0.073 seconds
