[2026-03-23T01:22:53.062+0000] {local_task_job_runner.py:123} INFO - ::group::Pre task execution logs
[2026-03-23T01:22:53.072+0000] {taskinstance.py:2612} INFO - Dependencies all met for dep_context=non-requeueable deps ti=<TaskInstance: generate_data_only.generate_data manual__2026-03-23T01:22:48.735925+00:00 [queued]>
[2026-03-23T01:22:53.203+0000] {taskinstance.py:2612} INFO - Dependencies all met for dep_context=requeueable deps ti=<TaskInstance: generate_data_only.generate_data manual__2026-03-23T01:22:48.735925+00:00 [queued]>
[2026-03-23T01:22:53.203+0000] {taskinstance.py:2865} INFO - Starting attempt 1 of 1
[2026-03-23T01:22:53.217+0000] {taskinstance.py:2888} INFO - Executing <Task(PythonOperator): generate_data> on 2026-03-23 01:22:48.735925+00:00
[2026-03-23T01:22:53.222+0000] {standard_task_runner.py:72} INFO - Started process 9146 to run task
[2026-03-23T01:22:53.225+0000] {standard_task_runner.py:104} INFO - Running: ['airflow', 'tasks', 'run', 'generate_data_only', 'generate_data', 'manual__2026-03-23T01:22:48.735925+00:00', '--job-id', '18', '--raw', '--subdir', 'DAGS_FOLDER/generate_data_dag.py', '--cfg-path', '/tmp/tmp7lywt3po']
[2026-03-23T01:22:53.226+0000] {standard_task_runner.py:105} INFO - Job 18: Subtask generate_data
[2026-03-23T01:22:53.258+0000] {task_command.py:467} INFO - Running <TaskInstance: generate_data_only.generate_data manual__2026-03-23T01:22:48.735925+00:00 [running]> on host ip-172-31-67-97.ec2.internal
[2026-03-23T01:22:53.316+0000] {taskinstance.py:3131} INFO - Exporting env vars: AIRFLOW_CTX_DAG_OWNER='airflow' AIRFLOW_CTX_DAG_ID='generate_data_only' AIRFLOW_CTX_TASK_ID='generate_data' AIRFLOW_CTX_EXECUTION_DATE='2026-03-23T01:22:48.735925+00:00' AIRFLOW_CTX_TRY_NUMBER='1' AIRFLOW_CTX_DAG_RUN_ID='manual__2026-03-23T01:22:48.735925+00:00'
[2026-03-23T01:22:53.317+0000] {logging_mixin.py:190} INFO - Task instance is in running state
[2026-03-23T01:22:53.317+0000] {logging_mixin.py:190} INFO -  Previous state of the Task instance: queued
[2026-03-23T01:22:53.317+0000] {logging_mixin.py:190} INFO - Current task name:generate_data state:running start_date:2026-03-23 01:22:53.072943+00:00
[2026-03-23T01:22:53.317+0000] {logging_mixin.py:190} INFO - Dag name:generate_data_only and current dag run status:running
[2026-03-23T01:22:53.317+0000] {taskinstance.py:731} INFO - ::endgroup::
[2026-03-23T01:22:53.355+0000] {logging_mixin.py:190} INFO - [ml_pipeline.data] Saved dataset to data/breast_cancer.csv
[2026-03-23T01:22:53.355+0000] {python.py:240} INFO - Done. Returned value was: data/breast_cancer.csv
[2026-03-23T01:22:53.368+0000] {taskinstance.py:340} INFO - ::group::Post task execution logs
[2026-03-23T01:22:53.369+0000] {taskinstance.py:352} INFO - Marking task as SUCCESS. dag_id=generate_data_only, task_id=generate_data, run_id=manual__2026-03-23T01:22:48.735925+00:00, execution_date=20260323T012248, start_date=20260323T012253, end_date=20260323T012253
[2026-03-23T01:22:53.377+0000] {logging_mixin.py:190} INFO - Task instance in success state
[2026-03-23T01:22:53.378+0000] {logging_mixin.py:190} INFO -  Previous state of the Task instance: running
[2026-03-23T01:22:53.378+0000] {logging_mixin.py:190} INFO - Dag name:generate_data_only queued_at:2026-03-23 01:22:48.742807+00:00
[2026-03-23T01:22:53.378+0000] {logging_mixin.py:190} INFO - Task hostname:ip-172-31-67-97.ec2.internal operator:PythonOperator
[2026-03-23T01:22:53.384+0000] {local_task_job_runner.py:266} INFO - Task exited with return code 0
[2026-03-23T01:22:53.395+0000] {taskinstance.py:3900} INFO - 0 downstream tasks scheduled from follow-on schedule check
[2026-03-23T01:22:53.396+0000] {local_task_job_runner.py:245} INFO - ::endgroup::
