[2026-03-12T00:35:55.199+0000] {processor.py:186} INFO - Started process (PID=6923) to work on /home/ec2-user/environment/lab4_model_training/venv/lib64/python3.12/site-packages/airflow/example_dags/plugins/event_listener.py
[2026-03-12T00:35:55.199+0000] {processor.py:914} INFO - Processing file /home/ec2-user/environment/lab4_model_training/venv/lib64/python3.12/site-packages/airflow/example_dags/plugins/event_listener.py for tasks to queue
[2026-03-12T00:35:55.201+0000] {logging_mixin.py:190} INFO - [2026-03-12T00:35:55.201+0000] {dagbag.py:588} INFO - Filling up the DagBag from /home/ec2-user/environment/lab4_model_training/venv/lib64/python3.12/site-packages/airflow/example_dags/plugins/event_listener.py
[2026-03-12T00:35:55.203+0000] {processor.py:927} WARNING - No viable dags retrieved from /home/ec2-user/environment/lab4_model_training/venv/lib64/python3.12/site-packages/airflow/example_dags/plugins/event_listener.py
[2026-03-12T00:35:55.212+0000] {processor.py:208} INFO - Processing /home/ec2-user/environment/lab4_model_training/venv/lib64/python3.12/site-packages/airflow/example_dags/plugins/event_listener.py took 0.019 seconds
[2026-03-12T00:39:26.395+0000] {processor.py:186} INFO - Started process (PID=7789) to work on /home/ec2-user/environment/lab4_model_training/venv/lib64/python3.12/site-packages/airflow/example_dags/plugins/event_listener.py
[2026-03-12T00:39:26.396+0000] {processor.py:914} INFO - Processing file /home/ec2-user/environment/lab4_model_training/venv/lib64/python3.12/site-packages/airflow/example_dags/plugins/event_listener.py for tasks to queue
[2026-03-12T00:39:26.399+0000] {logging_mixin.py:190} INFO - [2026-03-12T00:39:26.398+0000] {dagbag.py:588} INFO - Filling up the DagBag from /home/ec2-user/environment/lab4_model_training/venv/lib64/python3.12/site-packages/airflow/example_dags/plugins/event_listener.py
[2026-03-12T00:39:26.401+0000] {processor.py:927} WARNING - No viable dags retrieved from /home/ec2-user/environment/lab4_model_training/venv/lib64/python3.12/site-packages/airflow/example_dags/plugins/event_listener.py
[2026-03-12T00:39:26.410+0000] {processor.py:208} INFO - Processing /home/ec2-user/environment/lab4_model_training/venv/lib64/python3.12/site-packages/airflow/example_dags/plugins/event_listener.py took 0.020 seconds
[2026-03-12T00:40:30.689+0000] {processor.py:186} INFO - Started process (PID=8083) to work on /home/ec2-user/environment/lab4_model_training/venv/lib64/python3.12/site-packages/airflow/example_dags/plugins/event_listener.py
[2026-03-12T00:40:30.690+0000] {processor.py:914} INFO - Processing file /home/ec2-user/environment/lab4_model_training/venv/lib64/python3.12/site-packages/airflow/example_dags/plugins/event_listener.py for tasks to queue
[2026-03-12T00:40:30.693+0000] {logging_mixin.py:190} INFO - [2026-03-12T00:40:30.692+0000] {dagbag.py:588} INFO - Filling up the DagBag from /home/ec2-user/environment/lab4_model_training/venv/lib64/python3.12/site-packages/airflow/example_dags/plugins/event_listener.py
[2026-03-12T00:40:30.695+0000] {processor.py:927} WARNING - No viable dags retrieved from /home/ec2-user/environment/lab4_model_training/venv/lib64/python3.12/site-packages/airflow/example_dags/plugins/event_listener.py
[2026-03-12T00:40:30.704+0000] {processor.py:208} INFO - Processing /home/ec2-user/environment/lab4_model_training/venv/lib64/python3.12/site-packages/airflow/example_dags/plugins/event_listener.py took 0.020 seconds
[2026-03-12T00:41:32.450+0000] {processor.py:186} INFO - Started process (PID=8376) to work on /home/ec2-user/environment/lab4_model_training/venv/lib64/python3.12/site-packages/airflow/example_dags/plugins/event_listener.py
[2026-03-12T00:41:32.451+0000] {processor.py:914} INFO - Processing file /home/ec2-user/environment/lab4_model_training/venv/lib64/python3.12/site-packages/airflow/example_dags/plugins/event_listener.py for tasks to queue
[2026-03-12T00:41:32.453+0000] {logging_mixin.py:190} INFO - [2026-03-12T00:41:32.453+0000] {dagbag.py:588} INFO - Filling up the DagBag from /home/ec2-user/environment/lab4_model_training/venv/lib64/python3.12/site-packages/airflow/example_dags/plugins/event_listener.py
[2026-03-12T00:41:32.456+0000] {processor.py:927} WARNING - No viable dags retrieved from /home/ec2-user/environment/lab4_model_training/venv/lib64/python3.12/site-packages/airflow/example_dags/plugins/event_listener.py
[2026-03-12T00:41:32.465+0000] {processor.py:208} INFO - Processing /home/ec2-user/environment/lab4_model_training/venv/lib64/python3.12/site-packages/airflow/example_dags/plugins/event_listener.py took 0.019 seconds
[2026-03-12T00:42:33.957+0000] {processor.py:186} INFO - Started process (PID=8661) to work on /home/ec2-user/environment/lab4_model_training/venv/lib64/python3.12/site-packages/airflow/example_dags/plugins/event_listener.py
[2026-03-12T00:42:33.958+0000] {processor.py:914} INFO - Processing file /home/ec2-user/environment/lab4_model_training/venv/lib64/python3.12/site-packages/airflow/example_dags/plugins/event_listener.py for tasks to queue
[2026-03-12T00:42:33.960+0000] {logging_mixin.py:190} INFO - [2026-03-12T00:42:33.960+0000] {dagbag.py:588} INFO - Filling up the DagBag from /home/ec2-user/environment/lab4_model_training/venv/lib64/python3.12/site-packages/airflow/example_dags/plugins/event_listener.py
[2026-03-12T00:42:33.963+0000] {processor.py:927} WARNING - No viable dags retrieved from /home/ec2-user/environment/lab4_model_training/venv/lib64/python3.12/site-packages/airflow/example_dags/plugins/event_listener.py
[2026-03-12T00:42:33.973+0000] {processor.py:208} INFO - Processing /home/ec2-user/environment/lab4_model_training/venv/lib64/python3.12/site-packages/airflow/example_dags/plugins/event_listener.py took 0.023 seconds
[2026-03-12T00:44:39.323+0000] {processor.py:186} INFO - Started process (PID=9237) to work on /home/ec2-user/environment/lab4_model_training/venv/lib64/python3.12/site-packages/airflow/example_dags/plugins/event_listener.py
[2026-03-12T00:44:39.324+0000] {processor.py:914} INFO - Processing file /home/ec2-user/environment/lab4_model_training/venv/lib64/python3.12/site-packages/airflow/example_dags/plugins/event_listener.py for tasks to queue
[2026-03-12T00:44:39.326+0000] {logging_mixin.py:190} INFO - [2026-03-12T00:44:39.326+0000] {dagbag.py:588} INFO - Filling up the DagBag from /home/ec2-user/environment/lab4_model_training/venv/lib64/python3.12/site-packages/airflow/example_dags/plugins/event_listener.py
[2026-03-12T00:44:39.329+0000] {processor.py:927} WARNING - No viable dags retrieved from /home/ec2-user/environment/lab4_model_training/venv/lib64/python3.12/site-packages/airflow/example_dags/plugins/event_listener.py
[2026-03-12T00:44:39.338+0000] {processor.py:208} INFO - Processing /home/ec2-user/environment/lab4_model_training/venv/lib64/python3.12/site-packages/airflow/example_dags/plugins/event_listener.py took 0.019 seconds
[2026-03-12T00:46:27.753+0000] {processor.py:186} INFO - Started process (PID=9692) to work on /home/ec2-user/environment/lab4_model_training/venv/lib64/python3.12/site-packages/airflow/example_dags/plugins/event_listener.py
[2026-03-12T00:46:27.754+0000] {processor.py:914} INFO - Processing file /home/ec2-user/environment/lab4_model_training/venv/lib64/python3.12/site-packages/airflow/example_dags/plugins/event_listener.py for tasks to queue
[2026-03-12T00:46:27.756+0000] {logging_mixin.py:190} INFO - [2026-03-12T00:46:27.756+0000] {dagbag.py:588} INFO - Filling up the DagBag from /home/ec2-user/environment/lab4_model_training/venv/lib64/python3.12/site-packages/airflow/example_dags/plugins/event_listener.py
[2026-03-12T00:46:27.758+0000] {processor.py:927} WARNING - No viable dags retrieved from /home/ec2-user/environment/lab4_model_training/venv/lib64/python3.12/site-packages/airflow/example_dags/plugins/event_listener.py
[2026-03-12T00:46:27.768+0000] {processor.py:208} INFO - Processing /home/ec2-user/environment/lab4_model_training/venv/lib64/python3.12/site-packages/airflow/example_dags/plugins/event_listener.py took 0.019 seconds
[2026-03-12T00:48:09.219+0000] {processor.py:186} INFO - Started process (PID=10145) to work on /home/ec2-user/environment/lab4_model_training/venv/lib64/python3.12/site-packages/airflow/example_dags/plugins/event_listener.py
[2026-03-12T00:48:09.221+0000] {processor.py:914} INFO - Processing file /home/ec2-user/environment/lab4_model_training/venv/lib64/python3.12/site-packages/airflow/example_dags/plugins/event_listener.py for tasks to queue
[2026-03-12T00:48:09.223+0000] {logging_mixin.py:190} INFO - [2026-03-12T00:48:09.223+0000] {dagbag.py:588} INFO - Filling up the DagBag from /home/ec2-user/environment/lab4_model_training/venv/lib64/python3.12/site-packages/airflow/example_dags/plugins/event_listener.py
[2026-03-12T00:48:09.226+0000] {processor.py:927} WARNING - No viable dags retrieved from /home/ec2-user/environment/lab4_model_training/venv/lib64/python3.12/site-packages/airflow/example_dags/plugins/event_listener.py
[2026-03-12T00:48:09.235+0000] {processor.py:208} INFO - Processing /home/ec2-user/environment/lab4_model_training/venv/lib64/python3.12/site-packages/airflow/example_dags/plugins/event_listener.py took 0.020 seconds
[2026-03-12T00:49:17.431+0000] {processor.py:186} INFO - Started process (PID=10425) to work on /home/ec2-user/environment/lab4_model_training/venv/lib64/python3.12/site-packages/airflow/example_dags/plugins/event_listener.py
[2026-03-12T00:49:17.432+0000] {processor.py:914} INFO - Processing file /home/ec2-user/environment/lab4_model_training/venv/lib64/python3.12/site-packages/airflow/example_dags/plugins/event_listener.py for tasks to queue
[2026-03-12T00:49:17.435+0000] {logging_mixin.py:190} INFO - [2026-03-12T00:49:17.434+0000] {dagbag.py:588} INFO - Filling up the DagBag from /home/ec2-user/environment/lab4_model_training/venv/lib64/python3.12/site-packages/airflow/example_dags/plugins/event_listener.py
[2026-03-12T00:49:17.437+0000] {processor.py:927} WARNING - No viable dags retrieved from /home/ec2-user/environment/lab4_model_training/venv/lib64/python3.12/site-packages/airflow/example_dags/plugins/event_listener.py
[2026-03-12T00:49:17.446+0000] {processor.py:208} INFO - Processing /home/ec2-user/environment/lab4_model_training/venv/lib64/python3.12/site-packages/airflow/example_dags/plugins/event_listener.py took 0.019 seconds
[2026-03-12T00:50:22.558+0000] {processor.py:186} INFO - Started process (PID=10743) to work on /home/ec2-user/environment/lab4_model_training/venv/lib64/python3.12/site-packages/airflow/example_dags/plugins/event_listener.py
[2026-03-12T00:50:22.559+0000] {processor.py:914} INFO - Processing file /home/ec2-user/environment/lab4_model_training/venv/lib64/python3.12/site-packages/airflow/example_dags/plugins/event_listener.py for tasks to queue
[2026-03-12T00:50:22.561+0000] {logging_mixin.py:190} INFO - [2026-03-12T00:50:22.561+0000] {dagbag.py:588} INFO - Filling up the DagBag from /home/ec2-user/environment/lab4_model_training/venv/lib64/python3.12/site-packages/airflow/example_dags/plugins/event_listener.py
[2026-03-12T00:50:22.563+0000] {processor.py:927} WARNING - No viable dags retrieved from /home/ec2-user/environment/lab4_model_training/venv/lib64/python3.12/site-packages/airflow/example_dags/plugins/event_listener.py
[2026-03-12T00:50:22.572+0000] {processor.py:208} INFO - Processing /home/ec2-user/environment/lab4_model_training/venv/lib64/python3.12/site-packages/airflow/example_dags/plugins/event_listener.py took 0.019 seconds
[2026-03-12T00:51:21.177+0000] {processor.py:186} INFO - Started process (PID=11046) to work on /home/ec2-user/environment/lab4_model_training/venv/lib64/python3.12/site-packages/airflow/example_dags/plugins/event_listener.py
[2026-03-12T00:51:21.179+0000] {processor.py:914} INFO - Processing file /home/ec2-user/environment/lab4_model_training/venv/lib64/python3.12/site-packages/airflow/example_dags/plugins/event_listener.py for tasks to queue
[2026-03-12T00:51:21.181+0000] {logging_mixin.py:190} INFO - [2026-03-12T00:51:21.180+0000] {dagbag.py:588} INFO - Filling up the DagBag from /home/ec2-user/environment/lab4_model_training/venv/lib64/python3.12/site-packages/airflow/example_dags/plugins/event_listener.py
[2026-03-12T00:51:21.183+0000] {processor.py:927} WARNING - No viable dags retrieved from /home/ec2-user/environment/lab4_model_training/venv/lib64/python3.12/site-packages/airflow/example_dags/plugins/event_listener.py
[2026-03-12T00:51:21.192+0000] {processor.py:208} INFO - Processing /home/ec2-user/environment/lab4_model_training/venv/lib64/python3.12/site-packages/airflow/example_dags/plugins/event_listener.py took 0.019 seconds
[2026-03-12T00:52:22.175+0000] {processor.py:186} INFO - Started process (PID=11288) to work on /home/ec2-user/environment/lab4_model_training/venv/lib64/python3.12/site-packages/airflow/example_dags/plugins/event_listener.py
[2026-03-12T00:52:22.176+0000] {processor.py:914} INFO - Processing file /home/ec2-user/environment/lab4_model_training/venv/lib64/python3.12/site-packages/airflow/example_dags/plugins/event_listener.py for tasks to queue
[2026-03-12T00:52:22.178+0000] {logging_mixin.py:190} INFO - [2026-03-12T00:52:22.178+0000] {dagbag.py:588} INFO - Filling up the DagBag from /home/ec2-user/environment/lab4_model_training/venv/lib64/python3.12/site-packages/airflow/example_dags/plugins/event_listener.py
[2026-03-12T00:52:22.181+0000] {processor.py:927} WARNING - No viable dags retrieved from /home/ec2-user/environment/lab4_model_training/venv/lib64/python3.12/site-packages/airflow/example_dags/plugins/event_listener.py
[2026-03-12T00:52:22.192+0000] {processor.py:208} INFO - Processing /home/ec2-user/environment/lab4_model_training/venv/lib64/python3.12/site-packages/airflow/example_dags/plugins/event_listener.py took 0.023 seconds
[2026-03-12T00:53:22.730+0000] {processor.py:186} INFO - Started process (PID=11587) to work on /home/ec2-user/environment/lab4_model_training/venv/lib64/python3.12/site-packages/airflow/example_dags/plugins/event_listener.py
[2026-03-12T00:53:22.732+0000] {processor.py:914} INFO - Processing file /home/ec2-user/environment/lab4_model_training/venv/lib64/python3.12/site-packages/airflow/example_dags/plugins/event_listener.py for tasks to queue
[2026-03-12T00:53:22.734+0000] {logging_mixin.py:190} INFO - [2026-03-12T00:53:22.734+0000] {dagbag.py:588} INFO - Filling up the DagBag from /home/ec2-user/environment/lab4_model_training/venv/lib64/python3.12/site-packages/airflow/example_dags/plugins/event_listener.py
[2026-03-12T00:53:22.737+0000] {processor.py:927} WARNING - No viable dags retrieved from /home/ec2-user/environment/lab4_model_training/venv/lib64/python3.12/site-packages/airflow/example_dags/plugins/event_listener.py
[2026-03-12T00:53:22.745+0000] {processor.py:208} INFO - Processing /home/ec2-user/environment/lab4_model_training/venv/lib64/python3.12/site-packages/airflow/example_dags/plugins/event_listener.py took 0.021 seconds
[2026-03-12T00:54:23.258+0000] {processor.py:186} INFO - Started process (PID=11813) to work on /home/ec2-user/environment/lab4_model_training/venv/lib64/python3.12/site-packages/airflow/example_dags/plugins/event_listener.py
[2026-03-12T00:54:23.259+0000] {processor.py:914} INFO - Processing file /home/ec2-user/environment/lab4_model_training/venv/lib64/python3.12/site-packages/airflow/example_dags/plugins/event_listener.py for tasks to queue
[2026-03-12T00:54:23.261+0000] {logging_mixin.py:190} INFO - [2026-03-12T00:54:23.261+0000] {dagbag.py:588} INFO - Filling up the DagBag from /home/ec2-user/environment/lab4_model_training/venv/lib64/python3.12/site-packages/airflow/example_dags/plugins/event_listener.py
[2026-03-12T00:54:23.264+0000] {processor.py:927} WARNING - No viable dags retrieved from /home/ec2-user/environment/lab4_model_training/venv/lib64/python3.12/site-packages/airflow/example_dags/plugins/event_listener.py
[2026-03-12T00:54:23.274+0000] {processor.py:208} INFO - Processing /home/ec2-user/environment/lab4_model_training/venv/lib64/python3.12/site-packages/airflow/example_dags/plugins/event_listener.py took 0.021 seconds
[2026-03-12T00:55:25.420+0000] {processor.py:186} INFO - Started process (PID=12096) to work on /home/ec2-user/environment/lab4_model_training/venv/lib64/python3.12/site-packages/airflow/example_dags/plugins/event_listener.py
[2026-03-12T00:55:25.422+0000] {processor.py:914} INFO - Processing file /home/ec2-user/environment/lab4_model_training/venv/lib64/python3.12/site-packages/airflow/example_dags/plugins/event_listener.py for tasks to queue
[2026-03-12T00:55:25.424+0000] {logging_mixin.py:190} INFO - [2026-03-12T00:55:25.424+0000] {dagbag.py:588} INFO - Filling up the DagBag from /home/ec2-user/environment/lab4_model_training/venv/lib64/python3.12/site-packages/airflow/example_dags/plugins/event_listener.py
[2026-03-12T00:55:25.426+0000] {processor.py:927} WARNING - No viable dags retrieved from /home/ec2-user/environment/lab4_model_training/venv/lib64/python3.12/site-packages/airflow/example_dags/plugins/event_listener.py
[2026-03-12T00:55:25.435+0000] {processor.py:208} INFO - Processing /home/ec2-user/environment/lab4_model_training/venv/lib64/python3.12/site-packages/airflow/example_dags/plugins/event_listener.py took 0.020 seconds
[2026-03-12T00:56:28.489+0000] {processor.py:186} INFO - Started process (PID=12381) to work on /home/ec2-user/environment/lab4_model_training/venv/lib64/python3.12/site-packages/airflow/example_dags/plugins/event_listener.py
[2026-03-12T00:56:28.490+0000] {processor.py:914} INFO - Processing file /home/ec2-user/environment/lab4_model_training/venv/lib64/python3.12/site-packages/airflow/example_dags/plugins/event_listener.py for tasks to queue
[2026-03-12T00:56:28.493+0000] {logging_mixin.py:190} INFO - [2026-03-12T00:56:28.493+0000] {dagbag.py:588} INFO - Filling up the DagBag from /home/ec2-user/environment/lab4_model_training/venv/lib64/python3.12/site-packages/airflow/example_dags/plugins/event_listener.py
[2026-03-12T00:56:28.495+0000] {processor.py:927} WARNING - No viable dags retrieved from /home/ec2-user/environment/lab4_model_training/venv/lib64/python3.12/site-packages/airflow/example_dags/plugins/event_listener.py
[2026-03-12T00:56:28.504+0000] {processor.py:208} INFO - Processing /home/ec2-user/environment/lab4_model_training/venv/lib64/python3.12/site-packages/airflow/example_dags/plugins/event_listener.py took 0.020 seconds
[2026-03-12T00:57:32.458+0000] {processor.py:186} INFO - Started process (PID=12618) to work on /home/ec2-user/environment/lab4_model_training/venv/lib64/python3.12/site-packages/airflow/example_dags/plugins/event_listener.py
[2026-03-12T00:57:32.459+0000] {processor.py:914} INFO - Processing file /home/ec2-user/environment/lab4_model_training/venv/lib64/python3.12/site-packages/airflow/example_dags/plugins/event_listener.py for tasks to queue
[2026-03-12T00:57:32.461+0000] {logging_mixin.py:190} INFO - [2026-03-12T00:57:32.461+0000] {dagbag.py:588} INFO - Filling up the DagBag from /home/ec2-user/environment/lab4_model_training/venv/lib64/python3.12/site-packages/airflow/example_dags/plugins/event_listener.py
[2026-03-12T00:57:32.463+0000] {processor.py:927} WARNING - No viable dags retrieved from /home/ec2-user/environment/lab4_model_training/venv/lib64/python3.12/site-packages/airflow/example_dags/plugins/event_listener.py
[2026-03-12T00:57:32.472+0000] {processor.py:208} INFO - Processing /home/ec2-user/environment/lab4_model_training/venv/lib64/python3.12/site-packages/airflow/example_dags/plugins/event_listener.py took 0.020 seconds
[2026-03-12T00:58:34.602+0000] {processor.py:186} INFO - Started process (PID=12902) to work on /home/ec2-user/environment/lab4_model_training/venv/lib64/python3.12/site-packages/airflow/example_dags/plugins/event_listener.py
[2026-03-12T00:58:34.603+0000] {processor.py:914} INFO - Processing file /home/ec2-user/environment/lab4_model_training/venv/lib64/python3.12/site-packages/airflow/example_dags/plugins/event_listener.py for tasks to queue
[2026-03-12T00:58:34.606+0000] {logging_mixin.py:190} INFO - [2026-03-12T00:58:34.605+0000] {dagbag.py:588} INFO - Filling up the DagBag from /home/ec2-user/environment/lab4_model_training/venv/lib64/python3.12/site-packages/airflow/example_dags/plugins/event_listener.py
[2026-03-12T00:58:34.608+0000] {processor.py:927} WARNING - No viable dags retrieved from /home/ec2-user/environment/lab4_model_training/venv/lib64/python3.12/site-packages/airflow/example_dags/plugins/event_listener.py
[2026-03-12T00:58:34.617+0000] {processor.py:208} INFO - Processing /home/ec2-user/environment/lab4_model_training/venv/lib64/python3.12/site-packages/airflow/example_dags/plugins/event_listener.py took 0.020 seconds
[2026-03-12T00:59:35.211+0000] {processor.py:186} INFO - Started process (PID=13160) to work on /home/ec2-user/environment/lab4_model_training/venv/lib64/python3.12/site-packages/airflow/example_dags/plugins/event_listener.py
[2026-03-12T00:59:35.212+0000] {processor.py:914} INFO - Processing file /home/ec2-user/environment/lab4_model_training/venv/lib64/python3.12/site-packages/airflow/example_dags/plugins/event_listener.py for tasks to queue
[2026-03-12T00:59:35.214+0000] {logging_mixin.py:190} INFO - [2026-03-12T00:59:35.214+0000] {dagbag.py:588} INFO - Filling up the DagBag from /home/ec2-user/environment/lab4_model_training/venv/lib64/python3.12/site-packages/airflow/example_dags/plugins/event_listener.py
[2026-03-12T00:59:35.217+0000] {processor.py:927} WARNING - No viable dags retrieved from /home/ec2-user/environment/lab4_model_training/venv/lib64/python3.12/site-packages/airflow/example_dags/plugins/event_listener.py
[2026-03-12T00:59:35.229+0000] {processor.py:208} INFO - Processing /home/ec2-user/environment/lab4_model_training/venv/lib64/python3.12/site-packages/airflow/example_dags/plugins/event_listener.py took 0.024 seconds
[2026-03-12T01:00:41.108+0000] {processor.py:186} INFO - Started process (PID=13452) to work on /home/ec2-user/environment/lab4_model_training/venv/lib64/python3.12/site-packages/airflow/example_dags/plugins/event_listener.py
[2026-03-12T01:00:41.109+0000] {processor.py:914} INFO - Processing file /home/ec2-user/environment/lab4_model_training/venv/lib64/python3.12/site-packages/airflow/example_dags/plugins/event_listener.py for tasks to queue
[2026-03-12T01:00:41.112+0000] {logging_mixin.py:190} INFO - [2026-03-12T01:00:41.111+0000] {dagbag.py:588} INFO - Filling up the DagBag from /home/ec2-user/environment/lab4_model_training/venv/lib64/python3.12/site-packages/airflow/example_dags/plugins/event_listener.py
[2026-03-12T01:00:41.114+0000] {processor.py:927} WARNING - No viable dags retrieved from /home/ec2-user/environment/lab4_model_training/venv/lib64/python3.12/site-packages/airflow/example_dags/plugins/event_listener.py
[2026-03-12T01:00:41.124+0000] {processor.py:208} INFO - Processing /home/ec2-user/environment/lab4_model_training/venv/lib64/python3.12/site-packages/airflow/example_dags/plugins/event_listener.py took 0.022 seconds
[2026-03-12T01:01:43.875+0000] {processor.py:186} INFO - Started process (PID=13714) to work on /home/ec2-user/environment/lab4_model_training/venv/lib64/python3.12/site-packages/airflow/example_dags/plugins/event_listener.py
[2026-03-12T01:01:43.876+0000] {processor.py:914} INFO - Processing file /home/ec2-user/environment/lab4_model_training/venv/lib64/python3.12/site-packages/airflow/example_dags/plugins/event_listener.py for tasks to queue
[2026-03-12T01:01:43.879+0000] {logging_mixin.py:190} INFO - [2026-03-12T01:01:43.878+0000] {dagbag.py:588} INFO - Filling up the DagBag from /home/ec2-user/environment/lab4_model_training/venv/lib64/python3.12/site-packages/airflow/example_dags/plugins/event_listener.py
[2026-03-12T01:01:43.881+0000] {processor.py:927} WARNING - No viable dags retrieved from /home/ec2-user/environment/lab4_model_training/venv/lib64/python3.12/site-packages/airflow/example_dags/plugins/event_listener.py
[2026-03-12T01:01:43.890+0000] {processor.py:208} INFO - Processing /home/ec2-user/environment/lab4_model_training/venv/lib64/python3.12/site-packages/airflow/example_dags/plugins/event_listener.py took 0.021 seconds
[2026-03-12T01:02:49.054+0000] {processor.py:186} INFO - Started process (PID=14010) to work on /home/ec2-user/environment/lab4_model_training/venv/lib64/python3.12/site-packages/airflow/example_dags/plugins/event_listener.py
[2026-03-12T01:02:49.056+0000] {processor.py:914} INFO - Processing file /home/ec2-user/environment/lab4_model_training/venv/lib64/python3.12/site-packages/airflow/example_dags/plugins/event_listener.py for tasks to queue
[2026-03-12T01:02:49.058+0000] {logging_mixin.py:190} INFO - [2026-03-12T01:02:49.057+0000] {dagbag.py:588} INFO - Filling up the DagBag from /home/ec2-user/environment/lab4_model_training/venv/lib64/python3.12/site-packages/airflow/example_dags/plugins/event_listener.py
[2026-03-12T01:02:49.060+0000] {processor.py:927} WARNING - No viable dags retrieved from /home/ec2-user/environment/lab4_model_training/venv/lib64/python3.12/site-packages/airflow/example_dags/plugins/event_listener.py
[2026-03-12T01:02:49.069+0000] {processor.py:208} INFO - Processing /home/ec2-user/environment/lab4_model_training/venv/lib64/python3.12/site-packages/airflow/example_dags/plugins/event_listener.py took 0.020 seconds
[2026-03-12T01:03:51.877+0000] {processor.py:186} INFO - Started process (PID=14242) to work on /home/ec2-user/environment/lab4_model_training/venv/lib64/python3.12/site-packages/airflow/example_dags/plugins/event_listener.py
[2026-03-12T01:03:51.878+0000] {processor.py:914} INFO - Processing file /home/ec2-user/environment/lab4_model_training/venv/lib64/python3.12/site-packages/airflow/example_dags/plugins/event_listener.py for tasks to queue
[2026-03-12T01:03:51.880+0000] {logging_mixin.py:190} INFO - [2026-03-12T01:03:51.880+0000] {dagbag.py:588} INFO - Filling up the DagBag from /home/ec2-user/environment/lab4_model_training/venv/lib64/python3.12/site-packages/airflow/example_dags/plugins/event_listener.py
[2026-03-12T01:03:51.883+0000] {processor.py:927} WARNING - No viable dags retrieved from /home/ec2-user/environment/lab4_model_training/venv/lib64/python3.12/site-packages/airflow/example_dags/plugins/event_listener.py
[2026-03-12T01:03:51.892+0000] {processor.py:208} INFO - Processing /home/ec2-user/environment/lab4_model_training/venv/lib64/python3.12/site-packages/airflow/example_dags/plugins/event_listener.py took 0.022 seconds
[2026-03-12T01:05:01.925+0000] {processor.py:186} INFO - Started process (PID=14571) to work on /home/ec2-user/environment/lab4_model_training/venv/lib64/python3.12/site-packages/airflow/example_dags/plugins/event_listener.py
[2026-03-12T01:05:01.926+0000] {processor.py:914} INFO - Processing file /home/ec2-user/environment/lab4_model_training/venv/lib64/python3.12/site-packages/airflow/example_dags/plugins/event_listener.py for tasks to queue
[2026-03-12T01:05:01.929+0000] {logging_mixin.py:190} INFO - [2026-03-12T01:05:01.929+0000] {dagbag.py:588} INFO - Filling up the DagBag from /home/ec2-user/environment/lab4_model_training/venv/lib64/python3.12/site-packages/airflow/example_dags/plugins/event_listener.py
[2026-03-12T01:05:01.931+0000] {processor.py:927} WARNING - No viable dags retrieved from /home/ec2-user/environment/lab4_model_training/venv/lib64/python3.12/site-packages/airflow/example_dags/plugins/event_listener.py
[2026-03-12T01:05:01.940+0000] {processor.py:208} INFO - Processing /home/ec2-user/environment/lab4_model_training/venv/lib64/python3.12/site-packages/airflow/example_dags/plugins/event_listener.py took 0.021 seconds
[2026-03-12T01:06:00.822+0000] {processor.py:186} INFO - Started process (PID=14801) to work on /home/ec2-user/environment/lab4_model_training/venv/lib64/python3.12/site-packages/airflow/example_dags/plugins/event_listener.py
[2026-03-12T01:06:00.823+0000] {processor.py:914} INFO - Processing file /home/ec2-user/environment/lab4_model_training/venv/lib64/python3.12/site-packages/airflow/example_dags/plugins/event_listener.py for tasks to queue
[2026-03-12T01:06:00.826+0000] {logging_mixin.py:190} INFO - [2026-03-12T01:06:00.825+0000] {dagbag.py:588} INFO - Filling up the DagBag from /home/ec2-user/environment/lab4_model_training/venv/lib64/python3.12/site-packages/airflow/example_dags/plugins/event_listener.py
[2026-03-12T01:06:00.828+0000] {processor.py:927} WARNING - No viable dags retrieved from /home/ec2-user/environment/lab4_model_training/venv/lib64/python3.12/site-packages/airflow/example_dags/plugins/event_listener.py
[2026-03-12T01:06:00.837+0000] {processor.py:208} INFO - Processing /home/ec2-user/environment/lab4_model_training/venv/lib64/python3.12/site-packages/airflow/example_dags/plugins/event_listener.py took 0.020 seconds
[2026-03-12T01:07:01.419+0000] {processor.py:186} INFO - Started process (PID=15097) to work on /home/ec2-user/environment/lab4_model_training/venv/lib64/python3.12/site-packages/airflow/example_dags/plugins/event_listener.py
[2026-03-12T01:07:01.420+0000] {processor.py:914} INFO - Processing file /home/ec2-user/environment/lab4_model_training/venv/lib64/python3.12/site-packages/airflow/example_dags/plugins/event_listener.py for tasks to queue
[2026-03-12T01:07:01.422+0000] {logging_mixin.py:190} INFO - [2026-03-12T01:07:01.422+0000] {dagbag.py:588} INFO - Filling up the DagBag from /home/ec2-user/environment/lab4_model_training/venv/lib64/python3.12/site-packages/airflow/example_dags/plugins/event_listener.py
[2026-03-12T01:07:01.425+0000] {processor.py:927} WARNING - No viable dags retrieved from /home/ec2-user/environment/lab4_model_training/venv/lib64/python3.12/site-packages/airflow/example_dags/plugins/event_listener.py
[2026-03-12T01:07:01.434+0000] {processor.py:208} INFO - Processing /home/ec2-user/environment/lab4_model_training/venv/lib64/python3.12/site-packages/airflow/example_dags/plugins/event_listener.py took 0.021 seconds
[2026-03-12T01:08:02.173+0000] {processor.py:186} INFO - Started process (PID=15382) to work on /home/ec2-user/environment/lab4_model_training/venv/lib64/python3.12/site-packages/airflow/example_dags/plugins/event_listener.py
[2026-03-12T01:08:02.174+0000] {processor.py:914} INFO - Processing file /home/ec2-user/environment/lab4_model_training/venv/lib64/python3.12/site-packages/airflow/example_dags/plugins/event_listener.py for tasks to queue
[2026-03-12T01:08:02.177+0000] {logging_mixin.py:190} INFO - [2026-03-12T01:08:02.176+0000] {dagbag.py:588} INFO - Filling up the DagBag from /home/ec2-user/environment/lab4_model_training/venv/lib64/python3.12/site-packages/airflow/example_dags/plugins/event_listener.py
[2026-03-12T01:08:02.179+0000] {processor.py:927} WARNING - No viable dags retrieved from /home/ec2-user/environment/lab4_model_training/venv/lib64/python3.12/site-packages/airflow/example_dags/plugins/event_listener.py
[2026-03-12T01:08:02.188+0000] {processor.py:208} INFO - Processing /home/ec2-user/environment/lab4_model_training/venv/lib64/python3.12/site-packages/airflow/example_dags/plugins/event_listener.py took 0.021 seconds
[2026-03-12T01:09:06.339+0000] {processor.py:186} INFO - Started process (PID=15629) to work on /home/ec2-user/environment/lab4_model_training/venv/lib64/python3.12/site-packages/airflow/example_dags/plugins/event_listener.py
[2026-03-12T01:09:06.341+0000] {processor.py:914} INFO - Processing file /home/ec2-user/environment/lab4_model_training/venv/lib64/python3.12/site-packages/airflow/example_dags/plugins/event_listener.py for tasks to queue
[2026-03-12T01:09:06.344+0000] {logging_mixin.py:190} INFO - [2026-03-12T01:09:06.343+0000] {dagbag.py:588} INFO - Filling up the DagBag from /home/ec2-user/environment/lab4_model_training/venv/lib64/python3.12/site-packages/airflow/example_dags/plugins/event_listener.py
[2026-03-12T01:09:06.346+0000] {processor.py:927} WARNING - No viable dags retrieved from /home/ec2-user/environment/lab4_model_training/venv/lib64/python3.12/site-packages/airflow/example_dags/plugins/event_listener.py
[2026-03-12T01:09:06.355+0000] {processor.py:208} INFO - Processing /home/ec2-user/environment/lab4_model_training/venv/lib64/python3.12/site-packages/airflow/example_dags/plugins/event_listener.py took 0.021 seconds
[2026-03-12T01:10:07.175+0000] {processor.py:186} INFO - Started process (PID=15913) to work on /home/ec2-user/environment/lab4_model_training/venv/lib64/python3.12/site-packages/airflow/example_dags/plugins/event_listener.py
[2026-03-12T01:10:07.176+0000] {processor.py:914} INFO - Processing file /home/ec2-user/environment/lab4_model_training/venv/lib64/python3.12/site-packages/airflow/example_dags/plugins/event_listener.py for tasks to queue
[2026-03-12T01:10:07.179+0000] {logging_mixin.py:190} INFO - [2026-03-12T01:10:07.178+0000] {dagbag.py:588} INFO - Filling up the DagBag from /home/ec2-user/environment/lab4_model_training/venv/lib64/python3.12/site-packages/airflow/example_dags/plugins/event_listener.py
[2026-03-12T01:10:07.181+0000] {processor.py:927} WARNING - No viable dags retrieved from /home/ec2-user/environment/lab4_model_training/venv/lib64/python3.12/site-packages/airflow/example_dags/plugins/event_listener.py
[2026-03-12T01:10:07.190+0000] {processor.py:208} INFO - Processing /home/ec2-user/environment/lab4_model_training/venv/lib64/python3.12/site-packages/airflow/example_dags/plugins/event_listener.py took 0.021 seconds
[2026-03-12T01:11:14.777+0000] {processor.py:186} INFO - Started process (PID=16223) to work on /home/ec2-user/environment/lab4_model_training/venv/lib64/python3.12/site-packages/airflow/example_dags/plugins/event_listener.py
[2026-03-12T01:11:14.778+0000] {processor.py:914} INFO - Processing file /home/ec2-user/environment/lab4_model_training/venv/lib64/python3.12/site-packages/airflow/example_dags/plugins/event_listener.py for tasks to queue
[2026-03-12T01:11:14.781+0000] {logging_mixin.py:190} INFO - [2026-03-12T01:11:14.780+0000] {dagbag.py:588} INFO - Filling up the DagBag from /home/ec2-user/environment/lab4_model_training/venv/lib64/python3.12/site-packages/airflow/example_dags/plugins/event_listener.py
[2026-03-12T01:11:14.783+0000] {processor.py:927} WARNING - No viable dags retrieved from /home/ec2-user/environment/lab4_model_training/venv/lib64/python3.12/site-packages/airflow/example_dags/plugins/event_listener.py
[2026-03-12T01:11:14.792+0000] {processor.py:208} INFO - Processing /home/ec2-user/environment/lab4_model_training/venv/lib64/python3.12/site-packages/airflow/example_dags/plugins/event_listener.py took 0.021 seconds
[2026-03-12T01:12:19.254+0000] {processor.py:186} INFO - Started process (PID=16472) to work on /home/ec2-user/environment/lab4_model_training/venv/lib64/python3.12/site-packages/airflow/example_dags/plugins/event_listener.py
[2026-03-12T01:12:19.255+0000] {processor.py:914} INFO - Processing file /home/ec2-user/environment/lab4_model_training/venv/lib64/python3.12/site-packages/airflow/example_dags/plugins/event_listener.py for tasks to queue
[2026-03-12T01:12:19.257+0000] {logging_mixin.py:190} INFO - [2026-03-12T01:12:19.257+0000] {dagbag.py:588} INFO - Filling up the DagBag from /home/ec2-user/environment/lab4_model_training/venv/lib64/python3.12/site-packages/airflow/example_dags/plugins/event_listener.py
[2026-03-12T01:12:19.260+0000] {processor.py:927} WARNING - No viable dags retrieved from /home/ec2-user/environment/lab4_model_training/venv/lib64/python3.12/site-packages/airflow/example_dags/plugins/event_listener.py
[2026-03-12T01:12:19.269+0000] {processor.py:208} INFO - Processing /home/ec2-user/environment/lab4_model_training/venv/lib64/python3.12/site-packages/airflow/example_dags/plugins/event_listener.py took 0.020 seconds
[2026-03-12T01:13:22.017+0000] {processor.py:186} INFO - Started process (PID=16766) to work on /home/ec2-user/environment/lab4_model_training/venv/lib64/python3.12/site-packages/airflow/example_dags/plugins/event_listener.py
[2026-03-12T01:13:22.018+0000] {processor.py:914} INFO - Processing file /home/ec2-user/environment/lab4_model_training/venv/lib64/python3.12/site-packages/airflow/example_dags/plugins/event_listener.py for tasks to queue
[2026-03-12T01:13:22.021+0000] {logging_mixin.py:190} INFO - [2026-03-12T01:13:22.021+0000] {dagbag.py:588} INFO - Filling up the DagBag from /home/ec2-user/environment/lab4_model_training/venv/lib64/python3.12/site-packages/airflow/example_dags/plugins/event_listener.py
[2026-03-12T01:13:22.024+0000] {processor.py:927} WARNING - No viable dags retrieved from /home/ec2-user/environment/lab4_model_training/venv/lib64/python3.12/site-packages/airflow/example_dags/plugins/event_listener.py
[2026-03-12T01:13:22.036+0000] {processor.py:208} INFO - Processing /home/ec2-user/environment/lab4_model_training/venv/lib64/python3.12/site-packages/airflow/example_dags/plugins/event_listener.py took 0.024 seconds
[2026-03-12T01:14:26.598+0000] {processor.py:186} INFO - Started process (PID=17080) to work on /home/ec2-user/environment/lab4_model_training/venv/lib64/python3.12/site-packages/airflow/example_dags/plugins/event_listener.py
[2026-03-12T01:14:26.599+0000] {processor.py:914} INFO - Processing file /home/ec2-user/environment/lab4_model_training/venv/lib64/python3.12/site-packages/airflow/example_dags/plugins/event_listener.py for tasks to queue
[2026-03-12T01:14:26.602+0000] {logging_mixin.py:190} INFO - [2026-03-12T01:14:26.602+0000] {dagbag.py:588} INFO - Filling up the DagBag from /home/ec2-user/environment/lab4_model_training/venv/lib64/python3.12/site-packages/airflow/example_dags/plugins/event_listener.py
[2026-03-12T01:14:26.604+0000] {processor.py:927} WARNING - No viable dags retrieved from /home/ec2-user/environment/lab4_model_training/venv/lib64/python3.12/site-packages/airflow/example_dags/plugins/event_listener.py
[2026-03-12T01:14:26.613+0000] {processor.py:208} INFO - Processing /home/ec2-user/environment/lab4_model_training/venv/lib64/python3.12/site-packages/airflow/example_dags/plugins/event_listener.py took 0.020 seconds
[2026-03-12T01:15:28.863+0000] {processor.py:186} INFO - Started process (PID=17365) to work on /home/ec2-user/environment/lab4_model_training/venv/lib64/python3.12/site-packages/airflow/example_dags/plugins/event_listener.py
[2026-03-12T01:15:28.864+0000] {processor.py:914} INFO - Processing file /home/ec2-user/environment/lab4_model_training/venv/lib64/python3.12/site-packages/airflow/example_dags/plugins/event_listener.py for tasks to queue
[2026-03-12T01:15:28.866+0000] {logging_mixin.py:190} INFO - [2026-03-12T01:15:28.866+0000] {dagbag.py:588} INFO - Filling up the DagBag from /home/ec2-user/environment/lab4_model_training/venv/lib64/python3.12/site-packages/airflow/example_dags/plugins/event_listener.py
[2026-03-12T01:15:28.868+0000] {processor.py:927} WARNING - No viable dags retrieved from /home/ec2-user/environment/lab4_model_training/venv/lib64/python3.12/site-packages/airflow/example_dags/plugins/event_listener.py
[2026-03-12T01:15:28.877+0000] {processor.py:208} INFO - Processing /home/ec2-user/environment/lab4_model_training/venv/lib64/python3.12/site-packages/airflow/example_dags/plugins/event_listener.py took 0.020 seconds
[2026-03-12T01:16:29.831+0000] {processor.py:186} INFO - Started process (PID=17659) to work on /home/ec2-user/environment/lab4_model_training/venv/lib64/python3.12/site-packages/airflow/example_dags/plugins/event_listener.py
[2026-03-12T01:16:29.832+0000] {processor.py:914} INFO - Processing file /home/ec2-user/environment/lab4_model_training/venv/lib64/python3.12/site-packages/airflow/example_dags/plugins/event_listener.py for tasks to queue
[2026-03-12T01:16:29.835+0000] {logging_mixin.py:190} INFO - [2026-03-12T01:16:29.834+0000] {dagbag.py:588} INFO - Filling up the DagBag from /home/ec2-user/environment/lab4_model_training/venv/lib64/python3.12/site-packages/airflow/example_dags/plugins/event_listener.py
[2026-03-12T01:16:29.837+0000] {processor.py:927} WARNING - No viable dags retrieved from /home/ec2-user/environment/lab4_model_training/venv/lib64/python3.12/site-packages/airflow/example_dags/plugins/event_listener.py
[2026-03-12T01:16:29.846+0000] {processor.py:208} INFO - Processing /home/ec2-user/environment/lab4_model_training/venv/lib64/python3.12/site-packages/airflow/example_dags/plugins/event_listener.py took 0.020 seconds
[2026-03-12T01:17:45.868+0000] {processor.py:186} INFO - Started process (PID=17991) to work on /home/ec2-user/environment/lab4_model_training/venv/lib64/python3.12/site-packages/airflow/example_dags/plugins/event_listener.py
[2026-03-12T01:17:45.869+0000] {processor.py:914} INFO - Processing file /home/ec2-user/environment/lab4_model_training/venv/lib64/python3.12/site-packages/airflow/example_dags/plugins/event_listener.py for tasks to queue
[2026-03-12T01:17:45.872+0000] {logging_mixin.py:190} INFO - [2026-03-12T01:17:45.871+0000] {dagbag.py:588} INFO - Filling up the DagBag from /home/ec2-user/environment/lab4_model_training/venv/lib64/python3.12/site-packages/airflow/example_dags/plugins/event_listener.py
[2026-03-12T01:17:45.874+0000] {processor.py:927} WARNING - No viable dags retrieved from /home/ec2-user/environment/lab4_model_training/venv/lib64/python3.12/site-packages/airflow/example_dags/plugins/event_listener.py
[2026-03-12T01:17:45.883+0000] {processor.py:208} INFO - Processing /home/ec2-user/environment/lab4_model_training/venv/lib64/python3.12/site-packages/airflow/example_dags/plugins/event_listener.py took 0.021 seconds
[2026-03-12T01:18:45.036+0000] {processor.py:186} INFO - Started process (PID=18267) to work on /home/ec2-user/environment/lab4_model_training/venv/lib64/python3.12/site-packages/airflow/example_dags/plugins/event_listener.py
[2026-03-12T01:18:45.037+0000] {processor.py:914} INFO - Processing file /home/ec2-user/environment/lab4_model_training/venv/lib64/python3.12/site-packages/airflow/example_dags/plugins/event_listener.py for tasks to queue
[2026-03-12T01:18:45.039+0000] {logging_mixin.py:190} INFO - [2026-03-12T01:18:45.039+0000] {dagbag.py:588} INFO - Filling up the DagBag from /home/ec2-user/environment/lab4_model_training/venv/lib64/python3.12/site-packages/airflow/example_dags/plugins/event_listener.py
[2026-03-12T01:18:45.041+0000] {processor.py:927} WARNING - No viable dags retrieved from /home/ec2-user/environment/lab4_model_training/venv/lib64/python3.12/site-packages/airflow/example_dags/plugins/event_listener.py
[2026-03-12T01:18:45.050+0000] {processor.py:208} INFO - Processing /home/ec2-user/environment/lab4_model_training/venv/lib64/python3.12/site-packages/airflow/example_dags/plugins/event_listener.py took 0.020 seconds
[2026-03-12T01:19:58.383+0000] {processor.py:186} INFO - Started process (PID=18545) to work on /home/ec2-user/environment/lab4_model_training/venv/lib64/python3.12/site-packages/airflow/example_dags/plugins/event_listener.py
[2026-03-12T01:19:58.384+0000] {processor.py:914} INFO - Processing file /home/ec2-user/environment/lab4_model_training/venv/lib64/python3.12/site-packages/airflow/example_dags/plugins/event_listener.py for tasks to queue
[2026-03-12T01:19:58.387+0000] {logging_mixin.py:190} INFO - [2026-03-12T01:19:58.387+0000] {dagbag.py:588} INFO - Filling up the DagBag from /home/ec2-user/environment/lab4_model_training/venv/lib64/python3.12/site-packages/airflow/example_dags/plugins/event_listener.py
[2026-03-12T01:19:58.389+0000] {processor.py:927} WARNING - No viable dags retrieved from /home/ec2-user/environment/lab4_model_training/venv/lib64/python3.12/site-packages/airflow/example_dags/plugins/event_listener.py
[2026-03-12T01:19:58.401+0000] {processor.py:208} INFO - Processing /home/ec2-user/environment/lab4_model_training/venv/lib64/python3.12/site-packages/airflow/example_dags/plugins/event_listener.py took 0.023 seconds
[2026-03-12T01:21:02.265+0000] {processor.py:186} INFO - Started process (PID=18843) to work on /home/ec2-user/environment/lab4_model_training/venv/lib64/python3.12/site-packages/airflow/example_dags/plugins/event_listener.py
[2026-03-12T01:21:02.266+0000] {processor.py:914} INFO - Processing file /home/ec2-user/environment/lab4_model_training/venv/lib64/python3.12/site-packages/airflow/example_dags/plugins/event_listener.py for tasks to queue
[2026-03-12T01:21:02.268+0000] {logging_mixin.py:190} INFO - [2026-03-12T01:21:02.268+0000] {dagbag.py:588} INFO - Filling up the DagBag from /home/ec2-user/environment/lab4_model_training/venv/lib64/python3.12/site-packages/airflow/example_dags/plugins/event_listener.py
[2026-03-12T01:21:02.270+0000] {processor.py:927} WARNING - No viable dags retrieved from /home/ec2-user/environment/lab4_model_training/venv/lib64/python3.12/site-packages/airflow/example_dags/plugins/event_listener.py
[2026-03-12T01:21:02.285+0000] {processor.py:208} INFO - Processing /home/ec2-user/environment/lab4_model_training/venv/lib64/python3.12/site-packages/airflow/example_dags/plugins/event_listener.py took 0.026 seconds
[2026-03-12T01:22:08.458+0000] {processor.py:186} INFO - Started process (PID=19120) to work on /home/ec2-user/environment/lab4_model_training/venv/lib64/python3.12/site-packages/airflow/example_dags/plugins/event_listener.py
[2026-03-12T01:22:08.459+0000] {processor.py:914} INFO - Processing file /home/ec2-user/environment/lab4_model_training/venv/lib64/python3.12/site-packages/airflow/example_dags/plugins/event_listener.py for tasks to queue
[2026-03-12T01:22:08.462+0000] {logging_mixin.py:190} INFO - [2026-03-12T01:22:08.461+0000] {dagbag.py:588} INFO - Filling up the DagBag from /home/ec2-user/environment/lab4_model_training/venv/lib64/python3.12/site-packages/airflow/example_dags/plugins/event_listener.py
[2026-03-12T01:22:08.464+0000] {processor.py:927} WARNING - No viable dags retrieved from /home/ec2-user/environment/lab4_model_training/venv/lib64/python3.12/site-packages/airflow/example_dags/plugins/event_listener.py
[2026-03-12T01:22:08.473+0000] {processor.py:208} INFO - Processing /home/ec2-user/environment/lab4_model_training/venv/lib64/python3.12/site-packages/airflow/example_dags/plugins/event_listener.py took 0.020 seconds
[2026-03-12T01:23:19.267+0000] {processor.py:186} INFO - Started process (PID=19434) to work on /home/ec2-user/environment/lab4_model_training/venv/lib64/python3.12/site-packages/airflow/example_dags/plugins/event_listener.py
[2026-03-12T01:23:19.269+0000] {processor.py:914} INFO - Processing file /home/ec2-user/environment/lab4_model_training/venv/lib64/python3.12/site-packages/airflow/example_dags/plugins/event_listener.py for tasks to queue
[2026-03-12T01:23:19.271+0000] {logging_mixin.py:190} INFO - [2026-03-12T01:23:19.270+0000] {dagbag.py:588} INFO - Filling up the DagBag from /home/ec2-user/environment/lab4_model_training/venv/lib64/python3.12/site-packages/airflow/example_dags/plugins/event_listener.py
[2026-03-12T01:23:19.273+0000] {processor.py:927} WARNING - No viable dags retrieved from /home/ec2-user/environment/lab4_model_training/venv/lib64/python3.12/site-packages/airflow/example_dags/plugins/event_listener.py
[2026-03-12T01:23:19.282+0000] {processor.py:208} INFO - Processing /home/ec2-user/environment/lab4_model_training/venv/lib64/python3.12/site-packages/airflow/example_dags/plugins/event_listener.py took 0.020 seconds
[2026-03-12T01:24:32.956+0000] {processor.py:186} INFO - Started process (PID=19762) to work on /home/ec2-user/environment/lab4_model_training/venv/lib64/python3.12/site-packages/airflow/example_dags/plugins/event_listener.py
[2026-03-12T01:24:32.957+0000] {processor.py:914} INFO - Processing file /home/ec2-user/environment/lab4_model_training/venv/lib64/python3.12/site-packages/airflow/example_dags/plugins/event_listener.py for tasks to queue
[2026-03-12T01:24:32.960+0000] {logging_mixin.py:190} INFO - [2026-03-12T01:24:32.959+0000] {dagbag.py:588} INFO - Filling up the DagBag from /home/ec2-user/environment/lab4_model_training/venv/lib64/python3.12/site-packages/airflow/example_dags/plugins/event_listener.py
[2026-03-12T01:24:32.962+0000] {processor.py:927} WARNING - No viable dags retrieved from /home/ec2-user/environment/lab4_model_training/venv/lib64/python3.12/site-packages/airflow/example_dags/plugins/event_listener.py
[2026-03-12T01:24:32.971+0000] {processor.py:208} INFO - Processing /home/ec2-user/environment/lab4_model_training/venv/lib64/python3.12/site-packages/airflow/example_dags/plugins/event_listener.py took 0.020 seconds
[2026-03-12T01:25:41.263+0000] {processor.py:186} INFO - Started process (PID=20019) to work on /home/ec2-user/environment/lab4_model_training/venv/lib64/python3.12/site-packages/airflow/example_dags/plugins/event_listener.py
[2026-03-12T01:25:41.265+0000] {processor.py:914} INFO - Processing file /home/ec2-user/environment/lab4_model_training/venv/lib64/python3.12/site-packages/airflow/example_dags/plugins/event_listener.py for tasks to queue
[2026-03-12T01:25:41.267+0000] {logging_mixin.py:190} INFO - [2026-03-12T01:25:41.267+0000] {dagbag.py:588} INFO - Filling up the DagBag from /home/ec2-user/environment/lab4_model_training/venv/lib64/python3.12/site-packages/airflow/example_dags/plugins/event_listener.py
[2026-03-12T01:25:41.269+0000] {processor.py:927} WARNING - No viable dags retrieved from /home/ec2-user/environment/lab4_model_training/venv/lib64/python3.12/site-packages/airflow/example_dags/plugins/event_listener.py
[2026-03-12T01:25:41.278+0000] {processor.py:208} INFO - Processing /home/ec2-user/environment/lab4_model_training/venv/lib64/python3.12/site-packages/airflow/example_dags/plugins/event_listener.py took 0.021 seconds
[2026-03-12T01:26:50.222+0000] {processor.py:186} INFO - Started process (PID=20326) to work on /home/ec2-user/environment/lab4_model_training/venv/lib64/python3.12/site-packages/airflow/example_dags/plugins/event_listener.py
[2026-03-12T01:26:50.224+0000] {processor.py:914} INFO - Processing file /home/ec2-user/environment/lab4_model_training/venv/lib64/python3.12/site-packages/airflow/example_dags/plugins/event_listener.py for tasks to queue
[2026-03-12T01:26:50.226+0000] {logging_mixin.py:190} INFO - [2026-03-12T01:26:50.225+0000] {dagbag.py:588} INFO - Filling up the DagBag from /home/ec2-user/environment/lab4_model_training/venv/lib64/python3.12/site-packages/airflow/example_dags/plugins/event_listener.py
[2026-03-12T01:26:50.228+0000] {processor.py:927} WARNING - No viable dags retrieved from /home/ec2-user/environment/lab4_model_training/venv/lib64/python3.12/site-packages/airflow/example_dags/plugins/event_listener.py
[2026-03-12T01:26:50.237+0000] {processor.py:208} INFO - Processing /home/ec2-user/environment/lab4_model_training/venv/lib64/python3.12/site-packages/airflow/example_dags/plugins/event_listener.py took 0.020 seconds
[2026-03-12T01:27:49.610+0000] {processor.py:186} INFO - Started process (PID=20560) to work on /home/ec2-user/environment/lab4_model_training/venv/lib64/python3.12/site-packages/airflow/example_dags/plugins/event_listener.py
[2026-03-12T01:27:49.611+0000] {processor.py:914} INFO - Processing file /home/ec2-user/environment/lab4_model_training/venv/lib64/python3.12/site-packages/airflow/example_dags/plugins/event_listener.py for tasks to queue
[2026-03-12T01:27:49.614+0000] {logging_mixin.py:190} INFO - [2026-03-12T01:27:49.614+0000] {dagbag.py:588} INFO - Filling up the DagBag from /home/ec2-user/environment/lab4_model_training/venv/lib64/python3.12/site-packages/airflow/example_dags/plugins/event_listener.py
[2026-03-12T01:27:49.616+0000] {processor.py:927} WARNING - No viable dags retrieved from /home/ec2-user/environment/lab4_model_training/venv/lib64/python3.12/site-packages/airflow/example_dags/plugins/event_listener.py
[2026-03-12T01:27:49.625+0000] {processor.py:208} INFO - Processing /home/ec2-user/environment/lab4_model_training/venv/lib64/python3.12/site-packages/airflow/example_dags/plugins/event_listener.py took 0.020 seconds
[2026-03-12T01:28:50.365+0000] {processor.py:186} INFO - Started process (PID=20842) to work on /home/ec2-user/environment/lab4_model_training/venv/lib64/python3.12/site-packages/airflow/example_dags/plugins/event_listener.py
[2026-03-12T01:28:50.367+0000] {processor.py:914} INFO - Processing file /home/ec2-user/environment/lab4_model_training/venv/lib64/python3.12/site-packages/airflow/example_dags/plugins/event_listener.py for tasks to queue
[2026-03-12T01:28:50.369+0000] {logging_mixin.py:190} INFO - [2026-03-12T01:28:50.369+0000] {dagbag.py:588} INFO - Filling up the DagBag from /home/ec2-user/environment/lab4_model_training/venv/lib64/python3.12/site-packages/airflow/example_dags/plugins/event_listener.py
[2026-03-12T01:28:50.372+0000] {processor.py:927} WARNING - No viable dags retrieved from /home/ec2-user/environment/lab4_model_training/venv/lib64/python3.12/site-packages/airflow/example_dags/plugins/event_listener.py
[2026-03-12T01:28:50.381+0000] {processor.py:208} INFO - Processing /home/ec2-user/environment/lab4_model_training/venv/lib64/python3.12/site-packages/airflow/example_dags/plugins/event_listener.py took 0.021 seconds
[2026-03-12T01:29:54.446+0000] {processor.py:186} INFO - Started process (PID=21193) to work on /home/ec2-user/environment/lab4_model_training/venv/lib64/python3.12/site-packages/airflow/example_dags/plugins/event_listener.py
[2026-03-12T01:29:54.448+0000] {processor.py:914} INFO - Processing file /home/ec2-user/environment/lab4_model_training/venv/lib64/python3.12/site-packages/airflow/example_dags/plugins/event_listener.py for tasks to queue
[2026-03-12T01:29:54.450+0000] {logging_mixin.py:190} INFO - [2026-03-12T01:29:54.450+0000] {dagbag.py:588} INFO - Filling up the DagBag from /home/ec2-user/environment/lab4_model_training/venv/lib64/python3.12/site-packages/airflow/example_dags/plugins/event_listener.py
[2026-03-12T01:29:54.453+0000] {processor.py:927} WARNING - No viable dags retrieved from /home/ec2-user/environment/lab4_model_training/venv/lib64/python3.12/site-packages/airflow/example_dags/plugins/event_listener.py
[2026-03-12T01:29:54.461+0000] {processor.py:208} INFO - Processing /home/ec2-user/environment/lab4_model_training/venv/lib64/python3.12/site-packages/airflow/example_dags/plugins/event_listener.py took 0.021 seconds
[2026-03-12T01:30:53.855+0000] {processor.py:186} INFO - Started process (PID=21489) to work on /home/ec2-user/environment/lab4_model_training/venv/lib64/python3.12/site-packages/airflow/example_dags/plugins/event_listener.py
[2026-03-12T01:30:53.856+0000] {processor.py:914} INFO - Processing file /home/ec2-user/environment/lab4_model_training/venv/lib64/python3.12/site-packages/airflow/example_dags/plugins/event_listener.py for tasks to queue
[2026-03-12T01:30:53.858+0000] {logging_mixin.py:190} INFO - [2026-03-12T01:30:53.858+0000] {dagbag.py:588} INFO - Filling up the DagBag from /home/ec2-user/environment/lab4_model_training/venv/lib64/python3.12/site-packages/airflow/example_dags/plugins/event_listener.py
[2026-03-12T01:30:53.860+0000] {processor.py:927} WARNING - No viable dags retrieved from /home/ec2-user/environment/lab4_model_training/venv/lib64/python3.12/site-packages/airflow/example_dags/plugins/event_listener.py
[2026-03-12T01:30:53.869+0000] {processor.py:208} INFO - Processing /home/ec2-user/environment/lab4_model_training/venv/lib64/python3.12/site-packages/airflow/example_dags/plugins/event_listener.py took 0.020 seconds
[2026-03-12T01:31:58.830+0000] {processor.py:186} INFO - Started process (PID=21784) to work on /home/ec2-user/environment/lab4_model_training/venv/lib64/python3.12/site-packages/airflow/example_dags/plugins/event_listener.py
[2026-03-12T01:31:58.831+0000] {processor.py:914} INFO - Processing file /home/ec2-user/environment/lab4_model_training/venv/lib64/python3.12/site-packages/airflow/example_dags/plugins/event_listener.py for tasks to queue
[2026-03-12T01:31:58.833+0000] {logging_mixin.py:190} INFO - [2026-03-12T01:31:58.833+0000] {dagbag.py:588} INFO - Filling up the DagBag from /home/ec2-user/environment/lab4_model_training/venv/lib64/python3.12/site-packages/airflow/example_dags/plugins/event_listener.py
[2026-03-12T01:31:58.836+0000] {processor.py:927} WARNING - No viable dags retrieved from /home/ec2-user/environment/lab4_model_training/venv/lib64/python3.12/site-packages/airflow/example_dags/plugins/event_listener.py
[2026-03-12T01:31:58.844+0000] {processor.py:208} INFO - Processing /home/ec2-user/environment/lab4_model_training/venv/lib64/python3.12/site-packages/airflow/example_dags/plugins/event_listener.py took 0.020 seconds
[2026-03-12T01:32:58.255+0000] {processor.py:186} INFO - Started process (PID=22013) to work on /home/ec2-user/environment/lab4_model_training/venv/lib64/python3.12/site-packages/airflow/example_dags/plugins/event_listener.py
[2026-03-12T01:32:58.257+0000] {processor.py:914} INFO - Processing file /home/ec2-user/environment/lab4_model_training/venv/lib64/python3.12/site-packages/airflow/example_dags/plugins/event_listener.py for tasks to queue
[2026-03-12T01:32:58.259+0000] {logging_mixin.py:190} INFO - [2026-03-12T01:32:58.259+0000] {dagbag.py:588} INFO - Filling up the DagBag from /home/ec2-user/environment/lab4_model_training/venv/lib64/python3.12/site-packages/airflow/example_dags/plugins/event_listener.py
[2026-03-12T01:32:58.262+0000] {processor.py:927} WARNING - No viable dags retrieved from /home/ec2-user/environment/lab4_model_training/venv/lib64/python3.12/site-packages/airflow/example_dags/plugins/event_listener.py
[2026-03-12T01:32:58.270+0000] {processor.py:208} INFO - Processing /home/ec2-user/environment/lab4_model_training/venv/lib64/python3.12/site-packages/airflow/example_dags/plugins/event_listener.py took 0.020 seconds
