[2026-03-12T00:35:56.343+0000] {processor.py:186} INFO - Started process (PID=6924) to work on /home/ec2-user/environment/lab4_model_training/venv/lib64/python3.12/site-packages/airflow/example_dags/plugins/listener_plugin.py
[2026-03-12T00:35:56.344+0000] {processor.py:914} INFO - Processing file /home/ec2-user/environment/lab4_model_training/venv/lib64/python3.12/site-packages/airflow/example_dags/plugins/listener_plugin.py for tasks to queue
[2026-03-12T00:35:56.346+0000] {logging_mixin.py:190} INFO - [2026-03-12T00:35:56.346+0000] {dagbag.py:588} INFO - Filling up the DagBag from /home/ec2-user/environment/lab4_model_training/venv/lib64/python3.12/site-packages/airflow/example_dags/plugins/listener_plugin.py
[2026-03-12T00:35:56.348+0000] {processor.py:927} WARNING - No viable dags retrieved from /home/ec2-user/environment/lab4_model_training/venv/lib64/python3.12/site-packages/airflow/example_dags/plugins/listener_plugin.py
[2026-03-12T00:35:56.357+0000] {processor.py:208} INFO - Processing /home/ec2-user/environment/lab4_model_training/venv/lib64/python3.12/site-packages/airflow/example_dags/plugins/listener_plugin.py took 0.019 seconds
[2026-03-12T00:39:27.530+0000] {processor.py:186} INFO - Started process (PID=7841) to work on /home/ec2-user/environment/lab4_model_training/venv/lib64/python3.12/site-packages/airflow/example_dags/plugins/listener_plugin.py
[2026-03-12T00:39:27.531+0000] {processor.py:914} INFO - Processing file /home/ec2-user/environment/lab4_model_training/venv/lib64/python3.12/site-packages/airflow/example_dags/plugins/listener_plugin.py for tasks to queue
[2026-03-12T00:39:27.534+0000] {logging_mixin.py:190} INFO - [2026-03-12T00:39:27.533+0000] {dagbag.py:588} INFO - Filling up the DagBag from /home/ec2-user/environment/lab4_model_training/venv/lib64/python3.12/site-packages/airflow/example_dags/plugins/listener_plugin.py
[2026-03-12T00:39:27.536+0000] {processor.py:927} WARNING - No viable dags retrieved from /home/ec2-user/environment/lab4_model_training/venv/lib64/python3.12/site-packages/airflow/example_dags/plugins/listener_plugin.py
[2026-03-12T00:39:27.546+0000] {processor.py:208} INFO - Processing /home/ec2-user/environment/lab4_model_training/venv/lib64/python3.12/site-packages/airflow/example_dags/plugins/listener_plugin.py took 0.021 seconds
[2026-03-12T00:40:31.824+0000] {processor.py:186} INFO - Started process (PID=8092) to work on /home/ec2-user/environment/lab4_model_training/venv/lib64/python3.12/site-packages/airflow/example_dags/plugins/listener_plugin.py
[2026-03-12T00:40:31.825+0000] {processor.py:914} INFO - Processing file /home/ec2-user/environment/lab4_model_training/venv/lib64/python3.12/site-packages/airflow/example_dags/plugins/listener_plugin.py for tasks to queue
[2026-03-12T00:40:31.827+0000] {logging_mixin.py:190} INFO - [2026-03-12T00:40:31.827+0000] {dagbag.py:588} INFO - Filling up the DagBag from /home/ec2-user/environment/lab4_model_training/venv/lib64/python3.12/site-packages/airflow/example_dags/plugins/listener_plugin.py
[2026-03-12T00:40:31.830+0000] {processor.py:927} WARNING - No viable dags retrieved from /home/ec2-user/environment/lab4_model_training/venv/lib64/python3.12/site-packages/airflow/example_dags/plugins/listener_plugin.py
[2026-03-12T00:40:31.839+0000] {processor.py:208} INFO - Processing /home/ec2-user/environment/lab4_model_training/venv/lib64/python3.12/site-packages/airflow/example_dags/plugins/listener_plugin.py took 0.019 seconds
[2026-03-12T00:41:33.585+0000] {processor.py:186} INFO - Started process (PID=8380) to work on /home/ec2-user/environment/lab4_model_training/venv/lib64/python3.12/site-packages/airflow/example_dags/plugins/listener_plugin.py
[2026-03-12T00:41:33.586+0000] {processor.py:914} INFO - Processing file /home/ec2-user/environment/lab4_model_training/venv/lib64/python3.12/site-packages/airflow/example_dags/plugins/listener_plugin.py for tasks to queue
[2026-03-12T00:41:33.588+0000] {logging_mixin.py:190} INFO - [2026-03-12T00:41:33.588+0000] {dagbag.py:588} INFO - Filling up the DagBag from /home/ec2-user/environment/lab4_model_training/venv/lib64/python3.12/site-packages/airflow/example_dags/plugins/listener_plugin.py
[2026-03-12T00:41:33.591+0000] {processor.py:927} WARNING - No viable dags retrieved from /home/ec2-user/environment/lab4_model_training/venv/lib64/python3.12/site-packages/airflow/example_dags/plugins/listener_plugin.py
[2026-03-12T00:41:33.600+0000] {processor.py:208} INFO - Processing /home/ec2-user/environment/lab4_model_training/venv/lib64/python3.12/site-packages/airflow/example_dags/plugins/listener_plugin.py took 0.019 seconds
[2026-03-12T00:42:34.295+0000] {processor.py:186} INFO - Started process (PID=8665) to work on /home/ec2-user/environment/lab4_model_training/venv/lib64/python3.12/site-packages/airflow/example_dags/plugins/listener_plugin.py
[2026-03-12T00:42:34.296+0000] {processor.py:914} INFO - Processing file /home/ec2-user/environment/lab4_model_training/venv/lib64/python3.12/site-packages/airflow/example_dags/plugins/listener_plugin.py for tasks to queue
[2026-03-12T00:42:34.300+0000] {logging_mixin.py:190} INFO - [2026-03-12T00:42:34.300+0000] {dagbag.py:588} INFO - Filling up the DagBag from /home/ec2-user/environment/lab4_model_training/venv/lib64/python3.12/site-packages/airflow/example_dags/plugins/listener_plugin.py
[2026-03-12T00:42:34.302+0000] {processor.py:927} WARNING - No viable dags retrieved from /home/ec2-user/environment/lab4_model_training/venv/lib64/python3.12/site-packages/airflow/example_dags/plugins/listener_plugin.py
[2026-03-12T00:42:34.312+0000] {processor.py:208} INFO - Processing /home/ec2-user/environment/lab4_model_training/venv/lib64/python3.12/site-packages/airflow/example_dags/plugins/listener_plugin.py took 0.021 seconds
[2026-03-12T00:44:40.458+0000] {processor.py:186} INFO - Started process (PID=9238) to work on /home/ec2-user/environment/lab4_model_training/venv/lib64/python3.12/site-packages/airflow/example_dags/plugins/listener_plugin.py
[2026-03-12T00:44:40.459+0000] {processor.py:914} INFO - Processing file /home/ec2-user/environment/lab4_model_training/venv/lib64/python3.12/site-packages/airflow/example_dags/plugins/listener_plugin.py for tasks to queue
[2026-03-12T00:44:40.461+0000] {logging_mixin.py:190} INFO - [2026-03-12T00:44:40.461+0000] {dagbag.py:588} INFO - Filling up the DagBag from /home/ec2-user/environment/lab4_model_training/venv/lib64/python3.12/site-packages/airflow/example_dags/plugins/listener_plugin.py
[2026-03-12T00:44:40.463+0000] {processor.py:927} WARNING - No viable dags retrieved from /home/ec2-user/environment/lab4_model_training/venv/lib64/python3.12/site-packages/airflow/example_dags/plugins/listener_plugin.py
[2026-03-12T00:44:40.473+0000] {processor.py:208} INFO - Processing /home/ec2-user/environment/lab4_model_training/venv/lib64/python3.12/site-packages/airflow/example_dags/plugins/listener_plugin.py took 0.019 seconds
[2026-03-12T00:46:28.686+0000] {processor.py:186} INFO - Started process (PID=9693) to work on /home/ec2-user/environment/lab4_model_training/venv/lib64/python3.12/site-packages/airflow/example_dags/plugins/listener_plugin.py
[2026-03-12T00:46:28.687+0000] {processor.py:914} INFO - Processing file /home/ec2-user/environment/lab4_model_training/venv/lib64/python3.12/site-packages/airflow/example_dags/plugins/listener_plugin.py for tasks to queue
[2026-03-12T00:46:28.689+0000] {logging_mixin.py:190} INFO - [2026-03-12T00:46:28.689+0000] {dagbag.py:588} INFO - Filling up the DagBag from /home/ec2-user/environment/lab4_model_training/venv/lib64/python3.12/site-packages/airflow/example_dags/plugins/listener_plugin.py
[2026-03-12T00:46:28.691+0000] {processor.py:927} WARNING - No viable dags retrieved from /home/ec2-user/environment/lab4_model_training/venv/lib64/python3.12/site-packages/airflow/example_dags/plugins/listener_plugin.py
[2026-03-12T00:46:28.701+0000] {processor.py:208} INFO - Processing /home/ec2-user/environment/lab4_model_training/venv/lib64/python3.12/site-packages/airflow/example_dags/plugins/listener_plugin.py took 0.020 seconds
[2026-03-12T00:48:10.354+0000] {processor.py:186} INFO - Started process (PID=10146) to work on /home/ec2-user/environment/lab4_model_training/venv/lib64/python3.12/site-packages/airflow/example_dags/plugins/listener_plugin.py
[2026-03-12T00:48:10.355+0000] {processor.py:914} INFO - Processing file /home/ec2-user/environment/lab4_model_training/venv/lib64/python3.12/site-packages/airflow/example_dags/plugins/listener_plugin.py for tasks to queue
[2026-03-12T00:48:10.357+0000] {logging_mixin.py:190} INFO - [2026-03-12T00:48:10.357+0000] {dagbag.py:588} INFO - Filling up the DagBag from /home/ec2-user/environment/lab4_model_training/venv/lib64/python3.12/site-packages/airflow/example_dags/plugins/listener_plugin.py
[2026-03-12T00:48:10.359+0000] {processor.py:927} WARNING - No viable dags retrieved from /home/ec2-user/environment/lab4_model_training/venv/lib64/python3.12/site-packages/airflow/example_dags/plugins/listener_plugin.py
[2026-03-12T00:48:10.369+0000] {processor.py:208} INFO - Processing /home/ec2-user/environment/lab4_model_training/venv/lib64/python3.12/site-packages/airflow/example_dags/plugins/listener_plugin.py took 0.019 seconds
[2026-03-12T00:49:18.576+0000] {processor.py:186} INFO - Started process (PID=10428) to work on /home/ec2-user/environment/lab4_model_training/venv/lib64/python3.12/site-packages/airflow/example_dags/plugins/listener_plugin.py
[2026-03-12T00:49:18.577+0000] {processor.py:914} INFO - Processing file /home/ec2-user/environment/lab4_model_training/venv/lib64/python3.12/site-packages/airflow/example_dags/plugins/listener_plugin.py for tasks to queue
[2026-03-12T00:49:18.580+0000] {logging_mixin.py:190} INFO - [2026-03-12T00:49:18.579+0000] {dagbag.py:588} INFO - Filling up the DagBag from /home/ec2-user/environment/lab4_model_training/venv/lib64/python3.12/site-packages/airflow/example_dags/plugins/listener_plugin.py
[2026-03-12T00:49:18.582+0000] {processor.py:927} WARNING - No viable dags retrieved from /home/ec2-user/environment/lab4_model_training/venv/lib64/python3.12/site-packages/airflow/example_dags/plugins/listener_plugin.py
[2026-03-12T00:49:18.592+0000] {processor.py:208} INFO - Processing /home/ec2-user/environment/lab4_model_training/venv/lib64/python3.12/site-packages/airflow/example_dags/plugins/listener_plugin.py took 0.022 seconds
[2026-03-12T00:50:22.930+0000] {processor.py:186} INFO - Started process (PID=10744) to work on /home/ec2-user/environment/lab4_model_training/venv/lib64/python3.12/site-packages/airflow/example_dags/plugins/listener_plugin.py
[2026-03-12T00:50:22.932+0000] {processor.py:914} INFO - Processing file /home/ec2-user/environment/lab4_model_training/venv/lib64/python3.12/site-packages/airflow/example_dags/plugins/listener_plugin.py for tasks to queue
[2026-03-12T00:50:22.934+0000] {logging_mixin.py:190} INFO - [2026-03-12T00:50:22.933+0000] {dagbag.py:588} INFO - Filling up the DagBag from /home/ec2-user/environment/lab4_model_training/venv/lib64/python3.12/site-packages/airflow/example_dags/plugins/listener_plugin.py
[2026-03-12T00:50:22.936+0000] {processor.py:927} WARNING - No viable dags retrieved from /home/ec2-user/environment/lab4_model_training/venv/lib64/python3.12/site-packages/airflow/example_dags/plugins/listener_plugin.py
[2026-03-12T00:50:22.945+0000] {processor.py:208} INFO - Processing /home/ec2-user/environment/lab4_model_training/venv/lib64/python3.12/site-packages/airflow/example_dags/plugins/listener_plugin.py took 0.019 seconds
[2026-03-12T00:51:22.314+0000] {processor.py:186} INFO - Started process (PID=11056) to work on /home/ec2-user/environment/lab4_model_training/venv/lib64/python3.12/site-packages/airflow/example_dags/plugins/listener_plugin.py
[2026-03-12T00:51:22.315+0000] {processor.py:914} INFO - Processing file /home/ec2-user/environment/lab4_model_training/venv/lib64/python3.12/site-packages/airflow/example_dags/plugins/listener_plugin.py for tasks to queue
[2026-03-12T00:51:22.317+0000] {logging_mixin.py:190} INFO - [2026-03-12T00:51:22.317+0000] {dagbag.py:588} INFO - Filling up the DagBag from /home/ec2-user/environment/lab4_model_training/venv/lib64/python3.12/site-packages/airflow/example_dags/plugins/listener_plugin.py
[2026-03-12T00:51:22.319+0000] {processor.py:927} WARNING - No viable dags retrieved from /home/ec2-user/environment/lab4_model_training/venv/lib64/python3.12/site-packages/airflow/example_dags/plugins/listener_plugin.py
[2026-03-12T00:51:22.328+0000] {processor.py:208} INFO - Processing /home/ec2-user/environment/lab4_model_training/venv/lib64/python3.12/site-packages/airflow/example_dags/plugins/listener_plugin.py took 0.019 seconds
[2026-03-12T00:52:22.614+0000] {processor.py:186} INFO - Started process (PID=11292) to work on /home/ec2-user/environment/lab4_model_training/venv/lib64/python3.12/site-packages/airflow/example_dags/plugins/listener_plugin.py
[2026-03-12T00:52:22.616+0000] {processor.py:914} INFO - Processing file /home/ec2-user/environment/lab4_model_training/venv/lib64/python3.12/site-packages/airflow/example_dags/plugins/listener_plugin.py for tasks to queue
[2026-03-12T00:52:22.618+0000] {logging_mixin.py:190} INFO - [2026-03-12T00:52:22.617+0000] {dagbag.py:588} INFO - Filling up the DagBag from /home/ec2-user/environment/lab4_model_training/venv/lib64/python3.12/site-packages/airflow/example_dags/plugins/listener_plugin.py
[2026-03-12T00:52:22.620+0000] {processor.py:927} WARNING - No viable dags retrieved from /home/ec2-user/environment/lab4_model_training/venv/lib64/python3.12/site-packages/airflow/example_dags/plugins/listener_plugin.py
[2026-03-12T00:52:22.629+0000] {processor.py:208} INFO - Processing /home/ec2-user/environment/lab4_model_training/venv/lib64/python3.12/site-packages/airflow/example_dags/plugins/listener_plugin.py took 0.019 seconds
[2026-03-12T00:53:23.851+0000] {processor.py:186} INFO - Started process (PID=11589) to work on /home/ec2-user/environment/lab4_model_training/venv/lib64/python3.12/site-packages/airflow/example_dags/plugins/listener_plugin.py
[2026-03-12T00:53:23.852+0000] {processor.py:914} INFO - Processing file /home/ec2-user/environment/lab4_model_training/venv/lib64/python3.12/site-packages/airflow/example_dags/plugins/listener_plugin.py for tasks to queue
[2026-03-12T00:53:23.855+0000] {logging_mixin.py:190} INFO - [2026-03-12T00:53:23.855+0000] {dagbag.py:588} INFO - Filling up the DagBag from /home/ec2-user/environment/lab4_model_training/venv/lib64/python3.12/site-packages/airflow/example_dags/plugins/listener_plugin.py
[2026-03-12T00:53:23.857+0000] {processor.py:927} WARNING - No viable dags retrieved from /home/ec2-user/environment/lab4_model_training/venv/lib64/python3.12/site-packages/airflow/example_dags/plugins/listener_plugin.py
[2026-03-12T00:53:23.866+0000] {processor.py:208} INFO - Processing /home/ec2-user/environment/lab4_model_training/venv/lib64/python3.12/site-packages/airflow/example_dags/plugins/listener_plugin.py took 0.021 seconds
[2026-03-12T00:54:24.402+0000] {processor.py:186} INFO - Started process (PID=11814) to work on /home/ec2-user/environment/lab4_model_training/venv/lib64/python3.12/site-packages/airflow/example_dags/plugins/listener_plugin.py
[2026-03-12T00:54:24.403+0000] {processor.py:914} INFO - Processing file /home/ec2-user/environment/lab4_model_training/venv/lib64/python3.12/site-packages/airflow/example_dags/plugins/listener_plugin.py for tasks to queue
[2026-03-12T00:54:24.406+0000] {logging_mixin.py:190} INFO - [2026-03-12T00:54:24.405+0000] {dagbag.py:588} INFO - Filling up the DagBag from /home/ec2-user/environment/lab4_model_training/venv/lib64/python3.12/site-packages/airflow/example_dags/plugins/listener_plugin.py
[2026-03-12T00:54:24.408+0000] {processor.py:927} WARNING - No viable dags retrieved from /home/ec2-user/environment/lab4_model_training/venv/lib64/python3.12/site-packages/airflow/example_dags/plugins/listener_plugin.py
[2026-03-12T00:54:24.417+0000] {processor.py:208} INFO - Processing /home/ec2-user/environment/lab4_model_training/venv/lib64/python3.12/site-packages/airflow/example_dags/plugins/listener_plugin.py took 0.020 seconds
[2026-03-12T00:55:26.258+0000] {processor.py:186} INFO - Started process (PID=12097) to work on /home/ec2-user/environment/lab4_model_training/venv/lib64/python3.12/site-packages/airflow/example_dags/plugins/listener_plugin.py
[2026-03-12T00:55:26.260+0000] {processor.py:914} INFO - Processing file /home/ec2-user/environment/lab4_model_training/venv/lib64/python3.12/site-packages/airflow/example_dags/plugins/listener_plugin.py for tasks to queue
[2026-03-12T00:55:26.262+0000] {logging_mixin.py:190} INFO - [2026-03-12T00:55:26.262+0000] {dagbag.py:588} INFO - Filling up the DagBag from /home/ec2-user/environment/lab4_model_training/venv/lib64/python3.12/site-packages/airflow/example_dags/plugins/listener_plugin.py
[2026-03-12T00:55:26.264+0000] {processor.py:927} WARNING - No viable dags retrieved from /home/ec2-user/environment/lab4_model_training/venv/lib64/python3.12/site-packages/airflow/example_dags/plugins/listener_plugin.py
[2026-03-12T00:55:26.273+0000] {processor.py:208} INFO - Processing /home/ec2-user/environment/lab4_model_training/venv/lib64/python3.12/site-packages/airflow/example_dags/plugins/listener_plugin.py took 0.020 seconds
[2026-03-12T00:56:29.395+0000] {processor.py:186} INFO - Started process (PID=12382) to work on /home/ec2-user/environment/lab4_model_training/venv/lib64/python3.12/site-packages/airflow/example_dags/plugins/listener_plugin.py
[2026-03-12T00:56:29.396+0000] {processor.py:914} INFO - Processing file /home/ec2-user/environment/lab4_model_training/venv/lib64/python3.12/site-packages/airflow/example_dags/plugins/listener_plugin.py for tasks to queue
[2026-03-12T00:56:29.399+0000] {logging_mixin.py:190} INFO - [2026-03-12T00:56:29.398+0000] {dagbag.py:588} INFO - Filling up the DagBag from /home/ec2-user/environment/lab4_model_training/venv/lib64/python3.12/site-packages/airflow/example_dags/plugins/listener_plugin.py
[2026-03-12T00:56:29.401+0000] {processor.py:927} WARNING - No viable dags retrieved from /home/ec2-user/environment/lab4_model_training/venv/lib64/python3.12/site-packages/airflow/example_dags/plugins/listener_plugin.py
[2026-03-12T00:56:29.410+0000] {processor.py:208} INFO - Processing /home/ec2-user/environment/lab4_model_training/venv/lib64/python3.12/site-packages/airflow/example_dags/plugins/listener_plugin.py took 0.020 seconds
[2026-03-12T00:57:33.601+0000] {processor.py:186} INFO - Started process (PID=12619) to work on /home/ec2-user/environment/lab4_model_training/venv/lib64/python3.12/site-packages/airflow/example_dags/plugins/listener_plugin.py
[2026-03-12T00:57:33.603+0000] {processor.py:914} INFO - Processing file /home/ec2-user/environment/lab4_model_training/venv/lib64/python3.12/site-packages/airflow/example_dags/plugins/listener_plugin.py for tasks to queue
[2026-03-12T00:57:33.605+0000] {logging_mixin.py:190} INFO - [2026-03-12T00:57:33.605+0000] {dagbag.py:588} INFO - Filling up the DagBag from /home/ec2-user/environment/lab4_model_training/venv/lib64/python3.12/site-packages/airflow/example_dags/plugins/listener_plugin.py
[2026-03-12T00:57:33.608+0000] {processor.py:927} WARNING - No viable dags retrieved from /home/ec2-user/environment/lab4_model_training/venv/lib64/python3.12/site-packages/airflow/example_dags/plugins/listener_plugin.py
[2026-03-12T00:57:33.617+0000] {processor.py:208} INFO - Processing /home/ec2-user/environment/lab4_model_training/venv/lib64/python3.12/site-packages/airflow/example_dags/plugins/listener_plugin.py took 0.021 seconds
[2026-03-12T00:58:35.196+0000] {processor.py:186} INFO - Started process (PID=12903) to work on /home/ec2-user/environment/lab4_model_training/venv/lib64/python3.12/site-packages/airflow/example_dags/plugins/listener_plugin.py
[2026-03-12T00:58:35.197+0000] {processor.py:914} INFO - Processing file /home/ec2-user/environment/lab4_model_training/venv/lib64/python3.12/site-packages/airflow/example_dags/plugins/listener_plugin.py for tasks to queue
[2026-03-12T00:58:35.200+0000] {logging_mixin.py:190} INFO - [2026-03-12T00:58:35.199+0000] {dagbag.py:588} INFO - Filling up the DagBag from /home/ec2-user/environment/lab4_model_training/venv/lib64/python3.12/site-packages/airflow/example_dags/plugins/listener_plugin.py
[2026-03-12T00:58:35.202+0000] {processor.py:927} WARNING - No viable dags retrieved from /home/ec2-user/environment/lab4_model_training/venv/lib64/python3.12/site-packages/airflow/example_dags/plugins/listener_plugin.py
[2026-03-12T00:58:35.211+0000] {processor.py:208} INFO - Processing /home/ec2-user/environment/lab4_model_training/venv/lib64/python3.12/site-packages/airflow/example_dags/plugins/listener_plugin.py took 0.021 seconds
[2026-03-12T00:59:36.345+0000] {processor.py:186} INFO - Started process (PID=13164) to work on /home/ec2-user/environment/lab4_model_training/venv/lib64/python3.12/site-packages/airflow/example_dags/plugins/listener_plugin.py
[2026-03-12T00:59:36.346+0000] {processor.py:914} INFO - Processing file /home/ec2-user/environment/lab4_model_training/venv/lib64/python3.12/site-packages/airflow/example_dags/plugins/listener_plugin.py for tasks to queue
[2026-03-12T00:59:36.349+0000] {logging_mixin.py:190} INFO - [2026-03-12T00:59:36.348+0000] {dagbag.py:588} INFO - Filling up the DagBag from /home/ec2-user/environment/lab4_model_training/venv/lib64/python3.12/site-packages/airflow/example_dags/plugins/listener_plugin.py
[2026-03-12T00:59:36.351+0000] {processor.py:927} WARNING - No viable dags retrieved from /home/ec2-user/environment/lab4_model_training/venv/lib64/python3.12/site-packages/airflow/example_dags/plugins/listener_plugin.py
[2026-03-12T00:59:36.360+0000] {processor.py:208} INFO - Processing /home/ec2-user/environment/lab4_model_training/venv/lib64/python3.12/site-packages/airflow/example_dags/plugins/listener_plugin.py took 0.020 seconds
[2026-03-12T01:00:42.258+0000] {processor.py:186} INFO - Started process (PID=13461) to work on /home/ec2-user/environment/lab4_model_training/venv/lib64/python3.12/site-packages/airflow/example_dags/plugins/listener_plugin.py
[2026-03-12T01:00:42.259+0000] {processor.py:914} INFO - Processing file /home/ec2-user/environment/lab4_model_training/venv/lib64/python3.12/site-packages/airflow/example_dags/plugins/listener_plugin.py for tasks to queue
[2026-03-12T01:00:42.261+0000] {logging_mixin.py:190} INFO - [2026-03-12T01:00:42.261+0000] {dagbag.py:588} INFO - Filling up the DagBag from /home/ec2-user/environment/lab4_model_training/venv/lib64/python3.12/site-packages/airflow/example_dags/plugins/listener_plugin.py
[2026-03-12T01:00:42.264+0000] {processor.py:927} WARNING - No viable dags retrieved from /home/ec2-user/environment/lab4_model_training/venv/lib64/python3.12/site-packages/airflow/example_dags/plugins/listener_plugin.py
[2026-03-12T01:00:42.272+0000] {processor.py:208} INFO - Processing /home/ec2-user/environment/lab4_model_training/venv/lib64/python3.12/site-packages/airflow/example_dags/plugins/listener_plugin.py took 0.020 seconds
[2026-03-12T01:01:44.126+0000] {processor.py:186} INFO - Started process (PID=13715) to work on /home/ec2-user/environment/lab4_model_training/venv/lib64/python3.12/site-packages/airflow/example_dags/plugins/listener_plugin.py
[2026-03-12T01:01:44.127+0000] {processor.py:914} INFO - Processing file /home/ec2-user/environment/lab4_model_training/venv/lib64/python3.12/site-packages/airflow/example_dags/plugins/listener_plugin.py for tasks to queue
[2026-03-12T01:01:44.130+0000] {logging_mixin.py:190} INFO - [2026-03-12T01:01:44.129+0000] {dagbag.py:588} INFO - Filling up the DagBag from /home/ec2-user/environment/lab4_model_training/venv/lib64/python3.12/site-packages/airflow/example_dags/plugins/listener_plugin.py
[2026-03-12T01:01:44.132+0000] {processor.py:927} WARNING - No viable dags retrieved from /home/ec2-user/environment/lab4_model_training/venv/lib64/python3.12/site-packages/airflow/example_dags/plugins/listener_plugin.py
[2026-03-12T01:01:44.141+0000] {processor.py:208} INFO - Processing /home/ec2-user/environment/lab4_model_training/venv/lib64/python3.12/site-packages/airflow/example_dags/plugins/listener_plugin.py took 0.021 seconds
[2026-03-12T01:02:50.189+0000] {processor.py:186} INFO - Started process (PID=14011) to work on /home/ec2-user/environment/lab4_model_training/venv/lib64/python3.12/site-packages/airflow/example_dags/plugins/listener_plugin.py
[2026-03-12T01:02:50.190+0000] {processor.py:914} INFO - Processing file /home/ec2-user/environment/lab4_model_training/venv/lib64/python3.12/site-packages/airflow/example_dags/plugins/listener_plugin.py for tasks to queue
[2026-03-12T01:02:50.193+0000] {logging_mixin.py:190} INFO - [2026-03-12T01:02:50.192+0000] {dagbag.py:588} INFO - Filling up the DagBag from /home/ec2-user/environment/lab4_model_training/venv/lib64/python3.12/site-packages/airflow/example_dags/plugins/listener_plugin.py
[2026-03-12T01:02:50.195+0000] {processor.py:927} WARNING - No viable dags retrieved from /home/ec2-user/environment/lab4_model_training/venv/lib64/python3.12/site-packages/airflow/example_dags/plugins/listener_plugin.py
[2026-03-12T01:02:50.204+0000] {processor.py:208} INFO - Processing /home/ec2-user/environment/lab4_model_training/venv/lib64/python3.12/site-packages/airflow/example_dags/plugins/listener_plugin.py took 0.020 seconds
[2026-03-12T01:03:53.012+0000] {processor.py:186} INFO - Started process (PID=14246) to work on /home/ec2-user/environment/lab4_model_training/venv/lib64/python3.12/site-packages/airflow/example_dags/plugins/listener_plugin.py
[2026-03-12T01:03:53.013+0000] {processor.py:914} INFO - Processing file /home/ec2-user/environment/lab4_model_training/venv/lib64/python3.12/site-packages/airflow/example_dags/plugins/listener_plugin.py for tasks to queue
[2026-03-12T01:03:53.015+0000] {logging_mixin.py:190} INFO - [2026-03-12T01:03:53.015+0000] {dagbag.py:588} INFO - Filling up the DagBag from /home/ec2-user/environment/lab4_model_training/venv/lib64/python3.12/site-packages/airflow/example_dags/plugins/listener_plugin.py
[2026-03-12T01:03:53.017+0000] {processor.py:927} WARNING - No viable dags retrieved from /home/ec2-user/environment/lab4_model_training/venv/lib64/python3.12/site-packages/airflow/example_dags/plugins/listener_plugin.py
[2026-03-12T01:03:53.026+0000] {processor.py:208} INFO - Processing /home/ec2-user/environment/lab4_model_training/venv/lib64/python3.12/site-packages/airflow/example_dags/plugins/listener_plugin.py took 0.020 seconds
[2026-03-12T01:05:03.070+0000] {processor.py:186} INFO - Started process (PID=14578) to work on /home/ec2-user/environment/lab4_model_training/venv/lib64/python3.12/site-packages/airflow/example_dags/plugins/listener_plugin.py
[2026-03-12T01:05:03.071+0000] {processor.py:914} INFO - Processing file /home/ec2-user/environment/lab4_model_training/venv/lib64/python3.12/site-packages/airflow/example_dags/plugins/listener_plugin.py for tasks to queue
[2026-03-12T01:05:03.074+0000] {logging_mixin.py:190} INFO - [2026-03-12T01:05:03.074+0000] {dagbag.py:588} INFO - Filling up the DagBag from /home/ec2-user/environment/lab4_model_training/venv/lib64/python3.12/site-packages/airflow/example_dags/plugins/listener_plugin.py
[2026-03-12T01:05:03.077+0000] {processor.py:927} WARNING - No viable dags retrieved from /home/ec2-user/environment/lab4_model_training/venv/lib64/python3.12/site-packages/airflow/example_dags/plugins/listener_plugin.py
[2026-03-12T01:05:03.086+0000] {processor.py:208} INFO - Processing /home/ec2-user/environment/lab4_model_training/venv/lib64/python3.12/site-packages/airflow/example_dags/plugins/listener_plugin.py took 0.021 seconds
[2026-03-12T01:06:01.959+0000] {processor.py:186} INFO - Started process (PID=14814) to work on /home/ec2-user/environment/lab4_model_training/venv/lib64/python3.12/site-packages/airflow/example_dags/plugins/listener_plugin.py
[2026-03-12T01:06:01.960+0000] {processor.py:914} INFO - Processing file /home/ec2-user/environment/lab4_model_training/venv/lib64/python3.12/site-packages/airflow/example_dags/plugins/listener_plugin.py for tasks to queue
[2026-03-12T01:06:01.962+0000] {logging_mixin.py:190} INFO - [2026-03-12T01:06:01.962+0000] {dagbag.py:588} INFO - Filling up the DagBag from /home/ec2-user/environment/lab4_model_training/venv/lib64/python3.12/site-packages/airflow/example_dags/plugins/listener_plugin.py
[2026-03-12T01:06:01.965+0000] {processor.py:927} WARNING - No viable dags retrieved from /home/ec2-user/environment/lab4_model_training/venv/lib64/python3.12/site-packages/airflow/example_dags/plugins/listener_plugin.py
[2026-03-12T01:06:01.975+0000] {processor.py:208} INFO - Processing /home/ec2-user/environment/lab4_model_training/venv/lib64/python3.12/site-packages/airflow/example_dags/plugins/listener_plugin.py took 0.022 seconds
[2026-03-12T01:07:01.573+0000] {processor.py:186} INFO - Started process (PID=15098) to work on /home/ec2-user/environment/lab4_model_training/venv/lib64/python3.12/site-packages/airflow/example_dags/plugins/listener_plugin.py
[2026-03-12T01:07:01.574+0000] {processor.py:914} INFO - Processing file /home/ec2-user/environment/lab4_model_training/venv/lib64/python3.12/site-packages/airflow/example_dags/plugins/listener_plugin.py for tasks to queue
[2026-03-12T01:07:01.577+0000] {logging_mixin.py:190} INFO - [2026-03-12T01:07:01.576+0000] {dagbag.py:588} INFO - Filling up the DagBag from /home/ec2-user/environment/lab4_model_training/venv/lib64/python3.12/site-packages/airflow/example_dags/plugins/listener_plugin.py
[2026-03-12T01:07:01.579+0000] {processor.py:927} WARNING - No viable dags retrieved from /home/ec2-user/environment/lab4_model_training/venv/lib64/python3.12/site-packages/airflow/example_dags/plugins/listener_plugin.py
[2026-03-12T01:07:01.588+0000] {processor.py:208} INFO - Processing /home/ec2-user/environment/lab4_model_training/venv/lib64/python3.12/site-packages/airflow/example_dags/plugins/listener_plugin.py took 0.021 seconds
[2026-03-12T01:08:03.315+0000] {processor.py:186} INFO - Started process (PID=15392) to work on /home/ec2-user/environment/lab4_model_training/venv/lib64/python3.12/site-packages/airflow/example_dags/plugins/listener_plugin.py
[2026-03-12T01:08:03.316+0000] {processor.py:914} INFO - Processing file /home/ec2-user/environment/lab4_model_training/venv/lib64/python3.12/site-packages/airflow/example_dags/plugins/listener_plugin.py for tasks to queue
[2026-03-12T01:08:03.318+0000] {logging_mixin.py:190} INFO - [2026-03-12T01:08:03.318+0000] {dagbag.py:588} INFO - Filling up the DagBag from /home/ec2-user/environment/lab4_model_training/venv/lib64/python3.12/site-packages/airflow/example_dags/plugins/listener_plugin.py
[2026-03-12T01:08:03.321+0000] {processor.py:927} WARNING - No viable dags retrieved from /home/ec2-user/environment/lab4_model_training/venv/lib64/python3.12/site-packages/airflow/example_dags/plugins/listener_plugin.py
[2026-03-12T01:08:03.330+0000] {processor.py:208} INFO - Processing /home/ec2-user/environment/lab4_model_training/venv/lib64/python3.12/site-packages/airflow/example_dags/plugins/listener_plugin.py took 0.021 seconds
[2026-03-12T01:09:06.521+0000] {processor.py:186} INFO - Started process (PID=15630) to work on /home/ec2-user/environment/lab4_model_training/venv/lib64/python3.12/site-packages/airflow/example_dags/plugins/listener_plugin.py
[2026-03-12T01:09:06.523+0000] {processor.py:914} INFO - Processing file /home/ec2-user/environment/lab4_model_training/venv/lib64/python3.12/site-packages/airflow/example_dags/plugins/listener_plugin.py for tasks to queue
[2026-03-12T01:09:06.525+0000] {logging_mixin.py:190} INFO - [2026-03-12T01:09:06.525+0000] {dagbag.py:588} INFO - Filling up the DagBag from /home/ec2-user/environment/lab4_model_training/venv/lib64/python3.12/site-packages/airflow/example_dags/plugins/listener_plugin.py
[2026-03-12T01:09:06.527+0000] {processor.py:927} WARNING - No viable dags retrieved from /home/ec2-user/environment/lab4_model_training/venv/lib64/python3.12/site-packages/airflow/example_dags/plugins/listener_plugin.py
[2026-03-12T01:09:06.537+0000] {processor.py:208} INFO - Processing /home/ec2-user/environment/lab4_model_training/venv/lib64/python3.12/site-packages/airflow/example_dags/plugins/listener_plugin.py took 0.021 seconds
[2026-03-12T01:10:07.694+0000] {processor.py:186} INFO - Started process (PID=15914) to work on /home/ec2-user/environment/lab4_model_training/venv/lib64/python3.12/site-packages/airflow/example_dags/plugins/listener_plugin.py
[2026-03-12T01:10:07.695+0000] {processor.py:914} INFO - Processing file /home/ec2-user/environment/lab4_model_training/venv/lib64/python3.12/site-packages/airflow/example_dags/plugins/listener_plugin.py for tasks to queue
[2026-03-12T01:10:07.698+0000] {logging_mixin.py:190} INFO - [2026-03-12T01:10:07.698+0000] {dagbag.py:588} INFO - Filling up the DagBag from /home/ec2-user/environment/lab4_model_training/venv/lib64/python3.12/site-packages/airflow/example_dags/plugins/listener_plugin.py
[2026-03-12T01:10:07.700+0000] {processor.py:927} WARNING - No viable dags retrieved from /home/ec2-user/environment/lab4_model_training/venv/lib64/python3.12/site-packages/airflow/example_dags/plugins/listener_plugin.py
[2026-03-12T01:10:07.709+0000] {processor.py:208} INFO - Processing /home/ec2-user/environment/lab4_model_training/venv/lib64/python3.12/site-packages/airflow/example_dags/plugins/listener_plugin.py took 0.021 seconds
[2026-03-12T01:11:15.911+0000] {processor.py:186} INFO - Started process (PID=16232) to work on /home/ec2-user/environment/lab4_model_training/venv/lib64/python3.12/site-packages/airflow/example_dags/plugins/listener_plugin.py
[2026-03-12T01:11:15.913+0000] {processor.py:914} INFO - Processing file /home/ec2-user/environment/lab4_model_training/venv/lib64/python3.12/site-packages/airflow/example_dags/plugins/listener_plugin.py for tasks to queue
[2026-03-12T01:11:15.915+0000] {logging_mixin.py:190} INFO - [2026-03-12T01:11:15.915+0000] {dagbag.py:588} INFO - Filling up the DagBag from /home/ec2-user/environment/lab4_model_training/venv/lib64/python3.12/site-packages/airflow/example_dags/plugins/listener_plugin.py
[2026-03-12T01:11:15.917+0000] {processor.py:927} WARNING - No viable dags retrieved from /home/ec2-user/environment/lab4_model_training/venv/lib64/python3.12/site-packages/airflow/example_dags/plugins/listener_plugin.py
[2026-03-12T01:11:15.926+0000] {processor.py:208} INFO - Processing /home/ec2-user/environment/lab4_model_training/venv/lib64/python3.12/site-packages/airflow/example_dags/plugins/listener_plugin.py took 0.020 seconds
[2026-03-12T01:12:20.091+0000] {processor.py:186} INFO - Started process (PID=16473) to work on /home/ec2-user/environment/lab4_model_training/venv/lib64/python3.12/site-packages/airflow/example_dags/plugins/listener_plugin.py
[2026-03-12T01:12:20.092+0000] {processor.py:914} INFO - Processing file /home/ec2-user/environment/lab4_model_training/venv/lib64/python3.12/site-packages/airflow/example_dags/plugins/listener_plugin.py for tasks to queue
[2026-03-12T01:12:20.095+0000] {logging_mixin.py:190} INFO - [2026-03-12T01:12:20.094+0000] {dagbag.py:588} INFO - Filling up the DagBag from /home/ec2-user/environment/lab4_model_training/venv/lib64/python3.12/site-packages/airflow/example_dags/plugins/listener_plugin.py
[2026-03-12T01:12:20.097+0000] {processor.py:927} WARNING - No viable dags retrieved from /home/ec2-user/environment/lab4_model_training/venv/lib64/python3.12/site-packages/airflow/example_dags/plugins/listener_plugin.py
[2026-03-12T01:12:20.106+0000] {processor.py:208} INFO - Processing /home/ec2-user/environment/lab4_model_training/venv/lib64/python3.12/site-packages/airflow/example_dags/plugins/listener_plugin.py took 0.020 seconds
[2026-03-12T01:13:22.455+0000] {processor.py:186} INFO - Started process (PID=16768) to work on /home/ec2-user/environment/lab4_model_training/venv/lib64/python3.12/site-packages/airflow/example_dags/plugins/listener_plugin.py
[2026-03-12T01:13:22.456+0000] {processor.py:914} INFO - Processing file /home/ec2-user/environment/lab4_model_training/venv/lib64/python3.12/site-packages/airflow/example_dags/plugins/listener_plugin.py for tasks to queue
[2026-03-12T01:13:22.459+0000] {logging_mixin.py:190} INFO - [2026-03-12T01:13:22.458+0000] {dagbag.py:588} INFO - Filling up the DagBag from /home/ec2-user/environment/lab4_model_training/venv/lib64/python3.12/site-packages/airflow/example_dags/plugins/listener_plugin.py
[2026-03-12T01:13:22.461+0000] {processor.py:927} WARNING - No viable dags retrieved from /home/ec2-user/environment/lab4_model_training/venv/lib64/python3.12/site-packages/airflow/example_dags/plugins/listener_plugin.py
[2026-03-12T01:13:22.470+0000] {processor.py:208} INFO - Processing /home/ec2-user/environment/lab4_model_training/venv/lib64/python3.12/site-packages/airflow/example_dags/plugins/listener_plugin.py took 0.021 seconds
[2026-03-12T01:14:27.733+0000] {processor.py:186} INFO - Started process (PID=17083) to work on /home/ec2-user/environment/lab4_model_training/venv/lib64/python3.12/site-packages/airflow/example_dags/plugins/listener_plugin.py
[2026-03-12T01:14:27.734+0000] {processor.py:914} INFO - Processing file /home/ec2-user/environment/lab4_model_training/venv/lib64/python3.12/site-packages/airflow/example_dags/plugins/listener_plugin.py for tasks to queue
[2026-03-12T01:14:27.737+0000] {logging_mixin.py:190} INFO - [2026-03-12T01:14:27.736+0000] {dagbag.py:588} INFO - Filling up the DagBag from /home/ec2-user/environment/lab4_model_training/venv/lib64/python3.12/site-packages/airflow/example_dags/plugins/listener_plugin.py
[2026-03-12T01:14:27.739+0000] {processor.py:927} WARNING - No viable dags retrieved from /home/ec2-user/environment/lab4_model_training/venv/lib64/python3.12/site-packages/airflow/example_dags/plugins/listener_plugin.py
[2026-03-12T01:14:27.748+0000] {processor.py:208} INFO - Processing /home/ec2-user/environment/lab4_model_training/venv/lib64/python3.12/site-packages/airflow/example_dags/plugins/listener_plugin.py took 0.021 seconds
[2026-03-12T01:15:30.000+0000] {processor.py:186} INFO - Started process (PID=17381) to work on /home/ec2-user/environment/lab4_model_training/venv/lib64/python3.12/site-packages/airflow/example_dags/plugins/listener_plugin.py
[2026-03-12T01:15:30.001+0000] {processor.py:914} INFO - Processing file /home/ec2-user/environment/lab4_model_training/venv/lib64/python3.12/site-packages/airflow/example_dags/plugins/listener_plugin.py for tasks to queue
[2026-03-12T01:15:30.004+0000] {logging_mixin.py:190} INFO - [2026-03-12T01:15:30.003+0000] {dagbag.py:588} INFO - Filling up the DagBag from /home/ec2-user/environment/lab4_model_training/venv/lib64/python3.12/site-packages/airflow/example_dags/plugins/listener_plugin.py
[2026-03-12T01:15:30.006+0000] {processor.py:927} WARNING - No viable dags retrieved from /home/ec2-user/environment/lab4_model_training/venv/lib64/python3.12/site-packages/airflow/example_dags/plugins/listener_plugin.py
[2026-03-12T01:15:30.015+0000] {processor.py:208} INFO - Processing /home/ec2-user/environment/lab4_model_training/venv/lib64/python3.12/site-packages/airflow/example_dags/plugins/listener_plugin.py took 0.020 seconds
[2026-03-12T01:16:30.975+0000] {processor.py:186} INFO - Started process (PID=17663) to work on /home/ec2-user/environment/lab4_model_training/venv/lib64/python3.12/site-packages/airflow/example_dags/plugins/listener_plugin.py
[2026-03-12T01:16:30.976+0000] {processor.py:914} INFO - Processing file /home/ec2-user/environment/lab4_model_training/venv/lib64/python3.12/site-packages/airflow/example_dags/plugins/listener_plugin.py for tasks to queue
[2026-03-12T01:16:30.979+0000] {logging_mixin.py:190} INFO - [2026-03-12T01:16:30.979+0000] {dagbag.py:588} INFO - Filling up the DagBag from /home/ec2-user/environment/lab4_model_training/venv/lib64/python3.12/site-packages/airflow/example_dags/plugins/listener_plugin.py
[2026-03-12T01:16:30.981+0000] {processor.py:927} WARNING - No viable dags retrieved from /home/ec2-user/environment/lab4_model_training/venv/lib64/python3.12/site-packages/airflow/example_dags/plugins/listener_plugin.py
[2026-03-12T01:16:30.990+0000] {processor.py:208} INFO - Processing /home/ec2-user/environment/lab4_model_training/venv/lib64/python3.12/site-packages/airflow/example_dags/plugins/listener_plugin.py took 0.021 seconds
[2026-03-12T01:17:46.462+0000] {processor.py:186} INFO - Started process (PID=17994) to work on /home/ec2-user/environment/lab4_model_training/venv/lib64/python3.12/site-packages/airflow/example_dags/plugins/listener_plugin.py
[2026-03-12T01:17:46.463+0000] {processor.py:914} INFO - Processing file /home/ec2-user/environment/lab4_model_training/venv/lib64/python3.12/site-packages/airflow/example_dags/plugins/listener_plugin.py for tasks to queue
[2026-03-12T01:17:46.466+0000] {logging_mixin.py:190} INFO - [2026-03-12T01:17:46.465+0000] {dagbag.py:588} INFO - Filling up the DagBag from /home/ec2-user/environment/lab4_model_training/venv/lib64/python3.12/site-packages/airflow/example_dags/plugins/listener_plugin.py
[2026-03-12T01:17:46.468+0000] {processor.py:927} WARNING - No viable dags retrieved from /home/ec2-user/environment/lab4_model_training/venv/lib64/python3.12/site-packages/airflow/example_dags/plugins/listener_plugin.py
[2026-03-12T01:17:46.477+0000] {processor.py:208} INFO - Processing /home/ec2-user/environment/lab4_model_training/venv/lib64/python3.12/site-packages/airflow/example_dags/plugins/listener_plugin.py took 0.020 seconds
[2026-03-12T01:18:46.170+0000] {processor.py:186} INFO - Started process (PID=18276) to work on /home/ec2-user/environment/lab4_model_training/venv/lib64/python3.12/site-packages/airflow/example_dags/plugins/listener_plugin.py
[2026-03-12T01:18:46.172+0000] {processor.py:914} INFO - Processing file /home/ec2-user/environment/lab4_model_training/venv/lib64/python3.12/site-packages/airflow/example_dags/plugins/listener_plugin.py for tasks to queue
[2026-03-12T01:18:46.174+0000] {logging_mixin.py:190} INFO - [2026-03-12T01:18:46.174+0000] {dagbag.py:588} INFO - Filling up the DagBag from /home/ec2-user/environment/lab4_model_training/venv/lib64/python3.12/site-packages/airflow/example_dags/plugins/listener_plugin.py
[2026-03-12T01:18:46.176+0000] {processor.py:927} WARNING - No viable dags retrieved from /home/ec2-user/environment/lab4_model_training/venv/lib64/python3.12/site-packages/airflow/example_dags/plugins/listener_plugin.py
[2026-03-12T01:18:46.187+0000] {processor.py:208} INFO - Processing /home/ec2-user/environment/lab4_model_training/venv/lib64/python3.12/site-packages/airflow/example_dags/plugins/listener_plugin.py took 0.022 seconds
[2026-03-12T01:19:59.517+0000] {processor.py:186} INFO - Started process (PID=18546) to work on /home/ec2-user/environment/lab4_model_training/venv/lib64/python3.12/site-packages/airflow/example_dags/plugins/listener_plugin.py
[2026-03-12T01:19:59.519+0000] {processor.py:914} INFO - Processing file /home/ec2-user/environment/lab4_model_training/venv/lib64/python3.12/site-packages/airflow/example_dags/plugins/listener_plugin.py for tasks to queue
[2026-03-12T01:19:59.521+0000] {logging_mixin.py:190} INFO - [2026-03-12T01:19:59.521+0000] {dagbag.py:588} INFO - Filling up the DagBag from /home/ec2-user/environment/lab4_model_training/venv/lib64/python3.12/site-packages/airflow/example_dags/plugins/listener_plugin.py
[2026-03-12T01:19:59.524+0000] {processor.py:927} WARNING - No viable dags retrieved from /home/ec2-user/environment/lab4_model_training/venv/lib64/python3.12/site-packages/airflow/example_dags/plugins/listener_plugin.py
[2026-03-12T01:19:59.532+0000] {processor.py:208} INFO - Processing /home/ec2-user/environment/lab4_model_training/venv/lib64/python3.12/site-packages/airflow/example_dags/plugins/listener_plugin.py took 0.020 seconds
[2026-03-12T01:21:03.400+0000] {processor.py:186} INFO - Started process (PID=18861) to work on /home/ec2-user/environment/lab4_model_training/venv/lib64/python3.12/site-packages/airflow/example_dags/plugins/listener_plugin.py
[2026-03-12T01:21:03.401+0000] {processor.py:914} INFO - Processing file /home/ec2-user/environment/lab4_model_training/venv/lib64/python3.12/site-packages/airflow/example_dags/plugins/listener_plugin.py for tasks to queue
[2026-03-12T01:21:03.403+0000] {logging_mixin.py:190} INFO - [2026-03-12T01:21:03.403+0000] {dagbag.py:588} INFO - Filling up the DagBag from /home/ec2-user/environment/lab4_model_training/venv/lib64/python3.12/site-packages/airflow/example_dags/plugins/listener_plugin.py
[2026-03-12T01:21:03.406+0000] {processor.py:927} WARNING - No viable dags retrieved from /home/ec2-user/environment/lab4_model_training/venv/lib64/python3.12/site-packages/airflow/example_dags/plugins/listener_plugin.py
[2026-03-12T01:21:03.415+0000] {processor.py:208} INFO - Processing /home/ec2-user/environment/lab4_model_training/venv/lib64/python3.12/site-packages/airflow/example_dags/plugins/listener_plugin.py took 0.021 seconds
[2026-03-12T01:22:09.602+0000] {processor.py:186} INFO - Started process (PID=19125) to work on /home/ec2-user/environment/lab4_model_training/venv/lib64/python3.12/site-packages/airflow/example_dags/plugins/listener_plugin.py
[2026-03-12T01:22:09.603+0000] {processor.py:914} INFO - Processing file /home/ec2-user/environment/lab4_model_training/venv/lib64/python3.12/site-packages/airflow/example_dags/plugins/listener_plugin.py for tasks to queue
[2026-03-12T01:22:09.606+0000] {logging_mixin.py:190} INFO - [2026-03-12T01:22:09.606+0000] {dagbag.py:588} INFO - Filling up the DagBag from /home/ec2-user/environment/lab4_model_training/venv/lib64/python3.12/site-packages/airflow/example_dags/plugins/listener_plugin.py
[2026-03-12T01:22:09.608+0000] {processor.py:927} WARNING - No viable dags retrieved from /home/ec2-user/environment/lab4_model_training/venv/lib64/python3.12/site-packages/airflow/example_dags/plugins/listener_plugin.py
[2026-03-12T01:22:09.618+0000] {processor.py:208} INFO - Processing /home/ec2-user/environment/lab4_model_training/venv/lib64/python3.12/site-packages/airflow/example_dags/plugins/listener_plugin.py took 0.022 seconds
[2026-03-12T01:23:20.402+0000] {processor.py:186} INFO - Started process (PID=19435) to work on /home/ec2-user/environment/lab4_model_training/venv/lib64/python3.12/site-packages/airflow/example_dags/plugins/listener_plugin.py
[2026-03-12T01:23:20.403+0000] {processor.py:914} INFO - Processing file /home/ec2-user/environment/lab4_model_training/venv/lib64/python3.12/site-packages/airflow/example_dags/plugins/listener_plugin.py for tasks to queue
[2026-03-12T01:23:20.406+0000] {logging_mixin.py:190} INFO - [2026-03-12T01:23:20.405+0000] {dagbag.py:588} INFO - Filling up the DagBag from /home/ec2-user/environment/lab4_model_training/venv/lib64/python3.12/site-packages/airflow/example_dags/plugins/listener_plugin.py
[2026-03-12T01:23:20.408+0000] {processor.py:927} WARNING - No viable dags retrieved from /home/ec2-user/environment/lab4_model_training/venv/lib64/python3.12/site-packages/airflow/example_dags/plugins/listener_plugin.py
[2026-03-12T01:23:20.417+0000] {processor.py:208} INFO - Processing /home/ec2-user/environment/lab4_model_training/venv/lib64/python3.12/site-packages/airflow/example_dags/plugins/listener_plugin.py took 0.020 seconds
[2026-03-12T01:24:34.090+0000] {processor.py:186} INFO - Started process (PID=19767) to work on /home/ec2-user/environment/lab4_model_training/venv/lib64/python3.12/site-packages/airflow/example_dags/plugins/listener_plugin.py
[2026-03-12T01:24:34.091+0000] {processor.py:914} INFO - Processing file /home/ec2-user/environment/lab4_model_training/venv/lib64/python3.12/site-packages/airflow/example_dags/plugins/listener_plugin.py for tasks to queue
[2026-03-12T01:24:34.094+0000] {logging_mixin.py:190} INFO - [2026-03-12T01:24:34.094+0000] {dagbag.py:588} INFO - Filling up the DagBag from /home/ec2-user/environment/lab4_model_training/venv/lib64/python3.12/site-packages/airflow/example_dags/plugins/listener_plugin.py
[2026-03-12T01:24:34.096+0000] {processor.py:927} WARNING - No viable dags retrieved from /home/ec2-user/environment/lab4_model_training/venv/lib64/python3.12/site-packages/airflow/example_dags/plugins/listener_plugin.py
[2026-03-12T01:24:34.105+0000] {processor.py:208} INFO - Processing /home/ec2-user/environment/lab4_model_training/venv/lib64/python3.12/site-packages/airflow/example_dags/plugins/listener_plugin.py took 0.020 seconds
[2026-03-12T01:25:42.398+0000] {processor.py:186} INFO - Started process (PID=20026) to work on /home/ec2-user/environment/lab4_model_training/venv/lib64/python3.12/site-packages/airflow/example_dags/plugins/listener_plugin.py
[2026-03-12T01:25:42.399+0000] {processor.py:914} INFO - Processing file /home/ec2-user/environment/lab4_model_training/venv/lib64/python3.12/site-packages/airflow/example_dags/plugins/listener_plugin.py for tasks to queue
[2026-03-12T01:25:42.402+0000] {logging_mixin.py:190} INFO - [2026-03-12T01:25:42.401+0000] {dagbag.py:588} INFO - Filling up the DagBag from /home/ec2-user/environment/lab4_model_training/venv/lib64/python3.12/site-packages/airflow/example_dags/plugins/listener_plugin.py
[2026-03-12T01:25:42.404+0000] {processor.py:927} WARNING - No viable dags retrieved from /home/ec2-user/environment/lab4_model_training/venv/lib64/python3.12/site-packages/airflow/example_dags/plugins/listener_plugin.py
[2026-03-12T01:25:42.413+0000] {processor.py:208} INFO - Processing /home/ec2-user/environment/lab4_model_training/venv/lib64/python3.12/site-packages/airflow/example_dags/plugins/listener_plugin.py took 0.021 seconds
[2026-03-12T01:26:51.357+0000] {processor.py:186} INFO - Started process (PID=20336) to work on /home/ec2-user/environment/lab4_model_training/venv/lib64/python3.12/site-packages/airflow/example_dags/plugins/listener_plugin.py
[2026-03-12T01:26:51.358+0000] {processor.py:914} INFO - Processing file /home/ec2-user/environment/lab4_model_training/venv/lib64/python3.12/site-packages/airflow/example_dags/plugins/listener_plugin.py for tasks to queue
[2026-03-12T01:26:51.360+0000] {logging_mixin.py:190} INFO - [2026-03-12T01:26:51.360+0000] {dagbag.py:588} INFO - Filling up the DagBag from /home/ec2-user/environment/lab4_model_training/venv/lib64/python3.12/site-packages/airflow/example_dags/plugins/listener_plugin.py
[2026-03-12T01:26:51.363+0000] {processor.py:927} WARNING - No viable dags retrieved from /home/ec2-user/environment/lab4_model_training/venv/lib64/python3.12/site-packages/airflow/example_dags/plugins/listener_plugin.py
[2026-03-12T01:26:51.371+0000] {processor.py:208} INFO - Processing /home/ec2-user/environment/lab4_model_training/venv/lib64/python3.12/site-packages/airflow/example_dags/plugins/listener_plugin.py took 0.020 seconds
[2026-03-12T01:27:50.499+0000] {processor.py:186} INFO - Started process (PID=20561) to work on /home/ec2-user/environment/lab4_model_training/venv/lib64/python3.12/site-packages/airflow/example_dags/plugins/listener_plugin.py
[2026-03-12T01:27:50.500+0000] {processor.py:914} INFO - Processing file /home/ec2-user/environment/lab4_model_training/venv/lib64/python3.12/site-packages/airflow/example_dags/plugins/listener_plugin.py for tasks to queue
[2026-03-12T01:27:50.503+0000] {logging_mixin.py:190} INFO - [2026-03-12T01:27:50.503+0000] {dagbag.py:588} INFO - Filling up the DagBag from /home/ec2-user/environment/lab4_model_training/venv/lib64/python3.12/site-packages/airflow/example_dags/plugins/listener_plugin.py
[2026-03-12T01:27:50.506+0000] {processor.py:927} WARNING - No viable dags retrieved from /home/ec2-user/environment/lab4_model_training/venv/lib64/python3.12/site-packages/airflow/example_dags/plugins/listener_plugin.py
[2026-03-12T01:27:50.515+0000] {processor.py:208} INFO - Processing /home/ec2-user/environment/lab4_model_training/venv/lib64/python3.12/site-packages/airflow/example_dags/plugins/listener_plugin.py took 0.021 seconds
[2026-03-12T01:28:51.502+0000] {processor.py:186} INFO - Started process (PID=20843) to work on /home/ec2-user/environment/lab4_model_training/venv/lib64/python3.12/site-packages/airflow/example_dags/plugins/listener_plugin.py
[2026-03-12T01:28:51.503+0000] {processor.py:914} INFO - Processing file /home/ec2-user/environment/lab4_model_training/venv/lib64/python3.12/site-packages/airflow/example_dags/plugins/listener_plugin.py for tasks to queue
[2026-03-12T01:28:51.506+0000] {logging_mixin.py:190} INFO - [2026-03-12T01:28:51.505+0000] {dagbag.py:588} INFO - Filling up the DagBag from /home/ec2-user/environment/lab4_model_training/venv/lib64/python3.12/site-packages/airflow/example_dags/plugins/listener_plugin.py
[2026-03-12T01:28:51.508+0000] {processor.py:927} WARNING - No viable dags retrieved from /home/ec2-user/environment/lab4_model_training/venv/lib64/python3.12/site-packages/airflow/example_dags/plugins/listener_plugin.py
[2026-03-12T01:28:51.517+0000] {processor.py:208} INFO - Processing /home/ec2-user/environment/lab4_model_training/venv/lib64/python3.12/site-packages/airflow/example_dags/plugins/listener_plugin.py took 0.020 seconds
[2026-03-12T01:29:55.581+0000] {processor.py:186} INFO - Started process (PID=21223) to work on /home/ec2-user/environment/lab4_model_training/venv/lib64/python3.12/site-packages/airflow/example_dags/plugins/listener_plugin.py
[2026-03-12T01:29:55.582+0000] {processor.py:914} INFO - Processing file /home/ec2-user/environment/lab4_model_training/venv/lib64/python3.12/site-packages/airflow/example_dags/plugins/listener_plugin.py for tasks to queue
[2026-03-12T01:29:55.585+0000] {logging_mixin.py:190} INFO - [2026-03-12T01:29:55.584+0000] {dagbag.py:588} INFO - Filling up the DagBag from /home/ec2-user/environment/lab4_model_training/venv/lib64/python3.12/site-packages/airflow/example_dags/plugins/listener_plugin.py
[2026-03-12T01:29:55.587+0000] {processor.py:927} WARNING - No viable dags retrieved from /home/ec2-user/environment/lab4_model_training/venv/lib64/python3.12/site-packages/airflow/example_dags/plugins/listener_plugin.py
[2026-03-12T01:29:55.597+0000] {processor.py:208} INFO - Processing /home/ec2-user/environment/lab4_model_training/venv/lib64/python3.12/site-packages/airflow/example_dags/plugins/listener_plugin.py took 0.022 seconds
[2026-03-12T01:30:54.999+0000] {processor.py:186} INFO - Started process (PID=21490) to work on /home/ec2-user/environment/lab4_model_training/venv/lib64/python3.12/site-packages/airflow/example_dags/plugins/listener_plugin.py
[2026-03-12T01:30:55.000+0000] {processor.py:914} INFO - Processing file /home/ec2-user/environment/lab4_model_training/venv/lib64/python3.12/site-packages/airflow/example_dags/plugins/listener_plugin.py for tasks to queue
[2026-03-12T01:30:55.003+0000] {logging_mixin.py:190} INFO - [2026-03-12T01:30:55.002+0000] {dagbag.py:588} INFO - Filling up the DagBag from /home/ec2-user/environment/lab4_model_training/venv/lib64/python3.12/site-packages/airflow/example_dags/plugins/listener_plugin.py
[2026-03-12T01:30:55.005+0000] {processor.py:927} WARNING - No viable dags retrieved from /home/ec2-user/environment/lab4_model_training/venv/lib64/python3.12/site-packages/airflow/example_dags/plugins/listener_plugin.py
[2026-03-12T01:30:55.014+0000] {processor.py:208} INFO - Processing /home/ec2-user/environment/lab4_model_training/venv/lib64/python3.12/site-packages/airflow/example_dags/plugins/listener_plugin.py took 0.020 seconds
[2026-03-12T01:31:59.969+0000] {processor.py:186} INFO - Started process (PID=21787) to work on /home/ec2-user/environment/lab4_model_training/venv/lib64/python3.12/site-packages/airflow/example_dags/plugins/listener_plugin.py
[2026-03-12T01:31:59.971+0000] {processor.py:914} INFO - Processing file /home/ec2-user/environment/lab4_model_training/venv/lib64/python3.12/site-packages/airflow/example_dags/plugins/listener_plugin.py for tasks to queue
[2026-03-12T01:31:59.973+0000] {logging_mixin.py:190} INFO - [2026-03-12T01:31:59.973+0000] {dagbag.py:588} INFO - Filling up the DagBag from /home/ec2-user/environment/lab4_model_training/venv/lib64/python3.12/site-packages/airflow/example_dags/plugins/listener_plugin.py
[2026-03-12T01:31:59.975+0000] {processor.py:927} WARNING - No viable dags retrieved from /home/ec2-user/environment/lab4_model_training/venv/lib64/python3.12/site-packages/airflow/example_dags/plugins/listener_plugin.py
[2026-03-12T01:31:59.984+0000] {processor.py:208} INFO - Processing /home/ec2-user/environment/lab4_model_training/venv/lib64/python3.12/site-packages/airflow/example_dags/plugins/listener_plugin.py took 0.020 seconds
[2026-03-12T01:32:58.842+0000] {processor.py:186} INFO - Started process (PID=22014) to work on /home/ec2-user/environment/lab4_model_training/venv/lib64/python3.12/site-packages/airflow/example_dags/plugins/listener_plugin.py
[2026-03-12T01:32:58.843+0000] {processor.py:914} INFO - Processing file /home/ec2-user/environment/lab4_model_training/venv/lib64/python3.12/site-packages/airflow/example_dags/plugins/listener_plugin.py for tasks to queue
[2026-03-12T01:32:58.845+0000] {logging_mixin.py:190} INFO - [2026-03-12T01:32:58.845+0000] {dagbag.py:588} INFO - Filling up the DagBag from /home/ec2-user/environment/lab4_model_training/venv/lib64/python3.12/site-packages/airflow/example_dags/plugins/listener_plugin.py
[2026-03-12T01:32:58.847+0000] {processor.py:927} WARNING - No viable dags retrieved from /home/ec2-user/environment/lab4_model_training/venv/lib64/python3.12/site-packages/airflow/example_dags/plugins/listener_plugin.py
[2026-03-12T01:32:58.856+0000] {processor.py:208} INFO - Processing /home/ec2-user/environment/lab4_model_training/venv/lib64/python3.12/site-packages/airflow/example_dags/plugins/listener_plugin.py took 0.020 seconds
