[2026-03-12T00:35:57.478+0000] {processor.py:186} INFO - Started process (PID=6929) to work on /home/ec2-user/environment/lab4_model_training/venv/lib64/python3.12/site-packages/airflow/example_dags/plugins/workday.py
[2026-03-12T00:35:57.479+0000] {processor.py:914} INFO - Processing file /home/ec2-user/environment/lab4_model_training/venv/lib64/python3.12/site-packages/airflow/example_dags/plugins/workday.py for tasks to queue
[2026-03-12T00:35:57.481+0000] {logging_mixin.py:190} INFO - [2026-03-12T00:35:57.481+0000] {dagbag.py:588} INFO - Filling up the DagBag from /home/ec2-user/environment/lab4_model_training/venv/lib64/python3.12/site-packages/airflow/example_dags/plugins/workday.py
[2026-03-12T00:35:57.484+0000] {processor.py:927} WARNING - No viable dags retrieved from /home/ec2-user/environment/lab4_model_training/venv/lib64/python3.12/site-packages/airflow/example_dags/plugins/workday.py
[2026-03-12T00:35:57.493+0000] {processor.py:208} INFO - Processing /home/ec2-user/environment/lab4_model_training/venv/lib64/python3.12/site-packages/airflow/example_dags/plugins/workday.py took 0.020 seconds
[2026-03-12T00:39:28.665+0000] {processor.py:186} INFO - Started process (PID=7848) to work on /home/ec2-user/environment/lab4_model_training/venv/lib64/python3.12/site-packages/airflow/example_dags/plugins/workday.py
[2026-03-12T00:39:28.667+0000] {processor.py:914} INFO - Processing file /home/ec2-user/environment/lab4_model_training/venv/lib64/python3.12/site-packages/airflow/example_dags/plugins/workday.py for tasks to queue
[2026-03-12T00:39:28.669+0000] {logging_mixin.py:190} INFO - [2026-03-12T00:39:28.668+0000] {dagbag.py:588} INFO - Filling up the DagBag from /home/ec2-user/environment/lab4_model_training/venv/lib64/python3.12/site-packages/airflow/example_dags/plugins/workday.py
[2026-03-12T00:39:28.671+0000] {processor.py:927} WARNING - No viable dags retrieved from /home/ec2-user/environment/lab4_model_training/venv/lib64/python3.12/site-packages/airflow/example_dags/plugins/workday.py
[2026-03-12T00:39:28.682+0000] {processor.py:208} INFO - Processing /home/ec2-user/environment/lab4_model_training/venv/lib64/python3.12/site-packages/airflow/example_dags/plugins/workday.py took 0.021 seconds
[2026-03-12T00:40:32.959+0000] {processor.py:186} INFO - Started process (PID=8096) to work on /home/ec2-user/environment/lab4_model_training/venv/lib64/python3.12/site-packages/airflow/example_dags/plugins/workday.py
[2026-03-12T00:40:32.960+0000] {processor.py:914} INFO - Processing file /home/ec2-user/environment/lab4_model_training/venv/lib64/python3.12/site-packages/airflow/example_dags/plugins/workday.py for tasks to queue
[2026-03-12T00:40:32.962+0000] {logging_mixin.py:190} INFO - [2026-03-12T00:40:32.962+0000] {dagbag.py:588} INFO - Filling up the DagBag from /home/ec2-user/environment/lab4_model_training/venv/lib64/python3.12/site-packages/airflow/example_dags/plugins/workday.py
[2026-03-12T00:40:32.965+0000] {processor.py:927} WARNING - No viable dags retrieved from /home/ec2-user/environment/lab4_model_training/venv/lib64/python3.12/site-packages/airflow/example_dags/plugins/workday.py
[2026-03-12T00:40:32.974+0000] {processor.py:208} INFO - Processing /home/ec2-user/environment/lab4_model_training/venv/lib64/python3.12/site-packages/airflow/example_dags/plugins/workday.py took 0.019 seconds
[2026-03-12T00:41:34.158+0000] {processor.py:186} INFO - Started process (PID=8381) to work on /home/ec2-user/environment/lab4_model_training/venv/lib64/python3.12/site-packages/airflow/example_dags/plugins/workday.py
[2026-03-12T00:41:34.159+0000] {processor.py:914} INFO - Processing file /home/ec2-user/environment/lab4_model_training/venv/lib64/python3.12/site-packages/airflow/example_dags/plugins/workday.py for tasks to queue
[2026-03-12T00:41:34.161+0000] {logging_mixin.py:190} INFO - [2026-03-12T00:41:34.161+0000] {dagbag.py:588} INFO - Filling up the DagBag from /home/ec2-user/environment/lab4_model_training/venv/lib64/python3.12/site-packages/airflow/example_dags/plugins/workday.py
[2026-03-12T00:41:34.164+0000] {processor.py:927} WARNING - No viable dags retrieved from /home/ec2-user/environment/lab4_model_training/venv/lib64/python3.12/site-packages/airflow/example_dags/plugins/workday.py
[2026-03-12T00:41:34.173+0000] {processor.py:208} INFO - Processing /home/ec2-user/environment/lab4_model_training/venv/lib64/python3.12/site-packages/airflow/example_dags/plugins/workday.py took 0.019 seconds
[2026-03-12T00:42:35.436+0000] {processor.py:186} INFO - Started process (PID=8666) to work on /home/ec2-user/environment/lab4_model_training/venv/lib64/python3.12/site-packages/airflow/example_dags/plugins/workday.py
[2026-03-12T00:42:35.437+0000] {processor.py:914} INFO - Processing file /home/ec2-user/environment/lab4_model_training/venv/lib64/python3.12/site-packages/airflow/example_dags/plugins/workday.py for tasks to queue
[2026-03-12T00:42:35.439+0000] {logging_mixin.py:190} INFO - [2026-03-12T00:42:35.439+0000] {dagbag.py:588} INFO - Filling up the DagBag from /home/ec2-user/environment/lab4_model_training/venv/lib64/python3.12/site-packages/airflow/example_dags/plugins/workday.py
[2026-03-12T00:42:35.442+0000] {processor.py:927} WARNING - No viable dags retrieved from /home/ec2-user/environment/lab4_model_training/venv/lib64/python3.12/site-packages/airflow/example_dags/plugins/workday.py
[2026-03-12T00:42:35.451+0000] {processor.py:208} INFO - Processing /home/ec2-user/environment/lab4_model_training/venv/lib64/python3.12/site-packages/airflow/example_dags/plugins/workday.py took 0.020 seconds
[2026-03-12T00:44:41.593+0000] {processor.py:186} INFO - Started process (PID=9239) to work on /home/ec2-user/environment/lab4_model_training/venv/lib64/python3.12/site-packages/airflow/example_dags/plugins/workday.py
[2026-03-12T00:44:41.594+0000] {processor.py:914} INFO - Processing file /home/ec2-user/environment/lab4_model_training/venv/lib64/python3.12/site-packages/airflow/example_dags/plugins/workday.py for tasks to queue
[2026-03-12T00:44:41.596+0000] {logging_mixin.py:190} INFO - [2026-03-12T00:44:41.596+0000] {dagbag.py:588} INFO - Filling up the DagBag from /home/ec2-user/environment/lab4_model_training/venv/lib64/python3.12/site-packages/airflow/example_dags/plugins/workday.py
[2026-03-12T00:44:41.599+0000] {processor.py:927} WARNING - No viable dags retrieved from /home/ec2-user/environment/lab4_model_training/venv/lib64/python3.12/site-packages/airflow/example_dags/plugins/workday.py
[2026-03-12T00:44:41.608+0000] {processor.py:208} INFO - Processing /home/ec2-user/environment/lab4_model_training/venv/lib64/python3.12/site-packages/airflow/example_dags/plugins/workday.py took 0.020 seconds
[2026-03-12T00:46:29.483+0000] {processor.py:186} INFO - Started process (PID=9694) to work on /home/ec2-user/environment/lab4_model_training/venv/lib64/python3.12/site-packages/airflow/example_dags/plugins/workday.py
[2026-03-12T00:46:29.484+0000] {processor.py:914} INFO - Processing file /home/ec2-user/environment/lab4_model_training/venv/lib64/python3.12/site-packages/airflow/example_dags/plugins/workday.py for tasks to queue
[2026-03-12T00:46:29.486+0000] {logging_mixin.py:190} INFO - [2026-03-12T00:46:29.486+0000] {dagbag.py:588} INFO - Filling up the DagBag from /home/ec2-user/environment/lab4_model_training/venv/lib64/python3.12/site-packages/airflow/example_dags/plugins/workday.py
[2026-03-12T00:46:29.489+0000] {processor.py:927} WARNING - No viable dags retrieved from /home/ec2-user/environment/lab4_model_training/venv/lib64/python3.12/site-packages/airflow/example_dags/plugins/workday.py
[2026-03-12T00:46:29.498+0000] {processor.py:208} INFO - Processing /home/ec2-user/environment/lab4_model_training/venv/lib64/python3.12/site-packages/airflow/example_dags/plugins/workday.py took 0.020 seconds
[2026-03-12T00:48:11.488+0000] {processor.py:186} INFO - Started process (PID=10158) to work on /home/ec2-user/environment/lab4_model_training/venv/lib64/python3.12/site-packages/airflow/example_dags/plugins/workday.py
[2026-03-12T00:48:11.490+0000] {processor.py:914} INFO - Processing file /home/ec2-user/environment/lab4_model_training/venv/lib64/python3.12/site-packages/airflow/example_dags/plugins/workday.py for tasks to queue
[2026-03-12T00:48:11.492+0000] {logging_mixin.py:190} INFO - [2026-03-12T00:48:11.492+0000] {dagbag.py:588} INFO - Filling up the DagBag from /home/ec2-user/environment/lab4_model_training/venv/lib64/python3.12/site-packages/airflow/example_dags/plugins/workday.py
[2026-03-12T00:48:11.495+0000] {processor.py:927} WARNING - No viable dags retrieved from /home/ec2-user/environment/lab4_model_training/venv/lib64/python3.12/site-packages/airflow/example_dags/plugins/workday.py
[2026-03-12T00:48:11.504+0000] {processor.py:208} INFO - Processing /home/ec2-user/environment/lab4_model_training/venv/lib64/python3.12/site-packages/airflow/example_dags/plugins/workday.py took 0.020 seconds
[2026-03-12T00:49:19.710+0000] {processor.py:186} INFO - Started process (PID=10431) to work on /home/ec2-user/environment/lab4_model_training/venv/lib64/python3.12/site-packages/airflow/example_dags/plugins/workday.py
[2026-03-12T00:49:19.711+0000] {processor.py:914} INFO - Processing file /home/ec2-user/environment/lab4_model_training/venv/lib64/python3.12/site-packages/airflow/example_dags/plugins/workday.py for tasks to queue
[2026-03-12T00:49:19.713+0000] {logging_mixin.py:190} INFO - [2026-03-12T00:49:19.713+0000] {dagbag.py:588} INFO - Filling up the DagBag from /home/ec2-user/environment/lab4_model_training/venv/lib64/python3.12/site-packages/airflow/example_dags/plugins/workday.py
[2026-03-12T00:49:19.716+0000] {processor.py:927} WARNING - No viable dags retrieved from /home/ec2-user/environment/lab4_model_training/venv/lib64/python3.12/site-packages/airflow/example_dags/plugins/workday.py
[2026-03-12T00:49:19.725+0000] {processor.py:208} INFO - Processing /home/ec2-user/environment/lab4_model_training/venv/lib64/python3.12/site-packages/airflow/example_dags/plugins/workday.py took 0.020 seconds
[2026-03-12T00:50:24.075+0000] {processor.py:186} INFO - Started process (PID=10745) to work on /home/ec2-user/environment/lab4_model_training/venv/lib64/python3.12/site-packages/airflow/example_dags/plugins/workday.py
[2026-03-12T00:50:24.076+0000] {processor.py:914} INFO - Processing file /home/ec2-user/environment/lab4_model_training/venv/lib64/python3.12/site-packages/airflow/example_dags/plugins/workday.py for tasks to queue
[2026-03-12T00:50:24.078+0000] {logging_mixin.py:190} INFO - [2026-03-12T00:50:24.077+0000] {dagbag.py:588} INFO - Filling up the DagBag from /home/ec2-user/environment/lab4_model_training/venv/lib64/python3.12/site-packages/airflow/example_dags/plugins/workday.py
[2026-03-12T00:50:24.080+0000] {processor.py:927} WARNING - No viable dags retrieved from /home/ec2-user/environment/lab4_model_training/venv/lib64/python3.12/site-packages/airflow/example_dags/plugins/workday.py
[2026-03-12T00:50:24.089+0000] {processor.py:208} INFO - Processing /home/ec2-user/environment/lab4_model_training/venv/lib64/python3.12/site-packages/airflow/example_dags/plugins/workday.py took 0.019 seconds
[2026-03-12T00:51:23.448+0000] {processor.py:186} INFO - Started process (PID=11059) to work on /home/ec2-user/environment/lab4_model_training/venv/lib64/python3.12/site-packages/airflow/example_dags/plugins/workday.py
[2026-03-12T00:51:23.450+0000] {processor.py:914} INFO - Processing file /home/ec2-user/environment/lab4_model_training/venv/lib64/python3.12/site-packages/airflow/example_dags/plugins/workday.py for tasks to queue
[2026-03-12T00:51:23.452+0000] {logging_mixin.py:190} INFO - [2026-03-12T00:51:23.451+0000] {dagbag.py:588} INFO - Filling up the DagBag from /home/ec2-user/environment/lab4_model_training/venv/lib64/python3.12/site-packages/airflow/example_dags/plugins/workday.py
[2026-03-12T00:51:23.454+0000] {processor.py:927} WARNING - No viable dags retrieved from /home/ec2-user/environment/lab4_model_training/venv/lib64/python3.12/site-packages/airflow/example_dags/plugins/workday.py
[2026-03-12T00:51:23.463+0000] {processor.py:208} INFO - Processing /home/ec2-user/environment/lab4_model_training/venv/lib64/python3.12/site-packages/airflow/example_dags/plugins/workday.py took 0.019 seconds
[2026-03-12T00:52:23.760+0000] {processor.py:186} INFO - Started process (PID=11300) to work on /home/ec2-user/environment/lab4_model_training/venv/lib64/python3.12/site-packages/airflow/example_dags/plugins/workday.py
[2026-03-12T00:52:23.761+0000] {processor.py:914} INFO - Processing file /home/ec2-user/environment/lab4_model_training/venv/lib64/python3.12/site-packages/airflow/example_dags/plugins/workday.py for tasks to queue
[2026-03-12T00:52:23.763+0000] {logging_mixin.py:190} INFO - [2026-03-12T00:52:23.763+0000] {dagbag.py:588} INFO - Filling up the DagBag from /home/ec2-user/environment/lab4_model_training/venv/lib64/python3.12/site-packages/airflow/example_dags/plugins/workday.py
[2026-03-12T00:52:23.766+0000] {processor.py:927} WARNING - No viable dags retrieved from /home/ec2-user/environment/lab4_model_training/venv/lib64/python3.12/site-packages/airflow/example_dags/plugins/workday.py
[2026-03-12T00:52:23.777+0000] {processor.py:208} INFO - Processing /home/ec2-user/environment/lab4_model_training/venv/lib64/python3.12/site-packages/airflow/example_dags/plugins/workday.py took 0.021 seconds
[2026-03-12T00:53:24.989+0000] {processor.py:186} INFO - Started process (PID=11592) to work on /home/ec2-user/environment/lab4_model_training/venv/lib64/python3.12/site-packages/airflow/example_dags/plugins/workday.py
[2026-03-12T00:53:24.990+0000] {processor.py:914} INFO - Processing file /home/ec2-user/environment/lab4_model_training/venv/lib64/python3.12/site-packages/airflow/example_dags/plugins/workday.py for tasks to queue
[2026-03-12T00:53:24.993+0000] {logging_mixin.py:190} INFO - [2026-03-12T00:53:24.992+0000] {dagbag.py:588} INFO - Filling up the DagBag from /home/ec2-user/environment/lab4_model_training/venv/lib64/python3.12/site-packages/airflow/example_dags/plugins/workday.py
[2026-03-12T00:53:24.995+0000] {processor.py:927} WARNING - No viable dags retrieved from /home/ec2-user/environment/lab4_model_training/venv/lib64/python3.12/site-packages/airflow/example_dags/plugins/workday.py
[2026-03-12T00:53:25.004+0000] {processor.py:208} INFO - Processing /home/ec2-user/environment/lab4_model_training/venv/lib64/python3.12/site-packages/airflow/example_dags/plugins/workday.py took 0.020 seconds
[2026-03-12T00:54:24.577+0000] {processor.py:186} INFO - Started process (PID=11815) to work on /home/ec2-user/environment/lab4_model_training/venv/lib64/python3.12/site-packages/airflow/example_dags/plugins/workday.py
[2026-03-12T00:54:24.578+0000] {processor.py:914} INFO - Processing file /home/ec2-user/environment/lab4_model_training/venv/lib64/python3.12/site-packages/airflow/example_dags/plugins/workday.py for tasks to queue
[2026-03-12T00:54:24.581+0000] {logging_mixin.py:190} INFO - [2026-03-12T00:54:24.580+0000] {dagbag.py:588} INFO - Filling up the DagBag from /home/ec2-user/environment/lab4_model_training/venv/lib64/python3.12/site-packages/airflow/example_dags/plugins/workday.py
[2026-03-12T00:54:24.583+0000] {processor.py:927} WARNING - No viable dags retrieved from /home/ec2-user/environment/lab4_model_training/venv/lib64/python3.12/site-packages/airflow/example_dags/plugins/workday.py
[2026-03-12T00:54:24.593+0000] {processor.py:208} INFO - Processing /home/ec2-user/environment/lab4_model_training/venv/lib64/python3.12/site-packages/airflow/example_dags/plugins/workday.py took 0.022 seconds
[2026-03-12T00:55:27.404+0000] {processor.py:186} INFO - Started process (PID=12098) to work on /home/ec2-user/environment/lab4_model_training/venv/lib64/python3.12/site-packages/airflow/example_dags/plugins/workday.py
[2026-03-12T00:55:27.405+0000] {processor.py:914} INFO - Processing file /home/ec2-user/environment/lab4_model_training/venv/lib64/python3.12/site-packages/airflow/example_dags/plugins/workday.py for tasks to queue
[2026-03-12T00:55:27.408+0000] {logging_mixin.py:190} INFO - [2026-03-12T00:55:27.407+0000] {dagbag.py:588} INFO - Filling up the DagBag from /home/ec2-user/environment/lab4_model_training/venv/lib64/python3.12/site-packages/airflow/example_dags/plugins/workday.py
[2026-03-12T00:55:27.410+0000] {processor.py:927} WARNING - No viable dags retrieved from /home/ec2-user/environment/lab4_model_training/venv/lib64/python3.12/site-packages/airflow/example_dags/plugins/workday.py
[2026-03-12T00:55:27.419+0000] {processor.py:208} INFO - Processing /home/ec2-user/environment/lab4_model_training/venv/lib64/python3.12/site-packages/airflow/example_dags/plugins/workday.py took 0.020 seconds
[2026-03-12T00:56:30.539+0000] {processor.py:186} INFO - Started process (PID=12383) to work on /home/ec2-user/environment/lab4_model_training/venv/lib64/python3.12/site-packages/airflow/example_dags/plugins/workday.py
[2026-03-12T00:56:30.540+0000] {processor.py:914} INFO - Processing file /home/ec2-user/environment/lab4_model_training/venv/lib64/python3.12/site-packages/airflow/example_dags/plugins/workday.py for tasks to queue
[2026-03-12T00:56:30.543+0000] {logging_mixin.py:190} INFO - [2026-03-12T00:56:30.542+0000] {dagbag.py:588} INFO - Filling up the DagBag from /home/ec2-user/environment/lab4_model_training/venv/lib64/python3.12/site-packages/airflow/example_dags/plugins/workday.py
[2026-03-12T00:56:30.545+0000] {processor.py:927} WARNING - No viable dags retrieved from /home/ec2-user/environment/lab4_model_training/venv/lib64/python3.12/site-packages/airflow/example_dags/plugins/workday.py
[2026-03-12T00:56:30.554+0000] {processor.py:208} INFO - Processing /home/ec2-user/environment/lab4_model_training/venv/lib64/python3.12/site-packages/airflow/example_dags/plugins/workday.py took 0.020 seconds
[2026-03-12T00:57:34.736+0000] {processor.py:186} INFO - Started process (PID=12628) to work on /home/ec2-user/environment/lab4_model_training/venv/lib64/python3.12/site-packages/airflow/example_dags/plugins/workday.py
[2026-03-12T00:57:34.738+0000] {processor.py:914} INFO - Processing file /home/ec2-user/environment/lab4_model_training/venv/lib64/python3.12/site-packages/airflow/example_dags/plugins/workday.py for tasks to queue
[2026-03-12T00:57:34.740+0000] {logging_mixin.py:190} INFO - [2026-03-12T00:57:34.740+0000] {dagbag.py:588} INFO - Filling up the DagBag from /home/ec2-user/environment/lab4_model_training/venv/lib64/python3.12/site-packages/airflow/example_dags/plugins/workday.py
[2026-03-12T00:57:34.742+0000] {processor.py:927} WARNING - No viable dags retrieved from /home/ec2-user/environment/lab4_model_training/venv/lib64/python3.12/site-packages/airflow/example_dags/plugins/workday.py
[2026-03-12T00:57:34.751+0000] {processor.py:208} INFO - Processing /home/ec2-user/environment/lab4_model_training/venv/lib64/python3.12/site-packages/airflow/example_dags/plugins/workday.py took 0.020 seconds
[2026-03-12T00:58:36.341+0000] {processor.py:186} INFO - Started process (PID=12904) to work on /home/ec2-user/environment/lab4_model_training/venv/lib64/python3.12/site-packages/airflow/example_dags/plugins/workday.py
[2026-03-12T00:58:36.342+0000] {processor.py:914} INFO - Processing file /home/ec2-user/environment/lab4_model_training/venv/lib64/python3.12/site-packages/airflow/example_dags/plugins/workday.py for tasks to queue
[2026-03-12T00:58:36.345+0000] {logging_mixin.py:190} INFO - [2026-03-12T00:58:36.344+0000] {dagbag.py:588} INFO - Filling up the DagBag from /home/ec2-user/environment/lab4_model_training/venv/lib64/python3.12/site-packages/airflow/example_dags/plugins/workday.py
[2026-03-12T00:58:36.347+0000] {processor.py:927} WARNING - No viable dags retrieved from /home/ec2-user/environment/lab4_model_training/venv/lib64/python3.12/site-packages/airflow/example_dags/plugins/workday.py
[2026-03-12T00:58:36.356+0000] {processor.py:208} INFO - Processing /home/ec2-user/environment/lab4_model_training/venv/lib64/python3.12/site-packages/airflow/example_dags/plugins/workday.py took 0.020 seconds
[2026-03-12T00:59:37.480+0000] {processor.py:186} INFO - Started process (PID=13165) to work on /home/ec2-user/environment/lab4_model_training/venv/lib64/python3.12/site-packages/airflow/example_dags/plugins/workday.py
[2026-03-12T00:59:37.481+0000] {processor.py:914} INFO - Processing file /home/ec2-user/environment/lab4_model_training/venv/lib64/python3.12/site-packages/airflow/example_dags/plugins/workday.py for tasks to queue
[2026-03-12T00:59:37.484+0000] {logging_mixin.py:190} INFO - [2026-03-12T00:59:37.483+0000] {dagbag.py:588} INFO - Filling up the DagBag from /home/ec2-user/environment/lab4_model_training/venv/lib64/python3.12/site-packages/airflow/example_dags/plugins/workday.py
[2026-03-12T00:59:37.487+0000] {processor.py:927} WARNING - No viable dags retrieved from /home/ec2-user/environment/lab4_model_training/venv/lib64/python3.12/site-packages/airflow/example_dags/plugins/workday.py
[2026-03-12T00:59:37.496+0000] {processor.py:208} INFO - Processing /home/ec2-user/environment/lab4_model_training/venv/lib64/python3.12/site-packages/airflow/example_dags/plugins/workday.py took 0.022 seconds
[2026-03-12T01:00:43.337+0000] {processor.py:186} INFO - Started process (PID=13465) to work on /home/ec2-user/environment/lab4_model_training/venv/lib64/python3.12/site-packages/airflow/example_dags/plugins/workday.py
[2026-03-12T01:00:43.339+0000] {processor.py:914} INFO - Processing file /home/ec2-user/environment/lab4_model_training/venv/lib64/python3.12/site-packages/airflow/example_dags/plugins/workday.py for tasks to queue
[2026-03-12T01:00:43.341+0000] {logging_mixin.py:190} INFO - [2026-03-12T01:00:43.340+0000] {dagbag.py:588} INFO - Filling up the DagBag from /home/ec2-user/environment/lab4_model_training/venv/lib64/python3.12/site-packages/airflow/example_dags/plugins/workday.py
[2026-03-12T01:00:43.343+0000] {processor.py:927} WARNING - No viable dags retrieved from /home/ec2-user/environment/lab4_model_training/venv/lib64/python3.12/site-packages/airflow/example_dags/plugins/workday.py
[2026-03-12T01:00:43.352+0000] {processor.py:208} INFO - Processing /home/ec2-user/environment/lab4_model_training/venv/lib64/python3.12/site-packages/airflow/example_dags/plugins/workday.py took 0.020 seconds
[2026-03-12T01:01:44.561+0000] {processor.py:186} INFO - Started process (PID=13716) to work on /home/ec2-user/environment/lab4_model_training/venv/lib64/python3.12/site-packages/airflow/example_dags/plugins/workday.py
[2026-03-12T01:01:44.562+0000] {processor.py:914} INFO - Processing file /home/ec2-user/environment/lab4_model_training/venv/lib64/python3.12/site-packages/airflow/example_dags/plugins/workday.py for tasks to queue
[2026-03-12T01:01:44.565+0000] {logging_mixin.py:190} INFO - [2026-03-12T01:01:44.564+0000] {dagbag.py:588} INFO - Filling up the DagBag from /home/ec2-user/environment/lab4_model_training/venv/lib64/python3.12/site-packages/airflow/example_dags/plugins/workday.py
[2026-03-12T01:01:44.567+0000] {processor.py:927} WARNING - No viable dags retrieved from /home/ec2-user/environment/lab4_model_training/venv/lib64/python3.12/site-packages/airflow/example_dags/plugins/workday.py
[2026-03-12T01:01:44.576+0000] {processor.py:208} INFO - Processing /home/ec2-user/environment/lab4_model_training/venv/lib64/python3.12/site-packages/airflow/example_dags/plugins/workday.py took 0.020 seconds
[2026-03-12T01:02:51.324+0000] {processor.py:186} INFO - Started process (PID=14012) to work on /home/ec2-user/environment/lab4_model_training/venv/lib64/python3.12/site-packages/airflow/example_dags/plugins/workday.py
[2026-03-12T01:02:51.325+0000] {processor.py:914} INFO - Processing file /home/ec2-user/environment/lab4_model_training/venv/lib64/python3.12/site-packages/airflow/example_dags/plugins/workday.py for tasks to queue
[2026-03-12T01:02:51.328+0000] {logging_mixin.py:190} INFO - [2026-03-12T01:02:51.327+0000] {dagbag.py:588} INFO - Filling up the DagBag from /home/ec2-user/environment/lab4_model_training/venv/lib64/python3.12/site-packages/airflow/example_dags/plugins/workday.py
[2026-03-12T01:02:51.330+0000] {processor.py:927} WARNING - No viable dags retrieved from /home/ec2-user/environment/lab4_model_training/venv/lib64/python3.12/site-packages/airflow/example_dags/plugins/workday.py
[2026-03-12T01:02:51.339+0000] {processor.py:208} INFO - Processing /home/ec2-user/environment/lab4_model_training/venv/lib64/python3.12/site-packages/airflow/example_dags/plugins/workday.py took 0.021 seconds
[2026-03-12T01:03:54.147+0000] {processor.py:186} INFO - Started process (PID=14247) to work on /home/ec2-user/environment/lab4_model_training/venv/lib64/python3.12/site-packages/airflow/example_dags/plugins/workday.py
[2026-03-12T01:03:54.148+0000] {processor.py:914} INFO - Processing file /home/ec2-user/environment/lab4_model_training/venv/lib64/python3.12/site-packages/airflow/example_dags/plugins/workday.py for tasks to queue
[2026-03-12T01:03:54.150+0000] {logging_mixin.py:190} INFO - [2026-03-12T01:03:54.150+0000] {dagbag.py:588} INFO - Filling up the DagBag from /home/ec2-user/environment/lab4_model_training/venv/lib64/python3.12/site-packages/airflow/example_dags/plugins/workday.py
[2026-03-12T01:03:54.152+0000] {processor.py:927} WARNING - No viable dags retrieved from /home/ec2-user/environment/lab4_model_training/venv/lib64/python3.12/site-packages/airflow/example_dags/plugins/workday.py
[2026-03-12T01:03:54.164+0000] {processor.py:208} INFO - Processing /home/ec2-user/environment/lab4_model_training/venv/lib64/python3.12/site-packages/airflow/example_dags/plugins/workday.py took 0.023 seconds
[2026-03-12T01:05:04.206+0000] {processor.py:186} INFO - Started process (PID=14587) to work on /home/ec2-user/environment/lab4_model_training/venv/lib64/python3.12/site-packages/airflow/example_dags/plugins/workday.py
[2026-03-12T01:05:04.207+0000] {processor.py:914} INFO - Processing file /home/ec2-user/environment/lab4_model_training/venv/lib64/python3.12/site-packages/airflow/example_dags/plugins/workday.py for tasks to queue
[2026-03-12T01:05:04.210+0000] {logging_mixin.py:190} INFO - [2026-03-12T01:05:04.209+0000] {dagbag.py:588} INFO - Filling up the DagBag from /home/ec2-user/environment/lab4_model_training/venv/lib64/python3.12/site-packages/airflow/example_dags/plugins/workday.py
[2026-03-12T01:05:04.212+0000] {processor.py:927} WARNING - No viable dags retrieved from /home/ec2-user/environment/lab4_model_training/venv/lib64/python3.12/site-packages/airflow/example_dags/plugins/workday.py
[2026-03-12T01:05:04.221+0000] {processor.py:208} INFO - Processing /home/ec2-user/environment/lab4_model_training/venv/lib64/python3.12/site-packages/airflow/example_dags/plugins/workday.py took 0.021 seconds
[2026-03-12T01:06:03.094+0000] {processor.py:186} INFO - Started process (PID=14815) to work on /home/ec2-user/environment/lab4_model_training/venv/lib64/python3.12/site-packages/airflow/example_dags/plugins/workday.py
[2026-03-12T01:06:03.095+0000] {processor.py:914} INFO - Processing file /home/ec2-user/environment/lab4_model_training/venv/lib64/python3.12/site-packages/airflow/example_dags/plugins/workday.py for tasks to queue
[2026-03-12T01:06:03.098+0000] {logging_mixin.py:190} INFO - [2026-03-12T01:06:03.098+0000] {dagbag.py:588} INFO - Filling up the DagBag from /home/ec2-user/environment/lab4_model_training/venv/lib64/python3.12/site-packages/airflow/example_dags/plugins/workday.py
[2026-03-12T01:06:03.100+0000] {processor.py:927} WARNING - No viable dags retrieved from /home/ec2-user/environment/lab4_model_training/venv/lib64/python3.12/site-packages/airflow/example_dags/plugins/workday.py
[2026-03-12T01:06:03.110+0000] {processor.py:208} INFO - Processing /home/ec2-user/environment/lab4_model_training/venv/lib64/python3.12/site-packages/airflow/example_dags/plugins/workday.py took 0.021 seconds
[2026-03-12T01:07:02.711+0000] {processor.py:186} INFO - Started process (PID=15107) to work on /home/ec2-user/environment/lab4_model_training/venv/lib64/python3.12/site-packages/airflow/example_dags/plugins/workday.py
[2026-03-12T01:07:02.712+0000] {processor.py:914} INFO - Processing file /home/ec2-user/environment/lab4_model_training/venv/lib64/python3.12/site-packages/airflow/example_dags/plugins/workday.py for tasks to queue
[2026-03-12T01:07:02.715+0000] {logging_mixin.py:190} INFO - [2026-03-12T01:07:02.714+0000] {dagbag.py:588} INFO - Filling up the DagBag from /home/ec2-user/environment/lab4_model_training/venv/lib64/python3.12/site-packages/airflow/example_dags/plugins/workday.py
[2026-03-12T01:07:02.717+0000] {processor.py:927} WARNING - No viable dags retrieved from /home/ec2-user/environment/lab4_model_training/venv/lib64/python3.12/site-packages/airflow/example_dags/plugins/workday.py
[2026-03-12T01:07:02.726+0000] {processor.py:208} INFO - Processing /home/ec2-user/environment/lab4_model_training/venv/lib64/python3.12/site-packages/airflow/example_dags/plugins/workday.py took 0.021 seconds
[2026-03-12T01:08:04.450+0000] {processor.py:186} INFO - Started process (PID=15395) to work on /home/ec2-user/environment/lab4_model_training/venv/lib64/python3.12/site-packages/airflow/example_dags/plugins/workday.py
[2026-03-12T01:08:04.451+0000] {processor.py:914} INFO - Processing file /home/ec2-user/environment/lab4_model_training/venv/lib64/python3.12/site-packages/airflow/example_dags/plugins/workday.py for tasks to queue
[2026-03-12T01:08:04.454+0000] {logging_mixin.py:190} INFO - [2026-03-12T01:08:04.453+0000] {dagbag.py:588} INFO - Filling up the DagBag from /home/ec2-user/environment/lab4_model_training/venv/lib64/python3.12/site-packages/airflow/example_dags/plugins/workday.py
[2026-03-12T01:08:04.456+0000] {processor.py:927} WARNING - No viable dags retrieved from /home/ec2-user/environment/lab4_model_training/venv/lib64/python3.12/site-packages/airflow/example_dags/plugins/workday.py
[2026-03-12T01:08:04.466+0000] {processor.py:208} INFO - Processing /home/ec2-user/environment/lab4_model_training/venv/lib64/python3.12/site-packages/airflow/example_dags/plugins/workday.py took 0.022 seconds
[2026-03-12T01:09:06.669+0000] {processor.py:186} INFO - Started process (PID=15631) to work on /home/ec2-user/environment/lab4_model_training/venv/lib64/python3.12/site-packages/airflow/example_dags/plugins/workday.py
[2026-03-12T01:09:06.670+0000] {processor.py:914} INFO - Processing file /home/ec2-user/environment/lab4_model_training/venv/lib64/python3.12/site-packages/airflow/example_dags/plugins/workday.py for tasks to queue
[2026-03-12T01:09:06.673+0000] {logging_mixin.py:190} INFO - [2026-03-12T01:09:06.672+0000] {dagbag.py:588} INFO - Filling up the DagBag from /home/ec2-user/environment/lab4_model_training/venv/lib64/python3.12/site-packages/airflow/example_dags/plugins/workday.py
[2026-03-12T01:09:06.675+0000] {processor.py:927} WARNING - No viable dags retrieved from /home/ec2-user/environment/lab4_model_training/venv/lib64/python3.12/site-packages/airflow/example_dags/plugins/workday.py
[2026-03-12T01:09:06.684+0000] {processor.py:208} INFO - Processing /home/ec2-user/environment/lab4_model_training/venv/lib64/python3.12/site-packages/airflow/example_dags/plugins/workday.py took 0.021 seconds
[2026-03-12T01:10:08.831+0000] {processor.py:186} INFO - Started process (PID=15915) to work on /home/ec2-user/environment/lab4_model_training/venv/lib64/python3.12/site-packages/airflow/example_dags/plugins/workday.py
[2026-03-12T01:10:08.832+0000] {processor.py:914} INFO - Processing file /home/ec2-user/environment/lab4_model_training/venv/lib64/python3.12/site-packages/airflow/example_dags/plugins/workday.py for tasks to queue
[2026-03-12T01:10:08.835+0000] {logging_mixin.py:190} INFO - [2026-03-12T01:10:08.835+0000] {dagbag.py:588} INFO - Filling up the DagBag from /home/ec2-user/environment/lab4_model_training/venv/lib64/python3.12/site-packages/airflow/example_dags/plugins/workday.py
[2026-03-12T01:10:08.838+0000] {processor.py:927} WARNING - No viable dags retrieved from /home/ec2-user/environment/lab4_model_training/venv/lib64/python3.12/site-packages/airflow/example_dags/plugins/workday.py
[2026-03-12T01:10:08.847+0000] {processor.py:208} INFO - Processing /home/ec2-user/environment/lab4_model_training/venv/lib64/python3.12/site-packages/airflow/example_dags/plugins/workday.py took 0.021 seconds
[2026-03-12T01:11:16.507+0000] {processor.py:186} INFO - Started process (PID=16234) to work on /home/ec2-user/environment/lab4_model_training/venv/lib64/python3.12/site-packages/airflow/example_dags/plugins/workday.py
[2026-03-12T01:11:16.508+0000] {processor.py:914} INFO - Processing file /home/ec2-user/environment/lab4_model_training/venv/lib64/python3.12/site-packages/airflow/example_dags/plugins/workday.py for tasks to queue
[2026-03-12T01:11:16.511+0000] {logging_mixin.py:190} INFO - [2026-03-12T01:11:16.511+0000] {dagbag.py:588} INFO - Filling up the DagBag from /home/ec2-user/environment/lab4_model_training/venv/lib64/python3.12/site-packages/airflow/example_dags/plugins/workday.py
[2026-03-12T01:11:16.514+0000] {processor.py:927} WARNING - No viable dags retrieved from /home/ec2-user/environment/lab4_model_training/venv/lib64/python3.12/site-packages/airflow/example_dags/plugins/workday.py
[2026-03-12T01:11:16.523+0000] {processor.py:208} INFO - Processing /home/ec2-user/environment/lab4_model_training/venv/lib64/python3.12/site-packages/airflow/example_dags/plugins/workday.py took 0.021 seconds
[2026-03-12T01:12:20.758+0000] {processor.py:186} INFO - Started process (PID=16474) to work on /home/ec2-user/environment/lab4_model_training/venv/lib64/python3.12/site-packages/airflow/example_dags/plugins/workday.py
[2026-03-12T01:12:20.759+0000] {processor.py:914} INFO - Processing file /home/ec2-user/environment/lab4_model_training/venv/lib64/python3.12/site-packages/airflow/example_dags/plugins/workday.py for tasks to queue
[2026-03-12T01:12:20.762+0000] {logging_mixin.py:190} INFO - [2026-03-12T01:12:20.761+0000] {dagbag.py:588} INFO - Filling up the DagBag from /home/ec2-user/environment/lab4_model_training/venv/lib64/python3.12/site-packages/airflow/example_dags/plugins/workday.py
[2026-03-12T01:12:20.764+0000] {processor.py:927} WARNING - No viable dags retrieved from /home/ec2-user/environment/lab4_model_training/venv/lib64/python3.12/site-packages/airflow/example_dags/plugins/workday.py
[2026-03-12T01:12:20.773+0000] {processor.py:208} INFO - Processing /home/ec2-user/environment/lab4_model_training/venv/lib64/python3.12/site-packages/airflow/example_dags/plugins/workday.py took 0.021 seconds
[2026-03-12T01:13:23.602+0000] {processor.py:186} INFO - Started process (PID=16771) to work on /home/ec2-user/environment/lab4_model_training/venv/lib64/python3.12/site-packages/airflow/example_dags/plugins/workday.py
[2026-03-12T01:13:23.603+0000] {processor.py:914} INFO - Processing file /home/ec2-user/environment/lab4_model_training/venv/lib64/python3.12/site-packages/airflow/example_dags/plugins/workday.py for tasks to queue
[2026-03-12T01:13:23.606+0000] {logging_mixin.py:190} INFO - [2026-03-12T01:13:23.605+0000] {dagbag.py:588} INFO - Filling up the DagBag from /home/ec2-user/environment/lab4_model_training/venv/lib64/python3.12/site-packages/airflow/example_dags/plugins/workday.py
[2026-03-12T01:13:23.608+0000] {processor.py:927} WARNING - No viable dags retrieved from /home/ec2-user/environment/lab4_model_training/venv/lib64/python3.12/site-packages/airflow/example_dags/plugins/workday.py
[2026-03-12T01:13:23.617+0000] {processor.py:208} INFO - Processing /home/ec2-user/environment/lab4_model_training/venv/lib64/python3.12/site-packages/airflow/example_dags/plugins/workday.py took 0.021 seconds
[2026-03-12T01:14:28.868+0000] {processor.py:186} INFO - Started process (PID=17092) to work on /home/ec2-user/environment/lab4_model_training/venv/lib64/python3.12/site-packages/airflow/example_dags/plugins/workday.py
[2026-03-12T01:14:28.869+0000] {processor.py:914} INFO - Processing file /home/ec2-user/environment/lab4_model_training/venv/lib64/python3.12/site-packages/airflow/example_dags/plugins/workday.py for tasks to queue
[2026-03-12T01:14:28.872+0000] {logging_mixin.py:190} INFO - [2026-03-12T01:14:28.871+0000] {dagbag.py:588} INFO - Filling up the DagBag from /home/ec2-user/environment/lab4_model_training/venv/lib64/python3.12/site-packages/airflow/example_dags/plugins/workday.py
[2026-03-12T01:14:28.874+0000] {processor.py:927} WARNING - No viable dags retrieved from /home/ec2-user/environment/lab4_model_training/venv/lib64/python3.12/site-packages/airflow/example_dags/plugins/workday.py
[2026-03-12T01:14:28.883+0000] {processor.py:208} INFO - Processing /home/ec2-user/environment/lab4_model_training/venv/lib64/python3.12/site-packages/airflow/example_dags/plugins/workday.py took 0.021 seconds
[2026-03-12T01:15:31.135+0000] {processor.py:186} INFO - Started process (PID=17382) to work on /home/ec2-user/environment/lab4_model_training/venv/lib64/python3.12/site-packages/airflow/example_dags/plugins/workday.py
[2026-03-12T01:15:31.136+0000] {processor.py:914} INFO - Processing file /home/ec2-user/environment/lab4_model_training/venv/lib64/python3.12/site-packages/airflow/example_dags/plugins/workday.py for tasks to queue
[2026-03-12T01:15:31.139+0000] {logging_mixin.py:190} INFO - [2026-03-12T01:15:31.138+0000] {dagbag.py:588} INFO - Filling up the DagBag from /home/ec2-user/environment/lab4_model_training/venv/lib64/python3.12/site-packages/airflow/example_dags/plugins/workday.py
[2026-03-12T01:15:31.141+0000] {processor.py:927} WARNING - No viable dags retrieved from /home/ec2-user/environment/lab4_model_training/venv/lib64/python3.12/site-packages/airflow/example_dags/plugins/workday.py
[2026-03-12T01:15:31.150+0000] {processor.py:208} INFO - Processing /home/ec2-user/environment/lab4_model_training/venv/lib64/python3.12/site-packages/airflow/example_dags/plugins/workday.py took 0.021 seconds
[2026-03-12T01:16:32.110+0000] {processor.py:186} INFO - Started process (PID=17664) to work on /home/ec2-user/environment/lab4_model_training/venv/lib64/python3.12/site-packages/airflow/example_dags/plugins/workday.py
[2026-03-12T01:16:32.111+0000] {processor.py:914} INFO - Processing file /home/ec2-user/environment/lab4_model_training/venv/lib64/python3.12/site-packages/airflow/example_dags/plugins/workday.py for tasks to queue
[2026-03-12T01:16:32.114+0000] {logging_mixin.py:190} INFO - [2026-03-12T01:16:32.114+0000] {dagbag.py:588} INFO - Filling up the DagBag from /home/ec2-user/environment/lab4_model_training/venv/lib64/python3.12/site-packages/airflow/example_dags/plugins/workday.py
[2026-03-12T01:16:32.116+0000] {processor.py:927} WARNING - No viable dags retrieved from /home/ec2-user/environment/lab4_model_training/venv/lib64/python3.12/site-packages/airflow/example_dags/plugins/workday.py
[2026-03-12T01:16:32.125+0000] {processor.py:208} INFO - Processing /home/ec2-user/environment/lab4_model_training/venv/lib64/python3.12/site-packages/airflow/example_dags/plugins/workday.py took 0.021 seconds
[2026-03-12T01:17:47.607+0000] {processor.py:186} INFO - Started process (PID=17995) to work on /home/ec2-user/environment/lab4_model_training/venv/lib64/python3.12/site-packages/airflow/example_dags/plugins/workday.py
[2026-03-12T01:17:47.608+0000] {processor.py:914} INFO - Processing file /home/ec2-user/environment/lab4_model_training/venv/lib64/python3.12/site-packages/airflow/example_dags/plugins/workday.py for tasks to queue
[2026-03-12T01:17:47.610+0000] {logging_mixin.py:190} INFO - [2026-03-12T01:17:47.610+0000] {dagbag.py:588} INFO - Filling up the DagBag from /home/ec2-user/environment/lab4_model_training/venv/lib64/python3.12/site-packages/airflow/example_dags/plugins/workday.py
[2026-03-12T01:17:47.613+0000] {processor.py:927} WARNING - No viable dags retrieved from /home/ec2-user/environment/lab4_model_training/venv/lib64/python3.12/site-packages/airflow/example_dags/plugins/workday.py
[2026-03-12T01:17:47.622+0000] {processor.py:208} INFO - Processing /home/ec2-user/environment/lab4_model_training/venv/lib64/python3.12/site-packages/airflow/example_dags/plugins/workday.py took 0.020 seconds
[2026-03-12T01:18:47.306+0000] {processor.py:186} INFO - Started process (PID=18280) to work on /home/ec2-user/environment/lab4_model_training/venv/lib64/python3.12/site-packages/airflow/example_dags/plugins/workday.py
[2026-03-12T01:18:47.307+0000] {processor.py:914} INFO - Processing file /home/ec2-user/environment/lab4_model_training/venv/lib64/python3.12/site-packages/airflow/example_dags/plugins/workday.py for tasks to queue
[2026-03-12T01:18:47.310+0000] {logging_mixin.py:190} INFO - [2026-03-12T01:18:47.309+0000] {dagbag.py:588} INFO - Filling up the DagBag from /home/ec2-user/environment/lab4_model_training/venv/lib64/python3.12/site-packages/airflow/example_dags/plugins/workday.py
[2026-03-12T01:18:47.312+0000] {processor.py:927} WARNING - No viable dags retrieved from /home/ec2-user/environment/lab4_model_training/venv/lib64/python3.12/site-packages/airflow/example_dags/plugins/workday.py
[2026-03-12T01:18:47.321+0000] {processor.py:208} INFO - Processing /home/ec2-user/environment/lab4_model_training/venv/lib64/python3.12/site-packages/airflow/example_dags/plugins/workday.py took 0.020 seconds
[2026-03-12T01:20:00.653+0000] {processor.py:186} INFO - Started process (PID=18547) to work on /home/ec2-user/environment/lab4_model_training/venv/lib64/python3.12/site-packages/airflow/example_dags/plugins/workday.py
[2026-03-12T01:20:00.654+0000] {processor.py:914} INFO - Processing file /home/ec2-user/environment/lab4_model_training/venv/lib64/python3.12/site-packages/airflow/example_dags/plugins/workday.py for tasks to queue
[2026-03-12T01:20:00.657+0000] {logging_mixin.py:190} INFO - [2026-03-12T01:20:00.656+0000] {dagbag.py:588} INFO - Filling up the DagBag from /home/ec2-user/environment/lab4_model_training/venv/lib64/python3.12/site-packages/airflow/example_dags/plugins/workday.py
[2026-03-12T01:20:00.659+0000] {processor.py:927} WARNING - No viable dags retrieved from /home/ec2-user/environment/lab4_model_training/venv/lib64/python3.12/site-packages/airflow/example_dags/plugins/workday.py
[2026-03-12T01:20:00.668+0000] {processor.py:208} INFO - Processing /home/ec2-user/environment/lab4_model_training/venv/lib64/python3.12/site-packages/airflow/example_dags/plugins/workday.py took 0.021 seconds
[2026-03-12T01:21:04.535+0000] {processor.py:186} INFO - Started process (PID=18862) to work on /home/ec2-user/environment/lab4_model_training/venv/lib64/python3.12/site-packages/airflow/example_dags/plugins/workday.py
[2026-03-12T01:21:04.536+0000] {processor.py:914} INFO - Processing file /home/ec2-user/environment/lab4_model_training/venv/lib64/python3.12/site-packages/airflow/example_dags/plugins/workday.py for tasks to queue
[2026-03-12T01:21:04.538+0000] {logging_mixin.py:190} INFO - [2026-03-12T01:21:04.538+0000] {dagbag.py:588} INFO - Filling up the DagBag from /home/ec2-user/environment/lab4_model_training/venv/lib64/python3.12/site-packages/airflow/example_dags/plugins/workday.py
[2026-03-12T01:21:04.541+0000] {processor.py:927} WARNING - No viable dags retrieved from /home/ec2-user/environment/lab4_model_training/venv/lib64/python3.12/site-packages/airflow/example_dags/plugins/workday.py
[2026-03-12T01:21:04.550+0000] {processor.py:208} INFO - Processing /home/ec2-user/environment/lab4_model_training/venv/lib64/python3.12/site-packages/airflow/example_dags/plugins/workday.py took 0.020 seconds
[2026-03-12T01:22:10.737+0000] {processor.py:186} INFO - Started process (PID=19134) to work on /home/ec2-user/environment/lab4_model_training/venv/lib64/python3.12/site-packages/airflow/example_dags/plugins/workday.py
[2026-03-12T01:22:10.739+0000] {processor.py:914} INFO - Processing file /home/ec2-user/environment/lab4_model_training/venv/lib64/python3.12/site-packages/airflow/example_dags/plugins/workday.py for tasks to queue
[2026-03-12T01:22:10.741+0000] {logging_mixin.py:190} INFO - [2026-03-12T01:22:10.741+0000] {dagbag.py:588} INFO - Filling up the DagBag from /home/ec2-user/environment/lab4_model_training/venv/lib64/python3.12/site-packages/airflow/example_dags/plugins/workday.py
[2026-03-12T01:22:10.743+0000] {processor.py:927} WARNING - No viable dags retrieved from /home/ec2-user/environment/lab4_model_training/venv/lib64/python3.12/site-packages/airflow/example_dags/plugins/workday.py
[2026-03-12T01:22:10.752+0000] {processor.py:208} INFO - Processing /home/ec2-user/environment/lab4_model_training/venv/lib64/python3.12/site-packages/airflow/example_dags/plugins/workday.py took 0.020 seconds
[2026-03-12T01:23:21.537+0000] {processor.py:186} INFO - Started process (PID=19445) to work on /home/ec2-user/environment/lab4_model_training/venv/lib64/python3.12/site-packages/airflow/example_dags/plugins/workday.py
[2026-03-12T01:23:21.538+0000] {processor.py:914} INFO - Processing file /home/ec2-user/environment/lab4_model_training/venv/lib64/python3.12/site-packages/airflow/example_dags/plugins/workday.py for tasks to queue
[2026-03-12T01:23:21.541+0000] {logging_mixin.py:190} INFO - [2026-03-12T01:23:21.541+0000] {dagbag.py:588} INFO - Filling up the DagBag from /home/ec2-user/environment/lab4_model_training/venv/lib64/python3.12/site-packages/airflow/example_dags/plugins/workday.py
[2026-03-12T01:23:21.543+0000] {processor.py:927} WARNING - No viable dags retrieved from /home/ec2-user/environment/lab4_model_training/venv/lib64/python3.12/site-packages/airflow/example_dags/plugins/workday.py
[2026-03-12T01:23:21.552+0000] {processor.py:208} INFO - Processing /home/ec2-user/environment/lab4_model_training/venv/lib64/python3.12/site-packages/airflow/example_dags/plugins/workday.py took 0.021 seconds
[2026-03-12T01:24:35.225+0000] {processor.py:186} INFO - Started process (PID=19768) to work on /home/ec2-user/environment/lab4_model_training/venv/lib64/python3.12/site-packages/airflow/example_dags/plugins/workday.py
[2026-03-12T01:24:35.226+0000] {processor.py:914} INFO - Processing file /home/ec2-user/environment/lab4_model_training/venv/lib64/python3.12/site-packages/airflow/example_dags/plugins/workday.py for tasks to queue
[2026-03-12T01:24:35.229+0000] {logging_mixin.py:190} INFO - [2026-03-12T01:24:35.229+0000] {dagbag.py:588} INFO - Filling up the DagBag from /home/ec2-user/environment/lab4_model_training/venv/lib64/python3.12/site-packages/airflow/example_dags/plugins/workday.py
[2026-03-12T01:24:35.231+0000] {processor.py:927} WARNING - No viable dags retrieved from /home/ec2-user/environment/lab4_model_training/venv/lib64/python3.12/site-packages/airflow/example_dags/plugins/workday.py
[2026-03-12T01:24:35.240+0000] {processor.py:208} INFO - Processing /home/ec2-user/environment/lab4_model_training/venv/lib64/python3.12/site-packages/airflow/example_dags/plugins/workday.py took 0.020 seconds
[2026-03-12T01:25:43.287+0000] {processor.py:186} INFO - Started process (PID=20027) to work on /home/ec2-user/environment/lab4_model_training/venv/lib64/python3.12/site-packages/airflow/example_dags/plugins/workday.py
[2026-03-12T01:25:43.288+0000] {processor.py:914} INFO - Processing file /home/ec2-user/environment/lab4_model_training/venv/lib64/python3.12/site-packages/airflow/example_dags/plugins/workday.py for tasks to queue
[2026-03-12T01:25:43.291+0000] {logging_mixin.py:190} INFO - [2026-03-12T01:25:43.291+0000] {dagbag.py:588} INFO - Filling up the DagBag from /home/ec2-user/environment/lab4_model_training/venv/lib64/python3.12/site-packages/airflow/example_dags/plugins/workday.py
[2026-03-12T01:25:43.294+0000] {processor.py:927} WARNING - No viable dags retrieved from /home/ec2-user/environment/lab4_model_training/venv/lib64/python3.12/site-packages/airflow/example_dags/plugins/workday.py
[2026-03-12T01:25:43.303+0000] {processor.py:208} INFO - Processing /home/ec2-user/environment/lab4_model_training/venv/lib64/python3.12/site-packages/airflow/example_dags/plugins/workday.py took 0.021 seconds
[2026-03-12T01:26:52.497+0000] {processor.py:186} INFO - Started process (PID=20339) to work on /home/ec2-user/environment/lab4_model_training/venv/lib64/python3.12/site-packages/airflow/example_dags/plugins/workday.py
[2026-03-12T01:26:52.498+0000] {processor.py:914} INFO - Processing file /home/ec2-user/environment/lab4_model_training/venv/lib64/python3.12/site-packages/airflow/example_dags/plugins/workday.py for tasks to queue
[2026-03-12T01:26:52.501+0000] {logging_mixin.py:190} INFO - [2026-03-12T01:26:52.500+0000] {dagbag.py:588} INFO - Filling up the DagBag from /home/ec2-user/environment/lab4_model_training/venv/lib64/python3.12/site-packages/airflow/example_dags/plugins/workday.py
[2026-03-12T01:26:52.503+0000] {processor.py:927} WARNING - No viable dags retrieved from /home/ec2-user/environment/lab4_model_training/venv/lib64/python3.12/site-packages/airflow/example_dags/plugins/workday.py
[2026-03-12T01:26:52.512+0000] {processor.py:208} INFO - Processing /home/ec2-user/environment/lab4_model_training/venv/lib64/python3.12/site-packages/airflow/example_dags/plugins/workday.py took 0.020 seconds
[2026-03-12T01:27:51.645+0000] {processor.py:186} INFO - Started process (PID=20570) to work on /home/ec2-user/environment/lab4_model_training/venv/lib64/python3.12/site-packages/airflow/example_dags/plugins/workday.py
[2026-03-12T01:27:51.646+0000] {processor.py:914} INFO - Processing file /home/ec2-user/environment/lab4_model_training/venv/lib64/python3.12/site-packages/airflow/example_dags/plugins/workday.py for tasks to queue
[2026-03-12T01:27:51.649+0000] {logging_mixin.py:190} INFO - [2026-03-12T01:27:51.648+0000] {dagbag.py:588} INFO - Filling up the DagBag from /home/ec2-user/environment/lab4_model_training/venv/lib64/python3.12/site-packages/airflow/example_dags/plugins/workday.py
[2026-03-12T01:27:51.651+0000] {processor.py:927} WARNING - No viable dags retrieved from /home/ec2-user/environment/lab4_model_training/venv/lib64/python3.12/site-packages/airflow/example_dags/plugins/workday.py
[2026-03-12T01:27:51.660+0000] {processor.py:208} INFO - Processing /home/ec2-user/environment/lab4_model_training/venv/lib64/python3.12/site-packages/airflow/example_dags/plugins/workday.py took 0.021 seconds
[2026-03-12T01:28:52.637+0000] {processor.py:186} INFO - Started process (PID=20844) to work on /home/ec2-user/environment/lab4_model_training/venv/lib64/python3.12/site-packages/airflow/example_dags/plugins/workday.py
[2026-03-12T01:28:52.639+0000] {processor.py:914} INFO - Processing file /home/ec2-user/environment/lab4_model_training/venv/lib64/python3.12/site-packages/airflow/example_dags/plugins/workday.py for tasks to queue
[2026-03-12T01:28:52.641+0000] {logging_mixin.py:190} INFO - [2026-03-12T01:28:52.641+0000] {dagbag.py:588} INFO - Filling up the DagBag from /home/ec2-user/environment/lab4_model_training/venv/lib64/python3.12/site-packages/airflow/example_dags/plugins/workday.py
[2026-03-12T01:28:52.644+0000] {processor.py:927} WARNING - No viable dags retrieved from /home/ec2-user/environment/lab4_model_training/venv/lib64/python3.12/site-packages/airflow/example_dags/plugins/workday.py
[2026-03-12T01:28:52.653+0000] {processor.py:208} INFO - Processing /home/ec2-user/environment/lab4_model_training/venv/lib64/python3.12/site-packages/airflow/example_dags/plugins/workday.py took 0.021 seconds
[2026-03-12T01:29:56.166+0000] {processor.py:186} INFO - Started process (PID=21226) to work on /home/ec2-user/environment/lab4_model_training/venv/lib64/python3.12/site-packages/airflow/example_dags/plugins/workday.py
[2026-03-12T01:29:56.168+0000] {processor.py:914} INFO - Processing file /home/ec2-user/environment/lab4_model_training/venv/lib64/python3.12/site-packages/airflow/example_dags/plugins/workday.py for tasks to queue
[2026-03-12T01:29:56.170+0000] {logging_mixin.py:190} INFO - [2026-03-12T01:29:56.169+0000] {dagbag.py:588} INFO - Filling up the DagBag from /home/ec2-user/environment/lab4_model_training/venv/lib64/python3.12/site-packages/airflow/example_dags/plugins/workday.py
[2026-03-12T01:29:56.172+0000] {processor.py:927} WARNING - No viable dags retrieved from /home/ec2-user/environment/lab4_model_training/venv/lib64/python3.12/site-packages/airflow/example_dags/plugins/workday.py
[2026-03-12T01:29:56.181+0000] {processor.py:208} INFO - Processing /home/ec2-user/environment/lab4_model_training/venv/lib64/python3.12/site-packages/airflow/example_dags/plugins/workday.py took 0.020 seconds
[2026-03-12T01:30:56.134+0000] {processor.py:186} INFO - Started process (PID=21491) to work on /home/ec2-user/environment/lab4_model_training/venv/lib64/python3.12/site-packages/airflow/example_dags/plugins/workday.py
[2026-03-12T01:30:56.136+0000] {processor.py:914} INFO - Processing file /home/ec2-user/environment/lab4_model_training/venv/lib64/python3.12/site-packages/airflow/example_dags/plugins/workday.py for tasks to queue
[2026-03-12T01:30:56.138+0000] {logging_mixin.py:190} INFO - [2026-03-12T01:30:56.138+0000] {dagbag.py:588} INFO - Filling up the DagBag from /home/ec2-user/environment/lab4_model_training/venv/lib64/python3.12/site-packages/airflow/example_dags/plugins/workday.py
[2026-03-12T01:30:56.141+0000] {processor.py:927} WARNING - No viable dags retrieved from /home/ec2-user/environment/lab4_model_training/venv/lib64/python3.12/site-packages/airflow/example_dags/plugins/workday.py
[2026-03-12T01:30:56.149+0000] {processor.py:208} INFO - Processing /home/ec2-user/environment/lab4_model_training/venv/lib64/python3.12/site-packages/airflow/example_dags/plugins/workday.py took 0.021 seconds
[2026-03-12T01:32:01.105+0000] {processor.py:186} INFO - Started process (PID=21792) to work on /home/ec2-user/environment/lab4_model_training/venv/lib64/python3.12/site-packages/airflow/example_dags/plugins/workday.py
[2026-03-12T01:32:01.106+0000] {processor.py:914} INFO - Processing file /home/ec2-user/environment/lab4_model_training/venv/lib64/python3.12/site-packages/airflow/example_dags/plugins/workday.py for tasks to queue
[2026-03-12T01:32:01.109+0000] {logging_mixin.py:190} INFO - [2026-03-12T01:32:01.108+0000] {dagbag.py:588} INFO - Filling up the DagBag from /home/ec2-user/environment/lab4_model_training/venv/lib64/python3.12/site-packages/airflow/example_dags/plugins/workday.py
[2026-03-12T01:32:01.111+0000] {processor.py:927} WARNING - No viable dags retrieved from /home/ec2-user/environment/lab4_model_training/venv/lib64/python3.12/site-packages/airflow/example_dags/plugins/workday.py
[2026-03-12T01:32:01.120+0000] {processor.py:208} INFO - Processing /home/ec2-user/environment/lab4_model_training/venv/lib64/python3.12/site-packages/airflow/example_dags/plugins/workday.py took 0.021 seconds
[2026-03-12T01:32:59.988+0000] {processor.py:186} INFO - Started process (PID=22015) to work on /home/ec2-user/environment/lab4_model_training/venv/lib64/python3.12/site-packages/airflow/example_dags/plugins/workday.py
[2026-03-12T01:32:59.989+0000] {processor.py:914} INFO - Processing file /home/ec2-user/environment/lab4_model_training/venv/lib64/python3.12/site-packages/airflow/example_dags/plugins/workday.py for tasks to queue
[2026-03-12T01:32:59.992+0000] {logging_mixin.py:190} INFO - [2026-03-12T01:32:59.991+0000] {dagbag.py:588} INFO - Filling up the DagBag from /home/ec2-user/environment/lab4_model_training/venv/lib64/python3.12/site-packages/airflow/example_dags/plugins/workday.py
[2026-03-12T01:32:59.994+0000] {processor.py:927} WARNING - No viable dags retrieved from /home/ec2-user/environment/lab4_model_training/venv/lib64/python3.12/site-packages/airflow/example_dags/plugins/workday.py
[2026-03-12T01:33:00.003+0000] {processor.py:208} INFO - Processing /home/ec2-user/environment/lab4_model_training/venv/lib64/python3.12/site-packages/airflow/example_dags/plugins/workday.py took 0.021 seconds
