[2026-03-28T06:09:14.407+0000] {local_task_job_runner.py:123} INFO - ::group::Pre task execution logs
[2026-03-28T06:09:14.414+0000] {taskinstance.py:2612} INFO - Dependencies all met for dep_context=non-requeueable deps ti=<TaskInstance: ml_training_pipeline_v2.promote_model manual__2026-03-28T06:03:57.635086+00:00 [queued]>
[2026-03-28T06:09:14.419+0000] {taskinstance.py:2612} INFO - Dependencies all met for dep_context=requeueable deps ti=<TaskInstance: ml_training_pipeline_v2.promote_model manual__2026-03-28T06:03:57.635086+00:00 [queued]>
[2026-03-28T06:09:14.419+0000] {taskinstance.py:2865} INFO - Starting attempt 2 of 2
[2026-03-28T06:09:14.430+0000] {taskinstance.py:2888} INFO - Executing <Task(PythonOperator): promote_model> on 2026-03-28 06:03:57.635086+00:00
[2026-03-28T06:09:14.435+0000] {standard_task_runner.py:72} INFO - Started process 26251 to run task
[2026-03-28T06:09:14.438+0000] {standard_task_runner.py:104} INFO - Running: ['airflow', 'tasks', 'run', 'ml_training_pipeline_v2', 'promote_model', 'manual__2026-03-28T06:03:57.635086+00:00', '--job-id', '54', '--raw', '--subdir', 'DAGS_FOLDER/ml_training_pipeline_v2.py', '--cfg-path', '/tmp/tmpnvso46p5']
[2026-03-28T06:09:14.439+0000] {standard_task_runner.py:105} INFO - Job 54: Subtask promote_model
[2026-03-28T06:09:14.466+0000] {task_command.py:467} INFO - Running <TaskInstance: ml_training_pipeline_v2.promote_model manual__2026-03-28T06:03:57.635086+00:00 [running]> on host ip-172-31-67-97.ec2.internal
[2026-03-28T06:09:14.512+0000] {taskinstance.py:3131} INFO - Exporting env vars: AIRFLOW_CTX_DAG_OWNER='airflow' AIRFLOW_CTX_DAG_ID='ml_training_pipeline_v2' AIRFLOW_CTX_TASK_ID='promote_model' AIRFLOW_CTX_EXECUTION_DATE='2026-03-28T06:03:57.635086+00:00' AIRFLOW_CTX_TRY_NUMBER='2' AIRFLOW_CTX_DAG_RUN_ID='manual__2026-03-28T06:03:57.635086+00:00'
[2026-03-28T06:09:14.513+0000] {logging_mixin.py:190} INFO - Task instance is in running state
[2026-03-28T06:09:14.513+0000] {logging_mixin.py:190} INFO -  Previous state of the Task instance: queued
[2026-03-28T06:09:14.513+0000] {logging_mixin.py:190} INFO - Current task name:promote_model state:running start_date:2026-03-28 06:09:14.414622+00:00
[2026-03-28T06:09:14.513+0000] {logging_mixin.py:190} INFO - Dag name:ml_training_pipeline_v2 and current dag run status:running
[2026-03-28T06:09:14.513+0000] {taskinstance.py:731} INFO - ::endgroup::
[2026-03-28T06:09:14.526+0000] {credentials.py:1278} INFO - Found credentials in shared credentials file: ~/.aws/credentials
[2026-03-28T06:09:14.740+0000] {logging_mixin.py:190} INFO - Model 20260328_010742 promoted to S3 at models/20260328_010742/
[2026-03-28T06:09:14.741+0000] {python.py:240} INFO - Done. Returned value was: None
[2026-03-28T06:09:14.745+0000] {taskinstance.py:340} INFO - ::group::Post task execution logs
[2026-03-28T06:09:14.745+0000] {taskinstance.py:352} INFO - Marking task as SUCCESS. dag_id=ml_training_pipeline_v2, task_id=promote_model, run_id=manual__2026-03-28T06:03:57.635086+00:00, execution_date=20260328T060357, start_date=20260328T060914, end_date=20260328T060914
[2026-03-28T06:09:14.754+0000] {logging_mixin.py:190} INFO - Task instance in success state
[2026-03-28T06:09:14.754+0000] {logging_mixin.py:190} INFO -  Previous state of the Task instance: running
[2026-03-28T06:09:14.754+0000] {logging_mixin.py:190} INFO - Dag name:ml_training_pipeline_v2 queued_at:2026-03-28 06:03:57.645492+00:00
[2026-03-28T06:09:14.754+0000] {logging_mixin.py:190} INFO - Task hostname:ip-172-31-67-97.ec2.internal operator:PythonOperator
[2026-03-28T06:09:14.761+0000] {local_task_job_runner.py:266} INFO - Task exited with return code 0
[2026-03-28T06:09:14.770+0000] {taskinstance.py:3900} INFO - 0 downstream tasks scheduled from follow-on schedule check
[2026-03-28T06:09:14.771+0000] {local_task_job_runner.py:245} INFO - ::endgroup::
