[2026-03-12T00:36:03.606+0000] {processor.py:186} INFO - Started process (PID=6971) to work on /home/ec2-user/environment/lab4_model_training/airflow_home/dags/ml_pipeline_dag.py
[2026-03-12T00:36:03.606+0000] {processor.py:914} INFO - Processing file /home/ec2-user/environment/lab4_model_training/airflow_home/dags/ml_pipeline_dag.py for tasks to queue
[2026-03-12T00:36:03.608+0000] {logging_mixin.py:190} INFO - [2026-03-12T00:36:03.608+0000] {dagbag.py:588} INFO - Filling up the DagBag from /home/ec2-user/environment/lab4_model_training/airflow_home/dags/ml_pipeline_dag.py
[2026-03-12T00:36:04.680+0000] {processor.py:925} INFO - DAG(s) 'ml_pipeline' retrieved from /home/ec2-user/environment/lab4_model_training/airflow_home/dags/ml_pipeline_dag.py
[2026-03-12T00:36:04.763+0000] {logging_mixin.py:190} INFO - [2026-03-12T00:36:04.762+0000] {override.py:1930} INFO - Created Permission View: can read on DAG:ml_pipeline
[2026-03-12T00:36:04.774+0000] {logging_mixin.py:190} INFO - [2026-03-12T00:36:04.773+0000] {override.py:1930} INFO - Created Permission View: can delete on DAG:ml_pipeline
[2026-03-12T00:36:04.797+0000] {logging_mixin.py:190} INFO - [2026-03-12T00:36:04.796+0000] {override.py:1930} INFO - Created Permission View: can edit on DAG:ml_pipeline
[2026-03-12T00:36:04.813+0000] {logging_mixin.py:190} INFO - [2026-03-12T00:36:04.812+0000] {override.py:1930} INFO - Created Permission View: can read on DAG Run:ml_pipeline
[2026-03-12T00:36:04.822+0000] {logging_mixin.py:190} INFO - [2026-03-12T00:36:04.822+0000] {override.py:1930} INFO - Created Permission View: menu access on DAG Run:ml_pipeline
[2026-03-12T00:36:04.835+0000] {logging_mixin.py:190} INFO - [2026-03-12T00:36:04.834+0000] {override.py:1930} INFO - Created Permission View: can create on DAG Run:ml_pipeline
[2026-03-12T00:36:04.845+0000] {logging_mixin.py:190} INFO - [2026-03-12T00:36:04.844+0000] {override.py:1930} INFO - Created Permission View: can delete on DAG Run:ml_pipeline
[2026-03-12T00:36:04.846+0000] {logging_mixin.py:190} INFO - [2026-03-12T00:36:04.845+0000] {dag.py:3239} INFO - Sync 1 DAGs
[2026-03-12T00:36:04.858+0000] {logging_mixin.py:190} INFO - [2026-03-12T00:36:04.858+0000] {dag.py:3262} INFO - Creating ORM DAG for ml_pipeline
[2026-03-12T00:36:04.859+0000] {logging_mixin.py:190} INFO - [2026-03-12T00:36:04.859+0000] {dag.py:4180} INFO - Setting next_dagrun for ml_pipeline to None, run_after=None
[2026-03-12T00:36:04.876+0000] {processor.py:208} INFO - Processing /home/ec2-user/environment/lab4_model_training/airflow_home/dags/ml_pipeline_dag.py took 1.275 seconds
[2026-03-12T00:39:34.259+0000] {processor.py:186} INFO - Started process (PID=7869) to work on /home/ec2-user/environment/lab4_model_training/airflow_home/dags/ml_pipeline_dag.py
[2026-03-12T00:39:34.261+0000] {processor.py:914} INFO - Processing file /home/ec2-user/environment/lab4_model_training/airflow_home/dags/ml_pipeline_dag.py for tasks to queue
[2026-03-12T00:39:34.264+0000] {logging_mixin.py:190} INFO - [2026-03-12T00:39:34.263+0000] {dagbag.py:588} INFO - Filling up the DagBag from /home/ec2-user/environment/lab4_model_training/airflow_home/dags/ml_pipeline_dag.py
[2026-03-12T00:39:35.297+0000] {processor.py:925} INFO - DAG(s) 'ml_pipeline' retrieved from /home/ec2-user/environment/lab4_model_training/airflow_home/dags/ml_pipeline_dag.py
[2026-03-12T00:39:35.306+0000] {logging_mixin.py:190} INFO - [2026-03-12T00:39:35.305+0000] {dag.py:3239} INFO - Sync 1 DAGs
[2026-03-12T00:39:35.315+0000] {logging_mixin.py:190} INFO - [2026-03-12T00:39:35.315+0000] {dag.py:4180} INFO - Setting next_dagrun for ml_pipeline to None, run_after=None
[2026-03-12T00:39:35.335+0000] {processor.py:208} INFO - Processing /home/ec2-user/environment/lab4_model_training/airflow_home/dags/ml_pipeline_dag.py took 1.080 seconds
[2026-03-12T00:40:37.307+0000] {processor.py:186} INFO - Started process (PID=8111) to work on /home/ec2-user/environment/lab4_model_training/airflow_home/dags/ml_pipeline_dag.py
[2026-03-12T00:40:37.308+0000] {processor.py:914} INFO - Processing file /home/ec2-user/environment/lab4_model_training/airflow_home/dags/ml_pipeline_dag.py for tasks to queue
[2026-03-12T00:40:37.310+0000] {logging_mixin.py:190} INFO - [2026-03-12T00:40:37.310+0000] {dagbag.py:588} INFO - Filling up the DagBag from /home/ec2-user/environment/lab4_model_training/airflow_home/dags/ml_pipeline_dag.py
[2026-03-12T00:40:38.347+0000] {processor.py:925} INFO - DAG(s) 'ml_pipeline' retrieved from /home/ec2-user/environment/lab4_model_training/airflow_home/dags/ml_pipeline_dag.py
[2026-03-12T00:40:38.357+0000] {logging_mixin.py:190} INFO - [2026-03-12T00:40:38.356+0000] {dag.py:3239} INFO - Sync 1 DAGs
[2026-03-12T00:40:38.366+0000] {logging_mixin.py:190} INFO - [2026-03-12T00:40:38.366+0000] {dag.py:4180} INFO - Setting next_dagrun for ml_pipeline to None, run_after=None
[2026-03-12T00:40:38.384+0000] {processor.py:208} INFO - Processing /home/ec2-user/environment/lab4_model_training/airflow_home/dags/ml_pipeline_dag.py took 1.082 seconds
[2026-03-12T00:41:39.036+0000] {processor.py:186} INFO - Started process (PID=8398) to work on /home/ec2-user/environment/lab4_model_training/airflow_home/dags/ml_pipeline_dag.py
[2026-03-12T00:41:39.037+0000] {processor.py:914} INFO - Processing file /home/ec2-user/environment/lab4_model_training/airflow_home/dags/ml_pipeline_dag.py for tasks to queue
[2026-03-12T00:41:39.040+0000] {logging_mixin.py:190} INFO - [2026-03-12T00:41:39.040+0000] {dagbag.py:588} INFO - Filling up the DagBag from /home/ec2-user/environment/lab4_model_training/airflow_home/dags/ml_pipeline_dag.py
[2026-03-12T00:41:40.068+0000] {processor.py:925} INFO - DAG(s) 'ml_pipeline' retrieved from /home/ec2-user/environment/lab4_model_training/airflow_home/dags/ml_pipeline_dag.py
[2026-03-12T00:41:40.078+0000] {logging_mixin.py:190} INFO - [2026-03-12T00:41:40.078+0000] {dag.py:3239} INFO - Sync 1 DAGs
[2026-03-12T00:41:40.088+0000] {logging_mixin.py:190} INFO - [2026-03-12T00:41:40.087+0000] {dag.py:4180} INFO - Setting next_dagrun for ml_pipeline to None, run_after=None
[2026-03-12T00:41:40.106+0000] {processor.py:208} INFO - Processing /home/ec2-user/environment/lab4_model_training/airflow_home/dags/ml_pipeline_dag.py took 1.074 seconds
[2026-03-12T00:42:40.788+0000] {processor.py:186} INFO - Started process (PID=8683) to work on /home/ec2-user/environment/lab4_model_training/airflow_home/dags/ml_pipeline_dag.py
[2026-03-12T00:42:40.790+0000] {processor.py:914} INFO - Processing file /home/ec2-user/environment/lab4_model_training/airflow_home/dags/ml_pipeline_dag.py for tasks to queue
[2026-03-12T00:42:40.792+0000] {logging_mixin.py:190} INFO - [2026-03-12T00:42:40.792+0000] {dagbag.py:588} INFO - Filling up the DagBag from /home/ec2-user/environment/lab4_model_training/airflow_home/dags/ml_pipeline_dag.py
[2026-03-12T00:42:41.825+0000] {processor.py:925} INFO - DAG(s) 'ml_pipeline' retrieved from /home/ec2-user/environment/lab4_model_training/airflow_home/dags/ml_pipeline_dag.py
[2026-03-12T00:42:41.834+0000] {logging_mixin.py:190} INFO - [2026-03-12T00:42:41.834+0000] {dag.py:3239} INFO - Sync 1 DAGs
[2026-03-12T00:42:41.844+0000] {logging_mixin.py:190} INFO - [2026-03-12T00:42:41.844+0000] {dag.py:4180} INFO - Setting next_dagrun for ml_pipeline to None, run_after=None
[2026-03-12T00:42:41.862+0000] {processor.py:208} INFO - Processing /home/ec2-user/environment/lab4_model_training/airflow_home/dags/ml_pipeline_dag.py took 1.079 seconds
[2026-03-12T00:44:47.046+0000] {processor.py:186} INFO - Started process (PID=9256) to work on /home/ec2-user/environment/lab4_model_training/airflow_home/dags/ml_pipeline_dag.py
[2026-03-12T00:44:47.047+0000] {processor.py:914} INFO - Processing file /home/ec2-user/environment/lab4_model_training/airflow_home/dags/ml_pipeline_dag.py for tasks to queue
[2026-03-12T00:44:47.049+0000] {logging_mixin.py:190} INFO - [2026-03-12T00:44:47.049+0000] {dagbag.py:588} INFO - Filling up the DagBag from /home/ec2-user/environment/lab4_model_training/airflow_home/dags/ml_pipeline_dag.py
[2026-03-12T00:44:48.085+0000] {processor.py:925} INFO - DAG(s) 'ml_pipeline' retrieved from /home/ec2-user/environment/lab4_model_training/airflow_home/dags/ml_pipeline_dag.py
[2026-03-12T00:44:48.093+0000] {logging_mixin.py:190} INFO - [2026-03-12T00:44:48.093+0000] {dag.py:3239} INFO - Sync 1 DAGs
[2026-03-12T00:44:48.102+0000] {logging_mixin.py:190} INFO - [2026-03-12T00:44:48.102+0000] {dag.py:4180} INFO - Setting next_dagrun for ml_pipeline to None, run_after=None
[2026-03-12T00:44:48.121+0000] {processor.py:208} INFO - Processing /home/ec2-user/environment/lab4_model_training/airflow_home/dags/ml_pipeline_dag.py took 1.080 seconds
[2026-03-12T00:46:36.585+0000] {processor.py:186} INFO - Started process (PID=9722) to work on /home/ec2-user/environment/lab4_model_training/airflow_home/dags/ml_pipeline_dag.py
[2026-03-12T00:46:36.586+0000] {processor.py:914} INFO - Processing file /home/ec2-user/environment/lab4_model_training/airflow_home/dags/ml_pipeline_dag.py for tasks to queue
[2026-03-12T00:46:36.589+0000] {logging_mixin.py:190} INFO - [2026-03-12T00:46:36.588+0000] {dagbag.py:588} INFO - Filling up the DagBag from /home/ec2-user/environment/lab4_model_training/airflow_home/dags/ml_pipeline_dag.py
[2026-03-12T00:46:37.622+0000] {processor.py:925} INFO - DAG(s) 'ml_pipeline' retrieved from /home/ec2-user/environment/lab4_model_training/airflow_home/dags/ml_pipeline_dag.py
[2026-03-12T00:46:37.631+0000] {logging_mixin.py:190} INFO - [2026-03-12T00:46:37.631+0000] {dag.py:3239} INFO - Sync 1 DAGs
[2026-03-12T00:46:37.640+0000] {logging_mixin.py:190} INFO - [2026-03-12T00:46:37.640+0000] {dag.py:4180} INFO - Setting next_dagrun for ml_pipeline to None, run_after=None
[2026-03-12T00:46:37.662+0000] {processor.py:208} INFO - Processing /home/ec2-user/environment/lab4_model_training/airflow_home/dags/ml_pipeline_dag.py took 1.081 seconds
[2026-03-12T00:48:17.230+0000] {processor.py:186} INFO - Started process (PID=10179) to work on /home/ec2-user/environment/lab4_model_training/airflow_home/dags/ml_pipeline_dag.py
[2026-03-12T00:48:17.232+0000] {processor.py:914} INFO - Processing file /home/ec2-user/environment/lab4_model_training/airflow_home/dags/ml_pipeline_dag.py for tasks to queue
[2026-03-12T00:48:17.234+0000] {logging_mixin.py:190} INFO - [2026-03-12T00:48:17.234+0000] {dagbag.py:588} INFO - Filling up the DagBag from /home/ec2-user/environment/lab4_model_training/airflow_home/dags/ml_pipeline_dag.py
[2026-03-12T00:48:18.260+0000] {processor.py:925} INFO - DAG(s) 'ml_pipeline' retrieved from /home/ec2-user/environment/lab4_model_training/airflow_home/dags/ml_pipeline_dag.py
[2026-03-12T00:48:18.269+0000] {logging_mixin.py:190} INFO - [2026-03-12T00:48:18.269+0000] {dag.py:3239} INFO - Sync 1 DAGs
[2026-03-12T00:48:18.278+0000] {logging_mixin.py:190} INFO - [2026-03-12T00:48:18.278+0000] {dag.py:4180} INFO - Setting next_dagrun for ml_pipeline to None, run_after=None
[2026-03-12T00:48:18.297+0000] {processor.py:208} INFO - Processing /home/ec2-user/environment/lab4_model_training/airflow_home/dags/ml_pipeline_dag.py took 1.071 seconds
[2026-03-12T00:49:25.141+0000] {processor.py:186} INFO - Started process (PID=10454) to work on /home/ec2-user/environment/lab4_model_training/airflow_home/dags/ml_pipeline_dag.py
[2026-03-12T00:49:25.142+0000] {processor.py:914} INFO - Processing file /home/ec2-user/environment/lab4_model_training/airflow_home/dags/ml_pipeline_dag.py for tasks to queue
[2026-03-12T00:49:25.144+0000] {logging_mixin.py:190} INFO - [2026-03-12T00:49:25.144+0000] {dagbag.py:588} INFO - Filling up the DagBag from /home/ec2-user/environment/lab4_model_training/airflow_home/dags/ml_pipeline_dag.py
[2026-03-12T00:49:26.159+0000] {processor.py:925} INFO - DAG(s) 'ml_pipeline' retrieved from /home/ec2-user/environment/lab4_model_training/airflow_home/dags/ml_pipeline_dag.py
[2026-03-12T00:49:26.168+0000] {logging_mixin.py:190} INFO - [2026-03-12T00:49:26.167+0000] {dag.py:3239} INFO - Sync 1 DAGs
[2026-03-12T00:49:26.177+0000] {logging_mixin.py:190} INFO - [2026-03-12T00:49:26.176+0000] {dag.py:4180} INFO - Setting next_dagrun for ml_pipeline to None, run_after=None
[2026-03-12T00:49:26.196+0000] {processor.py:208} INFO - Processing /home/ec2-user/environment/lab4_model_training/airflow_home/dags/ml_pipeline_dag.py took 1.059 seconds
[2026-03-12T00:50:29.288+0000] {processor.py:186} INFO - Started process (PID=10762) to work on /home/ec2-user/environment/lab4_model_training/airflow_home/dags/ml_pipeline_dag.py
[2026-03-12T00:50:29.289+0000] {processor.py:914} INFO - Processing file /home/ec2-user/environment/lab4_model_training/airflow_home/dags/ml_pipeline_dag.py for tasks to queue
[2026-03-12T00:50:29.291+0000] {logging_mixin.py:190} INFO - [2026-03-12T00:50:29.291+0000] {dagbag.py:588} INFO - Filling up the DagBag from /home/ec2-user/environment/lab4_model_training/airflow_home/dags/ml_pipeline_dag.py
[2026-03-12T00:50:30.307+0000] {processor.py:925} INFO - DAG(s) 'ml_pipeline' retrieved from /home/ec2-user/environment/lab4_model_training/airflow_home/dags/ml_pipeline_dag.py
[2026-03-12T00:50:30.316+0000] {logging_mixin.py:190} INFO - [2026-03-12T00:50:30.315+0000] {dag.py:3239} INFO - Sync 1 DAGs
[2026-03-12T00:50:30.325+0000] {logging_mixin.py:190} INFO - [2026-03-12T00:50:30.325+0000] {dag.py:4180} INFO - Setting next_dagrun for ml_pipeline to None, run_after=None
[2026-03-12T00:50:30.343+0000] {processor.py:208} INFO - Processing /home/ec2-user/environment/lab4_model_training/airflow_home/dags/ml_pipeline_dag.py took 1.060 seconds
[2026-03-12T00:51:30.234+0000] {processor.py:186} INFO - Started process (PID=11076) to work on /home/ec2-user/environment/lab4_model_training/airflow_home/dags/ml_pipeline_dag.py
[2026-03-12T00:51:30.235+0000] {processor.py:914} INFO - Processing file /home/ec2-user/environment/lab4_model_training/airflow_home/dags/ml_pipeline_dag.py for tasks to queue
[2026-03-12T00:51:30.237+0000] {logging_mixin.py:190} INFO - [2026-03-12T00:51:30.237+0000] {dagbag.py:588} INFO - Filling up the DagBag from /home/ec2-user/environment/lab4_model_training/airflow_home/dags/ml_pipeline_dag.py
[2026-03-12T00:51:31.271+0000] {processor.py:925} INFO - DAG(s) 'ml_pipeline' retrieved from /home/ec2-user/environment/lab4_model_training/airflow_home/dags/ml_pipeline_dag.py
[2026-03-12T00:51:31.281+0000] {logging_mixin.py:190} INFO - [2026-03-12T00:51:31.281+0000] {dag.py:3239} INFO - Sync 1 DAGs
[2026-03-12T00:51:31.290+0000] {logging_mixin.py:190} INFO - [2026-03-12T00:51:31.290+0000] {dag.py:4180} INFO - Setting next_dagrun for ml_pipeline to None, run_after=None
[2026-03-12T00:51:31.308+0000] {processor.py:208} INFO - Processing /home/ec2-user/environment/lab4_model_training/airflow_home/dags/ml_pipeline_dag.py took 1.079 seconds
[2026-03-12T00:52:29.904+0000] {processor.py:186} INFO - Started process (PID=11366) to work on /home/ec2-user/environment/lab4_model_training/airflow_home/dags/ml_pipeline_dag.py
[2026-03-12T00:52:29.906+0000] {processor.py:914} INFO - Processing file /home/ec2-user/environment/lab4_model_training/airflow_home/dags/ml_pipeline_dag.py for tasks to queue
[2026-03-12T00:52:29.908+0000] {logging_mixin.py:190} INFO - [2026-03-12T00:52:29.907+0000] {dagbag.py:588} INFO - Filling up the DagBag from /home/ec2-user/environment/lab4_model_training/airflow_home/dags/ml_pipeline_dag.py
[2026-03-12T00:52:30.921+0000] {processor.py:925} INFO - DAG(s) 'ml_pipeline' retrieved from /home/ec2-user/environment/lab4_model_training/airflow_home/dags/ml_pipeline_dag.py
[2026-03-12T00:52:30.930+0000] {logging_mixin.py:190} INFO - [2026-03-12T00:52:30.930+0000] {dag.py:3239} INFO - Sync 1 DAGs
[2026-03-12T00:52:30.939+0000] {logging_mixin.py:190} INFO - [2026-03-12T00:52:30.939+0000] {dag.py:4180} INFO - Setting next_dagrun for ml_pipeline to None, run_after=None
[2026-03-12T00:52:30.962+0000] {processor.py:208} INFO - Processing /home/ec2-user/environment/lab4_model_training/airflow_home/dags/ml_pipeline_dag.py took 1.062 seconds
[2026-03-12T00:53:30.738+0000] {processor.py:186} INFO - Started process (PID=11613) to work on /home/ec2-user/environment/lab4_model_training/airflow_home/dags/ml_pipeline_dag.py
[2026-03-12T00:53:30.739+0000] {processor.py:914} INFO - Processing file /home/ec2-user/environment/lab4_model_training/airflow_home/dags/ml_pipeline_dag.py for tasks to queue
[2026-03-12T00:53:30.741+0000] {logging_mixin.py:190} INFO - [2026-03-12T00:53:30.740+0000] {dagbag.py:588} INFO - Filling up the DagBag from /home/ec2-user/environment/lab4_model_training/airflow_home/dags/ml_pipeline_dag.py
[2026-03-12T00:53:31.744+0000] {processor.py:925} INFO - DAG(s) 'ml_pipeline' retrieved from /home/ec2-user/environment/lab4_model_training/airflow_home/dags/ml_pipeline_dag.py
[2026-03-12T00:53:31.753+0000] {logging_mixin.py:190} INFO - [2026-03-12T00:53:31.753+0000] {dag.py:3239} INFO - Sync 1 DAGs
[2026-03-12T00:53:31.764+0000] {logging_mixin.py:190} INFO - [2026-03-12T00:53:31.763+0000] {dag.py:4180} INFO - Setting next_dagrun for ml_pipeline to None, run_after=None
[2026-03-12T00:53:31.783+0000] {processor.py:208} INFO - Processing /home/ec2-user/environment/lab4_model_training/airflow_home/dags/ml_pipeline_dag.py took 1.051 seconds
[2026-03-12T00:54:30.547+0000] {processor.py:186} INFO - Started process (PID=11892) to work on /home/ec2-user/environment/lab4_model_training/airflow_home/dags/ml_pipeline_dag.py
[2026-03-12T00:54:30.549+0000] {processor.py:914} INFO - Processing file /home/ec2-user/environment/lab4_model_training/airflow_home/dags/ml_pipeline_dag.py for tasks to queue
[2026-03-12T00:54:30.551+0000] {logging_mixin.py:190} INFO - [2026-03-12T00:54:30.551+0000] {dagbag.py:588} INFO - Filling up the DagBag from /home/ec2-user/environment/lab4_model_training/airflow_home/dags/ml_pipeline_dag.py
[2026-03-12T00:54:31.588+0000] {processor.py:925} INFO - DAG(s) 'ml_pipeline' retrieved from /home/ec2-user/environment/lab4_model_training/airflow_home/dags/ml_pipeline_dag.py
[2026-03-12T00:54:31.598+0000] {logging_mixin.py:190} INFO - [2026-03-12T00:54:31.598+0000] {dag.py:3239} INFO - Sync 1 DAGs
[2026-03-12T00:54:31.607+0000] {logging_mixin.py:190} INFO - [2026-03-12T00:54:31.607+0000] {dag.py:4180} INFO - Setting next_dagrun for ml_pipeline to None, run_after=None
[2026-03-12T00:54:31.626+0000] {processor.py:208} INFO - Processing /home/ec2-user/environment/lab4_model_training/airflow_home/dags/ml_pipeline_dag.py took 1.084 seconds
[2026-03-12T00:55:33.558+0000] {processor.py:186} INFO - Started process (PID=12130) to work on /home/ec2-user/environment/lab4_model_training/airflow_home/dags/ml_pipeline_dag.py
[2026-03-12T00:55:33.559+0000] {processor.py:914} INFO - Processing file /home/ec2-user/environment/lab4_model_training/airflow_home/dags/ml_pipeline_dag.py for tasks to queue
[2026-03-12T00:55:33.562+0000] {logging_mixin.py:190} INFO - [2026-03-12T00:55:33.561+0000] {dagbag.py:588} INFO - Filling up the DagBag from /home/ec2-user/environment/lab4_model_training/airflow_home/dags/ml_pipeline_dag.py
[2026-03-12T00:55:34.570+0000] {processor.py:925} INFO - DAG(s) 'ml_pipeline' retrieved from /home/ec2-user/environment/lab4_model_training/airflow_home/dags/ml_pipeline_dag.py
[2026-03-12T00:55:34.578+0000] {logging_mixin.py:190} INFO - [2026-03-12T00:55:34.578+0000] {dag.py:3239} INFO - Sync 1 DAGs
[2026-03-12T00:55:34.588+0000] {logging_mixin.py:190} INFO - [2026-03-12T00:55:34.588+0000] {dag.py:4180} INFO - Setting next_dagrun for ml_pipeline to None, run_after=None
[2026-03-12T00:55:34.607+0000] {processor.py:208} INFO - Processing /home/ec2-user/environment/lab4_model_training/airflow_home/dags/ml_pipeline_dag.py took 1.054 seconds
[2026-03-12T00:56:36.685+0000] {processor.py:186} INFO - Started process (PID=12412) to work on /home/ec2-user/environment/lab4_model_training/airflow_home/dags/ml_pipeline_dag.py
[2026-03-12T00:56:36.686+0000] {processor.py:914} INFO - Processing file /home/ec2-user/environment/lab4_model_training/airflow_home/dags/ml_pipeline_dag.py for tasks to queue
[2026-03-12T00:56:36.689+0000] {logging_mixin.py:190} INFO - [2026-03-12T00:56:36.688+0000] {dagbag.py:588} INFO - Filling up the DagBag from /home/ec2-user/environment/lab4_model_training/airflow_home/dags/ml_pipeline_dag.py
[2026-03-12T00:56:37.707+0000] {processor.py:925} INFO - DAG(s) 'ml_pipeline' retrieved from /home/ec2-user/environment/lab4_model_training/airflow_home/dags/ml_pipeline_dag.py
[2026-03-12T00:56:37.716+0000] {logging_mixin.py:190} INFO - [2026-03-12T00:56:37.715+0000] {dag.py:3239} INFO - Sync 1 DAGs
[2026-03-12T00:56:37.726+0000] {logging_mixin.py:190} INFO - [2026-03-12T00:56:37.725+0000] {dag.py:4180} INFO - Setting next_dagrun for ml_pipeline to None, run_after=None
[2026-03-12T00:56:37.744+0000] {processor.py:208} INFO - Processing /home/ec2-user/environment/lab4_model_training/airflow_home/dags/ml_pipeline_dag.py took 1.065 seconds
[2026-03-12T00:57:40.373+0000] {processor.py:186} INFO - Started process (PID=12652) to work on /home/ec2-user/environment/lab4_model_training/airflow_home/dags/ml_pipeline_dag.py
[2026-03-12T00:57:40.374+0000] {processor.py:914} INFO - Processing file /home/ec2-user/environment/lab4_model_training/airflow_home/dags/ml_pipeline_dag.py for tasks to queue
[2026-03-12T00:57:40.376+0000] {logging_mixin.py:190} INFO - [2026-03-12T00:57:40.375+0000] {dagbag.py:588} INFO - Filling up the DagBag from /home/ec2-user/environment/lab4_model_training/airflow_home/dags/ml_pipeline_dag.py
[2026-03-12T00:57:41.392+0000] {processor.py:925} INFO - DAG(s) 'ml_pipeline' retrieved from /home/ec2-user/environment/lab4_model_training/airflow_home/dags/ml_pipeline_dag.py
[2026-03-12T00:57:41.401+0000] {logging_mixin.py:190} INFO - [2026-03-12T00:57:41.401+0000] {dag.py:3239} INFO - Sync 1 DAGs
[2026-03-12T00:57:41.410+0000] {logging_mixin.py:190} INFO - [2026-03-12T00:57:41.410+0000] {dag.py:4180} INFO - Setting next_dagrun for ml_pipeline to None, run_after=None
[2026-03-12T00:57:41.431+0000] {processor.py:208} INFO - Processing /home/ec2-user/environment/lab4_model_training/airflow_home/dags/ml_pipeline_dag.py took 1.065 seconds
[2026-03-12T00:58:42.347+0000] {processor.py:186} INFO - Started process (PID=12933) to work on /home/ec2-user/environment/lab4_model_training/airflow_home/dags/ml_pipeline_dag.py
[2026-03-12T00:58:42.348+0000] {processor.py:914} INFO - Processing file /home/ec2-user/environment/lab4_model_training/airflow_home/dags/ml_pipeline_dag.py for tasks to queue
[2026-03-12T00:58:42.351+0000] {logging_mixin.py:190} INFO - [2026-03-12T00:58:42.350+0000] {dagbag.py:588} INFO - Filling up the DagBag from /home/ec2-user/environment/lab4_model_training/airflow_home/dags/ml_pipeline_dag.py
[2026-03-12T00:58:43.425+0000] {processor.py:925} INFO - DAG(s) 'ml_pipeline' retrieved from /home/ec2-user/environment/lab4_model_training/airflow_home/dags/ml_pipeline_dag.py
[2026-03-12T00:58:43.434+0000] {logging_mixin.py:190} INFO - [2026-03-12T00:58:43.434+0000] {dag.py:3239} INFO - Sync 1 DAGs
[2026-03-12T00:58:43.443+0000] {logging_mixin.py:190} INFO - [2026-03-12T00:58:43.443+0000] {dag.py:4180} INFO - Setting next_dagrun for ml_pipeline to None, run_after=None
[2026-03-12T00:58:43.461+0000] {processor.py:208} INFO - Processing /home/ec2-user/environment/lab4_model_training/airflow_home/dags/ml_pipeline_dag.py took 1.120 seconds
[2026-03-12T00:59:43.218+0000] {processor.py:186} INFO - Started process (PID=13182) to work on /home/ec2-user/environment/lab4_model_training/airflow_home/dags/ml_pipeline_dag.py
[2026-03-12T00:59:43.220+0000] {processor.py:914} INFO - Processing file /home/ec2-user/environment/lab4_model_training/airflow_home/dags/ml_pipeline_dag.py for tasks to queue
[2026-03-12T00:59:43.222+0000] {logging_mixin.py:190} INFO - [2026-03-12T00:59:43.221+0000] {dagbag.py:588} INFO - Filling up the DagBag from /home/ec2-user/environment/lab4_model_training/airflow_home/dags/ml_pipeline_dag.py
[2026-03-12T00:59:44.230+0000] {processor.py:925} INFO - DAG(s) 'ml_pipeline' retrieved from /home/ec2-user/environment/lab4_model_training/airflow_home/dags/ml_pipeline_dag.py
[2026-03-12T00:59:44.238+0000] {logging_mixin.py:190} INFO - [2026-03-12T00:59:44.238+0000] {dag.py:3239} INFO - Sync 1 DAGs
[2026-03-12T00:59:44.247+0000] {logging_mixin.py:190} INFO - [2026-03-12T00:59:44.247+0000] {dag.py:4180} INFO - Setting next_dagrun for ml_pipeline to None, run_after=None
[2026-03-12T00:59:44.266+0000] {processor.py:208} INFO - Processing /home/ec2-user/environment/lab4_model_training/airflow_home/dags/ml_pipeline_dag.py took 1.053 seconds
[2026-03-12T01:00:49.544+0000] {processor.py:186} INFO - Started process (PID=13482) to work on /home/ec2-user/environment/lab4_model_training/airflow_home/dags/ml_pipeline_dag.py
[2026-03-12T01:00:49.545+0000] {processor.py:914} INFO - Processing file /home/ec2-user/environment/lab4_model_training/airflow_home/dags/ml_pipeline_dag.py for tasks to queue
[2026-03-12T01:00:49.547+0000] {logging_mixin.py:190} INFO - [2026-03-12T01:00:49.547+0000] {dagbag.py:588} INFO - Filling up the DagBag from /home/ec2-user/environment/lab4_model_training/airflow_home/dags/ml_pipeline_dag.py
[2026-03-12T01:00:50.564+0000] {processor.py:925} INFO - DAG(s) 'ml_pipeline' retrieved from /home/ec2-user/environment/lab4_model_training/airflow_home/dags/ml_pipeline_dag.py
[2026-03-12T01:00:50.574+0000] {logging_mixin.py:190} INFO - [2026-03-12T01:00:50.574+0000] {dag.py:3239} INFO - Sync 1 DAGs
[2026-03-12T01:00:50.583+0000] {logging_mixin.py:190} INFO - [2026-03-12T01:00:50.583+0000] {dag.py:4180} INFO - Setting next_dagrun for ml_pipeline to None, run_after=None
[2026-03-12T01:00:50.601+0000] {processor.py:208} INFO - Processing /home/ec2-user/environment/lab4_model_training/airflow_home/dags/ml_pipeline_dag.py took 1.063 seconds
[2026-03-12T01:01:51.356+0000] {processor.py:186} INFO - Started process (PID=13733) to work on /home/ec2-user/environment/lab4_model_training/airflow_home/dags/ml_pipeline_dag.py
[2026-03-12T01:01:51.357+0000] {processor.py:914} INFO - Processing file /home/ec2-user/environment/lab4_model_training/airflow_home/dags/ml_pipeline_dag.py for tasks to queue
[2026-03-12T01:01:51.360+0000] {logging_mixin.py:190} INFO - [2026-03-12T01:01:51.359+0000] {dagbag.py:588} INFO - Filling up the DagBag from /home/ec2-user/environment/lab4_model_training/airflow_home/dags/ml_pipeline_dag.py
[2026-03-12T01:01:52.415+0000] {processor.py:925} INFO - DAG(s) 'ml_pipeline' retrieved from /home/ec2-user/environment/lab4_model_training/airflow_home/dags/ml_pipeline_dag.py
[2026-03-12T01:01:52.424+0000] {logging_mixin.py:190} INFO - [2026-03-12T01:01:52.424+0000] {dag.py:3239} INFO - Sync 1 DAGs
[2026-03-12T01:01:52.433+0000] {logging_mixin.py:190} INFO - [2026-03-12T01:01:52.433+0000] {dag.py:4180} INFO - Setting next_dagrun for ml_pipeline to None, run_after=None
[2026-03-12T01:01:52.453+0000] {processor.py:208} INFO - Processing /home/ec2-user/environment/lab4_model_training/airflow_home/dags/ml_pipeline_dag.py took 1.102 seconds
[2026-03-12T01:02:57.065+0000] {processor.py:186} INFO - Started process (PID=14029) to work on /home/ec2-user/environment/lab4_model_training/airflow_home/dags/ml_pipeline_dag.py
[2026-03-12T01:02:57.066+0000] {processor.py:914} INFO - Processing file /home/ec2-user/environment/lab4_model_training/airflow_home/dags/ml_pipeline_dag.py for tasks to queue
[2026-03-12T01:02:57.068+0000] {logging_mixin.py:190} INFO - [2026-03-12T01:02:57.068+0000] {dagbag.py:588} INFO - Filling up the DagBag from /home/ec2-user/environment/lab4_model_training/airflow_home/dags/ml_pipeline_dag.py
[2026-03-12T01:02:58.136+0000] {processor.py:925} INFO - DAG(s) 'ml_pipeline' retrieved from /home/ec2-user/environment/lab4_model_training/airflow_home/dags/ml_pipeline_dag.py
[2026-03-12T01:02:58.145+0000] {logging_mixin.py:190} INFO - [2026-03-12T01:02:58.145+0000] {dag.py:3239} INFO - Sync 1 DAGs
[2026-03-12T01:02:58.154+0000] {logging_mixin.py:190} INFO - [2026-03-12T01:02:58.154+0000] {dag.py:4180} INFO - Setting next_dagrun for ml_pipeline to None, run_after=None
[2026-03-12T01:02:58.174+0000] {processor.py:208} INFO - Processing /home/ec2-user/environment/lab4_model_training/airflow_home/dags/ml_pipeline_dag.py took 1.115 seconds
[2026-03-12T01:03:58.632+0000] {processor.py:186} INFO - Started process (PID=14264) to work on /home/ec2-user/environment/lab4_model_training/airflow_home/dags/ml_pipeline_dag.py
[2026-03-12T01:03:58.633+0000] {processor.py:914} INFO - Processing file /home/ec2-user/environment/lab4_model_training/airflow_home/dags/ml_pipeline_dag.py for tasks to queue
[2026-03-12T01:03:58.636+0000] {logging_mixin.py:190} INFO - [2026-03-12T01:03:58.635+0000] {dagbag.py:588} INFO - Filling up the DagBag from /home/ec2-user/environment/lab4_model_training/airflow_home/dags/ml_pipeline_dag.py
[2026-03-12T01:03:59.624+0000] {processor.py:925} INFO - DAG(s) 'ml_pipeline' retrieved from /home/ec2-user/environment/lab4_model_training/airflow_home/dags/ml_pipeline_dag.py
[2026-03-12T01:03:59.634+0000] {logging_mixin.py:190} INFO - [2026-03-12T01:03:59.633+0000] {dag.py:3239} INFO - Sync 1 DAGs
[2026-03-12T01:03:59.643+0000] {logging_mixin.py:190} INFO - [2026-03-12T01:03:59.643+0000] {dag.py:4180} INFO - Setting next_dagrun for ml_pipeline to None, run_after=None
[2026-03-12T01:03:59.661+0000] {processor.py:208} INFO - Processing /home/ec2-user/environment/lab4_model_training/airflow_home/dags/ml_pipeline_dag.py took 1.035 seconds
[2026-03-12T01:05:10.478+0000] {processor.py:186} INFO - Started process (PID=14619) to work on /home/ec2-user/environment/lab4_model_training/airflow_home/dags/ml_pipeline_dag.py
[2026-03-12T01:05:10.480+0000] {processor.py:914} INFO - Processing file /home/ec2-user/environment/lab4_model_training/airflow_home/dags/ml_pipeline_dag.py for tasks to queue
[2026-03-12T01:05:10.482+0000] {logging_mixin.py:190} INFO - [2026-03-12T01:05:10.481+0000] {dagbag.py:588} INFO - Filling up the DagBag from /home/ec2-user/environment/lab4_model_training/airflow_home/dags/ml_pipeline_dag.py
[2026-03-12T01:05:11.498+0000] {processor.py:925} INFO - DAG(s) 'ml_pipeline' retrieved from /home/ec2-user/environment/lab4_model_training/airflow_home/dags/ml_pipeline_dag.py
[2026-03-12T01:05:11.508+0000] {logging_mixin.py:190} INFO - [2026-03-12T01:05:11.507+0000] {dag.py:3239} INFO - Sync 1 DAGs
[2026-03-12T01:05:11.517+0000] {logging_mixin.py:190} INFO - [2026-03-12T01:05:11.516+0000] {dag.py:4180} INFO - Setting next_dagrun for ml_pipeline to None, run_after=None
[2026-03-12T01:05:11.535+0000] {processor.py:208} INFO - Processing /home/ec2-user/environment/lab4_model_training/airflow_home/dags/ml_pipeline_dag.py took 1.062 seconds
[2026-03-12T01:06:08.898+0000] {processor.py:186} INFO - Started process (PID=14839) to work on /home/ec2-user/environment/lab4_model_training/airflow_home/dags/ml_pipeline_dag.py
[2026-03-12T01:06:08.899+0000] {processor.py:914} INFO - Processing file /home/ec2-user/environment/lab4_model_training/airflow_home/dags/ml_pipeline_dag.py for tasks to queue
[2026-03-12T01:06:08.901+0000] {logging_mixin.py:190} INFO - [2026-03-12T01:06:08.901+0000] {dagbag.py:588} INFO - Filling up the DagBag from /home/ec2-user/environment/lab4_model_training/airflow_home/dags/ml_pipeline_dag.py
[2026-03-12T01:06:09.914+0000] {processor.py:925} INFO - DAG(s) 'ml_pipeline' retrieved from /home/ec2-user/environment/lab4_model_training/airflow_home/dags/ml_pipeline_dag.py
[2026-03-12T01:06:09.923+0000] {logging_mixin.py:190} INFO - [2026-03-12T01:06:09.923+0000] {dag.py:3239} INFO - Sync 1 DAGs
[2026-03-12T01:06:09.932+0000] {logging_mixin.py:190} INFO - [2026-03-12T01:06:09.932+0000] {dag.py:4180} INFO - Setting next_dagrun for ml_pipeline to None, run_after=None
[2026-03-12T01:06:09.952+0000] {processor.py:208} INFO - Processing /home/ec2-user/environment/lab4_model_training/airflow_home/dags/ml_pipeline_dag.py took 1.060 seconds
[2026-03-12T01:07:08.716+0000] {processor.py:186} INFO - Started process (PID=15133) to work on /home/ec2-user/environment/lab4_model_training/airflow_home/dags/ml_pipeline_dag.py
[2026-03-12T01:07:08.717+0000] {processor.py:914} INFO - Processing file /home/ec2-user/environment/lab4_model_training/airflow_home/dags/ml_pipeline_dag.py for tasks to queue
[2026-03-12T01:07:08.719+0000] {logging_mixin.py:190} INFO - [2026-03-12T01:07:08.719+0000] {dagbag.py:588} INFO - Filling up the DagBag from /home/ec2-user/environment/lab4_model_training/airflow_home/dags/ml_pipeline_dag.py
[2026-03-12T01:07:09.750+0000] {processor.py:925} INFO - DAG(s) 'ml_pipeline' retrieved from /home/ec2-user/environment/lab4_model_training/airflow_home/dags/ml_pipeline_dag.py
[2026-03-12T01:07:09.759+0000] {logging_mixin.py:190} INFO - [2026-03-12T01:07:09.759+0000] {dag.py:3239} INFO - Sync 1 DAGs
[2026-03-12T01:07:09.768+0000] {logging_mixin.py:190} INFO - [2026-03-12T01:07:09.768+0000] {dag.py:4180} INFO - Setting next_dagrun for ml_pipeline to None, run_after=None
[2026-03-12T01:07:09.786+0000] {processor.py:208} INFO - Processing /home/ec2-user/environment/lab4_model_training/airflow_home/dags/ml_pipeline_dag.py took 1.076 seconds
[2026-03-12T01:08:11.250+0000] {processor.py:186} INFO - Started process (PID=15418) to work on /home/ec2-user/environment/lab4_model_training/airflow_home/dags/ml_pipeline_dag.py
[2026-03-12T01:08:11.251+0000] {processor.py:914} INFO - Processing file /home/ec2-user/environment/lab4_model_training/airflow_home/dags/ml_pipeline_dag.py for tasks to queue
[2026-03-12T01:08:11.254+0000] {logging_mixin.py:190} INFO - [2026-03-12T01:08:11.253+0000] {dagbag.py:588} INFO - Filling up the DagBag from /home/ec2-user/environment/lab4_model_training/airflow_home/dags/ml_pipeline_dag.py
[2026-03-12T01:08:12.284+0000] {processor.py:925} INFO - DAG(s) 'ml_pipeline' retrieved from /home/ec2-user/environment/lab4_model_training/airflow_home/dags/ml_pipeline_dag.py
[2026-03-12T01:08:12.294+0000] {logging_mixin.py:190} INFO - [2026-03-12T01:08:12.293+0000] {dag.py:3239} INFO - Sync 1 DAGs
[2026-03-12T01:08:12.303+0000] {logging_mixin.py:190} INFO - [2026-03-12T01:08:12.303+0000] {dag.py:4180} INFO - Setting next_dagrun for ml_pipeline to None, run_after=None
[2026-03-12T01:08:12.320+0000] {processor.py:208} INFO - Processing /home/ec2-user/environment/lab4_model_training/airflow_home/dags/ml_pipeline_dag.py took 1.076 seconds
[2026-03-12T01:09:13.465+0000] {processor.py:186} INFO - Started process (PID=15654) to work on /home/ec2-user/environment/lab4_model_training/airflow_home/dags/ml_pipeline_dag.py
[2026-03-12T01:09:13.466+0000] {processor.py:914} INFO - Processing file /home/ec2-user/environment/lab4_model_training/airflow_home/dags/ml_pipeline_dag.py for tasks to queue
[2026-03-12T01:09:13.468+0000] {logging_mixin.py:190} INFO - [2026-03-12T01:09:13.468+0000] {dagbag.py:588} INFO - Filling up the DagBag from /home/ec2-user/environment/lab4_model_training/airflow_home/dags/ml_pipeline_dag.py
[2026-03-12T01:09:14.529+0000] {processor.py:925} INFO - DAG(s) 'ml_pipeline' retrieved from /home/ec2-user/environment/lab4_model_training/airflow_home/dags/ml_pipeline_dag.py
[2026-03-12T01:09:14.538+0000] {logging_mixin.py:190} INFO - [2026-03-12T01:09:14.537+0000] {dag.py:3239} INFO - Sync 1 DAGs
[2026-03-12T01:09:14.547+0000] {logging_mixin.py:190} INFO - [2026-03-12T01:09:14.547+0000] {dag.py:4180} INFO - Setting next_dagrun for ml_pipeline to None, run_after=None
[2026-03-12T01:09:14.566+0000] {processor.py:208} INFO - Processing /home/ec2-user/environment/lab4_model_training/airflow_home/dags/ml_pipeline_dag.py took 1.107 seconds
[2026-03-12T01:10:15.636+0000] {processor.py:186} INFO - Started process (PID=15951) to work on /home/ec2-user/environment/lab4_model_training/airflow_home/dags/ml_pipeline_dag.py
[2026-03-12T01:10:15.637+0000] {processor.py:914} INFO - Processing file /home/ec2-user/environment/lab4_model_training/airflow_home/dags/ml_pipeline_dag.py for tasks to queue
[2026-03-12T01:10:15.639+0000] {logging_mixin.py:190} INFO - [2026-03-12T01:10:15.639+0000] {dagbag.py:588} INFO - Filling up the DagBag from /home/ec2-user/environment/lab4_model_training/airflow_home/dags/ml_pipeline_dag.py
[2026-03-12T01:10:16.662+0000] {processor.py:925} INFO - DAG(s) 'ml_pipeline' retrieved from /home/ec2-user/environment/lab4_model_training/airflow_home/dags/ml_pipeline_dag.py
[2026-03-12T01:10:16.670+0000] {logging_mixin.py:190} INFO - [2026-03-12T01:10:16.670+0000] {dag.py:3239} INFO - Sync 1 DAGs
[2026-03-12T01:10:16.680+0000] {logging_mixin.py:190} INFO - [2026-03-12T01:10:16.679+0000] {dag.py:4180} INFO - Setting next_dagrun for ml_pipeline to None, run_after=None
[2026-03-12T01:10:16.698+0000] {processor.py:208} INFO - Processing /home/ec2-user/environment/lab4_model_training/airflow_home/dags/ml_pipeline_dag.py took 1.067 seconds
[2026-03-12T01:11:21.652+0000] {processor.py:186} INFO - Started process (PID=16251) to work on /home/ec2-user/environment/lab4_model_training/airflow_home/dags/ml_pipeline_dag.py
[2026-03-12T01:11:21.653+0000] {processor.py:914} INFO - Processing file /home/ec2-user/environment/lab4_model_training/airflow_home/dags/ml_pipeline_dag.py for tasks to queue
[2026-03-12T01:11:21.655+0000] {logging_mixin.py:190} INFO - [2026-03-12T01:11:21.655+0000] {dagbag.py:588} INFO - Filling up the DagBag from /home/ec2-user/environment/lab4_model_training/airflow_home/dags/ml_pipeline_dag.py
[2026-03-12T01:11:22.662+0000] {processor.py:925} INFO - DAG(s) 'ml_pipeline' retrieved from /home/ec2-user/environment/lab4_model_training/airflow_home/dags/ml_pipeline_dag.py
[2026-03-12T01:11:22.672+0000] {logging_mixin.py:190} INFO - [2026-03-12T01:11:22.672+0000] {dag.py:3239} INFO - Sync 1 DAGs
[2026-03-12T01:11:22.682+0000] {logging_mixin.py:190} INFO - [2026-03-12T01:11:22.681+0000] {dag.py:4180} INFO - Setting next_dagrun for ml_pipeline to None, run_after=None
[2026-03-12T01:11:22.699+0000] {processor.py:208} INFO - Processing /home/ec2-user/environment/lab4_model_training/airflow_home/dags/ml_pipeline_dag.py took 1.054 seconds
[2026-03-12T01:12:26.545+0000] {processor.py:186} INFO - Started process (PID=16499) to work on /home/ec2-user/environment/lab4_model_training/airflow_home/dags/ml_pipeline_dag.py
[2026-03-12T01:12:26.546+0000] {processor.py:914} INFO - Processing file /home/ec2-user/environment/lab4_model_training/airflow_home/dags/ml_pipeline_dag.py for tasks to queue
[2026-03-12T01:12:26.548+0000] {logging_mixin.py:190} INFO - [2026-03-12T01:12:26.548+0000] {dagbag.py:588} INFO - Filling up the DagBag from /home/ec2-user/environment/lab4_model_training/airflow_home/dags/ml_pipeline_dag.py
[2026-03-12T01:12:27.650+0000] {processor.py:925} INFO - DAG(s) 'ml_pipeline' retrieved from /home/ec2-user/environment/lab4_model_training/airflow_home/dags/ml_pipeline_dag.py
[2026-03-12T01:12:27.659+0000] {logging_mixin.py:190} INFO - [2026-03-12T01:12:27.659+0000] {dag.py:3239} INFO - Sync 1 DAGs
[2026-03-12T01:12:27.669+0000] {logging_mixin.py:190} INFO - [2026-03-12T01:12:27.669+0000] {dag.py:4180} INFO - Setting next_dagrun for ml_pipeline to None, run_after=None
[2026-03-12T01:12:27.688+0000] {processor.py:208} INFO - Processing /home/ec2-user/environment/lab4_model_training/airflow_home/dags/ml_pipeline_dag.py took 1.149 seconds
[2026-03-12T01:13:29.748+0000] {processor.py:186} INFO - Started process (PID=16788) to work on /home/ec2-user/environment/lab4_model_training/airflow_home/dags/ml_pipeline_dag.py
[2026-03-12T01:13:29.749+0000] {processor.py:914} INFO - Processing file /home/ec2-user/environment/lab4_model_training/airflow_home/dags/ml_pipeline_dag.py for tasks to queue
[2026-03-12T01:13:29.751+0000] {logging_mixin.py:190} INFO - [2026-03-12T01:13:29.751+0000] {dagbag.py:588} INFO - Filling up the DagBag from /home/ec2-user/environment/lab4_model_training/airflow_home/dags/ml_pipeline_dag.py
[2026-03-12T01:13:30.769+0000] {processor.py:925} INFO - DAG(s) 'ml_pipeline' retrieved from /home/ec2-user/environment/lab4_model_training/airflow_home/dags/ml_pipeline_dag.py
[2026-03-12T01:13:30.778+0000] {logging_mixin.py:190} INFO - [2026-03-12T01:13:30.778+0000] {dag.py:3239} INFO - Sync 1 DAGs
[2026-03-12T01:13:30.787+0000] {logging_mixin.py:190} INFO - [2026-03-12T01:13:30.787+0000] {dag.py:4180} INFO - Setting next_dagrun for ml_pipeline to None, run_after=None
[2026-03-12T01:13:30.807+0000] {processor.py:208} INFO - Processing /home/ec2-user/environment/lab4_model_training/airflow_home/dags/ml_pipeline_dag.py took 1.065 seconds
[2026-03-12T01:14:35.120+0000] {processor.py:186} INFO - Started process (PID=17113) to work on /home/ec2-user/environment/lab4_model_training/airflow_home/dags/ml_pipeline_dag.py
[2026-03-12T01:14:35.122+0000] {processor.py:914} INFO - Processing file /home/ec2-user/environment/lab4_model_training/airflow_home/dags/ml_pipeline_dag.py for tasks to queue
[2026-03-12T01:14:35.124+0000] {logging_mixin.py:190} INFO - [2026-03-12T01:14:35.124+0000] {dagbag.py:588} INFO - Filling up the DagBag from /home/ec2-user/environment/lab4_model_training/airflow_home/dags/ml_pipeline_dag.py
[2026-03-12T01:14:36.138+0000] {processor.py:925} INFO - DAG(s) 'ml_pipeline' retrieved from /home/ec2-user/environment/lab4_model_training/airflow_home/dags/ml_pipeline_dag.py
[2026-03-12T01:14:36.147+0000] {logging_mixin.py:190} INFO - [2026-03-12T01:14:36.147+0000] {dag.py:3239} INFO - Sync 1 DAGs
[2026-03-12T01:14:36.156+0000] {logging_mixin.py:190} INFO - [2026-03-12T01:14:36.156+0000] {dag.py:4180} INFO - Setting next_dagrun for ml_pipeline to None, run_after=None
[2026-03-12T01:14:36.174+0000] {processor.py:208} INFO - Processing /home/ec2-user/environment/lab4_model_training/airflow_home/dags/ml_pipeline_dag.py took 1.059 seconds
[2026-03-12T01:15:37.060+0000] {processor.py:186} INFO - Started process (PID=17400) to work on /home/ec2-user/environment/lab4_model_training/airflow_home/dags/ml_pipeline_dag.py
[2026-03-12T01:15:37.061+0000] {processor.py:914} INFO - Processing file /home/ec2-user/environment/lab4_model_training/airflow_home/dags/ml_pipeline_dag.py for tasks to queue
[2026-03-12T01:15:37.063+0000] {logging_mixin.py:190} INFO - [2026-03-12T01:15:37.063+0000] {dagbag.py:588} INFO - Filling up the DagBag from /home/ec2-user/environment/lab4_model_training/airflow_home/dags/ml_pipeline_dag.py
[2026-03-12T01:15:38.080+0000] {processor.py:925} INFO - DAG(s) 'ml_pipeline' retrieved from /home/ec2-user/environment/lab4_model_training/airflow_home/dags/ml_pipeline_dag.py
[2026-03-12T01:15:38.089+0000] {logging_mixin.py:190} INFO - [2026-03-12T01:15:38.089+0000] {dag.py:3239} INFO - Sync 1 DAGs
[2026-03-12T01:15:38.098+0000] {logging_mixin.py:190} INFO - [2026-03-12T01:15:38.098+0000] {dag.py:4180} INFO - Setting next_dagrun for ml_pipeline to None, run_after=None
[2026-03-12T01:15:38.119+0000] {processor.py:208} INFO - Processing /home/ec2-user/environment/lab4_model_training/airflow_home/dags/ml_pipeline_dag.py took 1.065 seconds
[2026-03-12T01:16:44.413+0000] {processor.py:186} INFO - Started process (PID=17709) to work on /home/ec2-user/environment/lab4_model_training/airflow_home/dags/ml_pipeline_dag.py
[2026-03-12T01:16:44.414+0000] {processor.py:914} INFO - Processing file /home/ec2-user/environment/lab4_model_training/airflow_home/dags/ml_pipeline_dag.py for tasks to queue
[2026-03-12T01:16:44.416+0000] {logging_mixin.py:190} INFO - [2026-03-12T01:16:44.416+0000] {dagbag.py:588} INFO - Filling up the DagBag from /home/ec2-user/environment/lab4_model_training/airflow_home/dags/ml_pipeline_dag.py
[2026-03-12T01:16:45.442+0000] {processor.py:925} INFO - DAG(s) 'ml_pipeline' retrieved from /home/ec2-user/environment/lab4_model_training/airflow_home/dags/ml_pipeline_dag.py
[2026-03-12T01:16:45.451+0000] {logging_mixin.py:190} INFO - [2026-03-12T01:16:45.451+0000] {dag.py:3239} INFO - Sync 1 DAGs
[2026-03-12T01:16:45.461+0000] {logging_mixin.py:190} INFO - [2026-03-12T01:16:45.461+0000] {dag.py:4180} INFO - Setting next_dagrun for ml_pipeline to None, run_after=None
[2026-03-12T01:16:45.480+0000] {processor.py:208} INFO - Processing /home/ec2-user/environment/lab4_model_training/airflow_home/dags/ml_pipeline_dag.py took 1.073 seconds
[2026-03-12T01:17:53.480+0000] {processor.py:186} INFO - Started process (PID=18016) to work on /home/ec2-user/environment/lab4_model_training/airflow_home/dags/ml_pipeline_dag.py
[2026-03-12T01:17:53.481+0000] {processor.py:914} INFO - Processing file /home/ec2-user/environment/lab4_model_training/airflow_home/dags/ml_pipeline_dag.py for tasks to queue
[2026-03-12T01:17:53.484+0000] {logging_mixin.py:190} INFO - [2026-03-12T01:17:53.483+0000] {dagbag.py:588} INFO - Filling up the DagBag from /home/ec2-user/environment/lab4_model_training/airflow_home/dags/ml_pipeline_dag.py
[2026-03-12T01:17:54.529+0000] {processor.py:925} INFO - DAG(s) 'ml_pipeline' retrieved from /home/ec2-user/environment/lab4_model_training/airflow_home/dags/ml_pipeline_dag.py
[2026-03-12T01:17:54.539+0000] {logging_mixin.py:190} INFO - [2026-03-12T01:17:54.538+0000] {dag.py:3239} INFO - Sync 1 DAGs
[2026-03-12T01:17:54.550+0000] {logging_mixin.py:190} INFO - [2026-03-12T01:17:54.550+0000] {dag.py:4180} INFO - Setting next_dagrun for ml_pipeline to None, run_after=None
[2026-03-12T01:17:54.575+0000] {processor.py:208} INFO - Processing /home/ec2-user/environment/lab4_model_training/airflow_home/dags/ml_pipeline_dag.py took 1.101 seconds
[2026-03-12T01:18:53.247+0000] {processor.py:186} INFO - Started process (PID=18297) to work on /home/ec2-user/environment/lab4_model_training/airflow_home/dags/ml_pipeline_dag.py
[2026-03-12T01:18:53.248+0000] {processor.py:914} INFO - Processing file /home/ec2-user/environment/lab4_model_training/airflow_home/dags/ml_pipeline_dag.py for tasks to queue
[2026-03-12T01:18:53.251+0000] {logging_mixin.py:190} INFO - [2026-03-12T01:18:53.251+0000] {dagbag.py:588} INFO - Filling up the DagBag from /home/ec2-user/environment/lab4_model_training/airflow_home/dags/ml_pipeline_dag.py
[2026-03-12T01:18:54.249+0000] {processor.py:925} INFO - DAG(s) 'ml_pipeline' retrieved from /home/ec2-user/environment/lab4_model_training/airflow_home/dags/ml_pipeline_dag.py
[2026-03-12T01:18:54.258+0000] {logging_mixin.py:190} INFO - [2026-03-12T01:18:54.257+0000] {dag.py:3239} INFO - Sync 1 DAGs
[2026-03-12T01:18:54.267+0000] {logging_mixin.py:190} INFO - [2026-03-12T01:18:54.266+0000] {dag.py:4180} INFO - Setting next_dagrun for ml_pipeline to None, run_after=None
[2026-03-12T01:18:54.285+0000] {processor.py:208} INFO - Processing /home/ec2-user/environment/lab4_model_training/airflow_home/dags/ml_pipeline_dag.py took 1.043 seconds
[2026-03-12T01:20:05.763+0000] {processor.py:186} INFO - Started process (PID=18586) to work on /home/ec2-user/environment/lab4_model_training/airflow_home/dags/ml_pipeline_dag.py
[2026-03-12T01:20:05.764+0000] {processor.py:914} INFO - Processing file /home/ec2-user/environment/lab4_model_training/airflow_home/dags/ml_pipeline_dag.py for tasks to queue
[2026-03-12T01:20:05.766+0000] {logging_mixin.py:190} INFO - [2026-03-12T01:20:05.766+0000] {dagbag.py:588} INFO - Filling up the DagBag from /home/ec2-user/environment/lab4_model_training/airflow_home/dags/ml_pipeline_dag.py
[2026-03-12T01:20:06.874+0000] {processor.py:925} INFO - DAG(s) 'ml_pipeline' retrieved from /home/ec2-user/environment/lab4_model_training/airflow_home/dags/ml_pipeline_dag.py
[2026-03-12T01:20:06.884+0000] {logging_mixin.py:190} INFO - [2026-03-12T01:20:06.884+0000] {dag.py:3239} INFO - Sync 1 DAGs
[2026-03-12T01:20:06.894+0000] {logging_mixin.py:190} INFO - [2026-03-12T01:20:06.894+0000] {dag.py:4180} INFO - Setting next_dagrun for ml_pipeline to None, run_after=None
[2026-03-12T01:20:06.912+0000] {processor.py:208} INFO - Processing /home/ec2-user/environment/lab4_model_training/airflow_home/dags/ml_pipeline_dag.py took 1.155 seconds
[2026-03-12T01:21:10.273+0000] {processor.py:186} INFO - Started process (PID=18883) to work on /home/ec2-user/environment/lab4_model_training/airflow_home/dags/ml_pipeline_dag.py
[2026-03-12T01:21:10.274+0000] {processor.py:914} INFO - Processing file /home/ec2-user/environment/lab4_model_training/airflow_home/dags/ml_pipeline_dag.py for tasks to queue
[2026-03-12T01:21:10.276+0000] {logging_mixin.py:190} INFO - [2026-03-12T01:21:10.276+0000] {dagbag.py:588} INFO - Filling up the DagBag from /home/ec2-user/environment/lab4_model_training/airflow_home/dags/ml_pipeline_dag.py
[2026-03-12T01:21:11.308+0000] {processor.py:925} INFO - DAG(s) 'ml_pipeline' retrieved from /home/ec2-user/environment/lab4_model_training/airflow_home/dags/ml_pipeline_dag.py
[2026-03-12T01:21:11.317+0000] {logging_mixin.py:190} INFO - [2026-03-12T01:21:11.316+0000] {dag.py:3239} INFO - Sync 1 DAGs
[2026-03-12T01:21:11.326+0000] {logging_mixin.py:190} INFO - [2026-03-12T01:21:11.326+0000] {dag.py:4180} INFO - Setting next_dagrun for ml_pipeline to None, run_after=None
[2026-03-12T01:21:11.347+0000] {processor.py:208} INFO - Processing /home/ec2-user/environment/lab4_model_training/airflow_home/dags/ml_pipeline_dag.py took 1.080 seconds
[2026-03-12T01:22:16.110+0000] {processor.py:186} INFO - Started process (PID=19154) to work on /home/ec2-user/environment/lab4_model_training/airflow_home/dags/ml_pipeline_dag.py
[2026-03-12T01:22:16.111+0000] {processor.py:914} INFO - Processing file /home/ec2-user/environment/lab4_model_training/airflow_home/dags/ml_pipeline_dag.py for tasks to queue
[2026-03-12T01:22:16.114+0000] {logging_mixin.py:190} INFO - [2026-03-12T01:22:16.113+0000] {dagbag.py:588} INFO - Filling up the DagBag from /home/ec2-user/environment/lab4_model_training/airflow_home/dags/ml_pipeline_dag.py
[2026-03-12T01:22:17.109+0000] {processor.py:925} INFO - DAG(s) 'ml_pipeline' retrieved from /home/ec2-user/environment/lab4_model_training/airflow_home/dags/ml_pipeline_dag.py
[2026-03-12T01:22:17.118+0000] {logging_mixin.py:190} INFO - [2026-03-12T01:22:17.118+0000] {dag.py:3239} INFO - Sync 1 DAGs
[2026-03-12T01:22:17.127+0000] {logging_mixin.py:190} INFO - [2026-03-12T01:22:17.127+0000] {dag.py:4180} INFO - Setting next_dagrun for ml_pipeline to None, run_after=None
[2026-03-12T01:22:17.145+0000] {processor.py:208} INFO - Processing /home/ec2-user/environment/lab4_model_training/airflow_home/dags/ml_pipeline_dag.py took 1.041 seconds
[2026-03-12T01:23:26.681+0000] {processor.py:186} INFO - Started process (PID=19462) to work on /home/ec2-user/environment/lab4_model_training/airflow_home/dags/ml_pipeline_dag.py
[2026-03-12T01:23:26.683+0000] {processor.py:914} INFO - Processing file /home/ec2-user/environment/lab4_model_training/airflow_home/dags/ml_pipeline_dag.py for tasks to queue
[2026-03-12T01:23:26.685+0000] {logging_mixin.py:190} INFO - [2026-03-12T01:23:26.685+0000] {dagbag.py:588} INFO - Filling up the DagBag from /home/ec2-user/environment/lab4_model_training/airflow_home/dags/ml_pipeline_dag.py
[2026-03-12T01:23:27.681+0000] {processor.py:925} INFO - DAG(s) 'ml_pipeline' retrieved from /home/ec2-user/environment/lab4_model_training/airflow_home/dags/ml_pipeline_dag.py
[2026-03-12T01:23:27.690+0000] {logging_mixin.py:190} INFO - [2026-03-12T01:23:27.689+0000] {dag.py:3239} INFO - Sync 1 DAGs
[2026-03-12T01:23:27.699+0000] {logging_mixin.py:190} INFO - [2026-03-12T01:23:27.699+0000] {dag.py:4180} INFO - Setting next_dagrun for ml_pipeline to None, run_after=None
[2026-03-12T01:23:27.716+0000] {processor.py:208} INFO - Processing /home/ec2-user/environment/lab4_model_training/airflow_home/dags/ml_pipeline_dag.py took 1.040 seconds
[2026-03-12T01:24:40.932+0000] {processor.py:186} INFO - Started process (PID=19791) to work on /home/ec2-user/environment/lab4_model_training/airflow_home/dags/ml_pipeline_dag.py
[2026-03-12T01:24:40.933+0000] {processor.py:914} INFO - Processing file /home/ec2-user/environment/lab4_model_training/airflow_home/dags/ml_pipeline_dag.py for tasks to queue
[2026-03-12T01:24:40.936+0000] {logging_mixin.py:190} INFO - [2026-03-12T01:24:40.935+0000] {dagbag.py:588} INFO - Filling up the DagBag from /home/ec2-user/environment/lab4_model_training/airflow_home/dags/ml_pipeline_dag.py
[2026-03-12T01:24:41.982+0000] {processor.py:925} INFO - DAG(s) 'ml_pipeline' retrieved from /home/ec2-user/environment/lab4_model_training/airflow_home/dags/ml_pipeline_dag.py
[2026-03-12T01:24:41.993+0000] {logging_mixin.py:190} INFO - [2026-03-12T01:24:41.993+0000] {dag.py:3239} INFO - Sync 1 DAGs
[2026-03-12T01:24:42.002+0000] {logging_mixin.py:190} INFO - [2026-03-12T01:24:42.002+0000] {dag.py:4180} INFO - Setting next_dagrun for ml_pipeline to None, run_after=None
[2026-03-12T01:24:42.020+0000] {processor.py:208} INFO - Processing /home/ec2-user/environment/lab4_model_training/airflow_home/dags/ml_pipeline_dag.py took 1.093 seconds
[2026-03-12T01:25:49.272+0000] {processor.py:186} INFO - Started process (PID=20053) to work on /home/ec2-user/environment/lab4_model_training/airflow_home/dags/ml_pipeline_dag.py
[2026-03-12T01:25:49.273+0000] {processor.py:914} INFO - Processing file /home/ec2-user/environment/lab4_model_training/airflow_home/dags/ml_pipeline_dag.py for tasks to queue
[2026-03-12T01:25:49.276+0000] {logging_mixin.py:190} INFO - [2026-03-12T01:25:49.275+0000] {dagbag.py:588} INFO - Filling up the DagBag from /home/ec2-user/environment/lab4_model_training/airflow_home/dags/ml_pipeline_dag.py
[2026-03-12T01:25:50.303+0000] {processor.py:925} INFO - DAG(s) 'ml_pipeline' retrieved from /home/ec2-user/environment/lab4_model_training/airflow_home/dags/ml_pipeline_dag.py
[2026-03-12T01:25:50.313+0000] {logging_mixin.py:190} INFO - [2026-03-12T01:25:50.312+0000] {dag.py:3239} INFO - Sync 1 DAGs
[2026-03-12T01:25:50.322+0000] {logging_mixin.py:190} INFO - [2026-03-12T01:25:50.322+0000] {dag.py:4180} INFO - Setting next_dagrun for ml_pipeline to None, run_after=None
[2026-03-12T01:25:50.340+0000] {processor.py:208} INFO - Processing /home/ec2-user/environment/lab4_model_training/airflow_home/dags/ml_pipeline_dag.py took 1.073 seconds
[2026-03-12T01:26:57.836+0000] {processor.py:186} INFO - Started process (PID=20360) to work on /home/ec2-user/environment/lab4_model_training/airflow_home/dags/ml_pipeline_dag.py
[2026-03-12T01:26:57.837+0000] {processor.py:914} INFO - Processing file /home/ec2-user/environment/lab4_model_training/airflow_home/dags/ml_pipeline_dag.py for tasks to queue
[2026-03-12T01:26:57.839+0000] {logging_mixin.py:190} INFO - [2026-03-12T01:26:57.839+0000] {dagbag.py:588} INFO - Filling up the DagBag from /home/ec2-user/environment/lab4_model_training/airflow_home/dags/ml_pipeline_dag.py
[2026-03-12T01:26:58.739+0000] {processor.py:925} INFO - DAG(s) 'ml_pipeline' retrieved from /home/ec2-user/environment/lab4_model_training/airflow_home/dags/ml_pipeline_dag.py
[2026-03-12T01:26:58.751+0000] {logging_mixin.py:190} INFO - [2026-03-12T01:26:58.751+0000] {dag.py:3239} INFO - Sync 1 DAGs
[2026-03-12T01:26:58.761+0000] {logging_mixin.py:190} INFO - [2026-03-12T01:26:58.761+0000] {dag.py:4180} INFO - Setting next_dagrun for ml_pipeline to None, run_after=None
[2026-03-12T01:26:58.780+0000] {processor.py:208} INFO - Processing /home/ec2-user/environment/lab4_model_training/airflow_home/dags/ml_pipeline_dag.py took 0.950 seconds
[2026-03-12T01:27:57.692+0000] {processor.py:186} INFO - Started process (PID=20590) to work on /home/ec2-user/environment/lab4_model_training/airflow_home/dags/ml_pipeline_dag.py
[2026-03-12T01:27:57.693+0000] {processor.py:914} INFO - Processing file /home/ec2-user/environment/lab4_model_training/airflow_home/dags/ml_pipeline_dag.py for tasks to queue
[2026-03-12T01:27:57.695+0000] {logging_mixin.py:190} INFO - [2026-03-12T01:27:57.695+0000] {dagbag.py:588} INFO - Filling up the DagBag from /home/ec2-user/environment/lab4_model_training/airflow_home/dags/ml_pipeline_dag.py
[2026-03-12T01:27:58.590+0000] {processor.py:925} INFO - DAG(s) 'ml_pipeline' retrieved from /home/ec2-user/environment/lab4_model_training/airflow_home/dags/ml_pipeline_dag.py
[2026-03-12T01:27:58.601+0000] {logging_mixin.py:190} INFO - [2026-03-12T01:27:58.601+0000] {dag.py:3239} INFO - Sync 1 DAGs
[2026-03-12T01:27:58.613+0000] {logging_mixin.py:190} INFO - [2026-03-12T01:27:58.613+0000] {dag.py:4180} INFO - Setting next_dagrun for ml_pipeline to None, run_after=None
[2026-03-12T01:27:58.771+0000] {processor.py:208} INFO - Processing /home/ec2-user/environment/lab4_model_training/airflow_home/dags/ml_pipeline_dag.py took 1.085 seconds
[2026-03-12T01:28:58.589+0000] {processor.py:186} INFO - Started process (PID=20883) to work on /home/ec2-user/environment/lab4_model_training/airflow_home/dags/ml_pipeline_dag.py
[2026-03-12T01:28:58.591+0000] {processor.py:914} INFO - Processing file /home/ec2-user/environment/lab4_model_training/airflow_home/dags/ml_pipeline_dag.py for tasks to queue
[2026-03-12T01:28:58.593+0000] {logging_mixin.py:190} INFO - [2026-03-12T01:28:58.593+0000] {dagbag.py:588} INFO - Filling up the DagBag from /home/ec2-user/environment/lab4_model_training/airflow_home/dags/ml_pipeline_dag.py
[2026-03-12T01:28:59.481+0000] {processor.py:925} INFO - DAG(s) 'ml_pipeline' retrieved from /home/ec2-user/environment/lab4_model_training/airflow_home/dags/ml_pipeline_dag.py
[2026-03-12T01:28:59.491+0000] {logging_mixin.py:190} INFO - [2026-03-12T01:28:59.491+0000] {dag.py:3239} INFO - Sync 1 DAGs
[2026-03-12T01:28:59.502+0000] {logging_mixin.py:190} INFO - [2026-03-12T01:28:59.501+0000] {dag.py:4180} INFO - Setting next_dagrun for ml_pipeline to None, run_after=None
[2026-03-12T01:28:59.528+0000] {processor.py:208} INFO - Processing /home/ec2-user/environment/lab4_model_training/airflow_home/dags/ml_pipeline_dag.py took 0.945 seconds
[2026-03-12T01:30:01.311+0000] {processor.py:186} INFO - Started process (PID=21286) to work on /home/ec2-user/environment/lab4_model_training/airflow_home/dags/ml_pipeline_dag.py
[2026-03-12T01:30:01.312+0000] {processor.py:914} INFO - Processing file /home/ec2-user/environment/lab4_model_training/airflow_home/dags/ml_pipeline_dag.py for tasks to queue
[2026-03-12T01:30:01.314+0000] {logging_mixin.py:190} INFO - [2026-03-12T01:30:01.314+0000] {dagbag.py:588} INFO - Filling up the DagBag from /home/ec2-user/environment/lab4_model_training/airflow_home/dags/ml_pipeline_dag.py
[2026-03-12T01:30:02.232+0000] {processor.py:925} INFO - DAG(s) 'ml_pipeline' retrieved from /home/ec2-user/environment/lab4_model_training/airflow_home/dags/ml_pipeline_dag.py
[2026-03-12T01:30:02.245+0000] {logging_mixin.py:190} INFO - [2026-03-12T01:30:02.244+0000] {dag.py:3239} INFO - Sync 1 DAGs
[2026-03-12T01:30:02.415+0000] {logging_mixin.py:190} INFO - [2026-03-12T01:30:02.415+0000] {dag.py:4180} INFO - Setting next_dagrun for ml_pipeline to None, run_after=None
[2026-03-12T01:30:02.432+0000] {processor.py:208} INFO - Processing /home/ec2-user/environment/lab4_model_training/airflow_home/dags/ml_pipeline_dag.py took 1.127 seconds
[2026-03-12T01:31:01.976+0000] {processor.py:186} INFO - Started process (PID=21514) to work on /home/ec2-user/environment/lab4_model_training/airflow_home/dags/ml_pipeline_dag.py
[2026-03-12T01:31:01.979+0000] {processor.py:914} INFO - Processing file /home/ec2-user/environment/lab4_model_training/airflow_home/dags/ml_pipeline_dag.py for tasks to queue
[2026-03-12T01:31:01.983+0000] {logging_mixin.py:190} INFO - [2026-03-12T01:31:01.983+0000] {dagbag.py:588} INFO - Filling up the DagBag from /home/ec2-user/environment/lab4_model_training/airflow_home/dags/ml_pipeline_dag.py
[2026-03-12T01:31:02.954+0000] {processor.py:925} INFO - DAG(s) 'ml_pipeline' retrieved from /home/ec2-user/environment/lab4_model_training/airflow_home/dags/ml_pipeline_dag.py
[2026-03-12T01:31:02.965+0000] {logging_mixin.py:190} INFO - [2026-03-12T01:31:02.965+0000] {dag.py:3239} INFO - Sync 1 DAGs
[2026-03-12T01:31:02.975+0000] {logging_mixin.py:190} INFO - [2026-03-12T01:31:02.975+0000] {dag.py:4180} INFO - Setting next_dagrun for ml_pipeline to None, run_after=None
[2026-03-12T01:31:03.000+0000] {processor.py:208} INFO - Processing /home/ec2-user/environment/lab4_model_training/airflow_home/dags/ml_pipeline_dag.py took 1.032 seconds
[2026-03-12T01:32:06.269+0000] {processor.py:186} INFO - Started process (PID=21821) to work on /home/ec2-user/environment/lab4_model_training/airflow_home/dags/ml_pipeline_dag.py
[2026-03-12T01:32:06.271+0000] {processor.py:914} INFO - Processing file /home/ec2-user/environment/lab4_model_training/airflow_home/dags/ml_pipeline_dag.py for tasks to queue
[2026-03-12T01:32:06.273+0000] {logging_mixin.py:190} INFO - [2026-03-12T01:32:06.273+0000] {dagbag.py:588} INFO - Filling up the DagBag from /home/ec2-user/environment/lab4_model_training/airflow_home/dags/ml_pipeline_dag.py
[2026-03-12T01:32:07.163+0000] {processor.py:925} INFO - DAG(s) 'ml_pipeline' retrieved from /home/ec2-user/environment/lab4_model_training/airflow_home/dags/ml_pipeline_dag.py
[2026-03-12T01:32:07.175+0000] {logging_mixin.py:190} INFO - [2026-03-12T01:32:07.174+0000] {dag.py:3239} INFO - Sync 1 DAGs
[2026-03-12T01:32:07.185+0000] {logging_mixin.py:190} INFO - [2026-03-12T01:32:07.185+0000] {dag.py:4180} INFO - Setting next_dagrun for ml_pipeline to None, run_after=None
[2026-03-12T01:32:07.207+0000] {processor.py:208} INFO - Processing /home/ec2-user/environment/lab4_model_training/airflow_home/dags/ml_pipeline_dag.py took 0.943 seconds
[2026-03-12T01:33:05.939+0000] {processor.py:186} INFO - Started process (PID=22048) to work on /home/ec2-user/environment/lab4_model_training/airflow_home/dags/ml_pipeline_dag.py
[2026-03-12T01:33:05.940+0000] {processor.py:914} INFO - Processing file /home/ec2-user/environment/lab4_model_training/airflow_home/dags/ml_pipeline_dag.py for tasks to queue
[2026-03-12T01:33:05.943+0000] {logging_mixin.py:190} INFO - [2026-03-12T01:33:05.942+0000] {dagbag.py:588} INFO - Filling up the DagBag from /home/ec2-user/environment/lab4_model_training/airflow_home/dags/ml_pipeline_dag.py
[2026-03-12T01:33:06.872+0000] {processor.py:925} INFO - DAG(s) 'ml_pipeline' retrieved from /home/ec2-user/environment/lab4_model_training/airflow_home/dags/ml_pipeline_dag.py
[2026-03-12T01:33:06.884+0000] {logging_mixin.py:190} INFO - [2026-03-12T01:33:06.884+0000] {dag.py:3239} INFO - Sync 1 DAGs
[2026-03-12T01:33:07.052+0000] {logging_mixin.py:190} INFO - [2026-03-12T01:33:07.052+0000] {dag.py:4180} INFO - Setting next_dagrun for ml_pipeline to None, run_after=None
[2026-03-12T01:33:07.071+0000] {processor.py:208} INFO - Processing /home/ec2-user/environment/lab4_model_training/airflow_home/dags/ml_pipeline_dag.py took 1.138 seconds
