[2026-03-28T06:04:06.428+0000] {local_task_job_runner.py:123} INFO - ::group::Pre task execution logs
[2026-03-28T06:04:06.436+0000] {taskinstance.py:2612} INFO - Dependencies all met for dep_context=non-requeueable deps ti=<TaskInstance: ml_training_pipeline_v2.evaluate_model manual__2026-03-28T06:03:57.635086+00:00 [queued]>
[2026-03-28T06:04:06.440+0000] {taskinstance.py:2612} INFO - Dependencies all met for dep_context=requeueable deps ti=<TaskInstance: ml_training_pipeline_v2.evaluate_model manual__2026-03-28T06:03:57.635086+00:00 [queued]>
[2026-03-28T06:04:06.440+0000] {taskinstance.py:2865} INFO - Starting attempt 1 of 2
[2026-03-28T06:04:06.453+0000] {taskinstance.py:2888} INFO - Executing <Task(PythonOperator): evaluate_model> on 2026-03-28 06:03:57.635086+00:00
[2026-03-28T06:04:06.458+0000] {standard_task_runner.py:72} INFO - Started process 25466 to run task
[2026-03-28T06:04:06.461+0000] {standard_task_runner.py:104} INFO - Running: ['airflow', 'tasks', 'run', 'ml_training_pipeline_v2', 'evaluate_model', 'manual__2026-03-28T06:03:57.635086+00:00', '--job-id', '44', '--raw', '--subdir', 'DAGS_FOLDER/ml_training_pipeline_v2.py', '--cfg-path', '/tmp/tmpqfpey24w']
[2026-03-28T06:04:06.461+0000] {standard_task_runner.py:105} INFO - Job 44: Subtask evaluate_model
[2026-03-28T06:04:06.489+0000] {task_command.py:467} INFO - Running <TaskInstance: ml_training_pipeline_v2.evaluate_model manual__2026-03-28T06:03:57.635086+00:00 [running]> on host ip-172-31-67-97.ec2.internal
[2026-03-28T06:04:06.542+0000] {taskinstance.py:3131} INFO - Exporting env vars: AIRFLOW_CTX_DAG_OWNER='airflow' AIRFLOW_CTX_DAG_ID='ml_training_pipeline_v2' AIRFLOW_CTX_TASK_ID='evaluate_model' AIRFLOW_CTX_EXECUTION_DATE='2026-03-28T06:03:57.635086+00:00' AIRFLOW_CTX_TRY_NUMBER='1' AIRFLOW_CTX_DAG_RUN_ID='manual__2026-03-28T06:03:57.635086+00:00'
[2026-03-28T06:04:06.542+0000] {logging_mixin.py:190} INFO - Task instance is in running state
[2026-03-28T06:04:06.543+0000] {logging_mixin.py:190} INFO -  Previous state of the Task instance: queued
[2026-03-28T06:04:06.543+0000] {logging_mixin.py:190} INFO - Current task name:evaluate_model state:running start_date:2026-03-28 06:04:06.436252+00:00
[2026-03-28T06:04:06.543+0000] {logging_mixin.py:190} INFO - Dag name:ml_training_pipeline_v2 and current dag run status:running
[2026-03-28T06:04:06.543+0000] {taskinstance.py:731} INFO - ::endgroup::
[2026-03-28T06:04:06.555+0000] {logging_mixin.py:190} INFO - [ml_pipeline.model] model has been loaded from models/breast_cancer_model.pkl
[2026-03-28T06:04:06.559+0000] {logging_mixin.py:190} INFO - [ml_pipeline.model] Model accuracy: 0.9561
[2026-03-28T06:04:06.559+0000] {python.py:240} INFO - Done. Returned value was: 0.956140350877193
[2026-03-28T06:04:06.572+0000] {taskinstance.py:340} INFO - ::group::Post task execution logs
[2026-03-28T06:04:06.572+0000] {taskinstance.py:352} INFO - Marking task as SUCCESS. dag_id=ml_training_pipeline_v2, task_id=evaluate_model, run_id=manual__2026-03-28T06:03:57.635086+00:00, execution_date=20260328T060357, start_date=20260328T060406, end_date=20260328T060406
[2026-03-28T06:04:06.581+0000] {logging_mixin.py:190} INFO - Task instance in success state
[2026-03-28T06:04:06.581+0000] {logging_mixin.py:190} INFO -  Previous state of the Task instance: running
[2026-03-28T06:04:06.581+0000] {logging_mixin.py:190} INFO - Dag name:ml_training_pipeline_v2 queued_at:2026-03-28 06:03:57.645492+00:00
[2026-03-28T06:04:06.581+0000] {logging_mixin.py:190} INFO - Task hostname:ip-172-31-67-97.ec2.internal operator:PythonOperator
[2026-03-28T06:04:06.587+0000] {local_task_job_runner.py:266} INFO - Task exited with return code 0
[2026-03-28T06:04:06.601+0000] {taskinstance.py:3900} INFO - 1 downstream tasks scheduled from follow-on schedule check
[2026-03-28T06:04:06.605+0000] {local_task_job_runner.py:245} INFO - ::endgroup::
