[2026-03-24T06:17:03.142+0000] {processor.py:186} INFO - Started process (PID=3051) to work on /home/ec2-user/environment/lab4_model_training/airflow_home/dags/train_model_dag.py
[2026-03-24T06:17:03.142+0000] {processor.py:914} INFO - Processing file /home/ec2-user/environment/lab4_model_training/airflow_home/dags/train_model_dag.py for tasks to queue
[2026-03-24T06:17:03.145+0000] {logging_mixin.py:190} INFO - [2026-03-24T06:17:03.144+0000] {dagbag.py:588} INFO - Filling up the DagBag from /home/ec2-user/environment/lab4_model_training/airflow_home/dags/train_model_dag.py
[2026-03-24T06:17:04.150+0000] {processor.py:925} INFO - DAG(s) 'train_model_only' retrieved from /home/ec2-user/environment/lab4_model_training/airflow_home/dags/train_model_dag.py
[2026-03-24T06:17:04.158+0000] {logging_mixin.py:190} INFO - [2026-03-24T06:17:04.158+0000] {dag.py:3239} INFO - Sync 1 DAGs
[2026-03-24T06:17:04.168+0000] {logging_mixin.py:190} INFO - [2026-03-24T06:17:04.167+0000] {dag.py:4180} INFO - Setting next_dagrun for train_model_only to None, run_after=None
[2026-03-24T06:17:04.188+0000] {processor.py:208} INFO - Processing /home/ec2-user/environment/lab4_model_training/airflow_home/dags/train_model_dag.py took 1.051 seconds
[2026-03-24T06:18:11.592+0000] {processor.py:186} INFO - Started process (PID=3352) to work on /home/ec2-user/environment/lab4_model_training/airflow_home/dags/train_model_dag.py
[2026-03-24T06:18:11.595+0000] {processor.py:914} INFO - Processing file /home/ec2-user/environment/lab4_model_training/airflow_home/dags/train_model_dag.py for tasks to queue
[2026-03-24T06:18:11.598+0000] {logging_mixin.py:190} INFO - [2026-03-24T06:18:11.597+0000] {dagbag.py:588} INFO - Filling up the DagBag from /home/ec2-user/environment/lab4_model_training/airflow_home/dags/train_model_dag.py
[2026-03-24T06:18:12.846+0000] {processor.py:925} INFO - DAG(s) 'train_model_only' retrieved from /home/ec2-user/environment/lab4_model_training/airflow_home/dags/train_model_dag.py
[2026-03-24T06:18:12.855+0000] {logging_mixin.py:190} INFO - [2026-03-24T06:18:12.854+0000] {dag.py:3239} INFO - Sync 1 DAGs
[2026-03-24T06:18:12.864+0000] {logging_mixin.py:190} INFO - [2026-03-24T06:18:12.864+0000] {dag.py:4180} INFO - Setting next_dagrun for train_model_only to None, run_after=None
[2026-03-24T06:18:12.882+0000] {processor.py:208} INFO - Processing /home/ec2-user/environment/lab4_model_training/airflow_home/dags/train_model_dag.py took 1.297 seconds
[2026-03-24T06:19:16.795+0000] {processor.py:186} INFO - Started process (PID=3659) to work on /home/ec2-user/environment/lab4_model_training/airflow_home/dags/train_model_dag.py
[2026-03-24T06:19:16.796+0000] {processor.py:914} INFO - Processing file /home/ec2-user/environment/lab4_model_training/airflow_home/dags/train_model_dag.py for tasks to queue
[2026-03-24T06:19:16.799+0000] {logging_mixin.py:190} INFO - [2026-03-24T06:19:16.798+0000] {dagbag.py:588} INFO - Filling up the DagBag from /home/ec2-user/environment/lab4_model_training/airflow_home/dags/train_model_dag.py
[2026-03-24T06:19:18.117+0000] {processor.py:925} INFO - DAG(s) 'train_model_only' retrieved from /home/ec2-user/environment/lab4_model_training/airflow_home/dags/train_model_dag.py
[2026-03-24T06:19:18.129+0000] {logging_mixin.py:190} INFO - [2026-03-24T06:19:18.129+0000] {dag.py:3239} INFO - Sync 1 DAGs
[2026-03-24T06:19:18.142+0000] {logging_mixin.py:190} INFO - [2026-03-24T06:19:18.142+0000] {dag.py:4180} INFO - Setting next_dagrun for train_model_only to None, run_after=None
[2026-03-24T06:19:18.164+0000] {processor.py:208} INFO - Processing /home/ec2-user/environment/lab4_model_training/airflow_home/dags/train_model_dag.py took 1.374 seconds
[2026-03-24T06:20:28.042+0000] {processor.py:186} INFO - Started process (PID=4004) to work on /home/ec2-user/environment/lab4_model_training/airflow_home/dags/train_model_dag.py
[2026-03-24T06:20:28.044+0000] {processor.py:914} INFO - Processing file /home/ec2-user/environment/lab4_model_training/airflow_home/dags/train_model_dag.py for tasks to queue
[2026-03-24T06:20:28.046+0000] {logging_mixin.py:190} INFO - [2026-03-24T06:20:28.046+0000] {dagbag.py:588} INFO - Filling up the DagBag from /home/ec2-user/environment/lab4_model_training/airflow_home/dags/train_model_dag.py
[2026-03-24T06:20:29.119+0000] {processor.py:925} INFO - DAG(s) 'train_model_only' retrieved from /home/ec2-user/environment/lab4_model_training/airflow_home/dags/train_model_dag.py
[2026-03-24T06:20:29.127+0000] {logging_mixin.py:190} INFO - [2026-03-24T06:20:29.127+0000] {dag.py:3239} INFO - Sync 1 DAGs
[2026-03-24T06:20:29.137+0000] {logging_mixin.py:190} INFO - [2026-03-24T06:20:29.137+0000] {dag.py:4180} INFO - Setting next_dagrun for train_model_only to None, run_after=None
[2026-03-24T06:20:29.156+0000] {processor.py:208} INFO - Processing /home/ec2-user/environment/lab4_model_training/airflow_home/dags/train_model_dag.py took 1.118 seconds
[2026-03-24T06:21:34.759+0000] {processor.py:186} INFO - Started process (PID=4377) to work on /home/ec2-user/environment/lab4_model_training/airflow_home/dags/train_model_dag.py
[2026-03-24T06:21:34.763+0000] {processor.py:914} INFO - Processing file /home/ec2-user/environment/lab4_model_training/airflow_home/dags/train_model_dag.py for tasks to queue
[2026-03-24T06:21:34.765+0000] {logging_mixin.py:190} INFO - [2026-03-24T06:21:34.764+0000] {dagbag.py:588} INFO - Filling up the DagBag from /home/ec2-user/environment/lab4_model_training/airflow_home/dags/train_model_dag.py
[2026-03-24T06:21:35.751+0000] {processor.py:925} INFO - DAG(s) 'train_model_only' retrieved from /home/ec2-user/environment/lab4_model_training/airflow_home/dags/train_model_dag.py
[2026-03-24T06:21:35.760+0000] {logging_mixin.py:190} INFO - [2026-03-24T06:21:35.759+0000] {dag.py:3239} INFO - Sync 1 DAGs
[2026-03-24T06:21:35.769+0000] {logging_mixin.py:190} INFO - [2026-03-24T06:21:35.769+0000] {dag.py:4180} INFO - Setting next_dagrun for train_model_only to None, run_after=None
[2026-03-24T06:21:35.787+0000] {processor.py:208} INFO - Processing /home/ec2-user/environment/lab4_model_training/airflow_home/dags/train_model_dag.py took 1.032 seconds
[2026-03-24T06:22:41.276+0000] {processor.py:186} INFO - Started process (PID=4790) to work on /home/ec2-user/environment/lab4_model_training/airflow_home/dags/train_model_dag.py
[2026-03-24T06:22:41.277+0000] {processor.py:914} INFO - Processing file /home/ec2-user/environment/lab4_model_training/airflow_home/dags/train_model_dag.py for tasks to queue
[2026-03-24T06:22:41.279+0000] {logging_mixin.py:190} INFO - [2026-03-24T06:22:41.279+0000] {dagbag.py:588} INFO - Filling up the DagBag from /home/ec2-user/environment/lab4_model_training/airflow_home/dags/train_model_dag.py
[2026-03-24T06:22:42.643+0000] {processor.py:925} INFO - DAG(s) 'train_model_only' retrieved from /home/ec2-user/environment/lab4_model_training/airflow_home/dags/train_model_dag.py
[2026-03-24T06:22:42.657+0000] {logging_mixin.py:190} INFO - [2026-03-24T06:22:42.656+0000] {dag.py:3239} INFO - Sync 1 DAGs
[2026-03-24T06:22:42.672+0000] {logging_mixin.py:190} INFO - [2026-03-24T06:22:42.672+0000] {dag.py:4180} INFO - Setting next_dagrun for train_model_only to None, run_after=None
[2026-03-24T06:22:42.705+0000] {processor.py:208} INFO - Processing /home/ec2-user/environment/lab4_model_training/airflow_home/dags/train_model_dag.py took 1.434 seconds
[2026-03-24T06:23:48.215+0000] {processor.py:186} INFO - Started process (PID=5144) to work on /home/ec2-user/environment/lab4_model_training/airflow_home/dags/train_model_dag.py
[2026-03-24T06:23:48.218+0000] {processor.py:914} INFO - Processing file /home/ec2-user/environment/lab4_model_training/airflow_home/dags/train_model_dag.py for tasks to queue
[2026-03-24T06:23:48.221+0000] {logging_mixin.py:190} INFO - [2026-03-24T06:23:48.221+0000] {dagbag.py:588} INFO - Filling up the DagBag from /home/ec2-user/environment/lab4_model_training/airflow_home/dags/train_model_dag.py
[2026-03-24T06:23:49.747+0000] {processor.py:925} INFO - DAG(s) 'train_model_only' retrieved from /home/ec2-user/environment/lab4_model_training/airflow_home/dags/train_model_dag.py
[2026-03-24T06:23:49.755+0000] {logging_mixin.py:190} INFO - [2026-03-24T06:23:49.755+0000] {dag.py:3239} INFO - Sync 1 DAGs
[2026-03-24T06:23:49.765+0000] {logging_mixin.py:190} INFO - [2026-03-24T06:23:49.765+0000] {dag.py:4180} INFO - Setting next_dagrun for train_model_only to None, run_after=None
[2026-03-24T06:23:49.783+0000] {processor.py:208} INFO - Processing /home/ec2-user/environment/lab4_model_training/airflow_home/dags/train_model_dag.py took 1.574 seconds
[2026-03-24T06:25:00.237+0000] {processor.py:186} INFO - Started process (PID=5462) to work on /home/ec2-user/environment/lab4_model_training/airflow_home/dags/train_model_dag.py
[2026-03-24T06:25:00.239+0000] {processor.py:914} INFO - Processing file /home/ec2-user/environment/lab4_model_training/airflow_home/dags/train_model_dag.py for tasks to queue
[2026-03-24T06:25:00.241+0000] {logging_mixin.py:190} INFO - [2026-03-24T06:25:00.240+0000] {dagbag.py:588} INFO - Filling up the DagBag from /home/ec2-user/environment/lab4_model_training/airflow_home/dags/train_model_dag.py
[2026-03-24T06:25:01.216+0000] {processor.py:925} INFO - DAG(s) 'train_model_only' retrieved from /home/ec2-user/environment/lab4_model_training/airflow_home/dags/train_model_dag.py
[2026-03-24T06:25:01.224+0000] {logging_mixin.py:190} INFO - [2026-03-24T06:25:01.224+0000] {dag.py:3239} INFO - Sync 1 DAGs
[2026-03-24T06:25:01.233+0000] {logging_mixin.py:190} INFO - [2026-03-24T06:25:01.233+0000] {dag.py:4180} INFO - Setting next_dagrun for train_model_only to None, run_after=None
[2026-03-24T06:25:01.250+0000] {processor.py:208} INFO - Processing /home/ec2-user/environment/lab4_model_training/airflow_home/dags/train_model_dag.py took 1.018 seconds
[2026-03-24T06:26:03.174+0000] {processor.py:186} INFO - Started process (PID=5744) to work on /home/ec2-user/environment/lab4_model_training/airflow_home/dags/train_model_dag.py
[2026-03-24T06:26:03.175+0000] {processor.py:914} INFO - Processing file /home/ec2-user/environment/lab4_model_training/airflow_home/dags/train_model_dag.py for tasks to queue
[2026-03-24T06:26:03.178+0000] {logging_mixin.py:190} INFO - [2026-03-24T06:26:03.178+0000] {dagbag.py:588} INFO - Filling up the DagBag from /home/ec2-user/environment/lab4_model_training/airflow_home/dags/train_model_dag.py
[2026-03-24T06:26:04.287+0000] {processor.py:925} INFO - DAG(s) 'train_model_only' retrieved from /home/ec2-user/environment/lab4_model_training/airflow_home/dags/train_model_dag.py
[2026-03-24T06:26:04.299+0000] {logging_mixin.py:190} INFO - [2026-03-24T06:26:04.298+0000] {dag.py:3239} INFO - Sync 1 DAGs
[2026-03-24T06:26:04.313+0000] {logging_mixin.py:190} INFO - [2026-03-24T06:26:04.313+0000] {dag.py:4180} INFO - Setting next_dagrun for train_model_only to None, run_after=None
[2026-03-24T06:26:04.335+0000] {processor.py:208} INFO - Processing /home/ec2-user/environment/lab4_model_training/airflow_home/dags/train_model_dag.py took 1.165 seconds
[2026-03-24T06:27:08.271+0000] {processor.py:186} INFO - Started process (PID=5988) to work on /home/ec2-user/environment/lab4_model_training/airflow_home/dags/train_model_dag.py
[2026-03-24T06:27:08.272+0000] {processor.py:914} INFO - Processing file /home/ec2-user/environment/lab4_model_training/airflow_home/dags/train_model_dag.py for tasks to queue
[2026-03-24T06:27:08.274+0000] {logging_mixin.py:190} INFO - [2026-03-24T06:27:08.274+0000] {dagbag.py:588} INFO - Filling up the DagBag from /home/ec2-user/environment/lab4_model_training/airflow_home/dags/train_model_dag.py
[2026-03-24T06:27:09.314+0000] {processor.py:925} INFO - DAG(s) 'train_model_only' retrieved from /home/ec2-user/environment/lab4_model_training/airflow_home/dags/train_model_dag.py
[2026-03-24T06:27:09.322+0000] {logging_mixin.py:190} INFO - [2026-03-24T06:27:09.322+0000] {dag.py:3239} INFO - Sync 1 DAGs
[2026-03-24T06:27:09.332+0000] {logging_mixin.py:190} INFO - [2026-03-24T06:27:09.332+0000] {dag.py:4180} INFO - Setting next_dagrun for train_model_only to None, run_after=None
[2026-03-24T06:27:09.350+0000] {processor.py:208} INFO - Processing /home/ec2-user/environment/lab4_model_training/airflow_home/dags/train_model_dag.py took 1.084 seconds
[2026-03-24T06:28:17.551+0000] {processor.py:186} INFO - Started process (PID=6309) to work on /home/ec2-user/environment/lab4_model_training/airflow_home/dags/train_model_dag.py
[2026-03-24T06:28:17.552+0000] {processor.py:914} INFO - Processing file /home/ec2-user/environment/lab4_model_training/airflow_home/dags/train_model_dag.py for tasks to queue
[2026-03-24T06:28:17.554+0000] {logging_mixin.py:190} INFO - [2026-03-24T06:28:17.554+0000] {dagbag.py:588} INFO - Filling up the DagBag from /home/ec2-user/environment/lab4_model_training/airflow_home/dags/train_model_dag.py
[2026-03-24T06:28:18.755+0000] {processor.py:925} INFO - DAG(s) 'train_model_only' retrieved from /home/ec2-user/environment/lab4_model_training/airflow_home/dags/train_model_dag.py
[2026-03-24T06:28:18.767+0000] {logging_mixin.py:190} INFO - [2026-03-24T06:28:18.766+0000] {dag.py:3239} INFO - Sync 1 DAGs
[2026-03-24T06:28:18.781+0000] {logging_mixin.py:190} INFO - [2026-03-24T06:28:18.780+0000] {dag.py:4180} INFO - Setting next_dagrun for train_model_only to None, run_after=None
[2026-03-24T06:28:18.810+0000] {processor.py:208} INFO - Processing /home/ec2-user/environment/lab4_model_training/airflow_home/dags/train_model_dag.py took 1.264 seconds
[2026-03-24T06:29:23.126+0000] {processor.py:186} INFO - Started process (PID=6645) to work on /home/ec2-user/environment/lab4_model_training/airflow_home/dags/train_model_dag.py
[2026-03-24T06:29:23.127+0000] {processor.py:914} INFO - Processing file /home/ec2-user/environment/lab4_model_training/airflow_home/dags/train_model_dag.py for tasks to queue
[2026-03-24T06:29:23.129+0000] {logging_mixin.py:190} INFO - [2026-03-24T06:29:23.129+0000] {dagbag.py:588} INFO - Filling up the DagBag from /home/ec2-user/environment/lab4_model_training/airflow_home/dags/train_model_dag.py
[2026-03-24T06:29:24.272+0000] {processor.py:925} INFO - DAG(s) 'train_model_only' retrieved from /home/ec2-user/environment/lab4_model_training/airflow_home/dags/train_model_dag.py
[2026-03-24T06:29:24.289+0000] {logging_mixin.py:190} INFO - [2026-03-24T06:29:24.288+0000] {dag.py:3239} INFO - Sync 1 DAGs
[2026-03-24T06:29:24.305+0000] {logging_mixin.py:190} INFO - [2026-03-24T06:29:24.304+0000] {dag.py:4180} INFO - Setting next_dagrun for train_model_only to None, run_after=None
[2026-03-24T06:29:24.339+0000] {processor.py:208} INFO - Processing /home/ec2-user/environment/lab4_model_training/airflow_home/dags/train_model_dag.py took 1.218 seconds
[2026-03-24T06:30:24.904+0000] {processor.py:186} INFO - Started process (PID=6977) to work on /home/ec2-user/environment/lab4_model_training/airflow_home/dags/train_model_dag.py
[2026-03-24T06:30:24.905+0000] {processor.py:914} INFO - Processing file /home/ec2-user/environment/lab4_model_training/airflow_home/dags/train_model_dag.py for tasks to queue
[2026-03-24T06:30:24.907+0000] {logging_mixin.py:190} INFO - [2026-03-24T06:30:24.906+0000] {dagbag.py:588} INFO - Filling up the DagBag from /home/ec2-user/environment/lab4_model_training/airflow_home/dags/train_model_dag.py
[2026-03-24T06:30:25.882+0000] {processor.py:925} INFO - DAG(s) 'train_model_only' retrieved from /home/ec2-user/environment/lab4_model_training/airflow_home/dags/train_model_dag.py
[2026-03-24T06:30:25.891+0000] {logging_mixin.py:190} INFO - [2026-03-24T06:30:25.890+0000] {dag.py:3239} INFO - Sync 1 DAGs
[2026-03-24T06:30:25.901+0000] {logging_mixin.py:190} INFO - [2026-03-24T06:30:25.900+0000] {dag.py:4180} INFO - Setting next_dagrun for train_model_only to None, run_after=None
[2026-03-24T06:30:25.918+0000] {processor.py:208} INFO - Processing /home/ec2-user/environment/lab4_model_training/airflow_home/dags/train_model_dag.py took 1.019 seconds
[2026-03-24T06:31:24.697+0000] {processor.py:186} INFO - Started process (PID=7244) to work on /home/ec2-user/environment/lab4_model_training/airflow_home/dags/train_model_dag.py
[2026-03-24T06:31:24.698+0000] {processor.py:914} INFO - Processing file /home/ec2-user/environment/lab4_model_training/airflow_home/dags/train_model_dag.py for tasks to queue
[2026-03-24T06:31:24.700+0000] {logging_mixin.py:190} INFO - [2026-03-24T06:31:24.700+0000] {dagbag.py:588} INFO - Filling up the DagBag from /home/ec2-user/environment/lab4_model_training/airflow_home/dags/train_model_dag.py
[2026-03-24T06:31:25.704+0000] {processor.py:925} INFO - DAG(s) 'train_model_only' retrieved from /home/ec2-user/environment/lab4_model_training/airflow_home/dags/train_model_dag.py
[2026-03-24T06:31:25.712+0000] {logging_mixin.py:190} INFO - [2026-03-24T06:31:25.712+0000] {dag.py:3239} INFO - Sync 1 DAGs
[2026-03-24T06:31:25.722+0000] {logging_mixin.py:190} INFO - [2026-03-24T06:31:25.722+0000] {dag.py:4180} INFO - Setting next_dagrun for train_model_only to None, run_after=None
[2026-03-24T06:31:25.740+0000] {processor.py:208} INFO - Processing /home/ec2-user/environment/lab4_model_training/airflow_home/dags/train_model_dag.py took 1.047 seconds
[2026-03-24T06:32:31.345+0000] {processor.py:186} INFO - Started process (PID=7563) to work on /home/ec2-user/environment/lab4_model_training/airflow_home/dags/train_model_dag.py
[2026-03-24T06:32:31.346+0000] {processor.py:914} INFO - Processing file /home/ec2-user/environment/lab4_model_training/airflow_home/dags/train_model_dag.py for tasks to queue
[2026-03-24T06:32:31.349+0000] {logging_mixin.py:190} INFO - [2026-03-24T06:32:31.348+0000] {dagbag.py:588} INFO - Filling up the DagBag from /home/ec2-user/environment/lab4_model_training/airflow_home/dags/train_model_dag.py
[2026-03-24T06:32:32.819+0000] {processor.py:925} INFO - DAG(s) 'train_model_only' retrieved from /home/ec2-user/environment/lab4_model_training/airflow_home/dags/train_model_dag.py
[2026-03-24T06:32:32.828+0000] {logging_mixin.py:190} INFO - [2026-03-24T06:32:32.827+0000] {dag.py:3239} INFO - Sync 1 DAGs
[2026-03-24T06:32:32.837+0000] {logging_mixin.py:190} INFO - [2026-03-24T06:32:32.837+0000] {dag.py:4180} INFO - Setting next_dagrun for train_model_only to None, run_after=None
[2026-03-24T06:32:32.856+0000] {processor.py:208} INFO - Processing /home/ec2-user/environment/lab4_model_training/airflow_home/dags/train_model_dag.py took 1.515 seconds
[2026-03-24T06:33:39.188+0000] {processor.py:186} INFO - Started process (PID=7864) to work on /home/ec2-user/environment/lab4_model_training/airflow_home/dags/train_model_dag.py
[2026-03-24T06:33:39.189+0000] {processor.py:914} INFO - Processing file /home/ec2-user/environment/lab4_model_training/airflow_home/dags/train_model_dag.py for tasks to queue
[2026-03-24T06:33:39.191+0000] {logging_mixin.py:190} INFO - [2026-03-24T06:33:39.191+0000] {dagbag.py:588} INFO - Filling up the DagBag from /home/ec2-user/environment/lab4_model_training/airflow_home/dags/train_model_dag.py
[2026-03-24T06:33:40.182+0000] {processor.py:925} INFO - DAG(s) 'train_model_only' retrieved from /home/ec2-user/environment/lab4_model_training/airflow_home/dags/train_model_dag.py
[2026-03-24T06:33:40.191+0000] {logging_mixin.py:190} INFO - [2026-03-24T06:33:40.190+0000] {dag.py:3239} INFO - Sync 1 DAGs
[2026-03-24T06:33:40.200+0000] {logging_mixin.py:190} INFO - [2026-03-24T06:33:40.200+0000] {dag.py:4180} INFO - Setting next_dagrun for train_model_only to None, run_after=None
[2026-03-24T06:33:40.219+0000] {processor.py:208} INFO - Processing /home/ec2-user/environment/lab4_model_training/airflow_home/dags/train_model_dag.py took 1.036 seconds
[2026-03-24T06:34:39.381+0000] {processor.py:186} INFO - Started process (PID=8081) to work on /home/ec2-user/environment/lab4_model_training/airflow_home/dags/train_model_dag.py
[2026-03-24T06:34:39.382+0000] {processor.py:914} INFO - Processing file /home/ec2-user/environment/lab4_model_training/airflow_home/dags/train_model_dag.py for tasks to queue
[2026-03-24T06:34:39.384+0000] {logging_mixin.py:190} INFO - [2026-03-24T06:34:39.384+0000] {dagbag.py:588} INFO - Filling up the DagBag from /home/ec2-user/environment/lab4_model_training/airflow_home/dags/train_model_dag.py
[2026-03-24T06:34:40.394+0000] {processor.py:925} INFO - DAG(s) 'train_model_only' retrieved from /home/ec2-user/environment/lab4_model_training/airflow_home/dags/train_model_dag.py
[2026-03-24T06:34:40.403+0000] {logging_mixin.py:190} INFO - [2026-03-24T06:34:40.402+0000] {dag.py:3239} INFO - Sync 1 DAGs
[2026-03-24T06:34:40.413+0000] {logging_mixin.py:190} INFO - [2026-03-24T06:34:40.412+0000] {dag.py:4180} INFO - Setting next_dagrun for train_model_only to None, run_after=None
[2026-03-24T06:34:40.431+0000] {processor.py:208} INFO - Processing /home/ec2-user/environment/lab4_model_training/airflow_home/dags/train_model_dag.py took 1.055 seconds
[2026-03-24T06:35:44.313+0000] {processor.py:186} INFO - Started process (PID=8377) to work on /home/ec2-user/environment/lab4_model_training/airflow_home/dags/train_model_dag.py
[2026-03-24T06:35:44.314+0000] {processor.py:914} INFO - Processing file /home/ec2-user/environment/lab4_model_training/airflow_home/dags/train_model_dag.py for tasks to queue
[2026-03-24T06:35:44.316+0000] {logging_mixin.py:190} INFO - [2026-03-24T06:35:44.316+0000] {dagbag.py:588} INFO - Filling up the DagBag from /home/ec2-user/environment/lab4_model_training/airflow_home/dags/train_model_dag.py
[2026-03-24T06:35:45.343+0000] {processor.py:925} INFO - DAG(s) 'train_model_only' retrieved from /home/ec2-user/environment/lab4_model_training/airflow_home/dags/train_model_dag.py
[2026-03-24T06:35:45.352+0000] {logging_mixin.py:190} INFO - [2026-03-24T06:35:45.351+0000] {dag.py:3239} INFO - Sync 1 DAGs
[2026-03-24T06:35:45.361+0000] {logging_mixin.py:190} INFO - [2026-03-24T06:35:45.360+0000] {dag.py:4180} INFO - Setting next_dagrun for train_model_only to None, run_after=None
[2026-03-24T06:35:45.379+0000] {processor.py:208} INFO - Processing /home/ec2-user/environment/lab4_model_training/airflow_home/dags/train_model_dag.py took 1.071 seconds
[2026-03-24T06:36:48.422+0000] {processor.py:186} INFO - Started process (PID=8642) to work on /home/ec2-user/environment/lab4_model_training/airflow_home/dags/train_model_dag.py
[2026-03-24T06:36:48.423+0000] {processor.py:914} INFO - Processing file /home/ec2-user/environment/lab4_model_training/airflow_home/dags/train_model_dag.py for tasks to queue
[2026-03-24T06:36:48.425+0000] {logging_mixin.py:190} INFO - [2026-03-24T06:36:48.425+0000] {dagbag.py:588} INFO - Filling up the DagBag from /home/ec2-user/environment/lab4_model_training/airflow_home/dags/train_model_dag.py
[2026-03-24T06:36:49.952+0000] {processor.py:925} INFO - DAG(s) 'train_model_only' retrieved from /home/ec2-user/environment/lab4_model_training/airflow_home/dags/train_model_dag.py
[2026-03-24T06:36:49.960+0000] {logging_mixin.py:190} INFO - [2026-03-24T06:36:49.960+0000] {dag.py:3239} INFO - Sync 1 DAGs
[2026-03-24T06:36:49.969+0000] {logging_mixin.py:190} INFO - [2026-03-24T06:36:49.969+0000] {dag.py:4180} INFO - Setting next_dagrun for train_model_only to None, run_after=None
[2026-03-24T06:36:49.987+0000] {processor.py:208} INFO - Processing /home/ec2-user/environment/lab4_model_training/airflow_home/dags/train_model_dag.py took 1.570 seconds
[2026-03-24T06:37:57.173+0000] {processor.py:186} INFO - Started process (PID=9063) to work on /home/ec2-user/environment/lab4_model_training/airflow_home/dags/train_model_dag.py
[2026-03-24T06:37:57.175+0000] {processor.py:914} INFO - Processing file /home/ec2-user/environment/lab4_model_training/airflow_home/dags/train_model_dag.py for tasks to queue
[2026-03-24T06:37:57.177+0000] {logging_mixin.py:190} INFO - [2026-03-24T06:37:57.176+0000] {dagbag.py:588} INFO - Filling up the DagBag from /home/ec2-user/environment/lab4_model_training/airflow_home/dags/train_model_dag.py
[2026-03-24T06:37:58.255+0000] {processor.py:925} INFO - DAG(s) 'train_model_only' retrieved from /home/ec2-user/environment/lab4_model_training/airflow_home/dags/train_model_dag.py
[2026-03-24T06:37:58.266+0000] {logging_mixin.py:190} INFO - [2026-03-24T06:37:58.266+0000] {dag.py:3239} INFO - Sync 1 DAGs
[2026-03-24T06:37:58.281+0000] {logging_mixin.py:190} INFO - [2026-03-24T06:37:58.281+0000] {dag.py:4180} INFO - Setting next_dagrun for train_model_only to None, run_after=None
[2026-03-24T06:37:58.307+0000] {processor.py:208} INFO - Processing /home/ec2-user/environment/lab4_model_training/airflow_home/dags/train_model_dag.py took 1.138 seconds
[2026-03-24T06:39:06.165+0000] {processor.py:186} INFO - Started process (PID=9360) to work on /home/ec2-user/environment/lab4_model_training/airflow_home/dags/train_model_dag.py
[2026-03-24T06:39:06.166+0000] {processor.py:914} INFO - Processing file /home/ec2-user/environment/lab4_model_training/airflow_home/dags/train_model_dag.py for tasks to queue
[2026-03-24T06:39:06.168+0000] {logging_mixin.py:190} INFO - [2026-03-24T06:39:06.168+0000] {dagbag.py:588} INFO - Filling up the DagBag from /home/ec2-user/environment/lab4_model_training/airflow_home/dags/train_model_dag.py
[2026-03-24T06:39:07.148+0000] {processor.py:925} INFO - DAG(s) 'train_model_only' retrieved from /home/ec2-user/environment/lab4_model_training/airflow_home/dags/train_model_dag.py
[2026-03-24T06:39:07.157+0000] {logging_mixin.py:190} INFO - [2026-03-24T06:39:07.156+0000] {dag.py:3239} INFO - Sync 1 DAGs
[2026-03-24T06:39:07.166+0000] {logging_mixin.py:190} INFO - [2026-03-24T06:39:07.166+0000] {dag.py:4180} INFO - Setting next_dagrun for train_model_only to None, run_after=None
[2026-03-24T06:39:07.185+0000] {processor.py:208} INFO - Processing /home/ec2-user/environment/lab4_model_training/airflow_home/dags/train_model_dag.py took 1.025 seconds
[2026-03-24T06:40:15.036+0000] {processor.py:186} INFO - Started process (PID=9671) to work on /home/ec2-user/environment/lab4_model_training/airflow_home/dags/train_model_dag.py
[2026-03-24T06:40:15.038+0000] {processor.py:914} INFO - Processing file /home/ec2-user/environment/lab4_model_training/airflow_home/dags/train_model_dag.py for tasks to queue
[2026-03-24T06:40:15.040+0000] {logging_mixin.py:190} INFO - [2026-03-24T06:40:15.040+0000] {dagbag.py:588} INFO - Filling up the DagBag from /home/ec2-user/environment/lab4_model_training/airflow_home/dags/train_model_dag.py
[2026-03-24T06:40:16.040+0000] {processor.py:925} INFO - DAG(s) 'train_model_only' retrieved from /home/ec2-user/environment/lab4_model_training/airflow_home/dags/train_model_dag.py
[2026-03-24T06:40:16.048+0000] {logging_mixin.py:190} INFO - [2026-03-24T06:40:16.048+0000] {dag.py:3239} INFO - Sync 1 DAGs
[2026-03-24T06:40:16.057+0000] {logging_mixin.py:190} INFO - [2026-03-24T06:40:16.057+0000] {dag.py:4180} INFO - Setting next_dagrun for train_model_only to None, run_after=None
[2026-03-24T06:40:16.076+0000] {processor.py:208} INFO - Processing /home/ec2-user/environment/lab4_model_training/airflow_home/dags/train_model_dag.py took 1.044 seconds
[2026-03-24T06:41:22.235+0000] {processor.py:186} INFO - Started process (PID=9994) to work on /home/ec2-user/environment/lab4_model_training/airflow_home/dags/train_model_dag.py
[2026-03-24T06:41:22.236+0000] {processor.py:914} INFO - Processing file /home/ec2-user/environment/lab4_model_training/airflow_home/dags/train_model_dag.py for tasks to queue
[2026-03-24T06:41:22.238+0000] {logging_mixin.py:190} INFO - [2026-03-24T06:41:22.238+0000] {dagbag.py:588} INFO - Filling up the DagBag from /home/ec2-user/environment/lab4_model_training/airflow_home/dags/train_model_dag.py
[2026-03-24T06:41:23.239+0000] {processor.py:925} INFO - DAG(s) 'train_model_only' retrieved from /home/ec2-user/environment/lab4_model_training/airflow_home/dags/train_model_dag.py
[2026-03-24T06:41:23.248+0000] {logging_mixin.py:190} INFO - [2026-03-24T06:41:23.247+0000] {dag.py:3239} INFO - Sync 1 DAGs
[2026-03-24T06:41:23.257+0000] {logging_mixin.py:190} INFO - [2026-03-24T06:41:23.257+0000] {dag.py:4180} INFO - Setting next_dagrun for train_model_only to None, run_after=None
[2026-03-24T06:41:23.277+0000] {processor.py:208} INFO - Processing /home/ec2-user/environment/lab4_model_training/airflow_home/dags/train_model_dag.py took 1.047 seconds
[2026-03-24T06:42:32.703+0000] {processor.py:186} INFO - Started process (PID=10428) to work on /home/ec2-user/environment/lab4_model_training/airflow_home/dags/train_model_dag.py
[2026-03-24T06:42:32.704+0000] {processor.py:914} INFO - Processing file /home/ec2-user/environment/lab4_model_training/airflow_home/dags/train_model_dag.py for tasks to queue
[2026-03-24T06:42:32.706+0000] {logging_mixin.py:190} INFO - [2026-03-24T06:42:32.706+0000] {dagbag.py:588} INFO - Filling up the DagBag from /home/ec2-user/environment/lab4_model_training/airflow_home/dags/train_model_dag.py
[2026-03-24T06:42:33.937+0000] {processor.py:925} INFO - DAG(s) 'train_model_only' retrieved from /home/ec2-user/environment/lab4_model_training/airflow_home/dags/train_model_dag.py
[2026-03-24T06:42:33.951+0000] {logging_mixin.py:190} INFO - [2026-03-24T06:42:33.950+0000] {dag.py:3239} INFO - Sync 1 DAGs
[2026-03-24T06:42:33.965+0000] {logging_mixin.py:190} INFO - [2026-03-24T06:42:33.965+0000] {dag.py:4180} INFO - Setting next_dagrun for train_model_only to None, run_after=None
[2026-03-24T06:42:33.998+0000] {processor.py:208} INFO - Processing /home/ec2-user/environment/lab4_model_training/airflow_home/dags/train_model_dag.py took 1.299 seconds
[2026-03-24T06:43:36.481+0000] {processor.py:186} INFO - Started process (PID=10710) to work on /home/ec2-user/environment/lab4_model_training/airflow_home/dags/train_model_dag.py
[2026-03-24T06:43:36.482+0000] {processor.py:914} INFO - Processing file /home/ec2-user/environment/lab4_model_training/airflow_home/dags/train_model_dag.py for tasks to queue
[2026-03-24T06:43:36.484+0000] {logging_mixin.py:190} INFO - [2026-03-24T06:43:36.484+0000] {dagbag.py:588} INFO - Filling up the DagBag from /home/ec2-user/environment/lab4_model_training/airflow_home/dags/train_model_dag.py
[2026-03-24T06:43:37.532+0000] {processor.py:925} INFO - DAG(s) 'train_model_only' retrieved from /home/ec2-user/environment/lab4_model_training/airflow_home/dags/train_model_dag.py
[2026-03-24T06:43:37.541+0000] {logging_mixin.py:190} INFO - [2026-03-24T06:43:37.540+0000] {dag.py:3239} INFO - Sync 1 DAGs
[2026-03-24T06:43:37.550+0000] {logging_mixin.py:190} INFO - [2026-03-24T06:43:37.550+0000] {dag.py:4180} INFO - Setting next_dagrun for train_model_only to None, run_after=None
[2026-03-24T06:43:37.568+0000] {processor.py:208} INFO - Processing /home/ec2-user/environment/lab4_model_training/airflow_home/dags/train_model_dag.py took 1.094 seconds
[2026-03-24T06:44:43.523+0000] {processor.py:186} INFO - Started process (PID=11120) to work on /home/ec2-user/environment/lab4_model_training/airflow_home/dags/train_model_dag.py
[2026-03-24T06:44:43.524+0000] {processor.py:914} INFO - Processing file /home/ec2-user/environment/lab4_model_training/airflow_home/dags/train_model_dag.py for tasks to queue
[2026-03-24T06:44:43.527+0000] {logging_mixin.py:190} INFO - [2026-03-24T06:44:43.526+0000] {dagbag.py:588} INFO - Filling up the DagBag from /home/ec2-user/environment/lab4_model_training/airflow_home/dags/train_model_dag.py
[2026-03-24T06:44:44.590+0000] {processor.py:925} INFO - DAG(s) 'train_model_only' retrieved from /home/ec2-user/environment/lab4_model_training/airflow_home/dags/train_model_dag.py
[2026-03-24T06:44:44.606+0000] {logging_mixin.py:190} INFO - [2026-03-24T06:44:44.604+0000] {dag.py:3239} INFO - Sync 1 DAGs
[2026-03-24T06:44:44.627+0000] {logging_mixin.py:190} INFO - [2026-03-24T06:44:44.627+0000] {dag.py:4180} INFO - Setting next_dagrun for train_model_only to None, run_after=None
[2026-03-24T06:44:44.667+0000] {processor.py:208} INFO - Processing /home/ec2-user/environment/lab4_model_training/airflow_home/dags/train_model_dag.py took 1.148 seconds
[2026-03-24T06:45:51.819+0000] {processor.py:186} INFO - Started process (PID=11527) to work on /home/ec2-user/environment/lab4_model_training/airflow_home/dags/train_model_dag.py
[2026-03-24T06:45:51.821+0000] {processor.py:914} INFO - Processing file /home/ec2-user/environment/lab4_model_training/airflow_home/dags/train_model_dag.py for tasks to queue
[2026-03-24T06:45:51.823+0000] {logging_mixin.py:190} INFO - [2026-03-24T06:45:51.823+0000] {dagbag.py:588} INFO - Filling up the DagBag from /home/ec2-user/environment/lab4_model_training/airflow_home/dags/train_model_dag.py
[2026-03-24T06:45:52.832+0000] {processor.py:925} INFO - DAG(s) 'train_model_only' retrieved from /home/ec2-user/environment/lab4_model_training/airflow_home/dags/train_model_dag.py
[2026-03-24T06:45:52.841+0000] {logging_mixin.py:190} INFO - [2026-03-24T06:45:52.840+0000] {dag.py:3239} INFO - Sync 1 DAGs
[2026-03-24T06:45:52.851+0000] {logging_mixin.py:190} INFO - [2026-03-24T06:45:52.851+0000] {dag.py:4180} INFO - Setting next_dagrun for train_model_only to None, run_after=None
[2026-03-24T06:45:52.870+0000] {processor.py:208} INFO - Processing /home/ec2-user/environment/lab4_model_training/airflow_home/dags/train_model_dag.py took 1.055 seconds
[2026-03-24T06:47:16.723+0000] {processor.py:186} INFO - Started process (PID=11850) to work on /home/ec2-user/environment/lab4_model_training/airflow_home/dags/train_model_dag.py
[2026-03-24T06:47:16.724+0000] {processor.py:914} INFO - Processing file /home/ec2-user/environment/lab4_model_training/airflow_home/dags/train_model_dag.py for tasks to queue
[2026-03-24T06:47:16.726+0000] {logging_mixin.py:190} INFO - [2026-03-24T06:47:16.726+0000] {dagbag.py:588} INFO - Filling up the DagBag from /home/ec2-user/environment/lab4_model_training/airflow_home/dags/train_model_dag.py
[2026-03-24T06:47:17.741+0000] {processor.py:925} INFO - DAG(s) 'train_model_only' retrieved from /home/ec2-user/environment/lab4_model_training/airflow_home/dags/train_model_dag.py
[2026-03-24T06:47:17.749+0000] {logging_mixin.py:190} INFO - [2026-03-24T06:47:17.749+0000] {dag.py:3239} INFO - Sync 1 DAGs
[2026-03-24T06:47:17.760+0000] {logging_mixin.py:190} INFO - [2026-03-24T06:47:17.759+0000] {dag.py:4180} INFO - Setting next_dagrun for train_model_only to None, run_after=None
[2026-03-24T06:47:17.778+0000] {processor.py:208} INFO - Processing /home/ec2-user/environment/lab4_model_training/airflow_home/dags/train_model_dag.py took 1.059 seconds
[2026-03-24T06:48:23.660+0000] {processor.py:186} INFO - Started process (PID=12145) to work on /home/ec2-user/environment/lab4_model_training/airflow_home/dags/train_model_dag.py
[2026-03-24T06:48:23.662+0000] {processor.py:914} INFO - Processing file /home/ec2-user/environment/lab4_model_training/airflow_home/dags/train_model_dag.py for tasks to queue
[2026-03-24T06:48:23.664+0000] {logging_mixin.py:190} INFO - [2026-03-24T06:48:23.663+0000] {dagbag.py:588} INFO - Filling up the DagBag from /home/ec2-user/environment/lab4_model_training/airflow_home/dags/train_model_dag.py
[2026-03-24T06:48:24.663+0000] {processor.py:925} INFO - DAG(s) 'train_model_only' retrieved from /home/ec2-user/environment/lab4_model_training/airflow_home/dags/train_model_dag.py
[2026-03-24T06:48:24.672+0000] {logging_mixin.py:190} INFO - [2026-03-24T06:48:24.671+0000] {dag.py:3239} INFO - Sync 1 DAGs
[2026-03-24T06:48:24.680+0000] {logging_mixin.py:190} INFO - [2026-03-24T06:48:24.680+0000] {dag.py:4180} INFO - Setting next_dagrun for train_model_only to None, run_after=None
[2026-03-24T06:48:24.700+0000] {processor.py:208} INFO - Processing /home/ec2-user/environment/lab4_model_training/airflow_home/dags/train_model_dag.py took 1.044 seconds
[2026-03-24T06:49:28.220+0000] {processor.py:186} INFO - Started process (PID=12411) to work on /home/ec2-user/environment/lab4_model_training/airflow_home/dags/train_model_dag.py
[2026-03-24T06:49:28.222+0000] {processor.py:914} INFO - Processing file /home/ec2-user/environment/lab4_model_training/airflow_home/dags/train_model_dag.py for tasks to queue
[2026-03-24T06:49:28.224+0000] {logging_mixin.py:190} INFO - [2026-03-24T06:49:28.223+0000] {dagbag.py:588} INFO - Filling up the DagBag from /home/ec2-user/environment/lab4_model_training/airflow_home/dags/train_model_dag.py
[2026-03-24T06:49:29.195+0000] {processor.py:925} INFO - DAG(s) 'train_model_only' retrieved from /home/ec2-user/environment/lab4_model_training/airflow_home/dags/train_model_dag.py
[2026-03-24T06:49:29.204+0000] {logging_mixin.py:190} INFO - [2026-03-24T06:49:29.203+0000] {dag.py:3239} INFO - Sync 1 DAGs
[2026-03-24T06:49:29.212+0000] {logging_mixin.py:190} INFO - [2026-03-24T06:49:29.212+0000] {dag.py:4180} INFO - Setting next_dagrun for train_model_only to None, run_after=None
[2026-03-24T06:49:29.230+0000] {processor.py:208} INFO - Processing /home/ec2-user/environment/lab4_model_training/airflow_home/dags/train_model_dag.py took 1.014 seconds
[2026-03-24T06:50:36.439+0000] {processor.py:186} INFO - Started process (PID=12692) to work on /home/ec2-user/environment/lab4_model_training/airflow_home/dags/train_model_dag.py
[2026-03-24T06:50:36.440+0000] {processor.py:914} INFO - Processing file /home/ec2-user/environment/lab4_model_training/airflow_home/dags/train_model_dag.py for tasks to queue
[2026-03-24T06:50:36.442+0000] {logging_mixin.py:190} INFO - [2026-03-24T06:50:36.442+0000] {dagbag.py:588} INFO - Filling up the DagBag from /home/ec2-user/environment/lab4_model_training/airflow_home/dags/train_model_dag.py
[2026-03-24T06:50:37.462+0000] {processor.py:925} INFO - DAG(s) 'train_model_only' retrieved from /home/ec2-user/environment/lab4_model_training/airflow_home/dags/train_model_dag.py
[2026-03-24T06:50:37.471+0000] {logging_mixin.py:190} INFO - [2026-03-24T06:50:37.470+0000] {dag.py:3239} INFO - Sync 1 DAGs
[2026-03-24T06:50:37.481+0000] {logging_mixin.py:190} INFO - [2026-03-24T06:50:37.481+0000] {dag.py:4180} INFO - Setting next_dagrun for train_model_only to None, run_after=None
[2026-03-24T06:50:37.499+0000] {processor.py:208} INFO - Processing /home/ec2-user/environment/lab4_model_training/airflow_home/dags/train_model_dag.py took 1.064 seconds
[2026-03-24T06:51:45.493+0000] {processor.py:186} INFO - Started process (PID=12959) to work on /home/ec2-user/environment/lab4_model_training/airflow_home/dags/train_model_dag.py
[2026-03-24T06:51:45.494+0000] {processor.py:914} INFO - Processing file /home/ec2-user/environment/lab4_model_training/airflow_home/dags/train_model_dag.py for tasks to queue
[2026-03-24T06:51:45.496+0000] {logging_mixin.py:190} INFO - [2026-03-24T06:51:45.496+0000] {dagbag.py:588} INFO - Filling up the DagBag from /home/ec2-user/environment/lab4_model_training/airflow_home/dags/train_model_dag.py
[2026-03-24T06:51:46.723+0000] {logging_mixin.py:190} INFO - [2026-03-24T06:51:46.722+0000] {dagbag.py:387} ERROR - Failed to import: /home/ec2-user/environment/lab4_model_training/airflow_home/dags/train_model_dag.py
Traceback (most recent call last):
  File "/home/ec2-user/environment/lab4_model_training/venv/lib64/python3.12/site-packages/airflow/models/dagbag.py", line 383, in parse
    loader.exec_module(new_module)
  File "<frozen importlib._bootstrap_external>", line 999, in exec_module
  File "<frozen importlib._bootstrap>", line 488, in _call_with_frames_removed
  File "/home/ec2-user/environment/lab4_model_training/airflow_home/dags/train_model_dag.py", line 10, in <module>
    from ml_pipeline.model import train_model
  File "/home/ec2-user/environment/lab4_model_training/airflow_home/dags/../src/ml_pipeline/model.py", line 49
    json.dump({"accuracy": f"{acc.2%}"}, f, indent=4)
                              ^^^^^
SyntaxError: invalid syntax. Perhaps you forgot a comma?
[2026-03-24T06:51:46.724+0000] {processor.py:927} WARNING - No viable dags retrieved from /home/ec2-user/environment/lab4_model_training/airflow_home/dags/train_model_dag.py
[2026-03-24T06:51:46.737+0000] {processor.py:208} INFO - Processing /home/ec2-user/environment/lab4_model_training/airflow_home/dags/train_model_dag.py took 1.248 seconds
[2026-03-24T06:52:52.839+0000] {processor.py:186} INFO - Started process (PID=13332) to work on /home/ec2-user/environment/lab4_model_training/airflow_home/dags/train_model_dag.py
[2026-03-24T06:52:52.840+0000] {processor.py:914} INFO - Processing file /home/ec2-user/environment/lab4_model_training/airflow_home/dags/train_model_dag.py for tasks to queue
[2026-03-24T06:52:52.841+0000] {logging_mixin.py:190} INFO - [2026-03-24T06:52:52.841+0000] {dagbag.py:588} INFO - Filling up the DagBag from /home/ec2-user/environment/lab4_model_training/airflow_home/dags/train_model_dag.py
[2026-03-24T06:52:54.011+0000] {processor.py:925} INFO - DAG(s) 'train_model_only' retrieved from /home/ec2-user/environment/lab4_model_training/airflow_home/dags/train_model_dag.py
[2026-03-24T06:52:54.133+0000] {logging_mixin.py:190} INFO - [2026-03-24T06:52:54.132+0000] {dag.py:3239} INFO - Sync 1 DAGs
[2026-03-24T06:52:54.145+0000] {logging_mixin.py:190} INFO - [2026-03-24T06:52:54.145+0000] {dag.py:4180} INFO - Setting next_dagrun for train_model_only to None, run_after=None
[2026-03-24T06:52:54.182+0000] {processor.py:208} INFO - Processing /home/ec2-user/environment/lab4_model_training/airflow_home/dags/train_model_dag.py took 1.348 seconds
[2026-03-24T06:54:12.718+0000] {processor.py:186} INFO - Started process (PID=13715) to work on /home/ec2-user/environment/lab4_model_training/airflow_home/dags/train_model_dag.py
[2026-03-24T06:54:12.719+0000] {processor.py:914} INFO - Processing file /home/ec2-user/environment/lab4_model_training/airflow_home/dags/train_model_dag.py for tasks to queue
[2026-03-24T06:54:12.720+0000] {logging_mixin.py:190} INFO - [2026-03-24T06:54:12.720+0000] {dagbag.py:588} INFO - Filling up the DagBag from /home/ec2-user/environment/lab4_model_training/airflow_home/dags/train_model_dag.py
[2026-03-24T06:54:13.725+0000] {processor.py:925} INFO - DAG(s) 'train_model_only' retrieved from /home/ec2-user/environment/lab4_model_training/airflow_home/dags/train_model_dag.py
[2026-03-24T06:54:13.733+0000] {logging_mixin.py:190} INFO - [2026-03-24T06:54:13.733+0000] {dag.py:3239} INFO - Sync 1 DAGs
[2026-03-24T06:54:13.742+0000] {logging_mixin.py:190} INFO - [2026-03-24T06:54:13.742+0000] {dag.py:4180} INFO - Setting next_dagrun for train_model_only to None, run_after=None
[2026-03-24T06:54:13.759+0000] {processor.py:208} INFO - Processing /home/ec2-user/environment/lab4_model_training/airflow_home/dags/train_model_dag.py took 1.046 seconds
[2026-03-24T06:55:20.160+0000] {processor.py:186} INFO - Started process (PID=13969) to work on /home/ec2-user/environment/lab4_model_training/airflow_home/dags/train_model_dag.py
[2026-03-24T06:55:20.161+0000] {processor.py:914} INFO - Processing file /home/ec2-user/environment/lab4_model_training/airflow_home/dags/train_model_dag.py for tasks to queue
[2026-03-24T06:55:20.162+0000] {logging_mixin.py:190} INFO - [2026-03-24T06:55:20.162+0000] {dagbag.py:588} INFO - Filling up the DagBag from /home/ec2-user/environment/lab4_model_training/airflow_home/dags/train_model_dag.py
[2026-03-24T06:55:21.119+0000] {processor.py:925} INFO - DAG(s) 'train_model_only' retrieved from /home/ec2-user/environment/lab4_model_training/airflow_home/dags/train_model_dag.py
[2026-03-24T06:55:21.128+0000] {logging_mixin.py:190} INFO - [2026-03-24T06:55:21.127+0000] {dag.py:3239} INFO - Sync 1 DAGs
[2026-03-24T06:55:21.138+0000] {logging_mixin.py:190} INFO - [2026-03-24T06:55:21.138+0000] {dag.py:4180} INFO - Setting next_dagrun for train_model_only to None, run_after=None
[2026-03-24T06:55:21.156+0000] {processor.py:208} INFO - Processing /home/ec2-user/environment/lab4_model_training/airflow_home/dags/train_model_dag.py took 1.001 seconds
[2026-03-24T06:56:48.667+0000] {processor.py:186} INFO - Started process (PID=14366) to work on /home/ec2-user/environment/lab4_model_training/airflow_home/dags/train_model_dag.py
[2026-03-24T06:56:48.669+0000] {processor.py:914} INFO - Processing file /home/ec2-user/environment/lab4_model_training/airflow_home/dags/train_model_dag.py for tasks to queue
[2026-03-24T06:56:48.670+0000] {logging_mixin.py:190} INFO - [2026-03-24T06:56:48.669+0000] {dagbag.py:588} INFO - Filling up the DagBag from /home/ec2-user/environment/lab4_model_training/airflow_home/dags/train_model_dag.py
[2026-03-24T06:56:49.675+0000] {processor.py:925} INFO - DAG(s) 'train_model_only' retrieved from /home/ec2-user/environment/lab4_model_training/airflow_home/dags/train_model_dag.py
[2026-03-24T06:56:49.683+0000] {logging_mixin.py:190} INFO - [2026-03-24T06:56:49.682+0000] {dag.py:3239} INFO - Sync 1 DAGs
[2026-03-24T06:56:49.692+0000] {logging_mixin.py:190} INFO - [2026-03-24T06:56:49.692+0000] {dag.py:4180} INFO - Setting next_dagrun for train_model_only to None, run_after=None
[2026-03-24T06:56:49.712+0000] {processor.py:208} INFO - Processing /home/ec2-user/environment/lab4_model_training/airflow_home/dags/train_model_dag.py took 1.049 seconds
[2026-03-24T06:58:02.881+0000] {processor.py:186} INFO - Started process (PID=14723) to work on /home/ec2-user/environment/lab4_model_training/airflow_home/dags/train_model_dag.py
[2026-03-24T06:58:02.882+0000] {processor.py:914} INFO - Processing file /home/ec2-user/environment/lab4_model_training/airflow_home/dags/train_model_dag.py for tasks to queue
[2026-03-24T06:58:02.884+0000] {logging_mixin.py:190} INFO - [2026-03-24T06:58:02.883+0000] {dagbag.py:588} INFO - Filling up the DagBag from /home/ec2-user/environment/lab4_model_training/airflow_home/dags/train_model_dag.py
[2026-03-24T06:58:03.897+0000] {processor.py:925} INFO - DAG(s) 'train_model_only' retrieved from /home/ec2-user/environment/lab4_model_training/airflow_home/dags/train_model_dag.py
[2026-03-24T06:58:03.905+0000] {logging_mixin.py:190} INFO - [2026-03-24T06:58:03.905+0000] {dag.py:3239} INFO - Sync 1 DAGs
[2026-03-24T06:58:03.915+0000] {logging_mixin.py:190} INFO - [2026-03-24T06:58:03.914+0000] {dag.py:4180} INFO - Setting next_dagrun for train_model_only to None, run_after=None
[2026-03-24T06:58:03.932+0000] {processor.py:208} INFO - Processing /home/ec2-user/environment/lab4_model_training/airflow_home/dags/train_model_dag.py took 1.056 seconds
[2026-03-24T06:59:05.444+0000] {processor.py:186} INFO - Started process (PID=14977) to work on /home/ec2-user/environment/lab4_model_training/airflow_home/dags/train_model_dag.py
[2026-03-24T06:59:05.445+0000] {processor.py:914} INFO - Processing file /home/ec2-user/environment/lab4_model_training/airflow_home/dags/train_model_dag.py for tasks to queue
[2026-03-24T06:59:05.446+0000] {logging_mixin.py:190} INFO - [2026-03-24T06:59:05.446+0000] {dagbag.py:588} INFO - Filling up the DagBag from /home/ec2-user/environment/lab4_model_training/airflow_home/dags/train_model_dag.py
[2026-03-24T06:59:06.441+0000] {processor.py:925} INFO - DAG(s) 'train_model_only' retrieved from /home/ec2-user/environment/lab4_model_training/airflow_home/dags/train_model_dag.py
[2026-03-24T06:59:06.450+0000] {logging_mixin.py:190} INFO - [2026-03-24T06:59:06.449+0000] {dag.py:3239} INFO - Sync 1 DAGs
[2026-03-24T06:59:06.459+0000] {logging_mixin.py:190} INFO - [2026-03-24T06:59:06.459+0000] {dag.py:4180} INFO - Setting next_dagrun for train_model_only to None, run_after=None
[2026-03-24T06:59:06.477+0000] {processor.py:208} INFO - Processing /home/ec2-user/environment/lab4_model_training/airflow_home/dags/train_model_dag.py took 1.039 seconds
[2026-03-24T07:00:33.341+0000] {processor.py:186} INFO - Started process (PID=15404) to work on /home/ec2-user/environment/lab4_model_training/airflow_home/dags/train_model_dag.py
[2026-03-24T07:00:33.342+0000] {processor.py:914} INFO - Processing file /home/ec2-user/environment/lab4_model_training/airflow_home/dags/train_model_dag.py for tasks to queue
[2026-03-24T07:00:33.344+0000] {logging_mixin.py:190} INFO - [2026-03-24T07:00:33.343+0000] {dagbag.py:588} INFO - Filling up the DagBag from /home/ec2-user/environment/lab4_model_training/airflow_home/dags/train_model_dag.py
[2026-03-24T07:00:34.371+0000] {processor.py:925} INFO - DAG(s) 'train_model_only' retrieved from /home/ec2-user/environment/lab4_model_training/airflow_home/dags/train_model_dag.py
[2026-03-24T07:00:34.379+0000] {logging_mixin.py:190} INFO - [2026-03-24T07:00:34.379+0000] {dag.py:3239} INFO - Sync 1 DAGs
[2026-03-24T07:00:34.388+0000] {logging_mixin.py:190} INFO - [2026-03-24T07:00:34.388+0000] {dag.py:4180} INFO - Setting next_dagrun for train_model_only to None, run_after=None
[2026-03-24T07:00:34.406+0000] {processor.py:208} INFO - Processing /home/ec2-user/environment/lab4_model_training/airflow_home/dags/train_model_dag.py took 1.070 seconds
